[1] "Starting sampling."
Running MCMC with 4 parallel chains, with 4 thread(s) per chain...

Chain 1 Iteration:    1 / 6000 [  0%]  (Warmup) 
Chain 2 Iteration:    1 / 6000 [  0%]  (Warmup) 
Chain 3 Iteration:    1 / 6000 [  0%]  (Warmup) 
Chain 4 Iteration:    1 / 6000 [  0%]  (Warmup) 
Chain 2 Iteration:  100 / 6000 [  1%]  (Warmup) 
Chain 1 Iteration:  100 / 6000 [  1%]  (Warmup) 
Chain 4 Iteration:  100 / 6000 [  1%]  (Warmup) 
Chain 2 Iteration:  200 / 6000 [  3%]  (Warmup) 
Chain 3 Iteration:  100 / 6000 [  1%]  (Warmup) 
Chain 1 Iteration:  200 / 6000 [  3%]  (Warmup) 
Chain 4 Iteration:  200 / 6000 [  3%]  (Warmup) 
Chain 2 Iteration:  300 / 6000 [  5%]  (Warmup) 
Chain 3 Iteration:  200 / 6000 [  3%]  (Warmup) 
Chain 1 Iteration:  300 / 6000 [  5%]  (Warmup) 
Chain 4 Iteration:  300 / 6000 [  5%]  (Warmup) 
Chain 2 Iteration:  400 / 6000 [  6%]  (Warmup) 
Chain 1 Iteration:  400 / 6000 [  6%]  (Warmup) 
Chain 3 Iteration:  300 / 6000 [  5%]  (Warmup) 
Chain 4 Iteration:  400 / 6000 [  6%]  (Warmup) 
Chain 2 Iteration:  500 / 6000 [  8%]  (Warmup) 
Chain 3 Iteration:  400 / 6000 [  6%]  (Warmup) 
Chain 1 Iteration:  500 / 6000 [  8%]  (Warmup) 
Chain 2 Iteration:  600 / 6000 [ 10%]  (Warmup) 
Chain 4 Iteration:  500 / 6000 [  8%]  (Warmup) 
Chain 1 Iteration:  600 / 6000 [ 10%]  (Warmup) 
Chain 3 Iteration:  500 / 6000 [  8%]  (Warmup) 
Chain 2 Iteration:  700 / 6000 [ 11%]  (Warmup) 
Chain 4 Iteration:  600 / 6000 [ 10%]  (Warmup) 
Chain 1 Iteration:  700 / 6000 [ 11%]  (Warmup) 
Chain 3 Iteration:  600 / 6000 [ 10%]  (Warmup) 
Chain 2 Iteration:  800 / 6000 [ 13%]  (Warmup) 
Chain 4 Iteration:  700 / 6000 [ 11%]  (Warmup) 
Chain 1 Iteration:  800 / 6000 [ 13%]  (Warmup) 
Chain 3 Iteration:  700 / 6000 [ 11%]  (Warmup) 
Chain 2 Iteration:  900 / 6000 [ 15%]  (Warmup) 
Chain 4 Iteration:  800 / 6000 [ 13%]  (Warmup) 
Chain 1 Iteration:  900 / 6000 [ 15%]  (Warmup) 
Chain 3 Iteration:  800 / 6000 [ 13%]  (Warmup) 
Chain 2 Iteration: 1000 / 6000 [ 16%]  (Warmup) 
Chain 2 Iteration: 1001 / 6000 [ 16%]  (Sampling) 
Chain 1 Iteration: 1000 / 6000 [ 16%]  (Warmup) 
Chain 1 Iteration: 1001 / 6000 [ 16%]  (Sampling) 
Chain 4 Iteration:  900 / 6000 [ 15%]  (Warmup) 
Chain 3 Iteration:  900 / 6000 [ 15%]  (Warmup) 
Chain 1 Iteration: 1100 / 6000 [ 18%]  (Sampling) 
Chain 2 Iteration: 1100 / 6000 [ 18%]  (Sampling) 
Chain 4 Iteration: 1000 / 6000 [ 16%]  (Warmup) 
Chain 4 Iteration: 1001 / 6000 [ 16%]  (Sampling) 
Chain 1 Iteration: 1200 / 6000 [ 20%]  (Sampling) 
Chain 3 Iteration: 1000 / 6000 [ 16%]  (Warmup) 
Chain 3 Iteration: 1001 / 6000 [ 16%]  (Sampling) 
Chain 1 Iteration: 1300 / 6000 [ 21%]  (Sampling) 
Chain 2 Iteration: 1200 / 6000 [ 20%]  (Sampling) 
Chain 4 Iteration: 1100 / 6000 [ 18%]  (Sampling) 
Chain 1 Iteration: 1400 / 6000 [ 23%]  (Sampling) 
Chain 3 Iteration: 1100 / 6000 [ 18%]  (Sampling) 
Chain 1 Iteration: 1500 / 6000 [ 25%]  (Sampling) 
Chain 2 Iteration: 1300 / 6000 [ 21%]  (Sampling) 
Chain 4 Iteration: 1200 / 6000 [ 20%]  (Sampling) 
Chain 1 Iteration: 1600 / 6000 [ 26%]  (Sampling) 
Chain 3 Iteration: 1200 / 6000 [ 20%]  (Sampling) 
Chain 1 Iteration: 1700 / 6000 [ 28%]  (Sampling) 
Chain 4 Iteration: 1300 / 6000 [ 21%]  (Sampling) 
Chain 2 Iteration: 1400 / 6000 [ 23%]  (Sampling) 
Chain 1 Iteration: 1800 / 6000 [ 30%]  (Sampling) 
Chain 3 Iteration: 1300 / 6000 [ 21%]  (Sampling) 
Chain 1 Iteration: 1900 / 6000 [ 31%]  (Sampling) 
Chain 4 Iteration: 1400 / 6000 [ 23%]  (Sampling) 
Chain 2 Iteration: 1500 / 6000 [ 25%]  (Sampling) 
Chain 1 Iteration: 2000 / 6000 [ 33%]  (Sampling) 
Chain 3 Iteration: 1400 / 6000 [ 23%]  (Sampling) 
Chain 1 Iteration: 2100 / 6000 [ 35%]  (Sampling) 
Chain 4 Iteration: 1500 / 6000 [ 25%]  (Sampling) 
Chain 2 Iteration: 1600 / 6000 [ 26%]  (Sampling) 
Chain 1 Iteration: 2200 / 6000 [ 36%]  (Sampling) 
Chain 3 Iteration: 1500 / 6000 [ 25%]  (Sampling) 
Chain 1 Iteration: 2300 / 6000 [ 38%]  (Sampling) 
Chain 4 Iteration: 1600 / 6000 [ 26%]  (Sampling) 
Chain 2 Iteration: 1700 / 6000 [ 28%]  (Sampling) 
Chain 1 Iteration: 2400 / 6000 [ 40%]  (Sampling) 
Chain 3 Iteration: 1600 / 6000 [ 26%]  (Sampling) 
Chain 1 Iteration: 2500 / 6000 [ 41%]  (Sampling) 
Chain 4 Iteration: 1700 / 6000 [ 28%]  (Sampling) 
Chain 2 Iteration: 1800 / 6000 [ 30%]  (Sampling) 
Chain 1 Iteration: 2600 / 6000 [ 43%]  (Sampling) 
Chain 3 Iteration: 1700 / 6000 [ 28%]  (Sampling) 
Chain 1 Iteration: 2700 / 6000 [ 45%]  (Sampling) 
Chain 4 Iteration: 1800 / 6000 [ 30%]  (Sampling) 
Chain 2 Iteration: 1900 / 6000 [ 31%]  (Sampling) 
Chain 1 Iteration: 2800 / 6000 [ 46%]  (Sampling) 
Chain 3 Iteration: 1800 / 6000 [ 30%]  (Sampling) 
Chain 1 Iteration: 2900 / 6000 [ 48%]  (Sampling) 
Chain 4 Iteration: 1900 / 6000 [ 31%]  (Sampling) 
Chain 2 Iteration: 2000 / 6000 [ 33%]  (Sampling) 
Chain 1 Iteration: 3000 / 6000 [ 50%]  (Sampling) 
Chain 3 Iteration: 1900 / 6000 [ 31%]  (Sampling) 
Chain 1 Iteration: 3100 / 6000 [ 51%]  (Sampling) 
Chain 4 Iteration: 2000 / 6000 [ 33%]  (Sampling) 
Chain 2 Iteration: 2100 / 6000 [ 35%]  (Sampling) 
Chain 1 Iteration: 3200 / 6000 [ 53%]  (Sampling) 
Chain 3 Iteration: 2000 / 6000 [ 33%]  (Sampling) 
Chain 1 Iteration: 3300 / 6000 [ 55%]  (Sampling) 
Chain 4 Iteration: 2100 / 6000 [ 35%]  (Sampling) 
Chain 2 Iteration: 2200 / 6000 [ 36%]  (Sampling) 
Chain 1 Iteration: 3400 / 6000 [ 56%]  (Sampling) 
Chain 3 Iteration: 2100 / 6000 [ 35%]  (Sampling) 
Chain 1 Iteration: 3500 / 6000 [ 58%]  (Sampling) 
Chain 4 Iteration: 2200 / 6000 [ 36%]  (Sampling) 
Chain 2 Iteration: 2300 / 6000 [ 38%]  (Sampling) 
Chain 1 Iteration: 3600 / 6000 [ 60%]  (Sampling) 
Chain 3 Iteration: 2200 / 6000 [ 36%]  (Sampling) 
Chain 1 Iteration: 3700 / 6000 [ 61%]  (Sampling) 
Chain 4 Iteration: 2300 / 6000 [ 38%]  (Sampling) 
Chain 2 Iteration: 2400 / 6000 [ 40%]  (Sampling) 
Chain 1 Iteration: 3800 / 6000 [ 63%]  (Sampling) 
Chain 3 Iteration: 2300 / 6000 [ 38%]  (Sampling) 
Chain 1 Iteration: 3900 / 6000 [ 65%]  (Sampling) 
Chain 4 Iteration: 2400 / 6000 [ 40%]  (Sampling) 
Chain 2 Iteration: 2500 / 6000 [ 41%]  (Sampling) 
Chain 1 Iteration: 4000 / 6000 [ 66%]  (Sampling) 
Chain 3 Iteration: 2400 / 6000 [ 40%]  (Sampling) 
Chain 1 Iteration: 4100 / 6000 [ 68%]  (Sampling) 
Chain 4 Iteration: 2500 / 6000 [ 41%]  (Sampling) 
Chain 2 Iteration: 2600 / 6000 [ 43%]  (Sampling) 
Chain 1 Iteration: 4200 / 6000 [ 70%]  (Sampling) 
Chain 3 Iteration: 2500 / 6000 [ 41%]  (Sampling) 
Chain 1 Iteration: 4300 / 6000 [ 71%]  (Sampling) 
Chain 4 Iteration: 2600 / 6000 [ 43%]  (Sampling) 
Chain 2 Iteration: 2700 / 6000 [ 45%]  (Sampling) 
Chain 1 Iteration: 4400 / 6000 [ 73%]  (Sampling) 
Chain 3 Iteration: 2600 / 6000 [ 43%]  (Sampling) 
Chain 1 Iteration: 4500 / 6000 [ 75%]  (Sampling) 
Chain 4 Iteration: 2700 / 6000 [ 45%]  (Sampling) 
Chain 2 Iteration: 2800 / 6000 [ 46%]  (Sampling) 
Chain 1 Iteration: 4600 / 6000 [ 76%]  (Sampling) 
Chain 3 Iteration: 2700 / 6000 [ 45%]  (Sampling) 
Chain 1 Iteration: 4700 / 6000 [ 78%]  (Sampling) 
Chain 4 Iteration: 2800 / 6000 [ 46%]  (Sampling) 
Chain 2 Iteration: 2900 / 6000 [ 48%]  (Sampling) 
Chain 1 Iteration: 4800 / 6000 [ 80%]  (Sampling) 
Chain 3 Iteration: 2800 / 6000 [ 46%]  (Sampling) 
Chain 1 Iteration: 4900 / 6000 [ 81%]  (Sampling) 
Chain 4 Iteration: 2900 / 6000 [ 48%]  (Sampling) 
Chain 2 Iteration: 3000 / 6000 [ 50%]  (Sampling) 
Chain 1 Iteration: 5000 / 6000 [ 83%]  (Sampling) 
Chain 3 Iteration: 2900 / 6000 [ 48%]  (Sampling) 
Chain 1 Iteration: 5100 / 6000 [ 85%]  (Sampling) 
Chain 4 Iteration: 3000 / 6000 [ 50%]  (Sampling) 
Chain 2 Iteration: 3100 / 6000 [ 51%]  (Sampling) 
Chain 1 Iteration: 5200 / 6000 [ 86%]  (Sampling) 
Chain 3 Iteration: 3000 / 6000 [ 50%]  (Sampling) 
Chain 1 Iteration: 5300 / 6000 [ 88%]  (Sampling) 
Chain 4 Iteration: 3100 / 6000 [ 51%]  (Sampling) 
Chain 2 Iteration: 3200 / 6000 [ 53%]  (Sampling) 
Chain 1 Iteration: 5400 / 6000 [ 90%]  (Sampling) 
Chain 3 Iteration: 3100 / 6000 [ 51%]  (Sampling) 
Chain 1 Iteration: 5500 / 6000 [ 91%]  (Sampling) 
Chain 4 Iteration: 3200 / 6000 [ 53%]  (Sampling) 
Chain 2 Iteration: 3300 / 6000 [ 55%]  (Sampling) 
Chain 1 Iteration: 5600 / 6000 [ 93%]  (Sampling) 
Chain 3 Iteration: 3200 / 6000 [ 53%]  (Sampling) 
Chain 1 Iteration: 5700 / 6000 [ 95%]  (Sampling) 
Chain 4 Iteration: 3300 / 6000 [ 55%]  (Sampling) 
Chain 2 Iteration: 3400 / 6000 [ 56%]  (Sampling) 
Chain 1 Iteration: 5800 / 6000 [ 96%]  (Sampling) 
Chain 3 Iteration: 3300 / 6000 [ 55%]  (Sampling) 
Chain 1 Iteration: 5900 / 6000 [ 98%]  (Sampling) 
Chain 4 Iteration: 3400 / 6000 [ 56%]  (Sampling) 
Chain 2 Iteration: 3500 / 6000 [ 58%]  (Sampling) 
Chain 1 Iteration: 6000 / 6000 [100%]  (Sampling) 
Chain 1 finished in 1481.9 seconds.
Chain 3 Iteration: 3400 / 6000 [ 56%]  (Sampling) 
Chain 4 Iteration: 3500 / 6000 [ 58%]  (Sampling) 
Chain 2 Iteration: 3600 / 6000 [ 60%]  (Sampling) 
Chain 3 Iteration: 3500 / 6000 [ 58%]  (Sampling) 
Chain 4 Iteration: 3600 / 6000 [ 60%]  (Sampling) 
Chain 2 Iteration: 3700 / 6000 [ 61%]  (Sampling) 
Chain 3 Iteration: 3600 / 6000 [ 60%]  (Sampling) 
Chain 4 Iteration: 3700 / 6000 [ 61%]  (Sampling) 
Chain 2 Iteration: 3800 / 6000 [ 63%]  (Sampling) 
Chain 3 Iteration: 3700 / 6000 [ 61%]  (Sampling) 
Chain 4 Iteration: 3800 / 6000 [ 63%]  (Sampling) 
Chain 2 Iteration: 3900 / 6000 [ 65%]  (Sampling) 
Chain 3 Iteration: 3800 / 6000 [ 63%]  (Sampling) 
Chain 4 Iteration: 3900 / 6000 [ 65%]  (Sampling) 
Chain 2 Iteration: 4000 / 6000 [ 66%]  (Sampling) 
Chain 3 Iteration: 3900 / 6000 [ 65%]  (Sampling) 
Chain 4 Iteration: 4000 / 6000 [ 66%]  (Sampling) 
Chain 2 Iteration: 4100 / 6000 [ 68%]  (Sampling) 
Chain 3 Iteration: 4000 / 6000 [ 66%]  (Sampling) 
Chain 4 Iteration: 4100 / 6000 [ 68%]  (Sampling) 
Chain 2 Iteration: 4200 / 6000 [ 70%]  (Sampling) 
Chain 3 Iteration: 4100 / 6000 [ 68%]  (Sampling) 
Chain 4 Iteration: 4200 / 6000 [ 70%]  (Sampling) 
Chain 2 Iteration: 4300 / 6000 [ 71%]  (Sampling) 
Chain 3 Iteration: 4200 / 6000 [ 70%]  (Sampling) 
Chain 4 Iteration: 4300 / 6000 [ 71%]  (Sampling) 
Chain 2 Iteration: 4400 / 6000 [ 73%]  (Sampling) 
Chain 3 Iteration: 4300 / 6000 [ 71%]  (Sampling) 
Chain 4 Iteration: 4400 / 6000 [ 73%]  (Sampling) 
Chain 2 Iteration: 4500 / 6000 [ 75%]  (Sampling) 
Chain 3 Iteration: 4400 / 6000 [ 73%]  (Sampling) 
Chain 4 Iteration: 4500 / 6000 [ 75%]  (Sampling) 
Chain 2 Iteration: 4600 / 6000 [ 76%]  (Sampling) 
Chain 3 Iteration: 4500 / 6000 [ 75%]  (Sampling) 
Chain 4 Iteration: 4600 / 6000 [ 76%]  (Sampling) 
Chain 2 Iteration: 4700 / 6000 [ 78%]  (Sampling) 
Chain 3 Iteration: 4600 / 6000 [ 76%]  (Sampling) 
Chain 4 Iteration: 4700 / 6000 [ 78%]  (Sampling) 
Chain 2 Iteration: 4800 / 6000 [ 80%]  (Sampling) 
Chain 3 Iteration: 4700 / 6000 [ 78%]  (Sampling) 
Chain 4 Iteration: 4800 / 6000 [ 80%]  (Sampling) 
Chain 2 Iteration: 4900 / 6000 [ 81%]  (Sampling) 
Chain 3 Iteration: 4800 / 6000 [ 80%]  (Sampling) 
Chain 4 Iteration: 4900 / 6000 [ 81%]  (Sampling) 
Chain 2 Iteration: 5000 / 6000 [ 83%]  (Sampling) 
Chain 3 Iteration: 4900 / 6000 [ 81%]  (Sampling) 
Chain 4 Iteration: 5000 / 6000 [ 83%]  (Sampling) 
Chain 2 Iteration: 5100 / 6000 [ 85%]  (Sampling) 
Chain 3 Iteration: 5000 / 6000 [ 83%]  (Sampling) 
Chain 4 Iteration: 5100 / 6000 [ 85%]  (Sampling) 
Chain 2 Iteration: 5200 / 6000 [ 86%]  (Sampling) 
Chain 3 Iteration: 5100 / 6000 [ 85%]  (Sampling) 
Chain 4 Iteration: 5200 / 6000 [ 86%]  (Sampling) 
Chain 2 Iteration: 5300 / 6000 [ 88%]  (Sampling) 
Chain 3 Iteration: 5200 / 6000 [ 86%]  (Sampling) 
Chain 4 Iteration: 5300 / 6000 [ 88%]  (Sampling) 
Chain 2 Iteration: 5400 / 6000 [ 90%]  (Sampling) 
Chain 3 Iteration: 5300 / 6000 [ 88%]  (Sampling) 
Chain 4 Iteration: 5400 / 6000 [ 90%]  (Sampling) 
Chain 2 Iteration: 5500 / 6000 [ 91%]  (Sampling) 
Chain 3 Iteration: 5400 / 6000 [ 90%]  (Sampling) 
Chain 4 Iteration: 5500 / 6000 [ 91%]  (Sampling) 
Chain 2 Iteration: 5600 / 6000 [ 93%]  (Sampling) 
Chain 3 Iteration: 5500 / 6000 [ 91%]  (Sampling) 
Chain 4 Iteration: 5600 / 6000 [ 93%]  (Sampling) 
Chain 2 Iteration: 5700 / 6000 [ 95%]  (Sampling) 
Chain 3 Iteration: 5600 / 6000 [ 93%]  (Sampling) 
Chain 4 Iteration: 5700 / 6000 [ 95%]  (Sampling) 
Chain 2 Iteration: 5800 / 6000 [ 96%]  (Sampling) 
Chain 3 Iteration: 5700 / 6000 [ 95%]  (Sampling) 
Chain 4 Iteration: 5800 / 6000 [ 96%]  (Sampling) 
Chain 2 Iteration: 5900 / 6000 [ 98%]  (Sampling) 
Chain 3 Iteration: 5800 / 6000 [ 96%]  (Sampling) 
Chain 4 Iteration: 5900 / 6000 [ 98%]  (Sampling) 
Chain 2 Iteration: 6000 / 6000 [100%]  (Sampling) 
Chain 2 finished in 2493.5 seconds.
Chain 3 Iteration: 5900 / 6000 [ 98%]  (Sampling) 
Chain 4 Iteration: 6000 / 6000 [100%]  (Sampling) 
Chain 4 finished in 2531.6 seconds.
Chain 3 Iteration: 6000 / 6000 [100%]  (Sampling) 
Chain 3 finished in 2546.2 seconds.

All 4 chains finished successfully.
Mean chain execution time: 2263.3 seconds.
Total execution time: 2546.5 seconds.

[1] "Processing draws 1 to 100"
[1] "Chunk time = 39.3400614261627"
[1] "Processing draws 101 to 200"
[1] "Chunk time = 14.3623139858246"
[1] "Processing draws 201 to 300"
[1] "Chunk time = 14.0075588226318"
[1] "Processing draws 301 to 400"
[1] "Chunk time = 13.7442729473114"
[1] "Processing draws 401 to 500"
[1] "Chunk time = 13.502881526947"
[1] "Processing draws 501 to 600"
[1] "Chunk time = 14.2084140777588"
[1] "Processing draws 601 to 700"
[1] "Chunk time = 13.6910135746002"
[1] "Processing draws 701 to 800"
[1] "Chunk time = 13.9338471889496"
[1] "Processing draws 801 to 900"
[1] "Chunk time = 13.8899693489075"
[1] "Processing draws 901 to 1000"
[1] "Chunk time = 13.6570107936859"
[1] "Processing draws 1001 to 1100"
[1] "Chunk time = 13.6231007575989"
[1] "Processing draws 1101 to 1200"
[1] "Chunk time = 13.787449836731"
[1] "Processing draws 1201 to 1300"
[1] "Chunk time = 14.0476343631744"
[1] "Processing draws 1301 to 1400"
[1] "Chunk time = 13.7369439601898"
[1] "Processing draws 1401 to 1500"
[1] "Chunk time = 13.7341244220734"
[1] "Processing draws 1501 to 1600"
[1] "Chunk time = 13.5807356834412"
[1] "Processing draws 1601 to 1700"
[1] "Chunk time = 13.7407212257385"
[1] "Processing draws 1701 to 1800"
[1] "Chunk time = 14.0442225933075"
[1] "Processing draws 1801 to 1900"
[1] "Chunk time = 13.5715537071228"
[1] "Processing draws 1901 to 2000"
[1] "Chunk time = 13.8356573581696"
[1] "Processing draws 2001 to 2100"
[1] "Chunk time = 13.8124852180481"
[1] "Processing draws 2101 to 2200"
[1] "Chunk time = 13.7955799102783"
[1] "Processing draws 2201 to 2300"
[1] "Chunk time = 13.9386231899261"
[1] "Processing draws 2301 to 2400"
[1] "Chunk time = 13.7802267074585"
[1] "Processing draws 2401 to 2500"
[1] "Chunk time = 13.6397383213043"
[1] "Processing draws 2501 to 2600"
[1] "Chunk time = 13.8598167896271"
[1] "Processing draws 2601 to 2700"
[1] "Chunk time = 13.6560070514679"
[1] "Processing draws 2701 to 2800"
[1] "Chunk time = 13.858635187149"
[1] "Processing draws 2801 to 2900"
[1] "Chunk time = 13.9290709495544"
[1] "Processing draws 2901 to 3000"
[1] "Chunk time = 13.6244027614594"
[1] "Processing draws 3001 to 3100"
[1] "Chunk time = 13.9247696399689"
[1] "Processing draws 3101 to 3200"
[1] "Chunk time = 13.851818561554"
[1] "Processing draws 3201 to 3300"
[1] "Chunk time = 13.5141806602478"
[1] "Processing draws 3301 to 3400"
[1] "Chunk time = 13.657381772995"
[1] "Processing draws 3401 to 3500"
[1] "Chunk time = 13.5984139442444"
[1] "Processing draws 3501 to 3600"
[1] "Chunk time = 13.8906533718109"
[1] "Processing draws 3601 to 3700"
[1] "Chunk time = 13.6049056053162"
[1] "Processing draws 3701 to 3800"
[1] "Chunk time = 13.7356262207031"
[1] "Processing draws 3801 to 3900"
[1] "Chunk time = 13.511123418808"
[1] "Processing draws 3901 to 4000"
[1] "Chunk time = 13.6747715473175"
[1] "Processing draws 4001 to 4100"
[1] "Chunk time = 13.600555896759"
[1] "Processing draws 4101 to 4200"
[1] "Chunk time = 13.9049549102783"
[1] "Processing draws 4201 to 4300"
[1] "Chunk time = 13.6915113925934"
[1] "Processing draws 4301 to 4400"
[1] "Chunk time = 13.7413790225983"
[1] "Processing draws 4401 to 4500"
[1] "Chunk time = 14.0870444774628"
[1] "Processing draws 4501 to 4600"
[1] "Chunk time = 13.6625311374664"
[1] "Processing draws 4601 to 4700"
[1] "Chunk time = 13.7644731998444"
[1] "Processing draws 4701 to 4800"
[1] "Chunk time = 13.7656586170197"
[1] "Processing draws 4801 to 4900"
[1] "Chunk time = 13.827602148056"
[1] "Processing draws 4901 to 5000"
[1] "Chunk time = 13.6738827228546"
[1] "Processing draws 5001 to 5100"
[1] "Chunk time = 13.7742986679077"
[1] "Processing draws 5101 to 5200"
[1] "Chunk time = 13.8300168514252"
[1] "Processing draws 5201 to 5300"
[1] "Chunk time = 13.6761004924774"
[1] "Processing draws 5301 to 5400"
[1] "Chunk time = 13.867805480957"
[1] "Processing draws 5401 to 5500"
[1] "Chunk time = 13.7205312252045"
[1] "Processing draws 5501 to 5600"
[1] "Chunk time = 14.1651797294617"
[1] "Processing draws 5601 to 5700"
[1] "Chunk time = 13.8846807479858"
[1] "Processing draws 5701 to 5800"
[1] "Chunk time = 13.7282915115356"
[1] "Processing draws 5801 to 5900"
[1] "Chunk time = 13.8502097129822"
[1] "Processing draws 5901 to 6000"
[1] "Chunk time = 13.8291311264038"
[1] "Processing draws 6001 to 6100"
[1] "Chunk time = 13.5333333015442"
[1] "Processing draws 6101 to 6200"
[1] "Chunk time = 13.807829618454"
[1] "Processing draws 6201 to 6300"
[1] "Chunk time = 13.9125485420227"
[1] "Processing draws 6301 to 6400"
[1] "Chunk time = 13.726432800293"
[1] "Processing draws 6401 to 6500"
[1] "Chunk time = 13.9509515762329"
[1] "Processing draws 6501 to 6600"
[1] "Chunk time = 13.9450137615204"
[1] "Processing draws 6601 to 6700"
[1] "Chunk time = 13.6142301559448"
[1] "Processing draws 6701 to 6800"
[1] "Chunk time = 13.940572977066"
[1] "Processing draws 6801 to 6900"
[1] "Chunk time = 13.9260153770447"
[1] "Processing draws 6901 to 7000"
[1] "Chunk time = 13.6572532653809"
[1] "Processing draws 7001 to 7100"
[1] "Chunk time = 13.8602824211121"
[1] "Processing draws 7101 to 7200"
[1] "Chunk time = 13.9795567989349"
[1] "Processing draws 7201 to 7300"
[1] "Chunk time = 13.6410098075867"
[1] "Processing draws 7301 to 7400"
[1] "Chunk time = 13.7487626075745"
[1] "Processing draws 7401 to 7500"
[1] "Chunk time = 13.8122160434723"
[1] "Processing draws 7501 to 7600"
[1] "Chunk time = 13.6894950866699"
[1] "Processing draws 7601 to 7700"
[1] "Chunk time = 13.7163283824921"
[1] "Processing draws 7701 to 7800"
[1] "Chunk time = 13.7626371383667"
[1] "Processing draws 7801 to 7900"
[1] "Chunk time = 13.9472851753235"
[1] "Processing draws 7901 to 8000"
[1] "Chunk time = 13.7989766597748"
[1] "Processing draws 8001 to 8100"
[1] "Chunk time = 13.606663942337"
[1] "Processing draws 8101 to 8200"
[1] "Chunk time = 13.7148888111115"
[1] "Processing draws 8201 to 8300"
[1] "Chunk time = 13.5728631019592"
[1] "Processing draws 8301 to 8400"
[1] "Chunk time = 13.6901082992554"
[1] "Processing draws 8401 to 8500"
[1] "Chunk time = 13.6916778087616"
[1] "Processing draws 8501 to 8600"
[1] "Chunk time = 13.515255689621"
[1] "Processing draws 8601 to 8700"
[1] "Chunk time = 13.6719629764557"
[1] "Processing draws 8701 to 8800"
[1] "Chunk time = 13.793582201004"
[1] "Processing draws 8801 to 8900"
[1] "Chunk time = 13.9865448474884"
[1] "Processing draws 8901 to 9000"
[1] "Chunk time = 14.1538355350494"
[1] "Processing draws 9001 to 9100"
[1] "Chunk time = 13.9053530693054"
[1] "Processing draws 9101 to 9200"
[1] "Chunk time = 13.7389163970947"
[1] "Processing draws 9201 to 9300"
[1] "Chunk time = 13.80748295784"
[1] "Processing draws 9301 to 9400"
[1] "Chunk time = 14.0076310634613"
[1] "Processing draws 9401 to 9500"
[1] "Chunk time = 13.6688027381897"
[1] "Processing draws 9501 to 9600"
[1] "Chunk time = 14.0205070972443"
[1] "Processing draws 9601 to 9700"
[1] "Chunk time = 13.8476738929749"
[1] "Processing draws 9701 to 9800"
[1] "Chunk time = 13.9220397472382"
[1] "Processing draws 9801 to 9900"
[1] "Chunk time = 13.940239906311"
[1] "Processing draws 9901 to 10000"
[1] "Chunk time = 13.7819571495056"
[1] "Processing draws 10001 to 10100"
[1] "Chunk time = 13.8207218647003"
[1] "Processing draws 10101 to 10200"
[1] "Chunk time = 13.8398344516754"
[1] "Processing draws 10201 to 10300"
[1] "Chunk time = 13.9762132167816"
[1] "Processing draws 10301 to 10400"
[1] "Chunk time = 13.8664720058441"
[1] "Processing draws 10401 to 10500"
[1] "Chunk time = 14.0614783763885"
[1] "Processing draws 10501 to 10600"
[1] "Chunk time = 13.6680574417114"
[1] "Processing draws 10601 to 10700"
[1] "Chunk time = 13.8372449874878"
[1] "Processing draws 10701 to 10800"
[1] "Chunk time = 13.9093222618103"
[1] "Processing draws 10801 to 10900"
[1] "Chunk time = 13.7152941226959"
[1] "Processing draws 10901 to 11000"
[1] "Chunk time = 13.836047410965"
[1] "Processing draws 11001 to 11100"
[1] "Chunk time = 13.8945434093475"
[1] "Processing draws 11101 to 11200"
[1] "Chunk time = 13.8891110420227"
[1] "Processing draws 11201 to 11300"
[1] "Chunk time = 13.9139292240143"
[1] "Processing draws 11301 to 11400"
[1] "Chunk time = 13.9744246006012"
[1] "Processing draws 11401 to 11500"
[1] "Chunk time = 13.7617888450623"
[1] "Processing draws 11501 to 11600"
[1] "Chunk time = 13.9688305854797"
[1] "Processing draws 11601 to 11700"
[1] "Chunk time = 13.9073941707611"
[1] "Processing draws 11701 to 11800"
[1] "Chunk time = 13.9134843349457"
[1] "Processing draws 11801 to 11900"
[1] "Chunk time = 13.7836067676544"
[1] "Processing draws 11901 to 12000"
[1] "Chunk time = 13.9557139873505"
[1] "Processing draws 12001 to 12100"
[1] "Chunk time = 14.2521681785583"
[1] "Processing draws 12101 to 12200"
[1] "Chunk time = 13.8051855564117"
[1] "Processing draws 12201 to 12300"
[1] "Chunk time = 14.0146729946136"
[1] "Processing draws 12301 to 12400"
[1] "Chunk time = 13.9038054943085"
[1] "Processing draws 12401 to 12500"
[1] "Chunk time = 13.7421922683716"
[1] "Processing draws 12501 to 12600"
[1] "Chunk time = 14.0203785896301"
[1] "Processing draws 12601 to 12700"
[1] "Chunk time = 13.6770958900452"
[1] "Processing draws 12701 to 12800"
[1] "Chunk time = 13.729962348938"
[1] "Processing draws 12801 to 12900"
[1] "Chunk time = 13.7612226009369"
[1] "Processing draws 12901 to 13000"
[1] "Chunk time = 14.0033476352692"
[1] "Processing draws 13001 to 13100"
[1] "Chunk time = 13.5647528171539"
[1] "Processing draws 13101 to 13200"
[1] "Chunk time = 13.8086318969727"
[1] "Processing draws 13201 to 13300"
[1] "Chunk time = 13.8177108764648"
[1] "Processing draws 13301 to 13400"
[1] "Chunk time = 13.6973655223846"
[1] "Processing draws 13401 to 13500"
[1] "Chunk time = 13.8268167972565"
[1] "Processing draws 13501 to 13600"
[1] "Chunk time = 13.9297578334808"
[1] "Processing draws 13601 to 13700"
[1] "Chunk time = 13.9413485527039"
[1] "Processing draws 13701 to 13800"
[1] "Chunk time = 13.8379371166229"
[1] "Processing draws 13801 to 13900"
[1] "Chunk time = 13.9039349555969"
[1] "Processing draws 13901 to 14000"
[1] "Chunk time = 13.8274765014648"
[1] "Processing draws 14001 to 14100"
[1] "Chunk time = 13.7967586517334"
[1] "Processing draws 14101 to 14200"
[1] "Chunk time = 13.5661089420319"
[1] "Processing draws 14201 to 14300"
[1] "Chunk time = 13.7191450595856"
[1] "Processing draws 14301 to 14400"
[1] "Chunk time = 13.8224802017212"
[1] "Processing draws 14401 to 14500"
[1] "Chunk time = 13.7816133499146"
[1] "Processing draws 14501 to 14600"
[1] "Chunk time = 14.0002083778381"
[1] "Processing draws 14601 to 14700"
[1] "Chunk time = 14.0070440769196"
[1] "Processing draws 14701 to 14800"
[1] "Chunk time = 13.8593456745148"
[1] "Processing draws 14801 to 14900"
[1] "Chunk time = 13.8705174922943"
[1] "Processing draws 14901 to 15000"
[1] "Chunk time = 14.0045509338379"
[1] "Processing draws 15001 to 15100"
[1] "Chunk time = 13.701621055603"
[1] "Processing draws 15101 to 15200"
[1] "Chunk time = 13.857786655426"
[1] "Processing draws 15201 to 15300"
[1] "Chunk time = 13.9570450782776"
[1] "Processing draws 15301 to 15400"
[1] "Chunk time = 13.7513875961304"
[1] "Processing draws 15401 to 15500"
[1] "Chunk time = 14.0201215744019"
[1] "Processing draws 15501 to 15600"
[1] "Chunk time = 13.8122425079346"
[1] "Processing draws 15601 to 15700"
[1] "Chunk time = 13.8938283920288"
[1] "Processing draws 15701 to 15800"
[1] "Chunk time = 13.8211464881897"
[1] "Processing draws 15801 to 15900"
[1] "Chunk time = 13.9551014900208"
[1] "Processing draws 15901 to 16000"
[1] "Chunk time = 13.9462833404541"
[1] "Processing draws 16001 to 16100"
[1] "Chunk time = 13.8686697483063"
[1] "Processing draws 16101 to 16200"
[1] "Chunk time = 13.9057700634003"
[1] "Processing draws 16201 to 16300"
[1] "Chunk time = 13.9909043312073"
[1] "Processing draws 16301 to 16400"
[1] "Chunk time = 14.0344095230103"
[1] "Processing draws 16401 to 16500"
[1] "Chunk time = 13.7341737747192"
[1] "Processing draws 16501 to 16600"
[1] "Chunk time = 13.9556562900543"
[1] "Processing draws 16601 to 16700"
[1] "Chunk time = 13.9441180229187"
[1] "Processing draws 16701 to 16800"
[1] "Chunk time = 13.8582489490509"
[1] "Processing draws 16801 to 16900"
[1] "Chunk time = 13.8821053504944"
[1] "Processing draws 16901 to 17000"
[1] "Chunk time = 13.7950413227081"
[1] "Processing draws 17001 to 17100"
[1] "Chunk time = 14.111362695694"
[1] "Processing draws 17101 to 17200"
[1] "Chunk time = 13.9634230136871"
[1] "Processing draws 17201 to 17300"
[1] "Chunk time = 14.1029932498932"
[1] "Processing draws 17301 to 17400"
[1] "Chunk time = 13.8528699874878"
[1] "Processing draws 17401 to 17500"
[1] "Chunk time = 13.8761241436005"
[1] "Processing draws 17501 to 17600"
[1] "Chunk time = 13.6151728630066"
[1] "Processing draws 17601 to 17700"
[1] "Chunk time = 13.9302415847778"
[1] "Processing draws 17701 to 17800"
[1] "Chunk time = 13.9194386005402"
[1] "Processing draws 17801 to 17900"
[1] "Chunk time = 13.6088218688965"
[1] "Processing draws 17901 to 18000"
[1] "Chunk time = 13.8555929660797"
[1] "Processing draws 18001 to 18100"
[1] "Chunk time = 13.6099717617035"
[1] "Processing draws 18101 to 18200"
[1] "Chunk time = 13.7546696662903"
[1] "Processing draws 18201 to 18300"
[1] "Chunk time = 13.6872973442078"
[1] "Processing draws 18301 to 18400"
[1] "Chunk time = 13.7193977832794"
[1] "Processing draws 18401 to 18500"
[1] "Chunk time = 13.8443484306335"
[1] "Processing draws 18501 to 18600"
[1] "Chunk time = 13.9108250141144"
[1] "Processing draws 18601 to 18700"
[1] "Chunk time = 13.7216246128082"
[1] "Processing draws 18701 to 18800"
[1] "Chunk time = 13.741938829422"
[1] "Processing draws 18801 to 18900"
[1] "Chunk time = 13.97798371315"
[1] "Processing draws 18901 to 19000"
[1] "Chunk time = 13.8077046871185"
[1] "Processing draws 19001 to 19100"
[1] "Chunk time = 13.9092779159546"
[1] "Processing draws 19101 to 19200"
[1] "Chunk time = 14.0114345550537"
[1] "Processing draws 19201 to 19300"
[1] "Chunk time = 13.8138868808746"
[1] "Processing draws 19301 to 19400"
[1] "Chunk time = 13.7588090896606"
[1] "Processing draws 19401 to 19500"
[1] "Chunk time = 14.0240700244904"
[1] "Processing draws 19501 to 19600"
[1] "Chunk time = 13.8054566383362"
[1] "Processing draws 19601 to 19700"
[1] "Chunk time = 13.8375363349915"
[1] "Processing draws 19701 to 19800"
[1] "Chunk time = 13.7306289672852"
[1] "Processing draws 19801 to 19900"
[1] "Chunk time = 13.7673201560974"
[1] "Processing draws 19901 to 20000"
[1] "Chunk time = 13.8659694194794"
[1] "done lapplying"
[1] "Saving current params"
[1] "Saving params to output.rds"
[1] TRUE
