[1] "Starting sampling."
Running MCMC with 4 parallel chains, with 4 thread(s) per chain...

Chain 1 Iteration:    1 / 6000 [  0%]  (Warmup) 
Chain 3 Iteration:    1 / 6000 [  0%]  (Warmup) 
Chain 2 Iteration:    1 / 6000 [  0%]  (Warmup) 
Chain 4 Iteration:    1 / 6000 [  0%]  (Warmup) 
Chain 1 Iteration:  100 / 6000 [  1%]  (Warmup) 
Chain 2 Iteration:  100 / 6000 [  1%]  (Warmup) 
Chain 3 Iteration:  100 / 6000 [  1%]  (Warmup) 
Chain 4 Iteration:  100 / 6000 [  1%]  (Warmup) 
Chain 1 Iteration:  200 / 6000 [  3%]  (Warmup) 
Chain 3 Iteration:  200 / 6000 [  3%]  (Warmup) 
Chain 2 Iteration:  200 / 6000 [  3%]  (Warmup) 
Chain 1 Iteration:  300 / 6000 [  5%]  (Warmup) 
Chain 4 Iteration:  200 / 6000 [  3%]  (Warmup) 
Chain 1 Iteration:  400 / 6000 [  6%]  (Warmup) 
Chain 2 Iteration:  300 / 6000 [  5%]  (Warmup) 
Chain 3 Iteration:  300 / 6000 [  5%]  (Warmup) 
Chain 4 Iteration:  300 / 6000 [  5%]  (Warmup) 
Chain 1 Iteration:  500 / 6000 [  8%]  (Warmup) 
Chain 3 Iteration:  400 / 6000 [  6%]  (Warmup) 
Chain 2 Iteration:  400 / 6000 [  6%]  (Warmup) 
Chain 4 Iteration:  400 / 6000 [  6%]  (Warmup) 
Chain 1 Iteration:  600 / 6000 [ 10%]  (Warmup) 
Chain 2 Iteration:  500 / 6000 [  8%]  (Warmup) 
Chain 3 Iteration:  500 / 6000 [  8%]  (Warmup) 
Chain 4 Iteration:  500 / 6000 [  8%]  (Warmup) 
Chain 1 Iteration:  700 / 6000 [ 11%]  (Warmup) 
Chain 2 Iteration:  600 / 6000 [ 10%]  (Warmup) 
Chain 3 Iteration:  600 / 6000 [ 10%]  (Warmup) 
Chain 4 Iteration:  600 / 6000 [ 10%]  (Warmup) 
Chain 1 Iteration:  800 / 6000 [ 13%]  (Warmup) 
Chain 3 Iteration:  700 / 6000 [ 11%]  (Warmup) 
Chain 2 Iteration:  700 / 6000 [ 11%]  (Warmup) 
Chain 4 Iteration:  700 / 6000 [ 11%]  (Warmup) 
Chain 1 Iteration:  900 / 6000 [ 15%]  (Warmup) 
Chain 2 Iteration:  800 / 6000 [ 13%]  (Warmup) 
Chain 3 Iteration:  800 / 6000 [ 13%]  (Warmup) 
Chain 4 Iteration:  800 / 6000 [ 13%]  (Warmup) 
Chain 1 Iteration: 1000 / 6000 [ 16%]  (Warmup) 
Chain 1 Iteration: 1001 / 6000 [ 16%]  (Sampling) 
Chain 2 Iteration:  900 / 6000 [ 15%]  (Warmup) 
Chain 3 Iteration:  900 / 6000 [ 15%]  (Warmup) 
Chain 4 Iteration:  900 / 6000 [ 15%]  (Warmup) 
Chain 1 Iteration: 1100 / 6000 [ 18%]  (Sampling) 
Chain 2 Iteration: 1000 / 6000 [ 16%]  (Warmup) 
Chain 2 Iteration: 1001 / 6000 [ 16%]  (Sampling) 
Chain 3 Iteration: 1000 / 6000 [ 16%]  (Warmup) 
Chain 3 Iteration: 1001 / 6000 [ 16%]  (Sampling) 
Chain 4 Iteration: 1000 / 6000 [ 16%]  (Warmup) 
Chain 4 Iteration: 1001 / 6000 [ 16%]  (Sampling) 
Chain 1 Iteration: 1200 / 6000 [ 20%]  (Sampling) 
Chain 2 Iteration: 1100 / 6000 [ 18%]  (Sampling) 
Chain 3 Iteration: 1100 / 6000 [ 18%]  (Sampling) 
Chain 4 Iteration: 1100 / 6000 [ 18%]  (Sampling) 
Chain 1 Iteration: 1300 / 6000 [ 21%]  (Sampling) 
Chain 2 Iteration: 1200 / 6000 [ 20%]  (Sampling) 
Chain 3 Iteration: 1200 / 6000 [ 20%]  (Sampling) 
Chain 4 Iteration: 1200 / 6000 [ 20%]  (Sampling) 
Chain 1 Iteration: 1400 / 6000 [ 23%]  (Sampling) 
Chain 2 Iteration: 1300 / 6000 [ 21%]  (Sampling) 
Chain 3 Iteration: 1300 / 6000 [ 21%]  (Sampling) 
Chain 4 Iteration: 1300 / 6000 [ 21%]  (Sampling) 
Chain 1 Iteration: 1500 / 6000 [ 25%]  (Sampling) 
Chain 2 Iteration: 1400 / 6000 [ 23%]  (Sampling) 
Chain 3 Iteration: 1400 / 6000 [ 23%]  (Sampling) 
Chain 4 Iteration: 1400 / 6000 [ 23%]  (Sampling) 
Chain 1 Iteration: 1600 / 6000 [ 26%]  (Sampling) 
Chain 2 Iteration: 1500 / 6000 [ 25%]  (Sampling) 
Chain 3 Iteration: 1500 / 6000 [ 25%]  (Sampling) 
Chain 4 Iteration: 1500 / 6000 [ 25%]  (Sampling) 
Chain 1 Iteration: 1700 / 6000 [ 28%]  (Sampling) 
Chain 2 Iteration: 1600 / 6000 [ 26%]  (Sampling) 
Chain 3 Iteration: 1600 / 6000 [ 26%]  (Sampling) 
Chain 4 Iteration: 1600 / 6000 [ 26%]  (Sampling) 
Chain 1 Iteration: 1800 / 6000 [ 30%]  (Sampling) 
Chain 2 Iteration: 1700 / 6000 [ 28%]  (Sampling) 
Chain 3 Iteration: 1700 / 6000 [ 28%]  (Sampling) 
Chain 4 Iteration: 1700 / 6000 [ 28%]  (Sampling) 
Chain 1 Iteration: 1900 / 6000 [ 31%]  (Sampling) 
Chain 2 Iteration: 1800 / 6000 [ 30%]  (Sampling) 
Chain 3 Iteration: 1800 / 6000 [ 30%]  (Sampling) 
Chain 4 Iteration: 1800 / 6000 [ 30%]  (Sampling) 
Chain 1 Iteration: 2000 / 6000 [ 33%]  (Sampling) 
Chain 2 Iteration: 1900 / 6000 [ 31%]  (Sampling) 
Chain 3 Iteration: 1900 / 6000 [ 31%]  (Sampling) 
Chain 4 Iteration: 1900 / 6000 [ 31%]  (Sampling) 
Chain 1 Iteration: 2100 / 6000 [ 35%]  (Sampling) 
Chain 2 Iteration: 2000 / 6000 [ 33%]  (Sampling) 
Chain 3 Iteration: 2000 / 6000 [ 33%]  (Sampling) 
Chain 4 Iteration: 2000 / 6000 [ 33%]  (Sampling) 
Chain 1 Iteration: 2200 / 6000 [ 36%]  (Sampling) 
Chain 2 Iteration: 2100 / 6000 [ 35%]  (Sampling) 
Chain 3 Iteration: 2100 / 6000 [ 35%]  (Sampling) 
Chain 4 Iteration: 2100 / 6000 [ 35%]  (Sampling) 
Chain 1 Iteration: 2300 / 6000 [ 38%]  (Sampling) 
Chain 2 Iteration: 2200 / 6000 [ 36%]  (Sampling) 
Chain 3 Iteration: 2200 / 6000 [ 36%]  (Sampling) 
Chain 4 Iteration: 2200 / 6000 [ 36%]  (Sampling) 
Chain 1 Iteration: 2400 / 6000 [ 40%]  (Sampling) 
Chain 2 Iteration: 2300 / 6000 [ 38%]  (Sampling) 
Chain 3 Iteration: 2300 / 6000 [ 38%]  (Sampling) 
Chain 4 Iteration: 2300 / 6000 [ 38%]  (Sampling) 
Chain 1 Iteration: 2500 / 6000 [ 41%]  (Sampling) 
Chain 2 Iteration: 2400 / 6000 [ 40%]  (Sampling) 
Chain 3 Iteration: 2400 / 6000 [ 40%]  (Sampling) 
Chain 4 Iteration: 2400 / 6000 [ 40%]  (Sampling) 
Chain 1 Iteration: 2600 / 6000 [ 43%]  (Sampling) 
Chain 2 Iteration: 2500 / 6000 [ 41%]  (Sampling) 
Chain 3 Iteration: 2500 / 6000 [ 41%]  (Sampling) 
Chain 4 Iteration: 2500 / 6000 [ 41%]  (Sampling) 
Chain 1 Iteration: 2700 / 6000 [ 45%]  (Sampling) 
Chain 2 Iteration: 2600 / 6000 [ 43%]  (Sampling) 
Chain 3 Iteration: 2600 / 6000 [ 43%]  (Sampling) 
Chain 4 Iteration: 2600 / 6000 [ 43%]  (Sampling) 
Chain 1 Iteration: 2800 / 6000 [ 46%]  (Sampling) 
Chain 2 Iteration: 2700 / 6000 [ 45%]  (Sampling) 
Chain 3 Iteration: 2700 / 6000 [ 45%]  (Sampling) 
Chain 4 Iteration: 2700 / 6000 [ 45%]  (Sampling) 
Chain 1 Iteration: 2900 / 6000 [ 48%]  (Sampling) 
Chain 2 Iteration: 2800 / 6000 [ 46%]  (Sampling) 
Chain 3 Iteration: 2800 / 6000 [ 46%]  (Sampling) 
Chain 4 Iteration: 2800 / 6000 [ 46%]  (Sampling) 
Chain 1 Iteration: 3000 / 6000 [ 50%]  (Sampling) 
Chain 2 Iteration: 2900 / 6000 [ 48%]  (Sampling) 
Chain 3 Iteration: 2900 / 6000 [ 48%]  (Sampling) 
Chain 4 Iteration: 2900 / 6000 [ 48%]  (Sampling) 
Chain 1 Iteration: 3100 / 6000 [ 51%]  (Sampling) 
Chain 2 Iteration: 3000 / 6000 [ 50%]  (Sampling) 
Chain 3 Iteration: 3000 / 6000 [ 50%]  (Sampling) 
Chain 4 Iteration: 3000 / 6000 [ 50%]  (Sampling) 
Chain 1 Iteration: 3200 / 6000 [ 53%]  (Sampling) 
Chain 2 Iteration: 3100 / 6000 [ 51%]  (Sampling) 
Chain 3 Iteration: 3100 / 6000 [ 51%]  (Sampling) 
Chain 4 Iteration: 3100 / 6000 [ 51%]  (Sampling) 
Chain 1 Iteration: 3300 / 6000 [ 55%]  (Sampling) 
Chain 2 Iteration: 3200 / 6000 [ 53%]  (Sampling) 
Chain 3 Iteration: 3200 / 6000 [ 53%]  (Sampling) 
Chain 4 Iteration: 3200 / 6000 [ 53%]  (Sampling) 
Chain 1 Iteration: 3400 / 6000 [ 56%]  (Sampling) 
Chain 2 Iteration: 3300 / 6000 [ 55%]  (Sampling) 
Chain 3 Iteration: 3300 / 6000 [ 55%]  (Sampling) 
Chain 4 Iteration: 3300 / 6000 [ 55%]  (Sampling) 
Chain 1 Iteration: 3500 / 6000 [ 58%]  (Sampling) 
Chain 2 Iteration: 3400 / 6000 [ 56%]  (Sampling) 
Chain 3 Iteration: 3400 / 6000 [ 56%]  (Sampling) 
Chain 4 Iteration: 3400 / 6000 [ 56%]  (Sampling) 
Chain 1 Iteration: 3600 / 6000 [ 60%]  (Sampling) 
Chain 2 Iteration: 3500 / 6000 [ 58%]  (Sampling) 
Chain 3 Iteration: 3500 / 6000 [ 58%]  (Sampling) 
Chain 4 Iteration: 3500 / 6000 [ 58%]  (Sampling) 
Chain 1 Iteration: 3700 / 6000 [ 61%]  (Sampling) 
Chain 2 Iteration: 3600 / 6000 [ 60%]  (Sampling) 
Chain 3 Iteration: 3600 / 6000 [ 60%]  (Sampling) 
Chain 4 Iteration: 3600 / 6000 [ 60%]  (Sampling) 
Chain 1 Iteration: 3800 / 6000 [ 63%]  (Sampling) 
Chain 2 Iteration: 3700 / 6000 [ 61%]  (Sampling) 
Chain 3 Iteration: 3700 / 6000 [ 61%]  (Sampling) 
Chain 1 Iteration: 3900 / 6000 [ 65%]  (Sampling) 
Chain 4 Iteration: 3700 / 6000 [ 61%]  (Sampling) 
Chain 2 Iteration: 3800 / 6000 [ 63%]  (Sampling) 
Chain 3 Iteration: 3800 / 6000 [ 63%]  (Sampling) 
Chain 1 Iteration: 4000 / 6000 [ 66%]  (Sampling) 
Chain 4 Iteration: 3800 / 6000 [ 63%]  (Sampling) 
Chain 2 Iteration: 3900 / 6000 [ 65%]  (Sampling) 
Chain 3 Iteration: 3900 / 6000 [ 65%]  (Sampling) 
Chain 1 Iteration: 4100 / 6000 [ 68%]  (Sampling) 
Chain 4 Iteration: 3900 / 6000 [ 65%]  (Sampling) 
Chain 2 Iteration: 4000 / 6000 [ 66%]  (Sampling) 
Chain 3 Iteration: 4000 / 6000 [ 66%]  (Sampling) 
Chain 1 Iteration: 4200 / 6000 [ 70%]  (Sampling) 
Chain 4 Iteration: 4000 / 6000 [ 66%]  (Sampling) 
Chain 2 Iteration: 4100 / 6000 [ 68%]  (Sampling) 
Chain 1 Iteration: 4300 / 6000 [ 71%]  (Sampling) 
Chain 3 Iteration: 4100 / 6000 [ 68%]  (Sampling) 
Chain 4 Iteration: 4100 / 6000 [ 68%]  (Sampling) 
Chain 1 Iteration: 4400 / 6000 [ 73%]  (Sampling) 
Chain 2 Iteration: 4200 / 6000 [ 70%]  (Sampling) 
Chain 3 Iteration: 4200 / 6000 [ 70%]  (Sampling) 
Chain 4 Iteration: 4200 / 6000 [ 70%]  (Sampling) 
Chain 1 Iteration: 4500 / 6000 [ 75%]  (Sampling) 
Chain 2 Iteration: 4300 / 6000 [ 71%]  (Sampling) 
Chain 3 Iteration: 4300 / 6000 [ 71%]  (Sampling) 
Chain 4 Iteration: 4300 / 6000 [ 71%]  (Sampling) 
Chain 1 Iteration: 4600 / 6000 [ 76%]  (Sampling) 
Chain 2 Iteration: 4400 / 6000 [ 73%]  (Sampling) 
Chain 3 Iteration: 4400 / 6000 [ 73%]  (Sampling) 
Chain 4 Iteration: 4400 / 6000 [ 73%]  (Sampling) 
Chain 1 Iteration: 4700 / 6000 [ 78%]  (Sampling) 
Chain 2 Iteration: 4500 / 6000 [ 75%]  (Sampling) 
Chain 3 Iteration: 4500 / 6000 [ 75%]  (Sampling) 
Chain 1 Iteration: 4800 / 6000 [ 80%]  (Sampling) 
Chain 4 Iteration: 4500 / 6000 [ 75%]  (Sampling) 
Chain 2 Iteration: 4600 / 6000 [ 76%]  (Sampling) 
Chain 3 Iteration: 4600 / 6000 [ 76%]  (Sampling) 
Chain 1 Iteration: 4900 / 6000 [ 81%]  (Sampling) 
Chain 4 Iteration: 4600 / 6000 [ 76%]  (Sampling) 
Chain 2 Iteration: 4700 / 6000 [ 78%]  (Sampling) 
Chain 3 Iteration: 4700 / 6000 [ 78%]  (Sampling) 
Chain 1 Iteration: 5000 / 6000 [ 83%]  (Sampling) 
Chain 4 Iteration: 4700 / 6000 [ 78%]  (Sampling) 
Chain 2 Iteration: 4800 / 6000 [ 80%]  (Sampling) 
Chain 3 Iteration: 4800 / 6000 [ 80%]  (Sampling) 
Chain 1 Iteration: 5100 / 6000 [ 85%]  (Sampling) 
Chain 4 Iteration: 4800 / 6000 [ 80%]  (Sampling) 
Chain 2 Iteration: 4900 / 6000 [ 81%]  (Sampling) 
Chain 1 Iteration: 5200 / 6000 [ 86%]  (Sampling) 
Chain 3 Iteration: 4900 / 6000 [ 81%]  (Sampling) 
Chain 4 Iteration: 4900 / 6000 [ 81%]  (Sampling) 
Chain 1 Iteration: 5300 / 6000 [ 88%]  (Sampling) 
Chain 2 Iteration: 5000 / 6000 [ 83%]  (Sampling) 
Chain 3 Iteration: 5000 / 6000 [ 83%]  (Sampling) 
Chain 4 Iteration: 5000 / 6000 [ 83%]  (Sampling) 
Chain 1 Iteration: 5400 / 6000 [ 90%]  (Sampling) 
Chain 2 Iteration: 5100 / 6000 [ 85%]  (Sampling) 
Chain 3 Iteration: 5100 / 6000 [ 85%]  (Sampling) 
Chain 1 Iteration: 5500 / 6000 [ 91%]  (Sampling) 
Chain 4 Iteration: 5100 / 6000 [ 85%]  (Sampling) 
Chain 2 Iteration: 5200 / 6000 [ 86%]  (Sampling) 
Chain 3 Iteration: 5200 / 6000 [ 86%]  (Sampling) 
Chain 1 Iteration: 5600 / 6000 [ 93%]  (Sampling) 
Chain 4 Iteration: 5200 / 6000 [ 86%]  (Sampling) 
Chain 2 Iteration: 5300 / 6000 [ 88%]  (Sampling) 
Chain 3 Iteration: 5300 / 6000 [ 88%]  (Sampling) 
Chain 1 Iteration: 5700 / 6000 [ 95%]  (Sampling) 
Chain 4 Iteration: 5300 / 6000 [ 88%]  (Sampling) 
Chain 2 Iteration: 5400 / 6000 [ 90%]  (Sampling) 
Chain 3 Iteration: 5400 / 6000 [ 90%]  (Sampling) 
Chain 1 Iteration: 5800 / 6000 [ 96%]  (Sampling) 
Chain 4 Iteration: 5400 / 6000 [ 90%]  (Sampling) 
Chain 2 Iteration: 5500 / 6000 [ 91%]  (Sampling) 
Chain 1 Iteration: 5900 / 6000 [ 98%]  (Sampling) 
Chain 3 Iteration: 5500 / 6000 [ 91%]  (Sampling) 
Chain 4 Iteration: 5500 / 6000 [ 91%]  (Sampling) 
Chain 1 Iteration: 6000 / 6000 [100%]  (Sampling) 
Chain 1 finished in 23197.6 seconds.
Chain 2 Iteration: 5600 / 6000 [ 93%]  (Sampling) 
Chain 3 Iteration: 5600 / 6000 [ 93%]  (Sampling) 
Chain 4 Iteration: 5600 / 6000 [ 93%]  (Sampling) 
Chain 2 Iteration: 5700 / 6000 [ 95%]  (Sampling) 
Chain 3 Iteration: 5700 / 6000 [ 95%]  (Sampling) 
Chain 4 Iteration: 5700 / 6000 [ 95%]  (Sampling) 
Chain 2 Iteration: 5800 / 6000 [ 96%]  (Sampling) 
Chain 3 Iteration: 5800 / 6000 [ 96%]  (Sampling) 
Chain 4 Iteration: 5800 / 6000 [ 96%]  (Sampling) 
Chain 2 Iteration: 5900 / 6000 [ 98%]  (Sampling) 
Chain 3 Iteration: 5900 / 6000 [ 98%]  (Sampling) 
Chain 4 Iteration: 5900 / 6000 [ 98%]  (Sampling) 
Chain 2 Iteration: 6000 / 6000 [100%]  (Sampling) 
Chain 2 finished in 24654.1 seconds.
Chain 3 Iteration: 6000 / 6000 [100%]  (Sampling) 
Chain 3 finished in 24713.4 seconds.
Chain 4 Iteration: 6000 / 6000 [100%]  (Sampling) 
Chain 4 finished in 24862.4 seconds.

All 4 chains finished successfully.
Mean chain execution time: 24356.9 seconds.
Total execution time: 24863.3 seconds.

[1] "Processing draws 1 to 100"
[1] "Chunk time = 3.31871512730916"
[1] "Processing draws 101 to 200"
[1] "Chunk time = 2.36150791247686"
[1] "Processing draws 201 to 300"
[1] "Chunk time = 2.5231858809789"
[1] "Processing draws 301 to 400"
[1] "Chunk time = 2.09115407864253"
[1] "Processing draws 401 to 500"
[1] "Chunk time = 2.08552787303925"
[1] "Processing draws 501 to 600"
[1] "Chunk time = 2.01875139474869"
[1] "Processing draws 601 to 700"
[1] "Chunk time = 2.05760414203008"
[1] "Processing draws 701 to 800"
[1] "Chunk time = 2.20006047487259"
[1] "Processing draws 801 to 900"
[1] "Chunk time = 2.01779637336731"
[1] "Processing draws 901 to 1000"
[1] "Chunk time = 2.12169811328252"
[1] "Processing draws 1001 to 1100"
[1] "Chunk time = 2.02989945809046"
[1] "Processing draws 1101 to 1200"
[1] "Chunk time = 2.0688343167305"
[1] "Processing draws 1201 to 1300"
[1] "Chunk time = 2.16224830150604"
[1] "Processing draws 1301 to 1400"
[1] "Chunk time = 1.99434239069621"
[1] "Processing draws 1401 to 1500"
[1] "Chunk time = 2.06216096083323"
[1] "Processing draws 1501 to 1600"
[1] "Chunk time = 2.13773506879807"
[1] "Processing draws 1601 to 1700"
[1] "Chunk time = 1.997181280454"
[1] "Processing draws 1701 to 1800"
[1] "Chunk time = 1.99775074323018"
[1] "Processing draws 1801 to 1900"
[1] "Chunk time = 2.17053897380829"
[1] "Processing draws 1901 to 2000"
[1] "Chunk time = 2.09194313287735"
[1] "Processing draws 2001 to 2100"
[1] "Chunk time = 2.00238828659058"
[1] "Processing draws 2101 to 2200"
[1] "Chunk time = 2.13582005500793"
[1] "Processing draws 2201 to 2300"
[1] "Chunk time = 2.00709939797719"
[1] "Processing draws 2301 to 2400"
[1] "Chunk time = 2.0565296292305"
[1] "Processing draws 2401 to 2500"
[1] "Chunk time = 2.13161071141561"
[1] "Processing draws 2501 to 2600"
[1] "Chunk time = 2.00566276311874"
[1] "Processing draws 2601 to 2700"
[1] "Chunk time = 2.00765025218328"
[1] "Processing draws 2701 to 2800"
[1] "Chunk time = 2.1269345998764"
[1] "Processing draws 2801 to 2900"
[1] "Chunk time = 2.02151172955831"
[1] "Processing draws 2901 to 3000"
[1] "Chunk time = 1.98973696231842"
[1] "Processing draws 3001 to 3100"
[1] "Chunk time = 2.06647767225901"
[1] "Processing draws 3101 to 3200"
[1] "Chunk time = 2.06243883768717"
[1] "Processing draws 3201 to 3300"
[1] "Chunk time = 2.04725339810054"
[1] "Processing draws 3301 to 3400"
[1] "Chunk time = 2.17119743426641"
[1] "Processing draws 3401 to 3500"
[1] "Chunk time = 2.02580197652181"
[1] "Processing draws 3501 to 3600"
[1] "Chunk time = 2.06476992368698"
[1] "Processing draws 3601 to 3700"
[1] "Chunk time = 2.10784981648127"
[1] "Processing draws 3701 to 3800"
[1] "Chunk time = 2.00487527052561"
[1] "Processing draws 3801 to 3900"
[1] "Chunk time = 2.04740975300471"
[1] "Processing draws 3901 to 4000"
[1] "Chunk time = 2.12903783321381"
[1] "Processing draws 4001 to 4100"
[1] "Chunk time = 2.15744576851527"
[1] "Processing draws 4101 to 4200"
[1] "Chunk time = 2.05466018517812"
[1] "Processing draws 4201 to 4300"
[1] "Chunk time = 2.03070286512375"
[1] "Processing draws 4301 to 4400"
[1] "Chunk time = 2.07742606004079"
[1] "Processing draws 4401 to 4500"
[1] "Chunk time = 2.00785193840663"
[1] "Processing draws 4501 to 4600"
[1] "Chunk time = 2.0644238114357"
[1] "Processing draws 4601 to 4700"
[1] "Chunk time = 2.08033009767532"
[1] "Processing draws 4701 to 4800"
[1] "Chunk time = 2.11792760292689"
[1] "Processing draws 4801 to 4900"
[1] "Chunk time = 2.12352966864904"
[1] "Processing draws 4901 to 5000"
[1] "Chunk time = 2.01606520414352"
[1] "Processing draws 5001 to 5100"
[1] "Chunk time = 2.06692686080933"
[1] "Processing draws 5101 to 5200"
[1] "Chunk time = 2.11578699350357"
[1] "Processing draws 5201 to 5300"
[1] "Chunk time = 2.11132776737213"
[1] "Processing draws 5301 to 5400"
[1] "Chunk time = 2.06090830564499"
[1] "Processing draws 5401 to 5500"
[1] "Chunk time = 2.12573961814245"
[1] "Processing draws 5501 to 5600"
[1] "Chunk time = 2.05652885437012"
[1] "Processing draws 5601 to 5700"
[1] "Chunk time = 1.99445485273997"
[1] "Processing draws 5701 to 5800"
[1] "Chunk time = 2.11767193476359"
[1] "Processing draws 5801 to 5900"
[1] "Chunk time = 2.00021678606669"
[1] "Processing draws 5901 to 6000"
[1] "Chunk time = 2.06501082181931"
[1] "Processing draws 6001 to 6100"
[1] "Chunk time = 2.12723784446716"
[1] "Processing draws 6101 to 6200"
[1] "Chunk time = 2.04099790255229"
[1] "Processing draws 6201 to 6300"
[1] "Chunk time = 2.0232964237531"
[1] "Processing draws 6301 to 6400"
[1] "Chunk time = 2.15937732458115"
[1] "Processing draws 6401 to 6500"
[1] "Chunk time = 2.02508171399434"
[1] "Processing draws 6501 to 6600"
[1] "Chunk time = 2.02866191466649"
[1] "Processing draws 6601 to 6700"
[1] "Chunk time = 2.17849745750427"
[1] "Processing draws 6701 to 6800"
[1] "Chunk time = 2.09807482163111"
[1] "Processing draws 6801 to 6900"
[1] "Chunk time = 2.06689566771189"
[1] "Processing draws 6901 to 7000"
[1] "Chunk time = 2.13536764383316"
[1] "Processing draws 7001 to 7100"
[1] "Chunk time = 2.00953050851822"
[1] "Processing draws 7101 to 7200"
[1] "Chunk time = 2.06043388048808"
[1] "Processing draws 7201 to 7300"
[1] "Chunk time = 2.14127903381983"
[1] "Processing draws 7301 to 7400"
[1] "Chunk time = 1.99242589871089"
[1] "Processing draws 7401 to 7500"
[1] "Chunk time = 1.99673031965892"
[1] "Processing draws 7501 to 7600"
[1] "Chunk time = 2.13811746835709"
[1] "Processing draws 7601 to 7700"
[1] "Chunk time = 1.98403233289719"
[1] "Processing draws 7701 to 7800"
[1] "Chunk time = 1.98537592887878"
[1] "Processing draws 7801 to 7900"
[1] "Chunk time = 2.14667169253031"
[1] "Processing draws 7901 to 8000"
[1] "Chunk time = 2.04467459917068"
[1] "Processing draws 8001 to 8100"
[1] "Chunk time = 1.98897837400436"
[1] "Processing draws 8101 to 8200"
[1] "Chunk time = 2.13065239191055"
[1] "Processing draws 8201 to 8300"
[1] "Chunk time = 2.02039680083593"
[1] "Processing draws 8301 to 8400"
[1] "Chunk time = 2.04473776419957"
[1] "Processing draws 8401 to 8500"
[1] "Chunk time = 2.10751398007075"
[1] "Processing draws 8501 to 8600"
[1] "Chunk time = 1.98114929596583"
[1] "Processing draws 8601 to 8700"
[1] "Chunk time = 1.97639886935552"
[1] "Processing draws 8701 to 8800"
[1] "Chunk time = 2.11132658322652"
[1] "Processing draws 8801 to 8900"
[1] "Chunk time = 1.99722596406937"
[1] "Processing draws 8901 to 9000"
[1] "Chunk time = 2.02127720912298"
[1] "Processing draws 9001 to 9100"
[1] "Chunk time = 2.12734531958898"
[1] "Processing draws 9101 to 9200"
[1] "Chunk time = 2.07556995153427"
[1] "Processing draws 9201 to 9300"
[1] "Chunk time = 2.01918837626775"
[1] "Processing draws 9301 to 9400"
[1] "Chunk time = 2.15461750030518"
[1] "Processing draws 9401 to 9500"
[1] "Chunk time = 2.01738758881887"
[1] "Processing draws 9501 to 9600"
[1] "Chunk time = 2.07241766452789"
[1] "Processing draws 9601 to 9700"
[1] "Chunk time = 2.14670089085897"
[1] "Processing draws 9701 to 9800"
[1] "Chunk time = 2.01621457735697"
[1] "Processing draws 9801 to 9900"
[1] "Chunk time = 1.98730560938517"
[1] "Processing draws 9901 to 10000"
[1] "Chunk time = 2.14012609322866"
[1] "Processing draws 10001 to 10100"
[1] "Chunk time = 1.97644015947978"
[1] "Processing draws 10101 to 10200"
[1] "Chunk time = 1.93695180416107"
[1] "Processing draws 10201 to 10300"
[1] "Chunk time = 2.06367454926173"
[1] "Processing draws 10301 to 10400"
[1] "Chunk time = 1.98789295752843"
[1] "Processing draws 10401 to 10500"
[1] "Chunk time = 1.91915803750356"
[1] "Processing draws 10501 to 10600"
[1] "Chunk time = 2.06740433772405"
[1] "Processing draws 10601 to 10700"
[1] "Chunk time = 1.90991943677266"
[1] "Processing draws 10701 to 10800"
[1] "Chunk time = 1.97771170139313"
[1] "Processing draws 10801 to 10900"
[1] "Chunk time = 2.08318602641424"
[1] "Processing draws 10901 to 11000"
[1] "Chunk time = 1.90941185951233"
[1] "Processing draws 11001 to 11100"
[1] "Chunk time = 1.97890002727509"
[1] "Processing draws 11101 to 11200"
[1] "Chunk time = 2.06849383115768"
[1] "Processing draws 11201 to 11300"
[1] "Chunk time = 1.90133912960688"
[1] "Processing draws 11301 to 11400"
[1] "Chunk time = 1.90152101516724"
[1] "Processing draws 11401 to 11500"
[1] "Chunk time = 2.05646148920059"
[1] "Processing draws 11501 to 11600"
[1] "Chunk time = 1.97601117690404"
[1] "Processing draws 11601 to 11700"
[1] "Chunk time = 1.91331179539363"
[1] "Processing draws 11701 to 11800"
[1] "Chunk time = 2.06545808315277"
[1] "Processing draws 11801 to 11900"
[1] "Chunk time = 1.90133627255758"
[1] "Processing draws 11901 to 12000"
[1] "Chunk time = 1.95969814856847"
[1] "Processing draws 12001 to 12100"
[1] "Chunk time = 2.07778614362081"
[1] "Processing draws 12101 to 12200"
[1] "Chunk time = 1.90536164045334"
[1] "Processing draws 12201 to 12300"
[1] "Chunk time = 1.89517788887024"
[1] "Processing draws 12301 to 12400"
[1] "Chunk time = 2.07197604576747"
[1] "Processing draws 12401 to 12500"
[1] "Chunk time = 1.99168132940928"
[1] "Processing draws 12501 to 12600"
[1] "Chunk time = 1.88893895546595"
[1] "Processing draws 12601 to 12700"
[1] "Chunk time = 2.0645267923673"
[1] "Processing draws 12701 to 12800"
[1] "Chunk time = 1.9606321255366"
[1] "Processing draws 12801 to 12900"
[1] "Chunk time = 1.91488654613495"
[1] "Processing draws 12901 to 13000"
[1] "Chunk time = 2.06574604113897"
[1] "Processing draws 13001 to 13100"
[1] "Chunk time = 1.99410609404246"
[1] "Processing draws 13101 to 13200"
[1] "Chunk time = 2.00247917970022"
[1] "Processing draws 13201 to 13300"
[1] "Chunk time = 2.05877338647842"
[1] "Processing draws 13301 to 13400"
[1] "Chunk time = 1.91294655799866"
[1] "Processing draws 13401 to 13500"
[1] "Chunk time = 1.89749546051025"
[1] "Processing draws 13501 to 13600"
[1] "Chunk time = 2.07461817264557"
[1] "Processing draws 13601 to 13700"
[1] "Chunk time = 1.90882131656011"
[1] "Processing draws 13701 to 13800"
[1] "Chunk time = 1.90274614493052"
[1] "Processing draws 13801 to 13900"
[1] "Chunk time = 2.0193519393603"
[1] "Processing draws 13901 to 14000"
[1] "Chunk time = 1.97397625048955"
[1] "Processing draws 14001 to 14100"
[1] "Chunk time = 1.90090463558833"
[1] "Processing draws 14101 to 14200"
[1] "Chunk time = 2.06312902371089"
[1] "Processing draws 14201 to 14300"
[1] "Chunk time = 1.8958446542422"
[1] "Processing draws 14301 to 14400"
[1] "Chunk time = 1.97826980749766"
[1] "Processing draws 14401 to 14500"
[1] "Chunk time = 2.02840877374013"
[1] "Processing draws 14501 to 14600"
[1] "Chunk time = 1.9953195810318"
[1] "Processing draws 14601 to 14700"
[1] "Chunk time = 1.89941540559133"
[1] "Processing draws 14701 to 14800"
[1] "Chunk time = 2.00853561162949"
[1] "Processing draws 14801 to 14900"
[1] "Chunk time = 1.90476019382477"
[1] "Processing draws 14901 to 15000"
[1] "Chunk time = 1.92189999024073"
[1] "Processing draws 15001 to 15100"
[1] "Chunk time = 2.06246893803279"
[1] "Processing draws 15101 to 15200"
[1] "Chunk time = 1.97720893621445"
[1] "Processing draws 15201 to 15300"
[1] "Chunk time = 1.98951172033946"
[1] "Processing draws 15301 to 15400"
[1] "Chunk time = 2.05505614678065"
[1] "Processing draws 15401 to 15500"
[1] "Chunk time = 1.90331661303838"
[1] "Processing draws 15501 to 15600"
[1] "Chunk time = 1.97772731383642"
[1] "Processing draws 15601 to 15700"
[1] "Chunk time = 2.06310962438583"
[1] "Processing draws 15701 to 15800"
[1] "Chunk time = 1.89955351750056"
[1] "Processing draws 15801 to 15900"
[1] "Chunk time = 1.89620747168859"
[1] "Processing draws 15901 to 16000"
[1] "Chunk time = 2.05923562844594"
[1] "Processing draws 16001 to 16100"
[1] "Chunk time = 1.89892917474111"
[1] "Processing draws 16101 to 16200"
[1] "Chunk time = 1.90411901076635"
[1] "Processing draws 16201 to 16300"
[1] "Chunk time = 2.07519901593526"
[1] "Processing draws 16301 to 16400"
[1] "Chunk time = 1.96513939301173"
[1] "Processing draws 16401 to 16500"
[1] "Chunk time = 1.95201715628306"
[1] "Processing draws 16501 to 16600"
[1] "Chunk time = 1.99388829072316"
[1] "Processing draws 16601 to 16700"
[1] "Chunk time = 1.99861681858699"
[1] "Processing draws 16701 to 16800"
[1] "Chunk time = 1.96291193564733"
[1] "Processing draws 16801 to 16900"
[1] "Chunk time = 2.05841670036316"
[1] "Processing draws 16901 to 17000"
[1] "Chunk time = 1.89704962174098"
[1] "Processing draws 17001 to 17100"
[1] "Chunk time = 1.91554638942083"
[1] "Processing draws 17101 to 17200"
[1] "Chunk time = 2.06772339741389"
[1] "Processing draws 17201 to 17300"
[1] "Chunk time = 1.94862651427587"
[1] "Processing draws 17301 to 17400"
[1] "Chunk time = 1.98473987181981"
[1] "Processing draws 17401 to 17500"
[1] "Chunk time = 2.00826479196548"
[1] "Processing draws 17501 to 17600"
[1] "Chunk time = 1.95503199895223"
[1] "Processing draws 17601 to 17700"
[1] "Chunk time = 1.91702388127645"
[1] "Processing draws 17701 to 17800"
[1] "Chunk time = 2.06061698198318"
[1] "Processing draws 17801 to 17900"
[1] "Chunk time = 1.98043750127157"
[1] "Processing draws 17901 to 18000"
[1] "Chunk time = 1.9702113032341"
[1] "Processing draws 18001 to 18100"
[1] "Chunk time = 2.06078444719315"
[1] "Processing draws 18101 to 18200"
[1] "Chunk time = 1.90335057179133"
[1] "Processing draws 18201 to 18300"
[1] "Chunk time = 1.91694703499476"
[1] "Processing draws 18301 to 18400"
[1] "Chunk time = 2.06393117109935"
[1] "Processing draws 18401 to 18500"
[1] "Chunk time = 1.90248037576675"
[1] "Processing draws 18501 to 18600"
[1] "Chunk time = 1.91600693464279"
[1] "Processing draws 18601 to 18700"
[1] "Chunk time = 2.05980671644211"
[1] "Processing draws 18701 to 18800"
[1] "Chunk time = 1.98649038076401"
[1] "Processing draws 18801 to 18900"
[1] "Chunk time = 1.91531930764516"
[1] "Processing draws 18901 to 19000"
[1] "Chunk time = 2.06046603123347"
[1] "Processing draws 19001 to 19100"
[1] "Chunk time = 1.89990848302841"
[1] "Processing draws 19101 to 19200"
[1] "Chunk time = 1.96654063065847"
[1] "Processing draws 19201 to 19300"
[1] "Chunk time = 2.07720381418864"
[1] "Processing draws 19301 to 19400"
[1] "Chunk time = 1.91933466593424"
[1] "Processing draws 19401 to 19500"
[1] "Chunk time = 1.97652563254038"
[1] "Processing draws 19501 to 19600"
[1] "Chunk time = 1.96359108289083"
[1] "Processing draws 19601 to 19700"
[1] "Chunk time = 1.90273056427638"
[1] "Processing draws 19701 to 19800"
[1] "Chunk time = 1.8984744032224"
[1] "Processing draws 19801 to 19900"
[1] "Chunk time = 1.95225470463435"
[1] "Processing draws 19901 to 20000"
[1] "Chunk time = 1.96687853733699"
[1] "done lapplying"
[1] "Saving current params"
[1] "Saving params to output.rds"
[1] TRUE
[1] "Time for modelling:"
[1] "2025-07-02 06:13:13 EDT"
[1] "Time for posterior computations:"
Time difference of 6.78894 hours
[1] "Total time:"
[1] "2025-07-02 13:00:33 EDT"
