[1] "Starting sampling."
Running MCMC with 4 parallel chains, with 4 thread(s) per chain...

Chain 1 Iteration:    1 / 6000 [  0%]  (Warmup) 
Chain 2 Iteration:    1 / 6000 [  0%]  (Warmup) 
Chain 3 Iteration:    1 / 6000 [  0%]  (Warmup) 
Chain 4 Iteration:    1 / 6000 [  0%]  (Warmup) 
Chain 3 Iteration:  100 / 6000 [  1%]  (Warmup) 
Chain 2 Iteration:  100 / 6000 [  1%]  (Warmup) 
Chain 1 Iteration:  100 / 6000 [  1%]  (Warmup) 
Chain 4 Iteration:  100 / 6000 [  1%]  (Warmup) 
Chain 3 Iteration:  200 / 6000 [  3%]  (Warmup) 
Chain 2 Iteration:  200 / 6000 [  3%]  (Warmup) 
Chain 1 Iteration:  200 / 6000 [  3%]  (Warmup) 
Chain 4 Iteration:  200 / 6000 [  3%]  (Warmup) 
Chain 3 Iteration:  300 / 6000 [  5%]  (Warmup) 
Chain 1 Iteration:  300 / 6000 [  5%]  (Warmup) 
Chain 2 Iteration:  300 / 6000 [  5%]  (Warmup) 
Chain 4 Iteration:  300 / 6000 [  5%]  (Warmup) 
Chain 3 Iteration:  400 / 6000 [  6%]  (Warmup) 
Chain 2 Iteration:  400 / 6000 [  6%]  (Warmup) 
Chain 1 Iteration:  400 / 6000 [  6%]  (Warmup) 
Chain 4 Iteration:  400 / 6000 [  6%]  (Warmup) 
Chain 3 Iteration:  500 / 6000 [  8%]  (Warmup) 
Chain 2 Iteration:  500 / 6000 [  8%]  (Warmup) 
Chain 1 Iteration:  500 / 6000 [  8%]  (Warmup) 
Chain 4 Iteration:  500 / 6000 [  8%]  (Warmup) 
Chain 3 Iteration:  600 / 6000 [ 10%]  (Warmup) 
Chain 2 Iteration:  600 / 6000 [ 10%]  (Warmup) 
Chain 1 Iteration:  600 / 6000 [ 10%]  (Warmup) 
Chain 4 Iteration:  600 / 6000 [ 10%]  (Warmup) 
Chain 3 Iteration:  700 / 6000 [ 11%]  (Warmup) 
Chain 2 Iteration:  700 / 6000 [ 11%]  (Warmup) 
Chain 1 Iteration:  700 / 6000 [ 11%]  (Warmup) 
Chain 4 Iteration:  700 / 6000 [ 11%]  (Warmup) 
Chain 3 Iteration:  800 / 6000 [ 13%]  (Warmup) 
Chain 2 Iteration:  800 / 6000 [ 13%]  (Warmup) 
Chain 1 Iteration:  800 / 6000 [ 13%]  (Warmup) 
Chain 4 Iteration:  800 / 6000 [ 13%]  (Warmup) 
Chain 3 Iteration:  900 / 6000 [ 15%]  (Warmup) 
Chain 2 Iteration:  900 / 6000 [ 15%]  (Warmup) 
Chain 1 Iteration:  900 / 6000 [ 15%]  (Warmup) 
Chain 4 Iteration:  900 / 6000 [ 15%]  (Warmup) 
Chain 3 Iteration: 1000 / 6000 [ 16%]  (Warmup) 
Chain 3 Iteration: 1001 / 6000 [ 16%]  (Sampling) 
Chain 2 Iteration: 1000 / 6000 [ 16%]  (Warmup) 
Chain 2 Iteration: 1001 / 6000 [ 16%]  (Sampling) 
Chain 1 Iteration: 1000 / 6000 [ 16%]  (Warmup) 
Chain 1 Iteration: 1001 / 6000 [ 16%]  (Sampling) 
Chain 4 Iteration: 1000 / 6000 [ 16%]  (Warmup) 
Chain 4 Iteration: 1001 / 6000 [ 16%]  (Sampling) 
Chain 3 Iteration: 1100 / 6000 [ 18%]  (Sampling) 
Chain 2 Iteration: 1100 / 6000 [ 18%]  (Sampling) 
Chain 1 Iteration: 1100 / 6000 [ 18%]  (Sampling) 
Chain 4 Iteration: 1100 / 6000 [ 18%]  (Sampling) 
Chain 3 Iteration: 1200 / 6000 [ 20%]  (Sampling) 
Chain 2 Iteration: 1200 / 6000 [ 20%]  (Sampling) 
Chain 1 Iteration: 1200 / 6000 [ 20%]  (Sampling) 
Chain 4 Iteration: 1200 / 6000 [ 20%]  (Sampling) 
Chain 3 Iteration: 1300 / 6000 [ 21%]  (Sampling) 
Chain 2 Iteration: 1300 / 6000 [ 21%]  (Sampling) 
Chain 1 Iteration: 1300 / 6000 [ 21%]  (Sampling) 
Chain 4 Iteration: 1300 / 6000 [ 21%]  (Sampling) 
Chain 3 Iteration: 1400 / 6000 [ 23%]  (Sampling) 
Chain 2 Iteration: 1400 / 6000 [ 23%]  (Sampling) 
Chain 1 Iteration: 1400 / 6000 [ 23%]  (Sampling) 
Chain 4 Iteration: 1400 / 6000 [ 23%]  (Sampling) 
Chain 3 Iteration: 1500 / 6000 [ 25%]  (Sampling) 
Chain 2 Iteration: 1500 / 6000 [ 25%]  (Sampling) 
Chain 1 Iteration: 1500 / 6000 [ 25%]  (Sampling) 
Chain 4 Iteration: 1500 / 6000 [ 25%]  (Sampling) 
Chain 3 Iteration: 1600 / 6000 [ 26%]  (Sampling) 
Chain 2 Iteration: 1600 / 6000 [ 26%]  (Sampling) 
Chain 1 Iteration: 1600 / 6000 [ 26%]  (Sampling) 
Chain 4 Iteration: 1600 / 6000 [ 26%]  (Sampling) 
Chain 3 Iteration: 1700 / 6000 [ 28%]  (Sampling) 
Chain 2 Iteration: 1700 / 6000 [ 28%]  (Sampling) 
Chain 1 Iteration: 1700 / 6000 [ 28%]  (Sampling) 
Chain 4 Iteration: 1700 / 6000 [ 28%]  (Sampling) 
Chain 3 Iteration: 1800 / 6000 [ 30%]  (Sampling) 
Chain 2 Iteration: 1800 / 6000 [ 30%]  (Sampling) 
Chain 1 Iteration: 1800 / 6000 [ 30%]  (Sampling) 
Chain 4 Iteration: 1800 / 6000 [ 30%]  (Sampling) 
Chain 3 Iteration: 1900 / 6000 [ 31%]  (Sampling) 
Chain 2 Iteration: 1900 / 6000 [ 31%]  (Sampling) 
Chain 1 Iteration: 1900 / 6000 [ 31%]  (Sampling) 
Chain 4 Iteration: 1900 / 6000 [ 31%]  (Sampling) 
Chain 3 Iteration: 2000 / 6000 [ 33%]  (Sampling) 
Chain 2 Iteration: 2000 / 6000 [ 33%]  (Sampling) 
Chain 1 Iteration: 2000 / 6000 [ 33%]  (Sampling) 
Chain 4 Iteration: 2000 / 6000 [ 33%]  (Sampling) 
Chain 3 Iteration: 2100 / 6000 [ 35%]  (Sampling) 
Chain 2 Iteration: 2100 / 6000 [ 35%]  (Sampling) 
Chain 1 Iteration: 2100 / 6000 [ 35%]  (Sampling) 
Chain 4 Iteration: 2100 / 6000 [ 35%]  (Sampling) 
Chain 3 Iteration: 2200 / 6000 [ 36%]  (Sampling) 
Chain 2 Iteration: 2200 / 6000 [ 36%]  (Sampling) 
Chain 1 Iteration: 2200 / 6000 [ 36%]  (Sampling) 
Chain 4 Iteration: 2200 / 6000 [ 36%]  (Sampling) 
Chain 3 Iteration: 2300 / 6000 [ 38%]  (Sampling) 
Chain 2 Iteration: 2300 / 6000 [ 38%]  (Sampling) 
Chain 1 Iteration: 2300 / 6000 [ 38%]  (Sampling) 
Chain 4 Iteration: 2300 / 6000 [ 38%]  (Sampling) 
Chain 3 Iteration: 2400 / 6000 [ 40%]  (Sampling) 
Chain 2 Iteration: 2400 / 6000 [ 40%]  (Sampling) 
Chain 1 Iteration: 2400 / 6000 [ 40%]  (Sampling) 
Chain 4 Iteration: 2400 / 6000 [ 40%]  (Sampling) 
Chain 3 Iteration: 2500 / 6000 [ 41%]  (Sampling) 
Chain 2 Iteration: 2500 / 6000 [ 41%]  (Sampling) 
Chain 1 Iteration: 2500 / 6000 [ 41%]  (Sampling) 
Chain 4 Iteration: 2500 / 6000 [ 41%]  (Sampling) 
Chain 3 Iteration: 2600 / 6000 [ 43%]  (Sampling) 
Chain 2 Iteration: 2600 / 6000 [ 43%]  (Sampling) 
Chain 1 Iteration: 2600 / 6000 [ 43%]  (Sampling) 
Chain 4 Iteration: 2600 / 6000 [ 43%]  (Sampling) 
Chain 3 Iteration: 2700 / 6000 [ 45%]  (Sampling) 
Chain 2 Iteration: 2700 / 6000 [ 45%]  (Sampling) 
Chain 1 Iteration: 2700 / 6000 [ 45%]  (Sampling) 
Chain 4 Iteration: 2700 / 6000 [ 45%]  (Sampling) 
Chain 3 Iteration: 2800 / 6000 [ 46%]  (Sampling) 
Chain 2 Iteration: 2800 / 6000 [ 46%]  (Sampling) 
Chain 1 Iteration: 2800 / 6000 [ 46%]  (Sampling) 
Chain 4 Iteration: 2800 / 6000 [ 46%]  (Sampling) 
Chain 3 Iteration: 2900 / 6000 [ 48%]  (Sampling) 
Chain 2 Iteration: 2900 / 6000 [ 48%]  (Sampling) 
Chain 1 Iteration: 2900 / 6000 [ 48%]  (Sampling) 
Chain 4 Iteration: 2900 / 6000 [ 48%]  (Sampling) 
Chain 3 Iteration: 3000 / 6000 [ 50%]  (Sampling) 
Chain 2 Iteration: 3000 / 6000 [ 50%]  (Sampling) 
Chain 1 Iteration: 3000 / 6000 [ 50%]  (Sampling) 
Chain 4 Iteration: 3000 / 6000 [ 50%]  (Sampling) 
Chain 3 Iteration: 3100 / 6000 [ 51%]  (Sampling) 
Chain 2 Iteration: 3100 / 6000 [ 51%]  (Sampling) 
Chain 1 Iteration: 3100 / 6000 [ 51%]  (Sampling) 
Chain 4 Iteration: 3100 / 6000 [ 51%]  (Sampling) 
Chain 3 Iteration: 3200 / 6000 [ 53%]  (Sampling) 
Chain 2 Iteration: 3200 / 6000 [ 53%]  (Sampling) 
Chain 1 Iteration: 3200 / 6000 [ 53%]  (Sampling) 
Chain 4 Iteration: 3200 / 6000 [ 53%]  (Sampling) 
Chain 3 Iteration: 3300 / 6000 [ 55%]  (Sampling) 
Chain 2 Iteration: 3300 / 6000 [ 55%]  (Sampling) 
Chain 1 Iteration: 3300 / 6000 [ 55%]  (Sampling) 
Chain 4 Iteration: 3300 / 6000 [ 55%]  (Sampling) 
Chain 3 Iteration: 3400 / 6000 [ 56%]  (Sampling) 
Chain 2 Iteration: 3400 / 6000 [ 56%]  (Sampling) 
Chain 1 Iteration: 3400 / 6000 [ 56%]  (Sampling) 
Chain 4 Iteration: 3400 / 6000 [ 56%]  (Sampling) 
Chain 3 Iteration: 3500 / 6000 [ 58%]  (Sampling) 
Chain 2 Iteration: 3500 / 6000 [ 58%]  (Sampling) 
Chain 1 Iteration: 3500 / 6000 [ 58%]  (Sampling) 
Chain 4 Iteration: 3500 / 6000 [ 58%]  (Sampling) 
Chain 3 Iteration: 3600 / 6000 [ 60%]  (Sampling) 
Chain 2 Iteration: 3600 / 6000 [ 60%]  (Sampling) 
Chain 1 Iteration: 3600 / 6000 [ 60%]  (Sampling) 
Chain 4 Iteration: 3600 / 6000 [ 60%]  (Sampling) 
Chain 3 Iteration: 3700 / 6000 [ 61%]  (Sampling) 
Chain 2 Iteration: 3700 / 6000 [ 61%]  (Sampling) 
Chain 1 Iteration: 3700 / 6000 [ 61%]  (Sampling) 
Chain 4 Iteration: 3700 / 6000 [ 61%]  (Sampling) 
Chain 3 Iteration: 3800 / 6000 [ 63%]  (Sampling) 
Chain 2 Iteration: 3800 / 6000 [ 63%]  (Sampling) 
Chain 1 Iteration: 3800 / 6000 [ 63%]  (Sampling) 
Chain 4 Iteration: 3800 / 6000 [ 63%]  (Sampling) 
Chain 3 Iteration: 3900 / 6000 [ 65%]  (Sampling) 
Chain 2 Iteration: 3900 / 6000 [ 65%]  (Sampling) 
Chain 1 Iteration: 3900 / 6000 [ 65%]  (Sampling) 
Chain 4 Iteration: 3900 / 6000 [ 65%]  (Sampling) 
Chain 3 Iteration: 4000 / 6000 [ 66%]  (Sampling) 
Chain 2 Iteration: 4000 / 6000 [ 66%]  (Sampling) 
Chain 1 Iteration: 4000 / 6000 [ 66%]  (Sampling) 
Chain 4 Iteration: 4000 / 6000 [ 66%]  (Sampling) 
Chain 3 Iteration: 4100 / 6000 [ 68%]  (Sampling) 
Chain 2 Iteration: 4100 / 6000 [ 68%]  (Sampling) 
Chain 1 Iteration: 4100 / 6000 [ 68%]  (Sampling) 
Chain 4 Iteration: 4100 / 6000 [ 68%]  (Sampling) 
Chain 3 Iteration: 4200 / 6000 [ 70%]  (Sampling) 
Chain 2 Iteration: 4200 / 6000 [ 70%]  (Sampling) 
Chain 1 Iteration: 4200 / 6000 [ 70%]  (Sampling) 
Chain 4 Iteration: 4200 / 6000 [ 70%]  (Sampling) 
Chain 3 Iteration: 4300 / 6000 [ 71%]  (Sampling) 
Chain 2 Iteration: 4300 / 6000 [ 71%]  (Sampling) 
Chain 1 Iteration: 4300 / 6000 [ 71%]  (Sampling) 
Chain 4 Iteration: 4300 / 6000 [ 71%]  (Sampling) 
Chain 3 Iteration: 4400 / 6000 [ 73%]  (Sampling) 
Chain 2 Iteration: 4400 / 6000 [ 73%]  (Sampling) 
Chain 1 Iteration: 4400 / 6000 [ 73%]  (Sampling) 
Chain 4 Iteration: 4400 / 6000 [ 73%]  (Sampling) 
Chain 3 Iteration: 4500 / 6000 [ 75%]  (Sampling) 
Chain 2 Iteration: 4500 / 6000 [ 75%]  (Sampling) 
Chain 1 Iteration: 4500 / 6000 [ 75%]  (Sampling) 
Chain 4 Iteration: 4500 / 6000 [ 75%]  (Sampling) 
Chain 3 Iteration: 4600 / 6000 [ 76%]  (Sampling) 
Chain 2 Iteration: 4600 / 6000 [ 76%]  (Sampling) 
Chain 1 Iteration: 4600 / 6000 [ 76%]  (Sampling) 
Chain 4 Iteration: 4600 / 6000 [ 76%]  (Sampling) 
Chain 3 Iteration: 4700 / 6000 [ 78%]  (Sampling) 
Chain 2 Iteration: 4700 / 6000 [ 78%]  (Sampling) 
Chain 1 Iteration: 4700 / 6000 [ 78%]  (Sampling) 
Chain 4 Iteration: 4700 / 6000 [ 78%]  (Sampling) 
Chain 3 Iteration: 4800 / 6000 [ 80%]  (Sampling) 
Chain 2 Iteration: 4800 / 6000 [ 80%]  (Sampling) 
Chain 1 Iteration: 4800 / 6000 [ 80%]  (Sampling) 
Chain 4 Iteration: 4800 / 6000 [ 80%]  (Sampling) 
Chain 3 Iteration: 4900 / 6000 [ 81%]  (Sampling) 
Chain 2 Iteration: 4900 / 6000 [ 81%]  (Sampling) 
Chain 1 Iteration: 4900 / 6000 [ 81%]  (Sampling) 
Chain 4 Iteration: 4900 / 6000 [ 81%]  (Sampling) 
Chain 3 Iteration: 5000 / 6000 [ 83%]  (Sampling) 
Chain 2 Iteration: 5000 / 6000 [ 83%]  (Sampling) 
Chain 1 Iteration: 5000 / 6000 [ 83%]  (Sampling) 
Chain 4 Iteration: 5000 / 6000 [ 83%]  (Sampling) 
Chain 3 Iteration: 5100 / 6000 [ 85%]  (Sampling) 
Chain 2 Iteration: 5100 / 6000 [ 85%]  (Sampling) 
Chain 1 Iteration: 5100 / 6000 [ 85%]  (Sampling) 
Chain 4 Iteration: 5100 / 6000 [ 85%]  (Sampling) 
Chain 3 Iteration: 5200 / 6000 [ 86%]  (Sampling) 
Chain 2 Iteration: 5200 / 6000 [ 86%]  (Sampling) 
Chain 1 Iteration: 5200 / 6000 [ 86%]  (Sampling) 
Chain 4 Iteration: 5200 / 6000 [ 86%]  (Sampling) 
Chain 3 Iteration: 5300 / 6000 [ 88%]  (Sampling) 
Chain 2 Iteration: 5300 / 6000 [ 88%]  (Sampling) 
Chain 1 Iteration: 5300 / 6000 [ 88%]  (Sampling) 
Chain 4 Iteration: 5300 / 6000 [ 88%]  (Sampling) 
Chain 3 Iteration: 5400 / 6000 [ 90%]  (Sampling) 
Chain 2 Iteration: 5400 / 6000 [ 90%]  (Sampling) 
Chain 1 Iteration: 5400 / 6000 [ 90%]  (Sampling) 
Chain 4 Iteration: 5400 / 6000 [ 90%]  (Sampling) 
Chain 3 Iteration: 5500 / 6000 [ 91%]  (Sampling) 
Chain 2 Iteration: 5500 / 6000 [ 91%]  (Sampling) 
Chain 1 Iteration: 5500 / 6000 [ 91%]  (Sampling) 
Chain 4 Iteration: 5500 / 6000 [ 91%]  (Sampling) 
Chain 3 Iteration: 5600 / 6000 [ 93%]  (Sampling) 
Chain 2 Iteration: 5600 / 6000 [ 93%]  (Sampling) 
Chain 1 Iteration: 5600 / 6000 [ 93%]  (Sampling) 
Chain 4 Iteration: 5600 / 6000 [ 93%]  (Sampling) 
Chain 3 Iteration: 5700 / 6000 [ 95%]  (Sampling) 
Chain 2 Iteration: 5700 / 6000 [ 95%]  (Sampling) 
Chain 1 Iteration: 5700 / 6000 [ 95%]  (Sampling) 
Chain 4 Iteration: 5700 / 6000 [ 95%]  (Sampling) 
Chain 3 Iteration: 5800 / 6000 [ 96%]  (Sampling) 
Chain 2 Iteration: 5800 / 6000 [ 96%]  (Sampling) 
Chain 1 Iteration: 5800 / 6000 [ 96%]  (Sampling) 
Chain 4 Iteration: 5800 / 6000 [ 96%]  (Sampling) 
Chain 3 Iteration: 5900 / 6000 [ 98%]  (Sampling) 
Chain 2 Iteration: 5900 / 6000 [ 98%]  (Sampling) 
Chain 1 Iteration: 5900 / 6000 [ 98%]  (Sampling) 
Chain 4 Iteration: 5900 / 6000 [ 98%]  (Sampling) 
Chain 3 Iteration: 6000 / 6000 [100%]  (Sampling) 
Chain 3 finished in 2339.7 seconds.
Chain 2 Iteration: 6000 / 6000 [100%]  (Sampling) 
Chain 2 finished in 2348.4 seconds.
Chain 1 Iteration: 6000 / 6000 [100%]  (Sampling) 
Chain 1 finished in 2353.4 seconds.
Chain 4 Iteration: 6000 / 6000 [100%]  (Sampling) 
Chain 4 finished in 2370.0 seconds.

All 4 chains finished successfully.
Mean chain execution time: 2352.9 seconds.
Total execution time: 2370.3 seconds.

[1] "Processing draws 1 to 100"
[1] "Chunk time = 37.8953528404236"
[1] "Processing draws 101 to 200"
[1] "Chunk time = 12.7731745243073"
[1] "Processing draws 201 to 300"
[1] "Chunk time = 12.3085830211639"
[1] "Processing draws 301 to 400"
[1] "Chunk time = 12.5483951568604"
[1] "Processing draws 401 to 500"
[1] "Chunk time = 12.3439247608185"
[1] "Processing draws 501 to 600"
[1] "Chunk time = 12.5378749370575"
[1] "Processing draws 601 to 700"
[1] "Chunk time = 12.4552969932556"
[1] "Processing draws 701 to 800"
[1] "Chunk time = 12.2139267921448"
[1] "Processing draws 801 to 900"
[1] "Chunk time = 12.7043504714966"
[1] "Processing draws 901 to 1000"
[1] "Chunk time = 12.2268829345703"
[1] "Processing draws 1001 to 1100"
[1] "Chunk time = 12.5880081653595"
[1] "Processing draws 1101 to 1200"
[1] "Chunk time = 12.318963766098"
[1] "Processing draws 1201 to 1300"
[1] "Chunk time = 13.0428621768951"
[1] "Processing draws 1301 to 1400"
[1] "Chunk time = 12.2364971637726"
[1] "Processing draws 1401 to 1500"
[1] "Chunk time = 12.658961057663"
[1] "Processing draws 1501 to 1600"
[1] "Chunk time = 12.2151007652283"
[1] "Processing draws 1601 to 1700"
[1] "Chunk time = 12.6784443855286"
[1] "Processing draws 1701 to 1800"
[1] "Chunk time = 12.2171885967255"
[1] "Processing draws 1801 to 1900"
[1] "Chunk time = 12.6708776950836"
[1] "Processing draws 1901 to 2000"
[1] "Chunk time = 12.575394153595"
[1] "Processing draws 2001 to 2100"
[1] "Chunk time = 12.4929835796356"
[1] "Processing draws 2101 to 2200"
[1] "Chunk time = 12.5392990112305"
[1] "Processing draws 2201 to 2300"
[1] "Chunk time = 12.2647173404694"
[1] "Processing draws 2301 to 2400"
[1] "Chunk time = 12.5315310955048"
[1] "Processing draws 2401 to 2500"
[1] "Chunk time = 12.2204420566559"
[1] "Processing draws 2501 to 2600"
[1] "Chunk time = 12.4195172786713"
[1] "Processing draws 2601 to 2700"
[1] "Chunk time = 12.3516881465912"
[1] "Processing draws 2701 to 2800"
[1] "Chunk time = 12.4043705463409"
[1] "Processing draws 2801 to 2900"
[1] "Chunk time = 12.3414916992188"
[1] "Processing draws 2901 to 3000"
[1] "Chunk time = 12.4652147293091"
[1] "Processing draws 3001 to 3100"
[1] "Chunk time = 12.3028287887573"
[1] "Processing draws 3101 to 3200"
[1] "Chunk time = 12.4603676795959"
[1] "Processing draws 3201 to 3300"
[1] "Chunk time = 12.51105427742"
[1] "Processing draws 3301 to 3400"
[1] "Chunk time = 12.4589278697968"
[1] "Processing draws 3401 to 3500"
[1] "Chunk time = 12.6121797561646"
[1] "Processing draws 3501 to 3600"
[1] "Chunk time = 12.4459941387177"
[1] "Processing draws 3601 to 3700"
[1] "Chunk time = 12.2576100826263"
[1] "Processing draws 3701 to 3800"
[1] "Chunk time = 12.1481130123138"
[1] "Processing draws 3801 to 3900"
[1] "Chunk time = 12.2319955825806"
[1] "Processing draws 3901 to 4000"
[1] "Chunk time = 12.1417162418365"
[1] "Processing draws 4001 to 4100"
[1] "Chunk time = 12.2712335586548"
[1] "Processing draws 4101 to 4200"
[1] "Chunk time = 12.1309628486633"
[1] "Processing draws 4201 to 4300"
[1] "Chunk time = 12.2138185501099"
[1] "Processing draws 4301 to 4400"
[1] "Chunk time = 12.2191853523254"
[1] "Processing draws 4401 to 4500"
[1] "Chunk time = 12.4929938316345"
[1] "Processing draws 4501 to 4600"
[1] "Chunk time = 12.3721699714661"
[1] "Processing draws 4601 to 4700"
[1] "Chunk time = 12.3648703098297"
[1] "Processing draws 4701 to 4800"
[1] "Chunk time = 12.3029429912567"
[1] "Processing draws 4801 to 4900"
[1] "Chunk time = 12.2526760101318"
[1] "Processing draws 4901 to 5000"
[1] "Chunk time = 12.3629410266876"
[1] "Processing draws 5001 to 5100"
[1] "Chunk time = 12.3865911960602"
[1] "Processing draws 5101 to 5200"
[1] "Chunk time = 12.5611760616302"
[1] "Processing draws 5201 to 5300"
[1] "Chunk time = 12.2760186195374"
[1] "Processing draws 5301 to 5400"
[1] "Chunk time = 12.2692680358887"
[1] "Processing draws 5401 to 5500"
[1] "Chunk time = 12.0621535778046"
[1] "Processing draws 5501 to 5600"
[1] "Chunk time = 12.2265529632568"
[1] "Processing draws 5601 to 5700"
[1] "Chunk time = 12.1562163829803"
[1] "Processing draws 5701 to 5800"
[1] "Chunk time = 12.2645888328552"
[1] "Processing draws 5801 to 5900"
[1] "Chunk time = 12.6446809768677"
[1] "Processing draws 5901 to 6000"
[1] "Chunk time = 12.4050180912018"
[1] "Processing draws 6001 to 6100"
[1] "Chunk time = 12.4679355621338"
[1] "Processing draws 6101 to 6200"
[1] "Chunk time = 12.459489107132"
[1] "Processing draws 6201 to 6300"
[1] "Chunk time = 12.3513939380646"
[1] "Processing draws 6301 to 6400"
[1] "Chunk time = 12.3020820617676"
[1] "Processing draws 6401 to 6500"
[1] "Chunk time = 12.3290994167328"
[1] "Processing draws 6501 to 6600"
[1] "Chunk time = 12.4801218509674"
[1] "Processing draws 6601 to 6700"
[1] "Chunk time = 12.4015467166901"
[1] "Processing draws 6701 to 6800"
[1] "Chunk time = 12.3116126060486"
[1] "Processing draws 6801 to 6900"
[1] "Chunk time = 12.6786715984344"
[1] "Processing draws 6901 to 7000"
[1] "Chunk time = 12.2606129646301"
[1] "Processing draws 7001 to 7100"
[1] "Chunk time = 12.7288980484009"
[1] "Processing draws 7101 to 7200"
[1] "Chunk time = 12.419184923172"
[1] "Processing draws 7201 to 7300"
[1] "Chunk time = 12.1652359962463"
[1] "Processing draws 7301 to 7400"
[1] "Chunk time = 12.4891545772552"
[1] "Processing draws 7401 to 7500"
[1] "Chunk time = 12.2702777385712"
[1] "Processing draws 7501 to 7600"
[1] "Chunk time = 12.4720509052277"
[1] "Processing draws 7601 to 7700"
[1] "Chunk time = 12.3985431194305"
[1] "Processing draws 7701 to 7800"
[1] "Chunk time = 12.5751307010651"
[1] "Processing draws 7801 to 7900"
[1] "Chunk time = 12.2584743499756"
[1] "Processing draws 7901 to 8000"
[1] "Chunk time = 12.6634674072266"
[1] "Processing draws 8001 to 8100"
[1] "Chunk time = 12.380448102951"
[1] "Processing draws 8101 to 8200"
[1] "Chunk time = 12.565052986145"
[1] "Processing draws 8201 to 8300"
[1] "Chunk time = 12.4247772693634"
[1] "Processing draws 8301 to 8400"
[1] "Chunk time = 12.4784865379333"
[1] "Processing draws 8401 to 8500"
[1] "Chunk time = 12.4138562679291"
[1] "Processing draws 8501 to 8600"
[1] "Chunk time = 12.0124700069427"
[1] "Processing draws 8601 to 8700"
[1] "Chunk time = 12.3092775344849"
[1] "Processing draws 8701 to 8800"
[1] "Chunk time = 12.0446102619171"
[1] "Processing draws 8801 to 8900"
[1] "Chunk time = 12.4181020259857"
[1] "Processing draws 8901 to 9000"
[1] "Chunk time = 12.2633566856384"
[1] "Processing draws 9001 to 9100"
[1] "Chunk time = 12.4372570514679"
[1] "Processing draws 9101 to 9200"
[1] "Chunk time = 12.3934614658356"
[1] "Processing draws 9201 to 9300"
[1] "Chunk time = 12.6852672100067"
[1] "Processing draws 9301 to 9400"
[1] "Chunk time = 12.6371173858643"
[1] "Processing draws 9401 to 9500"
[1] "Chunk time = 12.4747941493988"
[1] "Processing draws 9501 to 9600"
[1] "Chunk time = 12.3364851474762"
[1] "Processing draws 9601 to 9700"
[1] "Chunk time = 12.3444833755493"
[1] "Processing draws 9701 to 9800"
[1] "Chunk time = 12.8042421340942"
[1] "Processing draws 9801 to 9900"
[1] "Chunk time = 12.3325543403625"
[1] "Processing draws 9901 to 10000"
[1] "Chunk time = 12.5616888999939"
[1] "Processing draws 10001 to 10100"
[1] "Chunk time = 12.5467953681946"
[1] "Processing draws 10101 to 10200"
[1] "Chunk time = 12.7347068786621"
[1] "Processing draws 10201 to 10300"
[1] "Chunk time = 12.4811644554138"
[1] "Processing draws 10301 to 10400"
[1] "Chunk time = 12.4909780025482"
[1] "Processing draws 10401 to 10500"
[1] "Chunk time = 12.5938785076141"
[1] "Processing draws 10501 to 10600"
[1] "Chunk time = 12.781298160553"
[1] "Processing draws 10601 to 10700"
[1] "Chunk time = 12.3464775085449"
[1] "Processing draws 10701 to 10800"
[1] "Chunk time = 13.0010011196136"
[1] "Processing draws 10801 to 10900"
[1] "Chunk time = 12.3059527873993"
[1] "Processing draws 10901 to 11000"
[1] "Chunk time = 12.7545628547668"
[1] "Processing draws 11001 to 11100"
[1] "Chunk time = 12.8031079769135"
[1] "Processing draws 11101 to 11200"
[1] "Chunk time = 12.7913773059845"
[1] "Processing draws 11201 to 11300"
[1] "Chunk time = 12.7228968143463"
[1] "Processing draws 11301 to 11400"
[1] "Chunk time = 12.4496748447418"
[1] "Processing draws 11401 to 11500"
[1] "Chunk time = 12.68568110466"
[1] "Processing draws 11501 to 11600"
[1] "Chunk time = 12.5839569568634"
[1] "Processing draws 11601 to 11700"
[1] "Chunk time = 12.5967319011688"
[1] "Processing draws 11701 to 11800"
[1] "Chunk time = 12.4891834259033"
[1] "Processing draws 11801 to 11900"
[1] "Chunk time = 12.9235146045685"
[1] "Processing draws 11901 to 12000"
[1] "Chunk time = 12.4636840820312"
[1] "Processing draws 12001 to 12100"
[1] "Chunk time = 12.7105436325073"
[1] "Processing draws 12101 to 12200"
[1] "Chunk time = 12.400043964386"
[1] "Processing draws 12201 to 12300"
[1] "Chunk time = 12.7435295581818"
[1] "Processing draws 12301 to 12400"
[1] "Chunk time = 12.4410603046417"
[1] "Processing draws 12401 to 12500"
[1] "Chunk time = 12.4005694389343"
[1] "Processing draws 12501 to 12600"
[1] "Chunk time = 12.609210729599"
[1] "Processing draws 12601 to 12700"
[1] "Chunk time = 12.4876091480255"
[1] "Processing draws 12701 to 12800"
[1] "Chunk time = 13.0061948299408"
[1] "Processing draws 12801 to 12900"
[1] "Chunk time = 12.5880324840546"
[1] "Processing draws 12901 to 13000"
[1] "Chunk time = 12.7928977012634"
[1] "Processing draws 13001 to 13100"
[1] "Chunk time = 12.3002610206604"
[1] "Processing draws 13101 to 13200"
[1] "Chunk time = 12.7612247467041"
[1] "Processing draws 13201 to 13300"
[1] "Chunk time = 12.4829416275024"
[1] "Processing draws 13301 to 13400"
[1] "Chunk time = 12.8553695678711"
[1] "Processing draws 13401 to 13500"
[1] "Chunk time = 12.3571486473083"
[1] "Processing draws 13501 to 13600"
[1] "Chunk time = 12.6756086349487"
[1] "Processing draws 13601 to 13700"
[1] "Chunk time = 12.398886680603"
[1] "Processing draws 13701 to 13800"
[1] "Chunk time = 12.2931010723114"
[1] "Processing draws 13801 to 13900"
[1] "Chunk time = 12.5306217670441"
[1] "Processing draws 13901 to 14000"
[1] "Chunk time = 12.4729325771332"
[1] "Processing draws 14001 to 14100"
[1] "Chunk time = 12.741840839386"
[1] "Processing draws 14101 to 14200"
[1] "Chunk time = 12.9003174304962"
[1] "Processing draws 14201 to 14300"
[1] "Chunk time = 12.7309074401855"
[1] "Processing draws 14301 to 14400"
[1] "Chunk time = 12.4614827632904"
[1] "Processing draws 14401 to 14500"
[1] "Chunk time = 12.5569107532501"
[1] "Processing draws 14501 to 14600"
[1] "Chunk time = 12.2282166481018"
[1] "Processing draws 14601 to 14700"
[1] "Chunk time = 12.5620129108429"
[1] "Processing draws 14701 to 14800"
[1] "Chunk time = 12.3203122615814"
[1] "Processing draws 14801 to 14900"
[1] "Chunk time = 12.5829930305481"
[1] "Processing draws 14901 to 15000"
[1] "Chunk time = 12.5736865997314"
[1] "Processing draws 15001 to 15100"
[1] "Chunk time = 12.3522565364838"
[1] "Processing draws 15101 to 15200"
[1] "Chunk time = 12.4563412666321"
[1] "Processing draws 15201 to 15300"
[1] "Chunk time = 12.4583265781403"
[1] "Processing draws 15301 to 15400"
[1] "Chunk time = 12.6525776386261"
[1] "Processing draws 15401 to 15500"
[1] "Chunk time = 12.326896905899"
[1] "Processing draws 15501 to 15600"
[1] "Chunk time = 12.7645783424377"
[1] "Processing draws 15601 to 15700"
[1] "Chunk time = 12.3245007991791"
[1] "Processing draws 15701 to 15800"
[1] "Chunk time = 12.8362929821014"
[1] "Processing draws 15801 to 15900"
[1] "Chunk time = 12.3960726261139"
[1] "Processing draws 15901 to 16000"
[1] "Chunk time = 12.7651958465576"
[1] "Processing draws 16001 to 16100"
[1] "Chunk time = 12.6978838443756"
[1] "Processing draws 16101 to 16200"
[1] "Chunk time = 12.8041915893555"
[1] "Processing draws 16201 to 16300"
[1] "Chunk time = 12.7038707733154"
[1] "Processing draws 16301 to 16400"
[1] "Chunk time = 12.689110994339"
[1] "Processing draws 16401 to 16500"
[1] "Chunk time = 12.6614463329315"
[1] "Processing draws 16501 to 16600"
[1] "Chunk time = 12.3755655288696"
[1] "Processing draws 16601 to 16700"
[1] "Chunk time = 12.7327082157135"
[1] "Processing draws 16701 to 16800"
[1] "Chunk time = 12.5301277637482"
[1] "Processing draws 16801 to 16900"
[1] "Chunk time = 12.7202498912811"
[1] "Processing draws 16901 to 17000"
[1] "Chunk time = 12.6170787811279"
[1] "Processing draws 17001 to 17100"
[1] "Chunk time = 12.7217407226562"
[1] "Processing draws 17101 to 17200"
[1] "Chunk time = 12.5447525978088"
[1] "Processing draws 17201 to 17300"
[1] "Chunk time = 12.5062458515167"
[1] "Processing draws 17301 to 17400"
[1] "Chunk time = 12.4440450668335"
[1] "Processing draws 17401 to 17500"
[1] "Chunk time = 12.6283586025238"
[1] "Processing draws 17501 to 17600"
[1] "Chunk time = 12.6823837757111"
[1] "Processing draws 17601 to 17700"
[1] "Chunk time = 12.4209275245667"
[1] "Processing draws 17701 to 17800"
[1] "Chunk time = 12.6332550048828"
[1] "Processing draws 17801 to 17900"
[1] "Chunk time = 12.5463092327118"
[1] "Processing draws 17901 to 18000"
[1] "Chunk time = 12.580230474472"
[1] "Processing draws 18001 to 18100"
[1] "Chunk time = 12.5156321525574"
[1] "Processing draws 18101 to 18200"
[1] "Chunk time = 12.795910358429"
[1] "Processing draws 18201 to 18300"
[1] "Chunk time = 12.565306186676"
[1] "Processing draws 18301 to 18400"
[1] "Chunk time = 12.6846461296082"
[1] "Processing draws 18401 to 18500"
[1] "Chunk time = 12.3654525279999"
[1] "Processing draws 18501 to 18600"
[1] "Chunk time = 12.5712599754333"
[1] "Processing draws 18601 to 18700"
[1] "Chunk time = 12.4834108352661"
[1] "Processing draws 18701 to 18800"
[1] "Chunk time = 12.4081892967224"
[1] "Processing draws 18801 to 18900"
[1] "Chunk time = 12.5877890586853"
[1] "Processing draws 18901 to 19000"
[1] "Chunk time = 12.336535692215"
[1] "Processing draws 19001 to 19100"
[1] "Chunk time = 12.4431502819061"
[1] "Processing draws 19101 to 19200"
[1] "Chunk time = 12.2795767784119"
[1] "Processing draws 19201 to 19300"
[1] "Chunk time = 12.5429828166962"
[1] "Processing draws 19301 to 19400"
[1] "Chunk time = 12.5157759189606"
[1] "Processing draws 19401 to 19500"
[1] "Chunk time = 12.6295638084412"
[1] "Processing draws 19501 to 19600"
[1] "Chunk time = 12.3006458282471"
[1] "Processing draws 19601 to 19700"
[1] "Chunk time = 12.7842724323273"
[1] "Processing draws 19701 to 19800"
[1] "Chunk time = 12.3717107772827"
[1] "Processing draws 19801 to 19900"
[1] "Chunk time = 12.8513231277466"
[1] "Processing draws 19901 to 20000"
[1] "Chunk time = 12.3743133544922"
[1] "done lapplying"
[1] "Saving current params"
[1] "Saving params to output.rds"
[1] TRUE
