[1] "Starting sampling."
Running MCMC with 4 parallel chains, with 4 thread(s) per chain...

Chain 1 Iteration:    1 / 6000 [  0%]  (Warmup) 
Chain 2 Iteration:    1 / 6000 [  0%]  (Warmup) 
Chain 3 Iteration:    1 / 6000 [  0%]  (Warmup) 
Chain 4 Iteration:    1 / 6000 [  0%]  (Warmup) 
Chain 3 Iteration:  100 / 6000 [  1%]  (Warmup) 
Chain 3 Iteration:  200 / 6000 [  3%]  (Warmup) 
Chain 1 Iteration:  100 / 6000 [  1%]  (Warmup) 
Chain 2 Iteration:  100 / 6000 [  1%]  (Warmup) 
Chain 4 Iteration:  100 / 6000 [  1%]  (Warmup) 
Chain 3 Iteration:  300 / 6000 [  5%]  (Warmup) 
Chain 1 Iteration:  200 / 6000 [  3%]  (Warmup) 
Chain 2 Iteration:  200 / 6000 [  3%]  (Warmup) 
Chain 4 Iteration:  200 / 6000 [  3%]  (Warmup) 
Chain 3 Iteration:  400 / 6000 [  6%]  (Warmup) 
Chain 1 Iteration:  300 / 6000 [  5%]  (Warmup) 
Chain 3 Iteration:  500 / 6000 [  8%]  (Warmup) 
Chain 4 Iteration:  300 / 6000 [  5%]  (Warmup) 
Chain 2 Iteration:  300 / 6000 [  5%]  (Warmup) 
Chain 3 Iteration:  600 / 6000 [ 10%]  (Warmup) 
Chain 1 Iteration:  400 / 6000 [  6%]  (Warmup) 
Chain 4 Iteration:  400 / 6000 [  6%]  (Warmup) 
Chain 2 Iteration:  400 / 6000 [  6%]  (Warmup) 
Chain 3 Iteration:  700 / 6000 [ 11%]  (Warmup) 
Chain 1 Iteration:  500 / 6000 [  8%]  (Warmup) 
Chain 4 Iteration:  500 / 6000 [  8%]  (Warmup) 
Chain 2 Iteration:  500 / 6000 [  8%]  (Warmup) 
Chain 3 Iteration:  800 / 6000 [ 13%]  (Warmup) 
Chain 3 Iteration:  900 / 6000 [ 15%]  (Warmup) 
Chain 1 Iteration:  600 / 6000 [ 10%]  (Warmup) 
Chain 4 Iteration:  600 / 6000 [ 10%]  (Warmup) 
Chain 2 Iteration:  600 / 6000 [ 10%]  (Warmup) 
Chain 3 Iteration: 1000 / 6000 [ 16%]  (Warmup) 
Chain 3 Iteration: 1001 / 6000 [ 16%]  (Sampling) 
Chain 4 Iteration:  700 / 6000 [ 11%]  (Warmup) 
Chain 1 Iteration:  700 / 6000 [ 11%]  (Warmup) 
Chain 2 Iteration:  700 / 6000 [ 11%]  (Warmup) 
Chain 3 Iteration: 1100 / 6000 [ 18%]  (Sampling) 
Chain 4 Iteration:  800 / 6000 [ 13%]  (Warmup) 
Chain 1 Iteration:  800 / 6000 [ 13%]  (Warmup) 
Chain 2 Iteration:  800 / 6000 [ 13%]  (Warmup) 
Chain 3 Iteration: 1200 / 6000 [ 20%]  (Sampling) 
Chain 4 Iteration:  900 / 6000 [ 15%]  (Warmup) 
Chain 1 Iteration:  900 / 6000 [ 15%]  (Warmup) 
Chain 2 Iteration:  900 / 6000 [ 15%]  (Warmup) 
Chain 3 Iteration: 1300 / 6000 [ 21%]  (Sampling) 
Chain 4 Iteration: 1000 / 6000 [ 16%]  (Warmup) 
Chain 4 Iteration: 1001 / 6000 [ 16%]  (Sampling) 
Chain 1 Iteration: 1000 / 6000 [ 16%]  (Warmup) 
Chain 1 Iteration: 1001 / 6000 [ 16%]  (Sampling) 
Chain 2 Iteration: 1000 / 6000 [ 16%]  (Warmup) 
Chain 2 Iteration: 1001 / 6000 [ 16%]  (Sampling) 
Chain 3 Iteration: 1400 / 6000 [ 23%]  (Sampling) 
Chain 4 Iteration: 1100 / 6000 [ 18%]  (Sampling) 
Chain 3 Iteration: 1500 / 6000 [ 25%]  (Sampling) 
Chain 1 Iteration: 1100 / 6000 [ 18%]  (Sampling) 
Chain 2 Iteration: 1100 / 6000 [ 18%]  (Sampling) 
Chain 3 Iteration: 1600 / 6000 [ 26%]  (Sampling) 
Chain 4 Iteration: 1200 / 6000 [ 20%]  (Sampling) 
Chain 2 Iteration: 1200 / 6000 [ 20%]  (Sampling) 
Chain 1 Iteration: 1200 / 6000 [ 20%]  (Sampling) 
Chain 3 Iteration: 1700 / 6000 [ 28%]  (Sampling) 
Chain 4 Iteration: 1300 / 6000 [ 21%]  (Sampling) 
Chain 2 Iteration: 1300 / 6000 [ 21%]  (Sampling) 
Chain 1 Iteration: 1300 / 6000 [ 21%]  (Sampling) 
Chain 3 Iteration: 1800 / 6000 [ 30%]  (Sampling) 
Chain 4 Iteration: 1400 / 6000 [ 23%]  (Sampling) 
Chain 2 Iteration: 1400 / 6000 [ 23%]  (Sampling) 
Chain 1 Iteration: 1400 / 6000 [ 23%]  (Sampling) 
Chain 3 Iteration: 1900 / 6000 [ 31%]  (Sampling) 
Chain 4 Iteration: 1500 / 6000 [ 25%]  (Sampling) 
Chain 3 Iteration: 2000 / 6000 [ 33%]  (Sampling) 
Chain 2 Iteration: 1500 / 6000 [ 25%]  (Sampling) 
Chain 1 Iteration: 1500 / 6000 [ 25%]  (Sampling) 
Chain 3 Iteration: 2100 / 6000 [ 35%]  (Sampling) 
Chain 4 Iteration: 1600 / 6000 [ 26%]  (Sampling) 
Chain 2 Iteration: 1600 / 6000 [ 26%]  (Sampling) 
Chain 1 Iteration: 1600 / 6000 [ 26%]  (Sampling) 
Chain 3 Iteration: 2200 / 6000 [ 36%]  (Sampling) 
Chain 4 Iteration: 1700 / 6000 [ 28%]  (Sampling) 
Chain 2 Iteration: 1700 / 6000 [ 28%]  (Sampling) 
Chain 1 Iteration: 1700 / 6000 [ 28%]  (Sampling) 
Chain 3 Iteration: 2300 / 6000 [ 38%]  (Sampling) 
Chain 4 Iteration: 1800 / 6000 [ 30%]  (Sampling) 
Chain 2 Iteration: 1800 / 6000 [ 30%]  (Sampling) 
Chain 1 Iteration: 1800 / 6000 [ 30%]  (Sampling) 
Chain 3 Iteration: 2400 / 6000 [ 40%]  (Sampling) 
Chain 4 Iteration: 1900 / 6000 [ 31%]  (Sampling) 
Chain 2 Iteration: 1900 / 6000 [ 31%]  (Sampling) 
Chain 3 Iteration: 2500 / 6000 [ 41%]  (Sampling) 
Chain 1 Iteration: 1900 / 6000 [ 31%]  (Sampling) 
Chain 4 Iteration: 2000 / 6000 [ 33%]  (Sampling) 
Chain 3 Iteration: 2600 / 6000 [ 43%]  (Sampling) 
Chain 2 Iteration: 2000 / 6000 [ 33%]  (Sampling) 
Chain 1 Iteration: 2000 / 6000 [ 33%]  (Sampling) 
Chain 3 Iteration: 2700 / 6000 [ 45%]  (Sampling) 
Chain 4 Iteration: 2100 / 6000 [ 35%]  (Sampling) 
Chain 2 Iteration: 2100 / 6000 [ 35%]  (Sampling) 
Chain 1 Iteration: 2100 / 6000 [ 35%]  (Sampling) 
Chain 3 Iteration: 2800 / 6000 [ 46%]  (Sampling) 
Chain 4 Iteration: 2200 / 6000 [ 36%]  (Sampling) 
Chain 2 Iteration: 2200 / 6000 [ 36%]  (Sampling) 
Chain 1 Iteration: 2200 / 6000 [ 36%]  (Sampling) 
Chain 3 Iteration: 2900 / 6000 [ 48%]  (Sampling) 
Chain 4 Iteration: 2300 / 6000 [ 38%]  (Sampling) 
Chain 2 Iteration: 2300 / 6000 [ 38%]  (Sampling) 
Chain 3 Iteration: 3000 / 6000 [ 50%]  (Sampling) 
Chain 1 Iteration: 2300 / 6000 [ 38%]  (Sampling) 
Chain 4 Iteration: 2400 / 6000 [ 40%]  (Sampling) 
Chain 3 Iteration: 3100 / 6000 [ 51%]  (Sampling) 
Chain 2 Iteration: 2400 / 6000 [ 40%]  (Sampling) 
Chain 1 Iteration: 2400 / 6000 [ 40%]  (Sampling) 
Chain 3 Iteration: 3200 / 6000 [ 53%]  (Sampling) 
Chain 4 Iteration: 2500 / 6000 [ 41%]  (Sampling) 
Chain 2 Iteration: 2500 / 6000 [ 41%]  (Sampling) 
Chain 1 Iteration: 2500 / 6000 [ 41%]  (Sampling) 
Chain 3 Iteration: 3300 / 6000 [ 55%]  (Sampling) 
Chain 4 Iteration: 2600 / 6000 [ 43%]  (Sampling) 
Chain 2 Iteration: 2600 / 6000 [ 43%]  (Sampling) 
Chain 1 Iteration: 2600 / 6000 [ 43%]  (Sampling) 
Chain 3 Iteration: 3400 / 6000 [ 56%]  (Sampling) 
Chain 4 Iteration: 2700 / 6000 [ 45%]  (Sampling) 
Chain 2 Iteration: 2700 / 6000 [ 45%]  (Sampling) 
Chain 3 Iteration: 3500 / 6000 [ 58%]  (Sampling) 
Chain 1 Iteration: 2700 / 6000 [ 45%]  (Sampling) 
Chain 4 Iteration: 2800 / 6000 [ 46%]  (Sampling) 
Chain 2 Iteration: 2800 / 6000 [ 46%]  (Sampling) 
Chain 3 Iteration: 3600 / 6000 [ 60%]  (Sampling) 
Chain 1 Iteration: 2800 / 6000 [ 46%]  (Sampling) 
Chain 4 Iteration: 2900 / 6000 [ 48%]  (Sampling) 
Chain 3 Iteration: 3700 / 6000 [ 61%]  (Sampling) 
Chain 2 Iteration: 2900 / 6000 [ 48%]  (Sampling) 
Chain 1 Iteration: 2900 / 6000 [ 48%]  (Sampling) 
Chain 3 Iteration: 3800 / 6000 [ 63%]  (Sampling) 
Chain 4 Iteration: 3000 / 6000 [ 50%]  (Sampling) 
Chain 2 Iteration: 3000 / 6000 [ 50%]  (Sampling) 
Chain 1 Iteration: 3000 / 6000 [ 50%]  (Sampling) 
Chain 3 Iteration: 3900 / 6000 [ 65%]  (Sampling) 
Chain 4 Iteration: 3100 / 6000 [ 51%]  (Sampling) 
Chain 2 Iteration: 3100 / 6000 [ 51%]  (Sampling) 
Chain 1 Iteration: 3100 / 6000 [ 51%]  (Sampling) 
Chain 3 Iteration: 4000 / 6000 [ 66%]  (Sampling) 
Chain 4 Iteration: 3200 / 6000 [ 53%]  (Sampling) 
Chain 2 Iteration: 3200 / 6000 [ 53%]  (Sampling) 
Chain 3 Iteration: 4100 / 6000 [ 68%]  (Sampling) 
Chain 1 Iteration: 3200 / 6000 [ 53%]  (Sampling) 
Chain 4 Iteration: 3300 / 6000 [ 55%]  (Sampling) 
Chain 2 Iteration: 3300 / 6000 [ 55%]  (Sampling) 
Chain 3 Iteration: 4200 / 6000 [ 70%]  (Sampling) 
Chain 1 Iteration: 3300 / 6000 [ 55%]  (Sampling) 
Chain 4 Iteration: 3400 / 6000 [ 56%]  (Sampling) 
Chain 3 Iteration: 4300 / 6000 [ 71%]  (Sampling) 
Chain 2 Iteration: 3400 / 6000 [ 56%]  (Sampling) 
Chain 1 Iteration: 3400 / 6000 [ 56%]  (Sampling) 
Chain 3 Iteration: 4400 / 6000 [ 73%]  (Sampling) 
Chain 4 Iteration: 3500 / 6000 [ 58%]  (Sampling) 
Chain 2 Iteration: 3500 / 6000 [ 58%]  (Sampling) 
Chain 1 Iteration: 3500 / 6000 [ 58%]  (Sampling) 
Chain 3 Iteration: 4500 / 6000 [ 75%]  (Sampling) 
Chain 4 Iteration: 3600 / 6000 [ 60%]  (Sampling) 
Chain 2 Iteration: 3600 / 6000 [ 60%]  (Sampling) 
Chain 3 Iteration: 4600 / 6000 [ 76%]  (Sampling) 
Chain 1 Iteration: 3600 / 6000 [ 60%]  (Sampling) 
Chain 4 Iteration: 3700 / 6000 [ 61%]  (Sampling) 
Chain 2 Iteration: 3700 / 6000 [ 61%]  (Sampling) 
Chain 3 Iteration: 4700 / 6000 [ 78%]  (Sampling) 
Chain 1 Iteration: 3700 / 6000 [ 61%]  (Sampling) 
Chain 4 Iteration: 3800 / 6000 [ 63%]  (Sampling) 
Chain 3 Iteration: 4800 / 6000 [ 80%]  (Sampling) 
Chain 2 Iteration: 3800 / 6000 [ 63%]  (Sampling) 
Chain 1 Iteration: 3800 / 6000 [ 63%]  (Sampling) 
Chain 3 Iteration: 4900 / 6000 [ 81%]  (Sampling) 
Chain 4 Iteration: 3900 / 6000 [ 65%]  (Sampling) 
Chain 2 Iteration: 3900 / 6000 [ 65%]  (Sampling) 
Chain 1 Iteration: 3900 / 6000 [ 65%]  (Sampling) 
Chain 3 Iteration: 5000 / 6000 [ 83%]  (Sampling) 
Chain 4 Iteration: 4000 / 6000 [ 66%]  (Sampling) 
Chain 2 Iteration: 4000 / 6000 [ 66%]  (Sampling) 
Chain 1 Iteration: 4000 / 6000 [ 66%]  (Sampling) 
Chain 3 Iteration: 5100 / 6000 [ 85%]  (Sampling) 
Chain 4 Iteration: 4100 / 6000 [ 68%]  (Sampling) 
Chain 2 Iteration: 4100 / 6000 [ 68%]  (Sampling) 
Chain 3 Iteration: 5200 / 6000 [ 86%]  (Sampling) 
Chain 1 Iteration: 4100 / 6000 [ 68%]  (Sampling) 
Chain 4 Iteration: 4200 / 6000 [ 70%]  (Sampling) 
Chain 2 Iteration: 4200 / 6000 [ 70%]  (Sampling) 
Chain 3 Iteration: 5300 / 6000 [ 88%]  (Sampling) 
Chain 1 Iteration: 4200 / 6000 [ 70%]  (Sampling) 
Chain 4 Iteration: 4300 / 6000 [ 71%]  (Sampling) 
Chain 3 Iteration: 5400 / 6000 [ 90%]  (Sampling) 
Chain 2 Iteration: 4300 / 6000 [ 71%]  (Sampling) 
Chain 1 Iteration: 4300 / 6000 [ 71%]  (Sampling) 
Chain 3 Iteration: 5500 / 6000 [ 91%]  (Sampling) 
Chain 4 Iteration: 4400 / 6000 [ 73%]  (Sampling) 
Chain 2 Iteration: 4400 / 6000 [ 73%]  (Sampling) 
Chain 1 Iteration: 4400 / 6000 [ 73%]  (Sampling) 
Chain 3 Iteration: 5600 / 6000 [ 93%]  (Sampling) 
Chain 4 Iteration: 4500 / 6000 [ 75%]  (Sampling) 
Chain 2 Iteration: 4500 / 6000 [ 75%]  (Sampling) 
Chain 3 Iteration: 5700 / 6000 [ 95%]  (Sampling) 
Chain 1 Iteration: 4500 / 6000 [ 75%]  (Sampling) 
Chain 4 Iteration: 4600 / 6000 [ 76%]  (Sampling) 
Chain 2 Iteration: 4600 / 6000 [ 76%]  (Sampling) 
Chain 3 Iteration: 5800 / 6000 [ 96%]  (Sampling) 
Chain 1 Iteration: 4600 / 6000 [ 76%]  (Sampling) 
Chain 4 Iteration: 4700 / 6000 [ 78%]  (Sampling) 
Chain 2 Iteration: 4700 / 6000 [ 78%]  (Sampling) 
Chain 3 Iteration: 5900 / 6000 [ 98%]  (Sampling) 
Chain 1 Iteration: 4700 / 6000 [ 78%]  (Sampling) 
Chain 4 Iteration: 4800 / 6000 [ 80%]  (Sampling) 
Chain 3 Iteration: 6000 / 6000 [100%]  (Sampling) 
Chain 3 finished in 1398.3 seconds.
Chain 2 Iteration: 4800 / 6000 [ 80%]  (Sampling) 
Chain 1 Iteration: 4800 / 6000 [ 80%]  (Sampling) 
Chain 4 Iteration: 4900 / 6000 [ 81%]  (Sampling) 
Chain 2 Iteration: 4900 / 6000 [ 81%]  (Sampling) 
Chain 1 Iteration: 4900 / 6000 [ 81%]  (Sampling) 
Chain 4 Iteration: 5000 / 6000 [ 83%]  (Sampling) 
Chain 2 Iteration: 5000 / 6000 [ 83%]  (Sampling) 
Chain 1 Iteration: 5000 / 6000 [ 83%]  (Sampling) 
Chain 4 Iteration: 5100 / 6000 [ 85%]  (Sampling) 
Chain 2 Iteration: 5100 / 6000 [ 85%]  (Sampling) 
Chain 1 Iteration: 5100 / 6000 [ 85%]  (Sampling) 
Chain 4 Iteration: 5200 / 6000 [ 86%]  (Sampling) 
Chain 2 Iteration: 5200 / 6000 [ 86%]  (Sampling) 
Chain 1 Iteration: 5200 / 6000 [ 86%]  (Sampling) 
Chain 4 Iteration: 5300 / 6000 [ 88%]  (Sampling) 
Chain 2 Iteration: 5300 / 6000 [ 88%]  (Sampling) 
Chain 1 Iteration: 5300 / 6000 [ 88%]  (Sampling) 
Chain 4 Iteration: 5400 / 6000 [ 90%]  (Sampling) 
Chain 2 Iteration: 5400 / 6000 [ 90%]  (Sampling) 
Chain 1 Iteration: 5400 / 6000 [ 90%]  (Sampling) 
Chain 4 Iteration: 5500 / 6000 [ 91%]  (Sampling) 
Chain 2 Iteration: 5500 / 6000 [ 91%]  (Sampling) 
Chain 1 Iteration: 5500 / 6000 [ 91%]  (Sampling) 
Chain 4 Iteration: 5600 / 6000 [ 93%]  (Sampling) 
Chain 2 Iteration: 5600 / 6000 [ 93%]  (Sampling) 
Chain 1 Iteration: 5600 / 6000 [ 93%]  (Sampling) 
Chain 4 Iteration: 5700 / 6000 [ 95%]  (Sampling) 
Chain 2 Iteration: 5700 / 6000 [ 95%]  (Sampling) 
Chain 1 Iteration: 5700 / 6000 [ 95%]  (Sampling) 
Chain 4 Iteration: 5800 / 6000 [ 96%]  (Sampling) 
Chain 2 Iteration: 5800 / 6000 [ 96%]  (Sampling) 
Chain 1 Iteration: 5800 / 6000 [ 96%]  (Sampling) 
Chain 4 Iteration: 5900 / 6000 [ 98%]  (Sampling) 
Chain 2 Iteration: 5900 / 6000 [ 98%]  (Sampling) 
Chain 1 Iteration: 5900 / 6000 [ 98%]  (Sampling) 
Chain 4 Iteration: 6000 / 6000 [100%]  (Sampling) 
Chain 4 finished in 1711.4 seconds.
Chain 2 Iteration: 6000 / 6000 [100%]  (Sampling) 
Chain 2 finished in 1716.9 seconds.
Chain 1 Iteration: 6000 / 6000 [100%]  (Sampling) 
Chain 1 finished in 1728.8 seconds.

All 4 chains finished successfully.
Mean chain execution time: 1638.8 seconds.
Total execution time: 1729.1 seconds.

[1] "Processing draws 1 to 100"
[1] "Chunk time = 54.7491686344147"
[1] "Processing draws 101 to 200"
[1] "Chunk time = 19.4732367992401"
[1] "Processing draws 201 to 300"
[1] "Chunk time = 18.6015610694885"
[1] "Processing draws 301 to 400"
[1] "Chunk time = 18.4350354671478"
[1] "Processing draws 401 to 500"
[1] "Chunk time = 18.1925201416016"
[1] "Processing draws 501 to 600"
[1] "Chunk time = 19.2533314228058"
[1] "Processing draws 601 to 700"
[1] "Chunk time = 18.6654679775238"
[1] "Processing draws 701 to 800"
[1] "Chunk time = 18.0893862247467"
[1] "Processing draws 801 to 900"
[1] "Chunk time = 18.8861436843872"
[1] "Processing draws 901 to 1000"
[1] "Chunk time = 18.0411303043365"
[1] "Processing draws 1001 to 1100"
[1] "Chunk time = 18.1488430500031"
[1] "Processing draws 1101 to 1200"
[1] "Chunk time = 18.3843402862549"
[1] "Processing draws 1201 to 1300"
[1] "Chunk time = 18.0237953662872"
[1] "Processing draws 1301 to 1400"
[1] "Chunk time = 18.1119306087494"
[1] "Processing draws 1401 to 1500"
[1] "Chunk time = 18.1298739910126"
[1] "Processing draws 1501 to 1600"
[1] "Chunk time = 18.0023148059845"
[1] "Processing draws 1601 to 1700"
[1] "Chunk time = 18.0037498474121"
[1] "Processing draws 1701 to 1800"
[1] "Chunk time = 18.0334062576294"
[1] "Processing draws 1801 to 1900"
[1] "Chunk time = 17.8873271942139"
[1] "Processing draws 1901 to 2000"
[1] "Chunk time = 18.0768189430237"
[1] "Processing draws 2001 to 2100"
[1] "Chunk time = 17.9490568637848"
[1] "Processing draws 2101 to 2200"
[1] "Chunk time = 18.0310311317444"
[1] "Processing draws 2201 to 2300"
[1] "Chunk time = 18.2641580104828"
[1] "Processing draws 2301 to 2400"
[1] "Chunk time = 18.0399391651154"
[1] "Processing draws 2401 to 2500"
[1] "Chunk time = 18.055732011795"
[1] "Processing draws 2501 to 2600"
[1] "Chunk time = 18.2383673191071"
[1] "Processing draws 2601 to 2700"
[1] "Chunk time = 18.3292589187622"
[1] "Processing draws 2701 to 2800"
[1] "Chunk time = 18.1088392734528"
[1] "Processing draws 2801 to 2900"
[1] "Chunk time = 18.2624673843384"
[1] "Processing draws 2901 to 3000"
[1] "Chunk time = 18.4829103946686"
[1] "Processing draws 3001 to 3100"
[1] "Chunk time = 18.123783826828"
[1] "Processing draws 3101 to 3200"
[1] "Chunk time = 18.1694476604462"
[1] "Processing draws 3201 to 3300"
[1] "Chunk time = 18.073356628418"
[1] "Processing draws 3301 to 3400"
[1] "Chunk time = 18.1084847450256"
[1] "Processing draws 3401 to 3500"
[1] "Chunk time = 18.2733964920044"
[1] "Processing draws 3501 to 3600"
[1] "Chunk time = 18.2141020298004"
[1] "Processing draws 3601 to 3700"
[1] "Chunk time = 17.9985811710358"
[1] "Processing draws 3701 to 3800"
[1] "Chunk time = 18.4271440505981"
[1] "Processing draws 3801 to 3900"
[1] "Chunk time = 18.1475100517273"
[1] "Processing draws 3901 to 4000"
[1] "Chunk time = 18.0479555130005"
[1] "Processing draws 4001 to 4100"
[1] "Chunk time = 18.2715716362"
[1] "Processing draws 4101 to 4200"
[1] "Chunk time = 18.2677805423737"
[1] "Processing draws 4201 to 4300"
[1] "Chunk time = 18.0490942001343"
[1] "Processing draws 4301 to 4400"
[1] "Chunk time = 18.3368098735809"
[1] "Processing draws 4401 to 4500"
[1] "Chunk time = 18.1943309307098"
[1] "Processing draws 4501 to 4600"
[1] "Chunk time = 17.7449550628662"
[1] "Processing draws 4601 to 4700"
[1] "Chunk time = 17.929976940155"
[1] "Processing draws 4701 to 4800"
[1] "Chunk time = 17.8193197250366"
[1] "Processing draws 4801 to 4900"
[1] "Chunk time = 17.696724653244"
[1] "Processing draws 4901 to 5000"
[1] "Chunk time = 18.0989995002747"
[1] "Processing draws 5001 to 5100"
[1] "Chunk time = 17.757875919342"
[1] "Processing draws 5101 to 5200"
[1] "Chunk time = 17.8653378486633"
[1] "Processing draws 5201 to 5300"
[1] "Chunk time = 17.9051775932312"
[1] "Processing draws 5301 to 5400"
[1] "Chunk time = 18.1294848918915"
[1] "Processing draws 5401 to 5500"
[1] "Chunk time = 17.79767537117"
[1] "Processing draws 5501 to 5600"
[1] "Chunk time = 18.1322839260101"
[1] "Processing draws 5601 to 5700"
[1] "Chunk time = 17.8965754508972"
[1] "Processing draws 5701 to 5800"
[1] "Chunk time = 17.9004290103912"
[1] "Processing draws 5801 to 5900"
[1] "Chunk time = 18.2339999675751"
[1] "Processing draws 5901 to 6000"
[1] "Chunk time = 18.1197774410248"
[1] "Processing draws 6001 to 6100"
[1] "Chunk time = 18.0816085338593"
[1] "Processing draws 6101 to 6200"
[1] "Chunk time = 18.1258728504181"
[1] "Processing draws 6201 to 6300"
[1] "Chunk time = 18.4270317554474"
[1] "Processing draws 6301 to 6400"
[1] "Chunk time = 18.1409909725189"
[1] "Processing draws 6401 to 6500"
[1] "Chunk time = 17.6842467784882"
[1] "Processing draws 6501 to 6600"
[1] "Chunk time = 17.9163994789124"
[1] "Processing draws 6601 to 6700"
[1] "Chunk time = 18.2886779308319"
[1] "Processing draws 6701 to 6800"
[1] "Chunk time = 19.1917283535004"
[1] "Processing draws 6801 to 6900"
[1] "Chunk time = 18.5800223350525"
[1] "Processing draws 6901 to 7000"
[1] "Chunk time = 18.4571521282196"
[1] "Processing draws 7001 to 7100"
[1] "Chunk time = 18.5674538612366"
[1] "Processing draws 7101 to 7200"
[1] "Chunk time = 18.4365262985229"
[1] "Processing draws 7201 to 7300"
[1] "Chunk time = 18.4742586612701"
[1] "Processing draws 7301 to 7400"
[1] "Chunk time = 18.6480603218079"
[1] "Processing draws 7401 to 7500"
[1] "Chunk time = 18.7018778324127"
[1] "Processing draws 7501 to 7600"
[1] "Chunk time = 18.5564243793488"
[1] "Processing draws 7601 to 7700"
[1] "Chunk time = 18.752082824707"
[1] "Processing draws 7701 to 7800"
[1] "Chunk time = 18.5375723838806"
[1] "Processing draws 7801 to 7900"
[1] "Chunk time = 18.4528472423553"
[1] "Processing draws 7901 to 8000"
[1] "Chunk time = 18.6032750606537"
[1] "Processing draws 8001 to 8100"
[1] "Chunk time = 18.517062664032"
[1] "Processing draws 8101 to 8200"
[1] "Chunk time = 18.4090600013733"
[1] "Processing draws 8201 to 8300"
[1] "Chunk time = 18.5117440223694"
[1] "Processing draws 8301 to 8400"
[1] "Chunk time = 18.4092526435852"
[1] "Processing draws 8401 to 8500"
[1] "Chunk time = 18.3595242500305"
[1] "Processing draws 8501 to 8600"
[1] "Chunk time = 18.6622576713562"
[1] "Processing draws 8601 to 8700"
[1] "Chunk time = 18.6400718688965"
[1] "Processing draws 8701 to 8800"
[1] "Chunk time = 19.1545679569244"
[1] "Processing draws 8801 to 8900"
[1] "Chunk time = 18.3389117717743"
[1] "Processing draws 8901 to 9000"
[1] "Chunk time = 18.6527757644653"
[1] "Processing draws 9001 to 9100"
[1] "Chunk time = 18.3689227104187"
[1] "Processing draws 9101 to 9200"
[1] "Chunk time = 18.7495656013489"
[1] "Processing draws 9201 to 9300"
[1] "Chunk time = 18.7736868858337"
[1] "Processing draws 9301 to 9400"
[1] "Chunk time = 18.9034285545349"
[1] "Processing draws 9401 to 9500"
[1] "Chunk time = 18.7098307609558"
[1] "Processing draws 9501 to 9600"
[1] "Chunk time = 18.4718489646912"
[1] "Processing draws 9601 to 9700"
[1] "Chunk time = 18.3809330463409"
[1] "Processing draws 9701 to 9800"
[1] "Chunk time = 18.5850813388824"
[1] "Processing draws 9801 to 9900"
[1] "Chunk time = 18.4338953495026"
[1] "Processing draws 9901 to 10000"
[1] "Chunk time = 18.3258645534515"
[1] "Processing draws 10001 to 10100"
[1] "Chunk time = 18.4191870689392"
[1] "Processing draws 10101 to 10200"
[1] "Chunk time = 18.3095407485962"
[1] "Processing draws 10201 to 10300"
[1] "Chunk time = 18.3801743984222"
[1] "Processing draws 10301 to 10400"
[1] "Chunk time = 18.6624109745026"
[1] "Processing draws 10401 to 10500"
[1] "Chunk time = 18.4242413043976"
[1] "Processing draws 10501 to 10600"
[1] "Chunk time = 18.376341342926"
[1] "Processing draws 10601 to 10700"
[1] "Chunk time = 18.503933429718"
[1] "Processing draws 10701 to 10800"
[1] "Chunk time = 18.6727085113525"
[1] "Processing draws 10801 to 10900"
[1] "Chunk time = 18.3340594768524"
[1] "Processing draws 10901 to 11000"
[1] "Chunk time = 18.7628099918365"
[1] "Processing draws 11001 to 11100"
[1] "Chunk time = 18.3409128189087"
[1] "Processing draws 11101 to 11200"
[1] "Chunk time = 18.4064154624939"
[1] "Processing draws 11201 to 11300"
[1] "Chunk time = 18.7871749401093"
[1] "Processing draws 11301 to 11400"
[1] "Chunk time = 18.531788110733"
[1] "Processing draws 11401 to 11500"
[1] "Chunk time = 18.3330662250519"
[1] "Processing draws 11501 to 11600"
[1] "Chunk time = 18.4502689838409"
[1] "Processing draws 11601 to 11700"
[1] "Chunk time = 18.374231338501"
[1] "Processing draws 11701 to 11800"
[1] "Chunk time = 18.4084987640381"
[1] "Processing draws 11801 to 11900"
[1] "Chunk time = 18.67551612854"
[1] "Processing draws 11901 to 12000"
[1] "Chunk time = 18.7768352031708"
[1] "Processing draws 12001 to 12100"
[1] "Chunk time = 18.4032917022705"
[1] "Processing draws 12101 to 12200"
[1] "Chunk time = 18.8150424957275"
[1] "Processing draws 12201 to 12300"
[1] "Chunk time = 18.5362842082977"
[1] "Processing draws 12301 to 12400"
[1] "Chunk time = 18.419016122818"
[1] "Processing draws 12401 to 12500"
[1] "Chunk time = 18.4914228916168"
[1] "Processing draws 12501 to 12600"
[1] "Chunk time = 18.5713222026825"
[1] "Processing draws 12601 to 12700"
[1] "Chunk time = 18.3734118938446"
[1] "Processing draws 12701 to 12800"
[1] "Chunk time = 18.6940512657166"
[1] "Processing draws 12801 to 12900"
[1] "Chunk time = 18.6104130744934"
[1] "Processing draws 12901 to 13000"
[1] "Chunk time = 18.524674654007"
[1] "Processing draws 13001 to 13100"
[1] "Chunk time = 18.7319097518921"
[1] "Processing draws 13101 to 13200"
[1] "Chunk time = 18.5251274108887"
[1] "Processing draws 13201 to 13300"
[1] "Chunk time = 18.0904688835144"
[1] "Processing draws 13301 to 13400"
[1] "Chunk time = 18.480762720108"
[1] "Processing draws 13401 to 13500"
[1] "Chunk time = 18.2521970272064"
[1] "Processing draws 13501 to 13600"
[1] "Chunk time = 18.1331739425659"
[1] "Processing draws 13601 to 13700"
[1] "Chunk time = 18.3427538871765"
[1] "Processing draws 13701 to 13800"
[1] "Chunk time = 18.5159764289856"
[1] "Processing draws 13801 to 13900"
[1] "Chunk time = 18.2220826148987"
[1] "Processing draws 13901 to 14000"
[1] "Chunk time = 18.7404556274414"
[1] "Processing draws 14001 to 14100"
[1] "Chunk time = 18.244690656662"
[1] "Processing draws 14101 to 14200"
[1] "Chunk time = 18.2957084178925"
[1] "Processing draws 14201 to 14300"
[1] "Chunk time = 18.4170582294464"
[1] "Processing draws 14301 to 14400"
[1] "Chunk time = 18.4381456375122"
[1] "Processing draws 14401 to 14500"
[1] "Chunk time = 18.1887395381927"
[1] "Processing draws 14501 to 14600"
[1] "Chunk time = 18.5707077980042"
[1] "Processing draws 14601 to 14700"
[1] "Chunk time = 18.7279312610626"
[1] "Processing draws 14701 to 14800"
[1] "Chunk time = 18.2630286216736"
[1] "Processing draws 14801 to 14900"
[1] "Chunk time = 18.505936384201"
[1] "Processing draws 14901 to 15000"
[1] "Chunk time = 18.4297933578491"
[1] "Processing draws 15001 to 15100"
[1] "Chunk time = 18.2807679176331"
[1] "Processing draws 15101 to 15200"
[1] "Chunk time = 18.4616451263428"
[1] "Processing draws 15201 to 15300"
[1] "Chunk time = 18.5375845432281"
[1] "Processing draws 15301 to 15400"
[1] "Chunk time = 18.3790235519409"
[1] "Processing draws 15401 to 15500"
[1] "Chunk time = 18.6110136508942"
[1] "Processing draws 15501 to 15600"
[1] "Chunk time = 18.5403606891632"
[1] "Processing draws 15601 to 15700"
[1] "Chunk time = 18.2589800357819"
[1] "Processing draws 15701 to 15800"
[1] "Chunk time = 18.6347737312317"
[1] "Processing draws 15801 to 15900"
[1] "Chunk time = 18.5253930091858"
[1] "Processing draws 15901 to 16000"
[1] "Chunk time = 18.3890137672424"
[1] "Processing draws 16001 to 16100"
[1] "Chunk time = 18.5834944248199"
[1] "Processing draws 16101 to 16200"
[1] "Chunk time = 18.6862051486969"
[1] "Processing draws 16201 to 16300"
[1] "Chunk time = 18.3162543773651"
[1] "Processing draws 16301 to 16400"
[1] "Chunk time = 19.2381155490875"
[1] "Processing draws 16401 to 16500"
[1] "Chunk time = 18.529233455658"
[1] "Processing draws 16501 to 16600"
[1] "Chunk time = 18.3850104808807"
[1] "Processing draws 16601 to 16700"
[1] "Chunk time = 18.6167380809784"
[1] "Processing draws 16701 to 16800"
[1] "Chunk time = 18.4910178184509"
[1] "Processing draws 16801 to 16900"
[1] "Chunk time = 18.4360609054565"
[1] "Processing draws 16901 to 17000"
[1] "Chunk time = 18.6239256858826"
[1] "Processing draws 17001 to 17100"
[1] "Chunk time = 18.3440866470337"
[1] "Processing draws 17101 to 17200"
[1] "Chunk time = 18.2285568714142"
[1] "Processing draws 17201 to 17300"
[1] "Chunk time = 18.2721681594849"
[1] "Processing draws 17301 to 17400"
[1] "Chunk time = 18.396134853363"
[1] "Processing draws 17401 to 17500"
[1] "Chunk time = 17.785364151001"
[1] "Processing draws 17501 to 17600"
[1] "Chunk time = 17.8532524108887"
[1] "Processing draws 17601 to 17700"
[1] "Chunk time = 17.4218256473541"
[1] "Processing draws 17701 to 17800"
[1] "Chunk time = 17.9276602268219"
[1] "Processing draws 17801 to 17900"
[1] "Chunk time = 17.8716375827789"
[1] "Processing draws 17901 to 18000"
[1] "Chunk time = 17.6617345809937"
[1] "Processing draws 18001 to 18100"
[1] "Chunk time = 17.7040300369263"
[1] "Processing draws 18101 to 18200"
[1] "Chunk time = 17.8879859447479"
[1] "Processing draws 18201 to 18300"
[1] "Chunk time = 17.7593789100647"
[1] "Processing draws 18301 to 18400"
[1] "Chunk time = 17.6416161060333"
[1] "Processing draws 18401 to 18500"
[1] "Chunk time = 17.8737981319427"
[1] "Processing draws 18501 to 18600"
[1] "Chunk time = 17.746720790863"
[1] "Processing draws 18601 to 18700"
[1] "Chunk time = 17.576530456543"
[1] "Processing draws 18701 to 18800"
[1] "Chunk time = 17.927234172821"
[1] "Processing draws 18801 to 18900"
[1] "Chunk time = 17.8146064281464"
[1] "Processing draws 18901 to 19000"
[1] "Chunk time = 17.8251407146454"
[1] "Processing draws 19001 to 19100"
[1] "Chunk time = 17.8575251102448"
[1] "Processing draws 19101 to 19200"
[1] "Chunk time = 17.704927444458"
[1] "Processing draws 19201 to 19300"
[1] "Chunk time = 17.7511789798737"
[1] "Processing draws 19301 to 19400"
[1] "Chunk time = 18.1883153915405"
[1] "Processing draws 19401 to 19500"
[1] "Chunk time = 17.7843034267426"
[1] "Processing draws 19501 to 19600"
[1] "Chunk time = 17.600569486618"
[1] "Processing draws 19601 to 19700"
[1] "Chunk time = 17.7902069091797"
[1] "Processing draws 19701 to 19800"
[1] "Chunk time = 18.1994364261627"
[1] "Processing draws 19801 to 19900"
[1] "Chunk time = 17.7918801307678"
[1] "Processing draws 19901 to 20000"
[1] "Chunk time = 18.0106735229492"
[1] "done lapplying"
[1] "Saving current params"
[1] "Saving params to output.rds"
[1] TRUE
