[1] "Starting sampling."
Running MCMC with 4 parallel chains, with 4 thread(s) per chain...

Chain 1 Iteration:    1 / 6000 [  0%]  (Warmup) 
Chain 2 Iteration:    1 / 6000 [  0%]  (Warmup) 
Chain 3 Iteration:    1 / 6000 [  0%]  (Warmup) 
Chain 4 Iteration:    1 / 6000 [  0%]  (Warmup) 
Chain 2 Iteration:  100 / 6000 [  1%]  (Warmup) 
Chain 3 Iteration:  100 / 6000 [  1%]  (Warmup) 
Chain 1 Iteration:  100 / 6000 [  1%]  (Warmup) 
Chain 4 Iteration:  100 / 6000 [  1%]  (Warmup) 
Chain 2 Iteration:  200 / 6000 [  3%]  (Warmup) 
Chain 3 Iteration:  200 / 6000 [  3%]  (Warmup) 
Chain 4 Iteration:  200 / 6000 [  3%]  (Warmup) 
Chain 1 Iteration:  200 / 6000 [  3%]  (Warmup) 
Chain 2 Iteration:  300 / 6000 [  5%]  (Warmup) 
Chain 3 Iteration:  300 / 6000 [  5%]  (Warmup) 
Chain 1 Iteration:  300 / 6000 [  5%]  (Warmup) 
Chain 4 Iteration:  300 / 6000 [  5%]  (Warmup) 
Chain 3 Iteration:  400 / 6000 [  6%]  (Warmup) 
Chain 2 Iteration:  400 / 6000 [  6%]  (Warmup) 
Chain 1 Iteration:  400 / 6000 [  6%]  (Warmup) 
Chain 4 Iteration:  400 / 6000 [  6%]  (Warmup) 
Chain 3 Iteration:  500 / 6000 [  8%]  (Warmup) 
Chain 2 Iteration:  500 / 6000 [  8%]  (Warmup) 
Chain 4 Iteration:  500 / 6000 [  8%]  (Warmup) 
Chain 1 Iteration:  500 / 6000 [  8%]  (Warmup) 
Chain 3 Iteration:  600 / 6000 [ 10%]  (Warmup) 
Chain 2 Iteration:  600 / 6000 [ 10%]  (Warmup) 
Chain 4 Iteration:  600 / 6000 [ 10%]  (Warmup) 
Chain 1 Iteration:  600 / 6000 [ 10%]  (Warmup) 
Chain 3 Iteration:  700 / 6000 [ 11%]  (Warmup) 
Chain 2 Iteration:  700 / 6000 [ 11%]  (Warmup) 
Chain 4 Iteration:  700 / 6000 [ 11%]  (Warmup) 
Chain 1 Iteration:  700 / 6000 [ 11%]  (Warmup) 
Chain 3 Iteration:  800 / 6000 [ 13%]  (Warmup) 
Chain 4 Iteration:  800 / 6000 [ 13%]  (Warmup) 
Chain 2 Iteration:  800 / 6000 [ 13%]  (Warmup) 
Chain 1 Iteration:  800 / 6000 [ 13%]  (Warmup) 
Chain 3 Iteration:  900 / 6000 [ 15%]  (Warmup) 
Chain 1 Iteration:  900 / 6000 [ 15%]  (Warmup) 
Chain 2 Iteration:  900 / 6000 [ 15%]  (Warmup) 
Chain 4 Iteration:  900 / 6000 [ 15%]  (Warmup) 
Chain 3 Iteration: 1000 / 6000 [ 16%]  (Warmup) 
Chain 3 Iteration: 1001 / 6000 [ 16%]  (Sampling) 
Chain 2 Iteration: 1000 / 6000 [ 16%]  (Warmup) 
Chain 2 Iteration: 1001 / 6000 [ 16%]  (Sampling) 
Chain 1 Iteration: 1000 / 6000 [ 16%]  (Warmup) 
Chain 1 Iteration: 1001 / 6000 [ 16%]  (Sampling) 
Chain 4 Iteration: 1000 / 6000 [ 16%]  (Warmup) 
Chain 4 Iteration: 1001 / 6000 [ 16%]  (Sampling) 
Chain 2 Iteration: 1100 / 6000 [ 18%]  (Sampling) 
Chain 3 Iteration: 1100 / 6000 [ 18%]  (Sampling) 
Chain 1 Iteration: 1100 / 6000 [ 18%]  (Sampling) 
Chain 4 Iteration: 1100 / 6000 [ 18%]  (Sampling) 
Chain 2 Iteration: 1200 / 6000 [ 20%]  (Sampling) 
Chain 3 Iteration: 1200 / 6000 [ 20%]  (Sampling) 
Chain 1 Iteration: 1200 / 6000 [ 20%]  (Sampling) 
Chain 4 Iteration: 1200 / 6000 [ 20%]  (Sampling) 
Chain 2 Iteration: 1300 / 6000 [ 21%]  (Sampling) 
Chain 3 Iteration: 1300 / 6000 [ 21%]  (Sampling) 
Chain 1 Iteration: 1300 / 6000 [ 21%]  (Sampling) 
Chain 4 Iteration: 1300 / 6000 [ 21%]  (Sampling) 
Chain 2 Iteration: 1400 / 6000 [ 23%]  (Sampling) 
Chain 3 Iteration: 1400 / 6000 [ 23%]  (Sampling) 
Chain 1 Iteration: 1400 / 6000 [ 23%]  (Sampling) 
Chain 4 Iteration: 1400 / 6000 [ 23%]  (Sampling) 
Chain 3 Iteration: 1500 / 6000 [ 25%]  (Sampling) 
Chain 2 Iteration: 1500 / 6000 [ 25%]  (Sampling) 
Chain 4 Iteration: 1500 / 6000 [ 25%]  (Sampling) 
Chain 1 Iteration: 1500 / 6000 [ 25%]  (Sampling) 
Chain 3 Iteration: 1600 / 6000 [ 26%]  (Sampling) 
Chain 2 Iteration: 1600 / 6000 [ 26%]  (Sampling) 
Chain 4 Iteration: 1600 / 6000 [ 26%]  (Sampling) 
Chain 1 Iteration: 1600 / 6000 [ 26%]  (Sampling) 
Chain 3 Iteration: 1700 / 6000 [ 28%]  (Sampling) 
Chain 4 Iteration: 1700 / 6000 [ 28%]  (Sampling) 
Chain 2 Iteration: 1700 / 6000 [ 28%]  (Sampling) 
Chain 1 Iteration: 1700 / 6000 [ 28%]  (Sampling) 
Chain 3 Iteration: 1800 / 6000 [ 30%]  (Sampling) 
Chain 4 Iteration: 1800 / 6000 [ 30%]  (Sampling) 
Chain 2 Iteration: 1800 / 6000 [ 30%]  (Sampling) 
Chain 1 Iteration: 1800 / 6000 [ 30%]  (Sampling) 
Chain 3 Iteration: 1900 / 6000 [ 31%]  (Sampling) 
Chain 4 Iteration: 1900 / 6000 [ 31%]  (Sampling) 
Chain 2 Iteration: 1900 / 6000 [ 31%]  (Sampling) 
Chain 1 Iteration: 1900 / 6000 [ 31%]  (Sampling) 
Chain 3 Iteration: 2000 / 6000 [ 33%]  (Sampling) 
Chain 4 Iteration: 2000 / 6000 [ 33%]  (Sampling) 
Chain 2 Iteration: 2000 / 6000 [ 33%]  (Sampling) 
Chain 1 Iteration: 2000 / 6000 [ 33%]  (Sampling) 
Chain 3 Iteration: 2100 / 6000 [ 35%]  (Sampling) 
Chain 4 Iteration: 2100 / 6000 [ 35%]  (Sampling) 
Chain 2 Iteration: 2100 / 6000 [ 35%]  (Sampling) 
Chain 3 Iteration: 2200 / 6000 [ 36%]  (Sampling) 
Chain 1 Iteration: 2100 / 6000 [ 35%]  (Sampling) 
Chain 4 Iteration: 2200 / 6000 [ 36%]  (Sampling) 
Chain 2 Iteration: 2200 / 6000 [ 36%]  (Sampling) 
Chain 3 Iteration: 2300 / 6000 [ 38%]  (Sampling) 
Chain 1 Iteration: 2200 / 6000 [ 36%]  (Sampling) 
Chain 4 Iteration: 2300 / 6000 [ 38%]  (Sampling) 
Chain 2 Iteration: 2300 / 6000 [ 38%]  (Sampling) 
Chain 3 Iteration: 2400 / 6000 [ 40%]  (Sampling) 
Chain 1 Iteration: 2300 / 6000 [ 38%]  (Sampling) 
Chain 4 Iteration: 2400 / 6000 [ 40%]  (Sampling) 
Chain 2 Iteration: 2400 / 6000 [ 40%]  (Sampling) 
Chain 3 Iteration: 2500 / 6000 [ 41%]  (Sampling) 
Chain 1 Iteration: 2400 / 6000 [ 40%]  (Sampling) 
Chain 4 Iteration: 2500 / 6000 [ 41%]  (Sampling) 
Chain 2 Iteration: 2500 / 6000 [ 41%]  (Sampling) 
Chain 3 Iteration: 2600 / 6000 [ 43%]  (Sampling) 
Chain 1 Iteration: 2500 / 6000 [ 41%]  (Sampling) 
Chain 4 Iteration: 2600 / 6000 [ 43%]  (Sampling) 
Chain 2 Iteration: 2600 / 6000 [ 43%]  (Sampling) 
Chain 3 Iteration: 2700 / 6000 [ 45%]  (Sampling) 
Chain 1 Iteration: 2600 / 6000 [ 43%]  (Sampling) 
Chain 4 Iteration: 2700 / 6000 [ 45%]  (Sampling) 
Chain 2 Iteration: 2700 / 6000 [ 45%]  (Sampling) 
Chain 3 Iteration: 2800 / 6000 [ 46%]  (Sampling) 
Chain 1 Iteration: 2700 / 6000 [ 45%]  (Sampling) 
Chain 4 Iteration: 2800 / 6000 [ 46%]  (Sampling) 
Chain 2 Iteration: 2800 / 6000 [ 46%]  (Sampling) 
Chain 3 Iteration: 2900 / 6000 [ 48%]  (Sampling) 
Chain 1 Iteration: 2800 / 6000 [ 46%]  (Sampling) 
Chain 4 Iteration: 2900 / 6000 [ 48%]  (Sampling) 
Chain 2 Iteration: 2900 / 6000 [ 48%]  (Sampling) 
Chain 3 Iteration: 3000 / 6000 [ 50%]  (Sampling) 
Chain 1 Iteration: 2900 / 6000 [ 48%]  (Sampling) 
Chain 4 Iteration: 3000 / 6000 [ 50%]  (Sampling) 
Chain 2 Iteration: 3000 / 6000 [ 50%]  (Sampling) 
Chain 3 Iteration: 3100 / 6000 [ 51%]  (Sampling) 
Chain 1 Iteration: 3000 / 6000 [ 50%]  (Sampling) 
Chain 4 Iteration: 3100 / 6000 [ 51%]  (Sampling) 
Chain 2 Iteration: 3100 / 6000 [ 51%]  (Sampling) 
Chain 1 Iteration: 3100 / 6000 [ 51%]  (Sampling) 
Chain 3 Iteration: 3200 / 6000 [ 53%]  (Sampling) 
Chain 4 Iteration: 3200 / 6000 [ 53%]  (Sampling) 
Chain 2 Iteration: 3200 / 6000 [ 53%]  (Sampling) 
Chain 1 Iteration: 3200 / 6000 [ 53%]  (Sampling) 
Chain 3 Iteration: 3300 / 6000 [ 55%]  (Sampling) 
Chain 4 Iteration: 3300 / 6000 [ 55%]  (Sampling) 
Chain 2 Iteration: 3300 / 6000 [ 55%]  (Sampling) 
Chain 1 Iteration: 3300 / 6000 [ 55%]  (Sampling) 
Chain 3 Iteration: 3400 / 6000 [ 56%]  (Sampling) 
Chain 4 Iteration: 3400 / 6000 [ 56%]  (Sampling) 
Chain 2 Iteration: 3400 / 6000 [ 56%]  (Sampling) 
Chain 1 Iteration: 3400 / 6000 [ 56%]  (Sampling) 
Chain 3 Iteration: 3500 / 6000 [ 58%]  (Sampling) 
Chain 4 Iteration: 3500 / 6000 [ 58%]  (Sampling) 
Chain 2 Iteration: 3500 / 6000 [ 58%]  (Sampling) 
Chain 1 Iteration: 3500 / 6000 [ 58%]  (Sampling) 
Chain 3 Iteration: 3600 / 6000 [ 60%]  (Sampling) 
Chain 4 Iteration: 3600 / 6000 [ 60%]  (Sampling) 
Chain 2 Iteration: 3600 / 6000 [ 60%]  (Sampling) 
Chain 1 Iteration: 3600 / 6000 [ 60%]  (Sampling) 
Chain 4 Iteration: 3700 / 6000 [ 61%]  (Sampling) 
Chain 3 Iteration: 3700 / 6000 [ 61%]  (Sampling) 
Chain 2 Iteration: 3700 / 6000 [ 61%]  (Sampling) 
Chain 4 Iteration: 3800 / 6000 [ 63%]  (Sampling) 
Chain 1 Iteration: 3700 / 6000 [ 61%]  (Sampling) 
Chain 3 Iteration: 3800 / 6000 [ 63%]  (Sampling) 
Chain 2 Iteration: 3800 / 6000 [ 63%]  (Sampling) 
Chain 4 Iteration: 3900 / 6000 [ 65%]  (Sampling) 
Chain 1 Iteration: 3800 / 6000 [ 63%]  (Sampling) 
Chain 3 Iteration: 3900 / 6000 [ 65%]  (Sampling) 
Chain 2 Iteration: 3900 / 6000 [ 65%]  (Sampling) 
Chain 4 Iteration: 4000 / 6000 [ 66%]  (Sampling) 
Chain 1 Iteration: 3900 / 6000 [ 65%]  (Sampling) 
Chain 3 Iteration: 4000 / 6000 [ 66%]  (Sampling) 
Chain 2 Iteration: 4000 / 6000 [ 66%]  (Sampling) 
Chain 4 Iteration: 4100 / 6000 [ 68%]  (Sampling) 
Chain 1 Iteration: 4000 / 6000 [ 66%]  (Sampling) 
Chain 3 Iteration: 4100 / 6000 [ 68%]  (Sampling) 
Chain 2 Iteration: 4100 / 6000 [ 68%]  (Sampling) 
Chain 4 Iteration: 4200 / 6000 [ 70%]  (Sampling) 
Chain 1 Iteration: 4100 / 6000 [ 68%]  (Sampling) 
Chain 3 Iteration: 4200 / 6000 [ 70%]  (Sampling) 
Chain 2 Iteration: 4200 / 6000 [ 70%]  (Sampling) 
Chain 4 Iteration: 4300 / 6000 [ 71%]  (Sampling) 
Chain 1 Iteration: 4200 / 6000 [ 70%]  (Sampling) 
Chain 3 Iteration: 4300 / 6000 [ 71%]  (Sampling) 
Chain 2 Iteration: 4300 / 6000 [ 71%]  (Sampling) 
Chain 4 Iteration: 4400 / 6000 [ 73%]  (Sampling) 
Chain 1 Iteration: 4300 / 6000 [ 71%]  (Sampling) 
Chain 3 Iteration: 4400 / 6000 [ 73%]  (Sampling) 
Chain 2 Iteration: 4400 / 6000 [ 73%]  (Sampling) 
Chain 4 Iteration: 4500 / 6000 [ 75%]  (Sampling) 
Chain 1 Iteration: 4400 / 6000 [ 73%]  (Sampling) 
Chain 3 Iteration: 4500 / 6000 [ 75%]  (Sampling) 
Chain 2 Iteration: 4500 / 6000 [ 75%]  (Sampling) 
Chain 4 Iteration: 4600 / 6000 [ 76%]  (Sampling) 
Chain 1 Iteration: 4500 / 6000 [ 75%]  (Sampling) 
Chain 3 Iteration: 4600 / 6000 [ 76%]  (Sampling) 
Chain 2 Iteration: 4600 / 6000 [ 76%]  (Sampling) 
Chain 4 Iteration: 4700 / 6000 [ 78%]  (Sampling) 
Chain 1 Iteration: 4600 / 6000 [ 76%]  (Sampling) 
Chain 3 Iteration: 4700 / 6000 [ 78%]  (Sampling) 
Chain 2 Iteration: 4700 / 6000 [ 78%]  (Sampling) 
Chain 4 Iteration: 4800 / 6000 [ 80%]  (Sampling) 
Chain 1 Iteration: 4700 / 6000 [ 78%]  (Sampling) 
Chain 3 Iteration: 4800 / 6000 [ 80%]  (Sampling) 
Chain 2 Iteration: 4800 / 6000 [ 80%]  (Sampling) 
Chain 4 Iteration: 4900 / 6000 [ 81%]  (Sampling) 
Chain 1 Iteration: 4800 / 6000 [ 80%]  (Sampling) 
Chain 3 Iteration: 4900 / 6000 [ 81%]  (Sampling) 
Chain 2 Iteration: 4900 / 6000 [ 81%]  (Sampling) 
Chain 4 Iteration: 5000 / 6000 [ 83%]  (Sampling) 
Chain 1 Iteration: 4900 / 6000 [ 81%]  (Sampling) 
Chain 3 Iteration: 5000 / 6000 [ 83%]  (Sampling) 
Chain 2 Iteration: 5000 / 6000 [ 83%]  (Sampling) 
Chain 4 Iteration: 5100 / 6000 [ 85%]  (Sampling) 
Chain 1 Iteration: 5000 / 6000 [ 83%]  (Sampling) 
Chain 3 Iteration: 5100 / 6000 [ 85%]  (Sampling) 
Chain 4 Iteration: 5200 / 6000 [ 86%]  (Sampling) 
Chain 2 Iteration: 5100 / 6000 [ 85%]  (Sampling) 
Chain 1 Iteration: 5100 / 6000 [ 85%]  (Sampling) 
Chain 3 Iteration: 5200 / 6000 [ 86%]  (Sampling) 
Chain 4 Iteration: 5300 / 6000 [ 88%]  (Sampling) 
Chain 2 Iteration: 5200 / 6000 [ 86%]  (Sampling) 
Chain 1 Iteration: 5200 / 6000 [ 86%]  (Sampling) 
Chain 3 Iteration: 5300 / 6000 [ 88%]  (Sampling) 
Chain 4 Iteration: 5400 / 6000 [ 90%]  (Sampling) 
Chain 2 Iteration: 5300 / 6000 [ 88%]  (Sampling) 
Chain 1 Iteration: 5300 / 6000 [ 88%]  (Sampling) 
Chain 3 Iteration: 5400 / 6000 [ 90%]  (Sampling) 
Chain 4 Iteration: 5500 / 6000 [ 91%]  (Sampling) 
Chain 2 Iteration: 5400 / 6000 [ 90%]  (Sampling) 
Chain 1 Iteration: 5400 / 6000 [ 90%]  (Sampling) 
Chain 3 Iteration: 5500 / 6000 [ 91%]  (Sampling) 
Chain 4 Iteration: 5600 / 6000 [ 93%]  (Sampling) 
Chain 2 Iteration: 5500 / 6000 [ 91%]  (Sampling) 
Chain 1 Iteration: 5500 / 6000 [ 91%]  (Sampling) 
Chain 3 Iteration: 5600 / 6000 [ 93%]  (Sampling) 
Chain 4 Iteration: 5700 / 6000 [ 95%]  (Sampling) 
Chain 1 Iteration: 5600 / 6000 [ 93%]  (Sampling) 
Chain 2 Iteration: 5600 / 6000 [ 93%]  (Sampling) 
Chain 1 Iteration: 5700 / 6000 [ 95%]  (Sampling) 
Chain 3 Iteration: 5700 / 6000 [ 95%]  (Sampling) 
Chain 4 Iteration: 5800 / 6000 [ 96%]  (Sampling) 
Chain 2 Iteration: 5700 / 6000 [ 95%]  (Sampling) 
Chain 1 Iteration: 5800 / 6000 [ 96%]  (Sampling) 
Chain 3 Iteration: 5800 / 6000 [ 96%]  (Sampling) 
Chain 4 Iteration: 5900 / 6000 [ 98%]  (Sampling) 
Chain 2 Iteration: 5800 / 6000 [ 96%]  (Sampling) 
Chain 1 Iteration: 5900 / 6000 [ 98%]  (Sampling) 
Chain 3 Iteration: 5900 / 6000 [ 98%]  (Sampling) 
Chain 4 Iteration: 6000 / 6000 [100%]  (Sampling) 
Chain 4 finished in 83311.9 seconds.
Chain 2 Iteration: 5900 / 6000 [ 98%]  (Sampling) 
Chain 1 Iteration: 6000 / 6000 [100%]  (Sampling) 
Chain 1 finished in 84421.5 seconds.
Chain 3 Iteration: 6000 / 6000 [100%]  (Sampling) 
Chain 3 finished in 84704.9 seconds.
Chain 2 Iteration: 6000 / 6000 [100%]  (Sampling) 
Chain 2 finished in 84947.0 seconds.

All 4 chains finished successfully.
Mean chain execution time: 84346.3 seconds.
Total execution time: 84947.9 seconds.

[1] "Processing draws 1 to 100"
[1] "Chunk time = 3.28679381211599"
[1] "Processing draws 101 to 200"
[1] "Chunk time = 2.40290435155233"
[1] "Processing draws 201 to 300"
[1] "Chunk time = 2.51374844710032"
[1] "Processing draws 301 to 400"
[1] "Chunk time = 2.08035606145859"
[1] "Processing draws 401 to 500"
[1] "Chunk time = 2.04376533826192"
[1] "Processing draws 501 to 600"
[1] "Chunk time = 2.0619993964831"
[1] "Processing draws 601 to 700"
[1] "Chunk time = 2.078167116642"
[1] "Processing draws 701 to 800"
[1] "Chunk time = 2.24366403023402"
[1] "Processing draws 801 to 900"
[1] "Chunk time = 2.06205633481344"
[1] "Processing draws 901 to 1000"
[1] "Chunk time = 2.20150493383408"
[1] "Processing draws 1001 to 1100"
[1] "Chunk time = 2.09282861550649"
[1] "Processing draws 1101 to 1200"
[1] "Chunk time = 2.1494665702184"
[1] "Processing draws 1201 to 1300"
[1] "Chunk time = 2.17639480431875"
[1] "Processing draws 1301 to 1400"
[1] "Chunk time = 2.07577313582102"
[1] "Processing draws 1401 to 1500"
[1] "Chunk time = 2.10095197359721"
[1] "Processing draws 1501 to 1600"
[1] "Chunk time = 2.15657642285029"
[1] "Processing draws 1601 to 1700"
[1] "Chunk time = 2.04841601848602"
[1] "Processing draws 1701 to 1800"
[1] "Chunk time = 2.05904417037964"
[1] "Processing draws 1801 to 1900"
[1] "Chunk time = 2.11692495346069"
[1] "Processing draws 1901 to 2000"
[1] "Chunk time = 2.03326569795609"
[1] "Processing draws 2001 to 2100"
[1] "Chunk time = 2.00311761697133"
[1] "Processing draws 2101 to 2200"
[1] "Chunk time = 2.12703708012899"
[1] "Processing draws 2201 to 2300"
[1] "Chunk time = 1.97598257064819"
[1] "Processing draws 2301 to 2400"
[1] "Chunk time = 2.02286523977915"
[1] "Processing draws 2401 to 2500"
[1] "Chunk time = 2.11232312520345"
[1] "Processing draws 2501 to 2600"
[1] "Chunk time = 1.98546119530996"
[1] "Processing draws 2601 to 2700"
[1] "Chunk time = 2.0414700905482"
[1] "Processing draws 2701 to 2800"
[1] "Chunk time = 2.16247882843018"
[1] "Processing draws 2801 to 2900"
[1] "Chunk time = 1.98061498006185"
[1] "Processing draws 2901 to 3000"
[1] "Chunk time = 1.98259868224462"
[1] "Processing draws 3001 to 3100"
[1] "Chunk time = 2.11995865106583"
[1] "Processing draws 3101 to 3200"
[1] "Chunk time = 2.10721855958303"
[1] "Processing draws 3201 to 3300"
[1] "Chunk time = 2.00885838270187"
[1] "Processing draws 3301 to 3400"
[1] "Chunk time = 2.12492617766062"
[1] "Processing draws 3401 to 3500"
[1] "Chunk time = 1.96174298922221"
[1] "Processing draws 3501 to 3600"
[1] "Chunk time = 1.96615932385127"
[1] "Processing draws 3601 to 3700"
[1] "Chunk time = 1.99645165602366"
[1] "Processing draws 3701 to 3800"
[1] "Chunk time = 1.96205119689306"
[1] "Processing draws 3801 to 3900"
[1] "Chunk time = 1.98847013711929"
[1] "Processing draws 3901 to 4000"
[1] "Chunk time = 1.99939093192418"
[1] "Processing draws 4001 to 4100"
[1] "Chunk time = 2.15276881456375"
[1] "Processing draws 4101 to 4200"
[1] "Chunk time = 2.00154899756114"
[1] "Processing draws 4201 to 4300"
[1] "Chunk time = 2.00308718283971"
[1] "Processing draws 4301 to 4400"
[1] "Chunk time = 2.01789879401525"
[1] "Processing draws 4401 to 4500"
[1] "Chunk time = 1.99131873051325"
[1] "Processing draws 4501 to 4600"
[1] "Chunk time = 2.10465838511785"
[1] "Processing draws 4601 to 4700"
[1] "Chunk time = 2.11687030394872"
[1] "Processing draws 4701 to 4800"
[1] "Chunk time = 2.09046510855357"
[1] "Processing draws 4801 to 4900"
[1] "Chunk time = 2.12606696685155"
[1] "Processing draws 4901 to 5000"
[1] "Chunk time = 1.98836395740509"
[1] "Processing draws 5001 to 5100"
[1] "Chunk time = 1.95208641290665"
[1] "Processing draws 5101 to 5200"
[1] "Chunk time = 2.11894365549088"
[1] "Processing draws 5201 to 5300"
[1] "Chunk time = 2.01679147084554"
[1] "Processing draws 5301 to 5400"
[1] "Chunk time = 2.01624867916107"
[1] "Processing draws 5401 to 5500"
[1] "Chunk time = 2.10573052565257"
[1] "Processing draws 5501 to 5600"
[1] "Chunk time = 1.96695057551066"
[1] "Processing draws 5601 to 5700"
[1] "Chunk time = 1.95589778820674"
[1] "Processing draws 5701 to 5800"
[1] "Chunk time = 2.09820647239685"
[1] "Processing draws 5801 to 5900"
[1] "Chunk time = 1.97150131464005"
[1] "Processing draws 5901 to 6000"
[1] "Chunk time = 2.08068259159724"
[1] "Processing draws 6001 to 6100"
[1] "Chunk time = 2.11946811676025"
[1] "Processing draws 6101 to 6200"
[1] "Chunk time = 2.05651508172353"
[1] "Processing draws 6201 to 6300"
[1] "Chunk time = 1.976826663812"
[1] "Processing draws 6301 to 6400"
[1] "Chunk time = 2.14406273365021"
[1] "Processing draws 6401 to 6500"
[1] "Chunk time = 1.99629528522491"
[1] "Processing draws 6501 to 6600"
[1] "Chunk time = 1.99247957468033"
[1] "Processing draws 6601 to 6700"
[1] "Chunk time = 2.12365597486496"
[1] "Processing draws 6701 to 6800"
[1] "Chunk time = 2.00319944620132"
[1] "Processing draws 6801 to 6900"
[1] "Chunk time = 2.00451598962148"
[1] "Processing draws 6901 to 7000"
[1] "Chunk time = 2.14459601640701"
[1] "Processing draws 7001 to 7100"
[1] "Chunk time = 1.98989445368449"
[1] "Processing draws 7101 to 7200"
[1] "Chunk time = 1.93127748171488"
[1] "Processing draws 7201 to 7300"
[1] "Chunk time = 2.15637898445129"
[1] "Processing draws 7301 to 7400"
[1] "Chunk time = 1.97883613109589"
[1] "Processing draws 7401 to 7500"
[1] "Chunk time = 2.00932391087214"
[1] "Processing draws 7501 to 7600"
[1] "Chunk time = 2.20764677921931"
[1] "Processing draws 7601 to 7700"
[1] "Chunk time = 1.96335380474726"
[1] "Processing draws 7701 to 7800"
[1] "Chunk time = 1.90084498723348"
[1] "Processing draws 7801 to 7900"
[1] "Chunk time = 2.00047874053319"
[1] "Processing draws 7901 to 8000"
[1] "Chunk time = 1.92821927467982"
[1] "Processing draws 8001 to 8100"
[1] "Chunk time = 1.97257322072983"
[1] "Processing draws 8101 to 8200"
[1] "Chunk time = 2.13452276786168"
[1] "Processing draws 8201 to 8300"
[1] "Chunk time = 2.01649793783824"
[1] "Processing draws 8301 to 8400"
[1] "Chunk time = 2.00641324520111"
[1] "Processing draws 8401 to 8500"
[1] "Chunk time = 2.12115515867869"
[1] "Processing draws 8501 to 8600"
[1] "Chunk time = 1.96953697601954"
[1] "Processing draws 8601 to 8700"
[1] "Chunk time = 1.97637653748194"
[1] "Processing draws 8701 to 8800"
[1] "Chunk time = 2.09464302062988"
[1] "Processing draws 8801 to 8900"
[1] "Chunk time = 2.04383145570755"
[1] "Processing draws 8901 to 9000"
[1] "Chunk time = 2.04506525198619"
[1] "Processing draws 9001 to 9100"
[1] "Chunk time = 2.14644855260849"
[1] "Processing draws 9101 to 9200"
[1] "Chunk time = 2.04853454828262"
[1] "Processing draws 9201 to 9300"
[1] "Chunk time = 1.91916634639104"
[1] "Processing draws 9301 to 9400"
[1] "Chunk time = 2.08287620544434"
[1] "Processing draws 9401 to 9500"
[1] "Chunk time = 2.0163648446401"
[1] "Processing draws 9501 to 9600"
[1] "Chunk time = 1.97576446930567"
[1] "Processing draws 9601 to 9700"
[1] "Chunk time = 2.12800645828247"
[1] "Processing draws 9701 to 9800"
[1] "Chunk time = 1.99645650784175"
[1] "Processing draws 9801 to 9900"
[1] "Chunk time = 1.94196539322535"
[1] "Processing draws 9901 to 10000"
[1] "Chunk time = 2.12902056376139"
[1] "Processing draws 10001 to 10100"
[1] "Chunk time = 2.01638956864675"
[1] "Processing draws 10101 to 10200"
[1] "Chunk time = 2.02238163550695"
[1] "Processing draws 10201 to 10300"
[1] "Chunk time = 2.16524066527685"
[1] "Processing draws 10301 to 10400"
[1] "Chunk time = 2.04992645581563"
[1] "Processing draws 10401 to 10500"
[1] "Chunk time = 1.97251332600911"
[1] "Processing draws 10501 to 10600"
[1] "Chunk time = 2.1201268752416"
[1] "Processing draws 10601 to 10700"
[1] "Chunk time = 1.98316755692164"
[1] "Processing draws 10701 to 10800"
[1] "Chunk time = 1.97155862251918"
[1] "Processing draws 10801 to 10900"
[1] "Chunk time = 2.10927407344182"
[1] "Processing draws 10901 to 11000"
[1] "Chunk time = 1.99658218622208"
[1] "Processing draws 11001 to 11100"
[1] "Chunk time = 2.05513846476873"
[1] "Processing draws 11101 to 11200"
[1] "Chunk time = 2.15956857999166"
[1] "Processing draws 11201 to 11300"
[1] "Chunk time = 1.97261468569438"
[1] "Processing draws 11301 to 11400"
[1] "Chunk time = 2.00102972984314"
[1] "Processing draws 11401 to 11500"
[1] "Chunk time = 2.13514631589254"
[1] "Processing draws 11501 to 11600"
[1] "Chunk time = 2.04297195275625"
[1] "Processing draws 11601 to 11700"
[1] "Chunk time = 2.06031363010406"
[1] "Processing draws 11701 to 11800"
[1] "Chunk time = 2.12598261833191"
[1] "Processing draws 11801 to 11900"
[1] "Chunk time = 1.96988172133764"
[1] "Processing draws 11901 to 12000"
[1] "Chunk time = 1.99164449771245"
[1] "Processing draws 12001 to 12100"
[1] "Chunk time = 2.11813368399938"
[1] "Processing draws 12101 to 12200"
[1] "Chunk time = 1.98500448862712"
[1] "Processing draws 12201 to 12300"
[1] "Chunk time = 2.05615964730581"
[1] "Processing draws 12301 to 12400"
[1] "Chunk time = 2.14201868772507"
[1] "Processing draws 12401 to 12500"
[1] "Chunk time = 2.05465507904689"
[1] "Processing draws 12501 to 12600"
[1] "Chunk time = 1.95297903219859"
[1] "Processing draws 12601 to 12700"
[1] "Chunk time = 2.12016187906265"
[1] "Processing draws 12701 to 12800"
[1] "Chunk time = 1.99074922800064"
[1] "Processing draws 12801 to 12900"
[1] "Chunk time = 1.95804694096247"
[1] "Processing draws 12901 to 13000"
[1] "Chunk time = 2.12351304690043"
[1] "Processing draws 13001 to 13100"
[1] "Chunk time = 1.99282937844594"
[1] "Processing draws 13101 to 13200"
[1] "Chunk time = 2.07454993327459"
[1] "Processing draws 13201 to 13300"
[1] "Chunk time = 2.12609420220057"
[1] "Processing draws 13301 to 13400"
[1] "Chunk time = 1.95531016588211"
[1] "Processing draws 13401 to 13500"
[1] "Chunk time = 1.97874902884165"
[1] "Processing draws 13501 to 13600"
[1] "Chunk time = 2.1410667181015"
[1] "Processing draws 13601 to 13700"
[1] "Chunk time = 2.03348328669866"
[1] "Processing draws 13701 to 13800"
[1] "Chunk time = 2.051586886247"
[1] "Processing draws 13801 to 13900"
[1] "Chunk time = 2.12047782739003"
[1] "Processing draws 13901 to 14000"
[1] "Chunk time = 1.97817142009735"
[1] "Processing draws 14001 to 14100"
[1] "Chunk time = 1.92598148187002"
[1] "Processing draws 14101 to 14200"
[1] "Chunk time = 2.13898040850957"
[1] "Processing draws 14201 to 14300"
[1] "Chunk time = 1.9597548921903"
[1] "Processing draws 14301 to 14400"
[1] "Chunk time = 1.99648117224375"
[1] "Processing draws 14401 to 14500"
[1] "Chunk time = 2.12252107063929"
[1] "Processing draws 14501 to 14600"
[1] "Chunk time = 2.06209521691004"
[1] "Processing draws 14601 to 14700"
[1] "Chunk time = 1.94794810612996"
[1] "Processing draws 14701 to 14800"
[1] "Chunk time = 2.12543679873149"
[1] "Processing draws 14801 to 14900"
[1] "Chunk time = 1.95607811609904"
[1] "Processing draws 14901 to 15000"
[1] "Chunk time = 1.98227643171946"
[1] "Processing draws 15001 to 15100"
[1] "Chunk time = 2.12141307195028"
[1] "Processing draws 15101 to 15200"
[1] "Chunk time = 2.03470477660497"
[1] "Processing draws 15201 to 15300"
[1] "Chunk time = 2.03774102131526"
[1] "Processing draws 15301 to 15400"
[1] "Chunk time = 2.13281401395798"
[1] "Processing draws 15401 to 15500"
[1] "Chunk time = 1.9981741309166"
[1] "Processing draws 15501 to 15600"
[1] "Chunk time = 1.98477460543315"
[1] "Processing draws 15601 to 15700"
[1] "Chunk time = 2.07231349945068"
[1] "Processing draws 15701 to 15800"
[1] "Chunk time = 1.988449883461"
[1] "Processing draws 15801 to 15900"
[1] "Chunk time = 1.99052319924037"
[1] "Processing draws 15901 to 16000"
[1] "Chunk time = 2.0909451007843"
[1] "Processing draws 16001 to 16100"
[1] "Chunk time = 1.94285470247269"
[1] "Processing draws 16101 to 16200"
[1] "Chunk time = 1.96817322969437"
[1] "Processing draws 16201 to 16300"
[1] "Chunk time = 2.14457573095957"
[1] "Processing draws 16301 to 16400"
[1] "Chunk time = 1.98742806514104"
[1] "Processing draws 16401 to 16500"
[1] "Chunk time = 1.94996031125387"
[1] "Processing draws 16501 to 16600"
[1] "Chunk time = 2.11551342407862"
[1] "Processing draws 16601 to 16700"
[1] "Chunk time = 2.01444025834401"
[1] "Processing draws 16701 to 16800"
[1] "Chunk time = 1.97928284009298"
[1] "Processing draws 16801 to 16900"
[1] "Chunk time = 2.13265829483668"
[1] "Processing draws 16901 to 17000"
[1] "Chunk time = 1.96032204627991"
[1] "Processing draws 17001 to 17100"
[1] "Chunk time = 1.95802695353826"
[1] "Processing draws 17101 to 17200"
[1] "Chunk time = 2.1409101208051"
[1] "Processing draws 17201 to 17300"
[1] "Chunk time = 1.9645717382431"
[1] "Processing draws 17301 to 17400"
[1] "Chunk time = 1.95125358104706"
[1] "Processing draws 17401 to 17500"
[1] "Chunk time = 1.99217990636826"
[1] "Processing draws 17501 to 17600"
[1] "Chunk time = 2.00270334482193"
[1] "Processing draws 17601 to 17700"
[1] "Chunk time = 1.96924865643183"
[1] "Processing draws 17701 to 17800"
[1] "Chunk time = 1.992646976312"
[1] "Processing draws 17801 to 17900"
[1] "Chunk time = 1.959055463473"
[1] "Processing draws 17901 to 18000"
[1] "Chunk time = 2.03564159075419"
[1] "Processing draws 18001 to 18100"
[1] "Chunk time = 2.12160102526347"
[1] "Processing draws 18101 to 18200"
[1] "Chunk time = 1.98691798448563"
[1] "Processing draws 18201 to 18300"
[1] "Chunk time = 1.98582281271617"
[1] "Processing draws 18301 to 18400"
[1] "Chunk time = 2.12827519575755"
[1] "Processing draws 18401 to 18500"
[1] "Chunk time = 1.99721040328344"
[1] "Processing draws 18501 to 18600"
[1] "Chunk time = 2.03285218079885"
[1] "Processing draws 18601 to 18700"
[1] "Chunk time = 2.12306818564733"
[1] "Processing draws 18701 to 18800"
[1] "Chunk time = 2.01828813950221"
[1] "Processing draws 18801 to 18900"
[1] "Chunk time = 2.01263556083043"
[1] "Processing draws 18901 to 19000"
[1] "Chunk time = 2.13733047246933"
[1] "Processing draws 19001 to 19100"
[1] "Chunk time = 2.00003017187119"
[1] "Processing draws 19101 to 19200"
[1] "Chunk time = 1.97053640286128"
[1] "Processing draws 19201 to 19300"
[1] "Chunk time = 2.14325453042984"
[1] "Processing draws 19301 to 19400"
[1] "Chunk time = 2.03553820451101"
[1] "Processing draws 19401 to 19500"
[1] "Chunk time = 2.01389832496643"
[1] "Processing draws 19501 to 19600"
[1] "Chunk time = 2.2068039337794"
[1] "Processing draws 19601 to 19700"
[1] "Chunk time = 2.08000845511754"
[1] "Processing draws 19701 to 19800"
[1] "Chunk time = 2.01662911176682"
[1] "Processing draws 19801 to 19900"
[1] "Chunk time = 2.18723489840825"
[1] "Processing draws 19901 to 20000"
[1] "Chunk time = 2.07837198972702"
[1] "done lapplying"
[1] "Saving current params"
[1] "Saving params to output.rds"
[1] TRUE
[1] "Time for modelling:"
[1] "2025-07-02 20:31:45 EDT"
[1] "Time for posterior computations:"
Time difference of 6.87027 hours
[1] "Total time:"
[1] "2025-07-03 03:23:58 EDT"
