[1] "Starting sampling."
Running MCMC with 4 parallel chains, with 4 thread(s) per chain...

Chain 1 Iteration:    1 / 6000 [  0%]  (Warmup) 
Chain 2 Iteration:    1 / 6000 [  0%]  (Warmup) 
Chain 3 Iteration:    1 / 6000 [  0%]  (Warmup) 
Chain 4 Iteration:    1 / 6000 [  0%]  (Warmup) 
Chain 4 Iteration:  100 / 6000 [  1%]  (Warmup) 
Chain 2 Iteration:  100 / 6000 [  1%]  (Warmup) 
Chain 1 Iteration:  100 / 6000 [  1%]  (Warmup) 
Chain 3 Iteration:  100 / 6000 [  1%]  (Warmup) 
Chain 4 Iteration:  200 / 6000 [  3%]  (Warmup) 
Chain 2 Iteration:  200 / 6000 [  3%]  (Warmup) 
Chain 1 Iteration:  200 / 6000 [  3%]  (Warmup) 
Chain 3 Iteration:  200 / 6000 [  3%]  (Warmup) 
Chain 4 Iteration:  300 / 6000 [  5%]  (Warmup) 
Chain 2 Iteration:  300 / 6000 [  5%]  (Warmup) 
Chain 1 Iteration:  300 / 6000 [  5%]  (Warmup) 
Chain 3 Iteration:  300 / 6000 [  5%]  (Warmup) 
Chain 2 Iteration:  400 / 6000 [  6%]  (Warmup) 
Chain 1 Iteration:  400 / 6000 [  6%]  (Warmup) 
Chain 3 Iteration:  400 / 6000 [  6%]  (Warmup) 
Chain 2 Iteration:  500 / 6000 [  8%]  (Warmup) 
Chain 4 Iteration:  400 / 6000 [  6%]  (Warmup) 
Chain 1 Iteration:  500 / 6000 [  8%]  (Warmup) 
Chain 2 Iteration:  600 / 6000 [ 10%]  (Warmup) 
Chain 3 Iteration:  500 / 6000 [  8%]  (Warmup) 
Chain 1 Iteration:  600 / 6000 [ 10%]  (Warmup) 
Chain 2 Iteration:  700 / 6000 [ 11%]  (Warmup) 
Chain 3 Iteration:  600 / 6000 [ 10%]  (Warmup) 
Chain 4 Iteration:  500 / 6000 [  8%]  (Warmup) 
Chain 1 Iteration:  700 / 6000 [ 11%]  (Warmup) 
Chain 2 Iteration:  800 / 6000 [ 13%]  (Warmup) 
Chain 4 Iteration:  600 / 6000 [ 10%]  (Warmup) 
Chain 3 Iteration:  700 / 6000 [ 11%]  (Warmup) 
Chain 1 Iteration:  800 / 6000 [ 13%]  (Warmup) 
Chain 2 Iteration:  900 / 6000 [ 15%]  (Warmup) 
Chain 4 Iteration:  700 / 6000 [ 11%]  (Warmup) 
Chain 1 Iteration:  900 / 6000 [ 15%]  (Warmup) 
Chain 2 Iteration: 1000 / 6000 [ 16%]  (Warmup) 
Chain 2 Iteration: 1001 / 6000 [ 16%]  (Sampling) 
Chain 3 Iteration:  800 / 6000 [ 13%]  (Warmup) 
Chain 4 Iteration:  800 / 6000 [ 13%]  (Warmup) 
Chain 1 Iteration: 1000 / 6000 [ 16%]  (Warmup) 
Chain 1 Iteration: 1001 / 6000 [ 16%]  (Sampling) 
Chain 3 Iteration:  900 / 6000 [ 15%]  (Warmup) 
Chain 2 Iteration: 1100 / 6000 [ 18%]  (Sampling) 
Chain 4 Iteration:  900 / 6000 [ 15%]  (Warmup) 
Chain 1 Iteration: 1100 / 6000 [ 18%]  (Sampling) 
Chain 3 Iteration: 1000 / 6000 [ 16%]  (Warmup) 
Chain 3 Iteration: 1001 / 6000 [ 16%]  (Sampling) 
Chain 2 Iteration: 1200 / 6000 [ 20%]  (Sampling) 
Chain 4 Iteration: 1000 / 6000 [ 16%]  (Warmup) 
Chain 4 Iteration: 1001 / 6000 [ 16%]  (Sampling) 
Chain 1 Iteration: 1200 / 6000 [ 20%]  (Sampling) 
Chain 3 Iteration: 1100 / 6000 [ 18%]  (Sampling) 
Chain 2 Iteration: 1300 / 6000 [ 21%]  (Sampling) 
Chain 4 Iteration: 1100 / 6000 [ 18%]  (Sampling) 
Chain 1 Iteration: 1300 / 6000 [ 21%]  (Sampling) 
Chain 3 Iteration: 1200 / 6000 [ 20%]  (Sampling) 
Chain 2 Iteration: 1400 / 6000 [ 23%]  (Sampling) 
Chain 1 Iteration: 1400 / 6000 [ 23%]  (Sampling) 
Chain 4 Iteration: 1200 / 6000 [ 20%]  (Sampling) 
Chain 3 Iteration: 1300 / 6000 [ 21%]  (Sampling) 
Chain 2 Iteration: 1500 / 6000 [ 25%]  (Sampling) 
Chain 1 Iteration: 1500 / 6000 [ 25%]  (Sampling) 
Chain 4 Iteration: 1300 / 6000 [ 21%]  (Sampling) 
Chain 3 Iteration: 1400 / 6000 [ 23%]  (Sampling) 
Chain 2 Iteration: 1600 / 6000 [ 26%]  (Sampling) 
Chain 1 Iteration: 1600 / 6000 [ 26%]  (Sampling) 
Chain 4 Iteration: 1400 / 6000 [ 23%]  (Sampling) 
Chain 3 Iteration: 1500 / 6000 [ 25%]  (Sampling) 
Chain 2 Iteration: 1700 / 6000 [ 28%]  (Sampling) 
Chain 1 Iteration: 1700 / 6000 [ 28%]  (Sampling) 
Chain 4 Iteration: 1500 / 6000 [ 25%]  (Sampling) 
Chain 3 Iteration: 1600 / 6000 [ 26%]  (Sampling) 
Chain 2 Iteration: 1800 / 6000 [ 30%]  (Sampling) 
Chain 1 Iteration: 1800 / 6000 [ 30%]  (Sampling) 
Chain 4 Iteration: 1600 / 6000 [ 26%]  (Sampling) 
Chain 3 Iteration: 1700 / 6000 [ 28%]  (Sampling) 
Chain 2 Iteration: 1900 / 6000 [ 31%]  (Sampling) 
Chain 1 Iteration: 1900 / 6000 [ 31%]  (Sampling) 
Chain 4 Iteration: 1700 / 6000 [ 28%]  (Sampling) 
Chain 3 Iteration: 1800 / 6000 [ 30%]  (Sampling) 
Chain 2 Iteration: 2000 / 6000 [ 33%]  (Sampling) 
Chain 1 Iteration: 2000 / 6000 [ 33%]  (Sampling) 
Chain 4 Iteration: 1800 / 6000 [ 30%]  (Sampling) 
Chain 3 Iteration: 1900 / 6000 [ 31%]  (Sampling) 
Chain 2 Iteration: 2100 / 6000 [ 35%]  (Sampling) 
Chain 1 Iteration: 2100 / 6000 [ 35%]  (Sampling) 
Chain 4 Iteration: 1900 / 6000 [ 31%]  (Sampling) 
Chain 3 Iteration: 2000 / 6000 [ 33%]  (Sampling) 
Chain 2 Iteration: 2200 / 6000 [ 36%]  (Sampling) 
Chain 1 Iteration: 2200 / 6000 [ 36%]  (Sampling) 
Chain 4 Iteration: 2000 / 6000 [ 33%]  (Sampling) 
Chain 3 Iteration: 2100 / 6000 [ 35%]  (Sampling) 
Chain 2 Iteration: 2300 / 6000 [ 38%]  (Sampling) 
Chain 1 Iteration: 2300 / 6000 [ 38%]  (Sampling) 
Chain 4 Iteration: 2100 / 6000 [ 35%]  (Sampling) 
Chain 3 Iteration: 2200 / 6000 [ 36%]  (Sampling) 
Chain 2 Iteration: 2400 / 6000 [ 40%]  (Sampling) 
Chain 1 Iteration: 2400 / 6000 [ 40%]  (Sampling) 
Chain 4 Iteration: 2200 / 6000 [ 36%]  (Sampling) 
Chain 3 Iteration: 2300 / 6000 [ 38%]  (Sampling) 
Chain 2 Iteration: 2500 / 6000 [ 41%]  (Sampling) 
Chain 1 Iteration: 2500 / 6000 [ 41%]  (Sampling) 
Chain 4 Iteration: 2300 / 6000 [ 38%]  (Sampling) 
Chain 3 Iteration: 2400 / 6000 [ 40%]  (Sampling) 
Chain 2 Iteration: 2600 / 6000 [ 43%]  (Sampling) 
Chain 1 Iteration: 2600 / 6000 [ 43%]  (Sampling) 
Chain 3 Iteration: 2500 / 6000 [ 41%]  (Sampling) 
Chain 4 Iteration: 2400 / 6000 [ 40%]  (Sampling) 
Chain 2 Iteration: 2700 / 6000 [ 45%]  (Sampling) 
Chain 1 Iteration: 2700 / 6000 [ 45%]  (Sampling) 
Chain 3 Iteration: 2600 / 6000 [ 43%]  (Sampling) 
Chain 2 Iteration: 2800 / 6000 [ 46%]  (Sampling) 
Chain 4 Iteration: 2500 / 6000 [ 41%]  (Sampling) 
Chain 1 Iteration: 2800 / 6000 [ 46%]  (Sampling) 
Chain 3 Iteration: 2700 / 6000 [ 45%]  (Sampling) 
Chain 2 Iteration: 2900 / 6000 [ 48%]  (Sampling) 
Chain 4 Iteration: 2600 / 6000 [ 43%]  (Sampling) 
Chain 1 Iteration: 2900 / 6000 [ 48%]  (Sampling) 
Chain 3 Iteration: 2800 / 6000 [ 46%]  (Sampling) 
Chain 2 Iteration: 3000 / 6000 [ 50%]  (Sampling) 
Chain 4 Iteration: 2700 / 6000 [ 45%]  (Sampling) 
Chain 1 Iteration: 3000 / 6000 [ 50%]  (Sampling) 
Chain 3 Iteration: 2900 / 6000 [ 48%]  (Sampling) 
Chain 2 Iteration: 3100 / 6000 [ 51%]  (Sampling) 
Chain 4 Iteration: 2800 / 6000 [ 46%]  (Sampling) 
Chain 1 Iteration: 3100 / 6000 [ 51%]  (Sampling) 
Chain 3 Iteration: 3000 / 6000 [ 50%]  (Sampling) 
Chain 2 Iteration: 3200 / 6000 [ 53%]  (Sampling) 
Chain 4 Iteration: 2900 / 6000 [ 48%]  (Sampling) 
Chain 1 Iteration: 3200 / 6000 [ 53%]  (Sampling) 
Chain 3 Iteration: 3100 / 6000 [ 51%]  (Sampling) 
Chain 2 Iteration: 3300 / 6000 [ 55%]  (Sampling) 
Chain 4 Iteration: 3000 / 6000 [ 50%]  (Sampling) 
Chain 1 Iteration: 3300 / 6000 [ 55%]  (Sampling) 
Chain 2 Iteration: 3400 / 6000 [ 56%]  (Sampling) 
Chain 3 Iteration: 3200 / 6000 [ 53%]  (Sampling) 
Chain 4 Iteration: 3100 / 6000 [ 51%]  (Sampling) 
Chain 1 Iteration: 3400 / 6000 [ 56%]  (Sampling) 
Chain 2 Iteration: 3500 / 6000 [ 58%]  (Sampling) 
Chain 3 Iteration: 3300 / 6000 [ 55%]  (Sampling) 
Chain 4 Iteration: 3200 / 6000 [ 53%]  (Sampling) 
Chain 1 Iteration: 3500 / 6000 [ 58%]  (Sampling) 
Chain 2 Iteration: 3600 / 6000 [ 60%]  (Sampling) 
Chain 3 Iteration: 3400 / 6000 [ 56%]  (Sampling) 
Chain 4 Iteration: 3300 / 6000 [ 55%]  (Sampling) 
Chain 1 Iteration: 3600 / 6000 [ 60%]  (Sampling) 
Chain 2 Iteration: 3700 / 6000 [ 61%]  (Sampling) 
Chain 3 Iteration: 3500 / 6000 [ 58%]  (Sampling) 
Chain 4 Iteration: 3400 / 6000 [ 56%]  (Sampling) 
Chain 1 Iteration: 3700 / 6000 [ 61%]  (Sampling) 
Chain 2 Iteration: 3800 / 6000 [ 63%]  (Sampling) 
Chain 3 Iteration: 3600 / 6000 [ 60%]  (Sampling) 
Chain 4 Iteration: 3500 / 6000 [ 58%]  (Sampling) 
Chain 1 Iteration: 3800 / 6000 [ 63%]  (Sampling) 
Chain 2 Iteration: 3900 / 6000 [ 65%]  (Sampling) 
Chain 3 Iteration: 3700 / 6000 [ 61%]  (Sampling) 
Chain 4 Iteration: 3600 / 6000 [ 60%]  (Sampling) 
Chain 1 Iteration: 3900 / 6000 [ 65%]  (Sampling) 
Chain 2 Iteration: 4000 / 6000 [ 66%]  (Sampling) 
Chain 3 Iteration: 3800 / 6000 [ 63%]  (Sampling) 
Chain 4 Iteration: 3700 / 6000 [ 61%]  (Sampling) 
Chain 1 Iteration: 4000 / 6000 [ 66%]  (Sampling) 
Chain 2 Iteration: 4100 / 6000 [ 68%]  (Sampling) 
Chain 3 Iteration: 3900 / 6000 [ 65%]  (Sampling) 
Chain 4 Iteration: 3800 / 6000 [ 63%]  (Sampling) 
Chain 1 Iteration: 4100 / 6000 [ 68%]  (Sampling) 
Chain 2 Iteration: 4200 / 6000 [ 70%]  (Sampling) 
Chain 3 Iteration: 4000 / 6000 [ 66%]  (Sampling) 
Chain 4 Iteration: 3900 / 6000 [ 65%]  (Sampling) 
Chain 1 Iteration: 4200 / 6000 [ 70%]  (Sampling) 
Chain 2 Iteration: 4300 / 6000 [ 71%]  (Sampling) 
Chain 3 Iteration: 4100 / 6000 [ 68%]  (Sampling) 
Chain 4 Iteration: 4000 / 6000 [ 66%]  (Sampling) 
Chain 1 Iteration: 4300 / 6000 [ 71%]  (Sampling) 
Chain 2 Iteration: 4400 / 6000 [ 73%]  (Sampling) 
Chain 3 Iteration: 4200 / 6000 [ 70%]  (Sampling) 
Chain 4 Iteration: 4100 / 6000 [ 68%]  (Sampling) 
Chain 1 Iteration: 4400 / 6000 [ 73%]  (Sampling) 
Chain 2 Iteration: 4500 / 6000 [ 75%]  (Sampling) 
Chain 3 Iteration: 4300 / 6000 [ 71%]  (Sampling) 
Chain 4 Iteration: 4200 / 6000 [ 70%]  (Sampling) 
Chain 1 Iteration: 4500 / 6000 [ 75%]  (Sampling) 
Chain 2 Iteration: 4600 / 6000 [ 76%]  (Sampling) 
Chain 3 Iteration: 4400 / 6000 [ 73%]  (Sampling) 
Chain 4 Iteration: 4300 / 6000 [ 71%]  (Sampling) 
Chain 1 Iteration: 4600 / 6000 [ 76%]  (Sampling) 
Chain 2 Iteration: 4700 / 6000 [ 78%]  (Sampling) 
Chain 3 Iteration: 4500 / 6000 [ 75%]  (Sampling) 
Chain 4 Iteration: 4400 / 6000 [ 73%]  (Sampling) 
Chain 1 Iteration: 4700 / 6000 [ 78%]  (Sampling) 
Chain 2 Iteration: 4800 / 6000 [ 80%]  (Sampling) 
Chain 3 Iteration: 4600 / 6000 [ 76%]  (Sampling) 
Chain 4 Iteration: 4500 / 6000 [ 75%]  (Sampling) 
Chain 1 Iteration: 4800 / 6000 [ 80%]  (Sampling) 
Chain 2 Iteration: 4900 / 6000 [ 81%]  (Sampling) 
Chain 3 Iteration: 4700 / 6000 [ 78%]  (Sampling) 
Chain 4 Iteration: 4600 / 6000 [ 76%]  (Sampling) 
Chain 1 Iteration: 4900 / 6000 [ 81%]  (Sampling) 
Chain 2 Iteration: 5000 / 6000 [ 83%]  (Sampling) 
Chain 3 Iteration: 4800 / 6000 [ 80%]  (Sampling) 
Chain 4 Iteration: 4700 / 6000 [ 78%]  (Sampling) 
Chain 1 Iteration: 5000 / 6000 [ 83%]  (Sampling) 
Chain 2 Iteration: 5100 / 6000 [ 85%]  (Sampling) 
Chain 3 Iteration: 4900 / 6000 [ 81%]  (Sampling) 
Chain 4 Iteration: 4800 / 6000 [ 80%]  (Sampling) 
Chain 1 Iteration: 5100 / 6000 [ 85%]  (Sampling) 
Chain 2 Iteration: 5200 / 6000 [ 86%]  (Sampling) 
Chain 3 Iteration: 5000 / 6000 [ 83%]  (Sampling) 
Chain 4 Iteration: 4900 / 6000 [ 81%]  (Sampling) 
Chain 1 Iteration: 5200 / 6000 [ 86%]  (Sampling) 
Chain 2 Iteration: 5300 / 6000 [ 88%]  (Sampling) 
Chain 3 Iteration: 5100 / 6000 [ 85%]  (Sampling) 
Chain 4 Iteration: 5000 / 6000 [ 83%]  (Sampling) 
Chain 1 Iteration: 5300 / 6000 [ 88%]  (Sampling) 
Chain 2 Iteration: 5400 / 6000 [ 90%]  (Sampling) 
Chain 3 Iteration: 5200 / 6000 [ 86%]  (Sampling) 
Chain 4 Iteration: 5100 / 6000 [ 85%]  (Sampling) 
Chain 1 Iteration: 5400 / 6000 [ 90%]  (Sampling) 
Chain 2 Iteration: 5500 / 6000 [ 91%]  (Sampling) 
Chain 3 Iteration: 5300 / 6000 [ 88%]  (Sampling) 
Chain 4 Iteration: 5200 / 6000 [ 86%]  (Sampling) 
Chain 1 Iteration: 5500 / 6000 [ 91%]  (Sampling) 
Chain 2 Iteration: 5600 / 6000 [ 93%]  (Sampling) 
Chain 3 Iteration: 5400 / 6000 [ 90%]  (Sampling) 
Chain 4 Iteration: 5300 / 6000 [ 88%]  (Sampling) 
Chain 1 Iteration: 5600 / 6000 [ 93%]  (Sampling) 
Chain 2 Iteration: 5700 / 6000 [ 95%]  (Sampling) 
Chain 3 Iteration: 5500 / 6000 [ 91%]  (Sampling) 
Chain 4 Iteration: 5400 / 6000 [ 90%]  (Sampling) 
Chain 1 Iteration: 5700 / 6000 [ 95%]  (Sampling) 
Chain 2 Iteration: 5800 / 6000 [ 96%]  (Sampling) 
Chain 3 Iteration: 5600 / 6000 [ 93%]  (Sampling) 
Chain 4 Iteration: 5500 / 6000 [ 91%]  (Sampling) 
Chain 1 Iteration: 5800 / 6000 [ 96%]  (Sampling) 
Chain 2 Iteration: 5900 / 6000 [ 98%]  (Sampling) 
Chain 3 Iteration: 5700 / 6000 [ 95%]  (Sampling) 
Chain 4 Iteration: 5600 / 6000 [ 93%]  (Sampling) 
Chain 1 Iteration: 5900 / 6000 [ 98%]  (Sampling) 
Chain 2 Iteration: 6000 / 6000 [100%]  (Sampling) 
Chain 2 finished in 1339.2 seconds.
Chain 3 Iteration: 5800 / 6000 [ 96%]  (Sampling) 
Chain 4 Iteration: 5700 / 6000 [ 95%]  (Sampling) 
Chain 1 Iteration: 6000 / 6000 [100%]  (Sampling) 
Chain 1 finished in 1350.7 seconds.
Chain 3 Iteration: 5900 / 6000 [ 98%]  (Sampling) 
Chain 4 Iteration: 5800 / 6000 [ 96%]  (Sampling) 
Chain 3 Iteration: 6000 / 6000 [100%]  (Sampling) 
Chain 3 finished in 1377.5 seconds.
Chain 4 Iteration: 5900 / 6000 [ 98%]  (Sampling) 
Chain 4 Iteration: 6000 / 6000 [100%]  (Sampling) 
Chain 4 finished in 1401.3 seconds.

All 4 chains finished successfully.
Mean chain execution time: 1367.2 seconds.
Total execution time: 1401.7 seconds.

[1] "Processing draws 1 to 100"
[1] "Chunk time = 48.4451332092285"
[1] "Processing draws 101 to 200"
[1] "Chunk time = 15.3835661411285"
[1] "Processing draws 201 to 300"
[1] "Chunk time = 14.342601776123"
[1] "Processing draws 301 to 400"
[1] "Chunk time = 15.2282629013062"
[1] "Processing draws 401 to 500"
[1] "Chunk time = 14.7796115875244"
[1] "Processing draws 501 to 600"
[1] "Chunk time = 14.4546866416931"
[1] "Processing draws 601 to 700"
[1] "Chunk time = 14.6333708763123"
[1] "Processing draws 701 to 800"
[1] "Chunk time = 14.2560834884644"
[1] "Processing draws 801 to 900"
[1] "Chunk time = 14.6336641311646"
[1] "Processing draws 901 to 1000"
[1] "Chunk time = 14.7568283081055"
[1] "Processing draws 1001 to 1100"
[1] "Chunk time = 14.3096237182617"
[1] "Processing draws 1101 to 1200"
[1] "Chunk time = 14.8000218868256"
[1] "Processing draws 1201 to 1300"
[1] "Chunk time = 14.4835851192474"
[1] "Processing draws 1301 to 1400"
[1] "Chunk time = 14.7821264266968"
[1] "Processing draws 1401 to 1500"
[1] "Chunk time = 14.408828496933"
[1] "Processing draws 1501 to 1600"
[1] "Chunk time = 13.9732947349548"
[1] "Processing draws 1601 to 1700"
[1] "Chunk time = 14.2312698364258"
[1] "Processing draws 1701 to 1800"
[1] "Chunk time = 14.6268429756165"
[1] "Processing draws 1801 to 1900"
[1] "Chunk time = 14.5496673583984"
[1] "Processing draws 1901 to 2000"
[1] "Chunk time = 14.5753517150879"
[1] "Processing draws 2001 to 2100"
[1] "Chunk time = 14.4574692249298"
[1] "Processing draws 2101 to 2200"
[1] "Chunk time = 14.0506808757782"
[1] "Processing draws 2201 to 2300"
[1] "Chunk time = 14.7850048542023"
[1] "Processing draws 2301 to 2400"
[1] "Chunk time = 14.6870219707489"
[1] "Processing draws 2401 to 2500"
[1] "Chunk time = 14.3771455287933"
[1] "Processing draws 2501 to 2600"
[1] "Chunk time = 14.4786806106567"
[1] "Processing draws 2601 to 2700"
[1] "Chunk time = 14.3963162899017"
[1] "Processing draws 2701 to 2800"
[1] "Chunk time = 14.2887749671936"
[1] "Processing draws 2801 to 2900"
[1] "Chunk time = 14.9069380760193"
[1] "Processing draws 2901 to 3000"
[1] "Chunk time = 14.4254279136658"
[1] "Processing draws 3001 to 3100"
[1] "Chunk time = 14.5356259346008"
[1] "Processing draws 3101 to 3200"
[1] "Chunk time = 14.5878682136536"
[1] "Processing draws 3201 to 3300"
[1] "Chunk time = 14.5192658901215"
[1] "Processing draws 3301 to 3400"
[1] "Chunk time = 14.4868218898773"
[1] "Processing draws 3401 to 3500"
[1] "Chunk time = 14.4922811985016"
[1] "Processing draws 3501 to 3600"
[1] "Chunk time = 14.5372231006622"
[1] "Processing draws 3601 to 3700"
[1] "Chunk time = 14.5264081954956"
[1] "Processing draws 3701 to 3800"
[1] "Chunk time = 14.8215880393982"
[1] "Processing draws 3801 to 3900"
[1] "Chunk time = 14.7004098892212"
[1] "Processing draws 3901 to 4000"
[1] "Chunk time = 14.105409860611"
[1] "Processing draws 4001 to 4100"
[1] "Chunk time = 14.7373039722443"
[1] "Processing draws 4101 to 4200"
[1] "Chunk time = 14.298052072525"
[1] "Processing draws 4201 to 4300"
[1] "Chunk time = 14.9364848136902"
[1] "Processing draws 4301 to 4400"
[1] "Chunk time = 14.3928263187408"
[1] "Processing draws 4401 to 4500"
[1] "Chunk time = 14.5813655853271"
[1] "Processing draws 4501 to 4600"
[1] "Chunk time = 14.4261956214905"
[1] "Processing draws 4601 to 4700"
[1] "Chunk time = 14.68013048172"
[1] "Processing draws 4701 to 4800"
[1] "Chunk time = 14.6807434558868"
[1] "Processing draws 4801 to 4900"
[1] "Chunk time = 15.0242111682892"
[1] "Processing draws 4901 to 5000"
[1] "Chunk time = 14.4046316146851"
[1] "Processing draws 5001 to 5100"
[1] "Chunk time = 14.1961269378662"
[1] "Processing draws 5101 to 5200"
[1] "Chunk time = 14.6020033359528"
[1] "Processing draws 5201 to 5300"
[1] "Chunk time = 15.0332117080688"
[1] "Processing draws 5301 to 5400"
[1] "Chunk time = 14.2492866516113"
[1] "Processing draws 5401 to 5500"
[1] "Chunk time = 14.2940104007721"
[1] "Processing draws 5501 to 5600"
[1] "Chunk time = 13.8908882141113"
[1] "Processing draws 5601 to 5700"
[1] "Chunk time = 13.9904205799103"
[1] "Processing draws 5701 to 5800"
[1] "Chunk time = 13.7760961055756"
[1] "Processing draws 5801 to 5900"
[1] "Chunk time = 14.4234490394592"
[1] "Processing draws 5901 to 6000"
[1] "Chunk time = 14.7691068649292"
[1] "Processing draws 6001 to 6100"
[1] "Chunk time = 14.5039756298065"
[1] "Processing draws 6101 to 6200"
[1] "Chunk time = 14.0318033695221"
[1] "Processing draws 6201 to 6300"
[1] "Chunk time = 14.031174659729"
[1] "Processing draws 6301 to 6400"
[1] "Chunk time = 14.0126671791077"
[1] "Processing draws 6401 to 6500"
[1] "Chunk time = 13.8866832256317"
[1] "Processing draws 6501 to 6600"
[1] "Chunk time = 14.3977425098419"
[1] "Processing draws 6601 to 6700"
[1] "Chunk time = 14.539981842041"
[1] "Processing draws 6701 to 6800"
[1] "Chunk time = 14.5650916099548"
[1] "Processing draws 6801 to 6900"
[1] "Chunk time = 14.7547359466553"
[1] "Processing draws 6901 to 7000"
[1] "Chunk time = 14.8874554634094"
[1] "Processing draws 7001 to 7100"
[1] "Chunk time = 14.7549047470093"
[1] "Processing draws 7101 to 7200"
[1] "Chunk time = 14.6254022121429"
[1] "Processing draws 7201 to 7300"
[1] "Chunk time = 14.7385497093201"
[1] "Processing draws 7301 to 7400"
[1] "Chunk time = 14.6693408489227"
[1] "Processing draws 7401 to 7500"
[1] "Chunk time = 14.6874923706055"
[1] "Processing draws 7501 to 7600"
[1] "Chunk time = 14.5883419513702"
[1] "Processing draws 7601 to 7700"
[1] "Chunk time = 14.8050634860992"
[1] "Processing draws 7701 to 7800"
[1] "Chunk time = 14.8565418720245"
[1] "Processing draws 7801 to 7900"
[1] "Chunk time = 14.4597799777985"
[1] "Processing draws 7901 to 8000"
[1] "Chunk time = 14.0035135746002"
[1] "Processing draws 8001 to 8100"
[1] "Chunk time = 14.22310090065"
[1] "Processing draws 8101 to 8200"
[1] "Chunk time = 14.4521534442902"
[1] "Processing draws 8201 to 8300"
[1] "Chunk time = 14.8184926509857"
[1] "Processing draws 8301 to 8400"
[1] "Chunk time = 14.6166088581085"
[1] "Processing draws 8401 to 8500"
[1] "Chunk time = 14.6554915904999"
[1] "Processing draws 8501 to 8600"
[1] "Chunk time = 14.5440981388092"
[1] "Processing draws 8601 to 8700"
[1] "Chunk time = 14.293386220932"
[1] "Processing draws 8701 to 8800"
[1] "Chunk time = 14.2707500457764"
[1] "Processing draws 8801 to 8900"
[1] "Chunk time = 14.4038481712341"
[1] "Processing draws 8901 to 9000"
[1] "Chunk time = 15.1270091533661"
[1] "Processing draws 9001 to 9100"
[1] "Chunk time = 14.6282939910889"
[1] "Processing draws 9101 to 9200"
[1] "Chunk time = 15.3470840454102"
[1] "Processing draws 9201 to 9300"
[1] "Chunk time = 15.1422820091248"
[1] "Processing draws 9301 to 9400"
[1] "Chunk time = 15.308260679245"
[1] "Processing draws 9401 to 9500"
[1] "Chunk time = 14.9471247196198"
[1] "Processing draws 9501 to 9600"
[1] "Chunk time = 15.20902967453"
[1] "Processing draws 9601 to 9700"
[1] "Chunk time = 15.1144692897797"
[1] "Processing draws 9701 to 9800"
[1] "Chunk time = 14.2250823974609"
[1] "Processing draws 9801 to 9900"
[1] "Chunk time = 14.3705232143402"
[1] "Processing draws 9901 to 10000"
[1] "Chunk time = 14.4966294765472"
[1] "Processing draws 10001 to 10100"
[1] "Chunk time = 14.1816363334656"
[1] "Processing draws 10101 to 10200"
[1] "Chunk time = 14.4269847869873"
[1] "Processing draws 10201 to 10300"
[1] "Chunk time = 14.0044810771942"
[1] "Processing draws 10301 to 10400"
[1] "Chunk time = 14.1660053730011"
[1] "Processing draws 10401 to 10500"
[1] "Chunk time = 14.2698440551758"
[1] "Processing draws 10501 to 10600"
[1] "Chunk time = 14.3186724185944"
[1] "Processing draws 10601 to 10700"
[1] "Chunk time = 14.799124956131"
[1] "Processing draws 10701 to 10800"
[1] "Chunk time = 15.2139935493469"
[1] "Processing draws 10801 to 10900"
[1] "Chunk time = 15.2032043933868"
[1] "Processing draws 10901 to 11000"
[1] "Chunk time = 15.4225890636444"
[1] "Processing draws 11001 to 11100"
[1] "Chunk time = 15.3178927898407"
[1] "Processing draws 11101 to 11200"
[1] "Chunk time = 15.0737059116364"
[1] "Processing draws 11201 to 11300"
[1] "Chunk time = 15.2525432109833"
[1] "Processing draws 11301 to 11400"
[1] "Chunk time = 15.4090168476105"
[1] "Processing draws 11401 to 11500"
[1] "Chunk time = 15.0871732234955"
[1] "Processing draws 11501 to 11600"
[1] "Chunk time = 15.3124823570251"
[1] "Processing draws 11601 to 11700"
[1] "Chunk time = 15.2072739601135"
[1] "Processing draws 11701 to 11800"
[1] "Chunk time = 15.3804144859314"
[1] "Processing draws 11801 to 11900"
[1] "Chunk time = 15.1790177822113"
[1] "Processing draws 11901 to 12000"
[1] "Chunk time = 15.3342344760895"
[1] "Processing draws 12001 to 12100"
[1] "Chunk time = 15.2766833305359"
[1] "Processing draws 12101 to 12200"
[1] "Chunk time = 15.4174025058746"
[1] "Processing draws 12201 to 12300"
[1] "Chunk time = 15.3329427242279"
[1] "Processing draws 12301 to 12400"
[1] "Chunk time = 15.3991191387177"
[1] "Processing draws 12401 to 12500"
[1] "Chunk time = 15.2266397476196"
[1] "Processing draws 12501 to 12600"
[1] "Chunk time = 15.2637622356415"
[1] "Processing draws 12601 to 12700"
[1] "Chunk time = 15.3664925098419"
[1] "Processing draws 12701 to 12800"
[1] "Chunk time = 15.4909961223602"
[1] "Processing draws 12801 to 12900"
[1] "Chunk time = 15.184919834137"
[1] "Processing draws 12901 to 13000"
[1] "Chunk time = 15.5963053703308"
[1] "Processing draws 13001 to 13100"
[1] "Chunk time = 15.4600992202759"
[1] "Processing draws 13101 to 13200"
[1] "Chunk time = 15.4587709903717"
[1] "Processing draws 13201 to 13300"
[1] "Chunk time = 15.2806439399719"
[1] "Processing draws 13301 to 13400"
[1] "Chunk time = 15.4663305282593"
[1] "Processing draws 13401 to 13500"
[1] "Chunk time = 15.3790676593781"
[1] "Processing draws 13501 to 13600"
[1] "Chunk time = 15.5248994827271"
[1] "Processing draws 13601 to 13700"
[1] "Chunk time = 15.1892244815826"
[1] "Processing draws 13701 to 13800"
[1] "Chunk time = 15.5329775810242"
[1] "Processing draws 13801 to 13900"
[1] "Chunk time = 15.3176267147064"
[1] "Processing draws 13901 to 14000"
[1] "Chunk time = 15.0749433040619"
[1] "Processing draws 14001 to 14100"
[1] "Chunk time = 15.4524762630463"
[1] "Processing draws 14101 to 14200"
[1] "Chunk time = 15.6275629997253"
[1] "Processing draws 14201 to 14300"
[1] "Chunk time = 15.2133374214172"
[1] "Processing draws 14301 to 14400"
[1] "Chunk time = 15.555214881897"
[1] "Processing draws 14401 to 14500"
[1] "Chunk time = 15.2951261997223"
[1] "Processing draws 14501 to 14600"
[1] "Chunk time = 15.5715713500977"
[1] "Processing draws 14601 to 14700"
[1] "Chunk time = 15.3372001647949"
[1] "Processing draws 14701 to 14800"
[1] "Chunk time = 15.3061189651489"
[1] "Processing draws 14801 to 14900"
[1] "Chunk time = 15.4707906246185"
[1] "Processing draws 14901 to 15000"
[1] "Chunk time = 15.7244277000427"
[1] "Processing draws 15001 to 15100"
[1] "Chunk time = 15.1234848499298"
[1] "Processing draws 15101 to 15200"
[1] "Chunk time = 15.3670582771301"
[1] "Processing draws 15201 to 15300"
[1] "Chunk time = 15.1272130012512"
[1] "Processing draws 15301 to 15400"
[1] "Chunk time = 15.0520963668823"
[1] "Processing draws 15401 to 15500"
[1] "Chunk time = 15.2605850696564"
[1] "Processing draws 15501 to 15600"
[1] "Chunk time = 15.3089499473572"
[1] "Processing draws 15601 to 15700"
[1] "Chunk time = 15.1168675422668"
[1] "Processing draws 15701 to 15800"
[1] "Chunk time = 15.4207170009613"
[1] "Processing draws 15801 to 15900"
[1] "Chunk time = 15.1700088977814"
[1] "Processing draws 15901 to 16000"
[1] "Chunk time = 15.4636986255646"
[1] "Processing draws 16001 to 16100"
[1] "Chunk time = 15.2015118598938"
[1] "Processing draws 16101 to 16200"
[1] "Chunk time = 15.260139465332"
[1] "Processing draws 16201 to 16300"
[1] "Chunk time = 15.1922116279602"
[1] "Processing draws 16301 to 16400"
[1] "Chunk time = 15.4389741420746"
[1] "Processing draws 16401 to 16500"
[1] "Chunk time = 15.2005941867828"
[1] "Processing draws 16501 to 16600"
[1] "Chunk time = 15.2206575870514"
[1] "Processing draws 16601 to 16700"
[1] "Chunk time = 15.1305577754974"
[1] "Processing draws 16701 to 16800"
[1] "Chunk time = 15.3327522277832"
[1] "Processing draws 16801 to 16900"
[1] "Chunk time = 15.4480347633362"
[1] "Processing draws 16901 to 17000"
[1] "Chunk time = 15.2115840911865"
[1] "Processing draws 17001 to 17100"
[1] "Chunk time = 15.3728311061859"
[1] "Processing draws 17101 to 17200"
[1] "Chunk time = 15.3703970909119"
[1] "Processing draws 17201 to 17300"
[1] "Chunk time = 15.4330954551697"
[1] "Processing draws 17301 to 17400"
[1] "Chunk time = 15.4039568901062"
[1] "Processing draws 17401 to 17500"
[1] "Chunk time = 15.2936158180237"
[1] "Processing draws 17501 to 17600"
[1] "Chunk time = 15.3222470283508"
[1] "Processing draws 17601 to 17700"
[1] "Chunk time = 15.4239654541016"
[1] "Processing draws 17701 to 17800"
[1] "Chunk time = 15.2806835174561"
[1] "Processing draws 17801 to 17900"
[1] "Chunk time = 15.5316004753113"
[1] "Processing draws 17901 to 18000"
[1] "Chunk time = 15.3610715866089"
[1] "Processing draws 18001 to 18100"
[1] "Chunk time = 15.4141492843628"
[1] "Processing draws 18101 to 18200"
[1] "Chunk time = 15.3447904586792"
[1] "Processing draws 18201 to 18300"
[1] "Chunk time = 15.150000333786"
[1] "Processing draws 18301 to 18400"
[1] "Chunk time = 15.3048317432404"
[1] "Processing draws 18401 to 18500"
[1] "Chunk time = 15.3189799785614"
[1] "Processing draws 18501 to 18600"
[1] "Chunk time = 15.4574882984161"
[1] "Processing draws 18601 to 18700"
[1] "Chunk time = 15.2023949623108"
[1] "Processing draws 18701 to 18800"
[1] "Chunk time = 15.3046073913574"
[1] "Processing draws 18801 to 18900"
[1] "Chunk time = 15.5135469436646"
[1] "Processing draws 18901 to 19000"
[1] "Chunk time = 15.4772412776947"
[1] "Processing draws 19001 to 19100"
[1] "Chunk time = 15.1329076290131"
[1] "Processing draws 19101 to 19200"
[1] "Chunk time = 15.5069506168365"
[1] "Processing draws 19201 to 19300"
[1] "Chunk time = 15.3941655158997"
[1] "Processing draws 19301 to 19400"
[1] "Chunk time = 15.4085667133331"
[1] "Processing draws 19401 to 19500"
[1] "Chunk time = 15.3028957843781"
[1] "Processing draws 19501 to 19600"
[1] "Chunk time = 14.4794943332672"
[1] "Processing draws 19601 to 19700"
[1] "Chunk time = 14.2655544281006"
[1] "Processing draws 19701 to 19800"
[1] "Chunk time = 14.4534509181976"
[1] "Processing draws 19801 to 19900"
[1] "Chunk time = 14.08469414711"
[1] "Processing draws 19901 to 20000"
[1] "Chunk time = 14.0390887260437"
[1] "done lapplying"
[1] "Saving current params"
[1] "Saving params to output.rds"
[1] TRUE
