[1] "Starting sampling."
Running MCMC with 4 parallel chains, with 4 thread(s) per chain...

Chain 1 Iteration:    1 / 6000 [  0%]  (Warmup) 
Chain 2 Iteration:    1 / 6000 [  0%]  (Warmup) 
Chain 3 Iteration:    1 / 6000 [  0%]  (Warmup) 
Chain 4 Iteration:    1 / 6000 [  0%]  (Warmup) 
Chain 3 Iteration:  100 / 6000 [  1%]  (Warmup) 
Chain 2 Iteration:  100 / 6000 [  1%]  (Warmup) 
Chain 4 Iteration:  100 / 6000 [  1%]  (Warmup) 
Chain 1 Iteration:  100 / 6000 [  1%]  (Warmup) 
Chain 3 Iteration:  200 / 6000 [  3%]  (Warmup) 
Chain 4 Iteration:  200 / 6000 [  3%]  (Warmup) 
Chain 2 Iteration:  200 / 6000 [  3%]  (Warmup) 
Chain 1 Iteration:  200 / 6000 [  3%]  (Warmup) 
Chain 3 Iteration:  300 / 6000 [  5%]  (Warmup) 
Chain 4 Iteration:  300 / 6000 [  5%]  (Warmup) 
Chain 2 Iteration:  300 / 6000 [  5%]  (Warmup) 
Chain 1 Iteration:  300 / 6000 [  5%]  (Warmup) 
Chain 3 Iteration:  400 / 6000 [  6%]  (Warmup) 
Chain 2 Iteration:  400 / 6000 [  6%]  (Warmup) 
Chain 4 Iteration:  400 / 6000 [  6%]  (Warmup) 
Chain 1 Iteration:  400 / 6000 [  6%]  (Warmup) 
Chain 3 Iteration:  500 / 6000 [  8%]  (Warmup) 
Chain 4 Iteration:  500 / 6000 [  8%]  (Warmup) 
Chain 2 Iteration:  500 / 6000 [  8%]  (Warmup) 
Chain 1 Iteration:  500 / 6000 [  8%]  (Warmup) 
Chain 3 Iteration:  600 / 6000 [ 10%]  (Warmup) 
Chain 4 Iteration:  600 / 6000 [ 10%]  (Warmup) 
Chain 2 Iteration:  600 / 6000 [ 10%]  (Warmup) 
Chain 1 Iteration:  600 / 6000 [ 10%]  (Warmup) 
Chain 3 Iteration:  700 / 6000 [ 11%]  (Warmup) 
Chain 4 Iteration:  700 / 6000 [ 11%]  (Warmup) 
Chain 2 Iteration:  700 / 6000 [ 11%]  (Warmup) 
Chain 1 Iteration:  700 / 6000 [ 11%]  (Warmup) 
Chain 4 Iteration:  800 / 6000 [ 13%]  (Warmup) 
Chain 2 Iteration:  800 / 6000 [ 13%]  (Warmup) 
Chain 3 Iteration:  800 / 6000 [ 13%]  (Warmup) 
Chain 1 Iteration:  800 / 6000 [ 13%]  (Warmup) 
Chain 4 Iteration:  900 / 6000 [ 15%]  (Warmup) 
Chain 2 Iteration:  900 / 6000 [ 15%]  (Warmup) 
Chain 3 Iteration:  900 / 6000 [ 15%]  (Warmup) 
Chain 1 Iteration:  900 / 6000 [ 15%]  (Warmup) 
Chain 4 Iteration: 1000 / 6000 [ 16%]  (Warmup) 
Chain 4 Iteration: 1001 / 6000 [ 16%]  (Sampling) 
Chain 2 Iteration: 1000 / 6000 [ 16%]  (Warmup) 
Chain 2 Iteration: 1001 / 6000 [ 16%]  (Sampling) 
Chain 3 Iteration: 1000 / 6000 [ 16%]  (Warmup) 
Chain 1 Iteration: 1000 / 6000 [ 16%]  (Warmup) 
Chain 3 Iteration: 1001 / 6000 [ 16%]  (Sampling) 
Chain 1 Iteration: 1001 / 6000 [ 16%]  (Sampling) 
Chain 4 Iteration: 1100 / 6000 [ 18%]  (Sampling) 
Chain 2 Iteration: 1100 / 6000 [ 18%]  (Sampling) 
Chain 1 Iteration: 1100 / 6000 [ 18%]  (Sampling) 
Chain 3 Iteration: 1100 / 6000 [ 18%]  (Sampling) 
Chain 4 Iteration: 1200 / 6000 [ 20%]  (Sampling) 
Chain 1 Iteration: 1200 / 6000 [ 20%]  (Sampling) 
Chain 2 Iteration: 1200 / 6000 [ 20%]  (Sampling) 
Chain 3 Iteration: 1200 / 6000 [ 20%]  (Sampling) 
Chain 1 Iteration: 1300 / 6000 [ 21%]  (Sampling) 
Chain 4 Iteration: 1300 / 6000 [ 21%]  (Sampling) 
Chain 2 Iteration: 1300 / 6000 [ 21%]  (Sampling) 
Chain 3 Iteration: 1300 / 6000 [ 21%]  (Sampling) 
Chain 1 Iteration: 1400 / 6000 [ 23%]  (Sampling) 
Chain 4 Iteration: 1400 / 6000 [ 23%]  (Sampling) 
Chain 2 Iteration: 1400 / 6000 [ 23%]  (Sampling) 
Chain 3 Iteration: 1400 / 6000 [ 23%]  (Sampling) 
Chain 1 Iteration: 1500 / 6000 [ 25%]  (Sampling) 
Chain 4 Iteration: 1500 / 6000 [ 25%]  (Sampling) 
Chain 2 Iteration: 1500 / 6000 [ 25%]  (Sampling) 
Chain 3 Iteration: 1500 / 6000 [ 25%]  (Sampling) 
Chain 1 Iteration: 1600 / 6000 [ 26%]  (Sampling) 
Chain 4 Iteration: 1600 / 6000 [ 26%]  (Sampling) 
Chain 2 Iteration: 1600 / 6000 [ 26%]  (Sampling) 
Chain 3 Iteration: 1600 / 6000 [ 26%]  (Sampling) 
Chain 1 Iteration: 1700 / 6000 [ 28%]  (Sampling) 
Chain 4 Iteration: 1700 / 6000 [ 28%]  (Sampling) 
Chain 2 Iteration: 1700 / 6000 [ 28%]  (Sampling) 
Chain 3 Iteration: 1700 / 6000 [ 28%]  (Sampling) 
Chain 1 Iteration: 1800 / 6000 [ 30%]  (Sampling) 
Chain 4 Iteration: 1800 / 6000 [ 30%]  (Sampling) 
Chain 2 Iteration: 1800 / 6000 [ 30%]  (Sampling) 
Chain 3 Iteration: 1800 / 6000 [ 30%]  (Sampling) 
Chain 1 Iteration: 1900 / 6000 [ 31%]  (Sampling) 
Chain 4 Iteration: 1900 / 6000 [ 31%]  (Sampling) 
Chain 2 Iteration: 1900 / 6000 [ 31%]  (Sampling) 
Chain 3 Iteration: 1900 / 6000 [ 31%]  (Sampling) 
Chain 1 Iteration: 2000 / 6000 [ 33%]  (Sampling) 
Chain 4 Iteration: 2000 / 6000 [ 33%]  (Sampling) 
Chain 2 Iteration: 2000 / 6000 [ 33%]  (Sampling) 
Chain 3 Iteration: 2000 / 6000 [ 33%]  (Sampling) 
Chain 1 Iteration: 2100 / 6000 [ 35%]  (Sampling) 
Chain 4 Iteration: 2100 / 6000 [ 35%]  (Sampling) 
Chain 2 Iteration: 2100 / 6000 [ 35%]  (Sampling) 
Chain 3 Iteration: 2100 / 6000 [ 35%]  (Sampling) 
Chain 1 Iteration: 2200 / 6000 [ 36%]  (Sampling) 
Chain 4 Iteration: 2200 / 6000 [ 36%]  (Sampling) 
Chain 2 Iteration: 2200 / 6000 [ 36%]  (Sampling) 
Chain 3 Iteration: 2200 / 6000 [ 36%]  (Sampling) 
Chain 1 Iteration: 2300 / 6000 [ 38%]  (Sampling) 
Chain 4 Iteration: 2300 / 6000 [ 38%]  (Sampling) 
Chain 2 Iteration: 2300 / 6000 [ 38%]  (Sampling) 
Chain 3 Iteration: 2300 / 6000 [ 38%]  (Sampling) 
Chain 1 Iteration: 2400 / 6000 [ 40%]  (Sampling) 
Chain 4 Iteration: 2400 / 6000 [ 40%]  (Sampling) 
Chain 2 Iteration: 2400 / 6000 [ 40%]  (Sampling) 
Chain 3 Iteration: 2400 / 6000 [ 40%]  (Sampling) 
Chain 1 Iteration: 2500 / 6000 [ 41%]  (Sampling) 
Chain 4 Iteration: 2500 / 6000 [ 41%]  (Sampling) 
Chain 2 Iteration: 2500 / 6000 [ 41%]  (Sampling) 
Chain 3 Iteration: 2500 / 6000 [ 41%]  (Sampling) 
Chain 1 Iteration: 2600 / 6000 [ 43%]  (Sampling) 
Chain 4 Iteration: 2600 / 6000 [ 43%]  (Sampling) 
Chain 2 Iteration: 2600 / 6000 [ 43%]  (Sampling) 
Chain 3 Iteration: 2600 / 6000 [ 43%]  (Sampling) 
Chain 1 Iteration: 2700 / 6000 [ 45%]  (Sampling) 
Chain 4 Iteration: 2700 / 6000 [ 45%]  (Sampling) 
Chain 2 Iteration: 2700 / 6000 [ 45%]  (Sampling) 
Chain 3 Iteration: 2700 / 6000 [ 45%]  (Sampling) 
Chain 1 Iteration: 2800 / 6000 [ 46%]  (Sampling) 
Chain 4 Iteration: 2800 / 6000 [ 46%]  (Sampling) 
Chain 2 Iteration: 2800 / 6000 [ 46%]  (Sampling) 
Chain 1 Iteration: 2900 / 6000 [ 48%]  (Sampling) 
Chain 3 Iteration: 2800 / 6000 [ 46%]  (Sampling) 
Chain 4 Iteration: 2900 / 6000 [ 48%]  (Sampling) 
Chain 1 Iteration: 3000 / 6000 [ 50%]  (Sampling) 
Chain 2 Iteration: 2900 / 6000 [ 48%]  (Sampling) 
Chain 3 Iteration: 2900 / 6000 [ 48%]  (Sampling) 
Chain 4 Iteration: 3000 / 6000 [ 50%]  (Sampling) 
Chain 1 Iteration: 3100 / 6000 [ 51%]  (Sampling) 
Chain 2 Iteration: 3000 / 6000 [ 50%]  (Sampling) 
Chain 3 Iteration: 3000 / 6000 [ 50%]  (Sampling) 
Chain 4 Iteration: 3100 / 6000 [ 51%]  (Sampling) 
Chain 1 Iteration: 3200 / 6000 [ 53%]  (Sampling) 
Chain 2 Iteration: 3100 / 6000 [ 51%]  (Sampling) 
Chain 3 Iteration: 3100 / 6000 [ 51%]  (Sampling) 
Chain 4 Iteration: 3200 / 6000 [ 53%]  (Sampling) 
Chain 1 Iteration: 3300 / 6000 [ 55%]  (Sampling) 
Chain 2 Iteration: 3200 / 6000 [ 53%]  (Sampling) 
Chain 3 Iteration: 3200 / 6000 [ 53%]  (Sampling) 
Chain 4 Iteration: 3300 / 6000 [ 55%]  (Sampling) 
Chain 1 Iteration: 3400 / 6000 [ 56%]  (Sampling) 
Chain 2 Iteration: 3300 / 6000 [ 55%]  (Sampling) 
Chain 3 Iteration: 3300 / 6000 [ 55%]  (Sampling) 
Chain 4 Iteration: 3400 / 6000 [ 56%]  (Sampling) 
Chain 1 Iteration: 3500 / 6000 [ 58%]  (Sampling) 
Chain 2 Iteration: 3400 / 6000 [ 56%]  (Sampling) 
Chain 3 Iteration: 3400 / 6000 [ 56%]  (Sampling) 
Chain 4 Iteration: 3500 / 6000 [ 58%]  (Sampling) 
Chain 1 Iteration: 3600 / 6000 [ 60%]  (Sampling) 
Chain 2 Iteration: 3500 / 6000 [ 58%]  (Sampling) 
Chain 3 Iteration: 3500 / 6000 [ 58%]  (Sampling) 
Chain 4 Iteration: 3600 / 6000 [ 60%]  (Sampling) 
Chain 1 Iteration: 3700 / 6000 [ 61%]  (Sampling) 
Chain 2 Iteration: 3600 / 6000 [ 60%]  (Sampling) 
Chain 3 Iteration: 3600 / 6000 [ 60%]  (Sampling) 
Chain 4 Iteration: 3700 / 6000 [ 61%]  (Sampling) 
Chain 1 Iteration: 3800 / 6000 [ 63%]  (Sampling) 
Chain 2 Iteration: 3700 / 6000 [ 61%]  (Sampling) 
Chain 3 Iteration: 3700 / 6000 [ 61%]  (Sampling) 
Chain 4 Iteration: 3800 / 6000 [ 63%]  (Sampling) 
Chain 1 Iteration: 3900 / 6000 [ 65%]  (Sampling) 
Chain 2 Iteration: 3800 / 6000 [ 63%]  (Sampling) 
Chain 3 Iteration: 3800 / 6000 [ 63%]  (Sampling) 
Chain 2 Iteration: 3900 / 6000 [ 65%]  (Sampling) 
Chain 4 Iteration: 3900 / 6000 [ 65%]  (Sampling) 
Chain 1 Iteration: 4000 / 6000 [ 66%]  (Sampling) 
Chain 3 Iteration: 3900 / 6000 [ 65%]  (Sampling) 
Chain 2 Iteration: 4000 / 6000 [ 66%]  (Sampling) 
Chain 4 Iteration: 4000 / 6000 [ 66%]  (Sampling) 
Chain 1 Iteration: 4100 / 6000 [ 68%]  (Sampling) 
Chain 3 Iteration: 4000 / 6000 [ 66%]  (Sampling) 
Chain 2 Iteration: 4100 / 6000 [ 68%]  (Sampling) 
Chain 4 Iteration: 4100 / 6000 [ 68%]  (Sampling) 
Chain 1 Iteration: 4200 / 6000 [ 70%]  (Sampling) 
Chain 3 Iteration: 4100 / 6000 [ 68%]  (Sampling) 
Chain 2 Iteration: 4200 / 6000 [ 70%]  (Sampling) 
Chain 4 Iteration: 4200 / 6000 [ 70%]  (Sampling) 
Chain 1 Iteration: 4300 / 6000 [ 71%]  (Sampling) 
Chain 3 Iteration: 4200 / 6000 [ 70%]  (Sampling) 
Chain 2 Iteration: 4300 / 6000 [ 71%]  (Sampling) 
Chain 4 Iteration: 4300 / 6000 [ 71%]  (Sampling) 
Chain 1 Iteration: 4400 / 6000 [ 73%]  (Sampling) 
Chain 3 Iteration: 4300 / 6000 [ 71%]  (Sampling) 
Chain 2 Iteration: 4400 / 6000 [ 73%]  (Sampling) 
Chain 4 Iteration: 4400 / 6000 [ 73%]  (Sampling) 
Chain 1 Iteration: 4500 / 6000 [ 75%]  (Sampling) 
Chain 3 Iteration: 4400 / 6000 [ 73%]  (Sampling) 
Chain 2 Iteration: 4500 / 6000 [ 75%]  (Sampling) 
Chain 1 Iteration: 4600 / 6000 [ 76%]  (Sampling) 
Chain 4 Iteration: 4500 / 6000 [ 75%]  (Sampling) 
Chain 3 Iteration: 4500 / 6000 [ 75%]  (Sampling) 
Chain 2 Iteration: 4600 / 6000 [ 76%]  (Sampling) 
Chain 1 Iteration: 4700 / 6000 [ 78%]  (Sampling) 
Chain 4 Iteration: 4600 / 6000 [ 76%]  (Sampling) 
Chain 3 Iteration: 4600 / 6000 [ 76%]  (Sampling) 
Chain 2 Iteration: 4700 / 6000 [ 78%]  (Sampling) 
Chain 1 Iteration: 4800 / 6000 [ 80%]  (Sampling) 
Chain 4 Iteration: 4700 / 6000 [ 78%]  (Sampling) 
Chain 3 Iteration: 4700 / 6000 [ 78%]  (Sampling) 
Chain 2 Iteration: 4800 / 6000 [ 80%]  (Sampling) 
Chain 1 Iteration: 4900 / 6000 [ 81%]  (Sampling) 
Chain 4 Iteration: 4800 / 6000 [ 80%]  (Sampling) 
Chain 3 Iteration: 4800 / 6000 [ 80%]  (Sampling) 
Chain 2 Iteration: 4900 / 6000 [ 81%]  (Sampling) 
Chain 1 Iteration: 5000 / 6000 [ 83%]  (Sampling) 
Chain 4 Iteration: 4900 / 6000 [ 81%]  (Sampling) 
Chain 3 Iteration: 4900 / 6000 [ 81%]  (Sampling) 
Chain 2 Iteration: 5000 / 6000 [ 83%]  (Sampling) 
Chain 1 Iteration: 5100 / 6000 [ 85%]  (Sampling) 
Chain 4 Iteration: 5000 / 6000 [ 83%]  (Sampling) 
Chain 3 Iteration: 5000 / 6000 [ 83%]  (Sampling) 
Chain 2 Iteration: 5100 / 6000 [ 85%]  (Sampling) 
Chain 1 Iteration: 5200 / 6000 [ 86%]  (Sampling) 
Chain 4 Iteration: 5100 / 6000 [ 85%]  (Sampling) 
Chain 2 Iteration: 5200 / 6000 [ 86%]  (Sampling) 
Chain 3 Iteration: 5100 / 6000 [ 85%]  (Sampling) 
Chain 1 Iteration: 5300 / 6000 [ 88%]  (Sampling) 
Chain 4 Iteration: 5200 / 6000 [ 86%]  (Sampling) 
Chain 2 Iteration: 5300 / 6000 [ 88%]  (Sampling) 
Chain 3 Iteration: 5200 / 6000 [ 86%]  (Sampling) 
Chain 1 Iteration: 5400 / 6000 [ 90%]  (Sampling) 
Chain 4 Iteration: 5300 / 6000 [ 88%]  (Sampling) 
Chain 2 Iteration: 5400 / 6000 [ 90%]  (Sampling) 
Chain 3 Iteration: 5300 / 6000 [ 88%]  (Sampling) 
Chain 1 Iteration: 5500 / 6000 [ 91%]  (Sampling) 
Chain 2 Iteration: 5500 / 6000 [ 91%]  (Sampling) 
Chain 4 Iteration: 5400 / 6000 [ 90%]  (Sampling) 
Chain 3 Iteration: 5400 / 6000 [ 90%]  (Sampling) 
Chain 1 Iteration: 5600 / 6000 [ 93%]  (Sampling) 
Chain 2 Iteration: 5600 / 6000 [ 93%]  (Sampling) 
Chain 4 Iteration: 5500 / 6000 [ 91%]  (Sampling) 
Chain 3 Iteration: 5500 / 6000 [ 91%]  (Sampling) 
Chain 2 Iteration: 5700 / 6000 [ 95%]  (Sampling) 
Chain 1 Iteration: 5700 / 6000 [ 95%]  (Sampling) 
Chain 4 Iteration: 5600 / 6000 [ 93%]  (Sampling) 
Chain 3 Iteration: 5600 / 6000 [ 93%]  (Sampling) 
Chain 2 Iteration: 5800 / 6000 [ 96%]  (Sampling) 
Chain 1 Iteration: 5800 / 6000 [ 96%]  (Sampling) 
Chain 4 Iteration: 5700 / 6000 [ 95%]  (Sampling) 
Chain 3 Iteration: 5700 / 6000 [ 95%]  (Sampling) 
Chain 2 Iteration: 5900 / 6000 [ 98%]  (Sampling) 
Chain 1 Iteration: 5900 / 6000 [ 98%]  (Sampling) 
Chain 4 Iteration: 5800 / 6000 [ 96%]  (Sampling) 
Chain 3 Iteration: 5800 / 6000 [ 96%]  (Sampling) 
Chain 2 Iteration: 6000 / 6000 [100%]  (Sampling) 
Chain 2 finished in 153313.0 seconds.
Chain 1 Iteration: 6000 / 6000 [100%]  (Sampling) 
Chain 1 finished in 153910.0 seconds.
Chain 4 Iteration: 5900 / 6000 [ 98%]  (Sampling) 
Chain 3 Iteration: 5900 / 6000 [ 98%]  (Sampling) 
Chain 4 Iteration: 6000 / 6000 [100%]  (Sampling) 
Chain 4 finished in 156727.0 seconds.
Chain 3 Iteration: 6000 / 6000 [100%]  (Sampling) 
Chain 3 finished in 157142.0 seconds.

All 4 chains finished successfully.
Mean chain execution time: 155273.0 seconds.
Total execution time: 157143.0 seconds.

[1] "Processing draws 1 to 100"
[1] "Chunk time = 3.24896374543508"
[1] "Processing draws 101 to 200"
[1] "Chunk time = 2.31791428724925"
[1] "Processing draws 201 to 300"
[1] "Chunk time = 2.45017774899801"
[1] "Processing draws 301 to 400"
[1] "Chunk time = 2.09940181175868"
[1] "Processing draws 401 to 500"
[1] "Chunk time = 2.01155860424042"
[1] "Processing draws 501 to 600"
[1] "Chunk time = 2.01264078617096"
[1] "Processing draws 601 to 700"
[1] "Chunk time = 2.05365746021271"
[1] "Processing draws 701 to 800"
[1] "Chunk time = 2.17172639767329"
[1] "Processing draws 801 to 900"
[1] "Chunk time = 2.01699497699738"
[1] "Processing draws 901 to 1000"
[1] "Chunk time = 2.10167526006699"
[1] "Processing draws 1001 to 1100"
[1] "Chunk time = 2.01716069380442"
[1] "Processing draws 1101 to 1200"
[1] "Chunk time = 2.02678618828456"
[1] "Processing draws 1201 to 1300"
[1] "Chunk time = 2.12363886435827"
[1] "Processing draws 1301 to 1400"
[1] "Chunk time = 2.01164507071177"
[1] "Processing draws 1401 to 1500"
[1] "Chunk time = 2.01892086664836"
[1] "Processing draws 1501 to 1600"
[1] "Chunk time = 2.12036180098852"
[1] "Processing draws 1601 to 1700"
[1] "Chunk time = 2.0009135723114"
[1] "Processing draws 1701 to 1800"
[1] "Chunk time = 1.99978710810343"
[1] "Processing draws 1801 to 1900"
[1] "Chunk time = 2.11754311323166"
[1] "Processing draws 1901 to 2000"
[1] "Chunk time = 2.00321400562922"
[1] "Processing draws 2001 to 2100"
[1] "Chunk time = 2.003417913119"
[1] "Processing draws 2101 to 2200"
[1] "Chunk time = 2.11423314412435"
[1] "Processing draws 2201 to 2300"
[1] "Chunk time = 2.00363989671071"
[1] "Processing draws 2301 to 2400"
[1] "Chunk time = 2.00416807730993"
[1] "Processing draws 2401 to 2500"
[1] "Chunk time = 2.12480349143346"
[1] "Processing draws 2501 to 2600"
[1] "Chunk time = 1.99106800158819"
[1] "Processing draws 2601 to 2700"
[1] "Chunk time = 1.99481604496638"
[1] "Processing draws 2701 to 2800"
[1] "Chunk time = 2.09614118734996"
[1] "Processing draws 2801 to 2900"
[1] "Chunk time = 1.96578342517217"
[1] "Processing draws 2901 to 3000"
[1] "Chunk time = 1.95203083356222"
[1] "Processing draws 3001 to 3100"
[1] "Chunk time = 2.00663033326467"
[1] "Processing draws 3101 to 3200"
[1] "Chunk time = 1.98630901177724"
[1] "Processing draws 3201 to 3300"
[1] "Chunk time = 1.96342561244965"
[1] "Processing draws 3301 to 3400"
[1] "Chunk time = 2.05232895612717"
[1] "Processing draws 3401 to 3500"
[1] "Chunk time = 1.96198592185974"
[1] "Processing draws 3501 to 3600"
[1] "Chunk time = 1.99731172720591"
[1] "Processing draws 3601 to 3700"
[1] "Chunk time = 2.04895858764648"
[1] "Processing draws 3701 to 3800"
[1] "Chunk time = 1.9632183432579"
[1] "Processing draws 3801 to 3900"
[1] "Chunk time = 1.92775690952937"
[1] "Processing draws 3901 to 4000"
[1] "Chunk time = 2.0433828830719"
[1] "Processing draws 4001 to 4100"
[1] "Chunk time = 1.93566165367762"
[1] "Processing draws 4101 to 4200"
[1] "Chunk time = 1.96611727873484"
[1] "Processing draws 4201 to 4300"
[1] "Chunk time = 2.0626690030098"
[1] "Processing draws 4301 to 4400"
[1] "Chunk time = 1.98294473091761"
[1] "Processing draws 4401 to 4500"
[1] "Chunk time = 1.88428229093552"
[1] "Processing draws 4501 to 4600"
[1] "Chunk time = 2.05707573890686"
[1] "Processing draws 4601 to 4700"
[1] "Chunk time = 1.89882958332698"
[1] "Processing draws 4701 to 4800"
[1] "Chunk time = 1.99063780705134"
[1] "Processing draws 4801 to 4900"
[1] "Chunk time = 1.94573113918304"
[1] "Processing draws 4901 to 5000"
[1] "Chunk time = 1.96316900253296"
[1] "Processing draws 5001 to 5100"
[1] "Chunk time = 1.8635906736056"
[1] "Processing draws 5101 to 5200"
[1] "Chunk time = 1.98898731072744"
[1] "Processing draws 5201 to 5300"
[1] "Chunk time = 1.87487738132477"
[1] "Processing draws 5301 to 5400"
[1] "Chunk time = 1.86721744139989"
[1] "Processing draws 5401 to 5500"
[1] "Chunk time = 1.94280476172765"
[1] "Processing draws 5501 to 5600"
[1] "Chunk time = 1.99855603377024"
[1] "Processing draws 5601 to 5700"
[1] "Chunk time = 1.87479230165482"
[1] "Processing draws 5701 to 5800"
[1] "Chunk time = 2.01877300341924"
[1] "Processing draws 5801 to 5900"
[1] "Chunk time = 1.8715109149615"
[1] "Processing draws 5901 to 6000"
[1] "Chunk time = 1.99678060611089"
[1] "Processing draws 6001 to 6100"
[1] "Chunk time = 2.01796586910884"
[1] "Processing draws 6101 to 6200"
[1] "Chunk time = 1.98012470404307"
[1] "Processing draws 6201 to 6300"
[1] "Chunk time = 1.86809870402018"
[1] "Processing draws 6301 to 6400"
[1] "Chunk time = 2.02510520617167"
[1] "Processing draws 6401 to 6500"
[1] "Chunk time = 1.88494452635447"
[1] "Processing draws 6501 to 6600"
[1] "Chunk time = 1.88255044221878"
[1] "Processing draws 6601 to 6700"
[1] "Chunk time = 2.01093023618062"
[1] "Processing draws 6701 to 6800"
[1] "Chunk time = 1.99332961638769"
[1] "Processing draws 6801 to 6900"
[1] "Chunk time = 1.93907423416773"
[1] "Processing draws 6901 to 7000"
[1] "Chunk time = 2.05031650066376"
[1] "Processing draws 7001 to 7100"
[1] "Chunk time = 1.89259933630625"
[1] "Processing draws 7101 to 7200"
[1] "Chunk time = 1.99953974485397"
[1] "Processing draws 7201 to 7300"
[1] "Chunk time = 1.96542523701986"
[1] "Processing draws 7301 to 7400"
[1] "Chunk time = 1.95442242225011"
[1] "Processing draws 7401 to 7500"
[1] "Chunk time = 1.87413815259933"
[1] "Processing draws 7501 to 7600"
[1] "Chunk time = 2.06785849730174"
[1] "Processing draws 7601 to 7700"
[1] "Chunk time = 1.89502237637838"
[1] "Processing draws 7701 to 7800"
[1] "Chunk time = 1.87533934116364"
[1] "Processing draws 7801 to 7900"
[1] "Chunk time = 2.06068704128265"
[1] "Processing draws 7901 to 8000"
[1] "Chunk time = 1.99195363521576"
[1] "Processing draws 8001 to 8100"
[1] "Chunk time = 1.92213164567947"
[1] "Processing draws 8101 to 8200"
[1] "Chunk time = 2.02949083646139"
[1] "Processing draws 8201 to 8300"
[1] "Chunk time = 1.94933610757192"
[1] "Processing draws 8301 to 8400"
[1] "Chunk time = 2.00544293721517"
[1] "Processing draws 8401 to 8500"
[1] "Chunk time = 2.02923061052958"
[1] "Processing draws 8501 to 8600"
[1] "Chunk time = 1.88001139561335"
[1] "Processing draws 8601 to 8700"
[1] "Chunk time = 1.87572107712428"
[1] "Processing draws 8701 to 8800"
[1] "Chunk time = 2.0119128425916"
[1] "Processing draws 8801 to 8900"
[1] "Chunk time = 1.98729748328527"
[1] "Processing draws 8901 to 9000"
[1] "Chunk time = 2.00573341051737"
[1] "Processing draws 9001 to 9100"
[1] "Chunk time = 2.0446596622467"
[1] "Processing draws 9101 to 9200"
[1] "Chunk time = 2.02756325006485"
[1] "Processing draws 9201 to 9300"
[1] "Chunk time = 1.91211715936661"
[1] "Processing draws 9301 to 9400"
[1] "Chunk time = 2.06560464700063"
[1] "Processing draws 9401 to 9500"
[1] "Chunk time = 1.94321761926015"
[1] "Processing draws 9501 to 9600"
[1] "Chunk time = 2.02389451662699"
[1] "Processing draws 9601 to 9700"
[1] "Chunk time = 2.07919270594915"
[1] "Processing draws 9701 to 9800"
[1] "Chunk time = 2.00662564833959"
[1] "Processing draws 9801 to 9900"
[1] "Chunk time = 1.94907879829407"
[1] "Processing draws 9901 to 10000"
[1] "Chunk time = 2.07892254193624"
[1] "Processing draws 10001 to 10100"
[1] "Chunk time = 1.91724272966385"
[1] "Processing draws 10101 to 10200"
[1] "Chunk time = 2.00009269316991"
[1] "Processing draws 10201 to 10300"
[1] "Chunk time = 2.01559243996938"
[1] "Processing draws 10301 to 10400"
[1] "Chunk time = 2.02821947733561"
[1] "Processing draws 10401 to 10500"
[1] "Chunk time = 1.9055607676506"
[1] "Processing draws 10501 to 10600"
[1] "Chunk time = 2.02603466510773"
[1] "Processing draws 10601 to 10700"
[1] "Chunk time = 1.90248063007991"
[1] "Processing draws 10701 to 10800"
[1] "Chunk time = 2.05279678901037"
[1] "Processing draws 10801 to 10900"
[1] "Chunk time = 2.04625386397044"
[1] "Processing draws 10901 to 11000"
[1] "Chunk time = 2.00866810480754"
[1] "Processing draws 11001 to 11100"
[1] "Chunk time = 2.00132274230321"
[1] "Processing draws 11101 to 11200"
[1] "Chunk time = 2.09593915939331"
[1] "Processing draws 11201 to 11300"
[1] "Chunk time = 1.90923455953598"
[1] "Processing draws 11301 to 11400"
[1] "Chunk time = 2.02130058209101"
[1] "Processing draws 11401 to 11500"
[1] "Chunk time = 2.0711665670077"
[1] "Processing draws 11501 to 11600"
[1] "Chunk time = 2.03352256615957"
[1] "Processing draws 11601 to 11700"
[1] "Chunk time = 1.9713770310084"
[1] "Processing draws 11701 to 11800"
[1] "Chunk time = 2.06923455397288"
[1] "Processing draws 11801 to 11900"
[1] "Chunk time = 1.95269603331884"
[1] "Processing draws 11901 to 12000"
[1] "Chunk time = 2.02776129643122"
[1] "Processing draws 12001 to 12100"
[1] "Chunk time = 2.00147521893183"
[1] "Processing draws 12101 to 12200"
[1] "Chunk time = 2.00072637796402"
[1] "Processing draws 12201 to 12300"
[1] "Chunk time = 1.96200455029805"
[1] "Processing draws 12301 to 12400"
[1] "Chunk time = 2.04201994339625"
[1] "Processing draws 12401 to 12500"
[1] "Chunk time = 1.99610726435979"
[1] "Processing draws 12501 to 12600"
[1] "Chunk time = 2.00192094246546"
[1] "Processing draws 12601 to 12700"
[1] "Chunk time = 2.01187222003937"
[1] "Processing draws 12701 to 12800"
[1] "Chunk time = 2.02887522379557"
[1] "Processing draws 12801 to 12900"
[1] "Chunk time = 1.9589785695076"
[1] "Processing draws 12901 to 13000"
