[1] "Starting sampling."
Running MCMC with 4 parallel chains, with 4 thread(s) per chain...

Chain 1 Iteration:    1 / 6000 [  0%]  (Warmup) 
Chain 2 Iteration:    1 / 6000 [  0%]  (Warmup) 
Chain 3 Iteration:    1 / 6000 [  0%]  (Warmup) 
Chain 4 Iteration:    1 / 6000 [  0%]  (Warmup) 
Chain 2 Iteration:  100 / 6000 [  1%]  (Warmup) 
Chain 4 Iteration:  100 / 6000 [  1%]  (Warmup) 
Chain 1 Iteration:  100 / 6000 [  1%]  (Warmup) 
Chain 2 Iteration:  200 / 6000 [  3%]  (Warmup) 
Chain 3 Iteration:  100 / 6000 [  1%]  (Warmup) 
Chain 4 Iteration:  200 / 6000 [  3%]  (Warmup) 
Chain 2 Iteration:  300 / 6000 [  5%]  (Warmup) 
Chain 1 Iteration:  200 / 6000 [  3%]  (Warmup) 
Chain 3 Iteration:  200 / 6000 [  3%]  (Warmup) 
Chain 4 Iteration:  300 / 6000 [  5%]  (Warmup) 
Chain 2 Iteration:  400 / 6000 [  6%]  (Warmup) 
Chain 1 Iteration:  300 / 6000 [  5%]  (Warmup) 
Chain 4 Iteration:  400 / 6000 [  6%]  (Warmup) 
Chain 2 Iteration:  500 / 6000 [  8%]  (Warmup) 
Chain 3 Iteration:  300 / 6000 [  5%]  (Warmup) 
Chain 1 Iteration:  400 / 6000 [  6%]  (Warmup) 
Chain 2 Iteration:  600 / 6000 [ 10%]  (Warmup) 
Chain 4 Iteration:  500 / 6000 [  8%]  (Warmup) 
Chain 3 Iteration:  400 / 6000 [  6%]  (Warmup) 
Chain 1 Iteration:  500 / 6000 [  8%]  (Warmup) 
Chain 2 Iteration:  700 / 6000 [ 11%]  (Warmup) 
Chain 4 Iteration:  600 / 6000 [ 10%]  (Warmup) 
Chain 3 Iteration:  500 / 6000 [  8%]  (Warmup) 
Chain 1 Iteration:  600 / 6000 [ 10%]  (Warmup) 
Chain 2 Iteration:  800 / 6000 [ 13%]  (Warmup) 
Chain 4 Iteration:  700 / 6000 [ 11%]  (Warmup) 
Chain 3 Iteration:  600 / 6000 [ 10%]  (Warmup) 
Chain 2 Iteration:  900 / 6000 [ 15%]  (Warmup) 
Chain 1 Iteration:  700 / 6000 [ 11%]  (Warmup) 
Chain 4 Iteration:  800 / 6000 [ 13%]  (Warmup) 
Chain 3 Iteration:  700 / 6000 [ 11%]  (Warmup) 
Chain 2 Iteration: 1000 / 6000 [ 16%]  (Warmup) 
Chain 2 Iteration: 1001 / 6000 [ 16%]  (Sampling) 
Chain 1 Iteration:  800 / 6000 [ 13%]  (Warmup) 
Chain 4 Iteration:  900 / 6000 [ 15%]  (Warmup) 
Chain 3 Iteration:  800 / 6000 [ 13%]  (Warmup) 
Chain 1 Iteration:  900 / 6000 [ 15%]  (Warmup) 
Chain 2 Iteration: 1100 / 6000 [ 18%]  (Sampling) 
Chain 4 Iteration: 1000 / 6000 [ 16%]  (Warmup) 
Chain 4 Iteration: 1001 / 6000 [ 16%]  (Sampling) 
Chain 3 Iteration:  900 / 6000 [ 15%]  (Warmup) 
Chain 1 Iteration: 1000 / 6000 [ 16%]  (Warmup) 
Chain 1 Iteration: 1001 / 6000 [ 16%]  (Sampling) 
Chain 2 Iteration: 1200 / 6000 [ 20%]  (Sampling) 
Chain 3 Iteration: 1000 / 6000 [ 16%]  (Warmup) 
Chain 3 Iteration: 1001 / 6000 [ 16%]  (Sampling) 
Chain 4 Iteration: 1100 / 6000 [ 18%]  (Sampling) 
Chain 1 Iteration: 1100 / 6000 [ 18%]  (Sampling) 
Chain 2 Iteration: 1300 / 6000 [ 21%]  (Sampling) 
Chain 3 Iteration: 1100 / 6000 [ 18%]  (Sampling) 
Chain 4 Iteration: 1200 / 6000 [ 20%]  (Sampling) 
Chain 2 Iteration: 1400 / 6000 [ 23%]  (Sampling) 
Chain 1 Iteration: 1200 / 6000 [ 20%]  (Sampling) 
Chain 3 Iteration: 1200 / 6000 [ 20%]  (Sampling) 
Chain 4 Iteration: 1300 / 6000 [ 21%]  (Sampling) 
Chain 1 Iteration: 1300 / 6000 [ 21%]  (Sampling) 
Chain 2 Iteration: 1500 / 6000 [ 25%]  (Sampling) 
Chain 3 Iteration: 1300 / 6000 [ 21%]  (Sampling) 
Chain 4 Iteration: 1400 / 6000 [ 23%]  (Sampling) 
Chain 2 Iteration: 1600 / 6000 [ 26%]  (Sampling) 
Chain 1 Iteration: 1400 / 6000 [ 23%]  (Sampling) 
Chain 3 Iteration: 1400 / 6000 [ 23%]  (Sampling) 
Chain 4 Iteration: 1500 / 6000 [ 25%]  (Sampling) 
Chain 2 Iteration: 1700 / 6000 [ 28%]  (Sampling) 
Chain 1 Iteration: 1500 / 6000 [ 25%]  (Sampling) 
Chain 3 Iteration: 1500 / 6000 [ 25%]  (Sampling) 
Chain 2 Iteration: 1800 / 6000 [ 30%]  (Sampling) 
Chain 4 Iteration: 1600 / 6000 [ 26%]  (Sampling) 
Chain 1 Iteration: 1600 / 6000 [ 26%]  (Sampling) 
Chain 3 Iteration: 1600 / 6000 [ 26%]  (Sampling) 
Chain 2 Iteration: 1900 / 6000 [ 31%]  (Sampling) 
Chain 4 Iteration: 1700 / 6000 [ 28%]  (Sampling) 
Chain 1 Iteration: 1700 / 6000 [ 28%]  (Sampling) 
Chain 2 Iteration: 2000 / 6000 [ 33%]  (Sampling) 
Chain 3 Iteration: 1700 / 6000 [ 28%]  (Sampling) 
Chain 4 Iteration: 1800 / 6000 [ 30%]  (Sampling) 
Chain 1 Iteration: 1800 / 6000 [ 30%]  (Sampling) 
Chain 2 Iteration: 2100 / 6000 [ 35%]  (Sampling) 
Chain 3 Iteration: 1800 / 6000 [ 30%]  (Sampling) 
Chain 4 Iteration: 1900 / 6000 [ 31%]  (Sampling) 
Chain 1 Iteration: 1900 / 6000 [ 31%]  (Sampling) 
Chain 2 Iteration: 2200 / 6000 [ 36%]  (Sampling) 
Chain 3 Iteration: 1900 / 6000 [ 31%]  (Sampling) 
Chain 4 Iteration: 2000 / 6000 [ 33%]  (Sampling) 
Chain 1 Iteration: 2000 / 6000 [ 33%]  (Sampling) 
Chain 2 Iteration: 2300 / 6000 [ 38%]  (Sampling) 
Chain 3 Iteration: 2000 / 6000 [ 33%]  (Sampling) 
Chain 4 Iteration: 2100 / 6000 [ 35%]  (Sampling) 
Chain 2 Iteration: 2400 / 6000 [ 40%]  (Sampling) 
Chain 1 Iteration: 2100 / 6000 [ 35%]  (Sampling) 
Chain 3 Iteration: 2100 / 6000 [ 35%]  (Sampling) 
Chain 4 Iteration: 2200 / 6000 [ 36%]  (Sampling) 
Chain 2 Iteration: 2500 / 6000 [ 41%]  (Sampling) 
Chain 1 Iteration: 2200 / 6000 [ 36%]  (Sampling) 
Chain 3 Iteration: 2200 / 6000 [ 36%]  (Sampling) 
Chain 2 Iteration: 2600 / 6000 [ 43%]  (Sampling) 
Chain 4 Iteration: 2300 / 6000 [ 38%]  (Sampling) 
Chain 1 Iteration: 2300 / 6000 [ 38%]  (Sampling) 
Chain 3 Iteration: 2300 / 6000 [ 38%]  (Sampling) 
Chain 2 Iteration: 2700 / 6000 [ 45%]  (Sampling) 
Chain 4 Iteration: 2400 / 6000 [ 40%]  (Sampling) 
Chain 1 Iteration: 2400 / 6000 [ 40%]  (Sampling) 
Chain 2 Iteration: 2800 / 6000 [ 46%]  (Sampling) 
Chain 3 Iteration: 2400 / 6000 [ 40%]  (Sampling) 
Chain 4 Iteration: 2500 / 6000 [ 41%]  (Sampling) 
Chain 1 Iteration: 2500 / 6000 [ 41%]  (Sampling) 
Chain 2 Iteration: 2900 / 6000 [ 48%]  (Sampling) 
Chain 3 Iteration: 2500 / 6000 [ 41%]  (Sampling) 
Chain 4 Iteration: 2600 / 6000 [ 43%]  (Sampling) 
Chain 1 Iteration: 2600 / 6000 [ 43%]  (Sampling) 
Chain 2 Iteration: 3000 / 6000 [ 50%]  (Sampling) 
Chain 3 Iteration: 2600 / 6000 [ 43%]  (Sampling) 
Chain 4 Iteration: 2700 / 6000 [ 45%]  (Sampling) 
Chain 1 Iteration: 2700 / 6000 [ 45%]  (Sampling) 
Chain 2 Iteration: 3100 / 6000 [ 51%]  (Sampling) 
Chain 3 Iteration: 2700 / 6000 [ 45%]  (Sampling) 
Chain 4 Iteration: 2800 / 6000 [ 46%]  (Sampling) 
Chain 2 Iteration: 3200 / 6000 [ 53%]  (Sampling) 
Chain 1 Iteration: 2800 / 6000 [ 46%]  (Sampling) 
Chain 3 Iteration: 2800 / 6000 [ 46%]  (Sampling) 
Chain 4 Iteration: 2900 / 6000 [ 48%]  (Sampling) 
Chain 2 Iteration: 3300 / 6000 [ 55%]  (Sampling) 
Chain 1 Iteration: 2900 / 6000 [ 48%]  (Sampling) 
Chain 3 Iteration: 2900 / 6000 [ 48%]  (Sampling) 
Chain 4 Iteration: 3000 / 6000 [ 50%]  (Sampling) 
Chain 2 Iteration: 3400 / 6000 [ 56%]  (Sampling) 
Chain 1 Iteration: 3000 / 6000 [ 50%]  (Sampling) 
Chain 3 Iteration: 3000 / 6000 [ 50%]  (Sampling) 
Chain 2 Iteration: 3500 / 6000 [ 58%]  (Sampling) 
Chain 4 Iteration: 3100 / 6000 [ 51%]  (Sampling) 
Chain 1 Iteration: 3100 / 6000 [ 51%]  (Sampling) 
Chain 2 Iteration: 3600 / 6000 [ 60%]  (Sampling) 
Chain 3 Iteration: 3100 / 6000 [ 51%]  (Sampling) 
Chain 4 Iteration: 3200 / 6000 [ 53%]  (Sampling) 
Chain 1 Iteration: 3200 / 6000 [ 53%]  (Sampling) 
Chain 2 Iteration: 3700 / 6000 [ 61%]  (Sampling) 
Chain 3 Iteration: 3200 / 6000 [ 53%]  (Sampling) 
Chain 4 Iteration: 3300 / 6000 [ 55%]  (Sampling) 
Chain 1 Iteration: 3300 / 6000 [ 55%]  (Sampling) 
Chain 2 Iteration: 3800 / 6000 [ 63%]  (Sampling) 
Chain 3 Iteration: 3300 / 6000 [ 55%]  (Sampling) 
Chain 4 Iteration: 3400 / 6000 [ 56%]  (Sampling) 
Chain 1 Iteration: 3400 / 6000 [ 56%]  (Sampling) 
Chain 2 Iteration: 3900 / 6000 [ 65%]  (Sampling) 
Chain 3 Iteration: 3400 / 6000 [ 56%]  (Sampling) 
Chain 4 Iteration: 3500 / 6000 [ 58%]  (Sampling) 
Chain 2 Iteration: 4000 / 6000 [ 66%]  (Sampling) 
Chain 1 Iteration: 3500 / 6000 [ 58%]  (Sampling) 
Chain 3 Iteration: 3500 / 6000 [ 58%]  (Sampling) 
Chain 4 Iteration: 3600 / 6000 [ 60%]  (Sampling) 
Chain 2 Iteration: 4100 / 6000 [ 68%]  (Sampling) 
Chain 1 Iteration: 3600 / 6000 [ 60%]  (Sampling) 
Chain 3 Iteration: 3600 / 6000 [ 60%]  (Sampling) 
Chain 2 Iteration: 4200 / 6000 [ 70%]  (Sampling) 
Chain 4 Iteration: 3700 / 6000 [ 61%]  (Sampling) 
Chain 1 Iteration: 3700 / 6000 [ 61%]  (Sampling) 
Chain 3 Iteration: 3700 / 6000 [ 61%]  (Sampling) 
Chain 2 Iteration: 4300 / 6000 [ 71%]  (Sampling) 
Chain 4 Iteration: 3800 / 6000 [ 63%]  (Sampling) 
Chain 1 Iteration: 3800 / 6000 [ 63%]  (Sampling) 
Chain 2 Iteration: 4400 / 6000 [ 73%]  (Sampling) 
Chain 3 Iteration: 3800 / 6000 [ 63%]  (Sampling) 
Chain 4 Iteration: 3900 / 6000 [ 65%]  (Sampling) 
Chain 1 Iteration: 3900 / 6000 [ 65%]  (Sampling) 
Chain 2 Iteration: 4500 / 6000 [ 75%]  (Sampling) 
Chain 3 Iteration: 3900 / 6000 [ 65%]  (Sampling) 
Chain 4 Iteration: 4000 / 6000 [ 66%]  (Sampling) 
Chain 1 Iteration: 4000 / 6000 [ 66%]  (Sampling) 
Chain 2 Iteration: 4600 / 6000 [ 76%]  (Sampling) 
Chain 3 Iteration: 4000 / 6000 [ 66%]  (Sampling) 
Chain 4 Iteration: 4100 / 6000 [ 68%]  (Sampling) 
Chain 1 Iteration: 4100 / 6000 [ 68%]  (Sampling) 
Chain 2 Iteration: 4700 / 6000 [ 78%]  (Sampling) 
Chain 3 Iteration: 4100 / 6000 [ 68%]  (Sampling) 
Chain 4 Iteration: 4200 / 6000 [ 70%]  (Sampling) 
Chain 2 Iteration: 4800 / 6000 [ 80%]  (Sampling) 
Chain 1 Iteration: 4200 / 6000 [ 70%]  (Sampling) 
Chain 3 Iteration: 4200 / 6000 [ 70%]  (Sampling) 
Chain 2 Iteration: 4900 / 6000 [ 81%]  (Sampling) 
Chain 4 Iteration: 4300 / 6000 [ 71%]  (Sampling) 
Chain 1 Iteration: 4300 / 6000 [ 71%]  (Sampling) 
Chain 3 Iteration: 4300 / 6000 [ 71%]  (Sampling) 
Chain 2 Iteration: 5000 / 6000 [ 83%]  (Sampling) 
Chain 4 Iteration: 4400 / 6000 [ 73%]  (Sampling) 
Chain 1 Iteration: 4400 / 6000 [ 73%]  (Sampling) 
Chain 2 Iteration: 5100 / 6000 [ 85%]  (Sampling) 
Chain 3 Iteration: 4400 / 6000 [ 73%]  (Sampling) 
Chain 4 Iteration: 4500 / 6000 [ 75%]  (Sampling) 
Chain 1 Iteration: 4500 / 6000 [ 75%]  (Sampling) 
Chain 2 Iteration: 5200 / 6000 [ 86%]  (Sampling) 
Chain 3 Iteration: 4500 / 6000 [ 75%]  (Sampling) 
Chain 4 Iteration: 4600 / 6000 [ 76%]  (Sampling) 
Chain 1 Iteration: 4600 / 6000 [ 76%]  (Sampling) 
Chain 2 Iteration: 5300 / 6000 [ 88%]  (Sampling) 
Chain 3 Iteration: 4600 / 6000 [ 76%]  (Sampling) 
Chain 4 Iteration: 4700 / 6000 [ 78%]  (Sampling) 
Chain 2 Iteration: 5400 / 6000 [ 90%]  (Sampling) 
Chain 1 Iteration: 4700 / 6000 [ 78%]  (Sampling) 
Chain 3 Iteration: 4700 / 6000 [ 78%]  (Sampling) 
Chain 4 Iteration: 4800 / 6000 [ 80%]  (Sampling) 
Chain 2 Iteration: 5500 / 6000 [ 91%]  (Sampling) 
Chain 1 Iteration: 4800 / 6000 [ 80%]  (Sampling) 
Chain 3 Iteration: 4800 / 6000 [ 80%]  (Sampling) 
Chain 2 Iteration: 5600 / 6000 [ 93%]  (Sampling) 
Chain 4 Iteration: 4900 / 6000 [ 81%]  (Sampling) 
Chain 1 Iteration: 4900 / 6000 [ 81%]  (Sampling) 
Chain 3 Iteration: 4900 / 6000 [ 81%]  (Sampling) 
Chain 2 Iteration: 5700 / 6000 [ 95%]  (Sampling) 
Chain 4 Iteration: 5000 / 6000 [ 83%]  (Sampling) 
Chain 1 Iteration: 5000 / 6000 [ 83%]  (Sampling) 
Chain 2 Iteration: 5800 / 6000 [ 96%]  (Sampling) 
Chain 3 Iteration: 5000 / 6000 [ 83%]  (Sampling) 
Chain 4 Iteration: 5100 / 6000 [ 85%]  (Sampling) 
Chain 1 Iteration: 5100 / 6000 [ 85%]  (Sampling) 
Chain 2 Iteration: 5900 / 6000 [ 98%]  (Sampling) 
Chain 3 Iteration: 5100 / 6000 [ 85%]  (Sampling) 
Chain 4 Iteration: 5200 / 6000 [ 86%]  (Sampling) 
Chain 1 Iteration: 5200 / 6000 [ 86%]  (Sampling) 
Chain 2 Iteration: 6000 / 6000 [100%]  (Sampling) 
Chain 2 finished in 9740.4 seconds.
Chain 3 Iteration: 5200 / 6000 [ 86%]  (Sampling) 
Chain 4 Iteration: 5300 / 6000 [ 88%]  (Sampling) 
Chain 1 Iteration: 5300 / 6000 [ 88%]  (Sampling) 
Chain 3 Iteration: 5300 / 6000 [ 88%]  (Sampling) 
Chain 4 Iteration: 5400 / 6000 [ 90%]  (Sampling) 
Chain 1 Iteration: 5400 / 6000 [ 90%]  (Sampling) 
Chain 3 Iteration: 5400 / 6000 [ 90%]  (Sampling) 
Chain 4 Iteration: 5500 / 6000 [ 91%]  (Sampling) 
Chain 1 Iteration: 5500 / 6000 [ 91%]  (Sampling) 
Chain 3 Iteration: 5500 / 6000 [ 91%]  (Sampling) 
Chain 4 Iteration: 5600 / 6000 [ 93%]  (Sampling) 
Chain 1 Iteration: 5600 / 6000 [ 93%]  (Sampling) 
Chain 3 Iteration: 5600 / 6000 [ 93%]  (Sampling) 
Chain 4 Iteration: 5700 / 6000 [ 95%]  (Sampling) 
Chain 1 Iteration: 5700 / 6000 [ 95%]  (Sampling) 
Chain 3 Iteration: 5700 / 6000 [ 95%]  (Sampling) 
Chain 4 Iteration: 5800 / 6000 [ 96%]  (Sampling) 
Chain 1 Iteration: 5800 / 6000 [ 96%]  (Sampling) 
Chain 3 Iteration: 5800 / 6000 [ 96%]  (Sampling) 
Chain 4 Iteration: 5900 / 6000 [ 98%]  (Sampling) 
Chain 1 Iteration: 5900 / 6000 [ 98%]  (Sampling) 
Chain 3 Iteration: 5900 / 6000 [ 98%]  (Sampling) 
Chain 3 Iteration: 6000 / 6000 [100%]  (Sampling) 
Chain 4 Iteration: 6000 / 6000 [100%]  (Sampling) 
Chain 3 finished in 10927.3 seconds.
Chain 1 Iteration: 6000 / 6000 [100%]  (Sampling) 
Chain 4 finished in 10928.4 seconds.
Chain 1 finished in 10929.5 seconds.

All 4 chains finished successfully.
Mean chain execution time: 10631.4 seconds.
Total execution time: 10930.3 seconds.

[1] "Processing draws 1 to 100"
[1] "Chunk time = 3.37215802669525"
[1] "Processing draws 101 to 200"
[1] "Chunk time = 2.39276010195414"
[1] "Processing draws 201 to 300"
[1] "Chunk time = 2.45361315011978"
[1] "Processing draws 301 to 400"
[1] "Chunk time = 2.08234241803487"
[1] "Processing draws 401 to 500"
[1] "Chunk time = 2.04912923177083"
[1] "Processing draws 501 to 600"
[1] "Chunk time = 2.05243450403214"
[1] "Processing draws 601 to 700"
[1] "Chunk time = 2.08577483097712"
[1] "Processing draws 701 to 800"
[1] "Chunk time = 2.22974277337392"
[1] "Processing draws 801 to 900"
[1] "Chunk time = 2.05903392235438"
[1] "Processing draws 901 to 1000"
[1] "Chunk time = 2.12017175753911"
[1] "Processing draws 1001 to 1100"
[1] "Chunk time = 2.0317042072614"
[1] "Processing draws 1101 to 1200"
[1] "Chunk time = 2.05061934391657"
[1] "Processing draws 1201 to 1300"
[1] "Chunk time = 2.04917982419332"
[1] "Processing draws 1301 to 1400"
[1] "Chunk time = 2.04944163958232"
[1] "Processing draws 1401 to 1500"
[1] "Chunk time = 2.07485748926798"
[1] "Processing draws 1501 to 1600"
[1] "Chunk time = 2.10781826972961"
[1] "Processing draws 1601 to 1700"
[1] "Chunk time = 2.01373111406962"
[1] "Processing draws 1701 to 1800"
[1] "Chunk time = 2.07610464890798"
[1] "Processing draws 1801 to 1900"
[1] "Chunk time = 2.18293343782425"
[1] "Processing draws 1901 to 2000"
[1] "Chunk time = 2.03568507035573"
[1] "Processing draws 2001 to 2100"
[1] "Chunk time = 2.03901424407959"
[1] "Processing draws 2101 to 2200"
[1] "Chunk time = 2.18555804491043"
[1] "Processing draws 2201 to 2300"
[1] "Chunk time = 2.00471308231354"
[1] "Processing draws 2301 to 2400"
[1] "Chunk time = 2.05007884502411"
[1] "Processing draws 2401 to 2500"
[1] "Chunk time = 2.15768477121989"
[1] "Processing draws 2501 to 2600"
[1] "Chunk time = 1.98779138326645"
[1] "Processing draws 2601 to 2700"
[1] "Chunk time = 2.01805967092514"
[1] "Processing draws 2701 to 2800"
[1] "Chunk time = 2.11349521478017"
[1] "Processing draws 2801 to 2900"
[1] "Chunk time = 1.94067871173223"
[1] "Processing draws 2901 to 3000"
[1] "Chunk time = 1.92391657829285"
[1] "Processing draws 3001 to 3100"
[1] "Chunk time = 2.06559821764628"
[1] "Processing draws 3101 to 3200"
[1] "Chunk time = 2.02951184908549"
[1] "Processing draws 3201 to 3300"
[1] "Chunk time = 1.97639855146408"
[1] "Processing draws 3301 to 3400"
[1] "Chunk time = 2.05247991085052"
[1] "Processing draws 3401 to 3500"
[1] "Chunk time = 1.91788900693258"
[1] "Processing draws 3501 to 3600"
[1] "Chunk time = 2.03382748762767"
[1] "Processing draws 3601 to 3700"
[1] "Chunk time = 2.04627925554911"
[1] "Processing draws 3701 to 3800"
[1] "Chunk time = 2.00709352493286"
[1] "Processing draws 3801 to 3900"
[1] "Chunk time = 1.95556545257568"
[1] "Processing draws 3901 to 4000"
[1] "Chunk time = 2.04443024396896"
[1] "Processing draws 4001 to 4100"
[1] "Chunk time = 2.08240894079208"
[1] "Processing draws 4101 to 4200"
[1] "Chunk time = 1.89905513922373"
[1] "Processing draws 4201 to 4300"
[1] "Chunk time = 2.05022267897924"
[1] "Processing draws 4301 to 4400"
[1] "Chunk time = 1.95320818821589"
[1] "Processing draws 4401 to 4500"
[1] "Chunk time = 1.90522456566493"
[1] "Processing draws 4501 to 4600"
[1] "Chunk time = 2.04670391082764"
[1] "Processing draws 4601 to 4700"
[1] "Chunk time = 1.91737492481867"
[1] "Processing draws 4701 to 4800"
[1] "Chunk time = 1.97095098892848"
[1] "Processing draws 4801 to 4900"
[1] "Chunk time = 2.04828240871429"
[1] "Processing draws 4901 to 5000"
[1] "Chunk time = 1.90062537988027"
[1] "Processing draws 5001 to 5100"
[1] "Chunk time = 1.8690240184466"
[1] "Processing draws 5101 to 5200"
[1] "Chunk time = 2.05574845472972"
[1] "Processing draws 5201 to 5300"
[1] "Chunk time = 1.94630686442057"
[1] "Processing draws 5301 to 5400"
[1] "Chunk time = 1.94234195152918"
[1] "Processing draws 5401 to 5500"
[1] "Chunk time = 2.0382773677508"
[1] "Processing draws 5501 to 5600"
[1] "Chunk time = 1.93126356204351"
[1] "Processing draws 5601 to 5700"
[1] "Chunk time = 1.90892722209295"
[1] "Processing draws 5701 to 5800"
[1] "Chunk time = 2.05674733718236"
[1] "Processing draws 5801 to 5900"
[1] "Chunk time = 1.87968806028366"
[1] "Processing draws 5901 to 6000"
[1] "Chunk time = 1.94000669717789"
[1] "Processing draws 6001 to 6100"
[1] "Chunk time = 2.03868972063065"
[1] "Processing draws 6101 to 6200"
[1] "Chunk time = 1.95432937542597"
[1] "Processing draws 6201 to 6300"
[1] "Chunk time = 1.89393668174744"
[1] "Processing draws 6301 to 6400"
[1] "Chunk time = 2.04733778635661"
[1] "Processing draws 6401 to 6500"
[1] "Chunk time = 1.91512173811595"
[1] "Processing draws 6501 to 6600"
[1] "Chunk time = 1.90159876743952"
[1] "Processing draws 6601 to 6700"
[1] "Chunk time = 2.03829823335012"
[1] "Processing draws 6701 to 6800"
[1] "Chunk time = 1.95610334873199"
[1] "Processing draws 6801 to 6900"
[1] "Chunk time = 1.96393902301788"
[1] "Processing draws 6901 to 7000"
[1] "Chunk time = 1.95654323895772"
[1] "Processing draws 7001 to 7100"
[1] "Chunk time = 1.8666811188062"
[1] "Processing draws 7101 to 7200"
[1] "Chunk time = 1.9397544503212"
[1] "Processing draws 7201 to 7300"
[1] "Chunk time = 2.01208753585815"
[1] "Processing draws 7301 to 7400"
[1] "Chunk time = 1.92799832820892"
[1] "Processing draws 7401 to 7500"
[1] "Chunk time = 1.94459187587102"
[1] "Processing draws 7501 to 7600"
[1] "Chunk time = 2.00558434724808"
[1] "Processing draws 7601 to 7700"
[1] "Chunk time = 1.87567688624064"
[1] "Processing draws 7701 to 7800"
[1] "Chunk time = 1.87524545987447"
[1] "Processing draws 7801 to 7900"
[1] "Chunk time = 1.98788843154907"
[1] "Processing draws 7901 to 8000"
[1] "Chunk time = 1.93241578737895"
[1] "Processing draws 8001 to 8100"
[1] "Chunk time = 1.9234150091807"
[1] "Processing draws 8101 to 8200"
[1] "Chunk time = 2.00128699541092"
[1] "Processing draws 8201 to 8300"
[1] "Chunk time = 1.97876216570536"
[1] "Processing draws 8301 to 8400"
[1] "Chunk time = 1.9630589445432"
[1] "Processing draws 8401 to 8500"
[1] "Chunk time = 2.03121093908946"
[1] "Processing draws 8501 to 8600"
[1] "Chunk time = 1.89040027062098"
[1] "Processing draws 8601 to 8700"
[1] "Chunk time = 1.90793539683024"
[1] "Processing draws 8701 to 8800"
[1] "Chunk time = 2.0828480998675"
[1] "Processing draws 8801 to 8900"
[1] "Chunk time = 1.99227845668793"
[1] "Processing draws 8901 to 9000"
[1] "Chunk time = 1.98371601502101"
[1] "Processing draws 9001 to 9100"
[1] "Chunk time = 2.08477201461792"
[1] "Processing draws 9101 to 9200"
[1] "Chunk time = 1.94898081620534"
[1] "Processing draws 9201 to 9300"
[1] "Chunk time = 1.93149941364924"
[1] "Processing draws 9301 to 9400"
[1] "Chunk time = 2.12553267876307"
[1] "Processing draws 9401 to 9500"
[1] "Chunk time = 1.95094411373138"
[1] "Processing draws 9501 to 9600"
[1] "Chunk time = 1.95939200719198"
[1] "Processing draws 9601 to 9700"
[1] "Chunk time = 2.08231242895126"
[1] "Processing draws 9701 to 9800"
[1] "Chunk time = 1.95962476332982"
[1] "Processing draws 9801 to 9900"
[1] "Chunk time = 1.91183246771495"
[1] "Processing draws 9901 to 10000"
[1] "Chunk time = 2.07518271605174"
[1] "Processing draws 10001 to 10100"
[1] "Chunk time = 1.94761764208476"
[1] "Processing draws 10101 to 10200"
[1] "Chunk time = 1.93084593613942"
[1] "Processing draws 10201 to 10300"
[1] "Chunk time = 2.08622734149297"
[1] "Processing draws 10301 to 10400"
[1] "Chunk time = 1.99212650060654"
[1] "Processing draws 10401 to 10500"
[1] "Chunk time = 1.94643623034159"
[1] "Processing draws 10501 to 10600"
[1] "Chunk time = 2.08809062639872"
[1] "Processing draws 10601 to 10700"
[1] "Chunk time = 1.96611529986064"
[1] "Processing draws 10701 to 10800"
[1] "Chunk time = 1.96488326390584"
[1] "Processing draws 10801 to 10900"
[1] "Chunk time = 2.12321969270706"
[1] "Processing draws 10901 to 11000"
[1] "Chunk time = 1.97220010360082"
[1] "Processing draws 11001 to 11100"
[1] "Chunk time = 2.00063213904699"
[1] "Processing draws 11101 to 11200"
[1] "Chunk time = 2.13418537378311"
[1] "Processing draws 11201 to 11300"
[1] "Chunk time = 1.95723474025726"
[1] "Processing draws 11301 to 11400"
[1] "Chunk time = 1.96134427388509"
[1] "Processing draws 11401 to 11500"
[1] "Chunk time = 2.10886545578639"
[1] "Processing draws 11501 to 11600"
[1] "Chunk time = 1.98090070486069"
[1] "Processing draws 11601 to 11700"
[1] "Chunk time = 1.98608727057775"
[1] "Processing draws 11701 to 11800"
[1] "Chunk time = 2.09058707952499"
[1] "Processing draws 11801 to 11900"
[1] "Chunk time = 1.96149966319402"
[1] "Processing draws 11901 to 12000"
[1] "Chunk time = 1.95379460255305"
[1] "Processing draws 12001 to 12100"
[1] "Chunk time = 2.08658659855525"
[1] "Processing draws 12101 to 12200"
[1] "Chunk time = 1.98124785423279"
[1] "Processing draws 12201 to 12300"
[1] "Chunk time = 1.9579932808876"
[1] "Processing draws 12301 to 12400"
[1] "Chunk time = 2.10272848208745"
[1] "Processing draws 12401 to 12500"
[1] "Chunk time = 1.98088150421778"
[1] "Processing draws 12501 to 12600"
[1] "Chunk time = 1.96020838419596"
[1] "Processing draws 12601 to 12700"
[1] "Chunk time = 2.06820978323619"
[1] "Processing draws 12701 to 12800"
[1] "Chunk time = 1.95807759364446"
[1] "Processing draws 12801 to 12900"
[1] "Chunk time = 1.90708211660385"
[1] "Processing draws 12901 to 13000"
[1] "Chunk time = 2.09931534131368"
[1] "Processing draws 13001 to 13100"
[1] "Chunk time = 1.97636053562164"
[1] "Processing draws 13101 to 13200"
[1] "Chunk time = 1.99783533414205"
[1] "Processing draws 13201 to 13300"
[1] "Chunk time = 2.09359262784322"
[1] "Processing draws 13301 to 13400"
[1] "Chunk time = 1.95407475630442"
[1] "Processing draws 13401 to 13500"
[1] "Chunk time = 1.90819371541341"
[1] "Processing draws 13501 to 13600"
[1] "Chunk time = 2.10499393145243"
[1] "Processing draws 13601 to 13700"
[1] "Chunk time = 1.96703931093216"
[1] "Processing draws 13701 to 13800"
[1] "Chunk time = 1.96478317578634"
[1] "Processing draws 13801 to 13900"
[1] "Chunk time = 2.07889136075974"
[1] "Processing draws 13901 to 14000"
[1] "Chunk time = 1.98870453834534"
[1] "Processing draws 14001 to 14100"
[1] "Chunk time = 1.89816699425379"
[1] "Processing draws 14101 to 14200"
[1] "Chunk time = 2.05983568827311"
[1] "Processing draws 14201 to 14300"
[1] "Chunk time = 1.89922180573146"
[1] "Processing draws 14301 to 14400"
[1] "Chunk time = 1.96603446404139"
[1] "Processing draws 14401 to 14500"
[1] "Chunk time = 2.11316043138504"
[1] "Processing draws 14501 to 14600"
[1] "Chunk time = 1.98411169449488"
[1] "Processing draws 14601 to 14700"
[1] "Chunk time = 1.90140514373779"
[1] "Processing draws 14701 to 14800"
[1] "Chunk time = 2.10124049981435"
[1] "Processing draws 14801 to 14900"
[1] "Chunk time = 1.93346628745397"
[1] "Processing draws 14901 to 15000"
[1] "Chunk time = 1.9543216864268"
[1] "Processing draws 15001 to 15100"
[1] "Chunk time = 2.09316178957621"
[1] "Processing draws 15101 to 15200"
[1] "Chunk time = 1.9589448650678"
[1] "Processing draws 15201 to 15300"
[1] "Chunk time = 1.97793643871943"
[1] "Processing draws 15301 to 15400"
[1] "Chunk time = 2.08638199965159"
[1] "Processing draws 15401 to 15500"
[1] "Chunk time = 1.90806748469671"
[1] "Processing draws 15501 to 15600"
[1] "Chunk time = 1.97260258595149"
[1] "Processing draws 15601 to 15700"
[1] "Chunk time = 2.08625317811966"
[1] "Processing draws 15701 to 15800"
[1] "Chunk time = 1.93648739655813"
[1] "Processing draws 15801 to 15900"
[1] "Chunk time = 1.89901651541392"
[1] "Processing draws 15901 to 16000"
[1] "Chunk time = 2.06445390383403"
[1] "Processing draws 16001 to 16100"
[1] "Chunk time = 1.91499435504278"
[1] "Processing draws 16101 to 16200"
[1] "Chunk time = 1.9486443678538"
[1] "Processing draws 16201 to 16300"
[1] "Chunk time = 2.1155083934466"
[1] "Processing draws 16301 to 16400"
[1] "Chunk time = 1.95437928040822"
[1] "Processing draws 16401 to 16500"
[1] "Chunk time = 1.99591904878616"
[1] "Processing draws 16501 to 16600"
[1] "Chunk time = 2.08677807648977"
[1] "Processing draws 16601 to 16700"
[1] "Chunk time = 1.98294018507004"
[1] "Processing draws 16701 to 16800"
[1] "Chunk time = 1.92912694613139"
[1] "Processing draws 16801 to 16900"
[1] "Chunk time = 2.06069605747859"
[1] "Processing draws 16901 to 17000"
[1] "Chunk time = 2.15694880882899"
[1] "Processing draws 17001 to 17100"
[1] "Chunk time = 2.00720315376918"
[1] "Processing draws 17101 to 17200"
[1] "Chunk time = 2.05902694066366"
[1] "Processing draws 17201 to 17300"
[1] "Chunk time = 1.91086684862773"
[1] "Processing draws 17301 to 17400"
[1] "Chunk time = 1.97981923421224"
[1] "Processing draws 17401 to 17500"
[1] "Chunk time = 2.06079918543498"
[1] "Processing draws 17501 to 17600"
[1] "Chunk time = 1.94193617105484"
[1] "Processing draws 17601 to 17700"
[1] "Chunk time = 1.90282975832621"
[1] "Processing draws 17701 to 17800"
[1] "Chunk time = 2.06279211441676"
[1] "Processing draws 17801 to 17900"
[1] "Chunk time = 1.90818852186203"
[1] "Processing draws 17901 to 18000"
[1] "Chunk time = 1.94220391511917"
[1] "Processing draws 18001 to 18100"
[1] "Chunk time = 2.06261809269587"
[1] "Processing draws 18101 to 18200"
[1] "Chunk time = 1.93559009631475"
[1] "Processing draws 18201 to 18300"
[1] "Chunk time = 1.91911987860998"
[1] "Processing draws 18301 to 18400"
[1] "Chunk time = 2.06265793641408"
[1] "Processing draws 18401 to 18500"
[1] "Chunk time = 1.90776673555374"
[1] "Processing draws 18501 to 18600"
[1] "Chunk time = 1.98516570329666"
[1] "Processing draws 18601 to 18700"
[1] "Chunk time = 2.06896763245265"
[1] "Processing draws 18701 to 18800"
[1] "Chunk time = 1.98758590221405"
[1] "Processing draws 18801 to 18900"
[1] "Chunk time = 1.88669666449229"
[1] "Processing draws 18901 to 19000"
[1] "Chunk time = 2.0300236304601"
[1] "Processing draws 19001 to 19100"
[1] "Chunk time = 1.88942956527074"
[1] "Processing draws 19101 to 19200"
[1] "Chunk time = 1.94890198310216"
[1] "Processing draws 19201 to 19300"
[1] "Chunk time = 2.08453877369563"
[1] "Processing draws 19301 to 19400"
[1] "Chunk time = 1.96409779389699"
[1] "Processing draws 19401 to 19500"
[1] "Chunk time = 1.97709954182307"
[1] "Processing draws 19501 to 19600"
[1] "Chunk time = 1.97425950368245"
[1] "Processing draws 19601 to 19700"
[1] "Chunk time = 1.8875381231308"
[1] "Processing draws 19701 to 19800"
[1] "Chunk time = 1.94822294314702"
[1] "Processing draws 19801 to 19900"
[1] "Chunk time = 2.09165498018265"
[1] "Processing draws 19901 to 20000"
[1] "Chunk time = 2.00104531447093"
[1] "done lapplying"
[1] "Saving current params"
[1] "Saving params to output.rds"
[1] TRUE
[1] "Time for modelling:"
[1] "2025-07-02 04:13:29 EDT"
[1] "Time for posterior computations:"
Time difference of 6.718991 hours
[1] "Total time:"
[1] "2025-07-02 10:56:37 EDT"
