[1] "Starting sampling."
Running MCMC with 4 parallel chains, with 4 thread(s) per chain...

Chain 1 Iteration:    1 / 6000 [  0%]  (Warmup) 
Chain 2 Iteration:    1 / 6000 [  0%]  (Warmup) 
Chain 4 Iteration:    1 / 6000 [  0%]  (Warmup) 
Chain 3 Iteration:    1 / 6000 [  0%]  (Warmup) 
Chain 4 Iteration:  100 / 6000 [  1%]  (Warmup) 
Chain 1 Iteration:  100 / 6000 [  1%]  (Warmup) 
Chain 3 Iteration:  100 / 6000 [  1%]  (Warmup) 
Chain 2 Iteration:  100 / 6000 [  1%]  (Warmup) 
Chain 4 Iteration:  200 / 6000 [  3%]  (Warmup) 
Chain 1 Iteration:  200 / 6000 [  3%]  (Warmup) 
Chain 3 Iteration:  200 / 6000 [  3%]  (Warmup) 
Chain 4 Iteration:  300 / 6000 [  5%]  (Warmup) 
Chain 2 Iteration:  200 / 6000 [  3%]  (Warmup) 
Chain 4 Iteration:  400 / 6000 [  6%]  (Warmup) 
Chain 1 Iteration:  300 / 6000 [  5%]  (Warmup) 
Chain 2 Iteration:  300 / 6000 [  5%]  (Warmup) 
Chain 3 Iteration:  300 / 6000 [  5%]  (Warmup) 
Chain 4 Iteration:  500 / 6000 [  8%]  (Warmup) 
Chain 1 Iteration:  400 / 6000 [  6%]  (Warmup) 
Chain 3 Iteration:  400 / 6000 [  6%]  (Warmup) 
Chain 4 Iteration:  600 / 6000 [ 10%]  (Warmup) 
Chain 2 Iteration:  400 / 6000 [  6%]  (Warmup) 
Chain 1 Iteration:  500 / 6000 [  8%]  (Warmup) 
Chain 4 Iteration:  700 / 6000 [ 11%]  (Warmup) 
Chain 3 Iteration:  500 / 6000 [  8%]  (Warmup) 
Chain 2 Iteration:  500 / 6000 [  8%]  (Warmup) 
Chain 4 Iteration:  800 / 6000 [ 13%]  (Warmup) 
Chain 1 Iteration:  600 / 6000 [ 10%]  (Warmup) 
Chain 2 Iteration:  600 / 6000 [ 10%]  (Warmup) 
Chain 3 Iteration:  600 / 6000 [ 10%]  (Warmup) 
Chain 4 Iteration:  900 / 6000 [ 15%]  (Warmup) 
Chain 1 Iteration:  700 / 6000 [ 11%]  (Warmup) 
Chain 2 Iteration:  700 / 6000 [ 11%]  (Warmup) 
Chain 4 Iteration: 1000 / 6000 [ 16%]  (Warmup) 
Chain 4 Iteration: 1001 / 6000 [ 16%]  (Sampling) 
Chain 3 Iteration:  700 / 6000 [ 11%]  (Warmup) 
Chain 4 Iteration: 1100 / 6000 [ 18%]  (Sampling) 
Chain 1 Iteration:  800 / 6000 [ 13%]  (Warmup) 
Chain 3 Iteration:  800 / 6000 [ 13%]  (Warmup) 
Chain 2 Iteration:  800 / 6000 [ 13%]  (Warmup) 
Chain 4 Iteration: 1200 / 6000 [ 20%]  (Sampling) 
Chain 1 Iteration:  900 / 6000 [ 15%]  (Warmup) 
Chain 4 Iteration: 1300 / 6000 [ 21%]  (Sampling) 
Chain 2 Iteration:  900 / 6000 [ 15%]  (Warmup) 
Chain 3 Iteration:  900 / 6000 [ 15%]  (Warmup) 
Chain 4 Iteration: 1400 / 6000 [ 23%]  (Sampling) 
Chain 1 Iteration: 1000 / 6000 [ 16%]  (Warmup) 
Chain 1 Iteration: 1001 / 6000 [ 16%]  (Sampling) 
Chain 2 Iteration: 1000 / 6000 [ 16%]  (Warmup) 
Chain 2 Iteration: 1001 / 6000 [ 16%]  (Sampling) 
Chain 3 Iteration: 1000 / 6000 [ 16%]  (Warmup) 
Chain 3 Iteration: 1001 / 6000 [ 16%]  (Sampling) 
Chain 4 Iteration: 1500 / 6000 [ 25%]  (Sampling) 
Chain 1 Iteration: 1100 / 6000 [ 18%]  (Sampling) 
Chain 2 Iteration: 1100 / 6000 [ 18%]  (Sampling) 
Chain 4 Iteration: 1600 / 6000 [ 26%]  (Sampling) 
Chain 3 Iteration: 1100 / 6000 [ 18%]  (Sampling) 
Chain 1 Iteration: 1200 / 6000 [ 20%]  (Sampling) 
Chain 4 Iteration: 1700 / 6000 [ 28%]  (Sampling) 
Chain 2 Iteration: 1200 / 6000 [ 20%]  (Sampling) 
Chain 3 Iteration: 1200 / 6000 [ 20%]  (Sampling) 
Chain 1 Iteration: 1300 / 6000 [ 21%]  (Sampling) 
Chain 4 Iteration: 1800 / 6000 [ 30%]  (Sampling) 
Chain 2 Iteration: 1300 / 6000 [ 21%]  (Sampling) 
Chain 3 Iteration: 1300 / 6000 [ 21%]  (Sampling) 
Chain 1 Iteration: 1400 / 6000 [ 23%]  (Sampling) 
Chain 4 Iteration: 1900 / 6000 [ 31%]  (Sampling) 
Chain 2 Iteration: 1400 / 6000 [ 23%]  (Sampling) 
Chain 3 Iteration: 1400 / 6000 [ 23%]  (Sampling) 
Chain 1 Iteration: 1500 / 6000 [ 25%]  (Sampling) 
Chain 4 Iteration: 2000 / 6000 [ 33%]  (Sampling) 
Chain 2 Iteration: 1500 / 6000 [ 25%]  (Sampling) 
Chain 1 Iteration: 1600 / 6000 [ 26%]  (Sampling) 
Chain 3 Iteration: 1500 / 6000 [ 25%]  (Sampling) 
Chain 4 Iteration: 2100 / 6000 [ 35%]  (Sampling) 
Chain 1 Iteration: 1700 / 6000 [ 28%]  (Sampling) 
Chain 2 Iteration: 1600 / 6000 [ 26%]  (Sampling) 
Chain 3 Iteration: 1600 / 6000 [ 26%]  (Sampling) 
Chain 1 Iteration: 1800 / 6000 [ 30%]  (Sampling) 
Chain 4 Iteration: 2200 / 6000 [ 36%]  (Sampling) 
Chain 2 Iteration: 1700 / 6000 [ 28%]  (Sampling) 
Chain 3 Iteration: 1700 / 6000 [ 28%]  (Sampling) 
Chain 1 Iteration: 1900 / 6000 [ 31%]  (Sampling) 
Chain 4 Iteration: 2300 / 6000 [ 38%]  (Sampling) 
Chain 2 Iteration: 1800 / 6000 [ 30%]  (Sampling) 
Chain 3 Iteration: 1800 / 6000 [ 30%]  (Sampling) 
Chain 1 Iteration: 2000 / 6000 [ 33%]  (Sampling) 
Chain 4 Iteration: 2400 / 6000 [ 40%]  (Sampling) 
Chain 2 Iteration: 1900 / 6000 [ 31%]  (Sampling) 
Chain 3 Iteration: 1900 / 6000 [ 31%]  (Sampling) 
Chain 1 Iteration: 2100 / 6000 [ 35%]  (Sampling) 
Chain 4 Iteration: 2500 / 6000 [ 41%]  (Sampling) 
Chain 3 Iteration: 2000 / 6000 [ 33%]  (Sampling) 
Chain 2 Iteration: 2000 / 6000 [ 33%]  (Sampling) 
Chain 1 Iteration: 2200 / 6000 [ 36%]  (Sampling) 
Chain 3 Iteration: 2100 / 6000 [ 35%]  (Sampling) 
Chain 4 Iteration: 2600 / 6000 [ 43%]  (Sampling) 
Chain 2 Iteration: 2100 / 6000 [ 35%]  (Sampling) 
Chain 3 Iteration: 2200 / 6000 [ 36%]  (Sampling) 
Chain 1 Iteration: 2300 / 6000 [ 38%]  (Sampling) 
Chain 4 Iteration: 2700 / 6000 [ 45%]  (Sampling) 
Chain 2 Iteration: 2200 / 6000 [ 36%]  (Sampling) 
Chain 3 Iteration: 2300 / 6000 [ 38%]  (Sampling) 
Chain 1 Iteration: 2400 / 6000 [ 40%]  (Sampling) 
Chain 4 Iteration: 2800 / 6000 [ 46%]  (Sampling) 
Chain 2 Iteration: 2300 / 6000 [ 38%]  (Sampling) 
Chain 1 Iteration: 2500 / 6000 [ 41%]  (Sampling) 
Chain 3 Iteration: 2400 / 6000 [ 40%]  (Sampling) 
Chain 4 Iteration: 2900 / 6000 [ 48%]  (Sampling) 
Chain 2 Iteration: 2400 / 6000 [ 40%]  (Sampling) 
Chain 1 Iteration: 2600 / 6000 [ 43%]  (Sampling) 
Chain 3 Iteration: 2500 / 6000 [ 41%]  (Sampling) 
Chain 4 Iteration: 3000 / 6000 [ 50%]  (Sampling) 
Chain 1 Iteration: 2700 / 6000 [ 45%]  (Sampling) 
Chain 2 Iteration: 2500 / 6000 [ 41%]  (Sampling) 
Chain 3 Iteration: 2600 / 6000 [ 43%]  (Sampling) 
Chain 1 Iteration: 2800 / 6000 [ 46%]  (Sampling) 
Chain 4 Iteration: 3100 / 6000 [ 51%]  (Sampling) 
Chain 2 Iteration: 2600 / 6000 [ 43%]  (Sampling) 
Chain 3 Iteration: 2700 / 6000 [ 45%]  (Sampling) 
Chain 1 Iteration: 2900 / 6000 [ 48%]  (Sampling) 
Chain 4 Iteration: 3200 / 6000 [ 53%]  (Sampling) 
Chain 2 Iteration: 2700 / 6000 [ 45%]  (Sampling) 
Chain 1 Iteration: 3000 / 6000 [ 50%]  (Sampling) 
Chain 3 Iteration: 2800 / 6000 [ 46%]  (Sampling) 
Chain 4 Iteration: 3300 / 6000 [ 55%]  (Sampling) 
Chain 2 Iteration: 2800 / 6000 [ 46%]  (Sampling) 
Chain 1 Iteration: 3100 / 6000 [ 51%]  (Sampling) 
Chain 3 Iteration: 2900 / 6000 [ 48%]  (Sampling) 
Chain 4 Iteration: 3400 / 6000 [ 56%]  (Sampling) 
Chain 1 Iteration: 3200 / 6000 [ 53%]  (Sampling) 
Chain 2 Iteration: 2900 / 6000 [ 48%]  (Sampling) 
Chain 3 Iteration: 3000 / 6000 [ 50%]  (Sampling) 
Chain 1 Iteration: 3300 / 6000 [ 55%]  (Sampling) 
Chain 4 Iteration: 3500 / 6000 [ 58%]  (Sampling) 
Chain 2 Iteration: 3000 / 6000 [ 50%]  (Sampling) 
Chain 3 Iteration: 3100 / 6000 [ 51%]  (Sampling) 
Chain 1 Iteration: 3400 / 6000 [ 56%]  (Sampling) 
Chain 4 Iteration: 3600 / 6000 [ 60%]  (Sampling) 
Chain 2 Iteration: 3100 / 6000 [ 51%]  (Sampling) 
Chain 1 Iteration: 3500 / 6000 [ 58%]  (Sampling) 
Chain 3 Iteration: 3200 / 6000 [ 53%]  (Sampling) 
Chain 4 Iteration: 3700 / 6000 [ 61%]  (Sampling) 
Chain 1 Iteration: 3600 / 6000 [ 60%]  (Sampling) 
Chain 2 Iteration: 3200 / 6000 [ 53%]  (Sampling) 
Chain 3 Iteration: 3300 / 6000 [ 55%]  (Sampling) 
Chain 1 Iteration: 3700 / 6000 [ 61%]  (Sampling) 
Chain 4 Iteration: 3800 / 6000 [ 63%]  (Sampling) 
Chain 2 Iteration: 3300 / 6000 [ 55%]  (Sampling) 
Chain 3 Iteration: 3400 / 6000 [ 56%]  (Sampling) 
Chain 1 Iteration: 3800 / 6000 [ 63%]  (Sampling) 
Chain 4 Iteration: 3900 / 6000 [ 65%]  (Sampling) 
Chain 2 Iteration: 3400 / 6000 [ 56%]  (Sampling) 
Chain 1 Iteration: 3900 / 6000 [ 65%]  (Sampling) 
Chain 3 Iteration: 3500 / 6000 [ 58%]  (Sampling) 
Chain 4 Iteration: 4000 / 6000 [ 66%]  (Sampling) 
Chain 1 Iteration: 4000 / 6000 [ 66%]  (Sampling) 
Chain 2 Iteration: 3500 / 6000 [ 58%]  (Sampling) 
Chain 3 Iteration: 3600 / 6000 [ 60%]  (Sampling) 
Chain 1 Iteration: 4100 / 6000 [ 68%]  (Sampling) 
Chain 4 Iteration: 4100 / 6000 [ 68%]  (Sampling) 
Chain 2 Iteration: 3600 / 6000 [ 60%]  (Sampling) 
Chain 3 Iteration: 3700 / 6000 [ 61%]  (Sampling) 
Chain 1 Iteration: 4200 / 6000 [ 70%]  (Sampling) 
Chain 4 Iteration: 4200 / 6000 [ 70%]  (Sampling) 
Chain 2 Iteration: 3700 / 6000 [ 61%]  (Sampling) 
Chain 1 Iteration: 4300 / 6000 [ 71%]  (Sampling) 
Chain 3 Iteration: 3800 / 6000 [ 63%]  (Sampling) 
Chain 4 Iteration: 4300 / 6000 [ 71%]  (Sampling) 
Chain 1 Iteration: 4400 / 6000 [ 73%]  (Sampling) 
Chain 2 Iteration: 3800 / 6000 [ 63%]  (Sampling) 
Chain 3 Iteration: 3900 / 6000 [ 65%]  (Sampling) 
Chain 4 Iteration: 4400 / 6000 [ 73%]  (Sampling) 
Chain 1 Iteration: 4500 / 6000 [ 75%]  (Sampling) 
Chain 2 Iteration: 3900 / 6000 [ 65%]  (Sampling) 
Chain 3 Iteration: 4000 / 6000 [ 66%]  (Sampling) 
Chain 1 Iteration: 4600 / 6000 [ 76%]  (Sampling) 
Chain 4 Iteration: 4500 / 6000 [ 75%]  (Sampling) 
Chain 2 Iteration: 4000 / 6000 [ 66%]  (Sampling) 
Chain 3 Iteration: 4100 / 6000 [ 68%]  (Sampling) 
Chain 1 Iteration: 4700 / 6000 [ 78%]  (Sampling) 
Chain 4 Iteration: 4600 / 6000 [ 76%]  (Sampling) 
Chain 2 Iteration: 4100 / 6000 [ 68%]  (Sampling) 
Chain 1 Iteration: 4800 / 6000 [ 80%]  (Sampling) 
Chain 3 Iteration: 4200 / 6000 [ 70%]  (Sampling) 
Chain 4 Iteration: 4700 / 6000 [ 78%]  (Sampling) 
Chain 1 Iteration: 4900 / 6000 [ 81%]  (Sampling) 
Chain 2 Iteration: 4200 / 6000 [ 70%]  (Sampling) 
Chain 3 Iteration: 4300 / 6000 [ 71%]  (Sampling) 
Chain 1 Iteration: 5000 / 6000 [ 83%]  (Sampling) 
Chain 4 Iteration: 4800 / 6000 [ 80%]  (Sampling) 
Chain 2 Iteration: 4300 / 6000 [ 71%]  (Sampling) 
Chain 3 Iteration: 4400 / 6000 [ 73%]  (Sampling) 
Chain 1 Iteration: 5100 / 6000 [ 85%]  (Sampling) 
Chain 4 Iteration: 4900 / 6000 [ 81%]  (Sampling) 
Chain 2 Iteration: 4400 / 6000 [ 73%]  (Sampling) 
Chain 1 Iteration: 5200 / 6000 [ 86%]  (Sampling) 
Chain 3 Iteration: 4500 / 6000 [ 75%]  (Sampling) 
Chain 4 Iteration: 5000 / 6000 [ 83%]  (Sampling) 
Chain 1 Iteration: 5300 / 6000 [ 88%]  (Sampling) 
Chain 2 Iteration: 4500 / 6000 [ 75%]  (Sampling) 
Chain 3 Iteration: 4600 / 6000 [ 76%]  (Sampling) 
Chain 4 Iteration: 5100 / 6000 [ 85%]  (Sampling) 
Chain 1 Iteration: 5400 / 6000 [ 90%]  (Sampling) 
Chain 2 Iteration: 4600 / 6000 [ 76%]  (Sampling) 
Chain 3 Iteration: 4700 / 6000 [ 78%]  (Sampling) 
Chain 1 Iteration: 5500 / 6000 [ 91%]  (Sampling) 
Chain 4 Iteration: 5200 / 6000 [ 86%]  (Sampling) 
Chain 2 Iteration: 4700 / 6000 [ 78%]  (Sampling) 
Chain 3 Iteration: 4800 / 6000 [ 80%]  (Sampling) 
Chain 1 Iteration: 5600 / 6000 [ 93%]  (Sampling) 
Chain 4 Iteration: 5300 / 6000 [ 88%]  (Sampling) 
Chain 1 Iteration: 5700 / 6000 [ 95%]  (Sampling) 
Chain 2 Iteration: 4800 / 6000 [ 80%]  (Sampling) 
Chain 3 Iteration: 4900 / 6000 [ 81%]  (Sampling) 
Chain 4 Iteration: 5400 / 6000 [ 90%]  (Sampling) 
Chain 1 Iteration: 5800 / 6000 [ 96%]  (Sampling) 
Chain 2 Iteration: 4900 / 6000 [ 81%]  (Sampling) 
Chain 3 Iteration: 5000 / 6000 [ 83%]  (Sampling) 
Chain 4 Iteration: 5500 / 6000 [ 91%]  (Sampling) 
Chain 1 Iteration: 5900 / 6000 [ 98%]  (Sampling) 
Chain 2 Iteration: 5000 / 6000 [ 83%]  (Sampling) 
Chain 3 Iteration: 5100 / 6000 [ 85%]  (Sampling) 
Chain 4 Iteration: 5600 / 6000 [ 93%]  (Sampling) 
Chain 1 Iteration: 6000 / 6000 [100%]  (Sampling) 
Chain 1 finished in 21992.4 seconds.
Chain 2 Iteration: 5100 / 6000 [ 85%]  (Sampling) 
Chain 3 Iteration: 5200 / 6000 [ 86%]  (Sampling) 
Chain 4 Iteration: 5700 / 6000 [ 95%]  (Sampling) 
Chain 2 Iteration: 5200 / 6000 [ 86%]  (Sampling) 
Chain 3 Iteration: 5300 / 6000 [ 88%]  (Sampling) 
Chain 4 Iteration: 5800 / 6000 [ 96%]  (Sampling) 
Chain 2 Iteration: 5300 / 6000 [ 88%]  (Sampling) 
Chain 3 Iteration: 5400 / 6000 [ 90%]  (Sampling) 
Chain 4 Iteration: 5900 / 6000 [ 98%]  (Sampling) 
Chain 2 Iteration: 5400 / 6000 [ 90%]  (Sampling) 
Chain 3 Iteration: 5500 / 6000 [ 91%]  (Sampling) 
Chain 4 Iteration: 6000 / 6000 [100%]  (Sampling) 
Chain 4 finished in 23438.4 seconds.
Chain 2 Iteration: 5500 / 6000 [ 91%]  (Sampling) 
Chain 3 Iteration: 5600 / 6000 [ 93%]  (Sampling) 
Chain 2 Iteration: 5600 / 6000 [ 93%]  (Sampling) 
Chain 3 Iteration: 5700 / 6000 [ 95%]  (Sampling) 
Chain 2 Iteration: 5700 / 6000 [ 95%]  (Sampling) 
Chain 3 Iteration: 5800 / 6000 [ 96%]  (Sampling) 
Chain 2 Iteration: 5800 / 6000 [ 96%]  (Sampling) 
Chain 3 Iteration: 5900 / 6000 [ 98%]  (Sampling) 
Chain 2 Iteration: 5900 / 6000 [ 98%]  (Sampling) 
Chain 3 Iteration: 6000 / 6000 [100%]  (Sampling) 
Chain 3 finished in 24898.2 seconds.
Chain 2 Iteration: 6000 / 6000 [100%]  (Sampling) 
Chain 2 finished in 25159.1 seconds.

All 4 chains finished successfully.
Mean chain execution time: 23872.0 seconds.
Total execution time: 25160.0 seconds.

[1] "Processing draws 1 to 100"
[1] "Chunk time = 3.22274878025055"
[1] "Processing draws 101 to 200"
[1] "Chunk time = 2.38513952493668"
[1] "Processing draws 201 to 300"
[1] "Chunk time = 2.47449037233988"
[1] "Processing draws 301 to 400"
[1] "Chunk time = 2.12186755339305"
[1] "Processing draws 401 to 500"
[1] "Chunk time = 2.04037611087163"
[1] "Processing draws 501 to 600"
[1] "Chunk time = 2.02382189035416"
[1] "Processing draws 601 to 700"
[1] "Chunk time = 2.04788185755412"
[1] "Processing draws 701 to 800"
[1] "Chunk time = 2.22243393659592"
[1] "Processing draws 801 to 900"
[1] "Chunk time = 2.0463772614797"
[1] "Processing draws 901 to 1000"
[1] "Chunk time = 2.08176390727361"
[1] "Processing draws 1001 to 1100"
[1] "Chunk time = 2.03740705251694"
[1] "Processing draws 1101 to 1200"
[1] "Chunk time = 2.05115603208542"
[1] "Processing draws 1201 to 1300"
[1] "Chunk time = 2.03575370709101"
[1] "Processing draws 1301 to 1400"
[1] "Chunk time = 2.01635045607885"
[1] "Processing draws 1401 to 1500"
[1] "Chunk time = 2.05403468608856"
[1] "Processing draws 1501 to 1600"
[1] "Chunk time = 2.06495662132899"
[1] "Processing draws 1601 to 1700"
[1] "Chunk time = 1.98119311332703"
[1] "Processing draws 1701 to 1800"
[1] "Chunk time = 1.99745797713598"
[1] "Processing draws 1801 to 1900"
[1] "Chunk time = 2.06092993418376"
[1] "Processing draws 1901 to 2000"
[1] "Chunk time = 2.02155831257502"
[1] "Processing draws 2001 to 2100"
[1] "Chunk time = 1.99166865348816"
[1] "Processing draws 2101 to 2200"
[1] "Chunk time = 2.08467621008555"
[1] "Processing draws 2201 to 2300"
[1] "Chunk time = 1.98034950097402"
[1] "Processing draws 2301 to 2400"
[1] "Chunk time = 2.01257628202438"
[1] "Processing draws 2401 to 2500"
[1] "Chunk time = 2.05882320404053"
[1] "Processing draws 2501 to 2600"
[1] "Chunk time = 1.97739874124527"
[1] "Processing draws 2601 to 2700"
[1] "Chunk time = 1.98269393046697"
[1] "Processing draws 2701 to 2800"
[1] "Chunk time = 2.10534315109253"
[1] "Processing draws 2801 to 2900"
[1] "Chunk time = 1.97609244187673"
[1] "Processing draws 2901 to 3000"
[1] "Chunk time = 1.9805975874265"
[1] "Processing draws 3001 to 3100"
[1] "Chunk time = 2.14862347443899"
[1] "Processing draws 3101 to 3200"
[1] "Chunk time = 2.01253157059352"
[1] "Processing draws 3201 to 3300"
[1] "Chunk time = 1.95703397591909"
[1] "Processing draws 3301 to 3400"
[1] "Chunk time = 2.07989381154378"
[1] "Processing draws 3401 to 3500"
[1] "Chunk time = 1.95563229719798"
[1] "Processing draws 3501 to 3600"
[1] "Chunk time = 2.0053831577301"
[1] "Processing draws 3601 to 3700"
[1] "Chunk time = 2.08281832138697"
[1] "Processing draws 3701 to 3800"
[1] "Chunk time = 1.99076640605927"
[1] "Processing draws 3801 to 3900"
[1] "Chunk time = 1.96624684333801"
[1] "Processing draws 3901 to 4000"
[1] "Chunk time = 2.16611926555634"
[1] "Processing draws 4001 to 4100"
[1] "Chunk time = 2.07689120769501"
[1] "Processing draws 4101 to 4200"
[1] "Chunk time = 1.98155389626821"
[1] "Processing draws 4201 to 4300"
[1] "Chunk time = 2.13183257579803"
[1] "Processing draws 4301 to 4400"
[1] "Chunk time = 1.98823032776515"
[1] "Processing draws 4401 to 4500"
[1] "Chunk time = 1.96368975639343"
[1] "Processing draws 4501 to 4600"
[1] "Chunk time = 2.11862446069717"
[1] "Processing draws 4601 to 4700"
[1] "Chunk time = 1.97011998097102"
[1] "Processing draws 4701 to 4800"
[1] "Chunk time = 1.99950979153315"
[1] "Processing draws 4801 to 4900"
[1] "Chunk time = 2.13797128200531"
[1] "Processing draws 4901 to 5000"
[1] "Chunk time = 1.99372538725535"
[1] "Processing draws 5001 to 5100"
[1] "Chunk time = 1.94654296239217"
[1] "Processing draws 5101 to 5200"
[1] "Chunk time = 2.13513059616089"
[1] "Processing draws 5201 to 5300"
[1] "Chunk time = 1.98997172911962"
[1] "Processing draws 5301 to 5400"
[1] "Chunk time = 1.98710726896922"
[1] "Processing draws 5401 to 5500"
[1] "Chunk time = 2.11874336401622"
[1] "Processing draws 5501 to 5600"
[1] "Chunk time = 2.00561836560567"
[1] "Processing draws 5601 to 5700"
[1] "Chunk time = 1.97912902434667"
[1] "Processing draws 5701 to 5800"
[1] "Chunk time = 2.11661466757456"
[1] "Processing draws 5801 to 5900"
[1] "Chunk time = 1.97172443469365"
[1] "Processing draws 5901 to 6000"
[1] "Chunk time = 1.99460895061493"
[1] "Processing draws 6001 to 6100"
[1] "Chunk time = 2.12470881144206"
[1] "Processing draws 6101 to 6200"
[1] "Chunk time = 2.00794905026754"
[1] "Processing draws 6201 to 6300"
[1] "Chunk time = 1.95405106544495"
[1] "Processing draws 6301 to 6400"
[1] "Chunk time = 2.11222788095474"
[1] "Processing draws 6401 to 6500"
[1] "Chunk time = 1.96857118606567"
[1] "Processing draws 6501 to 6600"
[1] "Chunk time = 1.95762480099996"
[1] "Processing draws 6601 to 6700"
[1] "Chunk time = 2.10186842679977"
[1] "Processing draws 6701 to 6800"
[1] "Chunk time = 2.00231664975484"
[1] "Processing draws 6801 to 6900"
[1] "Chunk time = 2.00433980226517"
[1] "Processing draws 6901 to 7000"
[1] "Chunk time = 2.10904453595479"
[1] "Processing draws 7001 to 7100"
[1] "Chunk time = 1.94515496492386"
[1] "Processing draws 7101 to 7200"
[1] "Chunk time = 2.00805584192276"
[1] "Processing draws 7201 to 7300"
[1] "Chunk time = 2.110287129879"
[1] "Processing draws 7301 to 7400"
[1] "Chunk time = 1.9756808201472"
[1] "Processing draws 7401 to 7500"
[1] "Chunk time = 1.95128405888875"
[1] "Processing draws 7501 to 7600"
[1] "Chunk time = 2.11645800272624"
[1] "Processing draws 7601 to 7700"
[1] "Chunk time = 1.94971915483475"
[1] "Processing draws 7701 to 7800"
[1] "Chunk time = 1.97316416501999"
[1] "Processing draws 7801 to 7900"
[1] "Chunk time = 2.13128244082133"
[1] "Processing draws 7901 to 8000"
[1] "Chunk time = 2.00386981169383"
[1] "Processing draws 8001 to 8100"
[1] "Chunk time = 1.95114924907684"
[1] "Processing draws 8101 to 8200"
[1] "Chunk time = 2.11218552986781"
[1] "Processing draws 8201 to 8300"
[1] "Chunk time = 2.00703790982564"
[1] "Processing draws 8301 to 8400"
[1] "Chunk time = 2.00389335950216"
[1] "Processing draws 8401 to 8500"
[1] "Chunk time = 2.11169461011887"
[1] "Processing draws 8501 to 8600"
[1] "Chunk time = 1.9686287800471"
[1] "Processing draws 8601 to 8700"
[1] "Chunk time = 1.96650072336197"
[1] "Processing draws 8701 to 8800"
[1] "Chunk time = 2.12116289933523"
[1] "Processing draws 8801 to 8900"
[1] "Chunk time = 1.98944741884867"
[1] "Processing draws 8901 to 9000"
[1] "Chunk time = 2.03514695564906"
[1] "Processing draws 9001 to 9100"
[1] "Chunk time = 2.15031644503276"
[1] "Processing draws 9101 to 9200"
[1] "Chunk time = 2.04305585225423"
[1] "Processing draws 9201 to 9300"
[1] "Chunk time = 1.99879188537598"
[1] "Processing draws 9301 to 9400"
[1] "Chunk time = 2.14754957755407"
[1] "Processing draws 9401 to 9500"
[1] "Chunk time = 1.99865936438243"
[1] "Processing draws 9501 to 9600"
[1] "Chunk time = 2.02329318126043"
[1] "Processing draws 9601 to 9700"
[1] "Chunk time = 2.12410662571589"
[1] "Processing draws 9701 to 9800"
[1] "Chunk time = 2.00340277353923"
[1] "Processing draws 9801 to 9900"
[1] "Chunk time = 1.97062403361003"
[1] "Processing draws 9901 to 10000"
[1] "Chunk time = 2.14732268253962"
[1] "Processing draws 10001 to 10100"
[1] "Chunk time = 1.98252676725388"
[1] "Processing draws 10101 to 10200"
[1] "Chunk time = 2.01752973000209"
[1] "Processing draws 10201 to 10300"
[1] "Chunk time = 2.15007667541504"
[1] "Processing draws 10301 to 10400"
[1] "Chunk time = 2.04642013311386"
[1] "Processing draws 10401 to 10500"
[1] "Chunk time = 1.96073642969131"
[1] "Processing draws 10501 to 10600"
[1] "Chunk time = 2.12614279588064"
[1] "Processing draws 10601 to 10700"
[1] "Chunk time = 1.99212876558304"
[1] "Processing draws 10701 to 10800"
[1] "Chunk time = 2.0189710299174"
[1] "Processing draws 10801 to 10900"
[1] "Chunk time = 2.12631034056346"
[1] "Processing draws 10901 to 11000"
[1] "Chunk time = 2.00200169881185"
[1] "Processing draws 11001 to 11100"
[1] "Chunk time = 1.96633947690328"
[1] "Processing draws 11101 to 11200"
[1] "Chunk time = 2.12732633749644"
[1] "Processing draws 11201 to 11300"
[1] "Chunk time = 1.97276100317637"
[1] "Processing draws 11301 to 11400"
[1] "Chunk time = 2.01028326749802"
[1] "Processing draws 11401 to 11500"
[1] "Chunk time = 2.1312170068423"
[1] "Processing draws 11501 to 11600"
[1] "Chunk time = 2.02127958536148"
[1] "Processing draws 11601 to 11700"
[1] "Chunk time = 1.97476960817973"
[1] "Processing draws 11701 to 11800"
[1] "Chunk time = 2.12578325668971"
[1] "Processing draws 11801 to 11900"
[1] "Chunk time = 1.95623614390691"
[1] "Processing draws 11901 to 12000"
[1] "Chunk time = 2.01485436757406"
[1] "Processing draws 12001 to 12100"
[1] "Chunk time = 2.113398929437"
[1] "Processing draws 12101 to 12200"
[1] "Chunk time = 1.99869487285614"
[1] "Processing draws 12201 to 12300"
[1] "Chunk time = 1.97875310182571"
[1] "Processing draws 12301 to 12400"
[1] "Chunk time = 2.13246841828028"
[1] "Processing draws 12401 to 12500"
[1] "Chunk time = 1.9778031984965"
[1] "Processing draws 12501 to 12600"
[1] "Chunk time = 1.99099740584691"
[1] "Processing draws 12601 to 12700"
[1] "Chunk time = 2.12120709021886"
[1] "Processing draws 12701 to 12800"
[1] "Chunk time = 2.00485103130341"
[1] "Processing draws 12801 to 12900"
[1] "Chunk time = 1.93571527401606"
[1] "Processing draws 12901 to 13000"
[1] "Chunk time = 2.11144221623739"
[1] "Processing draws 13001 to 13100"
[1] "Chunk time = 1.97545402844747"
[1] "Processing draws 13101 to 13200"
[1] "Chunk time = 2.0100322564443"
[1] "Processing draws 13201 to 13300"
[1] "Chunk time = 2.11367032527924"
[1] "Processing draws 13301 to 13400"
[1] "Chunk time = 1.94948320786158"
[1] "Processing draws 13401 to 13500"
[1] "Chunk time = 1.96985173225403"
[1] "Processing draws 13501 to 13600"
[1] "Chunk time = 2.11829822858175"
[1] "Processing draws 13601 to 13700"
[1] "Chunk time = 1.95230872631073"
[1] "Processing draws 13701 to 13800"
[1] "Chunk time = 2.01356200774511"
[1] "Processing draws 13801 to 13900"
[1] "Chunk time = 2.13115799029668"
[1] "Processing draws 13901 to 14000"
[1] "Chunk time = 2.02545380194982"
[1] "Processing draws 14001 to 14100"
[1] "Chunk time = 1.9347526550293"
[1] "Processing draws 14101 to 14200"
[1] "Chunk time = 2.12149549722672"
[1] "Processing draws 14201 to 14300"
[1] "Chunk time = 1.95731995900472"
[1] "Processing draws 14301 to 14400"
[1] "Chunk time = 2.02685457865397"
[1] "Processing draws 14401 to 14500"
[1] "Chunk time = 2.12268167734146"
[1] "Processing draws 14501 to 14600"
[1] "Chunk time = 2.00024383862813"
[1] "Processing draws 14601 to 14700"
[1] "Chunk time = 1.90980226198832"
[1] "Processing draws 14701 to 14800"
[1] "Chunk time = 2.1266344110171"
[1] "Processing draws 14801 to 14900"
[1] "Chunk time = 1.97565656105677"
[1] "Processing draws 14901 to 15000"
[1] "Chunk time = 1.99709711869558"
[1] "Processing draws 15001 to 15100"
[1] "Chunk time = 2.14453341166178"
[1] "Processing draws 15101 to 15200"
[1] "Chunk time = 2.01048259337743"
[1] "Processing draws 15201 to 15300"
[1] "Chunk time = 1.9701512614886"
[1] "Processing draws 15301 to 15400"
[1] "Chunk time = 2.16474817991257"
[1] "Processing draws 15401 to 15500"
[1] "Chunk time = 1.99243722359339"
[1] "Processing draws 15501 to 15600"
[1] "Chunk time = 2.00722088813782"
[1] "Processing draws 15601 to 15700"
[1] "Chunk time = 2.13291372855504"
[1] "Processing draws 15701 to 15800"
[1] "Chunk time = 1.95795984268188"
[1] "Processing draws 15801 to 15900"
[1] "Chunk time = 1.97798217535019"
[1] "Processing draws 15901 to 16000"
[1] "Chunk time = 2.12422357797623"
[1] "Processing draws 16001 to 16100"
[1] "Chunk time = 1.98663768370946"
[1] "Processing draws 16101 to 16200"
[1] "Chunk time = 2.00675827264786"
[1] "Processing draws 16201 to 16300"
[1] "Chunk time = 2.10635115702947"
[1] "Processing draws 16301 to 16400"
[1] "Chunk time = 2.01626499096553"
[1] "Processing draws 16401 to 16500"
[1] "Chunk time = 1.97693991263707"
[1] "Processing draws 16501 to 16600"
[1] "Chunk time = 2.11247321764628"
[1] "Processing draws 16601 to 16700"
[1] "Chunk time = 1.97913779815038"
[1] "Processing draws 16701 to 16800"
[1] "Chunk time = 2.01683694124222"
[1] "Processing draws 16801 to 16900"
[1] "Chunk time = 2.11180862983068"
[1] "Processing draws 16901 to 17000"
[1] "Chunk time = 1.99918981393178"
[1] "Processing draws 17001 to 17100"
[1] "Chunk time = 1.88840223153432"
[1] "Processing draws 17101 to 17200"
[1] "Chunk time = 2.11364826758703"
[1] "Processing draws 17201 to 17300"
[1] "Chunk time = 1.95437955061595"
[1] "Processing draws 17301 to 17400"
[1] "Chunk time = 1.96728471120199"
[1] "Processing draws 17401 to 17500"
[1] "Chunk time = 2.13219729661942"
[1] "Processing draws 17501 to 17600"
[1] "Chunk time = 2.01389389832815"
[1] "Processing draws 17601 to 17700"
[1] "Chunk time = 1.90633409818014"
[1] "Processing draws 17701 to 17800"
[1] "Chunk time = 2.11325037479401"
[1] "Processing draws 17801 to 17900"
[1] "Chunk time = 1.9474093635877"
[1] "Processing draws 17901 to 18000"
[1] "Chunk time = 2.01120287179947"
[1] "Processing draws 18001 to 18100"
[1] "Chunk time = 2.11656523942947"
[1] "Processing draws 18101 to 18200"
[1] "Chunk time = 1.99657604297002"
[1] "Processing draws 18201 to 18300"
[1] "Chunk time = 1.90820332765579"
[1] "Processing draws 18301 to 18400"
[1] "Chunk time = 2.11821063756943"
[1] "Processing draws 18401 to 18500"
[1] "Chunk time = 1.95313111146291"
[1] "Processing draws 18501 to 18600"
[1] "Chunk time = 1.99826002120972"
[1] "Processing draws 18601 to 18700"
[1] "Chunk time = 2.10865206321081"
[1] "Processing draws 18701 to 18800"
[1] "Chunk time = 2.015578297774"
[1] "Processing draws 18801 to 18900"
[1] "Chunk time = 1.9571420788765"
[1] "Processing draws 18901 to 19000"
[1] "Chunk time = 2.10411343971888"
[1] "Processing draws 19001 to 19100"
[1] "Chunk time = 1.96970110734304"
[1] "Processing draws 19101 to 19200"
[1] "Chunk time = 2.00338477691015"
[1] "Processing draws 19201 to 19300"
[1] "Chunk time = 2.1153645435969"
[1] "Processing draws 19301 to 19400"
[1] "Chunk time = 1.97655911445618"
[1] "Processing draws 19401 to 19500"
[1] "Chunk time = 1.98112160762151"
[1] "Processing draws 19501 to 19600"
[1] "Chunk time = 2.14125580787659"
[1] "Processing draws 19601 to 19700"
[1] "Chunk time = 1.94419807195663"
[1] "Processing draws 19701 to 19800"
[1] "Chunk time = 1.9653201063474"
[1] "Processing draws 19801 to 19900"
[1] "Chunk time = 2.11006554365158"
[1] "Processing draws 19901 to 20000"
[1] "Chunk time = 1.97741582791011"
[1] "done lapplying"
[1] "Saving current params"
[1] "Saving params to output.rds"
[1] TRUE
[1] "Time for modelling:"
[1] "2025-07-03 02:23:12 EDT"
[1] "Time for posterior computations:"
Time difference of 6.823828 hours
[1] "Total time:"
[1] "2025-07-03 09:12:38 EDT"
