[1] "Starting sampling."
Running MCMC with 4 parallel chains, with 4 thread(s) per chain...

Chain 1 Iteration:    1 / 6000 [  0%]  (Warmup) 
Chain 2 Iteration:    1 / 6000 [  0%]  (Warmup) 
Chain 3 Iteration:    1 / 6000 [  0%]  (Warmup) 
Chain 4 Iteration:    1 / 6000 [  0%]  (Warmup) 
Chain 4 Iteration:  100 / 6000 [  1%]  (Warmup) 
Chain 2 Iteration:  100 / 6000 [  1%]  (Warmup) 
Chain 3 Iteration:  100 / 6000 [  1%]  (Warmup) 
Chain 1 Iteration:  100 / 6000 [  1%]  (Warmup) 
Chain 4 Iteration:  200 / 6000 [  3%]  (Warmup) 
Chain 2 Iteration:  200 / 6000 [  3%]  (Warmup) 
Chain 3 Iteration:  200 / 6000 [  3%]  (Warmup) 
Chain 1 Iteration:  200 / 6000 [  3%]  (Warmup) 
Chain 4 Iteration:  300 / 6000 [  5%]  (Warmup) 
Chain 2 Iteration:  300 / 6000 [  5%]  (Warmup) 
Chain 3 Iteration:  300 / 6000 [  5%]  (Warmup) 
Chain 1 Iteration:  300 / 6000 [  5%]  (Warmup) 
Chain 4 Iteration:  400 / 6000 [  6%]  (Warmup) 
Chain 2 Iteration:  400 / 6000 [  6%]  (Warmup) 
Chain 3 Iteration:  400 / 6000 [  6%]  (Warmup) 
Chain 1 Iteration:  400 / 6000 [  6%]  (Warmup) 
Chain 4 Iteration:  500 / 6000 [  8%]  (Warmup) 
Chain 2 Iteration:  500 / 6000 [  8%]  (Warmup) 
Chain 3 Iteration:  500 / 6000 [  8%]  (Warmup) 
Chain 1 Iteration:  500 / 6000 [  8%]  (Warmup) 
Chain 4 Iteration:  600 / 6000 [ 10%]  (Warmup) 
Chain 2 Iteration:  600 / 6000 [ 10%]  (Warmup) 
Chain 3 Iteration:  600 / 6000 [ 10%]  (Warmup) 
Chain 1 Iteration:  600 / 6000 [ 10%]  (Warmup) 
Chain 4 Iteration:  700 / 6000 [ 11%]  (Warmup) 
Chain 2 Iteration:  700 / 6000 [ 11%]  (Warmup) 
Chain 3 Iteration:  700 / 6000 [ 11%]  (Warmup) 
Chain 1 Iteration:  700 / 6000 [ 11%]  (Warmup) 
Chain 4 Iteration:  800 / 6000 [ 13%]  (Warmup) 
Chain 2 Iteration:  800 / 6000 [ 13%]  (Warmup) 
Chain 3 Iteration:  800 / 6000 [ 13%]  (Warmup) 
Chain 1 Iteration:  800 / 6000 [ 13%]  (Warmup) 
Chain 4 Iteration:  900 / 6000 [ 15%]  (Warmup) 
Chain 2 Iteration:  900 / 6000 [ 15%]  (Warmup) 
Chain 3 Iteration:  900 / 6000 [ 15%]  (Warmup) 
Chain 1 Iteration:  900 / 6000 [ 15%]  (Warmup) 
Chain 4 Iteration: 1000 / 6000 [ 16%]  (Warmup) 
Chain 4 Iteration: 1001 / 6000 [ 16%]  (Sampling) 
Chain 2 Iteration: 1000 / 6000 [ 16%]  (Warmup) 
Chain 2 Iteration: 1001 / 6000 [ 16%]  (Sampling) 
Chain 3 Iteration: 1000 / 6000 [ 16%]  (Warmup) 
Chain 3 Iteration: 1001 / 6000 [ 16%]  (Sampling) 
Chain 4 Iteration: 1100 / 6000 [ 18%]  (Sampling) 
Chain 1 Iteration: 1000 / 6000 [ 16%]  (Warmup) 
Chain 1 Iteration: 1001 / 6000 [ 16%]  (Sampling) 
Chain 2 Iteration: 1100 / 6000 [ 18%]  (Sampling) 
Chain 3 Iteration: 1100 / 6000 [ 18%]  (Sampling) 
Chain 4 Iteration: 1200 / 6000 [ 20%]  (Sampling) 
Chain 1 Iteration: 1100 / 6000 [ 18%]  (Sampling) 
Chain 2 Iteration: 1200 / 6000 [ 20%]  (Sampling) 
Chain 3 Iteration: 1200 / 6000 [ 20%]  (Sampling) 
Chain 4 Iteration: 1300 / 6000 [ 21%]  (Sampling) 
Chain 1 Iteration: 1200 / 6000 [ 20%]  (Sampling) 
Chain 2 Iteration: 1300 / 6000 [ 21%]  (Sampling) 
Chain 3 Iteration: 1300 / 6000 [ 21%]  (Sampling) 
Chain 4 Iteration: 1400 / 6000 [ 23%]  (Sampling) 
Chain 1 Iteration: 1300 / 6000 [ 21%]  (Sampling) 
Chain 2 Iteration: 1400 / 6000 [ 23%]  (Sampling) 
Chain 3 Iteration: 1400 / 6000 [ 23%]  (Sampling) 
Chain 4 Iteration: 1500 / 6000 [ 25%]  (Sampling) 
Chain 1 Iteration: 1400 / 6000 [ 23%]  (Sampling) 
Chain 2 Iteration: 1500 / 6000 [ 25%]  (Sampling) 
Chain 3 Iteration: 1500 / 6000 [ 25%]  (Sampling) 
Chain 4 Iteration: 1600 / 6000 [ 26%]  (Sampling) 
Chain 1 Iteration: 1500 / 6000 [ 25%]  (Sampling) 
Chain 2 Iteration: 1600 / 6000 [ 26%]  (Sampling) 
Chain 3 Iteration: 1600 / 6000 [ 26%]  (Sampling) 
Chain 4 Iteration: 1700 / 6000 [ 28%]  (Sampling) 
Chain 1 Iteration: 1600 / 6000 [ 26%]  (Sampling) 
Chain 2 Iteration: 1700 / 6000 [ 28%]  (Sampling) 
Chain 3 Iteration: 1700 / 6000 [ 28%]  (Sampling) 
Chain 4 Iteration: 1800 / 6000 [ 30%]  (Sampling) 
Chain 1 Iteration: 1700 / 6000 [ 28%]  (Sampling) 
Chain 2 Iteration: 1800 / 6000 [ 30%]  (Sampling) 
Chain 3 Iteration: 1800 / 6000 [ 30%]  (Sampling) 
Chain 4 Iteration: 1900 / 6000 [ 31%]  (Sampling) 
Chain 1 Iteration: 1800 / 6000 [ 30%]  (Sampling) 
Chain 2 Iteration: 1900 / 6000 [ 31%]  (Sampling) 
Chain 3 Iteration: 1900 / 6000 [ 31%]  (Sampling) 
Chain 4 Iteration: 2000 / 6000 [ 33%]  (Sampling) 
Chain 1 Iteration: 1900 / 6000 [ 31%]  (Sampling) 
Chain 2 Iteration: 2000 / 6000 [ 33%]  (Sampling) 
Chain 3 Iteration: 2000 / 6000 [ 33%]  (Sampling) 
Chain 4 Iteration: 2100 / 6000 [ 35%]  (Sampling) 
Chain 1 Iteration: 2000 / 6000 [ 33%]  (Sampling) 
Chain 2 Iteration: 2100 / 6000 [ 35%]  (Sampling) 
Chain 3 Iteration: 2100 / 6000 [ 35%]  (Sampling) 
Chain 4 Iteration: 2200 / 6000 [ 36%]  (Sampling) 
Chain 1 Iteration: 2100 / 6000 [ 35%]  (Sampling) 
Chain 2 Iteration: 2200 / 6000 [ 36%]  (Sampling) 
Chain 3 Iteration: 2200 / 6000 [ 36%]  (Sampling) 
Chain 4 Iteration: 2300 / 6000 [ 38%]  (Sampling) 
Chain 1 Iteration: 2200 / 6000 [ 36%]  (Sampling) 
Chain 2 Iteration: 2300 / 6000 [ 38%]  (Sampling) 
Chain 3 Iteration: 2300 / 6000 [ 38%]  (Sampling) 
Chain 4 Iteration: 2400 / 6000 [ 40%]  (Sampling) 
Chain 1 Iteration: 2300 / 6000 [ 38%]  (Sampling) 
Chain 2 Iteration: 2400 / 6000 [ 40%]  (Sampling) 
Chain 3 Iteration: 2400 / 6000 [ 40%]  (Sampling) 
Chain 4 Iteration: 2500 / 6000 [ 41%]  (Sampling) 
Chain 1 Iteration: 2400 / 6000 [ 40%]  (Sampling) 
Chain 2 Iteration: 2500 / 6000 [ 41%]  (Sampling) 
Chain 3 Iteration: 2500 / 6000 [ 41%]  (Sampling) 
Chain 4 Iteration: 2600 / 6000 [ 43%]  (Sampling) 
Chain 1 Iteration: 2500 / 6000 [ 41%]  (Sampling) 
Chain 2 Iteration: 2600 / 6000 [ 43%]  (Sampling) 
Chain 3 Iteration: 2600 / 6000 [ 43%]  (Sampling) 
Chain 4 Iteration: 2700 / 6000 [ 45%]  (Sampling) 
Chain 1 Iteration: 2600 / 6000 [ 43%]  (Sampling) 
Chain 3 Iteration: 2700 / 6000 [ 45%]  (Sampling) 
Chain 2 Iteration: 2700 / 6000 [ 45%]  (Sampling) 
Chain 4 Iteration: 2800 / 6000 [ 46%]  (Sampling) 
Chain 1 Iteration: 2700 / 6000 [ 45%]  (Sampling) 
Chain 3 Iteration: 2800 / 6000 [ 46%]  (Sampling) 
Chain 2 Iteration: 2800 / 6000 [ 46%]  (Sampling) 
Chain 4 Iteration: 2900 / 6000 [ 48%]  (Sampling) 
Chain 1 Iteration: 2800 / 6000 [ 46%]  (Sampling) 
Chain 3 Iteration: 2900 / 6000 [ 48%]  (Sampling) 
Chain 2 Iteration: 2900 / 6000 [ 48%]  (Sampling) 
Chain 4 Iteration: 3000 / 6000 [ 50%]  (Sampling) 
Chain 1 Iteration: 2900 / 6000 [ 48%]  (Sampling) 
Chain 3 Iteration: 3000 / 6000 [ 50%]  (Sampling) 
Chain 2 Iteration: 3000 / 6000 [ 50%]  (Sampling) 
Chain 4 Iteration: 3100 / 6000 [ 51%]  (Sampling) 
Chain 1 Iteration: 3000 / 6000 [ 50%]  (Sampling) 
Chain 2 Iteration: 3100 / 6000 [ 51%]  (Sampling) 
Chain 3 Iteration: 3100 / 6000 [ 51%]  (Sampling) 
Chain 4 Iteration: 3200 / 6000 [ 53%]  (Sampling) 
Chain 1 Iteration: 3100 / 6000 [ 51%]  (Sampling) 
Chain 2 Iteration: 3200 / 6000 [ 53%]  (Sampling) 
Chain 3 Iteration: 3200 / 6000 [ 53%]  (Sampling) 
Chain 4 Iteration: 3300 / 6000 [ 55%]  (Sampling) 
Chain 1 Iteration: 3200 / 6000 [ 53%]  (Sampling) 
Chain 2 Iteration: 3300 / 6000 [ 55%]  (Sampling) 
Chain 3 Iteration: 3300 / 6000 [ 55%]  (Sampling) 
Chain 1 Iteration: 3300 / 6000 [ 55%]  (Sampling) 
Chain 4 Iteration: 3400 / 6000 [ 56%]  (Sampling) 
Chain 2 Iteration: 3400 / 6000 [ 56%]  (Sampling) 
Chain 3 Iteration: 3400 / 6000 [ 56%]  (Sampling) 
Chain 1 Iteration: 3400 / 6000 [ 56%]  (Sampling) 
Chain 4 Iteration: 3500 / 6000 [ 58%]  (Sampling) 
Chain 2 Iteration: 3500 / 6000 [ 58%]  (Sampling) 
Chain 3 Iteration: 3500 / 6000 [ 58%]  (Sampling) 
Chain 1 Iteration: 3500 / 6000 [ 58%]  (Sampling) 
Chain 4 Iteration: 3600 / 6000 [ 60%]  (Sampling) 
Chain 2 Iteration: 3600 / 6000 [ 60%]  (Sampling) 
Chain 3 Iteration: 3600 / 6000 [ 60%]  (Sampling) 
Chain 1 Iteration: 3600 / 6000 [ 60%]  (Sampling) 
Chain 4 Iteration: 3700 / 6000 [ 61%]  (Sampling) 
Chain 2 Iteration: 3700 / 6000 [ 61%]  (Sampling) 
Chain 3 Iteration: 3700 / 6000 [ 61%]  (Sampling) 
Chain 1 Iteration: 3700 / 6000 [ 61%]  (Sampling) 
Chain 4 Iteration: 3800 / 6000 [ 63%]  (Sampling) 
Chain 2 Iteration: 3800 / 6000 [ 63%]  (Sampling) 
Chain 3 Iteration: 3800 / 6000 [ 63%]  (Sampling) 
Chain 1 Iteration: 3800 / 6000 [ 63%]  (Sampling) 
Chain 4 Iteration: 3900 / 6000 [ 65%]  (Sampling) 
Chain 2 Iteration: 3900 / 6000 [ 65%]  (Sampling) 
Chain 3 Iteration: 3900 / 6000 [ 65%]  (Sampling) 
Chain 1 Iteration: 3900 / 6000 [ 65%]  (Sampling) 
Chain 4 Iteration: 4000 / 6000 [ 66%]  (Sampling) 
Chain 2 Iteration: 4000 / 6000 [ 66%]  (Sampling) 
Chain 3 Iteration: 4000 / 6000 [ 66%]  (Sampling) 
Chain 4 Iteration: 4100 / 6000 [ 68%]  (Sampling) 
Chain 1 Iteration: 4000 / 6000 [ 66%]  (Sampling) 
Chain 2 Iteration: 4100 / 6000 [ 68%]  (Sampling) 
Chain 3 Iteration: 4100 / 6000 [ 68%]  (Sampling) 
Chain 1 Iteration: 4100 / 6000 [ 68%]  (Sampling) 
Chain 4 Iteration: 4200 / 6000 [ 70%]  (Sampling) 
Chain 2 Iteration: 4200 / 6000 [ 70%]  (Sampling) 
Chain 3 Iteration: 4200 / 6000 [ 70%]  (Sampling) 
Chain 1 Iteration: 4200 / 6000 [ 70%]  (Sampling) 
Chain 4 Iteration: 4300 / 6000 [ 71%]  (Sampling) 
Chain 2 Iteration: 4300 / 6000 [ 71%]  (Sampling) 
Chain 3 Iteration: 4300 / 6000 [ 71%]  (Sampling) 
Chain 1 Iteration: 4300 / 6000 [ 71%]  (Sampling) 
Chain 4 Iteration: 4400 / 6000 [ 73%]  (Sampling) 
Chain 2 Iteration: 4400 / 6000 [ 73%]  (Sampling) 
Chain 3 Iteration: 4400 / 6000 [ 73%]  (Sampling) 
Chain 1 Iteration: 4400 / 6000 [ 73%]  (Sampling) 
Chain 4 Iteration: 4500 / 6000 [ 75%]  (Sampling) 
Chain 2 Iteration: 4500 / 6000 [ 75%]  (Sampling) 
Chain 3 Iteration: 4500 / 6000 [ 75%]  (Sampling) 
Chain 1 Iteration: 4500 / 6000 [ 75%]  (Sampling) 
Chain 4 Iteration: 4600 / 6000 [ 76%]  (Sampling) 
Chain 2 Iteration: 4600 / 6000 [ 76%]  (Sampling) 
Chain 3 Iteration: 4600 / 6000 [ 76%]  (Sampling) 
Chain 1 Iteration: 4600 / 6000 [ 76%]  (Sampling) 
Chain 4 Iteration: 4700 / 6000 [ 78%]  (Sampling) 
Chain 2 Iteration: 4700 / 6000 [ 78%]  (Sampling) 
Chain 3 Iteration: 4700 / 6000 [ 78%]  (Sampling) 
Chain 1 Iteration: 4700 / 6000 [ 78%]  (Sampling) 
Chain 4 Iteration: 4800 / 6000 [ 80%]  (Sampling) 
Chain 2 Iteration: 4800 / 6000 [ 80%]  (Sampling) 
Chain 3 Iteration: 4800 / 6000 [ 80%]  (Sampling) 
Chain 1 Iteration: 4800 / 6000 [ 80%]  (Sampling) 
Chain 4 Iteration: 4900 / 6000 [ 81%]  (Sampling) 
Chain 2 Iteration: 4900 / 6000 [ 81%]  (Sampling) 
Chain 3 Iteration: 4900 / 6000 [ 81%]  (Sampling) 
Chain 1 Iteration: 4900 / 6000 [ 81%]  (Sampling) 
Chain 4 Iteration: 5000 / 6000 [ 83%]  (Sampling) 
Chain 2 Iteration: 5000 / 6000 [ 83%]  (Sampling) 
Chain 3 Iteration: 5000 / 6000 [ 83%]  (Sampling) 
Chain 1 Iteration: 5000 / 6000 [ 83%]  (Sampling) 
Chain 4 Iteration: 5100 / 6000 [ 85%]  (Sampling) 
Chain 2 Iteration: 5100 / 6000 [ 85%]  (Sampling) 
Chain 3 Iteration: 5100 / 6000 [ 85%]  (Sampling) 
Chain 1 Iteration: 5100 / 6000 [ 85%]  (Sampling) 
Chain 4 Iteration: 5200 / 6000 [ 86%]  (Sampling) 
Chain 2 Iteration: 5200 / 6000 [ 86%]  (Sampling) 
Chain 3 Iteration: 5200 / 6000 [ 86%]  (Sampling) 
Chain 1 Iteration: 5200 / 6000 [ 86%]  (Sampling) 
Chain 4 Iteration: 5300 / 6000 [ 88%]  (Sampling) 
Chain 2 Iteration: 5300 / 6000 [ 88%]  (Sampling) 
Chain 3 Iteration: 5300 / 6000 [ 88%]  (Sampling) 
Chain 1 Iteration: 5300 / 6000 [ 88%]  (Sampling) 
Chain 4 Iteration: 5400 / 6000 [ 90%]  (Sampling) 
Chain 2 Iteration: 5400 / 6000 [ 90%]  (Sampling) 
Chain 3 Iteration: 5400 / 6000 [ 90%]  (Sampling) 
Chain 1 Iteration: 5400 / 6000 [ 90%]  (Sampling) 
Chain 4 Iteration: 5500 / 6000 [ 91%]  (Sampling) 
Chain 2 Iteration: 5500 / 6000 [ 91%]  (Sampling) 
Chain 3 Iteration: 5500 / 6000 [ 91%]  (Sampling) 
Chain 1 Iteration: 5500 / 6000 [ 91%]  (Sampling) 
Chain 4 Iteration: 5600 / 6000 [ 93%]  (Sampling) 
Chain 2 Iteration: 5600 / 6000 [ 93%]  (Sampling) 
Chain 3 Iteration: 5600 / 6000 [ 93%]  (Sampling) 
Chain 1 Iteration: 5600 / 6000 [ 93%]  (Sampling) 
Chain 4 Iteration: 5700 / 6000 [ 95%]  (Sampling) 
Chain 2 Iteration: 5700 / 6000 [ 95%]  (Sampling) 
Chain 3 Iteration: 5700 / 6000 [ 95%]  (Sampling) 
Chain 1 Iteration: 5700 / 6000 [ 95%]  (Sampling) 
Chain 4 Iteration: 5800 / 6000 [ 96%]  (Sampling) 
Chain 2 Iteration: 5800 / 6000 [ 96%]  (Sampling) 
Chain 3 Iteration: 5800 / 6000 [ 96%]  (Sampling) 
Chain 1 Iteration: 5800 / 6000 [ 96%]  (Sampling) 
Chain 4 Iteration: 5900 / 6000 [ 98%]  (Sampling) 
Chain 2 Iteration: 5900 / 6000 [ 98%]  (Sampling) 
Chain 3 Iteration: 5900 / 6000 [ 98%]  (Sampling) 
Chain 1 Iteration: 5900 / 6000 [ 98%]  (Sampling) 
Chain 4 Iteration: 6000 / 6000 [100%]  (Sampling) 
Chain 4 finished in 846.0 seconds.
Chain 2 Iteration: 6000 / 6000 [100%]  (Sampling) 
Chain 2 finished in 849.3 seconds.
Chain 3 Iteration: 6000 / 6000 [100%]  (Sampling) 
Chain 3 finished in 851.8 seconds.
Chain 1 Iteration: 6000 / 6000 [100%]  (Sampling) 
Chain 1 finished in 856.2 seconds.

All 4 chains finished successfully.
Mean chain execution time: 850.8 seconds.
Total execution time: 856.5 seconds.

[1] "Processing draws 1 to 100"
[1] "Chunk time = 39.2741713523865"
[1] "Processing draws 101 to 200"
[1] "Chunk time = 13.9882729053497"
[1] "Processing draws 201 to 300"
[1] "Chunk time = 13.8829383850098"
[1] "Processing draws 301 to 400"
[1] "Chunk time = 13.4297699928284"
[1] "Processing draws 401 to 500"
[1] "Chunk time = 13.4962418079376"
[1] "Processing draws 501 to 600"
[1] "Chunk time = 13.4023106098175"
[1] "Processing draws 601 to 700"
[1] "Chunk time = 13.2566041946411"
[1] "Processing draws 701 to 800"
[1] "Chunk time = 13.378556728363"
[1] "Processing draws 801 to 900"
[1] "Chunk time = 13.5930459499359"
[1] "Processing draws 901 to 1000"
[1] "Chunk time = 13.6237759590149"
[1] "Processing draws 1001 to 1100"
[1] "Chunk time = 13.53267121315"
[1] "Processing draws 1101 to 1200"
[1] "Chunk time = 13.6115577220917"
[1] "Processing draws 1201 to 1300"
[1] "Chunk time = 13.4321212768555"
[1] "Processing draws 1301 to 1400"
[1] "Chunk time = 13.4397406578064"
[1] "Processing draws 1401 to 1500"
[1] "Chunk time = 13.6898121833801"
[1] "Processing draws 1501 to 1600"
[1] "Chunk time = 13.2173230648041"
[1] "Processing draws 1601 to 1700"
[1] "Chunk time = 13.7530357837677"
[1] "Processing draws 1701 to 1800"
[1] "Chunk time = 13.2939496040344"
[1] "Processing draws 1801 to 1900"
[1] "Chunk time = 13.0095868110657"
[1] "Processing draws 1901 to 2000"
[1] "Chunk time = 13.3239405155182"
[1] "Processing draws 2001 to 2100"
[1] "Chunk time = 13.2609722614288"
[1] "Processing draws 2101 to 2200"
[1] "Chunk time = 13.174605846405"
[1] "Processing draws 2201 to 2300"
[1] "Chunk time = 13.1704199314117"
[1] "Processing draws 2301 to 2400"
[1] "Chunk time = 13.2820723056793"
[1] "Processing draws 2401 to 2500"
[1] "Chunk time = 13.1610040664673"
[1] "Processing draws 2501 to 2600"
[1] "Chunk time = 13.1028966903687"
[1] "Processing draws 2601 to 2700"
[1] "Chunk time = 13.313568353653"
[1] "Processing draws 2701 to 2800"
[1] "Chunk time = 13.1358466148376"
[1] "Processing draws 2801 to 2900"
[1] "Chunk time = 13.1781067848206"
[1] "Processing draws 2901 to 3000"
[1] "Chunk time = 13.1704940795898"
[1] "Processing draws 3001 to 3100"
[1] "Chunk time = 13.2500422000885"
[1] "Processing draws 3101 to 3200"
[1] "Chunk time = 13.2844331264496"
[1] "Processing draws 3201 to 3300"
[1] "Chunk time = 13.2255702018738"
[1] "Processing draws 3301 to 3400"
[1] "Chunk time = 13.17911195755"
[1] "Processing draws 3401 to 3500"
[1] "Chunk time = 13.0628204345703"
[1] "Processing draws 3501 to 3600"
[1] "Chunk time = 13.30890417099"
[1] "Processing draws 3601 to 3700"
[1] "Chunk time = 13.1078939437866"
[1] "Processing draws 3701 to 3800"
[1] "Chunk time = 13.2157504558563"
[1] "Processing draws 3801 to 3900"
[1] "Chunk time = 13.3929712772369"
[1] "Processing draws 3901 to 4000"
[1] "Chunk time = 13.1239228248596"
[1] "Processing draws 4001 to 4100"
[1] "Chunk time = 13.4696638584137"
[1] "Processing draws 4101 to 4200"
[1] "Chunk time = 13.1447682380676"
[1] "Processing draws 4201 to 4300"
[1] "Chunk time = 13.2156946659088"
[1] "Processing draws 4301 to 4400"
[1] "Chunk time = 13.1270797252655"
[1] "Processing draws 4401 to 4500"
[1] "Chunk time = 12.9181129932404"
[1] "Processing draws 4501 to 4600"
[1] "Chunk time = 13.2312514781952"
[1] "Processing draws 4601 to 4700"
[1] "Chunk time = 13.1157059669495"
[1] "Processing draws 4701 to 4800"
[1] "Chunk time = 13.31551861763"
[1] "Processing draws 4801 to 4900"
[1] "Chunk time = 13.0410902500153"
[1] "Processing draws 4901 to 5000"
[1] "Chunk time = 13.0031135082245"
[1] "Processing draws 5001 to 5100"
[1] "Chunk time = 12.870192527771"
[1] "Processing draws 5101 to 5200"
[1] "Chunk time = 12.8811030387878"
[1] "Processing draws 5201 to 5300"
[1] "Chunk time = 13.0503787994385"
[1] "Processing draws 5301 to 5400"
[1] "Chunk time = 12.9289875030518"
[1] "Processing draws 5401 to 5500"
[1] "Chunk time = 12.9421632289886"
[1] "Processing draws 5501 to 5600"
[1] "Chunk time = 12.69118475914"
[1] "Processing draws 5601 to 5700"
[1] "Chunk time = 12.9866552352905"
[1] "Processing draws 5701 to 5800"
[1] "Chunk time = 13.0222191810608"
[1] "Processing draws 5801 to 5900"
[1] "Chunk time = 12.9911410808563"
[1] "Processing draws 5901 to 6000"
[1] "Chunk time = 13.1554934978485"
[1] "Processing draws 6001 to 6100"
[1] "Chunk time = 12.9344620704651"
[1] "Processing draws 6101 to 6200"
[1] "Chunk time = 13.1466419696808"
[1] "Processing draws 6201 to 6300"
[1] "Chunk time = 12.9777820110321"
[1] "Processing draws 6301 to 6400"
[1] "Chunk time = 12.8394598960876"
[1] "Processing draws 6401 to 6500"
[1] "Chunk time = 13.0494318008423"
[1] "Processing draws 6501 to 6600"
[1] "Chunk time = 13.0137994289398"
[1] "Processing draws 6601 to 6700"
[1] "Chunk time = 13.0958333015442"
[1] "Processing draws 6701 to 6800"
[1] "Chunk time = 12.8842878341675"
[1] "Processing draws 6801 to 6900"
[1] "Chunk time = 13.1516833305359"
[1] "Processing draws 6901 to 7000"
[1] "Chunk time = 12.8392913341522"
[1] "Processing draws 7001 to 7100"
[1] "Chunk time = 12.90025806427"
[1] "Processing draws 7101 to 7200"
[1] "Chunk time = 13.1431264877319"
[1] "Processing draws 7201 to 7300"
[1] "Chunk time = 12.9513573646545"
[1] "Processing draws 7301 to 7400"
[1] "Chunk time = 13.1020402908325"
[1] "Processing draws 7401 to 7500"
[1] "Chunk time = 13.075012922287"
[1] "Processing draws 7501 to 7600"
[1] "Chunk time = 13.0032823085785"
[1] "Processing draws 7601 to 7700"
[1] "Chunk time = 12.8836872577667"
[1] "Processing draws 7701 to 7800"
[1] "Chunk time = 13.2244555950165"
[1] "Processing draws 7801 to 7900"
[1] "Chunk time = 13.0348210334778"
[1] "Processing draws 7901 to 8000"
[1] "Chunk time = 13.0473110675812"
[1] "Processing draws 8001 to 8100"
[1] "Chunk time = 13.3836984634399"
[1] "Processing draws 8101 to 8200"
[1] "Chunk time = 12.9056470394135"
[1] "Processing draws 8201 to 8300"
[1] "Chunk time = 13.0044887065887"
[1] "Processing draws 8301 to 8400"
[1] "Chunk time = 13.2217812538147"
[1] "Processing draws 8401 to 8500"
[1] "Chunk time = 13.1555652618408"
[1] "Processing draws 8501 to 8600"
[1] "Chunk time = 13.097806930542"
[1] "Processing draws 8601 to 8700"
[1] "Chunk time = 13.1309835910797"
[1] "Processing draws 8701 to 8800"
[1] "Chunk time = 13.5261921882629"
[1] "Processing draws 8801 to 8900"
[1] "Chunk time = 13.5444855690002"
[1] "Processing draws 8901 to 9000"
[1] "Chunk time = 13.3907685279846"
[1] "Processing draws 9001 to 9100"
[1] "Chunk time = 13.4717330932617"
[1] "Processing draws 9101 to 9200"
[1] "Chunk time = 13.3935618400574"
[1] "Processing draws 9201 to 9300"
[1] "Chunk time = 13.5579993724823"
[1] "Processing draws 9301 to 9400"
[1] "Chunk time = 13.6342551708221"
[1] "Processing draws 9401 to 9500"
[1] "Chunk time = 13.511873960495"
[1] "Processing draws 9501 to 9600"
[1] "Chunk time = 13.4422180652618"
[1] "Processing draws 9601 to 9700"
[1] "Chunk time = 13.2790830135345"
[1] "Processing draws 9701 to 9800"
[1] "Chunk time = 13.3127977848053"
[1] "Processing draws 9801 to 9900"
[1] "Chunk time = 13.2284202575684"
[1] "Processing draws 9901 to 10000"
[1] "Chunk time = 13.181572675705"
[1] "Processing draws 10001 to 10100"
[1] "Chunk time = 13.109943151474"
[1] "Processing draws 10101 to 10200"
[1] "Chunk time = 13.4492540359497"
[1] "Processing draws 10201 to 10300"
[1] "Chunk time = 13.0238296985626"
[1] "Processing draws 10301 to 10400"
[1] "Chunk time = 13.0845084190369"
[1] "Processing draws 10401 to 10500"
[1] "Chunk time = 13.3780560493469"
[1] "Processing draws 10501 to 10600"
[1] "Chunk time = 13.0797834396362"
[1] "Processing draws 10601 to 10700"
[1] "Chunk time = 13.3798220157623"
[1] "Processing draws 10701 to 10800"
[1] "Chunk time = 13.3664500713348"
[1] "Processing draws 10801 to 10900"
[1] "Chunk time = 13.1734614372253"
[1] "Processing draws 10901 to 11000"
[1] "Chunk time = 13.4017896652222"
[1] "Processing draws 11001 to 11100"
[1] "Chunk time = 13.3741159439087"
[1] "Processing draws 11101 to 11200"
[1] "Chunk time = 13.631228685379"
[1] "Processing draws 11201 to 11300"
[1] "Chunk time = 13.3659274578094"
[1] "Processing draws 11301 to 11400"
[1] "Chunk time = 13.8706958293915"
[1] "Processing draws 11401 to 11500"
[1] "Chunk time = 13.1136407852173"
[1] "Processing draws 11501 to 11600"
[1] "Chunk time = 13.1935548782349"
[1] "Processing draws 11601 to 11700"
[1] "Chunk time = 13.5783576965332"
[1] "Processing draws 11701 to 11800"
[1] "Chunk time = 13.2916107177734"
[1] "Processing draws 11801 to 11900"
[1] "Chunk time = 13.6343264579773"
[1] "Processing draws 11901 to 12000"
[1] "Chunk time = 13.313734292984"
[1] "Processing draws 12001 to 12100"
[1] "Chunk time = 13.3247640132904"
[1] "Processing draws 12101 to 12200"
[1] "Chunk time = 13.2008757591248"
[1] "Processing draws 12201 to 12300"
[1] "Chunk time = 13.2849833965302"
[1] "Processing draws 12301 to 12400"
[1] "Chunk time = 13.3386733531952"
[1] "Processing draws 12401 to 12500"
[1] "Chunk time = 13.1928136348724"
[1] "Processing draws 12501 to 12600"
[1] "Chunk time = 13.4045233726501"
[1] "Processing draws 12601 to 12700"
[1] "Chunk time = 13.4188544750214"
[1] "Processing draws 12701 to 12800"
[1] "Chunk time = 13.2994351387024"
[1] "Processing draws 12801 to 12900"
[1] "Chunk time = 13.2742264270782"
[1] "Processing draws 12901 to 13000"
[1] "Chunk time = 13.2691321372986"
[1] "Processing draws 13001 to 13100"
[1] "Chunk time = 13.4503571987152"
[1] "Processing draws 13101 to 13200"
[1] "Chunk time = 13.5548455715179"
[1] "Processing draws 13201 to 13300"
[1] "Chunk time = 14.0136275291443"
[1] "Processing draws 13301 to 13400"
[1] "Chunk time = 13.3570342063904"
[1] "Processing draws 13401 to 13500"
[1] "Chunk time = 13.4976809024811"
[1] "Processing draws 13501 to 13600"
[1] "Chunk time = 13.6721343994141"
[1] "Processing draws 13601 to 13700"
[1] "Chunk time = 13.3150701522827"
[1] "Processing draws 13701 to 13800"
[1] "Chunk time = 13.5431838035583"
[1] "Processing draws 13801 to 13900"
[1] "Chunk time = 13.2565891742706"
[1] "Processing draws 13901 to 14000"
[1] "Chunk time = 13.5217130184174"
[1] "Processing draws 14001 to 14100"
[1] "Chunk time = 13.3639755249023"
[1] "Processing draws 14101 to 14200"
[1] "Chunk time = 13.3751494884491"
[1] "Processing draws 14201 to 14300"
[1] "Chunk time = 13.3768546581268"
[1] "Processing draws 14301 to 14400"
[1] "Chunk time = 13.5152914524078"
[1] "Processing draws 14401 to 14500"
[1] "Chunk time = 13.7200555801392"
[1] "Processing draws 14501 to 14600"
[1] "Chunk time = 13.1712758541107"
[1] "Processing draws 14601 to 14700"
[1] "Chunk time = 13.3845691680908"
[1] "Processing draws 14701 to 14800"
[1] "Chunk time = 13.1221373081207"
[1] "Processing draws 14801 to 14900"
[1] "Chunk time = 12.9947595596313"
[1] "Processing draws 14901 to 15000"
[1] "Chunk time = 13.2975981235504"
[1] "Processing draws 15001 to 15100"
[1] "Chunk time = 13.2118935585022"
[1] "Processing draws 15101 to 15200"
[1] "Chunk time = 13.2065346240997"
[1] "Processing draws 15201 to 15300"
[1] "Chunk time = 13.3307251930237"
[1] "Processing draws 15301 to 15400"
[1] "Chunk time = 13.2466843128204"
[1] "Processing draws 15401 to 15500"
[1] "Chunk time = 13.0722267627716"
[1] "Processing draws 15501 to 15600"
[1] "Chunk time = 13.191901922226"
[1] "Processing draws 15601 to 15700"
[1] "Chunk time = 13.3639290332794"
[1] "Processing draws 15701 to 15800"
[1] "Chunk time = 13.3037610054016"
[1] "Processing draws 15801 to 15900"
[1] "Chunk time = 13.6151390075684"
[1] "Processing draws 15901 to 16000"
[1] "Chunk time = 13.1314053535461"
[1] "Processing draws 16001 to 16100"
[1] "Chunk time = 13.1710231304169"
[1] "Processing draws 16101 to 16200"
[1] "Chunk time = 13.4624741077423"
[1] "Processing draws 16201 to 16300"
[1] "Chunk time = 13.292417049408"
[1] "Processing draws 16301 to 16400"
[1] "Chunk time = 13.4208903312683"
[1] "Processing draws 16401 to 16500"
[1] "Chunk time = 13.3390517234802"
[1] "Processing draws 16501 to 16600"
[1] "Chunk time = 13.6785459518433"
[1] "Processing draws 16601 to 16700"
[1] "Chunk time = 13.5990753173828"
[1] "Processing draws 16701 to 16800"
[1] "Chunk time = 13.2414424419403"
[1] "Processing draws 16801 to 16900"
[1] "Chunk time = 13.4597046375275"
[1] "Processing draws 16901 to 17000"
[1] "Chunk time = 13.310366153717"
[1] "Processing draws 17001 to 17100"
[1] "Chunk time = 13.4516513347626"
[1] "Processing draws 17101 to 17200"
[1] "Chunk time = 13.282249212265"
[1] "Processing draws 17201 to 17300"
[1] "Chunk time = 13.2270748615265"
[1] "Processing draws 17301 to 17400"
[1] "Chunk time = 13.3152139186859"
[1] "Processing draws 17401 to 17500"
[1] "Chunk time = 13.2120759487152"
[1] "Processing draws 17501 to 17600"
[1] "Chunk time = 13.5315582752228"
[1] "Processing draws 17601 to 17700"
[1] "Chunk time = 13.4369533061981"
[1] "Processing draws 17701 to 17800"
[1] "Chunk time = 13.6067566871643"
[1] "Processing draws 17801 to 17900"
[1] "Chunk time = 13.2174236774445"
[1] "Processing draws 17901 to 18000"
[1] "Chunk time = 13.4956538677216"
[1] "Processing draws 18001 to 18100"
[1] "Chunk time = 13.1946039199829"
[1] "Processing draws 18101 to 18200"
[1] "Chunk time = 13.2148337364197"
[1] "Processing draws 18201 to 18300"
[1] "Chunk time = 13.5416729450226"
[1] "Processing draws 18301 to 18400"
[1] "Chunk time = 13.303537607193"
[1] "Processing draws 18401 to 18500"
[1] "Chunk time = 13.4705600738525"
[1] "Processing draws 18501 to 18600"
[1] "Chunk time = 13.3853256702423"
[1] "Processing draws 18601 to 18700"
[1] "Chunk time = 13.0647487640381"
[1] "Processing draws 18701 to 18800"
[1] "Chunk time = 13.382838010788"
[1] "Processing draws 18801 to 18900"
[1] "Chunk time = 13.4474489688873"
[1] "Processing draws 18901 to 19000"
[1] "Chunk time = 13.155974149704"
[1] "Processing draws 19001 to 19100"
[1] "Chunk time = 13.2211284637451"
[1] "Processing draws 19101 to 19200"
[1] "Chunk time = 13.6599340438843"
[1] "Processing draws 19201 to 19300"
[1] "Chunk time = 13.0470719337463"
[1] "Processing draws 19301 to 19400"
[1] "Chunk time = 13.1322824954987"
[1] "Processing draws 19401 to 19500"
[1] "Chunk time = 13.4745447635651"
[1] "Processing draws 19501 to 19600"
[1] "Chunk time = 13.1859564781189"
[1] "Processing draws 19601 to 19700"
[1] "Chunk time = 13.4657471179962"
[1] "Processing draws 19701 to 19800"
[1] "Chunk time = 13.11860871315"
[1] "Processing draws 19801 to 19900"
[1] "Chunk time = 13.1662290096283"
[1] "Processing draws 19901 to 20000"
[1] "Chunk time = 13.1671254634857"
[1] "done lapplying"
[1] "Saving current params"
[1] "Saving params to output.rds"
[1] TRUE
