[1] "Starting sampling."
Running MCMC with 4 parallel chains, with 4 thread(s) per chain...

Chain 1 Iteration:    1 / 6000 [  0%]  (Warmup) 
Chain 2 Iteration:    1 / 6000 [  0%]  (Warmup) 
Chain 3 Iteration:    1 / 6000 [  0%]  (Warmup) 
Chain 4 Iteration:    1 / 6000 [  0%]  (Warmup) 
Chain 3 Iteration:  100 / 6000 [  1%]  (Warmup) 
Chain 1 Iteration:  100 / 6000 [  1%]  (Warmup) 
Chain 4 Iteration:  100 / 6000 [  1%]  (Warmup) 
Chain 2 Iteration:  100 / 6000 [  1%]  (Warmup) 
Chain 3 Iteration:  200 / 6000 [  3%]  (Warmup) 
Chain 1 Iteration:  200 / 6000 [  3%]  (Warmup) 
Chain 2 Iteration:  200 / 6000 [  3%]  (Warmup) 
Chain 4 Iteration:  200 / 6000 [  3%]  (Warmup) 
Chain 3 Iteration:  300 / 6000 [  5%]  (Warmup) 
Chain 2 Iteration:  300 / 6000 [  5%]  (Warmup) 
Chain 1 Iteration:  300 / 6000 [  5%]  (Warmup) 
Chain 4 Iteration:  300 / 6000 [  5%]  (Warmup) 
Chain 3 Iteration:  400 / 6000 [  6%]  (Warmup) 
Chain 1 Iteration:  400 / 6000 [  6%]  (Warmup) 
Chain 2 Iteration:  400 / 6000 [  6%]  (Warmup) 
Chain 4 Iteration:  400 / 6000 [  6%]  (Warmup) 
Chain 3 Iteration:  500 / 6000 [  8%]  (Warmup) 
Chain 1 Iteration:  500 / 6000 [  8%]  (Warmup) 
Chain 2 Iteration:  500 / 6000 [  8%]  (Warmup) 
Chain 4 Iteration:  500 / 6000 [  8%]  (Warmup) 
Chain 3 Iteration:  600 / 6000 [ 10%]  (Warmup) 
Chain 1 Iteration:  600 / 6000 [ 10%]  (Warmup) 
Chain 2 Iteration:  600 / 6000 [ 10%]  (Warmup) 
Chain 4 Iteration:  600 / 6000 [ 10%]  (Warmup) 
Chain 3 Iteration:  700 / 6000 [ 11%]  (Warmup) 
Chain 1 Iteration:  700 / 6000 [ 11%]  (Warmup) 
Chain 4 Iteration:  700 / 6000 [ 11%]  (Warmup) 
Chain 2 Iteration:  700 / 6000 [ 11%]  (Warmup) 
Chain 3 Iteration:  800 / 6000 [ 13%]  (Warmup) 
Chain 1 Iteration:  800 / 6000 [ 13%]  (Warmup) 
Chain 4 Iteration:  800 / 6000 [ 13%]  (Warmup) 
Chain 2 Iteration:  800 / 6000 [ 13%]  (Warmup) 
Chain 3 Iteration:  900 / 6000 [ 15%]  (Warmup) 
Chain 1 Iteration:  900 / 6000 [ 15%]  (Warmup) 
Chain 4 Iteration:  900 / 6000 [ 15%]  (Warmup) 
Chain 2 Iteration:  900 / 6000 [ 15%]  (Warmup) 
Chain 1 Iteration: 1000 / 6000 [ 16%]  (Warmup) 
Chain 1 Iteration: 1001 / 6000 [ 16%]  (Sampling) 
Chain 3 Iteration: 1000 / 6000 [ 16%]  (Warmup) 
Chain 3 Iteration: 1001 / 6000 [ 16%]  (Sampling) 
Chain 4 Iteration: 1000 / 6000 [ 16%]  (Warmup) 
Chain 4 Iteration: 1001 / 6000 [ 16%]  (Sampling) 
Chain 2 Iteration: 1000 / 6000 [ 16%]  (Warmup) 
Chain 2 Iteration: 1001 / 6000 [ 16%]  (Sampling) 
Chain 1 Iteration: 1100 / 6000 [ 18%]  (Sampling) 
Chain 4 Iteration: 1100 / 6000 [ 18%]  (Sampling) 
Chain 3 Iteration: 1100 / 6000 [ 18%]  (Sampling) 
Chain 2 Iteration: 1100 / 6000 [ 18%]  (Sampling) 
Chain 1 Iteration: 1200 / 6000 [ 20%]  (Sampling) 
Chain 4 Iteration: 1200 / 6000 [ 20%]  (Sampling) 
Chain 3 Iteration: 1200 / 6000 [ 20%]  (Sampling) 
Chain 1 Iteration: 1300 / 6000 [ 21%]  (Sampling) 
Chain 2 Iteration: 1200 / 6000 [ 20%]  (Sampling) 
Chain 4 Iteration: 1300 / 6000 [ 21%]  (Sampling) 
Chain 3 Iteration: 1300 / 6000 [ 21%]  (Sampling) 
Chain 1 Iteration: 1400 / 6000 [ 23%]  (Sampling) 
Chain 4 Iteration: 1400 / 6000 [ 23%]  (Sampling) 
Chain 2 Iteration: 1300 / 6000 [ 21%]  (Sampling) 
Chain 3 Iteration: 1400 / 6000 [ 23%]  (Sampling) 
Chain 4 Iteration: 1500 / 6000 [ 25%]  (Sampling) 
Chain 2 Iteration: 1400 / 6000 [ 23%]  (Sampling) 
Chain 1 Iteration: 1500 / 6000 [ 25%]  (Sampling) 
Chain 3 Iteration: 1500 / 6000 [ 25%]  (Sampling) 
Chain 4 Iteration: 1600 / 6000 [ 26%]  (Sampling) 
Chain 2 Iteration: 1500 / 6000 [ 25%]  (Sampling) 
Chain 1 Iteration: 1600 / 6000 [ 26%]  (Sampling) 
Chain 3 Iteration: 1600 / 6000 [ 26%]  (Sampling) 
Chain 4 Iteration: 1700 / 6000 [ 28%]  (Sampling) 
Chain 1 Iteration: 1700 / 6000 [ 28%]  (Sampling) 
Chain 2 Iteration: 1600 / 6000 [ 26%]  (Sampling) 
Chain 3 Iteration: 1700 / 6000 [ 28%]  (Sampling) 
Chain 4 Iteration: 1800 / 6000 [ 30%]  (Sampling) 
Chain 1 Iteration: 1800 / 6000 [ 30%]  (Sampling) 
Chain 2 Iteration: 1700 / 6000 [ 28%]  (Sampling) 
Chain 3 Iteration: 1800 / 6000 [ 30%]  (Sampling) 
Chain 4 Iteration: 1900 / 6000 [ 31%]  (Sampling) 
Chain 1 Iteration: 1900 / 6000 [ 31%]  (Sampling) 
Chain 2 Iteration: 1800 / 6000 [ 30%]  (Sampling) 
Chain 4 Iteration: 2000 / 6000 [ 33%]  (Sampling) 
Chain 3 Iteration: 1900 / 6000 [ 31%]  (Sampling) 
Chain 1 Iteration: 2000 / 6000 [ 33%]  (Sampling) 
Chain 2 Iteration: 1900 / 6000 [ 31%]  (Sampling) 
Chain 4 Iteration: 2100 / 6000 [ 35%]  (Sampling) 
Chain 1 Iteration: 2100 / 6000 [ 35%]  (Sampling) 
Chain 3 Iteration: 2000 / 6000 [ 33%]  (Sampling) 
Chain 2 Iteration: 2000 / 6000 [ 33%]  (Sampling) 
Chain 4 Iteration: 2200 / 6000 [ 36%]  (Sampling) 
Chain 1 Iteration: 2200 / 6000 [ 36%]  (Sampling) 
Chain 3 Iteration: 2100 / 6000 [ 35%]  (Sampling) 
Chain 2 Iteration: 2100 / 6000 [ 35%]  (Sampling) 
Chain 4 Iteration: 2300 / 6000 [ 38%]  (Sampling) 
Chain 1 Iteration: 2300 / 6000 [ 38%]  (Sampling) 
Chain 3 Iteration: 2200 / 6000 [ 36%]  (Sampling) 
Chain 4 Iteration: 2400 / 6000 [ 40%]  (Sampling) 
Chain 2 Iteration: 2200 / 6000 [ 36%]  (Sampling) 
Chain 1 Iteration: 2400 / 6000 [ 40%]  (Sampling) 
Chain 3 Iteration: 2300 / 6000 [ 38%]  (Sampling) 
Chain 4 Iteration: 2500 / 6000 [ 41%]  (Sampling) 
Chain 1 Iteration: 2500 / 6000 [ 41%]  (Sampling) 
Chain 2 Iteration: 2300 / 6000 [ 38%]  (Sampling) 
Chain 3 Iteration: 2400 / 6000 [ 40%]  (Sampling) 
Chain 4 Iteration: 2600 / 6000 [ 43%]  (Sampling) 
Chain 1 Iteration: 2600 / 6000 [ 43%]  (Sampling) 
Chain 2 Iteration: 2400 / 6000 [ 40%]  (Sampling) 
Chain 3 Iteration: 2500 / 6000 [ 41%]  (Sampling) 
Chain 4 Iteration: 2700 / 6000 [ 45%]  (Sampling) 
Chain 1 Iteration: 2700 / 6000 [ 45%]  (Sampling) 
Chain 2 Iteration: 2500 / 6000 [ 41%]  (Sampling) 
Chain 3 Iteration: 2600 / 6000 [ 43%]  (Sampling) 
Chain 4 Iteration: 2800 / 6000 [ 46%]  (Sampling) 
Chain 1 Iteration: 2800 / 6000 [ 46%]  (Sampling) 
Chain 2 Iteration: 2600 / 6000 [ 43%]  (Sampling) 
Chain 4 Iteration: 2900 / 6000 [ 48%]  (Sampling) 
Chain 3 Iteration: 2700 / 6000 [ 45%]  (Sampling) 
Chain 1 Iteration: 2900 / 6000 [ 48%]  (Sampling) 
Chain 2 Iteration: 2700 / 6000 [ 45%]  (Sampling) 
Chain 4 Iteration: 3000 / 6000 [ 50%]  (Sampling) 
Chain 3 Iteration: 2800 / 6000 [ 46%]  (Sampling) 
Chain 1 Iteration: 3000 / 6000 [ 50%]  (Sampling) 
Chain 2 Iteration: 2800 / 6000 [ 46%]  (Sampling) 
Chain 4 Iteration: 3100 / 6000 [ 51%]  (Sampling) 
Chain 3 Iteration: 2900 / 6000 [ 48%]  (Sampling) 
Chain 1 Iteration: 3100 / 6000 [ 51%]  (Sampling) 
Chain 2 Iteration: 2900 / 6000 [ 48%]  (Sampling) 
Chain 4 Iteration: 3200 / 6000 [ 53%]  (Sampling) 
Chain 3 Iteration: 3000 / 6000 [ 50%]  (Sampling) 
Chain 1 Iteration: 3200 / 6000 [ 53%]  (Sampling) 
Chain 2 Iteration: 3000 / 6000 [ 50%]  (Sampling) 
Chain 4 Iteration: 3300 / 6000 [ 55%]  (Sampling) 
Chain 3 Iteration: 3100 / 6000 [ 51%]  (Sampling) 
Chain 1 Iteration: 3300 / 6000 [ 55%]  (Sampling) 
Chain 2 Iteration: 3100 / 6000 [ 51%]  (Sampling) 
Chain 4 Iteration: 3400 / 6000 [ 56%]  (Sampling) 
Chain 3 Iteration: 3200 / 6000 [ 53%]  (Sampling) 
Chain 1 Iteration: 3400 / 6000 [ 56%]  (Sampling) 
Chain 2 Iteration: 3200 / 6000 [ 53%]  (Sampling) 
Chain 4 Iteration: 3500 / 6000 [ 58%]  (Sampling) 
Chain 3 Iteration: 3300 / 6000 [ 55%]  (Sampling) 
Chain 1 Iteration: 3500 / 6000 [ 58%]  (Sampling) 
Chain 2 Iteration: 3300 / 6000 [ 55%]  (Sampling) 
Chain 4 Iteration: 3600 / 6000 [ 60%]  (Sampling) 
Chain 3 Iteration: 3400 / 6000 [ 56%]  (Sampling) 
Chain 1 Iteration: 3600 / 6000 [ 60%]  (Sampling) 
Chain 2 Iteration: 3400 / 6000 [ 56%]  (Sampling) 
Chain 4 Iteration: 3700 / 6000 [ 61%]  (Sampling) 
Chain 3 Iteration: 3500 / 6000 [ 58%]  (Sampling) 
Chain 1 Iteration: 3700 / 6000 [ 61%]  (Sampling) 
Chain 2 Iteration: 3500 / 6000 [ 58%]  (Sampling) 
Chain 4 Iteration: 3800 / 6000 [ 63%]  (Sampling) 
Chain 3 Iteration: 3600 / 6000 [ 60%]  (Sampling) 
Chain 1 Iteration: 3800 / 6000 [ 63%]  (Sampling) 
Chain 2 Iteration: 3600 / 6000 [ 60%]  (Sampling) 
Chain 4 Iteration: 3900 / 6000 [ 65%]  (Sampling) 
Chain 3 Iteration: 3700 / 6000 [ 61%]  (Sampling) 
Chain 1 Iteration: 3900 / 6000 [ 65%]  (Sampling) 
Chain 2 Iteration: 3700 / 6000 [ 61%]  (Sampling) 
Chain 4 Iteration: 4000 / 6000 [ 66%]  (Sampling) 
Chain 3 Iteration: 3800 / 6000 [ 63%]  (Sampling) 
Chain 1 Iteration: 4000 / 6000 [ 66%]  (Sampling) 
Chain 2 Iteration: 3800 / 6000 [ 63%]  (Sampling) 
Chain 3 Iteration: 3900 / 6000 [ 65%]  (Sampling) 
Chain 4 Iteration: 4100 / 6000 [ 68%]  (Sampling) 
Chain 1 Iteration: 4100 / 6000 [ 68%]  (Sampling) 
Chain 2 Iteration: 3900 / 6000 [ 65%]  (Sampling) 
Chain 3 Iteration: 4000 / 6000 [ 66%]  (Sampling) 
Chain 4 Iteration: 4200 / 6000 [ 70%]  (Sampling) 
Chain 1 Iteration: 4200 / 6000 [ 70%]  (Sampling) 
Chain 2 Iteration: 4000 / 6000 [ 66%]  (Sampling) 
Chain 3 Iteration: 4100 / 6000 [ 68%]  (Sampling) 
Chain 4 Iteration: 4300 / 6000 [ 71%]  (Sampling) 
Chain 1 Iteration: 4300 / 6000 [ 71%]  (Sampling) 
Chain 2 Iteration: 4100 / 6000 [ 68%]  (Sampling) 
Chain 3 Iteration: 4200 / 6000 [ 70%]  (Sampling) 
Chain 4 Iteration: 4400 / 6000 [ 73%]  (Sampling) 
Chain 1 Iteration: 4400 / 6000 [ 73%]  (Sampling) 
Chain 2 Iteration: 4200 / 6000 [ 70%]  (Sampling) 
Chain 3 Iteration: 4300 / 6000 [ 71%]  (Sampling) 
Chain 4 Iteration: 4500 / 6000 [ 75%]  (Sampling) 
Chain 1 Iteration: 4500 / 6000 [ 75%]  (Sampling) 
Chain 2 Iteration: 4300 / 6000 [ 71%]  (Sampling) 
Chain 3 Iteration: 4400 / 6000 [ 73%]  (Sampling) 
Chain 4 Iteration: 4600 / 6000 [ 76%]  (Sampling) 
Chain 1 Iteration: 4600 / 6000 [ 76%]  (Sampling) 
Chain 2 Iteration: 4400 / 6000 [ 73%]  (Sampling) 
Chain 3 Iteration: 4500 / 6000 [ 75%]  (Sampling) 
Chain 4 Iteration: 4700 / 6000 [ 78%]  (Sampling) 
Chain 1 Iteration: 4700 / 6000 [ 78%]  (Sampling) 
Chain 2 Iteration: 4500 / 6000 [ 75%]  (Sampling) 
Chain 3 Iteration: 4600 / 6000 [ 76%]  (Sampling) 
Chain 4 Iteration: 4800 / 6000 [ 80%]  (Sampling) 
Chain 1 Iteration: 4800 / 6000 [ 80%]  (Sampling) 
Chain 2 Iteration: 4600 / 6000 [ 76%]  (Sampling) 
Chain 3 Iteration: 4700 / 6000 [ 78%]  (Sampling) 
Chain 4 Iteration: 4900 / 6000 [ 81%]  (Sampling) 
Chain 1 Iteration: 4900 / 6000 [ 81%]  (Sampling) 
Chain 2 Iteration: 4700 / 6000 [ 78%]  (Sampling) 
Chain 3 Iteration: 4800 / 6000 [ 80%]  (Sampling) 
Chain 4 Iteration: 5000 / 6000 [ 83%]  (Sampling) 
Chain 1 Iteration: 5000 / 6000 [ 83%]  (Sampling) 
Chain 2 Iteration: 4800 / 6000 [ 80%]  (Sampling) 
Chain 3 Iteration: 4900 / 6000 [ 81%]  (Sampling) 
Chain 4 Iteration: 5100 / 6000 [ 85%]  (Sampling) 
Chain 1 Iteration: 5100 / 6000 [ 85%]  (Sampling) 
Chain 2 Iteration: 4900 / 6000 [ 81%]  (Sampling) 
Chain 3 Iteration: 5000 / 6000 [ 83%]  (Sampling) 
Chain 4 Iteration: 5200 / 6000 [ 86%]  (Sampling) 
Chain 1 Iteration: 5200 / 6000 [ 86%]  (Sampling) 
Chain 2 Iteration: 5000 / 6000 [ 83%]  (Sampling) 
Chain 3 Iteration: 5100 / 6000 [ 85%]  (Sampling) 
Chain 4 Iteration: 5300 / 6000 [ 88%]  (Sampling) 
Chain 1 Iteration: 5300 / 6000 [ 88%]  (Sampling) 
Chain 2 Iteration: 5100 / 6000 [ 85%]  (Sampling) 
Chain 3 Iteration: 5200 / 6000 [ 86%]  (Sampling) 
Chain 4 Iteration: 5400 / 6000 [ 90%]  (Sampling) 
Chain 1 Iteration: 5400 / 6000 [ 90%]  (Sampling) 
Chain 2 Iteration: 5200 / 6000 [ 86%]  (Sampling) 
Chain 3 Iteration: 5300 / 6000 [ 88%]  (Sampling) 
Chain 4 Iteration: 5500 / 6000 [ 91%]  (Sampling) 
Chain 1 Iteration: 5500 / 6000 [ 91%]  (Sampling) 
Chain 2 Iteration: 5300 / 6000 [ 88%]  (Sampling) 
Chain 3 Iteration: 5400 / 6000 [ 90%]  (Sampling) 
Chain 4 Iteration: 5600 / 6000 [ 93%]  (Sampling) 
Chain 1 Iteration: 5600 / 6000 [ 93%]  (Sampling) 
Chain 2 Iteration: 5400 / 6000 [ 90%]  (Sampling) 
Chain 3 Iteration: 5500 / 6000 [ 91%]  (Sampling) 
Chain 4 Iteration: 5700 / 6000 [ 95%]  (Sampling) 
Chain 1 Iteration: 5700 / 6000 [ 95%]  (Sampling) 
Chain 2 Iteration: 5500 / 6000 [ 91%]  (Sampling) 
Chain 3 Iteration: 5600 / 6000 [ 93%]  (Sampling) 
Chain 4 Iteration: 5800 / 6000 [ 96%]  (Sampling) 
Chain 1 Iteration: 5800 / 6000 [ 96%]  (Sampling) 
Chain 2 Iteration: 5600 / 6000 [ 93%]  (Sampling) 
Chain 3 Iteration: 5700 / 6000 [ 95%]  (Sampling) 
Chain 4 Iteration: 5900 / 6000 [ 98%]  (Sampling) 
Chain 1 Iteration: 5900 / 6000 [ 98%]  (Sampling) 
Chain 2 Iteration: 5700 / 6000 [ 95%]  (Sampling) 
Chain 3 Iteration: 5800 / 6000 [ 96%]  (Sampling) 
Chain 4 Iteration: 6000 / 6000 [100%]  (Sampling) 
Chain 4 finished in 19627.7 seconds.
Chain 1 Iteration: 6000 / 6000 [100%]  (Sampling) 
Chain 1 finished in 19669.8 seconds.
Chain 2 Iteration: 5800 / 6000 [ 96%]  (Sampling) 
Chain 3 Iteration: 5900 / 6000 [ 98%]  (Sampling) 
Chain 2 Iteration: 5900 / 6000 [ 98%]  (Sampling) 
Chain 3 Iteration: 6000 / 6000 [100%]  (Sampling) 
Chain 3 finished in 20139.4 seconds.
Chain 2 Iteration: 6000 / 6000 [100%]  (Sampling) 
Chain 2 finished in 20318.9 seconds.

All 4 chains finished successfully.
Mean chain execution time: 19939.0 seconds.
Total execution time: 20319.6 seconds.

[1] "Processing draws 1 to 100"
[1] "Chunk time = 3.25559614896774"
[1] "Processing draws 101 to 200"
[1] "Chunk time = 2.31591973702113"
[1] "Processing draws 201 to 300"
[1] "Chunk time = 2.43392872015635"
[1] "Processing draws 301 to 400"
[1] "Chunk time = 2.11615982453028"
[1] "Processing draws 401 to 500"
[1] "Chunk time = 2.06706213951111"
[1] "Processing draws 501 to 600"
[1] "Chunk time = 2.09480486313502"
[1] "Processing draws 601 to 700"
[1] "Chunk time = 2.12621156374613"
[1] "Processing draws 701 to 800"
[1] "Chunk time = 2.23654371500015"
[1] "Processing draws 801 to 900"
[1] "Chunk time = 2.08967765967051"
[1] "Processing draws 901 to 1000"
[1] "Chunk time = 2.1548802336057"
[1] "Processing draws 1001 to 1100"
[1] "Chunk time = 2.11334366798401"
[1] "Processing draws 1101 to 1200"
[1] "Chunk time = 2.08308695554733"
[1] "Processing draws 1201 to 1300"
[1] "Chunk time = 2.18867250283559"
[1] "Processing draws 1301 to 1400"
[1] "Chunk time = 2.07828019460042"
[1] "Processing draws 1401 to 1500"
[1] "Chunk time = 2.1077528834343"
[1] "Processing draws 1501 to 1600"
[1] "Chunk time = 2.17092342774073"
[1] "Processing draws 1601 to 1700"
[1] "Chunk time = 2.084070845445"
[1] "Processing draws 1701 to 1800"
[1] "Chunk time = 2.09892217715581"
[1] "Processing draws 1801 to 1900"
[1] "Chunk time = 2.17975718577703"
[1] "Processing draws 1901 to 2000"
[1] "Chunk time = 2.13340644439061"
[1] "Processing draws 2001 to 2100"
[1] "Chunk time = 2.07557433048884"
[1] "Processing draws 2101 to 2200"
[1] "Chunk time = 2.15565576553345"
[1] "Processing draws 2201 to 2300"
[1] "Chunk time = 2.05196644465129"
[1] "Processing draws 2301 to 2400"
[1] "Chunk time = 2.05739252567291"
[1] "Processing draws 2401 to 2500"
[1] "Chunk time = 2.11514647404353"
[1] "Processing draws 2501 to 2600"
[1] "Chunk time = 2.07410543759664"
[1] "Processing draws 2601 to 2700"
[1] "Chunk time = 2.07128765980403"
[1] "Processing draws 2701 to 2800"
[1] "Chunk time = 2.19554604291916"
[1] "Processing draws 2801 to 2900"
[1] "Chunk time = 2.07956924835841"
[1] "Processing draws 2901 to 3000"
[1] "Chunk time = 2.04663902521133"
[1] "Processing draws 3001 to 3100"
[1] "Chunk time = 2.16949718395869"
[1] "Processing draws 3101 to 3200"
[1] "Chunk time = 2.19982517957687"
[1] "Processing draws 3201 to 3300"
[1] "Chunk time = 2.18004429737727"
[1] "Processing draws 3301 to 3400"
[1] "Chunk time = 2.16780428489049"
[1] "Processing draws 3401 to 3500"
[1] "Chunk time = 2.09029523134232"
[1] "Processing draws 3501 to 3600"
[1] "Chunk time = 2.04193654855092"
[1] "Processing draws 3601 to 3700"
[1] "Chunk time = 2.1811331709226"
[1] "Processing draws 3701 to 3800"
[1] "Chunk time = 2.07339351971944"
[1] "Processing draws 3801 to 3900"
[1] "Chunk time = 2.03344361782074"
[1] "Processing draws 3901 to 4000"
[1] "Chunk time = 2.20063370068868"
[1] "Processing draws 4001 to 4100"
[1] "Chunk time = 2.0922323346138"
[1] "Processing draws 4101 to 4200"
[1] "Chunk time = 2.04525904258092"
[1] "Processing draws 4201 to 4300"
[1] "Chunk time = 2.167873386542"
[1] "Processing draws 4301 to 4400"
[1] "Chunk time = 2.10080676476161"
[1] "Processing draws 4401 to 4500"
[1] "Chunk time = 2.06702034076055"
[1] "Processing draws 4501 to 4600"
[1] "Chunk time = 2.18481961488724"
[1] "Processing draws 4601 to 4700"
[1] "Chunk time = 2.04848136504491"
[1] "Processing draws 4701 to 4800"
[1] "Chunk time = 2.06588303248088"
[1] "Processing draws 4801 to 4900"
[1] "Chunk time = 2.2200496951739"
[1] "Processing draws 4901 to 5000"
[1] "Chunk time = 2.03475561936696"
[1] "Processing draws 5001 to 5100"
[1] "Chunk time = 2.04914118051529"
[1] "Processing draws 5101 to 5200"
[1] "Chunk time = 2.16810161272685"
[1] "Processing draws 5201 to 5300"
[1] "Chunk time = 2.06525462071101"
[1] "Processing draws 5301 to 5400"
[1] "Chunk time = 2.05347116788228"
[1] "Processing draws 5401 to 5500"
[1] "Chunk time = 2.16685253779093"
[1] "Processing draws 5501 to 5600"
[1] "Chunk time = 2.03474653164546"
[1] "Processing draws 5601 to 5700"
[1] "Chunk time = 2.04184630314509"
[1] "Processing draws 5701 to 5800"
[1] "Chunk time = 2.14774756828944"
[1] "Processing draws 5801 to 5900"
[1] "Chunk time = 2.02335731585821"
[1] "Processing draws 5901 to 6000"
[1] "Chunk time = 2.05507918198903"
[1] "Processing draws 6001 to 6100"
[1] "Chunk time = 2.14972501993179"
[1] "Processing draws 6101 to 6200"
[1] "Chunk time = 2.02605262994766"
[1] "Processing draws 6201 to 6300"
[1] "Chunk time = 2.01335982481639"
[1] "Processing draws 6301 to 6400"
[1] "Chunk time = 2.18500996033351"
[1] "Processing draws 6401 to 6500"
[1] "Chunk time = 2.0334064245224"
[1] "Processing draws 6501 to 6600"
[1] "Chunk time = 2.04293548266093"
[1] "Processing draws 6601 to 6700"
[1] "Chunk time = 2.1765786131223"
[1] "Processing draws 6701 to 6800"
[1] "Chunk time = 2.05481615861257"
[1] "Processing draws 6801 to 6900"
[1] "Chunk time = 2.01653302510579"
[1] "Processing draws 6901 to 7000"
[1] "Chunk time = 2.16729903618495"
[1] "Processing draws 7001 to 7100"
[1] "Chunk time = 2.0307453751564"
[1] "Processing draws 7101 to 7200"
[1] "Chunk time = 2.02355190912882"
[1] "Processing draws 7201 to 7300"
[1] "Chunk time = 2.14601897398631"
[1] "Processing draws 7301 to 7400"
[1] "Chunk time = 2.03405431509018"
[1] "Processing draws 7401 to 7500"
[1] "Chunk time = 2.01011213858922"
[1] "Processing draws 7501 to 7600"
[1] "Chunk time = 2.14562257925669"
[1] "Processing draws 7601 to 7700"
[1] "Chunk time = 2.07007462580999"
[1] "Processing draws 7701 to 7800"
[1] "Chunk time = 1.99766019582748"
[1] "Processing draws 7801 to 7900"
[1] "Chunk time = 2.13658357461294"
[1] "Processing draws 7901 to 8000"
[1] "Chunk time = 2.00068846146266"
[1] "Processing draws 8001 to 8100"
[1] "Chunk time = 2.04626483519872"
[1] "Processing draws 8101 to 8200"
[1] "Chunk time = 2.12406218449275"
[1] "Processing draws 8201 to 8300"
[1] "Chunk time = 2.07188061475754"
[1] "Processing draws 8301 to 8400"
[1] "Chunk time = 1.97859932184219"
[1] "Processing draws 8401 to 8500"
[1] "Chunk time = 2.13793695767721"
[1] "Processing draws 8501 to 8600"
[1] "Chunk time = 1.98186883131663"
[1] "Processing draws 8601 to 8700"
[1] "Chunk time = 1.98372023105621"
[1] "Processing draws 8701 to 8800"
[1] "Chunk time = 2.14529180924098"
[1] "Processing draws 8801 to 8900"
[1] "Chunk time = 2.0804599960645"
[1] "Processing draws 8901 to 9000"
[1] "Chunk time = 2.10206572214762"
[1] "Processing draws 9001 to 9100"
[1] "Chunk time = 2.17944353421529"
[1] "Processing draws 9101 to 9200"
[1] "Chunk time = 2.09750876824061"
[1] "Processing draws 9201 to 9300"
[1] "Chunk time = 2.05282181501389"
[1] "Processing draws 9301 to 9400"
[1] "Chunk time = 2.21016352971395"
[1] "Processing draws 9401 to 9500"
[1] "Chunk time = 2.07457692623138"
[1] "Processing draws 9501 to 9600"
[1] "Chunk time = 2.10605491399765"
[1] "Processing draws 9601 to 9700"
[1] "Chunk time = 2.18449090719223"
[1] "Processing draws 9701 to 9800"
[1] "Chunk time = 2.06328416665395"
[1] "Processing draws 9801 to 9900"
[1] "Chunk time = 2.04286212921143"
[1] "Processing draws 9901 to 10000"
[1] "Chunk time = 2.22195134162903"
[1] "Processing draws 10001 to 10100"
[1] "Chunk time = 2.06457804441452"
[1] "Processing draws 10101 to 10200"
[1] "Chunk time = 2.01381080150604"
[1] "Processing draws 10201 to 10300"
[1] "Chunk time = 2.16501341660817"
[1] "Processing draws 10301 to 10400"
[1] "Chunk time = 2.04299479722977"
[1] "Processing draws 10401 to 10500"
[1] "Chunk time = 2.02328290541967"
[1] "Processing draws 10501 to 10600"
[1] "Chunk time = 2.15862283309301"
[1] "Processing draws 10601 to 10700"
[1] "Chunk time = 2.05390234390895"
[1] "Processing draws 10701 to 10800"
[1] "Chunk time = 2.0445485830307"
[1] "Processing draws 10801 to 10900"
[1] "Chunk time = 2.17581156094869"
[1] "Processing draws 10901 to 11000"
[1] "Chunk time = 2.02991390625636"
[1] "Processing draws 11001 to 11100"
[1] "Chunk time = 2.00115246375402"
[1] "Processing draws 11101 to 11200"
[1] "Chunk time = 2.15286610126495"
[1] "Processing draws 11201 to 11300"
[1] "Chunk time = 2.00654714902242"
[1] "Processing draws 11301 to 11400"
[1] "Chunk time = 2.00324294567108"
[1] "Processing draws 11401 to 11500"
[1] "Chunk time = 2.09358816544215"
[1] "Processing draws 11501 to 11600"
[1] "Chunk time = 2.03310769001643"
[1] "Processing draws 11601 to 11700"
[1] "Chunk time = 2.00333424011866"
[1] "Processing draws 11701 to 11800"
[1] "Chunk time = 2.1379872639974"
[1] "Processing draws 11801 to 11900"
[1] "Chunk time = 1.98895002603531"
[1] "Processing draws 11901 to 12000"
[1] "Chunk time = 1.93540037870407"
[1] "Processing draws 12001 to 12100"
[1] "Chunk time = 2.08055597146352"
[1] "Processing draws 12101 to 12200"
[1] "Chunk time = 1.93522057533264"
[1] "Processing draws 12201 to 12300"
[1] "Chunk time = 1.94155412515004"
[1] "Processing draws 12301 to 12400"
[1] "Chunk time = 2.07470522721608"
[1] "Processing draws 12401 to 12500"
[1] "Chunk time = 1.96680196921031"
[1] "Processing draws 12501 to 12600"
[1] "Chunk time = 1.93984717130661"
[1] "Processing draws 12601 to 12700"
[1] "Chunk time = 2.07310183445613"
[1] "Processing draws 12701 to 12800"
[1] "Chunk time = 1.91849465767543"
[1] "Processing draws 12801 to 12900"
[1] "Chunk time = 1.93513408104579"
[1] "Processing draws 12901 to 13000"
[1] "Chunk time = 2.07035473982493"
[1] "Processing draws 13001 to 13100"
[1] "Chunk time = 1.92092753251394"
[1] "Processing draws 13101 to 13200"
[1] "Chunk time = 1.97060944636663"
[1] "Processing draws 13201 to 13300"
[1] "Chunk time = 2.00832520723343"
[1] "Processing draws 13301 to 13400"
[1] "Chunk time = 1.91569987535477"
[1] "Processing draws 13401 to 13500"
[1] "Chunk time = 1.89830825726191"
[1] "Processing draws 13501 to 13600"
[1] "Chunk time = 2.02539790471395"
[1] "Processing draws 13601 to 13700"
[1] "Chunk time = 1.94670943419139"
[1] "Processing draws 13701 to 13800"
[1] "Chunk time = 1.89727307955424"
[1] "Processing draws 13801 to 13900"
[1] "Chunk time = 2.00574989318848"
[1] "Processing draws 13901 to 14000"
[1] "Chunk time = 1.91603276729584"
[1] "Processing draws 14001 to 14100"
[1] "Chunk time = 1.92806198596954"
[1] "Processing draws 14101 to 14200"
[1] "Chunk time = 2.00245394309362"
[1] "Processing draws 14201 to 14300"
[1] "Chunk time = 1.91301246881485"
[1] "Processing draws 14301 to 14400"
[1] "Chunk time = 1.90047756433487"
[1] "Processing draws 14401 to 14500"
[1] "Chunk time = 2.00214060147603"
[1] "Processing draws 14501 to 14600"
[1] "Chunk time = 1.97137497663498"
[1] "Processing draws 14601 to 14700"
[1] "Chunk time = 1.90328041315079"
[1] "Processing draws 14701 to 14800"
[1] "Chunk time = 2.06646911303202"
[1] "Processing draws 14801 to 14900"
[1] "Chunk time = 1.93011164665222"
[1] "Processing draws 14901 to 15000"
[1] "Chunk time = 1.90492157936096"
[1] "Processing draws 15001 to 15100"
[1] "Chunk time = 2.062662144502"
[1] "Processing draws 15101 to 15200"
[1] "Chunk time = 1.90407474835714"
[1] "Processing draws 15201 to 15300"
[1] "Chunk time = 1.9645432750384"
[1] "Processing draws 15301 to 15400"
[1] "Chunk time = 2.04995065132777"
[1] "Processing draws 15401 to 15500"
[1] "Chunk time = 1.92829934755961"
[1] "Processing draws 15501 to 15600"
[1] "Chunk time = 1.89691034952799"
[1] "Processing draws 15601 to 15700"
[1] "Chunk time = 2.04741563399633"
[1] "Processing draws 15701 to 15800"
[1] "Chunk time = 1.94148721297582"
[1] "Processing draws 15801 to 15900"
[1] "Chunk time = 1.96604524453481"
[1] "Processing draws 15901 to 16000"
[1] "Chunk time = 2.05488929351171"
[1] "Processing draws 16001 to 16100"
[1] "Chunk time = 1.93974475463231"
[1] "Processing draws 16101 to 16200"
[1] "Chunk time = 1.89308936198552"
[1] "Processing draws 16201 to 16300"
[1] "Chunk time = 2.07482259670893"
[1] "Processing draws 16301 to 16400"
[1] "Chunk time = 1.91244331598282"
[1] "Processing draws 16401 to 16500"
[1] "Chunk time = 1.95113405783971"
[1] "Processing draws 16501 to 16600"
[1] "Chunk time = 2.06218047539393"
[1] "Processing draws 16601 to 16700"
[1] "Chunk time = 1.96469184160233"
[1] "Processing draws 16701 to 16800"
[1] "Chunk time = 1.92543329795202"
[1] "Processing draws 16801 to 16900"
[1] "Chunk time = 2.065274254481"
[1] "Processing draws 16901 to 17000"
[1] "Chunk time = 1.90667967398961"
[1] "Processing draws 17001 to 17100"
[1] "Chunk time = 1.91464103460312"
[1] "Processing draws 17101 to 17200"
[1] "Chunk time = 2.07521651585897"
[1] "Processing draws 17201 to 17300"
[1] "Chunk time = 1.97344800631205"
[1] "Processing draws 17301 to 17400"
[1] "Chunk time = 1.98668654362361"
[1] "Processing draws 17401 to 17500"
[1] "Chunk time = 2.04066193501155"
[1] "Processing draws 17501 to 17600"
[1] "Chunk time = 1.92654437621435"
[1] "Processing draws 17601 to 17700"
[1] "Chunk time = 1.9312836488088"
[1] "Processing draws 17701 to 17800"
[1] "Chunk time = 2.04314906597137"
[1] "Processing draws 17801 to 17900"
[1] "Chunk time = 1.94966715971629"
[1] "Processing draws 17901 to 18000"
[1] "Chunk time = 1.90080711444219"
[1] "Processing draws 18001 to 18100"
[1] "Chunk time = 2.05192953745524"
[1] "Processing draws 18101 to 18200"
[1] "Chunk time = 1.93154306014379"
[1] "Processing draws 18201 to 18300"
[1] "Chunk time = 1.89098294576009"
[1] "Processing draws 18301 to 18400"
[1] "Chunk time = 2.05345437526703"
[1] "Processing draws 18401 to 18500"
[1] "Chunk time = 1.96887939771016"
[1] "Processing draws 18501 to 18600"
[1] "Chunk time = 1.98059900204341"
[1] "Processing draws 18601 to 18700"
[1] "Chunk time = 2.07944785753886"
[1] "Processing draws 18701 to 18800"
[1] "Chunk time = 1.96501287619273"
[1] "Processing draws 18801 to 18900"
[1] "Chunk time = 1.93225303888321"
[1] "Processing draws 18901 to 19000"
[1] "Chunk time = 1.90293689568837"
[1] "Processing draws 19001 to 19100"
[1] "Chunk time = 1.88850639661153"
[1] "Processing draws 19101 to 19200"
[1] "Chunk time = 1.90400152603785"
[1] "Processing draws 19201 to 19300"
[1] "Chunk time = 1.94194789727529"
[1] "Processing draws 19301 to 19400"
[1] "Chunk time = 1.96662786801656"
[1] "Processing draws 19401 to 19500"
[1] "Chunk time = 1.95513040622075"
[1] "Processing draws 19501 to 19600"
[1] "Chunk time = 2.0629452029864"
[1] "Processing draws 19601 to 19700"
[1] "Chunk time = 1.93863032261531"
[1] "Processing draws 19701 to 19800"
[1] "Chunk time = 1.89980280001958"
[1] "Processing draws 19801 to 19900"
[1] "Chunk time = 2.05095920562744"
[1] "Processing draws 19901 to 20000"
[1] "Chunk time = 1.90616017977397"
[1] "done lapplying"
[1] "Saving current params"
[1] "Saving params to output.rds"
[1] TRUE
[1] "Time for modelling:"
[1] "2025-07-03 00:17:47 EDT"
[1] "Time for posterior computations:"
Time difference of 6.855027 hours
[1] "Total time:"
[1] "2025-07-03 07:09:05 EDT"
