[1] "Starting sampling."
Running MCMC with 4 parallel chains, with 4 thread(s) per chain...

Chain 1 Iteration:    1 / 6000 [  0%]  (Warmup) 
Chain 2 Iteration:    1 / 6000 [  0%]  (Warmup) 
Chain 3 Iteration:    1 / 6000 [  0%]  (Warmup) 
Chain 4 Iteration:    1 / 6000 [  0%]  (Warmup) 
Chain 1 Iteration:  100 / 6000 [  1%]  (Warmup) 
Chain 4 Iteration:  100 / 6000 [  1%]  (Warmup) 
Chain 3 Iteration:  100 / 6000 [  1%]  (Warmup) 
Chain 2 Iteration:  100 / 6000 [  1%]  (Warmup) 
Chain 1 Iteration:  200 / 6000 [  3%]  (Warmup) 
Chain 4 Iteration:  200 / 6000 [  3%]  (Warmup) 
Chain 3 Iteration:  200 / 6000 [  3%]  (Warmup) 
Chain 2 Iteration:  200 / 6000 [  3%]  (Warmup) 
Chain 1 Iteration:  300 / 6000 [  5%]  (Warmup) 
Chain 4 Iteration:  300 / 6000 [  5%]  (Warmup) 
Chain 3 Iteration:  300 / 6000 [  5%]  (Warmup) 
Chain 2 Iteration:  300 / 6000 [  5%]  (Warmup) 
Chain 1 Iteration:  400 / 6000 [  6%]  (Warmup) 
Chain 4 Iteration:  400 / 6000 [  6%]  (Warmup) 
Chain 3 Iteration:  400 / 6000 [  6%]  (Warmup) 
Chain 1 Iteration:  500 / 6000 [  8%]  (Warmup) 
Chain 2 Iteration:  400 / 6000 [  6%]  (Warmup) 
Chain 4 Iteration:  500 / 6000 [  8%]  (Warmup) 
Chain 3 Iteration:  500 / 6000 [  8%]  (Warmup) 
Chain 1 Iteration:  600 / 6000 [ 10%]  (Warmup) 
Chain 4 Iteration:  600 / 6000 [ 10%]  (Warmup) 
Chain 2 Iteration:  500 / 6000 [  8%]  (Warmup) 
Chain 3 Iteration:  600 / 6000 [ 10%]  (Warmup) 
Chain 4 Iteration:  700 / 6000 [ 11%]  (Warmup) 
Chain 1 Iteration:  700 / 6000 [ 11%]  (Warmup) 
Chain 3 Iteration:  700 / 6000 [ 11%]  (Warmup) 
Chain 2 Iteration:  600 / 6000 [ 10%]  (Warmup) 
Chain 4 Iteration:  800 / 6000 [ 13%]  (Warmup) 
Chain 1 Iteration:  800 / 6000 [ 13%]  (Warmup) 
Chain 3 Iteration:  800 / 6000 [ 13%]  (Warmup) 
Chain 2 Iteration:  700 / 6000 [ 11%]  (Warmup) 
Chain 4 Iteration:  900 / 6000 [ 15%]  (Warmup) 
Chain 1 Iteration:  900 / 6000 [ 15%]  (Warmup) 
Chain 3 Iteration:  900 / 6000 [ 15%]  (Warmup) 
Chain 2 Iteration:  800 / 6000 [ 13%]  (Warmup) 
Chain 4 Iteration: 1000 / 6000 [ 16%]  (Warmup) 
Chain 4 Iteration: 1001 / 6000 [ 16%]  (Sampling) 
Chain 1 Iteration: 1000 / 6000 [ 16%]  (Warmup) 
Chain 1 Iteration: 1001 / 6000 [ 16%]  (Sampling) 
Chain 3 Iteration: 1000 / 6000 [ 16%]  (Warmup) 
Chain 3 Iteration: 1001 / 6000 [ 16%]  (Sampling) 
Chain 2 Iteration:  900 / 6000 [ 15%]  (Warmup) 
Chain 4 Iteration: 1100 / 6000 [ 18%]  (Sampling) 
Chain 1 Iteration: 1100 / 6000 [ 18%]  (Sampling) 
Chain 3 Iteration: 1100 / 6000 [ 18%]  (Sampling) 
Chain 2 Iteration: 1000 / 6000 [ 16%]  (Warmup) 
Chain 2 Iteration: 1001 / 6000 [ 16%]  (Sampling) 
Chain 4 Iteration: 1200 / 6000 [ 20%]  (Sampling) 
Chain 1 Iteration: 1200 / 6000 [ 20%]  (Sampling) 
Chain 3 Iteration: 1200 / 6000 [ 20%]  (Sampling) 
Chain 2 Iteration: 1100 / 6000 [ 18%]  (Sampling) 
Chain 4 Iteration: 1300 / 6000 [ 21%]  (Sampling) 
Chain 1 Iteration: 1300 / 6000 [ 21%]  (Sampling) 
Chain 3 Iteration: 1300 / 6000 [ 21%]  (Sampling) 
Chain 2 Iteration: 1200 / 6000 [ 20%]  (Sampling) 
Chain 4 Iteration: 1400 / 6000 [ 23%]  (Sampling) 
Chain 1 Iteration: 1400 / 6000 [ 23%]  (Sampling) 
Chain 3 Iteration: 1400 / 6000 [ 23%]  (Sampling) 
Chain 2 Iteration: 1300 / 6000 [ 21%]  (Sampling) 
Chain 1 Iteration: 1500 / 6000 [ 25%]  (Sampling) 
Chain 4 Iteration: 1500 / 6000 [ 25%]  (Sampling) 
Chain 3 Iteration: 1500 / 6000 [ 25%]  (Sampling) 
Chain 2 Iteration: 1400 / 6000 [ 23%]  (Sampling) 
Chain 1 Iteration: 1600 / 6000 [ 26%]  (Sampling) 
Chain 4 Iteration: 1600 / 6000 [ 26%]  (Sampling) 
Chain 3 Iteration: 1600 / 6000 [ 26%]  (Sampling) 
Chain 2 Iteration: 1500 / 6000 [ 25%]  (Sampling) 
Chain 1 Iteration: 1700 / 6000 [ 28%]  (Sampling) 
Chain 4 Iteration: 1700 / 6000 [ 28%]  (Sampling) 
Chain 3 Iteration: 1700 / 6000 [ 28%]  (Sampling) 
Chain 2 Iteration: 1600 / 6000 [ 26%]  (Sampling) 
Chain 1 Iteration: 1800 / 6000 [ 30%]  (Sampling) 
Chain 4 Iteration: 1800 / 6000 [ 30%]  (Sampling) 
Chain 3 Iteration: 1800 / 6000 [ 30%]  (Sampling) 
Chain 2 Iteration: 1700 / 6000 [ 28%]  (Sampling) 
Chain 1 Iteration: 1900 / 6000 [ 31%]  (Sampling) 
Chain 4 Iteration: 1900 / 6000 [ 31%]  (Sampling) 
Chain 3 Iteration: 1900 / 6000 [ 31%]  (Sampling) 
Chain 2 Iteration: 1800 / 6000 [ 30%]  (Sampling) 
Chain 1 Iteration: 2000 / 6000 [ 33%]  (Sampling) 
Chain 4 Iteration: 2000 / 6000 [ 33%]  (Sampling) 
Chain 3 Iteration: 2000 / 6000 [ 33%]  (Sampling) 
Chain 2 Iteration: 1900 / 6000 [ 31%]  (Sampling) 
Chain 1 Iteration: 2100 / 6000 [ 35%]  (Sampling) 
Chain 4 Iteration: 2100 / 6000 [ 35%]  (Sampling) 
Chain 3 Iteration: 2100 / 6000 [ 35%]  (Sampling) 
Chain 2 Iteration: 2000 / 6000 [ 33%]  (Sampling) 
Chain 1 Iteration: 2200 / 6000 [ 36%]  (Sampling) 
Chain 4 Iteration: 2200 / 6000 [ 36%]  (Sampling) 
Chain 3 Iteration: 2200 / 6000 [ 36%]  (Sampling) 
Chain 2 Iteration: 2100 / 6000 [ 35%]  (Sampling) 
Chain 1 Iteration: 2300 / 6000 [ 38%]  (Sampling) 
Chain 4 Iteration: 2300 / 6000 [ 38%]  (Sampling) 
Chain 3 Iteration: 2300 / 6000 [ 38%]  (Sampling) 
Chain 2 Iteration: 2200 / 6000 [ 36%]  (Sampling) 
Chain 1 Iteration: 2400 / 6000 [ 40%]  (Sampling) 
Chain 4 Iteration: 2400 / 6000 [ 40%]  (Sampling) 
Chain 3 Iteration: 2400 / 6000 [ 40%]  (Sampling) 
Chain 2 Iteration: 2300 / 6000 [ 38%]  (Sampling) 
Chain 1 Iteration: 2500 / 6000 [ 41%]  (Sampling) 
Chain 4 Iteration: 2500 / 6000 [ 41%]  (Sampling) 
Chain 3 Iteration: 2500 / 6000 [ 41%]  (Sampling) 
Chain 2 Iteration: 2400 / 6000 [ 40%]  (Sampling) 
Chain 1 Iteration: 2600 / 6000 [ 43%]  (Sampling) 
Chain 4 Iteration: 2600 / 6000 [ 43%]  (Sampling) 
Chain 3 Iteration: 2600 / 6000 [ 43%]  (Sampling) 
Chain 2 Iteration: 2500 / 6000 [ 41%]  (Sampling) 
Chain 1 Iteration: 2700 / 6000 [ 45%]  (Sampling) 
Chain 4 Iteration: 2700 / 6000 [ 45%]  (Sampling) 
Chain 3 Iteration: 2700 / 6000 [ 45%]  (Sampling) 
Chain 2 Iteration: 2600 / 6000 [ 43%]  (Sampling) 
Chain 1 Iteration: 2800 / 6000 [ 46%]  (Sampling) 
Chain 4 Iteration: 2800 / 6000 [ 46%]  (Sampling) 
Chain 3 Iteration: 2800 / 6000 [ 46%]  (Sampling) 
Chain 2 Iteration: 2700 / 6000 [ 45%]  (Sampling) 
Chain 1 Iteration: 2900 / 6000 [ 48%]  (Sampling) 
Chain 4 Iteration: 2900 / 6000 [ 48%]  (Sampling) 
Chain 3 Iteration: 2900 / 6000 [ 48%]  (Sampling) 
Chain 2 Iteration: 2800 / 6000 [ 46%]  (Sampling) 
Chain 1 Iteration: 3000 / 6000 [ 50%]  (Sampling) 
Chain 4 Iteration: 3000 / 6000 [ 50%]  (Sampling) 
Chain 3 Iteration: 3000 / 6000 [ 50%]  (Sampling) 
Chain 2 Iteration: 2900 / 6000 [ 48%]  (Sampling) 
Chain 1 Iteration: 3100 / 6000 [ 51%]  (Sampling) 
Chain 4 Iteration: 3100 / 6000 [ 51%]  (Sampling) 
Chain 3 Iteration: 3100 / 6000 [ 51%]  (Sampling) 
Chain 2 Iteration: 3000 / 6000 [ 50%]  (Sampling) 
Chain 1 Iteration: 3200 / 6000 [ 53%]  (Sampling) 
Chain 4 Iteration: 3200 / 6000 [ 53%]  (Sampling) 
Chain 3 Iteration: 3200 / 6000 [ 53%]  (Sampling) 
Chain 2 Iteration: 3100 / 6000 [ 51%]  (Sampling) 
Chain 1 Iteration: 3300 / 6000 [ 55%]  (Sampling) 
Chain 4 Iteration: 3300 / 6000 [ 55%]  (Sampling) 
Chain 3 Iteration: 3300 / 6000 [ 55%]  (Sampling) 
Chain 2 Iteration: 3200 / 6000 [ 53%]  (Sampling) 
Chain 1 Iteration: 3400 / 6000 [ 56%]  (Sampling) 
Chain 4 Iteration: 3400 / 6000 [ 56%]  (Sampling) 
Chain 3 Iteration: 3400 / 6000 [ 56%]  (Sampling) 
Chain 2 Iteration: 3300 / 6000 [ 55%]  (Sampling) 
Chain 1 Iteration: 3500 / 6000 [ 58%]  (Sampling) 
Chain 4 Iteration: 3500 / 6000 [ 58%]  (Sampling) 
Chain 3 Iteration: 3500 / 6000 [ 58%]  (Sampling) 
Chain 2 Iteration: 3400 / 6000 [ 56%]  (Sampling) 
Chain 1 Iteration: 3600 / 6000 [ 60%]  (Sampling) 
Chain 4 Iteration: 3600 / 6000 [ 60%]  (Sampling) 
Chain 3 Iteration: 3600 / 6000 [ 60%]  (Sampling) 
Chain 2 Iteration: 3500 / 6000 [ 58%]  (Sampling) 
Chain 1 Iteration: 3700 / 6000 [ 61%]  (Sampling) 
Chain 4 Iteration: 3700 / 6000 [ 61%]  (Sampling) 
Chain 3 Iteration: 3700 / 6000 [ 61%]  (Sampling) 
Chain 2 Iteration: 3600 / 6000 [ 60%]  (Sampling) 
Chain 1 Iteration: 3800 / 6000 [ 63%]  (Sampling) 
Chain 4 Iteration: 3800 / 6000 [ 63%]  (Sampling) 
Chain 3 Iteration: 3800 / 6000 [ 63%]  (Sampling) 
Chain 2 Iteration: 3700 / 6000 [ 61%]  (Sampling) 
Chain 1 Iteration: 3900 / 6000 [ 65%]  (Sampling) 
Chain 4 Iteration: 3900 / 6000 [ 65%]  (Sampling) 
Chain 3 Iteration: 3900 / 6000 [ 65%]  (Sampling) 
Chain 2 Iteration: 3800 / 6000 [ 63%]  (Sampling) 
Chain 1 Iteration: 4000 / 6000 [ 66%]  (Sampling) 
Chain 4 Iteration: 4000 / 6000 [ 66%]  (Sampling) 
Chain 3 Iteration: 4000 / 6000 [ 66%]  (Sampling) 
Chain 2 Iteration: 3900 / 6000 [ 65%]  (Sampling) 
Chain 1 Iteration: 4100 / 6000 [ 68%]  (Sampling) 
Chain 4 Iteration: 4100 / 6000 [ 68%]  (Sampling) 
Chain 3 Iteration: 4100 / 6000 [ 68%]  (Sampling) 
Chain 2 Iteration: 4000 / 6000 [ 66%]  (Sampling) 
Chain 1 Iteration: 4200 / 6000 [ 70%]  (Sampling) 
Chain 4 Iteration: 4200 / 6000 [ 70%]  (Sampling) 
Chain 3 Iteration: 4200 / 6000 [ 70%]  (Sampling) 
Chain 2 Iteration: 4100 / 6000 [ 68%]  (Sampling) 
Chain 1 Iteration: 4300 / 6000 [ 71%]  (Sampling) 
Chain 4 Iteration: 4300 / 6000 [ 71%]  (Sampling) 
Chain 3 Iteration: 4300 / 6000 [ 71%]  (Sampling) 
Chain 2 Iteration: 4200 / 6000 [ 70%]  (Sampling) 
Chain 1 Iteration: 4400 / 6000 [ 73%]  (Sampling) 
Chain 4 Iteration: 4400 / 6000 [ 73%]  (Sampling) 
Chain 3 Iteration: 4400 / 6000 [ 73%]  (Sampling) 
Chain 2 Iteration: 4300 / 6000 [ 71%]  (Sampling) 
Chain 1 Iteration: 4500 / 6000 [ 75%]  (Sampling) 
Chain 4 Iteration: 4500 / 6000 [ 75%]  (Sampling) 
Chain 3 Iteration: 4500 / 6000 [ 75%]  (Sampling) 
Chain 2 Iteration: 4400 / 6000 [ 73%]  (Sampling) 
Chain 1 Iteration: 4600 / 6000 [ 76%]  (Sampling) 
Chain 4 Iteration: 4600 / 6000 [ 76%]  (Sampling) 
Chain 3 Iteration: 4600 / 6000 [ 76%]  (Sampling) 
Chain 2 Iteration: 4500 / 6000 [ 75%]  (Sampling) 
Chain 1 Iteration: 4700 / 6000 [ 78%]  (Sampling) 
Chain 4 Iteration: 4700 / 6000 [ 78%]  (Sampling) 
Chain 3 Iteration: 4700 / 6000 [ 78%]  (Sampling) 
Chain 2 Iteration: 4600 / 6000 [ 76%]  (Sampling) 
Chain 1 Iteration: 4800 / 6000 [ 80%]  (Sampling) 
Chain 4 Iteration: 4800 / 6000 [ 80%]  (Sampling) 
Chain 3 Iteration: 4800 / 6000 [ 80%]  (Sampling) 
Chain 2 Iteration: 4700 / 6000 [ 78%]  (Sampling) 
Chain 1 Iteration: 4900 / 6000 [ 81%]  (Sampling) 
Chain 4 Iteration: 4900 / 6000 [ 81%]  (Sampling) 
Chain 3 Iteration: 4900 / 6000 [ 81%]  (Sampling) 
Chain 2 Iteration: 4800 / 6000 [ 80%]  (Sampling) 
Chain 1 Iteration: 5000 / 6000 [ 83%]  (Sampling) 
Chain 4 Iteration: 5000 / 6000 [ 83%]  (Sampling) 
Chain 3 Iteration: 5000 / 6000 [ 83%]  (Sampling) 
Chain 2 Iteration: 4900 / 6000 [ 81%]  (Sampling) 
Chain 1 Iteration: 5100 / 6000 [ 85%]  (Sampling) 
Chain 4 Iteration: 5100 / 6000 [ 85%]  (Sampling) 
Chain 3 Iteration: 5100 / 6000 [ 85%]  (Sampling) 
Chain 2 Iteration: 5000 / 6000 [ 83%]  (Sampling) 
Chain 1 Iteration: 5200 / 6000 [ 86%]  (Sampling) 
Chain 4 Iteration: 5200 / 6000 [ 86%]  (Sampling) 
Chain 3 Iteration: 5200 / 6000 [ 86%]  (Sampling) 
Chain 2 Iteration: 5100 / 6000 [ 85%]  (Sampling) 
Chain 1 Iteration: 5300 / 6000 [ 88%]  (Sampling) 
Chain 4 Iteration: 5300 / 6000 [ 88%]  (Sampling) 
Chain 3 Iteration: 5300 / 6000 [ 88%]  (Sampling) 
Chain 2 Iteration: 5200 / 6000 [ 86%]  (Sampling) 
Chain 1 Iteration: 5400 / 6000 [ 90%]  (Sampling) 
Chain 4 Iteration: 5400 / 6000 [ 90%]  (Sampling) 
Chain 3 Iteration: 5400 / 6000 [ 90%]  (Sampling) 
Chain 2 Iteration: 5300 / 6000 [ 88%]  (Sampling) 
Chain 1 Iteration: 5500 / 6000 [ 91%]  (Sampling) 
Chain 4 Iteration: 5500 / 6000 [ 91%]  (Sampling) 
Chain 2 Iteration: 5400 / 6000 [ 90%]  (Sampling) 
Chain 3 Iteration: 5500 / 6000 [ 91%]  (Sampling) 
Chain 1 Iteration: 5600 / 6000 [ 93%]  (Sampling) 
Chain 4 Iteration: 5600 / 6000 [ 93%]  (Sampling) 
Chain 2 Iteration: 5500 / 6000 [ 91%]  (Sampling) 
Chain 3 Iteration: 5600 / 6000 [ 93%]  (Sampling) 
Chain 1 Iteration: 5700 / 6000 [ 95%]  (Sampling) 
Chain 4 Iteration: 5700 / 6000 [ 95%]  (Sampling) 
Chain 2 Iteration: 5600 / 6000 [ 93%]  (Sampling) 
Chain 1 Iteration: 5800 / 6000 [ 96%]  (Sampling) 
Chain 3 Iteration: 5700 / 6000 [ 95%]  (Sampling) 
Chain 4 Iteration: 5800 / 6000 [ 96%]  (Sampling) 
Chain 2 Iteration: 5700 / 6000 [ 95%]  (Sampling) 
Chain 1 Iteration: 5900 / 6000 [ 98%]  (Sampling) 
Chain 3 Iteration: 5800 / 6000 [ 96%]  (Sampling) 
Chain 4 Iteration: 5900 / 6000 [ 98%]  (Sampling) 
Chain 1 Iteration: 6000 / 6000 [100%]  (Sampling) 
Chain 2 Iteration: 5800 / 6000 [ 96%]  (Sampling) 
Chain 1 finished in 1419.6 seconds.
Chain 3 Iteration: 5900 / 6000 [ 98%]  (Sampling) 
Chain 4 Iteration: 6000 / 6000 [100%]  (Sampling) 
Chain 4 finished in 1427.6 seconds.
Chain 2 Iteration: 5900 / 6000 [ 98%]  (Sampling) 
Chain 3 Iteration: 6000 / 6000 [100%]  (Sampling) 
Chain 3 finished in 1441.8 seconds.
Chain 2 Iteration: 6000 / 6000 [100%]  (Sampling) 
Chain 2 finished in 1460.0 seconds.

All 4 chains finished successfully.
Mean chain execution time: 1437.2 seconds.
Total execution time: 1460.2 seconds.

[1] "Processing draws 1 to 100"
[1] "Chunk time = 39.5866186618805"
[1] "Processing draws 101 to 200"
[1] "Chunk time = 14.3690860271454"
[1] "Processing draws 201 to 300"
[1] "Chunk time = 14.28822016716"
[1] "Processing draws 301 to 400"
[1] "Chunk time = 13.9661860466003"
[1] "Processing draws 401 to 500"
[1] "Chunk time = 13.6410698890686"
[1] "Processing draws 501 to 600"
[1] "Chunk time = 14.2911491394043"
[1] "Processing draws 601 to 700"
[1] "Chunk time = 13.6603474617004"
[1] "Processing draws 701 to 800"
[1] "Chunk time = 13.7833206653595"
[1] "Processing draws 801 to 900"
[1] "Chunk time = 13.7289791107178"
[1] "Processing draws 901 to 1000"
[1] "Chunk time = 13.757527589798"
[1] "Processing draws 1001 to 1100"
[1] "Chunk time = 13.7666709423065"
[1] "Processing draws 1101 to 1200"
[1] "Chunk time = 13.8240990638733"
[1] "Processing draws 1201 to 1300"
[1] "Chunk time = 13.5793452262878"
[1] "Processing draws 1301 to 1400"
[1] "Chunk time = 13.7483830451965"
[1] "Processing draws 1401 to 1500"
[1] "Chunk time = 13.8020894527435"
[1] "Processing draws 1501 to 1600"
[1] "Chunk time = 13.5390028953552"
[1] "Processing draws 1601 to 1700"
[1] "Chunk time = 13.836009979248"
[1] "Processing draws 1701 to 1800"
[1] "Chunk time = 13.8188164234161"
[1] "Processing draws 1801 to 1900"
[1] "Chunk time = 13.8415911197662"
[1] "Processing draws 1901 to 2000"
[1] "Chunk time = 13.6270065307617"
[1] "Processing draws 2001 to 2100"
[1] "Chunk time = 14.0781581401825"
[1] "Processing draws 2101 to 2200"
[1] "Chunk time = 13.5502529144287"
[1] "Processing draws 2201 to 2300"
[1] "Chunk time = 13.7123911380768"
[1] "Processing draws 2301 to 2400"
[1] "Chunk time = 13.7005777359009"
[1] "Processing draws 2401 to 2500"
[1] "Chunk time = 13.9829485416412"
[1] "Processing draws 2501 to 2600"
[1] "Chunk time = 13.565812587738"
[1] "Processing draws 2601 to 2700"
[1] "Chunk time = 13.7889018058777"
[1] "Processing draws 2701 to 2800"
[1] "Chunk time = 13.6502823829651"
[1] "Processing draws 2801 to 2900"
[1] "Chunk time = 13.6975095272064"
[1] "Processing draws 2901 to 3000"
[1] "Chunk time = 13.8588211536407"
[1] "Processing draws 3001 to 3100"
[1] "Chunk time = 13.5171797275543"
[1] "Processing draws 3101 to 3200"
[1] "Chunk time = 13.8530943393707"
[1] "Processing draws 3201 to 3300"
[1] "Chunk time = 13.7565248012543"
[1] "Processing draws 3301 to 3400"
[1] "Chunk time = 13.7838096618652"
[1] "Processing draws 3401 to 3500"
[1] "Chunk time = 13.6923615932465"
[1] "Processing draws 3501 to 3600"
[1] "Chunk time = 13.8869857788086"
[1] "Processing draws 3601 to 3700"
[1] "Chunk time = 13.5762503147125"
[1] "Processing draws 3701 to 3800"
[1] "Chunk time = 13.6909096240997"
[1] "Processing draws 3801 to 3900"
[1] "Chunk time = 13.8708975315094"
[1] "Processing draws 3901 to 4000"
[1] "Chunk time = 13.7741301059723"
[1] "Processing draws 4001 to 4100"
[1] "Chunk time = 13.8263854980469"
[1] "Processing draws 4101 to 4200"
[1] "Chunk time = 13.7976715564728"
[1] "Processing draws 4201 to 4300"
[1] "Chunk time = 13.6660666465759"
[1] "Processing draws 4301 to 4400"
[1] "Chunk time = 13.4632413387299"
[1] "Processing draws 4401 to 4500"
[1] "Chunk time = 13.5980541706085"
[1] "Processing draws 4501 to 4600"
[1] "Chunk time = 13.7178273200989"
[1] "Processing draws 4601 to 4700"
[1] "Chunk time = 13.6814653873444"
[1] "Processing draws 4701 to 4800"
[1] "Chunk time = 13.5797853469849"
[1] "Processing draws 4801 to 4900"
[1] "Chunk time = 13.5503056049347"
[1] "Processing draws 4901 to 5000"
[1] "Chunk time = 13.5993440151215"
[1] "Processing draws 5001 to 5100"
[1] "Chunk time = 13.8200347423553"
[1] "Processing draws 5101 to 5200"
[1] "Chunk time = 13.7166278362274"
[1] "Processing draws 5201 to 5300"
[1] "Chunk time = 13.5221157073975"
[1] "Processing draws 5301 to 5400"
[1] "Chunk time = 14.2371776103973"
[1] "Processing draws 5401 to 5500"
[1] "Chunk time = 13.4810922145844"
[1] "Processing draws 5501 to 5600"
[1] "Chunk time = 13.6252222061157"
[1] "Processing draws 5601 to 5700"
[1] "Chunk time = 13.5032062530518"
[1] "Processing draws 5701 to 5800"
[1] "Chunk time = 13.6576960086823"
[1] "Processing draws 5801 to 5900"
[1] "Chunk time = 13.4421677589417"
[1] "Processing draws 5901 to 6000"
[1] "Chunk time = 14.0624580383301"
[1] "Processing draws 6001 to 6100"
[1] "Chunk time = 13.4679372310638"
[1] "Processing draws 6101 to 6200"
[1] "Chunk time = 13.5777020454407"
[1] "Processing draws 6201 to 6300"
[1] "Chunk time = 14.0478343963623"
[1] "Processing draws 6301 to 6400"
[1] "Chunk time = 13.5499842166901"
[1] "Processing draws 6401 to 6500"
[1] "Chunk time = 13.8343160152435"
[1] "Processing draws 6501 to 6600"
[1] "Chunk time = 13.6906976699829"
[1] "Processing draws 6601 to 6700"
[1] "Chunk time = 13.747171163559"
[1] "Processing draws 6701 to 6800"
[1] "Chunk time = 13.5474083423615"
[1] "Processing draws 6801 to 6900"
[1] "Chunk time = 14.18093085289"
[1] "Processing draws 6901 to 7000"
[1] "Chunk time = 13.7144048213959"
[1] "Processing draws 7001 to 7100"
[1] "Chunk time = 13.8203053474426"
[1] "Processing draws 7101 to 7200"
[1] "Chunk time = 13.7299180030823"
[1] "Processing draws 7201 to 7300"
[1] "Chunk time = 13.6668093204498"
[1] "Processing draws 7301 to 7400"
[1] "Chunk time = 13.7532939910889"
[1] "Processing draws 7401 to 7500"
[1] "Chunk time = 13.5522482395172"
[1] "Processing draws 7501 to 7600"
[1] "Chunk time = 13.7885899543762"
[1] "Processing draws 7601 to 7700"
[1] "Chunk time = 13.6229569911957"
[1] "Processing draws 7701 to 7800"
[1] "Chunk time = 13.9410226345062"
[1] "Processing draws 7801 to 7900"
[1] "Chunk time = 13.5302453041077"
[1] "Processing draws 7901 to 8000"
[1] "Chunk time = 13.769656419754"
[1] "Processing draws 8001 to 8100"
[1] "Chunk time = 13.4677884578705"
[1] "Processing draws 8101 to 8200"
[1] "Chunk time = 13.7563962936401"
[1] "Processing draws 8201 to 8300"
[1] "Chunk time = 13.5880393981934"
[1] "Processing draws 8301 to 8400"
[1] "Chunk time = 13.6763317584991"
[1] "Processing draws 8401 to 8500"
[1] "Chunk time = 13.9845478534698"
[1] "Processing draws 8501 to 8600"
[1] "Chunk time = 13.8924465179443"
[1] "Processing draws 8601 to 8700"
[1] "Chunk time = 14.1256544589996"
[1] "Processing draws 8701 to 8800"
[1] "Chunk time = 13.6480467319489"
[1] "Processing draws 8801 to 8900"
[1] "Chunk time = 14.0941965579987"
[1] "Processing draws 8901 to 9000"
[1] "Chunk time = 13.7161045074463"
[1] "Processing draws 9001 to 9100"
[1] "Chunk time = 13.7746698856354"
[1] "Processing draws 9101 to 9200"
[1] "Chunk time = 13.7156331539154"
[1] "Processing draws 9201 to 9300"
[1] "Chunk time = 13.9458694458008"
[1] "Processing draws 9301 to 9400"
[1] "Chunk time = 13.6018812656403"
[1] "Processing draws 9401 to 9500"
[1] "Chunk time = 13.9574449062347"
[1] "Processing draws 9501 to 9600"
[1] "Chunk time = 14.0872151851654"
[1] "Processing draws 9601 to 9700"
[1] "Chunk time = 13.7050385475159"
[1] "Processing draws 9701 to 9800"
[1] "Chunk time = 13.9562282562256"
[1] "Processing draws 9801 to 9900"
[1] "Chunk time = 14.1008403301239"
[1] "Processing draws 9901 to 10000"
[1] "Chunk time = 14.3549098968506"
[1] "Processing draws 10001 to 10100"
[1] "Chunk time = 13.8962664604187"
[1] "Processing draws 10101 to 10200"
[1] "Chunk time = 13.9865779876709"
[1] "Processing draws 10201 to 10300"
[1] "Chunk time = 13.7811510562897"
[1] "Processing draws 10301 to 10400"
[1] "Chunk time = 13.7798161506653"
[1] "Processing draws 10401 to 10500"
[1] "Chunk time = 13.7256276607513"
[1] "Processing draws 10501 to 10600"
[1] "Chunk time = 13.8684318065643"
[1] "Processing draws 10601 to 10700"
[1] "Chunk time = 14.2950086593628"
[1] "Processing draws 10701 to 10800"
[1] "Chunk time = 13.8591995239258"
[1] "Processing draws 10801 to 10900"
[1] "Chunk time = 14.0225794315338"
[1] "Processing draws 10901 to 11000"
[1] "Chunk time = 13.6894080638885"
[1] "Processing draws 11001 to 11100"
[1] "Chunk time = 13.9155838489532"
[1] "Processing draws 11101 to 11200"
[1] "Chunk time = 13.7209975719452"
[1] "Processing draws 11201 to 11300"
[1] "Chunk time = 14.0290355682373"
[1] "Processing draws 11301 to 11400"
[1] "Chunk time = 14.1331031322479"
[1] "Processing draws 11401 to 11500"
[1] "Chunk time = 14.0052914619446"
[1] "Processing draws 11501 to 11600"
[1] "Chunk time = 13.8879106044769"
[1] "Processing draws 11601 to 11700"
[1] "Chunk time = 13.9336841106415"
[1] "Processing draws 11701 to 11800"
[1] "Chunk time = 14.2059097290039"
[1] "Processing draws 11801 to 11900"
[1] "Chunk time = 13.7489237785339"
[1] "Processing draws 11901 to 12000"
[1] "Chunk time = 14.1374800205231"
[1] "Processing draws 12001 to 12100"
[1] "Chunk time = 14.1129441261292"
[1] "Processing draws 12101 to 12200"
[1] "Chunk time = 13.9777553081512"
[1] "Processing draws 12201 to 12300"
[1] "Chunk time = 13.8630383014679"
[1] "Processing draws 12301 to 12400"
[1] "Chunk time = 13.9537737369537"
[1] "Processing draws 12401 to 12500"
[1] "Chunk time = 13.7890341281891"
[1] "Processing draws 12501 to 12600"
[1] "Chunk time = 14.0542509555817"
[1] "Processing draws 12601 to 12700"
[1] "Chunk time = 13.8557231426239"
[1] "Processing draws 12701 to 12800"
[1] "Chunk time = 13.9695398807526"
[1] "Processing draws 12801 to 12900"
[1] "Chunk time = 14.2435169219971"
[1] "Processing draws 12901 to 13000"
[1] "Chunk time = 14.1616494655609"
[1] "Processing draws 13001 to 13100"
[1] "Chunk time = 14.1170840263367"
[1] "Processing draws 13101 to 13200"
[1] "Chunk time = 14.2346258163452"
[1] "Processing draws 13201 to 13300"
[1] "Chunk time = 14.0585913658142"
[1] "Processing draws 13301 to 13400"
[1] "Chunk time = 13.8522908687592"
[1] "Processing draws 13401 to 13500"
[1] "Chunk time = 13.8971524238586"
[1] "Processing draws 13501 to 13600"
[1] "Chunk time = 13.9989721775055"
[1] "Processing draws 13601 to 13700"
[1] "Chunk time = 13.8027789592743"
[1] "Processing draws 13701 to 13800"
[1] "Chunk time = 13.7425000667572"
[1] "Processing draws 13801 to 13900"
[1] "Chunk time = 13.6958627700806"
[1] "Processing draws 13901 to 14000"
[1] "Chunk time = 13.997394323349"
[1] "Processing draws 14001 to 14100"
[1] "Chunk time = 13.6676597595215"
[1] "Processing draws 14101 to 14200"
[1] "Chunk time = 13.9214291572571"
[1] "Processing draws 14201 to 14300"
[1] "Chunk time = 13.6147477626801"
[1] "Processing draws 14301 to 14400"
[1] "Chunk time = 14.0025196075439"
[1] "Processing draws 14401 to 14500"
[1] "Chunk time = 13.9835472106934"
[1] "Processing draws 14501 to 14600"
[1] "Chunk time = 13.9273002147675"
[1] "Processing draws 14601 to 14700"
[1] "Chunk time = 14.0424644947052"
[1] "Processing draws 14701 to 14800"
[1] "Chunk time = 13.8922665119171"
[1] "Processing draws 14801 to 14900"
[1] "Chunk time = 13.7117087841034"
[1] "Processing draws 14901 to 15000"
[1] "Chunk time = 13.8869600296021"
[1] "Processing draws 15001 to 15100"
[1] "Chunk time = 13.9591047763824"
[1] "Processing draws 15101 to 15200"
[1] "Chunk time = 13.6532037258148"
[1] "Processing draws 15201 to 15300"
[1] "Chunk time = 14.1842856407166"
[1] "Processing draws 15301 to 15400"
[1] "Chunk time = 13.8222744464874"
[1] "Processing draws 15401 to 15500"
[1] "Chunk time = 13.8708355426788"
[1] "Processing draws 15501 to 15600"
[1] "Chunk time = 13.8657894134521"
[1] "Processing draws 15601 to 15700"
[1] "Chunk time = 13.8864829540253"
[1] "Processing draws 15701 to 15800"
[1] "Chunk time = 13.7279298305511"
[1] "Processing draws 15801 to 15900"
[1] "Chunk time = 13.9359230995178"
[1] "Processing draws 15901 to 16000"
[1] "Chunk time = 13.7547874450684"
[1] "Processing draws 16001 to 16100"
[1] "Chunk time = 13.944540977478"
[1] "Processing draws 16101 to 16200"
[1] "Chunk time = 13.9982969760895"
[1] "Processing draws 16201 to 16300"
[1] "Chunk time = 14.0983557701111"
[1] "Processing draws 16301 to 16400"
[1] "Chunk time = 14.0595080852509"
[1] "Processing draws 16401 to 16500"
[1] "Chunk time = 13.7254071235657"
[1] "Processing draws 16501 to 16600"
[1] "Chunk time = 13.928041934967"
[1] "Processing draws 16601 to 16700"
[1] "Chunk time = 13.8621633052826"
[1] "Processing draws 16701 to 16800"
[1] "Chunk time = 14.1537079811096"
[1] "Processing draws 16801 to 16900"
[1] "Chunk time = 14.1192402839661"
[1] "Processing draws 16901 to 17000"
[1] "Chunk time = 14.0066981315613"
[1] "Processing draws 17001 to 17100"
[1] "Chunk time = 14.1299750804901"
[1] "Processing draws 17101 to 17200"
[1] "Chunk time = 14.0347270965576"
[1] "Processing draws 17201 to 17300"
[1] "Chunk time = 13.9011540412903"
[1] "Processing draws 17301 to 17400"
[1] "Chunk time = 13.904625415802"
[1] "Processing draws 17401 to 17500"
[1] "Chunk time = 13.9088294506073"
[1] "Processing draws 17501 to 17600"
[1] "Chunk time = 13.9043405056"
[1] "Processing draws 17601 to 17700"
[1] "Chunk time = 14.0105178356171"
[1] "Processing draws 17701 to 17800"
[1] "Chunk time = 13.7399117946625"
[1] "Processing draws 17801 to 17900"
[1] "Chunk time = 14.0182626247406"
[1] "Processing draws 17901 to 18000"
[1] "Chunk time = 14.1240711212158"
[1] "Processing draws 18001 to 18100"
[1] "Chunk time = 14.1190361976624"
[1] "Processing draws 18101 to 18200"
[1] "Chunk time = 13.8931527137756"
[1] "Processing draws 18201 to 18300"
[1] "Chunk time = 13.8243169784546"
[1] "Processing draws 18301 to 18400"
[1] "Chunk time = 14.0623867511749"
[1] "Processing draws 18401 to 18500"
[1] "Chunk time = 13.6666922569275"
[1] "Processing draws 18501 to 18600"
[1] "Chunk time = 14.1737351417542"
[1] "Processing draws 18601 to 18700"
[1] "Chunk time = 13.6364381313324"
[1] "Processing draws 18701 to 18800"
[1] "Chunk time = 13.9346141815186"
[1] "Processing draws 18801 to 18900"
[1] "Chunk time = 13.8358008861542"
[1] "Processing draws 18901 to 19000"
[1] "Chunk time = 14.1259152889252"
[1] "Processing draws 19001 to 19100"
[1] "Chunk time = 13.7316670417786"
[1] "Processing draws 19101 to 19200"
[1] "Chunk time = 14.0242350101471"
[1] "Processing draws 19201 to 19300"
[1] "Chunk time = 13.9155814647675"
[1] "Processing draws 19301 to 19400"
[1] "Chunk time = 14.0544278621674"
[1] "Processing draws 19401 to 19500"
[1] "Chunk time = 14.2214188575745"
[1] "Processing draws 19501 to 19600"
[1] "Chunk time = 13.6720993518829"
[1] "Processing draws 19601 to 19700"
[1] "Chunk time = 13.9502251148224"
[1] "Processing draws 19701 to 19800"
[1] "Chunk time = 13.843090057373"
[1] "Processing draws 19801 to 19900"
[1] "Chunk time = 13.9289469718933"
[1] "Processing draws 19901 to 20000"
[1] "Chunk time = 13.713107585907"
[1] "done lapplying"
[1] "Saving current params"
[1] "Saving params to output.rds"
[1] TRUE
