[1] "Starting sampling."
Running MCMC with 4 parallel chains, with 4 thread(s) per chain...

Chain 1 Iteration:    1 / 6000 [  0%]  (Warmup) 
Chain 2 Iteration:    1 / 6000 [  0%]  (Warmup) 
Chain 3 Iteration:    1 / 6000 [  0%]  (Warmup) 
Chain 4 Iteration:    1 / 6000 [  0%]  (Warmup) 
Chain 4 Iteration:  100 / 6000 [  1%]  (Warmup) 
Chain 1 Iteration:  100 / 6000 [  1%]  (Warmup) 
Chain 3 Iteration:  100 / 6000 [  1%]  (Warmup) 
Chain 2 Iteration:  100 / 6000 [  1%]  (Warmup) 
Chain 4 Iteration:  200 / 6000 [  3%]  (Warmup) 
Chain 1 Iteration:  200 / 6000 [  3%]  (Warmup) 
Chain 3 Iteration:  200 / 6000 [  3%]  (Warmup) 
Chain 2 Iteration:  200 / 6000 [  3%]  (Warmup) 
Chain 4 Iteration:  300 / 6000 [  5%]  (Warmup) 
Chain 1 Iteration:  300 / 6000 [  5%]  (Warmup) 
Chain 3 Iteration:  300 / 6000 [  5%]  (Warmup) 
Chain 2 Iteration:  300 / 6000 [  5%]  (Warmup) 
Chain 4 Iteration:  400 / 6000 [  6%]  (Warmup) 
Chain 1 Iteration:  400 / 6000 [  6%]  (Warmup) 
Chain 3 Iteration:  400 / 6000 [  6%]  (Warmup) 
Chain 2 Iteration:  400 / 6000 [  6%]  (Warmup) 
Chain 4 Iteration:  500 / 6000 [  8%]  (Warmup) 
Chain 1 Iteration:  500 / 6000 [  8%]  (Warmup) 
Chain 3 Iteration:  500 / 6000 [  8%]  (Warmup) 
Chain 2 Iteration:  500 / 6000 [  8%]  (Warmup) 
Chain 4 Iteration:  600 / 6000 [ 10%]  (Warmup) 
Chain 1 Iteration:  600 / 6000 [ 10%]  (Warmup) 
Chain 3 Iteration:  600 / 6000 [ 10%]  (Warmup) 
Chain 2 Iteration:  600 / 6000 [ 10%]  (Warmup) 
Chain 4 Iteration:  700 / 6000 [ 11%]  (Warmup) 
Chain 1 Iteration:  700 / 6000 [ 11%]  (Warmup) 
Chain 3 Iteration:  700 / 6000 [ 11%]  (Warmup) 
Chain 2 Iteration:  700 / 6000 [ 11%]  (Warmup) 
Chain 1 Iteration:  800 / 6000 [ 13%]  (Warmup) 
Chain 4 Iteration:  800 / 6000 [ 13%]  (Warmup) 
Chain 3 Iteration:  800 / 6000 [ 13%]  (Warmup) 
Chain 2 Iteration:  800 / 6000 [ 13%]  (Warmup) 
Chain 1 Iteration:  900 / 6000 [ 15%]  (Warmup) 
Chain 4 Iteration:  900 / 6000 [ 15%]  (Warmup) 
Chain 3 Iteration:  900 / 6000 [ 15%]  (Warmup) 
Chain 2 Iteration:  900 / 6000 [ 15%]  (Warmup) 
Chain 4 Iteration: 1000 / 6000 [ 16%]  (Warmup) 
Chain 1 Iteration: 1000 / 6000 [ 16%]  (Warmup) 
Chain 1 Iteration: 1001 / 6000 [ 16%]  (Sampling) 
Chain 4 Iteration: 1001 / 6000 [ 16%]  (Sampling) 
Chain 3 Iteration: 1000 / 6000 [ 16%]  (Warmup) 
Chain 3 Iteration: 1001 / 6000 [ 16%]  (Sampling) 
Chain 2 Iteration: 1000 / 6000 [ 16%]  (Warmup) 
Chain 2 Iteration: 1001 / 6000 [ 16%]  (Sampling) 
Chain 4 Iteration: 1100 / 6000 [ 18%]  (Sampling) 
Chain 1 Iteration: 1100 / 6000 [ 18%]  (Sampling) 
Chain 3 Iteration: 1100 / 6000 [ 18%]  (Sampling) 
Chain 2 Iteration: 1100 / 6000 [ 18%]  (Sampling) 
Chain 4 Iteration: 1200 / 6000 [ 20%]  (Sampling) 
Chain 3 Iteration: 1200 / 6000 [ 20%]  (Sampling) 
Chain 1 Iteration: 1200 / 6000 [ 20%]  (Sampling) 
Chain 2 Iteration: 1200 / 6000 [ 20%]  (Sampling) 
Chain 4 Iteration: 1300 / 6000 [ 21%]  (Sampling) 
Chain 3 Iteration: 1300 / 6000 [ 21%]  (Sampling) 
Chain 2 Iteration: 1300 / 6000 [ 21%]  (Sampling) 
Chain 1 Iteration: 1300 / 6000 [ 21%]  (Sampling) 
Chain 4 Iteration: 1400 / 6000 [ 23%]  (Sampling) 
Chain 3 Iteration: 1400 / 6000 [ 23%]  (Sampling) 
Chain 2 Iteration: 1400 / 6000 [ 23%]  (Sampling) 
Chain 1 Iteration: 1400 / 6000 [ 23%]  (Sampling) 
Chain 4 Iteration: 1500 / 6000 [ 25%]  (Sampling) 
Chain 3 Iteration: 1500 / 6000 [ 25%]  (Sampling) 
Chain 2 Iteration: 1500 / 6000 [ 25%]  (Sampling) 
Chain 4 Iteration: 1600 / 6000 [ 26%]  (Sampling) 
Chain 1 Iteration: 1500 / 6000 [ 25%]  (Sampling) 
Chain 3 Iteration: 1600 / 6000 [ 26%]  (Sampling) 
Chain 2 Iteration: 1600 / 6000 [ 26%]  (Sampling) 
Chain 4 Iteration: 1700 / 6000 [ 28%]  (Sampling) 
Chain 3 Iteration: 1700 / 6000 [ 28%]  (Sampling) 
Chain 2 Iteration: 1700 / 6000 [ 28%]  (Sampling) 
Chain 1 Iteration: 1600 / 6000 [ 26%]  (Sampling) 
Chain 4 Iteration: 1800 / 6000 [ 30%]  (Sampling) 
Chain 3 Iteration: 1800 / 6000 [ 30%]  (Sampling) 
Chain 2 Iteration: 1800 / 6000 [ 30%]  (Sampling) 
Chain 1 Iteration: 1700 / 6000 [ 28%]  (Sampling) 
Chain 4 Iteration: 1900 / 6000 [ 31%]  (Sampling) 
Chain 3 Iteration: 1900 / 6000 [ 31%]  (Sampling) 
Chain 2 Iteration: 1900 / 6000 [ 31%]  (Sampling) 
Chain 4 Iteration: 2000 / 6000 [ 33%]  (Sampling) 
Chain 3 Iteration: 2000 / 6000 [ 33%]  (Sampling) 
Chain 1 Iteration: 1800 / 6000 [ 30%]  (Sampling) 
Chain 2 Iteration: 2000 / 6000 [ 33%]  (Sampling) 
Chain 4 Iteration: 2100 / 6000 [ 35%]  (Sampling) 
Chain 3 Iteration: 2100 / 6000 [ 35%]  (Sampling) 
Chain 2 Iteration: 2100 / 6000 [ 35%]  (Sampling) 
Chain 1 Iteration: 1900 / 6000 [ 31%]  (Sampling) 
Chain 4 Iteration: 2200 / 6000 [ 36%]  (Sampling) 
Chain 3 Iteration: 2200 / 6000 [ 36%]  (Sampling) 
Chain 2 Iteration: 2200 / 6000 [ 36%]  (Sampling) 
Chain 1 Iteration: 2000 / 6000 [ 33%]  (Sampling) 
Chain 4 Iteration: 2300 / 6000 [ 38%]  (Sampling) 
Chain 3 Iteration: 2300 / 6000 [ 38%]  (Sampling) 
Chain 2 Iteration: 2300 / 6000 [ 38%]  (Sampling) 
Chain 4 Iteration: 2400 / 6000 [ 40%]  (Sampling) 
Chain 3 Iteration: 2400 / 6000 [ 40%]  (Sampling) 
Chain 1 Iteration: 2100 / 6000 [ 35%]  (Sampling) 
Chain 2 Iteration: 2400 / 6000 [ 40%]  (Sampling) 
Chain 4 Iteration: 2500 / 6000 [ 41%]  (Sampling) 
Chain 3 Iteration: 2500 / 6000 [ 41%]  (Sampling) 
Chain 1 Iteration: 2200 / 6000 [ 36%]  (Sampling) 
Chain 2 Iteration: 2500 / 6000 [ 41%]  (Sampling) 
Chain 4 Iteration: 2600 / 6000 [ 43%]  (Sampling) 
Chain 3 Iteration: 2600 / 6000 [ 43%]  (Sampling) 
Chain 2 Iteration: 2600 / 6000 [ 43%]  (Sampling) 
Chain 1 Iteration: 2300 / 6000 [ 38%]  (Sampling) 
Chain 4 Iteration: 2700 / 6000 [ 45%]  (Sampling) 
Chain 3 Iteration: 2700 / 6000 [ 45%]  (Sampling) 
Chain 2 Iteration: 2700 / 6000 [ 45%]  (Sampling) 
Chain 1 Iteration: 2400 / 6000 [ 40%]  (Sampling) 
Chain 4 Iteration: 2800 / 6000 [ 46%]  (Sampling) 
Chain 3 Iteration: 2800 / 6000 [ 46%]  (Sampling) 
Chain 2 Iteration: 2800 / 6000 [ 46%]  (Sampling) 
Chain 4 Iteration: 2900 / 6000 [ 48%]  (Sampling) 
Chain 3 Iteration: 2900 / 6000 [ 48%]  (Sampling) 
Chain 1 Iteration: 2500 / 6000 [ 41%]  (Sampling) 
Chain 2 Iteration: 2900 / 6000 [ 48%]  (Sampling) 
Chain 3 Iteration: 3000 / 6000 [ 50%]  (Sampling) 
Chain 4 Iteration: 3000 / 6000 [ 50%]  (Sampling) 
Chain 2 Iteration: 3000 / 6000 [ 50%]  (Sampling) 
Chain 1 Iteration: 2600 / 6000 [ 43%]  (Sampling) 
Chain 3 Iteration: 3100 / 6000 [ 51%]  (Sampling) 
Chain 4 Iteration: 3100 / 6000 [ 51%]  (Sampling) 
Chain 2 Iteration: 3100 / 6000 [ 51%]  (Sampling) 
Chain 1 Iteration: 2700 / 6000 [ 45%]  (Sampling) 
Chain 3 Iteration: 3200 / 6000 [ 53%]  (Sampling) 
Chain 4 Iteration: 3200 / 6000 [ 53%]  (Sampling) 
Chain 2 Iteration: 3200 / 6000 [ 53%]  (Sampling) 
Chain 3 Iteration: 3300 / 6000 [ 55%]  (Sampling) 
Chain 4 Iteration: 3300 / 6000 [ 55%]  (Sampling) 
Chain 1 Iteration: 2800 / 6000 [ 46%]  (Sampling) 
Chain 2 Iteration: 3300 / 6000 [ 55%]  (Sampling) 
Chain 3 Iteration: 3400 / 6000 [ 56%]  (Sampling) 
Chain 4 Iteration: 3400 / 6000 [ 56%]  (Sampling) 
Chain 2 Iteration: 3400 / 6000 [ 56%]  (Sampling) 
Chain 1 Iteration: 2900 / 6000 [ 48%]  (Sampling) 
Chain 3 Iteration: 3500 / 6000 [ 58%]  (Sampling) 
Chain 4 Iteration: 3500 / 6000 [ 58%]  (Sampling) 
Chain 2 Iteration: 3500 / 6000 [ 58%]  (Sampling) 
Chain 1 Iteration: 3000 / 6000 [ 50%]  (Sampling) 
Chain 3 Iteration: 3600 / 6000 [ 60%]  (Sampling) 
Chain 4 Iteration: 3600 / 6000 [ 60%]  (Sampling) 
Chain 2 Iteration: 3600 / 6000 [ 60%]  (Sampling) 
Chain 3 Iteration: 3700 / 6000 [ 61%]  (Sampling) 
Chain 4 Iteration: 3700 / 6000 [ 61%]  (Sampling) 
Chain 1 Iteration: 3100 / 6000 [ 51%]  (Sampling) 
Chain 2 Iteration: 3700 / 6000 [ 61%]  (Sampling) 
Chain 3 Iteration: 3800 / 6000 [ 63%]  (Sampling) 
Chain 4 Iteration: 3800 / 6000 [ 63%]  (Sampling) 
Chain 2 Iteration: 3800 / 6000 [ 63%]  (Sampling) 
Chain 1 Iteration: 3200 / 6000 [ 53%]  (Sampling) 
Chain 3 Iteration: 3900 / 6000 [ 65%]  (Sampling) 
Chain 4 Iteration: 3900 / 6000 [ 65%]  (Sampling) 
Chain 2 Iteration: 3900 / 6000 [ 65%]  (Sampling) 
Chain 1 Iteration: 3300 / 6000 [ 55%]  (Sampling) 
Chain 3 Iteration: 4000 / 6000 [ 66%]  (Sampling) 
Chain 4 Iteration: 4000 / 6000 [ 66%]  (Sampling) 
Chain 2 Iteration: 4000 / 6000 [ 66%]  (Sampling) 
Chain 3 Iteration: 4100 / 6000 [ 68%]  (Sampling) 
Chain 4 Iteration: 4100 / 6000 [ 68%]  (Sampling) 
Chain 1 Iteration: 3400 / 6000 [ 56%]  (Sampling) 
Chain 2 Iteration: 4100 / 6000 [ 68%]  (Sampling) 
Chain 3 Iteration: 4200 / 6000 [ 70%]  (Sampling) 
Chain 4 Iteration: 4200 / 6000 [ 70%]  (Sampling) 
Chain 1 Iteration: 3500 / 6000 [ 58%]  (Sampling) 
Chain 2 Iteration: 4200 / 6000 [ 70%]  (Sampling) 
Chain 3 Iteration: 4300 / 6000 [ 71%]  (Sampling) 
Chain 4 Iteration: 4300 / 6000 [ 71%]  (Sampling) 
Chain 2 Iteration: 4300 / 6000 [ 71%]  (Sampling) 
Chain 1 Iteration: 3600 / 6000 [ 60%]  (Sampling) 
Chain 3 Iteration: 4400 / 6000 [ 73%]  (Sampling) 
Chain 4 Iteration: 4400 / 6000 [ 73%]  (Sampling) 
Chain 2 Iteration: 4400 / 6000 [ 73%]  (Sampling) 
Chain 3 Iteration: 4500 / 6000 [ 75%]  (Sampling) 
Chain 4 Iteration: 4500 / 6000 [ 75%]  (Sampling) 
Chain 1 Iteration: 3700 / 6000 [ 61%]  (Sampling) 
Chain 2 Iteration: 4500 / 6000 [ 75%]  (Sampling) 
Chain 3 Iteration: 4600 / 6000 [ 76%]  (Sampling) 
Chain 4 Iteration: 4600 / 6000 [ 76%]  (Sampling) 
Chain 2 Iteration: 4600 / 6000 [ 76%]  (Sampling) 
Chain 1 Iteration: 3800 / 6000 [ 63%]  (Sampling) 
Chain 3 Iteration: 4700 / 6000 [ 78%]  (Sampling) 
Chain 4 Iteration: 4700 / 6000 [ 78%]  (Sampling) 
Chain 2 Iteration: 4700 / 6000 [ 78%]  (Sampling) 
Chain 1 Iteration: 3900 / 6000 [ 65%]  (Sampling) 
Chain 3 Iteration: 4800 / 6000 [ 80%]  (Sampling) 
Chain 4 Iteration: 4800 / 6000 [ 80%]  (Sampling) 
Chain 2 Iteration: 4800 / 6000 [ 80%]  (Sampling) 
Chain 1 Iteration: 4000 / 6000 [ 66%]  (Sampling) 
Chain 3 Iteration: 4900 / 6000 [ 81%]  (Sampling) 
Chain 4 Iteration: 4900 / 6000 [ 81%]  (Sampling) 
Chain 2 Iteration: 4900 / 6000 [ 81%]  (Sampling) 
Chain 3 Iteration: 5000 / 6000 [ 83%]  (Sampling) 
Chain 4 Iteration: 5000 / 6000 [ 83%]  (Sampling) 
Chain 2 Iteration: 5000 / 6000 [ 83%]  (Sampling) 
Chain 1 Iteration: 4100 / 6000 [ 68%]  (Sampling) 
Chain 3 Iteration: 5100 / 6000 [ 85%]  (Sampling) 
Chain 4 Iteration: 5100 / 6000 [ 85%]  (Sampling) 
Chain 2 Iteration: 5100 / 6000 [ 85%]  (Sampling) 
Chain 1 Iteration: 4200 / 6000 [ 70%]  (Sampling) 
Chain 3 Iteration: 5200 / 6000 [ 86%]  (Sampling) 
Chain 4 Iteration: 5200 / 6000 [ 86%]  (Sampling) 
Chain 2 Iteration: 5200 / 6000 [ 86%]  (Sampling) 
Chain 3 Iteration: 5300 / 6000 [ 88%]  (Sampling) 
Chain 4 Iteration: 5300 / 6000 [ 88%]  (Sampling) 
Chain 2 Iteration: 5300 / 6000 [ 88%]  (Sampling) 
Chain 1 Iteration: 4300 / 6000 [ 71%]  (Sampling) 
Chain 3 Iteration: 5400 / 6000 [ 90%]  (Sampling) 
Chain 4 Iteration: 5400 / 6000 [ 90%]  (Sampling) 
Chain 2 Iteration: 5400 / 6000 [ 90%]  (Sampling) 
Chain 1 Iteration: 4400 / 6000 [ 73%]  (Sampling) 
Chain 3 Iteration: 5500 / 6000 [ 91%]  (Sampling) 
Chain 4 Iteration: 5500 / 6000 [ 91%]  (Sampling) 
Chain 2 Iteration: 5500 / 6000 [ 91%]  (Sampling) 
Chain 3 Iteration: 5600 / 6000 [ 93%]  (Sampling) 
Chain 4 Iteration: 5600 / 6000 [ 93%]  (Sampling) 
Chain 1 Iteration: 4500 / 6000 [ 75%]  (Sampling) 
Chain 2 Iteration: 5600 / 6000 [ 93%]  (Sampling) 
Chain 3 Iteration: 5700 / 6000 [ 95%]  (Sampling) 
Chain 4 Iteration: 5700 / 6000 [ 95%]  (Sampling) 
Chain 2 Iteration: 5700 / 6000 [ 95%]  (Sampling) 
Chain 1 Iteration: 4600 / 6000 [ 76%]  (Sampling) 
Chain 3 Iteration: 5800 / 6000 [ 96%]  (Sampling) 
Chain 4 Iteration: 5800 / 6000 [ 96%]  (Sampling) 
Chain 2 Iteration: 5800 / 6000 [ 96%]  (Sampling) 
Chain 3 Iteration: 5900 / 6000 [ 98%]  (Sampling) 
Chain 1 Iteration: 4700 / 6000 [ 78%]  (Sampling) 
Chain 4 Iteration: 5900 / 6000 [ 98%]  (Sampling) 
Chain 2 Iteration: 5900 / 6000 [ 98%]  (Sampling) 
Chain 3 Iteration: 6000 / 6000 [100%]  (Sampling) 
Chain 3 finished in 970.3 seconds.
Chain 4 Iteration: 6000 / 6000 [100%]  (Sampling) 
Chain 4 finished in 970.9 seconds.
Chain 2 Iteration: 6000 / 6000 [100%]  (Sampling) 
Chain 2 finished in 974.7 seconds.
Chain 1 Iteration: 4800 / 6000 [ 80%]  (Sampling) 
Chain 1 Iteration: 4900 / 6000 [ 81%]  (Sampling) 
Chain 1 Iteration: 5000 / 6000 [ 83%]  (Sampling) 
Chain 1 Iteration: 5100 / 6000 [ 85%]  (Sampling) 
Chain 1 Iteration: 5200 / 6000 [ 86%]  (Sampling) 
Chain 1 Iteration: 5300 / 6000 [ 88%]  (Sampling) 
Chain 1 Iteration: 5400 / 6000 [ 90%]  (Sampling) 
Chain 1 Iteration: 5500 / 6000 [ 91%]  (Sampling) 
Chain 1 Iteration: 5600 / 6000 [ 93%]  (Sampling) 
Chain 1 Iteration: 5700 / 6000 [ 95%]  (Sampling) 
Chain 1 Iteration: 5800 / 6000 [ 96%]  (Sampling) 
Chain 1 Iteration: 5900 / 6000 [ 98%]  (Sampling) 
Chain 1 Iteration: 6000 / 6000 [100%]  (Sampling) 
Chain 1 finished in 1146.0 seconds.

All 4 chains finished successfully.
Mean chain execution time: 1015.5 seconds.
Total execution time: 1146.2 seconds.

[1] "Processing draws 1 to 100"
[1] "Chunk time = 53.696658372879"
[1] "Processing draws 101 to 200"
[1] "Chunk time = 19.3282787799835"
[1] "Processing draws 201 to 300"
[1] "Chunk time = 18.7122845649719"
[1] "Processing draws 301 to 400"
[1] "Chunk time = 18.4251568317413"
[1] "Processing draws 401 to 500"
[1] "Chunk time = 19.3281896114349"
[1] "Processing draws 501 to 600"
[1] "Chunk time = 18.3167355060577"
[1] "Processing draws 601 to 700"
[1] "Chunk time = 18.1801841259003"
[1] "Processing draws 701 to 800"
[1] "Chunk time = 18.0532450675964"
[1] "Processing draws 801 to 900"
[1] "Chunk time = 18.9317553043365"
[1] "Processing draws 901 to 1000"
[1] "Chunk time = 17.9436838626862"
[1] "Processing draws 1001 to 1100"
[1] "Chunk time = 18.0511908531189"
[1] "Processing draws 1101 to 1200"
[1] "Chunk time = 17.8070595264435"
[1] "Processing draws 1201 to 1300"
[1] "Chunk time = 18.3983476161957"
[1] "Processing draws 1301 to 1400"
[1] "Chunk time = 17.8471703529358"
[1] "Processing draws 1401 to 1500"
[1] "Chunk time = 18.484176158905"
[1] "Processing draws 1501 to 1600"
[1] "Chunk time = 17.6338217258453"
[1] "Processing draws 1601 to 1700"
[1] "Chunk time = 18.2931776046753"
[1] "Processing draws 1701 to 1800"
[1] "Chunk time = 18.4075789451599"
[1] "Processing draws 1801 to 1900"
[1] "Chunk time = 17.8926737308502"
[1] "Processing draws 1901 to 2000"
[1] "Chunk time = 18.3228216171265"
[1] "Processing draws 2001 to 2100"
[1] "Chunk time = 17.8088760375977"
[1] "Processing draws 2101 to 2200"
[1] "Chunk time = 18.1433465480804"
[1] "Processing draws 2201 to 2300"
[1] "Chunk time = 17.9053890705109"
[1] "Processing draws 2301 to 2400"
[1] "Chunk time = 18.0225551128387"
[1] "Processing draws 2401 to 2500"
[1] "Chunk time = 18.4030003547668"
[1] "Processing draws 2501 to 2600"
[1] "Chunk time = 18.0507740974426"
[1] "Processing draws 2601 to 2700"
[1] "Chunk time = 18.1378126144409"
[1] "Processing draws 2701 to 2800"
[1] "Chunk time = 17.969868183136"
[1] "Processing draws 2801 to 2900"
[1] "Chunk time = 18.0069289207458"
[1] "Processing draws 2901 to 3000"
[1] "Chunk time = 17.7348699569702"
[1] "Processing draws 3001 to 3100"
[1] "Chunk time = 18.0839340686798"
[1] "Processing draws 3101 to 3200"
[1] "Chunk time = 18.0645956993103"
[1] "Processing draws 3201 to 3300"
[1] "Chunk time = 18.1579883098602"
[1] "Processing draws 3301 to 3400"
[1] "Chunk time = 18.0168085098267"
[1] "Processing draws 3401 to 3500"
[1] "Chunk time = 18.1767082214355"
[1] "Processing draws 3501 to 3600"
[1] "Chunk time = 18.2275879383087"
[1] "Processing draws 3601 to 3700"
[1] "Chunk time = 17.9625933170319"
[1] "Processing draws 3701 to 3800"
[1] "Chunk time = 18.3710877895355"
[1] "Processing draws 3801 to 3900"
[1] "Chunk time = 18.0212342739105"
[1] "Processing draws 3901 to 4000"
[1] "Chunk time = 18.0971894264221"
[1] "Processing draws 4001 to 4100"
[1] "Chunk time = 18.3078832626343"
[1] "Processing draws 4101 to 4200"
[1] "Chunk time = 18.1636881828308"
[1] "Processing draws 4201 to 4300"
[1] "Chunk time = 17.924329996109"
[1] "Processing draws 4301 to 4400"
[1] "Chunk time = 18.2829270362854"
[1] "Processing draws 4401 to 4500"
[1] "Chunk time = 18.0388691425323"
[1] "Processing draws 4501 to 4600"
[1] "Chunk time = 17.918420791626"
[1] "Processing draws 4601 to 4700"
[1] "Chunk time = 18.4203834533691"
[1] "Processing draws 4701 to 4800"
[1] "Chunk time = 18.2419946193695"
[1] "Processing draws 4801 to 4900"
[1] "Chunk time = 19.2801005840302"
[1] "Processing draws 4901 to 5000"
[1] "Chunk time = 17.8170275688171"
[1] "Processing draws 5001 to 5100"
[1] "Chunk time = 17.6392071247101"
[1] "Processing draws 5101 to 5200"
[1] "Chunk time = 17.9508857727051"
[1] "Processing draws 5201 to 5300"
[1] "Chunk time = 17.6388700008392"
[1] "Processing draws 5301 to 5400"
[1] "Chunk time = 18.3243870735168"
[1] "Processing draws 5401 to 5500"
[1] "Chunk time = 17.7723755836487"
[1] "Processing draws 5501 to 5600"
[1] "Chunk time = 17.9989478588104"
[1] "Processing draws 5601 to 5700"
[1] "Chunk time = 18.3613238334656"
[1] "Processing draws 5701 to 5800"
[1] "Chunk time = 17.9917643070221"
[1] "Processing draws 5801 to 5900"
[1] "Chunk time = 17.9888110160828"
[1] "Processing draws 5901 to 6000"
[1] "Chunk time = 18.0637302398682"
[1] "Processing draws 6001 to 6100"
[1] "Chunk time = 17.9639933109283"
[1] "Processing draws 6101 to 6200"
[1] "Chunk time = 17.8562653064728"
[1] "Processing draws 6201 to 6300"
[1] "Chunk time = 18.4829065799713"
[1] "Processing draws 6301 to 6400"
[1] "Chunk time = 18.0090045928955"
[1] "Processing draws 6401 to 6500"
[1] "Chunk time = 18.405957698822"
[1] "Processing draws 6501 to 6600"
[1] "Chunk time = 18.1300005912781"
[1] "Processing draws 6601 to 6700"
[1] "Chunk time = 17.8497111797333"
[1] "Processing draws 6701 to 6800"
[1] "Chunk time = 17.9871900081635"
[1] "Processing draws 6801 to 6900"
[1] "Chunk time = 17.893100976944"
[1] "Processing draws 6901 to 7000"
[1] "Chunk time = 18.5926270484924"
[1] "Processing draws 7001 to 7100"
[1] "Chunk time = 18.2871747016907"
[1] "Processing draws 7101 to 7200"
[1] "Chunk time = 18.1389966011047"
[1] "Processing draws 7201 to 7300"
[1] "Chunk time = 18.2849340438843"
[1] "Processing draws 7301 to 7400"
[1] "Chunk time = 18.0003457069397"
[1] "Processing draws 7401 to 7500"
[1] "Chunk time = 17.9496259689331"
[1] "Processing draws 7501 to 7600"
[1] "Chunk time = 17.8754351139069"
[1] "Processing draws 7601 to 7700"
[1] "Chunk time = 18.2784264087677"
[1] "Processing draws 7701 to 7800"
[1] "Chunk time = 17.7715699672699"
[1] "Processing draws 7801 to 7900"
[1] "Chunk time = 18.4493029117584"
[1] "Processing draws 7901 to 8000"
[1] "Chunk time = 18.0293567180634"
[1] "Processing draws 8001 to 8100"
[1] "Chunk time = 18.1884818077087"
[1] "Processing draws 8101 to 8200"
[1] "Chunk time = 18.0943238735199"
[1] "Processing draws 8201 to 8300"
[1] "Chunk time = 17.904021024704"
[1] "Processing draws 8301 to 8400"
[1] "Chunk time = 18.1872205734253"
[1] "Processing draws 8401 to 8500"
[1] "Chunk time = 18.0578074455261"
[1] "Processing draws 8501 to 8600"
[1] "Chunk time = 18.5521023273468"
[1] "Processing draws 8601 to 8700"
[1] "Chunk time = 18.1486508846283"
[1] "Processing draws 8701 to 8800"
[1] "Chunk time = 18.15003490448"
[1] "Processing draws 8801 to 8900"
[1] "Chunk time = 18.6313519477844"
[1] "Processing draws 8901 to 9000"
[1] "Chunk time = 18.5575907230377"
[1] "Processing draws 9001 to 9100"
[1] "Chunk time = 18.4784269332886"
[1] "Processing draws 9101 to 9200"
[1] "Chunk time = 18.3052899837494"
[1] "Processing draws 9201 to 9300"
[1] "Chunk time = 18.3279256820679"
[1] "Processing draws 9301 to 9400"
[1] "Chunk time = 17.8357646465302"
[1] "Processing draws 9401 to 9500"
[1] "Chunk time = 18.3227968215942"
[1] "Processing draws 9501 to 9600"
[1] "Chunk time = 18.1126308441162"
[1] "Processing draws 9601 to 9700"
[1] "Chunk time = 18.1878981590271"
[1] "Processing draws 9701 to 9800"
[1] "Chunk time = 18.5182793140411"
[1] "Processing draws 9801 to 9900"
[1] "Chunk time = 17.9828011989594"
[1] "Processing draws 9901 to 10000"
[1] "Chunk time = 18.2188498973846"
[1] "Processing draws 10001 to 10100"
[1] "Chunk time = 18.2769205570221"
[1] "Processing draws 10101 to 10200"
[1] "Chunk time = 18.539436340332"
[1] "Processing draws 10201 to 10300"
[1] "Chunk time = 18.0774660110474"
[1] "Processing draws 10301 to 10400"
[1] "Chunk time = 18.3965783119202"
[1] "Processing draws 10401 to 10500"
[1] "Chunk time = 18.752110004425"
[1] "Processing draws 10501 to 10600"
[1] "Chunk time = 18.6624269485474"
[1] "Processing draws 10601 to 10700"
[1] "Chunk time = 18.3669629096985"
[1] "Processing draws 10701 to 10800"
[1] "Chunk time = 18.4520416259766"
[1] "Processing draws 10801 to 10900"
[1] "Chunk time = 18.6566567420959"
[1] "Processing draws 10901 to 11000"
[1] "Chunk time = 18.2365663051605"
[1] "Processing draws 11001 to 11100"
[1] "Chunk time = 18.4772155284882"
[1] "Processing draws 11101 to 11200"
[1] "Chunk time = 18.0910747051239"
[1] "Processing draws 11201 to 11300"
[1] "Chunk time = 18.4362607002258"
[1] "Processing draws 11301 to 11400"
[1] "Chunk time = 18.4865550994873"
[1] "Processing draws 11401 to 11500"
[1] "Chunk time = 18.2719531059265"
[1] "Processing draws 11501 to 11600"
[1] "Chunk time = 18.5668728351593"
[1] "Processing draws 11601 to 11700"
[1] "Chunk time = 18.459210395813"
[1] "Processing draws 11701 to 11800"
[1] "Chunk time = 18.6616992950439"
[1] "Processing draws 11801 to 11900"
[1] "Chunk time = 18.9604132175446"
[1] "Processing draws 11901 to 12000"
[1] "Chunk time = 18.6725804805756"
[1] "Processing draws 12001 to 12100"
[1] "Chunk time = 18.4113538265228"
[1] "Processing draws 12101 to 12200"
[1] "Chunk time = 18.5248794555664"
[1] "Processing draws 12201 to 12300"
[1] "Chunk time = 18.374391078949"
[1] "Processing draws 12301 to 12400"
[1] "Chunk time = 18.3054270744324"
[1] "Processing draws 12401 to 12500"
[1] "Chunk time = 18.7073550224304"
[1] "Processing draws 12501 to 12600"
[1] "Chunk time = 18.3620629310608"
[1] "Processing draws 12601 to 12700"
[1] "Chunk time = 18.7413544654846"
[1] "Processing draws 12701 to 12800"
[1] "Chunk time = 18.3908576965332"
[1] "Processing draws 12801 to 12900"
[1] "Chunk time = 18.5242085456848"
[1] "Processing draws 12901 to 13000"
[1] "Chunk time = 18.4556751251221"
[1] "Processing draws 13001 to 13100"
[1] "Chunk time = 18.4265477657318"
[1] "Processing draws 13101 to 13200"
[1] "Chunk time = 18.3733057975769"
[1] "Processing draws 13201 to 13300"
[1] "Chunk time = 18.5766408443451"
[1] "Processing draws 13301 to 13400"
[1] "Chunk time = 18.6588294506073"
[1] "Processing draws 13401 to 13500"
[1] "Chunk time = 18.1328835487366"
[1] "Processing draws 13501 to 13600"
[1] "Chunk time = 18.5081250667572"
[1] "Processing draws 13601 to 13700"
[1] "Chunk time = 18.084988117218"
[1] "Processing draws 13701 to 13800"
[1] "Chunk time = 18.0662355422974"
[1] "Processing draws 13801 to 13900"
[1] "Chunk time = 17.9861407279968"
[1] "Processing draws 13901 to 14000"
[1] "Chunk time = 17.9710209369659"
[1] "Processing draws 14001 to 14100"
[1] "Chunk time = 17.9434113502502"
[1] "Processing draws 14101 to 14200"
[1] "Chunk time = 17.7901227474213"
[1] "Processing draws 14201 to 14300"
[1] "Chunk time = 18.2092196941376"
[1] "Processing draws 14301 to 14400"
[1] "Chunk time = 18.1743493080139"
[1] "Processing draws 14401 to 14500"
[1] "Chunk time = 18.186069726944"
[1] "Processing draws 14501 to 14600"
[1] "Chunk time = 18.1507940292358"
[1] "Processing draws 14601 to 14700"
[1] "Chunk time = 18.5879769325256"
[1] "Processing draws 14701 to 14800"
[1] "Chunk time = 18.2416129112244"
[1] "Processing draws 14801 to 14900"
[1] "Chunk time = 18.0798773765564"
[1] "Processing draws 14901 to 15000"
[1] "Chunk time = 18.5268633365631"
[1] "Processing draws 15001 to 15100"
[1] "Chunk time = 18.0693438053131"
[1] "Processing draws 15101 to 15200"
[1] "Chunk time = 18.3669254779816"
[1] "Processing draws 15201 to 15300"
[1] "Chunk time = 18.2656311988831"
[1] "Processing draws 15301 to 15400"
[1] "Chunk time = 18.2564482688904"
[1] "Processing draws 15401 to 15500"
[1] "Chunk time = 18.4550089836121"
[1] "Processing draws 15501 to 15600"
[1] "Chunk time = 18.1762387752533"
[1] "Processing draws 15601 to 15700"
[1] "Chunk time = 18.2720425128937"
[1] "Processing draws 15701 to 15800"
[1] "Chunk time = 18.1105771064758"
[1] "Processing draws 15801 to 15900"
[1] "Chunk time = 18.4527070522308"
[1] "Processing draws 15901 to 16000"
[1] "Chunk time = 18.0879602432251"
[1] "Processing draws 16001 to 16100"
[1] "Chunk time = 18.3350563049316"
[1] "Processing draws 16101 to 16200"
[1] "Chunk time = 18.3046114444733"
[1] "Processing draws 16201 to 16300"
[1] "Chunk time = 18.3471121788025"
[1] "Processing draws 16301 to 16400"
[1] "Chunk time = 18.438419342041"
[1] "Processing draws 16401 to 16500"
[1] "Chunk time = 18.1526494026184"
[1] "Processing draws 16501 to 16600"
[1] "Chunk time = 18.6244180202484"
[1] "Processing draws 16601 to 16700"
[1] "Chunk time = 18.3848695755005"
[1] "Processing draws 16701 to 16800"
[1] "Chunk time = 18.5152235031128"
[1] "Processing draws 16801 to 16900"
[1] "Chunk time = 18.33172082901"
[1] "Processing draws 16901 to 17000"
[1] "Chunk time = 18.3674371242523"
[1] "Processing draws 17001 to 17100"
[1] "Chunk time = 18.2784340381622"
[1] "Processing draws 17101 to 17200"
[1] "Chunk time = 18.1128838062286"
[1] "Processing draws 17201 to 17300"
[1] "Chunk time = 18.5587139129639"
[1] "Processing draws 17301 to 17400"
[1] "Chunk time = 18.302187204361"
[1] "Processing draws 17401 to 17500"
[1] "Chunk time = 18.510479927063"
[1] "Processing draws 17501 to 17600"
[1] "Chunk time = 18.4734408855438"
[1] "Processing draws 17601 to 17700"
[1] "Chunk time = 18.4691145420074"
[1] "Processing draws 17701 to 17800"
[1] "Chunk time = 18.4642772674561"
[1] "Processing draws 17801 to 17900"
[1] "Chunk time = 18.5982358455658"
[1] "Processing draws 17901 to 18000"
[1] "Chunk time = 18.6811335086823"
[1] "Processing draws 18001 to 18100"
[1] "Chunk time = 17.8407599925995"
[1] "Processing draws 18101 to 18200"
[1] "Chunk time = 18.3918998241425"
[1] "Processing draws 18201 to 18300"
[1] "Chunk time = 17.742650270462"
[1] "Processing draws 18301 to 18400"
[1] "Chunk time = 18.0054063796997"
[1] "Processing draws 18401 to 18500"
[1] "Chunk time = 18.1276159286499"
[1] "Processing draws 18501 to 18600"
[1] "Chunk time = 18.0807168483734"
[1] "Processing draws 18601 to 18700"
[1] "Chunk time = 18.121246099472"
[1] "Processing draws 18701 to 18800"
[1] "Chunk time = 18.2438271045685"
[1] "Processing draws 18801 to 18900"
[1] "Chunk time = 18.4984531402588"
[1] "Processing draws 18901 to 19000"
[1] "Chunk time = 17.9989020824432"
[1] "Processing draws 19001 to 19100"
[1] "Chunk time = 18.4059295654297"
[1] "Processing draws 19101 to 19200"
[1] "Chunk time = 17.9824388027191"
[1] "Processing draws 19201 to 19300"
[1] "Chunk time = 18.2140674591064"
[1] "Processing draws 19301 to 19400"
[1] "Chunk time = 18.2017202377319"
[1] "Processing draws 19401 to 19500"
[1] "Chunk time = 18.1990358829498"
[1] "Processing draws 19501 to 19600"
[1] "Chunk time = 18.398540019989"
[1] "Processing draws 19601 to 19700"
[1] "Chunk time = 18.2666640281677"
[1] "Processing draws 19701 to 19800"
[1] "Chunk time = 18.5558528900146"
[1] "Processing draws 19801 to 19900"
[1] "Chunk time = 17.9871037006378"
[1] "Processing draws 19901 to 20000"
[1] "Chunk time = 18.3364443778992"
[1] "done lapplying"
[1] "Saving current params"
[1] "Saving params to output.rds"
[1] TRUE
