[1] "Starting sampling."
Running MCMC with 4 parallel chains, with 4 thread(s) per chain...

Chain 1 Iteration:    1 / 6000 [  0%]  (Warmup) 
Chain 2 Iteration:    1 / 6000 [  0%]  (Warmup) 
Chain 3 Iteration:    1 / 6000 [  0%]  (Warmup) 
Chain 4 Iteration:    1 / 6000 [  0%]  (Warmup) 
Chain 2 Iteration:  100 / 6000 [  1%]  (Warmup) 
Chain 3 Iteration:  100 / 6000 [  1%]  (Warmup) 
Chain 4 Iteration:  100 / 6000 [  1%]  (Warmup) 
Chain 1 Iteration:  100 / 6000 [  1%]  (Warmup) 
Chain 2 Iteration:  200 / 6000 [  3%]  (Warmup) 
Chain 4 Iteration:  200 / 6000 [  3%]  (Warmup) 
Chain 1 Iteration:  200 / 6000 [  3%]  (Warmup) 
Chain 3 Iteration:  200 / 6000 [  3%]  (Warmup) 
Chain 2 Iteration:  300 / 6000 [  5%]  (Warmup) 
Chain 3 Iteration:  300 / 6000 [  5%]  (Warmup) 
Chain 4 Iteration:  300 / 6000 [  5%]  (Warmup) 
Chain 1 Iteration:  300 / 6000 [  5%]  (Warmup) 
Chain 2 Iteration:  400 / 6000 [  6%]  (Warmup) 
Chain 1 Iteration:  400 / 6000 [  6%]  (Warmup) 
Chain 3 Iteration:  400 / 6000 [  6%]  (Warmup) 
Chain 4 Iteration:  400 / 6000 [  6%]  (Warmup) 
Chain 2 Iteration:  500 / 6000 [  8%]  (Warmup) 
Chain 3 Iteration:  500 / 6000 [  8%]  (Warmup) 
Chain 4 Iteration:  500 / 6000 [  8%]  (Warmup) 
Chain 1 Iteration:  500 / 6000 [  8%]  (Warmup) 
Chain 2 Iteration:  600 / 6000 [ 10%]  (Warmup) 
Chain 3 Iteration:  600 / 6000 [ 10%]  (Warmup) 
Chain 2 Iteration:  700 / 6000 [ 11%]  (Warmup) 
Chain 4 Iteration:  600 / 6000 [ 10%]  (Warmup) 
Chain 1 Iteration:  600 / 6000 [ 10%]  (Warmup) 
Chain 2 Iteration:  800 / 6000 [ 13%]  (Warmup) 
Chain 3 Iteration:  700 / 6000 [ 11%]  (Warmup) 
Chain 4 Iteration:  700 / 6000 [ 11%]  (Warmup) 
Chain 1 Iteration:  700 / 6000 [ 11%]  (Warmup) 
Chain 2 Iteration:  900 / 6000 [ 15%]  (Warmup) 
Chain 3 Iteration:  800 / 6000 [ 13%]  (Warmup) 
Chain 4 Iteration:  800 / 6000 [ 13%]  (Warmup) 
Chain 1 Iteration:  800 / 6000 [ 13%]  (Warmup) 
Chain 2 Iteration: 1000 / 6000 [ 16%]  (Warmup) 
Chain 2 Iteration: 1001 / 6000 [ 16%]  (Sampling) 
Chain 3 Iteration:  900 / 6000 [ 15%]  (Warmup) 
Chain 4 Iteration:  900 / 6000 [ 15%]  (Warmup) 
Chain 1 Iteration:  900 / 6000 [ 15%]  (Warmup) 
Chain 2 Iteration: 1100 / 6000 [ 18%]  (Sampling) 
Chain 3 Iteration: 1000 / 6000 [ 16%]  (Warmup) 
Chain 3 Iteration: 1001 / 6000 [ 16%]  (Sampling) 
Chain 4 Iteration: 1000 / 6000 [ 16%]  (Warmup) 
Chain 4 Iteration: 1001 / 6000 [ 16%]  (Sampling) 
Chain 1 Iteration: 1000 / 6000 [ 16%]  (Warmup) 
Chain 1 Iteration: 1001 / 6000 [ 16%]  (Sampling) 
Chain 2 Iteration: 1200 / 6000 [ 20%]  (Sampling) 
Chain 3 Iteration: 1100 / 6000 [ 18%]  (Sampling) 
Chain 4 Iteration: 1100 / 6000 [ 18%]  (Sampling) 
Chain 1 Iteration: 1100 / 6000 [ 18%]  (Sampling) 
Chain 2 Iteration: 1300 / 6000 [ 21%]  (Sampling) 
Chain 3 Iteration: 1200 / 6000 [ 20%]  (Sampling) 
Chain 4 Iteration: 1200 / 6000 [ 20%]  (Sampling) 
Chain 1 Iteration: 1200 / 6000 [ 20%]  (Sampling) 
Chain 2 Iteration: 1400 / 6000 [ 23%]  (Sampling) 
Chain 3 Iteration: 1300 / 6000 [ 21%]  (Sampling) 
Chain 4 Iteration: 1300 / 6000 [ 21%]  (Sampling) 
Chain 2 Iteration: 1500 / 6000 [ 25%]  (Sampling) 
Chain 1 Iteration: 1300 / 6000 [ 21%]  (Sampling) 
Chain 3 Iteration: 1400 / 6000 [ 23%]  (Sampling) 
Chain 2 Iteration: 1600 / 6000 [ 26%]  (Sampling) 
Chain 4 Iteration: 1400 / 6000 [ 23%]  (Sampling) 
Chain 1 Iteration: 1400 / 6000 [ 23%]  (Sampling) 
Chain 2 Iteration: 1700 / 6000 [ 28%]  (Sampling) 
Chain 3 Iteration: 1500 / 6000 [ 25%]  (Sampling) 
Chain 4 Iteration: 1500 / 6000 [ 25%]  (Sampling) 
Chain 1 Iteration: 1500 / 6000 [ 25%]  (Sampling) 
Chain 2 Iteration: 1800 / 6000 [ 30%]  (Sampling) 
Chain 3 Iteration: 1600 / 6000 [ 26%]  (Sampling) 
Chain 4 Iteration: 1600 / 6000 [ 26%]  (Sampling) 
Chain 1 Iteration: 1600 / 6000 [ 26%]  (Sampling) 
Chain 2 Iteration: 1900 / 6000 [ 31%]  (Sampling) 
Chain 3 Iteration: 1700 / 6000 [ 28%]  (Sampling) 
Chain 4 Iteration: 1700 / 6000 [ 28%]  (Sampling) 
Chain 1 Iteration: 1700 / 6000 [ 28%]  (Sampling) 
Chain 2 Iteration: 2000 / 6000 [ 33%]  (Sampling) 
Chain 3 Iteration: 1800 / 6000 [ 30%]  (Sampling) 
Chain 4 Iteration: 1800 / 6000 [ 30%]  (Sampling) 
Chain 1 Iteration: 1800 / 6000 [ 30%]  (Sampling) 
Chain 2 Iteration: 2100 / 6000 [ 35%]  (Sampling) 
Chain 3 Iteration: 1900 / 6000 [ 31%]  (Sampling) 
Chain 4 Iteration: 1900 / 6000 [ 31%]  (Sampling) 
Chain 2 Iteration: 2200 / 6000 [ 36%]  (Sampling) 
Chain 1 Iteration: 1900 / 6000 [ 31%]  (Sampling) 
Chain 3 Iteration: 2000 / 6000 [ 33%]  (Sampling) 
Chain 4 Iteration: 2000 / 6000 [ 33%]  (Sampling) 
Chain 2 Iteration: 2300 / 6000 [ 38%]  (Sampling) 
Chain 1 Iteration: 2000 / 6000 [ 33%]  (Sampling) 
Chain 3 Iteration: 2100 / 6000 [ 35%]  (Sampling) 
Chain 2 Iteration: 2400 / 6000 [ 40%]  (Sampling) 
Chain 4 Iteration: 2100 / 6000 [ 35%]  (Sampling) 
Chain 1 Iteration: 2100 / 6000 [ 35%]  (Sampling) 
Chain 2 Iteration: 2500 / 6000 [ 41%]  (Sampling) 
Chain 3 Iteration: 2200 / 6000 [ 36%]  (Sampling) 
Chain 4 Iteration: 2200 / 6000 [ 36%]  (Sampling) 
Chain 1 Iteration: 2200 / 6000 [ 36%]  (Sampling) 
Chain 2 Iteration: 2600 / 6000 [ 43%]  (Sampling) 
Chain 3 Iteration: 2300 / 6000 [ 38%]  (Sampling) 
Chain 4 Iteration: 2300 / 6000 [ 38%]  (Sampling) 
Chain 1 Iteration: 2300 / 6000 [ 38%]  (Sampling) 
Chain 2 Iteration: 2700 / 6000 [ 45%]  (Sampling) 
Chain 3 Iteration: 2400 / 6000 [ 40%]  (Sampling) 
Chain 4 Iteration: 2400 / 6000 [ 40%]  (Sampling) 
Chain 1 Iteration: 2400 / 6000 [ 40%]  (Sampling) 
Chain 2 Iteration: 2800 / 6000 [ 46%]  (Sampling) 
Chain 3 Iteration: 2500 / 6000 [ 41%]  (Sampling) 
Chain 4 Iteration: 2500 / 6000 [ 41%]  (Sampling) 
Chain 1 Iteration: 2500 / 6000 [ 41%]  (Sampling) 
Chain 2 Iteration: 2900 / 6000 [ 48%]  (Sampling) 
Chain 3 Iteration: 2600 / 6000 [ 43%]  (Sampling) 
Chain 4 Iteration: 2600 / 6000 [ 43%]  (Sampling) 
Chain 1 Iteration: 2600 / 6000 [ 43%]  (Sampling) 
Chain 2 Iteration: 3000 / 6000 [ 50%]  (Sampling) 
Chain 3 Iteration: 2700 / 6000 [ 45%]  (Sampling) 
Chain 4 Iteration: 2700 / 6000 [ 45%]  (Sampling) 
Chain 2 Iteration: 3100 / 6000 [ 51%]  (Sampling) 
Chain 1 Iteration: 2700 / 6000 [ 45%]  (Sampling) 
Chain 3 Iteration: 2800 / 6000 [ 46%]  (Sampling) 
Chain 2 Iteration: 3200 / 6000 [ 53%]  (Sampling) 
Chain 4 Iteration: 2800 / 6000 [ 46%]  (Sampling) 
Chain 1 Iteration: 2800 / 6000 [ 46%]  (Sampling) 
Chain 2 Iteration: 3300 / 6000 [ 55%]  (Sampling) 
Chain 3 Iteration: 2900 / 6000 [ 48%]  (Sampling) 
Chain 4 Iteration: 2900 / 6000 [ 48%]  (Sampling) 
Chain 1 Iteration: 2900 / 6000 [ 48%]  (Sampling) 
Chain 2 Iteration: 3400 / 6000 [ 56%]  (Sampling) 
Chain 3 Iteration: 3000 / 6000 [ 50%]  (Sampling) 
Chain 4 Iteration: 3000 / 6000 [ 50%]  (Sampling) 
Chain 1 Iteration: 3000 / 6000 [ 50%]  (Sampling) 
Chain 2 Iteration: 3500 / 6000 [ 58%]  (Sampling) 
Chain 3 Iteration: 3100 / 6000 [ 51%]  (Sampling) 
Chain 4 Iteration: 3100 / 6000 [ 51%]  (Sampling) 
Chain 1 Iteration: 3100 / 6000 [ 51%]  (Sampling) 
Chain 2 Iteration: 3600 / 6000 [ 60%]  (Sampling) 
Chain 3 Iteration: 3200 / 6000 [ 53%]  (Sampling) 
Chain 4 Iteration: 3200 / 6000 [ 53%]  (Sampling) 
Chain 2 Iteration: 3700 / 6000 [ 61%]  (Sampling) 
Chain 1 Iteration: 3200 / 6000 [ 53%]  (Sampling) 
Chain 3 Iteration: 3300 / 6000 [ 55%]  (Sampling) 
Chain 2 Iteration: 3800 / 6000 [ 63%]  (Sampling) 
Chain 4 Iteration: 3300 / 6000 [ 55%]  (Sampling) 
Chain 1 Iteration: 3300 / 6000 [ 55%]  (Sampling) 
Chain 2 Iteration: 3900 / 6000 [ 65%]  (Sampling) 
Chain 3 Iteration: 3400 / 6000 [ 56%]  (Sampling) 
Chain 4 Iteration: 3400 / 6000 [ 56%]  (Sampling) 
Chain 1 Iteration: 3400 / 6000 [ 56%]  (Sampling) 
Chain 2 Iteration: 4000 / 6000 [ 66%]  (Sampling) 
Chain 3 Iteration: 3500 / 6000 [ 58%]  (Sampling) 
Chain 4 Iteration: 3500 / 6000 [ 58%]  (Sampling) 
Chain 1 Iteration: 3500 / 6000 [ 58%]  (Sampling) 
Chain 2 Iteration: 4100 / 6000 [ 68%]  (Sampling) 
Chain 3 Iteration: 3600 / 6000 [ 60%]  (Sampling) 
Chain 4 Iteration: 3600 / 6000 [ 60%]  (Sampling) 
Chain 1 Iteration: 3600 / 6000 [ 60%]  (Sampling) 
Chain 2 Iteration: 4200 / 6000 [ 70%]  (Sampling) 
Chain 3 Iteration: 3700 / 6000 [ 61%]  (Sampling) 
Chain 4 Iteration: 3700 / 6000 [ 61%]  (Sampling) 
Chain 1 Iteration: 3700 / 6000 [ 61%]  (Sampling) 
Chain 2 Iteration: 4300 / 6000 [ 71%]  (Sampling) 
Chain 3 Iteration: 3800 / 6000 [ 63%]  (Sampling) 
Chain 4 Iteration: 3800 / 6000 [ 63%]  (Sampling) 
Chain 1 Iteration: 3800 / 6000 [ 63%]  (Sampling) 
Chain 2 Iteration: 4400 / 6000 [ 73%]  (Sampling) 
Chain 3 Iteration: 3900 / 6000 [ 65%]  (Sampling) 
Chain 4 Iteration: 3900 / 6000 [ 65%]  (Sampling) 
Chain 2 Iteration: 4500 / 6000 [ 75%]  (Sampling) 
Chain 1 Iteration: 3900 / 6000 [ 65%]  (Sampling) 
Chain 3 Iteration: 4000 / 6000 [ 66%]  (Sampling) 
Chain 2 Iteration: 4600 / 6000 [ 76%]  (Sampling) 
Chain 4 Iteration: 4000 / 6000 [ 66%]  (Sampling) 
Chain 1 Iteration: 4000 / 6000 [ 66%]  (Sampling) 
Chain 2 Iteration: 4700 / 6000 [ 78%]  (Sampling) 
Chain 3 Iteration: 4100 / 6000 [ 68%]  (Sampling) 
Chain 4 Iteration: 4100 / 6000 [ 68%]  (Sampling) 
Chain 1 Iteration: 4100 / 6000 [ 68%]  (Sampling) 
Chain 2 Iteration: 4800 / 6000 [ 80%]  (Sampling) 
Chain 3 Iteration: 4200 / 6000 [ 70%]  (Sampling) 
Chain 4 Iteration: 4200 / 6000 [ 70%]  (Sampling) 
Chain 1 Iteration: 4200 / 6000 [ 70%]  (Sampling) 
Chain 2 Iteration: 4900 / 6000 [ 81%]  (Sampling) 
Chain 3 Iteration: 4300 / 6000 [ 71%]  (Sampling) 
Chain 4 Iteration: 4300 / 6000 [ 71%]  (Sampling) 
Chain 1 Iteration: 4300 / 6000 [ 71%]  (Sampling) 
Chain 2 Iteration: 5000 / 6000 [ 83%]  (Sampling) 
Chain 3 Iteration: 4400 / 6000 [ 73%]  (Sampling) 
Chain 4 Iteration: 4400 / 6000 [ 73%]  (Sampling) 
Chain 1 Iteration: 4400 / 6000 [ 73%]  (Sampling) 
Chain 2 Iteration: 5100 / 6000 [ 85%]  (Sampling) 
Chain 3 Iteration: 4500 / 6000 [ 75%]  (Sampling) 
Chain 4 Iteration: 4500 / 6000 [ 75%]  (Sampling) 
Chain 2 Iteration: 5200 / 6000 [ 86%]  (Sampling) 
Chain 1 Iteration: 4500 / 6000 [ 75%]  (Sampling) 
Chain 3 Iteration: 4600 / 6000 [ 76%]  (Sampling) 
Chain 2 Iteration: 5300 / 6000 [ 88%]  (Sampling) 
Chain 4 Iteration: 4600 / 6000 [ 76%]  (Sampling) 
Chain 1 Iteration: 4600 / 6000 [ 76%]  (Sampling) 
Chain 2 Iteration: 5400 / 6000 [ 90%]  (Sampling) 
Chain 3 Iteration: 4700 / 6000 [ 78%]  (Sampling) 
Chain 4 Iteration: 4700 / 6000 [ 78%]  (Sampling) 
Chain 1 Iteration: 4700 / 6000 [ 78%]  (Sampling) 
Chain 2 Iteration: 5500 / 6000 [ 91%]  (Sampling) 
Chain 3 Iteration: 4800 / 6000 [ 80%]  (Sampling) 
Chain 4 Iteration: 4800 / 6000 [ 80%]  (Sampling) 
Chain 1 Iteration: 4800 / 6000 [ 80%]  (Sampling) 
Chain 2 Iteration: 5600 / 6000 [ 93%]  (Sampling) 
Chain 3 Iteration: 4900 / 6000 [ 81%]  (Sampling) 
Chain 4 Iteration: 4900 / 6000 [ 81%]  (Sampling) 
Chain 1 Iteration: 4900 / 6000 [ 81%]  (Sampling) 
Chain 2 Iteration: 5700 / 6000 [ 95%]  (Sampling) 
Chain 3 Iteration: 5000 / 6000 [ 83%]  (Sampling) 
Chain 4 Iteration: 5000 / 6000 [ 83%]  (Sampling) 
Chain 1 Iteration: 5000 / 6000 [ 83%]  (Sampling) 
Chain 2 Iteration: 5800 / 6000 [ 96%]  (Sampling) 
Chain 3 Iteration: 5100 / 6000 [ 85%]  (Sampling) 
Chain 4 Iteration: 5100 / 6000 [ 85%]  (Sampling) 
Chain 1 Iteration: 5100 / 6000 [ 85%]  (Sampling) 
Chain 2 Iteration: 5900 / 6000 [ 98%]  (Sampling) 
Chain 3 Iteration: 5200 / 6000 [ 86%]  (Sampling) 
Chain 4 Iteration: 5200 / 6000 [ 86%]  (Sampling) 
Chain 2 Iteration: 6000 / 6000 [100%]  (Sampling) 
Chain 2 finished in 66956.8 seconds.
Chain 1 Iteration: 5200 / 6000 [ 86%]  (Sampling) 
Chain 3 Iteration: 5300 / 6000 [ 88%]  (Sampling) 
Chain 4 Iteration: 5300 / 6000 [ 88%]  (Sampling) 
Chain 1 Iteration: 5300 / 6000 [ 88%]  (Sampling) 
Chain 3 Iteration: 5400 / 6000 [ 90%]  (Sampling) 
Chain 4 Iteration: 5400 / 6000 [ 90%]  (Sampling) 
Chain 1 Iteration: 5400 / 6000 [ 90%]  (Sampling) 
Chain 3 Iteration: 5500 / 6000 [ 91%]  (Sampling) 
Chain 4 Iteration: 5500 / 6000 [ 91%]  (Sampling) 
Chain 1 Iteration: 5500 / 6000 [ 91%]  (Sampling) 
Chain 3 Iteration: 5600 / 6000 [ 93%]  (Sampling) 
Chain 4 Iteration: 5600 / 6000 [ 93%]  (Sampling) 
Chain 1 Iteration: 5600 / 6000 [ 93%]  (Sampling) 
Chain 3 Iteration: 5700 / 6000 [ 95%]  (Sampling) 
Chain 4 Iteration: 5700 / 6000 [ 95%]  (Sampling) 
Chain 1 Iteration: 5700 / 6000 [ 95%]  (Sampling) 
Chain 3 Iteration: 5800 / 6000 [ 96%]  (Sampling) 
Chain 4 Iteration: 5800 / 6000 [ 96%]  (Sampling) 
Chain 1 Iteration: 5800 / 6000 [ 96%]  (Sampling) 
Chain 3 Iteration: 5900 / 6000 [ 98%]  (Sampling) 
Chain 4 Iteration: 5900 / 6000 [ 98%]  (Sampling) 
Chain 1 Iteration: 5900 / 6000 [ 98%]  (Sampling) 
Chain 3 Iteration: 6000 / 6000 [100%]  (Sampling) 
Chain 4 Iteration: 6000 / 6000 [100%]  (Sampling) 
Chain 3 finished in 76429.0 seconds.
Chain 4 finished in 76434.4 seconds.
Chain 1 Iteration: 6000 / 6000 [100%]  (Sampling) 
Chain 1 finished in 76681.3 seconds.

All 4 chains finished successfully.
Mean chain execution time: 74125.4 seconds.
Total execution time: 76682.2 seconds.

[1] "Processing draws 1 to 100"
[1] "Chunk time = 3.1963636914889"
[1] "Processing draws 101 to 200"
[1] "Chunk time = 2.30693843364716"
[1] "Processing draws 201 to 300"
[1] "Chunk time = 2.44297844568888"
[1] "Processing draws 301 to 400"
[1] "Chunk time = 2.10229348738988"
[1] "Processing draws 401 to 500"
[1] "Chunk time = 1.99385229349136"
[1] "Processing draws 501 to 600"
[1] "Chunk time = 1.96978455781937"
[1] "Processing draws 601 to 700"
[1] "Chunk time = 2.05546807448069"
[1] "Processing draws 701 to 800"
[1] "Chunk time = 2.17477280298869"
[1] "Processing draws 801 to 900"
[1] "Chunk time = 1.99053194522858"
[1] "Processing draws 901 to 1000"
[1] "Chunk time = 2.13189969460169"
[1] "Processing draws 1001 to 1100"
[1] "Chunk time = 1.99039615392685"
[1] "Processing draws 1101 to 1200"
[1] "Chunk time = 1.99465420643489"
[1] "Processing draws 1201 to 1300"
[1] "Chunk time = 2.14426678816477"
[1] "Processing draws 1301 to 1400"
[1] "Chunk time = 1.97198579311371"
[1] "Processing draws 1401 to 1500"
[1] "Chunk time = 2.03865687847137"
[1] "Processing draws 1501 to 1600"
[1] "Chunk time = 2.12921326557795"
[1] "Processing draws 1601 to 1700"
[1] "Chunk time = 1.95228274663289"
[1] "Processing draws 1701 to 1800"
[1] "Chunk time = 1.95958864291509"
[1] "Processing draws 1801 to 1900"
[1] "Chunk time = 2.13265622854233"
[1] "Processing draws 1901 to 2000"
[1] "Chunk time = 1.94392047723134"
[1] "Processing draws 2001 to 2100"
[1] "Chunk time = 1.96198607683182"
[1] "Processing draws 2101 to 2200"
[1] "Chunk time = 2.0929804444313"
[1] "Processing draws 2201 to 2300"
[1] "Chunk time = 1.97276260058085"
[1] "Processing draws 2301 to 2400"
[1] "Chunk time = 1.92407102584839"
[1] "Processing draws 2401 to 2500"
[1] "Chunk time = 2.09495676358541"
[1] "Processing draws 2501 to 2600"
[1] "Chunk time = 1.93381311496099"
[1] "Processing draws 2601 to 2700"
[1] "Chunk time = 1.94338776270548"
[1] "Processing draws 2701 to 2800"
[1] "Chunk time = 2.12924475669861"
[1] "Processing draws 2801 to 2900"
[1] "Chunk time = 1.94371765057246"
[1] "Processing draws 2901 to 3000"
[1] "Chunk time = 1.9037187854449"
[1] "Processing draws 3001 to 3100"
[1] "Chunk time = 2.00418098767598"
[1] "Processing draws 3101 to 3200"
[1] "Chunk time = 1.94731950759888"
[1] "Processing draws 3201 to 3300"
[1] "Chunk time = 1.96087409257889"
[1] "Processing draws 3301 to 3400"
[1] "Chunk time = 2.02581442197164"
[1] "Processing draws 3401 to 3500"
[1] "Chunk time = 1.9284330368042"
[1] "Processing draws 3501 to 3600"
[1] "Chunk time = 1.91752458810806"
[1] "Processing draws 3601 to 3700"
[1] "Chunk time = 1.97161761919657"
[1] "Processing draws 3701 to 3800"
[1] "Chunk time = 1.8975418249766"
[1] "Processing draws 3801 to 3900"
[1] "Chunk time = 1.90980846881866"
[1] "Processing draws 3901 to 4000"
[1] "Chunk time = 2.12638949950536"
[1] "Processing draws 4001 to 4100"
[1] "Chunk time = 1.96575240691503"
[1] "Processing draws 4101 to 4200"
[1] "Chunk time = 1.96083114544551"
[1] "Processing draws 4201 to 4300"
[1] "Chunk time = 2.11721912225087"
[1] "Processing draws 4301 to 4400"
[1] "Chunk time = 1.96172491312027"
[1] "Processing draws 4401 to 4500"
[1] "Chunk time = 1.93002907037735"
[1] "Processing draws 4501 to 4600"
[1] "Chunk time = 2.09334883292516"
[1] "Processing draws 4601 to 4700"
[1] "Chunk time = 1.95715584754944"
[1] "Processing draws 4701 to 4800"
[1] "Chunk time = 1.92600231568019"
[1] "Processing draws 4801 to 4900"
[1] "Chunk time = 2.14004120429357"
[1] "Processing draws 4901 to 5000"
[1] "Chunk time = 1.96047043005625"
[1] "Processing draws 5001 to 5100"
[1] "Chunk time = 1.95994207859039"
[1] "Processing draws 5101 to 5200"
[1] "Chunk time = 2.12914445797602"
[1] "Processing draws 5201 to 5300"
[1] "Chunk time = 2.00563526550929"
[1] "Processing draws 5301 to 5400"
[1] "Chunk time = 2.01844410498937"
[1] "Processing draws 5401 to 5500"
[1] "Chunk time = 2.09279144605001"
[1] "Processing draws 5501 to 5600"
[1] "Chunk time = 1.94096641143163"
[1] "Processing draws 5601 to 5700"
[1] "Chunk time = 1.93905057112376"
[1] "Processing draws 5701 to 5800"
[1] "Chunk time = 2.09540467262268"
[1] "Processing draws 5801 to 5900"
[1] "Chunk time = 1.93116343021393"
[1] "Processing draws 5901 to 6000"
[1] "Chunk time = 2.02705649932226"
[1] "Processing draws 6001 to 6100"
[1] "Chunk time = 2.10245905717214"
[1] "Processing draws 6101 to 6200"
[1] "Chunk time = 1.99764890670776"
[1] "Processing draws 6201 to 6300"
[1] "Chunk time = 1.88585203886032"
[1] "Processing draws 6301 to 6400"
[1] "Chunk time = 2.10152974526087"
[1] "Processing draws 6401 to 6500"
[1] "Chunk time = 1.96694374879201"
[1] "Processing draws 6501 to 6600"
[1] "Chunk time = 1.9165597875913"
[1] "Processing draws 6601 to 6700"
[1] "Chunk time = 2.08933971722921"
[1] "Processing draws 6701 to 6800"
[1] "Chunk time = 1.96210157473882"
[1] "Processing draws 6801 to 6900"
[1] "Chunk time = 1.99824413458506"
[1] "Processing draws 6901 to 7000"
[1] "Chunk time = 2.10718772808711"
[1] "Processing draws 7001 to 7100"
[1] "Chunk time = 1.9553066889445"
[1] "Processing draws 7101 to 7200"
[1] "Chunk time = 1.91759094794591"
[1] "Processing draws 7201 to 7300"
[1] "Chunk time = 2.09389276107152"
[1] "Processing draws 7301 to 7400"
[1] "Chunk time = 1.96095854441325"
[1] "Processing draws 7401 to 7500"
[1] "Chunk time = 1.93206326166789"
[1] "Processing draws 7501 to 7600"
[1] "Chunk time = 2.10090114275614"
[1] "Processing draws 7601 to 7700"
[1] "Chunk time = 1.95322948296865"
[1] "Processing draws 7701 to 7800"
[1] "Chunk time = 1.89562771717707"
[1] "Processing draws 7801 to 7900"
[1] "Chunk time = 2.11601748863856"
[1] "Processing draws 7901 to 8000"
[1] "Chunk time = 1.93270084460576"
[1] "Processing draws 8001 to 8100"
[1] "Chunk time = 1.99600251118342"
[1] "Processing draws 8101 to 8200"
[1] "Chunk time = 2.08878841400146"
[1] "Processing draws 8201 to 8300"
[1] "Chunk time = 2.00106954574585"
[1] "Processing draws 8301 to 8400"
[1] "Chunk time = 1.91994621753693"
[1] "Processing draws 8401 to 8500"
[1] "Chunk time = 2.09330358505249"
[1] "Processing draws 8501 to 8600"
[1] "Chunk time = 1.9316125591596"
[1] "Processing draws 8601 to 8700"
[1] "Chunk time = 1.92695074081421"
[1] "Processing draws 8701 to 8800"
[1] "Chunk time = 2.09496783812841"
[1] "Processing draws 8801 to 8900"
[1] "Chunk time = 1.97351251045863"
[1] "Processing draws 8901 to 9000"
[1] "Chunk time = 2.02559815247854"
[1] "Processing draws 9001 to 9100"
[1] "Chunk time = 2.1259085059166"
[1] "Processing draws 9101 to 9200"
[1] "Chunk time = 1.96878534952799"
[1] "Processing draws 9201 to 9300"
[1] "Chunk time = 1.9377055923144"
[1] "Processing draws 9301 to 9400"
[1] "Chunk time = 2.12006371418635"
[1] "Processing draws 9401 to 9500"
[1] "Chunk time = 1.99415599902471"
[1] "Processing draws 9501 to 9600"
[1] "Chunk time = 1.97604151169459"
[1] "Processing draws 9601 to 9700"
[1] "Chunk time = 2.12113500038783"
[1] "Processing draws 9701 to 9800"
[1] "Chunk time = 1.97042614221573"
[1] "Processing draws 9801 to 9900"
[1] "Chunk time = 1.97129159768422"
[1] "Processing draws 9901 to 10000"
[1] "Chunk time = 2.1216988603274"
[1] "Processing draws 10001 to 10100"
[1] "Chunk time = 1.98507148424784"
[1] "Processing draws 10101 to 10200"
[1] "Chunk time = 2.01108436584473"
[1] "Processing draws 10201 to 10300"
[1] "Chunk time = 2.11876205205917"
[1] "Processing draws 10301 to 10400"
[1] "Chunk time = 2.04371314446131"
[1] "Processing draws 10401 to 10500"
[1] "Chunk time = 1.92605137825012"
[1] "Processing draws 10501 to 10600"
[1] "Chunk time = 2.11643476088842"
[1] "Processing draws 10601 to 10700"
[1] "Chunk time = 1.9525642991066"
[1] "Processing draws 10701 to 10800"
[1] "Chunk time = 1.96478603283564"
[1] "Processing draws 10801 to 10900"
[1] "Chunk time = 2.10699925820033"
[1] "Processing draws 10901 to 11000"
[1] "Chunk time = 1.9850347717603"
[1] "Processing draws 11001 to 11100"
[1] "Chunk time = 2.04436106284459"
[1] "Processing draws 11101 to 11200"
[1] "Chunk time = 2.12939247290293"
[1] "Processing draws 11201 to 11300"
[1] "Chunk time = 1.95012583335241"
[1] "Processing draws 11301 to 11400"
[1] "Chunk time = 1.93632592360179"
[1] "Processing draws 11401 to 11500"
[1] "Chunk time = 2.11325652996699"
[1] "Processing draws 11501 to 11600"
[1] "Chunk time = 1.99750746488571"
[1] "Processing draws 11601 to 11700"
[1] "Chunk time = 1.97555913527807"
[1] "Processing draws 11701 to 11800"
[1] "Chunk time = 2.12266631523768"
[1] "Processing draws 11801 to 11900"
[1] "Chunk time = 1.98531271616618"
[1] "Processing draws 11901 to 12000"
[1] "Chunk time = 1.94800650676092"
[1] "Processing draws 12001 to 12100"
[1] "Chunk time = 2.1068400422732"
[1] "Processing draws 12101 to 12200"
[1] "Chunk time = 1.95081483523051"
[1] "Processing draws 12201 to 12300"
[1] "Chunk time = 2.05366288820903"
[1] "Processing draws 12301 to 12400"
[1] "Chunk time = 2.10763309399287"
[1] "Processing draws 12401 to 12500"
[1] "Chunk time = 2.04442795117696"
[1] "Processing draws 12501 to 12600"
[1] "Chunk time = 1.96723560094833"
[1] "Processing draws 12601 to 12700"
[1] "Chunk time = 2.12111114660899"
[1] "Processing draws 12701 to 12800"
[1] "Chunk time = 1.96197675069173"
[1] "Processing draws 12801 to 12900"
[1] "Chunk time = 1.92593970696131"
[1] "Processing draws 12901 to 13000"
[1] "Chunk time = 2.14165554841359"
[1] "Processing draws 13001 to 13100"
[1] "Chunk time = 1.97020229498545"
[1] "Processing draws 13101 to 13200"
[1] "Chunk time = 2.0365957736969"
[1] "Processing draws 13201 to 13300"
[1] "Chunk time = 2.12174634933472"
[1] "Processing draws 13301 to 13400"
[1] "Chunk time = 1.95559345086416"
[1] "Processing draws 13401 to 13500"
[1] "Chunk time = 1.96265193223953"
[1] "Processing draws 13501 to 13600"
[1] "Chunk time = 2.11880847613017"
[1] "Processing draws 13601 to 13700"
[1] "Chunk time = 2.03464496135712"
[1] "Processing draws 13701 to 13800"
[1] "Chunk time = 2.04691512982051"
[1] "Processing draws 13801 to 13900"
[1] "Chunk time = 2.10944781303406"
[1] "Processing draws 13901 to 14000"
[1] "Chunk time = 1.95632998943329"
[1] "Processing draws 14001 to 14100"
[1] "Chunk time = 1.93272525072098"
[1] "Processing draws 14101 to 14200"
[1] "Chunk time = 2.13449536561966"
[1] "Processing draws 14201 to 14300"
[1] "Chunk time = 1.97226008176804"
[1] "Processing draws 14301 to 14400"
[1] "Chunk time = 2.03612201611201"
[1] "Processing draws 14401 to 14500"
[1] "Chunk time = 2.1001137693723"
[1] "Processing draws 14501 to 14600"
[1] "Chunk time = 2.03384136756261"
[1] "Processing draws 14601 to 14700"
[1] "Chunk time = 1.93129843870799"
[1] "Processing draws 14701 to 14800"
[1] "Chunk time = 2.13556627035141"
[1] "Processing draws 14801 to 14900"
[1] "Chunk time = 1.95624266862869"
[1] "Processing draws 14901 to 15000"
[1] "Chunk time = 1.96279148658117"
[1] "Processing draws 15001 to 15100"
[1] "Chunk time = 2.10833878119787"
[1] "Processing draws 15101 to 15200"
[1] "Chunk time = 2.04711654980977"
[1] "Processing draws 15201 to 15300"
[1] "Chunk time = 2.04109166065852"
[1] "Processing draws 15301 to 15400"
[1] "Chunk time = 2.11375648975372"
[1] "Processing draws 15401 to 15500"
[1] "Chunk time = 1.95711406866709"
[1] "Processing draws 15501 to 15600"
[1] "Chunk time = 1.9445562561353"
[1] "Processing draws 15601 to 15700"
[1] "Chunk time = 2.12172611554464"
[1] "Processing draws 15701 to 15800"
[1] "Chunk time = 2.03229229450226"
[1] "Processing draws 15801 to 15900"
[1] "Chunk time = 2.03934651613235"
[1] "Processing draws 15901 to 16000"
[1] "Chunk time = 2.11410785516103"
[1] "Processing draws 16001 to 16100"
[1] "Chunk time = 2.05001579920451"
[1] "Processing draws 16101 to 16200"
[1] "Chunk time = 1.96150606870651"
[1] "Processing draws 16201 to 16300"
[1] "Chunk time = 2.11010494629542"
[1] "Processing draws 16301 to 16400"
[1] "Chunk time = 1.95644892056783"
[1] "Processing draws 16401 to 16500"
[1] "Chunk time = 1.98904222647349"
[1] "Processing draws 16501 to 16600"
[1] "Chunk time = 2.11433433294296"
[1] "Processing draws 16601 to 16700"
[1] "Chunk time = 2.01285438537598"
[1] "Processing draws 16701 to 16800"
[1] "Chunk time = 1.94308723211288"
[1] "Processing draws 16801 to 16900"
[1] "Chunk time = 2.10536345640818"
[1] "Processing draws 16901 to 17000"
[1] "Chunk time = 1.95416371822357"
[1] "Processing draws 17001 to 17100"
[1] "Chunk time = 1.92438296874364"
[1] "Processing draws 17101 to 17200"
[1] "Chunk time = 2.1320497751236"
[1] "Processing draws 17201 to 17300"
[1] "Chunk time = 1.96034899155299"
[1] "Processing draws 17301 to 17400"
[1] "Chunk time = 2.01610612471898"
[1] "Processing draws 17401 to 17500"
[1] "Chunk time = 2.10792271296183"
[1] "Processing draws 17501 to 17600"
[1] "Chunk time = 1.95328947703044"
[1] "Processing draws 17601 to 17700"
[1] "Chunk time = 1.92510805130005"
[1] "Processing draws 17701 to 17800"
[1] "Chunk time = 2.0572433590889"
[1] "Processing draws 17801 to 17900"
[1] "Chunk time = 1.99021917978923"
[1] "Processing draws 17901 to 18000"
[1] "Chunk time = 1.9704319636027"
[1] "Processing draws 18001 to 18100"
[1] "Chunk time = 2.08985730012258"
[1] "Processing draws 18101 to 18200"
[1] "Chunk time = 1.97223671674728"
[1] "Processing draws 18201 to 18300"
[1] "Chunk time = 1.91619193553925"
[1] "Processing draws 18301 to 18400"
[1] "Chunk time = 2.10216373602549"
[1] "Processing draws 18401 to 18500"
[1] "Chunk time = 1.98280442555745"
[1] "Processing draws 18501 to 18600"
[1] "Chunk time = 1.99051602284114"
[1] "Processing draws 18601 to 18700"
[1] "Chunk time = 2.13572002251943"
[1] "Processing draws 18701 to 18800"
[1] "Chunk time = 2.02199701070786"
[1] "Processing draws 18801 to 18900"
[1] "Chunk time = 1.97012796401978"
[1] "Processing draws 18901 to 19000"
[1] "Chunk time = 2.12313111225764"
[1] "Processing draws 19001 to 19100"
[1] "Chunk time = 1.96236687898636"
[1] "Processing draws 19101 to 19200"
[1] "Chunk time = 1.94004464149475"
[1] "Processing draws 19201 to 19300"
[1] "Chunk time = 2.13537155389786"
[1] "Processing draws 19301 to 19400"
[1] "Chunk time = 2.04240449269613"
[1] "Processing draws 19401 to 19500"
[1] "Chunk time = 2.03788866202037"
[1] "Processing draws 19501 to 19600"
[1] "Chunk time = 2.1262121240298"
[1] "Processing draws 19601 to 19700"
[1] "Chunk time = 1.96375607252121"
[1] "Processing draws 19701 to 19800"
[1] "Chunk time = 1.92437635660172"
[1] "Processing draws 19801 to 19900"
[1] "Chunk time = 2.11736938158671"
[1] "Processing draws 19901 to 20000"
[1] "Chunk time = 2.063953713576"
[1] "done lapplying"
[1] "Saving current params"
[1] "Saving params to output.rds"
[1] TRUE
[1] "Time for modelling:"
[1] "2025-07-02 18:30:26 EDT"
[1] "Time for posterior computations:"
Time difference of 6.778039 hours
[1] "Total time:"
[1] "2025-07-03 01:17:07 EDT"
