[1] "Starting sampling."
Running MCMC with 4 parallel chains, with 4 thread(s) per chain...

Chain 2 Iteration:    1 / 6000 [  0%]  (Warmup) 
Chain 4 Iteration:    1 / 6000 [  0%]  (Warmup) 
Chain 1 Iteration:    1 / 6000 [  0%]  (Warmup) 
Chain 3 Iteration:    1 / 6000 [  0%]  (Warmup) 
Chain 2 Iteration:  100 / 6000 [  1%]  (Warmup) 
Chain 1 Iteration:  100 / 6000 [  1%]  (Warmup) 
Chain 4 Iteration:  100 / 6000 [  1%]  (Warmup) 
Chain 3 Iteration:  100 / 6000 [  1%]  (Warmup) 
Chain 2 Iteration:  200 / 6000 [  3%]  (Warmup) 
Chain 1 Iteration:  200 / 6000 [  3%]  (Warmup) 
Chain 3 Iteration:  200 / 6000 [  3%]  (Warmup) 
Chain 4 Iteration:  200 / 6000 [  3%]  (Warmup) 
Chain 2 Iteration:  300 / 6000 [  5%]  (Warmup) 
Chain 1 Iteration:  300 / 6000 [  5%]  (Warmup) 
Chain 4 Iteration:  300 / 6000 [  5%]  (Warmup) 
Chain 3 Iteration:  300 / 6000 [  5%]  (Warmup) 
Chain 2 Iteration:  400 / 6000 [  6%]  (Warmup) 
Chain 2 Iteration:  500 / 6000 [  8%]  (Warmup) 
Chain 3 Iteration:  400 / 6000 [  6%]  (Warmup) 
Chain 1 Iteration:  400 / 6000 [  6%]  (Warmup) 
Chain 4 Iteration:  400 / 6000 [  6%]  (Warmup) 
Chain 2 Iteration:  600 / 6000 [ 10%]  (Warmup) 
Chain 3 Iteration:  500 / 6000 [  8%]  (Warmup) 
Chain 1 Iteration:  500 / 6000 [  8%]  (Warmup) 
Chain 4 Iteration:  500 / 6000 [  8%]  (Warmup) 
Chain 2 Iteration:  700 / 6000 [ 11%]  (Warmup) 
Chain 3 Iteration:  600 / 6000 [ 10%]  (Warmup) 
Chain 2 Iteration:  800 / 6000 [ 13%]  (Warmup) 
Chain 1 Iteration:  600 / 6000 [ 10%]  (Warmup) 
Chain 4 Iteration:  600 / 6000 [ 10%]  (Warmup) 
Chain 2 Iteration:  900 / 6000 [ 15%]  (Warmup) 
Chain 3 Iteration:  700 / 6000 [ 11%]  (Warmup) 
Chain 1 Iteration:  700 / 6000 [ 11%]  (Warmup) 
Chain 4 Iteration:  700 / 6000 [ 11%]  (Warmup) 
Chain 2 Iteration: 1000 / 6000 [ 16%]  (Warmup) 
Chain 2 Iteration: 1001 / 6000 [ 16%]  (Sampling) 
Chain 3 Iteration:  800 / 6000 [ 13%]  (Warmup) 
Chain 1 Iteration:  800 / 6000 [ 13%]  (Warmup) 
Chain 4 Iteration:  800 / 6000 [ 13%]  (Warmup) 
Chain 2 Iteration: 1100 / 6000 [ 18%]  (Sampling) 
Chain 3 Iteration:  900 / 6000 [ 15%]  (Warmup) 
Chain 1 Iteration:  900 / 6000 [ 15%]  (Warmup) 
Chain 4 Iteration:  900 / 6000 [ 15%]  (Warmup) 
Chain 2 Iteration: 1200 / 6000 [ 20%]  (Sampling) 
Chain 3 Iteration: 1000 / 6000 [ 16%]  (Warmup) 
Chain 3 Iteration: 1001 / 6000 [ 16%]  (Sampling) 
Chain 1 Iteration: 1000 / 6000 [ 16%]  (Warmup) 
Chain 2 Iteration: 1300 / 6000 [ 21%]  (Sampling) 
Chain 1 Iteration: 1001 / 6000 [ 16%]  (Sampling) 
Chain 4 Iteration: 1000 / 6000 [ 16%]  (Warmup) 
Chain 4 Iteration: 1001 / 6000 [ 16%]  (Sampling) 
Chain 2 Iteration: 1400 / 6000 [ 23%]  (Sampling) 
Chain 3 Iteration: 1100 / 6000 [ 18%]  (Sampling) 
Chain 1 Iteration: 1100 / 6000 [ 18%]  (Sampling) 
Chain 4 Iteration: 1100 / 6000 [ 18%]  (Sampling) 
Chain 2 Iteration: 1500 / 6000 [ 25%]  (Sampling) 
Chain 3 Iteration: 1200 / 6000 [ 20%]  (Sampling) 
Chain 1 Iteration: 1200 / 6000 [ 20%]  (Sampling) 
Chain 4 Iteration: 1200 / 6000 [ 20%]  (Sampling) 
Chain 2 Iteration: 1600 / 6000 [ 26%]  (Sampling) 
Chain 3 Iteration: 1300 / 6000 [ 21%]  (Sampling) 
Chain 1 Iteration: 1300 / 6000 [ 21%]  (Sampling) 
Chain 2 Iteration: 1700 / 6000 [ 28%]  (Sampling) 
Chain 4 Iteration: 1300 / 6000 [ 21%]  (Sampling) 
Chain 3 Iteration: 1400 / 6000 [ 23%]  (Sampling) 
Chain 2 Iteration: 1800 / 6000 [ 30%]  (Sampling) 
Chain 1 Iteration: 1400 / 6000 [ 23%]  (Sampling) 
Chain 4 Iteration: 1400 / 6000 [ 23%]  (Sampling) 
Chain 2 Iteration: 1900 / 6000 [ 31%]  (Sampling) 
Chain 3 Iteration: 1500 / 6000 [ 25%]  (Sampling) 
Chain 1 Iteration: 1500 / 6000 [ 25%]  (Sampling) 
Chain 4 Iteration: 1500 / 6000 [ 25%]  (Sampling) 
Chain 2 Iteration: 2000 / 6000 [ 33%]  (Sampling) 
Chain 3 Iteration: 1600 / 6000 [ 26%]  (Sampling) 
Chain 1 Iteration: 1600 / 6000 [ 26%]  (Sampling) 
Chain 4 Iteration: 1600 / 6000 [ 26%]  (Sampling) 
Chain 2 Iteration: 2100 / 6000 [ 35%]  (Sampling) 
Chain 3 Iteration: 1700 / 6000 [ 28%]  (Sampling) 
Chain 1 Iteration: 1700 / 6000 [ 28%]  (Sampling) 
Chain 2 Iteration: 2200 / 6000 [ 36%]  (Sampling) 
Chain 4 Iteration: 1700 / 6000 [ 28%]  (Sampling) 
Chain 3 Iteration: 1800 / 6000 [ 30%]  (Sampling) 
Chain 1 Iteration: 1800 / 6000 [ 30%]  (Sampling) 
Chain 2 Iteration: 2300 / 6000 [ 38%]  (Sampling) 
Chain 4 Iteration: 1800 / 6000 [ 30%]  (Sampling) 
Chain 2 Iteration: 2400 / 6000 [ 40%]  (Sampling) 
Chain 3 Iteration: 1900 / 6000 [ 31%]  (Sampling) 
Chain 1 Iteration: 1900 / 6000 [ 31%]  (Sampling) 
Chain 4 Iteration: 1900 / 6000 [ 31%]  (Sampling) 
Chain 2 Iteration: 2500 / 6000 [ 41%]  (Sampling) 
Chain 3 Iteration: 2000 / 6000 [ 33%]  (Sampling) 
Chain 1 Iteration: 2000 / 6000 [ 33%]  (Sampling) 
Chain 4 Iteration: 2000 / 6000 [ 33%]  (Sampling) 
Chain 2 Iteration: 2600 / 6000 [ 43%]  (Sampling) 
Chain 3 Iteration: 2100 / 6000 [ 35%]  (Sampling) 
Chain 1 Iteration: 2100 / 6000 [ 35%]  (Sampling) 
Chain 4 Iteration: 2100 / 6000 [ 35%]  (Sampling) 
Chain 2 Iteration: 2700 / 6000 [ 45%]  (Sampling) 
Chain 3 Iteration: 2200 / 6000 [ 36%]  (Sampling) 
Chain 1 Iteration: 2200 / 6000 [ 36%]  (Sampling) 
Chain 2 Iteration: 2800 / 6000 [ 46%]  (Sampling) 
Chain 4 Iteration: 2200 / 6000 [ 36%]  (Sampling) 
Chain 3 Iteration: 2300 / 6000 [ 38%]  (Sampling) 
Chain 2 Iteration: 2900 / 6000 [ 48%]  (Sampling) 
Chain 1 Iteration: 2300 / 6000 [ 38%]  (Sampling) 
Chain 4 Iteration: 2300 / 6000 [ 38%]  (Sampling) 
Chain 2 Iteration: 3000 / 6000 [ 50%]  (Sampling) 
Chain 3 Iteration: 2400 / 6000 [ 40%]  (Sampling) 
Chain 1 Iteration: 2400 / 6000 [ 40%]  (Sampling) 
Chain 4 Iteration: 2400 / 6000 [ 40%]  (Sampling) 
Chain 2 Iteration: 3100 / 6000 [ 51%]  (Sampling) 
Chain 3 Iteration: 2500 / 6000 [ 41%]  (Sampling) 
Chain 1 Iteration: 2500 / 6000 [ 41%]  (Sampling) 
Chain 2 Iteration: 3200 / 6000 [ 53%]  (Sampling) 
Chain 4 Iteration: 2500 / 6000 [ 41%]  (Sampling) 
Chain 3 Iteration: 2600 / 6000 [ 43%]  (Sampling) 
Chain 2 Iteration: 3300 / 6000 [ 55%]  (Sampling) 
Chain 1 Iteration: 2600 / 6000 [ 43%]  (Sampling) 
Chain 4 Iteration: 2600 / 6000 [ 43%]  (Sampling) 
Chain 2 Iteration: 3400 / 6000 [ 56%]  (Sampling) 
Chain 3 Iteration: 2700 / 6000 [ 45%]  (Sampling) 
Chain 1 Iteration: 2700 / 6000 [ 45%]  (Sampling) 
Chain 4 Iteration: 2700 / 6000 [ 45%]  (Sampling) 
Chain 2 Iteration: 3500 / 6000 [ 58%]  (Sampling) 
Chain 3 Iteration: 2800 / 6000 [ 46%]  (Sampling) 
Chain 1 Iteration: 2800 / 6000 [ 46%]  (Sampling) 
Chain 2 Iteration: 3600 / 6000 [ 60%]  (Sampling) 
Chain 4 Iteration: 2800 / 6000 [ 46%]  (Sampling) 
Chain 3 Iteration: 2900 / 6000 [ 48%]  (Sampling) 
Chain 2 Iteration: 3700 / 6000 [ 61%]  (Sampling) 
Chain 1 Iteration: 2900 / 6000 [ 48%]  (Sampling) 
Chain 4 Iteration: 2900 / 6000 [ 48%]  (Sampling) 
Chain 2 Iteration: 3800 / 6000 [ 63%]  (Sampling) 
Chain 3 Iteration: 3000 / 6000 [ 50%]  (Sampling) 
Chain 1 Iteration: 3000 / 6000 [ 50%]  (Sampling) 
Chain 4 Iteration: 3000 / 6000 [ 50%]  (Sampling) 
Chain 2 Iteration: 3900 / 6000 [ 65%]  (Sampling) 
Chain 3 Iteration: 3100 / 6000 [ 51%]  (Sampling) 
Chain 1 Iteration: 3100 / 6000 [ 51%]  (Sampling) 
Chain 4 Iteration: 3100 / 6000 [ 51%]  (Sampling) 
Chain 4 Iteration: 3200 / 6000 [ 53%]  (Sampling) 
Chain 2 Iteration: 4000 / 6000 [ 66%]  (Sampling) 
Chain 3 Iteration: 3200 / 6000 [ 53%]  (Sampling) 
Chain 1 Iteration: 3200 / 6000 [ 53%]  (Sampling) 
Chain 4 Iteration: 3300 / 6000 [ 55%]  (Sampling) 
Chain 2 Iteration: 4100 / 6000 [ 68%]  (Sampling) 
Chain 3 Iteration: 3300 / 6000 [ 55%]  (Sampling) 
Chain 1 Iteration: 3300 / 6000 [ 55%]  (Sampling) 
Chain 4 Iteration: 3400 / 6000 [ 56%]  (Sampling) 
Chain 2 Iteration: 4200 / 6000 [ 70%]  (Sampling) 
Chain 3 Iteration: 3400 / 6000 [ 56%]  (Sampling) 
Chain 1 Iteration: 3400 / 6000 [ 56%]  (Sampling) 
Chain 4 Iteration: 3500 / 6000 [ 58%]  (Sampling) 
Chain 2 Iteration: 4300 / 6000 [ 71%]  (Sampling) 
Chain 3 Iteration: 3500 / 6000 [ 58%]  (Sampling) 
Chain 1 Iteration: 3500 / 6000 [ 58%]  (Sampling) 
Chain 4 Iteration: 3600 / 6000 [ 60%]  (Sampling) 
Chain 3 Iteration: 3600 / 6000 [ 60%]  (Sampling) 
Chain 2 Iteration: 4400 / 6000 [ 73%]  (Sampling) 
Chain 1 Iteration: 3600 / 6000 [ 60%]  (Sampling) 
Chain 4 Iteration: 3700 / 6000 [ 61%]  (Sampling) 
Chain 1 Iteration: 3700 / 6000 [ 61%]  (Sampling) 
Chain 2 Iteration: 4500 / 6000 [ 75%]  (Sampling) 
Chain 3 Iteration: 3700 / 6000 [ 61%]  (Sampling) 
Chain 4 Iteration: 3800 / 6000 [ 63%]  (Sampling) 
Chain 1 Iteration: 3800 / 6000 [ 63%]  (Sampling) 
Chain 2 Iteration: 4600 / 6000 [ 76%]  (Sampling) 
Chain 3 Iteration: 3800 / 6000 [ 63%]  (Sampling) 
Chain 4 Iteration: 3900 / 6000 [ 65%]  (Sampling) 
Chain 1 Iteration: 3900 / 6000 [ 65%]  (Sampling) 
Chain 3 Iteration: 3900 / 6000 [ 65%]  (Sampling) 
Chain 2 Iteration: 4700 / 6000 [ 78%]  (Sampling) 
Chain 4 Iteration: 4000 / 6000 [ 66%]  (Sampling) 
Chain 1 Iteration: 4000 / 6000 [ 66%]  (Sampling) 
Chain 3 Iteration: 4000 / 6000 [ 66%]  (Sampling) 
Chain 2 Iteration: 4800 / 6000 [ 80%]  (Sampling) 
Chain 4 Iteration: 4100 / 6000 [ 68%]  (Sampling) 
Chain 1 Iteration: 4100 / 6000 [ 68%]  (Sampling) 
Chain 3 Iteration: 4100 / 6000 [ 68%]  (Sampling) 
Chain 2 Iteration: 4900 / 6000 [ 81%]  (Sampling) 
Chain 4 Iteration: 4200 / 6000 [ 70%]  (Sampling) 
Chain 1 Iteration: 4200 / 6000 [ 70%]  (Sampling) 
Chain 3 Iteration: 4200 / 6000 [ 70%]  (Sampling) 
Chain 2 Iteration: 5000 / 6000 [ 83%]  (Sampling) 
Chain 4 Iteration: 4300 / 6000 [ 71%]  (Sampling) 
Chain 1 Iteration: 4300 / 6000 [ 71%]  (Sampling) 
Chain 3 Iteration: 4300 / 6000 [ 71%]  (Sampling) 
Chain 1 Iteration: 4400 / 6000 [ 73%]  (Sampling) 
Chain 2 Iteration: 5100 / 6000 [ 85%]  (Sampling) 
Chain 4 Iteration: 4400 / 6000 [ 73%]  (Sampling) 
Chain 3 Iteration: 4400 / 6000 [ 73%]  (Sampling) 
Chain 1 Iteration: 4500 / 6000 [ 75%]  (Sampling) 
Chain 2 Iteration: 5200 / 6000 [ 86%]  (Sampling) 
Chain 4 Iteration: 4500 / 6000 [ 75%]  (Sampling) 
Chain 1 Iteration: 4600 / 6000 [ 76%]  (Sampling) 
Chain 3 Iteration: 4500 / 6000 [ 75%]  (Sampling) 
Chain 2 Iteration: 5300 / 6000 [ 88%]  (Sampling) 
Chain 4 Iteration: 4600 / 6000 [ 76%]  (Sampling) 
Chain 1 Iteration: 4700 / 6000 [ 78%]  (Sampling) 
Chain 3 Iteration: 4600 / 6000 [ 76%]  (Sampling) 
Chain 2 Iteration: 5400 / 6000 [ 90%]  (Sampling) 
Chain 4 Iteration: 4700 / 6000 [ 78%]  (Sampling) 
Chain 1 Iteration: 4800 / 6000 [ 80%]  (Sampling) 
Chain 3 Iteration: 4700 / 6000 [ 78%]  (Sampling) 
Chain 2 Iteration: 5500 / 6000 [ 91%]  (Sampling) 
Chain 4 Iteration: 4800 / 6000 [ 80%]  (Sampling) 
Chain 3 Iteration: 4800 / 6000 [ 80%]  (Sampling) 
Chain 1 Iteration: 4900 / 6000 [ 81%]  (Sampling) 
Chain 2 Iteration: 5600 / 6000 [ 93%]  (Sampling) 
Chain 3 Iteration: 4900 / 6000 [ 81%]  (Sampling) 
Chain 4 Iteration: 4900 / 6000 [ 81%]  (Sampling) 
Chain 1 Iteration: 5000 / 6000 [ 83%]  (Sampling) 
Chain 3 Iteration: 5000 / 6000 [ 83%]  (Sampling) 
Chain 2 Iteration: 5700 / 6000 [ 95%]  (Sampling) 
Chain 4 Iteration: 5000 / 6000 [ 83%]  (Sampling) 
Chain 1 Iteration: 5100 / 6000 [ 85%]  (Sampling) 
Chain 3 Iteration: 5100 / 6000 [ 85%]  (Sampling) 
Chain 2 Iteration: 5800 / 6000 [ 96%]  (Sampling) 
Chain 4 Iteration: 5100 / 6000 [ 85%]  (Sampling) 
Chain 1 Iteration: 5200 / 6000 [ 86%]  (Sampling) 
Chain 3 Iteration: 5200 / 6000 [ 86%]  (Sampling) 
Chain 2 Iteration: 5900 / 6000 [ 98%]  (Sampling) 
Chain 3 Iteration: 5300 / 6000 [ 88%]  (Sampling) 
Chain 4 Iteration: 5200 / 6000 [ 86%]  (Sampling) 
Chain 1 Iteration: 5300 / 6000 [ 88%]  (Sampling) 
Chain 2 Iteration: 6000 / 6000 [100%]  (Sampling) 
Chain 2 finished in 76836.6 seconds.
Chain 3 Iteration: 5400 / 6000 [ 90%]  (Sampling) 
Chain 4 Iteration: 5300 / 6000 [ 88%]  (Sampling) 
Chain 1 Iteration: 5400 / 6000 [ 90%]  (Sampling) 
Chain 3 Iteration: 5500 / 6000 [ 91%]  (Sampling) 
Chain 4 Iteration: 5400 / 6000 [ 90%]  (Sampling) 
Chain 1 Iteration: 5500 / 6000 [ 91%]  (Sampling) 
Chain 3 Iteration: 5600 / 6000 [ 93%]  (Sampling) 
Chain 4 Iteration: 5500 / 6000 [ 91%]  (Sampling) 
Chain 1 Iteration: 5600 / 6000 [ 93%]  (Sampling) 
Chain 3 Iteration: 5700 / 6000 [ 95%]  (Sampling) 
Chain 4 Iteration: 5600 / 6000 [ 93%]  (Sampling) 
Chain 1 Iteration: 5700 / 6000 [ 95%]  (Sampling) 
Chain 3 Iteration: 5800 / 6000 [ 96%]  (Sampling) 
Chain 4 Iteration: 5700 / 6000 [ 95%]  (Sampling) 
Chain 1 Iteration: 5800 / 6000 [ 96%]  (Sampling) 
Chain 3 Iteration: 5900 / 6000 [ 98%]  (Sampling) 
Chain 4 Iteration: 5800 / 6000 [ 96%]  (Sampling) 
Chain 1 Iteration: 5900 / 6000 [ 98%]  (Sampling) 
Chain 3 Iteration: 6000 / 6000 [100%]  (Sampling) 
Chain 3 finished in 85161.9 seconds.
Chain 4 Iteration: 5900 / 6000 [ 98%]  (Sampling) 
Chain 1 Iteration: 6000 / 6000 [100%]  (Sampling) 
Chain 1 finished in 85574.3 seconds.
Chain 4 Iteration: 6000 / 6000 [100%]  (Sampling) 
Chain 4 finished in 86584.9 seconds.

All 4 chains finished successfully.
Mean chain execution time: 83539.4 seconds.
Total execution time: 86585.9 seconds.

[1] "Processing draws 1 to 100"
[1] "Chunk time = 3.22958092689514"
[1] "Processing draws 101 to 200"
[1] "Chunk time = 2.36585464080175"
[1] "Processing draws 201 to 300"
[1] "Chunk time = 2.48359145323435"
[1] "Processing draws 301 to 400"
[1] "Chunk time = 2.12438795566559"
[1] "Processing draws 401 to 500"
[1] "Chunk time = 2.01356817483902"
[1] "Processing draws 501 to 600"
[1] "Chunk time = 2.00847399632136"
[1] "Processing draws 601 to 700"
[1] "Chunk time = 2.11693632602692"
[1] "Processing draws 701 to 800"
[1] "Chunk time = 2.23887573083242"
[1] "Processing draws 801 to 900"
[1] "Chunk time = 2.0432376186053"
[1] "Processing draws 901 to 1000"
[1] "Chunk time = 2.10438059171041"
[1] "Processing draws 1001 to 1100"
[1] "Chunk time = 2.00123317241669"
[1] "Processing draws 1101 to 1200"
[1] "Chunk time = 2.01803090174993"
[1] "Processing draws 1201 to 1300"
[1] "Chunk time = 2.04594073295593"
[1] "Processing draws 1301 to 1400"
[1] "Chunk time = 2.10615736643473"
[1] "Processing draws 1401 to 1500"
[1] "Chunk time = 2.1588271578153"
[1] "Processing draws 1501 to 1600"
[1] "Chunk time = 2.12234814564387"
[1] "Processing draws 1601 to 1700"
[1] "Chunk time = 2.02531954447428"
[1] "Processing draws 1701 to 1800"
[1] "Chunk time = 2.01530719598134"
[1] "Processing draws 1801 to 1900"
[1] "Chunk time = 1.99625722964605"
[1] "Processing draws 1901 to 2000"
[1] "Chunk time = 1.99744331041972"
[1] "Processing draws 2001 to 2100"
[1] "Chunk time = 2.05270666281382"
[1] "Processing draws 2101 to 2200"
[1] "Chunk time = 2.08535712560018"
[1] "Processing draws 2201 to 2300"
[1] "Chunk time = 2.01351044178009"
[1] "Processing draws 2301 to 2400"
[1] "Chunk time = 2.00989088217417"
[1] "Processing draws 2401 to 2500"
[1] "Chunk time = 2.01578936179479"
[1] "Processing draws 2501 to 2600"
[1] "Chunk time = 1.98506917158763"
[1] "Processing draws 2601 to 2700"
[1] "Chunk time = 1.98071015675863"
[1] "Processing draws 2701 to 2800"
[1] "Chunk time = 2.06132219632467"
[1] "Processing draws 2801 to 2900"
[1] "Chunk time = 1.99876516660055"
[1] "Processing draws 2901 to 3000"
[1] "Chunk time = 2.00774414936701"
[1] "Processing draws 3001 to 3100"
[1] "Chunk time = 1.9781600634257"
[1] "Processing draws 3101 to 3200"
[1] "Chunk time = 2.07035230398178"
[1] "Processing draws 3201 to 3300"
[1] "Chunk time = 2.02023283243179"
[1] "Processing draws 3301 to 3400"
[1] "Chunk time = 2.05298347870509"
[1] "Processing draws 3401 to 3500"
[1] "Chunk time = 1.99078768491745"
[1] "Processing draws 3501 to 3600"
[1] "Chunk time = 2.00954986015956"
[1] "Processing draws 3601 to 3700"
[1] "Chunk time = 2.01748898824056"
[1] "Processing draws 3701 to 3800"
[1] "Chunk time = 2.01656381686529"
[1] "Processing draws 3801 to 3900"
[1] "Chunk time = 1.97121234337489"
[1] "Processing draws 3901 to 4000"
[1] "Chunk time = 2.01806970437368"
[1] "Processing draws 4001 to 4100"
[1] "Chunk time = 2.12455014785131"
[1] "Processing draws 4101 to 4200"
[1] "Chunk time = 1.99625159502029"
[1] "Processing draws 4201 to 4300"
[1] "Chunk time = 2.05265345573425"
[1] "Processing draws 4301 to 4400"
[1] "Chunk time = 1.97953084309896"
[1] "Processing draws 4401 to 4500"
[1] "Chunk time = 2.01312972307205"
[1] "Processing draws 4501 to 4600"
[1] "Chunk time = 2.04615254799525"
[1] "Processing draws 4601 to 4700"
[1] "Chunk time = 2.07451699972153"
[1] "Processing draws 4701 to 4800"
[1] "Chunk time = 2.06416561603546"
[1] "Processing draws 4801 to 4900"
[1] "Chunk time = 2.00467794736226"
[1] "Processing draws 4901 to 5000"
[1] "Chunk time = 1.97241830031077"
[1] "Processing draws 5001 to 5100"
[1] "Chunk time = 1.97391971349716"
[1] "Processing draws 5101 to 5200"
[1] "Chunk time = 1.99275131225586"
[1] "Processing draws 5201 to 5300"
[1] "Chunk time = 2.02578770319621"
[1] "Processing draws 5301 to 5400"
[1] "Chunk time = 1.98505212863286"
[1] "Processing draws 5401 to 5500"
[1] "Chunk time = 2.01189798911413"
[1] "Processing draws 5501 to 5600"
[1] "Chunk time = 2.00313793023427"
[1] "Processing draws 5601 to 5700"
[1] "Chunk time = 1.99556059837341"
[1] "Processing draws 5701 to 5800"
[1] "Chunk time = 2.01617205142975"
[1] "Processing draws 5801 to 5900"
[1] "Chunk time = 1.97105389436086"
[1] "Processing draws 5901 to 6000"
[1] "Chunk time = 1.99511334896088"
[1] "Processing draws 6001 to 6100"
[1] "Chunk time = 2.02107570966085"
[1] "Processing draws 6101 to 6200"
[1] "Chunk time = 1.99882069826126"
[1] "Processing draws 6201 to 6300"
[1] "Chunk time = 1.95325768391291"
[1] "Processing draws 6301 to 6400"
[1] "Chunk time = 1.98688214619954"
[1] "Processing draws 6401 to 6500"
[1] "Chunk time = 1.99167965650558"
[1] "Processing draws 6501 to 6600"
[1] "Chunk time = 1.96181937058767"
[1] "Processing draws 6601 to 6700"
[1] "Chunk time = 2.0049728234609"
[1] "Processing draws 6701 to 6800"
[1] "Chunk time = 1.96454128026962"
[1] "Processing draws 6801 to 6900"
[1] "Chunk time = 2.01249405145645"
[1] "Processing draws 6901 to 7000"
[1] "Chunk time = 2.02220417658488"
[1] "Processing draws 7001 to 7100"
[1] "Chunk time = 1.99504180351893"
[1] "Processing draws 7101 to 7200"
[1] "Chunk time = 1.99692557255427"
[1] "Processing draws 7201 to 7300"
[1] "Chunk time = 2.04507384300232"
[1] "Processing draws 7301 to 7400"
[1] "Chunk time = 2.01347257693609"
[1] "Processing draws 7401 to 7500"
[1] "Chunk time = 1.9970095594724"
[1] "Processing draws 7501 to 7600"
[1] "Chunk time = 2.01472783883413"
[1] "Processing draws 7601 to 7700"
[1] "Chunk time = 1.97167382240295"
[1] "Processing draws 7701 to 7800"
[1] "Chunk time = 1.96729336182276"
[1] "Processing draws 7801 to 7900"
[1] "Chunk time = 1.98953683773677"
[1] "Processing draws 7901 to 8000"
[1] "Chunk time = 2.00064080556234"
[1] "Processing draws 8001 to 8100"
[1] "Chunk time = 2.00358570814133"
[1] "Processing draws 8101 to 8200"
[1] "Chunk time = 2.03845579226812"
[1] "Processing draws 8201 to 8300"
[1] "Chunk time = 1.99793341557185"
[1] "Processing draws 8301 to 8400"
[1] "Chunk time = 1.95387606223424"
[1] "Processing draws 8401 to 8500"
[1] "Chunk time = 2.01233185927073"
[1] "Processing draws 8501 to 8600"
[1] "Chunk time = 1.95942755540212"
[1] "Processing draws 8601 to 8700"
[1] "Chunk time = 1.94399317105611"
[1] "Processing draws 8701 to 8800"
[1] "Chunk time = 2.03485213518143"
[1] "Processing draws 8801 to 8900"
[1] "Chunk time = 2.05759346485138"
[1] "Processing draws 8901 to 9000"
[1] "Chunk time = 2.03240262667338"
[1] "Processing draws 9001 to 9100"
[1] "Chunk time = 2.05412637790044"
[1] "Processing draws 9101 to 9200"
[1] "Chunk time = 2.00294773578644"
[1] "Processing draws 9201 to 9300"
[1] "Chunk time = 2.05458785295486"
[1] "Processing draws 9301 to 9400"
[1] "Chunk time = 2.06918683449427"
[1] "Processing draws 9401 to 9500"
[1] "Chunk time = 2.01342540184657"
[1] "Processing draws 9501 to 9600"
[1] "Chunk time = 2.0561559398969"
[1] "Processing draws 9601 to 9700"
[1] "Chunk time = 2.06885577042898"
[1] "Processing draws 9701 to 9800"
[1] "Chunk time = 2.00635174910227"
[1] "Processing draws 9801 to 9900"
[1] "Chunk time = 1.96832950909932"
[1] "Processing draws 9901 to 10000"
[1] "Chunk time = 2.04458788633347"
[1] "Processing draws 10001 to 10100"
[1] "Chunk time = 2.04552995363871"
[1] "Processing draws 10101 to 10200"
[1] "Chunk time = 2.01956887245178"
[1] "Processing draws 10201 to 10300"
[1] "Chunk time = 2.01387269894282"
[1] "Processing draws 10301 to 10400"
[1] "Chunk time = 2.02131727933884"
[1] "Processing draws 10401 to 10500"
[1] "Chunk time = 2.02942957083384"
[1] "Processing draws 10501 to 10600"
[1] "Chunk time = 2.03981244564056"
[1] "Processing draws 10601 to 10700"
[1] "Chunk time = 1.9694610675176"
[1] "Processing draws 10701 to 10800"
[1] "Chunk time = 1.99052134354909"
[1] "Processing draws 10801 to 10900"
[1] "Chunk time = 2.03940523862839"
[1] "Processing draws 10901 to 11000"
[1] "Chunk time = 2.01792675654093"
[1] "Processing draws 11001 to 11100"
[1] "Chunk time = 2.00884080727895"
[1] "Processing draws 11101 to 11200"
[1] "Chunk time = 2.07160997390747"
[1] "Processing draws 11201 to 11300"
[1] "Chunk time = 2.06739180485408"
[1] "Processing draws 11301 to 11400"
[1] "Chunk time = 1.96267751852671"
[1] "Processing draws 11401 to 11500"
[1] "Chunk time = 2.05484834114711"
[1] "Processing draws 11501 to 11600"
[1] "Chunk time = 2.0022359808286"
[1] "Processing draws 11601 to 11700"
[1] "Chunk time = 2.04983601570129"
[1] "Processing draws 11701 to 11800"
[1] "Chunk time = 2.05849464734395"
[1] "Processing draws 11801 to 11900"
[1] "Chunk time = 1.99594030777613"
[1] "Processing draws 11901 to 12000"
[1] "Chunk time = 1.96160714228948"
[1] "Processing draws 12001 to 12100"
[1] "Chunk time = 2.0527138153712"
[1] "Processing draws 12101 to 12200"
[1] "Chunk time = 2.00462755759557"
[1] "Processing draws 12201 to 12300"
[1] "Chunk time = 1.9894894917806"
[1] "Processing draws 12301 to 12400"
[1] "Chunk time = 2.06716155211131"
[1] "Processing draws 12401 to 12500"
[1] "Chunk time = 1.99777325391769"
[1] "Processing draws 12501 to 12600"
[1] "Chunk time = 1.92456704775492"
[1] "Processing draws 12601 to 12700"
[1] "Chunk time = 2.04853227535884"
[1] "Processing draws 12701 to 12800"
[1] "Chunk time = 1.99726449251175"
[1] "Processing draws 12801 to 12900"
[1] "Chunk time = 1.96669013897578"
[1] "Processing draws 12901 to 13000"
[1] "Chunk time = 2.03818023204803"
[1] "Processing draws 13001 to 13100"
[1] "Chunk time = 1.98243848880132"
[1] "Processing draws 13101 to 13200"
[1] "Chunk time = 2.05652702649434"
[1] "Processing draws 13201 to 13300"
[1] "Chunk time = 2.02423876523972"
[1] "Processing draws 13301 to 13400"
[1] "Chunk time = 1.98013936678569"
[1] "Processing draws 13401 to 13500"
[1] "Chunk time = 1.96952149073283"
[1] "Processing draws 13501 to 13600"
[1] "Chunk time = 1.9632116874059"
[1] "Processing draws 13601 to 13700"
[1] "Chunk time = 1.972676273187"
[1] "Processing draws 13701 to 13800"
[1] "Chunk time = 1.95844130118688"
[1] "Processing draws 13801 to 13900"
[1] "Chunk time = 2.01197831233342"
[1] "Processing draws 13901 to 14000"
[1] "Chunk time = 1.94267704089483"
[1] "Processing draws 14001 to 14100"
[1] "Chunk time = 1.97909418741862"
[1] "Processing draws 14101 to 14200"
[1] "Chunk time = 1.94918078581492"
[1] "Processing draws 14201 to 14300"
[1] "Chunk time = 1.92826025883357"
[1] "Processing draws 14301 to 14400"
[1] "Chunk time = 1.95112874507904"
[1] "Processing draws 14401 to 14500"
[1] "Chunk time = 1.99368561108907"
[1] "Processing draws 14501 to 14600"
[1] "Chunk time = 1.99314988454183"
[1] "Processing draws 14601 to 14700"
[1] "Chunk time = 1.92956801255544"
[1] "Processing draws 14701 to 14800"
[1] "Chunk time = 1.95381594896317"
[1] "Processing draws 14801 to 14900"
[1] "Chunk time = 1.99860923687617"
[1] "Processing draws 14901 to 15000"
[1] "Chunk time = 1.94229131539663"
[1] "Processing draws 15001 to 15100"
[1] "Chunk time = 1.93385759194692"
[1] "Processing draws 15101 to 15200"
[1] "Chunk time = 1.9414111495018"
[1] "Processing draws 15201 to 15300"
[1] "Chunk time = 2.02293878396352"
[1] "Processing draws 15301 to 15400"
[1] "Chunk time = 1.9472490866979"
[1] "Processing draws 15401 to 15500"
[1] "Chunk time = 1.93412039279938"
[1] "Processing draws 15501 to 15600"
[1] "Chunk time = 1.94429333209991"
[1] "Processing draws 15601 to 15700"
[1] "Chunk time = 1.95488679409027"
[1] "Processing draws 15701 to 15800"
[1] "Chunk time = 1.96971523761749"
[1] "Processing draws 15801 to 15900"
[1] "Chunk time = 1.97088794708252"
[1] "Processing draws 15901 to 16000"
[1] "Chunk time = 2.02775059541066"
[1] "Processing draws 16001 to 16100"
[1] "Chunk time = 1.94383322000504"
[1] "Processing draws 16101 to 16200"
[1] "Chunk time = 1.93239488999049"
[1] "Processing draws 16201 to 16300"
[1] "Chunk time = 1.94011668364207"
[1] "Processing draws 16301 to 16400"
[1] "Chunk time = 1.93453968365987"
[1] "Processing draws 16401 to 16500"
[1] "Chunk time = 1.95246025721232"
[1] "Processing draws 16501 to 16600"
[1] "Chunk time = 1.97372719446818"
[1] "Processing draws 16601 to 16700"
[1] "Chunk time = 2.03219414552053"
[1] "Processing draws 16701 to 16800"
[1] "Chunk time = 1.93278385400772"
[1] "Processing draws 16801 to 16900"
[1] "Chunk time = 1.94165775378545"
[1] "Processing draws 16901 to 17000"
[1] "Chunk time = 1.91325572331746"
[1] "Processing draws 17001 to 17100"
[1] "Chunk time = 1.92401929696401"
[1] "Processing draws 17101 to 17200"
[1] "Chunk time = 1.93297231197357"
[1] "Processing draws 17201 to 17300"
[1] "Chunk time = 1.93315631548564"
[1] "Processing draws 17301 to 17400"
[1] "Chunk time = 1.98561272621155"
[1] "Processing draws 17401 to 17500"
[1] "Chunk time = 1.95825194120407"
[1] "Processing draws 17501 to 17600"
[1] "Chunk time = 1.92738047838211"
[1] "Processing draws 17601 to 17700"
[1] "Chunk time = 1.93318066199621"
[1] "Processing draws 17701 to 17800"
[1] "Chunk time = 1.93526018857956"
[1] "Processing draws 17801 to 17900"
[1] "Chunk time = 1.91354109843572"
[1] "Processing draws 17901 to 18000"
[1] "Chunk time = 1.93072355190913"
[1] "Processing draws 18001 to 18100"
[1] "Chunk time = 1.98554207881292"
[1] "Processing draws 18101 to 18200"
[1] "Chunk time = 1.92171301047007"
[1] "Processing draws 18201 to 18300"
[1] "Chunk time = 1.92295960982641"
[1] "Processing draws 18301 to 18400"
[1] "Chunk time = 1.94128721952438"
[1] "Processing draws 18401 to 18500"
[1] "Chunk time = 1.94804462989171"
[1] "Processing draws 18501 to 18600"
[1] "Chunk time = 1.9329138080279"
[1] "Processing draws 18601 to 18700"
[1] "Chunk time = 1.94167178869247"
[1] "Processing draws 18701 to 18800"
[1] "Chunk time = 1.99029797315598"
[1] "Processing draws 18801 to 18900"
[1] "Chunk time = 1.92982050577799"
[1] "Processing draws 18901 to 19000"
[1] "Chunk time = 1.94344333410263"
[1] "Processing draws 19001 to 19100"
[1] "Chunk time = 1.91599919398626"
[1] "Processing draws 19101 to 19200"
[1] "Chunk time = 1.9251260081927"
[1] "Processing draws 19201 to 19300"
[1] "Chunk time = 1.94641398986181"
[1] "Processing draws 19301 to 19400"
[1] "Chunk time = 1.92233276764552"
[1] "Processing draws 19401 to 19500"
[1] "Chunk time = 2.00204818646113"
[1] "Processing draws 19501 to 19600"
[1] "Chunk time = 1.93217639923096"
[1] "Processing draws 19601 to 19700"
[1] "Chunk time = 1.9365266084671"
[1] "Processing draws 19701 to 19800"
[1] "Chunk time = 1.90402708053589"
[1] "Processing draws 19801 to 19900"
[1] "Chunk time = 1.92675623099009"
[1] "Processing draws 19901 to 20000"
[1] "Chunk time = 1.92792519728343"
[1] "done lapplying"
[1] "Saving current params"
[1] "Saving params to output.rds"
[1] TRUE
[1] "Time for modelling:"
[1] "2025-07-02 20:46:23 EDT"
[1] "Time for posterior computations:"
Time difference of 6.718016 hours
[1] "Total time:"
[1] "2025-07-03 03:29:28 EDT"
