[1] "Starting sampling."
Running MCMC with 4 parallel chains, with 4 thread(s) per chain...

Chain 1 Iteration:    1 / 6000 [  0%]  (Warmup) 
Chain 2 Iteration:    1 / 6000 [  0%]  (Warmup) 
Chain 3 Iteration:    1 / 6000 [  0%]  (Warmup) 
Chain 4 Iteration:    1 / 6000 [  0%]  (Warmup) 
Chain 4 Iteration:  100 / 6000 [  1%]  (Warmup) 
Chain 3 Iteration:  100 / 6000 [  1%]  (Warmup) 
Chain 2 Iteration:  100 / 6000 [  1%]  (Warmup) 
Chain 1 Iteration:  100 / 6000 [  1%]  (Warmup) 
Chain 4 Iteration:  200 / 6000 [  3%]  (Warmup) 
Chain 3 Iteration:  200 / 6000 [  3%]  (Warmup) 
Chain 4 Iteration:  300 / 6000 [  5%]  (Warmup) 
Chain 1 Iteration:  200 / 6000 [  3%]  (Warmup) 
Chain 2 Iteration:  200 / 6000 [  3%]  (Warmup) 
Chain 3 Iteration:  300 / 6000 [  5%]  (Warmup) 
Chain 4 Iteration:  400 / 6000 [  6%]  (Warmup) 
Chain 1 Iteration:  300 / 6000 [  5%]  (Warmup) 
Chain 2 Iteration:  300 / 6000 [  5%]  (Warmup) 
Chain 3 Iteration:  400 / 6000 [  6%]  (Warmup) 
Chain 4 Iteration:  500 / 6000 [  8%]  (Warmup) 
Chain 1 Iteration:  400 / 6000 [  6%]  (Warmup) 
Chain 2 Iteration:  400 / 6000 [  6%]  (Warmup) 
Chain 4 Iteration:  600 / 6000 [ 10%]  (Warmup) 
Chain 3 Iteration:  500 / 6000 [  8%]  (Warmup) 
Chain 1 Iteration:  500 / 6000 [  8%]  (Warmup) 
Chain 4 Iteration:  700 / 6000 [ 11%]  (Warmup) 
Chain 2 Iteration:  500 / 6000 [  8%]  (Warmup) 
Chain 3 Iteration:  600 / 6000 [ 10%]  (Warmup) 
Chain 1 Iteration:  600 / 6000 [ 10%]  (Warmup) 
Chain 4 Iteration:  800 / 6000 [ 13%]  (Warmup) 
Chain 3 Iteration:  700 / 6000 [ 11%]  (Warmup) 
Chain 2 Iteration:  600 / 6000 [ 10%]  (Warmup) 
Chain 1 Iteration:  700 / 6000 [ 11%]  (Warmup) 
Chain 4 Iteration:  900 / 6000 [ 15%]  (Warmup) 
Chain 3 Iteration:  800 / 6000 [ 13%]  (Warmup) 
Chain 1 Iteration:  800 / 6000 [ 13%]  (Warmup) 
Chain 2 Iteration:  700 / 6000 [ 11%]  (Warmup) 
Chain 4 Iteration: 1000 / 6000 [ 16%]  (Warmup) 
Chain 3 Iteration:  900 / 6000 [ 15%]  (Warmup) 
Chain 4 Iteration: 1001 / 6000 [ 16%]  (Sampling) 
Chain 1 Iteration:  900 / 6000 [ 15%]  (Warmup) 
Chain 2 Iteration:  800 / 6000 [ 13%]  (Warmup) 
Chain 4 Iteration: 1100 / 6000 [ 18%]  (Sampling) 
Chain 3 Iteration: 1000 / 6000 [ 16%]  (Warmup) 
Chain 3 Iteration: 1001 / 6000 [ 16%]  (Sampling) 
Chain 1 Iteration: 1000 / 6000 [ 16%]  (Warmup) 
Chain 1 Iteration: 1001 / 6000 [ 16%]  (Sampling) 
Chain 2 Iteration:  900 / 6000 [ 15%]  (Warmup) 
Chain 4 Iteration: 1200 / 6000 [ 20%]  (Sampling) 
Chain 3 Iteration: 1100 / 6000 [ 18%]  (Sampling) 
Chain 1 Iteration: 1100 / 6000 [ 18%]  (Sampling) 
Chain 2 Iteration: 1000 / 6000 [ 16%]  (Warmup) 
Chain 2 Iteration: 1001 / 6000 [ 16%]  (Sampling) 
Chain 4 Iteration: 1300 / 6000 [ 21%]  (Sampling) 
Chain 3 Iteration: 1200 / 6000 [ 20%]  (Sampling) 
Chain 1 Iteration: 1200 / 6000 [ 20%]  (Sampling) 
Chain 2 Iteration: 1100 / 6000 [ 18%]  (Sampling) 
Chain 4 Iteration: 1400 / 6000 [ 23%]  (Sampling) 
Chain 3 Iteration: 1300 / 6000 [ 21%]  (Sampling) 
Chain 1 Iteration: 1300 / 6000 [ 21%]  (Sampling) 
Chain 2 Iteration: 1200 / 6000 [ 20%]  (Sampling) 
Chain 4 Iteration: 1500 / 6000 [ 25%]  (Sampling) 
Chain 3 Iteration: 1400 / 6000 [ 23%]  (Sampling) 
Chain 1 Iteration: 1400 / 6000 [ 23%]  (Sampling) 
Chain 4 Iteration: 1600 / 6000 [ 26%]  (Sampling) 
Chain 2 Iteration: 1300 / 6000 [ 21%]  (Sampling) 
Chain 3 Iteration: 1500 / 6000 [ 25%]  (Sampling) 
Chain 1 Iteration: 1500 / 6000 [ 25%]  (Sampling) 
Chain 4 Iteration: 1700 / 6000 [ 28%]  (Sampling) 
Chain 3 Iteration: 1600 / 6000 [ 26%]  (Sampling) 
Chain 2 Iteration: 1400 / 6000 [ 23%]  (Sampling) 
Chain 1 Iteration: 1600 / 6000 [ 26%]  (Sampling) 
Chain 4 Iteration: 1800 / 6000 [ 30%]  (Sampling) 
Chain 3 Iteration: 1700 / 6000 [ 28%]  (Sampling) 
Chain 2 Iteration: 1500 / 6000 [ 25%]  (Sampling) 
Chain 1 Iteration: 1700 / 6000 [ 28%]  (Sampling) 
Chain 4 Iteration: 1900 / 6000 [ 31%]  (Sampling) 
Chain 3 Iteration: 1800 / 6000 [ 30%]  (Sampling) 
Chain 2 Iteration: 1600 / 6000 [ 26%]  (Sampling) 
Chain 4 Iteration: 2000 / 6000 [ 33%]  (Sampling) 
Chain 1 Iteration: 1800 / 6000 [ 30%]  (Sampling) 
Chain 3 Iteration: 1900 / 6000 [ 31%]  (Sampling) 
Chain 4 Iteration: 2100 / 6000 [ 35%]  (Sampling) 
Chain 3 Iteration: 2000 / 6000 [ 33%]  (Sampling) 
Chain 2 Iteration: 1700 / 6000 [ 28%]  (Sampling) 
Chain 1 Iteration: 1900 / 6000 [ 31%]  (Sampling) 
Chain 4 Iteration: 2200 / 6000 [ 36%]  (Sampling) 
Chain 3 Iteration: 2100 / 6000 [ 35%]  (Sampling) 
Chain 2 Iteration: 1800 / 6000 [ 30%]  (Sampling) 
Chain 1 Iteration: 2000 / 6000 [ 33%]  (Sampling) 
Chain 4 Iteration: 2300 / 6000 [ 38%]  (Sampling) 
Chain 3 Iteration: 2200 / 6000 [ 36%]  (Sampling) 
Chain 1 Iteration: 2100 / 6000 [ 35%]  (Sampling) 
Chain 2 Iteration: 1900 / 6000 [ 31%]  (Sampling) 
Chain 4 Iteration: 2400 / 6000 [ 40%]  (Sampling) 
Chain 3 Iteration: 2300 / 6000 [ 38%]  (Sampling) 
Chain 1 Iteration: 2200 / 6000 [ 36%]  (Sampling) 
Chain 2 Iteration: 2000 / 6000 [ 33%]  (Sampling) 
Chain 4 Iteration: 2500 / 6000 [ 41%]  (Sampling) 
Chain 3 Iteration: 2400 / 6000 [ 40%]  (Sampling) 
Chain 1 Iteration: 2300 / 6000 [ 38%]  (Sampling) 
Chain 4 Iteration: 2600 / 6000 [ 43%]  (Sampling) 
Chain 2 Iteration: 2100 / 6000 [ 35%]  (Sampling) 
Chain 3 Iteration: 2500 / 6000 [ 41%]  (Sampling) 
Chain 4 Iteration: 2700 / 6000 [ 45%]  (Sampling) 
Chain 1 Iteration: 2400 / 6000 [ 40%]  (Sampling) 
Chain 3 Iteration: 2600 / 6000 [ 43%]  (Sampling) 
Chain 2 Iteration: 2200 / 6000 [ 36%]  (Sampling) 
Chain 4 Iteration: 2800 / 6000 [ 46%]  (Sampling) 
Chain 1 Iteration: 2500 / 6000 [ 41%]  (Sampling) 
Chain 3 Iteration: 2700 / 6000 [ 45%]  (Sampling) 
Chain 2 Iteration: 2300 / 6000 [ 38%]  (Sampling) 
Chain 4 Iteration: 2900 / 6000 [ 48%]  (Sampling) 
Chain 1 Iteration: 2600 / 6000 [ 43%]  (Sampling) 
Chain 3 Iteration: 2800 / 6000 [ 46%]  (Sampling) 
Chain 4 Iteration: 3000 / 6000 [ 50%]  (Sampling) 
Chain 2 Iteration: 2400 / 6000 [ 40%]  (Sampling) 
Chain 3 Iteration: 2900 / 6000 [ 48%]  (Sampling) 
Chain 1 Iteration: 2700 / 6000 [ 45%]  (Sampling) 
Chain 4 Iteration: 3100 / 6000 [ 51%]  (Sampling) 
Chain 2 Iteration: 2500 / 6000 [ 41%]  (Sampling) 
Chain 3 Iteration: 3000 / 6000 [ 50%]  (Sampling) 
Chain 1 Iteration: 2800 / 6000 [ 46%]  (Sampling) 
Chain 4 Iteration: 3200 / 6000 [ 53%]  (Sampling) 
Chain 2 Iteration: 2600 / 6000 [ 43%]  (Sampling) 
Chain 3 Iteration: 3100 / 6000 [ 51%]  (Sampling) 
Chain 4 Iteration: 3300 / 6000 [ 55%]  (Sampling) 
Chain 1 Iteration: 2900 / 6000 [ 48%]  (Sampling) 
Chain 3 Iteration: 3200 / 6000 [ 53%]  (Sampling) 
Chain 2 Iteration: 2700 / 6000 [ 45%]  (Sampling) 
Chain 4 Iteration: 3400 / 6000 [ 56%]  (Sampling) 
Chain 1 Iteration: 3000 / 6000 [ 50%]  (Sampling) 
Chain 3 Iteration: 3300 / 6000 [ 55%]  (Sampling) 
Chain 2 Iteration: 2800 / 6000 [ 46%]  (Sampling) 
Chain 4 Iteration: 3500 / 6000 [ 58%]  (Sampling) 
Chain 1 Iteration: 3100 / 6000 [ 51%]  (Sampling) 
Chain 3 Iteration: 3400 / 6000 [ 56%]  (Sampling) 
Chain 4 Iteration: 3600 / 6000 [ 60%]  (Sampling) 
Chain 2 Iteration: 2900 / 6000 [ 48%]  (Sampling) 
Chain 1 Iteration: 3200 / 6000 [ 53%]  (Sampling) 
Chain 3 Iteration: 3500 / 6000 [ 58%]  (Sampling) 
Chain 4 Iteration: 3700 / 6000 [ 61%]  (Sampling) 
Chain 2 Iteration: 3000 / 6000 [ 50%]  (Sampling) 
Chain 3 Iteration: 3600 / 6000 [ 60%]  (Sampling) 
Chain 1 Iteration: 3300 / 6000 [ 55%]  (Sampling) 
Chain 4 Iteration: 3800 / 6000 [ 63%]  (Sampling) 
Chain 3 Iteration: 3700 / 6000 [ 61%]  (Sampling) 
Chain 2 Iteration: 3100 / 6000 [ 51%]  (Sampling) 
Chain 1 Iteration: 3400 / 6000 [ 56%]  (Sampling) 
Chain 4 Iteration: 3900 / 6000 [ 65%]  (Sampling) 
Chain 3 Iteration: 3800 / 6000 [ 63%]  (Sampling) 
Chain 2 Iteration: 3200 / 6000 [ 53%]  (Sampling) 
Chain 1 Iteration: 3500 / 6000 [ 58%]  (Sampling) 
Chain 4 Iteration: 4000 / 6000 [ 66%]  (Sampling) 
Chain 3 Iteration: 3900 / 6000 [ 65%]  (Sampling) 
Chain 2 Iteration: 3300 / 6000 [ 55%]  (Sampling) 
Chain 4 Iteration: 4100 / 6000 [ 68%]  (Sampling) 
Chain 1 Iteration: 3600 / 6000 [ 60%]  (Sampling) 
Chain 3 Iteration: 4000 / 6000 [ 66%]  (Sampling) 
Chain 4 Iteration: 4200 / 6000 [ 70%]  (Sampling) 
Chain 2 Iteration: 3400 / 6000 [ 56%]  (Sampling) 
Chain 1 Iteration: 3700 / 6000 [ 61%]  (Sampling) 
Chain 3 Iteration: 4100 / 6000 [ 68%]  (Sampling) 
Chain 4 Iteration: 4300 / 6000 [ 71%]  (Sampling) 
Chain 2 Iteration: 3500 / 6000 [ 58%]  (Sampling) 
Chain 1 Iteration: 3800 / 6000 [ 63%]  (Sampling) 
Chain 3 Iteration: 4200 / 6000 [ 70%]  (Sampling) 
Chain 4 Iteration: 4400 / 6000 [ 73%]  (Sampling) 
Chain 2 Iteration: 3600 / 6000 [ 60%]  (Sampling) 
Chain 1 Iteration: 3900 / 6000 [ 65%]  (Sampling) 
Chain 3 Iteration: 4300 / 6000 [ 71%]  (Sampling) 
Chain 4 Iteration: 4500 / 6000 [ 75%]  (Sampling) 
Chain 2 Iteration: 3700 / 6000 [ 61%]  (Sampling) 
Chain 1 Iteration: 4000 / 6000 [ 66%]  (Sampling) 
Chain 3 Iteration: 4400 / 6000 [ 73%]  (Sampling) 
Chain 4 Iteration: 4600 / 6000 [ 76%]  (Sampling) 
Chain 2 Iteration: 3800 / 6000 [ 63%]  (Sampling) 
Chain 1 Iteration: 4100 / 6000 [ 68%]  (Sampling) 
Chain 3 Iteration: 4500 / 6000 [ 75%]  (Sampling) 
Chain 4 Iteration: 4700 / 6000 [ 78%]  (Sampling) 
Chain 2 Iteration: 3900 / 6000 [ 65%]  (Sampling) 
Chain 1 Iteration: 4200 / 6000 [ 70%]  (Sampling) 
Chain 3 Iteration: 4600 / 6000 [ 76%]  (Sampling) 
Chain 4 Iteration: 4800 / 6000 [ 80%]  (Sampling) 
Chain 2 Iteration: 4000 / 6000 [ 66%]  (Sampling) 
Chain 3 Iteration: 4700 / 6000 [ 78%]  (Sampling) 
Chain 1 Iteration: 4300 / 6000 [ 71%]  (Sampling) 
Chain 4 Iteration: 4900 / 6000 [ 81%]  (Sampling) 
Chain 2 Iteration: 4100 / 6000 [ 68%]  (Sampling) 
Chain 3 Iteration: 4800 / 6000 [ 80%]  (Sampling) 
Chain 4 Iteration: 5000 / 6000 [ 83%]  (Sampling) 
Chain 1 Iteration: 4400 / 6000 [ 73%]  (Sampling) 
Chain 3 Iteration: 4900 / 6000 [ 81%]  (Sampling) 
Chain 4 Iteration: 5100 / 6000 [ 85%]  (Sampling) 
Chain 2 Iteration: 4200 / 6000 [ 70%]  (Sampling) 
Chain 1 Iteration: 4500 / 6000 [ 75%]  (Sampling) 
Chain 3 Iteration: 5000 / 6000 [ 83%]  (Sampling) 
Chain 4 Iteration: 5200 / 6000 [ 86%]  (Sampling) 
Chain 2 Iteration: 4300 / 6000 [ 71%]  (Sampling) 
Chain 1 Iteration: 4600 / 6000 [ 76%]  (Sampling) 
Chain 3 Iteration: 5100 / 6000 [ 85%]  (Sampling) 
Chain 4 Iteration: 5300 / 6000 [ 88%]  (Sampling) 
Chain 2 Iteration: 4400 / 6000 [ 73%]  (Sampling) 
Chain 1 Iteration: 4700 / 6000 [ 78%]  (Sampling) 
Chain 3 Iteration: 5200 / 6000 [ 86%]  (Sampling) 
Chain 4 Iteration: 5400 / 6000 [ 90%]  (Sampling) 
Chain 2 Iteration: 4500 / 6000 [ 75%]  (Sampling) 
Chain 1 Iteration: 4800 / 6000 [ 80%]  (Sampling) 
Chain 4 Iteration: 5500 / 6000 [ 91%]  (Sampling) 
Chain 3 Iteration: 5300 / 6000 [ 88%]  (Sampling) 
Chain 2 Iteration: 4600 / 6000 [ 76%]  (Sampling) 
Chain 4 Iteration: 5600 / 6000 [ 93%]  (Sampling) 
Chain 3 Iteration: 5400 / 6000 [ 90%]  (Sampling) 
Chain 1 Iteration: 4900 / 6000 [ 81%]  (Sampling) 
Chain 2 Iteration: 4700 / 6000 [ 78%]  (Sampling) 
Chain 4 Iteration: 5700 / 6000 [ 95%]  (Sampling) 
Chain 3 Iteration: 5500 / 6000 [ 91%]  (Sampling) 
Chain 1 Iteration: 5000 / 6000 [ 83%]  (Sampling) 
Chain 4 Iteration: 5800 / 6000 [ 96%]  (Sampling) 
Chain 3 Iteration: 5600 / 6000 [ 93%]  (Sampling) 
Chain 2 Iteration: 4800 / 6000 [ 80%]  (Sampling) 
Chain 1 Iteration: 5100 / 6000 [ 85%]  (Sampling) 
Chain 4 Iteration: 5900 / 6000 [ 98%]  (Sampling) 
Chain 3 Iteration: 5700 / 6000 [ 95%]  (Sampling) 
Chain 2 Iteration: 4900 / 6000 [ 81%]  (Sampling) 
Chain 1 Iteration: 5200 / 6000 [ 86%]  (Sampling) 
Chain 4 Iteration: 6000 / 6000 [100%]  (Sampling) 
Chain 4 finished in 1256.7 seconds.
Chain 3 Iteration: 5800 / 6000 [ 96%]  (Sampling) 
Chain 2 Iteration: 5000 / 6000 [ 83%]  (Sampling) 
Chain 1 Iteration: 5300 / 6000 [ 88%]  (Sampling) 
Chain 3 Iteration: 5900 / 6000 [ 98%]  (Sampling) 
Chain 2 Iteration: 5100 / 6000 [ 85%]  (Sampling) 
Chain 1 Iteration: 5400 / 6000 [ 90%]  (Sampling) 
Chain 3 Iteration: 6000 / 6000 [100%]  (Sampling) 
Chain 3 finished in 1295.4 seconds.
Chain 2 Iteration: 5200 / 6000 [ 86%]  (Sampling) 
Chain 1 Iteration: 5500 / 6000 [ 91%]  (Sampling) 
Chain 2 Iteration: 5300 / 6000 [ 88%]  (Sampling) 
Chain 1 Iteration: 5600 / 6000 [ 93%]  (Sampling) 
Chain 2 Iteration: 5400 / 6000 [ 90%]  (Sampling) 
Chain 1 Iteration: 5700 / 6000 [ 95%]  (Sampling) 
Chain 2 Iteration: 5500 / 6000 [ 91%]  (Sampling) 
Chain 1 Iteration: 5800 / 6000 [ 96%]  (Sampling) 
Chain 2 Iteration: 5600 / 6000 [ 93%]  (Sampling) 
Chain 1 Iteration: 5900 / 6000 [ 98%]  (Sampling) 
Chain 2 Iteration: 5700 / 6000 [ 95%]  (Sampling) 
Chain 1 Iteration: 6000 / 6000 [100%]  (Sampling) 
Chain 1 finished in 1407.7 seconds.
Chain 2 Iteration: 5800 / 6000 [ 96%]  (Sampling) 
Chain 2 Iteration: 5900 / 6000 [ 98%]  (Sampling) 
Chain 2 Iteration: 6000 / 6000 [100%]  (Sampling) 
Chain 2 finished in 1465.1 seconds.

All 4 chains finished successfully.
Mean chain execution time: 1356.2 seconds.
Total execution time: 1465.3 seconds.

[1] "Processing draws 1 to 100"
[1] "Chunk time = 52.7375183105469"
[1] "Processing draws 101 to 200"
[1] "Chunk time = 17.7507283687592"
[1] "Processing draws 201 to 300"
[1] "Chunk time = 16.6448562145233"
[1] "Processing draws 301 to 400"
[1] "Chunk time = 16.7626614570618"
[1] "Processing draws 401 to 500"
[1] "Chunk time = 16.6203627586365"
[1] "Processing draws 501 to 600"
[1] "Chunk time = 16.7566156387329"
[1] "Processing draws 601 to 700"
[1] "Chunk time = 16.6843214035034"
[1] "Processing draws 701 to 800"
[1] "Chunk time = 16.4639723300934"
[1] "Processing draws 801 to 900"
[1] "Chunk time = 16.7090344429016"
[1] "Processing draws 901 to 1000"
[1] "Chunk time = 16.9201519489288"
[1] "Processing draws 1001 to 1100"
[1] "Chunk time = 16.9227356910706"
[1] "Processing draws 1101 to 1200"
[1] "Chunk time = 16.5961973667145"
[1] "Processing draws 1201 to 1300"
[1] "Chunk time = 17.9352798461914"
[1] "Processing draws 1301 to 1400"
[1] "Chunk time = 18.218309879303"
[1] "Processing draws 1401 to 1500"
[1] "Chunk time = 18.4500164985657"
[1] "Processing draws 1501 to 1600"
[1] "Chunk time = 18.0748512744904"
[1] "Processing draws 1601 to 1700"
[1] "Chunk time = 18.4334797859192"
[1] "Processing draws 1701 to 1800"
[1] "Chunk time = 18.0474693775177"
[1] "Processing draws 1801 to 1900"
[1] "Chunk time = 18.2324259281158"
[1] "Processing draws 1901 to 2000"
[1] "Chunk time = 17.9872035980225"
[1] "Processing draws 2001 to 2100"
[1] "Chunk time = 17.8678805828094"
[1] "Processing draws 2101 to 2200"
[1] "Chunk time = 17.8134105205536"
[1] "Processing draws 2201 to 2300"
[1] "Chunk time = 17.854996919632"
[1] "Processing draws 2301 to 2400"
[1] "Chunk time = 17.8758459091187"
[1] "Processing draws 2401 to 2500"
[1] "Chunk time = 17.9578399658203"
[1] "Processing draws 2501 to 2600"
[1] "Chunk time = 18.0056731700897"
[1] "Processing draws 2601 to 2700"
[1] "Chunk time = 17.8266415596008"
[1] "Processing draws 2701 to 2800"
[1] "Chunk time = 17.7584750652313"
[1] "Processing draws 2801 to 2900"
[1] "Chunk time = 17.7938446998596"
[1] "Processing draws 2901 to 3000"
[1] "Chunk time = 18.0204417705536"
[1] "Processing draws 3001 to 3100"
[1] "Chunk time = 17.8432219028473"
[1] "Processing draws 3101 to 3200"
[1] "Chunk time = 17.9529163837433"
[1] "Processing draws 3201 to 3300"
[1] "Chunk time = 18.0362594127655"
[1] "Processing draws 3301 to 3400"
[1] "Chunk time = 17.8611898422241"
[1] "Processing draws 3401 to 3500"
[1] "Chunk time = 17.8894267082214"
[1] "Processing draws 3501 to 3600"
[1] "Chunk time = 17.9254472255707"
[1] "Processing draws 3601 to 3700"
[1] "Chunk time = 18.0559904575348"
[1] "Processing draws 3701 to 3800"
[1] "Chunk time = 17.9260818958282"
[1] "Processing draws 3801 to 3900"
[1] "Chunk time = 17.9911906719208"
[1] "Processing draws 3901 to 4000"
[1] "Chunk time = 18.1814153194427"
[1] "Processing draws 4001 to 4100"
[1] "Chunk time = 17.8026988506317"
[1] "Processing draws 4101 to 4200"
[1] "Chunk time = 17.3707370758057"
[1] "Processing draws 4201 to 4300"
[1] "Chunk time = 17.7940504550934"
[1] "Processing draws 4301 to 4400"
[1] "Chunk time = 17.718456029892"
[1] "Processing draws 4401 to 4500"
[1] "Chunk time = 17.8357424736023"
[1] "Processing draws 4501 to 4600"
[1] "Chunk time = 17.6398634910583"
[1] "Processing draws 4601 to 4700"
[1] "Chunk time = 17.8922164440155"
[1] "Processing draws 4701 to 4800"
[1] "Chunk time = 17.7932829856873"
[1] "Processing draws 4801 to 4900"
[1] "Chunk time = 17.7782049179077"
[1] "Processing draws 4901 to 5000"
[1] "Chunk time = 17.8706388473511"
[1] "Processing draws 5001 to 5100"
[1] "Chunk time = 17.8505373001099"
[1] "Processing draws 5101 to 5200"
[1] "Chunk time = 17.5474805831909"
[1] "Processing draws 5201 to 5300"
[1] "Chunk time = 17.782915353775"
[1] "Processing draws 5301 to 5400"
[1] "Chunk time = 17.7609622478485"
[1] "Processing draws 5401 to 5500"
[1] "Chunk time = 17.8378984928131"
[1] "Processing draws 5501 to 5600"
[1] "Chunk time = 18.0848095417023"
[1] "Processing draws 5601 to 5700"
[1] "Chunk time = 17.7352154254913"
[1] "Processing draws 5701 to 5800"
[1] "Chunk time = 17.8873348236084"
[1] "Processing draws 5801 to 5900"
[1] "Chunk time = 17.7497980594635"
[1] "Processing draws 5901 to 6000"
[1] "Chunk time = 17.8905212879181"
[1] "Processing draws 6001 to 6100"
[1] "Chunk time = 17.8241240978241"
[1] "Processing draws 6101 to 6200"
[1] "Chunk time = 17.9341914653778"
[1] "Processing draws 6201 to 6300"
[1] "Chunk time = 18.0425248146057"
[1] "Processing draws 6301 to 6400"
[1] "Chunk time = 17.9472029209137"
[1] "Processing draws 6401 to 6500"
[1] "Chunk time = 17.8001284599304"
[1] "Processing draws 6501 to 6600"
[1] "Chunk time = 17.9946324825287"
[1] "Processing draws 6601 to 6700"
[1] "Chunk time = 17.8058807849884"
[1] "Processing draws 6701 to 6800"
[1] "Chunk time = 17.9073967933655"
[1] "Processing draws 6801 to 6900"
[1] "Chunk time = 17.9185044765472"
[1] "Processing draws 6901 to 7000"
[1] "Chunk time = 18.2779989242554"
[1] "Processing draws 7001 to 7100"
[1] "Chunk time = 17.9709451198578"
[1] "Processing draws 7101 to 7200"
[1] "Chunk time = 17.7848184108734"
[1] "Processing draws 7201 to 7300"
[1] "Chunk time = 18.0583395957947"
[1] "Processing draws 7301 to 7400"
[1] "Chunk time = 17.9561417102814"
[1] "Processing draws 7401 to 7500"
[1] "Chunk time = 17.9018676280975"
[1] "Processing draws 7501 to 7600"
[1] "Chunk time = 17.9373943805695"
[1] "Processing draws 7601 to 7700"
[1] "Chunk time = 18.1028509140015"
[1] "Processing draws 7701 to 7800"
[1] "Chunk time = 17.9160132408142"
[1] "Processing draws 7801 to 7900"
[1] "Chunk time = 18.1361017227173"
[1] "Processing draws 7901 to 8000"
[1] "Chunk time = 18.1094794273376"
[1] "Processing draws 8001 to 8100"
[1] "Chunk time = 18.2536945343018"
[1] "Processing draws 8101 to 8200"
[1] "Chunk time = 17.9138383865356"
[1] "Processing draws 8201 to 8300"
[1] "Chunk time = 18.0620510578156"
[1] "Processing draws 8301 to 8400"
[1] "Chunk time = 17.863374710083"
[1] "Processing draws 8401 to 8500"
[1] "Chunk time = 18.1559064388275"
[1] "Processing draws 8501 to 8600"
[1] "Chunk time = 17.8014204502106"
[1] "Processing draws 8601 to 8700"
[1] "Chunk time = 17.5022728443146"
[1] "Processing draws 8701 to 8800"
[1] "Chunk time = 17.7704973220825"
[1] "Processing draws 8801 to 8900"
[1] "Chunk time = 18.1321997642517"
[1] "Processing draws 8901 to 9000"
[1] "Chunk time = 18.3350734710693"
[1] "Processing draws 9001 to 9100"
[1] "Chunk time = 18.0726094245911"
[1] "Processing draws 9101 to 9200"
[1] "Chunk time = 18.4379806518555"
[1] "Processing draws 9201 to 9300"
[1] "Chunk time = 18.3084917068481"
[1] "Processing draws 9301 to 9400"
[1] "Chunk time = 18.2817170619965"
[1] "Processing draws 9401 to 9500"
[1] "Chunk time = 18.3680953979492"
[1] "Processing draws 9501 to 9600"
[1] "Chunk time = 18.3059782981873"
[1] "Processing draws 9601 to 9700"
[1] "Chunk time = 18.1767961978912"
[1] "Processing draws 9701 to 9800"
[1] "Chunk time = 18.3039841651917"
[1] "Processing draws 9801 to 9900"
[1] "Chunk time = 18.292724609375"
[1] "Processing draws 9901 to 10000"
[1] "Chunk time = 18.5113589763641"
[1] "Processing draws 10001 to 10100"
[1] "Chunk time = 18.4319190979004"
[1] "Processing draws 10101 to 10200"
[1] "Chunk time = 18.0273132324219"
[1] "Processing draws 10201 to 10300"
[1] "Chunk time = 18.3958578109741"
[1] "Processing draws 10301 to 10400"
[1] "Chunk time = 18.2263524532318"
[1] "Processing draws 10401 to 10500"
[1] "Chunk time = 18.3781802654266"
[1] "Processing draws 10501 to 10600"
[1] "Chunk time = 18.3156116008759"
[1] "Processing draws 10601 to 10700"
[1] "Chunk time = 18.5588812828064"
[1] "Processing draws 10701 to 10800"
[1] "Chunk time = 18.3450796604156"
[1] "Processing draws 10801 to 10900"
[1] "Chunk time = 18.4769575595856"
[1] "Processing draws 10901 to 11000"
[1] "Chunk time = 18.5507900714874"
[1] "Processing draws 11001 to 11100"
[1] "Chunk time = 18.4797220230103"
[1] "Processing draws 11101 to 11200"
[1] "Chunk time = 18.3516035079956"
[1] "Processing draws 11201 to 11300"
[1] "Chunk time = 18.4132497310638"
[1] "Processing draws 11301 to 11400"
[1] "Chunk time = 18.5848782062531"
[1] "Processing draws 11401 to 11500"
[1] "Chunk time = 18.5258641242981"
[1] "Processing draws 11501 to 11600"
[1] "Chunk time = 18.5732102394104"
[1] "Processing draws 11601 to 11700"
[1] "Chunk time = 18.2911143302917"
[1] "Processing draws 11701 to 11800"
[1] "Chunk time = 18.5501821041107"
[1] "Processing draws 11801 to 11900"
[1] "Chunk time = 18.4166097640991"
[1] "Processing draws 11901 to 12000"
[1] "Chunk time = 18.691038608551"
[1] "Processing draws 12001 to 12100"
[1] "Chunk time = 18.5312371253967"
[1] "Processing draws 12101 to 12200"
[1] "Chunk time = 18.6108543872833"
[1] "Processing draws 12201 to 12300"
[1] "Chunk time = 18.7352077960968"
[1] "Processing draws 12301 to 12400"
[1] "Chunk time = 18.3328711986542"
[1] "Processing draws 12401 to 12500"
[1] "Chunk time = 18.446133852005"
[1] "Processing draws 12501 to 12600"
[1] "Chunk time = 18.4879071712494"
[1] "Processing draws 12601 to 12700"
[1] "Chunk time = 18.5295107364655"
[1] "Processing draws 12701 to 12800"
[1] "Chunk time = 18.5298798084259"
[1] "Processing draws 12801 to 12900"
[1] "Chunk time = 18.4382050037384"
[1] "Processing draws 12901 to 13000"
[1] "Chunk time = 18.4689259529114"
[1] "Processing draws 13001 to 13100"
[1] "Chunk time = 18.516402721405"
[1] "Processing draws 13101 to 13200"
[1] "Chunk time = 18.0168008804321"
[1] "Processing draws 13201 to 13300"
[1] "Chunk time = 18.269721031189"
[1] "Processing draws 13301 to 13400"
[1] "Chunk time = 18.0924289226532"
[1] "Processing draws 13401 to 13500"
[1] "Chunk time = 18.2030155658722"
[1] "Processing draws 13501 to 13600"
[1] "Chunk time = 18.1707670688629"
[1] "Processing draws 13601 to 13700"
[1] "Chunk time = 18.3649001121521"
[1] "Processing draws 13701 to 13800"
[1] "Chunk time = 18.3753440380096"
[1] "Processing draws 13801 to 13900"
[1] "Chunk time = 18.4480066299438"
[1] "Processing draws 13901 to 14000"
[1] "Chunk time = 18.4393653869629"
[1] "Processing draws 14001 to 14100"
[1] "Chunk time = 18.1819248199463"
[1] "Processing draws 14101 to 14200"
[1] "Chunk time = 18.1464967727661"
[1] "Processing draws 14201 to 14300"
[1] "Chunk time = 18.250679731369"
[1] "Processing draws 14301 to 14400"
[1] "Chunk time = 18.321700334549"
[1] "Processing draws 14401 to 14500"
[1] "Chunk time = 18.3959836959839"
[1] "Processing draws 14501 to 14600"
[1] "Chunk time = 18.6263463497162"
[1] "Processing draws 14601 to 14700"
[1] "Chunk time = 18.203268289566"
[1] "Processing draws 14701 to 14800"
[1] "Chunk time = 18.4425442218781"
[1] "Processing draws 14801 to 14900"
[1] "Chunk time = 18.2294945716858"
[1] "Processing draws 14901 to 15000"
[1] "Chunk time = 18.5501472949982"
[1] "Processing draws 15001 to 15100"
[1] "Chunk time = 18.4100751876831"
[1] "Processing draws 15101 to 15200"
[1] "Chunk time = 18.4381673336029"
[1] "Processing draws 15201 to 15300"
[1] "Chunk time = 18.4531335830688"
[1] "Processing draws 15301 to 15400"
[1] "Chunk time = 18.4811811447144"
[1] "Processing draws 15401 to 15500"
[1] "Chunk time = 18.375955581665"
[1] "Processing draws 15501 to 15600"
[1] "Chunk time = 18.458573102951"
[1] "Processing draws 15601 to 15700"
[1] "Chunk time = 18.2898082733154"
[1] "Processing draws 15701 to 15800"
[1] "Chunk time = 18.2784469127655"
[1] "Processing draws 15801 to 15900"
[1] "Chunk time = 18.412930727005"
[1] "Processing draws 15901 to 16000"
[1] "Chunk time = 18.6330344676971"
[1] "Processing draws 16001 to 16100"
[1] "Chunk time = 18.5138111114502"
[1] "Processing draws 16101 to 16200"
[1] "Chunk time = 18.2809815406799"
[1] "Processing draws 16201 to 16300"
[1] "Chunk time = 18.6351835727692"
[1] "Processing draws 16301 to 16400"
[1] "Chunk time = 18.4435188770294"
[1] "Processing draws 16401 to 16500"
[1] "Chunk time = 18.5931289196014"
[1] "Processing draws 16501 to 16600"
[1] "Chunk time = 18.3746254444122"
[1] "Processing draws 16601 to 16700"
[1] "Chunk time = 18.6292896270752"
[1] "Processing draws 16701 to 16800"
[1] "Chunk time = 18.7262578010559"
[1] "Processing draws 16801 to 16900"
[1] "Chunk time = 18.6175363063812"
[1] "Processing draws 16901 to 17000"
[1] "Chunk time = 18.7137258052826"
[1] "Processing draws 17001 to 17100"
[1] "Chunk time = 18.6507968902588"
[1] "Processing draws 17101 to 17200"
[1] "Chunk time = 18.5261645317078"
[1] "Processing draws 17201 to 17300"
[1] "Chunk time = 18.2059409618378"
[1] "Processing draws 17301 to 17400"
[1] "Chunk time = 18.1487295627594"
[1] "Processing draws 17401 to 17500"
[1] "Chunk time = 18.2410972118378"
[1] "Processing draws 17501 to 17600"
[1] "Chunk time = 18.3164267539978"
[1] "Processing draws 17601 to 17700"
[1] "Chunk time = 17.9912927150726"
[1] "Processing draws 17701 to 17800"
[1] "Chunk time = 18.333744764328"
[1] "Processing draws 17801 to 17900"
[1] "Chunk time = 18.1736946105957"
[1] "Processing draws 17901 to 18000"
[1] "Chunk time = 18.508270740509"
[1] "Processing draws 18001 to 18100"
[1] "Chunk time = 18.3312814235687"
[1] "Processing draws 18101 to 18200"
[1] "Chunk time = 18.3277904987335"
[1] "Processing draws 18201 to 18300"
[1] "Chunk time = 18.3286209106445"
[1] "Processing draws 18301 to 18400"
[1] "Chunk time = 18.2878038883209"
[1] "Processing draws 18401 to 18500"
[1] "Chunk time = 18.4920582771301"
[1] "Processing draws 18501 to 18600"
[1] "Chunk time = 18.3384861946106"
[1] "Processing draws 18601 to 18700"
[1] "Chunk time = 18.4182040691376"
[1] "Processing draws 18701 to 18800"
[1] "Chunk time = 18.2259469032288"
[1] "Processing draws 18801 to 18900"
[1] "Chunk time = 18.4221436977386"
[1] "Processing draws 18901 to 19000"
[1] "Chunk time = 18.3169662952423"
[1] "Processing draws 19001 to 19100"
[1] "Chunk time = 18.2948505878448"
[1] "Processing draws 19101 to 19200"
[1] "Chunk time = 18.2535769939423"
[1] "Processing draws 19201 to 19300"
[1] "Chunk time = 18.4213063716888"
[1] "Processing draws 19301 to 19400"
[1] "Chunk time = 18.1245496273041"
[1] "Processing draws 19401 to 19500"
[1] "Chunk time = 18.4550218582153"
[1] "Processing draws 19501 to 19600"
[1] "Chunk time = 18.3531899452209"
[1] "Processing draws 19601 to 19700"
[1] "Chunk time = 18.4539008140564"
[1] "Processing draws 19701 to 19800"
[1] "Chunk time = 18.3391084671021"
[1] "Processing draws 19801 to 19900"
[1] "Chunk time = 18.1524064540863"
[1] "Processing draws 19901 to 20000"
[1] "Chunk time = 18.6331667900085"
[1] "done lapplying"
[1] "Saving current params"
[1] "Saving params to output.rds"
[1] TRUE
