[1] "Starting sampling."
Running MCMC with 4 parallel chains, with 4 thread(s) per chain...

Chain 1 Iteration:    1 / 6000 [  0%]  (Warmup) 
Chain 2 Iteration:    1 / 6000 [  0%]  (Warmup) 
Chain 3 Iteration:    1 / 6000 [  0%]  (Warmup) 
Chain 4 Iteration:    1 / 6000 [  0%]  (Warmup) 
Chain 3 Iteration:  100 / 6000 [  1%]  (Warmup) 
Chain 4 Iteration:  100 / 6000 [  1%]  (Warmup) 
Chain 1 Iteration:  100 / 6000 [  1%]  (Warmup) 
Chain 2 Iteration:  100 / 6000 [  1%]  (Warmup) 
Chain 3 Iteration:  200 / 6000 [  3%]  (Warmup) 
Chain 4 Iteration:  200 / 6000 [  3%]  (Warmup) 
Chain 1 Iteration:  200 / 6000 [  3%]  (Warmup) 
Chain 2 Iteration:  200 / 6000 [  3%]  (Warmup) 
Chain 3 Iteration:  300 / 6000 [  5%]  (Warmup) 
Chain 4 Iteration:  300 / 6000 [  5%]  (Warmup) 
Chain 1 Iteration:  300 / 6000 [  5%]  (Warmup) 
Chain 2 Iteration:  300 / 6000 [  5%]  (Warmup) 
Chain 3 Iteration:  400 / 6000 [  6%]  (Warmup) 
Chain 4 Iteration:  400 / 6000 [  6%]  (Warmup) 
Chain 1 Iteration:  400 / 6000 [  6%]  (Warmup) 
Chain 2 Iteration:  400 / 6000 [  6%]  (Warmup) 
Chain 3 Iteration:  500 / 6000 [  8%]  (Warmup) 
Chain 4 Iteration:  500 / 6000 [  8%]  (Warmup) 
Chain 1 Iteration:  500 / 6000 [  8%]  (Warmup) 
Chain 2 Iteration:  500 / 6000 [  8%]  (Warmup) 
Chain 3 Iteration:  600 / 6000 [ 10%]  (Warmup) 
Chain 4 Iteration:  600 / 6000 [ 10%]  (Warmup) 
Chain 1 Iteration:  600 / 6000 [ 10%]  (Warmup) 
Chain 2 Iteration:  600 / 6000 [ 10%]  (Warmup) 
Chain 3 Iteration:  700 / 6000 [ 11%]  (Warmup) 
Chain 4 Iteration:  700 / 6000 [ 11%]  (Warmup) 
Chain 2 Iteration:  700 / 6000 [ 11%]  (Warmup) 
Chain 1 Iteration:  700 / 6000 [ 11%]  (Warmup) 
Chain 3 Iteration:  800 / 6000 [ 13%]  (Warmup) 
Chain 2 Iteration:  800 / 6000 [ 13%]  (Warmup) 
Chain 4 Iteration:  800 / 6000 [ 13%]  (Warmup) 
Chain 1 Iteration:  800 / 6000 [ 13%]  (Warmup) 
Chain 3 Iteration:  900 / 6000 [ 15%]  (Warmup) 
Chain 2 Iteration:  900 / 6000 [ 15%]  (Warmup) 
Chain 4 Iteration:  900 / 6000 [ 15%]  (Warmup) 
Chain 1 Iteration:  900 / 6000 [ 15%]  (Warmup) 
Chain 3 Iteration: 1000 / 6000 [ 16%]  (Warmup) 
Chain 3 Iteration: 1001 / 6000 [ 16%]  (Sampling) 
Chain 2 Iteration: 1000 / 6000 [ 16%]  (Warmup) 
Chain 2 Iteration: 1001 / 6000 [ 16%]  (Sampling) 
Chain 4 Iteration: 1000 / 6000 [ 16%]  (Warmup) 
Chain 4 Iteration: 1001 / 6000 [ 16%]  (Sampling) 
Chain 1 Iteration: 1000 / 6000 [ 16%]  (Warmup) 
Chain 1 Iteration: 1001 / 6000 [ 16%]  (Sampling) 
Chain 3 Iteration: 1100 / 6000 [ 18%]  (Sampling) 
Chain 2 Iteration: 1100 / 6000 [ 18%]  (Sampling) 
Chain 4 Iteration: 1100 / 6000 [ 18%]  (Sampling) 
Chain 1 Iteration: 1100 / 6000 [ 18%]  (Sampling) 
Chain 3 Iteration: 1200 / 6000 [ 20%]  (Sampling) 
Chain 2 Iteration: 1200 / 6000 [ 20%]  (Sampling) 
Chain 4 Iteration: 1200 / 6000 [ 20%]  (Sampling) 
Chain 1 Iteration: 1200 / 6000 [ 20%]  (Sampling) 
Chain 3 Iteration: 1300 / 6000 [ 21%]  (Sampling) 
Chain 2 Iteration: 1300 / 6000 [ 21%]  (Sampling) 
Chain 4 Iteration: 1300 / 6000 [ 21%]  (Sampling) 
Chain 1 Iteration: 1300 / 6000 [ 21%]  (Sampling) 
Chain 3 Iteration: 1400 / 6000 [ 23%]  (Sampling) 
Chain 2 Iteration: 1400 / 6000 [ 23%]  (Sampling) 
Chain 4 Iteration: 1400 / 6000 [ 23%]  (Sampling) 
Chain 1 Iteration: 1400 / 6000 [ 23%]  (Sampling) 
Chain 3 Iteration: 1500 / 6000 [ 25%]  (Sampling) 
Chain 2 Iteration: 1500 / 6000 [ 25%]  (Sampling) 
Chain 4 Iteration: 1500 / 6000 [ 25%]  (Sampling) 
Chain 1 Iteration: 1500 / 6000 [ 25%]  (Sampling) 
Chain 3 Iteration: 1600 / 6000 [ 26%]  (Sampling) 
Chain 2 Iteration: 1600 / 6000 [ 26%]  (Sampling) 
Chain 4 Iteration: 1600 / 6000 [ 26%]  (Sampling) 
Chain 1 Iteration: 1600 / 6000 [ 26%]  (Sampling) 
Chain 3 Iteration: 1700 / 6000 [ 28%]  (Sampling) 
Chain 2 Iteration: 1700 / 6000 [ 28%]  (Sampling) 
Chain 4 Iteration: 1700 / 6000 [ 28%]  (Sampling) 
Chain 1 Iteration: 1700 / 6000 [ 28%]  (Sampling) 
Chain 3 Iteration: 1800 / 6000 [ 30%]  (Sampling) 
Chain 2 Iteration: 1800 / 6000 [ 30%]  (Sampling) 
Chain 4 Iteration: 1800 / 6000 [ 30%]  (Sampling) 
Chain 1 Iteration: 1800 / 6000 [ 30%]  (Sampling) 
Chain 3 Iteration: 1900 / 6000 [ 31%]  (Sampling) 
Chain 2 Iteration: 1900 / 6000 [ 31%]  (Sampling) 
Chain 4 Iteration: 1900 / 6000 [ 31%]  (Sampling) 
Chain 1 Iteration: 1900 / 6000 [ 31%]  (Sampling) 
Chain 3 Iteration: 2000 / 6000 [ 33%]  (Sampling) 
Chain 2 Iteration: 2000 / 6000 [ 33%]  (Sampling) 
Chain 4 Iteration: 2000 / 6000 [ 33%]  (Sampling) 
Chain 1 Iteration: 2000 / 6000 [ 33%]  (Sampling) 
Chain 3 Iteration: 2100 / 6000 [ 35%]  (Sampling) 
Chain 2 Iteration: 2100 / 6000 [ 35%]  (Sampling) 
Chain 4 Iteration: 2100 / 6000 [ 35%]  (Sampling) 
Chain 1 Iteration: 2100 / 6000 [ 35%]  (Sampling) 
Chain 3 Iteration: 2200 / 6000 [ 36%]  (Sampling) 
Chain 2 Iteration: 2200 / 6000 [ 36%]  (Sampling) 
Chain 4 Iteration: 2200 / 6000 [ 36%]  (Sampling) 
Chain 1 Iteration: 2200 / 6000 [ 36%]  (Sampling) 
Chain 3 Iteration: 2300 / 6000 [ 38%]  (Sampling) 
Chain 2 Iteration: 2300 / 6000 [ 38%]  (Sampling) 
Chain 4 Iteration: 2300 / 6000 [ 38%]  (Sampling) 
Chain 1 Iteration: 2300 / 6000 [ 38%]  (Sampling) 
Chain 3 Iteration: 2400 / 6000 [ 40%]  (Sampling) 
Chain 2 Iteration: 2400 / 6000 [ 40%]  (Sampling) 
Chain 4 Iteration: 2400 / 6000 [ 40%]  (Sampling) 
Chain 1 Iteration: 2400 / 6000 [ 40%]  (Sampling) 
Chain 3 Iteration: 2500 / 6000 [ 41%]  (Sampling) 
Chain 2 Iteration: 2500 / 6000 [ 41%]  (Sampling) 
Chain 4 Iteration: 2500 / 6000 [ 41%]  (Sampling) 
Chain 1 Iteration: 2500 / 6000 [ 41%]  (Sampling) 
Chain 3 Iteration: 2600 / 6000 [ 43%]  (Sampling) 
Chain 2 Iteration: 2600 / 6000 [ 43%]  (Sampling) 
Chain 4 Iteration: 2600 / 6000 [ 43%]  (Sampling) 
Chain 1 Iteration: 2600 / 6000 [ 43%]  (Sampling) 
Chain 3 Iteration: 2700 / 6000 [ 45%]  (Sampling) 
Chain 2 Iteration: 2700 / 6000 [ 45%]  (Sampling) 
Chain 4 Iteration: 2700 / 6000 [ 45%]  (Sampling) 
Chain 1 Iteration: 2700 / 6000 [ 45%]  (Sampling) 
Chain 3 Iteration: 2800 / 6000 [ 46%]  (Sampling) 
Chain 2 Iteration: 2800 / 6000 [ 46%]  (Sampling) 
Chain 4 Iteration: 2800 / 6000 [ 46%]  (Sampling) 
Chain 1 Iteration: 2800 / 6000 [ 46%]  (Sampling) 
Chain 3 Iteration: 2900 / 6000 [ 48%]  (Sampling) 
Chain 2 Iteration: 2900 / 6000 [ 48%]  (Sampling) 
Chain 4 Iteration: 2900 / 6000 [ 48%]  (Sampling) 
Chain 1 Iteration: 2900 / 6000 [ 48%]  (Sampling) 
Chain 3 Iteration: 3000 / 6000 [ 50%]  (Sampling) 
Chain 2 Iteration: 3000 / 6000 [ 50%]  (Sampling) 
Chain 4 Iteration: 3000 / 6000 [ 50%]  (Sampling) 
Chain 1 Iteration: 3000 / 6000 [ 50%]  (Sampling) 
Chain 3 Iteration: 3100 / 6000 [ 51%]  (Sampling) 
Chain 2 Iteration: 3100 / 6000 [ 51%]  (Sampling) 
Chain 4 Iteration: 3100 / 6000 [ 51%]  (Sampling) 
Chain 1 Iteration: 3100 / 6000 [ 51%]  (Sampling) 
Chain 3 Iteration: 3200 / 6000 [ 53%]  (Sampling) 
Chain 2 Iteration: 3200 / 6000 [ 53%]  (Sampling) 
Chain 4 Iteration: 3200 / 6000 [ 53%]  (Sampling) 
Chain 1 Iteration: 3200 / 6000 [ 53%]  (Sampling) 
Chain 3 Iteration: 3300 / 6000 [ 55%]  (Sampling) 
Chain 2 Iteration: 3300 / 6000 [ 55%]  (Sampling) 
Chain 4 Iteration: 3300 / 6000 [ 55%]  (Sampling) 
Chain 1 Iteration: 3300 / 6000 [ 55%]  (Sampling) 
Chain 3 Iteration: 3400 / 6000 [ 56%]  (Sampling) 
Chain 2 Iteration: 3400 / 6000 [ 56%]  (Sampling) 
Chain 4 Iteration: 3400 / 6000 [ 56%]  (Sampling) 
Chain 1 Iteration: 3400 / 6000 [ 56%]  (Sampling) 
Chain 3 Iteration: 3500 / 6000 [ 58%]  (Sampling) 
Chain 2 Iteration: 3500 / 6000 [ 58%]  (Sampling) 
Chain 4 Iteration: 3500 / 6000 [ 58%]  (Sampling) 
Chain 1 Iteration: 3500 / 6000 [ 58%]  (Sampling) 
Chain 3 Iteration: 3600 / 6000 [ 60%]  (Sampling) 
Chain 2 Iteration: 3600 / 6000 [ 60%]  (Sampling) 
Chain 4 Iteration: 3600 / 6000 [ 60%]  (Sampling) 
Chain 1 Iteration: 3600 / 6000 [ 60%]  (Sampling) 
Chain 3 Iteration: 3700 / 6000 [ 61%]  (Sampling) 
Chain 2 Iteration: 3700 / 6000 [ 61%]  (Sampling) 
Chain 4 Iteration: 3700 / 6000 [ 61%]  (Sampling) 
Chain 1 Iteration: 3700 / 6000 [ 61%]  (Sampling) 
Chain 3 Iteration: 3800 / 6000 [ 63%]  (Sampling) 
Chain 2 Iteration: 3800 / 6000 [ 63%]  (Sampling) 
Chain 4 Iteration: 3800 / 6000 [ 63%]  (Sampling) 
Chain 1 Iteration: 3800 / 6000 [ 63%]  (Sampling) 
Chain 3 Iteration: 3900 / 6000 [ 65%]  (Sampling) 
Chain 2 Iteration: 3900 / 6000 [ 65%]  (Sampling) 
Chain 4 Iteration: 3900 / 6000 [ 65%]  (Sampling) 
Chain 1 Iteration: 3900 / 6000 [ 65%]  (Sampling) 
Chain 3 Iteration: 4000 / 6000 [ 66%]  (Sampling) 
Chain 2 Iteration: 4000 / 6000 [ 66%]  (Sampling) 
Chain 4 Iteration: 4000 / 6000 [ 66%]  (Sampling) 
Chain 1 Iteration: 4000 / 6000 [ 66%]  (Sampling) 
Chain 3 Iteration: 4100 / 6000 [ 68%]  (Sampling) 
Chain 2 Iteration: 4100 / 6000 [ 68%]  (Sampling) 
Chain 4 Iteration: 4100 / 6000 [ 68%]  (Sampling) 
Chain 1 Iteration: 4100 / 6000 [ 68%]  (Sampling) 
Chain 3 Iteration: 4200 / 6000 [ 70%]  (Sampling) 
Chain 2 Iteration: 4200 / 6000 [ 70%]  (Sampling) 
Chain 4 Iteration: 4200 / 6000 [ 70%]  (Sampling) 
Chain 1 Iteration: 4200 / 6000 [ 70%]  (Sampling) 
Chain 3 Iteration: 4300 / 6000 [ 71%]  (Sampling) 
Chain 2 Iteration: 4300 / 6000 [ 71%]  (Sampling) 
Chain 4 Iteration: 4300 / 6000 [ 71%]  (Sampling) 
Chain 1 Iteration: 4300 / 6000 [ 71%]  (Sampling) 
Chain 3 Iteration: 4400 / 6000 [ 73%]  (Sampling) 
Chain 2 Iteration: 4400 / 6000 [ 73%]  (Sampling) 
Chain 4 Iteration: 4400 / 6000 [ 73%]  (Sampling) 
Chain 1 Iteration: 4400 / 6000 [ 73%]  (Sampling) 
Chain 3 Iteration: 4500 / 6000 [ 75%]  (Sampling) 
Chain 2 Iteration: 4500 / 6000 [ 75%]  (Sampling) 
Chain 4 Iteration: 4500 / 6000 [ 75%]  (Sampling) 
Chain 1 Iteration: 4500 / 6000 [ 75%]  (Sampling) 
Chain 3 Iteration: 4600 / 6000 [ 76%]  (Sampling) 
Chain 2 Iteration: 4600 / 6000 [ 76%]  (Sampling) 
Chain 4 Iteration: 4600 / 6000 [ 76%]  (Sampling) 
Chain 1 Iteration: 4600 / 6000 [ 76%]  (Sampling) 
Chain 3 Iteration: 4700 / 6000 [ 78%]  (Sampling) 
Chain 2 Iteration: 4700 / 6000 [ 78%]  (Sampling) 
Chain 4 Iteration: 4700 / 6000 [ 78%]  (Sampling) 
Chain 1 Iteration: 4700 / 6000 [ 78%]  (Sampling) 
Chain 3 Iteration: 4800 / 6000 [ 80%]  (Sampling) 
Chain 2 Iteration: 4800 / 6000 [ 80%]  (Sampling) 
Chain 4 Iteration: 4800 / 6000 [ 80%]  (Sampling) 
Chain 1 Iteration: 4800 / 6000 [ 80%]  (Sampling) 
Chain 3 Iteration: 4900 / 6000 [ 81%]  (Sampling) 
Chain 2 Iteration: 4900 / 6000 [ 81%]  (Sampling) 
Chain 4 Iteration: 4900 / 6000 [ 81%]  (Sampling) 
Chain 1 Iteration: 4900 / 6000 [ 81%]  (Sampling) 
Chain 3 Iteration: 5000 / 6000 [ 83%]  (Sampling) 
Chain 4 Iteration: 5000 / 6000 [ 83%]  (Sampling) 
Chain 2 Iteration: 5000 / 6000 [ 83%]  (Sampling) 
Chain 1 Iteration: 5000 / 6000 [ 83%]  (Sampling) 
Chain 3 Iteration: 5100 / 6000 [ 85%]  (Sampling) 
Chain 2 Iteration: 5100 / 6000 [ 85%]  (Sampling) 
Chain 4 Iteration: 5100 / 6000 [ 85%]  (Sampling) 
Chain 1 Iteration: 5100 / 6000 [ 85%]  (Sampling) 
Chain 3 Iteration: 5200 / 6000 [ 86%]  (Sampling) 
Chain 2 Iteration: 5200 / 6000 [ 86%]  (Sampling) 
Chain 4 Iteration: 5200 / 6000 [ 86%]  (Sampling) 
Chain 1 Iteration: 5200 / 6000 [ 86%]  (Sampling) 
Chain 3 Iteration: 5300 / 6000 [ 88%]  (Sampling) 
Chain 2 Iteration: 5300 / 6000 [ 88%]  (Sampling) 
Chain 4 Iteration: 5300 / 6000 [ 88%]  (Sampling) 
Chain 1 Iteration: 5300 / 6000 [ 88%]  (Sampling) 
Chain 3 Iteration: 5400 / 6000 [ 90%]  (Sampling) 
Chain 2 Iteration: 5400 / 6000 [ 90%]  (Sampling) 
Chain 4 Iteration: 5400 / 6000 [ 90%]  (Sampling) 
Chain 1 Iteration: 5400 / 6000 [ 90%]  (Sampling) 
Chain 3 Iteration: 5500 / 6000 [ 91%]  (Sampling) 
Chain 2 Iteration: 5500 / 6000 [ 91%]  (Sampling) 
Chain 4 Iteration: 5500 / 6000 [ 91%]  (Sampling) 
Chain 1 Iteration: 5500 / 6000 [ 91%]  (Sampling) 
Chain 3 Iteration: 5600 / 6000 [ 93%]  (Sampling) 
Chain 2 Iteration: 5600 / 6000 [ 93%]  (Sampling) 
Chain 4 Iteration: 5600 / 6000 [ 93%]  (Sampling) 
Chain 1 Iteration: 5600 / 6000 [ 93%]  (Sampling) 
Chain 3 Iteration: 5700 / 6000 [ 95%]  (Sampling) 
Chain 2 Iteration: 5700 / 6000 [ 95%]  (Sampling) 
Chain 4 Iteration: 5700 / 6000 [ 95%]  (Sampling) 
Chain 1 Iteration: 5700 / 6000 [ 95%]  (Sampling) 
Chain 3 Iteration: 5800 / 6000 [ 96%]  (Sampling) 
Chain 2 Iteration: 5800 / 6000 [ 96%]  (Sampling) 
Chain 4 Iteration: 5800 / 6000 [ 96%]  (Sampling) 
Chain 1 Iteration: 5800 / 6000 [ 96%]  (Sampling) 
Chain 3 Iteration: 5900 / 6000 [ 98%]  (Sampling) 
Chain 4 Iteration: 5900 / 6000 [ 98%]  (Sampling) 
Chain 2 Iteration: 5900 / 6000 [ 98%]  (Sampling) 
Chain 1 Iteration: 5900 / 6000 [ 98%]  (Sampling) 
Chain 3 Iteration: 6000 / 6000 [100%]  (Sampling) 
Chain 3 finished in 1677.6 seconds.
Chain 4 Iteration: 6000 / 6000 [100%]  (Sampling) 
Chain 4 finished in 1683.9 seconds.
Chain 2 Iteration: 6000 / 6000 [100%]  (Sampling) 
Chain 2 finished in 1684.8 seconds.
Chain 1 Iteration: 6000 / 6000 [100%]  (Sampling) 
Chain 1 finished in 1689.5 seconds.

All 4 chains finished successfully.
Mean chain execution time: 1684.0 seconds.
Total execution time: 1689.8 seconds.

[1] "Processing draws 1 to 100"
[1] "Chunk time = 59.6556391716003"
[1] "Processing draws 101 to 200"
[1] "Chunk time = 21.1537184715271"
[1] "Processing draws 201 to 300"
[1] "Chunk time = 18.781849861145"
[1] "Processing draws 301 to 400"
[1] "Chunk time = 18.2552797794342"
[1] "Processing draws 401 to 500"
[1] "Chunk time = 19.9358549118042"
[1] "Processing draws 501 to 600"
[1] "Chunk time = 21.2149019241333"
[1] "Processing draws 601 to 700"
[1] "Chunk time = 19.9288918972015"
[1] "Processing draws 701 to 800"
[1] "Chunk time = 21.3367252349854"
[1] "Processing draws 801 to 900"
[1] "Chunk time = 19.0050284862518"
[1] "Processing draws 901 to 1000"
[1] "Chunk time = 18.6705567836761"
[1] "Processing draws 1001 to 1100"
[1] "Chunk time = 19.83327460289"
[1] "Processing draws 1101 to 1200"
[1] "Chunk time = 19.7410018444061"
[1] "Processing draws 1201 to 1300"
[1] "Chunk time = 20.6335201263428"
[1] "Processing draws 1301 to 1400"
[1] "Chunk time = 21.4952194690704"
[1] "Processing draws 1401 to 1500"
[1] "Chunk time = 19.5156679153442"
[1] "Processing draws 1501 to 1600"
[1] "Chunk time = 19.4957494735718"
[1] "Processing draws 1601 to 1700"
[1] "Chunk time = 20.6293585300446"
[1] "Processing draws 1701 to 1800"
[1] "Chunk time = 19.6773900985718"
[1] "Processing draws 1801 to 1900"
[1] "Chunk time = 18.2349181175232"
[1] "Processing draws 1901 to 2000"
[1] "Chunk time = 18.7837023735046"
[1] "Processing draws 2001 to 2100"
[1] "Chunk time = 21.0430598258972"
[1] "Processing draws 2101 to 2200"
[1] "Chunk time = 18.3159945011139"
[1] "Processing draws 2201 to 2300"
[1] "Chunk time = 18.4588513374329"
[1] "Processing draws 2301 to 2400"
[1] "Chunk time = 18.5013415813446"
[1] "Processing draws 2401 to 2500"
[1] "Chunk time = 18.0988304615021"
[1] "Processing draws 2501 to 2600"
[1] "Chunk time = 18.4461686611176"
[1] "Processing draws 2601 to 2700"
[1] "Chunk time = 18.8727052211761"
[1] "Processing draws 2701 to 2800"
[1] "Chunk time = 19.0035574436188"
[1] "Processing draws 2801 to 2900"
[1] "Chunk time = 18.9697239398956"
[1] "Processing draws 2901 to 3000"
[1] "Chunk time = 19.2579846382141"
[1] "Processing draws 3001 to 3100"
[1] "Chunk time = 18.8051614761353"
[1] "Processing draws 3101 to 3200"
[1] "Chunk time = 19.9661374092102"
[1] "Processing draws 3201 to 3300"
[1] "Chunk time = 19.5345418453217"
[1] "Processing draws 3301 to 3400"
[1] "Chunk time = 18.7625613212585"
[1] "Processing draws 3401 to 3500"
[1] "Chunk time = 21.3553626537323"
[1] "Processing draws 3501 to 3600"
[1] "Chunk time = 19.1452209949493"
[1] "Processing draws 3601 to 3700"
[1] "Chunk time = 20.7864925861359"
[1] "Processing draws 3701 to 3800"
[1] "Chunk time = 20.1531920433044"
[1] "Processing draws 3801 to 3900"
[1] "Chunk time = 19.3911983966827"
[1] "Processing draws 3901 to 4000"
[1] "Chunk time = 20.0410339832306"
[1] "Processing draws 4001 to 4100"
[1] "Chunk time = 19.1638112068176"
[1] "Processing draws 4101 to 4200"
[1] "Chunk time = 19.3773934841156"
[1] "Processing draws 4201 to 4300"
[1] "Chunk time = 19.9351735115051"
[1] "Processing draws 4301 to 4400"
[1] "Chunk time = 19.4764230251312"
[1] "Processing draws 4401 to 4500"
[1] "Chunk time = 19.4382965564728"
[1] "Processing draws 4501 to 4600"
[1] "Chunk time = 18.6915690898895"
[1] "Processing draws 4601 to 4700"
[1] "Chunk time = 19.1787762641907"
[1] "Processing draws 4701 to 4800"
[1] "Chunk time = 19.3544116020203"
[1] "Processing draws 4801 to 4900"
[1] "Chunk time = 19.0004315376282"
[1] "Processing draws 4901 to 5000"
[1] "Chunk time = 19.045126914978"
[1] "Processing draws 5001 to 5100"
[1] "Chunk time = 19.263453245163"
[1] "Processing draws 5101 to 5200"
[1] "Chunk time = 18.9089503288269"
[1] "Processing draws 5201 to 5300"
[1] "Chunk time = 20.6659438610077"
[1] "Processing draws 5301 to 5400"
[1] "Chunk time = 19.2245140075684"
[1] "Processing draws 5401 to 5500"
[1] "Chunk time = 19.9873652458191"
[1] "Processing draws 5501 to 5600"
[1] "Chunk time = 22.0856173038483"
[1] "Processing draws 5601 to 5700"
[1] "Chunk time = 18.979496717453"
[1] "Processing draws 5701 to 5800"
[1] "Chunk time = 19.3248796463013"
[1] "Processing draws 5801 to 5900"
[1] "Chunk time = 18.9373247623444"
[1] "Processing draws 5901 to 6000"
[1] "Chunk time = 18.6971123218536"
[1] "Processing draws 6001 to 6100"
[1] "Chunk time = 18.6975848674774"
[1] "Processing draws 6101 to 6200"
[1] "Chunk time = 18.2460412979126"
[1] "Processing draws 6201 to 6300"
[1] "Chunk time = 18.5068945884705"
[1] "Processing draws 6301 to 6400"
[1] "Chunk time = 18.9788990020752"
[1] "Processing draws 6401 to 6500"
[1] "Chunk time = 18.9859356880188"
[1] "Processing draws 6501 to 6600"
[1] "Chunk time = 18.9528386592865"
[1] "Processing draws 6601 to 6700"
[1] "Chunk time = 19.3649680614471"
[1] "Processing draws 6701 to 6800"
[1] "Chunk time = 19.0931811332703"
[1] "Processing draws 6801 to 6900"
[1] "Chunk time = 21.5527775287628"
[1] "Processing draws 6901 to 7000"
[1] "Chunk time = 18.6666865348816"
[1] "Processing draws 7001 to 7100"
[1] "Chunk time = 18.9044859409332"
[1] "Processing draws 7101 to 7200"
[1] "Chunk time = 19.5722870826721"
[1] "Processing draws 7201 to 7300"
[1] "Chunk time = 19.1153166294098"
[1] "Processing draws 7301 to 7400"
[1] "Chunk time = 18.609815120697"
[1] "Processing draws 7401 to 7500"
[1] "Chunk time = 19.6079568862915"
[1] "Processing draws 7501 to 7600"
[1] "Chunk time = 19.1294195652008"
[1] "Processing draws 7601 to 7700"
[1] "Chunk time = 18.7796394824982"
[1] "Processing draws 7701 to 7800"
[1] "Chunk time = 19.7019903659821"
[1] "Processing draws 7801 to 7900"
[1] "Chunk time = 20.6719720363617"
[1] "Processing draws 7901 to 8000"
[1] "Chunk time = 19.1463148593903"
[1] "Processing draws 8001 to 8100"
[1] "Chunk time = 18.8869476318359"
[1] "Processing draws 8101 to 8200"
[1] "Chunk time = 19.2120077610016"
[1] "Processing draws 8201 to 8300"
[1] "Chunk time = 18.87943816185"
[1] "Processing draws 8301 to 8400"
[1] "Chunk time = 19.0755004882812"
[1] "Processing draws 8401 to 8500"
[1] "Chunk time = 18.9893043041229"
[1] "Processing draws 8501 to 8600"
[1] "Chunk time = 19.1259214878082"
[1] "Processing draws 8601 to 8700"
[1] "Chunk time = 18.67365193367"
[1] "Processing draws 8701 to 8800"
[1] "Chunk time = 18.899698972702"
[1] "Processing draws 8801 to 8900"
[1] "Chunk time = 19.373931646347"
[1] "Processing draws 8901 to 9000"
[1] "Chunk time = 19.5843348503113"
[1] "Processing draws 9001 to 9100"
[1] "Chunk time = 20.0061020851135"
[1] "Processing draws 9101 to 9200"
[1] "Chunk time = 19.1243810653687"
[1] "Processing draws 9201 to 9300"
[1] "Chunk time = 19.3425598144531"
[1] "Processing draws 9301 to 9400"
[1] "Chunk time = 20.5197863578796"
[1] "Processing draws 9401 to 9500"
[1] "Chunk time = 19.2547943592072"
[1] "Processing draws 9501 to 9600"
[1] "Chunk time = 19.3225197792053"
[1] "Processing draws 9601 to 9700"
[1] "Chunk time = 19.8981828689575"
[1] "Processing draws 9701 to 9800"
[1] "Chunk time = 19.0734581947327"
[1] "Processing draws 9801 to 9900"
[1] "Chunk time = 19.2442128658295"
[1] "Processing draws 9901 to 10000"
[1] "Chunk time = 18.9730844497681"
[1] "Processing draws 10001 to 10100"
[1] "Chunk time = 18.8223724365234"
[1] "Processing draws 10101 to 10200"
[1] "Chunk time = 19.0341596603394"
[1] "Processing draws 10201 to 10300"
[1] "Chunk time = 19.7490465641022"
[1] "Processing draws 10301 to 10400"
[1] "Chunk time = 19.522748708725"
[1] "Processing draws 10401 to 10500"
[1] "Chunk time = 19.3634111881256"
[1] "Processing draws 10501 to 10600"
[1] "Chunk time = 19.24538397789"
[1] "Processing draws 10601 to 10700"
[1] "Chunk time = 19.2645127773285"
[1] "Processing draws 10701 to 10800"
[1] "Chunk time = 19.5300018787384"
[1] "Processing draws 10801 to 10900"
[1] "Chunk time = 19.9782731533051"
[1] "Processing draws 10901 to 11000"
[1] "Chunk time = 19.1264359951019"
[1] "Processing draws 11001 to 11100"
[1] "Chunk time = 19.5153858661652"
[1] "Processing draws 11101 to 11200"
[1] "Chunk time = 19.4509463310242"
[1] "Processing draws 11201 to 11300"
[1] "Chunk time = 19.4213252067566"
[1] "Processing draws 11301 to 11400"
[1] "Chunk time = 19.2245392799377"
[1] "Processing draws 11401 to 11500"
[1] "Chunk time = 19.3339102268219"
[1] "Processing draws 11501 to 11600"
[1] "Chunk time = 20.2396383285522"
[1] "Processing draws 11601 to 11700"
[1] "Chunk time = 19.838808298111"
[1] "Processing draws 11701 to 11800"
[1] "Chunk time = 19.1044335365295"
[1] "Processing draws 11801 to 11900"
[1] "Chunk time = 19.2503576278687"
[1] "Processing draws 11901 to 12000"
[1] "Chunk time = 19.2928714752197"
[1] "Processing draws 12001 to 12100"
[1] "Chunk time = 19.0784246921539"
[1] "Processing draws 12101 to 12200"
[1] "Chunk time = 19.0646862983704"
[1] "Processing draws 12201 to 12300"
[1] "Chunk time = 20.2852754592896"
[1] "Processing draws 12301 to 12400"
[1] "Chunk time = 19.6674361228943"
[1] "Processing draws 12401 to 12500"
[1] "Chunk time = 19.8179862499237"
[1] "Processing draws 12501 to 12600"
[1] "Chunk time = 19.2924938201904"
[1] "Processing draws 12601 to 12700"
[1] "Chunk time = 22.1996133327484"
[1] "Processing draws 12701 to 12800"
[1] "Chunk time = 22.915563583374"
[1] "Processing draws 12801 to 12900"
[1] "Chunk time = 19.2527675628662"
[1] "Processing draws 12901 to 13000"
[1] "Chunk time = 18.9306886196136"
[1] "Processing draws 13001 to 13100"
[1] "Chunk time = 19.1705424785614"
[1] "Processing draws 13101 to 13200"
[1] "Chunk time = 19.2628054618835"
[1] "Processing draws 13201 to 13300"
[1] "Chunk time = 19.0067989826202"
[1] "Processing draws 13301 to 13400"
[1] "Chunk time = 19.2955420017242"
[1] "Processing draws 13401 to 13500"
[1] "Chunk time = 19.3315658569336"
[1] "Processing draws 13501 to 13600"
[1] "Chunk time = 19.04119348526"
[1] "Processing draws 13601 to 13700"
[1] "Chunk time = 18.7943413257599"
[1] "Processing draws 13701 to 13800"
[1] "Chunk time = 18.8128461837769"
[1] "Processing draws 13801 to 13900"
[1] "Chunk time = 19.4209651947021"
[1] "Processing draws 13901 to 14000"
[1] "Chunk time = 20.6224915981293"
[1] "Processing draws 14001 to 14100"
[1] "Chunk time = 19.2283654212952"
[1] "Processing draws 14101 to 14200"
[1] "Chunk time = 19.4636693000793"
[1] "Processing draws 14201 to 14300"
[1] "Chunk time = 20.075868844986"
[1] "Processing draws 14301 to 14400"
[1] "Chunk time = 19.7517037391663"
[1] "Processing draws 14401 to 14500"
[1] "Chunk time = 19.4072444438934"
[1] "Processing draws 14501 to 14600"
[1] "Chunk time = 19.2474277019501"
[1] "Processing draws 14601 to 14700"
[1] "Chunk time = 19.8491559028625"
[1] "Processing draws 14701 to 14800"
[1] "Chunk time = 19.6932203769684"
[1] "Processing draws 14801 to 14900"
[1] "Chunk time = 19.3824059963226"
[1] "Processing draws 14901 to 15000"
[1] "Chunk time = 19.2275366783142"
[1] "Processing draws 15001 to 15100"
[1] "Chunk time = 20.1314005851746"
[1] "Processing draws 15101 to 15200"
[1] "Chunk time = 19.0005552768707"
[1] "Processing draws 15201 to 15300"
[1] "Chunk time = 20.0679655075073"
[1] "Processing draws 15301 to 15400"
[1] "Chunk time = 19.3851418495178"
[1] "Processing draws 15401 to 15500"
[1] "Chunk time = 19.9426522254944"
[1] "Processing draws 15501 to 15600"
[1] "Chunk time = 19.2787189483643"
[1] "Processing draws 15601 to 15700"
[1] "Chunk time = 19.5994470119476"
[1] "Processing draws 15701 to 15800"
[1] "Chunk time = 19.1030459403992"
[1] "Processing draws 15801 to 15900"
[1] "Chunk time = 20.1207187175751"
[1] "Processing draws 15901 to 16000"
[1] "Chunk time = 19.2120497226715"
[1] "Processing draws 16001 to 16100"
[1] "Chunk time = 20.4031155109406"
[1] "Processing draws 16101 to 16200"
[1] "Chunk time = 19.5396134853363"
[1] "Processing draws 16201 to 16300"
[1] "Chunk time = 20.5016605854034"
[1] "Processing draws 16301 to 16400"
[1] "Chunk time = 22.1218631267548"
[1] "Processing draws 16401 to 16500"
[1] "Chunk time = 19.5857517719269"
[1] "Processing draws 16501 to 16600"
[1] "Chunk time = 19.9961619377136"
[1] "Processing draws 16601 to 16700"
[1] "Chunk time = 19.1178178787231"
[1] "Processing draws 16701 to 16800"
[1] "Chunk time = 19.2612204551697"
[1] "Processing draws 16801 to 16900"
[1] "Chunk time = 19.8477292060852"
[1] "Processing draws 16901 to 17000"
[1] "Chunk time = 19.4151949882507"
[1] "Processing draws 17001 to 17100"
[1] "Chunk time = 19.3448004722595"
[1] "Processing draws 17101 to 17200"
[1] "Chunk time = 19.8963139057159"
[1] "Processing draws 17201 to 17300"
[1] "Chunk time = 18.6522665023804"
[1] "Processing draws 17301 to 17400"
[1] "Chunk time = 18.9524064064026"
[1] "Processing draws 17401 to 17500"
[1] "Chunk time = 18.9546916484833"
[1] "Processing draws 17501 to 17600"
[1] "Chunk time = 18.6281728744507"
[1] "Processing draws 17601 to 17700"
[1] "Chunk time = 18.9677534103394"
[1] "Processing draws 17701 to 17800"
[1] "Chunk time = 19.0897610187531"
[1] "Processing draws 17801 to 17900"
[1] "Chunk time = 19.3379471302032"
[1] "Processing draws 17901 to 18000"
[1] "Chunk time = 19.768383026123"
[1] "Processing draws 18001 to 18100"
[1] "Chunk time = 19.4826211929321"
[1] "Processing draws 18101 to 18200"
[1] "Chunk time = 19.4107894897461"
[1] "Processing draws 18201 to 18300"
[1] "Chunk time = 20.1539702415466"
[1] "Processing draws 18301 to 18400"
[1] "Chunk time = 18.9624378681183"
[1] "Processing draws 18401 to 18500"
[1] "Chunk time = 19.4110679626465"
[1] "Processing draws 18501 to 18600"
[1] "Chunk time = 19.3880171775818"
[1] "Processing draws 18601 to 18700"
[1] "Chunk time = 19.3549115657806"
[1] "Processing draws 18701 to 18800"
[1] "Chunk time = 19.6050431728363"
[1] "Processing draws 18801 to 18900"
[1] "Chunk time = 19.9583792686462"
[1] "Processing draws 18901 to 19000"
[1] "Chunk time = 19.1432416439056"
[1] "Processing draws 19001 to 19100"
[1] "Chunk time = 19.0189771652222"
[1] "Processing draws 19101 to 19200"
[1] "Chunk time = 19.3832647800446"
[1] "Processing draws 19201 to 19300"
[1] "Chunk time = 19.1527647972107"
[1] "Processing draws 19301 to 19400"
[1] "Chunk time = 19.7271544933319"
[1] "Processing draws 19401 to 19500"
[1] "Chunk time = 19.506046295166"
[1] "Processing draws 19501 to 19600"
[1] "Chunk time = 21.0939309597015"
[1] "Processing draws 19601 to 19700"
[1] "Chunk time = 19.4629445075989"
[1] "Processing draws 19701 to 19800"
[1] "Chunk time = 19.5133099555969"
[1] "Processing draws 19801 to 19900"
[1] "Chunk time = 19.9112026691437"
[1] "Processing draws 19901 to 20000"
[1] "Chunk time = 19.2935657501221"
[1] "done lapplying"
[1] "Saving current params"
[1] "Saving params to output.rds"
[1] TRUE
