[1] "Starting sampling."
Running MCMC with 4 parallel chains, with 4 thread(s) per chain...

Chain 1 Iteration:    1 / 6000 [  0%]  (Warmup) 
Chain 2 Iteration:    1 / 6000 [  0%]  (Warmup) 
Chain 3 Iteration:    1 / 6000 [  0%]  (Warmup) 
Chain 4 Iteration:    1 / 6000 [  0%]  (Warmup) 
Chain 1 Iteration:  100 / 6000 [  1%]  (Warmup) 
Chain 2 Iteration:  100 / 6000 [  1%]  (Warmup) 
Chain 4 Iteration:  100 / 6000 [  1%]  (Warmup) 
Chain 3 Iteration:  100 / 6000 [  1%]  (Warmup) 
Chain 1 Iteration:  200 / 6000 [  3%]  (Warmup) 
Chain 2 Iteration:  200 / 6000 [  3%]  (Warmup) 
Chain 4 Iteration:  200 / 6000 [  3%]  (Warmup) 
Chain 3 Iteration:  200 / 6000 [  3%]  (Warmup) 
Chain 1 Iteration:  300 / 6000 [  5%]  (Warmup) 
Chain 2 Iteration:  300 / 6000 [  5%]  (Warmup) 
Chain 4 Iteration:  300 / 6000 [  5%]  (Warmup) 
Chain 3 Iteration:  300 / 6000 [  5%]  (Warmup) 
Chain 1 Iteration:  400 / 6000 [  6%]  (Warmup) 
Chain 2 Iteration:  400 / 6000 [  6%]  (Warmup) 
Chain 4 Iteration:  400 / 6000 [  6%]  (Warmup) 
Chain 1 Iteration:  500 / 6000 [  8%]  (Warmup) 
Chain 3 Iteration:  400 / 6000 [  6%]  (Warmup) 
Chain 2 Iteration:  500 / 6000 [  8%]  (Warmup) 
Chain 4 Iteration:  500 / 6000 [  8%]  (Warmup) 
Chain 1 Iteration:  600 / 6000 [ 10%]  (Warmup) 
Chain 3 Iteration:  500 / 6000 [  8%]  (Warmup) 
Chain 2 Iteration:  600 / 6000 [ 10%]  (Warmup) 
Chain 4 Iteration:  600 / 6000 [ 10%]  (Warmup) 
Chain 1 Iteration:  700 / 6000 [ 11%]  (Warmup) 
Chain 3 Iteration:  600 / 6000 [ 10%]  (Warmup) 
Chain 2 Iteration:  700 / 6000 [ 11%]  (Warmup) 
Chain 4 Iteration:  700 / 6000 [ 11%]  (Warmup) 
Chain 1 Iteration:  800 / 6000 [ 13%]  (Warmup) 
Chain 3 Iteration:  700 / 6000 [ 11%]  (Warmup) 
Chain 2 Iteration:  800 / 6000 [ 13%]  (Warmup) 
Chain 4 Iteration:  800 / 6000 [ 13%]  (Warmup) 
Chain 1 Iteration:  900 / 6000 [ 15%]  (Warmup) 
Chain 3 Iteration:  800 / 6000 [ 13%]  (Warmup) 
Chain 2 Iteration:  900 / 6000 [ 15%]  (Warmup) 
Chain 4 Iteration:  900 / 6000 [ 15%]  (Warmup) 
Chain 1 Iteration: 1000 / 6000 [ 16%]  (Warmup) 
Chain 1 Iteration: 1001 / 6000 [ 16%]  (Sampling) 
Chain 3 Iteration:  900 / 6000 [ 15%]  (Warmup) 
Chain 2 Iteration: 1000 / 6000 [ 16%]  (Warmup) 
Chain 2 Iteration: 1001 / 6000 [ 16%]  (Sampling) 
Chain 1 Iteration: 1100 / 6000 [ 18%]  (Sampling) 
Chain 4 Iteration: 1000 / 6000 [ 16%]  (Warmup) 
Chain 4 Iteration: 1001 / 6000 [ 16%]  (Sampling) 
Chain 3 Iteration: 1000 / 6000 [ 16%]  (Warmup) 
Chain 3 Iteration: 1001 / 6000 [ 16%]  (Sampling) 
Chain 2 Iteration: 1100 / 6000 [ 18%]  (Sampling) 
Chain 1 Iteration: 1200 / 6000 [ 20%]  (Sampling) 
Chain 4 Iteration: 1100 / 6000 [ 18%]  (Sampling) 
Chain 3 Iteration: 1100 / 6000 [ 18%]  (Sampling) 
Chain 2 Iteration: 1200 / 6000 [ 20%]  (Sampling) 
Chain 1 Iteration: 1300 / 6000 [ 21%]  (Sampling) 
Chain 4 Iteration: 1200 / 6000 [ 20%]  (Sampling) 
Chain 3 Iteration: 1200 / 6000 [ 20%]  (Sampling) 
Chain 2 Iteration: 1300 / 6000 [ 21%]  (Sampling) 
Chain 1 Iteration: 1400 / 6000 [ 23%]  (Sampling) 
Chain 4 Iteration: 1300 / 6000 [ 21%]  (Sampling) 
Chain 3 Iteration: 1300 / 6000 [ 21%]  (Sampling) 
Chain 2 Iteration: 1400 / 6000 [ 23%]  (Sampling) 
Chain 1 Iteration: 1500 / 6000 [ 25%]  (Sampling) 
Chain 4 Iteration: 1400 / 6000 [ 23%]  (Sampling) 
Chain 3 Iteration: 1400 / 6000 [ 23%]  (Sampling) 
Chain 2 Iteration: 1500 / 6000 [ 25%]  (Sampling) 
Chain 1 Iteration: 1600 / 6000 [ 26%]  (Sampling) 
Chain 4 Iteration: 1500 / 6000 [ 25%]  (Sampling) 
Chain 3 Iteration: 1500 / 6000 [ 25%]  (Sampling) 
Chain 2 Iteration: 1600 / 6000 [ 26%]  (Sampling) 
Chain 1 Iteration: 1700 / 6000 [ 28%]  (Sampling) 
Chain 4 Iteration: 1600 / 6000 [ 26%]  (Sampling) 
Chain 3 Iteration: 1600 / 6000 [ 26%]  (Sampling) 
Chain 2 Iteration: 1700 / 6000 [ 28%]  (Sampling) 
Chain 1 Iteration: 1800 / 6000 [ 30%]  (Sampling) 
Chain 4 Iteration: 1700 / 6000 [ 28%]  (Sampling) 
Chain 3 Iteration: 1700 / 6000 [ 28%]  (Sampling) 
Chain 2 Iteration: 1800 / 6000 [ 30%]  (Sampling) 
Chain 1 Iteration: 1900 / 6000 [ 31%]  (Sampling) 
Chain 4 Iteration: 1800 / 6000 [ 30%]  (Sampling) 
Chain 3 Iteration: 1800 / 6000 [ 30%]  (Sampling) 
Chain 2 Iteration: 1900 / 6000 [ 31%]  (Sampling) 
Chain 1 Iteration: 2000 / 6000 [ 33%]  (Sampling) 
Chain 4 Iteration: 1900 / 6000 [ 31%]  (Sampling) 
Chain 3 Iteration: 1900 / 6000 [ 31%]  (Sampling) 
Chain 2 Iteration: 2000 / 6000 [ 33%]  (Sampling) 
Chain 1 Iteration: 2100 / 6000 [ 35%]  (Sampling) 
Chain 4 Iteration: 2000 / 6000 [ 33%]  (Sampling) 
Chain 3 Iteration: 2000 / 6000 [ 33%]  (Sampling) 
Chain 2 Iteration: 2100 / 6000 [ 35%]  (Sampling) 
Chain 1 Iteration: 2200 / 6000 [ 36%]  (Sampling) 
Chain 4 Iteration: 2100 / 6000 [ 35%]  (Sampling) 
Chain 3 Iteration: 2100 / 6000 [ 35%]  (Sampling) 
Chain 2 Iteration: 2200 / 6000 [ 36%]  (Sampling) 
Chain 1 Iteration: 2300 / 6000 [ 38%]  (Sampling) 
Chain 4 Iteration: 2200 / 6000 [ 36%]  (Sampling) 
Chain 3 Iteration: 2200 / 6000 [ 36%]  (Sampling) 
Chain 2 Iteration: 2300 / 6000 [ 38%]  (Sampling) 
Chain 1 Iteration: 2400 / 6000 [ 40%]  (Sampling) 
Chain 4 Iteration: 2300 / 6000 [ 38%]  (Sampling) 
Chain 3 Iteration: 2300 / 6000 [ 38%]  (Sampling) 
Chain 2 Iteration: 2400 / 6000 [ 40%]  (Sampling) 
Chain 1 Iteration: 2500 / 6000 [ 41%]  (Sampling) 
Chain 4 Iteration: 2400 / 6000 [ 40%]  (Sampling) 
Chain 3 Iteration: 2400 / 6000 [ 40%]  (Sampling) 
Chain 2 Iteration: 2500 / 6000 [ 41%]  (Sampling) 
Chain 1 Iteration: 2600 / 6000 [ 43%]  (Sampling) 
Chain 4 Iteration: 2500 / 6000 [ 41%]  (Sampling) 
Chain 3 Iteration: 2500 / 6000 [ 41%]  (Sampling) 
Chain 2 Iteration: 2600 / 6000 [ 43%]  (Sampling) 
Chain 1 Iteration: 2700 / 6000 [ 45%]  (Sampling) 
Chain 4 Iteration: 2600 / 6000 [ 43%]  (Sampling) 
Chain 3 Iteration: 2600 / 6000 [ 43%]  (Sampling) 
Chain 2 Iteration: 2700 / 6000 [ 45%]  (Sampling) 
Chain 1 Iteration: 2800 / 6000 [ 46%]  (Sampling) 
Chain 4 Iteration: 2700 / 6000 [ 45%]  (Sampling) 
Chain 3 Iteration: 2700 / 6000 [ 45%]  (Sampling) 
Chain 2 Iteration: 2800 / 6000 [ 46%]  (Sampling) 
Chain 1 Iteration: 2900 / 6000 [ 48%]  (Sampling) 
Chain 4 Iteration: 2800 / 6000 [ 46%]  (Sampling) 
Chain 3 Iteration: 2800 / 6000 [ 46%]  (Sampling) 
Chain 2 Iteration: 2900 / 6000 [ 48%]  (Sampling) 
Chain 1 Iteration: 3000 / 6000 [ 50%]  (Sampling) 
Chain 4 Iteration: 2900 / 6000 [ 48%]  (Sampling) 
Chain 3 Iteration: 2900 / 6000 [ 48%]  (Sampling) 
Chain 2 Iteration: 3000 / 6000 [ 50%]  (Sampling) 
Chain 1 Iteration: 3100 / 6000 [ 51%]  (Sampling) 
Chain 4 Iteration: 3000 / 6000 [ 50%]  (Sampling) 
Chain 3 Iteration: 3000 / 6000 [ 50%]  (Sampling) 
Chain 2 Iteration: 3100 / 6000 [ 51%]  (Sampling) 
Chain 1 Iteration: 3200 / 6000 [ 53%]  (Sampling) 
Chain 4 Iteration: 3100 / 6000 [ 51%]  (Sampling) 
Chain 3 Iteration: 3100 / 6000 [ 51%]  (Sampling) 
Chain 2 Iteration: 3200 / 6000 [ 53%]  (Sampling) 
Chain 1 Iteration: 3300 / 6000 [ 55%]  (Sampling) 
Chain 4 Iteration: 3200 / 6000 [ 53%]  (Sampling) 
Chain 3 Iteration: 3200 / 6000 [ 53%]  (Sampling) 
Chain 2 Iteration: 3300 / 6000 [ 55%]  (Sampling) 
Chain 1 Iteration: 3400 / 6000 [ 56%]  (Sampling) 
Chain 4 Iteration: 3300 / 6000 [ 55%]  (Sampling) 
Chain 3 Iteration: 3300 / 6000 [ 55%]  (Sampling) 
Chain 2 Iteration: 3400 / 6000 [ 56%]  (Sampling) 
Chain 1 Iteration: 3500 / 6000 [ 58%]  (Sampling) 
Chain 4 Iteration: 3400 / 6000 [ 56%]  (Sampling) 
Chain 3 Iteration: 3400 / 6000 [ 56%]  (Sampling) 
Chain 2 Iteration: 3500 / 6000 [ 58%]  (Sampling) 
Chain 1 Iteration: 3600 / 6000 [ 60%]  (Sampling) 
Chain 4 Iteration: 3500 / 6000 [ 58%]  (Sampling) 
Chain 3 Iteration: 3500 / 6000 [ 58%]  (Sampling) 
Chain 2 Iteration: 3600 / 6000 [ 60%]  (Sampling) 
Chain 1 Iteration: 3700 / 6000 [ 61%]  (Sampling) 
Chain 4 Iteration: 3600 / 6000 [ 60%]  (Sampling) 
Chain 3 Iteration: 3600 / 6000 [ 60%]  (Sampling) 
Chain 2 Iteration: 3700 / 6000 [ 61%]  (Sampling) 
Chain 1 Iteration: 3800 / 6000 [ 63%]  (Sampling) 
Chain 4 Iteration: 3700 / 6000 [ 61%]  (Sampling) 
Chain 3 Iteration: 3700 / 6000 [ 61%]  (Sampling) 
Chain 2 Iteration: 3800 / 6000 [ 63%]  (Sampling) 
Chain 1 Iteration: 3900 / 6000 [ 65%]  (Sampling) 
Chain 4 Iteration: 3800 / 6000 [ 63%]  (Sampling) 
Chain 3 Iteration: 3800 / 6000 [ 63%]  (Sampling) 
Chain 2 Iteration: 3900 / 6000 [ 65%]  (Sampling) 
Chain 1 Iteration: 4000 / 6000 [ 66%]  (Sampling) 
Chain 4 Iteration: 3900 / 6000 [ 65%]  (Sampling) 
Chain 3 Iteration: 3900 / 6000 [ 65%]  (Sampling) 
Chain 2 Iteration: 4000 / 6000 [ 66%]  (Sampling) 
Chain 1 Iteration: 4100 / 6000 [ 68%]  (Sampling) 
Chain 4 Iteration: 4000 / 6000 [ 66%]  (Sampling) 
Chain 3 Iteration: 4000 / 6000 [ 66%]  (Sampling) 
Chain 2 Iteration: 4100 / 6000 [ 68%]  (Sampling) 
Chain 1 Iteration: 4200 / 6000 [ 70%]  (Sampling) 
Chain 4 Iteration: 4100 / 6000 [ 68%]  (Sampling) 
Chain 3 Iteration: 4100 / 6000 [ 68%]  (Sampling) 
Chain 2 Iteration: 4200 / 6000 [ 70%]  (Sampling) 
Chain 1 Iteration: 4300 / 6000 [ 71%]  (Sampling) 
Chain 4 Iteration: 4200 / 6000 [ 70%]  (Sampling) 
Chain 3 Iteration: 4200 / 6000 [ 70%]  (Sampling) 
Chain 2 Iteration: 4300 / 6000 [ 71%]  (Sampling) 
Chain 1 Iteration: 4400 / 6000 [ 73%]  (Sampling) 
Chain 4 Iteration: 4300 / 6000 [ 71%]  (Sampling) 
Chain 3 Iteration: 4300 / 6000 [ 71%]  (Sampling) 
Chain 2 Iteration: 4400 / 6000 [ 73%]  (Sampling) 
Chain 1 Iteration: 4500 / 6000 [ 75%]  (Sampling) 
Chain 4 Iteration: 4400 / 6000 [ 73%]  (Sampling) 
Chain 3 Iteration: 4400 / 6000 [ 73%]  (Sampling) 
Chain 2 Iteration: 4500 / 6000 [ 75%]  (Sampling) 
Chain 1 Iteration: 4600 / 6000 [ 76%]  (Sampling) 
Chain 4 Iteration: 4500 / 6000 [ 75%]  (Sampling) 
Chain 3 Iteration: 4500 / 6000 [ 75%]  (Sampling) 
Chain 2 Iteration: 4600 / 6000 [ 76%]  (Sampling) 
Chain 1 Iteration: 4700 / 6000 [ 78%]  (Sampling) 
Chain 4 Iteration: 4600 / 6000 [ 76%]  (Sampling) 
Chain 3 Iteration: 4600 / 6000 [ 76%]  (Sampling) 
Chain 2 Iteration: 4700 / 6000 [ 78%]  (Sampling) 
Chain 1 Iteration: 4800 / 6000 [ 80%]  (Sampling) 
Chain 4 Iteration: 4700 / 6000 [ 78%]  (Sampling) 
Chain 3 Iteration: 4700 / 6000 [ 78%]  (Sampling) 
Chain 2 Iteration: 4800 / 6000 [ 80%]  (Sampling) 
Chain 1 Iteration: 4900 / 6000 [ 81%]  (Sampling) 
Chain 4 Iteration: 4800 / 6000 [ 80%]  (Sampling) 
Chain 3 Iteration: 4800 / 6000 [ 80%]  (Sampling) 
Chain 2 Iteration: 4900 / 6000 [ 81%]  (Sampling) 
Chain 1 Iteration: 5000 / 6000 [ 83%]  (Sampling) 
Chain 4 Iteration: 4900 / 6000 [ 81%]  (Sampling) 
Chain 3 Iteration: 4900 / 6000 [ 81%]  (Sampling) 
Chain 2 Iteration: 5000 / 6000 [ 83%]  (Sampling) 
Chain 1 Iteration: 5100 / 6000 [ 85%]  (Sampling) 
Chain 4 Iteration: 5000 / 6000 [ 83%]  (Sampling) 
Chain 3 Iteration: 5000 / 6000 [ 83%]  (Sampling) 
Chain 2 Iteration: 5100 / 6000 [ 85%]  (Sampling) 
Chain 1 Iteration: 5200 / 6000 [ 86%]  (Sampling) 
Chain 4 Iteration: 5100 / 6000 [ 85%]  (Sampling) 
Chain 3 Iteration: 5100 / 6000 [ 85%]  (Sampling) 
Chain 2 Iteration: 5200 / 6000 [ 86%]  (Sampling) 
Chain 1 Iteration: 5300 / 6000 [ 88%]  (Sampling) 
Chain 4 Iteration: 5200 / 6000 [ 86%]  (Sampling) 
Chain 3 Iteration: 5200 / 6000 [ 86%]  (Sampling) 
Chain 2 Iteration: 5300 / 6000 [ 88%]  (Sampling) 
Chain 1 Iteration: 5400 / 6000 [ 90%]  (Sampling) 
Chain 4 Iteration: 5300 / 6000 [ 88%]  (Sampling) 
Chain 3 Iteration: 5300 / 6000 [ 88%]  (Sampling) 
Chain 2 Iteration: 5400 / 6000 [ 90%]  (Sampling) 
Chain 1 Iteration: 5500 / 6000 [ 91%]  (Sampling) 
Chain 4 Iteration: 5400 / 6000 [ 90%]  (Sampling) 
Chain 3 Iteration: 5400 / 6000 [ 90%]  (Sampling) 
Chain 2 Iteration: 5500 / 6000 [ 91%]  (Sampling) 
Chain 1 Iteration: 5600 / 6000 [ 93%]  (Sampling) 
Chain 4 Iteration: 5500 / 6000 [ 91%]  (Sampling) 
Chain 3 Iteration: 5500 / 6000 [ 91%]  (Sampling) 
Chain 2 Iteration: 5600 / 6000 [ 93%]  (Sampling) 
Chain 1 Iteration: 5700 / 6000 [ 95%]  (Sampling) 
Chain 4 Iteration: 5600 / 6000 [ 93%]  (Sampling) 
Chain 3 Iteration: 5600 / 6000 [ 93%]  (Sampling) 
Chain 2 Iteration: 5700 / 6000 [ 95%]  (Sampling) 
Chain 1 Iteration: 5800 / 6000 [ 96%]  (Sampling) 
Chain 4 Iteration: 5700 / 6000 [ 95%]  (Sampling) 
Chain 3 Iteration: 5700 / 6000 [ 95%]  (Sampling) 
Chain 2 Iteration: 5800 / 6000 [ 96%]  (Sampling) 
Chain 1 Iteration: 5900 / 6000 [ 98%]  (Sampling) 
Chain 4 Iteration: 5800 / 6000 [ 96%]  (Sampling) 
Chain 3 Iteration: 5800 / 6000 [ 96%]  (Sampling) 
Chain 2 Iteration: 5900 / 6000 [ 98%]  (Sampling) 
Chain 1 Iteration: 6000 / 6000 [100%]  (Sampling) 
Chain 1 finished in 1419.7 seconds.
Chain 4 Iteration: 5900 / 6000 [ 98%]  (Sampling) 
Chain 3 Iteration: 5900 / 6000 [ 98%]  (Sampling) 
Chain 2 Iteration: 6000 / 6000 [100%]  (Sampling) 
Chain 2 finished in 1429.3 seconds.
Chain 4 Iteration: 6000 / 6000 [100%]  (Sampling) 
Chain 4 finished in 1441.8 seconds.
Chain 3 Iteration: 6000 / 6000 [100%]  (Sampling) 
Chain 3 finished in 1448.7 seconds.

All 4 chains finished successfully.
Mean chain execution time: 1434.9 seconds.
Total execution time: 1448.9 seconds.

[1] "Processing draws 1 to 100"
[1] "Chunk time = 39.5107135772705"
[1] "Processing draws 101 to 200"
[1] "Chunk time = 14.6805868148804"
[1] "Processing draws 201 to 300"
[1] "Chunk time = 14.6449553966522"
[1] "Processing draws 301 to 400"
[1] "Chunk time = 14.4780821800232"
[1] "Processing draws 401 to 500"
[1] "Chunk time = 14.5293853282928"
[1] "Processing draws 501 to 600"
[1] "Chunk time = 14.4599618911743"
[1] "Processing draws 601 to 700"
[1] "Chunk time = 14.3276660442352"
[1] "Processing draws 701 to 800"
[1] "Chunk time = 14.5432620048523"
[1] "Processing draws 801 to 900"
[1] "Chunk time = 14.2110567092896"
[1] "Processing draws 901 to 1000"
[1] "Chunk time = 14.0828983783722"
[1] "Processing draws 1001 to 1100"
[1] "Chunk time = 14.1578707695007"
[1] "Processing draws 1101 to 1200"
[1] "Chunk time = 14.4144334793091"
[1] "Processing draws 1201 to 1300"
[1] "Chunk time = 13.9709060192108"
[1] "Processing draws 1301 to 1400"
[1] "Chunk time = 14.5400776863098"
[1] "Processing draws 1401 to 1500"
[1] "Chunk time = 14.4529254436493"
[1] "Processing draws 1501 to 1600"
[1] "Chunk time = 14.1775171756744"
[1] "Processing draws 1601 to 1700"
[1] "Chunk time = 13.8788857460022"
[1] "Processing draws 1701 to 1800"
[1] "Chunk time = 14.1293201446533"
[1] "Processing draws 1801 to 1900"
[1] "Chunk time = 13.9149806499481"
[1] "Processing draws 1901 to 2000"
[1] "Chunk time = 14.1736221313477"
[1] "Processing draws 2001 to 2100"
[1] "Chunk time = 13.9588415622711"
[1] "Processing draws 2101 to 2200"
[1] "Chunk time = 14.197144985199"
[1] "Processing draws 2201 to 2300"
[1] "Chunk time = 14.0791094303131"
[1] "Processing draws 2301 to 2400"
[1] "Chunk time = 14.0181384086609"
[1] "Processing draws 2401 to 2500"
[1] "Chunk time = 14.0245296955109"
[1] "Processing draws 2501 to 2600"
[1] "Chunk time = 14.5136079788208"
[1] "Processing draws 2601 to 2700"
[1] "Chunk time = 14.0314834117889"
[1] "Processing draws 2701 to 2800"
[1] "Chunk time = 14.3607251644135"
[1] "Processing draws 2801 to 2900"
[1] "Chunk time = 14.3495631217957"
[1] "Processing draws 2901 to 3000"
[1] "Chunk time = 14.0349411964417"
[1] "Processing draws 3001 to 3100"
[1] "Chunk time = 14.4584176540375"
[1] "Processing draws 3101 to 3200"
[1] "Chunk time = 14.1812310218811"
[1] "Processing draws 3201 to 3300"
[1] "Chunk time = 14.1749258041382"
[1] "Processing draws 3301 to 3400"
[1] "Chunk time = 14.4436466693878"
[1] "Processing draws 3401 to 3500"
[1] "Chunk time = 14.1422464847565"
[1] "Processing draws 3501 to 3600"
[1] "Chunk time = 14.2505340576172"
[1] "Processing draws 3601 to 3700"
[1] "Chunk time = 14.0995507240295"
[1] "Processing draws 3701 to 3800"
[1] "Chunk time = 14.211948633194"
[1] "Processing draws 3801 to 3900"
[1] "Chunk time = 14.0159020423889"
[1] "Processing draws 3901 to 4000"
[1] "Chunk time = 14.2380409240723"
[1] "Processing draws 4001 to 4100"
[1] "Chunk time = 14.301842212677"
[1] "Processing draws 4101 to 4200"
[1] "Chunk time = 14.0244653224945"
[1] "Processing draws 4201 to 4300"
[1] "Chunk time = 13.7077209949493"
[1] "Processing draws 4301 to 4400"
[1] "Chunk time = 14.3204138278961"
[1] "Processing draws 4401 to 4500"
[1] "Chunk time = 13.8961489200592"
[1] "Processing draws 4501 to 4600"
[1] "Chunk time = 14.0444700717926"
[1] "Processing draws 4601 to 4700"
[1] "Chunk time = 13.8676445484161"
[1] "Processing draws 4701 to 4800"
[1] "Chunk time = 14.0181193351746"
[1] "Processing draws 4801 to 4900"
[1] "Chunk time = 13.9003798961639"
[1] "Processing draws 4901 to 5000"
[1] "Chunk time = 13.9333765506744"
[1] "Processing draws 5001 to 5100"
[1] "Chunk time = 14.0752589702606"
[1] "Processing draws 5101 to 5200"
[1] "Chunk time = 13.9870944023132"
[1] "Processing draws 5201 to 5300"
[1] "Chunk time = 14.0196621417999"
[1] "Processing draws 5301 to 5400"
[1] "Chunk time = 14.0593061447144"
[1] "Processing draws 5401 to 5500"
[1] "Chunk time = 13.896449804306"
[1] "Processing draws 5501 to 5600"
[1] "Chunk time = 13.912623167038"
[1] "Processing draws 5601 to 5700"
[1] "Chunk time = 14.0400881767273"
[1] "Processing draws 5701 to 5800"
[1] "Chunk time = 13.9961409568787"
[1] "Processing draws 5801 to 5900"
[1] "Chunk time = 14.0479402542114"
[1] "Processing draws 5901 to 6000"
[1] "Chunk time = 14.2887151241302"
[1] "Processing draws 6001 to 6100"
[1] "Chunk time = 14.0783402919769"
[1] "Processing draws 6101 to 6200"
[1] "Chunk time = 14.0434756278992"
[1] "Processing draws 6201 to 6300"
[1] "Chunk time = 14.1084151268005"
[1] "Processing draws 6301 to 6400"
[1] "Chunk time = 14.3365476131439"
[1] "Processing draws 6401 to 6500"
[1] "Chunk time = 13.9851260185242"
[1] "Processing draws 6501 to 6600"
[1] "Chunk time = 14.05433344841"
[1] "Processing draws 6601 to 6700"
[1] "Chunk time = 13.8750777244568"
[1] "Processing draws 6701 to 6800"
[1] "Chunk time = 14.1416461467743"
[1] "Processing draws 6801 to 6900"
[1] "Chunk time = 13.8740119934082"
[1] "Processing draws 6901 to 7000"
[1] "Chunk time = 14.2246699333191"
[1] "Processing draws 7001 to 7100"
[1] "Chunk time = 14.0558779239655"
[1] "Processing draws 7101 to 7200"
[1] "Chunk time = 14.1967575550079"
[1] "Processing draws 7201 to 7300"
[1] "Chunk time = 13.8649868965149"
[1] "Processing draws 7301 to 7400"
[1] "Chunk time = 14.1170833110809"
[1] "Processing draws 7401 to 7500"
[1] "Chunk time = 14.0884292125702"
[1] "Processing draws 7501 to 7600"
[1] "Chunk time = 14.1911468505859"
[1] "Processing draws 7601 to 7700"
[1] "Chunk time = 14.0965552330017"
[1] "Processing draws 7701 to 7800"
[1] "Chunk time = 14.2188725471497"
[1] "Processing draws 7801 to 7900"
[1] "Chunk time = 14.0744602680206"
[1] "Processing draws 7901 to 8000"
[1] "Chunk time = 13.8812155723572"
[1] "Processing draws 8001 to 8100"
[1] "Chunk time = 14.0782685279846"
[1] "Processing draws 8101 to 8200"
[1] "Chunk time = 14.0020191669464"
[1] "Processing draws 8201 to 8300"
[1] "Chunk time = 14.139937877655"
[1] "Processing draws 8301 to 8400"
[1] "Chunk time = 14.2771987915039"
[1] "Processing draws 8401 to 8500"
[1] "Chunk time = 14.2166152000427"
[1] "Processing draws 8501 to 8600"
[1] "Chunk time = 14.1937353610992"
[1] "Processing draws 8601 to 8700"
[1] "Chunk time = 14.0571596622467"
[1] "Processing draws 8701 to 8800"
[1] "Chunk time = 14.1862556934357"
[1] "Processing draws 8801 to 8900"
[1] "Chunk time = 14.0899119377136"
[1] "Processing draws 8901 to 9000"
[1] "Chunk time = 14.4275636672974"
[1] "Processing draws 9001 to 9100"
[1] "Chunk time = 14.2450211048126"
[1] "Processing draws 9101 to 9200"
[1] "Chunk time = 14.3262829780579"
[1] "Processing draws 9201 to 9300"
[1] "Chunk time = 14.0110867023468"
[1] "Processing draws 9301 to 9400"
[1] "Chunk time = 14.2959477901459"
[1] "Processing draws 9401 to 9500"
[1] "Chunk time = 14.1952219009399"
[1] "Processing draws 9501 to 9600"
[1] "Chunk time = 14.3243832588196"
[1] "Processing draws 9601 to 9700"
[1] "Chunk time = 14.1183989048004"
[1] "Processing draws 9701 to 9800"
[1] "Chunk time = 14.4219374656677"
[1] "Processing draws 9801 to 9900"
[1] "Chunk time = 14.0754709243774"
[1] "Processing draws 9901 to 10000"
[1] "Chunk time = 14.1447293758392"
[1] "Processing draws 10001 to 10100"
[1] "Chunk time = 14.3050224781036"
[1] "Processing draws 10101 to 10200"
[1] "Chunk time = 14.2788217067719"
[1] "Processing draws 10201 to 10300"
[1] "Chunk time = 14.1966505050659"
[1] "Processing draws 10301 to 10400"
[1] "Chunk time = 14.5132703781128"
[1] "Processing draws 10401 to 10500"
[1] "Chunk time = 14.5254783630371"
[1] "Processing draws 10501 to 10600"
[1] "Chunk time = 14.148857831955"
[1] "Processing draws 10601 to 10700"
[1] "Chunk time = 14.3660445213318"
[1] "Processing draws 10701 to 10800"
[1] "Chunk time = 14.5088007450104"
[1] "Processing draws 10801 to 10900"
[1] "Chunk time = 14.3797709941864"
[1] "Processing draws 10901 to 11000"
[1] "Chunk time = 14.2650017738342"
[1] "Processing draws 11001 to 11100"
[1] "Chunk time = 14.479706287384"
[1] "Processing draws 11101 to 11200"
[1] "Chunk time = 14.3789868354797"
[1] "Processing draws 11201 to 11300"
[1] "Chunk time = 14.2157027721405"
[1] "Processing draws 11301 to 11400"
[1] "Chunk time = 14.6761269569397"
[1] "Processing draws 11401 to 11500"
[1] "Chunk time = 14.1268262863159"
[1] "Processing draws 11501 to 11600"
[1] "Chunk time = 14.2984595298767"
[1] "Processing draws 11601 to 11700"
[1] "Chunk time = 14.3231921195984"
[1] "Processing draws 11701 to 11800"
[1] "Chunk time = 14.4001410007477"
[1] "Processing draws 11801 to 11900"
[1] "Chunk time = 14.1328659057617"
[1] "Processing draws 11901 to 12000"
[1] "Chunk time = 14.3650679588318"
[1] "Processing draws 12001 to 12100"
[1] "Chunk time = 14.1921403408051"
[1] "Processing draws 12101 to 12200"
[1] "Chunk time = 14.4000110626221"
[1] "Processing draws 12201 to 12300"
[1] "Chunk time = 14.1329259872437"
[1] "Processing draws 12301 to 12400"
[1] "Chunk time = 14.4376521110535"
[1] "Processing draws 12401 to 12500"
[1] "Chunk time = 14.1351351737976"
[1] "Processing draws 12501 to 12600"
[1] "Chunk time = 14.3145034313202"
[1] "Processing draws 12601 to 12700"
[1] "Chunk time = 14.4441499710083"
[1] "Processing draws 12701 to 12800"
[1] "Chunk time = 14.2485218048096"
[1] "Processing draws 12801 to 12900"
[1] "Chunk time = 14.3255567550659"
[1] "Processing draws 12901 to 13000"
[1] "Chunk time = 14.251621723175"
[1] "Processing draws 13001 to 13100"
[1] "Chunk time = 14.2614674568176"
[1] "Processing draws 13101 to 13200"
[1] "Chunk time = 14.4323449134827"
[1] "Processing draws 13201 to 13300"
[1] "Chunk time = 14.3975200653076"
[1] "Processing draws 13301 to 13400"
[1] "Chunk time = 14.3897087574005"
[1] "Processing draws 13401 to 13500"
[1] "Chunk time = 14.4120380878448"
[1] "Processing draws 13501 to 13600"
[1] "Chunk time = 14.1685039997101"
[1] "Processing draws 13601 to 13700"
[1] "Chunk time = 14.3792386054993"
[1] "Processing draws 13701 to 13800"
[1] "Chunk time = 14.2014307975769"
[1] "Processing draws 13801 to 13900"
[1] "Chunk time = 14.0523676872253"
[1] "Processing draws 13901 to 14000"
[1] "Chunk time = 14.3155641555786"
[1] "Processing draws 14001 to 14100"
[1] "Chunk time = 14.2373938560486"
[1] "Processing draws 14101 to 14200"
[1] "Chunk time = 14.4392931461334"
[1] "Processing draws 14201 to 14300"
[1] "Chunk time = 14.2627143859863"
[1] "Processing draws 14301 to 14400"
[1] "Chunk time = 14.4051144123077"
[1] "Processing draws 14401 to 14500"
[1] "Chunk time = 14.1280243396759"
[1] "Processing draws 14501 to 14600"
[1] "Chunk time = 14.2583599090576"
[1] "Processing draws 14601 to 14700"
[1] "Chunk time = 14.0673835277557"
[1] "Processing draws 14701 to 14800"
[1] "Chunk time = 14.6155076026917"
[1] "Processing draws 14801 to 14900"
[1] "Chunk time = 14.0177595615387"
[1] "Processing draws 14901 to 15000"
[1] "Chunk time = 14.3021790981293"
[1] "Processing draws 15001 to 15100"
[1] "Chunk time = 14.1790373325348"
[1] "Processing draws 15101 to 15200"
[1] "Chunk time = 14.1642436981201"
[1] "Processing draws 15201 to 15300"
[1] "Chunk time = 14.4020190238953"
[1] "Processing draws 15301 to 15400"
[1] "Chunk time = 14.4173309803009"
[1] "Processing draws 15401 to 15500"
[1] "Chunk time = 14.6892426013947"
[1] "Processing draws 15501 to 15600"
[1] "Chunk time = 14.1970951557159"
[1] "Processing draws 15601 to 15700"
[1] "Chunk time = 14.3294632434845"
[1] "Processing draws 15701 to 15800"
[1] "Chunk time = 14.355849981308"
[1] "Processing draws 15801 to 15900"
[1] "Chunk time = 14.4273495674133"
[1] "Processing draws 15901 to 16000"
[1] "Chunk time = 14.4855217933655"
[1] "Processing draws 16001 to 16100"
[1] "Chunk time = 14.5968511104584"
[1] "Processing draws 16101 to 16200"
[1] "Chunk time = 14.2788274288177"
[1] "Processing draws 16201 to 16300"
[1] "Chunk time = 14.2897658348083"
[1] "Processing draws 16301 to 16400"
[1] "Chunk time = 14.4790141582489"
[1] "Processing draws 16401 to 16500"
[1] "Chunk time = 14.2184269428253"
[1] "Processing draws 16501 to 16600"
[1] "Chunk time = 14.5192284584045"
[1] "Processing draws 16601 to 16700"
[1] "Chunk time = 14.2682826519012"
[1] "Processing draws 16701 to 16800"
[1] "Chunk time = 14.4488093852997"
[1] "Processing draws 16801 to 16900"
[1] "Chunk time = 14.0137500762939"
[1] "Processing draws 16901 to 17000"
[1] "Chunk time = 14.5094997882843"
[1] "Processing draws 17001 to 17100"
[1] "Chunk time = 14.1457312107086"
[1] "Processing draws 17101 to 17200"
[1] "Chunk time = 14.4202749729156"
[1] "Processing draws 17201 to 17300"
[1] "Chunk time = 14.1238718032837"
[1] "Processing draws 17301 to 17400"
[1] "Chunk time = 14.4512746334076"
[1] "Processing draws 17401 to 17500"
[1] "Chunk time = 14.2916340827942"
[1] "Processing draws 17501 to 17600"
[1] "Chunk time = 14.477043390274"
[1] "Processing draws 17601 to 17700"
[1] "Chunk time = 14.1587641239166"
[1] "Processing draws 17701 to 17800"
[1] "Chunk time = 14.2853844165802"
[1] "Processing draws 17801 to 17900"
[1] "Chunk time = 14.3513689041138"
[1] "Processing draws 17901 to 18000"
[1] "Chunk time = 14.3729627132416"
[1] "Processing draws 18001 to 18100"
[1] "Chunk time = 14.2142162322998"
[1] "Processing draws 18101 to 18200"
[1] "Chunk time = 14.0955967903137"
[1] "Processing draws 18201 to 18300"
[1] "Chunk time = 14.1530337333679"
[1] "Processing draws 18301 to 18400"
[1] "Chunk time = 14.1505014896393"
[1] "Processing draws 18401 to 18500"
[1] "Chunk time = 14.2425053119659"
[1] "Processing draws 18501 to 18600"
[1] "Chunk time = 14.0172970294952"
[1] "Processing draws 18601 to 18700"
[1] "Chunk time = 14.3469476699829"
[1] "Processing draws 18701 to 18800"
[1] "Chunk time = 14.3399548530579"
[1] "Processing draws 18801 to 18900"
[1] "Chunk time = 14.3309514522552"
[1] "Processing draws 18901 to 19000"
[1] "Chunk time = 14.0604107379913"
[1] "Processing draws 19001 to 19100"
[1] "Chunk time = 14.3490245342255"
[1] "Processing draws 19101 to 19200"
[1] "Chunk time = 14.5636193752289"
[1] "Processing draws 19201 to 19300"
[1] "Chunk time = 14.0863475799561"
[1] "Processing draws 19301 to 19400"
[1] "Chunk time = 14.4086606502533"
[1] "Processing draws 19401 to 19500"
[1] "Chunk time = 14.2016460895538"
[1] "Processing draws 19501 to 19600"
[1] "Chunk time = 14.3375012874603"
[1] "Processing draws 19601 to 19700"
[1] "Chunk time = 14.1077189445496"
[1] "Processing draws 19701 to 19800"
[1] "Chunk time = 14.5532855987549"
[1] "Processing draws 19801 to 19900"
[1] "Chunk time = 14.0604472160339"
[1] "Processing draws 19901 to 20000"
[1] "Chunk time = 14.3285739421844"
[1] "done lapplying"
[1] "Saving current params"
[1] "Saving params to output.rds"
[1] TRUE
