[1] "Starting sampling."
Running MCMC with 4 parallel chains, with 4 thread(s) per chain...

Chain 1 Iteration:    1 / 6000 [  0%]  (Warmup) 
Chain 2 Iteration:    1 / 6000 [  0%]  (Warmup) 
Chain 3 Iteration:    1 / 6000 [  0%]  (Warmup) 
Chain 4 Iteration:    1 / 6000 [  0%]  (Warmup) 
Chain 2 Iteration:  100 / 6000 [  1%]  (Warmup) 
Chain 4 Iteration:  100 / 6000 [  1%]  (Warmup) 
Chain 1 Iteration:  100 / 6000 [  1%]  (Warmup) 
Chain 3 Iteration:  100 / 6000 [  1%]  (Warmup) 
Chain 2 Iteration:  200 / 6000 [  3%]  (Warmup) 
Chain 4 Iteration:  200 / 6000 [  3%]  (Warmup) 
Chain 1 Iteration:  200 / 6000 [  3%]  (Warmup) 
Chain 3 Iteration:  200 / 6000 [  3%]  (Warmup) 
Chain 2 Iteration:  300 / 6000 [  5%]  (Warmup) 
Chain 4 Iteration:  300 / 6000 [  5%]  (Warmup) 
Chain 1 Iteration:  300 / 6000 [  5%]  (Warmup) 
Chain 3 Iteration:  300 / 6000 [  5%]  (Warmup) 
Chain 2 Iteration:  400 / 6000 [  6%]  (Warmup) 
Chain 4 Iteration:  400 / 6000 [  6%]  (Warmup) 
Chain 1 Iteration:  400 / 6000 [  6%]  (Warmup) 
Chain 3 Iteration:  400 / 6000 [  6%]  (Warmup) 
Chain 2 Iteration:  500 / 6000 [  8%]  (Warmup) 
Chain 1 Iteration:  500 / 6000 [  8%]  (Warmup) 
Chain 4 Iteration:  500 / 6000 [  8%]  (Warmup) 
Chain 2 Iteration:  600 / 6000 [ 10%]  (Warmup) 
Chain 3 Iteration:  500 / 6000 [  8%]  (Warmup) 
Chain 1 Iteration:  600 / 6000 [ 10%]  (Warmup) 
Chain 4 Iteration:  600 / 6000 [ 10%]  (Warmup) 
Chain 2 Iteration:  700 / 6000 [ 11%]  (Warmup) 
Chain 3 Iteration:  600 / 6000 [ 10%]  (Warmup) 
Chain 1 Iteration:  700 / 6000 [ 11%]  (Warmup) 
Chain 4 Iteration:  700 / 6000 [ 11%]  (Warmup) 
Chain 2 Iteration:  800 / 6000 [ 13%]  (Warmup) 
Chain 3 Iteration:  700 / 6000 [ 11%]  (Warmup) 
Chain 1 Iteration:  800 / 6000 [ 13%]  (Warmup) 
Chain 4 Iteration:  800 / 6000 [ 13%]  (Warmup) 
Chain 2 Iteration:  900 / 6000 [ 15%]  (Warmup) 
Chain 3 Iteration:  800 / 6000 [ 13%]  (Warmup) 
Chain 1 Iteration:  900 / 6000 [ 15%]  (Warmup) 
Chain 4 Iteration:  900 / 6000 [ 15%]  (Warmup) 
Chain 2 Iteration: 1000 / 6000 [ 16%]  (Warmup) 
Chain 2 Iteration: 1001 / 6000 [ 16%]  (Sampling) 
Chain 3 Iteration:  900 / 6000 [ 15%]  (Warmup) 
Chain 1 Iteration: 1000 / 6000 [ 16%]  (Warmup) 
Chain 1 Iteration: 1001 / 6000 [ 16%]  (Sampling) 
Chain 4 Iteration: 1000 / 6000 [ 16%]  (Warmup) 
Chain 4 Iteration: 1001 / 6000 [ 16%]  (Sampling) 
Chain 2 Iteration: 1100 / 6000 [ 18%]  (Sampling) 
Chain 3 Iteration: 1000 / 6000 [ 16%]  (Warmup) 
Chain 3 Iteration: 1001 / 6000 [ 16%]  (Sampling) 
Chain 1 Iteration: 1100 / 6000 [ 18%]  (Sampling) 
Chain 4 Iteration: 1100 / 6000 [ 18%]  (Sampling) 
Chain 2 Iteration: 1200 / 6000 [ 20%]  (Sampling) 
Chain 1 Iteration: 1200 / 6000 [ 20%]  (Sampling) 
Chain 3 Iteration: 1100 / 6000 [ 18%]  (Sampling) 
Chain 4 Iteration: 1200 / 6000 [ 20%]  (Sampling) 
Chain 2 Iteration: 1300 / 6000 [ 21%]  (Sampling) 
Chain 1 Iteration: 1300 / 6000 [ 21%]  (Sampling) 
Chain 3 Iteration: 1200 / 6000 [ 20%]  (Sampling) 
Chain 4 Iteration: 1300 / 6000 [ 21%]  (Sampling) 
Chain 2 Iteration: 1400 / 6000 [ 23%]  (Sampling) 
Chain 1 Iteration: 1400 / 6000 [ 23%]  (Sampling) 
Chain 3 Iteration: 1300 / 6000 [ 21%]  (Sampling) 
Chain 4 Iteration: 1400 / 6000 [ 23%]  (Sampling) 
Chain 1 Iteration: 1500 / 6000 [ 25%]  (Sampling) 
Chain 2 Iteration: 1500 / 6000 [ 25%]  (Sampling) 
Chain 3 Iteration: 1400 / 6000 [ 23%]  (Sampling) 
Chain 4 Iteration: 1500 / 6000 [ 25%]  (Sampling) 
Chain 1 Iteration: 1600 / 6000 [ 26%]  (Sampling) 
Chain 2 Iteration: 1600 / 6000 [ 26%]  (Sampling) 
Chain 3 Iteration: 1500 / 6000 [ 25%]  (Sampling) 
Chain 4 Iteration: 1600 / 6000 [ 26%]  (Sampling) 
Chain 1 Iteration: 1700 / 6000 [ 28%]  (Sampling) 
Chain 2 Iteration: 1700 / 6000 [ 28%]  (Sampling) 
Chain 3 Iteration: 1600 / 6000 [ 26%]  (Sampling) 
Chain 4 Iteration: 1700 / 6000 [ 28%]  (Sampling) 
Chain 1 Iteration: 1800 / 6000 [ 30%]  (Sampling) 
Chain 2 Iteration: 1800 / 6000 [ 30%]  (Sampling) 
Chain 3 Iteration: 1700 / 6000 [ 28%]  (Sampling) 
Chain 4 Iteration: 1800 / 6000 [ 30%]  (Sampling) 
Chain 1 Iteration: 1900 / 6000 [ 31%]  (Sampling) 
Chain 2 Iteration: 1900 / 6000 [ 31%]  (Sampling) 
Chain 3 Iteration: 1800 / 6000 [ 30%]  (Sampling) 
Chain 1 Iteration: 2000 / 6000 [ 33%]  (Sampling) 
Chain 4 Iteration: 1900 / 6000 [ 31%]  (Sampling) 
Chain 2 Iteration: 2000 / 6000 [ 33%]  (Sampling) 
Chain 3 Iteration: 1900 / 6000 [ 31%]  (Sampling) 
Chain 1 Iteration: 2100 / 6000 [ 35%]  (Sampling) 
Chain 4 Iteration: 2000 / 6000 [ 33%]  (Sampling) 
Chain 2 Iteration: 2100 / 6000 [ 35%]  (Sampling) 
Chain 3 Iteration: 2000 / 6000 [ 33%]  (Sampling) 
Chain 1 Iteration: 2200 / 6000 [ 36%]  (Sampling) 
Chain 2 Iteration: 2200 / 6000 [ 36%]  (Sampling) 
Chain 4 Iteration: 2100 / 6000 [ 35%]  (Sampling) 
Chain 3 Iteration: 2100 / 6000 [ 35%]  (Sampling) 
Chain 1 Iteration: 2300 / 6000 [ 38%]  (Sampling) 
Chain 2 Iteration: 2300 / 6000 [ 38%]  (Sampling) 
Chain 4 Iteration: 2200 / 6000 [ 36%]  (Sampling) 
Chain 3 Iteration: 2200 / 6000 [ 36%]  (Sampling) 
Chain 1 Iteration: 2400 / 6000 [ 40%]  (Sampling) 
Chain 2 Iteration: 2400 / 6000 [ 40%]  (Sampling) 
Chain 4 Iteration: 2300 / 6000 [ 38%]  (Sampling) 
Chain 3 Iteration: 2300 / 6000 [ 38%]  (Sampling) 
Chain 1 Iteration: 2500 / 6000 [ 41%]  (Sampling) 
Chain 2 Iteration: 2500 / 6000 [ 41%]  (Sampling) 
Chain 4 Iteration: 2400 / 6000 [ 40%]  (Sampling) 
Chain 1 Iteration: 2600 / 6000 [ 43%]  (Sampling) 
Chain 3 Iteration: 2400 / 6000 [ 40%]  (Sampling) 
Chain 2 Iteration: 2600 / 6000 [ 43%]  (Sampling) 
Chain 4 Iteration: 2500 / 6000 [ 41%]  (Sampling) 
Chain 1 Iteration: 2700 / 6000 [ 45%]  (Sampling) 
Chain 3 Iteration: 2500 / 6000 [ 41%]  (Sampling) 
Chain 2 Iteration: 2700 / 6000 [ 45%]  (Sampling) 
Chain 4 Iteration: 2600 / 6000 [ 43%]  (Sampling) 
Chain 1 Iteration: 2800 / 6000 [ 46%]  (Sampling) 
Chain 3 Iteration: 2600 / 6000 [ 43%]  (Sampling) 
Chain 2 Iteration: 2800 / 6000 [ 46%]  (Sampling) 
Chain 4 Iteration: 2700 / 6000 [ 45%]  (Sampling) 
Chain 1 Iteration: 2900 / 6000 [ 48%]  (Sampling) 
Chain 3 Iteration: 2700 / 6000 [ 45%]  (Sampling) 
Chain 2 Iteration: 2900 / 6000 [ 48%]  (Sampling) 
Chain 4 Iteration: 2800 / 6000 [ 46%]  (Sampling) 
Chain 1 Iteration: 3000 / 6000 [ 50%]  (Sampling) 
Chain 3 Iteration: 2800 / 6000 [ 46%]  (Sampling) 
Chain 2 Iteration: 3000 / 6000 [ 50%]  (Sampling) 
Chain 1 Iteration: 3100 / 6000 [ 51%]  (Sampling) 
Chain 4 Iteration: 2900 / 6000 [ 48%]  (Sampling) 
Chain 3 Iteration: 2900 / 6000 [ 48%]  (Sampling) 
Chain 2 Iteration: 3100 / 6000 [ 51%]  (Sampling) 
Chain 1 Iteration: 3200 / 6000 [ 53%]  (Sampling) 
Chain 4 Iteration: 3000 / 6000 [ 50%]  (Sampling) 
Chain 3 Iteration: 3000 / 6000 [ 50%]  (Sampling) 
Chain 2 Iteration: 3200 / 6000 [ 53%]  (Sampling) 
Chain 1 Iteration: 3300 / 6000 [ 55%]  (Sampling) 
Chain 4 Iteration: 3100 / 6000 [ 51%]  (Sampling) 
Chain 3 Iteration: 3100 / 6000 [ 51%]  (Sampling) 
Chain 2 Iteration: 3300 / 6000 [ 55%]  (Sampling) 
Chain 1 Iteration: 3400 / 6000 [ 56%]  (Sampling) 
Chain 4 Iteration: 3200 / 6000 [ 53%]  (Sampling) 
Chain 3 Iteration: 3200 / 6000 [ 53%]  (Sampling) 
Chain 2 Iteration: 3400 / 6000 [ 56%]  (Sampling) 
Chain 1 Iteration: 3500 / 6000 [ 58%]  (Sampling) 
Chain 4 Iteration: 3300 / 6000 [ 55%]  (Sampling) 
Chain 3 Iteration: 3300 / 6000 [ 55%]  (Sampling) 
Chain 1 Iteration: 3600 / 6000 [ 60%]  (Sampling) 
Chain 2 Iteration: 3500 / 6000 [ 58%]  (Sampling) 
Chain 4 Iteration: 3400 / 6000 [ 56%]  (Sampling) 
Chain 3 Iteration: 3400 / 6000 [ 56%]  (Sampling) 
Chain 1 Iteration: 3700 / 6000 [ 61%]  (Sampling) 
Chain 2 Iteration: 3600 / 6000 [ 60%]  (Sampling) 
Chain 4 Iteration: 3500 / 6000 [ 58%]  (Sampling) 
Chain 3 Iteration: 3500 / 6000 [ 58%]  (Sampling) 
Chain 1 Iteration: 3800 / 6000 [ 63%]  (Sampling) 
Chain 2 Iteration: 3700 / 6000 [ 61%]  (Sampling) 
Chain 4 Iteration: 3600 / 6000 [ 60%]  (Sampling) 
Chain 1 Iteration: 3900 / 6000 [ 65%]  (Sampling) 
Chain 3 Iteration: 3600 / 6000 [ 60%]  (Sampling) 
Chain 2 Iteration: 3800 / 6000 [ 63%]  (Sampling) 
Chain 4 Iteration: 3700 / 6000 [ 61%]  (Sampling) 
Chain 1 Iteration: 4000 / 6000 [ 66%]  (Sampling) 
Chain 3 Iteration: 3700 / 6000 [ 61%]  (Sampling) 
Chain 2 Iteration: 3900 / 6000 [ 65%]  (Sampling) 
Chain 4 Iteration: 3800 / 6000 [ 63%]  (Sampling) 
Chain 1 Iteration: 4100 / 6000 [ 68%]  (Sampling) 
Chain 3 Iteration: 3800 / 6000 [ 63%]  (Sampling) 
Chain 2 Iteration: 4000 / 6000 [ 66%]  (Sampling) 
Chain 4 Iteration: 3900 / 6000 [ 65%]  (Sampling) 
Chain 1 Iteration: 4200 / 6000 [ 70%]  (Sampling) 
Chain 3 Iteration: 3900 / 6000 [ 65%]  (Sampling) 
Chain 2 Iteration: 4100 / 6000 [ 68%]  (Sampling) 
Chain 4 Iteration: 4000 / 6000 [ 66%]  (Sampling) 
Chain 1 Iteration: 4300 / 6000 [ 71%]  (Sampling) 
Chain 3 Iteration: 4000 / 6000 [ 66%]  (Sampling) 
Chain 2 Iteration: 4200 / 6000 [ 70%]  (Sampling) 
Chain 4 Iteration: 4100 / 6000 [ 68%]  (Sampling) 
Chain 1 Iteration: 4400 / 6000 [ 73%]  (Sampling) 
Chain 3 Iteration: 4100 / 6000 [ 68%]  (Sampling) 
Chain 2 Iteration: 4300 / 6000 [ 71%]  (Sampling) 
Chain 4 Iteration: 4200 / 6000 [ 70%]  (Sampling) 
Chain 1 Iteration: 4500 / 6000 [ 75%]  (Sampling) 
Chain 3 Iteration: 4200 / 6000 [ 70%]  (Sampling) 
Chain 2 Iteration: 4400 / 6000 [ 73%]  (Sampling) 
Chain 1 Iteration: 4600 / 6000 [ 76%]  (Sampling) 
Chain 4 Iteration: 4300 / 6000 [ 71%]  (Sampling) 
Chain 3 Iteration: 4300 / 6000 [ 71%]  (Sampling) 
Chain 2 Iteration: 4500 / 6000 [ 75%]  (Sampling) 
Chain 1 Iteration: 4700 / 6000 [ 78%]  (Sampling) 
Chain 4 Iteration: 4400 / 6000 [ 73%]  (Sampling) 
Chain 3 Iteration: 4400 / 6000 [ 73%]  (Sampling) 
Chain 2 Iteration: 4600 / 6000 [ 76%]  (Sampling) 
Chain 1 Iteration: 4800 / 6000 [ 80%]  (Sampling) 
Chain 4 Iteration: 4500 / 6000 [ 75%]  (Sampling) 
Chain 2 Iteration: 4700 / 6000 [ 78%]  (Sampling) 
Chain 3 Iteration: 4500 / 6000 [ 75%]  (Sampling) 
Chain 1 Iteration: 4900 / 6000 [ 81%]  (Sampling) 
Chain 4 Iteration: 4600 / 6000 [ 76%]  (Sampling) 
Chain 2 Iteration: 4800 / 6000 [ 80%]  (Sampling) 
Chain 3 Iteration: 4600 / 6000 [ 76%]  (Sampling) 
Chain 1 Iteration: 5000 / 6000 [ 83%]  (Sampling) 
Chain 4 Iteration: 4700 / 6000 [ 78%]  (Sampling) 
Chain 2 Iteration: 4900 / 6000 [ 81%]  (Sampling) 
Chain 1 Iteration: 5100 / 6000 [ 85%]  (Sampling) 
Chain 3 Iteration: 4700 / 6000 [ 78%]  (Sampling) 
Chain 4 Iteration: 4800 / 6000 [ 80%]  (Sampling) 
Chain 1 Iteration: 5200 / 6000 [ 86%]  (Sampling) 
Chain 2 Iteration: 5000 / 6000 [ 83%]  (Sampling) 
Chain 3 Iteration: 4800 / 6000 [ 80%]  (Sampling) 
Chain 4 Iteration: 4900 / 6000 [ 81%]  (Sampling) 
Chain 1 Iteration: 5300 / 6000 [ 88%]  (Sampling) 
Chain 2 Iteration: 5100 / 6000 [ 85%]  (Sampling) 
Chain 3 Iteration: 4900 / 6000 [ 81%]  (Sampling) 
Chain 4 Iteration: 5000 / 6000 [ 83%]  (Sampling) 
Chain 1 Iteration: 5400 / 6000 [ 90%]  (Sampling) 
Chain 2 Iteration: 5200 / 6000 [ 86%]  (Sampling) 
Chain 3 Iteration: 5000 / 6000 [ 83%]  (Sampling) 
Chain 4 Iteration: 5100 / 6000 [ 85%]  (Sampling) 
Chain 1 Iteration: 5500 / 6000 [ 91%]  (Sampling) 
Chain 2 Iteration: 5300 / 6000 [ 88%]  (Sampling) 
Chain 3 Iteration: 5100 / 6000 [ 85%]  (Sampling) 
Chain 4 Iteration: 5200 / 6000 [ 86%]  (Sampling) 
Chain 1 Iteration: 5600 / 6000 [ 93%]  (Sampling) 
Chain 2 Iteration: 5400 / 6000 [ 90%]  (Sampling) 
Chain 3 Iteration: 5200 / 6000 [ 86%]  (Sampling) 
Chain 4 Iteration: 5300 / 6000 [ 88%]  (Sampling) 
Chain 1 Iteration: 5700 / 6000 [ 95%]  (Sampling) 
Chain 2 Iteration: 5500 / 6000 [ 91%]  (Sampling) 
Chain 3 Iteration: 5300 / 6000 [ 88%]  (Sampling) 
Chain 1 Iteration: 5800 / 6000 [ 96%]  (Sampling) 
Chain 4 Iteration: 5400 / 6000 [ 90%]  (Sampling) 
Chain 2 Iteration: 5600 / 6000 [ 93%]  (Sampling) 
Chain 3 Iteration: 5400 / 6000 [ 90%]  (Sampling) 
Chain 1 Iteration: 5900 / 6000 [ 98%]  (Sampling) 
Chain 4 Iteration: 5500 / 6000 [ 91%]  (Sampling) 
Chain 2 Iteration: 5700 / 6000 [ 95%]  (Sampling) 
Chain 3 Iteration: 5500 / 6000 [ 91%]  (Sampling) 
Chain 1 Iteration: 6000 / 6000 [100%]  (Sampling) 
Chain 1 finished in 1511.6 seconds.
Chain 4 Iteration: 5600 / 6000 [ 93%]  (Sampling) 
Chain 2 Iteration: 5800 / 6000 [ 96%]  (Sampling) 
Chain 3 Iteration: 5600 / 6000 [ 93%]  (Sampling) 
Chain 4 Iteration: 5700 / 6000 [ 95%]  (Sampling) 
Chain 2 Iteration: 5900 / 6000 [ 98%]  (Sampling) 
Chain 3 Iteration: 5700 / 6000 [ 95%]  (Sampling) 
Chain 4 Iteration: 5800 / 6000 [ 96%]  (Sampling) 
Chain 2 Iteration: 6000 / 6000 [100%]  (Sampling) 
Chain 2 finished in 1566.9 seconds.
Chain 3 Iteration: 5800 / 6000 [ 96%]  (Sampling) 
Chain 4 Iteration: 5900 / 6000 [ 98%]  (Sampling) 
Chain 3 Iteration: 5900 / 6000 [ 98%]  (Sampling) 
Chain 4 Iteration: 6000 / 6000 [100%]  (Sampling) 
Chain 4 finished in 1605.2 seconds.
Chain 3 Iteration: 6000 / 6000 [100%]  (Sampling) 
Chain 3 finished in 1614.2 seconds.

All 4 chains finished successfully.
Mean chain execution time: 1574.5 seconds.
Total execution time: 1614.6 seconds.

[1] "Processing draws 1 to 100"
[1] "Chunk time = 53.7886819839478"
[1] "Processing draws 101 to 200"
[1] "Chunk time = 18.960129737854"
[1] "Processing draws 201 to 300"
[1] "Chunk time = 18.7231502532959"
[1] "Processing draws 301 to 400"
[1] "Chunk time = 18.146820306778"
[1] "Processing draws 401 to 500"
[1] "Chunk time = 18.0662915706635"
[1] "Processing draws 501 to 600"
[1] "Chunk time = 17.3848428726196"
[1] "Processing draws 601 to 700"
[1] "Chunk time = 17.4071686267853"
[1] "Processing draws 701 to 800"
[1] "Chunk time = 17.5154285430908"
[1] "Processing draws 801 to 900"
[1] "Chunk time = 17.519807100296"
[1] "Processing draws 901 to 1000"
[1] "Chunk time = 17.7019350528717"
[1] "Processing draws 1001 to 1100"
[1] "Chunk time = 17.5332498550415"
[1] "Processing draws 1101 to 1200"
[1] "Chunk time = 17.8669655323029"
[1] "Processing draws 1201 to 1300"
[1] "Chunk time = 17.4700293540955"
[1] "Processing draws 1301 to 1400"
[1] "Chunk time = 17.4882431030273"
[1] "Processing draws 1401 to 1500"
[1] "Chunk time = 17.792647600174"
[1] "Processing draws 1501 to 1600"
[1] "Chunk time = 17.2339086532593"
[1] "Processing draws 1601 to 1700"
[1] "Chunk time = 17.4568991661072"
[1] "Processing draws 1701 to 1800"
[1] "Chunk time = 17.3499636650085"
[1] "Processing draws 1801 to 1900"
[1] "Chunk time = 17.6420209407806"
[1] "Processing draws 1901 to 2000"
[1] "Chunk time = 17.5159375667572"
[1] "Processing draws 2001 to 2100"
[1] "Chunk time = 17.5158541202545"
[1] "Processing draws 2101 to 2200"
[1] "Chunk time = 17.8363704681396"
[1] "Processing draws 2201 to 2300"
[1] "Chunk time = 17.4718701839447"
[1] "Processing draws 2301 to 2400"
[1] "Chunk time = 17.6346893310547"
[1] "Processing draws 2401 to 2500"
[1] "Chunk time = 17.5557355880737"
[1] "Processing draws 2501 to 2600"
[1] "Chunk time = 17.5678009986877"
[1] "Processing draws 2601 to 2700"
[1] "Chunk time = 17.2032353878021"
[1] "Processing draws 2701 to 2800"
[1] "Chunk time = 17.2743754386902"
[1] "Processing draws 2801 to 2900"
[1] "Chunk time = 17.702897310257"
[1] "Processing draws 2901 to 3000"
[1] "Chunk time = 17.6473307609558"
[1] "Processing draws 3001 to 3100"
[1] "Chunk time = 17.755437374115"
[1] "Processing draws 3101 to 3200"
[1] "Chunk time = 17.587064743042"
[1] "Processing draws 3201 to 3300"
[1] "Chunk time = 17.6683874130249"
[1] "Processing draws 3301 to 3400"
[1] "Chunk time = 17.2912940979004"
[1] "Processing draws 3401 to 3500"
[1] "Chunk time = 17.7945649623871"
[1] "Processing draws 3501 to 3600"
[1] "Chunk time = 17.4211032390594"
[1] "Processing draws 3601 to 3700"
[1] "Chunk time = 17.6839261054993"
[1] "Processing draws 3701 to 3800"
[1] "Chunk time = 17.4813413619995"
[1] "Processing draws 3801 to 3900"
[1] "Chunk time = 17.4187965393066"
[1] "Processing draws 3901 to 4000"
[1] "Chunk time = 17.6087458133698"
[1] "Processing draws 4001 to 4100"
[1] "Chunk time = 17.2741391658783"
[1] "Processing draws 4101 to 4200"
[1] "Chunk time = 17.4057149887085"
[1] "Processing draws 4201 to 4300"
[1] "Chunk time = 17.0428621768951"
[1] "Processing draws 4301 to 4400"
[1] "Chunk time = 17.2928442955017"
[1] "Processing draws 4401 to 4500"
[1] "Chunk time = 17.2362480163574"
[1] "Processing draws 4501 to 4600"
[1] "Chunk time = 17.0804524421692"
[1] "Processing draws 4601 to 4700"
[1] "Chunk time = 17.5794386863708"
[1] "Processing draws 4701 to 4800"
[1] "Chunk time = 17.2888062000275"
[1] "Processing draws 4801 to 4900"
[1] "Chunk time = 17.3270621299744"
[1] "Processing draws 4901 to 5000"
[1] "Chunk time = 17.2652933597565"
[1] "Processing draws 5001 to 5100"
[1] "Chunk time = 17.6687421798706"
[1] "Processing draws 5101 to 5200"
[1] "Chunk time = 17.3941919803619"
[1] "Processing draws 5201 to 5300"
[1] "Chunk time = 17.2650074958801"
[1] "Processing draws 5301 to 5400"
[1] "Chunk time = 17.5824501514435"
[1] "Processing draws 5401 to 5500"
[1] "Chunk time = 17.418643951416"
[1] "Processing draws 5501 to 5600"
[1] "Chunk time = 17.724104642868"
[1] "Processing draws 5601 to 5700"
[1] "Chunk time = 17.4435119628906"
[1] "Processing draws 5701 to 5800"
[1] "Chunk time = 17.6792032718658"
[1] "Processing draws 5801 to 5900"
[1] "Chunk time = 17.3554630279541"
[1] "Processing draws 5901 to 6000"
[1] "Chunk time = 17.5571706295013"
[1] "Processing draws 6001 to 6100"
[1] "Chunk time = 17.6832823753357"
[1] "Processing draws 6101 to 6200"
[1] "Chunk time = 17.3693475723267"
[1] "Processing draws 6201 to 6300"
[1] "Chunk time = 24.9890801906586"
[1] "Processing draws 6301 to 6400"
[1] "Chunk time = 25.4450347423553"
[1] "Processing draws 6401 to 6500"
[1] "Chunk time = 25.3500728607178"
[1] "Processing draws 6501 to 6600"
[1] "Chunk time = 27.7028794288635"
[1] "Processing draws 6601 to 6700"
[1] "Chunk time = 28.7370359897614"
[1] "Processing draws 6701 to 6800"
[1] "Chunk time = 22.3618867397308"
[1] "Processing draws 6801 to 6900"
[1] "Chunk time = 18.1584038734436"
[1] "Processing draws 6901 to 7000"
[1] "Chunk time = 24.7338380813599"
[1] "Processing draws 7001 to 7100"
[1] "Chunk time = 24.1967689990997"
[1] "Processing draws 7101 to 7200"
[1] "Chunk time = 24.844250202179"
[1] "Processing draws 7201 to 7300"
[1] "Chunk time = 17.8960022926331"
[1] "Processing draws 7301 to 7400"
[1] "Chunk time = 18.5704560279846"
[1] "Processing draws 7401 to 7500"
[1] "Chunk time = 27.5713393688202"
[1] "Processing draws 7501 to 7600"
[1] "Chunk time = 26.4625661373138"
[1] "Processing draws 7601 to 7700"
[1] "Chunk time = 18.954815864563"
[1] "Processing draws 7701 to 7800"
[1] "Chunk time = 17.95183634758"
[1] "Processing draws 7801 to 7900"
[1] "Chunk time = 26.4022672176361"
[1] "Processing draws 7901 to 8000"
[1] "Chunk time = 20.6099607944489"
[1] "Processing draws 8001 to 8100"
[1] "Chunk time = 24.8297929763794"
[1] "Processing draws 8101 to 8200"
[1] "Chunk time = 18.1553540229797"
[1] "Processing draws 8201 to 8300"
[1] "Chunk time = 26.2319619655609"
[1] "Processing draws 8301 to 8400"
[1] "Chunk time = 25.5902183055878"
[1] "Processing draws 8401 to 8500"
[1] "Chunk time = 17.2482414245605"
[1] "Processing draws 8501 to 8600"
[1] "Chunk time = 17.9889211654663"
[1] "Processing draws 8601 to 8700"
[1] "Chunk time = 29.9302785396576"
[1] "Processing draws 8701 to 8800"
[1] "Chunk time = 18.169894695282"
[1] "Processing draws 8801 to 8900"
[1] "Chunk time = 18.3571166992188"
[1] "Processing draws 8901 to 9000"
[1] "Chunk time = 20.8120357990265"
[1] "Processing draws 9001 to 9100"
[1] "Chunk time = 24.9935939311981"
[1] "Processing draws 9101 to 9200"
[1] "Chunk time = 17.738386631012"
[1] "Processing draws 9201 to 9300"
[1] "Chunk time = 21.1653685569763"
[1] "Processing draws 9301 to 9400"
[1] "Chunk time = 22.7386391162872"
[1] "Processing draws 9401 to 9500"
[1] "Chunk time = 27.8539779186249"
[1] "Processing draws 9501 to 9600"
[1] "Chunk time = 17.9745583534241"
[1] "Processing draws 9601 to 9700"
[1] "Chunk time = 26.5809659957886"
[1] "Processing draws 9701 to 9800"
[1] "Chunk time = 18.4761052131653"
[1] "Processing draws 9801 to 9900"
[1] "Chunk time = 26.7625443935394"
[1] "Processing draws 9901 to 10000"
[1] "Chunk time = 17.8363084793091"
[1] "Processing draws 10001 to 10100"
[1] "Chunk time = 21.2271912097931"
[1] "Processing draws 10101 to 10200"
[1] "Chunk time = 17.8321852684021"
[1] "Processing draws 10201 to 10300"
[1] "Chunk time = 22.4213564395905"
[1] "Processing draws 10301 to 10400"
[1] "Chunk time = 25.6881458759308"
[1] "Processing draws 10401 to 10500"
[1] "Chunk time = 18.5339305400848"
[1] "Processing draws 10501 to 10600"
[1] "Chunk time = 25.4949419498444"
[1] "Processing draws 10601 to 10700"
[1] "Chunk time = 17.9374651908875"
[1] "Processing draws 10701 to 10800"
[1] "Chunk time = 18.3183741569519"
[1] "Processing draws 10801 to 10900"
[1] "Chunk time = 18.6317903995514"
[1] "Processing draws 10901 to 11000"
[1] "Chunk time = 19.3120422363281"
[1] "Processing draws 11001 to 11100"
[1] "Chunk time = 26.467700958252"
[1] "Processing draws 11101 to 11200"
[1] "Chunk time = 21.3028831481934"
[1] "Processing draws 11201 to 11300"
[1] "Chunk time = 20.6755747795105"
[1] "Processing draws 11301 to 11400"
[1] "Chunk time = 26.0169072151184"
[1] "Processing draws 11401 to 11500"
[1] "Chunk time = 18.7715089321136"
[1] "Processing draws 11501 to 11600"
[1] "Chunk time = 17.8891525268555"
[1] "Processing draws 11601 to 11700"
[1] "Chunk time = 27.8744220733643"
[1] "Processing draws 11701 to 11800"
[1] "Chunk time = 24.7037835121155"
[1] "Processing draws 11801 to 11900"
[1] "Chunk time = 20.7958199977875"
[1] "Processing draws 11901 to 12000"
[1] "Chunk time = 25.566869020462"
[1] "Processing draws 12001 to 12100"
[1] "Chunk time = 27.9741425514221"
[1] "Processing draws 12101 to 12200"
[1] "Chunk time = 18.7453060150146"
[1] "Processing draws 12201 to 12300"
[1] "Chunk time = 17.8280916213989"
[1] "Processing draws 12301 to 12400"
[1] "Chunk time = 26.230968952179"
[1] "Processing draws 12401 to 12500"
[1] "Chunk time = 21.2610511779785"
[1] "Processing draws 12501 to 12600"
[1] "Chunk time = 29.2302594184875"
[1] "Processing draws 12601 to 12700"
[1] "Chunk time = 24.2060523033142"
[1] "Processing draws 12701 to 12800"
[1] "Chunk time = 25.720813035965"
[1] "Processing draws 12801 to 12900"
[1] "Chunk time = 24.6223978996277"
[1] "Processing draws 12901 to 13000"
[1] "Chunk time = 26.030330657959"
[1] "Processing draws 13001 to 13100"
[1] "Chunk time = 25.5911865234375"
[1] "Processing draws 13101 to 13200"
[1] "Chunk time = 18.280232667923"
[1] "Processing draws 13201 to 13300"
[1] "Chunk time = 26.6325695514679"
[1] "Processing draws 13301 to 13400"
[1] "Chunk time = 17.3594706058502"
[1] "Processing draws 13401 to 13500"
[1] "Chunk time = 18.1072363853455"
[1] "Processing draws 13501 to 13600"
[1] "Chunk time = 19.1658012866974"
[1] "Processing draws 13601 to 13700"
[1] "Chunk time = 25.329270362854"
[1] "Processing draws 13701 to 13800"
[1] "Chunk time = 18.9664154052734"
[1] "Processing draws 13801 to 13900"
[1] "Chunk time = 28.5381991863251"
[1] "Processing draws 13901 to 14000"
[1] "Chunk time = 29.1224267482758"
[1] "Processing draws 14001 to 14100"
[1] "Chunk time = 18.2403717041016"
[1] "Processing draws 14101 to 14200"
[1] "Chunk time = 24.3541350364685"
[1] "Processing draws 14201 to 14300"
[1] "Chunk time = 17.6199662685394"
[1] "Processing draws 14301 to 14400"
[1] "Chunk time = 18.5309545993805"
[1] "Processing draws 14401 to 14500"
[1] "Chunk time = 18.3433873653412"
[1] "Processing draws 14501 to 14600"
[1] "Chunk time = 17.7527227401733"
[1] "Processing draws 14601 to 14700"
[1] "Chunk time = 18.1894001960754"
[1] "Processing draws 14701 to 14800"
[1] "Chunk time = 17.8860175609589"
[1] "Processing draws 14801 to 14900"
[1] "Chunk time = 24.7784740924835"
[1] "Processing draws 14901 to 15000"
[1] "Chunk time = 18.7441875934601"
[1] "Processing draws 15001 to 15100"
[1] "Chunk time = 33.2158617973328"
[1] "Processing draws 15101 to 15200"
[1] "Chunk time = 19.3689389228821"
[1] "Processing draws 15201 to 15300"
[1] "Chunk time = 18.3278605937958"
[1] "Processing draws 15301 to 15400"
[1] "Chunk time = 24.7078061103821"
[1] "Processing draws 15401 to 15500"
[1] "Chunk time = 18.9669728279114"
[1] "Processing draws 15501 to 15600"
[1] "Chunk time = 24.2922208309174"
[1] "Processing draws 15601 to 15700"
[1] "Chunk time = 17.9025645256042"
[1] "Processing draws 15701 to 15800"
[1] "Chunk time = 23.4243688583374"
[1] "Processing draws 15801 to 15900"
[1] "Chunk time = 20.4843080043793"
[1] "Processing draws 15901 to 16000"
[1] "Chunk time = 19.0555033683777"
[1] "Processing draws 16001 to 16100"
[1] "Chunk time = 25.1366145610809"
[1] "Processing draws 16101 to 16200"
[1] "Chunk time = 24.6141383647919"
[1] "Processing draws 16201 to 16300"
[1] "Chunk time = 17.9316132068634"
[1] "Processing draws 16301 to 16400"
[1] "Chunk time = 17.8132870197296"
[1] "Processing draws 16401 to 16500"
[1] "Chunk time = 24.4822659492493"
[1] "Processing draws 16501 to 16600"
[1] "Chunk time = 17.4133970737457"
[1] "Processing draws 16601 to 16700"
[1] "Chunk time = 17.2219061851501"
[1] "Processing draws 16701 to 16800"
[1] "Chunk time = 17.6968512535095"
[1] "Processing draws 16801 to 16900"
[1] "Chunk time = 17.3075759410858"
[1] "Processing draws 16901 to 17000"
[1] "Chunk time = 17.8960354328156"
[1] "Processing draws 17001 to 17100"
[1] "Chunk time = 17.5091664791107"
[1] "Processing draws 17101 to 17200"
[1] "Chunk time = 17.4209356307983"
[1] "Processing draws 17201 to 17300"
[1] "Chunk time = 17.4516570568085"
[1] "Processing draws 17301 to 17400"
[1] "Chunk time = 17.5590946674347"
[1] "Processing draws 17401 to 17500"
[1] "Chunk time = 17.8505055904388"
[1] "Processing draws 17501 to 17600"
[1] "Chunk time = 17.5781080722809"
[1] "Processing draws 17601 to 17700"
[1] "Chunk time = 17.7199523448944"
[1] "Processing draws 17701 to 17800"
[1] "Chunk time = 17.5608613491058"
[1] "Processing draws 17801 to 17900"
[1] "Chunk time = 17.597767829895"
[1] "Processing draws 17901 to 18000"
[1] "Chunk time = 17.7415776252747"
[1] "Processing draws 18001 to 18100"
[1] "Chunk time = 17.5055010318756"
[1] "Processing draws 18101 to 18200"
[1] "Chunk time = 17.7937042713165"
[1] "Processing draws 18201 to 18300"
[1] "Chunk time = 17.3148145675659"
[1] "Processing draws 18301 to 18400"
[1] "Chunk time = 17.7678785324097"
[1] "Processing draws 18401 to 18500"
[1] "Chunk time = 17.7304351329803"
[1] "Processing draws 18501 to 18600"
[1] "Chunk time = 17.803230047226"
[1] "Processing draws 18601 to 18700"
[1] "Chunk time = 17.8936388492584"
[1] "Processing draws 18701 to 18800"
[1] "Chunk time = 17.8331084251404"
[1] "Processing draws 18801 to 18900"
[1] "Chunk time = 18.1351788043976"
[1] "Processing draws 18901 to 19000"
[1] "Chunk time = 17.8362834453583"
[1] "Processing draws 19001 to 19100"
[1] "Chunk time = 17.6879804134369"
[1] "Processing draws 19101 to 19200"
[1] "Chunk time = 17.8514673709869"
[1] "Processing draws 19201 to 19300"
[1] "Chunk time = 17.8050744533539"
[1] "Processing draws 19301 to 19400"
[1] "Chunk time = 17.9865658283234"
[1] "Processing draws 19401 to 19500"
[1] "Chunk time = 17.8520243167877"
[1] "Processing draws 19501 to 19600"
[1] "Chunk time = 18.1684248447418"
[1] "Processing draws 19601 to 19700"
[1] "Chunk time = 17.4543070793152"
[1] "Processing draws 19701 to 19800"
[1] "Chunk time = 18.0912251472473"
[1] "Processing draws 19801 to 19900"
[1] "Chunk time = 17.7788722515106"
[1] "Processing draws 19901 to 20000"
[1] "Chunk time = 17.8581252098083"
[1] "done lapplying"
[1] "Saving current params"
[1] "Saving params to output.rds"
[1] TRUE
