[1] "Starting sampling."
Running MCMC with 4 parallel chains, with 4 thread(s) per chain...

Chain 1 Iteration:    1 / 6000 [  0%]  (Warmup) 
Chain 2 Iteration:    1 / 6000 [  0%]  (Warmup) 
Chain 3 Iteration:    1 / 6000 [  0%]  (Warmup) 
Chain 4 Iteration:    1 / 6000 [  0%]  (Warmup) 
Chain 2 Iteration:  100 / 6000 [  1%]  (Warmup) 
Chain 3 Iteration:  100 / 6000 [  1%]  (Warmup) 
Chain 4 Iteration:  100 / 6000 [  1%]  (Warmup) 
Chain 2 Iteration:  200 / 6000 [  3%]  (Warmup) 
Chain 1 Iteration:  100 / 6000 [  1%]  (Warmup) 
Chain 3 Iteration:  200 / 6000 [  3%]  (Warmup) 
Chain 4 Iteration:  200 / 6000 [  3%]  (Warmup) 
Chain 2 Iteration:  300 / 6000 [  5%]  (Warmup) 
Chain 1 Iteration:  200 / 6000 [  3%]  (Warmup) 
Chain 3 Iteration:  300 / 6000 [  5%]  (Warmup) 
Chain 4 Iteration:  300 / 6000 [  5%]  (Warmup) 
Chain 2 Iteration:  400 / 6000 [  6%]  (Warmup) 
Chain 4 Iteration:  400 / 6000 [  6%]  (Warmup) 
Chain 1 Iteration:  300 / 6000 [  5%]  (Warmup) 
Chain 3 Iteration:  400 / 6000 [  6%]  (Warmup) 
Chain 2 Iteration:  500 / 6000 [  8%]  (Warmup) 
Chain 4 Iteration:  500 / 6000 [  8%]  (Warmup) 
Chain 3 Iteration:  500 / 6000 [  8%]  (Warmup) 
Chain 1 Iteration:  400 / 6000 [  6%]  (Warmup) 
Chain 2 Iteration:  600 / 6000 [ 10%]  (Warmup) 
Chain 3 Iteration:  600 / 6000 [ 10%]  (Warmup) 
Chain 4 Iteration:  600 / 6000 [ 10%]  (Warmup) 
Chain 1 Iteration:  500 / 6000 [  8%]  (Warmup) 
Chain 2 Iteration:  700 / 6000 [ 11%]  (Warmup) 
Chain 3 Iteration:  700 / 6000 [ 11%]  (Warmup) 
Chain 4 Iteration:  700 / 6000 [ 11%]  (Warmup) 
Chain 1 Iteration:  600 / 6000 [ 10%]  (Warmup) 
Chain 2 Iteration:  800 / 6000 [ 13%]  (Warmup) 
Chain 3 Iteration:  800 / 6000 [ 13%]  (Warmup) 
Chain 4 Iteration:  800 / 6000 [ 13%]  (Warmup) 
Chain 1 Iteration:  700 / 6000 [ 11%]  (Warmup) 
Chain 2 Iteration:  900 / 6000 [ 15%]  (Warmup) 
Chain 3 Iteration:  900 / 6000 [ 15%]  (Warmup) 
Chain 4 Iteration:  900 / 6000 [ 15%]  (Warmup) 
Chain 1 Iteration:  800 / 6000 [ 13%]  (Warmup) 
Chain 2 Iteration: 1000 / 6000 [ 16%]  (Warmup) 
Chain 2 Iteration: 1001 / 6000 [ 16%]  (Sampling) 
Chain 3 Iteration: 1000 / 6000 [ 16%]  (Warmup) 
Chain 3 Iteration: 1001 / 6000 [ 16%]  (Sampling) 
Chain 4 Iteration: 1000 / 6000 [ 16%]  (Warmup) 
Chain 4 Iteration: 1001 / 6000 [ 16%]  (Sampling) 
Chain 1 Iteration:  900 / 6000 [ 15%]  (Warmup) 
Chain 2 Iteration: 1100 / 6000 [ 18%]  (Sampling) 
Chain 1 Iteration: 1000 / 6000 [ 16%]  (Warmup) 
Chain 1 Iteration: 1001 / 6000 [ 16%]  (Sampling) 
Chain 3 Iteration: 1100 / 6000 [ 18%]  (Sampling) 
Chain 4 Iteration: 1100 / 6000 [ 18%]  (Sampling) 
Chain 1 Iteration: 1100 / 6000 [ 18%]  (Sampling) 
Chain 2 Iteration: 1200 / 6000 [ 20%]  (Sampling) 
Chain 4 Iteration: 1200 / 6000 [ 20%]  (Sampling) 
Chain 3 Iteration: 1200 / 6000 [ 20%]  (Sampling) 
Chain 1 Iteration: 1200 / 6000 [ 20%]  (Sampling) 
Chain 2 Iteration: 1300 / 6000 [ 21%]  (Sampling) 
Chain 1 Iteration: 1300 / 6000 [ 21%]  (Sampling) 
Chain 4 Iteration: 1300 / 6000 [ 21%]  (Sampling) 
Chain 3 Iteration: 1300 / 6000 [ 21%]  (Sampling) 
Chain 1 Iteration: 1400 / 6000 [ 23%]  (Sampling) 
Chain 2 Iteration: 1400 / 6000 [ 23%]  (Sampling) 
Chain 1 Iteration: 1500 / 6000 [ 25%]  (Sampling) 
Chain 4 Iteration: 1400 / 6000 [ 23%]  (Sampling) 
Chain 3 Iteration: 1400 / 6000 [ 23%]  (Sampling) 
Chain 1 Iteration: 1600 / 6000 [ 26%]  (Sampling) 
Chain 2 Iteration: 1500 / 6000 [ 25%]  (Sampling) 
Chain 4 Iteration: 1500 / 6000 [ 25%]  (Sampling) 
Chain 3 Iteration: 1500 / 6000 [ 25%]  (Sampling) 
Chain 1 Iteration: 1700 / 6000 [ 28%]  (Sampling) 
Chain 1 Iteration: 1800 / 6000 [ 30%]  (Sampling) 
Chain 2 Iteration: 1600 / 6000 [ 26%]  (Sampling) 
Chain 4 Iteration: 1600 / 6000 [ 26%]  (Sampling) 
Chain 3 Iteration: 1600 / 6000 [ 26%]  (Sampling) 
Chain 1 Iteration: 1900 / 6000 [ 31%]  (Sampling) 
Chain 2 Iteration: 1700 / 6000 [ 28%]  (Sampling) 
Chain 1 Iteration: 2000 / 6000 [ 33%]  (Sampling) 
Chain 4 Iteration: 1700 / 6000 [ 28%]  (Sampling) 
Chain 3 Iteration: 1700 / 6000 [ 28%]  (Sampling) 
Chain 1 Iteration: 2100 / 6000 [ 35%]  (Sampling) 
Chain 2 Iteration: 1800 / 6000 [ 30%]  (Sampling) 
Chain 4 Iteration: 1800 / 6000 [ 30%]  (Sampling) 
Chain 3 Iteration: 1800 / 6000 [ 30%]  (Sampling) 
Chain 1 Iteration: 2200 / 6000 [ 36%]  (Sampling) 
Chain 2 Iteration: 1900 / 6000 [ 31%]  (Sampling) 
Chain 4 Iteration: 1900 / 6000 [ 31%]  (Sampling) 
Chain 1 Iteration: 2300 / 6000 [ 38%]  (Sampling) 
Chain 3 Iteration: 1900 / 6000 [ 31%]  (Sampling) 
Chain 1 Iteration: 2400 / 6000 [ 40%]  (Sampling) 
Chain 2 Iteration: 2000 / 6000 [ 33%]  (Sampling) 
Chain 4 Iteration: 2000 / 6000 [ 33%]  (Sampling) 
Chain 3 Iteration: 2000 / 6000 [ 33%]  (Sampling) 
Chain 1 Iteration: 2500 / 6000 [ 41%]  (Sampling) 
Chain 2 Iteration: 2100 / 6000 [ 35%]  (Sampling) 
Chain 4 Iteration: 2100 / 6000 [ 35%]  (Sampling) 
Chain 1 Iteration: 2600 / 6000 [ 43%]  (Sampling) 
Chain 3 Iteration: 2100 / 6000 [ 35%]  (Sampling) 
Chain 1 Iteration: 2700 / 6000 [ 45%]  (Sampling) 
Chain 2 Iteration: 2200 / 6000 [ 36%]  (Sampling) 
Chain 4 Iteration: 2200 / 6000 [ 36%]  (Sampling) 
Chain 1 Iteration: 2800 / 6000 [ 46%]  (Sampling) 
Chain 3 Iteration: 2200 / 6000 [ 36%]  (Sampling) 
Chain 2 Iteration: 2300 / 6000 [ 38%]  (Sampling) 
Chain 4 Iteration: 2300 / 6000 [ 38%]  (Sampling) 
Chain 1 Iteration: 2900 / 6000 [ 48%]  (Sampling) 
Chain 3 Iteration: 2300 / 6000 [ 38%]  (Sampling) 
Chain 1 Iteration: 3000 / 6000 [ 50%]  (Sampling) 
Chain 2 Iteration: 2400 / 6000 [ 40%]  (Sampling) 
Chain 4 Iteration: 2400 / 6000 [ 40%]  (Sampling) 
Chain 1 Iteration: 3100 / 6000 [ 51%]  (Sampling) 
Chain 3 Iteration: 2400 / 6000 [ 40%]  (Sampling) 
Chain 2 Iteration: 2500 / 6000 [ 41%]  (Sampling) 
Chain 4 Iteration: 2500 / 6000 [ 41%]  (Sampling) 
Chain 1 Iteration: 3200 / 6000 [ 53%]  (Sampling) 
Chain 3 Iteration: 2500 / 6000 [ 41%]  (Sampling) 
Chain 1 Iteration: 3300 / 6000 [ 55%]  (Sampling) 
Chain 2 Iteration: 2600 / 6000 [ 43%]  (Sampling) 
Chain 4 Iteration: 2600 / 6000 [ 43%]  (Sampling) 
Chain 1 Iteration: 3400 / 6000 [ 56%]  (Sampling) 
Chain 3 Iteration: 2600 / 6000 [ 43%]  (Sampling) 
Chain 2 Iteration: 2700 / 6000 [ 45%]  (Sampling) 
Chain 1 Iteration: 3500 / 6000 [ 58%]  (Sampling) 
Chain 4 Iteration: 2700 / 6000 [ 45%]  (Sampling) 
Chain 1 Iteration: 3600 / 6000 [ 60%]  (Sampling) 
Chain 3 Iteration: 2700 / 6000 [ 45%]  (Sampling) 
Chain 2 Iteration: 2800 / 6000 [ 46%]  (Sampling) 
Chain 4 Iteration: 2800 / 6000 [ 46%]  (Sampling) 
Chain 1 Iteration: 3700 / 6000 [ 61%]  (Sampling) 
Chain 3 Iteration: 2800 / 6000 [ 46%]  (Sampling) 
Chain 2 Iteration: 2900 / 6000 [ 48%]  (Sampling) 
Chain 1 Iteration: 3800 / 6000 [ 63%]  (Sampling) 
Chain 4 Iteration: 2900 / 6000 [ 48%]  (Sampling) 
Chain 1 Iteration: 3900 / 6000 [ 65%]  (Sampling) 
Chain 3 Iteration: 2900 / 6000 [ 48%]  (Sampling) 
Chain 2 Iteration: 3000 / 6000 [ 50%]  (Sampling) 
Chain 4 Iteration: 3000 / 6000 [ 50%]  (Sampling) 
Chain 1 Iteration: 4000 / 6000 [ 66%]  (Sampling) 
Chain 3 Iteration: 3000 / 6000 [ 50%]  (Sampling) 
Chain 2 Iteration: 3100 / 6000 [ 51%]  (Sampling) 
Chain 1 Iteration: 4100 / 6000 [ 68%]  (Sampling) 
Chain 4 Iteration: 3100 / 6000 [ 51%]  (Sampling) 
Chain 1 Iteration: 4200 / 6000 [ 70%]  (Sampling) 
Chain 2 Iteration: 3200 / 6000 [ 53%]  (Sampling) 
Chain 3 Iteration: 3100 / 6000 [ 51%]  (Sampling) 
Chain 4 Iteration: 3200 / 6000 [ 53%]  (Sampling) 
Chain 1 Iteration: 4300 / 6000 [ 71%]  (Sampling) 
Chain 1 Iteration: 4400 / 6000 [ 73%]  (Sampling) 
Chain 2 Iteration: 3300 / 6000 [ 55%]  (Sampling) 
Chain 3 Iteration: 3200 / 6000 [ 53%]  (Sampling) 
Chain 4 Iteration: 3300 / 6000 [ 55%]  (Sampling) 
Chain 1 Iteration: 4500 / 6000 [ 75%]  (Sampling) 
Chain 2 Iteration: 3400 / 6000 [ 56%]  (Sampling) 
Chain 3 Iteration: 3300 / 6000 [ 55%]  (Sampling) 
Chain 4 Iteration: 3400 / 6000 [ 56%]  (Sampling) 
Chain 1 Iteration: 4600 / 6000 [ 76%]  (Sampling) 
Chain 1 Iteration: 4700 / 6000 [ 78%]  (Sampling) 
Chain 2 Iteration: 3500 / 6000 [ 58%]  (Sampling) 
Chain 3 Iteration: 3400 / 6000 [ 56%]  (Sampling) 
Chain 4 Iteration: 3500 / 6000 [ 58%]  (Sampling) 
Chain 1 Iteration: 4800 / 6000 [ 80%]  (Sampling) 
Chain 2 Iteration: 3600 / 6000 [ 60%]  (Sampling) 
Chain 1 Iteration: 4900 / 6000 [ 81%]  (Sampling) 
Chain 3 Iteration: 3500 / 6000 [ 58%]  (Sampling) 
Chain 4 Iteration: 3600 / 6000 [ 60%]  (Sampling) 
Chain 1 Iteration: 5000 / 6000 [ 83%]  (Sampling) 
Chain 2 Iteration: 3700 / 6000 [ 61%]  (Sampling) 
Chain 3 Iteration: 3600 / 6000 [ 60%]  (Sampling) 
Chain 4 Iteration: 3700 / 6000 [ 61%]  (Sampling) 
Chain 1 Iteration: 5100 / 6000 [ 85%]  (Sampling) 
Chain 1 Iteration: 5200 / 6000 [ 86%]  (Sampling) 
Chain 2 Iteration: 3800 / 6000 [ 63%]  (Sampling) 
Chain 4 Iteration: 3800 / 6000 [ 63%]  (Sampling) 
Chain 3 Iteration: 3700 / 6000 [ 61%]  (Sampling) 
Chain 1 Iteration: 5300 / 6000 [ 88%]  (Sampling) 
Chain 2 Iteration: 3900 / 6000 [ 65%]  (Sampling) 
Chain 1 Iteration: 5400 / 6000 [ 90%]  (Sampling) 
Chain 4 Iteration: 3900 / 6000 [ 65%]  (Sampling) 
Chain 3 Iteration: 3800 / 6000 [ 63%]  (Sampling) 
Chain 1 Iteration: 5500 / 6000 [ 91%]  (Sampling) 
Chain 2 Iteration: 4000 / 6000 [ 66%]  (Sampling) 
Chain 4 Iteration: 4000 / 6000 [ 66%]  (Sampling) 
Chain 3 Iteration: 3900 / 6000 [ 65%]  (Sampling) 
Chain 1 Iteration: 5600 / 6000 [ 93%]  (Sampling) 
Chain 2 Iteration: 4100 / 6000 [ 68%]  (Sampling) 
Chain 1 Iteration: 5700 / 6000 [ 95%]  (Sampling) 
Chain 4 Iteration: 4100 / 6000 [ 68%]  (Sampling) 
Chain 3 Iteration: 4000 / 6000 [ 66%]  (Sampling) 
Chain 1 Iteration: 5800 / 6000 [ 96%]  (Sampling) 
Chain 2 Iteration: 4200 / 6000 [ 70%]  (Sampling) 
Chain 4 Iteration: 4200 / 6000 [ 70%]  (Sampling) 
Chain 3 Iteration: 4100 / 6000 [ 68%]  (Sampling) 
Chain 1 Iteration: 5900 / 6000 [ 98%]  (Sampling) 
Chain 2 Iteration: 4300 / 6000 [ 71%]  (Sampling) 
Chain 1 Iteration: 6000 / 6000 [100%]  (Sampling) 
Chain 1 finished in 1194.9 seconds.
Chain 4 Iteration: 4300 / 6000 [ 71%]  (Sampling) 
Chain 3 Iteration: 4200 / 6000 [ 70%]  (Sampling) 
Chain 2 Iteration: 4400 / 6000 [ 73%]  (Sampling) 
Chain 4 Iteration: 4400 / 6000 [ 73%]  (Sampling) 
Chain 3 Iteration: 4300 / 6000 [ 71%]  (Sampling) 
Chain 2 Iteration: 4500 / 6000 [ 75%]  (Sampling) 
Chain 4 Iteration: 4500 / 6000 [ 75%]  (Sampling) 
Chain 3 Iteration: 4400 / 6000 [ 73%]  (Sampling) 
Chain 2 Iteration: 4600 / 6000 [ 76%]  (Sampling) 
Chain 4 Iteration: 4600 / 6000 [ 76%]  (Sampling) 
Chain 3 Iteration: 4500 / 6000 [ 75%]  (Sampling) 
Chain 2 Iteration: 4700 / 6000 [ 78%]  (Sampling) 
Chain 4 Iteration: 4700 / 6000 [ 78%]  (Sampling) 
Chain 3 Iteration: 4600 / 6000 [ 76%]  (Sampling) 
Chain 2 Iteration: 4800 / 6000 [ 80%]  (Sampling) 
Chain 4 Iteration: 4800 / 6000 [ 80%]  (Sampling) 
Chain 3 Iteration: 4700 / 6000 [ 78%]  (Sampling) 
Chain 2 Iteration: 4900 / 6000 [ 81%]  (Sampling) 
Chain 4 Iteration: 4900 / 6000 [ 81%]  (Sampling) 
Chain 3 Iteration: 4800 / 6000 [ 80%]  (Sampling) 
Chain 2 Iteration: 5000 / 6000 [ 83%]  (Sampling) 
Chain 4 Iteration: 5000 / 6000 [ 83%]  (Sampling) 
Chain 3 Iteration: 4900 / 6000 [ 81%]  (Sampling) 
Chain 2 Iteration: 5100 / 6000 [ 85%]  (Sampling) 
Chain 4 Iteration: 5100 / 6000 [ 85%]  (Sampling) 
Chain 3 Iteration: 5000 / 6000 [ 83%]  (Sampling) 
Chain 2 Iteration: 5200 / 6000 [ 86%]  (Sampling) 
Chain 4 Iteration: 5200 / 6000 [ 86%]  (Sampling) 
Chain 3 Iteration: 5100 / 6000 [ 85%]  (Sampling) 
Chain 4 Iteration: 5300 / 6000 [ 88%]  (Sampling) 
Chain 2 Iteration: 5300 / 6000 [ 88%]  (Sampling) 
Chain 3 Iteration: 5200 / 6000 [ 86%]  (Sampling) 
Chain 4 Iteration: 5400 / 6000 [ 90%]  (Sampling) 
Chain 2 Iteration: 5400 / 6000 [ 90%]  (Sampling) 
Chain 3 Iteration: 5300 / 6000 [ 88%]  (Sampling) 
Chain 4 Iteration: 5500 / 6000 [ 91%]  (Sampling) 
Chain 2 Iteration: 5500 / 6000 [ 91%]  (Sampling) 
Chain 3 Iteration: 5400 / 6000 [ 90%]  (Sampling) 
Chain 4 Iteration: 5600 / 6000 [ 93%]  (Sampling) 
Chain 2 Iteration: 5600 / 6000 [ 93%]  (Sampling) 
Chain 3 Iteration: 5500 / 6000 [ 91%]  (Sampling) 
Chain 4 Iteration: 5700 / 6000 [ 95%]  (Sampling) 
Chain 2 Iteration: 5700 / 6000 [ 95%]  (Sampling) 
Chain 3 Iteration: 5600 / 6000 [ 93%]  (Sampling) 
Chain 4 Iteration: 5800 / 6000 [ 96%]  (Sampling) 
Chain 2 Iteration: 5800 / 6000 [ 96%]  (Sampling) 
Chain 3 Iteration: 5700 / 6000 [ 95%]  (Sampling) 
Chain 4 Iteration: 5900 / 6000 [ 98%]  (Sampling) 
Chain 2 Iteration: 5900 / 6000 [ 98%]  (Sampling) 
Chain 3 Iteration: 5800 / 6000 [ 96%]  (Sampling) 
Chain 4 Iteration: 6000 / 6000 [100%]  (Sampling) 
Chain 4 finished in 1633.0 seconds.
Chain 2 Iteration: 6000 / 6000 [100%]  (Sampling) 
Chain 2 finished in 1637.2 seconds.
Chain 3 Iteration: 5900 / 6000 [ 98%]  (Sampling) 
Chain 3 Iteration: 6000 / 6000 [100%]  (Sampling) 
Chain 3 finished in 1683.3 seconds.

All 4 chains finished successfully.
Mean chain execution time: 1537.1 seconds.
Total execution time: 1683.6 seconds.

[1] "Processing draws 1 to 100"
[1] "Chunk time = 1.10907836357752"
[1] "Processing draws 101 to 200"
[1] "Chunk time = 22.8315989971161"
[1] "Processing draws 201 to 300"
[1] "Chunk time = 22.3279759883881"
[1] "Processing draws 301 to 400"
[1] "Chunk time = 22.1754150390625"
[1] "Processing draws 401 to 500"
[1] "Chunk time = 22.5885174274445"
[1] "Processing draws 501 to 600"
[1] "Chunk time = 22.5017583370209"
[1] "Processing draws 601 to 700"
[1] "Chunk time = 22.4421892166138"
[1] "Processing draws 701 to 800"
[1] "Chunk time = 22.5035679340363"
[1] "Processing draws 801 to 900"
[1] "Chunk time = 22.469559431076"
[1] "Processing draws 901 to 1000"
[1] "Chunk time = 22.4466960430145"
[1] "Processing draws 1001 to 1100"
[1] "Chunk time = 22.5855765342712"
[1] "Processing draws 1101 to 1200"
[1] "Chunk time = 22.2527875900269"
[1] "Processing draws 1201 to 1300"
[1] "Chunk time = 22.6626601219177"
[1] "Processing draws 1301 to 1400"
[1] "Chunk time = 22.2492752075195"
[1] "Processing draws 1401 to 1500"
[1] "Chunk time = 22.4821536540985"
[1] "Processing draws 1501 to 1600"
[1] "Chunk time = 22.5656878948212"
[1] "Processing draws 1601 to 1700"
[1] "Chunk time = 22.5934631824493"
[1] "Processing draws 1701 to 1800"
[1] "Chunk time = 22.177312374115"
[1] "Processing draws 1801 to 1900"
[1] "Chunk time = 22.8007030487061"
[1] "Processing draws 1901 to 2000"
[1] "Chunk time = 22.3571395874023"
[1] "Processing draws 2001 to 2100"
[1] "Chunk time = 22.742463350296"
[1] "Processing draws 2101 to 2200"
[1] "Chunk time = 22.6051731109619"
[1] "Processing draws 2201 to 2300"
[1] "Chunk time = 22.110342502594"
[1] "Processing draws 2301 to 2400"
[1] "Chunk time = 22.3558077812195"
[1] "Processing draws 2401 to 2500"
[1] "Chunk time = 22.3348109722137"
[1] "Processing draws 2501 to 2600"
[1] "Chunk time = 22.3886153697968"
[1] "Processing draws 2601 to 2700"
[1] "Chunk time = 22.2432298660278"
[1] "Processing draws 2701 to 2800"
[1] "Chunk time = 22.64080286026"
[1] "Processing draws 2801 to 2900"
[1] "Chunk time = 22.5221555233002"
[1] "Processing draws 2901 to 3000"
[1] "Chunk time = 23.0067272186279"
[1] "Processing draws 3001 to 3100"
[1] "Chunk time = 21.937949180603"
[1] "Processing draws 3101 to 3200"
[1] "Chunk time = 22.2862560749054"
[1] "Processing draws 3201 to 3300"
[1] "Chunk time = 22.1187055110931"
[1] "Processing draws 3301 to 3400"
[1] "Chunk time = 22.1354472637177"
[1] "Processing draws 3401 to 3500"
[1] "Chunk time = 22.4357905387878"
[1] "Processing draws 3501 to 3600"
[1] "Chunk time = 22.5627365112305"
[1] "Processing draws 3601 to 3700"
[1] "Chunk time = 22.3117134571075"
[1] "Processing draws 3701 to 3800"
[1] "Chunk time = 22.053525686264"
[1] "Processing draws 3801 to 3900"
[1] "Chunk time = 22.1070699691772"
[1] "Processing draws 3901 to 4000"
[1] "Chunk time = 21.9412770271301"
[1] "Processing draws 4001 to 4100"
[1] "Chunk time = 22.4027047157288"
[1] "Processing draws 4101 to 4200"
[1] "Chunk time = 22.551454782486"
[1] "Processing draws 4201 to 4300"
[1] "Chunk time = 22.3090603351593"
[1] "Processing draws 4301 to 4400"
[1] "Chunk time = 22.3437063694"
[1] "Processing draws 4401 to 4500"
[1] "Chunk time = 22.297057390213"
[1] "Processing draws 4501 to 4600"
[1] "Chunk time = 22.3709428310394"
[1] "Processing draws 4601 to 4700"
[1] "Chunk time = 22.6064083576202"
[1] "Processing draws 4701 to 4800"
[1] "Chunk time = 22.6445572376251"
[1] "Processing draws 4801 to 4900"
[1] "Chunk time = 22.3790056705475"
[1] "Processing draws 4901 to 5000"
[1] "Chunk time = 22.3522629737854"
[1] "Processing draws 5001 to 5100"
[1] "Chunk time = 22.1311545372009"
[1] "Processing draws 5101 to 5200"
[1] "Chunk time = 22.1115953922272"
[1] "Processing draws 5201 to 5300"
[1] "Chunk time = 22.4250915050507"
[1] "Processing draws 5301 to 5400"
[1] "Chunk time = 22.2742159366608"
[1] "Processing draws 5401 to 5500"
[1] "Chunk time = 22.4757823944092"
[1] "Processing draws 5501 to 5600"
[1] "Chunk time = 22.8479297161102"
[1] "Processing draws 5601 to 5700"
[1] "Chunk time = 22.4036033153534"
[1] "Processing draws 5701 to 5800"
[1] "Chunk time = 22.7409338951111"
[1] "Processing draws 5801 to 5900"
[1] "Chunk time = 22.3527824878693"
[1] "Processing draws 5901 to 6000"
[1] "Chunk time = 22.6893575191498"
[1] "Processing draws 6001 to 6100"
[1] "Chunk time = 22.0270371437073"
[1] "Processing draws 6101 to 6200"
[1] "Chunk time = 21.9463284015656"
[1] "Processing draws 6201 to 6300"
[1] "Chunk time = 22.1340439319611"
[1] "Processing draws 6301 to 6400"
[1] "Chunk time = 21.8369343280792"
[1] "Processing draws 6401 to 6500"
[1] "Chunk time = 22.3769075870514"
[1] "Processing draws 6501 to 6600"
[1] "Chunk time = 22.4050054550171"
[1] "Processing draws 6601 to 6700"
[1] "Chunk time = 22.1259896755219"
[1] "Processing draws 6701 to 6800"
[1] "Chunk time = 22.2846579551697"
[1] "Processing draws 6801 to 6900"
[1] "Chunk time = 22.2925696372986"
[1] "Processing draws 6901 to 7000"
[1] "Chunk time = 22.0363662242889"
[1] "Processing draws 7001 to 7100"
[1] "Chunk time = 22.2101268768311"
[1] "Processing draws 7101 to 7200"
[1] "Chunk time = 22.2378494739532"
[1] "Processing draws 7201 to 7300"
[1] "Chunk time = 22.5766832828522"
[1] "Processing draws 7301 to 7400"
[1] "Chunk time = 22.181077003479"
[1] "Processing draws 7401 to 7500"
[1] "Chunk time = 22.2576825618744"
[1] "Processing draws 7501 to 7600"
[1] "Chunk time = 22.226375579834"
[1] "Processing draws 7601 to 7700"
[1] "Chunk time = 22.1663610935211"
[1] "Processing draws 7701 to 7800"
[1] "Chunk time = 22.6006257534027"
[1] "Processing draws 7801 to 7900"
[1] "Chunk time = 22.663642168045"
[1] "Processing draws 7901 to 8000"
[1] "Chunk time = 22.3611524105072"
[1] "Processing draws 8001 to 8100"
[1] "Chunk time = 22.3549337387085"
[1] "Processing draws 8101 to 8200"
[1] "Chunk time = 22.3996205329895"
[1] "Processing draws 8201 to 8300"
[1] "Chunk time = 22.2059626579285"
[1] "Processing draws 8301 to 8400"
[1] "Chunk time = 22.8880705833435"
[1] "Processing draws 8401 to 8500"
[1] "Chunk time = 22.6651077270508"
[1] "Processing draws 8501 to 8600"
[1] "Chunk time = 22.5698502063751"
[1] "Processing draws 8601 to 8700"
[1] "Chunk time = 22.5024611949921"
[1] "Processing draws 8701 to 8800"
[1] "Chunk time = 22.7920105457306"
[1] "Processing draws 8801 to 8900"
[1] "Chunk time = 23.2576532363892"
[1] "Processing draws 8901 to 9000"
[1] "Chunk time = 23.1673691272736"
[1] "Processing draws 9001 to 9100"
[1] "Chunk time = 22.7408578395844"
[1] "Processing draws 9101 to 9200"
[1] "Chunk time = 22.8830184936523"
[1] "Processing draws 9201 to 9300"
[1] "Chunk time = 23.4854934215546"
[1] "Processing draws 9301 to 9400"
[1] "Chunk time = 22.6624400615692"
[1] "Processing draws 9401 to 9500"
[1] "Chunk time = 22.4734499454498"
[1] "Processing draws 9501 to 9600"
[1] "Chunk time = 22.4708621501923"
[1] "Processing draws 9601 to 9700"
[1] "Chunk time = 22.5766112804413"
[1] "Processing draws 9701 to 9800"
[1] "Chunk time = 22.8525788784027"
[1] "Processing draws 9801 to 9900"
[1] "Chunk time = 23.229376077652"
[1] "Processing draws 9901 to 10000"
[1] "Chunk time = 22.7226984500885"
[1] "Processing draws 10001 to 10100"
[1] "Chunk time = 22.8069489002228"
[1] "Processing draws 10101 to 10200"
[1] "Chunk time = 23.2141728401184"
[1] "Processing draws 10201 to 10300"
[1] "Chunk time = 22.7805924415588"
[1] "Processing draws 10301 to 10400"
[1] "Chunk time = 23.0426921844482"
[1] "Processing draws 10401 to 10500"
[1] "Chunk time = 23.141453742981"
[1] "Processing draws 10501 to 10600"
[1] "Chunk time = 23.2072401046753"
[1] "Processing draws 10601 to 10700"
[1] "Chunk time = 23.1818585395813"
[1] "Processing draws 10701 to 10800"
[1] "Chunk time = 22.9009730815887"
[1] "Processing draws 10801 to 10900"
[1] "Chunk time = 22.9127802848816"
[1] "Processing draws 10901 to 11000"
[1] "Chunk time = 22.7520246505737"
[1] "Processing draws 11001 to 11100"
[1] "Chunk time = 22.8337786197662"
[1] "Processing draws 11101 to 11200"
[1] "Chunk time = 23.1302890777588"
[1] "Processing draws 11201 to 11300"
[1] "Chunk time = 23.1587500572205"
[1] "Processing draws 11301 to 11400"
[1] "Chunk time = 23.234189748764"
[1] "Processing draws 11401 to 11500"
[1] "Chunk time = 22.9341292381287"
[1] "Processing draws 11501 to 11600"
[1] "Chunk time = 23.247908115387"
[1] "Processing draws 11601 to 11700"
[1] "Chunk time = 22.8447961807251"
[1] "Processing draws 11701 to 11800"
[1] "Chunk time = 23.2223036289215"
[1] "Processing draws 11801 to 11900"
[1] "Chunk time = 23.4310011863708"
[1] "Processing draws 11901 to 12000"
[1] "Chunk time = 23.2140176296234"
[1] "Processing draws 12001 to 12100"
[1] "Chunk time = 22.9204726219177"
[1] "Processing draws 12101 to 12200"
[1] "Chunk time = 22.4143733978271"
[1] "Processing draws 12201 to 12300"
[1] "Chunk time = 22.7295906543732"
[1] "Processing draws 12301 to 12400"
[1] "Chunk time = 22.8988251686096"
[1] "Processing draws 12401 to 12500"
[1] "Chunk time = 22.8166654109955"
[1] "Processing draws 12501 to 12600"
[1] "Chunk time = 22.6954545974731"
[1] "Processing draws 12601 to 12700"
[1] "Chunk time = 22.8510909080505"
[1] "Processing draws 12701 to 12800"
[1] "Chunk time = 23.0450234413147"
[1] "Processing draws 12801 to 12900"
[1] "Chunk time = 23.3210055828094"
[1] "Processing draws 12901 to 13000"
[1] "Chunk time = 22.8322856426239"
[1] "Processing draws 13001 to 13100"
[1] "Chunk time = 22.8836860656738"
[1] "Processing draws 13101 to 13200"
[1] "Chunk time = 22.8559241294861"
[1] "Processing draws 13201 to 13300"
[1] "Chunk time = 23.1200480461121"
[1] "Processing draws 13301 to 13400"
[1] "Chunk time = 22.7395839691162"
[1] "Processing draws 13401 to 13500"
[1] "Chunk time = 22.6438608169556"
[1] "Processing draws 13501 to 13600"
[1] "Chunk time = 22.8555445671082"
[1] "Processing draws 13601 to 13700"
[1] "Chunk time = 22.7963840961456"
[1] "Processing draws 13701 to 13800"
[1] "Chunk time = 23.1175682544708"
[1] "Processing draws 13801 to 13900"
[1] "Chunk time = 23.1531734466553"
[1] "Processing draws 13901 to 14000"
[1] "Chunk time = 23.1577379703522"
[1] "Processing draws 14001 to 14100"
[1] "Chunk time = 23.0646922588348"
[1] "Processing draws 14101 to 14200"
[1] "Chunk time = 23.2389097213745"
[1] "Processing draws 14201 to 14300"
[1] "Chunk time = 23.1820540428162"
[1] "Processing draws 14301 to 14400"
[1] "Chunk time = 22.5184543132782"
[1] "Processing draws 14401 to 14500"
[1] "Chunk time = 22.9858827590942"
[1] "Processing draws 14501 to 14600"
[1] "Chunk time = 22.7153596878052"
[1] "Processing draws 14601 to 14700"
[1] "Chunk time = 22.4482181072235"
[1] "Processing draws 14701 to 14800"
[1] "Chunk time = 22.29780626297"
[1] "Processing draws 14801 to 14900"
[1] "Chunk time = 22.831761598587"
[1] "Processing draws 14901 to 15000"
[1] "Chunk time = 22.2336792945862"
[1] "Processing draws 15001 to 15100"
[1] "Chunk time = 22.3401744365692"
[1] "Processing draws 15101 to 15200"
[1] "Chunk time = 22.0867691040039"
[1] "Processing draws 15201 to 15300"
[1] "Chunk time = 22.5959234237671"
[1] "Processing draws 15301 to 15400"
[1] "Chunk time = 22.1216156482697"
[1] "Processing draws 15401 to 15500"
[1] "Chunk time = 22.4768726825714"
[1] "Processing draws 15501 to 15600"
[1] "Chunk time = 22.0728232860565"
[1] "Processing draws 15601 to 15700"
[1] "Chunk time = 22.4686014652252"
[1] "Processing draws 15701 to 15800"
[1] "Chunk time = 22.1360886096954"
[1] "Processing draws 15801 to 15900"
[1] "Chunk time = 22.4900641441345"
[1] "Processing draws 15901 to 16000"
[1] "Chunk time = 22.240131855011"
[1] "Processing draws 16001 to 16100"
[1] "Chunk time = 22.4865355491638"
[1] "Processing draws 16101 to 16200"
[1] "Chunk time = 22.0845956802368"
[1] "Processing draws 16201 to 16300"
[1] "Chunk time = 22.3984477519989"
[1] "Processing draws 16301 to 16400"
[1] "Chunk time = 22.2368292808533"
[1] "Processing draws 16401 to 16500"
[1] "Chunk time = 22.9279139041901"
[1] "Processing draws 16501 to 16600"
[1] "Chunk time = 22.2209215164185"
[1] "Processing draws 16601 to 16700"
[1] "Chunk time = 22.5186376571655"
[1] "Processing draws 16701 to 16800"
[1] "Chunk time = 22.1957395076752"
[1] "Processing draws 16801 to 16900"
[1] "Chunk time = 22.534348487854"
[1] "Processing draws 16901 to 17000"
[1] "Chunk time = 22.3613262176514"
[1] "Processing draws 17001 to 17100"
[1] "Chunk time = 22.612566947937"
[1] "Processing draws 17101 to 17200"
[1] "Chunk time = 22.2496407032013"
[1] "Processing draws 17201 to 17300"
[1] "Chunk time = 22.7258493900299"
[1] "Processing draws 17301 to 17400"
[1] "Chunk time = 22.1288731098175"
[1] "Processing draws 17401 to 17500"
[1] "Chunk time = 22.578471660614"
[1] "Processing draws 17501 to 17600"
[1] "Chunk time = 22.7207884788513"
[1] "Processing draws 17601 to 17700"
[1] "Chunk time = 22.8096220493317"
[1] "Processing draws 17701 to 17800"
[1] "Chunk time = 22.3069267272949"
[1] "Processing draws 17801 to 17900"
[1] "Chunk time = 22.4718132019043"
[1] "Processing draws 17901 to 18000"
[1] "Chunk time = 22.5076303482056"
[1] "Processing draws 18001 to 18100"
[1] "Chunk time = 22.3750772476196"
[1] "Processing draws 18101 to 18200"
[1] "Chunk time = 22.0362915992737"
[1] "Processing draws 18201 to 18300"
[1] "Chunk time = 22.4365923404694"
[1] "Processing draws 18301 to 18400"
[1] "Chunk time = 22.0976014137268"
[1] "Processing draws 18401 to 18500"
[1] "Chunk time = 22.4201157093048"
[1] "Processing draws 18501 to 18600"
[1] "Chunk time = 22.0298404693604"
[1] "Processing draws 18601 to 18700"
[1] "Chunk time = 22.8199582099915"
[1] "Processing draws 18701 to 18800"
[1] "Chunk time = 21.8672442436218"
[1] "Processing draws 18801 to 18900"
[1] "Chunk time = 22.9983236789703"
[1] "Processing draws 18901 to 19000"
[1] "Chunk time = 22.2907922267914"
[1] "Processing draws 19001 to 19100"
[1] "Chunk time = 22.5190145969391"
[1] "Processing draws 19101 to 19200"
[1] "Chunk time = 21.9442069530487"
[1] "Processing draws 19201 to 19300"
[1] "Chunk time = 21.9389591217041"
[1] "Processing draws 19301 to 19400"
[1] "Chunk time = 21.8515148162842"
[1] "Processing draws 19401 to 19500"
[1] "Chunk time = 22.3626778125763"
[1] "Processing draws 19501 to 19600"
[1] "Chunk time = 22.0326285362244"
[1] "Processing draws 19601 to 19700"
[1] "Chunk time = 22.1728134155273"
[1] "Processing draws 19701 to 19800"
[1] "Chunk time = 21.8607325553894"
[1] "Processing draws 19801 to 19900"
[1] "Chunk time = 22.5844814777374"
[1] "Processing draws 19901 to 20000"
[1] "Chunk time = 22.7982630729675"
[1] "done lapplying"
[1] "Saving current params"
[1] "Saving params to output.rds"
[1] TRUE
