[1] "Starting sampling."
Running MCMC with 4 parallel chains, with 4 thread(s) per chain...

Chain 3 Iteration:    1 / 6000 [  0%]  (Warmup) 
Chain 1 Iteration:    1 / 6000 [  0%]  (Warmup) 
Chain 2 Iteration:    1 / 6000 [  0%]  (Warmup) 
Chain 4 Iteration:    1 / 6000 [  0%]  (Warmup) 
Chain 4 Iteration:  100 / 6000 [  1%]  (Warmup) 
Chain 3 Iteration:  100 / 6000 [  1%]  (Warmup) 
Chain 2 Iteration:  100 / 6000 [  1%]  (Warmup) 
Chain 1 Iteration:  100 / 6000 [  1%]  (Warmup) 
Chain 4 Iteration:  200 / 6000 [  3%]  (Warmup) 
Chain 3 Iteration:  200 / 6000 [  3%]  (Warmup) 
Chain 2 Iteration:  200 / 6000 [  3%]  (Warmup) 
Chain 1 Iteration:  200 / 6000 [  3%]  (Warmup) 
Chain 4 Iteration:  300 / 6000 [  5%]  (Warmup) 
Chain 3 Iteration:  300 / 6000 [  5%]  (Warmup) 
Chain 2 Iteration:  300 / 6000 [  5%]  (Warmup) 
Chain 1 Iteration:  300 / 6000 [  5%]  (Warmup) 
Chain 4 Iteration:  400 / 6000 [  6%]  (Warmup) 
Chain 3 Iteration:  400 / 6000 [  6%]  (Warmup) 
Chain 2 Iteration:  400 / 6000 [  6%]  (Warmup) 
Chain 1 Iteration:  400 / 6000 [  6%]  (Warmup) 
Chain 4 Iteration:  500 / 6000 [  8%]  (Warmup) 
Chain 3 Iteration:  500 / 6000 [  8%]  (Warmup) 
Chain 2 Iteration:  500 / 6000 [  8%]  (Warmup) 
Chain 1 Iteration:  500 / 6000 [  8%]  (Warmup) 
Chain 4 Iteration:  600 / 6000 [ 10%]  (Warmup) 
Chain 3 Iteration:  600 / 6000 [ 10%]  (Warmup) 
Chain 2 Iteration:  600 / 6000 [ 10%]  (Warmup) 
Chain 4 Iteration:  700 / 6000 [ 11%]  (Warmup) 
Chain 1 Iteration:  600 / 6000 [ 10%]  (Warmup) 
Chain 3 Iteration:  700 / 6000 [ 11%]  (Warmup) 
Chain 2 Iteration:  700 / 6000 [ 11%]  (Warmup) 
Chain 4 Iteration:  800 / 6000 [ 13%]  (Warmup) 
Chain 1 Iteration:  700 / 6000 [ 11%]  (Warmup) 
Chain 3 Iteration:  800 / 6000 [ 13%]  (Warmup) 
Chain 4 Iteration:  900 / 6000 [ 15%]  (Warmup) 
Chain 2 Iteration:  800 / 6000 [ 13%]  (Warmup) 
Chain 1 Iteration:  800 / 6000 [ 13%]  (Warmup) 
Chain 3 Iteration:  900 / 6000 [ 15%]  (Warmup) 
Chain 2 Iteration:  900 / 6000 [ 15%]  (Warmup) 
Chain 4 Iteration: 1000 / 6000 [ 16%]  (Warmup) 
Chain 4 Iteration: 1001 / 6000 [ 16%]  (Sampling) 
Chain 1 Iteration:  900 / 6000 [ 15%]  (Warmup) 
Chain 3 Iteration: 1000 / 6000 [ 16%]  (Warmup) 
Chain 3 Iteration: 1001 / 6000 [ 16%]  (Sampling) 
Chain 4 Iteration: 1100 / 6000 [ 18%]  (Sampling) 
Chain 2 Iteration: 1000 / 6000 [ 16%]  (Warmup) 
Chain 2 Iteration: 1001 / 6000 [ 16%]  (Sampling) 
Chain 1 Iteration: 1000 / 6000 [ 16%]  (Warmup) 
Chain 1 Iteration: 1001 / 6000 [ 16%]  (Sampling) 
Chain 4 Iteration: 1200 / 6000 [ 20%]  (Sampling) 
Chain 2 Iteration: 1100 / 6000 [ 18%]  (Sampling) 
Chain 3 Iteration: 1100 / 6000 [ 18%]  (Sampling) 
Chain 4 Iteration: 1300 / 6000 [ 21%]  (Sampling) 
Chain 1 Iteration: 1100 / 6000 [ 18%]  (Sampling) 
Chain 2 Iteration: 1200 / 6000 [ 20%]  (Sampling) 
Chain 4 Iteration: 1400 / 6000 [ 23%]  (Sampling) 
Chain 3 Iteration: 1200 / 6000 [ 20%]  (Sampling) 
Chain 4 Iteration: 1500 / 6000 [ 25%]  (Sampling) 
Chain 2 Iteration: 1300 / 6000 [ 21%]  (Sampling) 
Chain 4 Iteration: 1600 / 6000 [ 26%]  (Sampling) 
Chain 1 Iteration: 1200 / 6000 [ 20%]  (Sampling) 
Chain 2 Iteration: 1400 / 6000 [ 23%]  (Sampling) 
Chain 3 Iteration: 1300 / 6000 [ 21%]  (Sampling) 
Chain 4 Iteration: 1700 / 6000 [ 28%]  (Sampling) 
Chain 2 Iteration: 1500 / 6000 [ 25%]  (Sampling) 
Chain 4 Iteration: 1800 / 6000 [ 30%]  (Sampling) 
Chain 1 Iteration: 1300 / 6000 [ 21%]  (Sampling) 
Chain 3 Iteration: 1400 / 6000 [ 23%]  (Sampling) 
Chain 4 Iteration: 1900 / 6000 [ 31%]  (Sampling) 
Chain 2 Iteration: 1600 / 6000 [ 26%]  (Sampling) 
Chain 4 Iteration: 2000 / 6000 [ 33%]  (Sampling) 
Chain 1 Iteration: 1400 / 6000 [ 23%]  (Sampling) 
Chain 2 Iteration: 1700 / 6000 [ 28%]  (Sampling) 
Chain 3 Iteration: 1500 / 6000 [ 25%]  (Sampling) 
Chain 4 Iteration: 2100 / 6000 [ 35%]  (Sampling) 
Chain 2 Iteration: 1800 / 6000 [ 30%]  (Sampling) 
Chain 4 Iteration: 2200 / 6000 [ 36%]  (Sampling) 
Chain 1 Iteration: 1500 / 6000 [ 25%]  (Sampling) 
Chain 3 Iteration: 1600 / 6000 [ 26%]  (Sampling) 
Chain 4 Iteration: 2300 / 6000 [ 38%]  (Sampling) 
Chain 2 Iteration: 1900 / 6000 [ 31%]  (Sampling) 
Chain 4 Iteration: 2400 / 6000 [ 40%]  (Sampling) 
Chain 1 Iteration: 1600 / 6000 [ 26%]  (Sampling) 
Chain 3 Iteration: 1700 / 6000 [ 28%]  (Sampling) 
Chain 2 Iteration: 2000 / 6000 [ 33%]  (Sampling) 
Chain 4 Iteration: 2500 / 6000 [ 41%]  (Sampling) 
Chain 2 Iteration: 2100 / 6000 [ 35%]  (Sampling) 
Chain 4 Iteration: 2600 / 6000 [ 43%]  (Sampling) 
Chain 1 Iteration: 1700 / 6000 [ 28%]  (Sampling) 
Chain 3 Iteration: 1800 / 6000 [ 30%]  (Sampling) 
Chain 2 Iteration: 2200 / 6000 [ 36%]  (Sampling) 
Chain 4 Iteration: 2700 / 6000 [ 45%]  (Sampling) 
Chain 4 Iteration: 2800 / 6000 [ 46%]  (Sampling) 
Chain 3 Iteration: 1900 / 6000 [ 31%]  (Sampling) 
Chain 2 Iteration: 2300 / 6000 [ 38%]  (Sampling) 
Chain 1 Iteration: 1800 / 6000 [ 30%]  (Sampling) 
Chain 4 Iteration: 2900 / 6000 [ 48%]  (Sampling) 
Chain 2 Iteration: 2400 / 6000 [ 40%]  (Sampling) 
Chain 3 Iteration: 2000 / 6000 [ 33%]  (Sampling) 
Chain 4 Iteration: 3000 / 6000 [ 50%]  (Sampling) 
Chain 1 Iteration: 1900 / 6000 [ 31%]  (Sampling) 
Chain 2 Iteration: 2500 / 6000 [ 41%]  (Sampling) 
Chain 4 Iteration: 3100 / 6000 [ 51%]  (Sampling) 
Chain 3 Iteration: 2100 / 6000 [ 35%]  (Sampling) 
Chain 4 Iteration: 3200 / 6000 [ 53%]  (Sampling) 
Chain 1 Iteration: 2000 / 6000 [ 33%]  (Sampling) 
Chain 2 Iteration: 2600 / 6000 [ 43%]  (Sampling) 
Chain 4 Iteration: 3300 / 6000 [ 55%]  (Sampling) 
Chain 3 Iteration: 2200 / 6000 [ 36%]  (Sampling) 
Chain 2 Iteration: 2700 / 6000 [ 45%]  (Sampling) 
Chain 4 Iteration: 3400 / 6000 [ 56%]  (Sampling) 
Chain 1 Iteration: 2100 / 6000 [ 35%]  (Sampling) 
Chain 2 Iteration: 2800 / 6000 [ 46%]  (Sampling) 
Chain 4 Iteration: 3500 / 6000 [ 58%]  (Sampling) 
Chain 3 Iteration: 2300 / 6000 [ 38%]  (Sampling) 
Chain 4 Iteration: 3600 / 6000 [ 60%]  (Sampling) 
Chain 1 Iteration: 2200 / 6000 [ 36%]  (Sampling) 
Chain 2 Iteration: 2900 / 6000 [ 48%]  (Sampling) 
Chain 4 Iteration: 3700 / 6000 [ 61%]  (Sampling) 
Chain 3 Iteration: 2400 / 6000 [ 40%]  (Sampling) 
Chain 2 Iteration: 3000 / 6000 [ 50%]  (Sampling) 
Chain 4 Iteration: 3800 / 6000 [ 63%]  (Sampling) 
Chain 1 Iteration: 2300 / 6000 [ 38%]  (Sampling) 
Chain 2 Iteration: 3100 / 6000 [ 51%]  (Sampling) 
Chain 4 Iteration: 3900 / 6000 [ 65%]  (Sampling) 
Chain 3 Iteration: 2500 / 6000 [ 41%]  (Sampling) 
Chain 4 Iteration: 4000 / 6000 [ 66%]  (Sampling) 
Chain 1 Iteration: 2400 / 6000 [ 40%]  (Sampling) 
Chain 2 Iteration: 3200 / 6000 [ 53%]  (Sampling) 
Chain 4 Iteration: 4100 / 6000 [ 68%]  (Sampling) 
Chain 3 Iteration: 2600 / 6000 [ 43%]  (Sampling) 
Chain 2 Iteration: 3300 / 6000 [ 55%]  (Sampling) 
Chain 4 Iteration: 4200 / 6000 [ 70%]  (Sampling) 
Chain 1 Iteration: 2500 / 6000 [ 41%]  (Sampling) 
Chain 2 Iteration: 3400 / 6000 [ 56%]  (Sampling) 
Chain 4 Iteration: 4300 / 6000 [ 71%]  (Sampling) 
Chain 3 Iteration: 2700 / 6000 [ 45%]  (Sampling) 
Chain 2 Iteration: 3500 / 6000 [ 58%]  (Sampling) 
Chain 1 Iteration: 2600 / 6000 [ 43%]  (Sampling) 
Chain 4 Iteration: 4400 / 6000 [ 73%]  (Sampling) 
Chain 2 Iteration: 3600 / 6000 [ 60%]  (Sampling) 
Chain 3 Iteration: 2800 / 6000 [ 46%]  (Sampling) 
Chain 4 Iteration: 4500 / 6000 [ 75%]  (Sampling) 
Chain 4 Iteration: 4600 / 6000 [ 76%]  (Sampling) 
Chain 1 Iteration: 2700 / 6000 [ 45%]  (Sampling) 
Chain 2 Iteration: 3700 / 6000 [ 61%]  (Sampling) 
Chain 3 Iteration: 2900 / 6000 [ 48%]  (Sampling) 
Chain 4 Iteration: 4700 / 6000 [ 78%]  (Sampling) 
Chain 2 Iteration: 3800 / 6000 [ 63%]  (Sampling) 
Chain 4 Iteration: 4800 / 6000 [ 80%]  (Sampling) 
Chain 1 Iteration: 2800 / 6000 [ 46%]  (Sampling) 
Chain 3 Iteration: 3000 / 6000 [ 50%]  (Sampling) 
Chain 4 Iteration: 4900 / 6000 [ 81%]  (Sampling) 
Chain 2 Iteration: 3900 / 6000 [ 65%]  (Sampling) 
Chain 1 Iteration: 2900 / 6000 [ 48%]  (Sampling) 
Chain 4 Iteration: 5000 / 6000 [ 83%]  (Sampling) 
Chain 2 Iteration: 4000 / 6000 [ 66%]  (Sampling) 
Chain 3 Iteration: 3100 / 6000 [ 51%]  (Sampling) 
Chain 4 Iteration: 5100 / 6000 [ 85%]  (Sampling) 
Chain 2 Iteration: 4100 / 6000 [ 68%]  (Sampling) 
Chain 1 Iteration: 3000 / 6000 [ 50%]  (Sampling) 
Chain 4 Iteration: 5200 / 6000 [ 86%]  (Sampling) 
Chain 3 Iteration: 3200 / 6000 [ 53%]  (Sampling) 
Chain 2 Iteration: 4200 / 6000 [ 70%]  (Sampling) 
Chain 4 Iteration: 5300 / 6000 [ 88%]  (Sampling) 
Chain 1 Iteration: 3100 / 6000 [ 51%]  (Sampling) 
Chain 4 Iteration: 5400 / 6000 [ 90%]  (Sampling) 
Chain 2 Iteration: 4300 / 6000 [ 71%]  (Sampling) 
Chain 3 Iteration: 3300 / 6000 [ 55%]  (Sampling) 
Chain 4 Iteration: 5500 / 6000 [ 91%]  (Sampling) 
Chain 2 Iteration: 4400 / 6000 [ 73%]  (Sampling) 
Chain 1 Iteration: 3200 / 6000 [ 53%]  (Sampling) 
Chain 4 Iteration: 5600 / 6000 [ 93%]  (Sampling) 
Chain 3 Iteration: 3400 / 6000 [ 56%]  (Sampling) 
Chain 2 Iteration: 4500 / 6000 [ 75%]  (Sampling) 
Chain 4 Iteration: 5700 / 6000 [ 95%]  (Sampling) 
Chain 1 Iteration: 3300 / 6000 [ 55%]  (Sampling) 
Chain 4 Iteration: 5800 / 6000 [ 96%]  (Sampling) 
Chain 2 Iteration: 4600 / 6000 [ 76%]  (Sampling) 
Chain 3 Iteration: 3500 / 6000 [ 58%]  (Sampling) 
Chain 4 Iteration: 5900 / 6000 [ 98%]  (Sampling) 
Chain 2 Iteration: 4700 / 6000 [ 78%]  (Sampling) 
Chain 4 Iteration: 6000 / 6000 [100%]  (Sampling) 
Chain 4 finished in 21203.3 seconds.
Chain 1 Iteration: 3400 / 6000 [ 56%]  (Sampling) 
Chain 3 Iteration: 3600 / 6000 [ 60%]  (Sampling) 
Chain 2 Iteration: 4800 / 6000 [ 80%]  (Sampling) 
Chain 2 Iteration: 4900 / 6000 [ 81%]  (Sampling) 
Chain 3 Iteration: 3700 / 6000 [ 61%]  (Sampling) 
Chain 1 Iteration: 3500 / 6000 [ 58%]  (Sampling) 
Chain 2 Iteration: 5000 / 6000 [ 83%]  (Sampling) 
Chain 3 Iteration: 3800 / 6000 [ 63%]  (Sampling) 
Chain 2 Iteration: 5100 / 6000 [ 85%]  (Sampling) 
Chain 1 Iteration: 3600 / 6000 [ 60%]  (Sampling) 
Chain 2 Iteration: 5200 / 6000 [ 86%]  (Sampling) 
Chain 3 Iteration: 3900 / 6000 [ 65%]  (Sampling) 
Chain 1 Iteration: 3700 / 6000 [ 61%]  (Sampling) 
Chain 2 Iteration: 5300 / 6000 [ 88%]  (Sampling) 
Chain 3 Iteration: 4000 / 6000 [ 66%]  (Sampling) 
Chain 2 Iteration: 5400 / 6000 [ 90%]  (Sampling) 
Chain 1 Iteration: 3800 / 6000 [ 63%]  (Sampling) 
Chain 3 Iteration: 4100 / 6000 [ 68%]  (Sampling) 
Chain 2 Iteration: 5500 / 6000 [ 91%]  (Sampling) 
Chain 1 Iteration: 3900 / 6000 [ 65%]  (Sampling) 
Chain 2 Iteration: 5600 / 6000 [ 93%]  (Sampling) 
Chain 3 Iteration: 4200 / 6000 [ 70%]  (Sampling) 
Chain 2 Iteration: 5700 / 6000 [ 95%]  (Sampling) 
Chain 1 Iteration: 4000 / 6000 [ 66%]  (Sampling) 
Chain 3 Iteration: 4300 / 6000 [ 71%]  (Sampling) 
Chain 2 Iteration: 5800 / 6000 [ 96%]  (Sampling) 
Chain 1 Iteration: 4100 / 6000 [ 68%]  (Sampling) 
Chain 2 Iteration: 5900 / 6000 [ 98%]  (Sampling) 
Chain 3 Iteration: 4400 / 6000 [ 73%]  (Sampling) 
Chain 2 Iteration: 6000 / 6000 [100%]  (Sampling) 
Chain 2 finished in 26015.0 seconds.
Chain 1 Iteration: 4200 / 6000 [ 70%]  (Sampling) 
Chain 3 Iteration: 4500 / 6000 [ 75%]  (Sampling) 
Chain 1 Iteration: 4300 / 6000 [ 71%]  (Sampling) 
Chain 3 Iteration: 4600 / 6000 [ 76%]  (Sampling) 
Chain 1 Iteration: 4400 / 6000 [ 73%]  (Sampling) 
Chain 3 Iteration: 4700 / 6000 [ 78%]  (Sampling) 
Chain 1 Iteration: 4500 / 6000 [ 75%]  (Sampling) 
Chain 3 Iteration: 4800 / 6000 [ 80%]  (Sampling) 
Chain 1 Iteration: 4600 / 6000 [ 76%]  (Sampling) 
Chain 3 Iteration: 4900 / 6000 [ 81%]  (Sampling) 
Chain 1 Iteration: 4700 / 6000 [ 78%]  (Sampling) 
Chain 3 Iteration: 5000 / 6000 [ 83%]  (Sampling) 
Chain 3 Iteration: 5100 / 6000 [ 85%]  (Sampling) 
Chain 1 Iteration: 4800 / 6000 [ 80%]  (Sampling) 
Chain 3 Iteration: 5200 / 6000 [ 86%]  (Sampling) 
Chain 1 Iteration: 4900 / 6000 [ 81%]  (Sampling) 
Chain 3 Iteration: 5300 / 6000 [ 88%]  (Sampling) 
Chain 1 Iteration: 5000 / 6000 [ 83%]  (Sampling) 
Chain 3 Iteration: 5400 / 6000 [ 90%]  (Sampling) 
Chain 1 Iteration: 5100 / 6000 [ 85%]  (Sampling) 
Chain 3 Iteration: 5500 / 6000 [ 91%]  (Sampling) 
Chain 1 Iteration: 5200 / 6000 [ 86%]  (Sampling) 
Chain 3 Iteration: 5600 / 6000 [ 93%]  (Sampling) 
Chain 1 Iteration: 5300 / 6000 [ 88%]  (Sampling) 
Chain 3 Iteration: 5700 / 6000 [ 95%]  (Sampling) 
Chain 1 Iteration: 5400 / 6000 [ 90%]  (Sampling) 
Chain 3 Iteration: 5800 / 6000 [ 96%]  (Sampling) 
Chain 1 Iteration: 5500 / 6000 [ 91%]  (Sampling) 
Chain 3 Iteration: 5900 / 6000 [ 98%]  (Sampling) 
Chain 1 Iteration: 5600 / 6000 [ 93%]  (Sampling) 
Chain 3 Iteration: 6000 / 6000 [100%]  (Sampling) 
Chain 3 finished in 34324.0 seconds.
Chain 1 Iteration: 5700 / 6000 [ 95%]  (Sampling) 
Chain 1 Iteration: 5800 / 6000 [ 96%]  (Sampling) 
Chain 1 Iteration: 5900 / 6000 [ 98%]  (Sampling) 
Chain 1 Iteration: 6000 / 6000 [100%]  (Sampling) 
Chain 1 finished in 36168.4 seconds.

All 4 chains finished successfully.
Mean chain execution time: 29427.7 seconds.
Total execution time: 36169.3 seconds.

[1] "Processing draws 1 to 100"
[1] "Chunk time = 3.37743427356084"
[1] "Processing draws 101 to 200"
[1] "Chunk time = 2.29459130764008"
[1] "Processing draws 201 to 300"
[1] "Chunk time = 2.51508368651072"
[1] "Processing draws 301 to 400"
[1] "Chunk time = 2.12303573290507"
[1] "Processing draws 401 to 500"
[1] "Chunk time = 2.05164359807968"
[1] "Processing draws 501 to 600"
[1] "Chunk time = 2.07557331323624"
[1] "Processing draws 601 to 700"
[1] "Chunk time = 2.06690241893133"
[1] "Processing draws 701 to 800"
[1] "Chunk time = 2.15870032310486"
[1] "Processing draws 801 to 900"
[1] "Chunk time = 2.02296319007874"
[1] "Processing draws 901 to 1000"
[1] "Chunk time = 2.15849208434423"
[1] "Processing draws 1001 to 1100"
[1] "Chunk time = 2.01639549732208"
[1] "Processing draws 1101 to 1200"
[1] "Chunk time = 2.09583254655202"
[1] "Processing draws 1201 to 1300"
[1] "Chunk time = 2.12410381237666"
[1] "Processing draws 1301 to 1400"
[1] "Chunk time = 2.00424292484919"
[1] "Processing draws 1401 to 1500"
[1] "Chunk time = 2.00489113330841"
[1] "Processing draws 1501 to 1600"
[1] "Chunk time = 2.16917037963867"
[1] "Processing draws 1601 to 1700"
[1] "Chunk time = 2.00932298501333"
[1] "Processing draws 1701 to 1800"
[1] "Chunk time = 2.04236609141032"
[1] "Processing draws 1801 to 1900"
[1] "Chunk time = 2.16956331729889"
[1] "Processing draws 1901 to 2000"
[1] "Chunk time = 2.09741974274317"
[1] "Processing draws 2001 to 2100"
[1] "Chunk time = 2.03713382879893"
[1] "Processing draws 2101 to 2200"
[1] "Chunk time = 2.11374093691508"
[1] "Processing draws 2201 to 2300"
[1] "Chunk time = 2.05482954978943"
[1] "Processing draws 2301 to 2400"
[1] "Chunk time = 2.11963713169098"
[1] "Processing draws 2401 to 2500"
[1] "Chunk time = 2.09008570114772"
[1] "Processing draws 2501 to 2600"
[1] "Chunk time = 2.03272339105606"
[1] "Processing draws 2601 to 2700"
[1] "Chunk time = 2.0326501250267"
[1] "Processing draws 2701 to 2800"
[1] "Chunk time = 2.18231141169866"
[1] "Processing draws 2801 to 2900"
[1] "Chunk time = 2.02994607686996"
[1] "Processing draws 2901 to 3000"
[1] "Chunk time = 1.99754948616028"
[1] "Processing draws 3001 to 3100"
[1] "Chunk time = 2.12082858482997"
[1] "Processing draws 3101 to 3200"
[1] "Chunk time = 2.11655343770981"
[1] "Processing draws 3201 to 3300"
[1] "Chunk time = 1.98478381633759"
[1] "Processing draws 3301 to 3400"
[1] "Chunk time = 2.1548543214798"
[1] "Processing draws 3401 to 3500"
[1] "Chunk time = 2.01886954307556"
[1] "Processing draws 3501 to 3600"
[1] "Chunk time = 2.06994993289312"
[1] "Processing draws 3601 to 3700"
[1] "Chunk time = 2.02481747070948"
[1] "Processing draws 3701 to 3800"
[1] "Chunk time = 2.00644199450811"
[1] "Processing draws 3801 to 3900"
[1] "Chunk time = 1.98356783390045"
[1] "Processing draws 3901 to 4000"
[1] "Chunk time = 2.10701267719269"
[1] "Processing draws 4001 to 4100"
[1] "Chunk time = 2.00602481762568"
[1] "Processing draws 4101 to 4200"
[1] "Chunk time = 1.97366379499435"
[1] "Processing draws 4201 to 4300"
[1] "Chunk time = 2.06691993077596"
[1] "Processing draws 4301 to 4400"
[1] "Chunk time = 2.06430743932724"
[1] "Processing draws 4401 to 4500"
[1] "Chunk time = 2.02726993958155"
[1] "Processing draws 4501 to 4600"
[1] "Chunk time = 2.06862783034643"
[1] "Processing draws 4601 to 4700"
[1] "Chunk time = 2.02413659890493"
[1] "Processing draws 4701 to 4800"
[1] "Chunk time = 2.00809751749039"
[1] "Processing draws 4801 to 4900"
[1] "Chunk time = 2.12829319238663"
[1] "Processing draws 4901 to 5000"
[1] "Chunk time = 1.95889036655426"
[1] "Processing draws 5001 to 5100"
[1] "Chunk time = 1.97645771503448"
[1] "Processing draws 5101 to 5200"
[1] "Chunk time = 2.15968467394511"
[1] "Processing draws 5201 to 5300"
[1] "Chunk time = 1.99478132724762"
[1] "Processing draws 5301 to 5400"
[1] "Chunk time = 1.98337993621826"
[1] "Processing draws 5401 to 5500"
[1] "Chunk time = 2.16017088492711"
[1] "Processing draws 5501 to 5600"
[1] "Chunk time = 2.03038400411606"
[1] "Processing draws 5601 to 5700"
[1] "Chunk time = 1.95250123341878"
[1] "Processing draws 5701 to 5800"
[1] "Chunk time = 2.14935292800268"
[1] "Processing draws 5801 to 5900"
[1] "Chunk time = 1.90218085050583"
[1] "Processing draws 5901 to 6000"
[1] "Chunk time = 2.02059492667516"
[1] "Processing draws 6001 to 6100"
[1] "Chunk time = 2.12627973556519"
[1] "Processing draws 6101 to 6200"
[1] "Chunk time = 1.97351007461548"
[1] "Processing draws 6201 to 6300"
[1] "Chunk time = 1.96512982447942"
[1] "Processing draws 6301 to 6400"
[1] "Chunk time = 2.11437352895737"
[1] "Processing draws 6401 to 6500"
[1] "Chunk time = 2.00961408615112"
[1] "Processing draws 6501 to 6600"
[1] "Chunk time = 1.97235786517461"
[1] "Processing draws 6601 to 6700"
[1] "Chunk time = 2.11183930238088"
[1] "Processing draws 6701 to 6800"
[1] "Chunk time = 2.03466830650965"
[1] "Processing draws 6801 to 6900"
[1] "Chunk time = 2.02665075858434"
[1] "Processing draws 6901 to 7000"
[1] "Chunk time = 2.11043871243795"
[1] "Processing draws 7001 to 7100"
[1] "Chunk time = 1.91276181936264"
[1] "Processing draws 7101 to 7200"
[1] "Chunk time = 1.93597519000371"
[1] "Processing draws 7201 to 7300"
[1] "Chunk time = 2.17931845982869"
[1] "Processing draws 7301 to 7400"
[1] "Chunk time = 1.99834182262421"
[1] "Processing draws 7401 to 7500"
[1] "Chunk time = 1.93302296797434"
[1] "Processing draws 7501 to 7600"
[1] "Chunk time = 2.15756667852402"
[1] "Processing draws 7601 to 7700"
[1] "Chunk time = 1.93589143355687"
[1] "Processing draws 7701 to 7800"
[1] "Chunk time = 1.9814669529597"
[1] "Processing draws 7801 to 7900"
[1] "Chunk time = 2.07970643440882"
[1] "Processing draws 7901 to 8000"
[1] "Chunk time = 2.03701176643372"
[1] "Processing draws 8001 to 8100"
[1] "Chunk time = 1.97606376012166"
[1] "Processing draws 8101 to 8200"
[1] "Chunk time = 2.14993271032969"
[1] "Processing draws 8201 to 8300"
[1] "Chunk time = 1.98379356861114"
[1] "Processing draws 8301 to 8400"
[1] "Chunk time = 1.96070589621862"
[1] "Processing draws 8401 to 8500"
[1] "Chunk time = 2.13515095710754"
[1] "Processing draws 8501 to 8600"
[1] "Chunk time = 1.93207375208537"
[1] "Processing draws 8601 to 8700"
[1] "Chunk time = 1.93595153490702"
[1] "Processing draws 8701 to 8800"
[1] "Chunk time = 2.1364480694135"
[1] "Processing draws 8801 to 8900"
[1] "Chunk time = 2.0293257077535"
[1] "Processing draws 8901 to 9000"
[1] "Chunk time = 2.06852060159047"
[1] "Processing draws 9001 to 9100"
[1] "Chunk time = 2.15942862828573"
[1] "Processing draws 9101 to 9200"
[1] "Chunk time = 2.03675976991653"
[1] "Processing draws 9201 to 9300"
[1] "Chunk time = 1.96245808998744"
[1] "Processing draws 9301 to 9400"
[1] "Chunk time = 2.18924489418666"
[1] "Processing draws 9401 to 9500"
[1] "Chunk time = 1.97668596108754"
[1] "Processing draws 9501 to 9600"
[1] "Chunk time = 2.03518328666687"
[1] "Processing draws 9601 to 9700"
[1] "Chunk time = 2.1712340315183"
[1] "Processing draws 9701 to 9800"
[1] "Chunk time = 2.01255288918813"
[1] "Processing draws 9801 to 9900"
[1] "Chunk time = 2.01852387984594"
[1] "Processing draws 9901 to 10000"
[1] "Chunk time = 2.18765947818756"
[1] "Processing draws 10001 to 10100"
[1] "Chunk time = 1.93111881812414"
[1] "Processing draws 10101 to 10200"
[1] "Chunk time = 2.0149138490359"
[1] "Processing draws 10201 to 10300"
[1] "Chunk time = 2.15994740724564"
[1] "Processing draws 10301 to 10400"
[1] "Chunk time = 2.05666811863581"
[1] "Processing draws 10401 to 10500"
[1] "Chunk time = 2.00976803302765"
[1] "Processing draws 10501 to 10600"
[1] "Chunk time = 2.12451023658117"
[1] "Processing draws 10601 to 10700"
[1] "Chunk time = 1.97342309554418"
[1] "Processing draws 10701 to 10800"
[1] "Chunk time = 2.03581266005834"
[1] "Processing draws 10801 to 10900"
[1] "Chunk time = 2.10830555359522"
[1] "Processing draws 10901 to 11000"
[1] "Chunk time = 2.06043480237325"
[1] "Processing draws 11001 to 11100"
[1] "Chunk time = 2.06713956991831"
[1] "Processing draws 11101 to 11200"
[1] "Chunk time = 2.17608812650045"
[1] "Processing draws 11201 to 11300"
[1] "Chunk time = 1.93928774197896"
[1] "Processing draws 11301 to 11400"
[1] "Chunk time = 2.01592349211375"
[1] "Processing draws 11401 to 11500"
[1] "Chunk time = 2.15997505187988"
[1] "Processing draws 11501 to 11600"
[1] "Chunk time = 2.059175268809"
[1] "Processing draws 11601 to 11700"
[1] "Chunk time = 1.98034251530965"
[1] "Processing draws 11701 to 11800"
[1] "Chunk time = 2.12669689655304"
[1] "Processing draws 11801 to 11900"
[1] "Chunk time = 2.03792561690013"
[1] "Processing draws 11901 to 12000"
[1] "Chunk time = 2.01507838567098"
[1] "Processing draws 12001 to 12100"
[1] "Chunk time = 2.1012556552887"
[1] "Processing draws 12101 to 12200"
[1] "Chunk time = 2.02091975609461"
[1] "Processing draws 12201 to 12300"
[1] "Chunk time = 2.00696177879969"
[1] "Processing draws 12301 to 12400"
[1] "Chunk time = 2.12829736073812"
[1] "Processing draws 12401 to 12500"
[1] "Chunk time = 2.05024167696635"
[1] "Processing draws 12501 to 12600"
[1] "Chunk time = 2.01265007654826"
[1] "Processing draws 12601 to 12700"
[1] "Chunk time = 2.07354017893473"
[1] "Processing draws 12701 to 12800"
[1] "Chunk time = 2.04458210070928"
[1] "Processing draws 12801 to 12900"
[1] "Chunk time = 1.96313043832779"
[1] "Processing draws 12901 to 13000"
[1] "Chunk time = 2.01840867598852"
[1] "Processing draws 13001 to 13100"
[1] "Chunk time = 2.05717715024948"
[1] "Processing draws 13101 to 13200"
[1] "Chunk time = 2.07378192742666"
[1] "Processing draws 13201 to 13300"
[1] "Chunk time = 2.18111587762833"
[1] "Processing draws 13301 to 13400"
[1] "Chunk time = 1.95264508724213"
[1] "Processing draws 13401 to 13500"
[1] "Chunk time = 1.94641373157501"
[1] "Processing draws 13501 to 13600"
[1] "Chunk time = 2.14217607180277"
[1] "Processing draws 13601 to 13700"
[1] "Chunk time = 2.01850289901098"
[1] "Processing draws 13701 to 13800"
[1] "Chunk time = 1.99028420050939"
[1] "Processing draws 13801 to 13900"
[1] "Chunk time = 2.19936163425446"
[1] "Processing draws 13901 to 14000"
[1] "Chunk time = 2.00347667535146"
[1] "Processing draws 14001 to 14100"
[1] "Chunk time = 1.92713751395543"
[1] "Processing draws 14101 to 14200"
[1] "Chunk time = 2.12632101774216"
[1] "Processing draws 14201 to 14300"
[1] "Chunk time = 1.97684927384059"
[1] "Processing draws 14301 to 14400"
[1] "Chunk time = 1.96256330808004"
[1] "Processing draws 14401 to 14500"
[1] "Chunk time = 2.11237325668335"
[1] "Processing draws 14501 to 14600"
[1] "Chunk time = 2.06079050302505"
[1] "Processing draws 14601 to 14700"
[1] "Chunk time = 1.96407293876012"
[1] "Processing draws 14701 to 14800"
[1] "Chunk time = 2.08762683471044"
[1] "Processing draws 14801 to 14900"
[1] "Chunk time = 1.94305934508642"
[1] "Processing draws 14901 to 15000"
[1] "Chunk time = 1.94420011043549"
[1] "Processing draws 15001 to 15100"
[1] "Chunk time = 2.09267882903417"
[1] "Processing draws 15101 to 15200"
[1] "Chunk time = 2.07520555257797"
[1] "Processing draws 15201 to 15300"
[1] "Chunk time = 2.02838624318441"
[1] "Processing draws 15301 to 15400"
[1] "Chunk time = 2.16846956809362"
[1] "Processing draws 15401 to 15500"
[1] "Chunk time = 1.98400700092316"
[1] "Processing draws 15501 to 15600"
[1] "Chunk time = 1.97275464932124"
[1] "Processing draws 15601 to 15700"
[1] "Chunk time = 2.11005367437998"
[1] "Processing draws 15701 to 15800"
[1] "Chunk time = 1.99480102062225"
[1] "Processing draws 15801 to 15900"
[1] "Chunk time = 1.97722902297974"
[1] "Processing draws 15901 to 16000"
[1] "Chunk time = 2.07744233608246"
[1] "Processing draws 16001 to 16100"
[1] "Chunk time = 1.95926688512166"
[1] "Processing draws 16101 to 16200"
[1] "Chunk time = 1.96756820678711"
[1] "Processing draws 16201 to 16300"
[1] "Chunk time = 2.07203531662623"
[1] "Processing draws 16301 to 16400"
[1] "Chunk time = 2.00296833117803"
[1] "Processing draws 16401 to 16500"
[1] "Chunk time = 2.05213607549667"
[1] "Processing draws 16501 to 16600"
[1] "Chunk time = 2.0757808804512"
[1] "Processing draws 16601 to 16700"
[1] "Chunk time = 2.04437304337819"
[1] "Processing draws 16701 to 16800"
[1] "Chunk time = 2.00722976525625"
[1] "Processing draws 16801 to 16900"
[1] "Chunk time = 2.08465394576391"
[1] "Processing draws 16901 to 17000"
[1] "Chunk time = 2.00326391061147"
[1] "Processing draws 17001 to 17100"
[1] "Chunk time = 1.97401951154073"
[1] "Processing draws 17101 to 17200"
[1] "Chunk time = 2.13049727280935"
[1] "Processing draws 17201 to 17300"
[1] "Chunk time = 1.97262972990672"
[1] "Processing draws 17301 to 17400"
[1] "Chunk time = 1.98716824849447"
[1] "Processing draws 17401 to 17500"
[1] "Chunk time = 2.12396878798803"
[1] "Processing draws 17501 to 17600"
[1] "Chunk time = 2.04248965183894"
[1] "Processing draws 17601 to 17700"
[1] "Chunk time = 1.89308288494746"
[1] "Processing draws 17701 to 17800"
[1] "Chunk time = 2.1861340602239"
[1] "Processing draws 17801 to 17900"
[1] "Chunk time = 2.06747227907181"
[1] "Processing draws 17901 to 18000"
[1] "Chunk time = 2.04619282484055"
[1] "Processing draws 18001 to 18100"
[1] "Chunk time = 2.16273680925369"
[1] "Processing draws 18101 to 18200"
[1] "Chunk time = 1.97317544221878"
[1] "Processing draws 18201 to 18300"
[1] "Chunk time = 1.9408608396848"
[1] "Processing draws 18301 to 18400"
[1] "Chunk time = 2.15933111508687"
[1] "Processing draws 18401 to 18500"
[1] "Chunk time = 2.04391678571701"
[1] "Processing draws 18501 to 18600"
[1] "Chunk time = 1.96126691500346"
[1] "Processing draws 18601 to 18700"
[1] "Chunk time = 2.07828663984934"
[1] "Processing draws 18701 to 18800"
[1] "Chunk time = 2.04795068105062"
[1] "Processing draws 18801 to 18900"
[1] "Chunk time = 1.96509784857432"
[1] "Processing draws 18901 to 19000"
[1] "Chunk time = 2.15149028698603"
[1] "Processing draws 19001 to 19100"
[1] "Chunk time = 1.97835121552149"
[1] "Processing draws 19101 to 19200"
[1] "Chunk time = 1.95625142653783"
[1] "Processing draws 19201 to 19300"
[1] "Chunk time = 2.09746333758036"
[1] "Processing draws 19301 to 19400"
[1] "Chunk time = 1.98582731882731"
[1] "Processing draws 19401 to 19500"
[1] "Chunk time = 1.99763371944427"
[1] "Processing draws 19501 to 19600"
[1] "Chunk time = 2.13228993813197"
[1] "Processing draws 19601 to 19700"
[1] "Chunk time = 1.9900997598966"
[1] "Processing draws 19701 to 19800"
[1] "Chunk time = 1.94442385832469"
[1] "Processing draws 19801 to 19900"
[1] "Chunk time = 2.07230035066605"
[1] "Processing draws 19901 to 20000"
[1] "Chunk time = 1.95996859868368"
[1] "done lapplying"
[1] "Saving current params"
[1] "Saving params to output.rds"
[1] TRUE
[1] "Time for modelling:"
[1] "2025-06-30 19:25:32 EDT"
[1] "Time for posterior computations:"
Time difference of 6.871995 hours
[1] "Total time:"
[1] "2025-07-01 02:17:51 EDT"
