[1] "Starting sampling."
Running MCMC with 4 parallel chains, with 4 thread(s) per chain...

Chain 1 Iteration:    1 / 6000 [  0%]  (Warmup) 
Chain 2 Iteration:    1 / 6000 [  0%]  (Warmup) 
Chain 3 Iteration:    1 / 6000 [  0%]  (Warmup) 
Chain 4 Iteration:    1 / 6000 [  0%]  (Warmup) 
Chain 4 Iteration:  100 / 6000 [  1%]  (Warmup) 
Chain 3 Iteration:  100 / 6000 [  1%]  (Warmup) 
Chain 2 Iteration:  100 / 6000 [  1%]  (Warmup) 
Chain 1 Iteration:  100 / 6000 [  1%]  (Warmup) 
Chain 3 Iteration:  200 / 6000 [  3%]  (Warmup) 
Chain 4 Iteration:  200 / 6000 [  3%]  (Warmup) 
Chain 1 Iteration:  200 / 6000 [  3%]  (Warmup) 
Chain 2 Iteration:  200 / 6000 [  3%]  (Warmup) 
Chain 3 Iteration:  300 / 6000 [  5%]  (Warmup) 
Chain 1 Iteration:  300 / 6000 [  5%]  (Warmup) 
Chain 4 Iteration:  300 / 6000 [  5%]  (Warmup) 
Chain 2 Iteration:  300 / 6000 [  5%]  (Warmup) 
Chain 3 Iteration:  400 / 6000 [  6%]  (Warmup) 
Chain 1 Iteration:  400 / 6000 [  6%]  (Warmup) 
Chain 2 Iteration:  400 / 6000 [  6%]  (Warmup) 
Chain 3 Iteration:  500 / 6000 [  8%]  (Warmup) 
Chain 4 Iteration:  400 / 6000 [  6%]  (Warmup) 
Chain 2 Iteration:  500 / 6000 [  8%]  (Warmup) 
Chain 1 Iteration:  500 / 6000 [  8%]  (Warmup) 
Chain 3 Iteration:  600 / 6000 [ 10%]  (Warmup) 
Chain 2 Iteration:  600 / 6000 [ 10%]  (Warmup) 
Chain 1 Iteration:  600 / 6000 [ 10%]  (Warmup) 
Chain 4 Iteration:  500 / 6000 [  8%]  (Warmup) 
Chain 3 Iteration:  700 / 6000 [ 11%]  (Warmup) 
Chain 1 Iteration:  700 / 6000 [ 11%]  (Warmup) 
Chain 2 Iteration:  700 / 6000 [ 11%]  (Warmup) 
Chain 4 Iteration:  600 / 6000 [ 10%]  (Warmup) 
Chain 3 Iteration:  800 / 6000 [ 13%]  (Warmup) 
Chain 1 Iteration:  800 / 6000 [ 13%]  (Warmup) 
Chain 2 Iteration:  800 / 6000 [ 13%]  (Warmup) 
Chain 3 Iteration:  900 / 6000 [ 15%]  (Warmup) 
Chain 2 Iteration:  900 / 6000 [ 15%]  (Warmup) 
Chain 4 Iteration:  700 / 6000 [ 11%]  (Warmup) 
Chain 1 Iteration:  900 / 6000 [ 15%]  (Warmup) 
Chain 4 Iteration:  800 / 6000 [ 13%]  (Warmup) 
Chain 3 Iteration: 1000 / 6000 [ 16%]  (Warmup) 
Chain 3 Iteration: 1001 / 6000 [ 16%]  (Sampling) 
Chain 2 Iteration: 1000 / 6000 [ 16%]  (Warmup) 
Chain 2 Iteration: 1001 / 6000 [ 16%]  (Sampling) 
Chain 1 Iteration: 1000 / 6000 [ 16%]  (Warmup) 
Chain 1 Iteration: 1001 / 6000 [ 16%]  (Sampling) 
Chain 4 Iteration:  900 / 6000 [ 15%]  (Warmup) 
Chain 3 Iteration: 1100 / 6000 [ 18%]  (Sampling) 
Chain 2 Iteration: 1100 / 6000 [ 18%]  (Sampling) 
Chain 1 Iteration: 1100 / 6000 [ 18%]  (Sampling) 
Chain 4 Iteration: 1000 / 6000 [ 16%]  (Warmup) 
Chain 4 Iteration: 1001 / 6000 [ 16%]  (Sampling) 
Chain 3 Iteration: 1200 / 6000 [ 20%]  (Sampling) 
Chain 2 Iteration: 1200 / 6000 [ 20%]  (Sampling) 
Chain 1 Iteration: 1200 / 6000 [ 20%]  (Sampling) 
Chain 4 Iteration: 1100 / 6000 [ 18%]  (Sampling) 
Chain 3 Iteration: 1300 / 6000 [ 21%]  (Sampling) 
Chain 2 Iteration: 1300 / 6000 [ 21%]  (Sampling) 
Chain 1 Iteration: 1300 / 6000 [ 21%]  (Sampling) 
Chain 4 Iteration: 1200 / 6000 [ 20%]  (Sampling) 
Chain 3 Iteration: 1400 / 6000 [ 23%]  (Sampling) 
Chain 2 Iteration: 1400 / 6000 [ 23%]  (Sampling) 
Chain 1 Iteration: 1400 / 6000 [ 23%]  (Sampling) 
Chain 4 Iteration: 1300 / 6000 [ 21%]  (Sampling) 
Chain 3 Iteration: 1500 / 6000 [ 25%]  (Sampling) 
Chain 2 Iteration: 1500 / 6000 [ 25%]  (Sampling) 
Chain 1 Iteration: 1500 / 6000 [ 25%]  (Sampling) 
Chain 4 Iteration: 1400 / 6000 [ 23%]  (Sampling) 
Chain 3 Iteration: 1600 / 6000 [ 26%]  (Sampling) 
Chain 2 Iteration: 1600 / 6000 [ 26%]  (Sampling) 
Chain 1 Iteration: 1600 / 6000 [ 26%]  (Sampling) 
Chain 4 Iteration: 1500 / 6000 [ 25%]  (Sampling) 
Chain 3 Iteration: 1700 / 6000 [ 28%]  (Sampling) 
Chain 2 Iteration: 1700 / 6000 [ 28%]  (Sampling) 
Chain 1 Iteration: 1700 / 6000 [ 28%]  (Sampling) 
Chain 4 Iteration: 1600 / 6000 [ 26%]  (Sampling) 
Chain 3 Iteration: 1800 / 6000 [ 30%]  (Sampling) 
Chain 2 Iteration: 1800 / 6000 [ 30%]  (Sampling) 
Chain 1 Iteration: 1800 / 6000 [ 30%]  (Sampling) 
Chain 4 Iteration: 1700 / 6000 [ 28%]  (Sampling) 
Chain 3 Iteration: 1900 / 6000 [ 31%]  (Sampling) 
Chain 2 Iteration: 1900 / 6000 [ 31%]  (Sampling) 
Chain 1 Iteration: 1900 / 6000 [ 31%]  (Sampling) 
Chain 4 Iteration: 1800 / 6000 [ 30%]  (Sampling) 
Chain 3 Iteration: 2000 / 6000 [ 33%]  (Sampling) 
Chain 2 Iteration: 2000 / 6000 [ 33%]  (Sampling) 
Chain 1 Iteration: 2000 / 6000 [ 33%]  (Sampling) 
Chain 4 Iteration: 1900 / 6000 [ 31%]  (Sampling) 
Chain 3 Iteration: 2100 / 6000 [ 35%]  (Sampling) 
Chain 2 Iteration: 2100 / 6000 [ 35%]  (Sampling) 
Chain 1 Iteration: 2100 / 6000 [ 35%]  (Sampling) 
Chain 4 Iteration: 2000 / 6000 [ 33%]  (Sampling) 
Chain 3 Iteration: 2200 / 6000 [ 36%]  (Sampling) 
Chain 2 Iteration: 2200 / 6000 [ 36%]  (Sampling) 
Chain 1 Iteration: 2200 / 6000 [ 36%]  (Sampling) 
Chain 4 Iteration: 2100 / 6000 [ 35%]  (Sampling) 
Chain 3 Iteration: 2300 / 6000 [ 38%]  (Sampling) 
Chain 2 Iteration: 2300 / 6000 [ 38%]  (Sampling) 
Chain 1 Iteration: 2300 / 6000 [ 38%]  (Sampling) 
Chain 4 Iteration: 2200 / 6000 [ 36%]  (Sampling) 
Chain 3 Iteration: 2400 / 6000 [ 40%]  (Sampling) 
Chain 2 Iteration: 2400 / 6000 [ 40%]  (Sampling) 
Chain 1 Iteration: 2400 / 6000 [ 40%]  (Sampling) 
Chain 4 Iteration: 2300 / 6000 [ 38%]  (Sampling) 
Chain 3 Iteration: 2500 / 6000 [ 41%]  (Sampling) 
Chain 2 Iteration: 2500 / 6000 [ 41%]  (Sampling) 
Chain 1 Iteration: 2500 / 6000 [ 41%]  (Sampling) 
Chain 4 Iteration: 2400 / 6000 [ 40%]  (Sampling) 
Chain 3 Iteration: 2600 / 6000 [ 43%]  (Sampling) 
Chain 2 Iteration: 2600 / 6000 [ 43%]  (Sampling) 
Chain 1 Iteration: 2600 / 6000 [ 43%]  (Sampling) 
Chain 4 Iteration: 2500 / 6000 [ 41%]  (Sampling) 
Chain 3 Iteration: 2700 / 6000 [ 45%]  (Sampling) 
Chain 2 Iteration: 2700 / 6000 [ 45%]  (Sampling) 
Chain 1 Iteration: 2700 / 6000 [ 45%]  (Sampling) 
Chain 4 Iteration: 2600 / 6000 [ 43%]  (Sampling) 
Chain 3 Iteration: 2800 / 6000 [ 46%]  (Sampling) 
Chain 2 Iteration: 2800 / 6000 [ 46%]  (Sampling) 
Chain 1 Iteration: 2800 / 6000 [ 46%]  (Sampling) 
Chain 4 Iteration: 2700 / 6000 [ 45%]  (Sampling) 
Chain 3 Iteration: 2900 / 6000 [ 48%]  (Sampling) 
Chain 2 Iteration: 2900 / 6000 [ 48%]  (Sampling) 
Chain 1 Iteration: 2900 / 6000 [ 48%]  (Sampling) 
Chain 4 Iteration: 2800 / 6000 [ 46%]  (Sampling) 
Chain 3 Iteration: 3000 / 6000 [ 50%]  (Sampling) 
Chain 2 Iteration: 3000 / 6000 [ 50%]  (Sampling) 
Chain 1 Iteration: 3000 / 6000 [ 50%]  (Sampling) 
Chain 4 Iteration: 2900 / 6000 [ 48%]  (Sampling) 
Chain 3 Iteration: 3100 / 6000 [ 51%]  (Sampling) 
Chain 2 Iteration: 3100 / 6000 [ 51%]  (Sampling) 
Chain 1 Iteration: 3100 / 6000 [ 51%]  (Sampling) 
Chain 4 Iteration: 3000 / 6000 [ 50%]  (Sampling) 
Chain 3 Iteration: 3200 / 6000 [ 53%]  (Sampling) 
Chain 2 Iteration: 3200 / 6000 [ 53%]  (Sampling) 
Chain 1 Iteration: 3200 / 6000 [ 53%]  (Sampling) 
Chain 4 Iteration: 3100 / 6000 [ 51%]  (Sampling) 
Chain 3 Iteration: 3300 / 6000 [ 55%]  (Sampling) 
Chain 2 Iteration: 3300 / 6000 [ 55%]  (Sampling) 
Chain 1 Iteration: 3300 / 6000 [ 55%]  (Sampling) 
Chain 4 Iteration: 3200 / 6000 [ 53%]  (Sampling) 
Chain 3 Iteration: 3400 / 6000 [ 56%]  (Sampling) 
Chain 2 Iteration: 3400 / 6000 [ 56%]  (Sampling) 
Chain 1 Iteration: 3400 / 6000 [ 56%]  (Sampling) 
Chain 4 Iteration: 3300 / 6000 [ 55%]  (Sampling) 
Chain 3 Iteration: 3500 / 6000 [ 58%]  (Sampling) 
Chain 2 Iteration: 3500 / 6000 [ 58%]  (Sampling) 
Chain 1 Iteration: 3500 / 6000 [ 58%]  (Sampling) 
Chain 4 Iteration: 3400 / 6000 [ 56%]  (Sampling) 
Chain 3 Iteration: 3600 / 6000 [ 60%]  (Sampling) 
Chain 2 Iteration: 3600 / 6000 [ 60%]  (Sampling) 
Chain 1 Iteration: 3600 / 6000 [ 60%]  (Sampling) 
Chain 4 Iteration: 3500 / 6000 [ 58%]  (Sampling) 
Chain 3 Iteration: 3700 / 6000 [ 61%]  (Sampling) 
Chain 2 Iteration: 3700 / 6000 [ 61%]  (Sampling) 
Chain 1 Iteration: 3700 / 6000 [ 61%]  (Sampling) 
Chain 4 Iteration: 3600 / 6000 [ 60%]  (Sampling) 
Chain 3 Iteration: 3800 / 6000 [ 63%]  (Sampling) 
Chain 2 Iteration: 3800 / 6000 [ 63%]  (Sampling) 
Chain 1 Iteration: 3800 / 6000 [ 63%]  (Sampling) 
Chain 4 Iteration: 3700 / 6000 [ 61%]  (Sampling) 
Chain 2 Iteration: 3900 / 6000 [ 65%]  (Sampling) 
Chain 3 Iteration: 3900 / 6000 [ 65%]  (Sampling) 
Chain 1 Iteration: 3900 / 6000 [ 65%]  (Sampling) 
Chain 4 Iteration: 3800 / 6000 [ 63%]  (Sampling) 
Chain 3 Iteration: 4000 / 6000 [ 66%]  (Sampling) 
Chain 2 Iteration: 4000 / 6000 [ 66%]  (Sampling) 
Chain 1 Iteration: 4000 / 6000 [ 66%]  (Sampling) 
Chain 4 Iteration: 3900 / 6000 [ 65%]  (Sampling) 
Chain 3 Iteration: 4100 / 6000 [ 68%]  (Sampling) 
Chain 2 Iteration: 4100 / 6000 [ 68%]  (Sampling) 
Chain 1 Iteration: 4100 / 6000 [ 68%]  (Sampling) 
Chain 4 Iteration: 4000 / 6000 [ 66%]  (Sampling) 
Chain 3 Iteration: 4200 / 6000 [ 70%]  (Sampling) 
Chain 2 Iteration: 4200 / 6000 [ 70%]  (Sampling) 
Chain 1 Iteration: 4200 / 6000 [ 70%]  (Sampling) 
Chain 4 Iteration: 4100 / 6000 [ 68%]  (Sampling) 
Chain 3 Iteration: 4300 / 6000 [ 71%]  (Sampling) 
Chain 2 Iteration: 4300 / 6000 [ 71%]  (Sampling) 
Chain 4 Iteration: 4200 / 6000 [ 70%]  (Sampling) 
Chain 1 Iteration: 4300 / 6000 [ 71%]  (Sampling) 
Chain 3 Iteration: 4400 / 6000 [ 73%]  (Sampling) 
Chain 2 Iteration: 4400 / 6000 [ 73%]  (Sampling) 
Chain 4 Iteration: 4300 / 6000 [ 71%]  (Sampling) 
Chain 1 Iteration: 4400 / 6000 [ 73%]  (Sampling) 
Chain 3 Iteration: 4500 / 6000 [ 75%]  (Sampling) 
Chain 2 Iteration: 4500 / 6000 [ 75%]  (Sampling) 
Chain 4 Iteration: 4400 / 6000 [ 73%]  (Sampling) 
Chain 1 Iteration: 4500 / 6000 [ 75%]  (Sampling) 
Chain 3 Iteration: 4600 / 6000 [ 76%]  (Sampling) 
Chain 2 Iteration: 4600 / 6000 [ 76%]  (Sampling) 
Chain 4 Iteration: 4500 / 6000 [ 75%]  (Sampling) 
Chain 1 Iteration: 4600 / 6000 [ 76%]  (Sampling) 
Chain 3 Iteration: 4700 / 6000 [ 78%]  (Sampling) 
Chain 2 Iteration: 4700 / 6000 [ 78%]  (Sampling) 
Chain 4 Iteration: 4600 / 6000 [ 76%]  (Sampling) 
Chain 1 Iteration: 4700 / 6000 [ 78%]  (Sampling) 
Chain 3 Iteration: 4800 / 6000 [ 80%]  (Sampling) 
Chain 2 Iteration: 4800 / 6000 [ 80%]  (Sampling) 
Chain 4 Iteration: 4700 / 6000 [ 78%]  (Sampling) 
Chain 1 Iteration: 4800 / 6000 [ 80%]  (Sampling) 
Chain 3 Iteration: 4900 / 6000 [ 81%]  (Sampling) 
Chain 2 Iteration: 4900 / 6000 [ 81%]  (Sampling) 
Chain 4 Iteration: 4800 / 6000 [ 80%]  (Sampling) 
Chain 1 Iteration: 4900 / 6000 [ 81%]  (Sampling) 
Chain 3 Iteration: 5000 / 6000 [ 83%]  (Sampling) 
Chain 2 Iteration: 5000 / 6000 [ 83%]  (Sampling) 
Chain 4 Iteration: 4900 / 6000 [ 81%]  (Sampling) 
Chain 1 Iteration: 5000 / 6000 [ 83%]  (Sampling) 
Chain 3 Iteration: 5100 / 6000 [ 85%]  (Sampling) 
Chain 2 Iteration: 5100 / 6000 [ 85%]  (Sampling) 
Chain 4 Iteration: 5000 / 6000 [ 83%]  (Sampling) 
Chain 1 Iteration: 5100 / 6000 [ 85%]  (Sampling) 
Chain 3 Iteration: 5200 / 6000 [ 86%]  (Sampling) 
Chain 2 Iteration: 5200 / 6000 [ 86%]  (Sampling) 
Chain 4 Iteration: 5100 / 6000 [ 85%]  (Sampling) 
Chain 1 Iteration: 5200 / 6000 [ 86%]  (Sampling) 
Chain 3 Iteration: 5300 / 6000 [ 88%]  (Sampling) 
Chain 2 Iteration: 5300 / 6000 [ 88%]  (Sampling) 
Chain 4 Iteration: 5200 / 6000 [ 86%]  (Sampling) 
Chain 1 Iteration: 5300 / 6000 [ 88%]  (Sampling) 
Chain 3 Iteration: 5400 / 6000 [ 90%]  (Sampling) 
Chain 2 Iteration: 5400 / 6000 [ 90%]  (Sampling) 
Chain 4 Iteration: 5300 / 6000 [ 88%]  (Sampling) 
Chain 1 Iteration: 5400 / 6000 [ 90%]  (Sampling) 
Chain 3 Iteration: 5500 / 6000 [ 91%]  (Sampling) 
Chain 2 Iteration: 5500 / 6000 [ 91%]  (Sampling) 
Chain 4 Iteration: 5400 / 6000 [ 90%]  (Sampling) 
Chain 1 Iteration: 5500 / 6000 [ 91%]  (Sampling) 
Chain 3 Iteration: 5600 / 6000 [ 93%]  (Sampling) 
Chain 2 Iteration: 5600 / 6000 [ 93%]  (Sampling) 
Chain 4 Iteration: 5500 / 6000 [ 91%]  (Sampling) 
Chain 1 Iteration: 5600 / 6000 [ 93%]  (Sampling) 
Chain 3 Iteration: 5700 / 6000 [ 95%]  (Sampling) 
Chain 4 Iteration: 5600 / 6000 [ 93%]  (Sampling) 
Chain 2 Iteration: 5700 / 6000 [ 95%]  (Sampling) 
Chain 1 Iteration: 5700 / 6000 [ 95%]  (Sampling) 
Chain 4 Iteration: 5700 / 6000 [ 95%]  (Sampling) 
Chain 3 Iteration: 5800 / 6000 [ 96%]  (Sampling) 
Chain 2 Iteration: 5800 / 6000 [ 96%]  (Sampling) 
Chain 1 Iteration: 5800 / 6000 [ 96%]  (Sampling) 
Chain 4 Iteration: 5800 / 6000 [ 96%]  (Sampling) 
Chain 3 Iteration: 5900 / 6000 [ 98%]  (Sampling) 
Chain 2 Iteration: 5900 / 6000 [ 98%]  (Sampling) 
Chain 1 Iteration: 5900 / 6000 [ 98%]  (Sampling) 
Chain 4 Iteration: 5900 / 6000 [ 98%]  (Sampling) 
Chain 3 Iteration: 6000 / 6000 [100%]  (Sampling) 
Chain 3 finished in 5308.6 seconds.
Chain 2 Iteration: 6000 / 6000 [100%]  (Sampling) 
Chain 2 finished in 5310.3 seconds.
Chain 1 Iteration: 6000 / 6000 [100%]  (Sampling) 
Chain 1 finished in 5323.0 seconds.
Chain 4 Iteration: 6000 / 6000 [100%]  (Sampling) 
Chain 4 finished in 5377.5 seconds.

All 4 chains finished successfully.
Mean chain execution time: 5329.8 seconds.
Total execution time: 5377.8 seconds.

[1] "Processing draws 1 to 100"
[1] "Chunk time = 49.0618438720703"
[1] "Processing draws 101 to 200"
[1] "Chunk time = 15.889655828476"
[1] "Processing draws 201 to 300"
[1] "Chunk time = 15.0988638401031"
[1] "Processing draws 301 to 400"
[1] "Chunk time = 15.5809767246246"
[1] "Processing draws 401 to 500"
[1] "Chunk time = 15.1629891395569"
[1] "Processing draws 501 to 600"
[1] "Chunk time = 15.8826847076416"
[1] "Processing draws 601 to 700"
[1] "Chunk time = 15.1568810939789"
[1] "Processing draws 701 to 800"
[1] "Chunk time = 15.2920563220978"
[1] "Processing draws 801 to 900"
[1] "Chunk time = 15.3110146522522"
[1] "Processing draws 901 to 1000"
[1] "Chunk time = 15.9052166938782"
[1] "Processing draws 1001 to 1100"
[1] "Chunk time = 15.2211768627167"
[1] "Processing draws 1101 to 1200"
[1] "Chunk time = 15.6134071350098"
[1] "Processing draws 1201 to 1300"
[1] "Chunk time = 15.38338971138"
[1] "Processing draws 1301 to 1400"
[1] "Chunk time = 15.2068631649017"
[1] "Processing draws 1401 to 1500"
[1] "Chunk time = 15.4566912651062"
[1] "Processing draws 1501 to 1600"
[1] "Chunk time = 15.0855829715729"
[1] "Processing draws 1601 to 1700"
[1] "Chunk time = 15.0830364227295"
[1] "Processing draws 1701 to 1800"
[1] "Chunk time = 15.0602350234985"
[1] "Processing draws 1801 to 1900"
[1] "Chunk time = 15.1627643108368"
[1] "Processing draws 1901 to 2000"
[1] "Chunk time = 15.0054774284363"
[1] "Processing draws 2001 to 2100"
[1] "Chunk time = 15.2921724319458"
[1] "Processing draws 2101 to 2200"
[1] "Chunk time = 15.1398756504059"
[1] "Processing draws 2201 to 2300"
[1] "Chunk time = 15.234423160553"
[1] "Processing draws 2301 to 2400"
[1] "Chunk time = 15.2480232715607"
[1] "Processing draws 2401 to 2500"
[1] "Chunk time = 15.4241805076599"
[1] "Processing draws 2501 to 2600"
[1] "Chunk time = 15.1505391597748"
[1] "Processing draws 2601 to 2700"
[1] "Chunk time = 15.4315099716187"
[1] "Processing draws 2701 to 2800"
[1] "Chunk time = 15.2757699489594"
[1] "Processing draws 2801 to 2900"
[1] "Chunk time = 15.4179427623749"
[1] "Processing draws 2901 to 3000"
[1] "Chunk time = 15.1853172779083"
[1] "Processing draws 3001 to 3100"
[1] "Chunk time = 15.5068707466125"
[1] "Processing draws 3101 to 3200"
[1] "Chunk time = 15.3288168907166"
[1] "Processing draws 3201 to 3300"
[1] "Chunk time = 15.1663594245911"
[1] "Processing draws 3301 to 3400"
[1] "Chunk time = 15.4176454544067"
[1] "Processing draws 3401 to 3500"
[1] "Chunk time = 15.1034264564514"
[1] "Processing draws 3501 to 3600"
[1] "Chunk time = 15.5490019321442"
[1] "Processing draws 3601 to 3700"
[1] "Chunk time = 15.0885663032532"
[1] "Processing draws 3701 to 3800"
[1] "Chunk time = 15.2685396671295"
[1] "Processing draws 3801 to 3900"
[1] "Chunk time = 15.3689656257629"
[1] "Processing draws 3901 to 4000"
[1] "Chunk time = 15.3038067817688"
[1] "Processing draws 4001 to 4100"
[1] "Chunk time = 15.1774210929871"
[1] "Processing draws 4101 to 4200"
[1] "Chunk time = 15.512770652771"
[1] "Processing draws 4201 to 4300"
[1] "Chunk time = 15.2247104644775"
[1] "Processing draws 4301 to 4400"
[1] "Chunk time = 15.3432648181915"
[1] "Processing draws 4401 to 4500"
[1] "Chunk time = 14.9613826274872"
[1] "Processing draws 4501 to 4600"
[1] "Chunk time = 15.3396368026733"
[1] "Processing draws 4601 to 4700"
[1] "Chunk time = 15.317866563797"
[1] "Processing draws 4701 to 4800"
[1] "Chunk time = 15.4241144657135"
[1] "Processing draws 4801 to 4900"
[1] "Chunk time = 15.362108707428"
[1] "Processing draws 4901 to 5000"
[1] "Chunk time = 15.3631389141083"
[1] "Processing draws 5001 to 5100"
[1] "Chunk time = 15.2707412242889"
[1] "Processing draws 5101 to 5200"
[1] "Chunk time = 15.3293840885162"
[1] "Processing draws 5201 to 5300"
[1] "Chunk time = 15.2818632125854"
[1] "Processing draws 5301 to 5400"
[1] "Chunk time = 15.2163374423981"
[1] "Processing draws 5401 to 5500"
[1] "Chunk time = 15.5160317420959"
[1] "Processing draws 5501 to 5600"
[1] "Chunk time = 15.1395938396454"
[1] "Processing draws 5601 to 5700"
[1] "Chunk time = 15.4643104076385"
[1] "Processing draws 5701 to 5800"
[1] "Chunk time = 15.3277997970581"
[1] "Processing draws 5801 to 5900"
[1] "Chunk time = 15.2391788959503"
[1] "Processing draws 5901 to 6000"
[1] "Chunk time = 15.2915542125702"
[1] "Processing draws 6001 to 6100"
[1] "Chunk time = 15.6373763084412"
[1] "Processing draws 6101 to 6200"
[1] "Chunk time = 15.209114074707"
[1] "Processing draws 6201 to 6300"
[1] "Chunk time = 15.4502243995667"
[1] "Processing draws 6301 to 6400"
[1] "Chunk time = 15.2596485614777"
[1] "Processing draws 6401 to 6500"
[1] "Chunk time = 15.215653181076"
[1] "Processing draws 6501 to 6600"
[1] "Chunk time = 15.240740776062"
[1] "Processing draws 6601 to 6700"
[1] "Chunk time = 15.3020215034485"
[1] "Processing draws 6701 to 6800"
[1] "Chunk time = 15.3083443641663"
[1] "Processing draws 6801 to 6900"
[1] "Chunk time = 15.0938649177551"
[1] "Processing draws 6901 to 7000"
[1] "Chunk time = 15.4613995552063"
[1] "Processing draws 7001 to 7100"
[1] "Chunk time = 15.0826983451843"
[1] "Processing draws 7101 to 7200"
[1] "Chunk time = 15.4558498859406"
[1] "Processing draws 7201 to 7300"
[1] "Chunk time = 15.0516028404236"
[1] "Processing draws 7301 to 7400"
[1] "Chunk time = 15.2917475700378"
[1] "Processing draws 7401 to 7500"
[1] "Chunk time = 15.3714771270752"
[1] "Processing draws 7501 to 7600"
[1] "Chunk time = 15.446888923645"
[1] "Processing draws 7601 to 7700"
[1] "Chunk time = 15.1783595085144"
[1] "Processing draws 7701 to 7800"
[1] "Chunk time = 15.6848826408386"
[1] "Processing draws 7801 to 7900"
[1] "Chunk time = 15.2486562728882"
[1] "Processing draws 7901 to 8000"
[1] "Chunk time = 15.67924451828"
[1] "Processing draws 8001 to 8100"
[1] "Chunk time = 15.6739017963409"
[1] "Processing draws 8101 to 8200"
[1] "Chunk time = 15.2693572044373"
[1] "Processing draws 8201 to 8300"
[1] "Chunk time = 15.2051997184753"
[1] "Processing draws 8301 to 8400"
[1] "Chunk time = 15.1991024017334"
[1] "Processing draws 8401 to 8500"
[1] "Chunk time = 15.3173620700836"
[1] "Processing draws 8501 to 8600"
[1] "Chunk time = 15.3320279121399"
[1] "Processing draws 8601 to 8700"
[1] "Chunk time = 15.4163823127747"
[1] "Processing draws 8701 to 8800"
[1] "Chunk time = 15.3837089538574"
[1] "Processing draws 8801 to 8900"
[1] "Chunk time = 15.9868342876434"
[1] "Processing draws 8901 to 9000"
[1] "Chunk time = 15.5643792152405"
[1] "Processing draws 9001 to 9100"
[1] "Chunk time = 16.0001358985901"
[1] "Processing draws 9101 to 9200"
[1] "Chunk time = 15.6907279491425"
[1] "Processing draws 9201 to 9300"
[1] "Chunk time = 15.9522716999054"
[1] "Processing draws 9301 to 9400"
[1] "Chunk time = 15.6045019626617"
[1] "Processing draws 9401 to 9500"
[1] "Chunk time = 15.9677774906158"
[1] "Processing draws 9501 to 9600"
[1] "Chunk time = 15.7418448925018"
[1] "Processing draws 9601 to 9700"
[1] "Chunk time = 15.9213967323303"
[1] "Processing draws 9701 to 9800"
[1] "Chunk time = 15.7843255996704"
[1] "Processing draws 9801 to 9900"
[1] "Chunk time = 15.6228649616241"
[1] "Processing draws 9901 to 10000"
[1] "Chunk time = 15.7905402183533"
[1] "Processing draws 10001 to 10100"
[1] "Chunk time = 15.6776616573334"
[1] "Processing draws 10101 to 10200"
[1] "Chunk time = 15.8411545753479"
[1] "Processing draws 10201 to 10300"
[1] "Chunk time = 15.5905528068542"
[1] "Processing draws 10301 to 10400"
[1] "Chunk time = 15.8731245994568"
[1] "Processing draws 10401 to 10500"
[1] "Chunk time = 15.8019428253174"
[1] "Processing draws 10501 to 10600"
[1] "Chunk time = 15.6749494075775"
[1] "Processing draws 10601 to 10700"
[1] "Chunk time = 15.6564259529114"
[1] "Processing draws 10701 to 10800"
[1] "Chunk time = 16.1707508563995"
[1] "Processing draws 10801 to 10900"
[1] "Chunk time = 15.8439228534698"
[1] "Processing draws 10901 to 11000"
[1] "Chunk time = 16.04150390625"
[1] "Processing draws 11001 to 11100"
[1] "Chunk time = 15.5367991924286"
[1] "Processing draws 11101 to 11200"
[1] "Chunk time = 15.8509562015533"
[1] "Processing draws 11201 to 11300"
[1] "Chunk time = 15.4124541282654"
[1] "Processing draws 11301 to 11400"
[1] "Chunk time = 15.9300322532654"
[1] "Processing draws 11401 to 11500"
