[1] "Starting sampling."
Running MCMC with 4 parallel chains, with 4 thread(s) per chain...

Chain 1 Iteration:    1 / 6000 [  0%]  (Warmup) 
Chain 2 Iteration:    1 / 6000 [  0%]  (Warmup) 
Chain 3 Iteration:    1 / 6000 [  0%]  (Warmup) 
Chain 4 Iteration:    1 / 6000 [  0%]  (Warmup) 
Chain 4 Iteration:  100 / 6000 [  1%]  (Warmup) 
Chain 2 Iteration:  100 / 6000 [  1%]  (Warmup) 
Chain 1 Iteration:  100 / 6000 [  1%]  (Warmup) 
Chain 3 Iteration:  100 / 6000 [  1%]  (Warmup) 
Chain 2 Iteration:  200 / 6000 [  3%]  (Warmup) 
Chain 4 Iteration:  200 / 6000 [  3%]  (Warmup) 
Chain 1 Iteration:  200 / 6000 [  3%]  (Warmup) 
Chain 3 Iteration:  200 / 6000 [  3%]  (Warmup) 
Chain 2 Iteration:  300 / 6000 [  5%]  (Warmup) 
Chain 4 Iteration:  300 / 6000 [  5%]  (Warmup) 
Chain 1 Iteration:  300 / 6000 [  5%]  (Warmup) 
Chain 3 Iteration:  300 / 6000 [  5%]  (Warmup) 
Chain 2 Iteration:  400 / 6000 [  6%]  (Warmup) 
Chain 4 Iteration:  400 / 6000 [  6%]  (Warmup) 
Chain 1 Iteration:  400 / 6000 [  6%]  (Warmup) 
Chain 3 Iteration:  400 / 6000 [  6%]  (Warmup) 
Chain 2 Iteration:  500 / 6000 [  8%]  (Warmup) 
Chain 4 Iteration:  500 / 6000 [  8%]  (Warmup) 
Chain 3 Iteration:  500 / 6000 [  8%]  (Warmup) 
Chain 1 Iteration:  500 / 6000 [  8%]  (Warmup) 
Chain 4 Iteration:  600 / 6000 [ 10%]  (Warmup) 
Chain 1 Iteration:  600 / 6000 [ 10%]  (Warmup) 
Chain 2 Iteration:  600 / 6000 [ 10%]  (Warmup) 
Chain 3 Iteration:  600 / 6000 [ 10%]  (Warmup) 
Chain 1 Iteration:  700 / 6000 [ 11%]  (Warmup) 
Chain 4 Iteration:  700 / 6000 [ 11%]  (Warmup) 
Chain 3 Iteration:  700 / 6000 [ 11%]  (Warmup) 
Chain 2 Iteration:  700 / 6000 [ 11%]  (Warmup) 
Chain 1 Iteration:  800 / 6000 [ 13%]  (Warmup) 
Chain 4 Iteration:  800 / 6000 [ 13%]  (Warmup) 
Chain 2 Iteration:  800 / 6000 [ 13%]  (Warmup) 
Chain 3 Iteration:  800 / 6000 [ 13%]  (Warmup) 
Chain 1 Iteration:  900 / 6000 [ 15%]  (Warmup) 
Chain 4 Iteration:  900 / 6000 [ 15%]  (Warmup) 
Chain 3 Iteration:  900 / 6000 [ 15%]  (Warmup) 
Chain 2 Iteration:  900 / 6000 [ 15%]  (Warmup) 
Chain 1 Iteration: 1000 / 6000 [ 16%]  (Warmup) 
Chain 1 Iteration: 1001 / 6000 [ 16%]  (Sampling) 
Chain 3 Iteration: 1000 / 6000 [ 16%]  (Warmup) 
Chain 3 Iteration: 1001 / 6000 [ 16%]  (Sampling) 
Chain 4 Iteration: 1000 / 6000 [ 16%]  (Warmup) 
Chain 4 Iteration: 1001 / 6000 [ 16%]  (Sampling) 
Chain 2 Iteration: 1000 / 6000 [ 16%]  (Warmup) 
Chain 2 Iteration: 1001 / 6000 [ 16%]  (Sampling) 
Chain 1 Iteration: 1100 / 6000 [ 18%]  (Sampling) 
Chain 3 Iteration: 1100 / 6000 [ 18%]  (Sampling) 
Chain 4 Iteration: 1100 / 6000 [ 18%]  (Sampling) 
Chain 2 Iteration: 1100 / 6000 [ 18%]  (Sampling) 
Chain 1 Iteration: 1200 / 6000 [ 20%]  (Sampling) 
Chain 3 Iteration: 1200 / 6000 [ 20%]  (Sampling) 
Chain 4 Iteration: 1200 / 6000 [ 20%]  (Sampling) 
Chain 2 Iteration: 1200 / 6000 [ 20%]  (Sampling) 
Chain 1 Iteration: 1300 / 6000 [ 21%]  (Sampling) 
Chain 3 Iteration: 1300 / 6000 [ 21%]  (Sampling) 
Chain 4 Iteration: 1300 / 6000 [ 21%]  (Sampling) 
Chain 2 Iteration: 1300 / 6000 [ 21%]  (Sampling) 
Chain 1 Iteration: 1400 / 6000 [ 23%]  (Sampling) 
Chain 3 Iteration: 1400 / 6000 [ 23%]  (Sampling) 
Chain 4 Iteration: 1400 / 6000 [ 23%]  (Sampling) 
Chain 2 Iteration: 1400 / 6000 [ 23%]  (Sampling) 
Chain 1 Iteration: 1500 / 6000 [ 25%]  (Sampling) 
Chain 3 Iteration: 1500 / 6000 [ 25%]  (Sampling) 
Chain 4 Iteration: 1500 / 6000 [ 25%]  (Sampling) 
Chain 2 Iteration: 1500 / 6000 [ 25%]  (Sampling) 
Chain 1 Iteration: 1600 / 6000 [ 26%]  (Sampling) 
Chain 3 Iteration: 1600 / 6000 [ 26%]  (Sampling) 
Chain 4 Iteration: 1600 / 6000 [ 26%]  (Sampling) 
Chain 1 Iteration: 1700 / 6000 [ 28%]  (Sampling) 
Chain 2 Iteration: 1600 / 6000 [ 26%]  (Sampling) 
Chain 3 Iteration: 1700 / 6000 [ 28%]  (Sampling) 
Chain 4 Iteration: 1700 / 6000 [ 28%]  (Sampling) 
Chain 1 Iteration: 1800 / 6000 [ 30%]  (Sampling) 
Chain 2 Iteration: 1700 / 6000 [ 28%]  (Sampling) 
Chain 3 Iteration: 1800 / 6000 [ 30%]  (Sampling) 
Chain 1 Iteration: 1900 / 6000 [ 31%]  (Sampling) 
Chain 4 Iteration: 1800 / 6000 [ 30%]  (Sampling) 
Chain 2 Iteration: 1800 / 6000 [ 30%]  (Sampling) 
Chain 3 Iteration: 1900 / 6000 [ 31%]  (Sampling) 
Chain 1 Iteration: 2000 / 6000 [ 33%]  (Sampling) 
Chain 4 Iteration: 1900 / 6000 [ 31%]  (Sampling) 
Chain 2 Iteration: 1900 / 6000 [ 31%]  (Sampling) 
Chain 3 Iteration: 2000 / 6000 [ 33%]  (Sampling) 
Chain 1 Iteration: 2100 / 6000 [ 35%]  (Sampling) 
Chain 4 Iteration: 2000 / 6000 [ 33%]  (Sampling) 
Chain 2 Iteration: 2000 / 6000 [ 33%]  (Sampling) 
Chain 3 Iteration: 2100 / 6000 [ 35%]  (Sampling) 
Chain 1 Iteration: 2200 / 6000 [ 36%]  (Sampling) 
Chain 2 Iteration: 2100 / 6000 [ 35%]  (Sampling) 
Chain 4 Iteration: 2100 / 6000 [ 35%]  (Sampling) 
Chain 3 Iteration: 2200 / 6000 [ 36%]  (Sampling) 
Chain 1 Iteration: 2300 / 6000 [ 38%]  (Sampling) 
Chain 2 Iteration: 2200 / 6000 [ 36%]  (Sampling) 
Chain 4 Iteration: 2200 / 6000 [ 36%]  (Sampling) 
Chain 3 Iteration: 2300 / 6000 [ 38%]  (Sampling) 
Chain 1 Iteration: 2400 / 6000 [ 40%]  (Sampling) 
Chain 2 Iteration: 2300 / 6000 [ 38%]  (Sampling) 
Chain 4 Iteration: 2300 / 6000 [ 38%]  (Sampling) 
Chain 3 Iteration: 2400 / 6000 [ 40%]  (Sampling) 
Chain 1 Iteration: 2500 / 6000 [ 41%]  (Sampling) 
Chain 2 Iteration: 2400 / 6000 [ 40%]  (Sampling) 
Chain 4 Iteration: 2400 / 6000 [ 40%]  (Sampling) 
Chain 3 Iteration: 2500 / 6000 [ 41%]  (Sampling) 
Chain 1 Iteration: 2600 / 6000 [ 43%]  (Sampling) 
Chain 2 Iteration: 2500 / 6000 [ 41%]  (Sampling) 
Chain 4 Iteration: 2500 / 6000 [ 41%]  (Sampling) 
Chain 1 Iteration: 2700 / 6000 [ 45%]  (Sampling) 
Chain 3 Iteration: 2600 / 6000 [ 43%]  (Sampling) 
Chain 2 Iteration: 2600 / 6000 [ 43%]  (Sampling) 
Chain 4 Iteration: 2600 / 6000 [ 43%]  (Sampling) 
Chain 1 Iteration: 2800 / 6000 [ 46%]  (Sampling) 
Chain 3 Iteration: 2700 / 6000 [ 45%]  (Sampling) 
Chain 2 Iteration: 2700 / 6000 [ 45%]  (Sampling) 
Chain 4 Iteration: 2700 / 6000 [ 45%]  (Sampling) 
Chain 1 Iteration: 2900 / 6000 [ 48%]  (Sampling) 
Chain 3 Iteration: 2800 / 6000 [ 46%]  (Sampling) 
Chain 2 Iteration: 2800 / 6000 [ 46%]  (Sampling) 
Chain 4 Iteration: 2800 / 6000 [ 46%]  (Sampling) 
Chain 1 Iteration: 3000 / 6000 [ 50%]  (Sampling) 
Chain 3 Iteration: 2900 / 6000 [ 48%]  (Sampling) 
Chain 2 Iteration: 2900 / 6000 [ 48%]  (Sampling) 
Chain 4 Iteration: 2900 / 6000 [ 48%]  (Sampling) 
Chain 1 Iteration: 3100 / 6000 [ 51%]  (Sampling) 
Chain 3 Iteration: 3000 / 6000 [ 50%]  (Sampling) 
Chain 2 Iteration: 3000 / 6000 [ 50%]  (Sampling) 
Chain 4 Iteration: 3000 / 6000 [ 50%]  (Sampling) 
Chain 1 Iteration: 3200 / 6000 [ 53%]  (Sampling) 
Chain 3 Iteration: 3100 / 6000 [ 51%]  (Sampling) 
Chain 2 Iteration: 3100 / 6000 [ 51%]  (Sampling) 
Chain 4 Iteration: 3100 / 6000 [ 51%]  (Sampling) 
Chain 1 Iteration: 3300 / 6000 [ 55%]  (Sampling) 
Chain 3 Iteration: 3200 / 6000 [ 53%]  (Sampling) 
Chain 2 Iteration: 3200 / 6000 [ 53%]  (Sampling) 
Chain 4 Iteration: 3200 / 6000 [ 53%]  (Sampling) 
Chain 1 Iteration: 3400 / 6000 [ 56%]  (Sampling) 
Chain 3 Iteration: 3300 / 6000 [ 55%]  (Sampling) 
Chain 2 Iteration: 3300 / 6000 [ 55%]  (Sampling) 
Chain 4 Iteration: 3300 / 6000 [ 55%]  (Sampling) 
Chain 1 Iteration: 3500 / 6000 [ 58%]  (Sampling) 
Chain 3 Iteration: 3400 / 6000 [ 56%]  (Sampling) 
Chain 2 Iteration: 3400 / 6000 [ 56%]  (Sampling) 
Chain 1 Iteration: 3600 / 6000 [ 60%]  (Sampling) 
Chain 4 Iteration: 3400 / 6000 [ 56%]  (Sampling) 
Chain 3 Iteration: 3500 / 6000 [ 58%]  (Sampling) 
Chain 2 Iteration: 3500 / 6000 [ 58%]  (Sampling) 
Chain 1 Iteration: 3700 / 6000 [ 61%]  (Sampling) 
Chain 4 Iteration: 3500 / 6000 [ 58%]  (Sampling) 
Chain 3 Iteration: 3600 / 6000 [ 60%]  (Sampling) 
Chain 2 Iteration: 3600 / 6000 [ 60%]  (Sampling) 
Chain 1 Iteration: 3800 / 6000 [ 63%]  (Sampling) 
Chain 4 Iteration: 3600 / 6000 [ 60%]  (Sampling) 
Chain 3 Iteration: 3700 / 6000 [ 61%]  (Sampling) 
Chain 2 Iteration: 3700 / 6000 [ 61%]  (Sampling) 
Chain 1 Iteration: 3900 / 6000 [ 65%]  (Sampling) 
Chain 4 Iteration: 3700 / 6000 [ 61%]  (Sampling) 
Chain 3 Iteration: 3800 / 6000 [ 63%]  (Sampling) 
Chain 2 Iteration: 3800 / 6000 [ 63%]  (Sampling) 
Chain 1 Iteration: 4000 / 6000 [ 66%]  (Sampling) 
Chain 4 Iteration: 3800 / 6000 [ 63%]  (Sampling) 
Chain 3 Iteration: 3900 / 6000 [ 65%]  (Sampling) 
Chain 2 Iteration: 3900 / 6000 [ 65%]  (Sampling) 
Chain 1 Iteration: 4100 / 6000 [ 68%]  (Sampling) 
Chain 4 Iteration: 3900 / 6000 [ 65%]  (Sampling) 
Chain 3 Iteration: 4000 / 6000 [ 66%]  (Sampling) 
Chain 2 Iteration: 4000 / 6000 [ 66%]  (Sampling) 
Chain 1 Iteration: 4200 / 6000 [ 70%]  (Sampling) 
Chain 4 Iteration: 4000 / 6000 [ 66%]  (Sampling) 
Chain 3 Iteration: 4100 / 6000 [ 68%]  (Sampling) 
Chain 2 Iteration: 4100 / 6000 [ 68%]  (Sampling) 
Chain 1 Iteration: 4300 / 6000 [ 71%]  (Sampling) 
Chain 4 Iteration: 4100 / 6000 [ 68%]  (Sampling) 
Chain 3 Iteration: 4200 / 6000 [ 70%]  (Sampling) 
Chain 1 Iteration: 4400 / 6000 [ 73%]  (Sampling) 
Chain 2 Iteration: 4200 / 6000 [ 70%]  (Sampling) 
Chain 4 Iteration: 4200 / 6000 [ 70%]  (Sampling) 
Chain 3 Iteration: 4300 / 6000 [ 71%]  (Sampling) 
Chain 1 Iteration: 4500 / 6000 [ 75%]  (Sampling) 
Chain 2 Iteration: 4300 / 6000 [ 71%]  (Sampling) 
Chain 4 Iteration: 4300 / 6000 [ 71%]  (Sampling) 
Chain 3 Iteration: 4400 / 6000 [ 73%]  (Sampling) 
Chain 1 Iteration: 4600 / 6000 [ 76%]  (Sampling) 
Chain 2 Iteration: 4400 / 6000 [ 73%]  (Sampling) 
Chain 4 Iteration: 4400 / 6000 [ 73%]  (Sampling) 
Chain 1 Iteration: 4700 / 6000 [ 78%]  (Sampling) 
Chain 3 Iteration: 4500 / 6000 [ 75%]  (Sampling) 
Chain 2 Iteration: 4500 / 6000 [ 75%]  (Sampling) 
Chain 4 Iteration: 4500 / 6000 [ 75%]  (Sampling) 
Chain 1 Iteration: 4800 / 6000 [ 80%]  (Sampling) 
Chain 3 Iteration: 4600 / 6000 [ 76%]  (Sampling) 
Chain 2 Iteration: 4600 / 6000 [ 76%]  (Sampling) 
Chain 4 Iteration: 4600 / 6000 [ 76%]  (Sampling) 
Chain 1 Iteration: 4900 / 6000 [ 81%]  (Sampling) 
Chain 3 Iteration: 4700 / 6000 [ 78%]  (Sampling) 
Chain 2 Iteration: 4700 / 6000 [ 78%]  (Sampling) 
Chain 4 Iteration: 4700 / 6000 [ 78%]  (Sampling) 
Chain 1 Iteration: 5000 / 6000 [ 83%]  (Sampling) 
Chain 3 Iteration: 4800 / 6000 [ 80%]  (Sampling) 
Chain 2 Iteration: 4800 / 6000 [ 80%]  (Sampling) 
Chain 4 Iteration: 4800 / 6000 [ 80%]  (Sampling) 
Chain 1 Iteration: 5100 / 6000 [ 85%]  (Sampling) 
Chain 3 Iteration: 4900 / 6000 [ 81%]  (Sampling) 
Chain 2 Iteration: 4900 / 6000 [ 81%]  (Sampling) 
Chain 1 Iteration: 5200 / 6000 [ 86%]  (Sampling) 
Chain 4 Iteration: 4900 / 6000 [ 81%]  (Sampling) 
Chain 3 Iteration: 5000 / 6000 [ 83%]  (Sampling) 
Chain 2 Iteration: 5000 / 6000 [ 83%]  (Sampling) 
Chain 1 Iteration: 5300 / 6000 [ 88%]  (Sampling) 
Chain 4 Iteration: 5000 / 6000 [ 83%]  (Sampling) 
Chain 3 Iteration: 5100 / 6000 [ 85%]  (Sampling) 
Chain 2 Iteration: 5100 / 6000 [ 85%]  (Sampling) 
Chain 1 Iteration: 5400 / 6000 [ 90%]  (Sampling) 
Chain 4 Iteration: 5100 / 6000 [ 85%]  (Sampling) 
Chain 3 Iteration: 5200 / 6000 [ 86%]  (Sampling) 
Chain 2 Iteration: 5200 / 6000 [ 86%]  (Sampling) 
Chain 1 Iteration: 5500 / 6000 [ 91%]  (Sampling) 
Chain 4 Iteration: 5200 / 6000 [ 86%]  (Sampling) 
Chain 3 Iteration: 5300 / 6000 [ 88%]  (Sampling) 
Chain 2 Iteration: 5300 / 6000 [ 88%]  (Sampling) 
Chain 1 Iteration: 5600 / 6000 [ 93%]  (Sampling) 
Chain 4 Iteration: 5300 / 6000 [ 88%]  (Sampling) 
Chain 3 Iteration: 5400 / 6000 [ 90%]  (Sampling) 
Chain 2 Iteration: 5400 / 6000 [ 90%]  (Sampling) 
Chain 1 Iteration: 5700 / 6000 [ 95%]  (Sampling) 
Chain 4 Iteration: 5400 / 6000 [ 90%]  (Sampling) 
Chain 3 Iteration: 5500 / 6000 [ 91%]  (Sampling) 
Chain 2 Iteration: 5500 / 6000 [ 91%]  (Sampling) 
Chain 1 Iteration: 5800 / 6000 [ 96%]  (Sampling) 
Chain 4 Iteration: 5500 / 6000 [ 91%]  (Sampling) 
Chain 3 Iteration: 5600 / 6000 [ 93%]  (Sampling) 
Chain 2 Iteration: 5600 / 6000 [ 93%]  (Sampling) 
Chain 1 Iteration: 5900 / 6000 [ 98%]  (Sampling) 
Chain 4 Iteration: 5600 / 6000 [ 93%]  (Sampling) 
Chain 3 Iteration: 5700 / 6000 [ 95%]  (Sampling) 
Chain 2 Iteration: 5700 / 6000 [ 95%]  (Sampling) 
Chain 1 Iteration: 6000 / 6000 [100%]  (Sampling) 
Chain 1 finished in 1299.6 seconds.
Chain 4 Iteration: 5700 / 6000 [ 95%]  (Sampling) 
Chain 3 Iteration: 5800 / 6000 [ 96%]  (Sampling) 
Chain 2 Iteration: 5800 / 6000 [ 96%]  (Sampling) 
Chain 4 Iteration: 5800 / 6000 [ 96%]  (Sampling) 
Chain 3 Iteration: 5900 / 6000 [ 98%]  (Sampling) 
Chain 2 Iteration: 5900 / 6000 [ 98%]  (Sampling) 
Chain 4 Iteration: 5900 / 6000 [ 98%]  (Sampling) 
Chain 3 Iteration: 6000 / 6000 [100%]  (Sampling) 
Chain 3 finished in 1354.3 seconds.
Chain 2 Iteration: 6000 / 6000 [100%]  (Sampling) 
Chain 2 finished in 1356.2 seconds.
Chain 4 Iteration: 6000 / 6000 [100%]  (Sampling) 
Chain 4 finished in 1369.0 seconds.

All 4 chains finished successfully.
Mean chain execution time: 1344.8 seconds.
Total execution time: 1369.3 seconds.

[1] "Processing draws 1 to 100"
[1] "Chunk time = 54.0123114585876"
[1] "Processing draws 101 to 200"
[1] "Chunk time = 17.4976868629456"
[1] "Processing draws 201 to 300"
[1] "Chunk time = 16.7020683288574"
[1] "Processing draws 301 to 400"
[1] "Chunk time = 17.0896670818329"
[1] "Processing draws 401 to 500"
[1] "Chunk time = 16.8845238685608"
[1] "Processing draws 501 to 600"
[1] "Chunk time = 17.5546112060547"
[1] "Processing draws 601 to 700"
[1] "Chunk time = 16.9800040721893"
[1] "Processing draws 701 to 800"
[1] "Chunk time = 16.8467087745667"
[1] "Processing draws 801 to 900"
[1] "Chunk time = 17.1553199291229"
[1] "Processing draws 901 to 1000"
[1] "Chunk time = 16.7856020927429"
[1] "Processing draws 1001 to 1100"
[1] "Chunk time = 17.0228309631348"
[1] "Processing draws 1101 to 1200"
[1] "Chunk time = 17.3843581676483"
[1] "Processing draws 1201 to 1300"
[1] "Chunk time = 23.4790263175964"
[1] "Processing draws 1301 to 1400"
[1] "Chunk time = 23.5399293899536"
[1] "Processing draws 1401 to 1500"
[1] "Chunk time = 23.0769829750061"
[1] "Processing draws 1501 to 1600"
[1] "Chunk time = 23.3832426071167"
[1] "Processing draws 1601 to 1700"
[1] "Chunk time = 23.161464214325"
[1] "Processing draws 1701 to 1800"
[1] "Chunk time = 21.3584525585175"
[1] "Processing draws 1801 to 1900"
[1] "Chunk time = 21.738853931427"
[1] "Processing draws 1901 to 2000"
[1] "Chunk time = 21.005491733551"
[1] "Processing draws 2001 to 2100"
[1] "Chunk time = 16.9852213859558"
[1] "Processing draws 2101 to 2200"
[1] "Chunk time = 17.3499512672424"
[1] "Processing draws 2201 to 2300"
[1] "Chunk time = 17.2868416309357"
[1] "Processing draws 2301 to 2400"
[1] "Chunk time = 16.9325046539307"
[1] "Processing draws 2401 to 2500"
[1] "Chunk time = 17.1542592048645"
[1] "Processing draws 2501 to 2600"
[1] "Chunk time = 16.8750665187836"
[1] "Processing draws 2601 to 2700"
[1] "Chunk time = 17.1649045944214"
[1] "Processing draws 2701 to 2800"
[1] "Chunk time = 16.8465712070465"
[1] "Processing draws 2801 to 2900"
[1] "Chunk time = 17.0983846187592"
[1] "Processing draws 2901 to 3000"
[1] "Chunk time = 16.9503762722015"
[1] "Processing draws 3001 to 3100"
[1] "Chunk time = 16.5542376041412"
[1] "Processing draws 3101 to 3200"
[1] "Chunk time = 17.7957639694214"
[1] "Processing draws 3201 to 3300"
[1] "Chunk time = 17.1065578460693"
[1] "Processing draws 3301 to 3400"
[1] "Chunk time = 17.0233120918274"
[1] "Processing draws 3401 to 3500"
[1] "Chunk time = 17.0720920562744"
[1] "Processing draws 3501 to 3600"
[1] "Chunk time = 17.3616518974304"
[1] "Processing draws 3601 to 3700"
[1] "Chunk time = 17.3498537540436"
[1] "Processing draws 3701 to 3800"
[1] "Chunk time = 16.934716463089"
[1] "Processing draws 3801 to 3900"
[1] "Chunk time = 17.2522892951965"
[1] "Processing draws 3901 to 4000"
[1] "Chunk time = 17.1586782932281"
[1] "Processing draws 4001 to 4100"
[1] "Chunk time = 17.2198271751404"
[1] "Processing draws 4101 to 4200"
[1] "Chunk time = 16.6205520629883"
[1] "Processing draws 4201 to 4300"
[1] "Chunk time = 16.8239941596985"
[1] "Processing draws 4301 to 4400"
[1] "Chunk time = 17.0081887245178"
[1] "Processing draws 4401 to 4500"
[1] "Chunk time = 16.8522124290466"
[1] "Processing draws 4501 to 4600"
[1] "Chunk time = 16.842992067337"
[1] "Processing draws 4601 to 4700"
[1] "Chunk time = 16.8043465614319"
[1] "Processing draws 4701 to 4800"
[1] "Chunk time = 17.0715293884277"
[1] "Processing draws 4801 to 4900"
[1] "Chunk time = 17.1399505138397"
[1] "Processing draws 4901 to 5000"
[1] "Chunk time = 17.4285635948181"
[1] "Processing draws 5001 to 5100"
[1] "Chunk time = 16.9724516868591"
[1] "Processing draws 5101 to 5200"
[1] "Chunk time = 16.7838551998138"
[1] "Processing draws 5201 to 5300"
[1] "Chunk time = 17.4549126625061"
[1] "Processing draws 5301 to 5400"
[1] "Chunk time = 16.949054479599"
[1] "Processing draws 5401 to 5500"
[1] "Chunk time = 16.918416261673"
[1] "Processing draws 5501 to 5600"
[1] "Chunk time = 17.1123626232147"
[1] "Processing draws 5601 to 5700"
[1] "Chunk time = 16.9253785610199"
[1] "Processing draws 5701 to 5800"
[1] "Chunk time = 17.2895464897156"
[1] "Processing draws 5801 to 5900"
[1] "Chunk time = 16.9708995819092"
[1] "Processing draws 5901 to 6000"
[1] "Chunk time = 16.978776216507"
[1] "Processing draws 6001 to 6100"
[1] "Chunk time = 17.1234438419342"
[1] "Processing draws 6101 to 6200"
[1] "Chunk time = 17.1507427692413"
[1] "Processing draws 6201 to 6300"
[1] "Chunk time = 16.7213182449341"
[1] "Processing draws 6301 to 6400"
[1] "Chunk time = 17.1700932979584"
[1] "Processing draws 6401 to 6500"
[1] "Chunk time = 17.5196669101715"
[1] "Processing draws 6501 to 6600"
[1] "Chunk time = 17.0179083347321"
[1] "Processing draws 6601 to 6700"
[1] "Chunk time = 17.1475923061371"
[1] "Processing draws 6701 to 6800"
[1] "Chunk time = 17.4050960540771"
[1] "Processing draws 6801 to 6900"
[1] "Chunk time = 17.2855672836304"
[1] "Processing draws 6901 to 7000"
[1] "Chunk time = 17.0077679157257"
[1] "Processing draws 7001 to 7100"
[1] "Chunk time = 17.3238859176636"
[1] "Processing draws 7101 to 7200"
[1] "Chunk time = 17.3454358577728"
[1] "Processing draws 7201 to 7300"
[1] "Chunk time = 16.9745805263519"
[1] "Processing draws 7301 to 7400"
[1] "Chunk time = 17.2974162101746"
[1] "Processing draws 7401 to 7500"
[1] "Chunk time = 17.039882183075"
[1] "Processing draws 7501 to 7600"
[1] "Chunk time = 17.0966203212738"
[1] "Processing draws 7601 to 7700"
[1] "Chunk time = 17.4529569149017"
[1] "Processing draws 7701 to 7800"
[1] "Chunk time = 16.904810667038"
[1] "Processing draws 7801 to 7900"
[1] "Chunk time = 17.3921113014221"
[1] "Processing draws 7901 to 8000"
[1] "Chunk time = 17.1686253547668"
[1] "Processing draws 8001 to 8100"
[1] "Chunk time = 17.3256642818451"
[1] "Processing draws 8101 to 8200"
[1] "Chunk time = 17.2667133808136"
[1] "Processing draws 8201 to 8300"
[1] "Chunk time = 17.2585270404816"
[1] "Processing draws 8301 to 8400"
[1] "Chunk time = 17.5274543762207"
[1] "Processing draws 8401 to 8500"
[1] "Chunk time = 17.3573162555695"
[1] "Processing draws 8501 to 8600"
[1] "Chunk time = 17.3813617229462"
[1] "Processing draws 8601 to 8700"
[1] "Chunk time = 17.040091753006"
[1] "Processing draws 8701 to 8800"
[1] "Chunk time = 16.8744742870331"
[1] "Processing draws 8801 to 8900"
[1] "Chunk time = 17.3054444789886"
[1] "Processing draws 8901 to 9000"
[1] "Chunk time = 17.2917792797089"
[1] "Processing draws 9001 to 9100"
[1] "Chunk time = 17.1987867355347"
[1] "Processing draws 9101 to 9200"
[1] "Chunk time = 17.3426005840302"
[1] "Processing draws 9201 to 9300"
[1] "Chunk time = 17.5563318729401"
[1] "Processing draws 9301 to 9400"
[1] "Chunk time = 17.0568709373474"
[1] "Processing draws 9401 to 9500"
[1] "Chunk time = 17.4341087341309"
[1] "Processing draws 9501 to 9600"
[1] "Chunk time = 17.2735073566437"
[1] "Processing draws 9601 to 9700"
[1] "Chunk time = 17.2652673721313"
[1] "Processing draws 9701 to 9800"
[1] "Chunk time = 17.41823387146"
[1] "Processing draws 9801 to 9900"
[1] "Chunk time = 17.2212386131287"
[1] "Processing draws 9901 to 10000"
[1] "Chunk time = 17.5365898609161"
[1] "Processing draws 10001 to 10100"
[1] "Chunk time = 17.5996673107147"
[1] "Processing draws 10101 to 10200"
[1] "Chunk time = 17.4398996829987"
[1] "Processing draws 10201 to 10300"
[1] "Chunk time = 17.6300411224365"
[1] "Processing draws 10301 to 10400"
[1] "Chunk time = 17.2755041122437"
[1] "Processing draws 10401 to 10500"
[1] "Chunk time = 17.6845233440399"
[1] "Processing draws 10501 to 10600"
[1] "Chunk time = 17.1922478675842"
[1] "Processing draws 10601 to 10700"
[1] "Chunk time = 17.245579957962"
[1] "Processing draws 10701 to 10800"
[1] "Chunk time = 18.356689453125"
[1] "Processing draws 10801 to 10900"
[1] "Chunk time = 17.4618420600891"
[1] "Processing draws 10901 to 11000"
[1] "Chunk time = 17.5427739620209"
[1] "Processing draws 11001 to 11100"
[1] "Chunk time = 17.557724237442"
[1] "Processing draws 11101 to 11200"
[1] "Chunk time = 17.6610767841339"
[1] "Processing draws 11201 to 11300"
[1] "Chunk time = 17.6983153820038"
[1] "Processing draws 11301 to 11400"
[1] "Chunk time = 17.6171743869781"
[1] "Processing draws 11401 to 11500"
[1] "Chunk time = 17.0931086540222"
[1] "Processing draws 11501 to 11600"
[1] "Chunk time = 17.4196307659149"
[1] "Processing draws 11601 to 11700"
[1] "Chunk time = 17.7608602046967"
[1] "Processing draws 11701 to 11800"
[1] "Chunk time = 17.5046751499176"
[1] "Processing draws 11801 to 11900"
[1] "Chunk time = 17.6391072273254"
[1] "Processing draws 11901 to 12000"
[1] "Chunk time = 17.4985687732697"
[1] "Processing draws 12001 to 12100"
[1] "Chunk time = 20.201277256012"
[1] "Processing draws 12101 to 12200"
[1] "Chunk time = 17.3872637748718"
[1] "Processing draws 12201 to 12300"
[1] "Chunk time = 17.7265954017639"
[1] "Processing draws 12301 to 12400"
[1] "Chunk time = 17.680504322052"
[1] "Processing draws 12401 to 12500"
[1] "Chunk time = 17.3376252651215"
[1] "Processing draws 12501 to 12600"
[1] "Chunk time = 17.8431622982025"
[1] "Processing draws 12601 to 12700"
[1] "Chunk time = 17.8317067623138"
[1] "Processing draws 12701 to 12800"
[1] "Chunk time = 17.5376713275909"
[1] "Processing draws 12801 to 12900"
[1] "Chunk time = 17.4733731746674"
[1] "Processing draws 12901 to 13000"
[1] "Chunk time = 17.3388910293579"
[1] "Processing draws 13001 to 13100"
[1] "Chunk time = 17.8005592823029"
[1] "Processing draws 13101 to 13200"
[1] "Chunk time = 17.6768414974213"
[1] "Processing draws 13201 to 13300"
[1] "Chunk time = 17.2057240009308"
[1] "Processing draws 13301 to 13400"
[1] "Chunk time = 17.107724905014"
[1] "Processing draws 13401 to 13500"
[1] "Chunk time = 17.753438949585"
[1] "Processing draws 13501 to 13600"
[1] "Chunk time = 16.89204621315"
[1] "Processing draws 13601 to 13700"
[1] "Chunk time = 17.3715407848358"
[1] "Processing draws 13701 to 13800"
[1] "Chunk time = 17.2526819705963"
[1] "Processing draws 13801 to 13900"
[1] "Chunk time = 17.487316608429"
[1] "Processing draws 13901 to 14000"
[1] "Chunk time = 17.6511650085449"
[1] "Processing draws 14001 to 14100"
[1] "Chunk time = 17.2533538341522"
[1] "Processing draws 14101 to 14200"
[1] "Chunk time = 17.3802783489227"
[1] "Processing draws 14201 to 14300"
[1] "Chunk time = 17.3303430080414"
[1] "Processing draws 14301 to 14400"
[1] "Chunk time = 17.5301282405853"
[1] "Processing draws 14401 to 14500"
[1] "Chunk time = 17.1457576751709"
[1] "Processing draws 14501 to 14600"
[1] "Chunk time = 17.2920007705688"
[1] "Processing draws 14601 to 14700"
[1] "Chunk time = 17.5821299552917"
[1] "Processing draws 14701 to 14800"
[1] "Chunk time = 17.3216278553009"
[1] "Processing draws 14801 to 14900"
[1] "Chunk time = 17.038863658905"
[1] "Processing draws 14901 to 15000"
[1] "Chunk time = 17.2352788448334"
[1] "Processing draws 15001 to 15100"
[1] "Chunk time = 17.3117873668671"
[1] "Processing draws 15101 to 15200"
[1] "Chunk time = 17.6211316585541"
[1] "Processing draws 15201 to 15300"
[1] "Chunk time = 17.5212893486023"
[1] "Processing draws 15301 to 15400"
[1] "Chunk time = 17.4222328662872"
[1] "Processing draws 15401 to 15500"
[1] "Chunk time = 17.4698932170868"
[1] "Processing draws 15501 to 15600"
[1] "Chunk time = 17.5992767810822"
[1] "Processing draws 15601 to 15700"
[1] "Chunk time = 17.5546264648438"
[1] "Processing draws 15701 to 15800"
[1] "Chunk time = 17.5821390151978"
[1] "Processing draws 15801 to 15900"
[1] "Chunk time = 17.1529066562653"
[1] "Processing draws 15901 to 16000"
[1] "Chunk time = 17.3105473518372"
[1] "Processing draws 16001 to 16100"
[1] "Chunk time = 17.6179285049438"
[1] "Processing draws 16101 to 16200"
[1] "Chunk time = 17.6485896110535"
[1] "Processing draws 16201 to 16300"
[1] "Chunk time = 17.4205794334412"
[1] "Processing draws 16301 to 16400"
[1] "Chunk time = 17.552464723587"
[1] "Processing draws 16401 to 16500"
[1] "Chunk time = 17.9230861663818"
[1] "Processing draws 16501 to 16600"
[1] "Chunk time = 17.773184299469"
[1] "Processing draws 16601 to 16700"
[1] "Chunk time = 17.2790915966034"
[1] "Processing draws 16701 to 16800"
[1] "Chunk time = 17.5463285446167"
[1] "Processing draws 16801 to 16900"
[1] "Chunk time = 17.5090351104736"
[1] "Processing draws 16901 to 17000"
[1] "Chunk time = 17.175968170166"
[1] "Processing draws 17001 to 17100"
[1] "Chunk time = 17.2764005661011"
[1] "Processing draws 17101 to 17200"
[1] "Chunk time = 17.2036316394806"
[1] "Processing draws 17201 to 17300"
[1] "Chunk time = 17.5514113903046"
[1] "Processing draws 17301 to 17400"
[1] "Chunk time = 17.6736497879028"
[1] "Processing draws 17401 to 17500"
[1] "Chunk time = 17.5370185375214"
[1] "Processing draws 17501 to 17600"
[1] "Chunk time = 18.2033343315125"
[1] "Processing draws 17601 to 17700"
[1] "Chunk time = 17.4633841514587"
[1] "Processing draws 17701 to 17800"
[1] "Chunk time = 16.7380497455597"
[1] "Processing draws 17801 to 17900"
[1] "Chunk time = 16.9080336093903"
[1] "Processing draws 17901 to 18000"
[1] "Chunk time = 16.9376511573792"
[1] "Processing draws 18001 to 18100"
[1] "Chunk time = 16.9706284999847"
[1] "Processing draws 18101 to 18200"
[1] "Chunk time = 17.4706785678864"
[1] "Processing draws 18201 to 18300"
[1] "Chunk time = 17.1834001541138"
[1] "Processing draws 18301 to 18400"
[1] "Chunk time = 17.2931642532349"
[1] "Processing draws 18401 to 18500"
[1] "Chunk time = 16.9233505725861"
[1] "Processing draws 18501 to 18600"
[1] "Chunk time = 17.3906376361847"
[1] "Processing draws 18601 to 18700"
[1] "Chunk time = 17.599844455719"
[1] "Processing draws 18701 to 18800"
[1] "Chunk time = 17.182550907135"
[1] "Processing draws 18801 to 18900"
[1] "Chunk time = 17.5461006164551"
[1] "Processing draws 18901 to 19000"
[1] "Chunk time = 17.7799983024597"
[1] "Processing draws 19001 to 19100"
[1] "Chunk time = 22.1389286518097"
[1] "Processing draws 19101 to 19200"
[1] "Chunk time = 22.9979393482208"
[1] "Processing draws 19201 to 19300"
[1] "Chunk time = 17.048511505127"
[1] "Processing draws 19301 to 19400"
[1] "Chunk time = 17.2043890953064"
[1] "Processing draws 19401 to 19500"
[1] "Chunk time = 17.3034992218018"
[1] "Processing draws 19501 to 19600"
[1] "Chunk time = 17.2099936008453"
[1] "Processing draws 19601 to 19700"
[1] "Chunk time = 17.0123143196106"
[1] "Processing draws 19701 to 19800"
[1] "Chunk time = 17.1534895896912"
[1] "Processing draws 19801 to 19900"
[1] "Chunk time = 16.8521835803986"
[1] "Processing draws 19901 to 20000"
[1] "Chunk time = 17.342878818512"
[1] "done lapplying"
[1] "Saving current params"
[1] "Saving params to output.rds"
[1] TRUE
