[1] "Starting sampling."
Running MCMC with 4 parallel chains, with 4 thread(s) per chain...

Chain 2 Iteration:    1 / 6000 [  0%]  (Warmup) 
Chain 3 Iteration:    1 / 6000 [  0%]  (Warmup) 
Chain 4 Iteration:    1 / 6000 [  0%]  (Warmup) 
Chain 1 Iteration:    1 / 6000 [  0%]  (Warmup) 
Chain 4 Iteration:  100 / 6000 [  1%]  (Warmup) 
Chain 1 Iteration:  100 / 6000 [  1%]  (Warmup) 
Chain 2 Iteration:  100 / 6000 [  1%]  (Warmup) 
Chain 3 Iteration:  100 / 6000 [  1%]  (Warmup) 
Chain 4 Iteration:  200 / 6000 [  3%]  (Warmup) 
Chain 2 Iteration:  200 / 6000 [  3%]  (Warmup) 
Chain 1 Iteration:  200 / 6000 [  3%]  (Warmup) 
Chain 3 Iteration:  200 / 6000 [  3%]  (Warmup) 
Chain 4 Iteration:  300 / 6000 [  5%]  (Warmup) 
Chain 2 Iteration:  300 / 6000 [  5%]  (Warmup) 
Chain 1 Iteration:  300 / 6000 [  5%]  (Warmup) 
Chain 4 Iteration:  400 / 6000 [  6%]  (Warmup) 
Chain 3 Iteration:  300 / 6000 [  5%]  (Warmup) 
Chain 2 Iteration:  400 / 6000 [  6%]  (Warmup) 
Chain 1 Iteration:  400 / 6000 [  6%]  (Warmup) 
Chain 3 Iteration:  400 / 6000 [  6%]  (Warmup) 
Chain 4 Iteration:  500 / 6000 [  8%]  (Warmup) 
Chain 2 Iteration:  500 / 6000 [  8%]  (Warmup) 
Chain 3 Iteration:  500 / 6000 [  8%]  (Warmup) 
Chain 1 Iteration:  500 / 6000 [  8%]  (Warmup) 
Chain 4 Iteration:  600 / 6000 [ 10%]  (Warmup) 
Chain 2 Iteration:  600 / 6000 [ 10%]  (Warmup) 
Chain 1 Iteration:  600 / 6000 [ 10%]  (Warmup) 
Chain 4 Iteration:  700 / 6000 [ 11%]  (Warmup) 
Chain 3 Iteration:  600 / 6000 [ 10%]  (Warmup) 
Chain 2 Iteration:  700 / 6000 [ 11%]  (Warmup) 
Chain 1 Iteration:  700 / 6000 [ 11%]  (Warmup) 
Chain 4 Iteration:  800 / 6000 [ 13%]  (Warmup) 
Chain 3 Iteration:  700 / 6000 [ 11%]  (Warmup) 
Chain 2 Iteration:  800 / 6000 [ 13%]  (Warmup) 
Chain 4 Iteration:  900 / 6000 [ 15%]  (Warmup) 
Chain 1 Iteration:  800 / 6000 [ 13%]  (Warmup) 
Chain 3 Iteration:  800 / 6000 [ 13%]  (Warmup) 
Chain 2 Iteration:  900 / 6000 [ 15%]  (Warmup) 
Chain 1 Iteration:  900 / 6000 [ 15%]  (Warmup) 
Chain 4 Iteration: 1000 / 6000 [ 16%]  (Warmup) 
Chain 4 Iteration: 1001 / 6000 [ 16%]  (Sampling) 
Chain 3 Iteration:  900 / 6000 [ 15%]  (Warmup) 
Chain 2 Iteration: 1000 / 6000 [ 16%]  (Warmup) 
Chain 2 Iteration: 1001 / 6000 [ 16%]  (Sampling) 
Chain 1 Iteration: 1000 / 6000 [ 16%]  (Warmup) 
Chain 1 Iteration: 1001 / 6000 [ 16%]  (Sampling) 
Chain 4 Iteration: 1100 / 6000 [ 18%]  (Sampling) 
Chain 3 Iteration: 1000 / 6000 [ 16%]  (Warmup) 
Chain 3 Iteration: 1001 / 6000 [ 16%]  (Sampling) 
Chain 2 Iteration: 1100 / 6000 [ 18%]  (Sampling) 
Chain 1 Iteration: 1100 / 6000 [ 18%]  (Sampling) 
Chain 4 Iteration: 1200 / 6000 [ 20%]  (Sampling) 
Chain 3 Iteration: 1100 / 6000 [ 18%]  (Sampling) 
Chain 2 Iteration: 1200 / 6000 [ 20%]  (Sampling) 
Chain 1 Iteration: 1200 / 6000 [ 20%]  (Sampling) 
Chain 4 Iteration: 1300 / 6000 [ 21%]  (Sampling) 
Chain 3 Iteration: 1200 / 6000 [ 20%]  (Sampling) 
Chain 2 Iteration: 1300 / 6000 [ 21%]  (Sampling) 
Chain 1 Iteration: 1300 / 6000 [ 21%]  (Sampling) 
Chain 4 Iteration: 1400 / 6000 [ 23%]  (Sampling) 
Chain 3 Iteration: 1300 / 6000 [ 21%]  (Sampling) 
Chain 2 Iteration: 1400 / 6000 [ 23%]  (Sampling) 
Chain 1 Iteration: 1400 / 6000 [ 23%]  (Sampling) 
Chain 4 Iteration: 1500 / 6000 [ 25%]  (Sampling) 
Chain 3 Iteration: 1400 / 6000 [ 23%]  (Sampling) 
Chain 2 Iteration: 1500 / 6000 [ 25%]  (Sampling) 
Chain 1 Iteration: 1500 / 6000 [ 25%]  (Sampling) 
Chain 4 Iteration: 1600 / 6000 [ 26%]  (Sampling) 
Chain 3 Iteration: 1500 / 6000 [ 25%]  (Sampling) 
Chain 2 Iteration: 1600 / 6000 [ 26%]  (Sampling) 
Chain 1 Iteration: 1600 / 6000 [ 26%]  (Sampling) 
Chain 4 Iteration: 1700 / 6000 [ 28%]  (Sampling) 
Chain 3 Iteration: 1600 / 6000 [ 26%]  (Sampling) 
Chain 2 Iteration: 1700 / 6000 [ 28%]  (Sampling) 
Chain 1 Iteration: 1700 / 6000 [ 28%]  (Sampling) 
Chain 4 Iteration: 1800 / 6000 [ 30%]  (Sampling) 
Chain 3 Iteration: 1700 / 6000 [ 28%]  (Sampling) 
Chain 2 Iteration: 1800 / 6000 [ 30%]  (Sampling) 
Chain 1 Iteration: 1800 / 6000 [ 30%]  (Sampling) 
Chain 4 Iteration: 1900 / 6000 [ 31%]  (Sampling) 
Chain 3 Iteration: 1800 / 6000 [ 30%]  (Sampling) 
Chain 2 Iteration: 1900 / 6000 [ 31%]  (Sampling) 
Chain 1 Iteration: 1900 / 6000 [ 31%]  (Sampling) 
Chain 4 Iteration: 2000 / 6000 [ 33%]  (Sampling) 
Chain 3 Iteration: 1900 / 6000 [ 31%]  (Sampling) 
Chain 2 Iteration: 2000 / 6000 [ 33%]  (Sampling) 
Chain 1 Iteration: 2000 / 6000 [ 33%]  (Sampling) 
Chain 4 Iteration: 2100 / 6000 [ 35%]  (Sampling) 
Chain 3 Iteration: 2000 / 6000 [ 33%]  (Sampling) 
Chain 2 Iteration: 2100 / 6000 [ 35%]  (Sampling) 
Chain 1 Iteration: 2100 / 6000 [ 35%]  (Sampling) 
Chain 4 Iteration: 2200 / 6000 [ 36%]  (Sampling) 
Chain 3 Iteration: 2100 / 6000 [ 35%]  (Sampling) 
Chain 2 Iteration: 2200 / 6000 [ 36%]  (Sampling) 
Chain 1 Iteration: 2200 / 6000 [ 36%]  (Sampling) 
Chain 4 Iteration: 2300 / 6000 [ 38%]  (Sampling) 
Chain 3 Iteration: 2200 / 6000 [ 36%]  (Sampling) 
Chain 2 Iteration: 2300 / 6000 [ 38%]  (Sampling) 
Chain 1 Iteration: 2300 / 6000 [ 38%]  (Sampling) 
Chain 4 Iteration: 2400 / 6000 [ 40%]  (Sampling) 
Chain 3 Iteration: 2300 / 6000 [ 38%]  (Sampling) 
Chain 2 Iteration: 2400 / 6000 [ 40%]  (Sampling) 
Chain 1 Iteration: 2400 / 6000 [ 40%]  (Sampling) 
Chain 4 Iteration: 2500 / 6000 [ 41%]  (Sampling) 
Chain 3 Iteration: 2400 / 6000 [ 40%]  (Sampling) 
Chain 2 Iteration: 2500 / 6000 [ 41%]  (Sampling) 
Chain 1 Iteration: 2500 / 6000 [ 41%]  (Sampling) 
Chain 4 Iteration: 2600 / 6000 [ 43%]  (Sampling) 
Chain 3 Iteration: 2500 / 6000 [ 41%]  (Sampling) 
Chain 2 Iteration: 2600 / 6000 [ 43%]  (Sampling) 
Chain 1 Iteration: 2600 / 6000 [ 43%]  (Sampling) 
Chain 4 Iteration: 2700 / 6000 [ 45%]  (Sampling) 
Chain 3 Iteration: 2600 / 6000 [ 43%]  (Sampling) 
Chain 2 Iteration: 2700 / 6000 [ 45%]  (Sampling) 
Chain 1 Iteration: 2700 / 6000 [ 45%]  (Sampling) 
Chain 4 Iteration: 2800 / 6000 [ 46%]  (Sampling) 
Chain 3 Iteration: 2700 / 6000 [ 45%]  (Sampling) 
Chain 2 Iteration: 2800 / 6000 [ 46%]  (Sampling) 
Chain 1 Iteration: 2800 / 6000 [ 46%]  (Sampling) 
Chain 4 Iteration: 2900 / 6000 [ 48%]  (Sampling) 
Chain 3 Iteration: 2800 / 6000 [ 46%]  (Sampling) 
Chain 2 Iteration: 2900 / 6000 [ 48%]  (Sampling) 
Chain 1 Iteration: 2900 / 6000 [ 48%]  (Sampling) 
Chain 4 Iteration: 3000 / 6000 [ 50%]  (Sampling) 
Chain 3 Iteration: 2900 / 6000 [ 48%]  (Sampling) 
Chain 2 Iteration: 3000 / 6000 [ 50%]  (Sampling) 
Chain 1 Iteration: 3000 / 6000 [ 50%]  (Sampling) 
Chain 4 Iteration: 3100 / 6000 [ 51%]  (Sampling) 
Chain 3 Iteration: 3000 / 6000 [ 50%]  (Sampling) 
Chain 2 Iteration: 3100 / 6000 [ 51%]  (Sampling) 
Chain 1 Iteration: 3100 / 6000 [ 51%]  (Sampling) 
Chain 4 Iteration: 3200 / 6000 [ 53%]  (Sampling) 
Chain 3 Iteration: 3100 / 6000 [ 51%]  (Sampling) 
Chain 2 Iteration: 3200 / 6000 [ 53%]  (Sampling) 
Chain 1 Iteration: 3200 / 6000 [ 53%]  (Sampling) 
Chain 4 Iteration: 3300 / 6000 [ 55%]  (Sampling) 
Chain 3 Iteration: 3200 / 6000 [ 53%]  (Sampling) 
Chain 2 Iteration: 3300 / 6000 [ 55%]  (Sampling) 
Chain 1 Iteration: 3300 / 6000 [ 55%]  (Sampling) 
Chain 4 Iteration: 3400 / 6000 [ 56%]  (Sampling) 
Chain 3 Iteration: 3300 / 6000 [ 55%]  (Sampling) 
Chain 2 Iteration: 3400 / 6000 [ 56%]  (Sampling) 
Chain 1 Iteration: 3400 / 6000 [ 56%]  (Sampling) 
Chain 4 Iteration: 3500 / 6000 [ 58%]  (Sampling) 
Chain 2 Iteration: 3500 / 6000 [ 58%]  (Sampling) 
Chain 3 Iteration: 3400 / 6000 [ 56%]  (Sampling) 
Chain 1 Iteration: 3500 / 6000 [ 58%]  (Sampling) 
Chain 4 Iteration: 3600 / 6000 [ 60%]  (Sampling) 
Chain 2 Iteration: 3600 / 6000 [ 60%]  (Sampling) 
Chain 3 Iteration: 3500 / 6000 [ 58%]  (Sampling) 
Chain 1 Iteration: 3600 / 6000 [ 60%]  (Sampling) 
Chain 4 Iteration: 3700 / 6000 [ 61%]  (Sampling) 
Chain 2 Iteration: 3700 / 6000 [ 61%]  (Sampling) 
Chain 3 Iteration: 3600 / 6000 [ 60%]  (Sampling) 
Chain 1 Iteration: 3700 / 6000 [ 61%]  (Sampling) 
Chain 4 Iteration: 3800 / 6000 [ 63%]  (Sampling) 
Chain 2 Iteration: 3800 / 6000 [ 63%]  (Sampling) 
Chain 3 Iteration: 3700 / 6000 [ 61%]  (Sampling) 
Chain 1 Iteration: 3800 / 6000 [ 63%]  (Sampling) 
Chain 4 Iteration: 3900 / 6000 [ 65%]  (Sampling) 
Chain 2 Iteration: 3900 / 6000 [ 65%]  (Sampling) 
Chain 3 Iteration: 3800 / 6000 [ 63%]  (Sampling) 
Chain 1 Iteration: 3900 / 6000 [ 65%]  (Sampling) 
Chain 4 Iteration: 4000 / 6000 [ 66%]  (Sampling) 
Chain 2 Iteration: 4000 / 6000 [ 66%]  (Sampling) 
Chain 3 Iteration: 3900 / 6000 [ 65%]  (Sampling) 
Chain 1 Iteration: 4000 / 6000 [ 66%]  (Sampling) 
Chain 2 Iteration: 4100 / 6000 [ 68%]  (Sampling) 
Chain 4 Iteration: 4100 / 6000 [ 68%]  (Sampling) 
Chain 3 Iteration: 4000 / 6000 [ 66%]  (Sampling) 
Chain 1 Iteration: 4100 / 6000 [ 68%]  (Sampling) 
Chain 2 Iteration: 4200 / 6000 [ 70%]  (Sampling) 
Chain 4 Iteration: 4200 / 6000 [ 70%]  (Sampling) 
Chain 3 Iteration: 4100 / 6000 [ 68%]  (Sampling) 
Chain 2 Iteration: 4300 / 6000 [ 71%]  (Sampling) 
Chain 1 Iteration: 4200 / 6000 [ 70%]  (Sampling) 
Chain 4 Iteration: 4300 / 6000 [ 71%]  (Sampling) 
Chain 3 Iteration: 4200 / 6000 [ 70%]  (Sampling) 
Chain 2 Iteration: 4400 / 6000 [ 73%]  (Sampling) 
Chain 1 Iteration: 4300 / 6000 [ 71%]  (Sampling) 
Chain 4 Iteration: 4400 / 6000 [ 73%]  (Sampling) 
Chain 3 Iteration: 4300 / 6000 [ 71%]  (Sampling) 
Chain 2 Iteration: 4500 / 6000 [ 75%]  (Sampling) 
Chain 1 Iteration: 4400 / 6000 [ 73%]  (Sampling) 
Chain 4 Iteration: 4500 / 6000 [ 75%]  (Sampling) 
Chain 3 Iteration: 4400 / 6000 [ 73%]  (Sampling) 
Chain 2 Iteration: 4600 / 6000 [ 76%]  (Sampling) 
Chain 1 Iteration: 4500 / 6000 [ 75%]  (Sampling) 
Chain 4 Iteration: 4600 / 6000 [ 76%]  (Sampling) 
Chain 3 Iteration: 4500 / 6000 [ 75%]  (Sampling) 
Chain 2 Iteration: 4700 / 6000 [ 78%]  (Sampling) 
Chain 1 Iteration: 4600 / 6000 [ 76%]  (Sampling) 
Chain 4 Iteration: 4700 / 6000 [ 78%]  (Sampling) 
Chain 3 Iteration: 4600 / 6000 [ 76%]  (Sampling) 
Chain 2 Iteration: 4800 / 6000 [ 80%]  (Sampling) 
Chain 1 Iteration: 4700 / 6000 [ 78%]  (Sampling) 
Chain 4 Iteration: 4800 / 6000 [ 80%]  (Sampling) 
Chain 3 Iteration: 4700 / 6000 [ 78%]  (Sampling) 
Chain 2 Iteration: 4900 / 6000 [ 81%]  (Sampling) 
Chain 1 Iteration: 4800 / 6000 [ 80%]  (Sampling) 
Chain 4 Iteration: 4900 / 6000 [ 81%]  (Sampling) 
Chain 3 Iteration: 4800 / 6000 [ 80%]  (Sampling) 
Chain 2 Iteration: 5000 / 6000 [ 83%]  (Sampling) 
Chain 1 Iteration: 4900 / 6000 [ 81%]  (Sampling) 
Chain 4 Iteration: 5000 / 6000 [ 83%]  (Sampling) 
Chain 3 Iteration: 4900 / 6000 [ 81%]  (Sampling) 
Chain 2 Iteration: 5100 / 6000 [ 85%]  (Sampling) 
Chain 1 Iteration: 5000 / 6000 [ 83%]  (Sampling) 
Chain 4 Iteration: 5100 / 6000 [ 85%]  (Sampling) 
Chain 3 Iteration: 5000 / 6000 [ 83%]  (Sampling) 
Chain 2 Iteration: 5200 / 6000 [ 86%]  (Sampling) 
Chain 1 Iteration: 5100 / 6000 [ 85%]  (Sampling) 
Chain 4 Iteration: 5200 / 6000 [ 86%]  (Sampling) 
Chain 3 Iteration: 5100 / 6000 [ 85%]  (Sampling) 
Chain 2 Iteration: 5300 / 6000 [ 88%]  (Sampling) 
Chain 1 Iteration: 5200 / 6000 [ 86%]  (Sampling) 
Chain 4 Iteration: 5300 / 6000 [ 88%]  (Sampling) 
Chain 3 Iteration: 5200 / 6000 [ 86%]  (Sampling) 
Chain 2 Iteration: 5400 / 6000 [ 90%]  (Sampling) 
Chain 1 Iteration: 5300 / 6000 [ 88%]  (Sampling) 
Chain 4 Iteration: 5400 / 6000 [ 90%]  (Sampling) 
Chain 3 Iteration: 5300 / 6000 [ 88%]  (Sampling) 
Chain 2 Iteration: 5500 / 6000 [ 91%]  (Sampling) 
Chain 1 Iteration: 5400 / 6000 [ 90%]  (Sampling) 
Chain 4 Iteration: 5500 / 6000 [ 91%]  (Sampling) 
Chain 3 Iteration: 5400 / 6000 [ 90%]  (Sampling) 
Chain 2 Iteration: 5600 / 6000 [ 93%]  (Sampling) 
Chain 1 Iteration: 5500 / 6000 [ 91%]  (Sampling) 
Chain 4 Iteration: 5600 / 6000 [ 93%]  (Sampling) 
Chain 3 Iteration: 5500 / 6000 [ 91%]  (Sampling) 
Chain 2 Iteration: 5700 / 6000 [ 95%]  (Sampling) 
Chain 1 Iteration: 5600 / 6000 [ 93%]  (Sampling) 
Chain 4 Iteration: 5700 / 6000 [ 95%]  (Sampling) 
Chain 3 Iteration: 5600 / 6000 [ 93%]  (Sampling) 
Chain 2 Iteration: 5800 / 6000 [ 96%]  (Sampling) 
Chain 1 Iteration: 5700 / 6000 [ 95%]  (Sampling) 
Chain 4 Iteration: 5800 / 6000 [ 96%]  (Sampling) 
Chain 3 Iteration: 5700 / 6000 [ 95%]  (Sampling) 
Chain 2 Iteration: 5900 / 6000 [ 98%]  (Sampling) 
Chain 1 Iteration: 5800 / 6000 [ 96%]  (Sampling) 
Chain 4 Iteration: 5900 / 6000 [ 98%]  (Sampling) 
Chain 3 Iteration: 5800 / 6000 [ 96%]  (Sampling) 
Chain 2 Iteration: 6000 / 6000 [100%]  (Sampling) 
Chain 2 finished in 1605.5 seconds.
Chain 1 Iteration: 5900 / 6000 [ 98%]  (Sampling) 
Chain 4 Iteration: 6000 / 6000 [100%]  (Sampling) 
Chain 4 finished in 1618.7 seconds.
Chain 3 Iteration: 5900 / 6000 [ 98%]  (Sampling) 
Chain 1 Iteration: 6000 / 6000 [100%]  (Sampling) 
Chain 1 finished in 1638.5 seconds.
Chain 3 Iteration: 6000 / 6000 [100%]  (Sampling) 
Chain 3 finished in 1644.2 seconds.

All 4 chains finished successfully.
Mean chain execution time: 1626.7 seconds.
Total execution time: 1644.6 seconds.

[1] "Processing draws 1 to 100"
[1] "Chunk time = 52.7707567214966"
[1] "Processing draws 101 to 200"
[1] "Chunk time = 19.0962040424347"
[1] "Processing draws 201 to 300"
[1] "Chunk time = 18.7174799442291"
[1] "Processing draws 301 to 400"
[1] "Chunk time = 18.1022534370422"
[1] "Processing draws 401 to 500"
[1] "Chunk time = 17.9828987121582"
[1] "Processing draws 501 to 600"
[1] "Chunk time = 18.3588199615479"
[1] "Processing draws 601 to 700"
[1] "Chunk time = 17.8450663089752"
[1] "Processing draws 701 to 800"
[1] "Chunk time = 17.9487020969391"
[1] "Processing draws 801 to 900"
[1] "Chunk time = 18.1996774673462"
[1] "Processing draws 901 to 1000"
[1] "Chunk time = 18.0180377960205"
[1] "Processing draws 1001 to 1100"
[1] "Chunk time = 18.2003383636475"
[1] "Processing draws 1101 to 1200"
[1] "Chunk time = 18.0470733642578"
[1] "Processing draws 1201 to 1300"
[1] "Chunk time = 18.2930898666382"
[1] "Processing draws 1301 to 1400"
[1] "Chunk time = 17.9257400035858"
[1] "Processing draws 1401 to 1500"
[1] "Chunk time = 18.1146686077118"
[1] "Processing draws 1501 to 1600"
[1] "Chunk time = 18.0541753768921"
[1] "Processing draws 1601 to 1700"
[1] "Chunk time = 18.1711375713348"
[1] "Processing draws 1701 to 1800"
[1] "Chunk time = 17.9543261528015"
[1] "Processing draws 1801 to 1900"
[1] "Chunk time = 18.0826373100281"
[1] "Processing draws 1901 to 2000"
[1] "Chunk time = 17.7304944992065"
[1] "Processing draws 2001 to 2100"
[1] "Chunk time = 17.7281908988953"
[1] "Processing draws 2101 to 2200"
[1] "Chunk time = 18.0182008743286"
[1] "Processing draws 2201 to 2300"
[1] "Chunk time = 17.7347061634064"
[1] "Processing draws 2301 to 2400"
[1] "Chunk time = 17.9028396606445"
[1] "Processing draws 2401 to 2500"
[1] "Chunk time = 18.0893743038177"
[1] "Processing draws 2501 to 2600"
[1] "Chunk time = 17.7259585857391"
[1] "Processing draws 2601 to 2700"
[1] "Chunk time = 17.9924440383911"
[1] "Processing draws 2701 to 2800"
[1] "Chunk time = 18.3347885608673"
[1] "Processing draws 2801 to 2900"
[1] "Chunk time = 17.9105169773102"
[1] "Processing draws 2901 to 3000"
[1] "Chunk time = 18.0212502479553"
[1] "Processing draws 3001 to 3100"
[1] "Chunk time = 17.9788780212402"
[1] "Processing draws 3101 to 3200"
[1] "Chunk time = 17.8339705467224"
[1] "Processing draws 3201 to 3300"
[1] "Chunk time = 18.3036942481995"
[1] "Processing draws 3301 to 3400"
[1] "Chunk time = 17.9013719558716"
[1] "Processing draws 3401 to 3500"
[1] "Chunk time = 17.7234032154083"
[1] "Processing draws 3501 to 3600"
[1] "Chunk time = 17.5633010864258"
[1] "Processing draws 3601 to 3700"
[1] "Chunk time = 17.9567573070526"
[1] "Processing draws 3701 to 3800"
[1] "Chunk time = 18.0114426612854"
[1] "Processing draws 3801 to 3900"
[1] "Chunk time = 17.9223968982697"
[1] "Processing draws 3901 to 4000"
[1] "Chunk time = 17.9974572658539"
[1] "Processing draws 4001 to 4100"
[1] "Chunk time = 18.2303838729858"
[1] "Processing draws 4101 to 4200"
[1] "Chunk time = 17.7435343265533"
[1] "Processing draws 4201 to 4300"
[1] "Chunk time = 17.9740166664124"
[1] "Processing draws 4301 to 4400"
[1] "Chunk time = 18.010231256485"
[1] "Processing draws 4401 to 4500"
[1] "Chunk time = 17.6884021759033"
[1] "Processing draws 4501 to 4600"
[1] "Chunk time = 17.9488527774811"
[1] "Processing draws 4601 to 4700"
[1] "Chunk time = 17.5201210975647"
[1] "Processing draws 4701 to 4800"
[1] "Chunk time = 17.5226647853851"
[1] "Processing draws 4801 to 4900"
[1] "Chunk time = 17.9574656486511"
[1] "Processing draws 4901 to 5000"
[1] "Chunk time = 17.7052285671234"
[1] "Processing draws 5001 to 5100"
[1] "Chunk time = 17.7001662254333"
[1] "Processing draws 5101 to 5200"
[1] "Chunk time = 17.99090051651"
[1] "Processing draws 5201 to 5300"
[1] "Chunk time = 17.6789793968201"
[1] "Processing draws 5301 to 5400"
[1] "Chunk time = 17.6486637592316"
[1] "Processing draws 5401 to 5500"
[1] "Chunk time = 18.4778726100922"
[1] "Processing draws 5501 to 5600"
[1] "Chunk time = 17.6293208599091"
[1] "Processing draws 5601 to 5700"
[1] "Chunk time = 17.9020674228668"
[1] "Processing draws 5701 to 5800"
[1] "Chunk time = 17.6827549934387"
[1] "Processing draws 5801 to 5900"
[1] "Chunk time = 17.7828478813171"
[1] "Processing draws 5901 to 6000"
[1] "Chunk time = 17.9602470397949"
[1] "Processing draws 6001 to 6100"
[1] "Chunk time = 18.0222082138062"
[1] "Processing draws 6101 to 6200"
[1] "Chunk time = 17.5905237197876"
[1] "Processing draws 6201 to 6300"
[1] "Chunk time = 17.8656115531921"
[1] "Processing draws 6301 to 6400"
[1] "Chunk time = 17.891615152359"
[1] "Processing draws 6401 to 6500"
[1] "Chunk time = 17.6561579704285"
[1] "Processing draws 6501 to 6600"
[1] "Chunk time = 17.94588804245"
[1] "Processing draws 6601 to 6700"
[1] "Chunk time = 17.8723592758179"
[1] "Processing draws 6701 to 6800"
[1] "Chunk time = 17.9094040393829"
[1] "Processing draws 6801 to 6900"
[1] "Chunk time = 17.8622097969055"
[1] "Processing draws 6901 to 7000"
[1] "Chunk time = 17.8839430809021"
[1] "Processing draws 7001 to 7100"
[1] "Chunk time = 18.114438533783"
[1] "Processing draws 7101 to 7200"
[1] "Chunk time = 17.8609135150909"
[1] "Processing draws 7201 to 7300"
[1] "Chunk time = 18.3728387355804"
[1] "Processing draws 7301 to 7400"
[1] "Chunk time = 17.8403377532959"
[1] "Processing draws 7401 to 7500"
[1] "Chunk time = 17.6551849842072"
[1] "Processing draws 7501 to 7600"
[1] "Chunk time = 17.9239089488983"
[1] "Processing draws 7601 to 7700"
[1] "Chunk time = 18.1807522773743"
[1] "Processing draws 7701 to 7800"
[1] "Chunk time = 17.7418968677521"
[1] "Processing draws 7801 to 7900"
[1] "Chunk time = 17.9419806003571"
[1] "Processing draws 7901 to 8000"
[1] "Chunk time = 17.7437686920166"
[1] "Processing draws 8001 to 8100"
[1] "Chunk time = 17.9313354492188"
[1] "Processing draws 8101 to 8200"
[1] "Chunk time = 18.4431319236755"
[1] "Processing draws 8201 to 8300"
[1] "Chunk time = 17.8080205917358"
[1] "Processing draws 8301 to 8400"
[1] "Chunk time = 18.113639831543"
[1] "Processing draws 8401 to 8500"
[1] "Chunk time = 18.2021641731262"
[1] "Processing draws 8501 to 8600"
[1] "Chunk time = 17.8185307979584"
[1] "Processing draws 8601 to 8700"
[1] "Chunk time = 17.6886060237885"
[1] "Processing draws 8701 to 8800"
[1] "Chunk time = 17.8430328369141"
[1] "Processing draws 8801 to 8900"
[1] "Chunk time = 17.9525344371796"
[1] "Processing draws 8901 to 9000"
[1] "Chunk time = 17.9312033653259"
[1] "Processing draws 9001 to 9100"
[1] "Chunk time = 18.1524083614349"
[1] "Processing draws 9101 to 9200"
[1] "Chunk time = 18.0069835186005"
[1] "Processing draws 9201 to 9300"
[1] "Chunk time = 18.2993443012238"
[1] "Processing draws 9301 to 9400"
[1] "Chunk time = 18.2049162387848"
[1] "Processing draws 9401 to 9500"
[1] "Chunk time = 18.0969712734222"
[1] "Processing draws 9501 to 9600"
[1] "Chunk time = 18.2683434486389"
[1] "Processing draws 9601 to 9700"
[1] "Chunk time = 18.3129940032959"
[1] "Processing draws 9701 to 9800"
[1] "Chunk time = 17.9978008270264"
[1] "Processing draws 9801 to 9900"
[1] "Chunk time = 18.2975668907166"
[1] "Processing draws 9901 to 10000"
[1] "Chunk time = 18.3620231151581"
[1] "Processing draws 10001 to 10100"
[1] "Chunk time = 18.3203339576721"
[1] "Processing draws 10101 to 10200"
[1] "Chunk time = 18.1186993122101"
[1] "Processing draws 10201 to 10300"
[1] "Chunk time = 18.1774365901947"
[1] "Processing draws 10301 to 10400"
[1] "Chunk time = 18.3492691516876"
[1] "Processing draws 10401 to 10500"
[1] "Chunk time = 18.3271193504333"
[1] "Processing draws 10501 to 10600"
[1] "Chunk time = 18.2544152736664"
[1] "Processing draws 10601 to 10700"
[1] "Chunk time = 18.2509768009186"
[1] "Processing draws 10701 to 10800"
[1] "Chunk time = 18.0480980873108"
[1] "Processing draws 10801 to 10900"
[1] "Chunk time = 18.6017565727234"
[1] "Processing draws 10901 to 11000"
[1] "Chunk time = 18.1629717350006"
[1] "Processing draws 11001 to 11100"
[1] "Chunk time = 18.0823183059692"
[1] "Processing draws 11101 to 11200"
[1] "Chunk time = 19.3988306522369"
[1] "Processing draws 11201 to 11300"
[1] "Chunk time = 18.869980096817"
[1] "Processing draws 11301 to 11400"
[1] "Chunk time = 18.3959200382233"
[1] "Processing draws 11401 to 11500"
[1] "Chunk time = 18.8728520870209"
[1] "Processing draws 11501 to 11600"
[1] "Chunk time = 18.3443026542664"
[1] "Processing draws 11601 to 11700"
[1] "Chunk time = 18.5764534473419"
[1] "Processing draws 11701 to 11800"
[1] "Chunk time = 18.8244948387146"
[1] "Processing draws 11801 to 11900"
[1] "Chunk time = 18.5257527828217"
[1] "Processing draws 11901 to 12000"
[1] "Chunk time = 18.332674741745"
[1] "Processing draws 12001 to 12100"
[1] "Chunk time = 18.668084859848"
[1] "Processing draws 12101 to 12200"
[1] "Chunk time = 18.5690159797668"
[1] "Processing draws 12201 to 12300"
[1] "Chunk time = 18.5099821090698"
[1] "Processing draws 12301 to 12400"
[1] "Chunk time = 18.6840300559998"
[1] "Processing draws 12401 to 12500"
[1] "Chunk time = 18.4390304088593"
[1] "Processing draws 12501 to 12600"
[1] "Chunk time = 18.6182475090027"
[1] "Processing draws 12601 to 12700"
[1] "Chunk time = 18.7161211967468"
[1] "Processing draws 12701 to 12800"
[1] "Chunk time = 18.398900270462"
[1] "Processing draws 12801 to 12900"
[1] "Chunk time = 18.6172239780426"
[1] "Processing draws 12901 to 13000"
[1] "Chunk time = 18.4360725879669"
[1] "Processing draws 13001 to 13100"
[1] "Chunk time = 17.8760721683502"
[1] "Processing draws 13101 to 13200"
[1] "Chunk time = 18.1138482093811"
[1] "Processing draws 13201 to 13300"
[1] "Chunk time = 18.1690468788147"
[1] "Processing draws 13301 to 13400"
[1] "Chunk time = 18.0507619380951"
[1] "Processing draws 13401 to 13500"
[1] "Chunk time = 17.9346103668213"
[1] "Processing draws 13501 to 13600"
[1] "Chunk time = 18.6033074855804"
[1] "Processing draws 13601 to 13700"
[1] "Chunk time = 18.45756316185"
[1] "Processing draws 13701 to 13800"
[1] "Chunk time = 18.2006397247314"
[1] "Processing draws 13801 to 13900"
[1] "Chunk time = 18.3013935089111"
[1] "Processing draws 13901 to 14000"
[1] "Chunk time = 18.2193586826324"
[1] "Processing draws 14001 to 14100"
[1] "Chunk time = 18.3068871498108"
[1] "Processing draws 14101 to 14200"
[1] "Chunk time = 18.1864860057831"
[1] "Processing draws 14201 to 14300"
[1] "Chunk time = 18.2089796066284"
[1] "Processing draws 14301 to 14400"
[1] "Chunk time = 18.0542266368866"
[1] "Processing draws 14401 to 14500"
[1] "Chunk time = 18.4838831424713"
[1] "Processing draws 14501 to 14600"
[1] "Chunk time = 17.9422159194946"
[1] "Processing draws 14601 to 14700"
[1] "Chunk time = 18.0238797664642"
[1] "Processing draws 14701 to 14800"
[1] "Chunk time = 18.428432226181"
[1] "Processing draws 14801 to 14900"
[1] "Chunk time = 18.4702053070068"
[1] "Processing draws 14901 to 15000"
[1] "Chunk time = 18.1864767074585"
[1] "Processing draws 15001 to 15100"
[1] "Chunk time = 18.4113011360168"
[1] "Processing draws 15101 to 15200"
[1] "Chunk time = 18.1714236736298"
[1] "Processing draws 15201 to 15300"
[1] "Chunk time = 18.1726033687592"
[1] "Processing draws 15301 to 15400"
[1] "Chunk time = 18.8126952648163"
[1] "Processing draws 15401 to 15500"
[1] "Chunk time = 18.1914494037628"
[1] "Processing draws 15501 to 15600"
[1] "Chunk time = 18.2022411823273"
[1] "Processing draws 15601 to 15700"
[1] "Chunk time = 18.4260218143463"
[1] "Processing draws 15701 to 15800"
[1] "Chunk time = 18.1546740531921"
[1] "Processing draws 15801 to 15900"
[1] "Chunk time = 18.4219582080841"
[1] "Processing draws 15901 to 16000"
[1] "Chunk time = 18.4744513034821"
[1] "Processing draws 16001 to 16100"
[1] "Chunk time = 18.3515357971191"
[1] "Processing draws 16101 to 16200"
[1] "Chunk time = 18.3693878650665"
[1] "Processing draws 16201 to 16300"
[1] "Chunk time = 18.5452597141266"
[1] "Processing draws 16301 to 16400"
[1] "Chunk time = 18.2125549316406"
[1] "Processing draws 16401 to 16500"
[1] "Chunk time = 18.5715568065643"
[1] "Processing draws 16501 to 16600"
[1] "Chunk time = 18.5123155117035"
[1] "Processing draws 16601 to 16700"
[1] "Chunk time = 18.2159020900726"
[1] "Processing draws 16701 to 16800"
[1] "Chunk time = 18.1350057125092"
[1] "Processing draws 16801 to 16900"
[1] "Chunk time = 18.2269382476807"
[1] "Processing draws 16901 to 17000"
[1] "Chunk time = 18.2756991386414"
[1] "Processing draws 17001 to 17100"
[1] "Chunk time = 18.1942150592804"
[1] "Processing draws 17101 to 17200"
[1] "Chunk time = 18.5068333148956"
[1] "Processing draws 17201 to 17300"
[1] "Chunk time = 18.1676223278046"
[1] "Processing draws 17301 to 17400"
[1] "Chunk time = 18.0031538009644"
[1] "Processing draws 17401 to 17500"
[1] "Chunk time = 18.0499196052551"
[1] "Processing draws 17501 to 17600"
[1] "Chunk time = 18.2602369785309"
[1] "Processing draws 17601 to 17700"
[1] "Chunk time = 18.1313576698303"
[1] "Processing draws 17701 to 17800"
[1] "Chunk time = 18.2844808101654"
[1] "Processing draws 17801 to 17900"
[1] "Chunk time = 17.9285950660706"
[1] "Processing draws 17901 to 18000"
[1] "Chunk time = 18.0096733570099"
[1] "Processing draws 18001 to 18100"
[1] "Chunk time = 18.7869787216187"
[1] "Processing draws 18101 to 18200"
[1] "Chunk time = 18.2061159610748"
[1] "Processing draws 18201 to 18300"
[1] "Chunk time = 18.2130532264709"
[1] "Processing draws 18301 to 18400"
[1] "Chunk time = 18.3523962497711"
[1] "Processing draws 18401 to 18500"
[1] "Chunk time = 18.3508496284485"
[1] "Processing draws 18501 to 18600"
[1] "Chunk time = 18.0273470878601"
[1] "Processing draws 18601 to 18700"
[1] "Chunk time = 18.6535687446594"
[1] "Processing draws 18701 to 18800"
[1] "Chunk time = 18.0563998222351"
[1] "Processing draws 18801 to 18900"
[1] "Chunk time = 18.302277803421"
[1] "Processing draws 18901 to 19000"
[1] "Chunk time = 18.266405582428"
[1] "Processing draws 19001 to 19100"
[1] "Chunk time = 17.9952507019043"
[1] "Processing draws 19101 to 19200"
[1] "Chunk time = 18.1750137805939"
[1] "Processing draws 19201 to 19300"
[1] "Chunk time = 18.3998279571533"
[1] "Processing draws 19301 to 19400"
[1] "Chunk time = 18.0590567588806"
[1] "Processing draws 19401 to 19500"
[1] "Chunk time = 18.2393035888672"
[1] "Processing draws 19501 to 19600"
[1] "Chunk time = 18.292519569397"
[1] "Processing draws 19601 to 19700"
[1] "Chunk time = 18.1739451885223"
[1] "Processing draws 19701 to 19800"
[1] "Chunk time = 18.1827447414398"
[1] "Processing draws 19801 to 19900"
[1] "Chunk time = 18.3628454208374"
[1] "Processing draws 19901 to 20000"
[1] "Chunk time = 18.2458789348602"
[1] "done lapplying"
[1] "Saving current params"
[1] "Saving params to output.rds"
[1] TRUE
