[1] "Starting sampling."
Running MCMC with 4 parallel chains, with 4 thread(s) per chain...

Chain 1 Iteration:    1 / 6000 [  0%]  (Warmup) 
Chain 2 Iteration:    1 / 6000 [  0%]  (Warmup) 
Chain 3 Iteration:    1 / 6000 [  0%]  (Warmup) 
Chain 4 Iteration:    1 / 6000 [  0%]  (Warmup) 
Chain 1 Iteration:  100 / 6000 [  1%]  (Warmup) 
Chain 3 Iteration:  100 / 6000 [  1%]  (Warmup) 
Chain 2 Iteration:  100 / 6000 [  1%]  (Warmup) 
Chain 4 Iteration:  100 / 6000 [  1%]  (Warmup) 
Chain 1 Iteration:  200 / 6000 [  3%]  (Warmup) 
Chain 3 Iteration:  200 / 6000 [  3%]  (Warmup) 
Chain 2 Iteration:  200 / 6000 [  3%]  (Warmup) 
Chain 4 Iteration:  200 / 6000 [  3%]  (Warmup) 
Chain 1 Iteration:  300 / 6000 [  5%]  (Warmup) 
Chain 3 Iteration:  300 / 6000 [  5%]  (Warmup) 
Chain 2 Iteration:  300 / 6000 [  5%]  (Warmup) 
Chain 4 Iteration:  300 / 6000 [  5%]  (Warmup) 
Chain 1 Iteration:  400 / 6000 [  6%]  (Warmup) 
Chain 3 Iteration:  400 / 6000 [  6%]  (Warmup) 
Chain 4 Iteration:  400 / 6000 [  6%]  (Warmup) 
Chain 2 Iteration:  400 / 6000 [  6%]  (Warmup) 
Chain 1 Iteration:  500 / 6000 [  8%]  (Warmup) 
Chain 3 Iteration:  500 / 6000 [  8%]  (Warmup) 
Chain 2 Iteration:  500 / 6000 [  8%]  (Warmup) 
Chain 4 Iteration:  500 / 6000 [  8%]  (Warmup) 
Chain 1 Iteration:  600 / 6000 [ 10%]  (Warmup) 
Chain 3 Iteration:  600 / 6000 [ 10%]  (Warmup) 
Chain 1 Iteration:  700 / 6000 [ 11%]  (Warmup) 
Chain 4 Iteration:  600 / 6000 [ 10%]  (Warmup) 
Chain 2 Iteration:  600 / 6000 [ 10%]  (Warmup) 
Chain 1 Iteration:  800 / 6000 [ 13%]  (Warmup) 
Chain 3 Iteration:  700 / 6000 [ 11%]  (Warmup) 
Chain 4 Iteration:  700 / 6000 [ 11%]  (Warmup) 
Chain 2 Iteration:  700 / 6000 [ 11%]  (Warmup) 
Chain 1 Iteration:  900 / 6000 [ 15%]  (Warmup) 
Chain 3 Iteration:  800 / 6000 [ 13%]  (Warmup) 
Chain 4 Iteration:  800 / 6000 [ 13%]  (Warmup) 
Chain 2 Iteration:  800 / 6000 [ 13%]  (Warmup) 
Chain 1 Iteration: 1000 / 6000 [ 16%]  (Warmup) 
Chain 1 Iteration: 1001 / 6000 [ 16%]  (Sampling) 
Chain 3 Iteration:  900 / 6000 [ 15%]  (Warmup) 
Chain 2 Iteration:  900 / 6000 [ 15%]  (Warmup) 
Chain 4 Iteration:  900 / 6000 [ 15%]  (Warmup) 
Chain 1 Iteration: 1100 / 6000 [ 18%]  (Sampling) 
Chain 3 Iteration: 1000 / 6000 [ 16%]  (Warmup) 
Chain 3 Iteration: 1001 / 6000 [ 16%]  (Sampling) 
Chain 2 Iteration: 1000 / 6000 [ 16%]  (Warmup) 
Chain 2 Iteration: 1001 / 6000 [ 16%]  (Sampling) 
Chain 4 Iteration: 1000 / 6000 [ 16%]  (Warmup) 
Chain 4 Iteration: 1001 / 6000 [ 16%]  (Sampling) 
Chain 1 Iteration: 1200 / 6000 [ 20%]  (Sampling) 
Chain 3 Iteration: 1100 / 6000 [ 18%]  (Sampling) 
Chain 2 Iteration: 1100 / 6000 [ 18%]  (Sampling) 
Chain 4 Iteration: 1100 / 6000 [ 18%]  (Sampling) 
Chain 1 Iteration: 1300 / 6000 [ 21%]  (Sampling) 
Chain 3 Iteration: 1200 / 6000 [ 20%]  (Sampling) 
Chain 2 Iteration: 1200 / 6000 [ 20%]  (Sampling) 
Chain 4 Iteration: 1200 / 6000 [ 20%]  (Sampling) 
Chain 1 Iteration: 1400 / 6000 [ 23%]  (Sampling) 
Chain 3 Iteration: 1300 / 6000 [ 21%]  (Sampling) 
Chain 1 Iteration: 1500 / 6000 [ 25%]  (Sampling) 
Chain 2 Iteration: 1300 / 6000 [ 21%]  (Sampling) 
Chain 4 Iteration: 1300 / 6000 [ 21%]  (Sampling) 
Chain 1 Iteration: 1600 / 6000 [ 26%]  (Sampling) 
Chain 3 Iteration: 1400 / 6000 [ 23%]  (Sampling) 
Chain 2 Iteration: 1400 / 6000 [ 23%]  (Sampling) 
Chain 4 Iteration: 1400 / 6000 [ 23%]  (Sampling) 
Chain 1 Iteration: 1700 / 6000 [ 28%]  (Sampling) 
Chain 3 Iteration: 1500 / 6000 [ 25%]  (Sampling) 
Chain 2 Iteration: 1500 / 6000 [ 25%]  (Sampling) 
Chain 4 Iteration: 1500 / 6000 [ 25%]  (Sampling) 
Chain 1 Iteration: 1800 / 6000 [ 30%]  (Sampling) 
Chain 3 Iteration: 1600 / 6000 [ 26%]  (Sampling) 
Chain 2 Iteration: 1600 / 6000 [ 26%]  (Sampling) 
Chain 4 Iteration: 1600 / 6000 [ 26%]  (Sampling) 
Chain 1 Iteration: 1900 / 6000 [ 31%]  (Sampling) 
Chain 3 Iteration: 1700 / 6000 [ 28%]  (Sampling) 
Chain 1 Iteration: 2000 / 6000 [ 33%]  (Sampling) 
Chain 2 Iteration: 1700 / 6000 [ 28%]  (Sampling) 
Chain 4 Iteration: 1700 / 6000 [ 28%]  (Sampling) 
Chain 3 Iteration: 1800 / 6000 [ 30%]  (Sampling) 
Chain 1 Iteration: 2100 / 6000 [ 35%]  (Sampling) 
Chain 2 Iteration: 1800 / 6000 [ 30%]  (Sampling) 
Chain 4 Iteration: 1800 / 6000 [ 30%]  (Sampling) 
Chain 1 Iteration: 2200 / 6000 [ 36%]  (Sampling) 
Chain 3 Iteration: 1900 / 6000 [ 31%]  (Sampling) 
Chain 2 Iteration: 1900 / 6000 [ 31%]  (Sampling) 
Chain 4 Iteration: 1900 / 6000 [ 31%]  (Sampling) 
Chain 1 Iteration: 2300 / 6000 [ 38%]  (Sampling) 
Chain 3 Iteration: 2000 / 6000 [ 33%]  (Sampling) 
Chain 2 Iteration: 2000 / 6000 [ 33%]  (Sampling) 
Chain 4 Iteration: 2000 / 6000 [ 33%]  (Sampling) 
Chain 1 Iteration: 2400 / 6000 [ 40%]  (Sampling) 
Chain 3 Iteration: 2100 / 6000 [ 35%]  (Sampling) 
Chain 2 Iteration: 2100 / 6000 [ 35%]  (Sampling) 
Chain 4 Iteration: 2100 / 6000 [ 35%]  (Sampling) 
Chain 1 Iteration: 2500 / 6000 [ 41%]  (Sampling) 
Chain 3 Iteration: 2200 / 6000 [ 36%]  (Sampling) 
Chain 2 Iteration: 2200 / 6000 [ 36%]  (Sampling) 
Chain 4 Iteration: 2200 / 6000 [ 36%]  (Sampling) 
Chain 1 Iteration: 2600 / 6000 [ 43%]  (Sampling) 
Chain 3 Iteration: 2300 / 6000 [ 38%]  (Sampling) 
Chain 1 Iteration: 2700 / 6000 [ 45%]  (Sampling) 
Chain 2 Iteration: 2300 / 6000 [ 38%]  (Sampling) 
Chain 4 Iteration: 2300 / 6000 [ 38%]  (Sampling) 
Chain 1 Iteration: 2800 / 6000 [ 46%]  (Sampling) 
Chain 3 Iteration: 2400 / 6000 [ 40%]  (Sampling) 
Chain 2 Iteration: 2400 / 6000 [ 40%]  (Sampling) 
Chain 4 Iteration: 2400 / 6000 [ 40%]  (Sampling) 
Chain 1 Iteration: 2900 / 6000 [ 48%]  (Sampling) 
Chain 3 Iteration: 2500 / 6000 [ 41%]  (Sampling) 
Chain 2 Iteration: 2500 / 6000 [ 41%]  (Sampling) 
Chain 4 Iteration: 2500 / 6000 [ 41%]  (Sampling) 
Chain 1 Iteration: 3000 / 6000 [ 50%]  (Sampling) 
Chain 3 Iteration: 2600 / 6000 [ 43%]  (Sampling) 
Chain 2 Iteration: 2600 / 6000 [ 43%]  (Sampling) 
Chain 4 Iteration: 2600 / 6000 [ 43%]  (Sampling) 
Chain 1 Iteration: 3100 / 6000 [ 51%]  (Sampling) 
Chain 3 Iteration: 2700 / 6000 [ 45%]  (Sampling) 
Chain 2 Iteration: 2700 / 6000 [ 45%]  (Sampling) 
Chain 4 Iteration: 2700 / 6000 [ 45%]  (Sampling) 
Chain 1 Iteration: 3200 / 6000 [ 53%]  (Sampling) 
Chain 3 Iteration: 2800 / 6000 [ 46%]  (Sampling) 
Chain 1 Iteration: 3300 / 6000 [ 55%]  (Sampling) 
Chain 2 Iteration: 2800 / 6000 [ 46%]  (Sampling) 
Chain 4 Iteration: 2800 / 6000 [ 46%]  (Sampling) 
Chain 1 Iteration: 3400 / 6000 [ 56%]  (Sampling) 
Chain 3 Iteration: 2900 / 6000 [ 48%]  (Sampling) 
Chain 2 Iteration: 2900 / 6000 [ 48%]  (Sampling) 
Chain 4 Iteration: 2900 / 6000 [ 48%]  (Sampling) 
Chain 1 Iteration: 3500 / 6000 [ 58%]  (Sampling) 
Chain 3 Iteration: 3000 / 6000 [ 50%]  (Sampling) 
Chain 2 Iteration: 3000 / 6000 [ 50%]  (Sampling) 
Chain 4 Iteration: 3000 / 6000 [ 50%]  (Sampling) 
Chain 1 Iteration: 3600 / 6000 [ 60%]  (Sampling) 
Chain 3 Iteration: 3100 / 6000 [ 51%]  (Sampling) 
Chain 2 Iteration: 3100 / 6000 [ 51%]  (Sampling) 
Chain 4 Iteration: 3100 / 6000 [ 51%]  (Sampling) 
Chain 1 Iteration: 3700 / 6000 [ 61%]  (Sampling) 
Chain 3 Iteration: 3200 / 6000 [ 53%]  (Sampling) 
Chain 2 Iteration: 3200 / 6000 [ 53%]  (Sampling) 
Chain 4 Iteration: 3200 / 6000 [ 53%]  (Sampling) 
Chain 1 Iteration: 3800 / 6000 [ 63%]  (Sampling) 
Chain 3 Iteration: 3300 / 6000 [ 55%]  (Sampling) 
Chain 1 Iteration: 3900 / 6000 [ 65%]  (Sampling) 
Chain 2 Iteration: 3300 / 6000 [ 55%]  (Sampling) 
Chain 4 Iteration: 3300 / 6000 [ 55%]  (Sampling) 
Chain 1 Iteration: 4000 / 6000 [ 66%]  (Sampling) 
Chain 3 Iteration: 3400 / 6000 [ 56%]  (Sampling) 
Chain 2 Iteration: 3400 / 6000 [ 56%]  (Sampling) 
Chain 4 Iteration: 3400 / 6000 [ 56%]  (Sampling) 
Chain 1 Iteration: 4100 / 6000 [ 68%]  (Sampling) 
Chain 3 Iteration: 3500 / 6000 [ 58%]  (Sampling) 
Chain 2 Iteration: 3500 / 6000 [ 58%]  (Sampling) 
Chain 4 Iteration: 3500 / 6000 [ 58%]  (Sampling) 
Chain 1 Iteration: 4200 / 6000 [ 70%]  (Sampling) 
Chain 3 Iteration: 3600 / 6000 [ 60%]  (Sampling) 
Chain 2 Iteration: 3600 / 6000 [ 60%]  (Sampling) 
Chain 4 Iteration: 3600 / 6000 [ 60%]  (Sampling) 
Chain 1 Iteration: 4300 / 6000 [ 71%]  (Sampling) 
Chain 3 Iteration: 3700 / 6000 [ 61%]  (Sampling) 
Chain 1 Iteration: 4400 / 6000 [ 73%]  (Sampling) 
Chain 2 Iteration: 3700 / 6000 [ 61%]  (Sampling) 
Chain 4 Iteration: 3700 / 6000 [ 61%]  (Sampling) 
Chain 1 Iteration: 4500 / 6000 [ 75%]  (Sampling) 
Chain 3 Iteration: 3800 / 6000 [ 63%]  (Sampling) 
Chain 2 Iteration: 3800 / 6000 [ 63%]  (Sampling) 
Chain 4 Iteration: 3800 / 6000 [ 63%]  (Sampling) 
Chain 1 Iteration: 4600 / 6000 [ 76%]  (Sampling) 
Chain 3 Iteration: 3900 / 6000 [ 65%]  (Sampling) 
Chain 2 Iteration: 3900 / 6000 [ 65%]  (Sampling) 
Chain 4 Iteration: 3900 / 6000 [ 65%]  (Sampling) 
Chain 1 Iteration: 4700 / 6000 [ 78%]  (Sampling) 
Chain 3 Iteration: 4000 / 6000 [ 66%]  (Sampling) 
Chain 2 Iteration: 4000 / 6000 [ 66%]  (Sampling) 
Chain 4 Iteration: 4000 / 6000 [ 66%]  (Sampling) 
Chain 1 Iteration: 4800 / 6000 [ 80%]  (Sampling) 
Chain 3 Iteration: 4100 / 6000 [ 68%]  (Sampling) 
Chain 2 Iteration: 4100 / 6000 [ 68%]  (Sampling) 
Chain 1 Iteration: 4900 / 6000 [ 81%]  (Sampling) 
Chain 4 Iteration: 4100 / 6000 [ 68%]  (Sampling) 
Chain 3 Iteration: 4200 / 6000 [ 70%]  (Sampling) 
Chain 1 Iteration: 5000 / 6000 [ 83%]  (Sampling) 
Chain 2 Iteration: 4200 / 6000 [ 70%]  (Sampling) 
Chain 4 Iteration: 4200 / 6000 [ 70%]  (Sampling) 
Chain 1 Iteration: 5100 / 6000 [ 85%]  (Sampling) 
Chain 3 Iteration: 4300 / 6000 [ 71%]  (Sampling) 
Chain 2 Iteration: 4300 / 6000 [ 71%]  (Sampling) 
Chain 4 Iteration: 4300 / 6000 [ 71%]  (Sampling) 
Chain 1 Iteration: 5200 / 6000 [ 86%]  (Sampling) 
Chain 3 Iteration: 4400 / 6000 [ 73%]  (Sampling) 
Chain 2 Iteration: 4400 / 6000 [ 73%]  (Sampling) 
Chain 4 Iteration: 4400 / 6000 [ 73%]  (Sampling) 
Chain 1 Iteration: 5300 / 6000 [ 88%]  (Sampling) 
Chain 3 Iteration: 4500 / 6000 [ 75%]  (Sampling) 
Chain 2 Iteration: 4500 / 6000 [ 75%]  (Sampling) 
Chain 4 Iteration: 4500 / 6000 [ 75%]  (Sampling) 
Chain 1 Iteration: 5400 / 6000 [ 90%]  (Sampling) 
Chain 3 Iteration: 4600 / 6000 [ 76%]  (Sampling) 
Chain 2 Iteration: 4600 / 6000 [ 76%]  (Sampling) 
Chain 4 Iteration: 4600 / 6000 [ 76%]  (Sampling) 
Chain 1 Iteration: 5500 / 6000 [ 91%]  (Sampling) 
Chain 3 Iteration: 4700 / 6000 [ 78%]  (Sampling) 
Chain 1 Iteration: 5600 / 6000 [ 93%]  (Sampling) 
Chain 2 Iteration: 4700 / 6000 [ 78%]  (Sampling) 
Chain 4 Iteration: 4700 / 6000 [ 78%]  (Sampling) 
Chain 3 Iteration: 4800 / 6000 [ 80%]  (Sampling) 
Chain 1 Iteration: 5700 / 6000 [ 95%]  (Sampling) 
Chain 2 Iteration: 4800 / 6000 [ 80%]  (Sampling) 
Chain 4 Iteration: 4800 / 6000 [ 80%]  (Sampling) 
Chain 1 Iteration: 5800 / 6000 [ 96%]  (Sampling) 
Chain 3 Iteration: 4900 / 6000 [ 81%]  (Sampling) 
Chain 2 Iteration: 4900 / 6000 [ 81%]  (Sampling) 
Chain 4 Iteration: 4900 / 6000 [ 81%]  (Sampling) 
Chain 1 Iteration: 5900 / 6000 [ 98%]  (Sampling) 
Chain 3 Iteration: 5000 / 6000 [ 83%]  (Sampling) 
Chain 2 Iteration: 5000 / 6000 [ 83%]  (Sampling) 
Chain 4 Iteration: 5000 / 6000 [ 83%]  (Sampling) 
Chain 1 Iteration: 6000 / 6000 [100%]  (Sampling) 
Chain 1 finished in 69889.1 seconds.
Chain 3 Iteration: 5100 / 6000 [ 85%]  (Sampling) 
Chain 2 Iteration: 5100 / 6000 [ 85%]  (Sampling) 
Chain 4 Iteration: 5100 / 6000 [ 85%]  (Sampling) 
Chain 3 Iteration: 5200 / 6000 [ 86%]  (Sampling) 
Chain 2 Iteration: 5200 / 6000 [ 86%]  (Sampling) 
Chain 4 Iteration: 5200 / 6000 [ 86%]  (Sampling) 
Chain 3 Iteration: 5300 / 6000 [ 88%]  (Sampling) 
Chain 2 Iteration: 5300 / 6000 [ 88%]  (Sampling) 
Chain 4 Iteration: 5300 / 6000 [ 88%]  (Sampling) 
Chain 3 Iteration: 5400 / 6000 [ 90%]  (Sampling) 
Chain 4 Iteration: 5400 / 6000 [ 90%]  (Sampling) 
Chain 2 Iteration: 5400 / 6000 [ 90%]  (Sampling) 
Chain 3 Iteration: 5500 / 6000 [ 91%]  (Sampling) 
Chain 4 Iteration: 5500 / 6000 [ 91%]  (Sampling) 
Chain 2 Iteration: 5500 / 6000 [ 91%]  (Sampling) 
Chain 3 Iteration: 5600 / 6000 [ 93%]  (Sampling) 
Chain 4 Iteration: 5600 / 6000 [ 93%]  (Sampling) 
Chain 2 Iteration: 5600 / 6000 [ 93%]  (Sampling) 
Chain 3 Iteration: 5700 / 6000 [ 95%]  (Sampling) 
Chain 4 Iteration: 5700 / 6000 [ 95%]  (Sampling) 
Chain 2 Iteration: 5700 / 6000 [ 95%]  (Sampling) 
Chain 3 Iteration: 5800 / 6000 [ 96%]  (Sampling) 
Chain 4 Iteration: 5800 / 6000 [ 96%]  (Sampling) 
Chain 2 Iteration: 5800 / 6000 [ 96%]  (Sampling) 
Chain 3 Iteration: 5900 / 6000 [ 98%]  (Sampling) 
Chain 4 Iteration: 5900 / 6000 [ 98%]  (Sampling) 
Chain 2 Iteration: 5900 / 6000 [ 98%]  (Sampling) 
Chain 3 Iteration: 6000 / 6000 [100%]  (Sampling) 
Chain 3 finished in 80925.7 seconds.
Chain 4 Iteration: 6000 / 6000 [100%]  (Sampling) 
Chain 4 finished in 80946.7 seconds.
Chain 2 Iteration: 6000 / 6000 [100%]  (Sampling) 
Chain 2 finished in 81260.3 seconds.

All 4 chains finished successfully.
Mean chain execution time: 78255.4 seconds.
Total execution time: 81261.4 seconds.

[1] "Processing draws 1 to 100"
[1] "Chunk time = 3.1516736070315"
[1] "Processing draws 101 to 200"
[1] "Chunk time = 2.27582456668218"
[1] "Processing draws 201 to 300"
[1] "Chunk time = 2.44977140824"
[1] "Processing draws 301 to 400"
[1] "Chunk time = 2.06227148373922"
[1] "Processing draws 401 to 500"
[1] "Chunk time = 2.00187313159307"
[1] "Processing draws 501 to 600"
[1] "Chunk time = 2.01801277796427"
[1] "Processing draws 601 to 700"
[1] "Chunk time = 2.05449488957723"
[1] "Processing draws 701 to 800"
[1] "Chunk time = 2.14186659256617"
[1] "Processing draws 801 to 900"
[1] "Chunk time = 2.02483117977778"
[1] "Processing draws 901 to 1000"
[1] "Chunk time = 2.110966249307"
[1] "Processing draws 1001 to 1100"
[1] "Chunk time = 2.02137257258097"
[1] "Processing draws 1101 to 1200"
[1] "Chunk time = 2.0071962316831"
[1] "Processing draws 1201 to 1300"
[1] "Chunk time = 2.13691735665003"
[1] "Processing draws 1301 to 1400"
[1] "Chunk time = 2.00067478020986"
[1] "Processing draws 1401 to 1500"
[1] "Chunk time = 2.00146040519079"
[1] "Processing draws 1501 to 1600"
[1] "Chunk time = 2.13047677278519"
[1] "Processing draws 1601 to 1700"
[1] "Chunk time = 2.01480173269908"
[1] "Processing draws 1701 to 1800"
[1] "Chunk time = 1.95675208965937"
[1] "Processing draws 1801 to 1900"
[1] "Chunk time = 2.02803845405579"
[1] "Processing draws 1901 to 2000"
[1] "Chunk time = 1.9733930071195"
[1] "Processing draws 2001 to 2100"
[1] "Chunk time = 1.97503651380539"
[1] "Processing draws 2101 to 2200"
[1] "Chunk time = 2.12720078627268"
[1] "Processing draws 2201 to 2300"
[1] "Chunk time = 1.96815003554026"
[1] "Processing draws 2301 to 2400"
[1] "Chunk time = 1.97151929537455"
[1] "Processing draws 2401 to 2500"
[1] "Chunk time = 2.10186854203542"
[1] "Processing draws 2501 to 2600"
[1] "Chunk time = 1.94640294710795"
[1] "Processing draws 2601 to 2700"
[1] "Chunk time = 1.98108169635137"
[1] "Processing draws 2701 to 2800"
[1] "Chunk time = 2.12397112846375"
[1] "Processing draws 2801 to 2900"
[1] "Chunk time = 1.94757229487101"
[1] "Processing draws 2901 to 3000"
[1] "Chunk time = 1.95738892157873"
[1] "Processing draws 3001 to 3100"
[1] "Chunk time = 2.09449183940887"
[1] "Processing draws 3101 to 3200"
[1] "Chunk time = 2.00388142267863"
[1] "Processing draws 3201 to 3300"
[1] "Chunk time = 1.97047303120295"
[1] "Processing draws 3301 to 3400"
[1] "Chunk time = 2.1065282146136"
[1] "Processing draws 3401 to 3500"
[1] "Chunk time = 1.96235451300939"
[1] "Processing draws 3501 to 3600"
[1] "Chunk time = 1.98240166505178"
[1] "Processing draws 3601 to 3700"
[1] "Chunk time = 2.11259455680847"
[1] "Processing draws 3701 to 3800"
[1] "Chunk time = 1.97160086234411"
[1] "Processing draws 3801 to 3900"
[1] "Chunk time = 1.95180815060933"
[1] "Processing draws 3901 to 4000"
[1] "Chunk time = 2.12213521798452"
[1] "Processing draws 4001 to 4100"
[1] "Chunk time = 1.94953640302022"
[1] "Processing draws 4101 to 4200"
[1] "Chunk time = 1.96739298502604"
[1] "Processing draws 4201 to 4300"
[1] "Chunk time = 2.06815365552902"
[1] "Processing draws 4301 to 4400"
[1] "Chunk time = 1.96576015154521"
[1] "Processing draws 4401 to 4500"
[1] "Chunk time = 1.94991609652837"
[1] "Processing draws 4501 to 4600"
[1] "Chunk time = 2.07407046953837"
[1] "Processing draws 4601 to 4700"
[1] "Chunk time = 1.94540040493011"
[1] "Processing draws 4701 to 4800"
[1] "Chunk time = 1.95904769102732"
[1] "Processing draws 4801 to 4900"
[1] "Chunk time = 2.06566168864568"
[1] "Processing draws 4901 to 5000"
[1] "Chunk time = 1.9346601208051"
[1] "Processing draws 5001 to 5100"
[1] "Chunk time = 1.88559068044027"
[1] "Processing draws 5101 to 5200"
[1] "Chunk time = 2.06649952729543"
[1] "Processing draws 5201 to 5300"
[1] "Chunk time = 1.9026035229365"
[1] "Processing draws 5301 to 5400"
[1] "Chunk time = 1.90356815258662"
[1] "Processing draws 5401 to 5500"
[1] "Chunk time = 2.05468530257543"
[1] "Processing draws 5501 to 5600"
[1] "Chunk time = 1.89999412695567"
[1] "Processing draws 5601 to 5700"
[1] "Chunk time = 1.89944254557292"
[1] "Processing draws 5701 to 5800"
[1] "Chunk time = 2.05605659484863"
[1] "Processing draws 5801 to 5900"
[1] "Chunk time = 1.89539312124252"
[1] "Processing draws 5901 to 6000"
[1] "Chunk time = 1.91745040019353"
[1] "Processing draws 6001 to 6100"
[1] "Chunk time = 1.99686121145884"
[1] "Processing draws 6101 to 6200"
[1] "Chunk time = 1.92272273699443"
[1] "Processing draws 6201 to 6300"
[1] "Chunk time = 1.87077054182688"
[1] "Processing draws 6301 to 6400"
[1] "Chunk time = 2.05767576297124"
[1] "Processing draws 6401 to 6500"
[1] "Chunk time = 1.89895557959874"
[1] "Processing draws 6501 to 6600"
[1] "Chunk time = 1.84514966408412"
[1] "Processing draws 6601 to 6700"
[1] "Chunk time = 2.06520113150279"
[1] "Processing draws 6701 to 6800"
[1] "Chunk time = 1.92462693452835"
[1] "Processing draws 6801 to 6900"
[1] "Chunk time = 1.92051661809285"
[1] "Processing draws 6901 to 7000"
[1] "Chunk time = 2.05746146043142"
[1] "Processing draws 7001 to 7100"
[1] "Chunk time = 1.90385568539302"
[1] "Processing draws 7101 to 7200"
[1] "Chunk time = 1.91119470198949"
[1] "Processing draws 7201 to 7300"
[1] "Chunk time = 2.06764571269353"
[1] "Processing draws 7301 to 7400"
[1] "Chunk time = 1.8944698770841"
[1] "Processing draws 7401 to 7500"
[1] "Chunk time = 1.9212884704272"
[1] "Processing draws 7501 to 7600"
[1] "Chunk time = 2.00612062215805"
[1] "Processing draws 7601 to 7700"
[1] "Chunk time = 1.86884399652481"
[1] "Processing draws 7701 to 7800"
[1] "Chunk time = 1.87260404030482"
[1] "Processing draws 7801 to 7900"
[1] "Chunk time = 2.01953659057617"
[1] "Processing draws 7901 to 8000"
[1] "Chunk time = 1.90095921357473"
[1] "Processing draws 8001 to 8100"
[1] "Chunk time = 1.87632352908452"
[1] "Processing draws 8101 to 8200"
[1] "Chunk time = 2.1012745141983"
[1] "Processing draws 8201 to 8300"
[1] "Chunk time = 1.93566807111104"
[1] "Processing draws 8301 to 8400"
[1] "Chunk time = 1.93200195233027"
[1] "Processing draws 8401 to 8500"
[1] "Chunk time = 2.07183205684026"
[1] "Processing draws 8501 to 8600"
[1] "Chunk time = 1.93489555915197"
[1] "Processing draws 8601 to 8700"
[1] "Chunk time = 1.86929970979691"
[1] "Processing draws 8701 to 8800"
[1] "Chunk time = 2.07434412638346"
[1] "Processing draws 8801 to 8900"
[1] "Chunk time = 1.96423330307007"
[1] "Processing draws 8901 to 9000"
[1] "Chunk time = 1.95181640783946"
[1] "Processing draws 9001 to 9100"
[1] "Chunk time = 2.10910081466039"
[1] "Processing draws 9101 to 9200"
[1] "Chunk time = 1.95068611303965"
[1] "Processing draws 9201 to 9300"
[1] "Chunk time = 1.88904873132706"
[1] "Processing draws 9301 to 9400"
[1] "Chunk time = 2.10270719130834"
[1] "Processing draws 9401 to 9500"
[1] "Chunk time = 1.93781693776449"
[1] "Processing draws 9501 to 9600"
[1] "Chunk time = 1.96635787884394"
[1] "Processing draws 9601 to 9700"
[1] "Chunk time = 2.10349700848262"
[1] "Processing draws 9701 to 9800"
[1] "Chunk time = 1.95149048169454"
[1] "Processing draws 9801 to 9900"
[1] "Chunk time = 1.89679402510325"
[1] "Processing draws 9901 to 10000"
[1] "Chunk time = 2.13685048818588"
[1] "Processing draws 10001 to 10100"
[1] "Chunk time = 2.00321842829386"
[1] "Processing draws 10101 to 10200"
[1] "Chunk time = 1.9828891436259"
[1] "Processing draws 10201 to 10300"
[1] "Chunk time = 2.12236477931341"
[1] "Processing draws 10301 to 10400"
[1] "Chunk time = 1.98415185610453"
[1] "Processing draws 10401 to 10500"
[1] "Chunk time = 1.95400118033091"
[1] "Processing draws 10501 to 10600"
[1] "Chunk time = 2.11172698338827"
[1] "Processing draws 10601 to 10700"
[1] "Chunk time = 1.95201836029689"
[1] "Processing draws 10701 to 10800"
[1] "Chunk time = 1.95204040606817"
[1] "Processing draws 10801 to 10900"
[1] "Chunk time = 2.10928155581156"
[1] "Processing draws 10901 to 11000"
[1] "Chunk time = 1.96258676449458"
[1] "Processing draws 11001 to 11100"
[1] "Chunk time = 1.94847313563029"
[1] "Processing draws 11101 to 11200"
[1] "Chunk time = 2.13504486878713"
[1] "Processing draws 11201 to 11300"
[1] "Chunk time = 1.97558435201645"
[1] "Processing draws 11301 to 11400"
[1] "Chunk time = 1.92741117080053"
[1] "Processing draws 11401 to 11500"
[1] "Chunk time = 2.10408628384272"
[1] "Processing draws 11501 to 11600"
[1] "Chunk time = 1.96686295668284"
[1] "Processing draws 11601 to 11700"
[1] "Chunk time = 1.94668219884237"
[1] "Processing draws 11701 to 11800"
[1] "Chunk time = 2.11296951373418"
[1] "Processing draws 11801 to 11900"
[1] "Chunk time = 1.95499527454376"
[1] "Processing draws 11901 to 12000"
[1] "Chunk time = 1.96453431447347"
[1] "Processing draws 12001 to 12100"
[1] "Chunk time = 2.10780372222265"
[1] "Processing draws 12101 to 12200"
[1] "Chunk time = 1.98290908734004"
[1] "Processing draws 12201 to 12300"
[1] "Chunk time = 1.91923266649246"
[1] "Processing draws 12301 to 12400"
[1] "Chunk time = 2.11231313149134"
[1] "Processing draws 12401 to 12500"
[1] "Chunk time = 1.95305256048838"
[1] "Processing draws 12501 to 12600"
[1] "Chunk time = 1.95081510146459"
[1] "Processing draws 12601 to 12700"
[1] "Chunk time = 2.10437914133072"
[1] "Processing draws 12701 to 12800"
[1] "Chunk time = 1.9577653447787"
[1] "Processing draws 12801 to 12900"
[1] "Chunk time = 1.95283190409342"
[1] "Processing draws 12901 to 13000"
[1] "Chunk time = 2.11298211415609"
[1] "Processing draws 13001 to 13100"
[1] "Chunk time = 1.9567321340243"
[1] "Processing draws 13101 to 13200"
[1] "Chunk time = 1.94839165608088"
[1] "Processing draws 13201 to 13300"
[1] "Chunk time = 2.11146403551102"
[1] "Processing draws 13301 to 13400"
[1] "Chunk time = 1.96579169829686"
[1] "Processing draws 13401 to 13500"
[1] "Chunk time = 1.95752938191096"
[1] "Processing draws 13501 to 13600"
[1] "Chunk time = 2.10867076317469"
[1] "Processing draws 13601 to 13700"
[1] "Chunk time = 1.94922324021657"
[1] "Processing draws 13701 to 13800"
[1] "Chunk time = 1.94994422992071"
[1] "Processing draws 13801 to 13900"
[1] "Chunk time = 2.10229632854462"
[1] "Processing draws 13901 to 14000"
[1] "Chunk time = 1.95332868496577"
[1] "Processing draws 14001 to 14100"
[1] "Chunk time = 1.94537303447723"
[1] "Processing draws 14101 to 14200"
[1] "Chunk time = 2.10829484860102"
[1] "Processing draws 14201 to 14300"
[1] "Chunk time = 1.94930465221405"
[1] "Processing draws 14301 to 14400"
[1] "Chunk time = 1.93824108441671"
[1] "Processing draws 14401 to 14500"
[1] "Chunk time = 2.10069142977397"
[1] "Processing draws 14501 to 14600"
[1] "Chunk time = 1.99768107334773"
[1] "Processing draws 14601 to 14700"
[1] "Chunk time = 1.94593129555384"
[1] "Processing draws 14701 to 14800"
[1] "Chunk time = 2.10877438783646"
[1] "Processing draws 14801 to 14900"
[1] "Chunk time = 1.95131547053655"
[1] "Processing draws 14901 to 15000"
[1] "Chunk time = 1.95754154920578"
[1] "Processing draws 15001 to 15100"
[1] "Chunk time = 2.10213529666265"
[1] "Processing draws 15101 to 15200"
[1] "Chunk time = 1.96142546335856"
[1] "Processing draws 15201 to 15300"
[1] "Chunk time = 1.96420430342356"
[1] "Processing draws 15301 to 15400"
[1] "Chunk time = 2.04368233283361"
[1] "Processing draws 15401 to 15500"
[1] "Chunk time = 1.91746915976206"
[1] "Processing draws 15501 to 15600"
[1] "Chunk time = 1.95740685860316"
[1] "Processing draws 15601 to 15700"
[1] "Chunk time = 2.09401194254557"
[1] "Processing draws 15701 to 15800"
[1] "Chunk time = 1.93959784507751"
[1] "Processing draws 15801 to 15900"
[1] "Chunk time = 1.96225341955821"
[1] "Processing draws 15901 to 16000"
[1] "Chunk time = 2.13983971675237"
[1] "Processing draws 16001 to 16100"
[1] "Chunk time = 1.98799501260122"
[1] "Processing draws 16101 to 16200"
[1] "Chunk time = 1.93444652954737"
[1] "Processing draws 16201 to 16300"
[1] "Chunk time = 2.10867142279943"
[1] "Processing draws 16301 to 16400"
[1] "Chunk time = 1.99246825377146"
[1] "Processing draws 16401 to 16500"
[1] "Chunk time = 1.92761429945628"
[1] "Processing draws 16501 to 16600"
[1] "Chunk time = 2.10481376647949"
[1] "Processing draws 16601 to 16700"
[1] "Chunk time = 1.94938060045242"
[1] "Processing draws 16701 to 16800"
[1] "Chunk time = 1.94835036198298"
[1] "Processing draws 16801 to 16900"
[1] "Chunk time = 2.09629540046056"
[1] "Processing draws 16901 to 17000"
[1] "Chunk time = 1.93980984290441"
[1] "Processing draws 17001 to 17100"
[1] "Chunk time = 1.94390648206075"
[1] "Processing draws 17101 to 17200"
[1] "Chunk time = 2.09835641384125"
[1] "Processing draws 17201 to 17300"
[1] "Chunk time = 1.94802675644557"
[1] "Processing draws 17301 to 17400"
[1] "Chunk time = 1.94660081068675"
[1] "Processing draws 17401 to 17500"
[1] "Chunk time = 2.09148225784302"
[1] "Processing draws 17501 to 17600"
[1] "Chunk time = 1.94675333897273"
[1] "Processing draws 17601 to 17700"
[1] "Chunk time = 1.95280749797821"
[1] "Processing draws 17701 to 17800"
[1] "Chunk time = 2.09715280930201"
[1] "Processing draws 17801 to 17900"
[1] "Chunk time = 1.94076144695282"
[1] "Processing draws 17901 to 18000"
[1] "Chunk time = 1.95039441982905"
[1] "Processing draws 18001 to 18100"
[1] "Chunk time = 2.09840411345164"
[1] "Processing draws 18101 to 18200"
[1] "Chunk time = 1.97499659061432"
[1] "Processing draws 18201 to 18300"
[1] "Chunk time = 1.94917273521423"
[1] "Processing draws 18301 to 18400"
[1] "Chunk time = 2.10309280951818"
[1] "Processing draws 18401 to 18500"
[1] "Chunk time = 1.94219798247019"
[1] "Processing draws 18501 to 18600"
[1] "Chunk time = 1.94573314189911"
[1] "Processing draws 18601 to 18700"
[1] "Chunk time = 2.00795736312866"
[1] "Processing draws 18701 to 18800"
[1] "Chunk time = 1.94875373840332"
[1] "Processing draws 18801 to 18900"
[1] "Chunk time = 1.89772080977758"
[1] "Processing draws 18901 to 19000"
[1] "Chunk time = 1.98761990070343"
[1] "Processing draws 19001 to 19100"
[1] "Chunk time = 1.90936309496562"
[1] "Processing draws 19101 to 19200"
[1] "Chunk time = 1.9537328282992"
[1] "Processing draws 19201 to 19300"
[1] "Chunk time = 2.09502487182617"
[1] "Processing draws 19301 to 19400"
[1] "Chunk time = 1.95082346995672"
[1] "Processing draws 19401 to 19500"
[1] "Chunk time = 1.956363316377"
[1] "Processing draws 19501 to 19600"
[1] "Chunk time = 2.10271714925766"
[1] "Processing draws 19601 to 19700"
[1] "Chunk time = 1.93703044255575"
[1] "Processing draws 19701 to 19800"
[1] "Chunk time = 1.94327658812205"
[1] "Processing draws 19801 to 19900"
[1] "Chunk time = 2.10115467309952"
[1] "Processing draws 19901 to 20000"
[1] "Chunk time = 1.94963566064835"
[1] "done lapplying"
[1] "Saving current params"
[1] "Saving params to output.rds"
[1] TRUE
[1] "Time for modelling:"
[1] "2025-07-02 18:17:44 EDT"
[1] "Time for posterior computations:"
Time difference of 6.701771 hours
[1] "Total time:"
[1] "2025-07-03 00:59:50 EDT"
