[1] "Starting sampling."
Running MCMC with 4 parallel chains, with 4 thread(s) per chain...

Chain 2 Iteration:    1 / 6000 [  0%]  (Warmup) 
Chain 3 Iteration:    1 / 6000 [  0%]  (Warmup) 
Chain 4 Iteration:    1 / 6000 [  0%]  (Warmup) 
Chain 1 Iteration:    1 / 6000 [  0%]  (Warmup) 
Chain 2 Iteration:  100 / 6000 [  1%]  (Warmup) 
Chain 3 Iteration:  100 / 6000 [  1%]  (Warmup) 
Chain 1 Iteration:  100 / 6000 [  1%]  (Warmup) 
Chain 4 Iteration:  100 / 6000 [  1%]  (Warmup) 
Chain 2 Iteration:  200 / 6000 [  3%]  (Warmup) 
Chain 3 Iteration:  200 / 6000 [  3%]  (Warmup) 
Chain 4 Iteration:  200 / 6000 [  3%]  (Warmup) 
Chain 1 Iteration:  200 / 6000 [  3%]  (Warmup) 
Chain 2 Iteration:  300 / 6000 [  5%]  (Warmup) 
Chain 3 Iteration:  300 / 6000 [  5%]  (Warmup) 
Chain 4 Iteration:  300 / 6000 [  5%]  (Warmup) 
Chain 1 Iteration:  300 / 6000 [  5%]  (Warmup) 
Chain 2 Iteration:  400 / 6000 [  6%]  (Warmup) 
Chain 3 Iteration:  400 / 6000 [  6%]  (Warmup) 
Chain 4 Iteration:  400 / 6000 [  6%]  (Warmup) 
Chain 1 Iteration:  400 / 6000 [  6%]  (Warmup) 
Chain 2 Iteration:  500 / 6000 [  8%]  (Warmup) 
Chain 3 Iteration:  500 / 6000 [  8%]  (Warmup) 
Chain 4 Iteration:  500 / 6000 [  8%]  (Warmup) 
Chain 1 Iteration:  500 / 6000 [  8%]  (Warmup) 
Chain 2 Iteration:  600 / 6000 [ 10%]  (Warmup) 
Chain 3 Iteration:  600 / 6000 [ 10%]  (Warmup) 
Chain 4 Iteration:  600 / 6000 [ 10%]  (Warmup) 
Chain 1 Iteration:  600 / 6000 [ 10%]  (Warmup) 
Chain 2 Iteration:  700 / 6000 [ 11%]  (Warmup) 
Chain 3 Iteration:  700 / 6000 [ 11%]  (Warmup) 
Chain 4 Iteration:  700 / 6000 [ 11%]  (Warmup) 
Chain 1 Iteration:  700 / 6000 [ 11%]  (Warmup) 
Chain 2 Iteration:  800 / 6000 [ 13%]  (Warmup) 
Chain 3 Iteration:  800 / 6000 [ 13%]  (Warmup) 
Chain 4 Iteration:  800 / 6000 [ 13%]  (Warmup) 
Chain 1 Iteration:  800 / 6000 [ 13%]  (Warmup) 
Chain 2 Iteration:  900 / 6000 [ 15%]  (Warmup) 
Chain 3 Iteration:  900 / 6000 [ 15%]  (Warmup) 
Chain 4 Iteration:  900 / 6000 [ 15%]  (Warmup) 
Chain 1 Iteration:  900 / 6000 [ 15%]  (Warmup) 
Chain 3 Iteration: 1000 / 6000 [ 16%]  (Warmup) 
Chain 3 Iteration: 1001 / 6000 [ 16%]  (Sampling) 
Chain 2 Iteration: 1000 / 6000 [ 16%]  (Warmup) 
Chain 2 Iteration: 1001 / 6000 [ 16%]  (Sampling) 
Chain 4 Iteration: 1000 / 6000 [ 16%]  (Warmup) 
Chain 4 Iteration: 1001 / 6000 [ 16%]  (Sampling) 
Chain 1 Iteration: 1000 / 6000 [ 16%]  (Warmup) 
Chain 1 Iteration: 1001 / 6000 [ 16%]  (Sampling) 
Chain 3 Iteration: 1100 / 6000 [ 18%]  (Sampling) 
Chain 2 Iteration: 1100 / 6000 [ 18%]  (Sampling) 
Chain 4 Iteration: 1100 / 6000 [ 18%]  (Sampling) 
Chain 3 Iteration: 1200 / 6000 [ 20%]  (Sampling) 
Chain 2 Iteration: 1200 / 6000 [ 20%]  (Sampling) 
Chain 4 Iteration: 1200 / 6000 [ 20%]  (Sampling) 
Chain 1 Iteration: 1100 / 6000 [ 18%]  (Sampling) 
Chain 3 Iteration: 1300 / 6000 [ 21%]  (Sampling) 
Chain 2 Iteration: 1300 / 6000 [ 21%]  (Sampling) 
Chain 4 Iteration: 1300 / 6000 [ 21%]  (Sampling) 
Chain 3 Iteration: 1400 / 6000 [ 23%]  (Sampling) 
Chain 2 Iteration: 1400 / 6000 [ 23%]  (Sampling) 
Chain 4 Iteration: 1400 / 6000 [ 23%]  (Sampling) 
Chain 1 Iteration: 1200 / 6000 [ 20%]  (Sampling) 
Chain 3 Iteration: 1500 / 6000 [ 25%]  (Sampling) 
Chain 2 Iteration: 1500 / 6000 [ 25%]  (Sampling) 
Chain 4 Iteration: 1500 / 6000 [ 25%]  (Sampling) 
Chain 3 Iteration: 1600 / 6000 [ 26%]  (Sampling) 
Chain 2 Iteration: 1600 / 6000 [ 26%]  (Sampling) 
Chain 4 Iteration: 1600 / 6000 [ 26%]  (Sampling) 
Chain 1 Iteration: 1300 / 6000 [ 21%]  (Sampling) 
Chain 3 Iteration: 1700 / 6000 [ 28%]  (Sampling) 
Chain 2 Iteration: 1700 / 6000 [ 28%]  (Sampling) 
Chain 4 Iteration: 1700 / 6000 [ 28%]  (Sampling) 
Chain 3 Iteration: 1800 / 6000 [ 30%]  (Sampling) 
Chain 2 Iteration: 1800 / 6000 [ 30%]  (Sampling) 
Chain 4 Iteration: 1800 / 6000 [ 30%]  (Sampling) 
Chain 1 Iteration: 1400 / 6000 [ 23%]  (Sampling) 
Chain 3 Iteration: 1900 / 6000 [ 31%]  (Sampling) 
Chain 2 Iteration: 1900 / 6000 [ 31%]  (Sampling) 
Chain 4 Iteration: 1900 / 6000 [ 31%]  (Sampling) 
Chain 3 Iteration: 2000 / 6000 [ 33%]  (Sampling) 
Chain 2 Iteration: 2000 / 6000 [ 33%]  (Sampling) 
Chain 4 Iteration: 2000 / 6000 [ 33%]  (Sampling) 
Chain 1 Iteration: 1500 / 6000 [ 25%]  (Sampling) 
Chain 3 Iteration: 2100 / 6000 [ 35%]  (Sampling) 
Chain 2 Iteration: 2100 / 6000 [ 35%]  (Sampling) 
Chain 4 Iteration: 2100 / 6000 [ 35%]  (Sampling) 
Chain 3 Iteration: 2200 / 6000 [ 36%]  (Sampling) 
Chain 2 Iteration: 2200 / 6000 [ 36%]  (Sampling) 
Chain 4 Iteration: 2200 / 6000 [ 36%]  (Sampling) 
Chain 1 Iteration: 1600 / 6000 [ 26%]  (Sampling) 
Chain 3 Iteration: 2300 / 6000 [ 38%]  (Sampling) 
Chain 2 Iteration: 2300 / 6000 [ 38%]  (Sampling) 
Chain 4 Iteration: 2300 / 6000 [ 38%]  (Sampling) 
Chain 3 Iteration: 2400 / 6000 [ 40%]  (Sampling) 
Chain 2 Iteration: 2400 / 6000 [ 40%]  (Sampling) 
Chain 4 Iteration: 2400 / 6000 [ 40%]  (Sampling) 
Chain 1 Iteration: 1700 / 6000 [ 28%]  (Sampling) 
Chain 3 Iteration: 2500 / 6000 [ 41%]  (Sampling) 
Chain 2 Iteration: 2500 / 6000 [ 41%]  (Sampling) 
Chain 4 Iteration: 2500 / 6000 [ 41%]  (Sampling) 
Chain 3 Iteration: 2600 / 6000 [ 43%]  (Sampling) 
Chain 2 Iteration: 2600 / 6000 [ 43%]  (Sampling) 
Chain 4 Iteration: 2600 / 6000 [ 43%]  (Sampling) 
Chain 1 Iteration: 1800 / 6000 [ 30%]  (Sampling) 
Chain 3 Iteration: 2700 / 6000 [ 45%]  (Sampling) 
Chain 2 Iteration: 2700 / 6000 [ 45%]  (Sampling) 
Chain 4 Iteration: 2700 / 6000 [ 45%]  (Sampling) 
Chain 3 Iteration: 2800 / 6000 [ 46%]  (Sampling) 
Chain 2 Iteration: 2800 / 6000 [ 46%]  (Sampling) 
Chain 4 Iteration: 2800 / 6000 [ 46%]  (Sampling) 
Chain 1 Iteration: 1900 / 6000 [ 31%]  (Sampling) 
Chain 3 Iteration: 2900 / 6000 [ 48%]  (Sampling) 
Chain 2 Iteration: 2900 / 6000 [ 48%]  (Sampling) 
Chain 4 Iteration: 2900 / 6000 [ 48%]  (Sampling) 
Chain 3 Iteration: 3000 / 6000 [ 50%]  (Sampling) 
Chain 2 Iteration: 3000 / 6000 [ 50%]  (Sampling) 
Chain 4 Iteration: 3000 / 6000 [ 50%]  (Sampling) 
Chain 1 Iteration: 2000 / 6000 [ 33%]  (Sampling) 
Chain 3 Iteration: 3100 / 6000 [ 51%]  (Sampling) 
Chain 2 Iteration: 3100 / 6000 [ 51%]  (Sampling) 
Chain 4 Iteration: 3100 / 6000 [ 51%]  (Sampling) 
Chain 3 Iteration: 3200 / 6000 [ 53%]  (Sampling) 
Chain 2 Iteration: 3200 / 6000 [ 53%]  (Sampling) 
Chain 4 Iteration: 3200 / 6000 [ 53%]  (Sampling) 
Chain 1 Iteration: 2100 / 6000 [ 35%]  (Sampling) 
Chain 3 Iteration: 3300 / 6000 [ 55%]  (Sampling) 
Chain 2 Iteration: 3300 / 6000 [ 55%]  (Sampling) 
Chain 4 Iteration: 3300 / 6000 [ 55%]  (Sampling) 
Chain 3 Iteration: 3400 / 6000 [ 56%]  (Sampling) 
Chain 2 Iteration: 3400 / 6000 [ 56%]  (Sampling) 
Chain 4 Iteration: 3400 / 6000 [ 56%]  (Sampling) 
Chain 1 Iteration: 2200 / 6000 [ 36%]  (Sampling) 
Chain 3 Iteration: 3500 / 6000 [ 58%]  (Sampling) 
Chain 2 Iteration: 3500 / 6000 [ 58%]  (Sampling) 
Chain 4 Iteration: 3500 / 6000 [ 58%]  (Sampling) 
Chain 3 Iteration: 3600 / 6000 [ 60%]  (Sampling) 
Chain 2 Iteration: 3600 / 6000 [ 60%]  (Sampling) 
Chain 4 Iteration: 3600 / 6000 [ 60%]  (Sampling) 
Chain 1 Iteration: 2300 / 6000 [ 38%]  (Sampling) 
Chain 3 Iteration: 3700 / 6000 [ 61%]  (Sampling) 
Chain 2 Iteration: 3700 / 6000 [ 61%]  (Sampling) 
Chain 4 Iteration: 3700 / 6000 [ 61%]  (Sampling) 
Chain 3 Iteration: 3800 / 6000 [ 63%]  (Sampling) 
Chain 2 Iteration: 3800 / 6000 [ 63%]  (Sampling) 
Chain 4 Iteration: 3800 / 6000 [ 63%]  (Sampling) 
Chain 1 Iteration: 2400 / 6000 [ 40%]  (Sampling) 
Chain 3 Iteration: 3900 / 6000 [ 65%]  (Sampling) 
Chain 2 Iteration: 3900 / 6000 [ 65%]  (Sampling) 
Chain 4 Iteration: 3900 / 6000 [ 65%]  (Sampling) 
Chain 3 Iteration: 4000 / 6000 [ 66%]  (Sampling) 
Chain 2 Iteration: 4000 / 6000 [ 66%]  (Sampling) 
Chain 4 Iteration: 4000 / 6000 [ 66%]  (Sampling) 
Chain 1 Iteration: 2500 / 6000 [ 41%]  (Sampling) 
Chain 3 Iteration: 4100 / 6000 [ 68%]  (Sampling) 
Chain 2 Iteration: 4100 / 6000 [ 68%]  (Sampling) 
Chain 4 Iteration: 4100 / 6000 [ 68%]  (Sampling) 
Chain 3 Iteration: 4200 / 6000 [ 70%]  (Sampling) 
Chain 2 Iteration: 4200 / 6000 [ 70%]  (Sampling) 
Chain 4 Iteration: 4200 / 6000 [ 70%]  (Sampling) 
Chain 1 Iteration: 2600 / 6000 [ 43%]  (Sampling) 
Chain 3 Iteration: 4300 / 6000 [ 71%]  (Sampling) 
Chain 2 Iteration: 4300 / 6000 [ 71%]  (Sampling) 
Chain 4 Iteration: 4300 / 6000 [ 71%]  (Sampling) 
Chain 3 Iteration: 4400 / 6000 [ 73%]  (Sampling) 
Chain 2 Iteration: 4400 / 6000 [ 73%]  (Sampling) 
Chain 4 Iteration: 4400 / 6000 [ 73%]  (Sampling) 
Chain 1 Iteration: 2700 / 6000 [ 45%]  (Sampling) 
Chain 3 Iteration: 4500 / 6000 [ 75%]  (Sampling) 
Chain 2 Iteration: 4500 / 6000 [ 75%]  (Sampling) 
Chain 4 Iteration: 4500 / 6000 [ 75%]  (Sampling) 
Chain 3 Iteration: 4600 / 6000 [ 76%]  (Sampling) 
Chain 2 Iteration: 4600 / 6000 [ 76%]  (Sampling) 
Chain 4 Iteration: 4600 / 6000 [ 76%]  (Sampling) 
Chain 1 Iteration: 2800 / 6000 [ 46%]  (Sampling) 
Chain 3 Iteration: 4700 / 6000 [ 78%]  (Sampling) 
Chain 2 Iteration: 4700 / 6000 [ 78%]  (Sampling) 
Chain 4 Iteration: 4700 / 6000 [ 78%]  (Sampling) 
Chain 3 Iteration: 4800 / 6000 [ 80%]  (Sampling) 
Chain 2 Iteration: 4800 / 6000 [ 80%]  (Sampling) 
Chain 4 Iteration: 4800 / 6000 [ 80%]  (Sampling) 
Chain 1 Iteration: 2900 / 6000 [ 48%]  (Sampling) 
Chain 3 Iteration: 4900 / 6000 [ 81%]  (Sampling) 
Chain 2 Iteration: 4900 / 6000 [ 81%]  (Sampling) 
Chain 4 Iteration: 4900 / 6000 [ 81%]  (Sampling) 
Chain 3 Iteration: 5000 / 6000 [ 83%]  (Sampling) 
Chain 2 Iteration: 5000 / 6000 [ 83%]  (Sampling) 
Chain 4 Iteration: 5000 / 6000 [ 83%]  (Sampling) 
Chain 1 Iteration: 3000 / 6000 [ 50%]  (Sampling) 
Chain 3 Iteration: 5100 / 6000 [ 85%]  (Sampling) 
Chain 2 Iteration: 5100 / 6000 [ 85%]  (Sampling) 
Chain 4 Iteration: 5100 / 6000 [ 85%]  (Sampling) 
Chain 3 Iteration: 5200 / 6000 [ 86%]  (Sampling) 
Chain 2 Iteration: 5200 / 6000 [ 86%]  (Sampling) 
Chain 4 Iteration: 5200 / 6000 [ 86%]  (Sampling) 
Chain 1 Iteration: 3100 / 6000 [ 51%]  (Sampling) 
Chain 3 Iteration: 5300 / 6000 [ 88%]  (Sampling) 
Chain 2 Iteration: 5300 / 6000 [ 88%]  (Sampling) 
Chain 4 Iteration: 5300 / 6000 [ 88%]  (Sampling) 
Chain 3 Iteration: 5400 / 6000 [ 90%]  (Sampling) 
Chain 2 Iteration: 5400 / 6000 [ 90%]  (Sampling) 
Chain 4 Iteration: 5400 / 6000 [ 90%]  (Sampling) 
Chain 1 Iteration: 3200 / 6000 [ 53%]  (Sampling) 
Chain 3 Iteration: 5500 / 6000 [ 91%]  (Sampling) 
Chain 2 Iteration: 5500 / 6000 [ 91%]  (Sampling) 
Chain 4 Iteration: 5500 / 6000 [ 91%]  (Sampling) 
Chain 3 Iteration: 5600 / 6000 [ 93%]  (Sampling) 
Chain 2 Iteration: 5600 / 6000 [ 93%]  (Sampling) 
Chain 4 Iteration: 5600 / 6000 [ 93%]  (Sampling) 
Chain 1 Iteration: 3300 / 6000 [ 55%]  (Sampling) 
Chain 2 Iteration: 5700 / 6000 [ 95%]  (Sampling) 
Chain 3 Iteration: 5700 / 6000 [ 95%]  (Sampling) 
Chain 4 Iteration: 5700 / 6000 [ 95%]  (Sampling) 
Chain 2 Iteration: 5800 / 6000 [ 96%]  (Sampling) 
Chain 3 Iteration: 5800 / 6000 [ 96%]  (Sampling) 
Chain 4 Iteration: 5800 / 6000 [ 96%]  (Sampling) 
Chain 1 Iteration: 3400 / 6000 [ 56%]  (Sampling) 
Chain 3 Iteration: 5900 / 6000 [ 98%]  (Sampling) 
Chain 2 Iteration: 5900 / 6000 [ 98%]  (Sampling) 
Chain 4 Iteration: 5900 / 6000 [ 98%]  (Sampling) 
Chain 3 Iteration: 6000 / 6000 [100%]  (Sampling) 
Chain 2 Iteration: 6000 / 6000 [100%]  (Sampling) 
Chain 3 finished in 1712.8 seconds.
Chain 2 finished in 1713.0 seconds.
Chain 4 Iteration: 6000 / 6000 [100%]  (Sampling) 
Chain 4 finished in 1725.8 seconds.
Chain 1 Iteration: 3500 / 6000 [ 58%]  (Sampling) 
Chain 1 Iteration: 3600 / 6000 [ 60%]  (Sampling) 
Chain 1 Iteration: 3700 / 6000 [ 61%]  (Sampling) 
Chain 1 Iteration: 3800 / 6000 [ 63%]  (Sampling) 
Chain 1 Iteration: 3900 / 6000 [ 65%]  (Sampling) 
Chain 1 Iteration: 4000 / 6000 [ 66%]  (Sampling) 
Chain 1 Iteration: 4100 / 6000 [ 68%]  (Sampling) 
Chain 1 Iteration: 4200 / 6000 [ 70%]  (Sampling) 
Chain 1 Iteration: 4300 / 6000 [ 71%]  (Sampling) 
Chain 1 Iteration: 4400 / 6000 [ 73%]  (Sampling) 
Chain 1 Iteration: 4500 / 6000 [ 75%]  (Sampling) 
Chain 1 Iteration: 4600 / 6000 [ 76%]  (Sampling) 
Chain 1 Iteration: 4700 / 6000 [ 78%]  (Sampling) 
Chain 1 Iteration: 4800 / 6000 [ 80%]  (Sampling) 
Chain 1 Iteration: 4900 / 6000 [ 81%]  (Sampling) 
Chain 1 Iteration: 5000 / 6000 [ 83%]  (Sampling) 
Chain 1 Iteration: 5100 / 6000 [ 85%]  (Sampling) 
Chain 1 Iteration: 5200 / 6000 [ 86%]  (Sampling) 
Chain 1 Iteration: 5300 / 6000 [ 88%]  (Sampling) 
Chain 1 Iteration: 5400 / 6000 [ 90%]  (Sampling) 
Chain 1 Iteration: 5500 / 6000 [ 91%]  (Sampling) 
Chain 1 Iteration: 5600 / 6000 [ 93%]  (Sampling) 
Chain 1 Iteration: 5700 / 6000 [ 95%]  (Sampling) 
Chain 1 Iteration: 5800 / 6000 [ 96%]  (Sampling) 
Chain 1 Iteration: 5900 / 6000 [ 98%]  (Sampling) 
Chain 1 Iteration: 6000 / 6000 [100%]  (Sampling) 
Chain 1 finished in 2765.0 seconds.

All 4 chains finished successfully.
Mean chain execution time: 1979.1 seconds.
Total execution time: 2765.3 seconds.

[1] "Processing draws 1 to 100"
[1] "Chunk time = 53.1324372291565"
[1] "Processing draws 101 to 200"
[1] "Chunk time = 19.2197256088257"
[1] "Processing draws 201 to 300"
[1] "Chunk time = 18.6295113563538"
[1] "Processing draws 301 to 400"
[1] "Chunk time = 18.4355683326721"
[1] "Processing draws 401 to 500"
[1] "Chunk time = 18.0899529457092"
[1] "Processing draws 501 to 600"
[1] "Chunk time = 18.6532733440399"
[1] "Processing draws 601 to 700"
[1] "Chunk time = 17.9644908905029"
[1] "Processing draws 701 to 800"
[1] "Chunk time = 18.0254094600677"
[1] "Processing draws 801 to 900"
[1] "Chunk time = 18.079761505127"
[1] "Processing draws 901 to 1000"
[1] "Chunk time = 17.9012722969055"
[1] "Processing draws 1001 to 1100"
[1] "Chunk time = 18.2528500556946"
[1] "Processing draws 1101 to 1200"
[1] "Chunk time = 17.9884667396545"
[1] "Processing draws 1201 to 1300"
[1] "Chunk time = 18.3054530620575"
[1] "Processing draws 1301 to 1400"
[1] "Chunk time = 18.0473337173462"
[1] "Processing draws 1401 to 1500"
[1] "Chunk time = 18.3618943691254"
[1] "Processing draws 1501 to 1600"
[1] "Chunk time = 17.6294209957123"
[1] "Processing draws 1601 to 1700"
[1] "Chunk time = 18.04438829422"
[1] "Processing draws 1701 to 1800"
[1] "Chunk time = 17.9450821876526"
[1] "Processing draws 1801 to 1900"
[1] "Chunk time = 18.1036651134491"
[1] "Processing draws 1901 to 2000"
[1] "Chunk time = 17.7823293209076"
[1] "Processing draws 2001 to 2100"
[1] "Chunk time = 18.1027636528015"
[1] "Processing draws 2101 to 2200"
[1] "Chunk time = 18.3070085048676"
[1] "Processing draws 2201 to 2300"
[1] "Chunk time = 17.5350925922394"
[1] "Processing draws 2301 to 2400"
[1] "Chunk time = 17.9716241359711"
[1] "Processing draws 2401 to 2500"
[1] "Chunk time = 18.0280828475952"
[1] "Processing draws 2501 to 2600"
[1] "Chunk time = 18.0807914733887"
[1] "Processing draws 2601 to 2700"
[1] "Chunk time = 17.7488105297089"
[1] "Processing draws 2701 to 2800"
[1] "Chunk time = 18.1269257068634"
[1] "Processing draws 2801 to 2900"
[1] "Chunk time = 18.0811848640442"
[1] "Processing draws 2901 to 3000"
[1] "Chunk time = 17.9971611499786"
[1] "Processing draws 3001 to 3100"
[1] "Chunk time = 17.6312565803528"
[1] "Processing draws 3101 to 3200"
[1] "Chunk time = 17.7840187549591"
[1] "Processing draws 3201 to 3300"
[1] "Chunk time = 18.0632681846619"
[1] "Processing draws 3301 to 3400"
[1] "Chunk time = 17.472647190094"
[1] "Processing draws 3401 to 3500"
[1] "Chunk time = 17.7152011394501"
[1] "Processing draws 3501 to 3600"
[1] "Chunk time = 17.1825971603394"
[1] "Processing draws 3601 to 3700"
[1] "Chunk time = 17.5239999294281"
[1] "Processing draws 3701 to 3800"
[1] "Chunk time = 17.0304839611053"
[1] "Processing draws 3801 to 3900"
[1] "Chunk time = 17.2600395679474"
[1] "Processing draws 3901 to 4000"
[1] "Chunk time = 16.9505186080933"
[1] "Processing draws 4001 to 4100"
[1] "Chunk time = 17.3209509849548"
[1] "Processing draws 4101 to 4200"
[1] "Chunk time = 16.9817197322845"
[1] "Processing draws 4201 to 4300"
[1] "Chunk time = 17.0547504425049"
[1] "Processing draws 4301 to 4400"
[1] "Chunk time = 17.4470119476318"
[1] "Processing draws 4401 to 4500"
[1] "Chunk time = 17.3350744247437"
[1] "Processing draws 4501 to 4600"
[1] "Chunk time = 17.1651473045349"
[1] "Processing draws 4601 to 4700"
[1] "Chunk time = 17.0554556846619"
[1] "Processing draws 4701 to 4800"
[1] "Chunk time = 17.1688241958618"
[1] "Processing draws 4801 to 4900"
[1] "Chunk time = 17.1164450645447"
[1] "Processing draws 4901 to 5000"
[1] "Chunk time = 17.2985727787018"
[1] "Processing draws 5001 to 5100"
[1] "Chunk time = 17.0452330112457"
[1] "Processing draws 5101 to 5200"
[1] "Chunk time = 17.3398077487946"
[1] "Processing draws 5201 to 5300"
[1] "Chunk time = 17.4846222400665"
[1] "Processing draws 5301 to 5400"
[1] "Chunk time = 17.2530233860016"
[1] "Processing draws 5401 to 5500"
[1] "Chunk time = 17.1984059810638"
[1] "Processing draws 5501 to 5600"
[1] "Chunk time = 17.221777677536"
[1] "Processing draws 5601 to 5700"
[1] "Chunk time = 17.3719856739044"
[1] "Processing draws 5701 to 5800"
[1] "Chunk time = 17.0369517803192"
[1] "Processing draws 5801 to 5900"
[1] "Chunk time = 17.3431527614594"
[1] "Processing draws 5901 to 6000"
[1] "Chunk time = 17.2081320285797"
[1] "Processing draws 6001 to 6100"
[1] "Chunk time = 17.6177492141724"
[1] "Processing draws 6101 to 6200"
[1] "Chunk time = 17.1380257606506"
[1] "Processing draws 6201 to 6300"
[1] "Chunk time = 17.3253643512726"
[1] "Processing draws 6301 to 6400"
[1] "Chunk time = 17.1711688041687"
[1] "Processing draws 6401 to 6500"
[1] "Chunk time = 17.4072456359863"
[1] "Processing draws 6501 to 6600"
[1] "Chunk time = 17.352029800415"
[1] "Processing draws 6601 to 6700"
[1] "Chunk time = 17.1847298145294"
[1] "Processing draws 6701 to 6800"
[1] "Chunk time = 17.4423363208771"
[1] "Processing draws 6801 to 6900"
[1] "Chunk time = 17.316015958786"
[1] "Processing draws 6901 to 7000"
[1] "Chunk time = 17.4738926887512"
[1] "Processing draws 7001 to 7100"
[1] "Chunk time = 17.3413374423981"
[1] "Processing draws 7101 to 7200"
[1] "Chunk time = 17.4712507724762"
[1] "Processing draws 7201 to 7300"
[1] "Chunk time = 17.2087733745575"
[1] "Processing draws 7301 to 7400"
[1] "Chunk time = 17.6452331542969"
[1] "Processing draws 7401 to 7500"
[1] "Chunk time = 17.274658203125"
[1] "Processing draws 7501 to 7600"
[1] "Chunk time = 17.287693977356"
[1] "Processing draws 7601 to 7700"
[1] "Chunk time = 17.5760617256165"
[1] "Processing draws 7701 to 7800"
[1] "Chunk time = 17.2579050064087"
[1] "Processing draws 7801 to 7900"
[1] "Chunk time = 17.436918258667"
[1] "Processing draws 7901 to 8000"
[1] "Chunk time = 16.8901388645172"
[1] "Processing draws 8001 to 8100"
[1] "Chunk time = 17.3460700511932"
[1] "Processing draws 8101 to 8200"
[1] "Chunk time = 16.9156010150909"
[1] "Processing draws 8201 to 8300"
[1] "Chunk time = 17.4067757129669"
[1] "Processing draws 8301 to 8400"
[1] "Chunk time = 16.9464058876038"
[1] "Processing draws 8401 to 8500"
[1] "Chunk time = 17.2252376079559"
[1] "Processing draws 8501 to 8600"
[1] "Chunk time = 17.0199184417725"
[1] "Processing draws 8601 to 8700"
[1] "Chunk time = 17.114997625351"
[1] "Processing draws 8701 to 8800"
[1] "Chunk time = 17.2866122722626"
[1] "Processing draws 8801 to 8900"
[1] "Chunk time = 17.5795392990112"
[1] "Processing draws 8901 to 9000"
[1] "Chunk time = 17.6267392635345"
[1] "Processing draws 9001 to 9100"
[1] "Chunk time = 17.434458732605"
[1] "Processing draws 9101 to 9200"
[1] "Chunk time = 17.8623769283295"
[1] "Processing draws 9201 to 9300"
[1] "Chunk time = 17.7248752117157"
[1] "Processing draws 9301 to 9400"
[1] "Chunk time = 17.7443227767944"
[1] "Processing draws 9401 to 9500"
[1] "Chunk time = 17.6031084060669"
[1] "Processing draws 9501 to 9600"
[1] "Chunk time = 17.7435276508331"
[1] "Processing draws 9601 to 9700"
[1] "Chunk time = 17.8461670875549"
[1] "Processing draws 9701 to 9800"
[1] "Chunk time = 17.5331237316132"
[1] "Processing draws 9801 to 9900"
[1] "Chunk time = 17.8284225463867"
[1] "Processing draws 9901 to 10000"
[1] "Chunk time = 17.5328624248505"
[1] "Processing draws 10001 to 10100"
[1] "Chunk time = 17.9971776008606"
[1] "Processing draws 10101 to 10200"
[1] "Chunk time = 17.4637002944946"
[1] "Processing draws 10201 to 10300"
[1] "Chunk time = 17.747499704361"
[1] "Processing draws 10301 to 10400"
[1] "Chunk time = 17.6272020339966"
[1] "Processing draws 10401 to 10500"
[1] "Chunk time = 18.0213027000427"
[1] "Processing draws 10501 to 10600"
[1] "Chunk time = 17.4689843654633"
[1] "Processing draws 10601 to 10700"
[1] "Chunk time = 17.7059228420258"
[1] "Processing draws 10701 to 10800"
[1] "Chunk time = 17.7231886386871"
[1] "Processing draws 10801 to 10900"
[1] "Chunk time = 17.6462378501892"
[1] "Processing draws 10901 to 11000"
[1] "Chunk time = 17.8484511375427"
[1] "Processing draws 11001 to 11100"
[1] "Chunk time = 17.6551711559296"
[1] "Processing draws 11101 to 11200"
[1] "Chunk time = 17.8282663822174"
[1] "Processing draws 11201 to 11300"
[1] "Chunk time = 17.741988658905"
[1] "Processing draws 11301 to 11400"
[1] "Chunk time = 17.879237651825"
[1] "Processing draws 11401 to 11500"
[1] "Chunk time = 17.7158601284027"
[1] "Processing draws 11501 to 11600"
[1] "Chunk time = 17.8322303295135"
[1] "Processing draws 11601 to 11700"
[1] "Chunk time = 17.7345962524414"
[1] "Processing draws 11701 to 11800"
[1] "Chunk time = 17.6256372928619"
[1] "Processing draws 11801 to 11900"
[1] "Chunk time = 17.7538883686066"
[1] "Processing draws 11901 to 12000"
[1] "Chunk time = 17.5371868610382"
[1] "Processing draws 12001 to 12100"
[1] "Chunk time = 17.9748046398163"
[1] "Processing draws 12101 to 12200"
[1] "Chunk time = 17.750715970993"
[1] "Processing draws 12201 to 12300"
[1] "Chunk time = 17.4147253036499"
[1] "Processing draws 12301 to 12400"
[1] "Chunk time = 17.2715051174164"
[1] "Processing draws 12401 to 12500"
[1] "Chunk time = 17.7288746833801"
[1] "Processing draws 12501 to 12600"
[1] "Chunk time = 17.4095010757446"
[1] "Processing draws 12601 to 12700"
[1] "Chunk time = 17.5001223087311"
[1] "Processing draws 12701 to 12800"
[1] "Chunk time = 17.4869804382324"
[1] "Processing draws 12801 to 12900"
[1] "Chunk time = 17.7010724544525"
[1] "Processing draws 12901 to 13000"
[1] "Chunk time = 17.5425877571106"
[1] "Processing draws 13001 to 13100"
[1] "Chunk time = 17.4752950668335"
[1] "Processing draws 13101 to 13200"
[1] "Chunk time = 17.846661567688"
[1] "Processing draws 13201 to 13300"
[1] "Chunk time = 17.6267330646515"
[1] "Processing draws 13301 to 13400"
[1] "Chunk time = 17.7492775917053"
[1] "Processing draws 13401 to 13500"
[1] "Chunk time = 17.4802505970001"
[1] "Processing draws 13501 to 13600"
[1] "Chunk time = 17.7176070213318"
[1] "Processing draws 13601 to 13700"
[1] "Chunk time = 18.0019924640656"
[1] "Processing draws 13701 to 13800"
[1] "Chunk time = 17.7651124000549"
[1] "Processing draws 13801 to 13900"
[1] "Chunk time = 17.6082332134247"
[1] "Processing draws 13901 to 14000"
[1] "Chunk time = 17.5955998897552"
[1] "Processing draws 14001 to 14100"
[1] "Chunk time = 17.6384580135345"
[1] "Processing draws 14101 to 14200"
[1] "Chunk time = 17.4796497821808"
[1] "Processing draws 14201 to 14300"
[1] "Chunk time = 17.8757674694061"
[1] "Processing draws 14301 to 14400"
[1] "Chunk time = 17.5589787960052"
[1] "Processing draws 14401 to 14500"
[1] "Chunk time = 17.9097273349762"
[1] "Processing draws 14501 to 14600"
[1] "Chunk time = 17.789577960968"
[1] "Processing draws 14601 to 14700"
[1] "Chunk time = 17.7750663757324"
[1] "Processing draws 14701 to 14800"
[1] "Chunk time = 17.6521117687225"
[1] "Processing draws 14801 to 14900"
[1] "Chunk time = 17.9434366226196"
[1] "Processing draws 14901 to 15000"
[1] "Chunk time = 17.4145617485046"
[1] "Processing draws 15001 to 15100"
[1] "Chunk time = 17.542852640152"
[1] "Processing draws 15101 to 15200"
[1] "Chunk time = 17.5779204368591"
[1] "Processing draws 15201 to 15300"
[1] "Chunk time = 17.8277022838593"
[1] "Processing draws 15301 to 15400"
[1] "Chunk time = 18.0292139053345"
[1] "Processing draws 15401 to 15500"
[1] "Chunk time = 17.7874460220337"
[1] "Processing draws 15501 to 15600"
[1] "Chunk time = 17.9200754165649"
[1] "Processing draws 15601 to 15700"
[1] "Chunk time = 17.7392625808716"
[1] "Processing draws 15701 to 15800"
[1] "Chunk time = 17.9058783054352"
[1] "Processing draws 15801 to 15900"
[1] "Chunk time = 17.8077199459076"
[1] "Processing draws 15901 to 16000"
[1] "Chunk time = 17.8961498737335"
[1] "Processing draws 16001 to 16100"
[1] "Chunk time = 17.6718182563782"
[1] "Processing draws 16101 to 16200"
[1] "Chunk time = 17.6625895500183"
[1] "Processing draws 16201 to 16300"
[1] "Chunk time = 17.6465377807617"
[1] "Processing draws 16301 to 16400"
[1] "Chunk time = 17.7744867801666"
[1] "Processing draws 16401 to 16500"
[1] "Chunk time = 17.9766216278076"
[1] "Processing draws 16501 to 16600"
[1] "Chunk time = 17.6206846237183"
[1] "Processing draws 16601 to 16700"
[1] "Chunk time = 17.5014488697052"
[1] "Processing draws 16701 to 16800"
[1] "Chunk time = 17.2287364006042"
[1] "Processing draws 16801 to 16900"
[1] "Chunk time = 17.7358930110931"
[1] "Processing draws 16901 to 17000"
[1] "Chunk time = 17.4604234695435"
[1] "Processing draws 17001 to 17100"
[1] "Chunk time = 17.5185451507568"
[1] "Processing draws 17101 to 17200"
[1] "Chunk time = 17.2884685993195"
[1] "Processing draws 17201 to 17300"
[1] "Chunk time = 17.917444229126"
[1] "Processing draws 17301 to 17400"
[1] "Chunk time = 17.4251942634583"
[1] "Processing draws 17401 to 17500"
[1] "Chunk time = 17.4283008575439"
[1] "Processing draws 17501 to 17600"
[1] "Chunk time = 17.7658169269562"
[1] "Processing draws 17601 to 17700"
[1] "Chunk time = 17.6893486976624"
[1] "Processing draws 17701 to 17800"
[1] "Chunk time = 17.6456136703491"
[1] "Processing draws 17801 to 17900"
[1] "Chunk time = 17.4562571048737"
[1] "Processing draws 17901 to 18000"
[1] "Chunk time = 17.6859714984894"
[1] "Processing draws 18001 to 18100"
[1] "Chunk time = 17.7646768093109"
[1] "Processing draws 18101 to 18200"
[1] "Chunk time = 17.7377645969391"
[1] "Processing draws 18201 to 18300"
[1] "Chunk time = 17.3742570877075"
[1] "Processing draws 18301 to 18400"
[1] "Chunk time = 17.673003911972"
[1] "Processing draws 18401 to 18500"
[1] "Chunk time = 17.769642829895"
[1] "Processing draws 18501 to 18600"
[1] "Chunk time = 17.5114953517914"
[1] "Processing draws 18601 to 18700"
[1] "Chunk time = 17.6828200817108"
[1] "Processing draws 18701 to 18800"
[1] "Chunk time = 17.6423816680908"
[1] "Processing draws 18801 to 18900"
[1] "Chunk time = 17.9221625328064"
[1] "Processing draws 18901 to 19000"
[1] "Chunk time = 17.5539083480835"
[1] "Processing draws 19001 to 19100"
[1] "Chunk time = 17.7993340492249"
[1] "Processing draws 19101 to 19200"
[1] "Chunk time = 17.5688934326172"
[1] "Processing draws 19201 to 19300"
[1] "Chunk time = 17.8023066520691"
[1] "Processing draws 19301 to 19400"
[1] "Chunk time = 17.477929353714"
[1] "Processing draws 19401 to 19500"
[1] "Chunk time = 17.7590477466583"
[1] "Processing draws 19501 to 19600"
[1] "Chunk time = 17.6414194107056"
[1] "Processing draws 19601 to 19700"
[1] "Chunk time = 17.7757303714752"
[1] "Processing draws 19701 to 19800"
[1] "Chunk time = 18.0078840255737"
[1] "Processing draws 19801 to 19900"
[1] "Chunk time = 17.653801202774"
[1] "Processing draws 19901 to 20000"
[1] "Chunk time = 17.9924488067627"
[1] "done lapplying"
[1] "Saving current params"
[1] "Saving params to output.rds"
[1] TRUE
