[1] "Starting sampling."
Running MCMC with 4 parallel chains, with 4 thread(s) per chain...

Chain 1 Iteration:    1 / 6000 [  0%]  (Warmup) 
Chain 2 Iteration:    1 / 6000 [  0%]  (Warmup) 
Chain 3 Iteration:    1 / 6000 [  0%]  (Warmup) 
Chain 4 Iteration:    1 / 6000 [  0%]  (Warmup) 
Chain 3 Iteration:  100 / 6000 [  1%]  (Warmup) 
Chain 1 Iteration:  100 / 6000 [  1%]  (Warmup) 
Chain 4 Iteration:  100 / 6000 [  1%]  (Warmup) 
Chain 2 Iteration:  100 / 6000 [  1%]  (Warmup) 
Chain 3 Iteration:  200 / 6000 [  3%]  (Warmup) 
Chain 1 Iteration:  200 / 6000 [  3%]  (Warmup) 
Chain 4 Iteration:  200 / 6000 [  3%]  (Warmup) 
Chain 2 Iteration:  200 / 6000 [  3%]  (Warmup) 
Chain 1 Iteration:  300 / 6000 [  5%]  (Warmup) 
Chain 3 Iteration:  300 / 6000 [  5%]  (Warmup) 
Chain 4 Iteration:  300 / 6000 [  5%]  (Warmup) 
Chain 2 Iteration:  300 / 6000 [  5%]  (Warmup) 
Chain 1 Iteration:  400 / 6000 [  6%]  (Warmup) 
Chain 4 Iteration:  400 / 6000 [  6%]  (Warmup) 
Chain 3 Iteration:  400 / 6000 [  6%]  (Warmup) 
Chain 2 Iteration:  400 / 6000 [  6%]  (Warmup) 
Chain 1 Iteration:  500 / 6000 [  8%]  (Warmup) 
Chain 4 Iteration:  500 / 6000 [  8%]  (Warmup) 
Chain 3 Iteration:  500 / 6000 [  8%]  (Warmup) 
Chain 2 Iteration:  500 / 6000 [  8%]  (Warmup) 
Chain 1 Iteration:  600 / 6000 [ 10%]  (Warmup) 
Chain 4 Iteration:  600 / 6000 [ 10%]  (Warmup) 
Chain 3 Iteration:  600 / 6000 [ 10%]  (Warmup) 
Chain 2 Iteration:  600 / 6000 [ 10%]  (Warmup) 
Chain 4 Iteration:  700 / 6000 [ 11%]  (Warmup) 
Chain 1 Iteration:  700 / 6000 [ 11%]  (Warmup) 
Chain 3 Iteration:  700 / 6000 [ 11%]  (Warmup) 
Chain 2 Iteration:  700 / 6000 [ 11%]  (Warmup) 
Chain 4 Iteration:  800 / 6000 [ 13%]  (Warmup) 
Chain 3 Iteration:  800 / 6000 [ 13%]  (Warmup) 
Chain 1 Iteration:  800 / 6000 [ 13%]  (Warmup) 
Chain 2 Iteration:  800 / 6000 [ 13%]  (Warmup) 
Chain 4 Iteration:  900 / 6000 [ 15%]  (Warmup) 
Chain 3 Iteration:  900 / 6000 [ 15%]  (Warmup) 
Chain 1 Iteration:  900 / 6000 [ 15%]  (Warmup) 
Chain 2 Iteration:  900 / 6000 [ 15%]  (Warmup) 
Chain 3 Iteration: 1000 / 6000 [ 16%]  (Warmup) 
Chain 3 Iteration: 1001 / 6000 [ 16%]  (Sampling) 
Chain 4 Iteration: 1000 / 6000 [ 16%]  (Warmup) 
Chain 4 Iteration: 1001 / 6000 [ 16%]  (Sampling) 
Chain 1 Iteration: 1000 / 6000 [ 16%]  (Warmup) 
Chain 1 Iteration: 1001 / 6000 [ 16%]  (Sampling) 
Chain 3 Iteration: 1100 / 6000 [ 18%]  (Sampling) 
Chain 2 Iteration: 1000 / 6000 [ 16%]  (Warmup) 
Chain 2 Iteration: 1001 / 6000 [ 16%]  (Sampling) 
Chain 4 Iteration: 1100 / 6000 [ 18%]  (Sampling) 
Chain 1 Iteration: 1100 / 6000 [ 18%]  (Sampling) 
Chain 3 Iteration: 1200 / 6000 [ 20%]  (Sampling) 
Chain 2 Iteration: 1100 / 6000 [ 18%]  (Sampling) 
Chain 1 Iteration: 1200 / 6000 [ 20%]  (Sampling) 
Chain 4 Iteration: 1200 / 6000 [ 20%]  (Sampling) 
Chain 3 Iteration: 1300 / 6000 [ 21%]  (Sampling) 
Chain 2 Iteration: 1200 / 6000 [ 20%]  (Sampling) 
Chain 1 Iteration: 1300 / 6000 [ 21%]  (Sampling) 
Chain 4 Iteration: 1300 / 6000 [ 21%]  (Sampling) 
Chain 3 Iteration: 1400 / 6000 [ 23%]  (Sampling) 
Chain 2 Iteration: 1300 / 6000 [ 21%]  (Sampling) 
Chain 1 Iteration: 1400 / 6000 [ 23%]  (Sampling) 
Chain 4 Iteration: 1400 / 6000 [ 23%]  (Sampling) 
Chain 3 Iteration: 1500 / 6000 [ 25%]  (Sampling) 
Chain 2 Iteration: 1400 / 6000 [ 23%]  (Sampling) 
Chain 1 Iteration: 1500 / 6000 [ 25%]  (Sampling) 
Chain 4 Iteration: 1500 / 6000 [ 25%]  (Sampling) 
Chain 3 Iteration: 1600 / 6000 [ 26%]  (Sampling) 
Chain 2 Iteration: 1500 / 6000 [ 25%]  (Sampling) 
Chain 1 Iteration: 1600 / 6000 [ 26%]  (Sampling) 
Chain 4 Iteration: 1600 / 6000 [ 26%]  (Sampling) 
Chain 3 Iteration: 1700 / 6000 [ 28%]  (Sampling) 
Chain 2 Iteration: 1600 / 6000 [ 26%]  (Sampling) 
Chain 1 Iteration: 1700 / 6000 [ 28%]  (Sampling) 
Chain 4 Iteration: 1700 / 6000 [ 28%]  (Sampling) 
Chain 3 Iteration: 1800 / 6000 [ 30%]  (Sampling) 
Chain 2 Iteration: 1700 / 6000 [ 28%]  (Sampling) 
Chain 1 Iteration: 1800 / 6000 [ 30%]  (Sampling) 
Chain 4 Iteration: 1800 / 6000 [ 30%]  (Sampling) 
Chain 3 Iteration: 1900 / 6000 [ 31%]  (Sampling) 
Chain 2 Iteration: 1800 / 6000 [ 30%]  (Sampling) 
Chain 1 Iteration: 1900 / 6000 [ 31%]  (Sampling) 
Chain 3 Iteration: 2000 / 6000 [ 33%]  (Sampling) 
Chain 2 Iteration: 1900 / 6000 [ 31%]  (Sampling) 
Chain 4 Iteration: 1900 / 6000 [ 31%]  (Sampling) 
Chain 1 Iteration: 2000 / 6000 [ 33%]  (Sampling) 
Chain 3 Iteration: 2100 / 6000 [ 35%]  (Sampling) 
Chain 2 Iteration: 2000 / 6000 [ 33%]  (Sampling) 
Chain 4 Iteration: 2000 / 6000 [ 33%]  (Sampling) 
Chain 1 Iteration: 2100 / 6000 [ 35%]  (Sampling) 
Chain 3 Iteration: 2200 / 6000 [ 36%]  (Sampling) 
Chain 2 Iteration: 2100 / 6000 [ 35%]  (Sampling) 
Chain 1 Iteration: 2200 / 6000 [ 36%]  (Sampling) 
Chain 4 Iteration: 2100 / 6000 [ 35%]  (Sampling) 
Chain 3 Iteration: 2300 / 6000 [ 38%]  (Sampling) 
Chain 2 Iteration: 2200 / 6000 [ 36%]  (Sampling) 
Chain 1 Iteration: 2300 / 6000 [ 38%]  (Sampling) 
Chain 4 Iteration: 2200 / 6000 [ 36%]  (Sampling) 
Chain 3 Iteration: 2400 / 6000 [ 40%]  (Sampling) 
Chain 2 Iteration: 2300 / 6000 [ 38%]  (Sampling) 
Chain 1 Iteration: 2400 / 6000 [ 40%]  (Sampling) 
Chain 4 Iteration: 2300 / 6000 [ 38%]  (Sampling) 
Chain 3 Iteration: 2500 / 6000 [ 41%]  (Sampling) 
Chain 2 Iteration: 2400 / 6000 [ 40%]  (Sampling) 
Chain 1 Iteration: 2500 / 6000 [ 41%]  (Sampling) 
Chain 4 Iteration: 2400 / 6000 [ 40%]  (Sampling) 
Chain 3 Iteration: 2600 / 6000 [ 43%]  (Sampling) 
Chain 2 Iteration: 2500 / 6000 [ 41%]  (Sampling) 
Chain 1 Iteration: 2600 / 6000 [ 43%]  (Sampling) 
Chain 4 Iteration: 2500 / 6000 [ 41%]  (Sampling) 
Chain 2 Iteration: 2600 / 6000 [ 43%]  (Sampling) 
Chain 3 Iteration: 2700 / 6000 [ 45%]  (Sampling) 
Chain 1 Iteration: 2700 / 6000 [ 45%]  (Sampling) 
Chain 2 Iteration: 2700 / 6000 [ 45%]  (Sampling) 
Chain 3 Iteration: 2800 / 6000 [ 46%]  (Sampling) 
Chain 4 Iteration: 2600 / 6000 [ 43%]  (Sampling) 
Chain 1 Iteration: 2800 / 6000 [ 46%]  (Sampling) 
Chain 2 Iteration: 2800 / 6000 [ 46%]  (Sampling) 
Chain 3 Iteration: 2900 / 6000 [ 48%]  (Sampling) 
Chain 4 Iteration: 2700 / 6000 [ 45%]  (Sampling) 
Chain 1 Iteration: 2900 / 6000 [ 48%]  (Sampling) 
Chain 2 Iteration: 2900 / 6000 [ 48%]  (Sampling) 
Chain 3 Iteration: 3000 / 6000 [ 50%]  (Sampling) 
Chain 1 Iteration: 3000 / 6000 [ 50%]  (Sampling) 
Chain 4 Iteration: 2800 / 6000 [ 46%]  (Sampling) 
Chain 2 Iteration: 3000 / 6000 [ 50%]  (Sampling) 
Chain 3 Iteration: 3100 / 6000 [ 51%]  (Sampling) 
Chain 1 Iteration: 3100 / 6000 [ 51%]  (Sampling) 
Chain 4 Iteration: 2900 / 6000 [ 48%]  (Sampling) 
Chain 2 Iteration: 3100 / 6000 [ 51%]  (Sampling) 
Chain 3 Iteration: 3200 / 6000 [ 53%]  (Sampling) 
Chain 1 Iteration: 3200 / 6000 [ 53%]  (Sampling) 
Chain 4 Iteration: 3000 / 6000 [ 50%]  (Sampling) 
Chain 2 Iteration: 3200 / 6000 [ 53%]  (Sampling) 
Chain 3 Iteration: 3300 / 6000 [ 55%]  (Sampling) 
Chain 1 Iteration: 3300 / 6000 [ 55%]  (Sampling) 
Chain 4 Iteration: 3100 / 6000 [ 51%]  (Sampling) 
Chain 2 Iteration: 3300 / 6000 [ 55%]  (Sampling) 
Chain 3 Iteration: 3400 / 6000 [ 56%]  (Sampling) 
Chain 1 Iteration: 3400 / 6000 [ 56%]  (Sampling) 
Chain 4 Iteration: 3200 / 6000 [ 53%]  (Sampling) 
Chain 2 Iteration: 3400 / 6000 [ 56%]  (Sampling) 
Chain 3 Iteration: 3500 / 6000 [ 58%]  (Sampling) 
Chain 1 Iteration: 3500 / 6000 [ 58%]  (Sampling) 
Chain 4 Iteration: 3300 / 6000 [ 55%]  (Sampling) 
Chain 2 Iteration: 3500 / 6000 [ 58%]  (Sampling) 
Chain 3 Iteration: 3600 / 6000 [ 60%]  (Sampling) 
Chain 1 Iteration: 3600 / 6000 [ 60%]  (Sampling) 
Chain 4 Iteration: 3400 / 6000 [ 56%]  (Sampling) 
Chain 2 Iteration: 3600 / 6000 [ 60%]  (Sampling) 
Chain 3 Iteration: 3700 / 6000 [ 61%]  (Sampling) 
Chain 1 Iteration: 3700 / 6000 [ 61%]  (Sampling) 
Chain 4 Iteration: 3500 / 6000 [ 58%]  (Sampling) 
Chain 2 Iteration: 3700 / 6000 [ 61%]  (Sampling) 
Chain 3 Iteration: 3800 / 6000 [ 63%]  (Sampling) 
Chain 1 Iteration: 3800 / 6000 [ 63%]  (Sampling) 
Chain 4 Iteration: 3600 / 6000 [ 60%]  (Sampling) 
Chain 2 Iteration: 3800 / 6000 [ 63%]  (Sampling) 
Chain 3 Iteration: 3900 / 6000 [ 65%]  (Sampling) 
Chain 1 Iteration: 3900 / 6000 [ 65%]  (Sampling) 
Chain 4 Iteration: 3700 / 6000 [ 61%]  (Sampling) 
Chain 2 Iteration: 3900 / 6000 [ 65%]  (Sampling) 
Chain 3 Iteration: 4000 / 6000 [ 66%]  (Sampling) 
Chain 1 Iteration: 4000 / 6000 [ 66%]  (Sampling) 
Chain 4 Iteration: 3800 / 6000 [ 63%]  (Sampling) 
Chain 2 Iteration: 4000 / 6000 [ 66%]  (Sampling) 
Chain 3 Iteration: 4100 / 6000 [ 68%]  (Sampling) 
Chain 1 Iteration: 4100 / 6000 [ 68%]  (Sampling) 
Chain 4 Iteration: 3900 / 6000 [ 65%]  (Sampling) 
Chain 2 Iteration: 4100 / 6000 [ 68%]  (Sampling) 
Chain 3 Iteration: 4200 / 6000 [ 70%]  (Sampling) 
Chain 1 Iteration: 4200 / 6000 [ 70%]  (Sampling) 
Chain 4 Iteration: 4000 / 6000 [ 66%]  (Sampling) 
Chain 2 Iteration: 4200 / 6000 [ 70%]  (Sampling) 
Chain 3 Iteration: 4300 / 6000 [ 71%]  (Sampling) 
Chain 1 Iteration: 4300 / 6000 [ 71%]  (Sampling) 
Chain 4 Iteration: 4100 / 6000 [ 68%]  (Sampling) 
Chain 2 Iteration: 4300 / 6000 [ 71%]  (Sampling) 
Chain 3 Iteration: 4400 / 6000 [ 73%]  (Sampling) 
Chain 1 Iteration: 4400 / 6000 [ 73%]  (Sampling) 
Chain 4 Iteration: 4200 / 6000 [ 70%]  (Sampling) 
Chain 2 Iteration: 4400 / 6000 [ 73%]  (Sampling) 
Chain 3 Iteration: 4500 / 6000 [ 75%]  (Sampling) 
Chain 1 Iteration: 4500 / 6000 [ 75%]  (Sampling) 
Chain 4 Iteration: 4300 / 6000 [ 71%]  (Sampling) 
Chain 2 Iteration: 4500 / 6000 [ 75%]  (Sampling) 
Chain 3 Iteration: 4600 / 6000 [ 76%]  (Sampling) 
Chain 1 Iteration: 4600 / 6000 [ 76%]  (Sampling) 
Chain 4 Iteration: 4400 / 6000 [ 73%]  (Sampling) 
Chain 2 Iteration: 4600 / 6000 [ 76%]  (Sampling) 
Chain 3 Iteration: 4700 / 6000 [ 78%]  (Sampling) 
Chain 1 Iteration: 4700 / 6000 [ 78%]  (Sampling) 
Chain 4 Iteration: 4500 / 6000 [ 75%]  (Sampling) 
Chain 2 Iteration: 4700 / 6000 [ 78%]  (Sampling) 
Chain 3 Iteration: 4800 / 6000 [ 80%]  (Sampling) 
Chain 1 Iteration: 4800 / 6000 [ 80%]  (Sampling) 
Chain 4 Iteration: 4600 / 6000 [ 76%]  (Sampling) 
Chain 2 Iteration: 4800 / 6000 [ 80%]  (Sampling) 
Chain 3 Iteration: 4900 / 6000 [ 81%]  (Sampling) 
Chain 1 Iteration: 4900 / 6000 [ 81%]  (Sampling) 
Chain 4 Iteration: 4700 / 6000 [ 78%]  (Sampling) 
Chain 2 Iteration: 4900 / 6000 [ 81%]  (Sampling) 
Chain 3 Iteration: 5000 / 6000 [ 83%]  (Sampling) 
Chain 1 Iteration: 5000 / 6000 [ 83%]  (Sampling) 
Chain 4 Iteration: 4800 / 6000 [ 80%]  (Sampling) 
Chain 2 Iteration: 5000 / 6000 [ 83%]  (Sampling) 
Chain 3 Iteration: 5100 / 6000 [ 85%]  (Sampling) 
Chain 1 Iteration: 5100 / 6000 [ 85%]  (Sampling) 
Chain 4 Iteration: 4900 / 6000 [ 81%]  (Sampling) 
Chain 2 Iteration: 5100 / 6000 [ 85%]  (Sampling) 
Chain 3 Iteration: 5200 / 6000 [ 86%]  (Sampling) 
Chain 1 Iteration: 5200 / 6000 [ 86%]  (Sampling) 
Chain 4 Iteration: 5000 / 6000 [ 83%]  (Sampling) 
Chain 2 Iteration: 5200 / 6000 [ 86%]  (Sampling) 
Chain 3 Iteration: 5300 / 6000 [ 88%]  (Sampling) 
Chain 1 Iteration: 5300 / 6000 [ 88%]  (Sampling) 
Chain 2 Iteration: 5300 / 6000 [ 88%]  (Sampling) 
Chain 4 Iteration: 5100 / 6000 [ 85%]  (Sampling) 
Chain 3 Iteration: 5400 / 6000 [ 90%]  (Sampling) 
Chain 1 Iteration: 5400 / 6000 [ 90%]  (Sampling) 
Chain 2 Iteration: 5400 / 6000 [ 90%]  (Sampling) 
Chain 4 Iteration: 5200 / 6000 [ 86%]  (Sampling) 
Chain 3 Iteration: 5500 / 6000 [ 91%]  (Sampling) 
Chain 1 Iteration: 5500 / 6000 [ 91%]  (Sampling) 
Chain 2 Iteration: 5500 / 6000 [ 91%]  (Sampling) 
Chain 4 Iteration: 5300 / 6000 [ 88%]  (Sampling) 
Chain 3 Iteration: 5600 / 6000 [ 93%]  (Sampling) 
Chain 1 Iteration: 5600 / 6000 [ 93%]  (Sampling) 
Chain 2 Iteration: 5600 / 6000 [ 93%]  (Sampling) 
Chain 4 Iteration: 5400 / 6000 [ 90%]  (Sampling) 
Chain 3 Iteration: 5700 / 6000 [ 95%]  (Sampling) 
Chain 1 Iteration: 5700 / 6000 [ 95%]  (Sampling) 
Chain 2 Iteration: 5700 / 6000 [ 95%]  (Sampling) 
Chain 3 Iteration: 5800 / 6000 [ 96%]  (Sampling) 
Chain 4 Iteration: 5500 / 6000 [ 91%]  (Sampling) 
Chain 1 Iteration: 5800 / 6000 [ 96%]  (Sampling) 
Chain 2 Iteration: 5800 / 6000 [ 96%]  (Sampling) 
Chain 3 Iteration: 5900 / 6000 [ 98%]  (Sampling) 
Chain 4 Iteration: 5600 / 6000 [ 93%]  (Sampling) 
Chain 1 Iteration: 5900 / 6000 [ 98%]  (Sampling) 
Chain 2 Iteration: 5900 / 6000 [ 98%]  (Sampling) 
Chain 3 Iteration: 6000 / 6000 [100%]  (Sampling) 
Chain 3 finished in 20945.0 seconds.
Chain 1 Iteration: 6000 / 6000 [100%]  (Sampling) 
Chain 1 finished in 20966.0 seconds.
Chain 4 Iteration: 5700 / 6000 [ 95%]  (Sampling) 
Chain 2 Iteration: 6000 / 6000 [100%]  (Sampling) 
Chain 2 finished in 21188.7 seconds.
Chain 4 Iteration: 5800 / 6000 [ 96%]  (Sampling) 
Chain 4 Iteration: 5900 / 6000 [ 98%]  (Sampling) 
Chain 4 Iteration: 6000 / 6000 [100%]  (Sampling) 
Chain 4 finished in 21764.9 seconds.

All 4 chains finished successfully.
Mean chain execution time: 21216.2 seconds.
Total execution time: 21765.7 seconds.

[1] "Processing draws 1 to 100"
[1] "Chunk time = 3.18647627433141"
[1] "Processing draws 101 to 200"
[1] "Chunk time = 2.39728328386943"
[1] "Processing draws 201 to 300"
[1] "Chunk time = 2.57534777720769"
[1] "Processing draws 301 to 400"
[1] "Chunk time = 2.10257471005122"
[1] "Processing draws 401 to 500"
[1] "Chunk time = 2.11189208030701"
[1] "Processing draws 501 to 600"
[1] "Chunk time = 1.99175607363383"
[1] "Processing draws 601 to 700"
[1] "Chunk time = 2.07609167893728"
[1] "Processing draws 701 to 800"
[1] "Chunk time = 2.11485955317815"
[1] "Processing draws 801 to 900"
[1] "Chunk time = 2.00781495173772"
[1] "Processing draws 901 to 1000"
[1] "Chunk time = 2.14027403195699"
[1] "Processing draws 1001 to 1100"
[1] "Chunk time = 2.01370008389155"
[1] "Processing draws 1101 to 1200"
[1] "Chunk time = 2.0044039328893"
[1] "Processing draws 1201 to 1300"
[1] "Chunk time = 2.13510933319728"
[1] "Processing draws 1301 to 1400"
[1] "Chunk time = 2.00395265022914"
[1] "Processing draws 1401 to 1500"
[1] "Chunk time = 1.99577047030131"
[1] "Processing draws 1501 to 1600"
[1] "Chunk time = 2.11046269734701"
[1] "Processing draws 1601 to 1700"
[1] "Chunk time = 1.93990123669306"
[1] "Processing draws 1701 to 1800"
[1] "Chunk time = 1.9645253777504"
[1] "Processing draws 1801 to 1900"
[1] "Chunk time = 2.09521335760752"
[1] "Processing draws 1901 to 2000"
[1] "Chunk time = 1.9726086974144"
[1] "Processing draws 2001 to 2100"
[1] "Chunk time = 1.9446352481842"
[1] "Processing draws 2101 to 2200"
[1] "Chunk time = 2.09550811449687"
[1] "Processing draws 2201 to 2300"
[1] "Chunk time = 1.97384210427602"
[1] "Processing draws 2301 to 2400"
[1] "Chunk time = 1.92426510254542"
[1] "Processing draws 2401 to 2500"
[1] "Chunk time = 2.08397771517436"
[1] "Processing draws 2501 to 2600"
[1] "Chunk time = 1.92025788625081"
[1] "Processing draws 2601 to 2700"
[1] "Chunk time = 1.92111028432846"
[1] "Processing draws 2701 to 2800"
[1] "Chunk time = 2.09369601011276"
[1] "Processing draws 2801 to 2900"
[1] "Chunk time = 1.96304893493652"
[1] "Processing draws 2901 to 3000"
[1] "Chunk time = 1.90957930485408"
[1] "Processing draws 3001 to 3100"
[1] "Chunk time = 2.08438343207041"
[1] "Processing draws 3101 to 3200"
[1] "Chunk time = 1.92425932486852"
[1] "Processing draws 3201 to 3300"
[1] "Chunk time = 1.9268695195516"
[1] "Processing draws 3301 to 3400"
[1] "Chunk time = 2.07277181943258"
[1] "Processing draws 3401 to 3500"
[1] "Chunk time = 1.91341244777044"
[1] "Processing draws 3501 to 3600"
[1] "Chunk time = 1.92751506169637"
[1] "Processing draws 3601 to 3700"
[1] "Chunk time = 2.07959459225337"
[1] "Processing draws 3701 to 3800"
[1] "Chunk time = 1.94499957561493"
[1] "Processing draws 3801 to 3900"
[1] "Chunk time = 1.87057630221049"
[1] "Processing draws 3901 to 4000"
[1] "Chunk time = 2.09780440330505"
[1] "Processing draws 4001 to 4100"
[1] "Chunk time = 1.94398424228032"
[1] "Processing draws 4101 to 4200"
[1] "Chunk time = 1.93961974382401"
[1] "Processing draws 4201 to 4300"
[1] "Chunk time = 2.07812804381053"
[1] "Processing draws 4301 to 4400"
[1] "Chunk time = 1.98780363798141"
[1] "Processing draws 4401 to 4500"
[1] "Chunk time = 1.89874352216721"
[1] "Processing draws 4501 to 4600"
[1] "Chunk time = 2.07965232133865"
[1] "Processing draws 4601 to 4700"
[1] "Chunk time = 1.93169484933217"
[1] "Processing draws 4701 to 4800"
[1] "Chunk time = 1.94191432396571"
[1] "Processing draws 4801 to 4900"
[1] "Chunk time = 2.07767682472865"
[1] "Processing draws 4901 to 5000"
[1] "Chunk time = 1.9674036860466"
[1] "Processing draws 5001 to 5100"
[1] "Chunk time = 1.91799997091293"
[1] "Processing draws 5101 to 5200"
[1] "Chunk time = 2.10225822528203"
[1] "Processing draws 5201 to 5300"
[1] "Chunk time = 1.93361248572667"
[1] "Processing draws 5301 to 5400"
[1] "Chunk time = 1.97325948476791"
[1] "Processing draws 5401 to 5500"
[1] "Chunk time = 2.08462436199188"
[1] "Processing draws 5501 to 5600"
[1] "Chunk time = 1.94497044881185"
[1] "Processing draws 5601 to 5700"
[1] "Chunk time = 1.87219646771749"
[1] "Processing draws 5701 to 5800"
[1] "Chunk time = 2.10840386946996"
[1] "Processing draws 5801 to 5900"
[1] "Chunk time = 1.95519767602285"
[1] "Processing draws 5901 to 6000"
[1] "Chunk time = 1.94199839433034"
[1] "Processing draws 6001 to 6100"
[1] "Chunk time = 2.06257632573446"
[1] "Processing draws 6101 to 6200"
[1] "Chunk time = 1.99814781745275"
[1] "Processing draws 6201 to 6300"
[1] "Chunk time = 1.91834244728088"
[1] "Processing draws 6301 to 6400"
[1] "Chunk time = 2.11232124567032"
[1] "Processing draws 6401 to 6500"
[1] "Chunk time = 1.94451794624329"
[1] "Processing draws 6501 to 6600"
[1] "Chunk time = 1.88898795048396"
[1] "Processing draws 6601 to 6700"
[1] "Chunk time = 2.0978905916214"
[1] "Processing draws 6701 to 6800"
[1] "Chunk time = 1.94284757773081"
[1] "Processing draws 6801 to 6900"
[1] "Chunk time = 1.93909622430801"
[1] "Processing draws 6901 to 7000"
[1] "Chunk time = 1.97447346448898"
[1] "Processing draws 7001 to 7100"
[1] "Chunk time = 1.89482450485229"
[1] "Processing draws 7101 to 7200"
[1] "Chunk time = 1.92240129709244"
[1] "Processing draws 7201 to 7300"
[1] "Chunk time = 1.90408667723338"
[1] "Processing draws 7301 to 7400"
[1] "Chunk time = 1.98582558234533"
[1] "Processing draws 7401 to 7500"
[1] "Chunk time = 1.92846646706263"
[1] "Processing draws 7501 to 7600"
[1] "Chunk time = 2.10517504612605"
[1] "Processing draws 7601 to 7700"
[1] "Chunk time = 1.95953769286474"
[1] "Processing draws 7701 to 7800"
[1] "Chunk time = 1.90821352799733"
[1] "Processing draws 7801 to 7900"
[1] "Chunk time = 2.10028131008148"
[1] "Processing draws 7901 to 8000"
[1] "Chunk time = 1.94204386075338"
[1] "Processing draws 8001 to 8100"
[1] "Chunk time = 1.89732536077499"
[1] "Processing draws 8101 to 8200"
[1] "Chunk time = 2.03306367794673"
[1] "Processing draws 8201 to 8300"
[1] "Chunk time = 1.93800257841746"
[1] "Processing draws 8301 to 8400"
[1] "Chunk time = 1.92908630371094"
[1] "Processing draws 8401 to 8500"
[1] "Chunk time = 2.04423752625783"
[1] "Processing draws 8501 to 8600"
[1] "Chunk time = 1.89895470142364"
[1] "Processing draws 8601 to 8700"
[1] "Chunk time = 1.9210937778155"
[1] "Processing draws 8701 to 8800"
[1] "Chunk time = 2.08450305461884"
[1] "Processing draws 8801 to 8900"
[1] "Chunk time = 1.97566564083099"
[1] "Processing draws 8901 to 9000"
[1] "Chunk time = 1.9627486427625"
[1] "Processing draws 9001 to 9100"
[1] "Chunk time = 2.01692353487015"
[1] "Processing draws 9101 to 9200"
[1] "Chunk time = 1.99556455612183"
[1] "Processing draws 9201 to 9300"
[1] "Chunk time = 1.89864878257116"
[1] "Processing draws 9301 to 9400"
[1] "Chunk time = 2.02894366582235"
[1] "Processing draws 9401 to 9500"
[1] "Chunk time = 1.9055272380511"
[1] "Processing draws 9501 to 9600"
[1] "Chunk time = 1.99122824668884"
[1] "Processing draws 9601 to 9700"
[1] "Chunk time = 2.09339247544607"
[1] "Processing draws 9701 to 9800"
[1] "Chunk time = 2.04059832493464"
[1] "Processing draws 9801 to 9900"
[1] "Chunk time = 1.92229151328405"
[1] "Processing draws 9901 to 10000"
[1] "Chunk time = 2.13212939500809"
[1] "Processing draws 10001 to 10100"
[1] "Chunk time = 1.959128789107"
[1] "Processing draws 10101 to 10200"
[1] "Chunk time = 1.97814033826192"
[1] "Processing draws 10201 to 10300"
[1] "Chunk time = 2.12022931178411"
[1] "Processing draws 10301 to 10400"
[1] "Chunk time = 2.03301450808843"
[1] "Processing draws 10401 to 10500"
[1] "Chunk time = 1.89799081881841"
[1] "Processing draws 10501 to 10600"
[1] "Chunk time = 2.09781467517217"
[1] "Processing draws 10601 to 10700"
[1] "Chunk time = 1.97857802311579"
[1] "Processing draws 10701 to 10800"
[1] "Chunk time = 1.98097683588664"
[1] "Processing draws 10801 to 10900"
[1] "Chunk time = 2.11864673693975"
[1] "Processing draws 10901 to 11000"
[1] "Chunk time = 2.02954439322154"
[1] "Processing draws 11001 to 11100"
[1] "Chunk time = 1.91154341697693"
[1] "Processing draws 11101 to 11200"
[1] "Chunk time = 2.1299942890803"
[1] "Processing draws 11201 to 11300"
[1] "Chunk time = 1.96292376915614"
[1] "Processing draws 11301 to 11400"
[1] "Chunk time = 1.98726409276326"
[1] "Processing draws 11401 to 11500"
[1] "Chunk time = 2.13612374464671"
[1] "Processing draws 11501 to 11600"
[1] "Chunk time = 2.1513405919075"
[1] "Processing draws 11601 to 11700"
[1] "Chunk time = 2.00837397575378"
[1] "Processing draws 11701 to 11800"
[1] "Chunk time = 2.19421139955521"
[1] "Processing draws 11801 to 11900"
[1] "Chunk time = 2.01091334819794"
[1] "Processing draws 11901 to 12000"
[1] "Chunk time = 2.07789726654689"
[1] "Processing draws 12001 to 12100"
[1] "Chunk time = 2.14485572576523"
[1] "Processing draws 12101 to 12200"
[1] "Chunk time = 2.08345339298248"
[1] "Processing draws 12201 to 12300"
[1] "Chunk time = 1.95256394942602"
[1] "Processing draws 12301 to 12400"
[1] "Chunk time = 2.17315345605214"
[1] "Processing draws 12401 to 12500"
[1] "Chunk time = 1.97745467821757"
[1] "Processing draws 12501 to 12600"
[1] "Chunk time = 1.93924520413081"
[1] "Processing draws 12601 to 12700"
[1] "Chunk time = 2.1486597776413"
[1] "Processing draws 12701 to 12800"
[1] "Chunk time = 1.98217269182205"
[1] "Processing draws 12801 to 12900"
[1] "Chunk time = 1.99246445099513"
[1] "Processing draws 12901 to 13000"
[1] "Chunk time = 2.24831729332606"
[1] "Processing draws 13001 to 13100"
[1] "Chunk time = 2.02214165528615"
[1] "Processing draws 13101 to 13200"
[1] "Chunk time = 1.97679720719655"
[1] "Processing draws 13201 to 13300"
[1] "Chunk time = 2.11000254154205"
[1] "Processing draws 13301 to 13400"
[1] "Chunk time = 2.01047223806381"
[1] "Processing draws 13401 to 13500"
[1] "Chunk time = 1.96060463587443"
[1] "Processing draws 13501 to 13600"
[1] "Chunk time = 2.23158952792486"
[1] "Processing draws 13601 to 13700"
[1] "Chunk time = 2.1050492366155"
[1] "Processing draws 13701 to 13800"
[1] "Chunk time = 2.07716187238693"
[1] "Processing draws 13801 to 13900"
[1] "Chunk time = 2.30397908687592"
[1] "Processing draws 13901 to 14000"
[1] "Chunk time = 1.98828509648641"
[1] "Processing draws 14001 to 14100"
[1] "Chunk time = 1.96727642218272"
[1] "Processing draws 14101 to 14200"
[1] "Chunk time = 2.1143094142278"
[1] "Processing draws 14201 to 14300"
[1] "Chunk time = 1.97433885335922"
[1] "Processing draws 14301 to 14400"
[1] "Chunk time = 1.96100027958552"
[1] "Processing draws 14401 to 14500"
[1] "Chunk time = 2.1235950867335"
[1] "Processing draws 14501 to 14600"
[1] "Chunk time = 1.97764759461085"
[1] "Processing draws 14601 to 14700"
[1] "Chunk time = 1.91538491646449"
[1] "Processing draws 14701 to 14800"
[1] "Chunk time = 2.12501329978307"
[1] "Processing draws 14801 to 14900"
[1] "Chunk time = 1.96897298494975"
[1] "Processing draws 14901 to 15000"
[1] "Chunk time = 1.99257651964823"
[1] "Processing draws 15001 to 15100"
[1] "Chunk time = 2.13513391017914"
[1] "Processing draws 15101 to 15200"
[1] "Chunk time = 2.01235878070195"
[1] "Processing draws 15201 to 15300"
[1] "Chunk time = 1.97772323687871"
[1] "Processing draws 15301 to 15400"
[1] "Chunk time = 2.11828462680181"
[1] "Processing draws 15401 to 15500"
[1] "Chunk time = 2.01289097070694"
[1] "Processing draws 15501 to 15600"
[1] "Chunk time = 1.96079172690709"
[1] "Processing draws 15601 to 15700"
[1] "Chunk time = 2.15649023453395"
[1] "Processing draws 15701 to 15800"
[1] "Chunk time = 1.99744399388631"
[1] "Processing draws 15801 to 15900"
[1] "Chunk time = 1.93682921727498"
[1] "Processing draws 15901 to 16000"
[1] "Chunk time = 2.1457132657369"
[1] "Processing draws 16001 to 16100"
[1] "Chunk time = 1.96406546036402"
[1] "Processing draws 16101 to 16200"
[1] "Chunk time = 1.91277457475662"
[1] "Processing draws 16201 to 16300"
[1] "Chunk time = 2.11685248613358"
[1] "Processing draws 16301 to 16400"
[1] "Chunk time = 1.98048007090886"
[1] "Processing draws 16401 to 16500"
[1] "Chunk time = 1.95440921783447"
[1] "Processing draws 16501 to 16600"
[1] "Chunk time = 2.06181636253993"
[1] "Processing draws 16601 to 16700"
[1] "Chunk time = 1.97785339355469"
[1] "Processing draws 16701 to 16800"
[1] "Chunk time = 1.95722326437632"
[1] "Processing draws 16801 to 16900"
[1] "Chunk time = 2.14236532847087"
[1] "Processing draws 16901 to 17000"
[1] "Chunk time = 1.96602809826533"
[1] "Processing draws 17001 to 17100"
[1] "Chunk time = 2.04023015499115"
[1] "Processing draws 17101 to 17200"
[1] "Chunk time = 2.13488595088323"
[1] "Processing draws 17201 to 17300"
[1] "Chunk time = 1.97601767778397"
[1] "Processing draws 17301 to 17400"
[1] "Chunk time = 1.99986373583476"
[1] "Processing draws 17401 to 17500"
[1] "Chunk time = 2.19188427527746"
[1] "Processing draws 17501 to 17600"
[1] "Chunk time = 2.03242231210073"
[1] "Processing draws 17601 to 17700"
[1] "Chunk time = 1.97693291505178"
[1] "Processing draws 17701 to 17800"
[1] "Chunk time = 2.15935222307841"
[1] "Processing draws 17801 to 17900"
[1] "Chunk time = 1.9905748407046"
[1] "Processing draws 17901 to 18000"
[1] "Chunk time = 1.99522592226664"
[1] "Processing draws 18001 to 18100"
[1] "Chunk time = 2.14978597164154"
[1] "Processing draws 18101 to 18200"
[1] "Chunk time = 2.0080600698789"
[1] "Processing draws 18201 to 18300"
[1] "Chunk time = 1.99848473072052"
[1] "Processing draws 18301 to 18400"
[1] "Chunk time = 2.18205327987671"
[1] "Processing draws 18401 to 18500"
[1] "Chunk time = 2.01258488496145"
[1] "Processing draws 18501 to 18600"
[1] "Chunk time = 1.96676238377889"
[1] "Processing draws 18601 to 18700"
[1] "Chunk time = 2.11811790863673"
[1] "Processing draws 18701 to 18800"
[1] "Chunk time = 1.99734553098679"
[1] "Processing draws 18801 to 18900"
[1] "Chunk time = 1.92155947685242"
[1] "Processing draws 18901 to 19000"
[1] "Chunk time = 2.11002346674601"
[1] "Processing draws 19001 to 19100"
[1] "Chunk time = 1.96373262405395"
[1] "Processing draws 19101 to 19200"
[1] "Chunk time = 1.97416558265686"
[1] "Processing draws 19201 to 19300"
[1] "Chunk time = 2.13214779694875"
[1] "Processing draws 19301 to 19400"
[1] "Chunk time = 2.01552259922028"
[1] "Processing draws 19401 to 19500"
[1] "Chunk time = 2.0000985900561"
[1] "Processing draws 19501 to 19600"
[1] "Chunk time = 2.09257504542669"
[1] "Processing draws 19601 to 19700"
[1] "Chunk time = 1.95013959805171"
[1] "Processing draws 19701 to 19800"
[1] "Chunk time = 1.94560329119364"
[1] "Processing draws 19801 to 19900"
[1] "Chunk time = 2.07695643504461"
[1] "Processing draws 19901 to 20000"
[1] "Chunk time = 1.99134369293849"
[1] "done lapplying"
[1] "Saving current params"
[1] "Saving params to output.rds"
[1] TRUE
[1] "Time for modelling:"
[1] "2025-07-03 01:11:39 EDT"
[1] "Time for posterior computations:"
Time difference of 6.778707 hours
[1] "Total time:"
[1] "2025-07-03 07:58:22 EDT"
