[1] "Starting sampling."
Running MCMC with 4 parallel chains, with 4 thread(s) per chain...

Chain 1 Iteration:    1 / 6000 [  0%]  (Warmup) 
Chain 2 Iteration:    1 / 6000 [  0%]  (Warmup) 
Chain 3 Iteration:    1 / 6000 [  0%]  (Warmup) 
Chain 4 Iteration:    1 / 6000 [  0%]  (Warmup) 
Chain 2 Iteration:  100 / 6000 [  1%]  (Warmup) 
Chain 4 Iteration:  100 / 6000 [  1%]  (Warmup) 
Chain 3 Iteration:  100 / 6000 [  1%]  (Warmup) 
Chain 1 Iteration:  100 / 6000 [  1%]  (Warmup) 
Chain 2 Iteration:  200 / 6000 [  3%]  (Warmup) 
Chain 4 Iteration:  200 / 6000 [  3%]  (Warmup) 
Chain 3 Iteration:  200 / 6000 [  3%]  (Warmup) 
Chain 1 Iteration:  200 / 6000 [  3%]  (Warmup) 
Chain 2 Iteration:  300 / 6000 [  5%]  (Warmup) 
Chain 4 Iteration:  300 / 6000 [  5%]  (Warmup) 
Chain 2 Iteration:  400 / 6000 [  6%]  (Warmup) 
Chain 3 Iteration:  300 / 6000 [  5%]  (Warmup) 
Chain 1 Iteration:  300 / 6000 [  5%]  (Warmup) 
Chain 2 Iteration:  500 / 6000 [  8%]  (Warmup) 
Chain 4 Iteration:  400 / 6000 [  6%]  (Warmup) 
Chain 1 Iteration:  400 / 6000 [  6%]  (Warmup) 
Chain 3 Iteration:  400 / 6000 [  6%]  (Warmup) 
Chain 2 Iteration:  600 / 6000 [ 10%]  (Warmup) 
Chain 4 Iteration:  500 / 6000 [  8%]  (Warmup) 
Chain 1 Iteration:  500 / 6000 [  8%]  (Warmup) 
Chain 3 Iteration:  500 / 6000 [  8%]  (Warmup) 
Chain 2 Iteration:  700 / 6000 [ 11%]  (Warmup) 
Chain 4 Iteration:  600 / 6000 [ 10%]  (Warmup) 
Chain 3 Iteration:  600 / 6000 [ 10%]  (Warmup) 
Chain 2 Iteration:  800 / 6000 [ 13%]  (Warmup) 
Chain 1 Iteration:  600 / 6000 [ 10%]  (Warmup) 
Chain 4 Iteration:  700 / 6000 [ 11%]  (Warmup) 
Chain 2 Iteration:  900 / 6000 [ 15%]  (Warmup) 
Chain 3 Iteration:  700 / 6000 [ 11%]  (Warmup) 
Chain 1 Iteration:  700 / 6000 [ 11%]  (Warmup) 
Chain 2 Iteration: 1000 / 6000 [ 16%]  (Warmup) 
Chain 2 Iteration: 1001 / 6000 [ 16%]  (Sampling) 
Chain 4 Iteration:  800 / 6000 [ 13%]  (Warmup) 
Chain 3 Iteration:  800 / 6000 [ 13%]  (Warmup) 
Chain 1 Iteration:  800 / 6000 [ 13%]  (Warmup) 
Chain 4 Iteration:  900 / 6000 [ 15%]  (Warmup) 
Chain 2 Iteration: 1100 / 6000 [ 18%]  (Sampling) 
Chain 3 Iteration:  900 / 6000 [ 15%]  (Warmup) 
Chain 1 Iteration:  900 / 6000 [ 15%]  (Warmup) 
Chain 4 Iteration: 1000 / 6000 [ 16%]  (Warmup) 
Chain 4 Iteration: 1001 / 6000 [ 16%]  (Sampling) 
Chain 2 Iteration: 1200 / 6000 [ 20%]  (Sampling) 
Chain 3 Iteration: 1000 / 6000 [ 16%]  (Warmup) 
Chain 3 Iteration: 1001 / 6000 [ 16%]  (Sampling) 
Chain 1 Iteration: 1000 / 6000 [ 16%]  (Warmup) 
Chain 1 Iteration: 1001 / 6000 [ 16%]  (Sampling) 
Chain 2 Iteration: 1300 / 6000 [ 21%]  (Sampling) 
Chain 4 Iteration: 1100 / 6000 [ 18%]  (Sampling) 
Chain 3 Iteration: 1100 / 6000 [ 18%]  (Sampling) 
Chain 1 Iteration: 1100 / 6000 [ 18%]  (Sampling) 
Chain 2 Iteration: 1400 / 6000 [ 23%]  (Sampling) 
Chain 4 Iteration: 1200 / 6000 [ 20%]  (Sampling) 
Chain 3 Iteration: 1200 / 6000 [ 20%]  (Sampling) 
Chain 1 Iteration: 1200 / 6000 [ 20%]  (Sampling) 
Chain 2 Iteration: 1500 / 6000 [ 25%]  (Sampling) 
Chain 4 Iteration: 1300 / 6000 [ 21%]  (Sampling) 
Chain 3 Iteration: 1300 / 6000 [ 21%]  (Sampling) 
Chain 1 Iteration: 1300 / 6000 [ 21%]  (Sampling) 
Chain 2 Iteration: 1600 / 6000 [ 26%]  (Sampling) 
Chain 4 Iteration: 1400 / 6000 [ 23%]  (Sampling) 
Chain 3 Iteration: 1400 / 6000 [ 23%]  (Sampling) 
Chain 1 Iteration: 1400 / 6000 [ 23%]  (Sampling) 
Chain 2 Iteration: 1700 / 6000 [ 28%]  (Sampling) 
Chain 4 Iteration: 1500 / 6000 [ 25%]  (Sampling) 
Chain 3 Iteration: 1500 / 6000 [ 25%]  (Sampling) 
Chain 1 Iteration: 1500 / 6000 [ 25%]  (Sampling) 
Chain 2 Iteration: 1800 / 6000 [ 30%]  (Sampling) 
Chain 4 Iteration: 1600 / 6000 [ 26%]  (Sampling) 
Chain 3 Iteration: 1600 / 6000 [ 26%]  (Sampling) 
Chain 1 Iteration: 1600 / 6000 [ 26%]  (Sampling) 
Chain 2 Iteration: 1900 / 6000 [ 31%]  (Sampling) 
Chain 4 Iteration: 1700 / 6000 [ 28%]  (Sampling) 
Chain 3 Iteration: 1700 / 6000 [ 28%]  (Sampling) 
Chain 1 Iteration: 1700 / 6000 [ 28%]  (Sampling) 
Chain 2 Iteration: 2000 / 6000 [ 33%]  (Sampling) 
Chain 4 Iteration: 1800 / 6000 [ 30%]  (Sampling) 
Chain 3 Iteration: 1800 / 6000 [ 30%]  (Sampling) 
Chain 2 Iteration: 2100 / 6000 [ 35%]  (Sampling) 
Chain 1 Iteration: 1800 / 6000 [ 30%]  (Sampling) 
Chain 4 Iteration: 1900 / 6000 [ 31%]  (Sampling) 
Chain 3 Iteration: 1900 / 6000 [ 31%]  (Sampling) 
Chain 2 Iteration: 2200 / 6000 [ 36%]  (Sampling) 
Chain 1 Iteration: 1900 / 6000 [ 31%]  (Sampling) 
Chain 4 Iteration: 2000 / 6000 [ 33%]  (Sampling) 
Chain 2 Iteration: 2300 / 6000 [ 38%]  (Sampling) 
Chain 3 Iteration: 2000 / 6000 [ 33%]  (Sampling) 
Chain 1 Iteration: 2000 / 6000 [ 33%]  (Sampling) 
Chain 2 Iteration: 2400 / 6000 [ 40%]  (Sampling) 
Chain 4 Iteration: 2100 / 6000 [ 35%]  (Sampling) 
Chain 3 Iteration: 2100 / 6000 [ 35%]  (Sampling) 
Chain 1 Iteration: 2100 / 6000 [ 35%]  (Sampling) 
Chain 2 Iteration: 2500 / 6000 [ 41%]  (Sampling) 
Chain 4 Iteration: 2200 / 6000 [ 36%]  (Sampling) 
Chain 3 Iteration: 2200 / 6000 [ 36%]  (Sampling) 
Chain 1 Iteration: 2200 / 6000 [ 36%]  (Sampling) 
Chain 2 Iteration: 2600 / 6000 [ 43%]  (Sampling) 
Chain 4 Iteration: 2300 / 6000 [ 38%]  (Sampling) 
Chain 3 Iteration: 2300 / 6000 [ 38%]  (Sampling) 
Chain 1 Iteration: 2300 / 6000 [ 38%]  (Sampling) 
Chain 4 Iteration: 2400 / 6000 [ 40%]  (Sampling) 
Chain 2 Iteration: 2700 / 6000 [ 45%]  (Sampling) 
Chain 3 Iteration: 2400 / 6000 [ 40%]  (Sampling) 
Chain 1 Iteration: 2400 / 6000 [ 40%]  (Sampling) 
Chain 4 Iteration: 2500 / 6000 [ 41%]  (Sampling) 
Chain 2 Iteration: 2800 / 6000 [ 46%]  (Sampling) 
Chain 3 Iteration: 2500 / 6000 [ 41%]  (Sampling) 
Chain 1 Iteration: 2500 / 6000 [ 41%]  (Sampling) 
Chain 4 Iteration: 2600 / 6000 [ 43%]  (Sampling) 
Chain 2 Iteration: 2900 / 6000 [ 48%]  (Sampling) 
Chain 3 Iteration: 2600 / 6000 [ 43%]  (Sampling) 
Chain 1 Iteration: 2600 / 6000 [ 43%]  (Sampling) 
Chain 4 Iteration: 2700 / 6000 [ 45%]  (Sampling) 
Chain 2 Iteration: 3000 / 6000 [ 50%]  (Sampling) 
Chain 3 Iteration: 2700 / 6000 [ 45%]  (Sampling) 
Chain 1 Iteration: 2700 / 6000 [ 45%]  (Sampling) 
Chain 4 Iteration: 2800 / 6000 [ 46%]  (Sampling) 
Chain 2 Iteration: 3100 / 6000 [ 51%]  (Sampling) 
Chain 3 Iteration: 2800 / 6000 [ 46%]  (Sampling) 
Chain 1 Iteration: 2800 / 6000 [ 46%]  (Sampling) 
Chain 4 Iteration: 2900 / 6000 [ 48%]  (Sampling) 
Chain 2 Iteration: 3200 / 6000 [ 53%]  (Sampling) 
Chain 3 Iteration: 2900 / 6000 [ 48%]  (Sampling) 
Chain 1 Iteration: 2900 / 6000 [ 48%]  (Sampling) 
Chain 4 Iteration: 3000 / 6000 [ 50%]  (Sampling) 
Chain 2 Iteration: 3300 / 6000 [ 55%]  (Sampling) 
Chain 3 Iteration: 3000 / 6000 [ 50%]  (Sampling) 
Chain 4 Iteration: 3100 / 6000 [ 51%]  (Sampling) 
Chain 1 Iteration: 3000 / 6000 [ 50%]  (Sampling) 
Chain 2 Iteration: 3400 / 6000 [ 56%]  (Sampling) 
Chain 3 Iteration: 3100 / 6000 [ 51%]  (Sampling) 
Chain 4 Iteration: 3200 / 6000 [ 53%]  (Sampling) 
Chain 1 Iteration: 3100 / 6000 [ 51%]  (Sampling) 
Chain 2 Iteration: 3500 / 6000 [ 58%]  (Sampling) 
Chain 3 Iteration: 3200 / 6000 [ 53%]  (Sampling) 
Chain 4 Iteration: 3300 / 6000 [ 55%]  (Sampling) 
Chain 1 Iteration: 3200 / 6000 [ 53%]  (Sampling) 
Chain 2 Iteration: 3600 / 6000 [ 60%]  (Sampling) 
Chain 3 Iteration: 3300 / 6000 [ 55%]  (Sampling) 
Chain 1 Iteration: 3300 / 6000 [ 55%]  (Sampling) 
Chain 4 Iteration: 3400 / 6000 [ 56%]  (Sampling) 
Chain 2 Iteration: 3700 / 6000 [ 61%]  (Sampling) 
Chain 1 Iteration: 3400 / 6000 [ 56%]  (Sampling) 
Chain 3 Iteration: 3400 / 6000 [ 56%]  (Sampling) 
Chain 4 Iteration: 3500 / 6000 [ 58%]  (Sampling) 
Chain 2 Iteration: 3800 / 6000 [ 63%]  (Sampling) 
Chain 1 Iteration: 3500 / 6000 [ 58%]  (Sampling) 
Chain 3 Iteration: 3500 / 6000 [ 58%]  (Sampling) 
Chain 4 Iteration: 3600 / 6000 [ 60%]  (Sampling) 
Chain 2 Iteration: 3900 / 6000 [ 65%]  (Sampling) 
Chain 1 Iteration: 3600 / 6000 [ 60%]  (Sampling) 
Chain 3 Iteration: 3600 / 6000 [ 60%]  (Sampling) 
Chain 4 Iteration: 3700 / 6000 [ 61%]  (Sampling) 
Chain 2 Iteration: 4000 / 6000 [ 66%]  (Sampling) 
Chain 1 Iteration: 3700 / 6000 [ 61%]  (Sampling) 
Chain 3 Iteration: 3700 / 6000 [ 61%]  (Sampling) 
Chain 4 Iteration: 3800 / 6000 [ 63%]  (Sampling) 
Chain 1 Iteration: 3800 / 6000 [ 63%]  (Sampling) 
Chain 2 Iteration: 4100 / 6000 [ 68%]  (Sampling) 
Chain 3 Iteration: 3800 / 6000 [ 63%]  (Sampling) 
Chain 4 Iteration: 3900 / 6000 [ 65%]  (Sampling) 
Chain 1 Iteration: 3900 / 6000 [ 65%]  (Sampling) 
Chain 2 Iteration: 4200 / 6000 [ 70%]  (Sampling) 
Chain 3 Iteration: 3900 / 6000 [ 65%]  (Sampling) 
Chain 4 Iteration: 4000 / 6000 [ 66%]  (Sampling) 
Chain 1 Iteration: 4000 / 6000 [ 66%]  (Sampling) 
Chain 2 Iteration: 4300 / 6000 [ 71%]  (Sampling) 
Chain 3 Iteration: 4000 / 6000 [ 66%]  (Sampling) 
Chain 4 Iteration: 4100 / 6000 [ 68%]  (Sampling) 
Chain 1 Iteration: 4100 / 6000 [ 68%]  (Sampling) 
Chain 2 Iteration: 4400 / 6000 [ 73%]  (Sampling) 
Chain 3 Iteration: 4100 / 6000 [ 68%]  (Sampling) 
Chain 4 Iteration: 4200 / 6000 [ 70%]  (Sampling) 
Chain 1 Iteration: 4200 / 6000 [ 70%]  (Sampling) 
Chain 2 Iteration: 4500 / 6000 [ 75%]  (Sampling) 
Chain 3 Iteration: 4200 / 6000 [ 70%]  (Sampling) 
Chain 4 Iteration: 4300 / 6000 [ 71%]  (Sampling) 
Chain 1 Iteration: 4300 / 6000 [ 71%]  (Sampling) 
Chain 2 Iteration: 4600 / 6000 [ 76%]  (Sampling) 
Chain 3 Iteration: 4300 / 6000 [ 71%]  (Sampling) 
Chain 1 Iteration: 4400 / 6000 [ 73%]  (Sampling) 
Chain 4 Iteration: 4400 / 6000 [ 73%]  (Sampling) 
Chain 2 Iteration: 4700 / 6000 [ 78%]  (Sampling) 
Chain 3 Iteration: 4400 / 6000 [ 73%]  (Sampling) 
Chain 1 Iteration: 4500 / 6000 [ 75%]  (Sampling) 
Chain 4 Iteration: 4500 / 6000 [ 75%]  (Sampling) 
Chain 2 Iteration: 4800 / 6000 [ 80%]  (Sampling) 
Chain 3 Iteration: 4500 / 6000 [ 75%]  (Sampling) 
Chain 1 Iteration: 4600 / 6000 [ 76%]  (Sampling) 
Chain 4 Iteration: 4600 / 6000 [ 76%]  (Sampling) 
Chain 2 Iteration: 4900 / 6000 [ 81%]  (Sampling) 
Chain 1 Iteration: 4700 / 6000 [ 78%]  (Sampling) 
Chain 3 Iteration: 4600 / 6000 [ 76%]  (Sampling) 
Chain 4 Iteration: 4700 / 6000 [ 78%]  (Sampling) 
Chain 2 Iteration: 5000 / 6000 [ 83%]  (Sampling) 
Chain 1 Iteration: 4800 / 6000 [ 80%]  (Sampling) 
Chain 3 Iteration: 4700 / 6000 [ 78%]  (Sampling) 
Chain 4 Iteration: 4800 / 6000 [ 80%]  (Sampling) 
Chain 1 Iteration: 4900 / 6000 [ 81%]  (Sampling) 
Chain 2 Iteration: 5100 / 6000 [ 85%]  (Sampling) 
Chain 3 Iteration: 4800 / 6000 [ 80%]  (Sampling) 
Chain 4 Iteration: 4900 / 6000 [ 81%]  (Sampling) 
Chain 1 Iteration: 5000 / 6000 [ 83%]  (Sampling) 
Chain 2 Iteration: 5200 / 6000 [ 86%]  (Sampling) 
Chain 3 Iteration: 4900 / 6000 [ 81%]  (Sampling) 
Chain 4 Iteration: 5000 / 6000 [ 83%]  (Sampling) 
Chain 1 Iteration: 5100 / 6000 [ 85%]  (Sampling) 
Chain 2 Iteration: 5300 / 6000 [ 88%]  (Sampling) 
Chain 3 Iteration: 5000 / 6000 [ 83%]  (Sampling) 
Chain 4 Iteration: 5100 / 6000 [ 85%]  (Sampling) 
Chain 1 Iteration: 5200 / 6000 [ 86%]  (Sampling) 
Chain 2 Iteration: 5400 / 6000 [ 90%]  (Sampling) 
Chain 3 Iteration: 5100 / 6000 [ 85%]  (Sampling) 
Chain 4 Iteration: 5200 / 6000 [ 86%]  (Sampling) 
Chain 1 Iteration: 5300 / 6000 [ 88%]  (Sampling) 
Chain 2 Iteration: 5500 / 6000 [ 91%]  (Sampling) 
Chain 3 Iteration: 5200 / 6000 [ 86%]  (Sampling) 
Chain 1 Iteration: 5400 / 6000 [ 90%]  (Sampling) 
Chain 4 Iteration: 5300 / 6000 [ 88%]  (Sampling) 
Chain 2 Iteration: 5600 / 6000 [ 93%]  (Sampling) 
Chain 3 Iteration: 5300 / 6000 [ 88%]  (Sampling) 
Chain 1 Iteration: 5500 / 6000 [ 91%]  (Sampling) 
Chain 4 Iteration: 5400 / 6000 [ 90%]  (Sampling) 
Chain 2 Iteration: 5700 / 6000 [ 95%]  (Sampling) 
Chain 1 Iteration: 5600 / 6000 [ 93%]  (Sampling) 
Chain 3 Iteration: 5400 / 6000 [ 90%]  (Sampling) 
Chain 4 Iteration: 5500 / 6000 [ 91%]  (Sampling) 
Chain 2 Iteration: 5800 / 6000 [ 96%]  (Sampling) 
Chain 1 Iteration: 5700 / 6000 [ 95%]  (Sampling) 
Chain 3 Iteration: 5500 / 6000 [ 91%]  (Sampling) 
Chain 4 Iteration: 5600 / 6000 [ 93%]  (Sampling) 
Chain 2 Iteration: 5900 / 6000 [ 98%]  (Sampling) 
Chain 1 Iteration: 5800 / 6000 [ 96%]  (Sampling) 
Chain 3 Iteration: 5600 / 6000 [ 93%]  (Sampling) 
Chain 4 Iteration: 5700 / 6000 [ 95%]  (Sampling) 
Chain 1 Iteration: 5900 / 6000 [ 98%]  (Sampling) 
Chain 2 Iteration: 6000 / 6000 [100%]  (Sampling) 
Chain 2 finished in 72196.4 seconds.
Chain 3 Iteration: 5700 / 6000 [ 95%]  (Sampling) 
Chain 4 Iteration: 5800 / 6000 [ 96%]  (Sampling) 
Chain 1 Iteration: 6000 / 6000 [100%]  (Sampling) 
Chain 1 finished in 73242.0 seconds.
Chain 3 Iteration: 5800 / 6000 [ 96%]  (Sampling) 
Chain 4 Iteration: 5900 / 6000 [ 98%]  (Sampling) 
Chain 3 Iteration: 5900 / 6000 [ 98%]  (Sampling) 
Chain 4 Iteration: 6000 / 6000 [100%]  (Sampling) 
Chain 4 finished in 75235.9 seconds.
Chain 3 Iteration: 6000 / 6000 [100%]  (Sampling) 
Chain 3 finished in 76064.7 seconds.

All 4 chains finished successfully.
Mean chain execution time: 74184.8 seconds.
Total execution time: 76065.7 seconds.

[1] "Processing draws 1 to 100"
[1] "Chunk time = 3.25239098866781"
[1] "Processing draws 101 to 200"
[1] "Chunk time = 2.30908047358195"
[1] "Processing draws 201 to 300"
[1] "Chunk time = 2.50299439827601"
[1] "Processing draws 301 to 400"
[1] "Chunk time = 2.07911370595296"
[1] "Processing draws 401 to 500"
[1] "Chunk time = 1.98218333721161"
[1] "Processing draws 501 to 600"
[1] "Chunk time = 1.96826613346736"
[1] "Processing draws 601 to 700"
[1] "Chunk time = 2.0339838385582"
[1] "Processing draws 701 to 800"
[1] "Chunk time = 2.16960225105286"
[1] "Processing draws 801 to 900"
[1] "Chunk time = 1.98811681667964"
[1] "Processing draws 901 to 1000"
[1] "Chunk time = 2.12492227554321"
[1] "Processing draws 1001 to 1100"
[1] "Chunk time = 1.97177104155223"
[1] "Processing draws 1101 to 1200"
[1] "Chunk time = 1.9988516052564"
[1] "Processing draws 1201 to 1300"
[1] "Chunk time = 2.10930610100428"
[1] "Processing draws 1301 to 1400"
[1] "Chunk time = 1.98787705898285"
[1] "Processing draws 1401 to 1500"
[1] "Chunk time = 1.99309372107188"
[1] "Processing draws 1501 to 1600"
[1] "Chunk time = 2.09734426736832"
[1] "Processing draws 1601 to 1700"
[1] "Chunk time = 1.98146733442942"
[1] "Processing draws 1701 to 1800"
[1] "Chunk time = 1.94907398621241"
[1] "Processing draws 1801 to 1900"
[1] "Chunk time = 2.11695066690445"
[1] "Processing draws 1901 to 2000"
[1] "Chunk time = 2.00169597466787"
[1] "Processing draws 2001 to 2100"
[1] "Chunk time = 1.966432873408"
[1] "Processing draws 2101 to 2200"
[1] "Chunk time = 2.13426938851674"
[1] "Processing draws 2201 to 2300"
[1] "Chunk time = 1.97029474576314"
[1] "Processing draws 2301 to 2400"
[1] "Chunk time = 1.99667172431946"
[1] "Processing draws 2401 to 2500"
[1] "Chunk time = 1.99550474484762"
[1] "Processing draws 2501 to 2600"
[1] "Chunk time = 1.96241084337235"
[1] "Processing draws 2601 to 2700"
[1] "Chunk time = 1.95446447928747"
[1] "Processing draws 2701 to 2800"
[1] "Chunk time = 1.98305004835129"
[1] "Processing draws 2801 to 2900"
[1] "Chunk time = 1.96050326426824"
[1] "Processing draws 2901 to 3000"
[1] "Chunk time = 1.95573111772537"
[1] "Processing draws 3001 to 3100"
[1] "Chunk time = 2.10436963240306"
[1] "Processing draws 3101 to 3200"
[1] "Chunk time = 1.98050782680511"
[1] "Processing draws 3201 to 3300"
[1] "Chunk time = 1.96330068906148"
[1] "Processing draws 3301 to 3400"
[1] "Chunk time = 2.1106255809466"
[1] "Processing draws 3401 to 3500"
[1] "Chunk time = 1.96495623985926"
[1] "Processing draws 3501 to 3600"
[1] "Chunk time = 1.98390009403229"
[1] "Processing draws 3601 to 3700"
[1] "Chunk time = 2.12664910157522"
[1] "Processing draws 3701 to 3800"
[1] "Chunk time = 1.97461150884628"
[1] "Processing draws 3801 to 3900"
[1] "Chunk time = 1.91478045384089"
[1] "Processing draws 3901 to 4000"
[1] "Chunk time = 2.13496836423874"
[1] "Processing draws 4001 to 4100"
[1] "Chunk time = 1.98487563927968"
[1] "Processing draws 4101 to 4200"
[1] "Chunk time = 1.95759126345317"
[1] "Processing draws 4201 to 4300"
[1] "Chunk time = 2.12442807356517"
[1] "Processing draws 4301 to 4400"
[1] "Chunk time = 1.97631574471792"
[1] "Processing draws 4401 to 4500"
[1] "Chunk time = 1.92614773909251"
[1] "Processing draws 4501 to 4600"
[1] "Chunk time = 2.11735155185064"
[1] "Processing draws 4601 to 4700"
[1] "Chunk time = 1.9597202539444"
[1] "Processing draws 4701 to 4800"
[1] "Chunk time = 1.98048544724782"
[1] "Processing draws 4801 to 4900"
[1] "Chunk time = 2.0840661128362"
[1] "Processing draws 4901 to 5000"
[1] "Chunk time = 1.96855735381444"
[1] "Processing draws 5001 to 5100"
[1] "Chunk time = 1.90382786194483"
[1] "Processing draws 5101 to 5200"
[1] "Chunk time = 2.11896613836288"
[1] "Processing draws 5201 to 5300"
[1] "Chunk time = 1.96163243850072"
[1] "Processing draws 5301 to 5400"
[1] "Chunk time = 1.85861759185791"
[1] "Processing draws 5401 to 5500"
[1] "Chunk time = 2.12335303624471"
[1] "Processing draws 5501 to 5600"
[1] "Chunk time = 1.99782591263453"
[1] "Processing draws 5601 to 5700"
[1] "Chunk time = 1.96270140806834"
[1] "Processing draws 5701 to 5800"
[1] "Chunk time = 2.11923824151357"
[1] "Processing draws 5801 to 5900"
[1] "Chunk time = 1.9422033627828"
[1] "Processing draws 5901 to 6000"
[1] "Chunk time = 1.98309823274612"
[1] "Processing draws 6001 to 6100"
[1] "Chunk time = 2.10798562765121"
[1] "Processing draws 6101 to 6200"
[1] "Chunk time = 1.96283476750056"
[1] "Processing draws 6201 to 6300"
[1] "Chunk time = 1.93843160867691"
[1] "Processing draws 6301 to 6400"
[1] "Chunk time = 2.08836245536804"
[1] "Processing draws 6401 to 6500"
[1] "Chunk time = 1.94009424050649"
[1] "Processing draws 6501 to 6600"
[1] "Chunk time = 1.96287542581558"
[1] "Processing draws 6601 to 6700"
[1] "Chunk time = 2.14287047386169"
[1] "Processing draws 6701 to 6800"
[1] "Chunk time = 1.97897468805313"
[1] "Processing draws 6801 to 6900"
[1] "Chunk time = 1.9773743947347"
[1] "Processing draws 6901 to 7000"
[1] "Chunk time = 2.14174459377925"
[1] "Processing draws 7001 to 7100"
[1] "Chunk time = 1.9606418689092"
[1] "Processing draws 7101 to 7200"
[1] "Chunk time = 1.98932530085246"
[1] "Processing draws 7201 to 7300"
[1] "Chunk time = 2.1144540031751"
[1] "Processing draws 7301 to 7400"
[1] "Chunk time = 1.94672186374664"
[1] "Processing draws 7401 to 7500"
[1] "Chunk time = 1.93551202217738"
[1] "Processing draws 7501 to 7600"
[1] "Chunk time = 2.10721170504888"
[1] "Processing draws 7601 to 7700"
[1] "Chunk time = 1.97133863766988"
[1] "Processing draws 7701 to 7800"
[1] "Chunk time = 1.86063559850057"
[1] "Processing draws 7801 to 7900"
[1] "Chunk time = 2.12735978762309"
[1] "Processing draws 7901 to 8000"
[1] "Chunk time = 1.9856952548027"
[1] "Processing draws 8001 to 8100"
[1] "Chunk time = 1.90207095146179"
[1] "Processing draws 8101 to 8200"
[1] "Chunk time = 2.09047974745433"
[1] "Processing draws 8201 to 8300"
[1] "Chunk time = 1.96290322144826"
[1] "Processing draws 8301 to 8400"
[1] "Chunk time = 1.97145514090856"
[1] "Processing draws 8401 to 8500"
[1] "Chunk time = 2.08873061736425"
[1] "Processing draws 8501 to 8600"
[1] "Chunk time = 1.93927404880524"
[1] "Processing draws 8601 to 8700"
[1] "Chunk time = 1.94816958506902"
[1] "Processing draws 8701 to 8800"
[1] "Chunk time = 2.09330581029256"
[1] "Processing draws 8801 to 8900"
[1] "Chunk time = 1.98492902517319"
[1] "Processing draws 8901 to 9000"
[1] "Chunk time = 1.99161765178045"
[1] "Processing draws 9001 to 9100"
[1] "Chunk time = 2.15526520808538"
[1] "Processing draws 9101 to 9200"
[1] "Chunk time = 2.0095219095548"
[1] "Processing draws 9201 to 9300"
[1] "Chunk time = 1.96748794317245"
[1] "Processing draws 9301 to 9400"
[1] "Chunk time = 2.12327670653661"
[1] "Processing draws 9401 to 9500"
[1] "Chunk time = 1.99698304732641"
[1] "Processing draws 9501 to 9600"
[1] "Chunk time = 2.01686188777288"
[1] "Processing draws 9601 to 9700"
[1] "Chunk time = 2.13911967277527"
[1] "Processing draws 9701 to 9800"
[1] "Chunk time = 1.99338442881902"
[1] "Processing draws 9801 to 9900"
[1] "Chunk time = 1.9119411945343"
[1] "Processing draws 9901 to 10000"
[1] "Chunk time = 2.12666091918945"
[1] "Processing draws 10001 to 10100"
[1] "Chunk time = 1.97180860837301"
[1] "Processing draws 10101 to 10200"
[1] "Chunk time = 2.00362031062444"
[1] "Processing draws 10201 to 10300"
[1] "Chunk time = 2.12781395117442"
[1] "Processing draws 10301 to 10400"
[1] "Chunk time = 2.01497845649719"
[1] "Processing draws 10401 to 10500"
[1] "Chunk time = 1.95798543294271"
[1] "Processing draws 10501 to 10600"
[1] "Chunk time = 2.11547057231267"
[1] "Processing draws 10601 to 10700"
[1] "Chunk time = 1.96730079253515"
[1] "Processing draws 10701 to 10800"
[1] "Chunk time = 2.01389225721359"
[1] "Processing draws 10801 to 10900"
[1] "Chunk time = 2.12640948692958"
[1] "Processing draws 10901 to 11000"
[1] "Chunk time = 1.99656242132187"
[1] "Processing draws 11001 to 11100"
[1] "Chunk time = 1.96243538856506"
[1] "Processing draws 11101 to 11200"
[1] "Chunk time = 2.12168103456497"
[1] "Processing draws 11201 to 11300"
[1] "Chunk time = 1.97106419801712"
[1] "Processing draws 11301 to 11400"
[1] "Chunk time = 2.04623337984085"
[1] "Processing draws 11401 to 11500"
[1] "Chunk time = 2.11706140041351"
[1] "Processing draws 11501 to 11600"
[1] "Chunk time = 2.03735702037811"
[1] "Processing draws 11601 to 11700"
[1] "Chunk time = 1.92876970767975"
[1] "Processing draws 11701 to 11800"
[1] "Chunk time = 2.11364755233129"
[1] "Processing draws 11801 to 11900"
[1] "Chunk time = 1.96100426912308"
[1] "Processing draws 11901 to 12000"
[1] "Chunk time = 2.09699496428172"
[1] "Processing draws 12001 to 12100"
[1] "Chunk time = 2.11114876270294"
[1] "Processing draws 12101 to 12200"
[1] "Chunk time = 2.05100500186284"
[1] "Processing draws 12201 to 12300"
[1] "Chunk time = 1.94201746781667"
[1] "Processing draws 12301 to 12400"
[1] "Chunk time = 2.15579660336177"
[1] "Processing draws 12401 to 12500"
[1] "Chunk time = 1.99361186027527"
[1] "Processing draws 12501 to 12600"
[1] "Chunk time = 2.02770481506983"
[1] "Processing draws 12601 to 12700"
[1] "Chunk time = 2.12404545545578"
[1] "Processing draws 12701 to 12800"
[1] "Chunk time = 2.01066128015518"
[1] "Processing draws 12801 to 12900"
[1] "Chunk time = 1.96945902903875"
[1] "Processing draws 12901 to 13000"
[1] "Chunk time = 2.14697967767715"
[1] "Processing draws 13001 to 13100"
[1] "Chunk time = 1.9790726463"
[1] "Processing draws 13101 to 13200"
[1] "Chunk time = 2.02522479693095"
[1] "Processing draws 13201 to 13300"
[1] "Chunk time = 2.14831176996231"
[1] "Processing draws 13301 to 13400"
[1] "Chunk time = 2.00602161089579"
[1] "Processing draws 13401 to 13500"
[1] "Chunk time = 1.93369174400965"
[1] "Processing draws 13501 to 13600"
[1] "Chunk time = 2.11771163543065"
[1] "Processing draws 13601 to 13700"
[1] "Chunk time = 1.99419231017431"
[1] "Processing draws 13701 to 13800"
[1] "Chunk time = 2.00261298815409"
[1] "Processing draws 13801 to 13900"
[1] "Chunk time = 2.00269394715627"
[1] "Processing draws 13901 to 14000"
[1] "Chunk time = 2.02020266850789"
[1] "Processing draws 14001 to 14100"
[1] "Chunk time = 1.90644957224528"
[1] "Processing draws 14101 to 14200"
[1] "Chunk time = 1.99945672750473"
[1] "Processing draws 14201 to 14300"
[1] "Chunk time = 1.93935501972834"
[1] "Processing draws 14301 to 14400"
[1] "Chunk time = 2.01310769319534"
[1] "Processing draws 14401 to 14500"
[1] "Chunk time = 2.13647171258926"
[1] "Processing draws 14501 to 14600"
[1] "Chunk time = 1.99647487401962"
[1] "Processing draws 14601 to 14700"
[1] "Chunk time = 1.98422207832336"
[1] "Processing draws 14701 to 14800"
[1] "Chunk time = 2.12662044763565"
[1] "Processing draws 14801 to 14900"
[1] "Chunk time = 1.98417214155197"
[1] "Processing draws 14901 to 15000"
[1] "Chunk time = 1.9999644001325"
[1] "Processing draws 15001 to 15100"
[1] "Chunk time = 2.15012671152751"
[1] "Processing draws 15101 to 15200"
[1] "Chunk time = 2.0147009452184"
[1] "Processing draws 15201 to 15300"
[1] "Chunk time = 1.95847749710083"
[1] "Processing draws 15301 to 15400"
[1] "Chunk time = 2.11531345844269"
[1] "Processing draws 15401 to 15500"
[1] "Chunk time = 1.99961620966593"
[1] "Processing draws 15501 to 15600"
[1] "Chunk time = 2.01780056556066"
[1] "Processing draws 15601 to 15700"
[1] "Chunk time = 2.12657099167506"
[1] "Processing draws 15701 to 15800"
[1] "Chunk time = 2.00002550681432"
[1] "Processing draws 15801 to 15900"
[1] "Chunk time = 1.96026977300644"
[1] "Processing draws 15901 to 16000"
[1] "Chunk time = 2.12308655579885"
[1] "Processing draws 16001 to 16100"
[1] "Chunk time = 2.00666677951813"
[1] "Processing draws 16101 to 16200"
[1] "Chunk time = 1.99859235286713"
[1] "Processing draws 16201 to 16300"
[1] "Chunk time = 2.12416694164276"
[1] "Processing draws 16301 to 16400"
[1] "Chunk time = 2.01210455099742"
[1] "Processing draws 16401 to 16500"
[1] "Chunk time = 1.97102587223053"
[1] "Processing draws 16501 to 16600"
[1] "Chunk time = 2.15354798634847"
[1] "Processing draws 16601 to 16700"
[1] "Chunk time = 2.00347295204798"
[1] "Processing draws 16701 to 16800"
[1] "Chunk time = 2.01899393002192"
[1] "Processing draws 16801 to 16900"
[1] "Chunk time = 2.12767522335052"
[1] "Processing draws 16901 to 17000"
[1] "Chunk time = 2.06206036806107"
[1] "Processing draws 17001 to 17100"
[1] "Chunk time = 1.92662091255188"
[1] "Processing draws 17101 to 17200"
[1] "Chunk time = 2.11811431248983"
[1] "Processing draws 17201 to 17300"
[1] "Chunk time = 1.99194885889689"
[1] "Processing draws 17301 to 17400"
[1] "Chunk time = 1.96939506928126"
[1] "Processing draws 17401 to 17500"
[1] "Chunk time = 2.11086722612381"
[1] "Processing draws 17501 to 17600"
[1] "Chunk time = 2.00690728028615"
[1] "Processing draws 17601 to 17700"
[1] "Chunk time = 1.92858867247899"
[1] "Processing draws 17701 to 17800"
[1] "Chunk time = 2.11825511058172"
[1] "Processing draws 17801 to 17900"
[1] "Chunk time = 1.97424822648366"
[1] "Processing draws 17901 to 18000"
[1] "Chunk time = 2.01525615056356"
[1] "Processing draws 18001 to 18100"
[1] "Chunk time = 2.11884272495906"
[1] "Processing draws 18101 to 18200"
[1] "Chunk time = 1.99303512970606"
[1] "Processing draws 18201 to 18300"
[1] "Chunk time = 1.96410561800003"
[1] "Processing draws 18301 to 18400"
[1] "Chunk time = 2.14451998869578"
[1] "Processing draws 18401 to 18500"
[1] "Chunk time = 1.97020301421483"
[1] "Processing draws 18501 to 18600"
[1] "Chunk time = 1.99644001324972"
[1] "Processing draws 18601 to 18700"
[1] "Chunk time = 2.1628687898318"
[1] "Processing draws 18701 to 18800"
[1] "Chunk time = 2.01153158744176"
[1] "Processing draws 18801 to 18900"
[1] "Chunk time = 1.90898762543996"
[1] "Processing draws 18901 to 19000"
[1] "Chunk time = 2.1476188937823"
[1] "Processing draws 19001 to 19100"
[1] "Chunk time = 1.96878702243169"
[1] "Processing draws 19101 to 19200"
[1] "Chunk time = 1.973912525177"
[1] "Processing draws 19201 to 19300"
[1] "Chunk time = 2.12112941344579"
[1] "Processing draws 19301 to 19400"
[1] "Chunk time = 1.98218499819438"
[1] "Processing draws 19401 to 19500"
[1] "Chunk time = 1.9656964580218"
[1] "Processing draws 19501 to 19600"
[1] "Chunk time = 2.03106172879537"
[1] "Processing draws 19601 to 19700"
[1] "Chunk time = 1.91068439483643"
[1] "Processing draws 19701 to 19800"
[1] "Chunk time = 1.90503367185593"
[1] "Processing draws 19801 to 19900"
[1] "Chunk time = 2.03447557687759"
[1] "Processing draws 19901 to 20000"
[1] "Chunk time = 1.9985955675443"
[1] "done lapplying"
[1] "Saving current params"
[1] "Saving params to output.rds"
[1] TRUE
[1] "Time for modelling:"
[1] "2025-07-02 16:51:08 EDT"
[1] "Time for posterior computations:"
Time difference of 6.793545 hours
[1] "Total time:"
[1] "2025-07-02 23:38:45 EDT"
