[1] "Starting sampling."
Running MCMC with 4 parallel chains, with 4 thread(s) per chain...

Chain 1 Iteration:    1 / 6000 [  0%]  (Warmup) 
Chain 2 Iteration:    1 / 6000 [  0%]  (Warmup) 
Chain 4 Iteration:    1 / 6000 [  0%]  (Warmup) 
Chain 3 Iteration:    1 / 6000 [  0%]  (Warmup) 
Chain 2 Iteration:  100 / 6000 [  1%]  (Warmup) 
Chain 4 Iteration:  100 / 6000 [  1%]  (Warmup) 
Chain 3 Iteration:  100 / 6000 [  1%]  (Warmup) 
Chain 1 Iteration:  100 / 6000 [  1%]  (Warmup) 
Chain 2 Iteration:  200 / 6000 [  3%]  (Warmup) 
Chain 4 Iteration:  200 / 6000 [  3%]  (Warmup) 
Chain 1 Iteration:  200 / 6000 [  3%]  (Warmup) 
Chain 3 Iteration:  200 / 6000 [  3%]  (Warmup) 
Chain 2 Iteration:  300 / 6000 [  5%]  (Warmup) 
Chain 4 Iteration:  300 / 6000 [  5%]  (Warmup) 
Chain 1 Iteration:  300 / 6000 [  5%]  (Warmup) 
Chain 2 Iteration:  400 / 6000 [  6%]  (Warmup) 
Chain 3 Iteration:  300 / 6000 [  5%]  (Warmup) 
Chain 4 Iteration:  400 / 6000 [  6%]  (Warmup) 
Chain 1 Iteration:  400 / 6000 [  6%]  (Warmup) 
Chain 2 Iteration:  500 / 6000 [  8%]  (Warmup) 
Chain 3 Iteration:  400 / 6000 [  6%]  (Warmup) 
Chain 1 Iteration:  500 / 6000 [  8%]  (Warmup) 
Chain 4 Iteration:  500 / 6000 [  8%]  (Warmup) 
Chain 2 Iteration:  600 / 6000 [ 10%]  (Warmup) 
Chain 3 Iteration:  500 / 6000 [  8%]  (Warmup) 
Chain 1 Iteration:  600 / 6000 [ 10%]  (Warmup) 
Chain 4 Iteration:  600 / 6000 [ 10%]  (Warmup) 
Chain 2 Iteration:  700 / 6000 [ 11%]  (Warmup) 
Chain 4 Iteration:  700 / 6000 [ 11%]  (Warmup) 
Chain 3 Iteration:  600 / 6000 [ 10%]  (Warmup) 
Chain 1 Iteration:  700 / 6000 [ 11%]  (Warmup) 
Chain 2 Iteration:  800 / 6000 [ 13%]  (Warmup) 
Chain 4 Iteration:  800 / 6000 [ 13%]  (Warmup) 
Chain 3 Iteration:  700 / 6000 [ 11%]  (Warmup) 
Chain 1 Iteration:  800 / 6000 [ 13%]  (Warmup) 
Chain 2 Iteration:  900 / 6000 [ 15%]  (Warmup) 
Chain 4 Iteration:  900 / 6000 [ 15%]  (Warmup) 
Chain 3 Iteration:  800 / 6000 [ 13%]  (Warmup) 
Chain 1 Iteration:  900 / 6000 [ 15%]  (Warmup) 
Chain 2 Iteration: 1000 / 6000 [ 16%]  (Warmup) 
Chain 2 Iteration: 1001 / 6000 [ 16%]  (Sampling) 
Chain 4 Iteration: 1000 / 6000 [ 16%]  (Warmup) 
Chain 4 Iteration: 1001 / 6000 [ 16%]  (Sampling) 
Chain 3 Iteration:  900 / 6000 [ 15%]  (Warmup) 
Chain 1 Iteration: 1000 / 6000 [ 16%]  (Warmup) 
Chain 1 Iteration: 1001 / 6000 [ 16%]  (Sampling) 
Chain 2 Iteration: 1100 / 6000 [ 18%]  (Sampling) 
Chain 3 Iteration: 1000 / 6000 [ 16%]  (Warmup) 
Chain 3 Iteration: 1001 / 6000 [ 16%]  (Sampling) 
Chain 4 Iteration: 1100 / 6000 [ 18%]  (Sampling) 
Chain 1 Iteration: 1100 / 6000 [ 18%]  (Sampling) 
Chain 2 Iteration: 1200 / 6000 [ 20%]  (Sampling) 
Chain 4 Iteration: 1200 / 6000 [ 20%]  (Sampling) 
Chain 3 Iteration: 1100 / 6000 [ 18%]  (Sampling) 
Chain 1 Iteration: 1200 / 6000 [ 20%]  (Sampling) 
Chain 2 Iteration: 1300 / 6000 [ 21%]  (Sampling) 
Chain 4 Iteration: 1300 / 6000 [ 21%]  (Sampling) 
Chain 3 Iteration: 1200 / 6000 [ 20%]  (Sampling) 
Chain 1 Iteration: 1300 / 6000 [ 21%]  (Sampling) 
Chain 2 Iteration: 1400 / 6000 [ 23%]  (Sampling) 
Chain 4 Iteration: 1400 / 6000 [ 23%]  (Sampling) 
Chain 3 Iteration: 1300 / 6000 [ 21%]  (Sampling) 
Chain 1 Iteration: 1400 / 6000 [ 23%]  (Sampling) 
Chain 2 Iteration: 1500 / 6000 [ 25%]  (Sampling) 
Chain 4 Iteration: 1500 / 6000 [ 25%]  (Sampling) 
Chain 3 Iteration: 1400 / 6000 [ 23%]  (Sampling) 
Chain 1 Iteration: 1500 / 6000 [ 25%]  (Sampling) 
Chain 2 Iteration: 1600 / 6000 [ 26%]  (Sampling) 
Chain 4 Iteration: 1600 / 6000 [ 26%]  (Sampling) 
Chain 3 Iteration: 1500 / 6000 [ 25%]  (Sampling) 
Chain 1 Iteration: 1600 / 6000 [ 26%]  (Sampling) 
Chain 2 Iteration: 1700 / 6000 [ 28%]  (Sampling) 
Chain 4 Iteration: 1700 / 6000 [ 28%]  (Sampling) 
Chain 3 Iteration: 1600 / 6000 [ 26%]  (Sampling) 
Chain 1 Iteration: 1700 / 6000 [ 28%]  (Sampling) 
Chain 4 Iteration: 1800 / 6000 [ 30%]  (Sampling) 
Chain 2 Iteration: 1800 / 6000 [ 30%]  (Sampling) 
Chain 3 Iteration: 1700 / 6000 [ 28%]  (Sampling) 
Chain 1 Iteration: 1800 / 6000 [ 30%]  (Sampling) 
Chain 4 Iteration: 1900 / 6000 [ 31%]  (Sampling) 
Chain 2 Iteration: 1900 / 6000 [ 31%]  (Sampling) 
Chain 3 Iteration: 1800 / 6000 [ 30%]  (Sampling) 
Chain 1 Iteration: 1900 / 6000 [ 31%]  (Sampling) 
Chain 4 Iteration: 2000 / 6000 [ 33%]  (Sampling) 
Chain 2 Iteration: 2000 / 6000 [ 33%]  (Sampling) 
Chain 3 Iteration: 1900 / 6000 [ 31%]  (Sampling) 
Chain 1 Iteration: 2000 / 6000 [ 33%]  (Sampling) 
Chain 4 Iteration: 2100 / 6000 [ 35%]  (Sampling) 
Chain 2 Iteration: 2100 / 6000 [ 35%]  (Sampling) 
Chain 3 Iteration: 2000 / 6000 [ 33%]  (Sampling) 
Chain 4 Iteration: 2200 / 6000 [ 36%]  (Sampling) 
Chain 1 Iteration: 2100 / 6000 [ 35%]  (Sampling) 
Chain 2 Iteration: 2200 / 6000 [ 36%]  (Sampling) 
Chain 3 Iteration: 2100 / 6000 [ 35%]  (Sampling) 
Chain 4 Iteration: 2300 / 6000 [ 38%]  (Sampling) 
Chain 1 Iteration: 2200 / 6000 [ 36%]  (Sampling) 
Chain 2 Iteration: 2300 / 6000 [ 38%]  (Sampling) 
Chain 3 Iteration: 2200 / 6000 [ 36%]  (Sampling) 
Chain 4 Iteration: 2400 / 6000 [ 40%]  (Sampling) 
Chain 1 Iteration: 2300 / 6000 [ 38%]  (Sampling) 
Chain 2 Iteration: 2400 / 6000 [ 40%]  (Sampling) 
Chain 3 Iteration: 2300 / 6000 [ 38%]  (Sampling) 
Chain 4 Iteration: 2500 / 6000 [ 41%]  (Sampling) 
Chain 1 Iteration: 2400 / 6000 [ 40%]  (Sampling) 
Chain 2 Iteration: 2500 / 6000 [ 41%]  (Sampling) 
Chain 3 Iteration: 2400 / 6000 [ 40%]  (Sampling) 
Chain 4 Iteration: 2600 / 6000 [ 43%]  (Sampling) 
Chain 1 Iteration: 2500 / 6000 [ 41%]  (Sampling) 
Chain 2 Iteration: 2600 / 6000 [ 43%]  (Sampling) 
Chain 3 Iteration: 2500 / 6000 [ 41%]  (Sampling) 
Chain 4 Iteration: 2700 / 6000 [ 45%]  (Sampling) 
Chain 1 Iteration: 2600 / 6000 [ 43%]  (Sampling) 
Chain 2 Iteration: 2700 / 6000 [ 45%]  (Sampling) 
Chain 3 Iteration: 2600 / 6000 [ 43%]  (Sampling) 
Chain 4 Iteration: 2800 / 6000 [ 46%]  (Sampling) 
Chain 1 Iteration: 2700 / 6000 [ 45%]  (Sampling) 
Chain 2 Iteration: 2800 / 6000 [ 46%]  (Sampling) 
Chain 4 Iteration: 2900 / 6000 [ 48%]  (Sampling) 
Chain 3 Iteration: 2700 / 6000 [ 45%]  (Sampling) 
Chain 1 Iteration: 2800 / 6000 [ 46%]  (Sampling) 
Chain 2 Iteration: 2900 / 6000 [ 48%]  (Sampling) 
Chain 4 Iteration: 3000 / 6000 [ 50%]  (Sampling) 
Chain 3 Iteration: 2800 / 6000 [ 46%]  (Sampling) 
Chain 1 Iteration: 2900 / 6000 [ 48%]  (Sampling) 
Chain 2 Iteration: 3000 / 6000 [ 50%]  (Sampling) 
Chain 4 Iteration: 3100 / 6000 [ 51%]  (Sampling) 
Chain 3 Iteration: 2900 / 6000 [ 48%]  (Sampling) 
Chain 1 Iteration: 3000 / 6000 [ 50%]  (Sampling) 
Chain 2 Iteration: 3100 / 6000 [ 51%]  (Sampling) 
Chain 4 Iteration: 3200 / 6000 [ 53%]  (Sampling) 
Chain 3 Iteration: 3000 / 6000 [ 50%]  (Sampling) 
Chain 1 Iteration: 3100 / 6000 [ 51%]  (Sampling) 
Chain 2 Iteration: 3200 / 6000 [ 53%]  (Sampling) 
Chain 4 Iteration: 3300 / 6000 [ 55%]  (Sampling) 
Chain 3 Iteration: 3100 / 6000 [ 51%]  (Sampling) 
Chain 1 Iteration: 3200 / 6000 [ 53%]  (Sampling) 
Chain 4 Iteration: 3400 / 6000 [ 56%]  (Sampling) 
Chain 2 Iteration: 3300 / 6000 [ 55%]  (Sampling) 
Chain 3 Iteration: 3200 / 6000 [ 53%]  (Sampling) 
Chain 1 Iteration: 3300 / 6000 [ 55%]  (Sampling) 
Chain 4 Iteration: 3500 / 6000 [ 58%]  (Sampling) 
Chain 2 Iteration: 3400 / 6000 [ 56%]  (Sampling) 
Chain 3 Iteration: 3300 / 6000 [ 55%]  (Sampling) 
Chain 1 Iteration: 3400 / 6000 [ 56%]  (Sampling) 
Chain 4 Iteration: 3600 / 6000 [ 60%]  (Sampling) 
Chain 2 Iteration: 3500 / 6000 [ 58%]  (Sampling) 
Chain 3 Iteration: 3400 / 6000 [ 56%]  (Sampling) 
Chain 1 Iteration: 3500 / 6000 [ 58%]  (Sampling) 
Chain 4 Iteration: 3700 / 6000 [ 61%]  (Sampling) 
Chain 2 Iteration: 3600 / 6000 [ 60%]  (Sampling) 
Chain 3 Iteration: 3500 / 6000 [ 58%]  (Sampling) 
Chain 4 Iteration: 3800 / 6000 [ 63%]  (Sampling) 
Chain 1 Iteration: 3600 / 6000 [ 60%]  (Sampling) 
Chain 2 Iteration: 3700 / 6000 [ 61%]  (Sampling) 
Chain 3 Iteration: 3600 / 6000 [ 60%]  (Sampling) 
Chain 4 Iteration: 3900 / 6000 [ 65%]  (Sampling) 
Chain 1 Iteration: 3700 / 6000 [ 61%]  (Sampling) 
Chain 2 Iteration: 3800 / 6000 [ 63%]  (Sampling) 
Chain 3 Iteration: 3700 / 6000 [ 61%]  (Sampling) 
Chain 4 Iteration: 4000 / 6000 [ 66%]  (Sampling) 
Chain 1 Iteration: 3800 / 6000 [ 63%]  (Sampling) 
Chain 2 Iteration: 3900 / 6000 [ 65%]  (Sampling) 
Chain 3 Iteration: 3800 / 6000 [ 63%]  (Sampling) 
Chain 4 Iteration: 4100 / 6000 [ 68%]  (Sampling) 
Chain 1 Iteration: 3900 / 6000 [ 65%]  (Sampling) 
Chain 2 Iteration: 4000 / 6000 [ 66%]  (Sampling) 
Chain 3 Iteration: 3900 / 6000 [ 65%]  (Sampling) 
Chain 4 Iteration: 4200 / 6000 [ 70%]  (Sampling) 
Chain 1 Iteration: 4000 / 6000 [ 66%]  (Sampling) 
Chain 2 Iteration: 4100 / 6000 [ 68%]  (Sampling) 
Chain 4 Iteration: 4300 / 6000 [ 71%]  (Sampling) 
Chain 3 Iteration: 4000 / 6000 [ 66%]  (Sampling) 
Chain 1 Iteration: 4100 / 6000 [ 68%]  (Sampling) 
Chain 2 Iteration: 4200 / 6000 [ 70%]  (Sampling) 
Chain 4 Iteration: 4400 / 6000 [ 73%]  (Sampling) 
Chain 3 Iteration: 4100 / 6000 [ 68%]  (Sampling) 
Chain 1 Iteration: 4200 / 6000 [ 70%]  (Sampling) 
Chain 2 Iteration: 4300 / 6000 [ 71%]  (Sampling) 
Chain 4 Iteration: 4500 / 6000 [ 75%]  (Sampling) 
Chain 3 Iteration: 4200 / 6000 [ 70%]  (Sampling) 
Chain 1 Iteration: 4300 / 6000 [ 71%]  (Sampling) 
Chain 2 Iteration: 4400 / 6000 [ 73%]  (Sampling) 
Chain 4 Iteration: 4600 / 6000 [ 76%]  (Sampling) 
Chain 3 Iteration: 4300 / 6000 [ 71%]  (Sampling) 
Chain 1 Iteration: 4400 / 6000 [ 73%]  (Sampling) 
Chain 2 Iteration: 4500 / 6000 [ 75%]  (Sampling) 
Chain 4 Iteration: 4700 / 6000 [ 78%]  (Sampling) 
Chain 3 Iteration: 4400 / 6000 [ 73%]  (Sampling) 
Chain 1 Iteration: 4500 / 6000 [ 75%]  (Sampling) 
Chain 2 Iteration: 4600 / 6000 [ 76%]  (Sampling) 
Chain 4 Iteration: 4800 / 6000 [ 80%]  (Sampling) 
Chain 3 Iteration: 4500 / 6000 [ 75%]  (Sampling) 
Chain 1 Iteration: 4600 / 6000 [ 76%]  (Sampling) 
Chain 2 Iteration: 4700 / 6000 [ 78%]  (Sampling) 
Chain 4 Iteration: 4900 / 6000 [ 81%]  (Sampling) 
Chain 3 Iteration: 4600 / 6000 [ 76%]  (Sampling) 
Chain 1 Iteration: 4700 / 6000 [ 78%]  (Sampling) 
Chain 4 Iteration: 5000 / 6000 [ 83%]  (Sampling) 
Chain 2 Iteration: 4800 / 6000 [ 80%]  (Sampling) 
Chain 3 Iteration: 4700 / 6000 [ 78%]  (Sampling) 
Chain 1 Iteration: 4800 / 6000 [ 80%]  (Sampling) 
Chain 4 Iteration: 5100 / 6000 [ 85%]  (Sampling) 
Chain 2 Iteration: 4900 / 6000 [ 81%]  (Sampling) 
Chain 3 Iteration: 4800 / 6000 [ 80%]  (Sampling) 
Chain 1 Iteration: 4900 / 6000 [ 81%]  (Sampling) 
Chain 4 Iteration: 5200 / 6000 [ 86%]  (Sampling) 
Chain 2 Iteration: 5000 / 6000 [ 83%]  (Sampling) 
Chain 3 Iteration: 4900 / 6000 [ 81%]  (Sampling) 
Chain 1 Iteration: 5000 / 6000 [ 83%]  (Sampling) 
Chain 4 Iteration: 5300 / 6000 [ 88%]  (Sampling) 
Chain 2 Iteration: 5100 / 6000 [ 85%]  (Sampling) 
Chain 3 Iteration: 5000 / 6000 [ 83%]  (Sampling) 
Chain 1 Iteration: 5100 / 6000 [ 85%]  (Sampling) 
Chain 4 Iteration: 5400 / 6000 [ 90%]  (Sampling) 
Chain 2 Iteration: 5200 / 6000 [ 86%]  (Sampling) 
Chain 3 Iteration: 5100 / 6000 [ 85%]  (Sampling) 
Chain 4 Iteration: 5500 / 6000 [ 91%]  (Sampling) 
Chain 1 Iteration: 5200 / 6000 [ 86%]  (Sampling) 
Chain 2 Iteration: 5300 / 6000 [ 88%]  (Sampling) 
Chain 3 Iteration: 5200 / 6000 [ 86%]  (Sampling) 
Chain 4 Iteration: 5600 / 6000 [ 93%]  (Sampling) 
Chain 1 Iteration: 5300 / 6000 [ 88%]  (Sampling) 
Chain 2 Iteration: 5400 / 6000 [ 90%]  (Sampling) 
Chain 3 Iteration: 5300 / 6000 [ 88%]  (Sampling) 
Chain 4 Iteration: 5700 / 6000 [ 95%]  (Sampling) 
Chain 1 Iteration: 5400 / 6000 [ 90%]  (Sampling) 
Chain 2 Iteration: 5500 / 6000 [ 91%]  (Sampling) 
Chain 3 Iteration: 5400 / 6000 [ 90%]  (Sampling) 
Chain 1 Iteration: 5500 / 6000 [ 91%]  (Sampling) 
Chain 4 Iteration: 5800 / 6000 [ 96%]  (Sampling) 
Chain 2 Iteration: 5600 / 6000 [ 93%]  (Sampling) 
Chain 3 Iteration: 5500 / 6000 [ 91%]  (Sampling) 
Chain 1 Iteration: 5600 / 6000 [ 93%]  (Sampling) 
Chain 4 Iteration: 5900 / 6000 [ 98%]  (Sampling) 
Chain 2 Iteration: 5700 / 6000 [ 95%]  (Sampling) 
Chain 1 Iteration: 5700 / 6000 [ 95%]  (Sampling) 
Chain 3 Iteration: 5600 / 6000 [ 93%]  (Sampling) 
Chain 4 Iteration: 6000 / 6000 [100%]  (Sampling) 
Chain 4 finished in 73693.1 seconds.
Chain 2 Iteration: 5800 / 6000 [ 96%]  (Sampling) 
Chain 1 Iteration: 5800 / 6000 [ 96%]  (Sampling) 
Chain 3 Iteration: 5700 / 6000 [ 95%]  (Sampling) 
Chain 2 Iteration: 5900 / 6000 [ 98%]  (Sampling) 
Chain 1 Iteration: 5900 / 6000 [ 98%]  (Sampling) 
Chain 3 Iteration: 5800 / 6000 [ 96%]  (Sampling) 
Chain 2 Iteration: 6000 / 6000 [100%]  (Sampling) 
Chain 2 finished in 76530.5 seconds.
Chain 1 Iteration: 6000 / 6000 [100%]  (Sampling) 
Chain 1 finished in 77147.0 seconds.
Chain 3 Iteration: 5900 / 6000 [ 98%]  (Sampling) 
Chain 3 Iteration: 6000 / 6000 [100%]  (Sampling) 
Chain 3 finished in 78501.5 seconds.

All 4 chains finished successfully.
Mean chain execution time: 76468.0 seconds.
Total execution time: 78503.0 seconds.

[1] "Processing draws 1 to 100"
[1] "Chunk time = 3.38098176320394"
[1] "Processing draws 101 to 200"
[1] "Chunk time = 2.3328261256218"
[1] "Processing draws 201 to 300"
[1] "Chunk time = 2.47339076598485"
[1] "Processing draws 301 to 400"
[1] "Chunk time = 2.1112007021904"
[1] "Processing draws 401 to 500"
[1] "Chunk time = 2.00645103057226"
[1] "Processing draws 501 to 600"
[1] "Chunk time = 1.97560557921728"
[1] "Processing draws 601 to 700"
[1] "Chunk time = 2.06761884291967"
[1] "Processing draws 701 to 800"
[1] "Chunk time = 2.18281544049581"
[1] "Processing draws 801 to 900"
[1] "Chunk time = 2.01911170482636"
[1] "Processing draws 901 to 1000"
[1] "Chunk time = 2.1676415959994"
[1] "Processing draws 1001 to 1100"
[1] "Chunk time = 2.02122643788656"
[1] "Processing draws 1101 to 1200"
[1] "Chunk time = 2.00873205264409"
[1] "Processing draws 1201 to 1300"
[1] "Chunk time = 2.20227802991867"
[1] "Processing draws 1301 to 1400"
[1] "Chunk time = 2.0063143491745"
[1] "Processing draws 1401 to 1500"
[1] "Chunk time = 1.96946416695913"
[1] "Processing draws 1501 to 1600"
[1] "Chunk time = 2.16381714741389"
[1] "Processing draws 1601 to 1700"
[1] "Chunk time = 1.97653639713923"
[1] "Processing draws 1701 to 1800"
[1] "Chunk time = 1.95830579598745"
[1] "Processing draws 1801 to 1900"
[1] "Chunk time = 2.12546328703562"
[1] "Processing draws 1901 to 2000"
[1] "Chunk time = 1.99533641735713"
[1] "Processing draws 2001 to 2100"
[1] "Chunk time = 1.87458288272222"
[1] "Processing draws 2101 to 2200"
[1] "Chunk time = 2.10468130509059"
[1] "Processing draws 2201 to 2300"
[1] "Chunk time = 1.97460445562998"
[1] "Processing draws 2301 to 2400"
[1] "Chunk time = 1.95620249112447"
[1] "Processing draws 2401 to 2500"
[1] "Chunk time = 2.18238687912623"
[1] "Processing draws 2501 to 2600"
[1] "Chunk time = 2.0004029472669"
[1] "Processing draws 2601 to 2700"
[1] "Chunk time = 2.0172899723053"
[1] "Processing draws 2701 to 2800"
[1] "Chunk time = 2.15227754116058"
[1] "Processing draws 2801 to 2900"
[1] "Chunk time = 1.96937428315481"
[1] "Processing draws 2901 to 3000"
[1] "Chunk time = 1.94125742912292"
[1] "Processing draws 3001 to 3100"
[1] "Chunk time = 2.11469312508901"
[1] "Processing draws 3101 to 3200"
[1] "Chunk time = 1.99552596410116"
[1] "Processing draws 3201 to 3300"
[1] "Chunk time = 1.89762234687805"
[1] "Processing draws 3301 to 3400"
[1] "Chunk time = 2.10177610317866"
[1] "Processing draws 3401 to 3500"
[1] "Chunk time = 1.95917522112528"
[1] "Processing draws 3501 to 3600"
[1] "Chunk time = 1.96450697183609"
[1] "Processing draws 3601 to 3700"
[1] "Chunk time = 2.13377960125605"
[1] "Processing draws 3701 to 3800"
[1] "Chunk time = 1.99517209927241"
[1] "Processing draws 3801 to 3900"
[1] "Chunk time = 1.99541225830714"
[1] "Processing draws 3901 to 4000"
[1] "Chunk time = 2.15505911111832"
[1] "Processing draws 4001 to 4100"
[1] "Chunk time = 2.03767315944036"
[1] "Processing draws 4101 to 4200"
[1] "Chunk time = 1.9437642176946"
[1] "Processing draws 4201 to 4300"
[1] "Chunk time = 2.10039976437887"
[1] "Processing draws 4301 to 4400"
[1] "Chunk time = 1.9409352183342"
[1] "Processing draws 4401 to 4500"
[1] "Chunk time = 1.8760858297348"
[1] "Processing draws 4501 to 4600"
[1] "Chunk time = 2.06683067878087"
[1] "Processing draws 4601 to 4700"
[1] "Chunk time = 1.93341750701269"
[1] "Processing draws 4701 to 4800"
[1] "Chunk time = 1.98725514411926"
[1] "Processing draws 4801 to 4900"
[1] "Chunk time = 2.14823353687922"
[1] "Processing draws 4901 to 5000"
[1] "Chunk time = 1.96248030662537"
[1] "Processing draws 5001 to 5100"
[1] "Chunk time = 1.91753514607747"
[1] "Processing draws 5101 to 5200"
[1] "Chunk time = 2.02732111215591"
[1] "Processing draws 5201 to 5300"
[1] "Chunk time = 1.94357727766037"
[1] "Processing draws 5301 to 5400"
[1] "Chunk time = 1.93933091958364"
[1] "Processing draws 5401 to 5500"
[1] "Chunk time = 2.06405338048935"
[1] "Processing draws 5501 to 5600"
[1] "Chunk time = 1.97857735554377"
[1] "Processing draws 5601 to 5700"
[1] "Chunk time = 1.94226056337357"
[1] "Processing draws 5701 to 5800"
[1] "Chunk time = 2.10768914620082"
[1] "Processing draws 5801 to 5900"
[1] "Chunk time = 1.93980782429377"
[1] "Processing draws 5901 to 6000"
[1] "Chunk time = 1.92528379758199"
[1] "Processing draws 6001 to 6100"
[1] "Chunk time = 2.14079167445501"
[1] "Processing draws 6101 to 6200"
[1] "Chunk time = 1.96330793698629"
[1] "Processing draws 6201 to 6300"
[1] "Chunk time = 1.90584888458252"
[1] "Processing draws 6301 to 6400"
[1] "Chunk time = 2.1400714079539"
[1] "Processing draws 6401 to 6500"
[1] "Chunk time = 1.98253644307454"
[1] "Processing draws 6501 to 6600"
[1] "Chunk time = 1.90730473995209"
[1] "Processing draws 6601 to 6700"
[1] "Chunk time = 2.16565498908361"
[1] "Processing draws 6701 to 6800"
[1] "Chunk time = 2.00362774531047"
[1] "Processing draws 6801 to 6900"
[1] "Chunk time = 1.91333537896474"
[1] "Processing draws 6901 to 7000"
[1] "Chunk time = 2.04283141295115"
[1] "Processing draws 7001 to 7100"
[1] "Chunk time = 1.91130485137304"
[1] "Processing draws 7101 to 7200"
[1] "Chunk time = 1.95358840227127"
[1] "Processing draws 7201 to 7300"
[1] "Chunk time = 2.03764382600784"
[1] "Processing draws 7301 to 7400"
[1] "Chunk time = 1.92435493469238"
[1] "Processing draws 7401 to 7500"
[1] "Chunk time = 1.90865715742111"
[1] "Processing draws 7501 to 7600"
[1] "Chunk time = 2.04683445294698"
[1] "Processing draws 7601 to 7700"
[1] "Chunk time = 1.94111460447311"
[1] "Processing draws 7701 to 7800"
[1] "Chunk time = 1.90382314125697"
[1] "Processing draws 7801 to 7900"
[1] "Chunk time = 2.12962441047033"
[1] "Processing draws 7901 to 8000"
[1] "Chunk time = 1.98125137885412"
[1] "Processing draws 8001 to 8100"
[1] "Chunk time = 1.93743540445964"
[1] "Processing draws 8101 to 8200"
[1] "Chunk time = 2.16055826346079"
[1] "Processing draws 8201 to 8300"
[1] "Chunk time = 1.99927440087001"
[1] "Processing draws 8301 to 8400"
[1] "Chunk time = 1.92021708885829"
[1] "Processing draws 8401 to 8500"
[1] "Chunk time = 2.17373063166936"
[1] "Processing draws 8501 to 8600"
[1] "Chunk time = 1.94494935274124"
[1] "Processing draws 8601 to 8700"
[1] "Chunk time = 1.86458068688711"
[1] "Processing draws 8701 to 8800"
[1] "Chunk time = 2.08294532696406"
[1] "Processing draws 8801 to 8900"
[1] "Chunk time = 2.09253223339717"
[1] "Processing draws 8901 to 9000"
[1] "Chunk time = 2.02355235417684"
[1] "Processing draws 9001 to 9100"
[1] "Chunk time = 2.18636241753896"
[1] "Processing draws 9101 to 9200"
[1] "Chunk time = 2.12498400608699"
[1] "Processing draws 9201 to 9300"
[1] "Chunk time = 2.03733998934428"
[1] "Processing draws 9301 to 9400"
[1] "Chunk time = 2.12940543492635"
[1] "Processing draws 9401 to 9500"
[1] "Chunk time = 2.079516518116"
[1] "Processing draws 9501 to 9600"
[1] "Chunk time = 2.0227105140686"
[1] "Processing draws 9601 to 9700"
[1] "Chunk time = 2.21123610337575"
[1] "Processing draws 9701 to 9800"
[1] "Chunk time = 1.99516342878342"
[1] "Processing draws 9801 to 9900"
[1] "Chunk time = 1.96197507381439"
[1] "Processing draws 9901 to 10000"
[1] "Chunk time = 2.18693577448527"
[1] "Processing draws 10001 to 10100"
[1] "Chunk time = 2.03620372613271"
[1] "Processing draws 10101 to 10200"
[1] "Chunk time = 1.95627209742864"
[1] "Processing draws 10201 to 10300"
[1] "Chunk time = 2.11710875431697"
[1] "Processing draws 10301 to 10400"
[1] "Chunk time = 1.97731839418411"
[1] "Processing draws 10401 to 10500"
[1] "Chunk time = 1.90517058372498"
[1] "Processing draws 10501 to 10600"
[1] "Chunk time = 2.13199621041616"
[1] "Processing draws 10601 to 10700"
[1] "Chunk time = 2.00083282788595"
[1] "Processing draws 10701 to 10800"
[1] "Chunk time = 1.96541726986567"
[1] "Processing draws 10801 to 10900"
[1] "Chunk time = 2.11492035388947"
[1] "Processing draws 10901 to 11000"
[1] "Chunk time = 1.9889456152916"
[1] "Processing draws 11001 to 11100"
[1] "Chunk time = 2.01555917660395"
[1] "Processing draws 11101 to 11200"
[1] "Chunk time = 2.12023673057556"
[1] "Processing draws 11201 to 11300"
[1] "Chunk time = 1.95045718749364"
[1] "Processing draws 11301 to 11400"
[1] "Chunk time = 1.97603245576223"
[1] "Processing draws 11401 to 11500"
[1] "Chunk time = 2.06988433599472"
[1] "Processing draws 11501 to 11600"
[1] "Chunk time = 1.94361585776011"
[1] "Processing draws 11601 to 11700"
[1] "Chunk time = 2.00966465870539"
[1] "Processing draws 11701 to 11800"
[1] "Chunk time = 2.13924491405487"
[1] "Processing draws 11801 to 11900"
[1] "Chunk time = 2.00428322950999"
[1] "Processing draws 11901 to 12000"
[1] "Chunk time = 1.99680149157842"
[1] "Processing draws 12001 to 12100"
[1] "Chunk time = 2.20680030584335"
[1] "Processing draws 12101 to 12200"
[1] "Chunk time = 2.07287357648214"
[1] "Processing draws 12201 to 12300"
[1] "Chunk time = 2.02361233234406"
[1] "Processing draws 12301 to 12400"
[1] "Chunk time = 2.1568400422732"
[1] "Processing draws 12401 to 12500"
[1] "Chunk time = 2.05228957732519"
[1] "Processing draws 12501 to 12600"
[1] "Chunk time = 1.97471932172775"
[1] "Processing draws 12601 to 12700"
[1] "Chunk time = 2.1494374314944"
[1] "Processing draws 12701 to 12800"
[1] "Chunk time = 1.98783051172892"
[1] "Processing draws 12801 to 12900"
[1] "Chunk time = 1.90577144225438"
[1] "Processing draws 12901 to 13000"
[1] "Chunk time = 1.98952202796936"
[1] "Processing draws 13001 to 13100"
[1] "Chunk time = 1.9634667356809"
[1] "Processing draws 13101 to 13200"
[1] "Chunk time = 1.97284201383591"
[1] "Processing draws 13201 to 13300"
[1] "Chunk time = 2.11969989538193"
[1] "Processing draws 13301 to 13400"
[1] "Chunk time = 1.97993309497833"
[1] "Processing draws 13401 to 13500"
[1] "Chunk time = 1.97854787111282"
[1] "Processing draws 13501 to 13600"
[1] "Chunk time = 2.11982364257177"
[1] "Processing draws 13601 to 13700"
[1] "Chunk time = 2.00444596211116"
[1] "Processing draws 13701 to 13800"
[1] "Chunk time = 1.9740623831749"
[1] "Processing draws 13801 to 13900"
[1] "Chunk time = 2.21978778441747"
[1] "Processing draws 13901 to 14000"
[1] "Chunk time = 1.98926876386007"
[1] "Processing draws 14001 to 14100"
[1] "Chunk time = 1.91327927509944"
[1] "Processing draws 14101 to 14200"
[1] "Chunk time = 2.12773278951645"
[1] "Processing draws 14201 to 14300"
[1] "Chunk time = 1.96289271116257"
[1] "Processing draws 14301 to 14400"
[1] "Chunk time = 1.98258735338847"
[1] "Processing draws 14401 to 14500"
[1] "Chunk time = 2.12540987730026"
[1] "Processing draws 14501 to 14600"
[1] "Chunk time = 1.96750364303589"
[1] "Processing draws 14601 to 14700"
[1] "Chunk time = 1.90443462133408"
[1] "Processing draws 14701 to 14800"
[1] "Chunk time = 2.12851637999217"
[1] "Processing draws 14801 to 14900"
[1] "Chunk time = 1.96297422250112"
[1] "Processing draws 14901 to 15000"
[1] "Chunk time = 1.91551108757655"
[1] "Processing draws 15001 to 15100"
[1] "Chunk time = 2.12433429161708"
[1] "Processing draws 15101 to 15200"
[1] "Chunk time = 1.96874518791835"
[1] "Processing draws 15201 to 15300"
[1] "Chunk time = 1.97032861709595"
[1] "Processing draws 15301 to 15400"
[1] "Chunk time = 2.12891457478205"
[1] "Processing draws 15401 to 15500"
[1] "Chunk time = 1.95787055095037"
[1] "Processing draws 15501 to 15600"
[1] "Chunk time = 1.98903220494588"
[1] "Processing draws 15601 to 15700"
[1] "Chunk time = 2.12797460953395"
[1] "Processing draws 15701 to 15800"
[1] "Chunk time = 1.96408634583155"
[1] "Processing draws 15801 to 15900"
[1] "Chunk time = 1.91134772698085"
[1] "Processing draws 15901 to 16000"
[1] "Chunk time = 2.13282485802968"
[1] "Processing draws 16001 to 16100"
[1] "Chunk time = 1.97007143894831"
[1] "Processing draws 16101 to 16200"
[1] "Chunk time = 1.89953740437826"
[1] "Processing draws 16201 to 16300"
[1] "Chunk time = 2.13472240765889"
[1] "Processing draws 16301 to 16400"
[1] "Chunk time = 1.96859986782074"
[1] "Processing draws 16401 to 16500"
[1] "Chunk time = 1.89273158311844"
[1] "Processing draws 16501 to 16600"
[1] "Chunk time = 2.01117272377014"
[1] "Processing draws 16601 to 16700"
[1] "Chunk time = 2.03739075660706"
[1] "Processing draws 16701 to 16800"
[1] "Chunk time = 2.00901746352514"
[1] "Processing draws 16801 to 16900"
[1] "Chunk time = 2.08329027891159"
[1] "Processing draws 16901 to 17000"
[1] "Chunk time = 1.95709377129873"
[1] "Processing draws 17001 to 17100"
[1] "Chunk time = 1.95562584400177"
[1] "Processing draws 17101 to 17200"
[1] "Chunk time = 2.08916039864222"
[1] "Processing draws 17201 to 17300"
[1] "Chunk time = 2.0403532187144"
[1] "Processing draws 17301 to 17400"
[1] "Chunk time = 1.95754206180573"
[1] "Processing draws 17401 to 17500"
[1] "Chunk time = 2.13039334217707"
[1] "Processing draws 17501 to 17600"
[1] "Chunk time = 1.98455694119136"
[1] "Processing draws 17601 to 17700"
[1] "Chunk time = 1.9786305308342"
[1] "Processing draws 17701 to 17800"
[1] "Chunk time = 2.13369011084239"
[1] "Processing draws 17801 to 17900"
[1] "Chunk time = 1.98669991095861"
[1] "Processing draws 17901 to 18000"
[1] "Chunk time = 1.96835588614146"
[1] "Processing draws 18001 to 18100"
[1] "Chunk time = 2.12020184993744"
[1] "Processing draws 18101 to 18200"
[1] "Chunk time = 1.99984176953634"
[1] "Processing draws 18201 to 18300"
[1] "Chunk time = 1.96291994253794"
[1] "Processing draws 18301 to 18400"
[1] "Chunk time = 2.13327112197876"
[1] "Processing draws 18401 to 18500"
[1] "Chunk time = 1.99193292061488"
[1] "Processing draws 18501 to 18600"
[1] "Chunk time = 1.96859180927277"
[1] "Processing draws 18601 to 18700"
[1] "Chunk time = 2.02090561787287"
[1] "Processing draws 18701 to 18800"
[1] "Chunk time = 1.96163585980733"
[1] "Processing draws 18801 to 18900"
[1] "Chunk time = 1.91759915749232"
[1] "Processing draws 18901 to 19000"
[1] "Chunk time = 1.99045085906982"
[1] "Processing draws 19001 to 19100"
[1] "Chunk time = 1.95605309009552"
[1] "Processing draws 19101 to 19200"
[1] "Chunk time = 1.93275836706162"
[1] "Processing draws 19201 to 19300"
[1] "Chunk time = 2.13352777163188"
[1] "Processing draws 19301 to 19400"
[1] "Chunk time = 1.99629663626353"
[1] "Processing draws 19401 to 19500"
[1] "Chunk time = 2.02866858243942"
[1] "Processing draws 19501 to 19600"
[1] "Chunk time = 2.12903483311335"
[1] "Processing draws 19601 to 19700"
[1] "Chunk time = 1.98610188563665"
[1] "Processing draws 19701 to 19800"
[1] "Chunk time = 1.95262025992076"
[1] "Processing draws 19801 to 19900"
[1] "Chunk time = 2.12224539518356"
[1] "Processing draws 19901 to 20000"
[1] "Chunk time = 1.99581034978231"
[1] "done lapplying"
[1] "Saving current params"
[1] "Saving params to output.rds"
[1] TRUE
[1] "Time for modelling:"
[1] "2025-07-02 17:31:47 EDT"
[1] "Time for posterior computations:"
Time difference of 6.79543 hours
[1] "Total time:"
[1] "2025-07-03 00:19:30 EDT"
