[1] "Starting sampling."
Running MCMC with 4 parallel chains, with 4 thread(s) per chain...

Chain 1 Iteration:    1 / 6000 [  0%]  (Warmup) 
Chain 2 Iteration:    1 / 6000 [  0%]  (Warmup) 
Chain 3 Iteration:    1 / 6000 [  0%]  (Warmup) 
Chain 4 Iteration:    1 / 6000 [  0%]  (Warmup) 
Chain 3 Iteration:  100 / 6000 [  1%]  (Warmup) 
Chain 3 Iteration:  200 / 6000 [  3%]  (Warmup) 
Chain 3 Iteration:  300 / 6000 [  5%]  (Warmup) 
Chain 2 Iteration:  100 / 6000 [  1%]  (Warmup) 
Chain 3 Iteration:  400 / 6000 [  6%]  (Warmup) 
Chain 1 Iteration:  100 / 6000 [  1%]  (Warmup) 
Chain 4 Iteration:  100 / 6000 [  1%]  (Warmup) 
Chain 3 Iteration:  500 / 6000 [  8%]  (Warmup) 
Chain 2 Iteration:  200 / 6000 [  3%]  (Warmup) 
Chain 3 Iteration:  600 / 6000 [ 10%]  (Warmup) 
Chain 1 Iteration:  200 / 6000 [  3%]  (Warmup) 
Chain 4 Iteration:  200 / 6000 [  3%]  (Warmup) 
Chain 3 Iteration:  700 / 6000 [ 11%]  (Warmup) 
Chain 2 Iteration:  300 / 6000 [  5%]  (Warmup) 
Chain 1 Iteration:  300 / 6000 [  5%]  (Warmup) 
Chain 4 Iteration:  300 / 6000 [  5%]  (Warmup) 
Chain 3 Iteration:  800 / 6000 [ 13%]  (Warmup) 
Chain 2 Iteration:  400 / 6000 [  6%]  (Warmup) 
Chain 1 Iteration:  400 / 6000 [  6%]  (Warmup) 
Chain 3 Iteration:  900 / 6000 [ 15%]  (Warmup) 
Chain 4 Iteration:  400 / 6000 [  6%]  (Warmup) 
Chain 2 Iteration:  500 / 6000 [  8%]  (Warmup) 
Chain 3 Iteration: 1000 / 6000 [ 16%]  (Warmup) 
Chain 3 Iteration: 1001 / 6000 [ 16%]  (Sampling) 
Chain 1 Iteration:  500 / 6000 [  8%]  (Warmup) 
Chain 4 Iteration:  500 / 6000 [  8%]  (Warmup) 
Chain 2 Iteration:  600 / 6000 [ 10%]  (Warmup) 
Chain 3 Iteration: 1100 / 6000 [ 18%]  (Sampling) 
Chain 1 Iteration:  600 / 6000 [ 10%]  (Warmup) 
Chain 4 Iteration:  600 / 6000 [ 10%]  (Warmup) 
Chain 2 Iteration:  700 / 6000 [ 11%]  (Warmup) 
Chain 3 Iteration: 1200 / 6000 [ 20%]  (Sampling) 
Chain 1 Iteration:  700 / 6000 [ 11%]  (Warmup) 
Chain 4 Iteration:  700 / 6000 [ 11%]  (Warmup) 
Chain 2 Iteration:  800 / 6000 [ 13%]  (Warmup) 
Chain 3 Iteration: 1300 / 6000 [ 21%]  (Sampling) 
Chain 1 Iteration:  800 / 6000 [ 13%]  (Warmup) 
Chain 4 Iteration:  800 / 6000 [ 13%]  (Warmup) 
Chain 2 Iteration:  900 / 6000 [ 15%]  (Warmup) 
Chain 3 Iteration: 1400 / 6000 [ 23%]  (Sampling) 
Chain 1 Iteration:  900 / 6000 [ 15%]  (Warmup) 
Chain 4 Iteration:  900 / 6000 [ 15%]  (Warmup) 
Chain 2 Iteration: 1000 / 6000 [ 16%]  (Warmup) 
Chain 2 Iteration: 1001 / 6000 [ 16%]  (Sampling) 
Chain 3 Iteration: 1500 / 6000 [ 25%]  (Sampling) 
Chain 1 Iteration: 1000 / 6000 [ 16%]  (Warmup) 
Chain 1 Iteration: 1001 / 6000 [ 16%]  (Sampling) 
Chain 4 Iteration: 1000 / 6000 [ 16%]  (Warmup) 
Chain 4 Iteration: 1001 / 6000 [ 16%]  (Sampling) 
Chain 2 Iteration: 1100 / 6000 [ 18%]  (Sampling) 
Chain 3 Iteration: 1600 / 6000 [ 26%]  (Sampling) 
Chain 1 Iteration: 1100 / 6000 [ 18%]  (Sampling) 
Chain 4 Iteration: 1100 / 6000 [ 18%]  (Sampling) 
Chain 2 Iteration: 1200 / 6000 [ 20%]  (Sampling) 
Chain 3 Iteration: 1700 / 6000 [ 28%]  (Sampling) 
Chain 1 Iteration: 1200 / 6000 [ 20%]  (Sampling) 
Chain 4 Iteration: 1200 / 6000 [ 20%]  (Sampling) 
Chain 2 Iteration: 1300 / 6000 [ 21%]  (Sampling) 
Chain 3 Iteration: 1800 / 6000 [ 30%]  (Sampling) 
Chain 1 Iteration: 1300 / 6000 [ 21%]  (Sampling) 
Chain 4 Iteration: 1300 / 6000 [ 21%]  (Sampling) 
Chain 2 Iteration: 1400 / 6000 [ 23%]  (Sampling) 
Chain 3 Iteration: 1900 / 6000 [ 31%]  (Sampling) 
Chain 1 Iteration: 1400 / 6000 [ 23%]  (Sampling) 
Chain 4 Iteration: 1400 / 6000 [ 23%]  (Sampling) 
Chain 2 Iteration: 1500 / 6000 [ 25%]  (Sampling) 
Chain 3 Iteration: 2000 / 6000 [ 33%]  (Sampling) 
Chain 1 Iteration: 1500 / 6000 [ 25%]  (Sampling) 
Chain 4 Iteration: 1500 / 6000 [ 25%]  (Sampling) 
Chain 2 Iteration: 1600 / 6000 [ 26%]  (Sampling) 
Chain 3 Iteration: 2100 / 6000 [ 35%]  (Sampling) 
Chain 1 Iteration: 1600 / 6000 [ 26%]  (Sampling) 
Chain 4 Iteration: 1600 / 6000 [ 26%]  (Sampling) 
Chain 2 Iteration: 1700 / 6000 [ 28%]  (Sampling) 
Chain 3 Iteration: 2200 / 6000 [ 36%]  (Sampling) 
Chain 1 Iteration: 1700 / 6000 [ 28%]  (Sampling) 
Chain 4 Iteration: 1700 / 6000 [ 28%]  (Sampling) 
Chain 2 Iteration: 1800 / 6000 [ 30%]  (Sampling) 
Chain 3 Iteration: 2300 / 6000 [ 38%]  (Sampling) 
Chain 1 Iteration: 1800 / 6000 [ 30%]  (Sampling) 
Chain 2 Iteration: 1900 / 6000 [ 31%]  (Sampling) 
Chain 4 Iteration: 1800 / 6000 [ 30%]  (Sampling) 
Chain 3 Iteration: 2400 / 6000 [ 40%]  (Sampling) 
Chain 2 Iteration: 2000 / 6000 [ 33%]  (Sampling) 
Chain 1 Iteration: 1900 / 6000 [ 31%]  (Sampling) 
Chain 4 Iteration: 1900 / 6000 [ 31%]  (Sampling) 
Chain 3 Iteration: 2500 / 6000 [ 41%]  (Sampling) 
Chain 2 Iteration: 2100 / 6000 [ 35%]  (Sampling) 
Chain 1 Iteration: 2000 / 6000 [ 33%]  (Sampling) 
Chain 4 Iteration: 2000 / 6000 [ 33%]  (Sampling) 
Chain 3 Iteration: 2600 / 6000 [ 43%]  (Sampling) 
Chain 2 Iteration: 2200 / 6000 [ 36%]  (Sampling) 
Chain 1 Iteration: 2100 / 6000 [ 35%]  (Sampling) 
Chain 4 Iteration: 2100 / 6000 [ 35%]  (Sampling) 
Chain 3 Iteration: 2700 / 6000 [ 45%]  (Sampling) 
Chain 2 Iteration: 2300 / 6000 [ 38%]  (Sampling) 
Chain 4 Iteration: 2200 / 6000 [ 36%]  (Sampling) 
Chain 1 Iteration: 2200 / 6000 [ 36%]  (Sampling) 
Chain 3 Iteration: 2800 / 6000 [ 46%]  (Sampling) 
Chain 2 Iteration: 2400 / 6000 [ 40%]  (Sampling) 
Chain 4 Iteration: 2300 / 6000 [ 38%]  (Sampling) 
Chain 1 Iteration: 2300 / 6000 [ 38%]  (Sampling) 
Chain 2 Iteration: 2500 / 6000 [ 41%]  (Sampling) 
Chain 3 Iteration: 2900 / 6000 [ 48%]  (Sampling) 
Chain 4 Iteration: 2400 / 6000 [ 40%]  (Sampling) 
Chain 1 Iteration: 2400 / 6000 [ 40%]  (Sampling) 
Chain 2 Iteration: 2600 / 6000 [ 43%]  (Sampling) 
Chain 3 Iteration: 3000 / 6000 [ 50%]  (Sampling) 
Chain 4 Iteration: 2500 / 6000 [ 41%]  (Sampling) 
Chain 1 Iteration: 2500 / 6000 [ 41%]  (Sampling) 
Chain 2 Iteration: 2700 / 6000 [ 45%]  (Sampling) 
Chain 3 Iteration: 3100 / 6000 [ 51%]  (Sampling) 
Chain 4 Iteration: 2600 / 6000 [ 43%]  (Sampling) 
Chain 1 Iteration: 2600 / 6000 [ 43%]  (Sampling) 
Chain 2 Iteration: 2800 / 6000 [ 46%]  (Sampling) 
Chain 3 Iteration: 3200 / 6000 [ 53%]  (Sampling) 
Chain 4 Iteration: 2700 / 6000 [ 45%]  (Sampling) 
Chain 1 Iteration: 2700 / 6000 [ 45%]  (Sampling) 
Chain 2 Iteration: 2900 / 6000 [ 48%]  (Sampling) 
Chain 3 Iteration: 3300 / 6000 [ 55%]  (Sampling) 
Chain 4 Iteration: 2800 / 6000 [ 46%]  (Sampling) 
Chain 1 Iteration: 2800 / 6000 [ 46%]  (Sampling) 
Chain 2 Iteration: 3000 / 6000 [ 50%]  (Sampling) 
Chain 3 Iteration: 3400 / 6000 [ 56%]  (Sampling) 
Chain 4 Iteration: 2900 / 6000 [ 48%]  (Sampling) 
Chain 1 Iteration: 2900 / 6000 [ 48%]  (Sampling) 
Chain 2 Iteration: 3100 / 6000 [ 51%]  (Sampling) 
Chain 3 Iteration: 3500 / 6000 [ 58%]  (Sampling) 
Chain 4 Iteration: 3000 / 6000 [ 50%]  (Sampling) 
Chain 1 Iteration: 3000 / 6000 [ 50%]  (Sampling) 
Chain 2 Iteration: 3200 / 6000 [ 53%]  (Sampling) 
Chain 3 Iteration: 3600 / 6000 [ 60%]  (Sampling) 
Chain 4 Iteration: 3100 / 6000 [ 51%]  (Sampling) 
Chain 1 Iteration: 3100 / 6000 [ 51%]  (Sampling) 
Chain 2 Iteration: 3300 / 6000 [ 55%]  (Sampling) 
Chain 3 Iteration: 3700 / 6000 [ 61%]  (Sampling) 
Chain 4 Iteration: 3200 / 6000 [ 53%]  (Sampling) 
Chain 1 Iteration: 3200 / 6000 [ 53%]  (Sampling) 
Chain 2 Iteration: 3400 / 6000 [ 56%]  (Sampling) 
Chain 3 Iteration: 3800 / 6000 [ 63%]  (Sampling) 
Chain 4 Iteration: 3300 / 6000 [ 55%]  (Sampling) 
Chain 1 Iteration: 3300 / 6000 [ 55%]  (Sampling) 
Chain 2 Iteration: 3500 / 6000 [ 58%]  (Sampling) 
Chain 4 Iteration: 3400 / 6000 [ 56%]  (Sampling) 
Chain 3 Iteration: 3900 / 6000 [ 65%]  (Sampling) 
Chain 1 Iteration: 3400 / 6000 [ 56%]  (Sampling) 
Chain 4 Iteration: 3500 / 6000 [ 58%]  (Sampling) 
Chain 2 Iteration: 3600 / 6000 [ 60%]  (Sampling) 
Chain 3 Iteration: 4000 / 6000 [ 66%]  (Sampling) 
Chain 1 Iteration: 3500 / 6000 [ 58%]  (Sampling) 
Chain 4 Iteration: 3600 / 6000 [ 60%]  (Sampling) 
Chain 2 Iteration: 3700 / 6000 [ 61%]  (Sampling) 
Chain 3 Iteration: 4100 / 6000 [ 68%]  (Sampling) 
Chain 1 Iteration: 3600 / 6000 [ 60%]  (Sampling) 
Chain 4 Iteration: 3700 / 6000 [ 61%]  (Sampling) 
Chain 2 Iteration: 3800 / 6000 [ 63%]  (Sampling) 
Chain 3 Iteration: 4200 / 6000 [ 70%]  (Sampling) 
Chain 4 Iteration: 3800 / 6000 [ 63%]  (Sampling) 
Chain 1 Iteration: 3700 / 6000 [ 61%]  (Sampling) 
Chain 2 Iteration: 3900 / 6000 [ 65%]  (Sampling) 
Chain 3 Iteration: 4300 / 6000 [ 71%]  (Sampling) 
Chain 4 Iteration: 3900 / 6000 [ 65%]  (Sampling) 
Chain 1 Iteration: 3800 / 6000 [ 63%]  (Sampling) 
Chain 2 Iteration: 4000 / 6000 [ 66%]  (Sampling) 
Chain 4 Iteration: 4000 / 6000 [ 66%]  (Sampling) 
Chain 3 Iteration: 4400 / 6000 [ 73%]  (Sampling) 
Chain 1 Iteration: 3900 / 6000 [ 65%]  (Sampling) 
Chain 4 Iteration: 4100 / 6000 [ 68%]  (Sampling) 
Chain 2 Iteration: 4100 / 6000 [ 68%]  (Sampling) 
Chain 3 Iteration: 4500 / 6000 [ 75%]  (Sampling) 
Chain 4 Iteration: 4200 / 6000 [ 70%]  (Sampling) 
Chain 1 Iteration: 4000 / 6000 [ 66%]  (Sampling) 
Chain 2 Iteration: 4200 / 6000 [ 70%]  (Sampling) 
Chain 3 Iteration: 4600 / 6000 [ 76%]  (Sampling) 
Chain 4 Iteration: 4300 / 6000 [ 71%]  (Sampling) 
Chain 1 Iteration: 4100 / 6000 [ 68%]  (Sampling) 
Chain 2 Iteration: 4300 / 6000 [ 71%]  (Sampling) 
Chain 4 Iteration: 4400 / 6000 [ 73%]  (Sampling) 
Chain 3 Iteration: 4700 / 6000 [ 78%]  (Sampling) 
Chain 1 Iteration: 4200 / 6000 [ 70%]  (Sampling) 
Chain 4 Iteration: 4500 / 6000 [ 75%]  (Sampling) 
Chain 2 Iteration: 4400 / 6000 [ 73%]  (Sampling) 
Chain 3 Iteration: 4800 / 6000 [ 80%]  (Sampling) 
Chain 1 Iteration: 4300 / 6000 [ 71%]  (Sampling) 
Chain 4 Iteration: 4600 / 6000 [ 76%]  (Sampling) 
Chain 2 Iteration: 4500 / 6000 [ 75%]  (Sampling) 
Chain 3 Iteration: 4900 / 6000 [ 81%]  (Sampling) 
Chain 4 Iteration: 4700 / 6000 [ 78%]  (Sampling) 
Chain 1 Iteration: 4400 / 6000 [ 73%]  (Sampling) 
Chain 2 Iteration: 4600 / 6000 [ 76%]  (Sampling) 
Chain 3 Iteration: 5000 / 6000 [ 83%]  (Sampling) 
Chain 4 Iteration: 4800 / 6000 [ 80%]  (Sampling) 
Chain 1 Iteration: 4500 / 6000 [ 75%]  (Sampling) 
Chain 4 Iteration: 4900 / 6000 [ 81%]  (Sampling) 
Chain 2 Iteration: 4700 / 6000 [ 78%]  (Sampling) 
Chain 3 Iteration: 5100 / 6000 [ 85%]  (Sampling) 
Chain 1 Iteration: 4600 / 6000 [ 76%]  (Sampling) 
Chain 4 Iteration: 5000 / 6000 [ 83%]  (Sampling) 
Chain 2 Iteration: 4800 / 6000 [ 80%]  (Sampling) 
Chain 3 Iteration: 5200 / 6000 [ 86%]  (Sampling) 
Chain 4 Iteration: 5100 / 6000 [ 85%]  (Sampling) 
Chain 1 Iteration: 4700 / 6000 [ 78%]  (Sampling) 
Chain 2 Iteration: 4900 / 6000 [ 81%]  (Sampling) 
Chain 3 Iteration: 5300 / 6000 [ 88%]  (Sampling) 
Chain 4 Iteration: 5200 / 6000 [ 86%]  (Sampling) 
Chain 1 Iteration: 4800 / 6000 [ 80%]  (Sampling) 
Chain 2 Iteration: 5000 / 6000 [ 83%]  (Sampling) 
Chain 4 Iteration: 5300 / 6000 [ 88%]  (Sampling) 
Chain 3 Iteration: 5400 / 6000 [ 90%]  (Sampling) 
Chain 1 Iteration: 4900 / 6000 [ 81%]  (Sampling) 
Chain 4 Iteration: 5400 / 6000 [ 90%]  (Sampling) 
Chain 2 Iteration: 5100 / 6000 [ 85%]  (Sampling) 
Chain 3 Iteration: 5500 / 6000 [ 91%]  (Sampling) 
Chain 4 Iteration: 5500 / 6000 [ 91%]  (Sampling) 
Chain 1 Iteration: 5000 / 6000 [ 83%]  (Sampling) 
Chain 2 Iteration: 5200 / 6000 [ 86%]  (Sampling) 
Chain 3 Iteration: 5600 / 6000 [ 93%]  (Sampling) 
Chain 4 Iteration: 5600 / 6000 [ 93%]  (Sampling) 
Chain 1 Iteration: 5100 / 6000 [ 85%]  (Sampling) 
Chain 2 Iteration: 5300 / 6000 [ 88%]  (Sampling) 
Chain 4 Iteration: 5700 / 6000 [ 95%]  (Sampling) 
Chain 3 Iteration: 5700 / 6000 [ 95%]  (Sampling) 
Chain 1 Iteration: 5200 / 6000 [ 86%]  (Sampling) 
Chain 4 Iteration: 5800 / 6000 [ 96%]  (Sampling) 
Chain 2 Iteration: 5400 / 6000 [ 90%]  (Sampling) 
Chain 3 Iteration: 5800 / 6000 [ 96%]  (Sampling) 
Chain 1 Iteration: 5300 / 6000 [ 88%]  (Sampling) 
Chain 4 Iteration: 5900 / 6000 [ 98%]  (Sampling) 
Chain 2 Iteration: 5500 / 6000 [ 91%]  (Sampling) 
Chain 3 Iteration: 5900 / 6000 [ 98%]  (Sampling) 
Chain 4 Iteration: 6000 / 6000 [100%]  (Sampling) 
Chain 4 finished in 11454.3 seconds.
Chain 1 Iteration: 5400 / 6000 [ 90%]  (Sampling) 
Chain 2 Iteration: 5600 / 6000 [ 93%]  (Sampling) 
Chain 3 Iteration: 6000 / 6000 [100%]  (Sampling) 
Chain 3 finished in 11553.7 seconds.
Chain 1 Iteration: 5500 / 6000 [ 91%]  (Sampling) 
Chain 2 Iteration: 5700 / 6000 [ 95%]  (Sampling) 
Chain 1 Iteration: 5600 / 6000 [ 93%]  (Sampling) 
Chain 2 Iteration: 5800 / 6000 [ 96%]  (Sampling) 
Chain 1 Iteration: 5700 / 6000 [ 95%]  (Sampling) 
Chain 2 Iteration: 5900 / 6000 [ 98%]  (Sampling) 
Chain 1 Iteration: 5800 / 6000 [ 96%]  (Sampling) 
Chain 2 Iteration: 6000 / 6000 [100%]  (Sampling) 
Chain 2 finished in 12195.2 seconds.
Chain 1 Iteration: 5900 / 6000 [ 98%]  (Sampling) 
Chain 1 Iteration: 6000 / 6000 [100%]  (Sampling) 
Chain 1 finished in 12476.1 seconds.

All 4 chains finished successfully.
Mean chain execution time: 11919.8 seconds.
Total execution time: 12477.1 seconds.

[1] "Processing draws 1 to 100"
[1] "Chunk time = 3.30993115107218"
[1] "Processing draws 101 to 200"
[1] "Chunk time = 2.3425328652064"
[1] "Processing draws 201 to 300"
[1] "Chunk time = 2.5278293967247"
[1] "Processing draws 301 to 400"
[1] "Chunk time = 2.14478547970454"
[1] "Processing draws 401 to 500"
[1] "Chunk time = 2.04474376042684"
[1] "Processing draws 501 to 600"
[1] "Chunk time = 2.02286152442296"
[1] "Processing draws 601 to 700"
[1] "Chunk time = 2.06155816316605"
[1] "Processing draws 701 to 800"
[1] "Chunk time = 2.21396445035934"
[1] "Processing draws 801 to 900"
[1] "Chunk time = 2.04748706817627"
[1] "Processing draws 901 to 1000"
[1] "Chunk time = 2.07153829733531"
[1] "Processing draws 1001 to 1100"
[1] "Chunk time = 2.04952765305837"
[1] "Processing draws 1101 to 1200"
[1] "Chunk time = 2.06500465472539"
[1] "Processing draws 1201 to 1300"
[1] "Chunk time = 2.11654603878657"
[1] "Processing draws 1301 to 1400"
[1] "Chunk time = 2.02865253289541"
[1] "Processing draws 1401 to 1500"
[1] "Chunk time = 2.02381261587143"
[1] "Processing draws 1501 to 1600"
[1] "Chunk time = 2.18764576117198"
[1] "Processing draws 1601 to 1700"
[1] "Chunk time = 2.00817116896311"
[1] "Processing draws 1701 to 1800"
[1] "Chunk time = 2.01396497488022"
[1] "Processing draws 1801 to 1900"
[1] "Chunk time = 2.19616660277049"
[1] "Processing draws 1901 to 2000"
[1] "Chunk time = 2.03915020624797"
[1] "Processing draws 2001 to 2100"
[1] "Chunk time = 2.01745076179504"
[1] "Processing draws 2101 to 2200"
[1] "Chunk time = 2.20037305355072"
[1] "Processing draws 2201 to 2300"
[1] "Chunk time = 2.04094706773758"
[1] "Processing draws 2301 to 2400"
[1] "Chunk time = 2.02694498300552"
[1] "Processing draws 2401 to 2500"
[1] "Chunk time = 2.17792405684789"
[1] "Processing draws 2501 to 2600"
[1] "Chunk time = 2.02445544401805"
[1] "Processing draws 2601 to 2700"
[1] "Chunk time = 2.00865277846654"
[1] "Processing draws 2701 to 2800"
[1] "Chunk time = 2.17609288692474"
[1] "Processing draws 2801 to 2900"
[1] "Chunk time = 2.02894992828369"
[1] "Processing draws 2901 to 3000"
[1] "Chunk time = 2.01483424504598"
[1] "Processing draws 3001 to 3100"
[1] "Chunk time = 2.16831111907959"
[1] "Processing draws 3101 to 3200"
[1] "Chunk time = 2.02439572413762"
[1] "Processing draws 3201 to 3300"
[1] "Chunk time = 1.99062350591024"
[1] "Processing draws 3301 to 3400"
[1] "Chunk time = 2.16023089090983"
[1] "Processing draws 3401 to 3500"
[1] "Chunk time = 2.03956028223038"
[1] "Processing draws 3501 to 3600"
[1] "Chunk time = 2.03877737124761"
[1] "Processing draws 3601 to 3700"
[1] "Chunk time = 2.1668026526769"
[1] "Processing draws 3701 to 3800"
[1] "Chunk time = 2.04232546885808"
[1] "Processing draws 3801 to 3900"
[1] "Chunk time = 2.00947618881861"
[1] "Processing draws 3901 to 4000"
[1] "Chunk time = 2.1927682518959"
[1] "Processing draws 4001 to 4100"
[1] "Chunk time = 2.01773292223612"
[1] "Processing draws 4101 to 4200"
[1] "Chunk time = 2.02885794639587"
[1] "Processing draws 4201 to 4300"
[1] "Chunk time = 2.1846862077713"
[1] "Processing draws 4301 to 4400"
[1] "Chunk time = 2.05008447567622"
[1] "Processing draws 4401 to 4500"
[1] "Chunk time = 1.99742770195007"
[1] "Processing draws 4501 to 4600"
[1] "Chunk time = 2.16996804475784"
[1] "Processing draws 4601 to 4700"
[1] "Chunk time = 2.04452948172887"
[1] "Processing draws 4701 to 4800"
[1] "Chunk time = 2.05596330165863"
[1] "Processing draws 4801 to 4900"
[1] "Chunk time = 2.20024000008901"
[1] "Processing draws 4901 to 5000"
[1] "Chunk time = 2.03003863096237"
[1] "Processing draws 5001 to 5100"
[1] "Chunk time = 2.01759061018626"
[1] "Processing draws 5101 to 5200"
[1] "Chunk time = 2.15635072390238"
[1] "Processing draws 5201 to 5300"
[1] "Chunk time = 2.02171998421351"
[1] "Processing draws 5301 to 5400"
[1] "Chunk time = 2.05219982862473"
[1] "Processing draws 5401 to 5500"
[1] "Chunk time = 2.17114725510279"
[1] "Processing draws 5501 to 5600"
[1] "Chunk time = 2.03130566676458"
[1] "Processing draws 5601 to 5700"
[1] "Chunk time = 1.99576748212179"
[1] "Processing draws 5701 to 5800"
[1] "Chunk time = 2.1769237558047"
[1] "Processing draws 5801 to 5900"
[1] "Chunk time = 2.00817768971125"
[1] "Processing draws 5901 to 6000"
[1] "Chunk time = 2.05918165842692"
[1] "Processing draws 6001 to 6100"
[1] "Chunk time = 2.10069231986999"
[1] "Processing draws 6101 to 6200"
[1] "Chunk time = 2.03994300365448"
[1] "Processing draws 6201 to 6300"
[1] "Chunk time = 2.00770172675451"
[1] "Processing draws 6301 to 6400"
[1] "Chunk time = 2.18109953006109"
[1] "Processing draws 6401 to 6500"
[1] "Chunk time = 2.0066009759903"
[1] "Processing draws 6501 to 6600"
[1] "Chunk time = 2.00481092532476"
[1] "Processing draws 6601 to 6700"
[1] "Chunk time = 2.18888200124105"
[1] "Processing draws 6701 to 6800"
[1] "Chunk time = 2.03940071264903"
[1] "Processing draws 6801 to 6900"
[1] "Chunk time = 2.04035608371099"
[1] "Processing draws 6901 to 7000"
[1] "Chunk time = 2.20314174493154"
[1] "Processing draws 7001 to 7100"
[1] "Chunk time = 2.02840887705485"
[1] "Processing draws 7101 to 7200"
[1] "Chunk time = 2.05400373140971"
[1] "Processing draws 7201 to 7300"
[1] "Chunk time = 2.06933339436849"
[1] "Processing draws 7301 to 7400"
[1] "Chunk time = 2.00855572223663"
[1] "Processing draws 7401 to 7500"
[1] "Chunk time = 2.01716885169347"
[1] "Processing draws 7501 to 7600"
[1] "Chunk time = 2.13281055291494"
[1] "Processing draws 7601 to 7700"
[1] "Chunk time = 1.99668139616648"
[1] "Processing draws 7701 to 7800"
[1] "Chunk time = 2.00464743375778"
[1] "Processing draws 7801 to 7900"
[1] "Chunk time = 2.23774406115214"
[1] "Processing draws 7901 to 8000"
[1] "Chunk time = 2.06817542711894"
[1] "Processing draws 8001 to 8100"
[1] "Chunk time = 2.1331738114357"
[1] "Processing draws 8101 to 8200"
[1] "Chunk time = 2.25323208173116"
[1] "Processing draws 8201 to 8300"
[1] "Chunk time = 2.0537902990977"
[1] "Processing draws 8301 to 8400"
[1] "Chunk time = 2.07825087308884"
[1] "Processing draws 8401 to 8500"
[1] "Chunk time = 2.13066294193268"
[1] "Processing draws 8501 to 8600"
[1] "Chunk time = 2.04826452732086"
[1] "Processing draws 8601 to 8700"
[1] "Chunk time = 2.06199714740117"
[1] "Processing draws 8701 to 8800"
[1] "Chunk time = 2.10808734893799"
[1] "Processing draws 8801 to 8900"
[1] "Chunk time = 2.09669539133708"
[1] "Processing draws 8901 to 9000"
[1] "Chunk time = 2.08304060300191"
[1] "Processing draws 9001 to 9100"
[1] "Chunk time = 2.1546376824379"
[1] "Processing draws 9101 to 9200"
[1] "Chunk time = 2.07409056822459"
[1] "Processing draws 9201 to 9300"
[1] "Chunk time = 2.0408993879954"
[1] "Processing draws 9301 to 9400"
[1] "Chunk time = 2.10107875665029"
[1] "Processing draws 9401 to 9500"
[1] "Chunk time = 2.04939414660136"
[1] "Processing draws 9501 to 9600"
[1] "Chunk time = 1.99353080590566"
[1] "Processing draws 9601 to 9700"
[1] "Chunk time = 2.11300337314606"
[1] "Processing draws 9701 to 9800"
[1] "Chunk time = 1.98789979616801"
[1] "Processing draws 9801 to 9900"
[1] "Chunk time = 2.00052457253138"
[1] "Processing draws 9901 to 10000"
[1] "Chunk time = 2.12240019241969"
[1] "Processing draws 10001 to 10100"
[1] "Chunk time = 1.992416036129"
[1] "Processing draws 10101 to 10200"
[1] "Chunk time = 2.01559221347173"
[1] "Processing draws 10201 to 10300"
[1] "Chunk time = 2.11291706959407"
[1] "Processing draws 10301 to 10400"
[1] "Chunk time = 2.05641602277756"
[1] "Processing draws 10401 to 10500"
[1] "Chunk time = 1.94133413632711"
[1] "Processing draws 10501 to 10600"
[1] "Chunk time = 2.1113739768664"
[1] "Processing draws 10601 to 10700"
[1] "Chunk time = 1.97341438531876"
[1] "Processing draws 10701 to 10800"
[1] "Chunk time = 1.98022635777791"
[1] "Processing draws 10801 to 10900"
[1] "Chunk time = 2.16471802393595"
[1] "Processing draws 10901 to 11000"
[1] "Chunk time = 2.06681139071782"
[1] "Processing draws 11001 to 11100"
[1] "Chunk time = 2.04841864109039"
[1] "Processing draws 11101 to 11200"
[1] "Chunk time = 2.09798828760783"
[1] "Processing draws 11201 to 11300"
[1] "Chunk time = 2.04476749102275"
[1] "Processing draws 11301 to 11400"
[1] "Chunk time = 2.00389891068141"
[1] "Processing draws 11401 to 11500"
[1] "Chunk time = 2.12835932175318"
[1] "Processing draws 11501 to 11600"
[1] "Chunk time = 2.06910349130631"
[1] "Processing draws 11601 to 11700"
[1] "Chunk time = 2.15994449853897"
[1] "Processing draws 11701 to 11800"
[1] "Chunk time = 2.11516029834747"
[1] "Processing draws 11801 to 11900"
[1] "Chunk time = 1.96607903639476"
[1] "Processing draws 11901 to 12000"
[1] "Chunk time = 2.01814410289129"
[1] "Processing draws 12001 to 12100"
[1] "Chunk time = 2.09948439200719"
[1] "Processing draws 12101 to 12200"
[1] "Chunk time = 2.0060873746872"
[1] "Processing draws 12201 to 12300"
[1] "Chunk time = 2.07842472791672"
[1] "Processing draws 12301 to 12400"
[1] "Chunk time = 2.12870441675186"
[1] "Processing draws 12401 to 12500"
[1] "Chunk time = 2.08051081895828"
[1] "Processing draws 12501 to 12600"
[1] "Chunk time = 2.00058434804281"
[1] "Processing draws 12601 to 12700"
[1] "Chunk time = 2.11212977965673"
[1] "Processing draws 12701 to 12800"
[1] "Chunk time = 2.00530643463135"
[1] "Processing draws 12801 to 12900"
[1] "Chunk time = 1.96808766921361"
[1] "Processing draws 12901 to 13000"
[1] "Chunk time = 2.10510774453481"
[1] "Processing draws 13001 to 13100"
[1] "Chunk time = 2.11036905845006"
[1] "Processing draws 13101 to 13200"
[1] "Chunk time = 2.15700541734695"
[1] "Processing draws 13201 to 13300"
[1] "Chunk time = 2.10207046270371"
[1] "Processing draws 13301 to 13400"
[1] "Chunk time = 1.97155983448029"
[1] "Processing draws 13401 to 13500"
[1] "Chunk time = 1.96978597640991"
[1] "Processing draws 13501 to 13600"
[1] "Chunk time = 2.11400175889333"
[1] "Processing draws 13601 to 13700"
[1] "Chunk time = 2.15755882263184"
[1] "Processing draws 13701 to 13800"
[1] "Chunk time = 2.05600732564926"
[1] "Processing draws 13801 to 13900"
[1] "Chunk time = 2.18513192335765"
[1] "Processing draws 13901 to 14000"
[1] "Chunk time = 2.01587971051534"
[1] "Processing draws 14001 to 14100"
[1] "Chunk time = 1.96769104003906"
[1] "Processing draws 14101 to 14200"
[1] "Chunk time = 2.16117312510808"
[1] "Processing draws 14201 to 14300"
[1] "Chunk time = 2.00077423254649"
[1] "Processing draws 14301 to 14400"
[1] "Chunk time = 1.97497813304265"
[1] "Processing draws 14401 to 14500"
[1] "Chunk time = 2.14778449138006"
[1] "Processing draws 14501 to 14600"
[1] "Chunk time = 2.05756581624349"
[1] "Processing draws 14601 to 14700"
[1] "Chunk time = 1.98536961476008"
[1] "Processing draws 14701 to 14800"
[1] "Chunk time = 2.11340157588323"
[1] "Processing draws 14801 to 14900"
[1] "Chunk time = 1.99662145376205"
[1] "Processing draws 14901 to 15000"
[1] "Chunk time = 1.97909210125605"
[1] "Processing draws 15001 to 15100"
[1] "Chunk time = 2.17429603338242"
[1] "Processing draws 15101 to 15200"
[1] "Chunk time = 2.04514578580856"
[1] "Processing draws 15201 to 15300"
[1] "Chunk time = 2.16309996048609"
[1] "Processing draws 15301 to 15400"
[1] "Chunk time = 2.11807050307592"
[1] "Processing draws 15401 to 15500"
[1] "Chunk time = 1.98640954891841"
[1] "Processing draws 15501 to 15600"
[1] "Chunk time = 1.96226564645767"
[1] "Processing draws 15601 to 15700"
[1] "Chunk time = 2.10815773010254"
[1] "Processing draws 15701 to 15800"
[1] "Chunk time = 1.97316279411316"
[1] "Processing draws 15801 to 15900"
[1] "Chunk time = 1.96904263099035"
[1] "Processing draws 15901 to 16000"
[1] "Chunk time = 2.06227669715881"
[1] "Processing draws 16001 to 16100"
[1] "Chunk time = 1.93240360418955"
[1] "Processing draws 16101 to 16200"
[1] "Chunk time = 1.99970155954361"
[1] "Processing draws 16201 to 16300"
[1] "Chunk time = 2.10455974340439"
[1] "Processing draws 16301 to 16400"
[1] "Chunk time = 1.98301935990651"
[1] "Processing draws 16401 to 16500"
[1] "Chunk time = 2.07260670264562"
[1] "Processing draws 16501 to 16600"
[1] "Chunk time = 2.11168448527654"
[1] "Processing draws 16601 to 16700"
[1] "Chunk time = 2.03452100753784"
[1] "Processing draws 16701 to 16800"
[1] "Chunk time = 1.97298073371251"
[1] "Processing draws 16801 to 16900"
[1] "Chunk time = 2.0776332060496"
[1] "Processing draws 16901 to 17000"
[1] "Chunk time = 1.97339502573013"
[1] "Processing draws 17001 to 17100"
[1] "Chunk time = 1.95104275941849"
[1] "Processing draws 17101 to 17200"
[1] "Chunk time = 2.09977653821309"
[1] "Processing draws 17201 to 17300"
[1] "Chunk time = 2.02618632713954"
[1] "Processing draws 17301 to 17400"
[1] "Chunk time = 2.07673756678899"
[1] "Processing draws 17401 to 17500"
[1] "Chunk time = 2.09946426947912"
[1] "Processing draws 17501 to 17600"
[1] "Chunk time = 1.9915145277977"
[1] "Processing draws 17601 to 17700"
[1] "Chunk time = 1.92147827545802"
[1] "Processing draws 17701 to 17800"
[1] "Chunk time = 2.08438668648402"
[1] "Processing draws 17801 to 17900"
[1] "Chunk time = 2.00664910078049"
[1] "Processing draws 17901 to 18000"
[1] "Chunk time = 2.00423672993978"
[1] "Processing draws 18001 to 18100"
[1] "Chunk time = 2.06142953634262"
[1] "Processing draws 18101 to 18200"
[1] "Chunk time = 1.9530007481575"
[1] "Processing draws 18201 to 18300"
[1] "Chunk time = 1.91639577150345"
[1] "Processing draws 18301 to 18400"
[1] "Chunk time = 2.10866197347641"
[1] "Processing draws 18401 to 18500"
[1] "Chunk time = 1.9393603682518"
[1] "Processing draws 18501 to 18600"
[1] "Chunk time = 2.00926923751831"
[1] "Processing draws 18601 to 18700"
[1] "Chunk time = 2.11639330387115"
[1] "Processing draws 18701 to 18800"
[1] "Chunk time = 2.02504918177923"
[1] "Processing draws 18801 to 18900"
[1] "Chunk time = 1.92520671685537"
[1] "Processing draws 18901 to 19000"
[1] "Chunk time = 2.07960107723872"
[1] "Processing draws 19001 to 19100"
[1] "Chunk time = 1.9410097916921"
[1] "Processing draws 19101 to 19200"
[1] "Chunk time = 1.96958652337392"
[1] "Processing draws 19201 to 19300"
[1] "Chunk time = 2.12519096533457"
[1] "Processing draws 19301 to 19400"
[1] "Chunk time = 2.04079202413559"
[1] "Processing draws 19401 to 19500"
[1] "Chunk time = 2.02250093221664"
[1] "Processing draws 19501 to 19600"
[1] "Chunk time = 2.11920113563538"
[1] "Processing draws 19601 to 19700"
[1] "Chunk time = 1.97953904072444"
[1] "Processing draws 19701 to 19800"
[1] "Chunk time = 1.92970338265101"
[1] "Processing draws 19801 to 19900"
[1] "Chunk time = 2.10880178610484"
[1] "Processing draws 19901 to 20000"
[1] "Chunk time = 2.04864366451899"
[1] "done lapplying"
[1] "Saving current params"
[1] "Saving params to output.rds"
[1] TRUE
[1] "Time for modelling:"
[1] "2025-07-02 02:54:16 EDT"
[1] "Time for posterior computations:"
Time difference of 6.92594 hours
[1] "Total time:"
[1] "2025-07-02 09:49:50 EDT"
