[1] "Starting sampling."
Running MCMC with 4 parallel chains, with 4 thread(s) per chain...

Chain 1 Iteration:    1 / 6000 [  0%]  (Warmup) 
Chain 2 Iteration:    1 / 6000 [  0%]  (Warmup) 
Chain 3 Iteration:    1 / 6000 [  0%]  (Warmup) 
Chain 4 Iteration:    1 / 6000 [  0%]  (Warmup) 
Chain 3 Iteration:  100 / 6000 [  1%]  (Warmup) 
Chain 2 Iteration:  100 / 6000 [  1%]  (Warmup) 
Chain 4 Iteration:  100 / 6000 [  1%]  (Warmup) 
Chain 1 Iteration:  100 / 6000 [  1%]  (Warmup) 
Chain 3 Iteration:  200 / 6000 [  3%]  (Warmup) 
Chain 4 Iteration:  200 / 6000 [  3%]  (Warmup) 
Chain 3 Iteration:  300 / 6000 [  5%]  (Warmup) 
Chain 2 Iteration:  200 / 6000 [  3%]  (Warmup) 
Chain 1 Iteration:  200 / 6000 [  3%]  (Warmup) 
Chain 3 Iteration:  400 / 6000 [  6%]  (Warmup) 
Chain 4 Iteration:  300 / 6000 [  5%]  (Warmup) 
Chain 2 Iteration:  300 / 6000 [  5%]  (Warmup) 
Chain 1 Iteration:  300 / 6000 [  5%]  (Warmup) 
Chain 3 Iteration:  500 / 6000 [  8%]  (Warmup) 
Chain 2 Iteration:  400 / 6000 [  6%]  (Warmup) 
Chain 4 Iteration:  400 / 6000 [  6%]  (Warmup) 
Chain 1 Iteration:  400 / 6000 [  6%]  (Warmup) 
Chain 3 Iteration:  600 / 6000 [ 10%]  (Warmup) 
Chain 2 Iteration:  500 / 6000 [  8%]  (Warmup) 
Chain 4 Iteration:  500 / 6000 [  8%]  (Warmup) 
Chain 3 Iteration:  700 / 6000 [ 11%]  (Warmup) 
Chain 2 Iteration:  600 / 6000 [ 10%]  (Warmup) 
Chain 1 Iteration:  500 / 6000 [  8%]  (Warmup) 
Chain 4 Iteration:  600 / 6000 [ 10%]  (Warmup) 
Chain 3 Iteration:  800 / 6000 [ 13%]  (Warmup) 
Chain 2 Iteration:  700 / 6000 [ 11%]  (Warmup) 
Chain 4 Iteration:  700 / 6000 [ 11%]  (Warmup) 
Chain 1 Iteration:  600 / 6000 [ 10%]  (Warmup) 
Chain 3 Iteration:  900 / 6000 [ 15%]  (Warmup) 
Chain 2 Iteration:  800 / 6000 [ 13%]  (Warmup) 
Chain 4 Iteration:  800 / 6000 [ 13%]  (Warmup) 
Chain 1 Iteration:  700 / 6000 [ 11%]  (Warmup) 
Chain 3 Iteration: 1000 / 6000 [ 16%]  (Warmup) 
Chain 3 Iteration: 1001 / 6000 [ 16%]  (Sampling) 
Chain 2 Iteration:  900 / 6000 [ 15%]  (Warmup) 
Chain 3 Iteration: 1100 / 6000 [ 18%]  (Sampling) 
Chain 4 Iteration:  900 / 6000 [ 15%]  (Warmup) 
Chain 1 Iteration:  800 / 6000 [ 13%]  (Warmup) 
Chain 3 Iteration: 1200 / 6000 [ 20%]  (Sampling) 
Chain 2 Iteration: 1000 / 6000 [ 16%]  (Warmup) 
Chain 2 Iteration: 1001 / 6000 [ 16%]  (Sampling) 
Chain 1 Iteration:  900 / 6000 [ 15%]  (Warmup) 
Chain 4 Iteration: 1000 / 6000 [ 16%]  (Warmup) 
Chain 4 Iteration: 1001 / 6000 [ 16%]  (Sampling) 
Chain 3 Iteration: 1300 / 6000 [ 21%]  (Sampling) 
Chain 2 Iteration: 1100 / 6000 [ 18%]  (Sampling) 
Chain 4 Iteration: 1100 / 6000 [ 18%]  (Sampling) 
Chain 1 Iteration: 1000 / 6000 [ 16%]  (Warmup) 
Chain 1 Iteration: 1001 / 6000 [ 16%]  (Sampling) 
Chain 3 Iteration: 1400 / 6000 [ 23%]  (Sampling) 
Chain 2 Iteration: 1200 / 6000 [ 20%]  (Sampling) 
Chain 4 Iteration: 1200 / 6000 [ 20%]  (Sampling) 
Chain 1 Iteration: 1100 / 6000 [ 18%]  (Sampling) 
Chain 3 Iteration: 1500 / 6000 [ 25%]  (Sampling) 
Chain 2 Iteration: 1300 / 6000 [ 21%]  (Sampling) 
Chain 4 Iteration: 1300 / 6000 [ 21%]  (Sampling) 
Chain 3 Iteration: 1600 / 6000 [ 26%]  (Sampling) 
Chain 1 Iteration: 1200 / 6000 [ 20%]  (Sampling) 
Chain 2 Iteration: 1400 / 6000 [ 23%]  (Sampling) 
Chain 3 Iteration: 1700 / 6000 [ 28%]  (Sampling) 
Chain 4 Iteration: 1400 / 6000 [ 23%]  (Sampling) 
Chain 1 Iteration: 1300 / 6000 [ 21%]  (Sampling) 
Chain 2 Iteration: 1500 / 6000 [ 25%]  (Sampling) 
Chain 3 Iteration: 1800 / 6000 [ 30%]  (Sampling) 
Chain 4 Iteration: 1500 / 6000 [ 25%]  (Sampling) 
Chain 1 Iteration: 1400 / 6000 [ 23%]  (Sampling) 
Chain 2 Iteration: 1600 / 6000 [ 26%]  (Sampling) 
Chain 3 Iteration: 1900 / 6000 [ 31%]  (Sampling) 
Chain 4 Iteration: 1600 / 6000 [ 26%]  (Sampling) 
Chain 1 Iteration: 1500 / 6000 [ 25%]  (Sampling) 
Chain 3 Iteration: 2000 / 6000 [ 33%]  (Sampling) 
Chain 2 Iteration: 1700 / 6000 [ 28%]  (Sampling) 
Chain 4 Iteration: 1700 / 6000 [ 28%]  (Sampling) 
Chain 1 Iteration: 1600 / 6000 [ 26%]  (Sampling) 
Chain 3 Iteration: 2100 / 6000 [ 35%]  (Sampling) 
Chain 2 Iteration: 1800 / 6000 [ 30%]  (Sampling) 
Chain 4 Iteration: 1800 / 6000 [ 30%]  (Sampling) 
Chain 1 Iteration: 1700 / 6000 [ 28%]  (Sampling) 
Chain 3 Iteration: 2200 / 6000 [ 36%]  (Sampling) 
Chain 2 Iteration: 1900 / 6000 [ 31%]  (Sampling) 
Chain 4 Iteration: 1900 / 6000 [ 31%]  (Sampling) 
Chain 1 Iteration: 1800 / 6000 [ 30%]  (Sampling) 
Chain 3 Iteration: 2300 / 6000 [ 38%]  (Sampling) 
Chain 2 Iteration: 2000 / 6000 [ 33%]  (Sampling) 
Chain 4 Iteration: 2000 / 6000 [ 33%]  (Sampling) 
Chain 3 Iteration: 2400 / 6000 [ 40%]  (Sampling) 
Chain 1 Iteration: 1900 / 6000 [ 31%]  (Sampling) 
Chain 2 Iteration: 2100 / 6000 [ 35%]  (Sampling) 
Chain 4 Iteration: 2100 / 6000 [ 35%]  (Sampling) 
Chain 3 Iteration: 2500 / 6000 [ 41%]  (Sampling) 
Chain 1 Iteration: 2000 / 6000 [ 33%]  (Sampling) 
Chain 2 Iteration: 2200 / 6000 [ 36%]  (Sampling) 
Chain 4 Iteration: 2200 / 6000 [ 36%]  (Sampling) 
Chain 3 Iteration: 2600 / 6000 [ 43%]  (Sampling) 
Chain 1 Iteration: 2100 / 6000 [ 35%]  (Sampling) 
Chain 2 Iteration: 2300 / 6000 [ 38%]  (Sampling) 
Chain 3 Iteration: 2700 / 6000 [ 45%]  (Sampling) 
Chain 4 Iteration: 2300 / 6000 [ 38%]  (Sampling) 
Chain 1 Iteration: 2200 / 6000 [ 36%]  (Sampling) 
Chain 3 Iteration: 2800 / 6000 [ 46%]  (Sampling) 
Chain 2 Iteration: 2400 / 6000 [ 40%]  (Sampling) 
Chain 4 Iteration: 2400 / 6000 [ 40%]  (Sampling) 
Chain 1 Iteration: 2300 / 6000 [ 38%]  (Sampling) 
Chain 3 Iteration: 2900 / 6000 [ 48%]  (Sampling) 
Chain 2 Iteration: 2500 / 6000 [ 41%]  (Sampling) 
Chain 4 Iteration: 2500 / 6000 [ 41%]  (Sampling) 
Chain 1 Iteration: 2400 / 6000 [ 40%]  (Sampling) 
Chain 3 Iteration: 3000 / 6000 [ 50%]  (Sampling) 
Chain 2 Iteration: 2600 / 6000 [ 43%]  (Sampling) 
Chain 4 Iteration: 2600 / 6000 [ 43%]  (Sampling) 
Chain 3 Iteration: 3100 / 6000 [ 51%]  (Sampling) 
Chain 1 Iteration: 2500 / 6000 [ 41%]  (Sampling) 
Chain 2 Iteration: 2700 / 6000 [ 45%]  (Sampling) 
Chain 4 Iteration: 2700 / 6000 [ 45%]  (Sampling) 
Chain 3 Iteration: 3200 / 6000 [ 53%]  (Sampling) 
Chain 1 Iteration: 2600 / 6000 [ 43%]  (Sampling) 
Chain 2 Iteration: 2800 / 6000 [ 46%]  (Sampling) 
Chain 4 Iteration: 2800 / 6000 [ 46%]  (Sampling) 
Chain 3 Iteration: 3300 / 6000 [ 55%]  (Sampling) 
Chain 1 Iteration: 2700 / 6000 [ 45%]  (Sampling) 
Chain 2 Iteration: 2900 / 6000 [ 48%]  (Sampling) 
Chain 4 Iteration: 2900 / 6000 [ 48%]  (Sampling) 
Chain 3 Iteration: 3400 / 6000 [ 56%]  (Sampling) 
Chain 1 Iteration: 2800 / 6000 [ 46%]  (Sampling) 
Chain 2 Iteration: 3000 / 6000 [ 50%]  (Sampling) 
Chain 4 Iteration: 3000 / 6000 [ 50%]  (Sampling) 
Chain 3 Iteration: 3500 / 6000 [ 58%]  (Sampling) 
Chain 1 Iteration: 2900 / 6000 [ 48%]  (Sampling) 
Chain 2 Iteration: 3100 / 6000 [ 51%]  (Sampling) 
Chain 4 Iteration: 3100 / 6000 [ 51%]  (Sampling) 
Chain 3 Iteration: 3600 / 6000 [ 60%]  (Sampling) 
Chain 1 Iteration: 3000 / 6000 [ 50%]  (Sampling) 
Chain 2 Iteration: 3200 / 6000 [ 53%]  (Sampling) 
Chain 4 Iteration: 3200 / 6000 [ 53%]  (Sampling) 
Chain 3 Iteration: 3700 / 6000 [ 61%]  (Sampling) 
Chain 1 Iteration: 3100 / 6000 [ 51%]  (Sampling) 
Chain 2 Iteration: 3300 / 6000 [ 55%]  (Sampling) 
Chain 4 Iteration: 3300 / 6000 [ 55%]  (Sampling) 
Chain 3 Iteration: 3800 / 6000 [ 63%]  (Sampling) 
Chain 1 Iteration: 3200 / 6000 [ 53%]  (Sampling) 
Chain 4 Iteration: 3400 / 6000 [ 56%]  (Sampling) 
Chain 2 Iteration: 3400 / 6000 [ 56%]  (Sampling) 
Chain 3 Iteration: 3900 / 6000 [ 65%]  (Sampling) 
Chain 4 Iteration: 3500 / 6000 [ 58%]  (Sampling) 
Chain 1 Iteration: 3300 / 6000 [ 55%]  (Sampling) 
Chain 2 Iteration: 3500 / 6000 [ 58%]  (Sampling) 
Chain 3 Iteration: 4000 / 6000 [ 66%]  (Sampling) 
Chain 4 Iteration: 3600 / 6000 [ 60%]  (Sampling) 
Chain 2 Iteration: 3600 / 6000 [ 60%]  (Sampling) 
Chain 1 Iteration: 3400 / 6000 [ 56%]  (Sampling) 
Chain 3 Iteration: 4100 / 6000 [ 68%]  (Sampling) 
Chain 4 Iteration: 3700 / 6000 [ 61%]  (Sampling) 
Chain 2 Iteration: 3700 / 6000 [ 61%]  (Sampling) 
Chain 3 Iteration: 4200 / 6000 [ 70%]  (Sampling) 
Chain 1 Iteration: 3500 / 6000 [ 58%]  (Sampling) 
Chain 3 Iteration: 4300 / 6000 [ 71%]  (Sampling) 
Chain 4 Iteration: 3800 / 6000 [ 63%]  (Sampling) 
Chain 2 Iteration: 3800 / 6000 [ 63%]  (Sampling) 
Chain 1 Iteration: 3600 / 6000 [ 60%]  (Sampling) 
Chain 3 Iteration: 4400 / 6000 [ 73%]  (Sampling) 
Chain 4 Iteration: 3900 / 6000 [ 65%]  (Sampling) 
Chain 2 Iteration: 3900 / 6000 [ 65%]  (Sampling) 
Chain 1 Iteration: 3700 / 6000 [ 61%]  (Sampling) 
Chain 3 Iteration: 4500 / 6000 [ 75%]  (Sampling) 
Chain 4 Iteration: 4000 / 6000 [ 66%]  (Sampling) 
Chain 2 Iteration: 4000 / 6000 [ 66%]  (Sampling) 
Chain 1 Iteration: 3800 / 6000 [ 63%]  (Sampling) 
Chain 3 Iteration: 4600 / 6000 [ 76%]  (Sampling) 
Chain 4 Iteration: 4100 / 6000 [ 68%]  (Sampling) 
Chain 2 Iteration: 4100 / 6000 [ 68%]  (Sampling) 
Chain 1 Iteration: 3900 / 6000 [ 65%]  (Sampling) 
Chain 3 Iteration: 4700 / 6000 [ 78%]  (Sampling) 
Chain 4 Iteration: 4200 / 6000 [ 70%]  (Sampling) 
Chain 2 Iteration: 4200 / 6000 [ 70%]  (Sampling) 
Chain 1 Iteration: 4000 / 6000 [ 66%]  (Sampling) 
Chain 3 Iteration: 4800 / 6000 [ 80%]  (Sampling) 
Chain 4 Iteration: 4300 / 6000 [ 71%]  (Sampling) 
Chain 2 Iteration: 4300 / 6000 [ 71%]  (Sampling) 
Chain 1 Iteration: 4100 / 6000 [ 68%]  (Sampling) 
Chain 3 Iteration: 4900 / 6000 [ 81%]  (Sampling) 
Chain 4 Iteration: 4400 / 6000 [ 73%]  (Sampling) 
Chain 2 Iteration: 4400 / 6000 [ 73%]  (Sampling) 
Chain 1 Iteration: 4200 / 6000 [ 70%]  (Sampling) 
Chain 3 Iteration: 5000 / 6000 [ 83%]  (Sampling) 
Chain 4 Iteration: 4500 / 6000 [ 75%]  (Sampling) 
Chain 2 Iteration: 4500 / 6000 [ 75%]  (Sampling) 
Chain 1 Iteration: 4300 / 6000 [ 71%]  (Sampling) 
Chain 3 Iteration: 5100 / 6000 [ 85%]  (Sampling) 
Chain 4 Iteration: 4600 / 6000 [ 76%]  (Sampling) 
Chain 2 Iteration: 4600 / 6000 [ 76%]  (Sampling) 
Chain 1 Iteration: 4400 / 6000 [ 73%]  (Sampling) 
Chain 3 Iteration: 5200 / 6000 [ 86%]  (Sampling) 
Chain 4 Iteration: 4700 / 6000 [ 78%]  (Sampling) 
Chain 2 Iteration: 4700 / 6000 [ 78%]  (Sampling) 
Chain 1 Iteration: 4500 / 6000 [ 75%]  (Sampling) 
Chain 3 Iteration: 5300 / 6000 [ 88%]  (Sampling) 
Chain 4 Iteration: 4800 / 6000 [ 80%]  (Sampling) 
Chain 2 Iteration: 4800 / 6000 [ 80%]  (Sampling) 
Chain 3 Iteration: 5400 / 6000 [ 90%]  (Sampling) 
Chain 1 Iteration: 4600 / 6000 [ 76%]  (Sampling) 
Chain 4 Iteration: 4900 / 6000 [ 81%]  (Sampling) 
Chain 2 Iteration: 4900 / 6000 [ 81%]  (Sampling) 
Chain 3 Iteration: 5500 / 6000 [ 91%]  (Sampling) 
Chain 1 Iteration: 4700 / 6000 [ 78%]  (Sampling) 
Chain 4 Iteration: 5000 / 6000 [ 83%]  (Sampling) 
Chain 2 Iteration: 5000 / 6000 [ 83%]  (Sampling) 
Chain 3 Iteration: 5600 / 6000 [ 93%]  (Sampling) 
Chain 1 Iteration: 4800 / 6000 [ 80%]  (Sampling) 
Chain 4 Iteration: 5100 / 6000 [ 85%]  (Sampling) 
Chain 2 Iteration: 5100 / 6000 [ 85%]  (Sampling) 
Chain 3 Iteration: 5700 / 6000 [ 95%]  (Sampling) 
Chain 1 Iteration: 4900 / 6000 [ 81%]  (Sampling) 
Chain 4 Iteration: 5200 / 6000 [ 86%]  (Sampling) 
Chain 3 Iteration: 5800 / 6000 [ 96%]  (Sampling) 
Chain 2 Iteration: 5200 / 6000 [ 86%]  (Sampling) 
Chain 1 Iteration: 5000 / 6000 [ 83%]  (Sampling) 
Chain 4 Iteration: 5300 / 6000 [ 88%]  (Sampling) 
Chain 3 Iteration: 5900 / 6000 [ 98%]  (Sampling) 
Chain 2 Iteration: 5300 / 6000 [ 88%]  (Sampling) 
Chain 1 Iteration: 5100 / 6000 [ 85%]  (Sampling) 
Chain 4 Iteration: 5400 / 6000 [ 90%]  (Sampling) 
Chain 3 Iteration: 6000 / 6000 [100%]  (Sampling) 
Chain 3 finished in 1522.8 seconds.
Chain 2 Iteration: 5400 / 6000 [ 90%]  (Sampling) 
Chain 1 Iteration: 5200 / 6000 [ 86%]  (Sampling) 
Chain 4 Iteration: 5500 / 6000 [ 91%]  (Sampling) 
Chain 2 Iteration: 5500 / 6000 [ 91%]  (Sampling) 
Chain 1 Iteration: 5300 / 6000 [ 88%]  (Sampling) 
Chain 4 Iteration: 5600 / 6000 [ 93%]  (Sampling) 
Chain 2 Iteration: 5600 / 6000 [ 93%]  (Sampling) 
Chain 1 Iteration: 5400 / 6000 [ 90%]  (Sampling) 
Chain 4 Iteration: 5700 / 6000 [ 95%]  (Sampling) 
Chain 2 Iteration: 5700 / 6000 [ 95%]  (Sampling) 
Chain 1 Iteration: 5500 / 6000 [ 91%]  (Sampling) 
Chain 4 Iteration: 5800 / 6000 [ 96%]  (Sampling) 
Chain 2 Iteration: 5800 / 6000 [ 96%]  (Sampling) 
Chain 1 Iteration: 5600 / 6000 [ 93%]  (Sampling) 
Chain 4 Iteration: 5900 / 6000 [ 98%]  (Sampling) 
Chain 1 Iteration: 5700 / 6000 [ 95%]  (Sampling) 
Chain 2 Iteration: 5900 / 6000 [ 98%]  (Sampling) 
Chain 4 Iteration: 6000 / 6000 [100%]  (Sampling) 
Chain 4 finished in 1660.2 seconds.
Chain 1 Iteration: 5800 / 6000 [ 96%]  (Sampling) 
Chain 2 Iteration: 6000 / 6000 [100%]  (Sampling) 
Chain 2 finished in 1671.4 seconds.
Chain 1 Iteration: 5900 / 6000 [ 98%]  (Sampling) 
Chain 1 Iteration: 6000 / 6000 [100%]  (Sampling) 
Chain 1 finished in 1709.6 seconds.

All 4 chains finished successfully.
Mean chain execution time: 1641.0 seconds.
Total execution time: 1709.9 seconds.

[1] "Processing draws 1 to 100"
[1] "Chunk time = 54.1723511219025"
[1] "Processing draws 101 to 200"
[1] "Chunk time = 19.949120759964"
[1] "Processing draws 201 to 300"
[1] "Chunk time = 19.5384595394135"
[1] "Processing draws 301 to 400"
[1] "Chunk time = 19.6188292503357"
[1] "Processing draws 401 to 500"
[1] "Chunk time = 20.6458847522736"
[1] "Processing draws 501 to 600"
[1] "Chunk time = 19.6374051570892"
[1] "Processing draws 601 to 700"
[1] "Chunk time = 25.6794617176056"
[1] "Processing draws 701 to 800"
[1] "Chunk time = 20.0176296234131"
[1] "Processing draws 801 to 900"
[1] "Chunk time = 19.6947646141052"
[1] "Processing draws 901 to 1000"
[1] "Chunk time = 25.8829917907715"
[1] "Processing draws 1001 to 1100"
[1] "Chunk time = 20.49258852005"
[1] "Processing draws 1101 to 1200"
[1] "Chunk time = 20.9942932128906"
[1] "Processing draws 1201 to 1300"
[1] "Chunk time = 19.3171062469482"
[1] "Processing draws 1301 to 1400"
[1] "Chunk time = 19.4121086597443"
[1] "Processing draws 1401 to 1500"
[1] "Chunk time = 19.4991683959961"
[1] "Processing draws 1501 to 1600"
[1] "Chunk time = 19.2562725543976"
[1] "Processing draws 1601 to 1700"
[1] "Chunk time = 19.4504253864288"
[1] "Processing draws 1701 to 1800"
[1] "Chunk time = 19.0542733669281"
[1] "Processing draws 1801 to 1900"
[1] "Chunk time = 19.4747772216797"
[1] "Processing draws 1901 to 2000"
[1] "Chunk time = 23.331479549408"
[1] "Processing draws 2001 to 2100"
[1] "Chunk time = 19.1967928409576"
[1] "Processing draws 2101 to 2200"
[1] "Chunk time = 19.9072425365448"
[1] "Processing draws 2201 to 2300"
[1] "Chunk time = 19.5766260623932"
[1] "Processing draws 2301 to 2400"
[1] "Chunk time = 19.7222416400909"
[1] "Processing draws 2401 to 2500"
[1] "Chunk time = 19.1737499237061"
[1] "Processing draws 2501 to 2600"
[1] "Chunk time = 19.2375109195709"
[1] "Processing draws 2601 to 2700"
[1] "Chunk time = 19.680677652359"
[1] "Processing draws 2701 to 2800"
[1] "Chunk time = 19.3534889221191"
[1] "Processing draws 2801 to 2900"
[1] "Chunk time = 19.4728603363037"
[1] "Processing draws 2901 to 3000"
[1] "Chunk time = 19.2394404411316"
[1] "Processing draws 3001 to 3100"
[1] "Chunk time = 25.7058854103088"
[1] "Processing draws 3101 to 3200"
[1] "Chunk time = 21.3084008693695"
[1] "Processing draws 3201 to 3300"
[1] "Chunk time = 19.2417676448822"
[1] "Processing draws 3301 to 3400"
[1] "Chunk time = 20.0284080505371"
[1] "Processing draws 3401 to 3500"
[1] "Chunk time = 19.5617866516113"
[1] "Processing draws 3501 to 3600"
[1] "Chunk time = 18.7251784801483"
[1] "Processing draws 3601 to 3700"
[1] "Chunk time = 18.9463677406311"
[1] "Processing draws 3701 to 3800"
[1] "Chunk time = 18.8709316253662"
[1] "Processing draws 3801 to 3900"
[1] "Chunk time = 18.9611265659332"
[1] "Processing draws 3901 to 4000"
[1] "Chunk time = 20.5048043727875"
[1] "Processing draws 4001 to 4100"
[1] "Chunk time = 18.9562311172485"
[1] "Processing draws 4101 to 4200"
[1] "Chunk time = 23.8817472457886"
[1] "Processing draws 4201 to 4300"
[1] "Chunk time = 19.3950343132019"
[1] "Processing draws 4301 to 4400"
[1] "Chunk time = 19.1234395503998"
[1] "Processing draws 4401 to 4500"
[1] "Chunk time = 19.5505013465881"
[1] "Processing draws 4501 to 4600"
[1] "Chunk time = 19.0750577449799"
[1] "Processing draws 4601 to 4700"
[1] "Chunk time = 26.2118933200836"
[1] "Processing draws 4701 to 4800"
[1] "Chunk time = 18.6913235187531"
[1] "Processing draws 4801 to 4900"
[1] "Chunk time = 19.4872138500214"
[1] "Processing draws 4901 to 5000"
[1] "Chunk time = 18.5919897556305"
[1] "Processing draws 5001 to 5100"
[1] "Chunk time = 18.7508511543274"
[1] "Processing draws 5101 to 5200"
[1] "Chunk time = 19.9195802211761"
[1] "Processing draws 5201 to 5300"
[1] "Chunk time = 19.3532392978668"
[1] "Processing draws 5301 to 5400"
[1] "Chunk time = 19.5655527114868"
[1] "Processing draws 5401 to 5500"
[1] "Chunk time = 18.7858963012695"
[1] "Processing draws 5501 to 5600"
[1] "Chunk time = 18.6736299991608"
[1] "Processing draws 5601 to 5700"
[1] "Chunk time = 19.7372062206268"
[1] "Processing draws 5701 to 5800"
[1] "Chunk time = 19.2845737934113"
[1] "Processing draws 5801 to 5900"
[1] "Chunk time = 19.8617129325867"
[1] "Processing draws 5901 to 6000"
[1] "Chunk time = 19.1799645423889"
[1] "Processing draws 6001 to 6100"
[1] "Chunk time = 19.8258545398712"
[1] "Processing draws 6101 to 6200"
[1] "Chunk time = 18.830225944519"
[1] "Processing draws 6201 to 6300"
[1] "Chunk time = 19.7910776138306"
[1] "Processing draws 6301 to 6400"
[1] "Chunk time = 19.6271591186523"
[1] "Processing draws 6401 to 6500"
[1] "Chunk time = 19.3825240135193"
[1] "Processing draws 6501 to 6600"
[1] "Chunk time = 20.0078825950623"
[1] "Processing draws 6601 to 6700"
[1] "Chunk time = 19.275369644165"
[1] "Processing draws 6701 to 6800"
[1] "Chunk time = 19.5330502986908"
[1] "Processing draws 6801 to 6900"
[1] "Chunk time = 19.2913951873779"
[1] "Processing draws 6901 to 7000"
[1] "Chunk time = 19.1919026374817"
[1] "Processing draws 7001 to 7100"
[1] "Chunk time = 19.2100307941437"
[1] "Processing draws 7101 to 7200"
[1] "Chunk time = 19.4213435649872"
[1] "Processing draws 7201 to 7300"
[1] "Chunk time = 26.007741689682"
[1] "Processing draws 7301 to 7400"
[1] "Chunk time = 19.9039044380188"
[1] "Processing draws 7401 to 7500"
[1] "Chunk time = 19.3735218048096"
[1] "Processing draws 7501 to 7600"
[1] "Chunk time = 19.3896636962891"
[1] "Processing draws 7601 to 7700"
[1] "Chunk time = 19.4949176311493"
[1] "Processing draws 7701 to 7800"
[1] "Chunk time = 19.0991480350494"
[1] "Processing draws 7801 to 7900"
[1] "Chunk time = 18.8171439170837"
[1] "Processing draws 7901 to 8000"
[1] "Chunk time = 25.0493047237396"
[1] "Processing draws 8001 to 8100"
[1] "Chunk time = 18.369350194931"
[1] "Processing draws 8101 to 8200"
[1] "Chunk time = 19.0099544525146"
[1] "Processing draws 8201 to 8300"
[1] "Chunk time = 18.9474565982819"
[1] "Processing draws 8301 to 8400"
[1] "Chunk time = 19.0246045589447"
[1] "Processing draws 8401 to 8500"
[1] "Chunk time = 19.160532951355"
[1] "Processing draws 8501 to 8600"
[1] "Chunk time = 19.2461974620819"
[1] "Processing draws 8601 to 8700"
[1] "Chunk time = 25.5461490154266"
[1] "Processing draws 8701 to 8800"
[1] "Chunk time = 19.1776831150055"
[1] "Processing draws 8801 to 8900"
[1] "Chunk time = 19.8857417106628"
[1] "Processing draws 8901 to 9000"
[1] "Chunk time = 19.4771556854248"
[1] "Processing draws 9001 to 9100"
[1] "Chunk time = 19.676281452179"
[1] "Processing draws 9101 to 9200"
[1] "Chunk time = 20.042414188385"
[1] "Processing draws 9201 to 9300"
[1] "Chunk time = 20.0096938610077"
[1] "Processing draws 9301 to 9400"
[1] "Chunk time = 20.0473701953888"
[1] "Processing draws 9401 to 9500"
[1] "Chunk time = 19.3822762966156"
[1] "Processing draws 9501 to 9600"
[1] "Chunk time = 19.9432187080383"
[1] "Processing draws 9601 to 9700"
[1] "Chunk time = 19.6570475101471"
[1] "Processing draws 9701 to 9800"
[1] "Chunk time = 19.6891176700592"
[1] "Processing draws 9801 to 9900"
[1] "Chunk time = 25.5853140354156"
[1] "Processing draws 9901 to 10000"
[1] "Chunk time = 19.706362247467"
[1] "Processing draws 10001 to 10100"
[1] "Chunk time = 21.9576461315155"
[1] "Processing draws 10101 to 10200"
[1] "Chunk time = 20.3719034194946"
[1] "Processing draws 10201 to 10300"
[1] "Chunk time = 19.9145197868347"
[1] "Processing draws 10301 to 10400"
[1] "Chunk time = 19.1840748786926"
[1] "Processing draws 10401 to 10500"
[1] "Chunk time = 19.0014271736145"
[1] "Processing draws 10501 to 10600"
[1] "Chunk time = 19.9375612735748"
[1] "Processing draws 10601 to 10700"
[1] "Chunk time = 19.4467952251434"
[1] "Processing draws 10701 to 10800"
[1] "Chunk time = 19.3216795921326"
[1] "Processing draws 10801 to 10900"
[1] "Chunk time = 18.7278070449829"
[1] "Processing draws 10901 to 11000"
[1] "Chunk time = 19.1606452465057"
[1] "Processing draws 11001 to 11100"
[1] "Chunk time = 19.5720996856689"
[1] "Processing draws 11101 to 11200"
[1] "Chunk time = 19.9269654750824"
[1] "Processing draws 11201 to 11300"
[1] "Chunk time = 19.8277106285095"
[1] "Processing draws 11301 to 11400"
[1] "Chunk time = 19.8492624759674"
[1] "Processing draws 11401 to 11500"
[1] "Chunk time = 19.4295513629913"
[1] "Processing draws 11501 to 11600"
[1] "Chunk time = 19.029736995697"
[1] "Processing draws 11601 to 11700"
[1] "Chunk time = 19.4626610279083"
[1] "Processing draws 11701 to 11800"
[1] "Chunk time = 18.2148911952972"
[1] "Processing draws 11801 to 11900"
[1] "Chunk time = 18.0407254695892"
[1] "Processing draws 11901 to 12000"
[1] "Chunk time = 18.145742893219"
[1] "Processing draws 12001 to 12100"
[1] "Chunk time = 18.3267185688019"
[1] "Processing draws 12101 to 12200"
[1] "Chunk time = 19.0473783016205"
[1] "Processing draws 12201 to 12300"
[1] "Chunk time = 17.9989628791809"
[1] "Processing draws 12301 to 12400"
[1] "Chunk time = 19.1884927749634"
[1] "Processing draws 12401 to 12500"
[1] "Chunk time = 18.7239093780518"
[1] "Processing draws 12501 to 12600"
[1] "Chunk time = 25.2145953178406"
[1] "Processing draws 12601 to 12700"
[1] "Chunk time = 25.0136487483978"
[1] "Processing draws 12701 to 12800"
[1] "Chunk time = 21.832667350769"
[1] "Processing draws 12801 to 12900"
[1] "Chunk time = 18.740704536438"
[1] "Processing draws 12901 to 13000"
[1] "Chunk time = 18.8632745742798"
[1] "Processing draws 13001 to 13100"
[1] "Chunk time = 19.6420435905457"
[1] "Processing draws 13101 to 13200"
[1] "Chunk time = 18.4942877292633"
[1] "Processing draws 13201 to 13300"
[1] "Chunk time = 18.3735060691833"
[1] "Processing draws 13301 to 13400"
[1] "Chunk time = 18.5079362392426"
[1] "Processing draws 13401 to 13500"
[1] "Chunk time = 18.5401470661163"
[1] "Processing draws 13501 to 13600"
[1] "Chunk time = 18.8949136734009"
[1] "Processing draws 13601 to 13700"
[1] "Chunk time = 18.8683500289917"
[1] "Processing draws 13701 to 13800"
[1] "Chunk time = 18.3159353733063"
[1] "Processing draws 13801 to 13900"
[1] "Chunk time = 18.050297498703"
[1] "Processing draws 13901 to 14000"
[1] "Chunk time = 18.3707420825958"
[1] "Processing draws 14001 to 14100"
[1] "Chunk time = 18.5047194957733"
[1] "Processing draws 14101 to 14200"
[1] "Chunk time = 18.3072822093964"
[1] "Processing draws 14201 to 14300"
[1] "Chunk time = 18.8960630893707"
[1] "Processing draws 14301 to 14400"
[1] "Chunk time = 17.9055604934692"
[1] "Processing draws 14401 to 14500"
[1] "Chunk time = 18.5383596420288"
[1] "Processing draws 14501 to 14600"
[1] "Chunk time = 17.9974942207336"
[1] "Processing draws 14601 to 14700"
[1] "Chunk time = 18.3432047367096"
[1] "Processing draws 14701 to 14800"
[1] "Chunk time = 18.3503727912903"
[1] "Processing draws 14801 to 14900"
[1] "Chunk time = 18.2654070854187"
[1] "Processing draws 14901 to 15000"
[1] "Chunk time = 19.4778923988342"
[1] "Processing draws 15001 to 15100"
[1] "Chunk time = 18.7222180366516"
[1] "Processing draws 15101 to 15200"
[1] "Chunk time = 19.9434878826141"
[1] "Processing draws 15201 to 15300"
[1] "Chunk time = 18.7228963375092"
[1] "Processing draws 15301 to 15400"
[1] "Chunk time = 18.4544775485992"
[1] "Processing draws 15401 to 15500"
[1] "Chunk time = 19.6868937015533"
[1] "Processing draws 15501 to 15600"
[1] "Chunk time = 19.6119809150696"
[1] "Processing draws 15601 to 15700"
[1] "Chunk time = 18.6843459606171"
[1] "Processing draws 15701 to 15800"
[1] "Chunk time = 19.0306179523468"
[1] "Processing draws 15801 to 15900"
[1] "Chunk time = 19.3400518894196"
[1] "Processing draws 15901 to 16000"
[1] "Chunk time = 18.4809527397156"
[1] "Processing draws 16001 to 16100"
[1] "Chunk time = 18.563643693924"
[1] "Processing draws 16101 to 16200"
[1] "Chunk time = 18.7665584087372"
[1] "Processing draws 16201 to 16300"
[1] "Chunk time = 18.8007471561432"
[1] "Processing draws 16301 to 16400"
[1] "Chunk time = 18.3153541088104"
[1] "Processing draws 16401 to 16500"
[1] "Chunk time = 18.0045754909515"
[1] "Processing draws 16501 to 16600"
[1] "Chunk time = 18.4210209846497"
[1] "Processing draws 16601 to 16700"
[1] "Chunk time = 18.0590064525604"
[1] "Processing draws 16701 to 16800"
[1] "Chunk time = 18.0908119678497"
[1] "Processing draws 16801 to 16900"
[1] "Chunk time = 18.8682322502136"
[1] "Processing draws 16901 to 17000"
[1] "Chunk time = 18.2080509662628"
[1] "Processing draws 17001 to 17100"
[1] "Chunk time = 19.9088017940521"
[1] "Processing draws 17101 to 17200"
[1] "Chunk time = 19.5975654125214"
[1] "Processing draws 17201 to 17300"
[1] "Chunk time = 19.5759398937225"
[1] "Processing draws 17301 to 17400"
[1] "Chunk time = 18.3647789955139"
[1] "Processing draws 17401 to 17500"
[1] "Chunk time = 19.8404684066772"
[1] "Processing draws 17501 to 17600"
[1] "Chunk time = 19.3754777908325"
[1] "Processing draws 17601 to 17700"
[1] "Chunk time = 19.6619489192963"
[1] "Processing draws 17701 to 17800"
[1] "Chunk time = 19.387353181839"
[1] "Processing draws 17801 to 17900"
[1] "Chunk time = 18.9504082202911"
[1] "Processing draws 17901 to 18000"
[1] "Chunk time = 19.2345886230469"
[1] "Processing draws 18001 to 18100"
[1] "Chunk time = 19.2774477005005"
[1] "Processing draws 18101 to 18200"
[1] "Chunk time = 20.440299987793"
[1] "Processing draws 18201 to 18300"
[1] "Chunk time = 19.9071426391602"
[1] "Processing draws 18301 to 18400"
[1] "Chunk time = 19.519770860672"
[1] "Processing draws 18401 to 18500"
[1] "Chunk time = 18.2571914196014"
[1] "Processing draws 18501 to 18600"
[1] "Chunk time = 18.2076609134674"
[1] "Processing draws 18601 to 18700"
[1] "Chunk time = 20.2596175670624"
[1] "Processing draws 18701 to 18800"
[1] "Chunk time = 19.3111672401428"
[1] "Processing draws 18801 to 18900"
[1] "Chunk time = 18.6688392162323"
[1] "Processing draws 18901 to 19000"
[1] "Chunk time = 18.1409199237823"
[1] "Processing draws 19001 to 19100"
[1] "Chunk time = 18.6164948940277"
[1] "Processing draws 19101 to 19200"
[1] "Chunk time = 20.5895473957062"
[1] "Processing draws 19201 to 19300"
[1] "Chunk time = 20.197117805481"
[1] "Processing draws 19301 to 19400"
[1] "Chunk time = 19.2881400585175"
[1] "Processing draws 19401 to 19500"
[1] "Chunk time = 18.1469061374664"
[1] "Processing draws 19501 to 19600"
[1] "Chunk time = 19.8646104335785"
[1] "Processing draws 19601 to 19700"
[1] "Chunk time = 19.8697972297668"
[1] "Processing draws 19701 to 19800"
[1] "Chunk time = 19.6584661006927"
[1] "Processing draws 19801 to 19900"
[1] "Chunk time = 18.3537282943726"
[1] "Processing draws 19901 to 20000"
[1] "Chunk time = 18.7192542552948"
[1] "done lapplying"
[1] "Saving current params"
[1] "Saving params to output.rds"
[1] TRUE
