[1] "Starting sampling."
Running MCMC with 4 parallel chains, with 4 thread(s) per chain...

Chain 2 Iteration:    1 / 6000 [  0%]  (Warmup) 
Chain 4 Iteration:    1 / 6000 [  0%]  (Warmup) 
Chain 1 Iteration:    1 / 6000 [  0%]  (Warmup) 
Chain 3 Iteration:    1 / 6000 [  0%]  (Warmup) 
Chain 3 Iteration:  100 / 6000 [  1%]  (Warmup) 
Chain 4 Iteration:  100 / 6000 [  1%]  (Warmup) 
Chain 1 Iteration:  100 / 6000 [  1%]  (Warmup) 
Chain 2 Iteration:  100 / 6000 [  1%]  (Warmup) 
Chain 3 Iteration:  200 / 6000 [  3%]  (Warmup) 
Chain 4 Iteration:  200 / 6000 [  3%]  (Warmup) 
Chain 1 Iteration:  200 / 6000 [  3%]  (Warmup) 
Chain 2 Iteration:  200 / 6000 [  3%]  (Warmup) 
Chain 3 Iteration:  300 / 6000 [  5%]  (Warmup) 
Chain 4 Iteration:  300 / 6000 [  5%]  (Warmup) 
Chain 1 Iteration:  300 / 6000 [  5%]  (Warmup) 
Chain 2 Iteration:  300 / 6000 [  5%]  (Warmup) 
Chain 3 Iteration:  400 / 6000 [  6%]  (Warmup) 
Chain 4 Iteration:  400 / 6000 [  6%]  (Warmup) 
Chain 1 Iteration:  400 / 6000 [  6%]  (Warmup) 
Chain 2 Iteration:  400 / 6000 [  6%]  (Warmup) 
Chain 3 Iteration:  500 / 6000 [  8%]  (Warmup) 
Chain 4 Iteration:  500 / 6000 [  8%]  (Warmup) 
Chain 1 Iteration:  500 / 6000 [  8%]  (Warmup) 
Chain 2 Iteration:  500 / 6000 [  8%]  (Warmup) 
Chain 3 Iteration:  600 / 6000 [ 10%]  (Warmup) 
Chain 4 Iteration:  600 / 6000 [ 10%]  (Warmup) 
Chain 1 Iteration:  600 / 6000 [ 10%]  (Warmup) 
Chain 2 Iteration:  600 / 6000 [ 10%]  (Warmup) 
Chain 3 Iteration:  700 / 6000 [ 11%]  (Warmup) 
Chain 3 Iteration:  800 / 6000 [ 13%]  (Warmup) 
Chain 4 Iteration:  700 / 6000 [ 11%]  (Warmup) 
Chain 1 Iteration:  700 / 6000 [ 11%]  (Warmup) 
Chain 2 Iteration:  700 / 6000 [ 11%]  (Warmup) 
Chain 3 Iteration:  900 / 6000 [ 15%]  (Warmup) 
Chain 4 Iteration:  800 / 6000 [ 13%]  (Warmup) 
Chain 1 Iteration:  800 / 6000 [ 13%]  (Warmup) 
Chain 2 Iteration:  800 / 6000 [ 13%]  (Warmup) 
Chain 3 Iteration: 1000 / 6000 [ 16%]  (Warmup) 
Chain 3 Iteration: 1001 / 6000 [ 16%]  (Sampling) 
Chain 4 Iteration:  900 / 6000 [ 15%]  (Warmup) 
Chain 1 Iteration:  900 / 6000 [ 15%]  (Warmup) 
Chain 2 Iteration:  900 / 6000 [ 15%]  (Warmup) 
Chain 3 Iteration: 1100 / 6000 [ 18%]  (Sampling) 
Chain 4 Iteration: 1000 / 6000 [ 16%]  (Warmup) 
Chain 4 Iteration: 1001 / 6000 [ 16%]  (Sampling) 
Chain 1 Iteration: 1000 / 6000 [ 16%]  (Warmup) 
Chain 1 Iteration: 1001 / 6000 [ 16%]  (Sampling) 
Chain 2 Iteration: 1000 / 6000 [ 16%]  (Warmup) 
Chain 2 Iteration: 1001 / 6000 [ 16%]  (Sampling) 
Chain 3 Iteration: 1200 / 6000 [ 20%]  (Sampling) 
Chain 4 Iteration: 1100 / 6000 [ 18%]  (Sampling) 
Chain 1 Iteration: 1100 / 6000 [ 18%]  (Sampling) 
Chain 3 Iteration: 1300 / 6000 [ 21%]  (Sampling) 
Chain 2 Iteration: 1100 / 6000 [ 18%]  (Sampling) 
Chain 3 Iteration: 1400 / 6000 [ 23%]  (Sampling) 
Chain 4 Iteration: 1200 / 6000 [ 20%]  (Sampling) 
Chain 1 Iteration: 1200 / 6000 [ 20%]  (Sampling) 
Chain 2 Iteration: 1200 / 6000 [ 20%]  (Sampling) 
Chain 3 Iteration: 1500 / 6000 [ 25%]  (Sampling) 
Chain 4 Iteration: 1300 / 6000 [ 21%]  (Sampling) 
Chain 1 Iteration: 1300 / 6000 [ 21%]  (Sampling) 
Chain 2 Iteration: 1300 / 6000 [ 21%]  (Sampling) 
Chain 3 Iteration: 1600 / 6000 [ 26%]  (Sampling) 
Chain 3 Iteration: 1700 / 6000 [ 28%]  (Sampling) 
Chain 4 Iteration: 1400 / 6000 [ 23%]  (Sampling) 
Chain 1 Iteration: 1400 / 6000 [ 23%]  (Sampling) 
Chain 2 Iteration: 1400 / 6000 [ 23%]  (Sampling) 
Chain 3 Iteration: 1800 / 6000 [ 30%]  (Sampling) 
Chain 4 Iteration: 1500 / 6000 [ 25%]  (Sampling) 
Chain 1 Iteration: 1500 / 6000 [ 25%]  (Sampling) 
Chain 2 Iteration: 1500 / 6000 [ 25%]  (Sampling) 
Chain 3 Iteration: 1900 / 6000 [ 31%]  (Sampling) 
Chain 4 Iteration: 1600 / 6000 [ 26%]  (Sampling) 
Chain 1 Iteration: 1600 / 6000 [ 26%]  (Sampling) 
Chain 3 Iteration: 2000 / 6000 [ 33%]  (Sampling) 
Chain 2 Iteration: 1600 / 6000 [ 26%]  (Sampling) 
Chain 3 Iteration: 2100 / 6000 [ 35%]  (Sampling) 
Chain 4 Iteration: 1700 / 6000 [ 28%]  (Sampling) 
Chain 1 Iteration: 1700 / 6000 [ 28%]  (Sampling) 
Chain 2 Iteration: 1700 / 6000 [ 28%]  (Sampling) 
Chain 3 Iteration: 2200 / 6000 [ 36%]  (Sampling) 
Chain 4 Iteration: 1800 / 6000 [ 30%]  (Sampling) 
Chain 1 Iteration: 1800 / 6000 [ 30%]  (Sampling) 
Chain 2 Iteration: 1800 / 6000 [ 30%]  (Sampling) 
Chain 3 Iteration: 2300 / 6000 [ 38%]  (Sampling) 
Chain 4 Iteration: 1900 / 6000 [ 31%]  (Sampling) 
Chain 1 Iteration: 1900 / 6000 [ 31%]  (Sampling) 
Chain 2 Iteration: 1900 / 6000 [ 31%]  (Sampling) 
Chain 3 Iteration: 2400 / 6000 [ 40%]  (Sampling) 
Chain 4 Iteration: 2000 / 6000 [ 33%]  (Sampling) 
Chain 1 Iteration: 2000 / 6000 [ 33%]  (Sampling) 
Chain 3 Iteration: 2500 / 6000 [ 41%]  (Sampling) 
Chain 2 Iteration: 2000 / 6000 [ 33%]  (Sampling) 
Chain 3 Iteration: 2600 / 6000 [ 43%]  (Sampling) 
Chain 4 Iteration: 2100 / 6000 [ 35%]  (Sampling) 
Chain 1 Iteration: 2100 / 6000 [ 35%]  (Sampling) 
Chain 2 Iteration: 2100 / 6000 [ 35%]  (Sampling) 
Chain 3 Iteration: 2700 / 6000 [ 45%]  (Sampling) 
Chain 4 Iteration: 2200 / 6000 [ 36%]  (Sampling) 
Chain 1 Iteration: 2200 / 6000 [ 36%]  (Sampling) 
Chain 2 Iteration: 2200 / 6000 [ 36%]  (Sampling) 
Chain 3 Iteration: 2800 / 6000 [ 46%]  (Sampling) 
Chain 4 Iteration: 2300 / 6000 [ 38%]  (Sampling) 
Chain 1 Iteration: 2300 / 6000 [ 38%]  (Sampling) 
Chain 2 Iteration: 2300 / 6000 [ 38%]  (Sampling) 
Chain 3 Iteration: 2900 / 6000 [ 48%]  (Sampling) 
Chain 4 Iteration: 2400 / 6000 [ 40%]  (Sampling) 
Chain 1 Iteration: 2400 / 6000 [ 40%]  (Sampling) 
Chain 2 Iteration: 2400 / 6000 [ 40%]  (Sampling) 
Chain 3 Iteration: 3000 / 6000 [ 50%]  (Sampling) 
Chain 4 Iteration: 2500 / 6000 [ 41%]  (Sampling) 
Chain 1 Iteration: 2500 / 6000 [ 41%]  (Sampling) 
Chain 3 Iteration: 3100 / 6000 [ 51%]  (Sampling) 
Chain 2 Iteration: 2500 / 6000 [ 41%]  (Sampling) 
Chain 4 Iteration: 2600 / 6000 [ 43%]  (Sampling) 
Chain 3 Iteration: 3200 / 6000 [ 53%]  (Sampling) 
Chain 1 Iteration: 2600 / 6000 [ 43%]  (Sampling) 
Chain 2 Iteration: 2600 / 6000 [ 43%]  (Sampling) 
Chain 3 Iteration: 3300 / 6000 [ 55%]  (Sampling) 
Chain 4 Iteration: 2700 / 6000 [ 45%]  (Sampling) 
Chain 1 Iteration: 2700 / 6000 [ 45%]  (Sampling) 
Chain 2 Iteration: 2700 / 6000 [ 45%]  (Sampling) 
Chain 3 Iteration: 3400 / 6000 [ 56%]  (Sampling) 
Chain 4 Iteration: 2800 / 6000 [ 46%]  (Sampling) 
Chain 1 Iteration: 2800 / 6000 [ 46%]  (Sampling) 
Chain 2 Iteration: 2800 / 6000 [ 46%]  (Sampling) 
Chain 3 Iteration: 3500 / 6000 [ 58%]  (Sampling) 
Chain 4 Iteration: 2900 / 6000 [ 48%]  (Sampling) 
Chain 1 Iteration: 2900 / 6000 [ 48%]  (Sampling) 
Chain 2 Iteration: 2900 / 6000 [ 48%]  (Sampling) 
Chain 3 Iteration: 3600 / 6000 [ 60%]  (Sampling) 
Chain 4 Iteration: 3000 / 6000 [ 50%]  (Sampling) 
Chain 1 Iteration: 3000 / 6000 [ 50%]  (Sampling) 
Chain 3 Iteration: 3700 / 6000 [ 61%]  (Sampling) 
Chain 2 Iteration: 3000 / 6000 [ 50%]  (Sampling) 
Chain 4 Iteration: 3100 / 6000 [ 51%]  (Sampling) 
Chain 3 Iteration: 3800 / 6000 [ 63%]  (Sampling) 
Chain 1 Iteration: 3100 / 6000 [ 51%]  (Sampling) 
Chain 2 Iteration: 3100 / 6000 [ 51%]  (Sampling) 
Chain 3 Iteration: 3900 / 6000 [ 65%]  (Sampling) 
Chain 4 Iteration: 3200 / 6000 [ 53%]  (Sampling) 
Chain 1 Iteration: 3200 / 6000 [ 53%]  (Sampling) 
Chain 2 Iteration: 3200 / 6000 [ 53%]  (Sampling) 
Chain 3 Iteration: 4000 / 6000 [ 66%]  (Sampling) 
Chain 4 Iteration: 3300 / 6000 [ 55%]  (Sampling) 
Chain 1 Iteration: 3300 / 6000 [ 55%]  (Sampling) 
Chain 2 Iteration: 3300 / 6000 [ 55%]  (Sampling) 
Chain 3 Iteration: 4100 / 6000 [ 68%]  (Sampling) 
Chain 4 Iteration: 3400 / 6000 [ 56%]  (Sampling) 
Chain 1 Iteration: 3400 / 6000 [ 56%]  (Sampling) 
Chain 2 Iteration: 3400 / 6000 [ 56%]  (Sampling) 
Chain 3 Iteration: 4200 / 6000 [ 70%]  (Sampling) 
Chain 4 Iteration: 3500 / 6000 [ 58%]  (Sampling) 
Chain 1 Iteration: 3500 / 6000 [ 58%]  (Sampling) 
Chain 3 Iteration: 4300 / 6000 [ 71%]  (Sampling) 
Chain 2 Iteration: 3500 / 6000 [ 58%]  (Sampling) 
Chain 4 Iteration: 3600 / 6000 [ 60%]  (Sampling) 
Chain 3 Iteration: 4400 / 6000 [ 73%]  (Sampling) 
Chain 1 Iteration: 3600 / 6000 [ 60%]  (Sampling) 
Chain 2 Iteration: 3600 / 6000 [ 60%]  (Sampling) 
Chain 3 Iteration: 4500 / 6000 [ 75%]  (Sampling) 
Chain 4 Iteration: 3700 / 6000 [ 61%]  (Sampling) 
Chain 1 Iteration: 3700 / 6000 [ 61%]  (Sampling) 
Chain 2 Iteration: 3700 / 6000 [ 61%]  (Sampling) 
Chain 3 Iteration: 4600 / 6000 [ 76%]  (Sampling) 
Chain 4 Iteration: 3800 / 6000 [ 63%]  (Sampling) 
Chain 1 Iteration: 3800 / 6000 [ 63%]  (Sampling) 
Chain 2 Iteration: 3800 / 6000 [ 63%]  (Sampling) 
Chain 3 Iteration: 4700 / 6000 [ 78%]  (Sampling) 
Chain 4 Iteration: 3900 / 6000 [ 65%]  (Sampling) 
Chain 1 Iteration: 3900 / 6000 [ 65%]  (Sampling) 
Chain 2 Iteration: 3900 / 6000 [ 65%]  (Sampling) 
Chain 3 Iteration: 4800 / 6000 [ 80%]  (Sampling) 
Chain 4 Iteration: 4000 / 6000 [ 66%]  (Sampling) 
Chain 1 Iteration: 4000 / 6000 [ 66%]  (Sampling) 
Chain 2 Iteration: 4000 / 6000 [ 66%]  (Sampling) 
Chain 3 Iteration: 4900 / 6000 [ 81%]  (Sampling) 
Chain 4 Iteration: 4100 / 6000 [ 68%]  (Sampling) 
Chain 1 Iteration: 4100 / 6000 [ 68%]  (Sampling) 
Chain 2 Iteration: 4100 / 6000 [ 68%]  (Sampling) 
Chain 3 Iteration: 5000 / 6000 [ 83%]  (Sampling) 
Chain 4 Iteration: 4200 / 6000 [ 70%]  (Sampling) 
Chain 1 Iteration: 4200 / 6000 [ 70%]  (Sampling) 
Chain 3 Iteration: 5100 / 6000 [ 85%]  (Sampling) 
Chain 2 Iteration: 4200 / 6000 [ 70%]  (Sampling) 
Chain 4 Iteration: 4300 / 6000 [ 71%]  (Sampling) 
Chain 3 Iteration: 5200 / 6000 [ 86%]  (Sampling) 
Chain 1 Iteration: 4300 / 6000 [ 71%]  (Sampling) 
Chain 2 Iteration: 4300 / 6000 [ 71%]  (Sampling) 
Chain 3 Iteration: 5300 / 6000 [ 88%]  (Sampling) 
Chain 4 Iteration: 4400 / 6000 [ 73%]  (Sampling) 
Chain 1 Iteration: 4400 / 6000 [ 73%]  (Sampling) 
Chain 2 Iteration: 4400 / 6000 [ 73%]  (Sampling) 
Chain 3 Iteration: 5400 / 6000 [ 90%]  (Sampling) 
Chain 4 Iteration: 4500 / 6000 [ 75%]  (Sampling) 
Chain 1 Iteration: 4500 / 6000 [ 75%]  (Sampling) 
Chain 2 Iteration: 4500 / 6000 [ 75%]  (Sampling) 
Chain 3 Iteration: 5500 / 6000 [ 91%]  (Sampling) 
Chain 4 Iteration: 4600 / 6000 [ 76%]  (Sampling) 
Chain 1 Iteration: 4600 / 6000 [ 76%]  (Sampling) 
Chain 2 Iteration: 4600 / 6000 [ 76%]  (Sampling) 
Chain 3 Iteration: 5600 / 6000 [ 93%]  (Sampling) 
Chain 4 Iteration: 4700 / 6000 [ 78%]  (Sampling) 
Chain 1 Iteration: 4700 / 6000 [ 78%]  (Sampling) 
Chain 2 Iteration: 4700 / 6000 [ 78%]  (Sampling) 
Chain 3 Iteration: 5700 / 6000 [ 95%]  (Sampling) 
Chain 4 Iteration: 4800 / 6000 [ 80%]  (Sampling) 
Chain 1 Iteration: 4800 / 6000 [ 80%]  (Sampling) 
Chain 2 Iteration: 4800 / 6000 [ 80%]  (Sampling) 
Chain 3 Iteration: 5800 / 6000 [ 96%]  (Sampling) 
Chain 4 Iteration: 4900 / 6000 [ 81%]  (Sampling) 
Chain 1 Iteration: 4900 / 6000 [ 81%]  (Sampling) 
Chain 3 Iteration: 5900 / 6000 [ 98%]  (Sampling) 
Chain 2 Iteration: 4900 / 6000 [ 81%]  (Sampling) 
Chain 4 Iteration: 5000 / 6000 [ 83%]  (Sampling) 
Chain 3 Iteration: 6000 / 6000 [100%]  (Sampling) 
Chain 3 finished in 124194.0 seconds.
Chain 1 Iteration: 5000 / 6000 [ 83%]  (Sampling) 
Chain 2 Iteration: 5000 / 6000 [ 83%]  (Sampling) 
Chain 4 Iteration: 5100 / 6000 [ 85%]  (Sampling) 
Chain 1 Iteration: 5100 / 6000 [ 85%]  (Sampling) 
Chain 2 Iteration: 5100 / 6000 [ 85%]  (Sampling) 
Chain 4 Iteration: 5200 / 6000 [ 86%]  (Sampling) 
Chain 1 Iteration: 5200 / 6000 [ 86%]  (Sampling) 
Chain 2 Iteration: 5200 / 6000 [ 86%]  (Sampling) 
Chain 4 Iteration: 5300 / 6000 [ 88%]  (Sampling) 
Chain 1 Iteration: 5300 / 6000 [ 88%]  (Sampling) 
Chain 2 Iteration: 5300 / 6000 [ 88%]  (Sampling) 
Chain 4 Iteration: 5400 / 6000 [ 90%]  (Sampling) 
Chain 1 Iteration: 5400 / 6000 [ 90%]  (Sampling) 
Chain 2 Iteration: 5400 / 6000 [ 90%]  (Sampling) 
Chain 4 Iteration: 5500 / 6000 [ 91%]  (Sampling) 
Chain 1 Iteration: 5500 / 6000 [ 91%]  (Sampling) 
Chain 2 Iteration: 5500 / 6000 [ 91%]  (Sampling) 
Chain 4 Iteration: 5600 / 6000 [ 93%]  (Sampling) 
Chain 1 Iteration: 5600 / 6000 [ 93%]  (Sampling) 
Chain 2 Iteration: 5600 / 6000 [ 93%]  (Sampling) 
Chain 4 Iteration: 5700 / 6000 [ 95%]  (Sampling) 
Chain 1 Iteration: 5700 / 6000 [ 95%]  (Sampling) 
Chain 2 Iteration: 5700 / 6000 [ 95%]  (Sampling) 
Chain 4 Iteration: 5800 / 6000 [ 96%]  (Sampling) 
Chain 1 Iteration: 5800 / 6000 [ 96%]  (Sampling) 
Chain 2 Iteration: 5800 / 6000 [ 96%]  (Sampling) 
Chain 4 Iteration: 5900 / 6000 [ 98%]  (Sampling) 
Chain 1 Iteration: 5900 / 6000 [ 98%]  (Sampling) 
Chain 2 Iteration: 5900 / 6000 [ 98%]  (Sampling) 
Chain 4 Iteration: 6000 / 6000 [100%]  (Sampling) 
Chain 4 finished in 147557.0 seconds.
Chain 1 Iteration: 6000 / 6000 [100%]  (Sampling) 
Chain 1 finished in 147802.0 seconds.
Chain 2 Iteration: 6000 / 6000 [100%]  (Sampling) 
Chain 2 finished in 147932.0 seconds.

All 4 chains finished successfully.
Mean chain execution time: 141871.2 seconds.
Total execution time: 147933.2 seconds.

[1] "Processing draws 1 to 100"
[1] "Chunk time = 3.1952626546224"
[1] "Processing draws 101 to 200"
[1] "Chunk time = 2.32942668596903"
[1] "Processing draws 201 to 300"
[1] "Chunk time = 2.45005604028702"
[1] "Processing draws 301 to 400"
[1] "Chunk time = 2.09699940284093"
[1] "Processing draws 401 to 500"
[1] "Chunk time = 2.00320418278376"
[1] "Processing draws 501 to 600"
[1] "Chunk time = 1.97943334976832"
[1] "Processing draws 601 to 700"
[1] "Chunk time = 2.0936478416125"
[1] "Processing draws 701 to 800"
[1] "Chunk time = 2.19580779075623"
[1] "Processing draws 801 to 900"
[1] "Chunk time = 2.01604575316111"
[1] "Processing draws 901 to 1000"
[1] "Chunk time = 2.14442442258199"
[1] "Processing draws 1001 to 1100"
[1] "Chunk time = 1.98553048372269"
[1] "Processing draws 1101 to 1200"
[1] "Chunk time = 2.01347356637319"
[1] "Processing draws 1201 to 1300"
[1] "Chunk time = 2.16480027834574"
[1] "Processing draws 1301 to 1400"
[1] "Chunk time = 1.99284940163294"
[1] "Processing draws 1401 to 1500"
[1] "Chunk time = 1.97984424432119"
[1] "Processing draws 1501 to 1600"
[1] "Chunk time = 2.12935589551926"
[1] "Processing draws 1601 to 1700"
[1] "Chunk time = 1.98462737798691"
[1] "Processing draws 1701 to 1800"
[1] "Chunk time = 1.96853628953298"
[1] "Processing draws 1801 to 1900"
[1] "Chunk time = 2.15875259240468"
[1] "Processing draws 1901 to 2000"
[1] "Chunk time = 2.02332517703374"
[1] "Processing draws 2001 to 2100"
[1] "Chunk time = 1.96894243558248"
[1] "Processing draws 2101 to 2200"
[1] "Chunk time = 2.14532039960225"
[1] "Processing draws 2201 to 2300"
[1] "Chunk time = 1.96793839931488"
[1] "Processing draws 2301 to 2400"
[1] "Chunk time = 1.99846769571304"
[1] "Processing draws 2401 to 2500"
[1] "Chunk time = 2.14428240060806"
[1] "Processing draws 2501 to 2600"
[1] "Chunk time = 1.96687445640564"
[1] "Processing draws 2601 to 2700"
[1] "Chunk time = 1.95823661883672"
[1] "Processing draws 2701 to 2800"
[1] "Chunk time = 2.14130576054255"
[1] "Processing draws 2801 to 2900"
[1] "Chunk time = 1.98304726282756"
[1] "Processing draws 2901 to 3000"
[1] "Chunk time = 1.95932497183482"
[1] "Processing draws 3001 to 3100"
[1] "Chunk time = 2.14732095003128"
[1] "Processing draws 3101 to 3200"
[1] "Chunk time = 1.99774738152822"
[1] "Processing draws 3201 to 3300"
[1] "Chunk time = 1.95574556986491"
[1] "Processing draws 3301 to 3400"
[1] "Chunk time = 2.13521747589111"
[1] "Processing draws 3401 to 3500"
[1] "Chunk time = 1.96303472916285"
[1] "Processing draws 3501 to 3600"
[1] "Chunk time = 1.97968621253967"
[1] "Processing draws 3601 to 3700"
[1] "Chunk time = 2.14990902344386"
[1] "Processing draws 3701 to 3800"
[1] "Chunk time = 1.99345354239146"
[1] "Processing draws 3801 to 3900"
[1] "Chunk time = 1.95992370446523"
[1] "Processing draws 3901 to 4000"
[1] "Chunk time = 2.14258944193522"
[1] "Processing draws 4001 to 4100"
[1] "Chunk time = 2.03531495730082"
[1] "Processing draws 4101 to 4200"
[1] "Chunk time = 1.95755641063054"
[1] "Processing draws 4201 to 4300"
[1] "Chunk time = 2.13768162329992"
[1] "Processing draws 4301 to 4400"
[1] "Chunk time = 1.95773806969325"
[1] "Processing draws 4401 to 4500"
[1] "Chunk time = 1.90348933935165"
[1] "Processing draws 4501 to 4600"
[1] "Chunk time = 2.05815049409866"
[1] "Processing draws 4601 to 4700"
[1] "Chunk time = 1.9178388039271"
[1] "Processing draws 4701 to 4800"
[1] "Chunk time = 1.98285625378291"
[1] "Processing draws 4801 to 4900"
[1] "Chunk time = 2.1337872227033"
[1] "Processing draws 4901 to 5000"
[1] "Chunk time = 1.94342997868856"
[1] "Processing draws 5001 to 5100"
[1] "Chunk time = 1.87774801254272"
[1] "Processing draws 5101 to 5200"
[1] "Chunk time = 2.06196222305298"
[1] "Processing draws 5201 to 5300"
[1] "Chunk time = 2.0235586921374"
[1] "Processing draws 5301 to 5400"
[1] "Chunk time = 1.98964467048645"
[1] "Processing draws 5401 to 5500"
[1] "Chunk time = 2.05297228892644"
[1] "Processing draws 5501 to 5600"
[1] "Chunk time = 1.92653548717499"
[1] "Processing draws 5601 to 5700"
[1] "Chunk time = 1.9101709485054"
[1] "Processing draws 5701 to 5800"
[1] "Chunk time = 2.12896319230398"
[1] "Processing draws 5801 to 5900"
[1] "Chunk time = 1.9791586915652"
[1] "Processing draws 5901 to 6000"
[1] "Chunk time = 1.98542518615723"
[1] "Processing draws 6001 to 6100"
[1] "Chunk time = 2.12191186348597"
[1] "Processing draws 6101 to 6200"
[1] "Chunk time = 1.99774934053421"
[1] "Processing draws 6201 to 6300"
[1] "Chunk time = 1.93623650074005"
[1] "Processing draws 6301 to 6400"
[1] "Chunk time = 2.11613900661469"
[1] "Processing draws 6401 to 6500"
[1] "Chunk time = 1.96852187315623"
[1] "Processing draws 6501 to 6600"
[1] "Chunk time = 1.91576994260152"
[1] "Processing draws 6601 to 6700"
[1] "Chunk time = 2.12504855791728"
[1] "Processing draws 6701 to 6800"
[1] "Chunk time = 1.96806953350703"
[1] "Processing draws 6801 to 6900"
[1] "Chunk time = 1.96092414855957"
[1] "Processing draws 6901 to 7000"
[1] "Chunk time = 2.11798331340154"
[1] "Processing draws 7001 to 7100"
[1] "Chunk time = 1.94778302510579"
[1] "Processing draws 7101 to 7200"
[1] "Chunk time = 1.94351598024368"
[1] "Processing draws 7201 to 7300"
[1] "Chunk time = 2.107979063193"
[1] "Processing draws 7301 to 7400"
[1] "Chunk time = 1.95982540845871"
[1] "Processing draws 7401 to 7500"
[1] "Chunk time = 1.9020237048467"
[1] "Processing draws 7501 to 7600"
[1] "Chunk time = 2.11706382433573"
[1] "Processing draws 7601 to 7700"
[1] "Chunk time = 1.94571860631307"
[1] "Processing draws 7701 to 7800"
[1] "Chunk time = 1.93912584781647"
[1] "Processing draws 7801 to 7900"
[1] "Chunk time = 2.11025834878286"
[1] "Processing draws 7901 to 8000"
[1] "Chunk time = 1.95050534407298"
[1] "Processing draws 8001 to 8100"
[1] "Chunk time = 2.01105903784434"
[1] "Processing draws 8101 to 8200"
[1] "Chunk time = 2.12385349273682"
[1] "Processing draws 8201 to 8300"
[1] "Chunk time = 2.01086097160975"
[1] "Processing draws 8301 to 8400"
[1] "Chunk time = 1.96693145036697"
[1] "Processing draws 8401 to 8500"
[1] "Chunk time = 2.13412081003189"
[1] "Processing draws 8501 to 8600"
[1] "Chunk time = 1.95313798983892"
[1] "Processing draws 8601 to 8700"
[1] "Chunk time = 1.95341393550237"
[1] "Processing draws 8701 to 8800"
[1] "Chunk time = 2.1281790415446"
[1] "Processing draws 8801 to 8900"
[1] "Chunk time = 2.01739647388458"
[1] "Processing draws 8901 to 9000"
[1] "Chunk time = 2.01634326775869"
[1] "Processing draws 9001 to 9100"
[1] "Chunk time = 2.16464627186457"
[1] "Processing draws 9101 to 9200"
[1] "Chunk time = 2.01966348091761"
[1] "Processing draws 9201 to 9300"
[1] "Chunk time = 1.95097952683767"
[1] "Processing draws 9301 to 9400"
[1] "Chunk time = 2.14995729923248"
[1] "Processing draws 9401 to 9500"
[1] "Chunk time = 2.00994105736415"
[1] "Processing draws 9501 to 9600"
[1] "Chunk time = 1.95320893128713"
[1] "Processing draws 9601 to 9700"
[1] "Chunk time = 2.15034683942795"
[1] "Processing draws 9701 to 9800"
[1] "Chunk time = 2.00026618639628"
[1] "Processing draws 9801 to 9900"
[1] "Chunk time = 1.99918876886368"
[1] "Processing draws 9901 to 10000"
[1] "Chunk time = 2.16496245861053"
[1] "Processing draws 10001 to 10100"
[1] "Chunk time = 1.97744915088018"
[1] "Processing draws 10101 to 10200"
[1] "Chunk time = 1.99820700089137"
[1] "Processing draws 10201 to 10300"
[1] "Chunk time = 2.1371772925059"
[1] "Processing draws 10301 to 10400"
[1] "Chunk time = 2.01438631216685"
[1] "Processing draws 10401 to 10500"
[1] "Chunk time = 1.98682164351145"
[1] "Processing draws 10501 to 10600"
[1] "Chunk time = 2.15431867440542"
[1] "Processing draws 10601 to 10700"
[1] "Chunk time = 1.98056561549505"
[1] "Processing draws 10701 to 10800"
[1] "Chunk time = 1.93768726189931"
[1] "Processing draws 10801 to 10900"
[1] "Chunk time = 2.03490554889043"
[1] "Processing draws 10901 to 11000"
[1] "Chunk time = 2.00106846491496"
[1] "Processing draws 11001 to 11100"
[1] "Chunk time = 2.02718836863836"
[1] "Processing draws 11101 to 11200"
[1] "Chunk time = 2.00456546147664"
[1] "Processing draws 11201 to 11300"
[1] "Chunk time = 1.91885675191879"
[1] "Processing draws 11301 to 11400"
[1] "Chunk time = 1.91833166678747"
[1] "Processing draws 11401 to 11500"
[1] "Chunk time = 1.96649234692256"
[1] "Processing draws 11501 to 11600"
[1] "Chunk time = 2.03115796248118"
[1] "Processing draws 11601 to 11700"
[1] "Chunk time = 2.02624357541402"
[1] "Processing draws 11701 to 11800"
[1] "Chunk time = 2.18669509490331"
[1] "Processing draws 11801 to 11900"
[1] "Chunk time = 2.02275515794754"
[1] "Processing draws 11901 to 12000"
[1] "Chunk time = 1.98620621760686"
[1] "Processing draws 12001 to 12100"
[1] "Chunk time = 2.16110755602519"
[1] "Processing draws 12101 to 12200"
[1] "Chunk time = 2.01972798903783"
[1] "Processing draws 12201 to 12300"
[1] "Chunk time = 1.99436409870783"
[1] "Processing draws 12301 to 12400"
[1] "Chunk time = 2.16188638210297"
[1] "Processing draws 12401 to 12500"
[1] "Chunk time = 2.01774476766586"
[1] "Processing draws 12501 to 12600"
[1] "Chunk time = 1.96237702767054"
[1] "Processing draws 12601 to 12700"
[1] "Chunk time = 2.16044635375341"
[1] "Processing draws 12701 to 12800"
[1] "Chunk time = 1.99284254312515"
[1] "Processing draws 12801 to 12900"
[1] "Chunk time = 1.92333255211512"
[1] "Processing draws 12901 to 13000"
[1] "Chunk time = 2.17448798815409"
[1] "Processing draws 13001 to 13100"
[1] "Chunk time = 2.00806979735692"
[1] "Processing draws 13101 to 13200"
[1] "Chunk time = 2.00965695778529"
[1] "Processing draws 13201 to 13300"
[1] "Chunk time = 2.15024950106939"
[1] "Processing draws 13301 to 13400"
[1] "Chunk time = 1.99452233314514"
[1] "Processing draws 13401 to 13500"
[1] "Chunk time = 1.92701777617137"
[1] "Processing draws 13501 to 13600"
[1] "Chunk time = 2.14785739183426"
[1] "Processing draws 13601 to 13700"
[1] "Chunk time = 2.00640246470769"
[1] "Processing draws 13701 to 13800"
[1] "Chunk time = 2.02791670958201"
[1] "Processing draws 13801 to 13900"
[1] "Chunk time = 2.14110472202301"
[1] "Processing draws 13901 to 14000"
[1] "Chunk time = 1.99935781955719"
[1] "Processing draws 14001 to 14100"
[1] "Chunk time = 1.93779130776723"
[1] "Processing draws 14101 to 14200"
[1] "Chunk time = 2.13781609535217"
[1] "Processing draws 14201 to 14300"
[1] "Chunk time = 2.00261790752411"
[1] "Processing draws 14301 to 14400"
[1] "Chunk time = 2.02630033095678"
[1] "Processing draws 14401 to 14500"
[1] "Chunk time = 2.13574507633845"
[1] "Processing draws 14501 to 14600"
[1] "Chunk time = 2.01847544908524"
[1] "Processing draws 14601 to 14700"
[1] "Chunk time = 1.97530082066854"
[1] "Processing draws 14701 to 14800"
[1] "Chunk time = 2.14524157444636"
[1] "Processing draws 14801 to 14900"
[1] "Chunk time = 1.97434991598129"
[1] "Processing draws 14901 to 15000"
[1] "Chunk time = 1.97252206802368"
[1] "Processing draws 15001 to 15100"
[1] "Chunk time = 2.14919258753459"
[1] "Processing draws 15101 to 15200"
[1] "Chunk time = 1.99852997859319"
[1] "Processing draws 15201 to 15300"
[1] "Chunk time = 2.01189257701238"
[1] "Processing draws 15301 to 15400"
[1] "Chunk time = 2.14949516852697"
[1] "Processing draws 15401 to 15500"
[1] "Chunk time = 1.97918501297633"
[1] "Processing draws 15501 to 15600"
[1] "Chunk time = 1.96651810407639"
[1] "Processing draws 15601 to 15700"
[1] "Chunk time = 2.14056067069372"
[1] "Processing draws 15701 to 15800"
[1] "Chunk time = 1.98067781925201"
[1] "Processing draws 15801 to 15900"
[1] "Chunk time = 2.02601486444473"
[1] "Processing draws 15901 to 16000"
[1] "Chunk time = 2.15217211643855"
[1] "Processing draws 16001 to 16100"
[1] "Chunk time = 1.97519371112188"
[1] "Processing draws 16101 to 16200"
[1] "Chunk time = 1.91957652171453"
[1] "Processing draws 16201 to 16300"
[1] "Chunk time = 2.1415048400561"
[1] "Processing draws 16301 to 16400"
[1] "Chunk time = 1.98551895618439"
[1] "Processing draws 16401 to 16500"
[1] "Chunk time = 2.06382807095846"
[1] "Processing draws 16501 to 16600"
[1] "Chunk time = 2.14423985481262"
[1] "Processing draws 16601 to 16700"
[1] "Chunk time = 2.02951953808467"
[1] "Processing draws 16701 to 16800"
[1] "Chunk time = 1.93285341262817"
[1] "Processing draws 16801 to 16900"
[1] "Chunk time = 2.14474918444951"
[1] "Processing draws 16901 to 17000"
[1] "Chunk time = 1.98343288103739"
[1] "Processing draws 17001 to 17100"
[1] "Chunk time = 1.91955841779709"
[1] "Processing draws 17101 to 17200"
[1] "Chunk time = 2.16549854278564"
[1] "Processing draws 17201 to 17300"
[1] "Chunk time = 2.04438089132309"
[1] "Processing draws 17301 to 17400"
[1] "Chunk time = 2.03804750839869"
[1] "Processing draws 17401 to 17500"
[1] "Chunk time = 2.17692079941432"
[1] "Processing draws 17501 to 17600"
[1] "Chunk time = 2.01792235374451"
[1] "Processing draws 17601 to 17700"
[1] "Chunk time = 1.95192633867264"
[1] "Processing draws 17701 to 17800"
[1] "Chunk time = 2.14674659967422"
[1] "Processing draws 17801 to 17900"
[1] "Chunk time = 2.03424345652262"
[1] "Processing draws 17901 to 18000"
[1] "Chunk time = 2.03639042774836"
[1] "Processing draws 18001 to 18100"
[1] "Chunk time = 2.18017235596975"
[1] "Processing draws 18101 to 18200"
[1] "Chunk time = 1.99987643162409"
[1] "Processing draws 18201 to 18300"
[1] "Chunk time = 1.93761619726817"
[1] "Processing draws 18301 to 18400"
[1] "Chunk time = 2.16080239613851"
[1] "Processing draws 18401 to 18500"
[1] "Chunk time = 1.97469889322917"
[1] "Processing draws 18501 to 18600"
[1] "Chunk time = 1.97329511245092"
[1] "Processing draws 18601 to 18700"
[1] "Chunk time = 2.14517034689585"
[1] "Processing draws 18701 to 18800"
[1] "Chunk time = 2.0168058514595"
[1] "Processing draws 18801 to 18900"
[1] "Chunk time = 1.97372562885284"
[1] "Processing draws 18901 to 19000"
[1] "Chunk time = 2.13561789989471"
[1] "Processing draws 19001 to 19100"
[1] "Chunk time = 1.9724215110143"
[1] "Processing draws 19101 to 19200"
[1] "Chunk time = 1.94968155622482"
[1] "Processing draws 19201 to 19300"
[1] "Chunk time = 2.13869450092316"
[1] "Processing draws 19301 to 19400"
[1] "Chunk time = 2.00663048028946"
[1] "Processing draws 19401 to 19500"
[1] "Chunk time = 2.02490487098694"
[1] "Processing draws 19501 to 19600"
[1] "Chunk time = 2.14336247444153"
[1] "Processing draws 19601 to 19700"
[1] "Chunk time = 1.97777770757675"
[1] "Processing draws 19701 to 19800"
[1] "Chunk time = 1.91221695343653"
[1] "Processing draws 19801 to 19900"
[1] "Chunk time = 2.17137885888418"
[1] "Processing draws 19901 to 20000"
[1] "Chunk time = 2.04643705288569"
[1] "done lapplying"
[1] "Saving current params"
[1] "Saving params to output.rds"
[1] TRUE
[1] "Time for modelling:"
[1] "2025-07-03 13:03:04 EDT"
[1] "Time for posterior computations:"
Time difference of 6.826443 hours
[1] "Total time:"
[1] "2025-07-03 19:52:39 EDT"
