[1] "Starting sampling."
Running MCMC with 4 parallel chains, with 4 thread(s) per chain...

Chain 1 Iteration:    1 / 6000 [  0%]  (Warmup) 
Chain 2 Iteration:    1 / 6000 [  0%]  (Warmup) 
Chain 3 Iteration:    1 / 6000 [  0%]  (Warmup) 
Chain 4 Iteration:    1 / 6000 [  0%]  (Warmup) 
Chain 4 Iteration:  100 / 6000 [  1%]  (Warmup) 
Chain 1 Iteration:  100 / 6000 [  1%]  (Warmup) 
Chain 2 Iteration:  100 / 6000 [  1%]  (Warmup) 
Chain 3 Iteration:  100 / 6000 [  1%]  (Warmup) 
Chain 4 Iteration:  200 / 6000 [  3%]  (Warmup) 
Chain 1 Iteration:  200 / 6000 [  3%]  (Warmup) 
Chain 2 Iteration:  200 / 6000 [  3%]  (Warmup) 
Chain 3 Iteration:  200 / 6000 [  3%]  (Warmup) 
Chain 4 Iteration:  300 / 6000 [  5%]  (Warmup) 
Chain 1 Iteration:  300 / 6000 [  5%]  (Warmup) 
Chain 2 Iteration:  300 / 6000 [  5%]  (Warmup) 
Chain 4 Iteration:  400 / 6000 [  6%]  (Warmup) 
Chain 1 Iteration:  400 / 6000 [  6%]  (Warmup) 
Chain 2 Iteration:  400 / 6000 [  6%]  (Warmup) 
Chain 3 Iteration:  300 / 6000 [  5%]  (Warmup) 
Chain 2 Iteration:  500 / 6000 [  8%]  (Warmup) 
Chain 1 Iteration:  500 / 6000 [  8%]  (Warmup) 
Chain 4 Iteration:  500 / 6000 [  8%]  (Warmup) 
Chain 3 Iteration:  400 / 6000 [  6%]  (Warmup) 
Chain 1 Iteration:  600 / 6000 [ 10%]  (Warmup) 
Chain 4 Iteration:  600 / 6000 [ 10%]  (Warmup) 
Chain 2 Iteration:  600 / 6000 [ 10%]  (Warmup) 
Chain 1 Iteration:  700 / 6000 [ 11%]  (Warmup) 
Chain 3 Iteration:  500 / 6000 [  8%]  (Warmup) 
Chain 4 Iteration:  700 / 6000 [ 11%]  (Warmup) 
Chain 2 Iteration:  700 / 6000 [ 11%]  (Warmup) 
Chain 1 Iteration:  800 / 6000 [ 13%]  (Warmup) 
Chain 4 Iteration:  800 / 6000 [ 13%]  (Warmup) 
Chain 2 Iteration:  800 / 6000 [ 13%]  (Warmup) 
Chain 3 Iteration:  600 / 6000 [ 10%]  (Warmup) 
Chain 1 Iteration:  900 / 6000 [ 15%]  (Warmup) 
Chain 4 Iteration:  900 / 6000 [ 15%]  (Warmup) 
Chain 2 Iteration:  900 / 6000 [ 15%]  (Warmup) 
Chain 3 Iteration:  700 / 6000 [ 11%]  (Warmup) 
Chain 1 Iteration: 1000 / 6000 [ 16%]  (Warmup) 
Chain 1 Iteration: 1001 / 6000 [ 16%]  (Sampling) 
Chain 4 Iteration: 1000 / 6000 [ 16%]  (Warmup) 
Chain 4 Iteration: 1001 / 6000 [ 16%]  (Sampling) 
Chain 2 Iteration: 1000 / 6000 [ 16%]  (Warmup) 
Chain 2 Iteration: 1001 / 6000 [ 16%]  (Sampling) 
Chain 1 Iteration: 1100 / 6000 [ 18%]  (Sampling) 
Chain 4 Iteration: 1100 / 6000 [ 18%]  (Sampling) 
Chain 3 Iteration:  800 / 6000 [ 13%]  (Warmup) 
Chain 2 Iteration: 1100 / 6000 [ 18%]  (Sampling) 
Chain 1 Iteration: 1200 / 6000 [ 20%]  (Sampling) 
Chain 4 Iteration: 1200 / 6000 [ 20%]  (Sampling) 
Chain 2 Iteration: 1200 / 6000 [ 20%]  (Sampling) 
Chain 3 Iteration:  900 / 6000 [ 15%]  (Warmup) 
Chain 1 Iteration: 1300 / 6000 [ 21%]  (Sampling) 
Chain 4 Iteration: 1300 / 6000 [ 21%]  (Sampling) 
Chain 2 Iteration: 1300 / 6000 [ 21%]  (Sampling) 
Chain 1 Iteration: 1400 / 6000 [ 23%]  (Sampling) 
Chain 4 Iteration: 1400 / 6000 [ 23%]  (Sampling) 
Chain 3 Iteration: 1000 / 6000 [ 16%]  (Warmup) 
Chain 3 Iteration: 1001 / 6000 [ 16%]  (Sampling) 
Chain 2 Iteration: 1400 / 6000 [ 23%]  (Sampling) 
Chain 1 Iteration: 1500 / 6000 [ 25%]  (Sampling) 
Chain 4 Iteration: 1500 / 6000 [ 25%]  (Sampling) 
Chain 2 Iteration: 1500 / 6000 [ 25%]  (Sampling) 
Chain 3 Iteration: 1100 / 6000 [ 18%]  (Sampling) 
Chain 1 Iteration: 1600 / 6000 [ 26%]  (Sampling) 
Chain 4 Iteration: 1600 / 6000 [ 26%]  (Sampling) 
Chain 2 Iteration: 1600 / 6000 [ 26%]  (Sampling) 
Chain 1 Iteration: 1700 / 6000 [ 28%]  (Sampling) 
Chain 3 Iteration: 1200 / 6000 [ 20%]  (Sampling) 
Chain 4 Iteration: 1700 / 6000 [ 28%]  (Sampling) 
Chain 2 Iteration: 1700 / 6000 [ 28%]  (Sampling) 
Chain 1 Iteration: 1800 / 6000 [ 30%]  (Sampling) 
Chain 4 Iteration: 1800 / 6000 [ 30%]  (Sampling) 
Chain 3 Iteration: 1300 / 6000 [ 21%]  (Sampling) 
Chain 2 Iteration: 1800 / 6000 [ 30%]  (Sampling) 
Chain 1 Iteration: 1900 / 6000 [ 31%]  (Sampling) 
Chain 4 Iteration: 1900 / 6000 [ 31%]  (Sampling) 
Chain 2 Iteration: 1900 / 6000 [ 31%]  (Sampling) 
Chain 3 Iteration: 1400 / 6000 [ 23%]  (Sampling) 
Chain 1 Iteration: 2000 / 6000 [ 33%]  (Sampling) 
Chain 4 Iteration: 2000 / 6000 [ 33%]  (Sampling) 
Chain 2 Iteration: 2000 / 6000 [ 33%]  (Sampling) 
Chain 1 Iteration: 2100 / 6000 [ 35%]  (Sampling) 
Chain 3 Iteration: 1500 / 6000 [ 25%]  (Sampling) 
Chain 4 Iteration: 2100 / 6000 [ 35%]  (Sampling) 
Chain 2 Iteration: 2100 / 6000 [ 35%]  (Sampling) 
Chain 1 Iteration: 2200 / 6000 [ 36%]  (Sampling) 
Chain 4 Iteration: 2200 / 6000 [ 36%]  (Sampling) 
Chain 3 Iteration: 1600 / 6000 [ 26%]  (Sampling) 
Chain 2 Iteration: 2200 / 6000 [ 36%]  (Sampling) 
Chain 1 Iteration: 2300 / 6000 [ 38%]  (Sampling) 
Chain 4 Iteration: 2300 / 6000 [ 38%]  (Sampling) 
Chain 2 Iteration: 2300 / 6000 [ 38%]  (Sampling) 
Chain 3 Iteration: 1700 / 6000 [ 28%]  (Sampling) 
Chain 1 Iteration: 2400 / 6000 [ 40%]  (Sampling) 
Chain 4 Iteration: 2400 / 6000 [ 40%]  (Sampling) 
Chain 2 Iteration: 2400 / 6000 [ 40%]  (Sampling) 
Chain 3 Iteration: 1800 / 6000 [ 30%]  (Sampling) 
Chain 1 Iteration: 2500 / 6000 [ 41%]  (Sampling) 
Chain 4 Iteration: 2500 / 6000 [ 41%]  (Sampling) 
Chain 2 Iteration: 2500 / 6000 [ 41%]  (Sampling) 
Chain 1 Iteration: 2600 / 6000 [ 43%]  (Sampling) 
Chain 4 Iteration: 2600 / 6000 [ 43%]  (Sampling) 
Chain 3 Iteration: 1900 / 6000 [ 31%]  (Sampling) 
Chain 2 Iteration: 2600 / 6000 [ 43%]  (Sampling) 
Chain 1 Iteration: 2700 / 6000 [ 45%]  (Sampling) 
Chain 4 Iteration: 2700 / 6000 [ 45%]  (Sampling) 
Chain 2 Iteration: 2700 / 6000 [ 45%]  (Sampling) 
Chain 3 Iteration: 2000 / 6000 [ 33%]  (Sampling) 
Chain 1 Iteration: 2800 / 6000 [ 46%]  (Sampling) 
Chain 4 Iteration: 2800 / 6000 [ 46%]  (Sampling) 
Chain 2 Iteration: 2800 / 6000 [ 46%]  (Sampling) 
Chain 3 Iteration: 2100 / 6000 [ 35%]  (Sampling) 
Chain 1 Iteration: 2900 / 6000 [ 48%]  (Sampling) 
Chain 4 Iteration: 2900 / 6000 [ 48%]  (Sampling) 
Chain 2 Iteration: 2900 / 6000 [ 48%]  (Sampling) 
Chain 1 Iteration: 3000 / 6000 [ 50%]  (Sampling) 
Chain 4 Iteration: 3000 / 6000 [ 50%]  (Sampling) 
Chain 3 Iteration: 2200 / 6000 [ 36%]  (Sampling) 
Chain 2 Iteration: 3000 / 6000 [ 50%]  (Sampling) 
Chain 1 Iteration: 3100 / 6000 [ 51%]  (Sampling) 
Chain 4 Iteration: 3100 / 6000 [ 51%]  (Sampling) 
Chain 3 Iteration: 2300 / 6000 [ 38%]  (Sampling) 
Chain 2 Iteration: 3100 / 6000 [ 51%]  (Sampling) 
Chain 1 Iteration: 3200 / 6000 [ 53%]  (Sampling) 
Chain 4 Iteration: 3200 / 6000 [ 53%]  (Sampling) 
Chain 2 Iteration: 3200 / 6000 [ 53%]  (Sampling) 
Chain 3 Iteration: 2400 / 6000 [ 40%]  (Sampling) 
Chain 1 Iteration: 3300 / 6000 [ 55%]  (Sampling) 
Chain 4 Iteration: 3300 / 6000 [ 55%]  (Sampling) 
Chain 2 Iteration: 3300 / 6000 [ 55%]  (Sampling) 
Chain 3 Iteration: 2500 / 6000 [ 41%]  (Sampling) 
Chain 1 Iteration: 3400 / 6000 [ 56%]  (Sampling) 
Chain 4 Iteration: 3400 / 6000 [ 56%]  (Sampling) 
Chain 2 Iteration: 3400 / 6000 [ 56%]  (Sampling) 
Chain 3 Iteration: 2600 / 6000 [ 43%]  (Sampling) 
Chain 1 Iteration: 3500 / 6000 [ 58%]  (Sampling) 
Chain 4 Iteration: 3500 / 6000 [ 58%]  (Sampling) 
Chain 2 Iteration: 3500 / 6000 [ 58%]  (Sampling) 
Chain 3 Iteration: 2700 / 6000 [ 45%]  (Sampling) 
Chain 1 Iteration: 3600 / 6000 [ 60%]  (Sampling) 
Chain 4 Iteration: 3600 / 6000 [ 60%]  (Sampling) 
Chain 2 Iteration: 3600 / 6000 [ 60%]  (Sampling) 
Chain 3 Iteration: 2800 / 6000 [ 46%]  (Sampling) 
Chain 1 Iteration: 3700 / 6000 [ 61%]  (Sampling) 
Chain 4 Iteration: 3700 / 6000 [ 61%]  (Sampling) 
Chain 2 Iteration: 3700 / 6000 [ 61%]  (Sampling) 
Chain 1 Iteration: 3800 / 6000 [ 63%]  (Sampling) 
Chain 4 Iteration: 3800 / 6000 [ 63%]  (Sampling) 
Chain 3 Iteration: 2900 / 6000 [ 48%]  (Sampling) 
Chain 2 Iteration: 3800 / 6000 [ 63%]  (Sampling) 
Chain 1 Iteration: 3900 / 6000 [ 65%]  (Sampling) 
Chain 4 Iteration: 3900 / 6000 [ 65%]  (Sampling) 
Chain 3 Iteration: 3000 / 6000 [ 50%]  (Sampling) 
Chain 2 Iteration: 3900 / 6000 [ 65%]  (Sampling) 
Chain 1 Iteration: 4000 / 6000 [ 66%]  (Sampling) 
Chain 4 Iteration: 4000 / 6000 [ 66%]  (Sampling) 
Chain 2 Iteration: 4000 / 6000 [ 66%]  (Sampling) 
Chain 3 Iteration: 3100 / 6000 [ 51%]  (Sampling) 
Chain 1 Iteration: 4100 / 6000 [ 68%]  (Sampling) 
Chain 4 Iteration: 4100 / 6000 [ 68%]  (Sampling) 
Chain 2 Iteration: 4100 / 6000 [ 68%]  (Sampling) 
Chain 3 Iteration: 3200 / 6000 [ 53%]  (Sampling) 
Chain 1 Iteration: 4200 / 6000 [ 70%]  (Sampling) 
Chain 4 Iteration: 4200 / 6000 [ 70%]  (Sampling) 
Chain 3 Iteration: 3300 / 6000 [ 55%]  (Sampling) 
Chain 2 Iteration: 4200 / 6000 [ 70%]  (Sampling) 
Chain 1 Iteration: 4300 / 6000 [ 71%]  (Sampling) 
Chain 4 Iteration: 4300 / 6000 [ 71%]  (Sampling) 
Chain 3 Iteration: 3400 / 6000 [ 56%]  (Sampling) 
Chain 2 Iteration: 4300 / 6000 [ 71%]  (Sampling) 
Chain 1 Iteration: 4400 / 6000 [ 73%]  (Sampling) 
Chain 4 Iteration: 4400 / 6000 [ 73%]  (Sampling) 
Chain 3 Iteration: 3500 / 6000 [ 58%]  (Sampling) 
Chain 2 Iteration: 4400 / 6000 [ 73%]  (Sampling) 
Chain 1 Iteration: 4500 / 6000 [ 75%]  (Sampling) 
Chain 4 Iteration: 4500 / 6000 [ 75%]  (Sampling) 
Chain 3 Iteration: 3600 / 6000 [ 60%]  (Sampling) 
Chain 2 Iteration: 4500 / 6000 [ 75%]  (Sampling) 
Chain 1 Iteration: 4600 / 6000 [ 76%]  (Sampling) 
Chain 4 Iteration: 4600 / 6000 [ 76%]  (Sampling) 
Chain 3 Iteration: 3700 / 6000 [ 61%]  (Sampling) 
Chain 2 Iteration: 4600 / 6000 [ 76%]  (Sampling) 
Chain 1 Iteration: 4700 / 6000 [ 78%]  (Sampling) 
Chain 4 Iteration: 4700 / 6000 [ 78%]  (Sampling) 
Chain 3 Iteration: 3800 / 6000 [ 63%]  (Sampling) 
Chain 2 Iteration: 4700 / 6000 [ 78%]  (Sampling) 
Chain 3 Iteration: 3900 / 6000 [ 65%]  (Sampling) 
Chain 4 Iteration: 4800 / 6000 [ 80%]  (Sampling) 
Chain 1 Iteration: 4800 / 6000 [ 80%]  (Sampling) 
Chain 2 Iteration: 4800 / 6000 [ 80%]  (Sampling) 
Chain 3 Iteration: 4000 / 6000 [ 66%]  (Sampling) 
Chain 4 Iteration: 4900 / 6000 [ 81%]  (Sampling) 
Chain 1 Iteration: 4900 / 6000 [ 81%]  (Sampling) 
Chain 2 Iteration: 4900 / 6000 [ 81%]  (Sampling) 
Chain 3 Iteration: 4100 / 6000 [ 68%]  (Sampling) 
Chain 4 Iteration: 5000 / 6000 [ 83%]  (Sampling) 
Chain 1 Iteration: 5000 / 6000 [ 83%]  (Sampling) 
Chain 2 Iteration: 5000 / 6000 [ 83%]  (Sampling) 
Chain 3 Iteration: 4200 / 6000 [ 70%]  (Sampling) 
Chain 4 Iteration: 5100 / 6000 [ 85%]  (Sampling) 
Chain 1 Iteration: 5100 / 6000 [ 85%]  (Sampling) 
Chain 2 Iteration: 5100 / 6000 [ 85%]  (Sampling) 
Chain 3 Iteration: 4300 / 6000 [ 71%]  (Sampling) 
Chain 4 Iteration: 5200 / 6000 [ 86%]  (Sampling) 
Chain 1 Iteration: 5200 / 6000 [ 86%]  (Sampling) 
Chain 2 Iteration: 5200 / 6000 [ 86%]  (Sampling) 
Chain 3 Iteration: 4400 / 6000 [ 73%]  (Sampling) 
Chain 4 Iteration: 5300 / 6000 [ 88%]  (Sampling) 
Chain 1 Iteration: 5300 / 6000 [ 88%]  (Sampling) 
Chain 2 Iteration: 5300 / 6000 [ 88%]  (Sampling) 
Chain 3 Iteration: 4500 / 6000 [ 75%]  (Sampling) 
Chain 4 Iteration: 5400 / 6000 [ 90%]  (Sampling) 
Chain 1 Iteration: 5400 / 6000 [ 90%]  (Sampling) 
Chain 2 Iteration: 5400 / 6000 [ 90%]  (Sampling) 
Chain 3 Iteration: 4600 / 6000 [ 76%]  (Sampling) 
Chain 4 Iteration: 5500 / 6000 [ 91%]  (Sampling) 
Chain 1 Iteration: 5500 / 6000 [ 91%]  (Sampling) 
Chain 2 Iteration: 5500 / 6000 [ 91%]  (Sampling) 
Chain 3 Iteration: 4700 / 6000 [ 78%]  (Sampling) 
Chain 4 Iteration: 5600 / 6000 [ 93%]  (Sampling) 
Chain 1 Iteration: 5600 / 6000 [ 93%]  (Sampling) 
Chain 2 Iteration: 5600 / 6000 [ 93%]  (Sampling) 
Chain 3 Iteration: 4800 / 6000 [ 80%]  (Sampling) 
Chain 4 Iteration: 5700 / 6000 [ 95%]  (Sampling) 
Chain 1 Iteration: 5700 / 6000 [ 95%]  (Sampling) 
Chain 2 Iteration: 5700 / 6000 [ 95%]  (Sampling) 
Chain 3 Iteration: 4900 / 6000 [ 81%]  (Sampling) 
Chain 4 Iteration: 5800 / 6000 [ 96%]  (Sampling) 
Chain 1 Iteration: 5800 / 6000 [ 96%]  (Sampling) 
Chain 2 Iteration: 5800 / 6000 [ 96%]  (Sampling) 
Chain 3 Iteration: 5000 / 6000 [ 83%]  (Sampling) 
Chain 4 Iteration: 5900 / 6000 [ 98%]  (Sampling) 
Chain 1 Iteration: 5900 / 6000 [ 98%]  (Sampling) 
Chain 2 Iteration: 5900 / 6000 [ 98%]  (Sampling) 
Chain 3 Iteration: 5100 / 6000 [ 85%]  (Sampling) 
Chain 4 Iteration: 6000 / 6000 [100%]  (Sampling) 
Chain 4 finished in 41439.8 seconds.
Chain 1 Iteration: 6000 / 6000 [100%]  (Sampling) 
Chain 1 finished in 41450.7 seconds.
Chain 2 Iteration: 6000 / 6000 [100%]  (Sampling) 
Chain 2 finished in 41686.6 seconds.
Chain 3 Iteration: 5200 / 6000 [ 86%]  (Sampling) 
Chain 3 Iteration: 5300 / 6000 [ 88%]  (Sampling) 
Chain 3 Iteration: 5400 / 6000 [ 90%]  (Sampling) 
Chain 3 Iteration: 5500 / 6000 [ 91%]  (Sampling) 
Chain 3 Iteration: 5600 / 6000 [ 93%]  (Sampling) 
Chain 3 Iteration: 5700 / 6000 [ 95%]  (Sampling) 
Chain 3 Iteration: 5800 / 6000 [ 96%]  (Sampling) 
Chain 3 Iteration: 5900 / 6000 [ 98%]  (Sampling) 
Chain 3 Iteration: 6000 / 6000 [100%]  (Sampling) 
Chain 3 finished in 46111.6 seconds.

All 4 chains finished successfully.
Mean chain execution time: 42672.2 seconds.
Total execution time: 46112.4 seconds.

[1] "Processing draws 1 to 100"
[1] "Chunk time = 3.20575472911199"
[1] "Processing draws 101 to 200"
[1] "Chunk time = 2.34110198815664"
[1] "Processing draws 201 to 300"
[1] "Chunk time = 2.48047640721003"
[1] "Processing draws 301 to 400"
[1] "Chunk time = 2.11648763418198"
[1] "Processing draws 401 to 500"
[1] "Chunk time = 2.05541975498199"
[1] "Processing draws 501 to 600"
[1] "Chunk time = 2.01137907505035"
[1] "Processing draws 601 to 700"
[1] "Chunk time = 2.08790301481883"
[1] "Processing draws 701 to 800"
[1] "Chunk time = 2.1674431125323"
[1] "Processing draws 801 to 900"
[1] "Chunk time = 2.01958371798197"
[1] "Processing draws 901 to 1000"
[1] "Chunk time = 2.12627606789271"
[1] "Processing draws 1001 to 1100"
[1] "Chunk time = 2.04912568330765"
[1] "Processing draws 1101 to 1200"
[1] "Chunk time = 2.07413269281387"
[1] "Processing draws 1201 to 1300"
[1] "Chunk time = 2.1475738008817"
[1] "Processing draws 1301 to 1400"
[1] "Chunk time = 2.07874759435654"
[1] "Processing draws 1401 to 1500"
[1] "Chunk time = 2.06944010655085"
[1] "Processing draws 1501 to 1600"
[1] "Chunk time = 2.11478569110235"
[1] "Processing draws 1601 to 1700"
[1] "Chunk time = 2.07318700949351"
[1] "Processing draws 1701 to 1800"
[1] "Chunk time = 2.04131744702657"
[1] "Processing draws 1801 to 1900"
[1] "Chunk time = 2.05640747944514"
[1] "Processing draws 1901 to 2000"
[1] "Chunk time = 2.05494153102239"
[1] "Processing draws 2001 to 2100"
[1] "Chunk time = 1.98817701339722"
[1] "Processing draws 2101 to 2200"
[1] "Chunk time = 2.10351890722911"
[1] "Processing draws 2201 to 2300"
[1] "Chunk time = 1.97896345456441"
[1] "Processing draws 2301 to 2400"
[1] "Chunk time = 1.98049331108729"
[1] "Processing draws 2401 to 2500"
[1] "Chunk time = 2.08993178606033"
[1] "Processing draws 2501 to 2600"
[1] "Chunk time = 1.98196150859197"
[1] "Processing draws 2601 to 2700"
[1] "Chunk time = 1.98519776662191"
[1] "Processing draws 2701 to 2800"
[1] "Chunk time = 2.09147717555364"
[1] "Processing draws 2801 to 2900"
[1] "Chunk time = 1.97286518017451"
[1] "Processing draws 2901 to 3000"
[1] "Chunk time = 1.94353351195653"
[1] "Processing draws 3001 to 3100"
[1] "Chunk time = 2.09277100165685"
[1] "Processing draws 3101 to 3200"
[1] "Chunk time = 1.96050333182017"
[1] "Processing draws 3201 to 3300"
[1] "Chunk time = 1.9160617907842"
[1] "Processing draws 3301 to 3400"
[1] "Chunk time = 2.19739245971044"
[1] "Processing draws 3401 to 3500"
[1] "Chunk time = 1.93473085959752"
[1] "Processing draws 3501 to 3600"
[1] "Chunk time = 2.01169625123342"
[1] "Processing draws 3601 to 3700"
[1] "Chunk time = 2.07345034281413"
[1] "Processing draws 3701 to 3800"
[1] "Chunk time = 1.94509580930074"
[1] "Processing draws 3801 to 3900"
[1] "Chunk time = 1.95822529792786"
[1] "Processing draws 3901 to 4000"
[1] "Chunk time = 2.08604054450989"
[1] "Processing draws 4001 to 4100"
[1] "Chunk time = 1.9431374112765"
[1] "Processing draws 4101 to 4200"
[1] "Chunk time = 1.96697311004003"
[1] "Processing draws 4201 to 4300"
[1] "Chunk time = 2.12353171110153"
[1] "Processing draws 4301 to 4400"
[1] "Chunk time = 1.92328097422918"
[1] "Processing draws 4401 to 4500"
[1] "Chunk time = 1.89511114358902"
[1] "Processing draws 4501 to 4600"
[1] "Chunk time = 2.05566666523616"
[1] "Processing draws 4601 to 4700"
[1] "Chunk time = 1.94712287187576"
[1] "Processing draws 4701 to 4800"
[1] "Chunk time = 1.9616335272789"
[1] "Processing draws 4801 to 4900"
[1] "Chunk time = 2.07366322676341"
[1] "Processing draws 4901 to 5000"
[1] "Chunk time = 1.92560380299886"
[1] "Processing draws 5001 to 5100"
[1] "Chunk time = 1.95449742078781"
[1] "Processing draws 5101 to 5200"
[1] "Chunk time = 2.06417684157689"
[1] "Processing draws 5201 to 5300"
[1] "Chunk time = 1.96588050127029"
[1] "Processing draws 5301 to 5400"
[1] "Chunk time = 1.94441840251287"
[1] "Processing draws 5401 to 5500"
[1] "Chunk time = 1.97288553714752"
[1] "Processing draws 5501 to 5600"
[1] "Chunk time = 1.95451981226603"
[1] "Processing draws 5601 to 5700"
[1] "Chunk time = 1.93166121641795"
[1] "Processing draws 5701 to 5800"
[1] "Chunk time = 2.0972424308459"
[1] "Processing draws 5801 to 5900"
[1] "Chunk time = 1.95513531366984"
[1] "Processing draws 5901 to 6000"
[1] "Chunk time = 1.94682162205378"
[1] "Processing draws 6001 to 6100"
[1] "Chunk time = 2.05925498803457"
[1] "Processing draws 6101 to 6200"
[1] "Chunk time = 1.97048734823863"
[1] "Processing draws 6201 to 6300"
[1] "Chunk time = 1.89250987768173"
[1] "Processing draws 6301 to 6400"
[1] "Chunk time = 2.07110874255498"
[1] "Processing draws 6401 to 6500"
[1] "Chunk time = 1.92011534372965"
[1] "Processing draws 6501 to 6600"
[1] "Chunk time = 1.93905325333277"
[1] "Processing draws 6601 to 6700"
[1] "Chunk time = 2.0819722811381"
[1] "Processing draws 6701 to 6800"
[1] "Chunk time = 1.96541260480881"
[1] "Processing draws 6801 to 6900"
[1] "Chunk time = 1.93739047845205"
[1] "Processing draws 6901 to 7000"
[1] "Chunk time = 2.0646548072497"
[1] "Processing draws 7001 to 7100"
[1] "Chunk time = 1.96615996758143"
[1] "Processing draws 7101 to 7200"
[1] "Chunk time = 1.92026407718658"
[1] "Processing draws 7201 to 7300"
[1] "Chunk time = 2.09318896134694"
[1] "Processing draws 7301 to 7400"
[1] "Chunk time = 1.9522279659907"
[1] "Processing draws 7401 to 7500"
[1] "Chunk time = 1.91461023886999"
[1] "Processing draws 7501 to 7600"
[1] "Chunk time = 2.08148368994395"
[1] "Processing draws 7601 to 7700"
[1] "Chunk time = 1.97958151102066"
[1] "Processing draws 7701 to 7800"
[1] "Chunk time = 1.8851287206014"
[1] "Processing draws 7801 to 7900"
[1] "Chunk time = 2.03441069126129"
[1] "Processing draws 7901 to 8000"
[1] "Chunk time = 2.00848737557729"
[1] "Processing draws 8001 to 8100"
[1] "Chunk time = 1.95045105616252"
[1] "Processing draws 8101 to 8200"
[1] "Chunk time = 2.08185283740362"
[1] "Processing draws 8201 to 8300"
[1] "Chunk time = 1.98072921037674"
[1] "Processing draws 8301 to 8400"
[1] "Chunk time = 1.90955120722453"
[1] "Processing draws 8401 to 8500"
[1] "Chunk time = 2.07193683783213"
[1] "Processing draws 8501 to 8600"
[1] "Chunk time = 1.95840010643005"
[1] "Processing draws 8601 to 8700"
[1] "Chunk time = 1.95431595643361"
[1] "Processing draws 8701 to 8800"
[1] "Chunk time = 2.09780172904332"
[1] "Processing draws 8801 to 8900"
[1] "Chunk time = 1.99059877792994"
[1] "Processing draws 8901 to 9000"
[1] "Chunk time = 2.01182066202164"
[1] "Processing draws 9001 to 9100"
[1] "Chunk time = 2.12393916050593"
[1] "Processing draws 9101 to 9200"
[1] "Chunk time = 1.99659573237101"
[1] "Processing draws 9201 to 9300"
[1] "Chunk time = 1.94191033840179"
[1] "Processing draws 9301 to 9400"
[1] "Chunk time = 2.14627992312113"
[1] "Processing draws 9401 to 9500"
[1] "Chunk time = 2.0147775053978"
[1] "Processing draws 9501 to 9600"
[1] "Chunk time = 1.96025446653366"
[1] "Processing draws 9601 to 9700"
[1] "Chunk time = 2.12243909041087"
[1] "Processing draws 9701 to 9800"
[1] "Chunk time = 1.9827112754186"
[1] "Processing draws 9801 to 9900"
[1] "Chunk time = 1.90831717650096"
[1] "Processing draws 9901 to 10000"
[1] "Chunk time = 2.12721082369487"
[1] "Processing draws 10001 to 10100"
[1] "Chunk time = 1.95525763829549"
[1] "Processing draws 10101 to 10200"
[1] "Chunk time = 2.03219010829926"
[1] "Processing draws 10201 to 10300"
[1] "Chunk time = 2.13061180909475"
[1] "Processing draws 10301 to 10400"
[1] "Chunk time = 2.03729472557704"
[1] "Processing draws 10401 to 10500"
[1] "Chunk time = 1.93977560997009"
[1] "Processing draws 10501 to 10600"
[1] "Chunk time = 2.04677860339483"
[1] "Processing draws 10601 to 10700"
[1] "Chunk time = 1.9987655043602"
[1] "Processing draws 10701 to 10800"
[1] "Chunk time = 1.9434466679891"
[1] "Processing draws 10801 to 10900"
[1] "Chunk time = 2.1241045276324"
[1] "Processing draws 10901 to 11000"
[1] "Chunk time = 1.97624425888062"
[1] "Processing draws 11001 to 11100"
[1] "Chunk time = 1.9729608853658"
[1] "Processing draws 11101 to 11200"
[1] "Chunk time = 2.12448613643646"
[1] "Processing draws 11201 to 11300"
[1] "Chunk time = 1.96063630580902"
[1] "Processing draws 11301 to 11400"
[1] "Chunk time = 1.99041446050008"
[1] "Processing draws 11401 to 11500"
[1] "Chunk time = 2.11136986017227"
[1] "Processing draws 11501 to 11600"
[1] "Chunk time = 2.04539200862249"
[1] "Processing draws 11601 to 11700"
[1] "Chunk time = 1.91077832778295"
[1] "Processing draws 11701 to 11800"
[1] "Chunk time = 2.10540167093277"
[1] "Processing draws 11801 to 11900"
[1] "Chunk time = 1.96241141557693"
[1] "Processing draws 11901 to 12000"
[1] "Chunk time = 1.9584793249766"
[1] "Processing draws 12001 to 12100"
[1] "Chunk time = 2.06515168348948"
[1] "Processing draws 12101 to 12200"
[1] "Chunk time = 1.95567469199499"
[1] "Processing draws 12201 to 12300"
[1] "Chunk time = 1.98187372287114"
[1] "Processing draws 12301 to 12400"
[1] "Chunk time = 2.0966649333636"
[1] "Processing draws 12401 to 12500"
[1] "Chunk time = 1.97465487718582"
[1] "Processing draws 12501 to 12600"
[1] "Chunk time = 2.00091647307078"
[1] "Processing draws 12601 to 12700"
[1] "Chunk time = 2.1249406337738"
[1] "Processing draws 12701 to 12800"
[1] "Chunk time = 1.96374161640803"
[1] "Processing draws 12801 to 12900"
[1] "Chunk time = 1.91826760371526"
[1] "Processing draws 12901 to 13000"
[1] "Chunk time = 2.10620494286219"
[1] "Processing draws 13001 to 13100"
[1] "Chunk time = 1.96042450666428"
[1] "Processing draws 13101 to 13200"
[1] "Chunk time = 2.02915384372075"
[1] "Processing draws 13201 to 13300"
[1] "Chunk time = 2.14166384935379"
[1] "Processing draws 13301 to 13400"
[1] "Chunk time = 2.00958899656932"
[1] "Processing draws 13401 to 13500"
[1] "Chunk time = 1.9502192457517"
[1] "Processing draws 13501 to 13600"
[1] "Chunk time = 2.11215664148331"
[1] "Processing draws 13601 to 13700"
[1] "Chunk time = 2.00804075400035"
[1] "Processing draws 13701 to 13800"
[1] "Chunk time = 1.97277247508367"
[1] "Processing draws 13801 to 13900"
[1] "Chunk time = 2.12571305831273"
[1] "Processing draws 13901 to 14000"
[1] "Chunk time = 1.98709299564362"
[1] "Processing draws 14001 to 14100"
[1] "Chunk time = 1.94304200808207"
[1] "Processing draws 14101 to 14200"
[1] "Chunk time = 2.10415618419647"
[1] "Processing draws 14201 to 14300"
[1] "Chunk time = 1.96420982678731"
[1] "Processing draws 14301 to 14400"
[1] "Chunk time = 2.02917841275533"
[1] "Processing draws 14401 to 14500"
[1] "Chunk time = 2.13037097851435"
[1] "Processing draws 14501 to 14600"
[1] "Chunk time = 1.98357036908468"
[1] "Processing draws 14601 to 14700"
[1] "Chunk time = 1.95782011349996"
[1] "Processing draws 14701 to 14800"
[1] "Chunk time = 2.11209976673126"
[1] "Processing draws 14801 to 14900"
[1] "Chunk time = 1.95171988010406"
[1] "Processing draws 14901 to 15000"
[1] "Chunk time = 1.95293556849162"
[1] "Processing draws 15001 to 15100"
[1] "Chunk time = 2.10363495747248"
[1] "Processing draws 15101 to 15200"
[1] "Chunk time = 2.05026336113612"
[1] "Processing draws 15201 to 15300"
[1] "Chunk time = 1.98992534478505"
[1] "Processing draws 15301 to 15400"
[1] "Chunk time = 2.1058748404185"
[1] "Processing draws 15401 to 15500"
[1] "Chunk time = 1.99284700552622"
[1] "Processing draws 15501 to 15600"
[1] "Chunk time = 1.99286856253942"
[1] "Processing draws 15601 to 15700"
[1] "Chunk time = 2.09948677619298"
[1] "Processing draws 15701 to 15800"
[1] "Chunk time = 2.00263352394104"
[1] "Processing draws 15801 to 15900"
[1] "Chunk time = 1.95665903091431"
[1] "Processing draws 15901 to 16000"
[1] "Chunk time = 2.10340076287587"
[1] "Processing draws 16001 to 16100"
[1] "Chunk time = 1.94927504062653"
[1] "Processing draws 16101 to 16200"
[1] "Chunk time = 2.00195406277974"
[1] "Processing draws 16201 to 16300"
[1] "Chunk time = 2.09074767033259"
[1] "Processing draws 16301 to 16400"
[1] "Chunk time = 2.02494065364202"
[1] "Processing draws 16401 to 16500"
[1] "Chunk time = 1.90950640439987"
[1] "Processing draws 16501 to 16600"
[1] "Chunk time = 2.09805685281754"
[1] "Processing draws 16601 to 16700"
[1] "Chunk time = 1.96039677063624"
[1] "Processing draws 16701 to 16800"
[1] "Chunk time = 1.97968744039536"
[1] "Processing draws 16801 to 16900"
[1] "Chunk time = 2.09627220630646"
[1] "Processing draws 16901 to 17000"
[1] "Chunk time = 2.01194094022115"
[1] "Processing draws 17001 to 17100"
[1] "Chunk time = 1.95019382635752"
[1] "Processing draws 17101 to 17200"
[1] "Chunk time = 2.12610795895259"
[1] "Processing draws 17201 to 17300"
[1] "Chunk time = 1.97986900011698"
[1] "Processing draws 17301 to 17400"
[1] "Chunk time = 1.99288260142008"
[1] "Processing draws 17401 to 17500"
[1] "Chunk time = 2.09251886606216"
[1] "Processing draws 17501 to 17600"
[1] "Chunk time = 1.95723107258479"
[1] "Processing draws 17601 to 17700"
[1] "Chunk time = 1.98008367617925"
[1] "Processing draws 17701 to 17800"
[1] "Chunk time = 2.11278938452403"
[1] "Processing draws 17801 to 17900"
[1] "Chunk time = 2.00272793769836"
[1] "Processing draws 17901 to 18000"
[1] "Chunk time = 1.959272813797"
[1] "Processing draws 18001 to 18100"
[1] "Chunk time = 2.10556885401408"
[1] "Processing draws 18101 to 18200"
[1] "Chunk time = 2.01854886213938"
[1] "Processing draws 18201 to 18300"
[1] "Chunk time = 2.16068646510442"
[1] "Processing draws 18301 to 18400"
[1] "Chunk time = 2.11789999405543"
[1] "Processing draws 18401 to 18500"
[1] "Chunk time = 1.98617157936096"
[1] "Processing draws 18501 to 18600"
[1] "Chunk time = 2.00979621013006"
[1] "Processing draws 18601 to 18700"
[1] "Chunk time = 2.07400962511698"
[1] "Processing draws 18701 to 18800"
[1] "Chunk time = 1.9596639474233"
[1] "Processing draws 18801 to 18900"
[1] "Chunk time = 1.9349930524826"
[1] "Processing draws 18901 to 19000"
[1] "Chunk time = 2.06457113822301"
[1] "Processing draws 19001 to 19100"
[1] "Chunk time = 2.09188917477926"
[1] "Processing draws 19101 to 19200"
[1] "Chunk time = 2.00192255973816"
[1] "Processing draws 19201 to 19300"
[1] "Chunk time = 2.06826167503993"
[1] "Processing draws 19301 to 19400"
[1] "Chunk time = 1.95287458101908"
[1] "Processing draws 19401 to 19500"
[1] "Chunk time = 2.00651727120082"
[1] "Processing draws 19501 to 19600"
[1] "Chunk time = 2.14530755281448"
[1] "Processing draws 19601 to 19700"
[1] "Chunk time = 1.96449283758799"
[1] "Processing draws 19701 to 19800"
[1] "Chunk time = 1.97762053410212"
[1] "Processing draws 19801 to 19900"
[1] "Chunk time = 2.09618372519811"
[1] "Processing draws 19901 to 20000"
[1] "Chunk time = 1.9847772638003"
[1] "done lapplying"
[1] "Saving current params"
[1] "Saving params to output.rds"
[1] TRUE
[1] "Time for modelling:"
[1] "2025-07-02 08:36:28 EDT"
[1] "Time for posterior computations:"
Time difference of 6.781127 hours
[1] "Total time:"
[1] "2025-07-02 15:23:20 EDT"
