[1] "Starting sampling."
Running MCMC with 4 parallel chains, with 4 thread(s) per chain...

Chain 1 Iteration:    1 / 6000 [  0%]  (Warmup) 
Chain 2 Iteration:    1 / 6000 [  0%]  (Warmup) 
Chain 3 Iteration:    1 / 6000 [  0%]  (Warmup) 
Chain 4 Iteration:    1 / 6000 [  0%]  (Warmup) 
Chain 3 Iteration:  100 / 6000 [  1%]  (Warmup) 
Chain 2 Iteration:  100 / 6000 [  1%]  (Warmup) 
Chain 1 Iteration:  100 / 6000 [  1%]  (Warmup) 
Chain 4 Iteration:  100 / 6000 [  1%]  (Warmup) 
Chain 3 Iteration:  200 / 6000 [  3%]  (Warmup) 
Chain 2 Iteration:  200 / 6000 [  3%]  (Warmup) 
Chain 1 Iteration:  200 / 6000 [  3%]  (Warmup) 
Chain 4 Iteration:  200 / 6000 [  3%]  (Warmup) 
Chain 3 Iteration:  300 / 6000 [  5%]  (Warmup) 
Chain 2 Iteration:  300 / 6000 [  5%]  (Warmup) 
Chain 1 Iteration:  300 / 6000 [  5%]  (Warmup) 
Chain 4 Iteration:  300 / 6000 [  5%]  (Warmup) 
Chain 3 Iteration:  400 / 6000 [  6%]  (Warmup) 
Chain 2 Iteration:  400 / 6000 [  6%]  (Warmup) 
Chain 1 Iteration:  400 / 6000 [  6%]  (Warmup) 
Chain 4 Iteration:  400 / 6000 [  6%]  (Warmup) 
Chain 3 Iteration:  500 / 6000 [  8%]  (Warmup) 
Chain 2 Iteration:  500 / 6000 [  8%]  (Warmup) 
Chain 1 Iteration:  500 / 6000 [  8%]  (Warmup) 
Chain 4 Iteration:  500 / 6000 [  8%]  (Warmup) 
Chain 3 Iteration:  600 / 6000 [ 10%]  (Warmup) 
Chain 2 Iteration:  600 / 6000 [ 10%]  (Warmup) 
Chain 1 Iteration:  600 / 6000 [ 10%]  (Warmup) 
Chain 4 Iteration:  600 / 6000 [ 10%]  (Warmup) 
Chain 3 Iteration:  700 / 6000 [ 11%]  (Warmup) 
Chain 2 Iteration:  700 / 6000 [ 11%]  (Warmup) 
Chain 1 Iteration:  700 / 6000 [ 11%]  (Warmup) 
Chain 4 Iteration:  700 / 6000 [ 11%]  (Warmup) 
Chain 3 Iteration:  800 / 6000 [ 13%]  (Warmup) 
Chain 2 Iteration:  800 / 6000 [ 13%]  (Warmup) 
Chain 1 Iteration:  800 / 6000 [ 13%]  (Warmup) 
Chain 4 Iteration:  800 / 6000 [ 13%]  (Warmup) 
Chain 3 Iteration:  900 / 6000 [ 15%]  (Warmup) 
Chain 2 Iteration:  900 / 6000 [ 15%]  (Warmup) 
Chain 1 Iteration:  900 / 6000 [ 15%]  (Warmup) 
Chain 4 Iteration:  900 / 6000 [ 15%]  (Warmup) 
Chain 3 Iteration: 1000 / 6000 [ 16%]  (Warmup) 
Chain 3 Iteration: 1001 / 6000 [ 16%]  (Sampling) 
Chain 2 Iteration: 1000 / 6000 [ 16%]  (Warmup) 
Chain 2 Iteration: 1001 / 6000 [ 16%]  (Sampling) 
Chain 1 Iteration: 1000 / 6000 [ 16%]  (Warmup) 
Chain 1 Iteration: 1001 / 6000 [ 16%]  (Sampling) 
Chain 4 Iteration: 1000 / 6000 [ 16%]  (Warmup) 
Chain 4 Iteration: 1001 / 6000 [ 16%]  (Sampling) 
Chain 3 Iteration: 1100 / 6000 [ 18%]  (Sampling) 
Chain 2 Iteration: 1100 / 6000 [ 18%]  (Sampling) 
Chain 1 Iteration: 1100 / 6000 [ 18%]  (Sampling) 
Chain 4 Iteration: 1100 / 6000 [ 18%]  (Sampling) 
Chain 3 Iteration: 1200 / 6000 [ 20%]  (Sampling) 
Chain 2 Iteration: 1200 / 6000 [ 20%]  (Sampling) 
Chain 1 Iteration: 1200 / 6000 [ 20%]  (Sampling) 
Chain 4 Iteration: 1200 / 6000 [ 20%]  (Sampling) 
Chain 3 Iteration: 1300 / 6000 [ 21%]  (Sampling) 
Chain 2 Iteration: 1300 / 6000 [ 21%]  (Sampling) 
Chain 1 Iteration: 1300 / 6000 [ 21%]  (Sampling) 
Chain 4 Iteration: 1300 / 6000 [ 21%]  (Sampling) 
Chain 3 Iteration: 1400 / 6000 [ 23%]  (Sampling) 
Chain 2 Iteration: 1400 / 6000 [ 23%]  (Sampling) 
Chain 1 Iteration: 1400 / 6000 [ 23%]  (Sampling) 
Chain 4 Iteration: 1400 / 6000 [ 23%]  (Sampling) 
Chain 3 Iteration: 1500 / 6000 [ 25%]  (Sampling) 
Chain 2 Iteration: 1500 / 6000 [ 25%]  (Sampling) 
Chain 1 Iteration: 1500 / 6000 [ 25%]  (Sampling) 
Chain 4 Iteration: 1500 / 6000 [ 25%]  (Sampling) 
Chain 3 Iteration: 1600 / 6000 [ 26%]  (Sampling) 
Chain 2 Iteration: 1600 / 6000 [ 26%]  (Sampling) 
Chain 1 Iteration: 1600 / 6000 [ 26%]  (Sampling) 
Chain 4 Iteration: 1600 / 6000 [ 26%]  (Sampling) 
Chain 3 Iteration: 1700 / 6000 [ 28%]  (Sampling) 
Chain 2 Iteration: 1700 / 6000 [ 28%]  (Sampling) 
Chain 1 Iteration: 1700 / 6000 [ 28%]  (Sampling) 
Chain 4 Iteration: 1700 / 6000 [ 28%]  (Sampling) 
Chain 3 Iteration: 1800 / 6000 [ 30%]  (Sampling) 
Chain 2 Iteration: 1800 / 6000 [ 30%]  (Sampling) 
Chain 1 Iteration: 1800 / 6000 [ 30%]  (Sampling) 
Chain 4 Iteration: 1800 / 6000 [ 30%]  (Sampling) 
Chain 3 Iteration: 1900 / 6000 [ 31%]  (Sampling) 
Chain 2 Iteration: 1900 / 6000 [ 31%]  (Sampling) 
Chain 1 Iteration: 1900 / 6000 [ 31%]  (Sampling) 
Chain 4 Iteration: 1900 / 6000 [ 31%]  (Sampling) 
Chain 3 Iteration: 2000 / 6000 [ 33%]  (Sampling) 
Chain 2 Iteration: 2000 / 6000 [ 33%]  (Sampling) 
Chain 1 Iteration: 2000 / 6000 [ 33%]  (Sampling) 
Chain 4 Iteration: 2000 / 6000 [ 33%]  (Sampling) 
Chain 3 Iteration: 2100 / 6000 [ 35%]  (Sampling) 
Chain 2 Iteration: 2100 / 6000 [ 35%]  (Sampling) 
Chain 1 Iteration: 2100 / 6000 [ 35%]  (Sampling) 
Chain 4 Iteration: 2100 / 6000 [ 35%]  (Sampling) 
Chain 3 Iteration: 2200 / 6000 [ 36%]  (Sampling) 
Chain 1 Iteration: 2200 / 6000 [ 36%]  (Sampling) 
Chain 2 Iteration: 2200 / 6000 [ 36%]  (Sampling) 
Chain 4 Iteration: 2200 / 6000 [ 36%]  (Sampling) 
Chain 3 Iteration: 2300 / 6000 [ 38%]  (Sampling) 
Chain 1 Iteration: 2300 / 6000 [ 38%]  (Sampling) 
Chain 2 Iteration: 2300 / 6000 [ 38%]  (Sampling) 
Chain 4 Iteration: 2300 / 6000 [ 38%]  (Sampling) 
Chain 3 Iteration: 2400 / 6000 [ 40%]  (Sampling) 
Chain 1 Iteration: 2400 / 6000 [ 40%]  (Sampling) 
Chain 2 Iteration: 2400 / 6000 [ 40%]  (Sampling) 
Chain 4 Iteration: 2400 / 6000 [ 40%]  (Sampling) 
Chain 3 Iteration: 2500 / 6000 [ 41%]  (Sampling) 
Chain 1 Iteration: 2500 / 6000 [ 41%]  (Sampling) 
Chain 2 Iteration: 2500 / 6000 [ 41%]  (Sampling) 
Chain 4 Iteration: 2500 / 6000 [ 41%]  (Sampling) 
Chain 3 Iteration: 2600 / 6000 [ 43%]  (Sampling) 
Chain 1 Iteration: 2600 / 6000 [ 43%]  (Sampling) 
Chain 2 Iteration: 2600 / 6000 [ 43%]  (Sampling) 
Chain 4 Iteration: 2600 / 6000 [ 43%]  (Sampling) 
Chain 3 Iteration: 2700 / 6000 [ 45%]  (Sampling) 
Chain 1 Iteration: 2700 / 6000 [ 45%]  (Sampling) 
Chain 2 Iteration: 2700 / 6000 [ 45%]  (Sampling) 
Chain 4 Iteration: 2700 / 6000 [ 45%]  (Sampling) 
Chain 3 Iteration: 2800 / 6000 [ 46%]  (Sampling) 
Chain 1 Iteration: 2800 / 6000 [ 46%]  (Sampling) 
Chain 2 Iteration: 2800 / 6000 [ 46%]  (Sampling) 
Chain 4 Iteration: 2800 / 6000 [ 46%]  (Sampling) 
Chain 3 Iteration: 2900 / 6000 [ 48%]  (Sampling) 
Chain 1 Iteration: 2900 / 6000 [ 48%]  (Sampling) 
Chain 2 Iteration: 2900 / 6000 [ 48%]  (Sampling) 
Chain 4 Iteration: 2900 / 6000 [ 48%]  (Sampling) 
Chain 3 Iteration: 3000 / 6000 [ 50%]  (Sampling) 
Chain 1 Iteration: 3000 / 6000 [ 50%]  (Sampling) 
Chain 2 Iteration: 3000 / 6000 [ 50%]  (Sampling) 
Chain 4 Iteration: 3000 / 6000 [ 50%]  (Sampling) 
Chain 3 Iteration: 3100 / 6000 [ 51%]  (Sampling) 
Chain 1 Iteration: 3100 / 6000 [ 51%]  (Sampling) 
Chain 2 Iteration: 3100 / 6000 [ 51%]  (Sampling) 
Chain 4 Iteration: 3100 / 6000 [ 51%]  (Sampling) 
Chain 3 Iteration: 3200 / 6000 [ 53%]  (Sampling) 
Chain 1 Iteration: 3200 / 6000 [ 53%]  (Sampling) 
Chain 2 Iteration: 3200 / 6000 [ 53%]  (Sampling) 
Chain 4 Iteration: 3200 / 6000 [ 53%]  (Sampling) 
Chain 3 Iteration: 3300 / 6000 [ 55%]  (Sampling) 
Chain 1 Iteration: 3300 / 6000 [ 55%]  (Sampling) 
Chain 2 Iteration: 3300 / 6000 [ 55%]  (Sampling) 
Chain 4 Iteration: 3300 / 6000 [ 55%]  (Sampling) 
Chain 3 Iteration: 3400 / 6000 [ 56%]  (Sampling) 
Chain 1 Iteration: 3400 / 6000 [ 56%]  (Sampling) 
Chain 2 Iteration: 3400 / 6000 [ 56%]  (Sampling) 
Chain 4 Iteration: 3400 / 6000 [ 56%]  (Sampling) 
Chain 3 Iteration: 3500 / 6000 [ 58%]  (Sampling) 
Chain 1 Iteration: 3500 / 6000 [ 58%]  (Sampling) 
Chain 2 Iteration: 3500 / 6000 [ 58%]  (Sampling) 
Chain 4 Iteration: 3500 / 6000 [ 58%]  (Sampling) 
Chain 3 Iteration: 3600 / 6000 [ 60%]  (Sampling) 
Chain 1 Iteration: 3600 / 6000 [ 60%]  (Sampling) 
Chain 2 Iteration: 3600 / 6000 [ 60%]  (Sampling) 
Chain 4 Iteration: 3600 / 6000 [ 60%]  (Sampling) 
Chain 3 Iteration: 3700 / 6000 [ 61%]  (Sampling) 
Chain 1 Iteration: 3700 / 6000 [ 61%]  (Sampling) 
Chain 2 Iteration: 3700 / 6000 [ 61%]  (Sampling) 
Chain 4 Iteration: 3700 / 6000 [ 61%]  (Sampling) 
Chain 3 Iteration: 3800 / 6000 [ 63%]  (Sampling) 
Chain 1 Iteration: 3800 / 6000 [ 63%]  (Sampling) 
Chain 2 Iteration: 3800 / 6000 [ 63%]  (Sampling) 
Chain 4 Iteration: 3800 / 6000 [ 63%]  (Sampling) 
Chain 3 Iteration: 3900 / 6000 [ 65%]  (Sampling) 
Chain 1 Iteration: 3900 / 6000 [ 65%]  (Sampling) 
Chain 2 Iteration: 3900 / 6000 [ 65%]  (Sampling) 
Chain 4 Iteration: 3900 / 6000 [ 65%]  (Sampling) 
Chain 3 Iteration: 4000 / 6000 [ 66%]  (Sampling) 
Chain 1 Iteration: 4000 / 6000 [ 66%]  (Sampling) 
Chain 2 Iteration: 4000 / 6000 [ 66%]  (Sampling) 
Chain 4 Iteration: 4000 / 6000 [ 66%]  (Sampling) 
Chain 3 Iteration: 4100 / 6000 [ 68%]  (Sampling) 
Chain 1 Iteration: 4100 / 6000 [ 68%]  (Sampling) 
Chain 2 Iteration: 4100 / 6000 [ 68%]  (Sampling) 
Chain 4 Iteration: 4100 / 6000 [ 68%]  (Sampling) 
Chain 3 Iteration: 4200 / 6000 [ 70%]  (Sampling) 
Chain 1 Iteration: 4200 / 6000 [ 70%]  (Sampling) 
Chain 2 Iteration: 4200 / 6000 [ 70%]  (Sampling) 
Chain 4 Iteration: 4200 / 6000 [ 70%]  (Sampling) 
Chain 3 Iteration: 4300 / 6000 [ 71%]  (Sampling) 
Chain 1 Iteration: 4300 / 6000 [ 71%]  (Sampling) 
Chain 2 Iteration: 4300 / 6000 [ 71%]  (Sampling) 
Chain 4 Iteration: 4300 / 6000 [ 71%]  (Sampling) 
Chain 3 Iteration: 4400 / 6000 [ 73%]  (Sampling) 
Chain 1 Iteration: 4400 / 6000 [ 73%]  (Sampling) 
Chain 2 Iteration: 4400 / 6000 [ 73%]  (Sampling) 
Chain 4 Iteration: 4400 / 6000 [ 73%]  (Sampling) 
Chain 3 Iteration: 4500 / 6000 [ 75%]  (Sampling) 
Chain 1 Iteration: 4500 / 6000 [ 75%]  (Sampling) 
Chain 2 Iteration: 4500 / 6000 [ 75%]  (Sampling) 
Chain 3 Iteration: 4600 / 6000 [ 76%]  (Sampling) 
Chain 4 Iteration: 4500 / 6000 [ 75%]  (Sampling) 
Chain 1 Iteration: 4600 / 6000 [ 76%]  (Sampling) 
Chain 2 Iteration: 4600 / 6000 [ 76%]  (Sampling) 
Chain 4 Iteration: 4600 / 6000 [ 76%]  (Sampling) 
Chain 3 Iteration: 4700 / 6000 [ 78%]  (Sampling) 
Chain 1 Iteration: 4700 / 6000 [ 78%]  (Sampling) 
Chain 2 Iteration: 4700 / 6000 [ 78%]  (Sampling) 
Chain 3 Iteration: 4800 / 6000 [ 80%]  (Sampling) 
Chain 4 Iteration: 4700 / 6000 [ 78%]  (Sampling) 
Chain 1 Iteration: 4800 / 6000 [ 80%]  (Sampling) 
Chain 2 Iteration: 4800 / 6000 [ 80%]  (Sampling) 
Chain 3 Iteration: 4900 / 6000 [ 81%]  (Sampling) 
Chain 4 Iteration: 4800 / 6000 [ 80%]  (Sampling) 
Chain 1 Iteration: 4900 / 6000 [ 81%]  (Sampling) 
Chain 2 Iteration: 4900 / 6000 [ 81%]  (Sampling) 
Chain 3 Iteration: 5000 / 6000 [ 83%]  (Sampling) 
Chain 4 Iteration: 4900 / 6000 [ 81%]  (Sampling) 
Chain 1 Iteration: 5000 / 6000 [ 83%]  (Sampling) 
Chain 2 Iteration: 5000 / 6000 [ 83%]  (Sampling) 
Chain 3 Iteration: 5100 / 6000 [ 85%]  (Sampling) 
Chain 4 Iteration: 5000 / 6000 [ 83%]  (Sampling) 
Chain 1 Iteration: 5100 / 6000 [ 85%]  (Sampling) 
Chain 2 Iteration: 5100 / 6000 [ 85%]  (Sampling) 
Chain 3 Iteration: 5200 / 6000 [ 86%]  (Sampling) 
Chain 4 Iteration: 5100 / 6000 [ 85%]  (Sampling) 
Chain 1 Iteration: 5200 / 6000 [ 86%]  (Sampling) 
Chain 2 Iteration: 5200 / 6000 [ 86%]  (Sampling) 
Chain 4 Iteration: 5200 / 6000 [ 86%]  (Sampling) 
Chain 3 Iteration: 5300 / 6000 [ 88%]  (Sampling) 
Chain 1 Iteration: 5300 / 6000 [ 88%]  (Sampling) 
Chain 2 Iteration: 5300 / 6000 [ 88%]  (Sampling) 
Chain 3 Iteration: 5400 / 6000 [ 90%]  (Sampling) 
Chain 4 Iteration: 5300 / 6000 [ 88%]  (Sampling) 
Chain 1 Iteration: 5400 / 6000 [ 90%]  (Sampling) 
Chain 2 Iteration: 5400 / 6000 [ 90%]  (Sampling) 
Chain 3 Iteration: 5500 / 6000 [ 91%]  (Sampling) 
Chain 4 Iteration: 5400 / 6000 [ 90%]  (Sampling) 
Chain 1 Iteration: 5500 / 6000 [ 91%]  (Sampling) 
Chain 2 Iteration: 5500 / 6000 [ 91%]  (Sampling) 
Chain 3 Iteration: 5600 / 6000 [ 93%]  (Sampling) 
Chain 4 Iteration: 5500 / 6000 [ 91%]  (Sampling) 
Chain 1 Iteration: 5600 / 6000 [ 93%]  (Sampling) 
Chain 2 Iteration: 5600 / 6000 [ 93%]  (Sampling) 
Chain 3 Iteration: 5700 / 6000 [ 95%]  (Sampling) 
Chain 4 Iteration: 5600 / 6000 [ 93%]  (Sampling) 
Chain 1 Iteration: 5700 / 6000 [ 95%]  (Sampling) 
Chain 2 Iteration: 5700 / 6000 [ 95%]  (Sampling) 
Chain 3 Iteration: 5800 / 6000 [ 96%]  (Sampling) 
Chain 4 Iteration: 5700 / 6000 [ 95%]  (Sampling) 
Chain 1 Iteration: 5800 / 6000 [ 96%]  (Sampling) 
Chain 2 Iteration: 5800 / 6000 [ 96%]  (Sampling) 
Chain 3 Iteration: 5900 / 6000 [ 98%]  (Sampling) 
Chain 4 Iteration: 5800 / 6000 [ 96%]  (Sampling) 
Chain 2 Iteration: 5900 / 6000 [ 98%]  (Sampling) 
Chain 1 Iteration: 5900 / 6000 [ 98%]  (Sampling) 
Chain 3 Iteration: 6000 / 6000 [100%]  (Sampling) 
Chain 3 finished in 1379.6 seconds.
Chain 4 Iteration: 5900 / 6000 [ 98%]  (Sampling) 
Chain 1 Iteration: 6000 / 6000 [100%]  (Sampling) 
Chain 2 Iteration: 6000 / 6000 [100%]  (Sampling) 
Chain 1 finished in 1392.4 seconds.
Chain 2 finished in 1392.4 seconds.
Chain 4 Iteration: 6000 / 6000 [100%]  (Sampling) 
Chain 4 finished in 1401.6 seconds.

All 4 chains finished successfully.
Mean chain execution time: 1391.5 seconds.
Total execution time: 1401.8 seconds.

[1] "Processing draws 1 to 100"
[1] "Chunk time = 39.1936423778534"
[1] "Processing draws 101 to 200"
[1] "Chunk time = 14.1788897514343"
[1] "Processing draws 201 to 300"
[1] "Chunk time = 13.5260581970215"
[1] "Processing draws 301 to 400"
[1] "Chunk time = 13.5003032684326"
[1] "Processing draws 401 to 500"
[1] "Chunk time = 13.9585156440735"
[1] "Processing draws 501 to 600"
[1] "Chunk time = 13.5310790538788"
[1] "Processing draws 601 to 700"
[1] "Chunk time = 13.3366537094116"
[1] "Processing draws 701 to 800"
[1] "Chunk time = 13.735826253891"
[1] "Processing draws 801 to 900"
[1] "Chunk time = 13.5251176357269"
[1] "Processing draws 901 to 1000"
[1] "Chunk time = 13.5727128982544"
[1] "Processing draws 1001 to 1100"
[1] "Chunk time = 13.5151658058167"
[1] "Processing draws 1101 to 1200"
[1] "Chunk time = 13.622793674469"
[1] "Processing draws 1201 to 1300"
[1] "Chunk time = 13.4325079917908"
[1] "Processing draws 1301 to 1400"
[1] "Chunk time = 13.3795704841614"
[1] "Processing draws 1401 to 1500"
[1] "Chunk time = 13.6228630542755"
[1] "Processing draws 1501 to 1600"
[1] "Chunk time = 13.6351854801178"
[1] "Processing draws 1601 to 1700"
[1] "Chunk time = 13.7702088356018"
[1] "Processing draws 1701 to 1800"
[1] "Chunk time = 13.3477733135223"
[1] "Processing draws 1801 to 1900"
[1] "Chunk time = 13.5340819358826"
[1] "Processing draws 1901 to 2000"
[1] "Chunk time = 13.4875729084015"
[1] "Processing draws 2001 to 2100"
[1] "Chunk time = 13.6525268554688"
[1] "Processing draws 2101 to 2200"
[1] "Chunk time = 13.4555282592773"
[1] "Processing draws 2201 to 2300"
[1] "Chunk time = 13.6004347801208"
[1] "Processing draws 2301 to 2400"
[1] "Chunk time = 13.8018164634705"
[1] "Processing draws 2401 to 2500"
[1] "Chunk time = 13.7850842475891"
[1] "Processing draws 2501 to 2600"
[1] "Chunk time = 13.6189506053925"
[1] "Processing draws 2601 to 2700"
[1] "Chunk time = 13.5820324420929"
[1] "Processing draws 2701 to 2800"
[1] "Chunk time = 14.0004603862762"
[1] "Processing draws 2801 to 2900"
[1] "Chunk time = 13.8719730377197"
[1] "Processing draws 2901 to 3000"
[1] "Chunk time = 13.6427340507507"
[1] "Processing draws 3001 to 3100"
[1] "Chunk time = 13.8187816143036"
[1] "Processing draws 3101 to 3200"
[1] "Chunk time = 13.4616799354553"
[1] "Processing draws 3201 to 3300"
[1] "Chunk time = 13.7103464603424"
[1] "Processing draws 3301 to 3400"
[1] "Chunk time = 13.594181060791"
[1] "Processing draws 3401 to 3500"
[1] "Chunk time = 13.63698387146"
[1] "Processing draws 3501 to 3600"
[1] "Chunk time = 13.4999468326569"
[1] "Processing draws 3601 to 3700"
[1] "Chunk time = 13.7850813865662"
[1] "Processing draws 3701 to 3800"
[1] "Chunk time = 13.9809534549713"
[1] "Processing draws 3801 to 3900"
[1] "Chunk time = 13.5597023963928"
[1] "Processing draws 3901 to 4000"
[1] "Chunk time = 13.9674015045166"
[1] "Processing draws 4001 to 4100"
[1] "Chunk time = 13.633220911026"
[1] "Processing draws 4101 to 4200"
[1] "Chunk time = 13.9226562976837"
[1] "Processing draws 4201 to 4300"
[1] "Chunk time = 13.6355335712433"
[1] "Processing draws 4301 to 4400"
[1] "Chunk time = 13.5494599342346"
[1] "Processing draws 4401 to 4500"
[1] "Chunk time = 13.3874070644379"
[1] "Processing draws 4501 to 4600"
[1] "Chunk time = 13.4847221374512"
[1] "Processing draws 4601 to 4700"
[1] "Chunk time = 13.5020937919617"
[1] "Processing draws 4701 to 4800"
[1] "Chunk time = 13.3895297050476"
[1] "Processing draws 4801 to 4900"
[1] "Chunk time = 13.5414137840271"
[1] "Processing draws 4901 to 5000"
[1] "Chunk time = 13.3593187332153"
[1] "Processing draws 5001 to 5100"
[1] "Chunk time = 13.5422194004059"
[1] "Processing draws 5101 to 5200"
[1] "Chunk time = 13.3945300579071"
[1] "Processing draws 5201 to 5300"
[1] "Chunk time = 13.4333100318909"
[1] "Processing draws 5301 to 5400"
[1] "Chunk time = 13.5583984851837"
[1] "Processing draws 5401 to 5500"
[1] "Chunk time = 13.4088206291199"
[1] "Processing draws 5501 to 5600"
[1] "Chunk time = 13.4996109008789"
[1] "Processing draws 5601 to 5700"
[1] "Chunk time = 13.3738601207733"
[1] "Processing draws 5701 to 5800"
[1] "Chunk time = 13.7270438671112"
[1] "Processing draws 5801 to 5900"
[1] "Chunk time = 13.3657104969025"
[1] "Processing draws 5901 to 6000"
[1] "Chunk time = 13.3507881164551"
[1] "Processing draws 6001 to 6100"
[1] "Chunk time = 13.4482729434967"
[1] "Processing draws 6101 to 6200"
[1] "Chunk time = 13.5972504615784"
[1] "Processing draws 6201 to 6300"
[1] "Chunk time = 13.5637619495392"
[1] "Processing draws 6301 to 6400"
[1] "Chunk time = 13.4524013996124"
[1] "Processing draws 6401 to 6500"
[1] "Chunk time = 13.552770614624"
[1] "Processing draws 6501 to 6600"
[1] "Chunk time = 13.6714272499084"
[1] "Processing draws 6601 to 6700"
[1] "Chunk time = 13.7444815635681"
[1] "Processing draws 6701 to 6800"
[1] "Chunk time = 13.4633274078369"
[1] "Processing draws 6801 to 6900"
[1] "Chunk time = 13.8310573101044"
[1] "Processing draws 6901 to 7000"
[1] "Chunk time = 13.4101843833923"
[1] "Processing draws 7001 to 7100"
[1] "Chunk time = 13.6145009994507"
[1] "Processing draws 7101 to 7200"
[1] "Chunk time = 13.8025939464569"
[1] "Processing draws 7201 to 7300"
[1] "Chunk time = 13.370707988739"
[1] "Processing draws 7301 to 7400"
[1] "Chunk time = 13.6223752498627"
[1] "Processing draws 7401 to 7500"
[1] "Chunk time = 13.6448612213135"
[1] "Processing draws 7501 to 7600"
[1] "Chunk time = 13.5403552055359"
[1] "Processing draws 7601 to 7700"
[1] "Chunk time = 13.4489450454712"
[1] "Processing draws 7701 to 7800"
[1] "Chunk time = 13.4959785938263"
[1] "Processing draws 7801 to 7900"
[1] "Chunk time = 13.4040687084198"
[1] "Processing draws 7901 to 8000"
[1] "Chunk time = 13.4510707855225"
[1] "Processing draws 8001 to 8100"
[1] "Chunk time = 13.9740333557129"
[1] "Processing draws 8101 to 8200"
[1] "Chunk time = 13.5165529251099"
[1] "Processing draws 8201 to 8300"
[1] "Chunk time = 13.7956593036652"
[1] "Processing draws 8301 to 8400"
[1] "Chunk time = 13.6566021442413"
[1] "Processing draws 8401 to 8500"
[1] "Chunk time = 13.3984270095825"
[1] "Processing draws 8501 to 8600"
[1] "Chunk time = 13.777934551239"
[1] "Processing draws 8601 to 8700"
[1] "Chunk time = 13.792662858963"
[1] "Processing draws 8701 to 8800"
[1] "Chunk time = 13.782977104187"
[1] "Processing draws 8801 to 8900"
[1] "Chunk time = 13.6913073062897"
[1] "Processing draws 8901 to 9000"
[1] "Chunk time = 14.0341420173645"
[1] "Processing draws 9001 to 9100"
[1] "Chunk time = 13.461695432663"
[1] "Processing draws 9101 to 9200"
[1] "Chunk time = 14.0242965221405"
[1] "Processing draws 9201 to 9300"
[1] "Chunk time = 13.7333059310913"
[1] "Processing draws 9301 to 9400"
[1] "Chunk time = 13.7968151569366"
[1] "Processing draws 9401 to 9500"
[1] "Chunk time = 13.7931437492371"
[1] "Processing draws 9501 to 9600"
[1] "Chunk time = 13.6861233711243"
[1] "Processing draws 9601 to 9700"
[1] "Chunk time = 13.7614436149597"
[1] "Processing draws 9701 to 9800"
[1] "Chunk time = 13.5616130828857"
[1] "Processing draws 9801 to 9900"
[1] "Chunk time = 13.9367241859436"
[1] "Processing draws 9901 to 10000"
[1] "Chunk time = 13.542224407196"
[1] "Processing draws 10001 to 10100"
[1] "Chunk time = 13.6325323581696"
[1] "Processing draws 10101 to 10200"
[1] "Chunk time = 13.7936356067657"
[1] "Processing draws 10201 to 10300"
[1] "Chunk time = 13.5711994171143"
[1] "Processing draws 10301 to 10400"
[1] "Chunk time = 13.7569196224213"
[1] "Processing draws 10401 to 10500"
[1] "Chunk time = 13.5924382209778"
[1] "Processing draws 10501 to 10600"
[1] "Chunk time = 13.8332812786102"
[1] "Processing draws 10601 to 10700"
[1] "Chunk time = 13.6173248291016"
[1] "Processing draws 10701 to 10800"
[1] "Chunk time = 13.6550042629242"
[1] "Processing draws 10801 to 10900"
[1] "Chunk time = 13.8484501838684"
[1] "Processing draws 10901 to 11000"
[1] "Chunk time = 13.653412103653"
[1] "Processing draws 11001 to 11100"
[1] "Chunk time = 13.8228435516357"
[1] "Processing draws 11101 to 11200"
[1] "Chunk time = 13.6395556926727"
[1] "Processing draws 11201 to 11300"
[1] "Chunk time = 13.8491253852844"
[1] "Processing draws 11301 to 11400"
[1] "Chunk time = 13.644371509552"
[1] "Processing draws 11401 to 11500"
[1] "Chunk time = 13.7686595916748"
[1] "Processing draws 11501 to 11600"
[1] "Chunk time = 13.5898687839508"
[1] "Processing draws 11601 to 11700"
[1] "Chunk time = 13.8863039016724"
[1] "Processing draws 11701 to 11800"
[1] "Chunk time = 13.9120030403137"
[1] "Processing draws 11801 to 11900"
[1] "Chunk time = 13.7284054756165"
[1] "Processing draws 11901 to 12000"
[1] "Chunk time = 13.7833344936371"
[1] "Processing draws 12001 to 12100"
[1] "Chunk time = 13.7759544849396"
[1] "Processing draws 12101 to 12200"
[1] "Chunk time = 13.9115679264069"
[1] "Processing draws 12201 to 12300"
[1] "Chunk time = 13.765468120575"
[1] "Processing draws 12301 to 12400"
[1] "Chunk time = 13.7211885452271"
[1] "Processing draws 12401 to 12500"
[1] "Chunk time = 13.8777272701263"
[1] "Processing draws 12501 to 12600"
[1] "Chunk time = 13.7537341117859"
[1] "Processing draws 12601 to 12700"
[1] "Chunk time = 13.8826413154602"
[1] "Processing draws 12701 to 12800"
[1] "Chunk time = 13.8081893920898"
[1] "Processing draws 12801 to 12900"
[1] "Chunk time = 13.777517080307"
[1] "Processing draws 12901 to 13000"
[1] "Chunk time = 13.7429530620575"
[1] "Processing draws 13001 to 13100"
[1] "Chunk time = 13.971066236496"
[1] "Processing draws 13101 to 13200"
[1] "Chunk time = 13.8906927108765"
[1] "Processing draws 13201 to 13300"
[1] "Chunk time = 13.8163979053497"
[1] "Processing draws 13301 to 13400"
[1] "Chunk time = 13.8725280761719"
[1] "Processing draws 13401 to 13500"
[1] "Chunk time = 13.6354641914368"
[1] "Processing draws 13501 to 13600"
[1] "Chunk time = 14.1356258392334"
[1] "Processing draws 13601 to 13700"
[1] "Chunk time = 13.7397491931915"
[1] "Processing draws 13701 to 13800"
[1] "Chunk time = 13.6964311599731"
[1] "Processing draws 13801 to 13900"
[1] "Chunk time = 13.5845794677734"
[1] "Processing draws 13901 to 14000"
[1] "Chunk time = 13.7492272853851"
[1] "Processing draws 14001 to 14100"
[1] "Chunk time = 13.7996063232422"
[1] "Processing draws 14101 to 14200"
[1] "Chunk time = 13.6007583141327"
[1] "Processing draws 14201 to 14300"
[1] "Chunk time = 13.7815177440643"
[1] "Processing draws 14301 to 14400"
[1] "Chunk time = 13.5796842575073"
[1] "Processing draws 14401 to 14500"
[1] "Chunk time = 13.8024673461914"
[1] "Processing draws 14501 to 14600"
[1] "Chunk time = 13.6354069709778"
[1] "Processing draws 14601 to 14700"
[1] "Chunk time = 13.7196810245514"
[1] "Processing draws 14701 to 14800"
[1] "Chunk time = 13.734475851059"
[1] "Processing draws 14801 to 14900"
[1] "Chunk time = 13.5715773105621"
[1] "Processing draws 14901 to 15000"
[1] "Chunk time = 13.8214144706726"
[1] "Processing draws 15001 to 15100"
[1] "Chunk time = 13.5980975627899"
[1] "Processing draws 15101 to 15200"
[1] "Chunk time = 14.1915719509125"
[1] "Processing draws 15201 to 15300"
[1] "Chunk time = 13.7043879032135"
[1] "Processing draws 15301 to 15400"
[1] "Chunk time = 13.6620101928711"
[1] "Processing draws 15401 to 15500"
[1] "Chunk time = 13.752254486084"
[1] "Processing draws 15501 to 15600"
[1] "Chunk time = 13.6478161811829"
[1] "Processing draws 15601 to 15700"
[1] "Chunk time = 13.7374396324158"
[1] "Processing draws 15701 to 15800"
[1] "Chunk time = 13.7232439517975"
[1] "Processing draws 15801 to 15900"
[1] "Chunk time = 13.8870830535889"
[1] "Processing draws 15901 to 16000"
[1] "Chunk time = 13.6091003417969"
[1] "Processing draws 16001 to 16100"
[1] "Chunk time = 13.9803631305695"
[1] "Processing draws 16101 to 16200"
[1] "Chunk time = 13.7611911296844"
[1] "Processing draws 16201 to 16300"
[1] "Chunk time = 14.1024496555328"
[1] "Processing draws 16301 to 16400"
[1] "Chunk time = 13.6776378154755"
[1] "Processing draws 16401 to 16500"
[1] "Chunk time = 13.7681701183319"
[1] "Processing draws 16501 to 16600"
[1] "Chunk time = 13.9113230705261"
[1] "Processing draws 16601 to 16700"
[1] "Chunk time = 13.6747345924377"
[1] "Processing draws 16701 to 16800"
[1] "Chunk time = 13.8797471523285"
[1] "Processing draws 16801 to 16900"
[1] "Chunk time = 13.8809983730316"
[1] "Processing draws 16901 to 17000"
[1] "Chunk time = 13.9019532203674"
[1] "Processing draws 17001 to 17100"
[1] "Chunk time = 13.6786856651306"
[1] "Processing draws 17101 to 17200"
[1] "Chunk time = 13.7752058506012"
[1] "Processing draws 17201 to 17300"
[1] "Chunk time = 13.7699999809265"
[1] "Processing draws 17301 to 17400"
[1] "Chunk time = 13.6283147335052"
[1] "Processing draws 17401 to 17500"
[1] "Chunk time = 13.8586523532867"
[1] "Processing draws 17501 to 17600"
[1] "Chunk time = 13.6692109107971"
[1] "Processing draws 17601 to 17700"
[1] "Chunk time = 13.8829262256622"
[1] "Processing draws 17701 to 17800"
[1] "Chunk time = 13.7892093658447"
[1] "Processing draws 17801 to 17900"
[1] "Chunk time = 13.8294153213501"
[1] "Processing draws 17901 to 18000"
[1] "Chunk time = 13.7824699878693"
[1] "Processing draws 18001 to 18100"
[1] "Chunk time = 13.909077167511"
[1] "Processing draws 18101 to 18200"
[1] "Chunk time = 13.7543385028839"
[1] "Processing draws 18201 to 18300"
[1] "Chunk time = 14.0569067001343"
[1] "Processing draws 18301 to 18400"
[1] "Chunk time = 13.9501299858093"
[1] "Processing draws 18401 to 18500"
[1] "Chunk time = 13.561030626297"
[1] "Processing draws 18501 to 18600"
[1] "Chunk time = 13.7611422538757"
[1] "Processing draws 18601 to 18700"
[1] "Chunk time = 13.5057609081268"
[1] "Processing draws 18701 to 18800"
[1] "Chunk time = 13.5259602069855"
[1] "Processing draws 18801 to 18900"
[1] "Chunk time = 13.8492140769958"
[1] "Processing draws 18901 to 19000"
[1] "Chunk time = 13.6660833358765"
[1] "Processing draws 19001 to 19100"
[1] "Chunk time = 13.6923675537109"
[1] "Processing draws 19101 to 19200"
[1] "Chunk time = 13.5927994251251"
[1] "Processing draws 19201 to 19300"
[1] "Chunk time = 13.8332817554474"
[1] "Processing draws 19301 to 19400"
[1] "Chunk time = 13.6247794628143"
[1] "Processing draws 19401 to 19500"
[1] "Chunk time = 13.81583070755"
[1] "Processing draws 19501 to 19600"
[1] "Chunk time = 13.7625296115875"
[1] "Processing draws 19601 to 19700"
[1] "Chunk time = 13.7442691326141"
[1] "Processing draws 19701 to 19800"
[1] "Chunk time = 13.7568986415863"
[1] "Processing draws 19801 to 19900"
[1] "Chunk time = 13.6084015369415"
[1] "Processing draws 19901 to 20000"
[1] "Chunk time = 13.9532732963562"
[1] "done lapplying"
[1] "Saving current params"
[1] "Saving params to output.rds"
[1] TRUE
