[1] "Starting sampling."
Running MCMC with 4 parallel chains, with 4 thread(s) per chain...

Chain 1 Iteration:    1 / 6000 [  0%]  (Warmup) 
Chain 2 Iteration:    1 / 6000 [  0%]  (Warmup) 
Chain 3 Iteration:    1 / 6000 [  0%]  (Warmup) 
Chain 4 Iteration:    1 / 6000 [  0%]  (Warmup) 
Chain 2 Iteration:  100 / 6000 [  1%]  (Warmup) 
Chain 4 Iteration:  100 / 6000 [  1%]  (Warmup) 
Chain 1 Iteration:  100 / 6000 [  1%]  (Warmup) 
Chain 3 Iteration:  100 / 6000 [  1%]  (Warmup) 
Chain 2 Iteration:  200 / 6000 [  3%]  (Warmup) 
Chain 4 Iteration:  200 / 6000 [  3%]  (Warmup) 
Chain 1 Iteration:  200 / 6000 [  3%]  (Warmup) 
Chain 3 Iteration:  200 / 6000 [  3%]  (Warmup) 
Chain 2 Iteration:  300 / 6000 [  5%]  (Warmup) 
Chain 1 Iteration:  300 / 6000 [  5%]  (Warmup) 
Chain 4 Iteration:  300 / 6000 [  5%]  (Warmup) 
Chain 3 Iteration:  300 / 6000 [  5%]  (Warmup) 
Chain 2 Iteration:  400 / 6000 [  6%]  (Warmup) 
Chain 1 Iteration:  400 / 6000 [  6%]  (Warmup) 
Chain 4 Iteration:  400 / 6000 [  6%]  (Warmup) 
Chain 3 Iteration:  400 / 6000 [  6%]  (Warmup) 
Chain 2 Iteration:  500 / 6000 [  8%]  (Warmup) 
Chain 1 Iteration:  500 / 6000 [  8%]  (Warmup) 
Chain 4 Iteration:  500 / 6000 [  8%]  (Warmup) 
Chain 2 Iteration:  600 / 6000 [ 10%]  (Warmup) 
Chain 1 Iteration:  600 / 6000 [ 10%]  (Warmup) 
Chain 3 Iteration:  500 / 6000 [  8%]  (Warmup) 
Chain 4 Iteration:  600 / 6000 [ 10%]  (Warmup) 
Chain 2 Iteration:  700 / 6000 [ 11%]  (Warmup) 
Chain 1 Iteration:  700 / 6000 [ 11%]  (Warmup) 
Chain 3 Iteration:  600 / 6000 [ 10%]  (Warmup) 
Chain 4 Iteration:  700 / 6000 [ 11%]  (Warmup) 
Chain 2 Iteration:  800 / 6000 [ 13%]  (Warmup) 
Chain 1 Iteration:  800 / 6000 [ 13%]  (Warmup) 
Chain 3 Iteration:  700 / 6000 [ 11%]  (Warmup) 
Chain 4 Iteration:  800 / 6000 [ 13%]  (Warmup) 
Chain 2 Iteration:  900 / 6000 [ 15%]  (Warmup) 
Chain 1 Iteration:  900 / 6000 [ 15%]  (Warmup) 
Chain 3 Iteration:  800 / 6000 [ 13%]  (Warmup) 
Chain 4 Iteration:  900 / 6000 [ 15%]  (Warmup) 
Chain 2 Iteration: 1000 / 6000 [ 16%]  (Warmup) 
Chain 2 Iteration: 1001 / 6000 [ 16%]  (Sampling) 
Chain 3 Iteration:  900 / 6000 [ 15%]  (Warmup) 
Chain 1 Iteration: 1000 / 6000 [ 16%]  (Warmup) 
Chain 1 Iteration: 1001 / 6000 [ 16%]  (Sampling) 
Chain 4 Iteration: 1000 / 6000 [ 16%]  (Warmup) 
Chain 4 Iteration: 1001 / 6000 [ 16%]  (Sampling) 
Chain 2 Iteration: 1100 / 6000 [ 18%]  (Sampling) 
Chain 1 Iteration: 1100 / 6000 [ 18%]  (Sampling) 
Chain 3 Iteration: 1000 / 6000 [ 16%]  (Warmup) 
Chain 3 Iteration: 1001 / 6000 [ 16%]  (Sampling) 
Chain 4 Iteration: 1100 / 6000 [ 18%]  (Sampling) 
Chain 2 Iteration: 1200 / 6000 [ 20%]  (Sampling) 
Chain 1 Iteration: 1200 / 6000 [ 20%]  (Sampling) 
Chain 3 Iteration: 1100 / 6000 [ 18%]  (Sampling) 
Chain 4 Iteration: 1200 / 6000 [ 20%]  (Sampling) 
Chain 2 Iteration: 1300 / 6000 [ 21%]  (Sampling) 
Chain 1 Iteration: 1300 / 6000 [ 21%]  (Sampling) 
Chain 3 Iteration: 1200 / 6000 [ 20%]  (Sampling) 
Chain 4 Iteration: 1300 / 6000 [ 21%]  (Sampling) 
Chain 2 Iteration: 1400 / 6000 [ 23%]  (Sampling) 
Chain 1 Iteration: 1400 / 6000 [ 23%]  (Sampling) 
Chain 3 Iteration: 1300 / 6000 [ 21%]  (Sampling) 
Chain 4 Iteration: 1400 / 6000 [ 23%]  (Sampling) 
Chain 2 Iteration: 1500 / 6000 [ 25%]  (Sampling) 
Chain 1 Iteration: 1500 / 6000 [ 25%]  (Sampling) 
Chain 3 Iteration: 1400 / 6000 [ 23%]  (Sampling) 
Chain 4 Iteration: 1500 / 6000 [ 25%]  (Sampling) 
Chain 2 Iteration: 1600 / 6000 [ 26%]  (Sampling) 
Chain 1 Iteration: 1600 / 6000 [ 26%]  (Sampling) 
Chain 3 Iteration: 1500 / 6000 [ 25%]  (Sampling) 
Chain 4 Iteration: 1600 / 6000 [ 26%]  (Sampling) 
Chain 2 Iteration: 1700 / 6000 [ 28%]  (Sampling) 
Chain 1 Iteration: 1700 / 6000 [ 28%]  (Sampling) 
Chain 3 Iteration: 1600 / 6000 [ 26%]  (Sampling) 
Chain 4 Iteration: 1700 / 6000 [ 28%]  (Sampling) 
Chain 2 Iteration: 1800 / 6000 [ 30%]  (Sampling) 
Chain 1 Iteration: 1800 / 6000 [ 30%]  (Sampling) 
Chain 3 Iteration: 1700 / 6000 [ 28%]  (Sampling) 
Chain 4 Iteration: 1800 / 6000 [ 30%]  (Sampling) 
Chain 2 Iteration: 1900 / 6000 [ 31%]  (Sampling) 
Chain 1 Iteration: 1900 / 6000 [ 31%]  (Sampling) 
Chain 3 Iteration: 1800 / 6000 [ 30%]  (Sampling) 
Chain 4 Iteration: 1900 / 6000 [ 31%]  (Sampling) 
Chain 2 Iteration: 2000 / 6000 [ 33%]  (Sampling) 
Chain 1 Iteration: 2000 / 6000 [ 33%]  (Sampling) 
Chain 3 Iteration: 1900 / 6000 [ 31%]  (Sampling) 
Chain 4 Iteration: 2000 / 6000 [ 33%]  (Sampling) 
Chain 2 Iteration: 2100 / 6000 [ 35%]  (Sampling) 
Chain 1 Iteration: 2100 / 6000 [ 35%]  (Sampling) 
Chain 3 Iteration: 2000 / 6000 [ 33%]  (Sampling) 
Chain 4 Iteration: 2100 / 6000 [ 35%]  (Sampling) 
Chain 2 Iteration: 2200 / 6000 [ 36%]  (Sampling) 
Chain 1 Iteration: 2200 / 6000 [ 36%]  (Sampling) 
Chain 3 Iteration: 2100 / 6000 [ 35%]  (Sampling) 
Chain 4 Iteration: 2200 / 6000 [ 36%]  (Sampling) 
Chain 2 Iteration: 2300 / 6000 [ 38%]  (Sampling) 
Chain 1 Iteration: 2300 / 6000 [ 38%]  (Sampling) 
Chain 3 Iteration: 2200 / 6000 [ 36%]  (Sampling) 
Chain 4 Iteration: 2300 / 6000 [ 38%]  (Sampling) 
Chain 2 Iteration: 2400 / 6000 [ 40%]  (Sampling) 
Chain 1 Iteration: 2400 / 6000 [ 40%]  (Sampling) 
Chain 3 Iteration: 2300 / 6000 [ 38%]  (Sampling) 
Chain 2 Iteration: 2500 / 6000 [ 41%]  (Sampling) 
Chain 4 Iteration: 2400 / 6000 [ 40%]  (Sampling) 
Chain 1 Iteration: 2500 / 6000 [ 41%]  (Sampling) 
Chain 2 Iteration: 2600 / 6000 [ 43%]  (Sampling) 
Chain 3 Iteration: 2400 / 6000 [ 40%]  (Sampling) 
Chain 4 Iteration: 2500 / 6000 [ 41%]  (Sampling) 
Chain 1 Iteration: 2600 / 6000 [ 43%]  (Sampling) 
Chain 2 Iteration: 2700 / 6000 [ 45%]  (Sampling) 
Chain 3 Iteration: 2500 / 6000 [ 41%]  (Sampling) 
Chain 1 Iteration: 2700 / 6000 [ 45%]  (Sampling) 
Chain 4 Iteration: 2600 / 6000 [ 43%]  (Sampling) 
Chain 2 Iteration: 2800 / 6000 [ 46%]  (Sampling) 
Chain 1 Iteration: 2800 / 6000 [ 46%]  (Sampling) 
Chain 3 Iteration: 2600 / 6000 [ 43%]  (Sampling) 
Chain 4 Iteration: 2700 / 6000 [ 45%]  (Sampling) 
Chain 2 Iteration: 2900 / 6000 [ 48%]  (Sampling) 
Chain 1 Iteration: 2900 / 6000 [ 48%]  (Sampling) 
Chain 3 Iteration: 2700 / 6000 [ 45%]  (Sampling) 
Chain 4 Iteration: 2800 / 6000 [ 46%]  (Sampling) 
Chain 2 Iteration: 3000 / 6000 [ 50%]  (Sampling) 
Chain 1 Iteration: 3000 / 6000 [ 50%]  (Sampling) 
Chain 3 Iteration: 2800 / 6000 [ 46%]  (Sampling) 
Chain 4 Iteration: 2900 / 6000 [ 48%]  (Sampling) 
Chain 2 Iteration: 3100 / 6000 [ 51%]  (Sampling) 
Chain 1 Iteration: 3100 / 6000 [ 51%]  (Sampling) 
Chain 3 Iteration: 2900 / 6000 [ 48%]  (Sampling) 
Chain 4 Iteration: 3000 / 6000 [ 50%]  (Sampling) 
Chain 2 Iteration: 3200 / 6000 [ 53%]  (Sampling) 
Chain 1 Iteration: 3200 / 6000 [ 53%]  (Sampling) 
Chain 3 Iteration: 3000 / 6000 [ 50%]  (Sampling) 
Chain 4 Iteration: 3100 / 6000 [ 51%]  (Sampling) 
Chain 2 Iteration: 3300 / 6000 [ 55%]  (Sampling) 
Chain 1 Iteration: 3300 / 6000 [ 55%]  (Sampling) 
Chain 3 Iteration: 3100 / 6000 [ 51%]  (Sampling) 
Chain 4 Iteration: 3200 / 6000 [ 53%]  (Sampling) 
Chain 2 Iteration: 3400 / 6000 [ 56%]  (Sampling) 
Chain 1 Iteration: 3400 / 6000 [ 56%]  (Sampling) 
Chain 3 Iteration: 3200 / 6000 [ 53%]  (Sampling) 
Chain 4 Iteration: 3300 / 6000 [ 55%]  (Sampling) 
Chain 2 Iteration: 3500 / 6000 [ 58%]  (Sampling) 
Chain 1 Iteration: 3500 / 6000 [ 58%]  (Sampling) 
Chain 3 Iteration: 3300 / 6000 [ 55%]  (Sampling) 
Chain 4 Iteration: 3400 / 6000 [ 56%]  (Sampling) 
Chain 2 Iteration: 3600 / 6000 [ 60%]  (Sampling) 
Chain 1 Iteration: 3600 / 6000 [ 60%]  (Sampling) 
Chain 3 Iteration: 3400 / 6000 [ 56%]  (Sampling) 
Chain 4 Iteration: 3500 / 6000 [ 58%]  (Sampling) 
Chain 2 Iteration: 3700 / 6000 [ 61%]  (Sampling) 
Chain 1 Iteration: 3700 / 6000 [ 61%]  (Sampling) 
Chain 3 Iteration: 3500 / 6000 [ 58%]  (Sampling) 
Chain 4 Iteration: 3600 / 6000 [ 60%]  (Sampling) 
Chain 2 Iteration: 3800 / 6000 [ 63%]  (Sampling) 
Chain 1 Iteration: 3800 / 6000 [ 63%]  (Sampling) 
Chain 3 Iteration: 3600 / 6000 [ 60%]  (Sampling) 
Chain 4 Iteration: 3700 / 6000 [ 61%]  (Sampling) 
Chain 2 Iteration: 3900 / 6000 [ 65%]  (Sampling) 
Chain 1 Iteration: 3900 / 6000 [ 65%]  (Sampling) 
Chain 3 Iteration: 3700 / 6000 [ 61%]  (Sampling) 
Chain 4 Iteration: 3800 / 6000 [ 63%]  (Sampling) 
Chain 2 Iteration: 4000 / 6000 [ 66%]  (Sampling) 
Chain 1 Iteration: 4000 / 6000 [ 66%]  (Sampling) 
Chain 3 Iteration: 3800 / 6000 [ 63%]  (Sampling) 
Chain 4 Iteration: 3900 / 6000 [ 65%]  (Sampling) 
Chain 2 Iteration: 4100 / 6000 [ 68%]  (Sampling) 
Chain 1 Iteration: 4100 / 6000 [ 68%]  (Sampling) 
Chain 3 Iteration: 3900 / 6000 [ 65%]  (Sampling) 
Chain 4 Iteration: 4000 / 6000 [ 66%]  (Sampling) 
Chain 2 Iteration: 4200 / 6000 [ 70%]  (Sampling) 
Chain 1 Iteration: 4200 / 6000 [ 70%]  (Sampling) 
Chain 3 Iteration: 4000 / 6000 [ 66%]  (Sampling) 
Chain 4 Iteration: 4100 / 6000 [ 68%]  (Sampling) 
Chain 2 Iteration: 4300 / 6000 [ 71%]  (Sampling) 
Chain 1 Iteration: 4300 / 6000 [ 71%]  (Sampling) 
Chain 3 Iteration: 4100 / 6000 [ 68%]  (Sampling) 
Chain 4 Iteration: 4200 / 6000 [ 70%]  (Sampling) 
Chain 2 Iteration: 4400 / 6000 [ 73%]  (Sampling) 
Chain 1 Iteration: 4400 / 6000 [ 73%]  (Sampling) 
Chain 3 Iteration: 4200 / 6000 [ 70%]  (Sampling) 
Chain 4 Iteration: 4300 / 6000 [ 71%]  (Sampling) 
Chain 2 Iteration: 4500 / 6000 [ 75%]  (Sampling) 
Chain 1 Iteration: 4500 / 6000 [ 75%]  (Sampling) 
Chain 3 Iteration: 4300 / 6000 [ 71%]  (Sampling) 
Chain 4 Iteration: 4400 / 6000 [ 73%]  (Sampling) 
Chain 2 Iteration: 4600 / 6000 [ 76%]  (Sampling) 
Chain 1 Iteration: 4600 / 6000 [ 76%]  (Sampling) 
Chain 3 Iteration: 4400 / 6000 [ 73%]  (Sampling) 
Chain 4 Iteration: 4500 / 6000 [ 75%]  (Sampling) 
Chain 2 Iteration: 4700 / 6000 [ 78%]  (Sampling) 
Chain 1 Iteration: 4700 / 6000 [ 78%]  (Sampling) 
Chain 3 Iteration: 4500 / 6000 [ 75%]  (Sampling) 
Chain 4 Iteration: 4600 / 6000 [ 76%]  (Sampling) 
Chain 2 Iteration: 4800 / 6000 [ 80%]  (Sampling) 
Chain 1 Iteration: 4800 / 6000 [ 80%]  (Sampling) 
Chain 3 Iteration: 4600 / 6000 [ 76%]  (Sampling) 
Chain 4 Iteration: 4700 / 6000 [ 78%]  (Sampling) 
Chain 2 Iteration: 4900 / 6000 [ 81%]  (Sampling) 
Chain 1 Iteration: 4900 / 6000 [ 81%]  (Sampling) 
Chain 3 Iteration: 4700 / 6000 [ 78%]  (Sampling) 
Chain 4 Iteration: 4800 / 6000 [ 80%]  (Sampling) 
Chain 2 Iteration: 5000 / 6000 [ 83%]  (Sampling) 
Chain 1 Iteration: 5000 / 6000 [ 83%]  (Sampling) 
Chain 3 Iteration: 4800 / 6000 [ 80%]  (Sampling) 
Chain 2 Iteration: 5100 / 6000 [ 85%]  (Sampling) 
Chain 4 Iteration: 4900 / 6000 [ 81%]  (Sampling) 
Chain 1 Iteration: 5100 / 6000 [ 85%]  (Sampling) 
Chain 3 Iteration: 4900 / 6000 [ 81%]  (Sampling) 
Chain 2 Iteration: 5200 / 6000 [ 86%]  (Sampling) 
Chain 4 Iteration: 5000 / 6000 [ 83%]  (Sampling) 
Chain 1 Iteration: 5200 / 6000 [ 86%]  (Sampling) 
Chain 3 Iteration: 5000 / 6000 [ 83%]  (Sampling) 
Chain 2 Iteration: 5300 / 6000 [ 88%]  (Sampling) 
Chain 4 Iteration: 5100 / 6000 [ 85%]  (Sampling) 
Chain 1 Iteration: 5300 / 6000 [ 88%]  (Sampling) 
Chain 3 Iteration: 5100 / 6000 [ 85%]  (Sampling) 
Chain 2 Iteration: 5400 / 6000 [ 90%]  (Sampling) 
Chain 4 Iteration: 5200 / 6000 [ 86%]  (Sampling) 
Chain 1 Iteration: 5400 / 6000 [ 90%]  (Sampling) 
Chain 3 Iteration: 5200 / 6000 [ 86%]  (Sampling) 
Chain 4 Iteration: 5300 / 6000 [ 88%]  (Sampling) 
Chain 2 Iteration: 5500 / 6000 [ 91%]  (Sampling) 
Chain 1 Iteration: 5500 / 6000 [ 91%]  (Sampling) 
Chain 3 Iteration: 5300 / 6000 [ 88%]  (Sampling) 
Chain 4 Iteration: 5400 / 6000 [ 90%]  (Sampling) 
Chain 2 Iteration: 5600 / 6000 [ 93%]  (Sampling) 
Chain 1 Iteration: 5600 / 6000 [ 93%]  (Sampling) 
Chain 3 Iteration: 5400 / 6000 [ 90%]  (Sampling) 
Chain 4 Iteration: 5500 / 6000 [ 91%]  (Sampling) 
Chain 2 Iteration: 5700 / 6000 [ 95%]  (Sampling) 
Chain 1 Iteration: 5700 / 6000 [ 95%]  (Sampling) 
Chain 3 Iteration: 5500 / 6000 [ 91%]  (Sampling) 
Chain 4 Iteration: 5600 / 6000 [ 93%]  (Sampling) 
Chain 2 Iteration: 5800 / 6000 [ 96%]  (Sampling) 
Chain 1 Iteration: 5800 / 6000 [ 96%]  (Sampling) 
Chain 3 Iteration: 5600 / 6000 [ 93%]  (Sampling) 
Chain 4 Iteration: 5700 / 6000 [ 95%]  (Sampling) 
Chain 2 Iteration: 5900 / 6000 [ 98%]  (Sampling) 
Chain 1 Iteration: 5900 / 6000 [ 98%]  (Sampling) 
Chain 3 Iteration: 5700 / 6000 [ 95%]  (Sampling) 
Chain 4 Iteration: 5800 / 6000 [ 96%]  (Sampling) 
Chain 2 Iteration: 6000 / 6000 [100%]  (Sampling) 
Chain 2 finished in 19950.2 seconds.
Chain 1 Iteration: 6000 / 6000 [100%]  (Sampling) 
Chain 1 finished in 19992.8 seconds.
Chain 3 Iteration: 5800 / 6000 [ 96%]  (Sampling) 
Chain 4 Iteration: 5900 / 6000 [ 98%]  (Sampling) 
Chain 3 Iteration: 5900 / 6000 [ 98%]  (Sampling) 
Chain 4 Iteration: 6000 / 6000 [100%]  (Sampling) 
Chain 4 finished in 20490.0 seconds.
Chain 3 Iteration: 6000 / 6000 [100%]  (Sampling) 
Chain 3 finished in 20746.7 seconds.

All 4 chains finished successfully.
Mean chain execution time: 20294.9 seconds.
Total execution time: 20747.7 seconds.

[1] "Processing draws 1 to 100"
[1] "Chunk time = 3.19740568399429"
[1] "Processing draws 101 to 200"
[1] "Chunk time = 2.31827387412389"
[1] "Processing draws 201 to 300"
[1] "Chunk time = 2.50731474161148"
[1] "Processing draws 301 to 400"
[1] "Chunk time = 2.10347673495611"
[1] "Processing draws 401 to 500"
[1] "Chunk time = 2.02690000931422"
[1] "Processing draws 501 to 600"
[1] "Chunk time = 1.99540386199951"
[1] "Processing draws 601 to 700"
[1] "Chunk time = 2.06112520297368"
[1] "Processing draws 701 to 800"
[1] "Chunk time = 2.21935513416926"
[1] "Processing draws 801 to 900"
[1] "Chunk time = 2.019051806132"
[1] "Processing draws 901 to 1000"
[1] "Chunk time = 2.02970004876455"
[1] "Processing draws 1001 to 1100"
[1] "Chunk time = 1.99273875554403"
[1] "Processing draws 1101 to 1200"
[1] "Chunk time = 2.03565503756205"
[1] "Processing draws 1201 to 1300"
[1] "Chunk time = 2.0231901049614"
[1] "Processing draws 1301 to 1400"
[1] "Chunk time = 2.00864721934001"
[1] "Processing draws 1401 to 1500"
[1] "Chunk time = 2.02539434035619"
[1] "Processing draws 1501 to 1600"
[1] "Chunk time = 2.03052398363749"
[1] "Processing draws 1601 to 1700"
[1] "Chunk time = 1.98267469008764"
[1] "Processing draws 1701 to 1800"
[1] "Chunk time = 1.99145559469859"
[1] "Processing draws 1801 to 1900"
[1] "Chunk time = 2.01672739187876"
[1] "Processing draws 1901 to 2000"
[1] "Chunk time = 2.01869390805562"
[1] "Processing draws 2001 to 2100"
[1] "Chunk time = 1.98125820159912"
[1] "Processing draws 2101 to 2200"
[1] "Chunk time = 2.06497020324071"
[1] "Processing draws 2201 to 2300"
[1] "Chunk time = 1.99483482837677"
[1] "Processing draws 2301 to 2400"
[1] "Chunk time = 2.02082900603612"
[1] "Processing draws 2401 to 2500"
[1] "Chunk time = 2.01945072412491"
[1] "Processing draws 2501 to 2600"
[1] "Chunk time = 1.98543763955434"
[1] "Processing draws 2601 to 2700"
[1] "Chunk time = 1.99554320176442"
[1] "Processing draws 2701 to 2800"
[1] "Chunk time = 2.01646102666855"
[1] "Processing draws 2801 to 2900"
[1] "Chunk time = 1.97629594008128"
[1] "Processing draws 2901 to 3000"
[1] "Chunk time = 1.96393828392029"
[1] "Processing draws 3001 to 3100"
[1] "Chunk time = 2.04568177461624"
[1] "Processing draws 3101 to 3200"
[1] "Chunk time = 1.98520688613256"
[1] "Processing draws 3201 to 3300"
[1] "Chunk time = 2.01824241081874"
[1] "Processing draws 3301 to 3400"
[1] "Chunk time = 2.05702063639959"
[1] "Processing draws 3401 to 3500"
[1] "Chunk time = 1.97928564548492"
[1] "Processing draws 3501 to 3600"
[1] "Chunk time = 2.00513726472855"
[1] "Processing draws 3601 to 3700"
[1] "Chunk time = 2.04967261552811"
[1] "Processing draws 3701 to 3800"
[1] "Chunk time = 2.02531425158183"
[1] "Processing draws 3801 to 3900"
[1] "Chunk time = 1.98789614836375"
[1] "Processing draws 3901 to 4000"
[1] "Chunk time = 2.054616522789"
[1] "Processing draws 4001 to 4100"
[1] "Chunk time = 2.09142148097356"
[1] "Processing draws 4101 to 4200"
[1] "Chunk time = 1.98222788174947"
[1] "Processing draws 4201 to 4300"
[1] "Chunk time = 2.02931023836136"
[1] "Processing draws 4301 to 4400"
[1] "Chunk time = 2.00788540442785"
[1] "Processing draws 4401 to 4500"
[1] "Chunk time = 1.9837319334348"
[1] "Processing draws 4501 to 4600"
[1] "Chunk time = 2.05717196464539"
[1] "Processing draws 4601 to 4700"
[1] "Chunk time = 1.98936820824941"
[1] "Processing draws 4701 to 4800"
[1] "Chunk time = 2.06860451300939"
[1] "Processing draws 4801 to 4900"
[1] "Chunk time = 2.04630019664764"
[1] "Processing draws 4901 to 5000"
[1] "Chunk time = 2.05111410617828"
[1] "Processing draws 5001 to 5100"
[1] "Chunk time = 1.98810466130575"
[1] "Processing draws 5101 to 5200"
[1] "Chunk time = 2.05687550703684"
[1] "Processing draws 5201 to 5300"
[1] "Chunk time = 2.03757879734039"
[1] "Processing draws 5301 to 5400"
[1] "Chunk time = 2.05430003007253"
[1] "Processing draws 5401 to 5500"
[1] "Chunk time = 2.02435364325841"
[1] "Processing draws 5501 to 5600"
[1] "Chunk time = 2.00948888460795"
[1] "Processing draws 5601 to 5700"
[1] "Chunk time = 1.99909357627233"
[1] "Processing draws 5701 to 5800"
[1] "Chunk time = 2.06481927633286"
[1] "Processing draws 5801 to 5900"
[1] "Chunk time = 1.97785251140594"
[1] "Processing draws 5901 to 6000"
[1] "Chunk time = 1.99335052172343"
[1] "Processing draws 6001 to 6100"
[1] "Chunk time = 2.04473875363668"
[1] "Processing draws 6101 to 6200"
[1] "Chunk time = 2.07374616463979"
[1] "Processing draws 6201 to 6300"
[1] "Chunk time = 1.98827027479808"
[1] "Processing draws 6301 to 6400"
[1] "Chunk time = 2.01929817597071"
[1] "Processing draws 6401 to 6500"
[1] "Chunk time = 1.96975452105204"
[1] "Processing draws 6501 to 6600"
[1] "Chunk time = 1.98757306734721"
[1] "Processing draws 6601 to 6700"
[1] "Chunk time = 2.07874986330668"
[1] "Processing draws 6701 to 6800"
[1] "Chunk time = 2.02850404977798"
[1] "Processing draws 6801 to 6900"
[1] "Chunk time = 2.00459367831548"
[1] "Processing draws 6901 to 7000"
[1] "Chunk time = 2.00570625066757"
[1] "Processing draws 7001 to 7100"
[1] "Chunk time = 1.96979645888011"
[1] "Processing draws 7101 to 7200"
[1] "Chunk time = 2.00283811092377"
[1] "Processing draws 7201 to 7300"
[1] "Chunk time = 1.984321697553"
[1] "Processing draws 7301 to 7400"
[1] "Chunk time = 2.05553594032923"
[1] "Processing draws 7401 to 7500"
[1] "Chunk time = 2.02748022079468"
[1] "Processing draws 7501 to 7600"
[1] "Chunk time = 2.0301932255427"
[1] "Processing draws 7601 to 7700"
[1] "Chunk time = 1.96118012666702"
[1] "Processing draws 7701 to 7800"
[1] "Chunk time = 1.97698995272319"
[1] "Processing draws 7801 to 7900"
[1] "Chunk time = 2.00382411082586"
[1] "Processing draws 7901 to 8000"
[1] "Chunk time = 2.01633700927099"
[1] "Processing draws 8001 to 8100"
[1] "Chunk time = 1.98993737697601"
[1] "Processing draws 8101 to 8200"
[1] "Chunk time = 2.03768312931061"
[1] "Processing draws 8201 to 8300"
[1] "Chunk time = 1.97021842002869"
[1] "Processing draws 8301 to 8400"
[1] "Chunk time = 2.00418622493744"
[1] "Processing draws 8401 to 8500"
[1] "Chunk time = 1.99613368113836"
[1] "Processing draws 8501 to 8600"
[1] "Chunk time = 1.9837227900823"
[1] "Processing draws 8601 to 8700"
[1] "Chunk time = 1.97132837375005"
[1] "Processing draws 8701 to 8800"
[1] "Chunk time = 2.01392416954041"
[1] "Processing draws 8801 to 8900"
[1] "Chunk time = 2.03270186583201"
[1] "Processing draws 8901 to 9000"
[1] "Chunk time = 2.09103345076243"
[1] "Processing draws 9001 to 9100"
[1] "Chunk time = 2.01430796782176"
[1] "Processing draws 9101 to 9200"
[1] "Chunk time = 2.03799981276194"
[1] "Processing draws 9201 to 9300"
[1] "Chunk time = 2.02175488471985"
[1] "Processing draws 9301 to 9400"
[1] "Chunk time = 2.0090828816096"
[1] "Processing draws 9401 to 9500"
[1] "Chunk time = 2.03772256374359"
[1] "Processing draws 9501 to 9600"
[1] "Chunk time = 2.02103111743927"
[1] "Processing draws 9601 to 9700"
[1] "Chunk time = 2.04247376521428"
[1] "Processing draws 9701 to 9800"
[1] "Chunk time = 2.01430637041728"
[1] "Processing draws 9801 to 9900"
[1] "Chunk time = 2.02193295955658"
[1] "Processing draws 9901 to 10000"
[1] "Chunk time = 2.04829154411952"
[1] "Processing draws 10001 to 10100"
[1] "Chunk time = 2.02497371435165"
[1] "Processing draws 10101 to 10200"
[1] "Chunk time = 2.06785391171773"
[1] "Processing draws 10201 to 10300"
[1] "Chunk time = 2.04225771824519"
[1] "Processing draws 10301 to 10400"
[1] "Chunk time = 2.09250522851944"
[1] "Processing draws 10401 to 10500"
[1] "Chunk time = 2.03246514399846"
[1] "Processing draws 10501 to 10600"
[1] "Chunk time = 2.02487434546153"
[1] "Processing draws 10601 to 10700"
[1] "Chunk time = 2.01558225552241"
[1] "Processing draws 10701 to 10800"
[1] "Chunk time = 2.05277160406113"
[1] "Processing draws 10801 to 10900"
[1] "Chunk time = 2.02898335059484"
[1] "Processing draws 10901 to 11000"
[1] "Chunk time = 2.09069367249807"
[1] "Processing draws 11001 to 11100"
[1] "Chunk time = 2.08310124874115"
[1] "Processing draws 11101 to 11200"
[1] "Chunk time = 2.06016850471497"
[1] "Processing draws 11201 to 11300"
[1] "Chunk time = 2.03105249802272"
[1] "Processing draws 11301 to 11400"
[1] "Chunk time = 2.04647864103317"
[1] "Processing draws 11401 to 11500"
[1] "Chunk time = 2.10647768179576"
[1] "Processing draws 11501 to 11600"
[1] "Chunk time = 2.07259387572606"
[1] "Processing draws 11601 to 11700"
[1] "Chunk time = 2.02778950134913"
[1] "Processing draws 11701 to 11800"
[1] "Chunk time = 2.0674179315567"
[1] "Processing draws 11801 to 11900"
[1] "Chunk time = 2.02288256486257"
[1] "Processing draws 11901 to 12000"
[1] "Chunk time = 2.04738746881485"
[1] "Processing draws 12001 to 12100"
[1] "Chunk time = 2.02657499313354"
[1] "Processing draws 12101 to 12200"
[1] "Chunk time = 2.02375656763713"
[1] "Processing draws 12201 to 12300"
[1] "Chunk time = 2.03688602050145"
[1] "Processing draws 12301 to 12400"
[1] "Chunk time = 2.071069363753"
[1] "Processing draws 12401 to 12500"
[1] "Chunk time = 2.06052888631821"
[1] "Processing draws 12501 to 12600"
[1] "Chunk time = 2.03121439615885"
[1] "Processing draws 12601 to 12700"
[1] "Chunk time = 2.03858722845713"
[1] "Processing draws 12701 to 12800"
[1] "Chunk time = 2.06655551195145"
[1] "Processing draws 12801 to 12900"
[1] "Chunk time = 2.03146404425303"
[1] "Processing draws 12901 to 13000"
[1] "Chunk time = 2.12741467555364"
[1] "Processing draws 13001 to 13100"
[1] "Chunk time = 2.0163667400678"
[1] "Processing draws 13101 to 13200"
[1] "Chunk time = 2.09132566452026"
[1] "Processing draws 13201 to 13300"
[1] "Chunk time = 2.05326976776123"
[1] "Processing draws 13301 to 13400"
[1] "Chunk time = 2.09737379948298"
[1] "Processing draws 13401 to 13500"
[1] "Chunk time = 2.02653638124466"
[1] "Processing draws 13501 to 13600"
[1] "Chunk time = 2.05346523125966"
[1] "Processing draws 13601 to 13700"
[1] "Chunk time = 2.0098123550415"
[1] "Processing draws 13701 to 13800"
[1] "Chunk time = 2.06354223489761"
[1] "Processing draws 13801 to 13900"
[1] "Chunk time = 2.07764664888382"
[1] "Processing draws 13901 to 14000"
[1] "Chunk time = 2.05936472415924"
[1] "Processing draws 14001 to 14100"
[1] "Chunk time = 2.03791650533676"
[1] "Processing draws 14101 to 14200"
[1] "Chunk time = 2.03373928070068"
[1] "Processing draws 14201 to 14300"
[1] "Chunk time = 2.05210030873617"
[1] "Processing draws 14301 to 14400"
[1] "Chunk time = 2.05502618948619"
[1] "Processing draws 14401 to 14500"
[1] "Chunk time = 2.06274329423904"
[1] "Processing draws 14501 to 14600"
[1] "Chunk time = 2.05757188399633"
[1] "Processing draws 14601 to 14700"
[1] "Chunk time = 2.02132543722789"
[1] "Processing draws 14701 to 14800"
[1] "Chunk time = 2.0633115251859"
[1] "Processing draws 14801 to 14900"
[1] "Chunk time = 2.01499839226405"
[1] "Processing draws 14901 to 15000"
[1] "Chunk time = 2.03340005477269"
[1] "Processing draws 15001 to 15100"
[1] "Chunk time = 2.03281416893005"
[1] "Processing draws 15101 to 15200"
[1] "Chunk time = 2.04796203374863"
[1] "Processing draws 15201 to 15300"
[1] "Chunk time = 2.06575785080592"
[1] "Processing draws 15301 to 15400"
[1] "Chunk time = 2.04094064633052"
[1] "Processing draws 15401 to 15500"
[1] "Chunk time = 2.03237430254618"
[1] "Processing draws 15501 to 15600"
[1] "Chunk time = 2.05811137755712"
[1] "Processing draws 15601 to 15700"
[1] "Chunk time = 2.04565774599711"
[1] "Processing draws 15701 to 15800"
[1] "Chunk time = 2.02165106137594"
[1] "Processing draws 15801 to 15900"
[1] "Chunk time = 2.01876281897227"
[1] "Processing draws 15901 to 16000"
[1] "Chunk time = 2.08397365808487"
[1] "Processing draws 16001 to 16100"
[1] "Chunk time = 2.02658728758494"
[1] "Processing draws 16101 to 16200"
[1] "Chunk time = 2.03996849854787"
[1] "Processing draws 16201 to 16300"
[1] "Chunk time = 2.04394308328629"
[1] "Processing draws 16301 to 16400"
[1] "Chunk time = 2.03990443547567"
[1] "Processing draws 16401 to 16500"
[1] "Chunk time = 2.08380845785141"
[1] "Processing draws 16501 to 16600"
[1] "Chunk time = 2.04814845323563"
[1] "Processing draws 16601 to 16700"
[1] "Chunk time = 2.0197521686554"
[1] "Processing draws 16701 to 16800"
[1] "Chunk time = 2.06432682673136"
[1] "Processing draws 16801 to 16900"
[1] "Chunk time = 2.02245415449142"
[1] "Processing draws 16901 to 17000"
[1] "Chunk time = 2.05901662508647"
[1] "Processing draws 17001 to 17100"
[1] "Chunk time = 2.05934591293335"
[1] "Processing draws 17101 to 17200"
[1] "Chunk time = 2.06403142611186"
[1] "Processing draws 17201 to 17300"
[1] "Chunk time = 2.04619967937469"
[1] "Processing draws 17301 to 17400"
[1] "Chunk time = 2.00733419656754"
[1] "Processing draws 17401 to 17500"
[1] "Chunk time = 1.9693695584933"
[1] "Processing draws 17501 to 17600"
[1] "Chunk time = 1.97430824041367"
[1] "Processing draws 17601 to 17700"
[1] "Chunk time = 1.92323044935862"
[1] "Processing draws 17701 to 17800"
[1] "Chunk time = 1.9453817764918"
[1] "Processing draws 17801 to 17900"
[1] "Chunk time = 1.94687256813049"
[1] "Processing draws 17901 to 18000"
[1] "Chunk time = 1.97479568719864"
[1] "Processing draws 18001 to 18100"
[1] "Chunk time = 1.99541529417038"
[1] "Processing draws 18101 to 18200"
[1] "Chunk time = 1.9067022005717"
[1] "Processing draws 18201 to 18300"
[1] "Chunk time = 1.90286689201991"
[1] "Processing draws 18301 to 18400"
[1] "Chunk time = 1.97139420111974"
[1] "Processing draws 18401 to 18500"
[1] "Chunk time = 1.90883165597916"
[1] "Processing draws 18501 to 18600"
[1] "Chunk time = 1.99513489802678"
[1] "Processing draws 18601 to 18700"
[1] "Chunk time = 1.96271710793177"
[1] "Processing draws 18701 to 18800"
[1] "Chunk time = 1.9889081120491"
[1] "Processing draws 18801 to 18900"
[1] "Chunk time = 1.91174471378326"
[1] "Processing draws 18901 to 19000"
[1] "Chunk time = 1.9510476231575"
[1] "Processing draws 19001 to 19100"
[1] "Chunk time = 1.91751980384191"
[1] "Processing draws 19101 to 19200"
[1] "Chunk time = 1.96837840080261"
[1] "Processing draws 19201 to 19300"
[1] "Chunk time = 1.94886943101883"
[1] "Processing draws 19301 to 19400"
[1] "Chunk time = 2.03435676495234"
[1] "Processing draws 19401 to 19500"
[1] "Chunk time = 1.98608247041702"
[1] "Processing draws 19501 to 19600"
[1] "Chunk time = 1.99003663857778"
[1] "Processing draws 19601 to 19700"
[1] "Chunk time = 1.91752759218216"
[1] "Processing draws 19701 to 19800"
[1] "Chunk time = 1.90134587685267"
[1] "Processing draws 19801 to 19900"
[1] "Chunk time = 1.95153233210246"
[1] "Processing draws 19901 to 20000"
[1] "Chunk time = 2.03990270296733"
[1] "done lapplying"
[1] "Saving current params"
[1] "Saving params to output.rds"
[1] TRUE
[1] "Time for modelling:"
[1] "2025-07-02 03:22:14 EDT"
[1] "Time for posterior computations:"
Time difference of 6.801352 hours
[1] "Total time:"
[1] "2025-07-02 10:10:19 EDT"
