[1] "Starting sampling."
Running MCMC with 4 parallel chains, with 4 thread(s) per chain...

Chain 1 Iteration:    1 / 6000 [  0%]  (Warmup) 
Chain 2 Iteration:    1 / 6000 [  0%]  (Warmup) 
Chain 3 Iteration:    1 / 6000 [  0%]  (Warmup) 
Chain 4 Iteration:    1 / 6000 [  0%]  (Warmup) 
Chain 2 Iteration:  100 / 6000 [  1%]  (Warmup) 
Chain 4 Iteration:  100 / 6000 [  1%]  (Warmup) 
Chain 1 Iteration:  100 / 6000 [  1%]  (Warmup) 
Chain 3 Iteration:  100 / 6000 [  1%]  (Warmup) 
Chain 4 Iteration:  200 / 6000 [  3%]  (Warmup) 
Chain 2 Iteration:  200 / 6000 [  3%]  (Warmup) 
Chain 1 Iteration:  200 / 6000 [  3%]  (Warmup) 
Chain 3 Iteration:  200 / 6000 [  3%]  (Warmup) 
Chain 4 Iteration:  300 / 6000 [  5%]  (Warmup) 
Chain 1 Iteration:  300 / 6000 [  5%]  (Warmup) 
Chain 2 Iteration:  300 / 6000 [  5%]  (Warmup) 
Chain 3 Iteration:  300 / 6000 [  5%]  (Warmup) 
Chain 1 Iteration:  400 / 6000 [  6%]  (Warmup) 
Chain 2 Iteration:  400 / 6000 [  6%]  (Warmup) 
Chain 4 Iteration:  400 / 6000 [  6%]  (Warmup) 
Chain 3 Iteration:  400 / 6000 [  6%]  (Warmup) 
Chain 1 Iteration:  500 / 6000 [  8%]  (Warmup) 
Chain 2 Iteration:  500 / 6000 [  8%]  (Warmup) 
Chain 4 Iteration:  500 / 6000 [  8%]  (Warmup) 
Chain 3 Iteration:  500 / 6000 [  8%]  (Warmup) 
Chain 1 Iteration:  600 / 6000 [ 10%]  (Warmup) 
Chain 2 Iteration:  600 / 6000 [ 10%]  (Warmup) 
Chain 4 Iteration:  600 / 6000 [ 10%]  (Warmup) 
Chain 3 Iteration:  600 / 6000 [ 10%]  (Warmup) 
Chain 1 Iteration:  700 / 6000 [ 11%]  (Warmup) 
Chain 2 Iteration:  700 / 6000 [ 11%]  (Warmup) 
Chain 4 Iteration:  700 / 6000 [ 11%]  (Warmup) 
Chain 2 Iteration:  800 / 6000 [ 13%]  (Warmup) 
Chain 3 Iteration:  700 / 6000 [ 11%]  (Warmup) 
Chain 1 Iteration:  800 / 6000 [ 13%]  (Warmup) 
Chain 4 Iteration:  800 / 6000 [ 13%]  (Warmup) 
Chain 2 Iteration:  900 / 6000 [ 15%]  (Warmup) 
Chain 1 Iteration:  900 / 6000 [ 15%]  (Warmup) 
Chain 3 Iteration:  800 / 6000 [ 13%]  (Warmup) 
Chain 4 Iteration:  900 / 6000 [ 15%]  (Warmup) 
Chain 1 Iteration: 1000 / 6000 [ 16%]  (Warmup) 
Chain 1 Iteration: 1001 / 6000 [ 16%]  (Sampling) 
Chain 2 Iteration: 1000 / 6000 [ 16%]  (Warmup) 
Chain 2 Iteration: 1001 / 6000 [ 16%]  (Sampling) 
Chain 3 Iteration:  900 / 6000 [ 15%]  (Warmup) 
Chain 4 Iteration: 1000 / 6000 [ 16%]  (Warmup) 
Chain 4 Iteration: 1001 / 6000 [ 16%]  (Sampling) 
Chain 1 Iteration: 1100 / 6000 [ 18%]  (Sampling) 
Chain 2 Iteration: 1100 / 6000 [ 18%]  (Sampling) 
Chain 3 Iteration: 1000 / 6000 [ 16%]  (Warmup) 
Chain 3 Iteration: 1001 / 6000 [ 16%]  (Sampling) 
Chain 1 Iteration: 1200 / 6000 [ 20%]  (Sampling) 
Chain 2 Iteration: 1200 / 6000 [ 20%]  (Sampling) 
Chain 4 Iteration: 1100 / 6000 [ 18%]  (Sampling) 
Chain 3 Iteration: 1100 / 6000 [ 18%]  (Sampling) 
Chain 1 Iteration: 1300 / 6000 [ 21%]  (Sampling) 
Chain 2 Iteration: 1300 / 6000 [ 21%]  (Sampling) 
Chain 4 Iteration: 1200 / 6000 [ 20%]  (Sampling) 
Chain 3 Iteration: 1200 / 6000 [ 20%]  (Sampling) 
Chain 1 Iteration: 1400 / 6000 [ 23%]  (Sampling) 
Chain 2 Iteration: 1400 / 6000 [ 23%]  (Sampling) 
Chain 4 Iteration: 1300 / 6000 [ 21%]  (Sampling) 
Chain 3 Iteration: 1300 / 6000 [ 21%]  (Sampling) 
Chain 1 Iteration: 1500 / 6000 [ 25%]  (Sampling) 
Chain 2 Iteration: 1500 / 6000 [ 25%]  (Sampling) 
Chain 4 Iteration: 1400 / 6000 [ 23%]  (Sampling) 
Chain 3 Iteration: 1400 / 6000 [ 23%]  (Sampling) 
Chain 1 Iteration: 1600 / 6000 [ 26%]  (Sampling) 
Chain 2 Iteration: 1600 / 6000 [ 26%]  (Sampling) 
Chain 4 Iteration: 1500 / 6000 [ 25%]  (Sampling) 
Chain 3 Iteration: 1500 / 6000 [ 25%]  (Sampling) 
Chain 1 Iteration: 1700 / 6000 [ 28%]  (Sampling) 
Chain 2 Iteration: 1700 / 6000 [ 28%]  (Sampling) 
Chain 4 Iteration: 1600 / 6000 [ 26%]  (Sampling) 
Chain 1 Iteration: 1800 / 6000 [ 30%]  (Sampling) 
Chain 2 Iteration: 1800 / 6000 [ 30%]  (Sampling) 
Chain 3 Iteration: 1600 / 6000 [ 26%]  (Sampling) 
Chain 1 Iteration: 1900 / 6000 [ 31%]  (Sampling) 
Chain 4 Iteration: 1700 / 6000 [ 28%]  (Sampling) 
Chain 2 Iteration: 1900 / 6000 [ 31%]  (Sampling) 
Chain 3 Iteration: 1700 / 6000 [ 28%]  (Sampling) 
Chain 1 Iteration: 2000 / 6000 [ 33%]  (Sampling) 
Chain 2 Iteration: 2000 / 6000 [ 33%]  (Sampling) 
Chain 4 Iteration: 1800 / 6000 [ 30%]  (Sampling) 
Chain 3 Iteration: 1800 / 6000 [ 30%]  (Sampling) 
Chain 1 Iteration: 2100 / 6000 [ 35%]  (Sampling) 
Chain 2 Iteration: 2100 / 6000 [ 35%]  (Sampling) 
Chain 4 Iteration: 1900 / 6000 [ 31%]  (Sampling) 
Chain 3 Iteration: 1900 / 6000 [ 31%]  (Sampling) 
Chain 1 Iteration: 2200 / 6000 [ 36%]  (Sampling) 
Chain 2 Iteration: 2200 / 6000 [ 36%]  (Sampling) 
Chain 4 Iteration: 2000 / 6000 [ 33%]  (Sampling) 
Chain 3 Iteration: 2000 / 6000 [ 33%]  (Sampling) 
Chain 1 Iteration: 2300 / 6000 [ 38%]  (Sampling) 
Chain 2 Iteration: 2300 / 6000 [ 38%]  (Sampling) 
Chain 4 Iteration: 2100 / 6000 [ 35%]  (Sampling) 
Chain 3 Iteration: 2100 / 6000 [ 35%]  (Sampling) 
Chain 1 Iteration: 2400 / 6000 [ 40%]  (Sampling) 
Chain 2 Iteration: 2400 / 6000 [ 40%]  (Sampling) 
Chain 4 Iteration: 2200 / 6000 [ 36%]  (Sampling) 
Chain 3 Iteration: 2200 / 6000 [ 36%]  (Sampling) 
Chain 1 Iteration: 2500 / 6000 [ 41%]  (Sampling) 
Chain 2 Iteration: 2500 / 6000 [ 41%]  (Sampling) 
Chain 4 Iteration: 2300 / 6000 [ 38%]  (Sampling) 
Chain 3 Iteration: 2300 / 6000 [ 38%]  (Sampling) 
Chain 1 Iteration: 2600 / 6000 [ 43%]  (Sampling) 
Chain 2 Iteration: 2600 / 6000 [ 43%]  (Sampling) 
Chain 1 Iteration: 2700 / 6000 [ 45%]  (Sampling) 
Chain 3 Iteration: 2400 / 6000 [ 40%]  (Sampling) 
Chain 4 Iteration: 2400 / 6000 [ 40%]  (Sampling) 
Chain 2 Iteration: 2700 / 6000 [ 45%]  (Sampling) 
Chain 1 Iteration: 2800 / 6000 [ 46%]  (Sampling) 
Chain 2 Iteration: 2800 / 6000 [ 46%]  (Sampling) 
Chain 3 Iteration: 2500 / 6000 [ 41%]  (Sampling) 
Chain 4 Iteration: 2500 / 6000 [ 41%]  (Sampling) 
Chain 1 Iteration: 2900 / 6000 [ 48%]  (Sampling) 
Chain 2 Iteration: 2900 / 6000 [ 48%]  (Sampling) 
Chain 3 Iteration: 2600 / 6000 [ 43%]  (Sampling) 
Chain 4 Iteration: 2600 / 6000 [ 43%]  (Sampling) 
Chain 1 Iteration: 3000 / 6000 [ 50%]  (Sampling) 
Chain 2 Iteration: 3000 / 6000 [ 50%]  (Sampling) 
Chain 3 Iteration: 2700 / 6000 [ 45%]  (Sampling) 
Chain 4 Iteration: 2700 / 6000 [ 45%]  (Sampling) 
Chain 1 Iteration: 3100 / 6000 [ 51%]  (Sampling) 
Chain 2 Iteration: 3100 / 6000 [ 51%]  (Sampling) 
Chain 3 Iteration: 2800 / 6000 [ 46%]  (Sampling) 
Chain 4 Iteration: 2800 / 6000 [ 46%]  (Sampling) 
Chain 1 Iteration: 3200 / 6000 [ 53%]  (Sampling) 
Chain 2 Iteration: 3200 / 6000 [ 53%]  (Sampling) 
Chain 3 Iteration: 2900 / 6000 [ 48%]  (Sampling) 
Chain 4 Iteration: 2900 / 6000 [ 48%]  (Sampling) 
Chain 1 Iteration: 3300 / 6000 [ 55%]  (Sampling) 
Chain 2 Iteration: 3300 / 6000 [ 55%]  (Sampling) 
Chain 3 Iteration: 3000 / 6000 [ 50%]  (Sampling) 
Chain 1 Iteration: 3400 / 6000 [ 56%]  (Sampling) 
Chain 4 Iteration: 3000 / 6000 [ 50%]  (Sampling) 
Chain 2 Iteration: 3400 / 6000 [ 56%]  (Sampling) 
Chain 3 Iteration: 3100 / 6000 [ 51%]  (Sampling) 
Chain 1 Iteration: 3500 / 6000 [ 58%]  (Sampling) 
Chain 4 Iteration: 3100 / 6000 [ 51%]  (Sampling) 
Chain 2 Iteration: 3500 / 6000 [ 58%]  (Sampling) 
Chain 1 Iteration: 3600 / 6000 [ 60%]  (Sampling) 
Chain 3 Iteration: 3200 / 6000 [ 53%]  (Sampling) 
Chain 2 Iteration: 3600 / 6000 [ 60%]  (Sampling) 
Chain 4 Iteration: 3200 / 6000 [ 53%]  (Sampling) 
Chain 1 Iteration: 3700 / 6000 [ 61%]  (Sampling) 
Chain 2 Iteration: 3700 / 6000 [ 61%]  (Sampling) 
Chain 3 Iteration: 3300 / 6000 [ 55%]  (Sampling) 
Chain 4 Iteration: 3300 / 6000 [ 55%]  (Sampling) 
Chain 1 Iteration: 3800 / 6000 [ 63%]  (Sampling) 
Chain 2 Iteration: 3800 / 6000 [ 63%]  (Sampling) 
Chain 3 Iteration: 3400 / 6000 [ 56%]  (Sampling) 
Chain 4 Iteration: 3400 / 6000 [ 56%]  (Sampling) 
Chain 1 Iteration: 3900 / 6000 [ 65%]  (Sampling) 
Chain 2 Iteration: 3900 / 6000 [ 65%]  (Sampling) 
Chain 3 Iteration: 3500 / 6000 [ 58%]  (Sampling) 
Chain 4 Iteration: 3500 / 6000 [ 58%]  (Sampling) 
Chain 1 Iteration: 4000 / 6000 [ 66%]  (Sampling) 
Chain 2 Iteration: 4000 / 6000 [ 66%]  (Sampling) 
Chain 3 Iteration: 3600 / 6000 [ 60%]  (Sampling) 
Chain 4 Iteration: 3600 / 6000 [ 60%]  (Sampling) 
Chain 1 Iteration: 4100 / 6000 [ 68%]  (Sampling) 
Chain 2 Iteration: 4100 / 6000 [ 68%]  (Sampling) 
Chain 3 Iteration: 3700 / 6000 [ 61%]  (Sampling) 
Chain 1 Iteration: 4200 / 6000 [ 70%]  (Sampling) 
Chain 4 Iteration: 3700 / 6000 [ 61%]  (Sampling) 
Chain 2 Iteration: 4200 / 6000 [ 70%]  (Sampling) 
Chain 3 Iteration: 3800 / 6000 [ 63%]  (Sampling) 
Chain 1 Iteration: 4300 / 6000 [ 71%]  (Sampling) 
Chain 2 Iteration: 4300 / 6000 [ 71%]  (Sampling) 
Chain 4 Iteration: 3800 / 6000 [ 63%]  (Sampling) 
Chain 3 Iteration: 3900 / 6000 [ 65%]  (Sampling) 
Chain 1 Iteration: 4400 / 6000 [ 73%]  (Sampling) 
Chain 2 Iteration: 4400 / 6000 [ 73%]  (Sampling) 
Chain 4 Iteration: 3900 / 6000 [ 65%]  (Sampling) 
Chain 1 Iteration: 4500 / 6000 [ 75%]  (Sampling) 
Chain 3 Iteration: 4000 / 6000 [ 66%]  (Sampling) 
Chain 2 Iteration: 4500 / 6000 [ 75%]  (Sampling) 
Chain 4 Iteration: 4000 / 6000 [ 66%]  (Sampling) 
Chain 1 Iteration: 4600 / 6000 [ 76%]  (Sampling) 
Chain 3 Iteration: 4100 / 6000 [ 68%]  (Sampling) 
Chain 2 Iteration: 4600 / 6000 [ 76%]  (Sampling) 
Chain 4 Iteration: 4100 / 6000 [ 68%]  (Sampling) 
Chain 1 Iteration: 4700 / 6000 [ 78%]  (Sampling) 
Chain 2 Iteration: 4700 / 6000 [ 78%]  (Sampling) 
Chain 3 Iteration: 4200 / 6000 [ 70%]  (Sampling) 
Chain 4 Iteration: 4200 / 6000 [ 70%]  (Sampling) 
Chain 1 Iteration: 4800 / 6000 [ 80%]  (Sampling) 
Chain 2 Iteration: 4800 / 6000 [ 80%]  (Sampling) 
Chain 3 Iteration: 4300 / 6000 [ 71%]  (Sampling) 
Chain 1 Iteration: 4900 / 6000 [ 81%]  (Sampling) 
Chain 4 Iteration: 4300 / 6000 [ 71%]  (Sampling) 
Chain 2 Iteration: 4900 / 6000 [ 81%]  (Sampling) 
Chain 3 Iteration: 4400 / 6000 [ 73%]  (Sampling) 
Chain 1 Iteration: 5000 / 6000 [ 83%]  (Sampling) 
Chain 2 Iteration: 5000 / 6000 [ 83%]  (Sampling) 
Chain 4 Iteration: 4400 / 6000 [ 73%]  (Sampling) 
Chain 3 Iteration: 4500 / 6000 [ 75%]  (Sampling) 
Chain 1 Iteration: 5100 / 6000 [ 85%]  (Sampling) 
Chain 2 Iteration: 5100 / 6000 [ 85%]  (Sampling) 
Chain 4 Iteration: 4500 / 6000 [ 75%]  (Sampling) 
Chain 3 Iteration: 4600 / 6000 [ 76%]  (Sampling) 
Chain 1 Iteration: 5200 / 6000 [ 86%]  (Sampling) 
Chain 2 Iteration: 5200 / 6000 [ 86%]  (Sampling) 
Chain 4 Iteration: 4600 / 6000 [ 76%]  (Sampling) 
Chain 3 Iteration: 4700 / 6000 [ 78%]  (Sampling) 
Chain 1 Iteration: 5300 / 6000 [ 88%]  (Sampling) 
Chain 2 Iteration: 5300 / 6000 [ 88%]  (Sampling) 
Chain 4 Iteration: 4700 / 6000 [ 78%]  (Sampling) 
Chain 1 Iteration: 5400 / 6000 [ 90%]  (Sampling) 
Chain 3 Iteration: 4800 / 6000 [ 80%]  (Sampling) 
Chain 2 Iteration: 5400 / 6000 [ 90%]  (Sampling) 
Chain 4 Iteration: 4800 / 6000 [ 80%]  (Sampling) 
Chain 1 Iteration: 5500 / 6000 [ 91%]  (Sampling) 
Chain 3 Iteration: 4900 / 6000 [ 81%]  (Sampling) 
Chain 2 Iteration: 5500 / 6000 [ 91%]  (Sampling) 
Chain 1 Iteration: 5600 / 6000 [ 93%]  (Sampling) 
Chain 4 Iteration: 4900 / 6000 [ 81%]  (Sampling) 
Chain 2 Iteration: 5600 / 6000 [ 93%]  (Sampling) 
Chain 3 Iteration: 5000 / 6000 [ 83%]  (Sampling) 
Chain 1 Iteration: 5700 / 6000 [ 95%]  (Sampling) 
Chain 4 Iteration: 5000 / 6000 [ 83%]  (Sampling) 
Chain 2 Iteration: 5700 / 6000 [ 95%]  (Sampling) 
Chain 3 Iteration: 5100 / 6000 [ 85%]  (Sampling) 
Chain 1 Iteration: 5800 / 6000 [ 96%]  (Sampling) 
Chain 2 Iteration: 5800 / 6000 [ 96%]  (Sampling) 
Chain 4 Iteration: 5100 / 6000 [ 85%]  (Sampling) 
Chain 3 Iteration: 5200 / 6000 [ 86%]  (Sampling) 
Chain 1 Iteration: 5900 / 6000 [ 98%]  (Sampling) 
Chain 2 Iteration: 5900 / 6000 [ 98%]  (Sampling) 
Chain 4 Iteration: 5200 / 6000 [ 86%]  (Sampling) 
Chain 3 Iteration: 5300 / 6000 [ 88%]  (Sampling) 
Chain 1 Iteration: 6000 / 6000 [100%]  (Sampling) 
Chain 1 finished in 1457.6 seconds.
Chain 2 Iteration: 6000 / 6000 [100%]  (Sampling) 
Chain 2 finished in 1463.6 seconds.
Chain 4 Iteration: 5300 / 6000 [ 88%]  (Sampling) 
Chain 3 Iteration: 5400 / 6000 [ 90%]  (Sampling) 
Chain 4 Iteration: 5400 / 6000 [ 90%]  (Sampling) 
Chain 3 Iteration: 5500 / 6000 [ 91%]  (Sampling) 
Chain 4 Iteration: 5500 / 6000 [ 91%]  (Sampling) 
Chain 3 Iteration: 5600 / 6000 [ 93%]  (Sampling) 
Chain 4 Iteration: 5600 / 6000 [ 93%]  (Sampling) 
Chain 3 Iteration: 5700 / 6000 [ 95%]  (Sampling) 
Chain 4 Iteration: 5700 / 6000 [ 95%]  (Sampling) 
Chain 3 Iteration: 5800 / 6000 [ 96%]  (Sampling) 
Chain 4 Iteration: 5800 / 6000 [ 96%]  (Sampling) 
Chain 3 Iteration: 5900 / 6000 [ 98%]  (Sampling) 
Chain 4 Iteration: 5900 / 6000 [ 98%]  (Sampling) 
Chain 3 Iteration: 6000 / 6000 [100%]  (Sampling) 
Chain 3 finished in 1622.0 seconds.
Chain 4 Iteration: 6000 / 6000 [100%]  (Sampling) 
Chain 4 finished in 1633.7 seconds.

All 4 chains finished successfully.
Mean chain execution time: 1544.2 seconds.
Total execution time: 1634.1 seconds.

[1] "Processing draws 1 to 100"
[1] "Chunk time = 56.9671232700348"
[1] "Processing draws 101 to 200"
[1] "Chunk time = 20.7898561954498"
[1] "Processing draws 201 to 300"
[1] "Chunk time = 20.0805425643921"
[1] "Processing draws 301 to 400"
[1] "Chunk time = 19.6072545051575"
[1] "Processing draws 401 to 500"
[1] "Chunk time = 18.6597990989685"
[1] "Processing draws 501 to 600"
[1] "Chunk time = 19.9463887214661"
[1] "Processing draws 601 to 700"
[1] "Chunk time = 18.6912825107574"
[1] "Processing draws 701 to 800"
[1] "Chunk time = 18.4583878517151"
[1] "Processing draws 801 to 900"
[1] "Chunk time = 20.199967622757"
[1] "Processing draws 901 to 1000"
[1] "Chunk time = 18.826180934906"
[1] "Processing draws 1001 to 1100"
[1] "Chunk time = 18.3724446296692"
[1] "Processing draws 1101 to 1200"
[1] "Chunk time = 18.5597362518311"
[1] "Processing draws 1201 to 1300"
[1] "Chunk time = 18.3282344341278"
[1] "Processing draws 1301 to 1400"
[1] "Chunk time = 17.8809537887573"
[1] "Processing draws 1401 to 1500"
[1] "Chunk time = 18.0627233982086"
[1] "Processing draws 1501 to 1600"
[1] "Chunk time = 17.8833713531494"
[1] "Processing draws 1601 to 1700"
[1] "Chunk time = 17.5121092796326"
[1] "Processing draws 1701 to 1800"
[1] "Chunk time = 17.7201173305511"
[1] "Processing draws 1801 to 1900"
[1] "Chunk time = 17.4971580505371"
[1] "Processing draws 1901 to 2000"
[1] "Chunk time = 17.3028228282928"
[1] "Processing draws 2001 to 2100"
[1] "Chunk time = 17.5845293998718"
[1] "Processing draws 2101 to 2200"
[1] "Chunk time = 17.5669333934784"
[1] "Processing draws 2201 to 2300"
[1] "Chunk time = 17.5536544322968"
[1] "Processing draws 2301 to 2400"
[1] "Chunk time = 17.5062232017517"
[1] "Processing draws 2401 to 2500"
[1] "Chunk time = 17.5609121322632"
[1] "Processing draws 2501 to 2600"
[1] "Chunk time = 17.275013923645"
[1] "Processing draws 2601 to 2700"
[1] "Chunk time = 17.5517466068268"
[1] "Processing draws 2701 to 2800"
[1] "Chunk time = 17.8993077278137"
[1] "Processing draws 2801 to 2900"
[1] "Chunk time = 17.6610381603241"
[1] "Processing draws 2901 to 3000"
[1] "Chunk time = 18.5507614612579"
[1] "Processing draws 3001 to 3100"
[1] "Chunk time = 18.3138332366943"
[1] "Processing draws 3101 to 3200"
[1] "Chunk time = 19.7609124183655"
[1] "Processing draws 3201 to 3300"
[1] "Chunk time = 18.6671411991119"
[1] "Processing draws 3301 to 3400"
[1] "Chunk time = 20.6418933868408"
[1] "Processing draws 3401 to 3500"
[1] "Chunk time = 19.4847557544708"
[1] "Processing draws 3501 to 3600"
[1] "Chunk time = 20.0787193775177"
[1] "Processing draws 3601 to 3700"
[1] "Chunk time = 19.2305908203125"
[1] "Processing draws 3701 to 3800"
[1] "Chunk time = 19.7880492210388"
[1] "Processing draws 3801 to 3900"
[1] "Chunk time = 18.9240906238556"
[1] "Processing draws 3901 to 4000"
[1] "Chunk time = 19.0750906467438"
[1] "Processing draws 4001 to 4100"
[1] "Chunk time = 19.1088571548462"
[1] "Processing draws 4101 to 4200"
[1] "Chunk time = 18.9828722476959"
[1] "Processing draws 4201 to 4300"
[1] "Chunk time = 19.3031713962555"
[1] "Processing draws 4301 to 4400"
[1] "Chunk time = 19.1362934112549"
[1] "Processing draws 4401 to 4500"
[1] "Chunk time = 19.7734127044678"
[1] "Processing draws 4501 to 4600"
[1] "Chunk time = 19.3139963150024"
[1] "Processing draws 4601 to 4700"
[1] "Chunk time = 19.3477900028229"
[1] "Processing draws 4701 to 4800"
[1] "Chunk time = 19.0232014656067"
[1] "Processing draws 4801 to 4900"
[1] "Chunk time = 19.2099761962891"
[1] "Processing draws 4901 to 5000"
[1] "Chunk time = 19.9006910324097"
[1] "Processing draws 5001 to 5100"
[1] "Chunk time = 19.2887542247772"
[1] "Processing draws 5101 to 5200"
[1] "Chunk time = 19.7254550457001"
[1] "Processing draws 5201 to 5300"
[1] "Chunk time = 19.1526951789856"
[1] "Processing draws 5301 to 5400"
[1] "Chunk time = 20.0845062732697"
[1] "Processing draws 5401 to 5500"
[1] "Chunk time = 19.3887841701508"
[1] "Processing draws 5501 to 5600"
[1] "Chunk time = 19.3685758113861"
[1] "Processing draws 5601 to 5700"
[1] "Chunk time = 19.192480802536"
[1] "Processing draws 5701 to 5800"
[1] "Chunk time = 19.1494545936584"
[1] "Processing draws 5801 to 5900"
[1] "Chunk time = 19.3548130989075"
[1] "Processing draws 5901 to 6000"
[1] "Chunk time = 18.8162927627563"
[1] "Processing draws 6001 to 6100"
[1] "Chunk time = 19.8408582210541"
[1] "Processing draws 6101 to 6200"
[1] "Chunk time = 18.7982621192932"
[1] "Processing draws 6201 to 6300"
[1] "Chunk time = 19.3315975666046"
[1] "Processing draws 6301 to 6400"
[1] "Chunk time = 18.6145923137665"
[1] "Processing draws 6401 to 6500"
[1] "Chunk time = 18.8538763523102"
[1] "Processing draws 6501 to 6600"
[1] "Chunk time = 18.9991631507874"
[1] "Processing draws 6601 to 6700"
[1] "Chunk time = 18.5010061264038"
[1] "Processing draws 6701 to 6800"
[1] "Chunk time = 18.7958645820618"
[1] "Processing draws 6801 to 6900"
[1] "Chunk time = 18.6224915981293"
[1] "Processing draws 6901 to 7000"
[1] "Chunk time = 18.849517583847"
[1] "Processing draws 7001 to 7100"
[1] "Chunk time = 19.9013528823853"
[1] "Processing draws 7101 to 7200"
[1] "Chunk time = 20.2313206195831"
[1] "Processing draws 7201 to 7300"
[1] "Chunk time = 18.0285470485687"
[1] "Processing draws 7301 to 7400"
[1] "Chunk time = 18.0638291835785"
[1] "Processing draws 7401 to 7500"
[1] "Chunk time = 18.6677756309509"
[1] "Processing draws 7501 to 7600"
[1] "Chunk time = 17.9531848430634"
[1] "Processing draws 7601 to 7700"
[1] "Chunk time = 17.849301815033"
[1] "Processing draws 7701 to 7800"
[1] "Chunk time = 17.6716499328613"
[1] "Processing draws 7801 to 7900"
[1] "Chunk time = 18.144097328186"
[1] "Processing draws 7901 to 8000"
[1] "Chunk time = 18.2576792240143"
[1] "Processing draws 8001 to 8100"
[1] "Chunk time = 18.1947169303894"
[1] "Processing draws 8101 to 8200"
[1] "Chunk time = 17.3951692581177"
[1] "Processing draws 8201 to 8300"
[1] "Chunk time = 17.3742763996124"
[1] "Processing draws 8301 to 8400"
[1] "Chunk time = 17.877393245697"
[1] "Processing draws 8401 to 8500"
[1] "Chunk time = 17.535295009613"
[1] "Processing draws 8501 to 8600"
[1] "Chunk time = 18.0006873607635"
[1] "Processing draws 8601 to 8700"
[1] "Chunk time = 17.6583018302917"
[1] "Processing draws 8701 to 8800"
[1] "Chunk time = 17.6730613708496"
[1] "Processing draws 8801 to 8900"
[1] "Chunk time = 18.0471262931824"
[1] "Processing draws 8901 to 9000"
[1] "Chunk time = 19.172003030777"
[1] "Processing draws 9001 to 9100"
[1] "Chunk time = 18.1330921649933"
[1] "Processing draws 9101 to 9200"
[1] "Chunk time = 17.9221451282501"
[1] "Processing draws 9201 to 9300"
[1] "Chunk time = 18.4703042507172"
[1] "Processing draws 9301 to 9400"
[1] "Chunk time = 17.9415559768677"
[1] "Processing draws 9401 to 9500"
[1] "Chunk time = 18.1051602363586"
[1] "Processing draws 9501 to 9600"
[1] "Chunk time = 17.9752569198608"
[1] "Processing draws 9601 to 9700"
[1] "Chunk time = 18.1455862522125"
[1] "Processing draws 9701 to 9800"
[1] "Chunk time = 19.568380355835"
[1] "Processing draws 9801 to 9900"
[1] "Chunk time = 20.4083337783813"
[1] "Processing draws 9901 to 10000"
[1] "Chunk time = 19.6474642753601"
[1] "Processing draws 10001 to 10100"
[1] "Chunk time = 20.9998335838318"
[1] "Processing draws 10101 to 10200"
[1] "Chunk time = 20.5282876491547"
[1] "Processing draws 10201 to 10300"
[1] "Chunk time = 26.2079329490662"
[1] "Processing draws 10301 to 10400"
[1] "Chunk time = 20.9109494686127"
[1] "Processing draws 10401 to 10500"
[1] "Chunk time = 25.8860743045807"
[1] "Processing draws 10501 to 10600"
[1] "Chunk time = 25.9207696914673"
[1] "Processing draws 10601 to 10700"
[1] "Chunk time = 24.7797648906708"
[1] "Processing draws 10701 to 10800"
[1] "Chunk time = 22.8717155456543"
[1] "Processing draws 10801 to 10900"
[1] "Chunk time = 26.3720154762268"
[1] "Processing draws 10901 to 11000"
[1] "Chunk time = 26.662871837616"
[1] "Processing draws 11001 to 11100"
[1] "Chunk time = 26.186535358429"
[1] "Processing draws 11101 to 11200"
[1] "Chunk time = 23.9943618774414"
[1] "Processing draws 11201 to 11300"
[1] "Chunk time = 24.6371488571167"
[1] "Processing draws 11301 to 11400"
[1] "Chunk time = 22.9812710285187"
[1] "Processing draws 11401 to 11500"
[1] "Chunk time = 26.6644885540009"
[1] "Processing draws 11501 to 11600"
[1] "Chunk time = 26.070380449295"
[1] "Processing draws 11601 to 11700"
[1] "Chunk time = 22.4735836982727"
[1] "Processing draws 11701 to 11800"
[1] "Chunk time = 24.5552248954773"
[1] "Processing draws 11801 to 11900"
[1] "Chunk time = 19.7458691596985"
[1] "Processing draws 11901 to 12000"
[1] "Chunk time = 20.5507493019104"
[1] "Processing draws 12001 to 12100"
[1] "Chunk time = 19.6756308078766"
[1] "Processing draws 12101 to 12200"
[1] "Chunk time = 19.0397193431854"
[1] "Processing draws 12201 to 12300"
[1] "Chunk time = 19.7854435443878"
[1] "Processing draws 12301 to 12400"
[1] "Chunk time = 19.4563338756561"
[1] "Processing draws 12401 to 12500"
[1] "Chunk time = 19.5413281917572"
[1] "Processing draws 12501 to 12600"
[1] "Chunk time = 19.8497176170349"
[1] "Processing draws 12601 to 12700"
[1] "Chunk time = 22.4345633983612"
[1] "Processing draws 12701 to 12800"
[1] "Chunk time = 26.2802217006683"
[1] "Processing draws 12801 to 12900"
[1] "Chunk time = 26.0517299175262"
[1] "Processing draws 12901 to 13000"
[1] "Chunk time = 25.6507041454315"
[1] "Processing draws 13001 to 13100"
[1] "Chunk time = 25.708966255188"
[1] "Processing draws 13101 to 13200"
[1] "Chunk time = 19.0273842811584"
[1] "Processing draws 13201 to 13300"
[1] "Chunk time = 25.702653169632"
[1] "Processing draws 13301 to 13400"
[1] "Chunk time = 22.7633864879608"
[1] "Processing draws 13401 to 13500"
[1] "Chunk time = 19.2169830799103"
[1] "Processing draws 13501 to 13600"
[1] "Chunk time = 25.3911311626434"
[1] "Processing draws 13601 to 13700"
[1] "Chunk time = 20.6102201938629"
[1] "Processing draws 13701 to 13800"
[1] "Chunk time = 19.9223971366882"
[1] "Processing draws 13801 to 13900"
[1] "Chunk time = 26.7060816287994"
[1] "Processing draws 13901 to 14000"
[1] "Chunk time = 20.6670255661011"
[1] "Processing draws 14001 to 14100"
[1] "Chunk time = 19.7653477191925"
[1] "Processing draws 14101 to 14200"
[1] "Chunk time = 19.7894401550293"
[1] "Processing draws 14201 to 14300"
[1] "Chunk time = 19.9055874347687"
[1] "Processing draws 14301 to 14400"
[1] "Chunk time = 20.3857438564301"
[1] "Processing draws 14401 to 14500"
[1] "Chunk time = 19.6129381656647"
[1] "Processing draws 14501 to 14600"
[1] "Chunk time = 19.7293667793274"
[1] "Processing draws 14601 to 14700"
[1] "Chunk time = 19.8905801773071"
[1] "Processing draws 14701 to 14800"
[1] "Chunk time = 19.7737455368042"
[1] "Processing draws 14801 to 14900"
[1] "Chunk time = 19.6400301456451"
[1] "Processing draws 14901 to 15000"
[1] "Chunk time = 25.6912152767181"
[1] "Processing draws 15001 to 15100"
[1] "Chunk time = 26.5921142101288"
[1] "Processing draws 15101 to 15200"
[1] "Chunk time = 25.8047344684601"
[1] "Processing draws 15201 to 15300"
[1] "Chunk time = 25.9990429878235"
[1] "Processing draws 15301 to 15400"
[1] "Chunk time = 25.8107039928436"
[1] "Processing draws 15401 to 15500"
[1] "Chunk time = 26.589616060257"
[1] "Processing draws 15501 to 15600"
[1] "Chunk time = 24.9268126487732"
[1] "Processing draws 15601 to 15700"
[1] "Chunk time = 22.6187300682068"
[1] "Processing draws 15701 to 15800"
[1] "Chunk time = 24.5188369750977"
[1] "Processing draws 15801 to 15900"
[1] "Chunk time = 25.8129456043243"
[1] "Processing draws 15901 to 16000"
[1] "Chunk time = 19.6385283470154"
[1] "Processing draws 16001 to 16100"
[1] "Chunk time = 19.1869525909424"
[1] "Processing draws 16101 to 16200"
[1] "Chunk time = 18.301718711853"
[1] "Processing draws 16201 to 16300"
[1] "Chunk time = 18.527512550354"
[1] "Processing draws 16301 to 16400"
[1] "Chunk time = 17.8188710212708"
[1] "Processing draws 16401 to 16500"
[1] "Chunk time = 18.392715215683"
[1] "Processing draws 16501 to 16600"
[1] "Chunk time = 18.4478070735931"
[1] "Processing draws 16601 to 16700"
[1] "Chunk time = 18.3762843608856"
[1] "Processing draws 16701 to 16800"
[1] "Chunk time = 18.646388053894"
[1] "Processing draws 16801 to 16900"
[1] "Chunk time = 18.3661711215973"
[1] "Processing draws 16901 to 17000"
[1] "Chunk time = 18.368997335434"
[1] "Processing draws 17001 to 17100"
[1] "Chunk time = 18.7114815711975"
[1] "Processing draws 17101 to 17200"
[1] "Chunk time = 18.571254491806"
[1] "Processing draws 17201 to 17300"
[1] "Chunk time = 18.1713814735413"
[1] "Processing draws 17301 to 17400"
[1] "Chunk time = 18.4604091644287"
[1] "Processing draws 17401 to 17500"
[1] "Chunk time = 18.4025208950043"
[1] "Processing draws 17501 to 17600"
[1] "Chunk time = 18.6878757476807"
[1] "Processing draws 17601 to 17700"
[1] "Chunk time = 18.6139266490936"
[1] "Processing draws 17701 to 17800"
[1] "Chunk time = 20.1688239574432"
[1] "Processing draws 17801 to 17900"
[1] "Chunk time = 18.3995954990387"
[1] "Processing draws 17901 to 18000"
[1] "Chunk time = 18.7023723125458"
[1] "Processing draws 18001 to 18100"
[1] "Chunk time = 18.7648944854736"
[1] "Processing draws 18101 to 18200"
[1] "Chunk time = 18.5117087364197"
[1] "Processing draws 18201 to 18300"
[1] "Chunk time = 18.9442267417908"
[1] "Processing draws 18301 to 18400"
[1] "Chunk time = 18.652932882309"
[1] "Processing draws 18401 to 18500"
[1] "Chunk time = 18.3812682628632"
[1] "Processing draws 18501 to 18600"
[1] "Chunk time = 18.5716180801392"
[1] "Processing draws 18601 to 18700"
[1] "Chunk time = 18.7027831077576"
[1] "Processing draws 18701 to 18800"
[1] "Chunk time = 18.13813829422"
[1] "Processing draws 18801 to 18900"
[1] "Chunk time = 18.7141995429993"
[1] "Processing draws 18901 to 19000"
[1] "Chunk time = 18.6030595302582"
[1] "Processing draws 19001 to 19100"
[1] "Chunk time = 18.473096370697"
[1] "Processing draws 19101 to 19200"
[1] "Chunk time = 18.4056484699249"
[1] "Processing draws 19201 to 19300"
[1] "Chunk time = 18.6618506908417"
[1] "Processing draws 19301 to 19400"
[1] "Chunk time = 18.53071808815"
[1] "Processing draws 19401 to 19500"
[1] "Chunk time = 18.823746919632"
[1] "Processing draws 19501 to 19600"
[1] "Chunk time = 18.8299129009247"
[1] "Processing draws 19601 to 19700"
[1] "Chunk time = 18.5314707756042"
[1] "Processing draws 19701 to 19800"
[1] "Chunk time = 18.8324997425079"
[1] "Processing draws 19801 to 19900"
[1] "Chunk time = 18.8447332382202"
[1] "Processing draws 19901 to 20000"
[1] "Chunk time = 18.3954510688782"
[1] "done lapplying"
[1] "Saving current params"
[1] "Saving params to output.rds"
[1] TRUE
