[1] "Starting sampling."
Running MCMC with 4 parallel chains, with 4 thread(s) per chain...

Chain 4 Iteration:    1 / 6000 [  0%]  (Warmup) 
Chain 1 Iteration:    1 / 6000 [  0%]  (Warmup) 
Chain 2 Iteration:    1 / 6000 [  0%]  (Warmup) 
Chain 3 Iteration:    1 / 6000 [  0%]  (Warmup) 
Chain 4 Iteration:  100 / 6000 [  1%]  (Warmup) 
Chain 2 Iteration:  100 / 6000 [  1%]  (Warmup) 
Chain 1 Iteration:  100 / 6000 [  1%]  (Warmup) 
Chain 3 Iteration:  100 / 6000 [  1%]  (Warmup) 
Chain 4 Iteration:  200 / 6000 [  3%]  (Warmup) 
Chain 2 Iteration:  200 / 6000 [  3%]  (Warmup) 
Chain 1 Iteration:  200 / 6000 [  3%]  (Warmup) 
Chain 3 Iteration:  200 / 6000 [  3%]  (Warmup) 
Chain 4 Iteration:  300 / 6000 [  5%]  (Warmup) 
Chain 1 Iteration:  300 / 6000 [  5%]  (Warmup) 
Chain 2 Iteration:  300 / 6000 [  5%]  (Warmup) 
Chain 4 Iteration:  400 / 6000 [  6%]  (Warmup) 
Chain 3 Iteration:  300 / 6000 [  5%]  (Warmup) 
Chain 1 Iteration:  400 / 6000 [  6%]  (Warmup) 
Chain 2 Iteration:  400 / 6000 [  6%]  (Warmup) 
Chain 1 Iteration:  500 / 6000 [  8%]  (Warmup) 
Chain 3 Iteration:  400 / 6000 [  6%]  (Warmup) 
Chain 4 Iteration:  500 / 6000 [  8%]  (Warmup) 
Chain 2 Iteration:  500 / 6000 [  8%]  (Warmup) 
Chain 1 Iteration:  600 / 6000 [ 10%]  (Warmup) 
Chain 4 Iteration:  600 / 6000 [ 10%]  (Warmup) 
Chain 3 Iteration:  500 / 6000 [  8%]  (Warmup) 
Chain 2 Iteration:  600 / 6000 [ 10%]  (Warmup) 
Chain 1 Iteration:  700 / 6000 [ 11%]  (Warmup) 
Chain 4 Iteration:  700 / 6000 [ 11%]  (Warmup) 
Chain 3 Iteration:  600 / 6000 [ 10%]  (Warmup) 
Chain 2 Iteration:  700 / 6000 [ 11%]  (Warmup) 
Chain 1 Iteration:  800 / 6000 [ 13%]  (Warmup) 
Chain 4 Iteration:  800 / 6000 [ 13%]  (Warmup) 
Chain 3 Iteration:  700 / 6000 [ 11%]  (Warmup) 
Chain 2 Iteration:  800 / 6000 [ 13%]  (Warmup) 
Chain 1 Iteration:  900 / 6000 [ 15%]  (Warmup) 
Chain 4 Iteration:  900 / 6000 [ 15%]  (Warmup) 
Chain 2 Iteration:  900 / 6000 [ 15%]  (Warmup) 
Chain 3 Iteration:  800 / 6000 [ 13%]  (Warmup) 
Chain 1 Iteration: 1000 / 6000 [ 16%]  (Warmup) 
Chain 1 Iteration: 1001 / 6000 [ 16%]  (Sampling) 
Chain 4 Iteration: 1000 / 6000 [ 16%]  (Warmup) 
Chain 4 Iteration: 1001 / 6000 [ 16%]  (Sampling) 
Chain 3 Iteration:  900 / 6000 [ 15%]  (Warmup) 
Chain 2 Iteration: 1000 / 6000 [ 16%]  (Warmup) 
Chain 2 Iteration: 1001 / 6000 [ 16%]  (Sampling) 
Chain 1 Iteration: 1100 / 6000 [ 18%]  (Sampling) 
Chain 3 Iteration: 1000 / 6000 [ 16%]  (Warmup) 
Chain 3 Iteration: 1001 / 6000 [ 16%]  (Sampling) 
Chain 4 Iteration: 1100 / 6000 [ 18%]  (Sampling) 
Chain 2 Iteration: 1100 / 6000 [ 18%]  (Sampling) 
Chain 1 Iteration: 1200 / 6000 [ 20%]  (Sampling) 
Chain 3 Iteration: 1100 / 6000 [ 18%]  (Sampling) 
Chain 4 Iteration: 1200 / 6000 [ 20%]  (Sampling) 
Chain 2 Iteration: 1200 / 6000 [ 20%]  (Sampling) 
Chain 1 Iteration: 1300 / 6000 [ 21%]  (Sampling) 
Chain 3 Iteration: 1200 / 6000 [ 20%]  (Sampling) 
Chain 4 Iteration: 1300 / 6000 [ 21%]  (Sampling) 
Chain 2 Iteration: 1300 / 6000 [ 21%]  (Sampling) 
Chain 1 Iteration: 1400 / 6000 [ 23%]  (Sampling) 
Chain 3 Iteration: 1300 / 6000 [ 21%]  (Sampling) 
Chain 4 Iteration: 1400 / 6000 [ 23%]  (Sampling) 
Chain 2 Iteration: 1400 / 6000 [ 23%]  (Sampling) 
Chain 1 Iteration: 1500 / 6000 [ 25%]  (Sampling) 
Chain 3 Iteration: 1400 / 6000 [ 23%]  (Sampling) 
Chain 4 Iteration: 1500 / 6000 [ 25%]  (Sampling) 
Chain 2 Iteration: 1500 / 6000 [ 25%]  (Sampling) 
Chain 1 Iteration: 1600 / 6000 [ 26%]  (Sampling) 
Chain 3 Iteration: 1500 / 6000 [ 25%]  (Sampling) 
Chain 1 Iteration: 1700 / 6000 [ 28%]  (Sampling) 
Chain 4 Iteration: 1600 / 6000 [ 26%]  (Sampling) 
Chain 2 Iteration: 1600 / 6000 [ 26%]  (Sampling) 
Chain 1 Iteration: 1800 / 6000 [ 30%]  (Sampling) 
Chain 3 Iteration: 1600 / 6000 [ 26%]  (Sampling) 
Chain 4 Iteration: 1700 / 6000 [ 28%]  (Sampling) 
Chain 2 Iteration: 1700 / 6000 [ 28%]  (Sampling) 
Chain 1 Iteration: 1900 / 6000 [ 31%]  (Sampling) 
Chain 3 Iteration: 1700 / 6000 [ 28%]  (Sampling) 
Chain 4 Iteration: 1800 / 6000 [ 30%]  (Sampling) 
Chain 2 Iteration: 1800 / 6000 [ 30%]  (Sampling) 
Chain 1 Iteration: 2000 / 6000 [ 33%]  (Sampling) 
Chain 3 Iteration: 1800 / 6000 [ 30%]  (Sampling) 
Chain 2 Iteration: 1900 / 6000 [ 31%]  (Sampling) 
Chain 4 Iteration: 1900 / 6000 [ 31%]  (Sampling) 
Chain 1 Iteration: 2100 / 6000 [ 35%]  (Sampling) 
Chain 3 Iteration: 1900 / 6000 [ 31%]  (Sampling) 
Chain 2 Iteration: 2000 / 6000 [ 33%]  (Sampling) 
Chain 4 Iteration: 2000 / 6000 [ 33%]  (Sampling) 
Chain 1 Iteration: 2200 / 6000 [ 36%]  (Sampling) 
Chain 3 Iteration: 2000 / 6000 [ 33%]  (Sampling) 
Chain 2 Iteration: 2100 / 6000 [ 35%]  (Sampling) 
Chain 4 Iteration: 2100 / 6000 [ 35%]  (Sampling) 
Chain 1 Iteration: 2300 / 6000 [ 38%]  (Sampling) 
Chain 3 Iteration: 2100 / 6000 [ 35%]  (Sampling) 
Chain 2 Iteration: 2200 / 6000 [ 36%]  (Sampling) 
Chain 4 Iteration: 2200 / 6000 [ 36%]  (Sampling) 
Chain 3 Iteration: 2200 / 6000 [ 36%]  (Sampling) 
Chain 1 Iteration: 2400 / 6000 [ 40%]  (Sampling) 
Chain 2 Iteration: 2300 / 6000 [ 38%]  (Sampling) 
Chain 4 Iteration: 2300 / 6000 [ 38%]  (Sampling) 
Chain 3 Iteration: 2300 / 6000 [ 38%]  (Sampling) 
Chain 1 Iteration: 2500 / 6000 [ 41%]  (Sampling) 
Chain 2 Iteration: 2400 / 6000 [ 40%]  (Sampling) 
Chain 4 Iteration: 2400 / 6000 [ 40%]  (Sampling) 
Chain 1 Iteration: 2600 / 6000 [ 43%]  (Sampling) 
Chain 3 Iteration: 2400 / 6000 [ 40%]  (Sampling) 
Chain 2 Iteration: 2500 / 6000 [ 41%]  (Sampling) 
Chain 4 Iteration: 2500 / 6000 [ 41%]  (Sampling) 
Chain 1 Iteration: 2700 / 6000 [ 45%]  (Sampling) 
Chain 3 Iteration: 2500 / 6000 [ 41%]  (Sampling) 
Chain 2 Iteration: 2600 / 6000 [ 43%]  (Sampling) 
Chain 4 Iteration: 2600 / 6000 [ 43%]  (Sampling) 
Chain 1 Iteration: 2800 / 6000 [ 46%]  (Sampling) 
Chain 3 Iteration: 2600 / 6000 [ 43%]  (Sampling) 
Chain 2 Iteration: 2700 / 6000 [ 45%]  (Sampling) 
Chain 4 Iteration: 2700 / 6000 [ 45%]  (Sampling) 
Chain 1 Iteration: 2900 / 6000 [ 48%]  (Sampling) 
Chain 3 Iteration: 2700 / 6000 [ 45%]  (Sampling) 
Chain 2 Iteration: 2800 / 6000 [ 46%]  (Sampling) 
Chain 4 Iteration: 2800 / 6000 [ 46%]  (Sampling) 
Chain 1 Iteration: 3000 / 6000 [ 50%]  (Sampling) 
Chain 3 Iteration: 2800 / 6000 [ 46%]  (Sampling) 
Chain 2 Iteration: 2900 / 6000 [ 48%]  (Sampling) 
Chain 4 Iteration: 2900 / 6000 [ 48%]  (Sampling) 
Chain 1 Iteration: 3100 / 6000 [ 51%]  (Sampling) 
Chain 3 Iteration: 2900 / 6000 [ 48%]  (Sampling) 
Chain 2 Iteration: 3000 / 6000 [ 50%]  (Sampling) 
Chain 4 Iteration: 3000 / 6000 [ 50%]  (Sampling) 
Chain 1 Iteration: 3200 / 6000 [ 53%]  (Sampling) 
Chain 3 Iteration: 3000 / 6000 [ 50%]  (Sampling) 
Chain 2 Iteration: 3100 / 6000 [ 51%]  (Sampling) 
Chain 4 Iteration: 3100 / 6000 [ 51%]  (Sampling) 
Chain 1 Iteration: 3300 / 6000 [ 55%]  (Sampling) 
Chain 3 Iteration: 3100 / 6000 [ 51%]  (Sampling) 
Chain 2 Iteration: 3200 / 6000 [ 53%]  (Sampling) 
Chain 4 Iteration: 3200 / 6000 [ 53%]  (Sampling) 
Chain 1 Iteration: 3400 / 6000 [ 56%]  (Sampling) 
Chain 3 Iteration: 3200 / 6000 [ 53%]  (Sampling) 
Chain 2 Iteration: 3300 / 6000 [ 55%]  (Sampling) 
Chain 4 Iteration: 3300 / 6000 [ 55%]  (Sampling) 
Chain 1 Iteration: 3500 / 6000 [ 58%]  (Sampling) 
Chain 2 Iteration: 3400 / 6000 [ 56%]  (Sampling) 
Chain 3 Iteration: 3300 / 6000 [ 55%]  (Sampling) 
Chain 4 Iteration: 3400 / 6000 [ 56%]  (Sampling) 
Chain 1 Iteration: 3600 / 6000 [ 60%]  (Sampling) 
Chain 2 Iteration: 3500 / 6000 [ 58%]  (Sampling) 
Chain 3 Iteration: 3400 / 6000 [ 56%]  (Sampling) 
Chain 4 Iteration: 3500 / 6000 [ 58%]  (Sampling) 
Chain 2 Iteration: 3600 / 6000 [ 60%]  (Sampling) 
Chain 1 Iteration: 3700 / 6000 [ 61%]  (Sampling) 
Chain 3 Iteration: 3500 / 6000 [ 58%]  (Sampling) 
Chain 2 Iteration: 3700 / 6000 [ 61%]  (Sampling) 
Chain 4 Iteration: 3600 / 6000 [ 60%]  (Sampling) 
Chain 1 Iteration: 3800 / 6000 [ 63%]  (Sampling) 
Chain 3 Iteration: 3600 / 6000 [ 60%]  (Sampling) 
Chain 2 Iteration: 3800 / 6000 [ 63%]  (Sampling) 
Chain 4 Iteration: 3700 / 6000 [ 61%]  (Sampling) 
Chain 1 Iteration: 3900 / 6000 [ 65%]  (Sampling) 
Chain 3 Iteration: 3700 / 6000 [ 61%]  (Sampling) 
Chain 2 Iteration: 3900 / 6000 [ 65%]  (Sampling) 
Chain 4 Iteration: 3800 / 6000 [ 63%]  (Sampling) 
Chain 1 Iteration: 4000 / 6000 [ 66%]  (Sampling) 
Chain 3 Iteration: 3800 / 6000 [ 63%]  (Sampling) 
Chain 2 Iteration: 4000 / 6000 [ 66%]  (Sampling) 
Chain 4 Iteration: 3900 / 6000 [ 65%]  (Sampling) 
Chain 1 Iteration: 4100 / 6000 [ 68%]  (Sampling) 
Chain 3 Iteration: 3900 / 6000 [ 65%]  (Sampling) 
Chain 2 Iteration: 4100 / 6000 [ 68%]  (Sampling) 
Chain 4 Iteration: 4000 / 6000 [ 66%]  (Sampling) 
Chain 1 Iteration: 4200 / 6000 [ 70%]  (Sampling) 
Chain 2 Iteration: 4200 / 6000 [ 70%]  (Sampling) 
Chain 3 Iteration: 4000 / 6000 [ 66%]  (Sampling) 
Chain 4 Iteration: 4100 / 6000 [ 68%]  (Sampling) 
Chain 2 Iteration: 4300 / 6000 [ 71%]  (Sampling) 
Chain 1 Iteration: 4300 / 6000 [ 71%]  (Sampling) 
Chain 3 Iteration: 4100 / 6000 [ 68%]  (Sampling) 
Chain 2 Iteration: 4400 / 6000 [ 73%]  (Sampling) 
Chain 4 Iteration: 4200 / 6000 [ 70%]  (Sampling) 
Chain 1 Iteration: 4400 / 6000 [ 73%]  (Sampling) 
Chain 3 Iteration: 4200 / 6000 [ 70%]  (Sampling) 
Chain 2 Iteration: 4500 / 6000 [ 75%]  (Sampling) 
Chain 4 Iteration: 4300 / 6000 [ 71%]  (Sampling) 
Chain 1 Iteration: 4500 / 6000 [ 75%]  (Sampling) 
Chain 3 Iteration: 4300 / 6000 [ 71%]  (Sampling) 
Chain 2 Iteration: 4600 / 6000 [ 76%]  (Sampling) 
Chain 4 Iteration: 4400 / 6000 [ 73%]  (Sampling) 
Chain 1 Iteration: 4600 / 6000 [ 76%]  (Sampling) 
Chain 3 Iteration: 4400 / 6000 [ 73%]  (Sampling) 
Chain 2 Iteration: 4700 / 6000 [ 78%]  (Sampling) 
Chain 4 Iteration: 4500 / 6000 [ 75%]  (Sampling) 
Chain 1 Iteration: 4700 / 6000 [ 78%]  (Sampling) 
Chain 3 Iteration: 4500 / 6000 [ 75%]  (Sampling) 
Chain 2 Iteration: 4800 / 6000 [ 80%]  (Sampling) 
Chain 4 Iteration: 4600 / 6000 [ 76%]  (Sampling) 
Chain 1 Iteration: 4800 / 6000 [ 80%]  (Sampling) 
Chain 3 Iteration: 4600 / 6000 [ 76%]  (Sampling) 
Chain 2 Iteration: 4900 / 6000 [ 81%]  (Sampling) 
Chain 4 Iteration: 4700 / 6000 [ 78%]  (Sampling) 
Chain 1 Iteration: 4900 / 6000 [ 81%]  (Sampling) 
Chain 3 Iteration: 4700 / 6000 [ 78%]  (Sampling) 
Chain 2 Iteration: 5000 / 6000 [ 83%]  (Sampling) 
Chain 4 Iteration: 4800 / 6000 [ 80%]  (Sampling) 
Chain 1 Iteration: 5000 / 6000 [ 83%]  (Sampling) 
Chain 3 Iteration: 4800 / 6000 [ 80%]  (Sampling) 
Chain 4 Iteration: 4900 / 6000 [ 81%]  (Sampling) 
Chain 2 Iteration: 5100 / 6000 [ 85%]  (Sampling) 
Chain 1 Iteration: 5100 / 6000 [ 85%]  (Sampling) 
Chain 3 Iteration: 4900 / 6000 [ 81%]  (Sampling) 
Chain 4 Iteration: 5000 / 6000 [ 83%]  (Sampling) 
Chain 2 Iteration: 5200 / 6000 [ 86%]  (Sampling) 
Chain 1 Iteration: 5200 / 6000 [ 86%]  (Sampling) 
Chain 3 Iteration: 5000 / 6000 [ 83%]  (Sampling) 
Chain 4 Iteration: 5100 / 6000 [ 85%]  (Sampling) 
Chain 2 Iteration: 5300 / 6000 [ 88%]  (Sampling) 
Chain 1 Iteration: 5300 / 6000 [ 88%]  (Sampling) 
Chain 3 Iteration: 5100 / 6000 [ 85%]  (Sampling) 
Chain 2 Iteration: 5400 / 6000 [ 90%]  (Sampling) 
Chain 4 Iteration: 5200 / 6000 [ 86%]  (Sampling) 
Chain 1 Iteration: 5400 / 6000 [ 90%]  (Sampling) 
Chain 2 Iteration: 5500 / 6000 [ 91%]  (Sampling) 
Chain 3 Iteration: 5200 / 6000 [ 86%]  (Sampling) 
Chain 4 Iteration: 5300 / 6000 [ 88%]  (Sampling) 
Chain 1 Iteration: 5500 / 6000 [ 91%]  (Sampling) 
Chain 2 Iteration: 5600 / 6000 [ 93%]  (Sampling) 
Chain 3 Iteration: 5300 / 6000 [ 88%]  (Sampling) 
Chain 4 Iteration: 5400 / 6000 [ 90%]  (Sampling) 
Chain 2 Iteration: 5700 / 6000 [ 95%]  (Sampling) 
Chain 1 Iteration: 5600 / 6000 [ 93%]  (Sampling) 
Chain 3 Iteration: 5400 / 6000 [ 90%]  (Sampling) 
Chain 4 Iteration: 5500 / 6000 [ 91%]  (Sampling) 
Chain 2 Iteration: 5800 / 6000 [ 96%]  (Sampling) 
Chain 1 Iteration: 5700 / 6000 [ 95%]  (Sampling) 
Chain 2 Iteration: 5900 / 6000 [ 98%]  (Sampling) 
Chain 3 Iteration: 5500 / 6000 [ 91%]  (Sampling) 
Chain 4 Iteration: 5600 / 6000 [ 93%]  (Sampling) 
Chain 1 Iteration: 5800 / 6000 [ 96%]  (Sampling) 
Chain 2 Iteration: 6000 / 6000 [100%]  (Sampling) 
Chain 2 finished in 25046.2 seconds.
Chain 3 Iteration: 5600 / 6000 [ 93%]  (Sampling) 
Chain 4 Iteration: 5700 / 6000 [ 95%]  (Sampling) 
Chain 1 Iteration: 5900 / 6000 [ 98%]  (Sampling) 
Chain 3 Iteration: 5700 / 6000 [ 95%]  (Sampling) 
Chain 4 Iteration: 5800 / 6000 [ 96%]  (Sampling) 
Chain 1 Iteration: 6000 / 6000 [100%]  (Sampling) 
Chain 1 finished in 25661.7 seconds.
Chain 3 Iteration: 5800 / 6000 [ 96%]  (Sampling) 
Chain 4 Iteration: 5900 / 6000 [ 98%]  (Sampling) 
Chain 3 Iteration: 5900 / 6000 [ 98%]  (Sampling) 
Chain 4 Iteration: 6000 / 6000 [100%]  (Sampling) 
Chain 4 finished in 26204.4 seconds.
Chain 3 Iteration: 6000 / 6000 [100%]  (Sampling) 
Chain 3 finished in 26429.7 seconds.

All 4 chains finished successfully.
Mean chain execution time: 25835.5 seconds.
Total execution time: 26430.7 seconds.

[1] "Processing draws 1 to 100"
[1] "Chunk time = 3.23815762996674"
[1] "Processing draws 101 to 200"
[1] "Chunk time = 2.27931945323944"
[1] "Processing draws 201 to 300"
[1] "Chunk time = 2.45266329844793"
[1] "Processing draws 301 to 400"
[1] "Chunk time = 2.085773396492"
[1] "Processing draws 401 to 500"
[1] "Chunk time = 2.00628666877747"
[1] "Processing draws 501 to 600"
[1] "Chunk time = 1.99854103724162"
[1] "Processing draws 601 to 700"
[1] "Chunk time = 1.99656985203425"
[1] "Processing draws 701 to 800"
[1] "Chunk time = 2.11874167521795"
[1] "Processing draws 801 to 900"
[1] "Chunk time = 1.9703822573026"
[1] "Processing draws 901 to 1000"
[1] "Chunk time = 2.03685337702433"
[1] "Processing draws 1001 to 1100"
[1] "Chunk time = 1.99028520186742"
[1] "Processing draws 1101 to 1200"
[1] "Chunk time = 2.02770643234253"
[1] "Processing draws 1201 to 1300"
[1] "Chunk time = 2.06550784905752"
[1] "Processing draws 1301 to 1400"
[1] "Chunk time = 1.97116767565409"
[1] "Processing draws 1401 to 1500"
[1] "Chunk time = 1.97448035081228"
[1] "Processing draws 1501 to 1600"
[1] "Chunk time = 2.05991348822912"
[1] "Processing draws 1601 to 1700"
[1] "Chunk time = 1.95817007223765"
[1] "Processing draws 1701 to 1800"
[1] "Chunk time = 1.91766435702642"
[1] "Processing draws 1801 to 1900"
[1] "Chunk time = 2.06910298268"
[1] "Processing draws 1901 to 2000"
[1] "Chunk time = 1.97399899164836"
[1] "Processing draws 2001 to 2100"
[1] "Chunk time = 1.92619870503743"
[1] "Processing draws 2101 to 2200"
[1] "Chunk time = 2.07861060301463"
[1] "Processing draws 2201 to 2300"
[1] "Chunk time = 1.97362407445908"
[1] "Processing draws 2301 to 2400"
[1] "Chunk time = 1.93759057919184"
[1] "Processing draws 2401 to 2500"
[1] "Chunk time = 2.0836079398791"
[1] "Processing draws 2501 to 2600"
[1] "Chunk time = 1.97927389144897"
[1] "Processing draws 2601 to 2700"
[1] "Chunk time = 1.9142237106959"
[1] "Processing draws 2701 to 2800"
[1] "Chunk time = 2.09342538913091"
[1] "Processing draws 2801 to 2900"
[1] "Chunk time = 1.96819126208623"
[1] "Processing draws 2901 to 3000"
[1] "Chunk time = 1.95347887674967"
[1] "Processing draws 3001 to 3100"
[1] "Chunk time = 2.08107914924622"
[1] "Processing draws 3101 to 3200"
[1] "Chunk time = 1.9726219534874"
[1] "Processing draws 3201 to 3300"
[1] "Chunk time = 1.95997197230657"
[1] "Processing draws 3301 to 3400"
[1] "Chunk time = 2.12115129629771"
[1] "Processing draws 3401 to 3500"
[1] "Chunk time = 1.98694336016973"
[1] "Processing draws 3501 to 3600"
[1] "Chunk time = 1.92121450503667"
[1] "Processing draws 3601 to 3700"
[1] "Chunk time = 2.11595960060755"
[1] "Processing draws 3701 to 3800"
[1] "Chunk time = 1.95735309123993"
[1] "Processing draws 3801 to 3900"
[1] "Chunk time = 1.95733887751897"
[1] "Processing draws 3901 to 4000"
[1] "Chunk time = 2.10683044989904"
[1] "Processing draws 4001 to 4100"
[1] "Chunk time = 2.03472156127294"
[1] "Processing draws 4101 to 4200"
[1] "Chunk time = 1.95630204677582"
[1] "Processing draws 4201 to 4300"
[1] "Chunk time = 2.09674756924311"
[1] "Processing draws 4301 to 4400"
[1] "Chunk time = 1.96001248757044"
[1] "Processing draws 4401 to 4500"
[1] "Chunk time = 1.95561029911041"
[1] "Processing draws 4501 to 4600"
[1] "Chunk time = 2.1002970735232"
[1] "Processing draws 4601 to 4700"
[1] "Chunk time = 2.00923111438751"
[1] "Processing draws 4701 to 4800"
[1] "Chunk time = 1.99925535917282"
[1] "Processing draws 4801 to 4900"
[1] "Chunk time = 2.10588983297348"
[1] "Processing draws 4901 to 5000"
[1] "Chunk time = 1.95836894512177"
[1] "Processing draws 5001 to 5100"
[1] "Chunk time = 1.95427664518356"
[1] "Processing draws 5101 to 5200"
[1] "Chunk time = 2.10641187826792"
[1] "Processing draws 5201 to 5300"
[1] "Chunk time = 1.99184159437815"
[1] "Processing draws 5301 to 5400"
[1] "Chunk time = 1.97697632312775"
[1] "Processing draws 5401 to 5500"
[1] "Chunk time = 2.11130162080129"
[1] "Processing draws 5501 to 5600"
[1] "Chunk time = 1.95902282794317"
[1] "Processing draws 5601 to 5700"
[1] "Chunk time = 1.88796273867289"
[1] "Processing draws 5701 to 5800"
[1] "Chunk time = 2.10680687427521"
[1] "Processing draws 5801 to 5900"
[1] "Chunk time = 1.95377442439397"
[1] "Processing draws 5901 to 6000"
[1] "Chunk time = 1.99310640891393"
[1] "Processing draws 6001 to 6100"
[1] "Chunk time = 2.11165239413579"
[1] "Processing draws 6101 to 6200"
[1] "Chunk time = 1.97833179632823"
[1] "Processing draws 6201 to 6300"
[1] "Chunk time = 1.9588217775027"
[1] "Processing draws 6301 to 6400"
[1] "Chunk time = 2.09438573916753"
[1] "Processing draws 6401 to 6500"
[1] "Chunk time = 1.98440822760264"
[1] "Processing draws 6501 to 6600"
[1] "Chunk time = 1.91993955373764"
[1] "Processing draws 6601 to 6700"
[1] "Chunk time = 2.1017454902331"
[1] "Processing draws 6701 to 6800"
[1] "Chunk time = 2.02095187902451"
[1] "Processing draws 6801 to 6900"
[1] "Chunk time = 2.00380769570669"
[1] "Processing draws 6901 to 7000"
[1] "Chunk time = 2.09677935838699"
[1] "Processing draws 7001 to 7100"
[1] "Chunk time = 1.94710204601288"
[1] "Processing draws 7101 to 7200"
[1] "Chunk time = 1.92438618739446"
[1] "Processing draws 7201 to 7300"
[1] "Chunk time = 2.09450050195058"
[1] "Processing draws 7301 to 7400"
[1] "Chunk time = 1.97149121363958"
[1] "Processing draws 7401 to 7500"
[1] "Chunk time = 1.99348573684692"
[1] "Processing draws 7501 to 7600"
[1] "Chunk time = 2.05156734784444"
[1] "Processing draws 7601 to 7700"
[1] "Chunk time = 1.94934304952621"
[1] "Processing draws 7701 to 7800"
[1] "Chunk time = 1.9272109468778"
[1] "Processing draws 7801 to 7900"
[1] "Chunk time = 1.9858659307162"
[1] "Processing draws 7901 to 8000"
[1] "Chunk time = 1.91898786226908"
[1] "Processing draws 8001 to 8100"
[1] "Chunk time = 1.95940297444661"
[1] "Processing draws 8101 to 8200"
[1] "Chunk time = 2.01043658256531"
[1] "Processing draws 8201 to 8300"
[1] "Chunk time = 1.9822519659996"
[1] "Processing draws 8301 to 8400"
[1] "Chunk time = 1.92130895853043"
[1] "Processing draws 8401 to 8500"
[1] "Chunk time = 1.96644593874613"
[1] "Processing draws 8501 to 8600"
[1] "Chunk time = 1.91627711057663"
[1] "Processing draws 8601 to 8700"
[1] "Chunk time = 1.88449328343074"
[1] "Processing draws 8701 to 8800"
[1] "Chunk time = 2.06224337816238"
[1] "Processing draws 8801 to 8900"
[1] "Chunk time = 2.012597544988"
[1] "Processing draws 8901 to 9000"
[1] "Chunk time = 2.03547492424647"
[1] "Processing draws 9001 to 9100"
[1] "Chunk time = 2.0043344895045"
[1] "Processing draws 9101 to 9200"
[1] "Chunk time = 1.97022955814997"
[1] "Processing draws 9201 to 9300"
[1] "Chunk time = 1.94626005093257"
[1] "Processing draws 9301 to 9400"
[1] "Chunk time = 1.93792501290639"
[1] "Processing draws 9401 to 9500"
[1] "Chunk time = 1.96382893323898"
[1] "Processing draws 9501 to 9600"
[1] "Chunk time = 1.96143488089244"
[1] "Processing draws 9601 to 9700"
[1] "Chunk time = 2.04450450738271"
[1] "Processing draws 9701 to 9800"
[1] "Chunk time = 1.9492494225502"
[1] "Processing draws 9801 to 9900"
[1] "Chunk time = 1.92643141349157"
[1] "Processing draws 9901 to 10000"
[1] "Chunk time = 2.05433854262034"
[1] "Processing draws 10001 to 10100"
[1] "Chunk time = 1.97745667695999"
[1] "Processing draws 10101 to 10200"
[1] "Chunk time = 2.01670755545298"
[1] "Processing draws 10201 to 10300"
[1] "Chunk time = 2.0528755068779"
[1] "Processing draws 10301 to 10400"
[1] "Chunk time = 2.01387620766958"
[1] "Processing draws 10401 to 10500"
[1] "Chunk time = 1.90800782044729"
[1] "Processing draws 10501 to 10600"
[1] "Chunk time = 2.0599836508433"
[1] "Processing draws 10601 to 10700"
[1] "Chunk time = 1.93449820280075"
[1] "Processing draws 10701 to 10800"
[1] "Chunk time = 1.93970379432042"
[1] "Processing draws 10801 to 10900"
[1] "Chunk time = 2.05207928021749"
[1] "Processing draws 10901 to 11000"
[1] "Chunk time = 2.01508935689926"
[1] "Processing draws 11001 to 11100"
[1] "Chunk time = 2.02830687363942"
[1] "Processing draws 11101 to 11200"
[1] "Chunk time = 2.0563754717509"
[1] "Processing draws 11201 to 11300"
[1] "Chunk time = 1.98365249236425"
[1] "Processing draws 11301 to 11400"
[1] "Chunk time = 1.91702919006348"
[1] "Processing draws 11401 to 11500"
[1] "Chunk time = 2.06462775866191"
[1] "Processing draws 11501 to 11600"
[1] "Chunk time = 2.03086584409078"
[1] "Processing draws 11601 to 11700"
[1] "Chunk time = 2.04645070234935"
[1] "Processing draws 11701 to 11800"
[1] "Chunk time = 2.07601640224457"
[1] "Processing draws 11801 to 11900"
[1] "Chunk time = 1.95073606967926"
[1] "Processing draws 11901 to 12000"
[1] "Chunk time = 1.95110415220261"
[1] "Processing draws 12001 to 12100"
[1] "Chunk time = 2.12250975370407"
[1] "Processing draws 12101 to 12200"
[1] "Chunk time = 2.03834733565648"
[1] "Processing draws 12201 to 12300"
[1] "Chunk time = 2.00157721837362"
[1] "Processing draws 12301 to 12400"
[1] "Chunk time = 2.1285714228948"
[1] "Processing draws 12401 to 12500"
[1] "Chunk time = 2.01212173700333"
[1] "Processing draws 12501 to 12600"
[1] "Chunk time = 1.91308674812317"
[1] "Processing draws 12601 to 12700"
[1] "Chunk time = 2.1087996284167"
[1] "Processing draws 12701 to 12800"
[1] "Chunk time = 2.00386784474055"
[1] "Processing draws 12801 to 12900"
[1] "Chunk time = 1.91523343722026"
[1] "Processing draws 12901 to 13000"
[1] "Chunk time = 2.13026596705119"
[1] "Processing draws 13001 to 13100"
[1] "Chunk time = 2.03870676755905"
[1] "Processing draws 13101 to 13200"
[1] "Chunk time = 2.02083661556244"
[1] "Processing draws 13201 to 13300"
[1] "Chunk time = 2.13448756138484"
[1] "Processing draws 13301 to 13400"
[1] "Chunk time = 1.99614187876383"
[1] "Processing draws 13401 to 13500"
[1] "Chunk time = 1.92163848479589"
[1] "Processing draws 13501 to 13600"
[1] "Chunk time = 2.1371096889178"
[1] "Processing draws 13601 to 13700"
[1] "Chunk time = 1.99022277196248"
[1] "Processing draws 13701 to 13800"
[1] "Chunk time = 1.96995218197505"
[1] "Processing draws 13801 to 13900"
[1] "Chunk time = 2.12728468179703"
[1] "Processing draws 13901 to 14000"
[1] "Chunk time = 2.01134938796361"
[1] "Processing draws 14001 to 14100"
[1] "Chunk time = 1.93861184914907"
[1] "Processing draws 14101 to 14200"
[1] "Chunk time = 2.13534200986226"
[1] "Processing draws 14201 to 14300"
[1] "Chunk time = 2.01214009523392"
[1] "Processing draws 14301 to 14400"
[1] "Chunk time = 1.9975065390269"
[1] "Processing draws 14401 to 14500"
[1] "Chunk time = 2.14043383995692"
[1] "Processing draws 14501 to 14600"
[1] "Chunk time = 2.03603381713231"
[1] "Processing draws 14601 to 14700"
[1] "Chunk time = 1.96376346349716"
[1] "Processing draws 14701 to 14800"
[1] "Chunk time = 2.11306994358699"
[1] "Processing draws 14801 to 14900"
[1] "Chunk time = 1.96908885637919"
[1] "Processing draws 14901 to 15000"
[1] "Chunk time = 1.97690454324087"
[1] "Processing draws 15001 to 15100"
[1] "Chunk time = 2.1123512506485"
[1] "Processing draws 15101 to 15200"
[1] "Chunk time = 2.00494379202525"
[1] "Processing draws 15201 to 15300"
[1] "Chunk time = 2.03192937771479"
[1] "Processing draws 15301 to 15400"
[1] "Chunk time = 2.11971648534139"
[1] "Processing draws 15401 to 15500"
[1] "Chunk time = 2.02001410325368"
[1] "Processing draws 15501 to 15600"
[1] "Chunk time = 1.94862724939982"
[1] "Processing draws 15601 to 15700"
[1] "Chunk time = 2.15127758979797"
[1] "Processing draws 15701 to 15800"
[1] "Chunk time = 2.00089374780655"
[1] "Processing draws 15801 to 15900"
[1] "Chunk time = 1.96080927054087"
[1] "Processing draws 15901 to 16000"
[1] "Chunk time = 2.12886607249578"
[1] "Processing draws 16001 to 16100"
[1] "Chunk time = 1.97881921927134"
[1] "Processing draws 16101 to 16200"
[1] "Chunk time = 1.98558797041575"
[1] "Processing draws 16201 to 16300"
[1] "Chunk time = 2.13139609098434"
[1] "Processing draws 16301 to 16400"
[1] "Chunk time = 1.99231099287669"
[1] "Processing draws 16401 to 16500"
[1] "Chunk time = 1.97134595712026"
[1] "Processing draws 16501 to 16600"
[1] "Chunk time = 2.06843630472819"
[1] "Processing draws 16601 to 16700"
[1] "Chunk time = 2.02686671415965"
[1] "Processing draws 16701 to 16800"
[1] "Chunk time = 1.94739213784536"
[1] "Processing draws 16801 to 16900"
[1] "Chunk time = 1.95704758961995"
[1] "Processing draws 16901 to 17000"
[1] "Chunk time = 1.99471894900004"
[1] "Processing draws 17001 to 17100"
[1] "Chunk time = 1.91942058006922"
[1] "Processing draws 17101 to 17200"
[1] "Chunk time = 2.0659867366155"
[1] "Processing draws 17201 to 17300"
[1] "Chunk time = 1.96905419826508"
[1] "Processing draws 17301 to 17400"
[1] "Chunk time = 2.03282978137334"
[1] "Processing draws 17401 to 17500"
[1] "Chunk time = 2.10963075955709"
[1] "Processing draws 17501 to 17600"
[1] "Chunk time = 1.98141555786133"
[1] "Processing draws 17601 to 17700"
[1] "Chunk time = 1.98564670085907"
[1] "Processing draws 17701 to 17800"
[1] "Chunk time = 2.14947479565938"
[1] "Processing draws 17801 to 17900"
[1] "Chunk time = 1.98981241385142"
[1] "Processing draws 17901 to 18000"
[1] "Chunk time = 1.9816345055898"
[1] "Processing draws 18001 to 18100"
[1] "Chunk time = 2.13423916896184"
[1] "Processing draws 18101 to 18200"
[1] "Chunk time = 2.01956994136175"
[1] "Processing draws 18201 to 18300"
[1] "Chunk time = 1.94793227513631"
[1] "Processing draws 18301 to 18400"
[1] "Chunk time = 2.07896033525467"
[1] "Processing draws 18401 to 18500"
[1] "Chunk time = 2.00092341105143"
[1] "Processing draws 18501 to 18600"
[1] "Chunk time = 1.99055715004603"
[1] "Processing draws 18601 to 18700"
[1] "Chunk time = 2.05697426795959"
[1] "Processing draws 18701 to 18800"
[1] "Chunk time = 2.0375327428182"
[1] "Processing draws 18801 to 18900"
[1] "Chunk time = 1.95672854582469"
[1] "Processing draws 18901 to 19000"
[1] "Chunk time = 2.05742567380269"
[1] "Processing draws 19001 to 19100"
[1] "Chunk time = 1.95310838222504"
[1] "Processing draws 19101 to 19200"
[1] "Chunk time = 1.95858459075292"
[1] "Processing draws 19201 to 19300"
[1] "Chunk time = 2.06377201875051"
[1] "Processing draws 19301 to 19400"
[1] "Chunk time = 2.06245297590892"
[1] "Processing draws 19401 to 19500"
[1] "Chunk time = 2.03438925345739"
[1] "Processing draws 19501 to 19600"
[1] "Chunk time = 2.06650954882304"
[1] "Processing draws 19601 to 19700"
[1] "Chunk time = 1.96605314811071"
[1] "Processing draws 19701 to 19800"
[1] "Chunk time = 1.95850298404694"
[1] "Processing draws 19801 to 19900"
[1] "Chunk time = 2.07243424256643"
[1] "Processing draws 19901 to 20000"
[1] "Chunk time = 1.97063853343328"
[1] "done lapplying"
[1] "Saving current params"
[1] "Saving params to output.rds"
[1] TRUE
[1] "Time for modelling:"
[1] "2025-07-02 06:15:46 EDT"
[1] "Time for posterior computations:"
Time difference of 6.75691 hours
[1] "Total time:"
[1] "2025-07-02 13:01:11 EDT"
