[1] "Starting sampling."
Running MCMC with 4 parallel chains, with 4 thread(s) per chain...

Chain 2 Iteration:    1 / 6000 [  0%]  (Warmup) 
Chain 1 Iteration:    1 / 6000 [  0%]  (Warmup) 
Chain 4 Iteration:    1 / 6000 [  0%]  (Warmup) 
Chain 3 Iteration:    1 / 6000 [  0%]  (Warmup) 
Chain 2 Iteration:  100 / 6000 [  1%]  (Warmup) 
Chain 4 Iteration:  100 / 6000 [  1%]  (Warmup) 
Chain 3 Iteration:  100 / 6000 [  1%]  (Warmup) 
Chain 1 Iteration:  100 / 6000 [  1%]  (Warmup) 
Chain 4 Iteration:  200 / 6000 [  3%]  (Warmup) 
Chain 2 Iteration:  200 / 6000 [  3%]  (Warmup) 
Chain 4 Iteration:  300 / 6000 [  5%]  (Warmup) 
Chain 3 Iteration:  200 / 6000 [  3%]  (Warmup) 
Chain 2 Iteration:  300 / 6000 [  5%]  (Warmup) 
Chain 1 Iteration:  200 / 6000 [  3%]  (Warmup) 
Chain 4 Iteration:  400 / 6000 [  6%]  (Warmup) 
Chain 3 Iteration:  300 / 6000 [  5%]  (Warmup) 
Chain 2 Iteration:  400 / 6000 [  6%]  (Warmup) 
Chain 1 Iteration:  300 / 6000 [  5%]  (Warmup) 
Chain 4 Iteration:  500 / 6000 [  8%]  (Warmup) 
Chain 3 Iteration:  400 / 6000 [  6%]  (Warmup) 
Chain 2 Iteration:  500 / 6000 [  8%]  (Warmup) 
Chain 4 Iteration:  600 / 6000 [ 10%]  (Warmup) 
Chain 1 Iteration:  400 / 6000 [  6%]  (Warmup) 
Chain 3 Iteration:  500 / 6000 [  8%]  (Warmup) 
Chain 2 Iteration:  600 / 6000 [ 10%]  (Warmup) 
Chain 4 Iteration:  700 / 6000 [ 11%]  (Warmup) 
Chain 1 Iteration:  500 / 6000 [  8%]  (Warmup) 
Chain 4 Iteration:  800 / 6000 [ 13%]  (Warmup) 
Chain 3 Iteration:  600 / 6000 [ 10%]  (Warmup) 
Chain 2 Iteration:  700 / 6000 [ 11%]  (Warmup) 
Chain 1 Iteration:  600 / 6000 [ 10%]  (Warmup) 
Chain 3 Iteration:  700 / 6000 [ 11%]  (Warmup) 
Chain 2 Iteration:  800 / 6000 [ 13%]  (Warmup) 
Chain 4 Iteration:  900 / 6000 [ 15%]  (Warmup) 
Chain 1 Iteration:  700 / 6000 [ 11%]  (Warmup) 
Chain 3 Iteration:  800 / 6000 [ 13%]  (Warmup) 
Chain 2 Iteration:  900 / 6000 [ 15%]  (Warmup) 
Chain 4 Iteration: 1000 / 6000 [ 16%]  (Warmup) 
Chain 4 Iteration: 1001 / 6000 [ 16%]  (Sampling) 
Chain 1 Iteration:  800 / 6000 [ 13%]  (Warmup) 
Chain 3 Iteration:  900 / 6000 [ 15%]  (Warmup) 
Chain 2 Iteration: 1000 / 6000 [ 16%]  (Warmup) 
Chain 2 Iteration: 1001 / 6000 [ 16%]  (Sampling) 
Chain 4 Iteration: 1100 / 6000 [ 18%]  (Sampling) 
Chain 1 Iteration:  900 / 6000 [ 15%]  (Warmup) 
Chain 3 Iteration: 1000 / 6000 [ 16%]  (Warmup) 
Chain 3 Iteration: 1001 / 6000 [ 16%]  (Sampling) 
Chain 2 Iteration: 1100 / 6000 [ 18%]  (Sampling) 
Chain 4 Iteration: 1200 / 6000 [ 20%]  (Sampling) 
Chain 1 Iteration: 1000 / 6000 [ 16%]  (Warmup) 
Chain 1 Iteration: 1001 / 6000 [ 16%]  (Sampling) 
Chain 3 Iteration: 1100 / 6000 [ 18%]  (Sampling) 
Chain 2 Iteration: 1200 / 6000 [ 20%]  (Sampling) 
Chain 4 Iteration: 1300 / 6000 [ 21%]  (Sampling) 
Chain 3 Iteration: 1200 / 6000 [ 20%]  (Sampling) 
Chain 1 Iteration: 1100 / 6000 [ 18%]  (Sampling) 
Chain 3 Iteration: 1300 / 6000 [ 21%]  (Sampling) 
Chain 2 Iteration: 1300 / 6000 [ 21%]  (Sampling) 
Chain 4 Iteration: 1400 / 6000 [ 23%]  (Sampling) 
Chain 1 Iteration: 1200 / 6000 [ 20%]  (Sampling) 
Chain 3 Iteration: 1400 / 6000 [ 23%]  (Sampling) 
Chain 2 Iteration: 1400 / 6000 [ 23%]  (Sampling) 
Chain 4 Iteration: 1500 / 6000 [ 25%]  (Sampling) 
Chain 1 Iteration: 1300 / 6000 [ 21%]  (Sampling) 
Chain 3 Iteration: 1500 / 6000 [ 25%]  (Sampling) 
Chain 2 Iteration: 1500 / 6000 [ 25%]  (Sampling) 
Chain 4 Iteration: 1600 / 6000 [ 26%]  (Sampling) 
Chain 1 Iteration: 1400 / 6000 [ 23%]  (Sampling) 
Chain 3 Iteration: 1600 / 6000 [ 26%]  (Sampling) 
Chain 2 Iteration: 1600 / 6000 [ 26%]  (Sampling) 
Chain 1 Iteration: 1500 / 6000 [ 25%]  (Sampling) 
Chain 4 Iteration: 1700 / 6000 [ 28%]  (Sampling) 
Chain 3 Iteration: 1700 / 6000 [ 28%]  (Sampling) 
Chain 2 Iteration: 1700 / 6000 [ 28%]  (Sampling) 
Chain 1 Iteration: 1600 / 6000 [ 26%]  (Sampling) 
Chain 4 Iteration: 1800 / 6000 [ 30%]  (Sampling) 
Chain 3 Iteration: 1800 / 6000 [ 30%]  (Sampling) 
Chain 2 Iteration: 1800 / 6000 [ 30%]  (Sampling) 
Chain 1 Iteration: 1700 / 6000 [ 28%]  (Sampling) 
Chain 4 Iteration: 1900 / 6000 [ 31%]  (Sampling) 
Chain 3 Iteration: 1900 / 6000 [ 31%]  (Sampling) 
Chain 2 Iteration: 1900 / 6000 [ 31%]  (Sampling) 
Chain 1 Iteration: 1800 / 6000 [ 30%]  (Sampling) 
Chain 3 Iteration: 2000 / 6000 [ 33%]  (Sampling) 
Chain 4 Iteration: 2000 / 6000 [ 33%]  (Sampling) 
Chain 3 Iteration: 2100 / 6000 [ 35%]  (Sampling) 
Chain 2 Iteration: 2000 / 6000 [ 33%]  (Sampling) 
Chain 1 Iteration: 1900 / 6000 [ 31%]  (Sampling) 
Chain 4 Iteration: 2100 / 6000 [ 35%]  (Sampling) 
Chain 3 Iteration: 2200 / 6000 [ 36%]  (Sampling) 
Chain 2 Iteration: 2100 / 6000 [ 35%]  (Sampling) 
Chain 1 Iteration: 2000 / 6000 [ 33%]  (Sampling) 
Chain 4 Iteration: 2200 / 6000 [ 36%]  (Sampling) 
Chain 3 Iteration: 2300 / 6000 [ 38%]  (Sampling) 
Chain 2 Iteration: 2200 / 6000 [ 36%]  (Sampling) 
Chain 1 Iteration: 2100 / 6000 [ 35%]  (Sampling) 
Chain 4 Iteration: 2300 / 6000 [ 38%]  (Sampling) 
Chain 3 Iteration: 2400 / 6000 [ 40%]  (Sampling) 
Chain 2 Iteration: 2300 / 6000 [ 38%]  (Sampling) 
Chain 1 Iteration: 2200 / 6000 [ 36%]  (Sampling) 
Chain 4 Iteration: 2400 / 6000 [ 40%]  (Sampling) 
Chain 3 Iteration: 2500 / 6000 [ 41%]  (Sampling) 
Chain 2 Iteration: 2400 / 6000 [ 40%]  (Sampling) 
Chain 1 Iteration: 2300 / 6000 [ 38%]  (Sampling) 
Chain 3 Iteration: 2600 / 6000 [ 43%]  (Sampling) 
Chain 4 Iteration: 2500 / 6000 [ 41%]  (Sampling) 
Chain 3 Iteration: 2700 / 6000 [ 45%]  (Sampling) 
Chain 2 Iteration: 2500 / 6000 [ 41%]  (Sampling) 
Chain 1 Iteration: 2400 / 6000 [ 40%]  (Sampling) 
Chain 4 Iteration: 2600 / 6000 [ 43%]  (Sampling) 
Chain 3 Iteration: 2800 / 6000 [ 46%]  (Sampling) 
Chain 2 Iteration: 2600 / 6000 [ 43%]  (Sampling) 
Chain 1 Iteration: 2500 / 6000 [ 41%]  (Sampling) 
Chain 4 Iteration: 2700 / 6000 [ 45%]  (Sampling) 
Chain 3 Iteration: 2900 / 6000 [ 48%]  (Sampling) 
Chain 2 Iteration: 2700 / 6000 [ 45%]  (Sampling) 
Chain 1 Iteration: 2600 / 6000 [ 43%]  (Sampling) 
Chain 4 Iteration: 2800 / 6000 [ 46%]  (Sampling) 
Chain 3 Iteration: 3000 / 6000 [ 50%]  (Sampling) 
Chain 2 Iteration: 2800 / 6000 [ 46%]  (Sampling) 
Chain 1 Iteration: 2700 / 6000 [ 45%]  (Sampling) 
Chain 4 Iteration: 2900 / 6000 [ 48%]  (Sampling) 
Chain 3 Iteration: 3100 / 6000 [ 51%]  (Sampling) 
Chain 2 Iteration: 2900 / 6000 [ 48%]  (Sampling) 
Chain 1 Iteration: 2800 / 6000 [ 46%]  (Sampling) 
Chain 3 Iteration: 3200 / 6000 [ 53%]  (Sampling) 
Chain 4 Iteration: 3000 / 6000 [ 50%]  (Sampling) 
Chain 2 Iteration: 3000 / 6000 [ 50%]  (Sampling) 
Chain 1 Iteration: 2900 / 6000 [ 48%]  (Sampling) 
Chain 3 Iteration: 3300 / 6000 [ 55%]  (Sampling) 
Chain 4 Iteration: 3100 / 6000 [ 51%]  (Sampling) 
Chain 3 Iteration: 3400 / 6000 [ 56%]  (Sampling) 
Chain 2 Iteration: 3100 / 6000 [ 51%]  (Sampling) 
Chain 1 Iteration: 3000 / 6000 [ 50%]  (Sampling) 
Chain 4 Iteration: 3200 / 6000 [ 53%]  (Sampling) 
Chain 3 Iteration: 3500 / 6000 [ 58%]  (Sampling) 
Chain 2 Iteration: 3200 / 6000 [ 53%]  (Sampling) 
Chain 1 Iteration: 3100 / 6000 [ 51%]  (Sampling) 
Chain 4 Iteration: 3300 / 6000 [ 55%]  (Sampling) 
Chain 3 Iteration: 3600 / 6000 [ 60%]  (Sampling) 
Chain 2 Iteration: 3300 / 6000 [ 55%]  (Sampling) 
Chain 1 Iteration: 3200 / 6000 [ 53%]  (Sampling) 
Chain 3 Iteration: 3700 / 6000 [ 61%]  (Sampling) 
Chain 4 Iteration: 3400 / 6000 [ 56%]  (Sampling) 
Chain 1 Iteration: 3300 / 6000 [ 55%]  (Sampling) 
Chain 2 Iteration: 3400 / 6000 [ 56%]  (Sampling) 
Chain 3 Iteration: 3800 / 6000 [ 63%]  (Sampling) 
Chain 4 Iteration: 3500 / 6000 [ 58%]  (Sampling) 
Chain 1 Iteration: 3400 / 6000 [ 56%]  (Sampling) 
Chain 2 Iteration: 3500 / 6000 [ 58%]  (Sampling) 
Chain 3 Iteration: 3900 / 6000 [ 65%]  (Sampling) 
Chain 4 Iteration: 3600 / 6000 [ 60%]  (Sampling) 
Chain 1 Iteration: 3500 / 6000 [ 58%]  (Sampling) 
Chain 2 Iteration: 3600 / 6000 [ 60%]  (Sampling) 
Chain 3 Iteration: 4000 / 6000 [ 66%]  (Sampling) 
Chain 4 Iteration: 3700 / 6000 [ 61%]  (Sampling) 
Chain 3 Iteration: 4100 / 6000 [ 68%]  (Sampling) 
Chain 1 Iteration: 3600 / 6000 [ 60%]  (Sampling) 
Chain 2 Iteration: 3700 / 6000 [ 61%]  (Sampling) 
Chain 4 Iteration: 3800 / 6000 [ 63%]  (Sampling) 
Chain 3 Iteration: 4200 / 6000 [ 70%]  (Sampling) 
Chain 1 Iteration: 3700 / 6000 [ 61%]  (Sampling) 
Chain 2 Iteration: 3800 / 6000 [ 63%]  (Sampling) 
Chain 3 Iteration: 4300 / 6000 [ 71%]  (Sampling) 
Chain 4 Iteration: 3900 / 6000 [ 65%]  (Sampling) 
Chain 1 Iteration: 3800 / 6000 [ 63%]  (Sampling) 
Chain 2 Iteration: 3900 / 6000 [ 65%]  (Sampling) 
Chain 3 Iteration: 4400 / 6000 [ 73%]  (Sampling) 
Chain 4 Iteration: 4000 / 6000 [ 66%]  (Sampling) 
Chain 1 Iteration: 3900 / 6000 [ 65%]  (Sampling) 
Chain 2 Iteration: 4000 / 6000 [ 66%]  (Sampling) 
Chain 3 Iteration: 4500 / 6000 [ 75%]  (Sampling) 
Chain 4 Iteration: 4100 / 6000 [ 68%]  (Sampling) 
Chain 1 Iteration: 4000 / 6000 [ 66%]  (Sampling) 
Chain 2 Iteration: 4100 / 6000 [ 68%]  (Sampling) 
Chain 3 Iteration: 4600 / 6000 [ 76%]  (Sampling) 
Chain 4 Iteration: 4200 / 6000 [ 70%]  (Sampling) 
Chain 1 Iteration: 4100 / 6000 [ 68%]  (Sampling) 
Chain 2 Iteration: 4200 / 6000 [ 70%]  (Sampling) 
Chain 3 Iteration: 4700 / 6000 [ 78%]  (Sampling) 
Chain 4 Iteration: 4300 / 6000 [ 71%]  (Sampling) 
Chain 1 Iteration: 4200 / 6000 [ 70%]  (Sampling) 
Chain 3 Iteration: 4800 / 6000 [ 80%]  (Sampling) 
Chain 2 Iteration: 4300 / 6000 [ 71%]  (Sampling) 
Chain 3 Iteration: 4900 / 6000 [ 81%]  (Sampling) 
Chain 4 Iteration: 4400 / 6000 [ 73%]  (Sampling) 
Chain 1 Iteration: 4300 / 6000 [ 71%]  (Sampling) 
Chain 2 Iteration: 4400 / 6000 [ 73%]  (Sampling) 
Chain 3 Iteration: 5000 / 6000 [ 83%]  (Sampling) 
Chain 4 Iteration: 4500 / 6000 [ 75%]  (Sampling) 
Chain 1 Iteration: 4400 / 6000 [ 73%]  (Sampling) 
Chain 2 Iteration: 4500 / 6000 [ 75%]  (Sampling) 
Chain 3 Iteration: 5100 / 6000 [ 85%]  (Sampling) 
Chain 4 Iteration: 4600 / 6000 [ 76%]  (Sampling) 
Chain 1 Iteration: 4500 / 6000 [ 75%]  (Sampling) 
Chain 2 Iteration: 4600 / 6000 [ 76%]  (Sampling) 
Chain 3 Iteration: 5200 / 6000 [ 86%]  (Sampling) 
Chain 4 Iteration: 4700 / 6000 [ 78%]  (Sampling) 
Chain 1 Iteration: 4600 / 6000 [ 76%]  (Sampling) 
Chain 2 Iteration: 4700 / 6000 [ 78%]  (Sampling) 
Chain 3 Iteration: 5300 / 6000 [ 88%]  (Sampling) 
Chain 1 Iteration: 4700 / 6000 [ 78%]  (Sampling) 
Chain 4 Iteration: 4800 / 6000 [ 80%]  (Sampling) 
Chain 2 Iteration: 4800 / 6000 [ 80%]  (Sampling) 
Chain 3 Iteration: 5400 / 6000 [ 90%]  (Sampling) 
Chain 1 Iteration: 4800 / 6000 [ 80%]  (Sampling) 
Chain 2 Iteration: 4900 / 6000 [ 81%]  (Sampling) 
Chain 4 Iteration: 4900 / 6000 [ 81%]  (Sampling) 
Chain 3 Iteration: 5500 / 6000 [ 91%]  (Sampling) 
Chain 1 Iteration: 4900 / 6000 [ 81%]  (Sampling) 
Chain 2 Iteration: 5000 / 6000 [ 83%]  (Sampling) 
Chain 4 Iteration: 5000 / 6000 [ 83%]  (Sampling) 
Chain 3 Iteration: 5600 / 6000 [ 93%]  (Sampling) 
Chain 1 Iteration: 5000 / 6000 [ 83%]  (Sampling) 
Chain 3 Iteration: 5700 / 6000 [ 95%]  (Sampling) 
Chain 2 Iteration: 5100 / 6000 [ 85%]  (Sampling) 
Chain 4 Iteration: 5100 / 6000 [ 85%]  (Sampling) 
Chain 3 Iteration: 5800 / 6000 [ 96%]  (Sampling) 
Chain 1 Iteration: 5100 / 6000 [ 85%]  (Sampling) 
Chain 2 Iteration: 5200 / 6000 [ 86%]  (Sampling) 
Chain 4 Iteration: 5200 / 6000 [ 86%]  (Sampling) 
Chain 3 Iteration: 5900 / 6000 [ 98%]  (Sampling) 
Chain 1 Iteration: 5200 / 6000 [ 86%]  (Sampling) 
Chain 2 Iteration: 5300 / 6000 [ 88%]  (Sampling) 
Chain 4 Iteration: 5300 / 6000 [ 88%]  (Sampling) 
Chain 3 Iteration: 6000 / 6000 [100%]  (Sampling) 
Chain 3 finished in 9784.9 seconds.
Chain 1 Iteration: 5300 / 6000 [ 88%]  (Sampling) 
Chain 2 Iteration: 5400 / 6000 [ 90%]  (Sampling) 
Chain 4 Iteration: 5400 / 6000 [ 90%]  (Sampling) 
Chain 1 Iteration: 5400 / 6000 [ 90%]  (Sampling) 
Chain 2 Iteration: 5500 / 6000 [ 91%]  (Sampling) 
Chain 4 Iteration: 5500 / 6000 [ 91%]  (Sampling) 
Chain 1 Iteration: 5500 / 6000 [ 91%]  (Sampling) 
Chain 2 Iteration: 5600 / 6000 [ 93%]  (Sampling) 
Chain 4 Iteration: 5600 / 6000 [ 93%]  (Sampling) 
Chain 1 Iteration: 5600 / 6000 [ 93%]  (Sampling) 
Chain 2 Iteration: 5700 / 6000 [ 95%]  (Sampling) 
Chain 4 Iteration: 5700 / 6000 [ 95%]  (Sampling) 
Chain 1 Iteration: 5700 / 6000 [ 95%]  (Sampling) 
Chain 2 Iteration: 5800 / 6000 [ 96%]  (Sampling) 
Chain 4 Iteration: 5800 / 6000 [ 96%]  (Sampling) 
Chain 1 Iteration: 5800 / 6000 [ 96%]  (Sampling) 
Chain 2 Iteration: 5900 / 6000 [ 98%]  (Sampling) 
Chain 4 Iteration: 5900 / 6000 [ 98%]  (Sampling) 
Chain 1 Iteration: 5900 / 6000 [ 98%]  (Sampling) 
Chain 2 Iteration: 6000 / 6000 [100%]  (Sampling) 
Chain 2 finished in 10789.6 seconds.
Chain 4 Iteration: 6000 / 6000 [100%]  (Sampling) 
Chain 4 finished in 10844.2 seconds.
Chain 1 Iteration: 6000 / 6000 [100%]  (Sampling) 
Chain 1 finished in 10916.0 seconds.

All 4 chains finished successfully.
Mean chain execution time: 10583.7 seconds.
Total execution time: 10916.7 seconds.

[1] "Processing draws 1 to 100"
[1] "Chunk time = 3.2772586107254"
[1] "Processing draws 101 to 200"
[1] "Chunk time = 2.31826413472493"
[1] "Processing draws 201 to 300"
[1] "Chunk time = 2.42278255621592"
[1] "Processing draws 301 to 400"
[1] "Chunk time = 2.09769794543584"
[1] "Processing draws 401 to 500"
[1] "Chunk time = 1.99725925922394"
[1] "Processing draws 501 to 600"
[1] "Chunk time = 1.96432333787282"
[1] "Processing draws 601 to 700"
[1] "Chunk time = 2.0454581896464"
[1] "Processing draws 701 to 800"
[1] "Chunk time = 2.08376338084539"
[1] "Processing draws 801 to 900"
[1] "Chunk time = 1.95308220783869"
[1] "Processing draws 901 to 1000"
[1] "Chunk time = 2.12350517511368"
[1] "Processing draws 1001 to 1100"
[1] "Chunk time = 1.99812540610631"
[1] "Processing draws 1101 to 1200"
[1] "Chunk time = 1.95274895826976"
[1] "Processing draws 1201 to 1300"
[1] "Chunk time = 2.12003765503565"
[1] "Processing draws 1301 to 1400"
[1] "Chunk time = 1.96892023086548"
[1] "Processing draws 1401 to 1500"
[1] "Chunk time = 1.94325997829437"
[1] "Processing draws 1501 to 1600"
[1] "Chunk time = 2.1037443002065"
[1] "Processing draws 1601 to 1700"
[1] "Chunk time = 1.95044769446055"
[1] "Processing draws 1701 to 1800"
[1] "Chunk time = 1.87797689835231"
[1] "Processing draws 1801 to 1900"
[1] "Chunk time = 2.08021691640218"
[1] "Processing draws 1901 to 2000"
[1] "Chunk time = 1.95654627879461"
[1] "Processing draws 2001 to 2100"
[1] "Chunk time = 1.8641327102979"
[1] "Processing draws 2101 to 2200"
[1] "Chunk time = 2.09051582018534"
[1] "Processing draws 2201 to 2300"
[1] "Chunk time = 1.93323796987534"
[1] "Processing draws 2301 to 2400"
[1] "Chunk time = 1.89865202506383"
[1] "Processing draws 2401 to 2500"
[1] "Chunk time = 2.09354701042175"
[1] "Processing draws 2501 to 2600"
[1] "Chunk time = 1.94369882742564"
[1] "Processing draws 2601 to 2700"
[1] "Chunk time = 1.87262711524963"
[1] "Processing draws 2701 to 2800"
[1] "Chunk time = 2.10338232517242"
[1] "Processing draws 2801 to 2900"
[1] "Chunk time = 1.94085904359817"
[1] "Processing draws 2901 to 3000"
[1] "Chunk time = 1.86345189412435"
[1] "Processing draws 3001 to 3100"
[1] "Chunk time = 2.0896300872167"
[1] "Processing draws 3101 to 3200"
[1] "Chunk time = 1.9257289369901"
[1] "Processing draws 3201 to 3300"
[1] "Chunk time = 1.87176915804545"
[1] "Processing draws 3301 to 3400"
[1] "Chunk time = 2.07617649634679"
[1] "Processing draws 3401 to 3500"
[1] "Chunk time = 1.92121492226919"
[1] "Processing draws 3501 to 3600"
[1] "Chunk time = 1.92196702162425"
[1] "Processing draws 3601 to 3700"
[1] "Chunk time = 2.0248702287674"
[1] "Processing draws 3701 to 3800"
[1] "Chunk time = 1.90677811702092"
[1] "Processing draws 3801 to 3900"
[1] "Chunk time = 1.91617977619171"
[1] "Processing draws 3901 to 4000"
[1] "Chunk time = 2.02218952973684"
[1] "Processing draws 4001 to 4100"
[1] "Chunk time = 1.94788064161936"
[1] "Processing draws 4101 to 4200"
[1] "Chunk time = 1.97472637494405"
[1] "Processing draws 4201 to 4300"
[1] "Chunk time = 2.02808117071788"
[1] "Processing draws 4301 to 4400"
[1] "Chunk time = 1.90313229163488"
[1] "Processing draws 4401 to 4500"
[1] "Chunk time = 1.92031859556834"
[1] "Processing draws 4501 to 4600"
[1] "Chunk time = 2.05184301535289"
[1] "Processing draws 4601 to 4700"
[1] "Chunk time = 1.94489752848943"
[1] "Processing draws 4701 to 4800"
[1] "Chunk time = 1.92756165266037"
[1] "Processing draws 4801 to 4900"
[1] "Chunk time = 2.06568397283554"
[1] "Processing draws 4901 to 5000"
[1] "Chunk time = 1.95200736920039"
[1] "Processing draws 5001 to 5100"
[1] "Chunk time = 1.88583827416102"
[1] "Processing draws 5101 to 5200"
[1] "Chunk time = 2.07087563276291"
[1] "Processing draws 5201 to 5300"
[1] "Chunk time = 1.93588013648987"
[1] "Processing draws 5301 to 5400"
[1] "Chunk time = 1.97008707523346"
[1] "Processing draws 5401 to 5500"
[1] "Chunk time = 2.0865224480629"
[1] "Processing draws 5501 to 5600"
[1] "Chunk time = 1.96584360599518"
[1] "Processing draws 5601 to 5700"
[1] "Chunk time = 1.89167743126551"
[1] "Processing draws 5701 to 5800"
[1] "Chunk time = 2.06129594643911"
[1] "Processing draws 5801 to 5900"
[1] "Chunk time = 1.94810372988383"
[1] "Processing draws 5901 to 6000"
[1] "Chunk time = 1.90210778315862"
[1] "Processing draws 6001 to 6100"
[1] "Chunk time = 2.06804794867833"
[1] "Processing draws 6101 to 6200"
[1] "Chunk time = 1.96683224439621"
[1] "Processing draws 6201 to 6300"
[1] "Chunk time = 1.86312341292699"
[1] "Processing draws 6301 to 6400"
[1] "Chunk time = 2.06987448533376"
[1] "Processing draws 6401 to 6500"
[1] "Chunk time = 1.95640516678492"
[1] "Processing draws 6501 to 6600"
[1] "Chunk time = 1.90928937196732"
[1] "Processing draws 6601 to 6700"
[1] "Chunk time = 2.0816598534584"
[1] "Processing draws 6701 to 6800"
[1] "Chunk time = 1.93757385810216"
[1] "Processing draws 6801 to 6900"
[1] "Chunk time = 1.93757702509562"
[1] "Processing draws 6901 to 7000"
[1] "Chunk time = 2.08752868970235"
[1] "Processing draws 7001 to 7100"
[1] "Chunk time = 1.95182952880859"
[1] "Processing draws 7101 to 7200"
[1] "Chunk time = 1.89711098273595"
[1] "Processing draws 7201 to 7300"
[1] "Chunk time = 2.109991868337"
[1] "Processing draws 7301 to 7400"
[1] "Chunk time = 1.9621021270752"
[1] "Processing draws 7401 to 7500"
[1] "Chunk time = 1.94014585415522"
[1] "Processing draws 7501 to 7600"
[1] "Chunk time = 2.10671393871307"
[1] "Processing draws 7601 to 7700"
[1] "Chunk time = 1.96741806666056"
[1] "Processing draws 7701 to 7800"
[1] "Chunk time = 1.93423621654511"
[1] "Processing draws 7801 to 7900"
[1] "Chunk time = 2.07143565416336"
[1] "Processing draws 7901 to 8000"
[1] "Chunk time = 1.97583687702815"
[1] "Processing draws 8001 to 8100"
[1] "Chunk time = 1.90718564192454"
[1] "Processing draws 8101 to 8200"
[1] "Chunk time = 2.10193374554316"
[1] "Processing draws 8201 to 8300"
[1] "Chunk time = 1.96016566356023"
[1] "Processing draws 8301 to 8400"
[1] "Chunk time = 1.87952003479004"
[1] "Processing draws 8401 to 8500"
[1] "Chunk time = 2.10138247013092"
[1] "Processing draws 8501 to 8600"
[1] "Chunk time = 1.94109703699748"
[1] "Processing draws 8601 to 8700"
[1] "Chunk time = 1.87490110794703"
[1] "Processing draws 8701 to 8800"
[1] "Chunk time = 2.1136855284373"
[1] "Processing draws 8801 to 8900"
[1] "Chunk time = 1.96469285488129"
[1] "Processing draws 8901 to 9000"
[1] "Chunk time = 1.99002968072891"
[1] "Processing draws 9001 to 9100"
[1] "Chunk time = 2.11616795063019"
[1] "Processing draws 9101 to 9200"
[1] "Chunk time = 1.96420165697734"
[1] "Processing draws 9201 to 9300"
[1] "Chunk time = 1.9340719739596"
[1] "Processing draws 9301 to 9400"
[1] "Chunk time = 2.1486801981926"
[1] "Processing draws 9401 to 9500"
[1] "Chunk time = 2.00153522491455"
[1] "Processing draws 9501 to 9600"
[1] "Chunk time = 1.97122886975606"
[1] "Processing draws 9601 to 9700"
[1] "Chunk time = 2.12101239363352"
[1] "Processing draws 9701 to 9800"
[1] "Chunk time = 1.99455778598785"
[1] "Processing draws 9801 to 9900"
[1] "Chunk time = 1.9437066356341"
[1] "Processing draws 9901 to 10000"
[1] "Chunk time = 2.06427232821782"
[1] "Processing draws 10001 to 10100"
[1] "Chunk time = 1.97889122565587"
[1] "Processing draws 10101 to 10200"
[1] "Chunk time = 1.90658653577169"
[1] "Processing draws 10201 to 10300"
[1] "Chunk time = 2.08497287829717"
[1] "Processing draws 10301 to 10400"
[1] "Chunk time = 2.0269495844841"
[1] "Processing draws 10401 to 10500"
[1] "Chunk time = 1.94272837241491"
[1] "Processing draws 10501 to 10600"
[1] "Chunk time = 2.11813436746597"
[1] "Processing draws 10601 to 10700"
[1] "Chunk time = 1.96104621489843"
[1] "Processing draws 10701 to 10800"
[1] "Chunk time = 1.91116973559062"
[1] "Processing draws 10801 to 10900"
[1] "Chunk time = 2.11272255182266"
[1] "Processing draws 10901 to 11000"
[1] "Chunk time = 1.9650088985761"
[1] "Processing draws 11001 to 11100"
[1] "Chunk time = 1.95691432158152"
[1] "Processing draws 11101 to 11200"
[1] "Chunk time = 2.11970206896464"
[1] "Processing draws 11201 to 11300"
[1] "Chunk time = 1.96068673531214"
[1] "Processing draws 11301 to 11400"
[1] "Chunk time = 1.95676460266113"
[1] "Processing draws 11401 to 11500"
[1] "Chunk time = 2.11761178572973"
[1] "Processing draws 11501 to 11600"
[1] "Chunk time = 1.95845877329508"
[1] "Processing draws 11601 to 11700"
[1] "Chunk time = 1.9408909757932"
[1] "Processing draws 11701 to 11800"
[1] "Chunk time = 2.13060036500295"
[1] "Processing draws 11801 to 11900"
[1] "Chunk time = 1.96144636472066"
[1] "Processing draws 11901 to 12000"
[1] "Chunk time = 1.91399545669556"
[1] "Processing draws 12001 to 12100"
[1] "Chunk time = 2.14405095974604"
[1] "Processing draws 12101 to 12200"
[1] "Chunk time = 2.00344210863113"
[1] "Processing draws 12201 to 12300"
[1] "Chunk time = 1.92286257743835"
[1] "Processing draws 12301 to 12400"
[1] "Chunk time = 2.12154271602631"
[1] "Processing draws 12401 to 12500"
[1] "Chunk time = 2.0047967394193"
[1] "Processing draws 12501 to 12600"
[1] "Chunk time = 1.92941335439682"
[1] "Processing draws 12601 to 12700"
[1] "Chunk time = 2.1087860306104"
[1] "Processing draws 12701 to 12800"
[1] "Chunk time = 1.96573569774628"
[1] "Processing draws 12801 to 12900"
[1] "Chunk time = 1.9421379327774"
[1] "Processing draws 12901 to 13000"
[1] "Chunk time = 2.09677791992823"
[1] "Processing draws 13001 to 13100"
[1] "Chunk time = 1.99156275987625"
[1] "Processing draws 13101 to 13200"
[1] "Chunk time = 1.98233712911606"
[1] "Processing draws 13201 to 13300"
[1] "Chunk time = 2.13582017421722"
[1] "Processing draws 13301 to 13400"
[1] "Chunk time = 2.00449197689692"
[1] "Processing draws 13401 to 13500"
[1] "Chunk time = 1.99034307003021"
[1] "Processing draws 13501 to 13600"
[1] "Chunk time = 2.14179046948751"
[1] "Processing draws 13601 to 13700"
[1] "Chunk time = 1.97060608069102"
[1] "Processing draws 13701 to 13800"
[1] "Chunk time = 1.91849430004756"
[1] "Processing draws 13801 to 13900"
[1] "Chunk time = 2.1267502506574"
[1] "Processing draws 13901 to 14000"
[1] "Chunk time = 1.96261001030604"
[1] "Processing draws 14001 to 14100"
[1] "Chunk time = 1.9746431628863"
[1] "Processing draws 14101 to 14200"
[1] "Chunk time = 2.13303999106089"
[1] "Processing draws 14201 to 14300"
[1] "Chunk time = 1.99177705844243"
[1] "Processing draws 14301 to 14400"
[1] "Chunk time = 1.92670771678289"
[1] "Processing draws 14401 to 14500"
[1] "Chunk time = 2.12163933515549"
[1] "Processing draws 14501 to 14600"
[1] "Chunk time = 1.99459271033605"
[1] "Processing draws 14601 to 14700"
[1] "Chunk time = 1.96084342797597"
[1] "Processing draws 14701 to 14800"
[1] "Chunk time = 2.11543203989665"
[1] "Processing draws 14801 to 14900"
[1] "Chunk time = 1.97766211430232"
[1] "Processing draws 14901 to 15000"
[1] "Chunk time = 1.96725625197093"
[1] "Processing draws 15001 to 15100"
[1] "Chunk time = 2.13559772968292"
[1] "Processing draws 15101 to 15200"
[1] "Chunk time = 1.99142484267553"
[1] "Processing draws 15201 to 15300"
[1] "Chunk time = 1.98479644854863"
[1] "Processing draws 15301 to 15400"
[1] "Chunk time = 1.98087429602941"
[1] "Processing draws 15401 to 15500"
[1] "Chunk time = 1.88623683452606"
[1] "Processing draws 15501 to 15600"
[1] "Chunk time = 1.96420157750448"
[1] "Processing draws 15601 to 15700"
[1] "Chunk time = 1.99947259823481"
[1] "Processing draws 15701 to 15800"
[1] "Chunk time = 1.91260058879852"
[1] "Processing draws 15801 to 15900"
[1] "Chunk time = 1.89870655934016"
[1] "Processing draws 15901 to 16000"
[1] "Chunk time = 2.09186568657557"
[1] "Processing draws 16001 to 16100"
[1] "Chunk time = 1.92913516362508"
[1] "Processing draws 16101 to 16200"
[1] "Chunk time = 1.89162913163503"
[1] "Processing draws 16201 to 16300"
[1] "Chunk time = 2.06641550461451"
[1] "Processing draws 16301 to 16400"
[1] "Chunk time = 1.90534177223841"
[1] "Processing draws 16401 to 16500"
[1] "Chunk time = 1.94739838838577"
[1] "Processing draws 16501 to 16600"
[1] "Chunk time = 2.0778927564621"
[1] "Processing draws 16601 to 16700"
[1] "Chunk time = 1.97986113627752"
[1] "Processing draws 16701 to 16800"
[1] "Chunk time = 1.92406825621923"
[1] "Processing draws 16801 to 16900"
[1] "Chunk time = 2.05988901853561"
[1] "Processing draws 16901 to 17000"
[1] "Chunk time = 1.91476995547613"
[1] "Processing draws 17001 to 17100"
[1] "Chunk time = 1.88361088434855"
[1] "Processing draws 17101 to 17200"
[1] "Chunk time = 2.05391569534938"
[1] "Processing draws 17201 to 17300"
[1] "Chunk time = 1.96646672089895"
[1] "Processing draws 17301 to 17400"
[1] "Chunk time = 1.98873641490936"
[1] "Processing draws 17401 to 17500"
[1] "Chunk time = 2.06405473550161"
[1] "Processing draws 17501 to 17600"
[1] "Chunk time = 1.92905392249425"
[1] "Processing draws 17601 to 17700"
[1] "Chunk time = 1.93080170154572"
[1] "Processing draws 17701 to 17800"
[1] "Chunk time = 2.09587666591008"
[1] "Processing draws 17801 to 17900"
[1] "Chunk time = 1.93820190429688"
[1] "Processing draws 17901 to 18000"
[1] "Chunk time = 1.92171955506007"
[1] "Processing draws 18001 to 18100"
[1] "Chunk time = 2.05799787441889"
[1] "Processing draws 18101 to 18200"
[1] "Chunk time = 2.01296050151189"
[1] "Processing draws 18201 to 18300"
[1] "Chunk time = 1.88665814399719"
[1] "Processing draws 18301 to 18400"
[1] "Chunk time = 2.06795635620753"
[1] "Processing draws 18401 to 18500"
[1] "Chunk time = 1.93156310319901"
[1] "Processing draws 18501 to 18600"
[1] "Chunk time = 1.90865530967712"
[1] "Processing draws 18601 to 18700"
[1] "Chunk time = 2.0448642929395"
[1] "Processing draws 18701 to 18800"
[1] "Chunk time = 1.9872198065122"
[1] "Processing draws 18801 to 18900"
[1] "Chunk time = 1.9427622238795"
[1] "Processing draws 18901 to 19000"
[1] "Chunk time = 2.06379489501317"
[1] "Processing draws 19001 to 19100"
[1] "Chunk time = 1.89747482538223"
[1] "Processing draws 19101 to 19200"
[1] "Chunk time = 1.91894596020381"
[1] "Processing draws 19201 to 19300"
[1] "Chunk time = 2.06795082887014"
[1] "Processing draws 19301 to 19400"
[1] "Chunk time = 1.90949847698212"
[1] "Processing draws 19401 to 19500"
[1] "Chunk time = 1.98037530978521"
[1] "Processing draws 19501 to 19600"
[1] "Chunk time = 2.08655108213425"
[1] "Processing draws 19601 to 19700"
[1] "Chunk time = 1.94757548967997"
[1] "Processing draws 19701 to 19800"
[1] "Chunk time = 1.88439029852549"
[1] "Processing draws 19801 to 19900"
[1] "Chunk time = 2.05072908798854"
[1] "Processing draws 19901 to 20000"
[1] "Chunk time = 1.94508750041326"
[1] "done lapplying"
[1] "Saving current params"
[1] "Saving params to output.rds"
[1] TRUE
[1] "Time for modelling:"
[1] "2025-07-02 04:09:33 EDT"
[1] "Time for posterior computations:"
Time difference of 6.688987 hours
[1] "Total time:"
[1] "2025-07-02 10:50:54 EDT"
