[1] "Starting sampling."
Running MCMC with 4 parallel chains, with 4 thread(s) per chain...

Chain 1 Iteration:    1 / 6000 [  0%]  (Warmup) 
Chain 2 Iteration:    1 / 6000 [  0%]  (Warmup) 
Chain 3 Iteration:    1 / 6000 [  0%]  (Warmup) 
Chain 4 Iteration:    1 / 6000 [  0%]  (Warmup) 
Chain 4 Iteration:  100 / 6000 [  1%]  (Warmup) 
Chain 2 Iteration:  100 / 6000 [  1%]  (Warmup) 
Chain 3 Iteration:  100 / 6000 [  1%]  (Warmup) 
Chain 1 Iteration:  100 / 6000 [  1%]  (Warmup) 
Chain 4 Iteration:  200 / 6000 [  3%]  (Warmup) 
Chain 3 Iteration:  200 / 6000 [  3%]  (Warmup) 
Chain 2 Iteration:  200 / 6000 [  3%]  (Warmup) 
Chain 1 Iteration:  200 / 6000 [  3%]  (Warmup) 
Chain 4 Iteration:  300 / 6000 [  5%]  (Warmup) 
Chain 3 Iteration:  300 / 6000 [  5%]  (Warmup) 
Chain 2 Iteration:  300 / 6000 [  5%]  (Warmup) 
Chain 1 Iteration:  300 / 6000 [  5%]  (Warmup) 
Chain 4 Iteration:  400 / 6000 [  6%]  (Warmup) 
Chain 3 Iteration:  400 / 6000 [  6%]  (Warmup) 
Chain 2 Iteration:  400 / 6000 [  6%]  (Warmup) 
Chain 1 Iteration:  400 / 6000 [  6%]  (Warmup) 
Chain 3 Iteration:  500 / 6000 [  8%]  (Warmup) 
Chain 4 Iteration:  500 / 6000 [  8%]  (Warmup) 
Chain 2 Iteration:  500 / 6000 [  8%]  (Warmup) 
Chain 1 Iteration:  500 / 6000 [  8%]  (Warmup) 
Chain 3 Iteration:  600 / 6000 [ 10%]  (Warmup) 
Chain 4 Iteration:  600 / 6000 [ 10%]  (Warmup) 
Chain 2 Iteration:  600 / 6000 [ 10%]  (Warmup) 
Chain 1 Iteration:  600 / 6000 [ 10%]  (Warmup) 
Chain 3 Iteration:  700 / 6000 [ 11%]  (Warmup) 
Chain 4 Iteration:  700 / 6000 [ 11%]  (Warmup) 
Chain 2 Iteration:  700 / 6000 [ 11%]  (Warmup) 
Chain 1 Iteration:  700 / 6000 [ 11%]  (Warmup) 
Chain 3 Iteration:  800 / 6000 [ 13%]  (Warmup) 
Chain 4 Iteration:  800 / 6000 [ 13%]  (Warmup) 
Chain 2 Iteration:  800 / 6000 [ 13%]  (Warmup) 
Chain 1 Iteration:  800 / 6000 [ 13%]  (Warmup) 
Chain 3 Iteration:  900 / 6000 [ 15%]  (Warmup) 
Chain 4 Iteration:  900 / 6000 [ 15%]  (Warmup) 
Chain 2 Iteration:  900 / 6000 [ 15%]  (Warmup) 
Chain 1 Iteration:  900 / 6000 [ 15%]  (Warmup) 
Chain 3 Iteration: 1000 / 6000 [ 16%]  (Warmup) 
Chain 3 Iteration: 1001 / 6000 [ 16%]  (Sampling) 
Chain 4 Iteration: 1000 / 6000 [ 16%]  (Warmup) 
Chain 4 Iteration: 1001 / 6000 [ 16%]  (Sampling) 
Chain 2 Iteration: 1000 / 6000 [ 16%]  (Warmup) 
Chain 2 Iteration: 1001 / 6000 [ 16%]  (Sampling) 
Chain 1 Iteration: 1000 / 6000 [ 16%]  (Warmup) 
Chain 1 Iteration: 1001 / 6000 [ 16%]  (Sampling) 
Chain 3 Iteration: 1100 / 6000 [ 18%]  (Sampling) 
Chain 4 Iteration: 1100 / 6000 [ 18%]  (Sampling) 
Chain 2 Iteration: 1100 / 6000 [ 18%]  (Sampling) 
Chain 1 Iteration: 1100 / 6000 [ 18%]  (Sampling) 
Chain 3 Iteration: 1200 / 6000 [ 20%]  (Sampling) 
Chain 4 Iteration: 1200 / 6000 [ 20%]  (Sampling) 
Chain 2 Iteration: 1200 / 6000 [ 20%]  (Sampling) 
Chain 1 Iteration: 1200 / 6000 [ 20%]  (Sampling) 
Chain 3 Iteration: 1300 / 6000 [ 21%]  (Sampling) 
Chain 4 Iteration: 1300 / 6000 [ 21%]  (Sampling) 
Chain 2 Iteration: 1300 / 6000 [ 21%]  (Sampling) 
Chain 1 Iteration: 1300 / 6000 [ 21%]  (Sampling) 
Chain 3 Iteration: 1400 / 6000 [ 23%]  (Sampling) 
Chain 4 Iteration: 1400 / 6000 [ 23%]  (Sampling) 
Chain 2 Iteration: 1400 / 6000 [ 23%]  (Sampling) 
Chain 1 Iteration: 1400 / 6000 [ 23%]  (Sampling) 
Chain 3 Iteration: 1500 / 6000 [ 25%]  (Sampling) 
Chain 4 Iteration: 1500 / 6000 [ 25%]  (Sampling) 
Chain 2 Iteration: 1500 / 6000 [ 25%]  (Sampling) 
Chain 1 Iteration: 1500 / 6000 [ 25%]  (Sampling) 
Chain 3 Iteration: 1600 / 6000 [ 26%]  (Sampling) 
Chain 4 Iteration: 1600 / 6000 [ 26%]  (Sampling) 
Chain 2 Iteration: 1600 / 6000 [ 26%]  (Sampling) 
Chain 1 Iteration: 1600 / 6000 [ 26%]  (Sampling) 
Chain 3 Iteration: 1700 / 6000 [ 28%]  (Sampling) 
Chain 2 Iteration: 1700 / 6000 [ 28%]  (Sampling) 
Chain 4 Iteration: 1700 / 6000 [ 28%]  (Sampling) 
Chain 1 Iteration: 1700 / 6000 [ 28%]  (Sampling) 
Chain 3 Iteration: 1800 / 6000 [ 30%]  (Sampling) 
Chain 2 Iteration: 1800 / 6000 [ 30%]  (Sampling) 
Chain 4 Iteration: 1800 / 6000 [ 30%]  (Sampling) 
Chain 1 Iteration: 1800 / 6000 [ 30%]  (Sampling) 
Chain 3 Iteration: 1900 / 6000 [ 31%]  (Sampling) 
Chain 2 Iteration: 1900 / 6000 [ 31%]  (Sampling) 
Chain 4 Iteration: 1900 / 6000 [ 31%]  (Sampling) 
Chain 1 Iteration: 1900 / 6000 [ 31%]  (Sampling) 
Chain 3 Iteration: 2000 / 6000 [ 33%]  (Sampling) 
Chain 2 Iteration: 2000 / 6000 [ 33%]  (Sampling) 
Chain 4 Iteration: 2000 / 6000 [ 33%]  (Sampling) 
Chain 1 Iteration: 2000 / 6000 [ 33%]  (Sampling) 
Chain 3 Iteration: 2100 / 6000 [ 35%]  (Sampling) 
Chain 2 Iteration: 2100 / 6000 [ 35%]  (Sampling) 
Chain 4 Iteration: 2100 / 6000 [ 35%]  (Sampling) 
Chain 1 Iteration: 2100 / 6000 [ 35%]  (Sampling) 
Chain 3 Iteration: 2200 / 6000 [ 36%]  (Sampling) 
Chain 2 Iteration: 2200 / 6000 [ 36%]  (Sampling) 
Chain 4 Iteration: 2200 / 6000 [ 36%]  (Sampling) 
Chain 1 Iteration: 2200 / 6000 [ 36%]  (Sampling) 
Chain 3 Iteration: 2300 / 6000 [ 38%]  (Sampling) 
Chain 2 Iteration: 2300 / 6000 [ 38%]  (Sampling) 
Chain 4 Iteration: 2300 / 6000 [ 38%]  (Sampling) 
Chain 1 Iteration: 2300 / 6000 [ 38%]  (Sampling) 
Chain 3 Iteration: 2400 / 6000 [ 40%]  (Sampling) 
Chain 2 Iteration: 2400 / 6000 [ 40%]  (Sampling) 
Chain 4 Iteration: 2400 / 6000 [ 40%]  (Sampling) 
Chain 1 Iteration: 2400 / 6000 [ 40%]  (Sampling) 
Chain 3 Iteration: 2500 / 6000 [ 41%]  (Sampling) 
Chain 2 Iteration: 2500 / 6000 [ 41%]  (Sampling) 
Chain 4 Iteration: 2500 / 6000 [ 41%]  (Sampling) 
Chain 1 Iteration: 2500 / 6000 [ 41%]  (Sampling) 
Chain 3 Iteration: 2600 / 6000 [ 43%]  (Sampling) 
Chain 2 Iteration: 2600 / 6000 [ 43%]  (Sampling) 
Chain 1 Iteration: 2600 / 6000 [ 43%]  (Sampling) 
Chain 4 Iteration: 2600 / 6000 [ 43%]  (Sampling) 
Chain 3 Iteration: 2700 / 6000 [ 45%]  (Sampling) 
Chain 2 Iteration: 2700 / 6000 [ 45%]  (Sampling) 
Chain 1 Iteration: 2700 / 6000 [ 45%]  (Sampling) 
Chain 3 Iteration: 2800 / 6000 [ 46%]  (Sampling) 
Chain 4 Iteration: 2700 / 6000 [ 45%]  (Sampling) 
Chain 2 Iteration: 2800 / 6000 [ 46%]  (Sampling) 
Chain 3 Iteration: 2900 / 6000 [ 48%]  (Sampling) 
Chain 1 Iteration: 2800 / 6000 [ 46%]  (Sampling) 
Chain 4 Iteration: 2800 / 6000 [ 46%]  (Sampling) 
Chain 2 Iteration: 2900 / 6000 [ 48%]  (Sampling) 
Chain 3 Iteration: 3000 / 6000 [ 50%]  (Sampling) 
Chain 1 Iteration: 2900 / 6000 [ 48%]  (Sampling) 
Chain 4 Iteration: 2900 / 6000 [ 48%]  (Sampling) 
Chain 2 Iteration: 3000 / 6000 [ 50%]  (Sampling) 
Chain 3 Iteration: 3100 / 6000 [ 51%]  (Sampling) 
Chain 1 Iteration: 3000 / 6000 [ 50%]  (Sampling) 
Chain 4 Iteration: 3000 / 6000 [ 50%]  (Sampling) 
Chain 2 Iteration: 3100 / 6000 [ 51%]  (Sampling) 
Chain 3 Iteration: 3200 / 6000 [ 53%]  (Sampling) 
Chain 1 Iteration: 3100 / 6000 [ 51%]  (Sampling) 
Chain 4 Iteration: 3100 / 6000 [ 51%]  (Sampling) 
Chain 2 Iteration: 3200 / 6000 [ 53%]  (Sampling) 
Chain 3 Iteration: 3300 / 6000 [ 55%]  (Sampling) 
Chain 1 Iteration: 3200 / 6000 [ 53%]  (Sampling) 
Chain 4 Iteration: 3200 / 6000 [ 53%]  (Sampling) 
Chain 2 Iteration: 3300 / 6000 [ 55%]  (Sampling) 
Chain 3 Iteration: 3400 / 6000 [ 56%]  (Sampling) 
Chain 1 Iteration: 3300 / 6000 [ 55%]  (Sampling) 
Chain 4 Iteration: 3300 / 6000 [ 55%]  (Sampling) 
Chain 2 Iteration: 3400 / 6000 [ 56%]  (Sampling) 
Chain 3 Iteration: 3500 / 6000 [ 58%]  (Sampling) 
Chain 1 Iteration: 3400 / 6000 [ 56%]  (Sampling) 
Chain 2 Iteration: 3500 / 6000 [ 58%]  (Sampling) 
Chain 4 Iteration: 3400 / 6000 [ 56%]  (Sampling) 
Chain 3 Iteration: 3600 / 6000 [ 60%]  (Sampling) 
Chain 1 Iteration: 3500 / 6000 [ 58%]  (Sampling) 
Chain 2 Iteration: 3600 / 6000 [ 60%]  (Sampling) 
Chain 4 Iteration: 3500 / 6000 [ 58%]  (Sampling) 
Chain 3 Iteration: 3700 / 6000 [ 61%]  (Sampling) 
Chain 1 Iteration: 3600 / 6000 [ 60%]  (Sampling) 
Chain 2 Iteration: 3700 / 6000 [ 61%]  (Sampling) 
Chain 4 Iteration: 3600 / 6000 [ 60%]  (Sampling) 
Chain 3 Iteration: 3800 / 6000 [ 63%]  (Sampling) 
Chain 1 Iteration: 3700 / 6000 [ 61%]  (Sampling) 
Chain 2 Iteration: 3800 / 6000 [ 63%]  (Sampling) 
Chain 4 Iteration: 3700 / 6000 [ 61%]  (Sampling) 
Chain 3 Iteration: 3900 / 6000 [ 65%]  (Sampling) 
Chain 1 Iteration: 3800 / 6000 [ 63%]  (Sampling) 
Chain 2 Iteration: 3900 / 6000 [ 65%]  (Sampling) 
Chain 4 Iteration: 3800 / 6000 [ 63%]  (Sampling) 
Chain 3 Iteration: 4000 / 6000 [ 66%]  (Sampling) 
Chain 1 Iteration: 3900 / 6000 [ 65%]  (Sampling) 
Chain 2 Iteration: 4000 / 6000 [ 66%]  (Sampling) 
Chain 4 Iteration: 3900 / 6000 [ 65%]  (Sampling) 
Chain 3 Iteration: 4100 / 6000 [ 68%]  (Sampling) 
Chain 1 Iteration: 4000 / 6000 [ 66%]  (Sampling) 
Chain 2 Iteration: 4100 / 6000 [ 68%]  (Sampling) 
Chain 4 Iteration: 4000 / 6000 [ 66%]  (Sampling) 
Chain 3 Iteration: 4200 / 6000 [ 70%]  (Sampling) 
Chain 1 Iteration: 4100 / 6000 [ 68%]  (Sampling) 
Chain 2 Iteration: 4200 / 6000 [ 70%]  (Sampling) 
Chain 4 Iteration: 4100 / 6000 [ 68%]  (Sampling) 
Chain 3 Iteration: 4300 / 6000 [ 71%]  (Sampling) 
Chain 1 Iteration: 4200 / 6000 [ 70%]  (Sampling) 
Chain 2 Iteration: 4300 / 6000 [ 71%]  (Sampling) 
Chain 3 Iteration: 4400 / 6000 [ 73%]  (Sampling) 
Chain 4 Iteration: 4200 / 6000 [ 70%]  (Sampling) 
Chain 1 Iteration: 4300 / 6000 [ 71%]  (Sampling) 
Chain 2 Iteration: 4400 / 6000 [ 73%]  (Sampling) 
Chain 3 Iteration: 4500 / 6000 [ 75%]  (Sampling) 
Chain 4 Iteration: 4300 / 6000 [ 71%]  (Sampling) 
Chain 1 Iteration: 4400 / 6000 [ 73%]  (Sampling) 
Chain 2 Iteration: 4500 / 6000 [ 75%]  (Sampling) 
Chain 3 Iteration: 4600 / 6000 [ 76%]  (Sampling) 
Chain 4 Iteration: 4400 / 6000 [ 73%]  (Sampling) 
Chain 1 Iteration: 4500 / 6000 [ 75%]  (Sampling) 
Chain 2 Iteration: 4600 / 6000 [ 76%]  (Sampling) 
Chain 3 Iteration: 4700 / 6000 [ 78%]  (Sampling) 
Chain 4 Iteration: 4500 / 6000 [ 75%]  (Sampling) 
Chain 1 Iteration: 4600 / 6000 [ 76%]  (Sampling) 
Chain 2 Iteration: 4700 / 6000 [ 78%]  (Sampling) 
Chain 3 Iteration: 4800 / 6000 [ 80%]  (Sampling) 
Chain 4 Iteration: 4600 / 6000 [ 76%]  (Sampling) 
Chain 1 Iteration: 4700 / 6000 [ 78%]  (Sampling) 
Chain 2 Iteration: 4800 / 6000 [ 80%]  (Sampling) 
Chain 3 Iteration: 4900 / 6000 [ 81%]  (Sampling) 
Chain 4 Iteration: 4700 / 6000 [ 78%]  (Sampling) 
Chain 1 Iteration: 4800 / 6000 [ 80%]  (Sampling) 
Chain 2 Iteration: 4900 / 6000 [ 81%]  (Sampling) 
Chain 3 Iteration: 5000 / 6000 [ 83%]  (Sampling) 
Chain 4 Iteration: 4800 / 6000 [ 80%]  (Sampling) 
Chain 1 Iteration: 4900 / 6000 [ 81%]  (Sampling) 
Chain 2 Iteration: 5000 / 6000 [ 83%]  (Sampling) 
Chain 3 Iteration: 5100 / 6000 [ 85%]  (Sampling) 
Chain 4 Iteration: 4900 / 6000 [ 81%]  (Sampling) 
Chain 1 Iteration: 5000 / 6000 [ 83%]  (Sampling) 
Chain 2 Iteration: 5100 / 6000 [ 85%]  (Sampling) 
Chain 3 Iteration: 5200 / 6000 [ 86%]  (Sampling) 
Chain 4 Iteration: 5000 / 6000 [ 83%]  (Sampling) 
Chain 1 Iteration: 5100 / 6000 [ 85%]  (Sampling) 
Chain 2 Iteration: 5200 / 6000 [ 86%]  (Sampling) 
Chain 3 Iteration: 5300 / 6000 [ 88%]  (Sampling) 
Chain 4 Iteration: 5100 / 6000 [ 85%]  (Sampling) 
Chain 1 Iteration: 5200 / 6000 [ 86%]  (Sampling) 
Chain 2 Iteration: 5300 / 6000 [ 88%]  (Sampling) 
Chain 3 Iteration: 5400 / 6000 [ 90%]  (Sampling) 
Chain 4 Iteration: 5200 / 6000 [ 86%]  (Sampling) 
Chain 1 Iteration: 5300 / 6000 [ 88%]  (Sampling) 
Chain 2 Iteration: 5400 / 6000 [ 90%]  (Sampling) 
Chain 3 Iteration: 5500 / 6000 [ 91%]  (Sampling) 
Chain 4 Iteration: 5300 / 6000 [ 88%]  (Sampling) 
Chain 1 Iteration: 5400 / 6000 [ 90%]  (Sampling) 
Chain 2 Iteration: 5500 / 6000 [ 91%]  (Sampling) 
Chain 3 Iteration: 5600 / 6000 [ 93%]  (Sampling) 
Chain 4 Iteration: 5400 / 6000 [ 90%]  (Sampling) 
Chain 1 Iteration: 5500 / 6000 [ 91%]  (Sampling) 
Chain 2 Iteration: 5600 / 6000 [ 93%]  (Sampling) 
Chain 3 Iteration: 5700 / 6000 [ 95%]  (Sampling) 
Chain 4 Iteration: 5500 / 6000 [ 91%]  (Sampling) 
Chain 1 Iteration: 5600 / 6000 [ 93%]  (Sampling) 
Chain 2 Iteration: 5700 / 6000 [ 95%]  (Sampling) 
Chain 3 Iteration: 5800 / 6000 [ 96%]  (Sampling) 
Chain 1 Iteration: 5700 / 6000 [ 95%]  (Sampling) 
Chain 4 Iteration: 5600 / 6000 [ 93%]  (Sampling) 
Chain 2 Iteration: 5800 / 6000 [ 96%]  (Sampling) 
Chain 3 Iteration: 5900 / 6000 [ 98%]  (Sampling) 
Chain 1 Iteration: 5800 / 6000 [ 96%]  (Sampling) 
Chain 2 Iteration: 5900 / 6000 [ 98%]  (Sampling) 
Chain 4 Iteration: 5700 / 6000 [ 95%]  (Sampling) 
Chain 3 Iteration: 6000 / 6000 [100%]  (Sampling) 
Chain 3 finished in 1485.4 seconds.
Chain 1 Iteration: 5900 / 6000 [ 98%]  (Sampling) 
Chain 2 Iteration: 6000 / 6000 [100%]  (Sampling) 
Chain 2 finished in 1498.7 seconds.
Chain 4 Iteration: 5800 / 6000 [ 96%]  (Sampling) 
Chain 1 Iteration: 6000 / 6000 [100%]  (Sampling) 
Chain 1 finished in 1520.7 seconds.
Chain 4 Iteration: 5900 / 6000 [ 98%]  (Sampling) 
Chain 4 Iteration: 6000 / 6000 [100%]  (Sampling) 
Chain 4 finished in 1544.9 seconds.

All 4 chains finished successfully.
Mean chain execution time: 1512.4 seconds.
Total execution time: 1545.3 seconds.

[1] "Processing draws 1 to 100"
[1] "Chunk time = 56.2406377792358"
[1] "Processing draws 101 to 200"
[1] "Chunk time = 19.6343641281128"
[1] "Processing draws 201 to 300"
[1] "Chunk time = 18.7432019710541"
[1] "Processing draws 301 to 400"
[1] "Chunk time = 18.3944170475006"
[1] "Processing draws 401 to 500"
[1] "Chunk time = 18.2723438739777"
[1] "Processing draws 501 to 600"
[1] "Chunk time = 19.0244767665863"
[1] "Processing draws 601 to 700"
[1] "Chunk time = 18.0561919212341"
[1] "Processing draws 701 to 800"
[1] "Chunk time = 17.643274307251"
[1] "Processing draws 801 to 900"
[1] "Chunk time = 17.4362711906433"
[1] "Processing draws 901 to 1000"
[1] "Chunk time = 17.6544032096863"
[1] "Processing draws 1001 to 1100"
[1] "Chunk time = 17.2520792484283"
[1] "Processing draws 1101 to 1200"
[1] "Chunk time = 17.5617156028748"
[1] "Processing draws 1201 to 1300"
[1] "Chunk time = 18.5933434963226"
[1] "Processing draws 1301 to 1400"
[1] "Chunk time = 17.8086807727814"
[1] "Processing draws 1401 to 1500"
[1] "Chunk time = 18.3253073692322"
[1] "Processing draws 1501 to 1600"
[1] "Chunk time = 18.3883473873138"
[1] "Processing draws 1601 to 1700"
[1] "Chunk time = 18.542423248291"
[1] "Processing draws 1701 to 1800"
[1] "Chunk time = 18.0612707138062"
[1] "Processing draws 1801 to 1900"
[1] "Chunk time = 17.4975783824921"
[1] "Processing draws 1901 to 2000"
[1] "Chunk time = 17.3731553554535"
[1] "Processing draws 2001 to 2100"
[1] "Chunk time = 18.1804418563843"
[1] "Processing draws 2101 to 2200"
[1] "Chunk time = 18.1152658462524"
[1] "Processing draws 2201 to 2300"
[1] "Chunk time = 17.838809967041"
[1] "Processing draws 2301 to 2400"
[1] "Chunk time = 17.6189830303192"
[1] "Processing draws 2401 to 2500"
[1] "Chunk time = 17.8634626865387"
[1] "Processing draws 2501 to 2600"
[1] "Chunk time = 17.4563913345337"
[1] "Processing draws 2601 to 2700"
[1] "Chunk time = 17.1950590610504"
[1] "Processing draws 2701 to 2800"
[1] "Chunk time = 17.5165047645569"
[1] "Processing draws 2801 to 2900"
[1] "Chunk time = 17.7917141914368"
[1] "Processing draws 2901 to 3000"
[1] "Chunk time = 17.369535446167"
[1] "Processing draws 3001 to 3100"
[1] "Chunk time = 17.31813621521"
[1] "Processing draws 3101 to 3200"
[1] "Chunk time = 17.7408320903778"
[1] "Processing draws 3201 to 3300"
[1] "Chunk time = 17.7174255847931"
[1] "Processing draws 3301 to 3400"
[1] "Chunk time = 17.5666999816895"
[1] "Processing draws 3401 to 3500"
[1] "Chunk time = 17.9955823421478"
[1] "Processing draws 3501 to 3600"
[1] "Chunk time = 17.5179445743561"
[1] "Processing draws 3601 to 3700"
[1] "Chunk time = 17.8306095600128"
[1] "Processing draws 3701 to 3800"
[1] "Chunk time = 17.4455833435059"
[1] "Processing draws 3801 to 3900"
[1] "Chunk time = 17.4264581203461"
[1] "Processing draws 3901 to 4000"
[1] "Chunk time = 17.5037603378296"
[1] "Processing draws 4001 to 4100"
[1] "Chunk time = 18.1306629180908"
[1] "Processing draws 4101 to 4200"
[1] "Chunk time = 17.386305809021"
[1] "Processing draws 4201 to 4300"
[1] "Chunk time = 17.5673799514771"
[1] "Processing draws 4301 to 4400"
[1] "Chunk time = 18.2250826358795"
[1] "Processing draws 4401 to 4500"
[1] "Chunk time = 18.1682064533234"
[1] "Processing draws 4501 to 4600"
[1] "Chunk time = 18.1614944934845"
[1] "Processing draws 4601 to 4700"
[1] "Chunk time = 17.5155110359192"
[1] "Processing draws 4701 to 4800"
[1] "Chunk time = 17.5782430171967"
[1] "Processing draws 4801 to 4900"
[1] "Chunk time = 17.6991446018219"
[1] "Processing draws 4901 to 5000"
[1] "Chunk time = 17.6680915355682"
[1] "Processing draws 5001 to 5100"
[1] "Chunk time = 17.3269650936127"
[1] "Processing draws 5101 to 5200"
[1] "Chunk time = 17.8043539524078"
[1] "Processing draws 5201 to 5300"
[1] "Chunk time = 18.01291680336"
[1] "Processing draws 5301 to 5400"
[1] "Chunk time = 17.9843595027924"
[1] "Processing draws 5401 to 5500"
[1] "Chunk time = 17.569197177887"
[1] "Processing draws 5501 to 5600"
[1] "Chunk time = 17.6787405014038"
[1] "Processing draws 5601 to 5700"
[1] "Chunk time = 18.5999004840851"
[1] "Processing draws 5701 to 5800"
[1] "Chunk time = 17.8764262199402"
[1] "Processing draws 5801 to 5900"
[1] "Chunk time = 17.9632620811462"
[1] "Processing draws 5901 to 6000"
[1] "Chunk time = 17.8313961029053"
[1] "Processing draws 6001 to 6100"
[1] "Chunk time = 17.8962466716766"
[1] "Processing draws 6101 to 6200"
[1] "Chunk time = 17.6283588409424"
[1] "Processing draws 6201 to 6300"
[1] "Chunk time = 18.1921050548553"
[1] "Processing draws 6301 to 6400"
[1] "Chunk time = 17.6692957878113"
[1] "Processing draws 6401 to 6500"
[1] "Chunk time = 18.0656080245972"
[1] "Processing draws 6501 to 6600"
[1] "Chunk time = 17.5524959564209"
[1] "Processing draws 6601 to 6700"
[1] "Chunk time = 17.6418793201447"
[1] "Processing draws 6701 to 6800"
[1] "Chunk time = 17.7535271644592"
[1] "Processing draws 6801 to 6900"
[1] "Chunk time = 18.0889604091644"
[1] "Processing draws 6901 to 7000"
[1] "Chunk time = 17.9877638816833"
[1] "Processing draws 7001 to 7100"
[1] "Chunk time = 17.7307093143463"
[1] "Processing draws 7101 to 7200"
[1] "Chunk time = 17.9844434261322"
[1] "Processing draws 7201 to 7300"
[1] "Chunk time = 18.0322995185852"
[1] "Processing draws 7301 to 7400"
[1] "Chunk time = 17.9265923500061"
[1] "Processing draws 7401 to 7500"
[1] "Chunk time = 17.8107059001923"
[1] "Processing draws 7501 to 7600"
[1] "Chunk time = 17.3960921764374"
[1] "Processing draws 7601 to 7700"
[1] "Chunk time = 18.0537266731262"
[1] "Processing draws 7701 to 7800"
[1] "Chunk time = 17.9331021308899"
[1] "Processing draws 7801 to 7900"
[1] "Chunk time = 17.7939560413361"
[1] "Processing draws 7901 to 8000"
[1] "Chunk time = 17.5031578540802"
[1] "Processing draws 8001 to 8100"
[1] "Chunk time = 17.2977728843689"
[1] "Processing draws 8101 to 8200"
[1] "Chunk time = 17.2464535236359"
[1] "Processing draws 8201 to 8300"
[1] "Chunk time = 18.0435078144073"
[1] "Processing draws 8301 to 8400"
[1] "Chunk time = 17.5573265552521"
[1] "Processing draws 8401 to 8500"
[1] "Chunk time = 17.5402979850769"
[1] "Processing draws 8501 to 8600"
[1] "Chunk time = 17.1066544055939"
[1] "Processing draws 8601 to 8700"
[1] "Chunk time = 17.3049952983856"
[1] "Processing draws 8701 to 8800"
[1] "Chunk time = 16.9862408638"
[1] "Processing draws 8801 to 8900"
[1] "Chunk time = 17.3073682785034"
[1] "Processing draws 8901 to 9000"
[1] "Chunk time = 17.6986310482025"
[1] "Processing draws 9001 to 9100"
[1] "Chunk time = 17.4370274543762"
[1] "Processing draws 9101 to 9200"
[1] "Chunk time = 17.5834546089172"
[1] "Processing draws 9201 to 9300"
[1] "Chunk time = 17.801837682724"
[1] "Processing draws 9301 to 9400"
[1] "Chunk time = 17.6336998939514"
[1] "Processing draws 9401 to 9500"
[1] "Chunk time = 17.8111824989319"
[1] "Processing draws 9501 to 9600"
[1] "Chunk time = 18.0936744213104"
[1] "Processing draws 9601 to 9700"
[1] "Chunk time = 18.3197848796844"
[1] "Processing draws 9701 to 9800"
[1] "Chunk time = 17.7237141132355"
[1] "Processing draws 9801 to 9900"
[1] "Chunk time = 17.22270154953"
[1] "Processing draws 9901 to 10000"
[1] "Chunk time = 17.2388818264008"
[1] "Processing draws 10001 to 10100"
[1] "Chunk time = 18.0127656459808"
[1] "Processing draws 10101 to 10200"
[1] "Chunk time = 17.8952741622925"
[1] "Processing draws 10201 to 10300"
[1] "Chunk time = 18.2188160419464"
[1] "Processing draws 10301 to 10400"
[1] "Chunk time = 18.3027980327606"
[1] "Processing draws 10401 to 10500"
[1] "Chunk time = 18.3816523551941"
[1] "Processing draws 10501 to 10600"
[1] "Chunk time = 17.7585051059723"
[1] "Processing draws 10601 to 10700"
[1] "Chunk time = 18.5777583122253"
[1] "Processing draws 10701 to 10800"
[1] "Chunk time = 17.474858045578"
[1] "Processing draws 10801 to 10900"
[1] "Chunk time = 18.0983221530914"
[1] "Processing draws 10901 to 11000"
[1] "Chunk time = 17.7076387405396"
[1] "Processing draws 11001 to 11100"
[1] "Chunk time = 17.6448087692261"
[1] "Processing draws 11101 to 11200"
[1] "Chunk time = 18.0561525821686"
[1] "Processing draws 11201 to 11300"
[1] "Chunk time = 18.2610030174255"
[1] "Processing draws 11301 to 11400"
[1] "Chunk time = 17.6635642051697"
[1] "Processing draws 11401 to 11500"
[1] "Chunk time = 17.4579436779022"
[1] "Processing draws 11501 to 11600"
[1] "Chunk time = 17.68909907341"
[1] "Processing draws 11601 to 11700"
[1] "Chunk time = 17.5379555225372"
[1] "Processing draws 11701 to 11800"
[1] "Chunk time = 17.6440923213959"
[1] "Processing draws 11801 to 11900"
[1] "Chunk time = 17.3857345581055"
[1] "Processing draws 11901 to 12000"
[1] "Chunk time = 17.8918669223785"
[1] "Processing draws 12001 to 12100"
[1] "Chunk time = 17.6400437355042"
[1] "Processing draws 12101 to 12200"
[1] "Chunk time = 17.7472081184387"
[1] "Processing draws 12201 to 12300"
[1] "Chunk time = 17.9571251869202"
[1] "Processing draws 12301 to 12400"
[1] "Chunk time = 17.5561261177063"
[1] "Processing draws 12401 to 12500"
[1] "Chunk time = 17.7855763435364"
[1] "Processing draws 12501 to 12600"
[1] "Chunk time = 18.0655634403229"
[1] "Processing draws 12601 to 12700"
[1] "Chunk time = 18.1768755912781"
[1] "Processing draws 12701 to 12800"
[1] "Chunk time = 17.8472723960876"
[1] "Processing draws 12801 to 12900"
[1] "Chunk time = 18.4823260307312"
[1] "Processing draws 12901 to 13000"
[1] "Chunk time = 18.1079201698303"
[1] "Processing draws 13001 to 13100"
[1] "Chunk time = 18.1412992477417"
[1] "Processing draws 13101 to 13200"
[1] "Chunk time = 19.3327288627625"
[1] "Processing draws 13201 to 13300"
[1] "Chunk time = 18.2248232364655"
[1] "Processing draws 13301 to 13400"
[1] "Chunk time = 20.6746454238892"
[1] "Processing draws 13401 to 13500"
[1] "Chunk time = 18.2862765789032"
[1] "Processing draws 13501 to 13600"
[1] "Chunk time = 18.9111762046814"
[1] "Processing draws 13601 to 13700"
[1] "Chunk time = 19.6758272647858"
[1] "Processing draws 13701 to 13800"
[1] "Chunk time = 19.0137190818787"
[1] "Processing draws 13801 to 13900"
[1] "Chunk time = 20.0785801410675"
[1] "Processing draws 13901 to 14000"
[1] "Chunk time = 20.4489984512329"
[1] "Processing draws 14001 to 14100"
[1] "Chunk time = 20.4773764610291"
[1] "Processing draws 14101 to 14200"
[1] "Chunk time = 20.5294227600098"
[1] "Processing draws 14201 to 14300"
[1] "Chunk time = 20.1790378093719"
[1] "Processing draws 14301 to 14400"
[1] "Chunk time = 20.3149571418762"
[1] "Processing draws 14401 to 14500"
[1] "Chunk time = 20.4050779342651"
[1] "Processing draws 14501 to 14600"
[1] "Chunk time = 19.2064151763916"
[1] "Processing draws 14601 to 14700"
[1] "Chunk time = 17.5427048206329"
[1] "Processing draws 14701 to 14800"
[1] "Chunk time = 17.773952960968"
[1] "Processing draws 14801 to 14900"
[1] "Chunk time = 17.5391232967377"
[1] "Processing draws 14901 to 15000"
[1] "Chunk time = 17.2325241565704"
[1] "Processing draws 15001 to 15100"
[1] "Chunk time = 17.5940029621124"
[1] "Processing draws 15101 to 15200"
[1] "Chunk time = 17.4686722755432"
[1] "Processing draws 15201 to 15300"
[1] "Chunk time = 17.7589690685272"
[1] "Processing draws 15301 to 15400"
[1] "Chunk time = 18.2034003734589"
[1] "Processing draws 15401 to 15500"
[1] "Chunk time = 19.8854238986969"
[1] "Processing draws 15501 to 15600"
[1] "Chunk time = 17.5058755874634"
[1] "Processing draws 15601 to 15700"
[1] "Chunk time = 17.6111834049225"
[1] "Processing draws 15701 to 15800"
[1] "Chunk time = 17.5262818336487"
[1] "Processing draws 15801 to 15900"
[1] "Chunk time = 17.3786191940308"
[1] "Processing draws 15901 to 16000"
[1] "Chunk time = 17.506251335144"
[1] "Processing draws 16001 to 16100"
[1] "Chunk time = 17.4621551036835"
[1] "Processing draws 16101 to 16200"
[1] "Chunk time = 17.6090929508209"
[1] "Processing draws 16201 to 16300"
[1] "Chunk time = 17.8433020114899"
[1] "Processing draws 16301 to 16400"
[1] "Chunk time = 20.6822898387909"
[1] "Processing draws 16401 to 16500"
[1] "Chunk time = 19.9473240375519"
[1] "Processing draws 16501 to 16600"
[1] "Chunk time = 17.3790650367737"
[1] "Processing draws 16601 to 16700"
[1] "Chunk time = 18.0512166023254"
[1] "Processing draws 16701 to 16800"
[1] "Chunk time = 17.6294372081757"
[1] "Processing draws 16801 to 16900"
[1] "Chunk time = 17.7946527004242"
[1] "Processing draws 16901 to 17000"
[1] "Chunk time = 17.6960020065308"
[1] "Processing draws 17001 to 17100"
[1] "Chunk time = 17.7291667461395"
[1] "Processing draws 17101 to 17200"
[1] "Chunk time = 17.4173901081085"
[1] "Processing draws 17201 to 17300"
[1] "Chunk time = 17.6091456413269"
[1] "Processing draws 17301 to 17400"
[1] "Chunk time = 17.2933330535889"
[1] "Processing draws 17401 to 17500"
[1] "Chunk time = 17.2452499866486"
[1] "Processing draws 17501 to 17600"
[1] "Chunk time = 16.7364866733551"
[1] "Processing draws 17601 to 17700"
[1] "Chunk time = 17.1037673950195"
[1] "Processing draws 17701 to 17800"
[1] "Chunk time = 17.2522563934326"
[1] "Processing draws 17801 to 17900"
[1] "Chunk time = 16.8220524787903"
[1] "Processing draws 17901 to 18000"
[1] "Chunk time = 16.9580860137939"
[1] "Processing draws 18001 to 18100"
[1] "Chunk time = 17.698979139328"
[1] "Processing draws 18101 to 18200"
[1] "Chunk time = 17.8976030349731"
[1] "Processing draws 18201 to 18300"
[1] "Chunk time = 17.3100032806396"
[1] "Processing draws 18301 to 18400"
[1] "Chunk time = 17.1438953876495"
[1] "Processing draws 18401 to 18500"
[1] "Chunk time = 17.0343616008759"
[1] "Processing draws 18501 to 18600"
[1] "Chunk time = 17.1041131019592"
[1] "Processing draws 18601 to 18700"
[1] "Chunk time = 16.9724304676056"
[1] "Processing draws 18701 to 18800"
[1] "Chunk time = 16.7494747638702"
[1] "Processing draws 18801 to 18900"
[1] "Chunk time = 17.4941759109497"
[1] "Processing draws 18901 to 19000"
[1] "Chunk time = 16.9971115589142"
[1] "Processing draws 19001 to 19100"
[1] "Chunk time = 16.8439073562622"
[1] "Processing draws 19101 to 19200"
[1] "Chunk time = 16.8664107322693"
[1] "Processing draws 19201 to 19300"
[1] "Chunk time = 17.1893081665039"
[1] "Processing draws 19301 to 19400"
[1] "Chunk time = 16.7243883609772"
[1] "Processing draws 19401 to 19500"
[1] "Chunk time = 16.7628910541534"
[1] "Processing draws 19501 to 19600"
[1] "Chunk time = 16.9222278594971"
[1] "Processing draws 19601 to 19700"
[1] "Chunk time = 17.1677281856537"
[1] "Processing draws 19701 to 19800"
[1] "Chunk time = 17.1966717243195"
[1] "Processing draws 19801 to 19900"
[1] "Chunk time = 17.1026463508606"
[1] "Processing draws 19901 to 20000"
[1] "Chunk time = 17.1799366474152"
[1] "done lapplying"
[1] "Saving current params"
[1] "Saving params to output.rds"
[1] TRUE
