[1] "Starting sampling."
Running MCMC with 4 parallel chains, with 4 thread(s) per chain...

Chain 1 Iteration:    1 / 6000 [  0%]  (Warmup) 
Chain 2 Iteration:    1 / 6000 [  0%]  (Warmup) 
Chain 3 Iteration:    1 / 6000 [  0%]  (Warmup) 
Chain 4 Iteration:    1 / 6000 [  0%]  (Warmup) 
Chain 4 Iteration:  100 / 6000 [  1%]  (Warmup) 
Chain 2 Iteration:  100 / 6000 [  1%]  (Warmup) 
Chain 3 Iteration:  100 / 6000 [  1%]  (Warmup) 
Chain 4 Iteration:  200 / 6000 [  3%]  (Warmup) 
Chain 1 Iteration:  100 / 6000 [  1%]  (Warmup) 
Chain 2 Iteration:  200 / 6000 [  3%]  (Warmup) 
Chain 4 Iteration:  300 / 6000 [  5%]  (Warmup) 
Chain 3 Iteration:  200 / 6000 [  3%]  (Warmup) 
Chain 1 Iteration:  200 / 6000 [  3%]  (Warmup) 
Chain 2 Iteration:  300 / 6000 [  5%]  (Warmup) 
Chain 4 Iteration:  400 / 6000 [  6%]  (Warmup) 
Chain 3 Iteration:  300 / 6000 [  5%]  (Warmup) 
Chain 1 Iteration:  300 / 6000 [  5%]  (Warmup) 
Chain 2 Iteration:  400 / 6000 [  6%]  (Warmup) 
Chain 4 Iteration:  500 / 6000 [  8%]  (Warmup) 
Chain 3 Iteration:  400 / 6000 [  6%]  (Warmup) 
Chain 4 Iteration:  600 / 6000 [ 10%]  (Warmup) 
Chain 1 Iteration:  400 / 6000 [  6%]  (Warmup) 
Chain 2 Iteration:  500 / 6000 [  8%]  (Warmup) 
Chain 3 Iteration:  500 / 6000 [  8%]  (Warmup) 
Chain 4 Iteration:  700 / 6000 [ 11%]  (Warmup) 
Chain 2 Iteration:  600 / 6000 [ 10%]  (Warmup) 
Chain 1 Iteration:  500 / 6000 [  8%]  (Warmup) 
Chain 4 Iteration:  800 / 6000 [ 13%]  (Warmup) 
Chain 3 Iteration:  600 / 6000 [ 10%]  (Warmup) 
Chain 2 Iteration:  700 / 6000 [ 11%]  (Warmup) 
Chain 1 Iteration:  600 / 6000 [ 10%]  (Warmup) 
Chain 4 Iteration:  900 / 6000 [ 15%]  (Warmup) 
Chain 3 Iteration:  700 / 6000 [ 11%]  (Warmup) 
Chain 2 Iteration:  800 / 6000 [ 13%]  (Warmup) 
Chain 1 Iteration:  700 / 6000 [ 11%]  (Warmup) 
Chain 4 Iteration: 1000 / 6000 [ 16%]  (Warmup) 
Chain 4 Iteration: 1001 / 6000 [ 16%]  (Sampling) 
Chain 3 Iteration:  800 / 6000 [ 13%]  (Warmup) 
Chain 2 Iteration:  900 / 6000 [ 15%]  (Warmup) 
Chain 4 Iteration: 1100 / 6000 [ 18%]  (Sampling) 
Chain 1 Iteration:  800 / 6000 [ 13%]  (Warmup) 
Chain 3 Iteration:  900 / 6000 [ 15%]  (Warmup) 
Chain 2 Iteration: 1000 / 6000 [ 16%]  (Warmup) 
Chain 2 Iteration: 1001 / 6000 [ 16%]  (Sampling) 
Chain 4 Iteration: 1200 / 6000 [ 20%]  (Sampling) 
Chain 1 Iteration:  900 / 6000 [ 15%]  (Warmup) 
Chain 3 Iteration: 1000 / 6000 [ 16%]  (Warmup) 
Chain 3 Iteration: 1001 / 6000 [ 16%]  (Sampling) 
Chain 4 Iteration: 1300 / 6000 [ 21%]  (Sampling) 
Chain 2 Iteration: 1100 / 6000 [ 18%]  (Sampling) 
Chain 1 Iteration: 1000 / 6000 [ 16%]  (Warmup) 
Chain 1 Iteration: 1001 / 6000 [ 16%]  (Sampling) 
Chain 4 Iteration: 1400 / 6000 [ 23%]  (Sampling) 
Chain 3 Iteration: 1100 / 6000 [ 18%]  (Sampling) 
Chain 2 Iteration: 1200 / 6000 [ 20%]  (Sampling) 
Chain 1 Iteration: 1100 / 6000 [ 18%]  (Sampling) 
Chain 4 Iteration: 1500 / 6000 [ 25%]  (Sampling) 
Chain 3 Iteration: 1200 / 6000 [ 20%]  (Sampling) 
Chain 2 Iteration: 1300 / 6000 [ 21%]  (Sampling) 
Chain 4 Iteration: 1600 / 6000 [ 26%]  (Sampling) 
Chain 1 Iteration: 1200 / 6000 [ 20%]  (Sampling) 
Chain 3 Iteration: 1300 / 6000 [ 21%]  (Sampling) 
Chain 2 Iteration: 1400 / 6000 [ 23%]  (Sampling) 
Chain 4 Iteration: 1700 / 6000 [ 28%]  (Sampling) 
Chain 1 Iteration: 1300 / 6000 [ 21%]  (Sampling) 
Chain 3 Iteration: 1400 / 6000 [ 23%]  (Sampling) 
Chain 4 Iteration: 1800 / 6000 [ 30%]  (Sampling) 
Chain 2 Iteration: 1500 / 6000 [ 25%]  (Sampling) 
Chain 1 Iteration: 1400 / 6000 [ 23%]  (Sampling) 
Chain 4 Iteration: 1900 / 6000 [ 31%]  (Sampling) 
Chain 3 Iteration: 1500 / 6000 [ 25%]  (Sampling) 
Chain 2 Iteration: 1600 / 6000 [ 26%]  (Sampling) 
Chain 1 Iteration: 1500 / 6000 [ 25%]  (Sampling) 
Chain 4 Iteration: 2000 / 6000 [ 33%]  (Sampling) 
Chain 3 Iteration: 1600 / 6000 [ 26%]  (Sampling) 
Chain 2 Iteration: 1700 / 6000 [ 28%]  (Sampling) 
Chain 4 Iteration: 2100 / 6000 [ 35%]  (Sampling) 
Chain 1 Iteration: 1600 / 6000 [ 26%]  (Sampling) 
Chain 3 Iteration: 1700 / 6000 [ 28%]  (Sampling) 
Chain 2 Iteration: 1800 / 6000 [ 30%]  (Sampling) 
Chain 4 Iteration: 2200 / 6000 [ 36%]  (Sampling) 
Chain 1 Iteration: 1700 / 6000 [ 28%]  (Sampling) 
Chain 3 Iteration: 1800 / 6000 [ 30%]  (Sampling) 
Chain 4 Iteration: 2300 / 6000 [ 38%]  (Sampling) 
Chain 2 Iteration: 1900 / 6000 [ 31%]  (Sampling) 
Chain 1 Iteration: 1800 / 6000 [ 30%]  (Sampling) 
Chain 3 Iteration: 1900 / 6000 [ 31%]  (Sampling) 
Chain 4 Iteration: 2400 / 6000 [ 40%]  (Sampling) 
Chain 2 Iteration: 2000 / 6000 [ 33%]  (Sampling) 
Chain 1 Iteration: 1900 / 6000 [ 31%]  (Sampling) 
Chain 3 Iteration: 2000 / 6000 [ 33%]  (Sampling) 
Chain 4 Iteration: 2500 / 6000 [ 41%]  (Sampling) 
Chain 2 Iteration: 2100 / 6000 [ 35%]  (Sampling) 
Chain 1 Iteration: 2000 / 6000 [ 33%]  (Sampling) 
Chain 3 Iteration: 2100 / 6000 [ 35%]  (Sampling) 
Chain 4 Iteration: 2600 / 6000 [ 43%]  (Sampling) 
Chain 2 Iteration: 2200 / 6000 [ 36%]  (Sampling) 
Chain 1 Iteration: 2100 / 6000 [ 35%]  (Sampling) 
Chain 4 Iteration: 2700 / 6000 [ 45%]  (Sampling) 
Chain 3 Iteration: 2200 / 6000 [ 36%]  (Sampling) 
Chain 2 Iteration: 2300 / 6000 [ 38%]  (Sampling) 
Chain 1 Iteration: 2200 / 6000 [ 36%]  (Sampling) 
Chain 4 Iteration: 2800 / 6000 [ 46%]  (Sampling) 
Chain 3 Iteration: 2300 / 6000 [ 38%]  (Sampling) 
Chain 2 Iteration: 2400 / 6000 [ 40%]  (Sampling) 
Chain 1 Iteration: 2300 / 6000 [ 38%]  (Sampling) 
Chain 2 Iteration: 2500 / 6000 [ 41%]  (Sampling) 
Chain 4 Iteration: 2900 / 6000 [ 48%]  (Sampling) 
Chain 3 Iteration: 2400 / 6000 [ 40%]  (Sampling) 
Chain 1 Iteration: 2400 / 6000 [ 40%]  (Sampling) 
Chain 2 Iteration: 2600 / 6000 [ 43%]  (Sampling) 
Chain 4 Iteration: 3000 / 6000 [ 50%]  (Sampling) 
Chain 3 Iteration: 2500 / 6000 [ 41%]  (Sampling) 
Chain 2 Iteration: 2700 / 6000 [ 45%]  (Sampling) 
Chain 1 Iteration: 2500 / 6000 [ 41%]  (Sampling) 
Chain 4 Iteration: 3100 / 6000 [ 51%]  (Sampling) 
Chain 3 Iteration: 2600 / 6000 [ 43%]  (Sampling) 
Chain 2 Iteration: 2800 / 6000 [ 46%]  (Sampling) 
Chain 1 Iteration: 2600 / 6000 [ 43%]  (Sampling) 
Chain 4 Iteration: 3200 / 6000 [ 53%]  (Sampling) 
Chain 3 Iteration: 2700 / 6000 [ 45%]  (Sampling) 
Chain 2 Iteration: 2900 / 6000 [ 48%]  (Sampling) 
Chain 4 Iteration: 3300 / 6000 [ 55%]  (Sampling) 
Chain 1 Iteration: 2700 / 6000 [ 45%]  (Sampling) 
Chain 3 Iteration: 2800 / 6000 [ 46%]  (Sampling) 
Chain 2 Iteration: 3000 / 6000 [ 50%]  (Sampling) 
Chain 4 Iteration: 3400 / 6000 [ 56%]  (Sampling) 
Chain 1 Iteration: 2800 / 6000 [ 46%]  (Sampling) 
Chain 3 Iteration: 2900 / 6000 [ 48%]  (Sampling) 
Chain 2 Iteration: 3100 / 6000 [ 51%]  (Sampling) 
Chain 4 Iteration: 3500 / 6000 [ 58%]  (Sampling) 
Chain 3 Iteration: 3000 / 6000 [ 50%]  (Sampling) 
Chain 1 Iteration: 2900 / 6000 [ 48%]  (Sampling) 
Chain 2 Iteration: 3200 / 6000 [ 53%]  (Sampling) 
Chain 4 Iteration: 3600 / 6000 [ 60%]  (Sampling) 
Chain 3 Iteration: 3100 / 6000 [ 51%]  (Sampling) 
Chain 1 Iteration: 3000 / 6000 [ 50%]  (Sampling) 
Chain 2 Iteration: 3300 / 6000 [ 55%]  (Sampling) 
Chain 4 Iteration: 3700 / 6000 [ 61%]  (Sampling) 
Chain 3 Iteration: 3200 / 6000 [ 53%]  (Sampling) 
Chain 1 Iteration: 3100 / 6000 [ 51%]  (Sampling) 
Chain 2 Iteration: 3400 / 6000 [ 56%]  (Sampling) 
Chain 4 Iteration: 3800 / 6000 [ 63%]  (Sampling) 
Chain 3 Iteration: 3300 / 6000 [ 55%]  (Sampling) 
Chain 1 Iteration: 3200 / 6000 [ 53%]  (Sampling) 
Chain 2 Iteration: 3500 / 6000 [ 58%]  (Sampling) 
Chain 4 Iteration: 3900 / 6000 [ 65%]  (Sampling) 
Chain 3 Iteration: 3400 / 6000 [ 56%]  (Sampling) 
Chain 1 Iteration: 3300 / 6000 [ 55%]  (Sampling) 
Chain 2 Iteration: 3600 / 6000 [ 60%]  (Sampling) 
Chain 4 Iteration: 4000 / 6000 [ 66%]  (Sampling) 
Chain 3 Iteration: 3500 / 6000 [ 58%]  (Sampling) 
Chain 1 Iteration: 3400 / 6000 [ 56%]  (Sampling) 
Chain 2 Iteration: 3700 / 6000 [ 61%]  (Sampling) 
Chain 4 Iteration: 4100 / 6000 [ 68%]  (Sampling) 
Chain 3 Iteration: 3600 / 6000 [ 60%]  (Sampling) 
Chain 1 Iteration: 3500 / 6000 [ 58%]  (Sampling) 
Chain 4 Iteration: 4200 / 6000 [ 70%]  (Sampling) 
Chain 2 Iteration: 3800 / 6000 [ 63%]  (Sampling) 
Chain 3 Iteration: 3700 / 6000 [ 61%]  (Sampling) 
Chain 1 Iteration: 3600 / 6000 [ 60%]  (Sampling) 
Chain 4 Iteration: 4300 / 6000 [ 71%]  (Sampling) 
Chain 2 Iteration: 3900 / 6000 [ 65%]  (Sampling) 
Chain 3 Iteration: 3800 / 6000 [ 63%]  (Sampling) 
Chain 4 Iteration: 4400 / 6000 [ 73%]  (Sampling) 
Chain 1 Iteration: 3700 / 6000 [ 61%]  (Sampling) 
Chain 2 Iteration: 4000 / 6000 [ 66%]  (Sampling) 
Chain 3 Iteration: 3900 / 6000 [ 65%]  (Sampling) 
Chain 4 Iteration: 4500 / 6000 [ 75%]  (Sampling) 
Chain 1 Iteration: 3800 / 6000 [ 63%]  (Sampling) 
Chain 2 Iteration: 4100 / 6000 [ 68%]  (Sampling) 
Chain 3 Iteration: 4000 / 6000 [ 66%]  (Sampling) 
Chain 4 Iteration: 4600 / 6000 [ 76%]  (Sampling) 
Chain 1 Iteration: 3900 / 6000 [ 65%]  (Sampling) 
Chain 2 Iteration: 4200 / 6000 [ 70%]  (Sampling) 
Chain 3 Iteration: 4100 / 6000 [ 68%]  (Sampling) 
Chain 4 Iteration: 4700 / 6000 [ 78%]  (Sampling) 
Chain 2 Iteration: 4300 / 6000 [ 71%]  (Sampling) 
Chain 1 Iteration: 4000 / 6000 [ 66%]  (Sampling) 
Chain 3 Iteration: 4200 / 6000 [ 70%]  (Sampling) 
Chain 4 Iteration: 4800 / 6000 [ 80%]  (Sampling) 
Chain 2 Iteration: 4400 / 6000 [ 73%]  (Sampling) 
Chain 1 Iteration: 4100 / 6000 [ 68%]  (Sampling) 
Chain 3 Iteration: 4300 / 6000 [ 71%]  (Sampling) 
Chain 4 Iteration: 4900 / 6000 [ 81%]  (Sampling) 
Chain 2 Iteration: 4500 / 6000 [ 75%]  (Sampling) 
Chain 1 Iteration: 4200 / 6000 [ 70%]  (Sampling) 
Chain 4 Iteration: 5000 / 6000 [ 83%]  (Sampling) 
Chain 3 Iteration: 4400 / 6000 [ 73%]  (Sampling) 
Chain 2 Iteration: 4600 / 6000 [ 76%]  (Sampling) 
Chain 1 Iteration: 4300 / 6000 [ 71%]  (Sampling) 
Chain 4 Iteration: 5100 / 6000 [ 85%]  (Sampling) 
Chain 3 Iteration: 4500 / 6000 [ 75%]  (Sampling) 
Chain 2 Iteration: 4700 / 6000 [ 78%]  (Sampling) 
Chain 1 Iteration: 4400 / 6000 [ 73%]  (Sampling) 
Chain 4 Iteration: 5200 / 6000 [ 86%]  (Sampling) 
Chain 3 Iteration: 4600 / 6000 [ 76%]  (Sampling) 
Chain 2 Iteration: 4800 / 6000 [ 80%]  (Sampling) 
Chain 1 Iteration: 4500 / 6000 [ 75%]  (Sampling) 
Chain 4 Iteration: 5300 / 6000 [ 88%]  (Sampling) 
Chain 3 Iteration: 4700 / 6000 [ 78%]  (Sampling) 
Chain 2 Iteration: 4900 / 6000 [ 81%]  (Sampling) 
Chain 4 Iteration: 5400 / 6000 [ 90%]  (Sampling) 
Chain 1 Iteration: 4600 / 6000 [ 76%]  (Sampling) 
Chain 3 Iteration: 4800 / 6000 [ 80%]  (Sampling) 
Chain 2 Iteration: 5000 / 6000 [ 83%]  (Sampling) 
Chain 4 Iteration: 5500 / 6000 [ 91%]  (Sampling) 
Chain 1 Iteration: 4700 / 6000 [ 78%]  (Sampling) 
Chain 3 Iteration: 4900 / 6000 [ 81%]  (Sampling) 
Chain 2 Iteration: 5100 / 6000 [ 85%]  (Sampling) 
Chain 4 Iteration: 5600 / 6000 [ 93%]  (Sampling) 
Chain 1 Iteration: 4800 / 6000 [ 80%]  (Sampling) 
Chain 3 Iteration: 5000 / 6000 [ 83%]  (Sampling) 
Chain 2 Iteration: 5200 / 6000 [ 86%]  (Sampling) 
Chain 4 Iteration: 5700 / 6000 [ 95%]  (Sampling) 
Chain 1 Iteration: 4900 / 6000 [ 81%]  (Sampling) 
Chain 3 Iteration: 5100 / 6000 [ 85%]  (Sampling) 
Chain 2 Iteration: 5300 / 6000 [ 88%]  (Sampling) 
Chain 4 Iteration: 5800 / 6000 [ 96%]  (Sampling) 
Chain 1 Iteration: 5000 / 6000 [ 83%]  (Sampling) 
Chain 3 Iteration: 5200 / 6000 [ 86%]  (Sampling) 
Chain 2 Iteration: 5400 / 6000 [ 90%]  (Sampling) 
Chain 4 Iteration: 5900 / 6000 [ 98%]  (Sampling) 
Chain 1 Iteration: 5100 / 6000 [ 85%]  (Sampling) 
Chain 3 Iteration: 5300 / 6000 [ 88%]  (Sampling) 
Chain 4 Iteration: 6000 / 6000 [100%]  (Sampling) 
Chain 4 finished in 18335.5 seconds.
Chain 2 Iteration: 5500 / 6000 [ 91%]  (Sampling) 
Chain 1 Iteration: 5200 / 6000 [ 86%]  (Sampling) 
Chain 3 Iteration: 5400 / 6000 [ 90%]  (Sampling) 
Chain 2 Iteration: 5600 / 6000 [ 93%]  (Sampling) 
Chain 1 Iteration: 5300 / 6000 [ 88%]  (Sampling) 
Chain 3 Iteration: 5500 / 6000 [ 91%]  (Sampling) 
Chain 2 Iteration: 5700 / 6000 [ 95%]  (Sampling) 
Chain 1 Iteration: 5400 / 6000 [ 90%]  (Sampling) 
Chain 2 Iteration: 5800 / 6000 [ 96%]  (Sampling) 
Chain 3 Iteration: 5600 / 6000 [ 93%]  (Sampling) 
Chain 2 Iteration: 5900 / 6000 [ 98%]  (Sampling) 
Chain 3 Iteration: 5700 / 6000 [ 95%]  (Sampling) 
Chain 1 Iteration: 5500 / 6000 [ 91%]  (Sampling) 
Chain 2 Iteration: 6000 / 6000 [100%]  (Sampling) 
Chain 2 finished in 19713.4 seconds.
Chain 3 Iteration: 5800 / 6000 [ 96%]  (Sampling) 
Chain 1 Iteration: 5600 / 6000 [ 93%]  (Sampling) 
Chain 3 Iteration: 5900 / 6000 [ 98%]  (Sampling) 
Chain 1 Iteration: 5700 / 6000 [ 95%]  (Sampling) 
Chain 3 Iteration: 6000 / 6000 [100%]  (Sampling) 
Chain 3 finished in 20381.3 seconds.
Chain 1 Iteration: 5800 / 6000 [ 96%]  (Sampling) 
Chain 1 Iteration: 5900 / 6000 [ 98%]  (Sampling) 
Chain 1 Iteration: 6000 / 6000 [100%]  (Sampling) 
Chain 1 finished in 20996.9 seconds.

All 4 chains finished successfully.
Mean chain execution time: 19856.8 seconds.
Total execution time: 20997.7 seconds.

[1] "Processing draws 1 to 100"
[1] "Chunk time = 3.24403898318609"
[1] "Processing draws 101 to 200"
[1] "Chunk time = 2.34457612435023"
[1] "Processing draws 201 to 300"
[1] "Chunk time = 2.49085946877797"
[1] "Processing draws 301 to 400"
[1] "Chunk time = 2.12872820695241"
[1] "Processing draws 401 to 500"
[1] "Chunk time = 2.03478078444799"
[1] "Processing draws 501 to 600"
[1] "Chunk time = 2.03895312945048"
[1] "Processing draws 601 to 700"
[1] "Chunk time = 2.08256678581238"
[1] "Processing draws 701 to 800"
[1] "Chunk time = 2.21763426860174"
[1] "Processing draws 801 to 900"
[1] "Chunk time = 2.04607383410136"
[1] "Processing draws 901 to 1000"
[1] "Chunk time = 2.18145834207535"
[1] "Processing draws 1001 to 1100"
[1] "Chunk time = 2.05020296573639"
[1] "Processing draws 1101 to 1200"
[1] "Chunk time = 2.0960520585378"
[1] "Processing draws 1201 to 1300"
[1] "Chunk time = 2.18373117446899"
[1] "Processing draws 1301 to 1400"
[1] "Chunk time = 2.03618366718292"
[1] "Processing draws 1401 to 1500"
[1] "Chunk time = 2.01564296881358"
[1] "Processing draws 1501 to 1600"
[1] "Chunk time = 2.16209368308385"
[1] "Processing draws 1601 to 1700"
[1] "Chunk time = 2.02741163571676"
[1] "Processing draws 1701 to 1800"
[1] "Chunk time = 2.05991542339325"
[1] "Processing draws 1801 to 1900"
[1] "Chunk time = 2.16439831256866"
[1] "Processing draws 1901 to 2000"
[1] "Chunk time = 2.08850118319194"
[1] "Processing draws 2001 to 2100"
[1] "Chunk time = 2.03095347483953"
[1] "Processing draws 2101 to 2200"
[1] "Chunk time = 2.12309620380402"
[1] "Processing draws 2201 to 2300"
[1] "Chunk time = 2.03312182823817"
[1] "Processing draws 2301 to 2400"
[1] "Chunk time = 2.10143971045812"
[1] "Processing draws 2401 to 2500"
[1] "Chunk time = 2.16293115615845"
[1] "Processing draws 2501 to 2600"
[1] "Chunk time = 2.02712574799856"
[1] "Processing draws 2601 to 2700"
[1] "Chunk time = 2.02013682126999"
[1] "Processing draws 2701 to 2800"
[1] "Chunk time = 2.07023229598999"
[1] "Processing draws 2801 to 2900"
[1] "Chunk time = 2.01770488421122"
[1] "Processing draws 2901 to 3000"
[1] "Chunk time = 2.02157166401545"
[1] "Processing draws 3001 to 3100"
[1] "Chunk time = 2.04828780889511"
[1] "Processing draws 3101 to 3200"
[1] "Chunk time = 2.07329430977503"
[1] "Processing draws 3201 to 3300"
[1] "Chunk time = 2.01751721700033"
[1] "Processing draws 3301 to 3400"
[1] "Chunk time = 2.10038330554962"
[1] "Processing draws 3401 to 3500"
[1] "Chunk time = 2.04214740594228"
[1] "Processing draws 3501 to 3600"
[1] "Chunk time = 2.0921596010526"
[1] "Processing draws 3601 to 3700"
[1] "Chunk time = 2.10877477327983"
[1] "Processing draws 3701 to 3800"
[1] "Chunk time = 2.01528778076172"
[1] "Processing draws 3801 to 3900"
[1] "Chunk time = 2.01116306384404"
[1] "Processing draws 3901 to 4000"
[1] "Chunk time = 2.1438344836235"
[1] "Processing draws 4001 to 4100"
[1] "Chunk time = 2.09016844431559"
[1] "Processing draws 4101 to 4200"
[1] "Chunk time = 2.02675651311874"
[1] "Processing draws 4201 to 4300"
[1] "Chunk time = 2.12956052621206"
[1] "Processing draws 4301 to 4400"
[1] "Chunk time = 2.08054394721985"
[1] "Processing draws 4401 to 4500"
[1] "Chunk time = 2.00174736976624"
[1] "Processing draws 4501 to 4600"
[1] "Chunk time = 2.13836699326833"
[1] "Processing draws 4601 to 4700"
[1] "Chunk time = 2.02383926709493"
[1] "Processing draws 4701 to 4800"
[1] "Chunk time = 2.06589532295863"
[1] "Processing draws 4801 to 4900"
[1] "Chunk time = 2.14033432801565"
[1] "Processing draws 4901 to 5000"
[1] "Chunk time = 2.04202990134557"
[1] "Processing draws 5001 to 5100"
[1] "Chunk time = 2.01288464466731"
[1] "Processing draws 5101 to 5200"
[1] "Chunk time = 2.1414125084877"
[1] "Processing draws 5201 to 5300"
[1] "Chunk time = 2.00886863072713"
[1] "Processing draws 5301 to 5400"
[1] "Chunk time = 2.01072266499201"
[1] "Processing draws 5401 to 5500"
[1] "Chunk time = 2.12550926208496"
[1] "Processing draws 5501 to 5600"
[1] "Chunk time = 2.06398071050644"
[1] "Processing draws 5601 to 5700"
[1] "Chunk time = 2.00525579452515"
[1] "Processing draws 5701 to 5800"
[1] "Chunk time = 2.13167334794998"
[1] "Processing draws 5801 to 5900"
[1] "Chunk time = 2.006904788812"
[1] "Processing draws 5901 to 6000"
[1] "Chunk time = 2.06659187873205"
[1] "Processing draws 6001 to 6100"
[1] "Chunk time = 2.14118065436681"
[1] "Processing draws 6101 to 6200"
[1] "Chunk time = 2.04261705080668"
[1] "Processing draws 6201 to 6300"
[1] "Chunk time = 1.98670879205068"
[1] "Processing draws 6301 to 6400"
[1] "Chunk time = 2.15002916256587"
[1] "Processing draws 6401 to 6500"
[1] "Chunk time = 2.011598833402"
[1] "Processing draws 6501 to 6600"
[1] "Chunk time = 2.0547382513682"
[1] "Processing draws 6601 to 6700"
[1] "Chunk time = 2.06272393067678"
[1] "Processing draws 6701 to 6800"
[1] "Chunk time = 2.10962715943654"
[1] "Processing draws 6801 to 6900"
[1] "Chunk time = 2.06104615132014"
[1] "Processing draws 6901 to 7000"
[1] "Chunk time = 2.01207534869512"
[1] "Processing draws 7001 to 7100"
[1] "Chunk time = 2.00405687491099"
[1] "Processing draws 7101 to 7200"
[1] "Chunk time = 2.01863033771515"
[1] "Processing draws 7201 to 7300"
[1] "Chunk time = 2.15518887042999"
[1] "Processing draws 7301 to 7400"
[1] "Chunk time = 2.01458073854446"
[1] "Processing draws 7401 to 7500"
[1] "Chunk time = 2.0184965689977"
[1] "Processing draws 7501 to 7600"
[1] "Chunk time = 2.13585239251455"
[1] "Processing draws 7601 to 7700"
[1] "Chunk time = 2.01160202423731"
[1] "Processing draws 7701 to 7800"
[1] "Chunk time = 2.00878102382024"
[1] "Processing draws 7801 to 7900"
[1] "Chunk time = 2.12733969291051"
[1] "Processing draws 7901 to 8000"
[1] "Chunk time = 2.02345848083496"
[1] "Processing draws 8001 to 8100"
[1] "Chunk time = 2.00904670159022"
[1] "Processing draws 8101 to 8200"
[1] "Chunk time = 2.14966527223587"
[1] "Processing draws 8201 to 8300"
[1] "Chunk time = 2.0492747426033"
[1] "Processing draws 8301 to 8400"
[1] "Chunk time = 2.09210445483526"
[1] "Processing draws 8401 to 8500"
[1] "Chunk time = 2.12802605628967"
[1] "Processing draws 8501 to 8600"
[1] "Chunk time = 2.00479366779327"
[1] "Processing draws 8601 to 8700"
[1] "Chunk time = 1.99940963188807"
[1] "Processing draws 8701 to 8800"
[1] "Chunk time = 2.0367108742396"
[1] "Processing draws 8801 to 8900"
[1] "Chunk time = 2.07176988919576"
[1] "Processing draws 8901 to 9000"
[1] "Chunk time = 2.02750241756439"
[1] "Processing draws 9001 to 9100"
[1] "Chunk time = 2.05885227521261"
[1] "Processing draws 9101 to 9200"
[1] "Chunk time = 2.09948899745941"
[1] "Processing draws 9201 to 9300"
[1] "Chunk time = 1.99324339230855"
[1] "Processing draws 9301 to 9400"
[1] "Chunk time = 2.08067874908447"
[1] "Processing draws 9401 to 9500"
[1] "Chunk time = 1.96300806999207"
[1] "Processing draws 9501 to 9600"
[1] "Chunk time = 2.08766719500224"
[1] "Processing draws 9601 to 9700"
[1] "Chunk time = 2.04741595983505"
[1] "Processing draws 9701 to 9800"
[1] "Chunk time = 1.90705928405126"
[1] "Processing draws 9801 to 9900"
[1] "Chunk time = 1.92445112069448"
[1] "Processing draws 9901 to 10000"
[1] "Chunk time = 2.07088114817937"
[1] "Processing draws 10001 to 10100"
[1] "Chunk time = 2.05099335511525"
[1] "Processing draws 10101 to 10200"
[1] "Chunk time = 1.9344997882843"
[1] "Processing draws 10201 to 10300"
[1] "Chunk time = 2.06958105564117"
[1] "Processing draws 10301 to 10400"
[1] "Chunk time = 2.06375841299693"
[1] "Processing draws 10401 to 10500"
[1] "Chunk time = 1.93569476604462"
[1] "Processing draws 10501 to 10600"
[1] "Chunk time = 2.05843309561412"
[1] "Processing draws 10601 to 10700"
[1] "Chunk time = 1.92574085791906"
[1] "Processing draws 10701 to 10800"
[1] "Chunk time = 2.04375641345978"
[1] "Processing draws 10801 to 10900"
[1] "Chunk time = 2.06397965749105"
[1] "Processing draws 10901 to 11000"
[1] "Chunk time = 1.96324315865835"
[1] "Processing draws 11001 to 11100"
[1] "Chunk time = 2.00762174129486"
[1] "Processing draws 11101 to 11200"
[1] "Chunk time = 2.06702667872111"
[1] "Processing draws 11201 to 11300"
[1] "Chunk time = 1.90836716890335"
[1] "Processing draws 11301 to 11400"
[1] "Chunk time = 1.89854661623637"
[1] "Processing draws 11401 to 11500"
[1] "Chunk time = 2.04648829301198"
[1] "Processing draws 11501 to 11600"
[1] "Chunk time = 2.06037158171336"
[1] "Processing draws 11601 to 11700"
[1] "Chunk time = 1.88338892062505"
[1] "Processing draws 11701 to 11800"
[1] "Chunk time = 2.0439506371816"
[1] "Processing draws 11801 to 11900"
[1] "Chunk time = 1.90449135700862"
[1] "Processing draws 11901 to 12000"
[1] "Chunk time = 2.03468194007874"
[1] "Processing draws 12001 to 12100"
[1] "Chunk time = 1.9907239874204"
[1] "Processing draws 12101 to 12200"
[1] "Chunk time = 1.88918983538946"
[1] "Processing draws 12201 to 12300"
[1] "Chunk time = 1.91167438427607"
[1] "Processing draws 12301 to 12400"
[1] "Chunk time = 2.06865547100703"
[1] "Processing draws 12401 to 12500"
[1] "Chunk time = 1.99040829737981"
[1] "Processing draws 12501 to 12600"
[1] "Chunk time = 1.89220481713613"
[1] "Processing draws 12601 to 12700"
[1] "Chunk time = 2.08078635931015"
[1] "Processing draws 12701 to 12800"
[1] "Chunk time = 2.03331827322642"
[1] "Processing draws 12801 to 12900"
[1] "Chunk time = 1.88854735692342"
[1] "Processing draws 12901 to 13000"
[1] "Chunk time = 2.06340072949727"
[1] "Processing draws 13001 to 13100"
[1] "Chunk time = 1.94148944218953"
[1] "Processing draws 13101 to 13200"
[1] "Chunk time = 2.0383953611056"
[1] "Processing draws 13201 to 13300"
[1] "Chunk time = 2.05198553005854"
[1] "Processing draws 13301 to 13400"
[1] "Chunk time = 1.92840220530828"
[1] "Processing draws 13401 to 13500"
[1] "Chunk time = 1.92011655966441"
[1] "Processing draws 13501 to 13600"
[1] "Chunk time = 2.051871017615"
[1] "Processing draws 13601 to 13700"
[1] "Chunk time = 1.88740681409836"
[1] "Processing draws 13701 to 13800"
[1] "Chunk time = 2.00278999408086"
[1] "Processing draws 13801 to 13900"
[1] "Chunk time = 2.03788498242696"
[1] "Processing draws 13901 to 14000"
[1] "Chunk time = 2.05994822184245"
[1] "Processing draws 14001 to 14100"
[1] "Chunk time = 1.90363975365957"
[1] "Processing draws 14101 to 14200"
[1] "Chunk time = 2.03700989882151"
[1] "Processing draws 14201 to 14300"
[1] "Chunk time = 1.90014237165451"
[1] "Processing draws 14301 to 14400"
[1] "Chunk time = 2.03292280038198"
[1] "Processing draws 14401 to 14500"
[1] "Chunk time = 1.99985459248225"
[1] "Processing draws 14501 to 14600"
[1] "Chunk time = 1.95992134014765"
[1] "Processing draws 14601 to 14700"
[1] "Chunk time = 1.88597559928894"
[1] "Processing draws 14701 to 14800"
[1] "Chunk time = 2.07015285491943"
[1] "Processing draws 14801 to 14900"
[1] "Chunk time = 1.90678597688675"
[1] "Processing draws 14901 to 15000"
[1] "Chunk time = 2.0109681169192"
[1] "Processing draws 15001 to 15100"
[1] "Chunk time = 2.05458903710047"
[1] "Processing draws 15101 to 15200"
[1] "Chunk time = 2.03168886502584"
[1] "Processing draws 15201 to 15300"
[1] "Chunk time = 1.95791880687078"
[1] "Processing draws 15301 to 15400"
[1] "Chunk time = 2.04607723156611"
[1] "Processing draws 15401 to 15500"
[1] "Chunk time = 1.91034574906031"
[1] "Processing draws 15501 to 15600"
[1] "Chunk time = 2.03744893868764"
[1] "Processing draws 15601 to 15700"
[1] "Chunk time = 2.06457666953405"
[1] "Processing draws 15701 to 15800"
[1] "Chunk time = 1.98248613278071"
[1] "Processing draws 15801 to 15900"
[1] "Chunk time = 1.94130240678787"
[1] "Processing draws 15901 to 16000"
[1] "Chunk time = 2.04286581675212"
[1] "Processing draws 16001 to 16100"
[1] "Chunk time = 1.9075790365537"
[1] "Processing draws 16101 to 16200"
[1] "Chunk time = 2.05738790035248"
[1] "Processing draws 16201 to 16300"
[1] "Chunk time = 1.92753955920537"
[1] "Processing draws 16301 to 16400"
[1] "Chunk time = 2.02833625078201"
[1] "Processing draws 16401 to 16500"
[1] "Chunk time = 1.90555912256241"
[1] "Processing draws 16501 to 16600"
[1] "Chunk time = 2.00376468102137"
[1] "Processing draws 16601 to 16700"
[1] "Chunk time = 1.96724354426066"
[1] "Processing draws 16701 to 16800"
[1] "Chunk time = 2.0299298286438"
[1] "Processing draws 16801 to 16900"
[1] "Chunk time = 2.05902386506399"
[1] "Processing draws 16901 to 17000"
[1] "Chunk time = 1.99396253824234"
[1] "Processing draws 17001 to 17100"
[1] "Chunk time = 1.91110715468725"
[1] "Processing draws 17101 to 17200"
[1] "Chunk time = 2.05809514919917"
[1] "Processing draws 17201 to 17300"
[1] "Chunk time = 1.9386794924736"
[1] "Processing draws 17301 to 17400"
[1] "Chunk time = 1.98973035812378"
[1] "Processing draws 17401 to 17500"
[1] "Chunk time = 2.05473148822784"
[1] "Processing draws 17501 to 17600"
[1] "Chunk time = 2.04875861803691"
[1] "Processing draws 17601 to 17700"
[1] "Chunk time = 1.89753284454346"
[1] "Processing draws 17701 to 17800"
[1] "Chunk time = 2.03582171201706"
[1] "Processing draws 17801 to 17900"
[1] "Chunk time = 1.91715354522069"
[1] "Processing draws 17901 to 18000"
[1] "Chunk time = 1.98488177061081"
[1] "Processing draws 18001 to 18100"
[1] "Chunk time = 2.03297417163849"
[1] "Processing draws 18101 to 18200"
[1] "Chunk time = 1.88424147764842"
[1] "Processing draws 18201 to 18300"
[1] "Chunk time = 1.9686736702919"
[1] "Processing draws 18301 to 18400"
[1] "Chunk time = 2.05121173858643"
[1] "Processing draws 18401 to 18500"
[1] "Chunk time = 1.91905318895976"
[1] "Processing draws 18501 to 18600"
[1] "Chunk time = 1.96753232479095"
[1] "Processing draws 18601 to 18700"
[1] "Chunk time = 2.04281735420227"
[1] "Processing draws 18701 to 18800"
[1] "Chunk time = 1.98905225197474"
[1] "Processing draws 18801 to 18900"
[1] "Chunk time = 1.99201093912125"
[1] "Processing draws 18901 to 19000"
[1] "Chunk time = 2.04137125809987"
[1] "Processing draws 19001 to 19100"
[1] "Chunk time = 1.97052934567134"
[1] "Processing draws 19101 to 19200"
[1] "Chunk time = 2.04411714076996"
[1] "Processing draws 19201 to 19300"
[1] "Chunk time = 2.04177396297455"
[1] "Processing draws 19301 to 19400"
[1] "Chunk time = 1.95966308911641"
[1] "Processing draws 19401 to 19500"
[1] "Chunk time = 1.96312332948049"
[1] "Processing draws 19501 to 19600"
[1] "Chunk time = 2.05098677078883"
[1] "Processing draws 19601 to 19700"
[1] "Chunk time = 1.88434304396311"
[1] "Processing draws 19701 to 19800"
[1] "Chunk time = 1.89500129620234"
[1] "Processing draws 19801 to 19900"
[1] "Chunk time = 2.02851782242457"
[1] "Processing draws 19901 to 20000"
[1] "Chunk time = 2.03067032496134"
[1] "done lapplying"
[1] "Saving current params"
[1] "Saving params to output.rds"
[1] TRUE
[1] "Time for modelling:"
[1] "2025-07-03 01:59:10 EDT"
[1] "Time for posterior computations:"
Time difference of 6.807304 hours
[1] "Total time:"
[1] "2025-07-03 08:47:36 EDT"
