[1] "Starting sampling."
Running MCMC with 4 parallel chains, with 4 thread(s) per chain...

Chain 1 Iteration:    1 / 6000 [  0%]  (Warmup) 
Chain 2 Iteration:    1 / 6000 [  0%]  (Warmup) 
Chain 3 Iteration:    1 / 6000 [  0%]  (Warmup) 
Chain 4 Iteration:    1 / 6000 [  0%]  (Warmup) 
Chain 1 Iteration:  100 / 6000 [  1%]  (Warmup) 
Chain 4 Iteration:  100 / 6000 [  1%]  (Warmup) 
Chain 2 Iteration:  100 / 6000 [  1%]  (Warmup) 
Chain 3 Iteration:  100 / 6000 [  1%]  (Warmup) 
Chain 1 Iteration:  200 / 6000 [  3%]  (Warmup) 
Chain 2 Iteration:  200 / 6000 [  3%]  (Warmup) 
Chain 3 Iteration:  200 / 6000 [  3%]  (Warmup) 
Chain 4 Iteration:  200 / 6000 [  3%]  (Warmup) 
Chain 1 Iteration:  300 / 6000 [  5%]  (Warmup) 
Chain 3 Iteration:  300 / 6000 [  5%]  (Warmup) 
Chain 2 Iteration:  300 / 6000 [  5%]  (Warmup) 
Chain 4 Iteration:  300 / 6000 [  5%]  (Warmup) 
Chain 1 Iteration:  400 / 6000 [  6%]  (Warmup) 
Chain 2 Iteration:  400 / 6000 [  6%]  (Warmup) 
Chain 3 Iteration:  400 / 6000 [  6%]  (Warmup) 
Chain 4 Iteration:  400 / 6000 [  6%]  (Warmup) 
Chain 1 Iteration:  500 / 6000 [  8%]  (Warmup) 
Chain 2 Iteration:  500 / 6000 [  8%]  (Warmup) 
Chain 4 Iteration:  500 / 6000 [  8%]  (Warmup) 
Chain 3 Iteration:  500 / 6000 [  8%]  (Warmup) 
Chain 1 Iteration:  600 / 6000 [ 10%]  (Warmup) 
Chain 2 Iteration:  600 / 6000 [ 10%]  (Warmup) 
Chain 4 Iteration:  600 / 6000 [ 10%]  (Warmup) 
Chain 3 Iteration:  600 / 6000 [ 10%]  (Warmup) 
Chain 1 Iteration:  700 / 6000 [ 11%]  (Warmup) 
Chain 2 Iteration:  700 / 6000 [ 11%]  (Warmup) 
Chain 3 Iteration:  700 / 6000 [ 11%]  (Warmup) 
Chain 4 Iteration:  700 / 6000 [ 11%]  (Warmup) 
Chain 1 Iteration:  800 / 6000 [ 13%]  (Warmup) 
Chain 2 Iteration:  800 / 6000 [ 13%]  (Warmup) 
Chain 3 Iteration:  800 / 6000 [ 13%]  (Warmup) 
Chain 4 Iteration:  800 / 6000 [ 13%]  (Warmup) 
Chain 1 Iteration:  900 / 6000 [ 15%]  (Warmup) 
Chain 2 Iteration:  900 / 6000 [ 15%]  (Warmup) 
Chain 3 Iteration:  900 / 6000 [ 15%]  (Warmup) 
Chain 4 Iteration:  900 / 6000 [ 15%]  (Warmup) 
Chain 1 Iteration: 1000 / 6000 [ 16%]  (Warmup) 
Chain 1 Iteration: 1001 / 6000 [ 16%]  (Sampling) 
Chain 2 Iteration: 1000 / 6000 [ 16%]  (Warmup) 
Chain 2 Iteration: 1001 / 6000 [ 16%]  (Sampling) 
Chain 3 Iteration: 1000 / 6000 [ 16%]  (Warmup) 
Chain 3 Iteration: 1001 / 6000 [ 16%]  (Sampling) 
Chain 4 Iteration: 1000 / 6000 [ 16%]  (Warmup) 
Chain 4 Iteration: 1001 / 6000 [ 16%]  (Sampling) 
Chain 1 Iteration: 1100 / 6000 [ 18%]  (Sampling) 
Chain 2 Iteration: 1100 / 6000 [ 18%]  (Sampling) 
Chain 3 Iteration: 1100 / 6000 [ 18%]  (Sampling) 
Chain 4 Iteration: 1100 / 6000 [ 18%]  (Sampling) 
Chain 1 Iteration: 1200 / 6000 [ 20%]  (Sampling) 
Chain 2 Iteration: 1200 / 6000 [ 20%]  (Sampling) 
Chain 3 Iteration: 1200 / 6000 [ 20%]  (Sampling) 
Chain 4 Iteration: 1200 / 6000 [ 20%]  (Sampling) 
Chain 1 Iteration: 1300 / 6000 [ 21%]  (Sampling) 
Chain 2 Iteration: 1300 / 6000 [ 21%]  (Sampling) 
Chain 3 Iteration: 1300 / 6000 [ 21%]  (Sampling) 
Chain 4 Iteration: 1300 / 6000 [ 21%]  (Sampling) 
Chain 1 Iteration: 1400 / 6000 [ 23%]  (Sampling) 
Chain 2 Iteration: 1400 / 6000 [ 23%]  (Sampling) 
Chain 3 Iteration: 1400 / 6000 [ 23%]  (Sampling) 
Chain 4 Iteration: 1400 / 6000 [ 23%]  (Sampling) 
Chain 1 Iteration: 1500 / 6000 [ 25%]  (Sampling) 
Chain 2 Iteration: 1500 / 6000 [ 25%]  (Sampling) 
Chain 3 Iteration: 1500 / 6000 [ 25%]  (Sampling) 
Chain 4 Iteration: 1500 / 6000 [ 25%]  (Sampling) 
Chain 1 Iteration: 1600 / 6000 [ 26%]  (Sampling) 
Chain 2 Iteration: 1600 / 6000 [ 26%]  (Sampling) 
Chain 3 Iteration: 1600 / 6000 [ 26%]  (Sampling) 
Chain 4 Iteration: 1600 / 6000 [ 26%]  (Sampling) 
Chain 1 Iteration: 1700 / 6000 [ 28%]  (Sampling) 
Chain 2 Iteration: 1700 / 6000 [ 28%]  (Sampling) 
Chain 3 Iteration: 1700 / 6000 [ 28%]  (Sampling) 
Chain 4 Iteration: 1700 / 6000 [ 28%]  (Sampling) 
Chain 1 Iteration: 1800 / 6000 [ 30%]  (Sampling) 
Chain 2 Iteration: 1800 / 6000 [ 30%]  (Sampling) 
Chain 3 Iteration: 1800 / 6000 [ 30%]  (Sampling) 
Chain 4 Iteration: 1800 / 6000 [ 30%]  (Sampling) 
Chain 1 Iteration: 1900 / 6000 [ 31%]  (Sampling) 
Chain 2 Iteration: 1900 / 6000 [ 31%]  (Sampling) 
Chain 3 Iteration: 1900 / 6000 [ 31%]  (Sampling) 
Chain 4 Iteration: 1900 / 6000 [ 31%]  (Sampling) 
Chain 1 Iteration: 2000 / 6000 [ 33%]  (Sampling) 
Chain 2 Iteration: 2000 / 6000 [ 33%]  (Sampling) 
Chain 3 Iteration: 2000 / 6000 [ 33%]  (Sampling) 
Chain 4 Iteration: 2000 / 6000 [ 33%]  (Sampling) 
Chain 1 Iteration: 2100 / 6000 [ 35%]  (Sampling) 
Chain 2 Iteration: 2100 / 6000 [ 35%]  (Sampling) 
Chain 3 Iteration: 2100 / 6000 [ 35%]  (Sampling) 
Chain 4 Iteration: 2100 / 6000 [ 35%]  (Sampling) 
Chain 1 Iteration: 2200 / 6000 [ 36%]  (Sampling) 
Chain 2 Iteration: 2200 / 6000 [ 36%]  (Sampling) 
Chain 3 Iteration: 2200 / 6000 [ 36%]  (Sampling) 
Chain 4 Iteration: 2200 / 6000 [ 36%]  (Sampling) 
Chain 1 Iteration: 2300 / 6000 [ 38%]  (Sampling) 
Chain 2 Iteration: 2300 / 6000 [ 38%]  (Sampling) 
Chain 3 Iteration: 2300 / 6000 [ 38%]  (Sampling) 
Chain 4 Iteration: 2300 / 6000 [ 38%]  (Sampling) 
Chain 1 Iteration: 2400 / 6000 [ 40%]  (Sampling) 
Chain 2 Iteration: 2400 / 6000 [ 40%]  (Sampling) 
Chain 3 Iteration: 2400 / 6000 [ 40%]  (Sampling) 
Chain 4 Iteration: 2400 / 6000 [ 40%]  (Sampling) 
Chain 1 Iteration: 2500 / 6000 [ 41%]  (Sampling) 
Chain 2 Iteration: 2500 / 6000 [ 41%]  (Sampling) 
Chain 3 Iteration: 2500 / 6000 [ 41%]  (Sampling) 
Chain 4 Iteration: 2500 / 6000 [ 41%]  (Sampling) 
Chain 1 Iteration: 2600 / 6000 [ 43%]  (Sampling) 
Chain 2 Iteration: 2600 / 6000 [ 43%]  (Sampling) 
Chain 3 Iteration: 2600 / 6000 [ 43%]  (Sampling) 
Chain 4 Iteration: 2600 / 6000 [ 43%]  (Sampling) 
Chain 1 Iteration: 2700 / 6000 [ 45%]  (Sampling) 
Chain 2 Iteration: 2700 / 6000 [ 45%]  (Sampling) 
Chain 3 Iteration: 2700 / 6000 [ 45%]  (Sampling) 
Chain 4 Iteration: 2700 / 6000 [ 45%]  (Sampling) 
Chain 1 Iteration: 2800 / 6000 [ 46%]  (Sampling) 
Chain 2 Iteration: 2800 / 6000 [ 46%]  (Sampling) 
Chain 3 Iteration: 2800 / 6000 [ 46%]  (Sampling) 
Chain 4 Iteration: 2800 / 6000 [ 46%]  (Sampling) 
Chain 1 Iteration: 2900 / 6000 [ 48%]  (Sampling) 
Chain 2 Iteration: 2900 / 6000 [ 48%]  (Sampling) 
Chain 3 Iteration: 2900 / 6000 [ 48%]  (Sampling) 
Chain 4 Iteration: 2900 / 6000 [ 48%]  (Sampling) 
Chain 1 Iteration: 3000 / 6000 [ 50%]  (Sampling) 
Chain 2 Iteration: 3000 / 6000 [ 50%]  (Sampling) 
Chain 3 Iteration: 3000 / 6000 [ 50%]  (Sampling) 
Chain 4 Iteration: 3000 / 6000 [ 50%]  (Sampling) 
Chain 1 Iteration: 3100 / 6000 [ 51%]  (Sampling) 
Chain 2 Iteration: 3100 / 6000 [ 51%]  (Sampling) 
Chain 3 Iteration: 3100 / 6000 [ 51%]  (Sampling) 
Chain 4 Iteration: 3100 / 6000 [ 51%]  (Sampling) 
Chain 1 Iteration: 3200 / 6000 [ 53%]  (Sampling) 
Chain 2 Iteration: 3200 / 6000 [ 53%]  (Sampling) 
Chain 3 Iteration: 3200 / 6000 [ 53%]  (Sampling) 
Chain 4 Iteration: 3200 / 6000 [ 53%]  (Sampling) 
Chain 1 Iteration: 3300 / 6000 [ 55%]  (Sampling) 
Chain 2 Iteration: 3300 / 6000 [ 55%]  (Sampling) 
Chain 3 Iteration: 3300 / 6000 [ 55%]  (Sampling) 
Chain 4 Iteration: 3300 / 6000 [ 55%]  (Sampling) 
Chain 1 Iteration: 3400 / 6000 [ 56%]  (Sampling) 
Chain 2 Iteration: 3400 / 6000 [ 56%]  (Sampling) 
Chain 3 Iteration: 3400 / 6000 [ 56%]  (Sampling) 
Chain 4 Iteration: 3400 / 6000 [ 56%]  (Sampling) 
Chain 1 Iteration: 3500 / 6000 [ 58%]  (Sampling) 
Chain 2 Iteration: 3500 / 6000 [ 58%]  (Sampling) 
Chain 3 Iteration: 3500 / 6000 [ 58%]  (Sampling) 
Chain 4 Iteration: 3500 / 6000 [ 58%]  (Sampling) 
Chain 1 Iteration: 3600 / 6000 [ 60%]  (Sampling) 
Chain 2 Iteration: 3600 / 6000 [ 60%]  (Sampling) 
Chain 3 Iteration: 3600 / 6000 [ 60%]  (Sampling) 
Chain 4 Iteration: 3600 / 6000 [ 60%]  (Sampling) 
Chain 1 Iteration: 3700 / 6000 [ 61%]  (Sampling) 
Chain 2 Iteration: 3700 / 6000 [ 61%]  (Sampling) 
Chain 3 Iteration: 3700 / 6000 [ 61%]  (Sampling) 
Chain 4 Iteration: 3700 / 6000 [ 61%]  (Sampling) 
Chain 1 Iteration: 3800 / 6000 [ 63%]  (Sampling) 
Chain 2 Iteration: 3800 / 6000 [ 63%]  (Sampling) 
Chain 3 Iteration: 3800 / 6000 [ 63%]  (Sampling) 
Chain 4 Iteration: 3800 / 6000 [ 63%]  (Sampling) 
Chain 1 Iteration: 3900 / 6000 [ 65%]  (Sampling) 
Chain 2 Iteration: 3900 / 6000 [ 65%]  (Sampling) 
Chain 3 Iteration: 3900 / 6000 [ 65%]  (Sampling) 
Chain 4 Iteration: 3900 / 6000 [ 65%]  (Sampling) 
Chain 1 Iteration: 4000 / 6000 [ 66%]  (Sampling) 
Chain 2 Iteration: 4000 / 6000 [ 66%]  (Sampling) 
Chain 3 Iteration: 4000 / 6000 [ 66%]  (Sampling) 
Chain 4 Iteration: 4000 / 6000 [ 66%]  (Sampling) 
Chain 1 Iteration: 4100 / 6000 [ 68%]  (Sampling) 
Chain 2 Iteration: 4100 / 6000 [ 68%]  (Sampling) 
Chain 3 Iteration: 4100 / 6000 [ 68%]  (Sampling) 
Chain 4 Iteration: 4100 / 6000 [ 68%]  (Sampling) 
Chain 1 Iteration: 4200 / 6000 [ 70%]  (Sampling) 
Chain 2 Iteration: 4200 / 6000 [ 70%]  (Sampling) 
Chain 3 Iteration: 4200 / 6000 [ 70%]  (Sampling) 
Chain 4 Iteration: 4200 / 6000 [ 70%]  (Sampling) 
Chain 1 Iteration: 4300 / 6000 [ 71%]  (Sampling) 
Chain 2 Iteration: 4300 / 6000 [ 71%]  (Sampling) 
Chain 3 Iteration: 4300 / 6000 [ 71%]  (Sampling) 
Chain 4 Iteration: 4300 / 6000 [ 71%]  (Sampling) 
Chain 1 Iteration: 4400 / 6000 [ 73%]  (Sampling) 
Chain 2 Iteration: 4400 / 6000 [ 73%]  (Sampling) 
Chain 3 Iteration: 4400 / 6000 [ 73%]  (Sampling) 
Chain 4 Iteration: 4400 / 6000 [ 73%]  (Sampling) 
Chain 1 Iteration: 4500 / 6000 [ 75%]  (Sampling) 
Chain 2 Iteration: 4500 / 6000 [ 75%]  (Sampling) 
Chain 4 Iteration: 4500 / 6000 [ 75%]  (Sampling) 
Chain 3 Iteration: 4500 / 6000 [ 75%]  (Sampling) 
Chain 1 Iteration: 4600 / 6000 [ 76%]  (Sampling) 
Chain 2 Iteration: 4600 / 6000 [ 76%]  (Sampling) 
Chain 4 Iteration: 4600 / 6000 [ 76%]  (Sampling) 
Chain 3 Iteration: 4600 / 6000 [ 76%]  (Sampling) 
Chain 1 Iteration: 4700 / 6000 [ 78%]  (Sampling) 
Chain 2 Iteration: 4700 / 6000 [ 78%]  (Sampling) 
Chain 4 Iteration: 4700 / 6000 [ 78%]  (Sampling) 
Chain 3 Iteration: 4700 / 6000 [ 78%]  (Sampling) 
Chain 1 Iteration: 4800 / 6000 [ 80%]  (Sampling) 
Chain 2 Iteration: 4800 / 6000 [ 80%]  (Sampling) 
Chain 3 Iteration: 4800 / 6000 [ 80%]  (Sampling) 
Chain 4 Iteration: 4800 / 6000 [ 80%]  (Sampling) 
Chain 1 Iteration: 4900 / 6000 [ 81%]  (Sampling) 
Chain 2 Iteration: 4900 / 6000 [ 81%]  (Sampling) 
Chain 3 Iteration: 4900 / 6000 [ 81%]  (Sampling) 
Chain 4 Iteration: 4900 / 6000 [ 81%]  (Sampling) 
Chain 1 Iteration: 5000 / 6000 [ 83%]  (Sampling) 
Chain 2 Iteration: 5000 / 6000 [ 83%]  (Sampling) 
Chain 3 Iteration: 5000 / 6000 [ 83%]  (Sampling) 
Chain 4 Iteration: 5000 / 6000 [ 83%]  (Sampling) 
Chain 1 Iteration: 5100 / 6000 [ 85%]  (Sampling) 
Chain 2 Iteration: 5100 / 6000 [ 85%]  (Sampling) 
Chain 3 Iteration: 5100 / 6000 [ 85%]  (Sampling) 
Chain 4 Iteration: 5100 / 6000 [ 85%]  (Sampling) 
Chain 1 Iteration: 5200 / 6000 [ 86%]  (Sampling) 
Chain 2 Iteration: 5200 / 6000 [ 86%]  (Sampling) 
Chain 3 Iteration: 5200 / 6000 [ 86%]  (Sampling) 
Chain 4 Iteration: 5200 / 6000 [ 86%]  (Sampling) 
Chain 1 Iteration: 5300 / 6000 [ 88%]  (Sampling) 
Chain 2 Iteration: 5300 / 6000 [ 88%]  (Sampling) 
Chain 3 Iteration: 5300 / 6000 [ 88%]  (Sampling) 
Chain 4 Iteration: 5300 / 6000 [ 88%]  (Sampling) 
Chain 1 Iteration: 5400 / 6000 [ 90%]  (Sampling) 
Chain 2 Iteration: 5400 / 6000 [ 90%]  (Sampling) 
Chain 3 Iteration: 5400 / 6000 [ 90%]  (Sampling) 
Chain 4 Iteration: 5400 / 6000 [ 90%]  (Sampling) 
Chain 1 Iteration: 5500 / 6000 [ 91%]  (Sampling) 
Chain 2 Iteration: 5500 / 6000 [ 91%]  (Sampling) 
Chain 3 Iteration: 5500 / 6000 [ 91%]  (Sampling) 
Chain 4 Iteration: 5500 / 6000 [ 91%]  (Sampling) 
Chain 1 Iteration: 5600 / 6000 [ 93%]  (Sampling) 
Chain 2 Iteration: 5600 / 6000 [ 93%]  (Sampling) 
Chain 3 Iteration: 5600 / 6000 [ 93%]  (Sampling) 
Chain 4 Iteration: 5600 / 6000 [ 93%]  (Sampling) 
Chain 1 Iteration: 5700 / 6000 [ 95%]  (Sampling) 
Chain 2 Iteration: 5700 / 6000 [ 95%]  (Sampling) 
Chain 3 Iteration: 5700 / 6000 [ 95%]  (Sampling) 
Chain 4 Iteration: 5700 / 6000 [ 95%]  (Sampling) 
Chain 1 Iteration: 5800 / 6000 [ 96%]  (Sampling) 
Chain 2 Iteration: 5800 / 6000 [ 96%]  (Sampling) 
Chain 3 Iteration: 5800 / 6000 [ 96%]  (Sampling) 
Chain 4 Iteration: 5800 / 6000 [ 96%]  (Sampling) 
Chain 1 Iteration: 5900 / 6000 [ 98%]  (Sampling) 
Chain 2 Iteration: 5900 / 6000 [ 98%]  (Sampling) 
Chain 3 Iteration: 5900 / 6000 [ 98%]  (Sampling) 
Chain 4 Iteration: 5900 / 6000 [ 98%]  (Sampling) 
Chain 1 Iteration: 6000 / 6000 [100%]  (Sampling) 
Chain 1 finished in 122058.0 seconds.
Chain 2 Iteration: 6000 / 6000 [100%]  (Sampling) 
Chain 2 finished in 122299.0 seconds.
Chain 3 Iteration: 6000 / 6000 [100%]  (Sampling) 
Chain 4 Iteration: 6000 / 6000 [100%]  (Sampling) 
Chain 3 finished in 122875.0 seconds.
Chain 4 finished in 122878.0 seconds.

All 4 chains finished successfully.
Mean chain execution time: 122527.5 seconds.
Total execution time: 122878.9 seconds.

[1] "Processing draws 1 to 100"
[1] "Chunk time = 3.43921298185984"
[1] "Processing draws 101 to 200"
[1] "Chunk time = 2.31561902761459"
[1] "Processing draws 201 to 300"
[1] "Chunk time = 2.48182467222214"
[1] "Processing draws 301 to 400"
[1] "Chunk time = 2.07429321606954"
[1] "Processing draws 401 to 500"
[1] "Chunk time = 1.98822381893794"
[1] "Processing draws 501 to 600"
[1] "Chunk time = 1.98869961500168"
[1] "Processing draws 601 to 700"
[1] "Chunk time = 2.05597072442373"
[1] "Processing draws 701 to 800"
[1] "Chunk time = 2.15598355929057"
[1] "Processing draws 801 to 900"
[1] "Chunk time = 1.97055360476176"
[1] "Processing draws 901 to 1000"
[1] "Chunk time = 2.08363305727641"
[1] "Processing draws 1001 to 1100"
[1] "Chunk time = 1.97609035968781"
[1] "Processing draws 1101 to 1200"
[1] "Chunk time = 1.97514390945435"
[1] "Processing draws 1201 to 1300"
[1] "Chunk time = 2.10846931536992"
[1] "Processing draws 1301 to 1400"
[1] "Chunk time = 1.99517515897751"
[1] "Processing draws 1401 to 1500"
[1] "Chunk time = 1.96783252557119"
[1] "Processing draws 1501 to 1600"
[1] "Chunk time = 2.08512886762619"
[1] "Processing draws 1601 to 1700"
[1] "Chunk time = 1.96218012968699"
[1] "Processing draws 1701 to 1800"
[1] "Chunk time = 1.96078286170959"
[1] "Processing draws 1801 to 1900"
[1] "Chunk time = 2.08141236305237"
[1] "Processing draws 1901 to 2000"
[1] "Chunk time = 1.97891289790471"
[1] "Processing draws 2001 to 2100"
[1] "Chunk time = 1.96164491971334"
[1] "Processing draws 2101 to 2200"
[1] "Chunk time = 2.08862273693085"
[1] "Processing draws 2201 to 2300"
[1] "Chunk time = 1.96119774580002"
[1] "Processing draws 2301 to 2400"
[1] "Chunk time = 1.99099218448003"
[1] "Processing draws 2401 to 2500"
[1] "Chunk time = 2.10610635677973"
[1] "Processing draws 2501 to 2600"
[1] "Chunk time = 1.95126857360204"
[1] "Processing draws 2601 to 2700"
[1] "Chunk time = 1.96038314501444"
[1] "Processing draws 2701 to 2800"
[1] "Chunk time = 2.10652830998103"
[1] "Processing draws 2801 to 2900"
[1] "Chunk time = 1.9512344400088"
[1] "Processing draws 2901 to 3000"
[1] "Chunk time = 1.9582358400027"
[1] "Processing draws 3001 to 3100"
[1] "Chunk time = 2.12112911542257"
[1] "Processing draws 3101 to 3200"
[1] "Chunk time = 1.96625267664591"
[1] "Processing draws 3201 to 3300"
[1] "Chunk time = 1.95687391757965"
[1] "Processing draws 3301 to 3400"
[1] "Chunk time = 2.11976810693741"
[1] "Processing draws 3401 to 3500"
[1] "Chunk time = 1.95111078023911"
[1] "Processing draws 3501 to 3600"
[1] "Chunk time = 1.98745414415995"
[1] "Processing draws 3601 to 3700"
[1] "Chunk time = 2.07065137624741"
[1] "Processing draws 3701 to 3800"
[1] "Chunk time = 2.01081374486287"
[1] "Processing draws 3801 to 3900"
[1] "Chunk time = 1.95751398404439"
[1] "Processing draws 3901 to 4000"
[1] "Chunk time = 2.11502261956533"
[1] "Processing draws 4001 to 4100"
[1] "Chunk time = 2.02366708914439"
[1] "Processing draws 4101 to 4200"
[1] "Chunk time = 2.00876655578613"
[1] "Processing draws 4201 to 4300"
[1] "Chunk time = 2.04124321540197"
[1] "Processing draws 4301 to 4400"
[1] "Chunk time = 1.99563077290853"
[1] "Processing draws 4401 to 4500"
[1] "Chunk time = 1.95154871543248"
[1] "Processing draws 4501 to 4600"
[1] "Chunk time = 2.12301427523295"
[1] "Processing draws 4601 to 4700"
[1] "Chunk time = 1.95272413094838"
[1] "Processing draws 4701 to 4800"
[1] "Chunk time = 1.98150589466095"
[1] "Processing draws 4801 to 4900"
[1] "Chunk time = 2.13282963434855"
[1] "Processing draws 4901 to 5000"
[1] "Chunk time = 2.02223118940989"
[1] "Processing draws 5001 to 5100"
[1] "Chunk time = 1.95389397144318"
[1] "Processing draws 5101 to 5200"
[1] "Chunk time = 2.13192739486694"
[1] "Processing draws 5201 to 5300"
[1] "Chunk time = 1.95758970975876"
[1] "Processing draws 5301 to 5400"
[1] "Chunk time = 2.02856012185415"
[1] "Processing draws 5401 to 5500"
[1] "Chunk time = 2.11958876450857"
[1] "Processing draws 5501 to 5600"
[1] "Chunk time = 1.97265623410543"
[1] "Processing draws 5601 to 5700"
[1] "Chunk time = 1.95058894952138"
[1] "Processing draws 5701 to 5800"
[1] "Chunk time = 2.09634383122126"
[1] "Processing draws 5801 to 5900"
[1] "Chunk time = 1.95561143557231"
[1] "Processing draws 5901 to 6000"
[1] "Chunk time = 1.97547236680985"
[1] "Processing draws 6001 to 6100"
[1] "Chunk time = 2.12260619004567"
[1] "Processing draws 6101 to 6200"
[1] "Chunk time = 2.03491860230764"
[1] "Processing draws 6201 to 6300"
[1] "Chunk time = 1.95394365390142"
[1] "Processing draws 6301 to 6400"
[1] "Chunk time = 2.12447738647461"
[1] "Processing draws 6401 to 6500"
[1] "Chunk time = 1.95060628255208"
[1] "Processing draws 6501 to 6600"
[1] "Chunk time = 1.95480089584986"
[1] "Processing draws 6601 to 6700"
[1] "Chunk time = 2.09790829817454"
[1] "Processing draws 6701 to 6800"
[1] "Chunk time = 2.00404689311981"
[1] "Processing draws 6801 to 6900"
[1] "Chunk time = 1.99852465391159"
[1] "Processing draws 6901 to 7000"
[1] "Chunk time = 2.12371173302333"
[1] "Processing draws 7001 to 7100"
[1] "Chunk time = 1.95005869070689"
[1] "Processing draws 7101 to 7200"
[1] "Chunk time = 1.97075979709625"
[1] "Processing draws 7201 to 7300"
[1] "Chunk time = 2.06976668039958"
[1] "Processing draws 7301 to 7400"
[1] "Chunk time = 2.02813513676325"
[1] "Processing draws 7401 to 7500"
[1] "Chunk time = 1.98456509510676"
[1] "Processing draws 7501 to 7600"
[1] "Chunk time = 2.10166333516439"
[1] "Processing draws 7601 to 7700"
[1] "Chunk time = 1.94209535519282"
[1] "Processing draws 7701 to 7800"
[1] "Chunk time = 1.95341722170512"
[1] "Processing draws 7801 to 7900"
[1] "Chunk time = 2.10926299095154"
[1] "Processing draws 7901 to 8000"
[1] "Chunk time = 1.95448558330536"
[1] "Processing draws 8001 to 8100"
[1] "Chunk time = 1.94345885117849"
[1] "Processing draws 8101 to 8200"
[1] "Chunk time = 2.08741133610408"
[1] "Processing draws 8201 to 8300"
[1] "Chunk time = 2.00341316461563"
[1] "Processing draws 8301 to 8400"
[1] "Chunk time = 1.96951139767965"
[1] "Processing draws 8401 to 8500"
[1] "Chunk time = 2.09206170241038"
[1] "Processing draws 8501 to 8600"
[1] "Chunk time = 1.93389682372411"
[1] "Processing draws 8601 to 8700"
[1] "Chunk time = 1.94493807554245"
[1] "Processing draws 8701 to 8800"
[1] "Chunk time = 2.0872510433197"
[1] "Processing draws 8801 to 8900"
[1] "Chunk time = 1.97467911243439"
[1] "Processing draws 8901 to 9000"
[1] "Chunk time = 2.03407456080119"
[1] "Processing draws 9001 to 9100"
[1] "Chunk time = 2.12335644960403"
[1] "Processing draws 9101 to 9200"
[1] "Chunk time = 2.01846670309703"
[1] "Processing draws 9201 to 9300"
[1] "Chunk time = 2.00216360886892"
[1] "Processing draws 9301 to 9400"
[1] "Chunk time = 2.13398391803106"
[1] "Processing draws 9401 to 9500"
[1] "Chunk time = 2.00470524628957"
[1] "Processing draws 9501 to 9600"
[1] "Chunk time = 2.02462208271027"
[1] "Processing draws 9601 to 9700"
[1] "Chunk time = 2.14074239333471"
[1] "Processing draws 9701 to 9800"
[1] "Chunk time = 1.98154190778732"
[1] "Processing draws 9801 to 9900"
[1] "Chunk time = 1.99752293030421"
[1] "Processing draws 9901 to 10000"
[1] "Chunk time = 2.12923080523809"
[1] "Processing draws 10001 to 10100"
[1] "Chunk time = 1.98928240935008"
[1] "Processing draws 10101 to 10200"
[1] "Chunk time = 2.00200473467509"
[1] "Processing draws 10201 to 10300"
[1] "Chunk time = 2.13220981359482"
[1] "Processing draws 10301 to 10400"
[1] "Chunk time = 2.03200395107269"
[1] "Processing draws 10401 to 10500"
[1] "Chunk time = 2.00010734796524"
[1] "Processing draws 10501 to 10600"
[1] "Chunk time = 2.02917348941167"
[1] "Processing draws 10601 to 10700"
[1] "Chunk time = 1.98650412956874"
[1] "Processing draws 10701 to 10800"
[1] "Chunk time = 2.02221566041311"
[1] "Processing draws 10801 to 10900"
[1] "Chunk time = 2.00954155921936"
[1] "Processing draws 10901 to 11000"
[1] "Chunk time = 2.06833479007085"
[1] "Processing draws 11001 to 11100"
[1] "Chunk time = 2.03033445676168"
[1] "Processing draws 11101 to 11200"
[1] "Chunk time = 2.01509084304174"
[1] "Processing draws 11201 to 11300"
[1] "Chunk time = 1.97857882181803"
[1] "Processing draws 11301 to 11400"
[1] "Chunk time = 1.9964191476504"
[1] "Processing draws 11401 to 11500"
[1] "Chunk time = 2.15279246171316"
[1] "Processing draws 11501 to 11600"
[1] "Chunk time = 2.01586927175522"
[1] "Processing draws 11601 to 11700"
[1] "Chunk time = 2.02281073331833"
[1] "Processing draws 11701 to 11800"
[1] "Chunk time = 2.14571185906728"
[1] "Processing draws 11801 to 11900"
[1] "Chunk time = 1.98362372716268"
[1] "Processing draws 11901 to 12000"
[1] "Chunk time = 2.0200802008311"
[1] "Processing draws 12001 to 12100"
[1] "Chunk time = 2.11557975212733"
[1] "Processing draws 12101 to 12200"
[1] "Chunk time = 1.97977335055669"
[1] "Processing draws 12201 to 12300"
[1] "Chunk time = 2.00429581403732"
[1] "Processing draws 12301 to 12400"
[1] "Chunk time = 2.15353582302729"
[1] "Processing draws 12401 to 12500"
[1] "Chunk time = 2.02953522205353"
[1] "Processing draws 12501 to 12600"
[1] "Chunk time = 1.99270983139674"
[1] "Processing draws 12601 to 12700"
[1] "Chunk time = 2.13795757691065"
[1] "Processing draws 12701 to 12800"
[1] "Chunk time = 2.01481045087179"
[1] "Processing draws 12801 to 12900"
[1] "Chunk time = 1.99343339999517"
[1] "Processing draws 12901 to 13000"
[1] "Chunk time = 2.11700148185094"
[1] "Processing draws 13001 to 13100"
[1] "Chunk time = 2.03070098161697"
[1] "Processing draws 13101 to 13200"
[1] "Chunk time = 2.02984993457794"
[1] "Processing draws 13201 to 13300"
[1] "Chunk time = 2.12962937355042"
[1] "Processing draws 13301 to 13400"
[1] "Chunk time = 2.06794633865356"
[1] "Processing draws 13401 to 13500"
[1] "Chunk time = 1.99365404844284"
[1] "Processing draws 13501 to 13600"
[1] "Chunk time = 2.08980496724447"
[1] "Processing draws 13601 to 13700"
[1] "Chunk time = 1.98152843316396"
[1] "Processing draws 13701 to 13800"
[1] "Chunk time = 1.99694244861603"
[1] "Processing draws 13801 to 13900"
[1] "Chunk time = 2.07189505894979"
[1] "Processing draws 13901 to 14000"
[1] "Chunk time = 2.0135507941246"
[1] "Processing draws 14001 to 14100"
[1] "Chunk time = 1.99503847757975"
[1] "Processing draws 14101 to 14200"
[1] "Chunk time = 2.13335984945297"
[1] "Processing draws 14201 to 14300"
[1] "Chunk time = 1.98293489615122"
[1] "Processing draws 14301 to 14400"
[1] "Chunk time = 2.01667319933573"
[1] "Processing draws 14401 to 14500"
[1] "Chunk time = 2.14665169715881"
[1] "Processing draws 14501 to 14600"
[1] "Chunk time = 2.04281458059947"
[1] "Processing draws 14601 to 14700"
[1] "Chunk time = 1.98592709700267"
[1] "Processing draws 14701 to 14800"
[1] "Chunk time = 2.14540878136953"
[1] "Processing draws 14801 to 14900"
[1] "Chunk time = 1.97394246260325"
[1] "Processing draws 14901 to 15000"
[1] "Chunk time = 1.98264770507813"
[1] "Processing draws 15001 to 15100"
[1] "Chunk time = 2.12502856254578"
[1] "Processing draws 15101 to 15200"
[1] "Chunk time = 2.02252771457036"
[1] "Processing draws 15201 to 15300"
[1] "Chunk time = 2.02724027236303"
[1] "Processing draws 15301 to 15400"
[1] "Chunk time = 2.12192285855611"
[1] "Processing draws 15401 to 15500"
[1] "Chunk time = 1.98692509333293"
[1] "Processing draws 15501 to 15600"
[1] "Chunk time = 2.01669707695643"
[1] "Processing draws 15601 to 15700"
[1] "Chunk time = 2.13406369288762"
[1] "Processing draws 15701 to 15800"
[1] "Chunk time = 2.00577418804169"
[1] "Processing draws 15801 to 15900"
[1] "Chunk time = 2.01831699212392"
[1] "Processing draws 15901 to 16000"
[1] "Chunk time = 2.13688490390778"
[1] "Processing draws 16001 to 16100"
[1] "Chunk time = 1.99858502944311"
[1] "Processing draws 16101 to 16200"
[1] "Chunk time = 1.99197132587433"
[1] "Processing draws 16201 to 16300"
[1] "Chunk time = 2.12916239500046"
[1] "Processing draws 16301 to 16400"
[1] "Chunk time = 2.01951679388682"
[1] "Processing draws 16401 to 16500"
[1] "Chunk time = 2.02802223761876"
[1] "Processing draws 16501 to 16600"
[1] "Chunk time = 2.01293617089589"
[1] "Processing draws 16601 to 16700"
[1] "Chunk time = 2.02543813784917"
[1] "Processing draws 16701 to 16800"
[1] "Chunk time = 2.01671980222066"
[1] "Processing draws 16801 to 16900"
[1] "Chunk time = 1.99529055356979"
[1] "Processing draws 16901 to 17000"
[1] "Chunk time = 1.9692430694898"
[1] "Processing draws 17001 to 17100"
[1] "Chunk time = 1.98302275339762"
[1] "Processing draws 17101 to 17200"
[1] "Chunk time = 2.02161923646927"
[1] "Processing draws 17201 to 17300"
[1] "Chunk time = 1.9754141330719"
[1] "Processing draws 17301 to 17400"
[1] "Chunk time = 2.01516615549723"
[1] "Processing draws 17401 to 17500"
[1] "Chunk time = 1.98660013278325"
[1] "Processing draws 17501 to 17600"
[1] "Chunk time = 2.01509885787964"
[1] "Processing draws 17601 to 17700"
[1] "Chunk time = 1.98438509305318"
[1] "Processing draws 17701 to 17800"
[1] "Chunk time = 1.9939332207044"
[1] "Processing draws 17801 to 17900"
[1] "Chunk time = 2.02352055311203"
[1] "Processing draws 17901 to 18000"
[1] "Chunk time = 2.01475709279378"
[1] "Processing draws 18001 to 18100"
[1] "Chunk time = 2.03225255409877"
[1] "Processing draws 18101 to 18200"
[1] "Chunk time = 1.97227748235067"
[1] "Processing draws 18201 to 18300"
[1] "Chunk time = 1.98146997690201"
[1] "Processing draws 18301 to 18400"
[1] "Chunk time = 2.0104589064916"
[1] "Processing draws 18401 to 18500"
[1] "Chunk time = 1.9711474498113"
[1] "Processing draws 18501 to 18600"
[1] "Chunk time = 2.04187883933385"
[1] "Processing draws 18601 to 18700"
[1] "Chunk time = 2.02440227667491"
[1] "Processing draws 18701 to 18800"
[1] "Chunk time = 2.04637144804001"
[1] "Processing draws 18801 to 18900"
[1] "Chunk time = 1.9831000049909"
[1] "Processing draws 18901 to 19000"
[1] "Chunk time = 1.99752785762151"
[1] "Processing draws 19001 to 19100"
[1] "Chunk time = 1.97092201709747"
[1] "Processing draws 19101 to 19200"
[1] "Chunk time = 2.01793359120687"
[1] "Processing draws 19201 to 19300"
[1] "Chunk time = 2.12706996599833"
[1] "Processing draws 19301 to 19400"
[1] "Chunk time = 2.07586482365926"
[1] "Processing draws 19401 to 19500"
[1] "Chunk time = 2.04685505231222"
[1] "Processing draws 19501 to 19600"
[1] "Chunk time = 2.13279514312744"
[1] "Processing draws 19601 to 19700"
[1] "Chunk time = 1.99407298564911"
[1] "Processing draws 19701 to 19800"
[1] "Chunk time = 1.99053032795588"
[1] "Processing draws 19801 to 19900"
[1] "Chunk time = 2.06133322318395"
[1] "Processing draws 19901 to 20000"
[1] "Chunk time = 2.03157124121984"
[1] "done lapplying"
[1] "Saving current params"
[1] "Saving params to output.rds"
[1] TRUE
[1] "Time for modelling:"
[1] "2025-07-03 07:28:22 EDT"
[1] "Time for posterior computations:"
Time difference of 6.815431 hours
[1] "Total time:"
[1] "2025-07-03 14:17:18 EDT"
