[1] "Starting sampling."
Running MCMC with 4 parallel chains, with 4 thread(s) per chain...

Chain 1 Iteration:    1 / 6000 [  0%]  (Warmup) 
Chain 2 Iteration:    1 / 6000 [  0%]  (Warmup) 
Chain 3 Iteration:    1 / 6000 [  0%]  (Warmup) 
Chain 4 Iteration:    1 / 6000 [  0%]  (Warmup) 
Chain 4 Iteration:  100 / 6000 [  1%]  (Warmup) 
Chain 3 Iteration:  100 / 6000 [  1%]  (Warmup) 
Chain 1 Iteration:  100 / 6000 [  1%]  (Warmup) 
Chain 4 Iteration:  200 / 6000 [  3%]  (Warmup) 
Chain 3 Iteration:  200 / 6000 [  3%]  (Warmup) 
Chain 1 Iteration:  200 / 6000 [  3%]  (Warmup) 
Chain 4 Iteration:  300 / 6000 [  5%]  (Warmup) 
Chain 2 Iteration:  100 / 6000 [  1%]  (Warmup) 
Chain 3 Iteration:  300 / 6000 [  5%]  (Warmup) 
Chain 1 Iteration:  300 / 6000 [  5%]  (Warmup) 
Chain 4 Iteration:  400 / 6000 [  6%]  (Warmup) 
Chain 3 Iteration:  400 / 6000 [  6%]  (Warmup) 
Chain 2 Iteration:  200 / 6000 [  3%]  (Warmup) 
Chain 1 Iteration:  400 / 6000 [  6%]  (Warmup) 
Chain 4 Iteration:  500 / 6000 [  8%]  (Warmup) 
Chain 3 Iteration:  500 / 6000 [  8%]  (Warmup) 
Chain 1 Iteration:  500 / 6000 [  8%]  (Warmup) 
Chain 2 Iteration:  300 / 6000 [  5%]  (Warmup) 
Chain 4 Iteration:  600 / 6000 [ 10%]  (Warmup) 
Chain 3 Iteration:  600 / 6000 [ 10%]  (Warmup) 
Chain 1 Iteration:  600 / 6000 [ 10%]  (Warmup) 
Chain 4 Iteration:  700 / 6000 [ 11%]  (Warmup) 
Chain 2 Iteration:  400 / 6000 [  6%]  (Warmup) 
Chain 3 Iteration:  700 / 6000 [ 11%]  (Warmup) 
Chain 1 Iteration:  700 / 6000 [ 11%]  (Warmup) 
Chain 4 Iteration:  800 / 6000 [ 13%]  (Warmup) 
Chain 2 Iteration:  500 / 6000 [  8%]  (Warmup) 
Chain 3 Iteration:  800 / 6000 [ 13%]  (Warmup) 
Chain 1 Iteration:  800 / 6000 [ 13%]  (Warmup) 
Chain 4 Iteration:  900 / 6000 [ 15%]  (Warmup) 
Chain 3 Iteration:  900 / 6000 [ 15%]  (Warmup) 
Chain 1 Iteration:  900 / 6000 [ 15%]  (Warmup) 
Chain 2 Iteration:  600 / 6000 [ 10%]  (Warmup) 
Chain 4 Iteration: 1000 / 6000 [ 16%]  (Warmup) 
Chain 4 Iteration: 1001 / 6000 [ 16%]  (Sampling) 
Chain 3 Iteration: 1000 / 6000 [ 16%]  (Warmup) 
Chain 3 Iteration: 1001 / 6000 [ 16%]  (Sampling) 
Chain 4 Iteration: 1100 / 6000 [ 18%]  (Sampling) 
Chain 1 Iteration: 1000 / 6000 [ 16%]  (Warmup) 
Chain 1 Iteration: 1001 / 6000 [ 16%]  (Sampling) 
Chain 2 Iteration:  700 / 6000 [ 11%]  (Warmup) 
Chain 3 Iteration: 1100 / 6000 [ 18%]  (Sampling) 
Chain 4 Iteration: 1200 / 6000 [ 20%]  (Sampling) 
Chain 1 Iteration: 1100 / 6000 [ 18%]  (Sampling) 
Chain 2 Iteration:  800 / 6000 [ 13%]  (Warmup) 
Chain 3 Iteration: 1200 / 6000 [ 20%]  (Sampling) 
Chain 4 Iteration: 1300 / 6000 [ 21%]  (Sampling) 
Chain 1 Iteration: 1200 / 6000 [ 20%]  (Sampling) 
Chain 3 Iteration: 1300 / 6000 [ 21%]  (Sampling) 
Chain 2 Iteration:  900 / 6000 [ 15%]  (Warmup) 
Chain 4 Iteration: 1400 / 6000 [ 23%]  (Sampling) 
Chain 1 Iteration: 1300 / 6000 [ 21%]  (Sampling) 
Chain 3 Iteration: 1400 / 6000 [ 23%]  (Sampling) 
Chain 4 Iteration: 1500 / 6000 [ 25%]  (Sampling) 
Chain 1 Iteration: 1400 / 6000 [ 23%]  (Sampling) 
Chain 2 Iteration: 1000 / 6000 [ 16%]  (Warmup) 
Chain 2 Iteration: 1001 / 6000 [ 16%]  (Sampling) 
Chain 3 Iteration: 1500 / 6000 [ 25%]  (Sampling) 
Chain 4 Iteration: 1600 / 6000 [ 26%]  (Sampling) 
Chain 1 Iteration: 1500 / 6000 [ 25%]  (Sampling) 
Chain 3 Iteration: 1600 / 6000 [ 26%]  (Sampling) 
Chain 2 Iteration: 1100 / 6000 [ 18%]  (Sampling) 
Chain 4 Iteration: 1700 / 6000 [ 28%]  (Sampling) 
Chain 1 Iteration: 1600 / 6000 [ 26%]  (Sampling) 
Chain 3 Iteration: 1700 / 6000 [ 28%]  (Sampling) 
Chain 2 Iteration: 1200 / 6000 [ 20%]  (Sampling) 
Chain 4 Iteration: 1800 / 6000 [ 30%]  (Sampling) 
Chain 1 Iteration: 1700 / 6000 [ 28%]  (Sampling) 
Chain 3 Iteration: 1800 / 6000 [ 30%]  (Sampling) 
Chain 4 Iteration: 1900 / 6000 [ 31%]  (Sampling) 
Chain 1 Iteration: 1800 / 6000 [ 30%]  (Sampling) 
Chain 2 Iteration: 1300 / 6000 [ 21%]  (Sampling) 
Chain 3 Iteration: 1900 / 6000 [ 31%]  (Sampling) 
Chain 4 Iteration: 2000 / 6000 [ 33%]  (Sampling) 
Chain 1 Iteration: 1900 / 6000 [ 31%]  (Sampling) 
Chain 2 Iteration: 1400 / 6000 [ 23%]  (Sampling) 
Chain 3 Iteration: 2000 / 6000 [ 33%]  (Sampling) 
Chain 4 Iteration: 2100 / 6000 [ 35%]  (Sampling) 
Chain 1 Iteration: 2000 / 6000 [ 33%]  (Sampling) 
Chain 2 Iteration: 1500 / 6000 [ 25%]  (Sampling) 
Chain 3 Iteration: 2100 / 6000 [ 35%]  (Sampling) 
Chain 4 Iteration: 2200 / 6000 [ 36%]  (Sampling) 
Chain 1 Iteration: 2100 / 6000 [ 35%]  (Sampling) 
Chain 2 Iteration: 1600 / 6000 [ 26%]  (Sampling) 
Chain 3 Iteration: 2200 / 6000 [ 36%]  (Sampling) 
Chain 1 Iteration: 2200 / 6000 [ 36%]  (Sampling) 
Chain 4 Iteration: 2300 / 6000 [ 38%]  (Sampling) 
Chain 2 Iteration: 1700 / 6000 [ 28%]  (Sampling) 
Chain 3 Iteration: 2300 / 6000 [ 38%]  (Sampling) 
Chain 1 Iteration: 2300 / 6000 [ 38%]  (Sampling) 
Chain 4 Iteration: 2400 / 6000 [ 40%]  (Sampling) 
Chain 2 Iteration: 1800 / 6000 [ 30%]  (Sampling) 
Chain 3 Iteration: 2400 / 6000 [ 40%]  (Sampling) 
Chain 1 Iteration: 2400 / 6000 [ 40%]  (Sampling) 
Chain 4 Iteration: 2500 / 6000 [ 41%]  (Sampling) 
Chain 3 Iteration: 2500 / 6000 [ 41%]  (Sampling) 
Chain 2 Iteration: 1900 / 6000 [ 31%]  (Sampling) 
Chain 1 Iteration: 2500 / 6000 [ 41%]  (Sampling) 
Chain 4 Iteration: 2600 / 6000 [ 43%]  (Sampling) 
Chain 3 Iteration: 2600 / 6000 [ 43%]  (Sampling) 
Chain 1 Iteration: 2600 / 6000 [ 43%]  (Sampling) 
Chain 2 Iteration: 2000 / 6000 [ 33%]  (Sampling) 
Chain 4 Iteration: 2700 / 6000 [ 45%]  (Sampling) 
Chain 3 Iteration: 2700 / 6000 [ 45%]  (Sampling) 
Chain 1 Iteration: 2700 / 6000 [ 45%]  (Sampling) 
Chain 4 Iteration: 2800 / 6000 [ 46%]  (Sampling) 
Chain 2 Iteration: 2100 / 6000 [ 35%]  (Sampling) 
Chain 3 Iteration: 2800 / 6000 [ 46%]  (Sampling) 
Chain 1 Iteration: 2800 / 6000 [ 46%]  (Sampling) 
Chain 4 Iteration: 2900 / 6000 [ 48%]  (Sampling) 
Chain 2 Iteration: 2200 / 6000 [ 36%]  (Sampling) 
Chain 3 Iteration: 2900 / 6000 [ 48%]  (Sampling) 
Chain 1 Iteration: 2900 / 6000 [ 48%]  (Sampling) 
Chain 4 Iteration: 3000 / 6000 [ 50%]  (Sampling) 
Chain 3 Iteration: 3000 / 6000 [ 50%]  (Sampling) 
Chain 2 Iteration: 2300 / 6000 [ 38%]  (Sampling) 
Chain 1 Iteration: 3000 / 6000 [ 50%]  (Sampling) 
Chain 4 Iteration: 3100 / 6000 [ 51%]  (Sampling) 
Chain 3 Iteration: 3100 / 6000 [ 51%]  (Sampling) 
Chain 1 Iteration: 3100 / 6000 [ 51%]  (Sampling) 
Chain 2 Iteration: 2400 / 6000 [ 40%]  (Sampling) 
Chain 4 Iteration: 3200 / 6000 [ 53%]  (Sampling) 
Chain 3 Iteration: 3200 / 6000 [ 53%]  (Sampling) 
Chain 1 Iteration: 3200 / 6000 [ 53%]  (Sampling) 
Chain 2 Iteration: 2500 / 6000 [ 41%]  (Sampling) 
Chain 4 Iteration: 3300 / 6000 [ 55%]  (Sampling) 
Chain 3 Iteration: 3300 / 6000 [ 55%]  (Sampling) 
Chain 1 Iteration: 3300 / 6000 [ 55%]  (Sampling) 
Chain 4 Iteration: 3400 / 6000 [ 56%]  (Sampling) 
Chain 2 Iteration: 2600 / 6000 [ 43%]  (Sampling) 
Chain 3 Iteration: 3400 / 6000 [ 56%]  (Sampling) 
Chain 1 Iteration: 3400 / 6000 [ 56%]  (Sampling) 
Chain 4 Iteration: 3500 / 6000 [ 58%]  (Sampling) 
Chain 2 Iteration: 2700 / 6000 [ 45%]  (Sampling) 
Chain 3 Iteration: 3500 / 6000 [ 58%]  (Sampling) 
Chain 1 Iteration: 3500 / 6000 [ 58%]  (Sampling) 
Chain 4 Iteration: 3600 / 6000 [ 60%]  (Sampling) 
Chain 3 Iteration: 3600 / 6000 [ 60%]  (Sampling) 
Chain 2 Iteration: 2800 / 6000 [ 46%]  (Sampling) 
Chain 1 Iteration: 3600 / 6000 [ 60%]  (Sampling) 
Chain 4 Iteration: 3700 / 6000 [ 61%]  (Sampling) 
Chain 3 Iteration: 3700 / 6000 [ 61%]  (Sampling) 
Chain 1 Iteration: 3700 / 6000 [ 61%]  (Sampling) 
Chain 2 Iteration: 2900 / 6000 [ 48%]  (Sampling) 
Chain 4 Iteration: 3800 / 6000 [ 63%]  (Sampling) 
Chain 3 Iteration: 3800 / 6000 [ 63%]  (Sampling) 
Chain 1 Iteration: 3800 / 6000 [ 63%]  (Sampling) 
Chain 4 Iteration: 3900 / 6000 [ 65%]  (Sampling) 
Chain 2 Iteration: 3000 / 6000 [ 50%]  (Sampling) 
Chain 3 Iteration: 3900 / 6000 [ 65%]  (Sampling) 
Chain 1 Iteration: 3900 / 6000 [ 65%]  (Sampling) 
Chain 4 Iteration: 4000 / 6000 [ 66%]  (Sampling) 
Chain 2 Iteration: 3100 / 6000 [ 51%]  (Sampling) 
Chain 3 Iteration: 4000 / 6000 [ 66%]  (Sampling) 
Chain 1 Iteration: 4000 / 6000 [ 66%]  (Sampling) 
Chain 4 Iteration: 4100 / 6000 [ 68%]  (Sampling) 
Chain 2 Iteration: 3200 / 6000 [ 53%]  (Sampling) 
Chain 3 Iteration: 4100 / 6000 [ 68%]  (Sampling) 
Chain 1 Iteration: 4100 / 6000 [ 68%]  (Sampling) 
Chain 4 Iteration: 4200 / 6000 [ 70%]  (Sampling) 
Chain 2 Iteration: 3300 / 6000 [ 55%]  (Sampling) 
Chain 3 Iteration: 4200 / 6000 [ 70%]  (Sampling) 
Chain 1 Iteration: 4200 / 6000 [ 70%]  (Sampling) 
Chain 4 Iteration: 4300 / 6000 [ 71%]  (Sampling) 
Chain 3 Iteration: 4300 / 6000 [ 71%]  (Sampling) 
Chain 1 Iteration: 4300 / 6000 [ 71%]  (Sampling) 
Chain 2 Iteration: 3400 / 6000 [ 56%]  (Sampling) 
Chain 4 Iteration: 4400 / 6000 [ 73%]  (Sampling) 
Chain 3 Iteration: 4400 / 6000 [ 73%]  (Sampling) 
Chain 1 Iteration: 4400 / 6000 [ 73%]  (Sampling) 
Chain 2 Iteration: 3500 / 6000 [ 58%]  (Sampling) 
Chain 4 Iteration: 4500 / 6000 [ 75%]  (Sampling) 
Chain 3 Iteration: 4500 / 6000 [ 75%]  (Sampling) 
Chain 1 Iteration: 4500 / 6000 [ 75%]  (Sampling) 
Chain 4 Iteration: 4600 / 6000 [ 76%]  (Sampling) 
Chain 2 Iteration: 3600 / 6000 [ 60%]  (Sampling) 
Chain 3 Iteration: 4600 / 6000 [ 76%]  (Sampling) 
Chain 1 Iteration: 4600 / 6000 [ 76%]  (Sampling) 
Chain 4 Iteration: 4700 / 6000 [ 78%]  (Sampling) 
Chain 2 Iteration: 3700 / 6000 [ 61%]  (Sampling) 
Chain 3 Iteration: 4700 / 6000 [ 78%]  (Sampling) 
Chain 1 Iteration: 4700 / 6000 [ 78%]  (Sampling) 
Chain 4 Iteration: 4800 / 6000 [ 80%]  (Sampling) 
Chain 3 Iteration: 4800 / 6000 [ 80%]  (Sampling) 
Chain 2 Iteration: 3800 / 6000 [ 63%]  (Sampling) 
Chain 1 Iteration: 4800 / 6000 [ 80%]  (Sampling) 
Chain 4 Iteration: 4900 / 6000 [ 81%]  (Sampling) 
Chain 3 Iteration: 4900 / 6000 [ 81%]  (Sampling) 
Chain 1 Iteration: 4900 / 6000 [ 81%]  (Sampling) 
Chain 2 Iteration: 3900 / 6000 [ 65%]  (Sampling) 
Chain 4 Iteration: 5000 / 6000 [ 83%]  (Sampling) 
Chain 3 Iteration: 5000 / 6000 [ 83%]  (Sampling) 
Chain 1 Iteration: 5000 / 6000 [ 83%]  (Sampling) 
Chain 4 Iteration: 5100 / 6000 [ 85%]  (Sampling) 
Chain 2 Iteration: 4000 / 6000 [ 66%]  (Sampling) 
Chain 3 Iteration: 5100 / 6000 [ 85%]  (Sampling) 
Chain 1 Iteration: 5100 / 6000 [ 85%]  (Sampling) 
Chain 4 Iteration: 5200 / 6000 [ 86%]  (Sampling) 
Chain 2 Iteration: 4100 / 6000 [ 68%]  (Sampling) 
Chain 3 Iteration: 5200 / 6000 [ 86%]  (Sampling) 
Chain 1 Iteration: 5200 / 6000 [ 86%]  (Sampling) 
Chain 4 Iteration: 5300 / 6000 [ 88%]  (Sampling) 
Chain 3 Iteration: 5300 / 6000 [ 88%]  (Sampling) 
Chain 1 Iteration: 5300 / 6000 [ 88%]  (Sampling) 
Chain 2 Iteration: 4200 / 6000 [ 70%]  (Sampling) 
Chain 4 Iteration: 5400 / 6000 [ 90%]  (Sampling) 
Chain 3 Iteration: 5400 / 6000 [ 90%]  (Sampling) 
Chain 1 Iteration: 5400 / 6000 [ 90%]  (Sampling) 
Chain 2 Iteration: 4300 / 6000 [ 71%]  (Sampling) 
Chain 4 Iteration: 5500 / 6000 [ 91%]  (Sampling) 
Chain 3 Iteration: 5500 / 6000 [ 91%]  (Sampling) 
Chain 1 Iteration: 5500 / 6000 [ 91%]  (Sampling) 
Chain 2 Iteration: 4400 / 6000 [ 73%]  (Sampling) 
Chain 4 Iteration: 5600 / 6000 [ 93%]  (Sampling) 
Chain 3 Iteration: 5600 / 6000 [ 93%]  (Sampling) 
Chain 1 Iteration: 5600 / 6000 [ 93%]  (Sampling) 
Chain 4 Iteration: 5700 / 6000 [ 95%]  (Sampling) 
Chain 2 Iteration: 4500 / 6000 [ 75%]  (Sampling) 
Chain 3 Iteration: 5700 / 6000 [ 95%]  (Sampling) 
Chain 1 Iteration: 5700 / 6000 [ 95%]  (Sampling) 
Chain 4 Iteration: 5800 / 6000 [ 96%]  (Sampling) 
Chain 2 Iteration: 4600 / 6000 [ 76%]  (Sampling) 
Chain 3 Iteration: 5800 / 6000 [ 96%]  (Sampling) 
Chain 1 Iteration: 5800 / 6000 [ 96%]  (Sampling) 
Chain 4 Iteration: 5900 / 6000 [ 98%]  (Sampling) 
Chain 2 Iteration: 4700 / 6000 [ 78%]  (Sampling) 
Chain 3 Iteration: 5900 / 6000 [ 98%]  (Sampling) 
Chain 1 Iteration: 5900 / 6000 [ 98%]  (Sampling) 
Chain 4 Iteration: 6000 / 6000 [100%]  (Sampling) 
Chain 4 finished in 790.2 seconds.
Chain 1 Iteration: 6000 / 6000 [100%]  (Sampling) 
Chain 3 Iteration: 6000 / 6000 [100%]  (Sampling) 
Chain 3 finished in 794.7 seconds.
Chain 1 finished in 794.8 seconds.
Chain 2 Iteration: 4800 / 6000 [ 80%]  (Sampling) 
Chain 2 Iteration: 4900 / 6000 [ 81%]  (Sampling) 
Chain 2 Iteration: 5000 / 6000 [ 83%]  (Sampling) 
Chain 2 Iteration: 5100 / 6000 [ 85%]  (Sampling) 
Chain 2 Iteration: 5200 / 6000 [ 86%]  (Sampling) 
Chain 2 Iteration: 5300 / 6000 [ 88%]  (Sampling) 
Chain 2 Iteration: 5400 / 6000 [ 90%]  (Sampling) 
Chain 2 Iteration: 5500 / 6000 [ 91%]  (Sampling) 
Chain 2 Iteration: 5600 / 6000 [ 93%]  (Sampling) 
Chain 2 Iteration: 5700 / 6000 [ 95%]  (Sampling) 
Chain 2 Iteration: 5800 / 6000 [ 96%]  (Sampling) 
Chain 2 Iteration: 5900 / 6000 [ 98%]  (Sampling) 
Chain 2 Iteration: 6000 / 6000 [100%]  (Sampling) 
Chain 2 finished in 899.3 seconds.

All 4 chains finished successfully.
Mean chain execution time: 819.8 seconds.
Total execution time: 899.6 seconds.

[1] "Processing draws 1 to 100"
[1] "Chunk time = 51.5719511508942"
[1] "Processing draws 101 to 200"
[1] "Chunk time = 14.8918642997742"
[1] "Processing draws 201 to 300"
[1] "Chunk time = 14.3282928466797"
[1] "Processing draws 301 to 400"
[1] "Chunk time = 14.2140061855316"
[1] "Processing draws 401 to 500"
[1] "Chunk time = 14.2850859165192"
[1] "Processing draws 501 to 600"
[1] "Chunk time = 14.2490494251251"
[1] "Processing draws 601 to 700"
[1] "Chunk time = 14.026195526123"
[1] "Processing draws 701 to 800"
[1] "Chunk time = 14.320497751236"
[1] "Processing draws 801 to 900"
[1] "Chunk time = 13.8859586715698"
[1] "Processing draws 901 to 1000"
[1] "Chunk time = 14.3382523059845"
[1] "Processing draws 1001 to 1100"
[1] "Chunk time = 14.0730366706848"
[1] "Processing draws 1101 to 1200"
[1] "Chunk time = 14.3111953735352"
[1] "Processing draws 1201 to 1300"
[1] "Chunk time = 14.2178721427917"
[1] "Processing draws 1301 to 1400"
[1] "Chunk time = 14.2967715263367"
[1] "Processing draws 1401 to 1500"
[1] "Chunk time = 14.1807568073273"
[1] "Processing draws 1501 to 1600"
[1] "Chunk time = 14.0503478050232"
[1] "Processing draws 1601 to 1700"
[1] "Chunk time = 14.1670877933502"
[1] "Processing draws 1701 to 1800"
[1] "Chunk time = 14.3645329475403"
[1] "Processing draws 1801 to 1900"
[1] "Chunk time = 14.0674405097961"
[1] "Processing draws 1901 to 2000"
[1] "Chunk time = 14.0756139755249"
[1] "Processing draws 2001 to 2100"
[1] "Chunk time = 14.064578294754"
[1] "Processing draws 2101 to 2200"
[1] "Chunk time = 14.0113728046417"
[1] "Processing draws 2201 to 2300"
[1] "Chunk time = 14.2899785041809"
[1] "Processing draws 2301 to 2400"
[1] "Chunk time = 14.0645685195923"
[1] "Processing draws 2401 to 2500"
[1] "Chunk time = 14.3753781318665"
[1] "Processing draws 2501 to 2600"
[1] "Chunk time = 14.1985850334167"
[1] "Processing draws 2601 to 2700"
[1] "Chunk time = 14.2841811180115"
[1] "Processing draws 2701 to 2800"
[1] "Chunk time = 14.1216838359833"
[1] "Processing draws 2801 to 2900"
[1] "Chunk time = 14.394416809082"
[1] "Processing draws 2901 to 3000"
[1] "Chunk time = 14.4692893028259"
[1] "Processing draws 3001 to 3100"
[1] "Chunk time = 14.1906530857086"
[1] "Processing draws 3101 to 3200"
[1] "Chunk time = 14.7118546962738"
[1] "Processing draws 3201 to 3300"
[1] "Chunk time = 16.6078994274139"
[1] "Processing draws 3301 to 3400"
[1] "Chunk time = 16.1567447185516"
[1] "Processing draws 3401 to 3500"
[1] "Chunk time = 16.2005574703217"
[1] "Processing draws 3501 to 3600"
[1] "Chunk time = 14.1413495540619"
[1] "Processing draws 3601 to 3700"
[1] "Chunk time = 14.166347026825"
[1] "Processing draws 3701 to 3800"
[1] "Chunk time = 14.4577980041504"
[1] "Processing draws 3801 to 3900"
[1] "Chunk time = 14.5018739700317"
[1] "Processing draws 3901 to 4000"
[1] "Chunk time = 15.635665178299"
[1] "Processing draws 4001 to 4100"
[1] "Chunk time = 14.3281676769257"
[1] "Processing draws 4101 to 4200"
[1] "Chunk time = 14.1510121822357"
[1] "Processing draws 4201 to 4300"
[1] "Chunk time = 14.5474317073822"
[1] "Processing draws 4301 to 4400"
[1] "Chunk time = 14.15092253685"
[1] "Processing draws 4401 to 4500"
[1] "Chunk time = 14.2879643440247"
[1] "Processing draws 4501 to 4600"
[1] "Chunk time = 14.4555811882019"
[1] "Processing draws 4601 to 4700"
[1] "Chunk time = 14.3371188640594"
[1] "Processing draws 4701 to 4800"
[1] "Chunk time = 17.1383950710297"
[1] "Processing draws 4801 to 4900"
[1] "Chunk time = 14.4925618171692"
[1] "Processing draws 4901 to 5000"
[1] "Chunk time = 14.5561718940735"
[1] "Processing draws 5001 to 5100"
[1] "Chunk time = 14.0717222690582"
[1] "Processing draws 5101 to 5200"
[1] "Chunk time = 14.0835094451904"
[1] "Processing draws 5201 to 5300"
[1] "Chunk time = 13.9650485515594"
[1] "Processing draws 5301 to 5400"
[1] "Chunk time = 14.1492607593536"
[1] "Processing draws 5401 to 5500"
[1] "Chunk time = 14.1978940963745"
[1] "Processing draws 5501 to 5600"
[1] "Chunk time = 14.1753160953522"
[1] "Processing draws 5601 to 5700"
[1] "Chunk time = 14.1281161308289"
[1] "Processing draws 5701 to 5800"
[1] "Chunk time = 14.0790622234344"
[1] "Processing draws 5801 to 5900"
[1] "Chunk time = 14.2754461765289"
[1] "Processing draws 5901 to 6000"
[1] "Chunk time = 14.0786418914795"
[1] "Processing draws 6001 to 6100"
[1] "Chunk time = 14.3557159900665"
[1] "Processing draws 6101 to 6200"
[1] "Chunk time = 13.917694568634"
[1] "Processing draws 6201 to 6300"
[1] "Chunk time = 14.4743797779083"
[1] "Processing draws 6301 to 6400"
[1] "Chunk time = 15.8498737812042"
[1] "Processing draws 6401 to 6500"
[1] "Chunk time = 16.5331771373749"
[1] "Processing draws 6501 to 6600"
[1] "Chunk time = 15.9830896854401"
[1] "Processing draws 6601 to 6700"
[1] "Chunk time = 17.1384785175323"
[1] "Processing draws 6701 to 6800"
[1] "Chunk time = 15.3507721424103"
[1] "Processing draws 6801 to 6900"
[1] "Chunk time = 14.4389274120331"
[1] "Processing draws 6901 to 7000"
[1] "Chunk time = 14.5496108531952"
[1] "Processing draws 7001 to 7100"
[1] "Chunk time = 14.7159023284912"
[1] "Processing draws 7101 to 7200"
[1] "Chunk time = 14.1930611133575"
[1] "Processing draws 7201 to 7300"
[1] "Chunk time = 14.1013634204865"
[1] "Processing draws 7301 to 7400"
[1] "Chunk time = 14.0299172401428"
[1] "Processing draws 7401 to 7500"
[1] "Chunk time = 13.9907264709473"
[1] "Processing draws 7501 to 7600"
[1] "Chunk time = 14.0866191387177"
[1] "Processing draws 7601 to 7700"
[1] "Chunk time = 14.0788168907166"
[1] "Processing draws 7701 to 7800"
[1] "Chunk time = 13.9872510433197"
[1] "Processing draws 7801 to 7900"
[1] "Chunk time = 14.0459990501404"
[1] "Processing draws 7901 to 8000"
[1] "Chunk time = 14.9280307292938"
[1] "Processing draws 8001 to 8100"
[1] "Chunk time = 15.5670206546783"
[1] "Processing draws 8101 to 8200"
[1] "Chunk time = 15.3055257797241"
[1] "Processing draws 8201 to 8300"
[1] "Chunk time = 15.2954497337341"
[1] "Processing draws 8301 to 8400"
[1] "Chunk time = 15.32670545578"
[1] "Processing draws 8401 to 8500"
[1] "Chunk time = 15.1455118656158"
[1] "Processing draws 8501 to 8600"
[1] "Chunk time = 15.0752894878387"
[1] "Processing draws 8601 to 8700"
[1] "Chunk time = 15.2389817237854"
[1] "Processing draws 8701 to 8800"
[1] "Chunk time = 15.083015203476"
[1] "Processing draws 8801 to 8900"
[1] "Chunk time = 15.4996073246002"
[1] "Processing draws 8901 to 9000"
[1] "Chunk time = 15.5402035713196"
[1] "Processing draws 9001 to 9100"
[1] "Chunk time = 15.4861652851105"
[1] "Processing draws 9101 to 9200"
[1] "Chunk time = 15.6688919067383"
[1] "Processing draws 9201 to 9300"
[1] "Chunk time = 15.663667678833"
[1] "Processing draws 9301 to 9400"
[1] "Chunk time = 15.6969730854034"
[1] "Processing draws 9401 to 9500"
[1] "Chunk time = 15.6468169689178"
[1] "Processing draws 9501 to 9600"
[1] "Chunk time = 15.3961284160614"
[1] "Processing draws 9601 to 9700"
[1] "Chunk time = 15.3949754238129"
[1] "Processing draws 9701 to 9800"
[1] "Chunk time = 15.8501725196838"
[1] "Processing draws 9801 to 9900"
[1] "Chunk time = 15.7281937599182"
[1] "Processing draws 9901 to 10000"
[1] "Chunk time = 15.3831758499146"
[1] "Processing draws 10001 to 10100"
[1] "Chunk time = 15.2126717567444"
[1] "Processing draws 10101 to 10200"
[1] "Chunk time = 15.4615318775177"
[1] "Processing draws 10201 to 10300"
[1] "Chunk time = 15.3085763454437"
[1] "Processing draws 10301 to 10400"
[1] "Chunk time = 15.4130012989044"
[1] "Processing draws 10401 to 10500"
[1] "Chunk time = 15.6345174312592"
[1] "Processing draws 10501 to 10600"
[1] "Chunk time = 15.2884993553162"
[1] "Processing draws 10601 to 10700"
[1] "Chunk time = 15.7158050537109"
[1] "Processing draws 10701 to 10800"
[1] "Chunk time = 15.4574074745178"
[1] "Processing draws 10801 to 10900"
[1] "Chunk time = 15.6071183681488"
[1] "Processing draws 10901 to 11000"
[1] "Chunk time = 15.427996635437"
[1] "Processing draws 11001 to 11100"
[1] "Chunk time = 15.3663423061371"
[1] "Processing draws 11101 to 11200"
[1] "Chunk time = 15.434278011322"
[1] "Processing draws 11201 to 11300"
[1] "Chunk time = 15.4973268508911"
[1] "Processing draws 11301 to 11400"
[1] "Chunk time = 15.4613518714905"
[1] "Processing draws 11401 to 11500"
[1] "Chunk time = 15.2585573196411"
[1] "Processing draws 11501 to 11600"
[1] "Chunk time = 15.6968624591827"
[1] "Processing draws 11601 to 11700"
[1] "Chunk time = 15.406619310379"
[1] "Processing draws 11701 to 11800"
[1] "Chunk time = 15.5063765048981"
[1] "Processing draws 11801 to 11900"
[1] "Chunk time = 15.5043911933899"
[1] "Processing draws 11901 to 12000"
[1] "Chunk time = 15.5857827663422"
[1] "Processing draws 12001 to 12100"
[1] "Chunk time = 15.4210262298584"
[1] "Processing draws 12101 to 12200"
[1] "Chunk time = 15.5117726325989"
[1] "Processing draws 12201 to 12300"
[1] "Chunk time = 15.4002223014832"
[1] "Processing draws 12301 to 12400"
[1] "Chunk time = 15.6534671783447"
[1] "Processing draws 12401 to 12500"
[1] "Chunk time = 15.339661359787"
[1] "Processing draws 12501 to 12600"
[1] "Chunk time = 15.7960188388824"
[1] "Processing draws 12601 to 12700"
[1] "Chunk time = 15.4455873966217"
[1] "Processing draws 12701 to 12800"
[1] "Chunk time = 15.5100224018097"
[1] "Processing draws 12801 to 12900"
[1] "Chunk time = 15.438488483429"
[1] "Processing draws 12901 to 13000"
[1] "Chunk time = 15.736959695816"
[1] "Processing draws 13001 to 13100"
[1] "Chunk time = 15.5617353916168"
[1] "Processing draws 13101 to 13200"
[1] "Chunk time = 15.7269163131714"
[1] "Processing draws 13201 to 13300"
[1] "Chunk time = 15.4956076145172"
[1] "Processing draws 13301 to 13400"
[1] "Chunk time = 15.6894462108612"
[1] "Processing draws 13401 to 13500"
[1] "Chunk time = 15.5046081542969"
[1] "Processing draws 13501 to 13600"
[1] "Chunk time = 15.7509341239929"
[1] "Processing draws 13601 to 13700"
[1] "Chunk time = 15.3772964477539"
[1] "Processing draws 13701 to 13800"
[1] "Chunk time = 15.8799519538879"
[1] "Processing draws 13801 to 13900"
[1] "Chunk time = 15.6543469429016"
[1] "Processing draws 13901 to 14000"
[1] "Chunk time = 15.9200747013092"
[1] "Processing draws 14001 to 14100"
[1] "Chunk time = 15.7081577777863"
[1] "Processing draws 14101 to 14200"
[1] "Chunk time = 15.7329409122467"
[1] "Processing draws 14201 to 14300"
[1] "Chunk time = 15.7819809913635"
[1] "Processing draws 14301 to 14400"
[1] "Chunk time = 15.6823630332947"
[1] "Processing draws 14401 to 14500"
[1] "Chunk time = 15.642991065979"
[1] "Processing draws 14501 to 14600"
[1] "Chunk time = 15.7535305023193"
[1] "Processing draws 14601 to 14700"
[1] "Chunk time = 15.5005304813385"
[1] "Processing draws 14701 to 14800"
[1] "Chunk time = 15.4918587207794"
[1] "Processing draws 14801 to 14900"
[1] "Chunk time = 15.418217420578"
[1] "Processing draws 14901 to 15000"
[1] "Chunk time = 15.498291015625"
[1] "Processing draws 15001 to 15100"
[1] "Chunk time = 15.2701616287231"
[1] "Processing draws 15101 to 15200"
[1] "Chunk time = 15.4913902282715"
[1] "Processing draws 15201 to 15300"
[1] "Chunk time = 15.4732172489166"
[1] "Processing draws 15301 to 15400"
[1] "Chunk time = 15.495973110199"
[1] "Processing draws 15401 to 15500"
[1] "Chunk time = 15.4559559822083"
[1] "Processing draws 15501 to 15600"
[1] "Chunk time = 15.5886542797089"
[1] "Processing draws 15601 to 15700"
[1] "Chunk time = 15.4198610782623"
[1] "Processing draws 15701 to 15800"
[1] "Chunk time = 15.6356198787689"
[1] "Processing draws 15801 to 15900"
[1] "Chunk time = 15.3781037330627"
[1] "Processing draws 15901 to 16000"
[1] "Chunk time = 15.562196969986"
[1] "Processing draws 16001 to 16100"
[1] "Chunk time = 15.3771615028381"
[1] "Processing draws 16101 to 16200"
[1] "Chunk time = 15.8389887809753"
[1] "Processing draws 16201 to 16300"
[1] "Chunk time = 15.3515248298645"
[1] "Processing draws 16301 to 16400"
[1] "Chunk time = 15.5810997486115"
[1] "Processing draws 16401 to 16500"
[1] "Chunk time = 15.4558012485504"
[1] "Processing draws 16501 to 16600"
[1] "Chunk time = 15.639842748642"
[1] "Processing draws 16601 to 16700"
[1] "Chunk time = 15.3860628604889"
[1] "Processing draws 16701 to 16800"
[1] "Chunk time = 15.7380962371826"
[1] "Processing draws 16801 to 16900"
[1] "Chunk time = 15.364753484726"
[1] "Processing draws 16901 to 17000"
[1] "Chunk time = 15.7384173870087"
[1] "Processing draws 17001 to 17100"
[1] "Chunk time = 15.5197665691376"
[1] "Processing draws 17101 to 17200"
[1] "Chunk time = 15.742436170578"
[1] "Processing draws 17201 to 17300"
[1] "Chunk time = 15.6623899936676"
[1] "Processing draws 17301 to 17400"
[1] "Chunk time = 15.8412270545959"
[1] "Processing draws 17401 to 17500"
[1] "Chunk time = 15.4624998569489"
[1] "Processing draws 17501 to 17600"
[1] "Chunk time = 15.9715282917023"
[1] "Processing draws 17601 to 17700"
[1] "Chunk time = 15.5356073379517"
[1] "Processing draws 17701 to 17800"
[1] "Chunk time = 15.6536931991577"
[1] "Processing draws 17801 to 17900"
[1] "Chunk time = 15.524825334549"
[1] "Processing draws 17901 to 18000"
[1] "Chunk time = 15.7549583911896"
[1] "Processing draws 18001 to 18100"
[1] "Chunk time = 15.5311615467072"
[1] "Processing draws 18101 to 18200"
[1] "Chunk time = 15.8304750919342"
[1] "Processing draws 18201 to 18300"
[1] "Chunk time = 15.5030858516693"
[1] "Processing draws 18301 to 18400"
[1] "Chunk time = 15.8015079498291"
[1] "Processing draws 18401 to 18500"
[1] "Chunk time = 15.4859433174133"
[1] "Processing draws 18501 to 18600"
[1] "Chunk time = 16.0186982154846"
[1] "Processing draws 18601 to 18700"
[1] "Chunk time = 15.3761379718781"
[1] "Processing draws 18701 to 18800"
[1] "Chunk time = 15.9446432590485"
[1] "Processing draws 18801 to 18900"
[1] "Chunk time = 15.6572155952454"
[1] "Processing draws 18901 to 19000"
[1] "Chunk time = 15.8307611942291"
[1] "Processing draws 19001 to 19100"
[1] "Chunk time = 15.9169607162476"
[1] "Processing draws 19101 to 19200"
[1] "Chunk time = 17.3221507072449"
[1] "Processing draws 19201 to 19300"
[1] "Chunk time = 16.6757276058197"
[1] "Processing draws 19301 to 19400"
[1] "Chunk time = 18.3981370925903"
[1] "Processing draws 19401 to 19500"
[1] "Chunk time = 18.9538547992706"
[1] "Processing draws 19501 to 19600"
[1] "Chunk time = 16.7378118038177"
[1] "Processing draws 19601 to 19700"
[1] "Chunk time = 16.5642826557159"
[1] "Processing draws 19701 to 19800"
[1] "Chunk time = 17.1022453308105"
[1] "Processing draws 19801 to 19900"
[1] "Chunk time = 15.5722835063934"
[1] "Processing draws 19901 to 20000"
[1] "Chunk time = 15.5757789611816"
[1] "done lapplying"
[1] "Saving current params"
[1] "Saving params to output.rds"
[1] TRUE
