[1] "Starting sampling."
Running MCMC with 4 parallel chains, with 4 thread(s) per chain...

Chain 1 Iteration:    1 / 6000 [  0%]  (Warmup) 
Chain 2 Iteration:    1 / 6000 [  0%]  (Warmup) 
Chain 3 Iteration:    1 / 6000 [  0%]  (Warmup) 
Chain 4 Iteration:    1 / 6000 [  0%]  (Warmup) 
Chain 4 Iteration:  100 / 6000 [  1%]  (Warmup) 
Chain 3 Iteration:  100 / 6000 [  1%]  (Warmup) 
Chain 2 Iteration:  100 / 6000 [  1%]  (Warmup) 
Chain 1 Iteration:  100 / 6000 [  1%]  (Warmup) 
Chain 4 Iteration:  200 / 6000 [  3%]  (Warmup) 
Chain 3 Iteration:  200 / 6000 [  3%]  (Warmup) 
Chain 2 Iteration:  200 / 6000 [  3%]  (Warmup) 
Chain 1 Iteration:  200 / 6000 [  3%]  (Warmup) 
Chain 4 Iteration:  300 / 6000 [  5%]  (Warmup) 
Chain 3 Iteration:  300 / 6000 [  5%]  (Warmup) 
Chain 1 Iteration:  300 / 6000 [  5%]  (Warmup) 
Chain 4 Iteration:  400 / 6000 [  6%]  (Warmup) 
Chain 2 Iteration:  300 / 6000 [  5%]  (Warmup) 
Chain 3 Iteration:  400 / 6000 [  6%]  (Warmup) 
Chain 1 Iteration:  400 / 6000 [  6%]  (Warmup) 
Chain 4 Iteration:  500 / 6000 [  8%]  (Warmup) 
Chain 2 Iteration:  400 / 6000 [  6%]  (Warmup) 
Chain 3 Iteration:  500 / 6000 [  8%]  (Warmup) 
Chain 4 Iteration:  600 / 6000 [ 10%]  (Warmup) 
Chain 1 Iteration:  500 / 6000 [  8%]  (Warmup) 
Chain 2 Iteration:  500 / 6000 [  8%]  (Warmup) 
Chain 3 Iteration:  600 / 6000 [ 10%]  (Warmup) 
Chain 4 Iteration:  700 / 6000 [ 11%]  (Warmup) 
Chain 1 Iteration:  600 / 6000 [ 10%]  (Warmup) 
Chain 2 Iteration:  600 / 6000 [ 10%]  (Warmup) 
Chain 3 Iteration:  700 / 6000 [ 11%]  (Warmup) 
Chain 4 Iteration:  800 / 6000 [ 13%]  (Warmup) 
Chain 1 Iteration:  700 / 6000 [ 11%]  (Warmup) 
Chain 2 Iteration:  700 / 6000 [ 11%]  (Warmup) 
Chain 3 Iteration:  800 / 6000 [ 13%]  (Warmup) 
Chain 4 Iteration:  900 / 6000 [ 15%]  (Warmup) 
Chain 1 Iteration:  800 / 6000 [ 13%]  (Warmup) 
Chain 2 Iteration:  800 / 6000 [ 13%]  (Warmup) 
Chain 3 Iteration:  900 / 6000 [ 15%]  (Warmup) 
Chain 4 Iteration: 1000 / 6000 [ 16%]  (Warmup) 
Chain 1 Iteration:  900 / 6000 [ 15%]  (Warmup) 
Chain 4 Iteration: 1001 / 6000 [ 16%]  (Sampling) 
Chain 2 Iteration:  900 / 6000 [ 15%]  (Warmup) 
Chain 3 Iteration: 1000 / 6000 [ 16%]  (Warmup) 
Chain 3 Iteration: 1001 / 6000 [ 16%]  (Sampling) 
Chain 4 Iteration: 1100 / 6000 [ 18%]  (Sampling) 
Chain 1 Iteration: 1000 / 6000 [ 16%]  (Warmup) 
Chain 1 Iteration: 1001 / 6000 [ 16%]  (Sampling) 
Chain 2 Iteration: 1000 / 6000 [ 16%]  (Warmup) 
Chain 2 Iteration: 1001 / 6000 [ 16%]  (Sampling) 
Chain 3 Iteration: 1100 / 6000 [ 18%]  (Sampling) 
Chain 4 Iteration: 1200 / 6000 [ 20%]  (Sampling) 
Chain 1 Iteration: 1100 / 6000 [ 18%]  (Sampling) 
Chain 2 Iteration: 1100 / 6000 [ 18%]  (Sampling) 
Chain 3 Iteration: 1200 / 6000 [ 20%]  (Sampling) 
Chain 1 Iteration: 1200 / 6000 [ 20%]  (Sampling) 
Chain 4 Iteration: 1300 / 6000 [ 21%]  (Sampling) 
Chain 2 Iteration: 1200 / 6000 [ 20%]  (Sampling) 
Chain 3 Iteration: 1300 / 6000 [ 21%]  (Sampling) 
Chain 1 Iteration: 1300 / 6000 [ 21%]  (Sampling) 
Chain 4 Iteration: 1400 / 6000 [ 23%]  (Sampling) 
Chain 2 Iteration: 1300 / 6000 [ 21%]  (Sampling) 
Chain 3 Iteration: 1400 / 6000 [ 23%]  (Sampling) 
Chain 1 Iteration: 1400 / 6000 [ 23%]  (Sampling) 
Chain 4 Iteration: 1500 / 6000 [ 25%]  (Sampling) 
Chain 2 Iteration: 1400 / 6000 [ 23%]  (Sampling) 
Chain 3 Iteration: 1500 / 6000 [ 25%]  (Sampling) 
Chain 1 Iteration: 1500 / 6000 [ 25%]  (Sampling) 
Chain 4 Iteration: 1600 / 6000 [ 26%]  (Sampling) 
Chain 2 Iteration: 1500 / 6000 [ 25%]  (Sampling) 
Chain 3 Iteration: 1600 / 6000 [ 26%]  (Sampling) 
Chain 1 Iteration: 1600 / 6000 [ 26%]  (Sampling) 
Chain 4 Iteration: 1700 / 6000 [ 28%]  (Sampling) 
Chain 2 Iteration: 1600 / 6000 [ 26%]  (Sampling) 
Chain 3 Iteration: 1700 / 6000 [ 28%]  (Sampling) 
Chain 1 Iteration: 1700 / 6000 [ 28%]  (Sampling) 
Chain 4 Iteration: 1800 / 6000 [ 30%]  (Sampling) 
Chain 2 Iteration: 1700 / 6000 [ 28%]  (Sampling) 
Chain 3 Iteration: 1800 / 6000 [ 30%]  (Sampling) 
Chain 1 Iteration: 1800 / 6000 [ 30%]  (Sampling) 
Chain 4 Iteration: 1900 / 6000 [ 31%]  (Sampling) 
Chain 2 Iteration: 1800 / 6000 [ 30%]  (Sampling) 
Chain 3 Iteration: 1900 / 6000 [ 31%]  (Sampling) 
Chain 1 Iteration: 1900 / 6000 [ 31%]  (Sampling) 
Chain 4 Iteration: 2000 / 6000 [ 33%]  (Sampling) 
Chain 2 Iteration: 1900 / 6000 [ 31%]  (Sampling) 
Chain 3 Iteration: 2000 / 6000 [ 33%]  (Sampling) 
Chain 1 Iteration: 2000 / 6000 [ 33%]  (Sampling) 
Chain 4 Iteration: 2100 / 6000 [ 35%]  (Sampling) 
Chain 2 Iteration: 2000 / 6000 [ 33%]  (Sampling) 
Chain 3 Iteration: 2100 / 6000 [ 35%]  (Sampling) 
Chain 1 Iteration: 2100 / 6000 [ 35%]  (Sampling) 
Chain 4 Iteration: 2200 / 6000 [ 36%]  (Sampling) 
Chain 2 Iteration: 2100 / 6000 [ 35%]  (Sampling) 
Chain 3 Iteration: 2200 / 6000 [ 36%]  (Sampling) 
Chain 1 Iteration: 2200 / 6000 [ 36%]  (Sampling) 
Chain 4 Iteration: 2300 / 6000 [ 38%]  (Sampling) 
Chain 2 Iteration: 2200 / 6000 [ 36%]  (Sampling) 
Chain 3 Iteration: 2300 / 6000 [ 38%]  (Sampling) 
Chain 1 Iteration: 2300 / 6000 [ 38%]  (Sampling) 
Chain 4 Iteration: 2400 / 6000 [ 40%]  (Sampling) 
Chain 2 Iteration: 2300 / 6000 [ 38%]  (Sampling) 
Chain 3 Iteration: 2400 / 6000 [ 40%]  (Sampling) 
Chain 1 Iteration: 2400 / 6000 [ 40%]  (Sampling) 
Chain 4 Iteration: 2500 / 6000 [ 41%]  (Sampling) 
Chain 2 Iteration: 2400 / 6000 [ 40%]  (Sampling) 
Chain 3 Iteration: 2500 / 6000 [ 41%]  (Sampling) 
Chain 1 Iteration: 2500 / 6000 [ 41%]  (Sampling) 
Chain 4 Iteration: 2600 / 6000 [ 43%]  (Sampling) 
Chain 2 Iteration: 2500 / 6000 [ 41%]  (Sampling) 
Chain 1 Iteration: 2600 / 6000 [ 43%]  (Sampling) 
Chain 3 Iteration: 2600 / 6000 [ 43%]  (Sampling) 
Chain 4 Iteration: 2700 / 6000 [ 45%]  (Sampling) 
Chain 2 Iteration: 2600 / 6000 [ 43%]  (Sampling) 
Chain 1 Iteration: 2700 / 6000 [ 45%]  (Sampling) 
Chain 3 Iteration: 2700 / 6000 [ 45%]  (Sampling) 
Chain 4 Iteration: 2800 / 6000 [ 46%]  (Sampling) 
Chain 2 Iteration: 2700 / 6000 [ 45%]  (Sampling) 
Chain 1 Iteration: 2800 / 6000 [ 46%]  (Sampling) 
Chain 3 Iteration: 2800 / 6000 [ 46%]  (Sampling) 
Chain 4 Iteration: 2900 / 6000 [ 48%]  (Sampling) 
Chain 2 Iteration: 2800 / 6000 [ 46%]  (Sampling) 
Chain 1 Iteration: 2900 / 6000 [ 48%]  (Sampling) 
Chain 3 Iteration: 2900 / 6000 [ 48%]  (Sampling) 
Chain 4 Iteration: 3000 / 6000 [ 50%]  (Sampling) 
Chain 2 Iteration: 2900 / 6000 [ 48%]  (Sampling) 
Chain 1 Iteration: 3000 / 6000 [ 50%]  (Sampling) 
Chain 3 Iteration: 3000 / 6000 [ 50%]  (Sampling) 
Chain 4 Iteration: 3100 / 6000 [ 51%]  (Sampling) 
Chain 2 Iteration: 3000 / 6000 [ 50%]  (Sampling) 
Chain 1 Iteration: 3100 / 6000 [ 51%]  (Sampling) 
Chain 3 Iteration: 3100 / 6000 [ 51%]  (Sampling) 
Chain 4 Iteration: 3200 / 6000 [ 53%]  (Sampling) 
Chain 2 Iteration: 3100 / 6000 [ 51%]  (Sampling) 
Chain 1 Iteration: 3200 / 6000 [ 53%]  (Sampling) 
Chain 3 Iteration: 3200 / 6000 [ 53%]  (Sampling) 
Chain 4 Iteration: 3300 / 6000 [ 55%]  (Sampling) 
Chain 2 Iteration: 3200 / 6000 [ 53%]  (Sampling) 
Chain 1 Iteration: 3300 / 6000 [ 55%]  (Sampling) 
Chain 3 Iteration: 3300 / 6000 [ 55%]  (Sampling) 
Chain 4 Iteration: 3400 / 6000 [ 56%]  (Sampling) 
Chain 2 Iteration: 3300 / 6000 [ 55%]  (Sampling) 
Chain 1 Iteration: 3400 / 6000 [ 56%]  (Sampling) 
Chain 3 Iteration: 3400 / 6000 [ 56%]  (Sampling) 
Chain 4 Iteration: 3500 / 6000 [ 58%]  (Sampling) 
Chain 2 Iteration: 3400 / 6000 [ 56%]  (Sampling) 
Chain 1 Iteration: 3500 / 6000 [ 58%]  (Sampling) 
Chain 3 Iteration: 3500 / 6000 [ 58%]  (Sampling) 
Chain 4 Iteration: 3600 / 6000 [ 60%]  (Sampling) 
Chain 2 Iteration: 3500 / 6000 [ 58%]  (Sampling) 
Chain 1 Iteration: 3600 / 6000 [ 60%]  (Sampling) 
Chain 3 Iteration: 3600 / 6000 [ 60%]  (Sampling) 
Chain 4 Iteration: 3700 / 6000 [ 61%]  (Sampling) 
Chain 2 Iteration: 3600 / 6000 [ 60%]  (Sampling) 
Chain 1 Iteration: 3700 / 6000 [ 61%]  (Sampling) 
Chain 3 Iteration: 3700 / 6000 [ 61%]  (Sampling) 
Chain 4 Iteration: 3800 / 6000 [ 63%]  (Sampling) 
Chain 2 Iteration: 3700 / 6000 [ 61%]  (Sampling) 
Chain 1 Iteration: 3800 / 6000 [ 63%]  (Sampling) 
Chain 3 Iteration: 3800 / 6000 [ 63%]  (Sampling) 
Chain 4 Iteration: 3900 / 6000 [ 65%]  (Sampling) 
Chain 2 Iteration: 3800 / 6000 [ 63%]  (Sampling) 
Chain 1 Iteration: 3900 / 6000 [ 65%]  (Sampling) 
Chain 3 Iteration: 3900 / 6000 [ 65%]  (Sampling) 
Chain 2 Iteration: 3900 / 6000 [ 65%]  (Sampling) 
Chain 4 Iteration: 4000 / 6000 [ 66%]  (Sampling) 
Chain 1 Iteration: 4000 / 6000 [ 66%]  (Sampling) 
Chain 3 Iteration: 4000 / 6000 [ 66%]  (Sampling) 
Chain 2 Iteration: 4000 / 6000 [ 66%]  (Sampling) 
Chain 4 Iteration: 4100 / 6000 [ 68%]  (Sampling) 
Chain 1 Iteration: 4100 / 6000 [ 68%]  (Sampling) 
Chain 3 Iteration: 4100 / 6000 [ 68%]  (Sampling) 
Chain 2 Iteration: 4100 / 6000 [ 68%]  (Sampling) 
Chain 1 Iteration: 4200 / 6000 [ 70%]  (Sampling) 
Chain 4 Iteration: 4200 / 6000 [ 70%]  (Sampling) 
Chain 3 Iteration: 4200 / 6000 [ 70%]  (Sampling) 
Chain 2 Iteration: 4200 / 6000 [ 70%]  (Sampling) 
Chain 1 Iteration: 4300 / 6000 [ 71%]  (Sampling) 
Chain 4 Iteration: 4300 / 6000 [ 71%]  (Sampling) 
Chain 3 Iteration: 4300 / 6000 [ 71%]  (Sampling) 
Chain 2 Iteration: 4300 / 6000 [ 71%]  (Sampling) 
Chain 1 Iteration: 4400 / 6000 [ 73%]  (Sampling) 
Chain 4 Iteration: 4400 / 6000 [ 73%]  (Sampling) 
Chain 3 Iteration: 4400 / 6000 [ 73%]  (Sampling) 
Chain 2 Iteration: 4400 / 6000 [ 73%]  (Sampling) 
Chain 1 Iteration: 4500 / 6000 [ 75%]  (Sampling) 
Chain 4 Iteration: 4500 / 6000 [ 75%]  (Sampling) 
Chain 3 Iteration: 4500 / 6000 [ 75%]  (Sampling) 
Chain 2 Iteration: 4500 / 6000 [ 75%]  (Sampling) 
Chain 1 Iteration: 4600 / 6000 [ 76%]  (Sampling) 
Chain 4 Iteration: 4600 / 6000 [ 76%]  (Sampling) 
Chain 3 Iteration: 4600 / 6000 [ 76%]  (Sampling) 
Chain 2 Iteration: 4600 / 6000 [ 76%]  (Sampling) 
Chain 1 Iteration: 4700 / 6000 [ 78%]  (Sampling) 
Chain 4 Iteration: 4700 / 6000 [ 78%]  (Sampling) 
Chain 3 Iteration: 4700 / 6000 [ 78%]  (Sampling) 
Chain 2 Iteration: 4700 / 6000 [ 78%]  (Sampling) 
Chain 1 Iteration: 4800 / 6000 [ 80%]  (Sampling) 
Chain 4 Iteration: 4800 / 6000 [ 80%]  (Sampling) 
Chain 3 Iteration: 4800 / 6000 [ 80%]  (Sampling) 
Chain 2 Iteration: 4800 / 6000 [ 80%]  (Sampling) 
Chain 1 Iteration: 4900 / 6000 [ 81%]  (Sampling) 
Chain 4 Iteration: 4900 / 6000 [ 81%]  (Sampling) 
Chain 3 Iteration: 4900 / 6000 [ 81%]  (Sampling) 
Chain 2 Iteration: 4900 / 6000 [ 81%]  (Sampling) 
Chain 1 Iteration: 5000 / 6000 [ 83%]  (Sampling) 
Chain 3 Iteration: 5000 / 6000 [ 83%]  (Sampling) 
Chain 4 Iteration: 5000 / 6000 [ 83%]  (Sampling) 
Chain 2 Iteration: 5000 / 6000 [ 83%]  (Sampling) 
Chain 1 Iteration: 5100 / 6000 [ 85%]  (Sampling) 
Chain 3 Iteration: 5100 / 6000 [ 85%]  (Sampling) 
Chain 4 Iteration: 5100 / 6000 [ 85%]  (Sampling) 
Chain 2 Iteration: 5100 / 6000 [ 85%]  (Sampling) 
Chain 1 Iteration: 5200 / 6000 [ 86%]  (Sampling) 
Chain 3 Iteration: 5200 / 6000 [ 86%]  (Sampling) 
Chain 4 Iteration: 5200 / 6000 [ 86%]  (Sampling) 
Chain 2 Iteration: 5200 / 6000 [ 86%]  (Sampling) 
Chain 1 Iteration: 5300 / 6000 [ 88%]  (Sampling) 
Chain 3 Iteration: 5300 / 6000 [ 88%]  (Sampling) 
Chain 4 Iteration: 5300 / 6000 [ 88%]  (Sampling) 
Chain 2 Iteration: 5300 / 6000 [ 88%]  (Sampling) 
Chain 1 Iteration: 5400 / 6000 [ 90%]  (Sampling) 
Chain 3 Iteration: 5400 / 6000 [ 90%]  (Sampling) 
Chain 4 Iteration: 5400 / 6000 [ 90%]  (Sampling) 
Chain 2 Iteration: 5400 / 6000 [ 90%]  (Sampling) 
Chain 1 Iteration: 5500 / 6000 [ 91%]  (Sampling) 
Chain 3 Iteration: 5500 / 6000 [ 91%]  (Sampling) 
Chain 4 Iteration: 5500 / 6000 [ 91%]  (Sampling) 
Chain 2 Iteration: 5500 / 6000 [ 91%]  (Sampling) 
Chain 1 Iteration: 5600 / 6000 [ 93%]  (Sampling) 
Chain 3 Iteration: 5600 / 6000 [ 93%]  (Sampling) 
Chain 4 Iteration: 5600 / 6000 [ 93%]  (Sampling) 
Chain 2 Iteration: 5600 / 6000 [ 93%]  (Sampling) 
Chain 1 Iteration: 5700 / 6000 [ 95%]  (Sampling) 
Chain 3 Iteration: 5700 / 6000 [ 95%]  (Sampling) 
Chain 4 Iteration: 5700 / 6000 [ 95%]  (Sampling) 
Chain 2 Iteration: 5700 / 6000 [ 95%]  (Sampling) 
Chain 1 Iteration: 5800 / 6000 [ 96%]  (Sampling) 
Chain 3 Iteration: 5800 / 6000 [ 96%]  (Sampling) 
Chain 4 Iteration: 5800 / 6000 [ 96%]  (Sampling) 
Chain 2 Iteration: 5800 / 6000 [ 96%]  (Sampling) 
Chain 1 Iteration: 5900 / 6000 [ 98%]  (Sampling) 
Chain 3 Iteration: 5900 / 6000 [ 98%]  (Sampling) 
Chain 4 Iteration: 5900 / 6000 [ 98%]  (Sampling) 
Chain 2 Iteration: 5900 / 6000 [ 98%]  (Sampling) 
Chain 1 Iteration: 6000 / 6000 [100%]  (Sampling) 
Chain 1 finished in 760.8 seconds.
Chain 3 Iteration: 6000 / 6000 [100%]  (Sampling) 
Chain 3 finished in 762.7 seconds.
Chain 4 Iteration: 6000 / 6000 [100%]  (Sampling) 
Chain 4 finished in 765.8 seconds.
Chain 2 Iteration: 6000 / 6000 [100%]  (Sampling) 
Chain 2 finished in 769.3 seconds.

All 4 chains finished successfully.
Mean chain execution time: 764.6 seconds.
Total execution time: 769.7 seconds.

[1] "Processing draws 1 to 100"
[1] "Chunk time = 55.0916392803192"
[1] "Processing draws 101 to 200"
[1] "Chunk time = 18.6263153553009"
[1] "Processing draws 201 to 300"
[1] "Chunk time = 16.2885699272156"
[1] "Processing draws 301 to 400"
[1] "Chunk time = 16.1734564304352"
[1] "Processing draws 401 to 500"
[1] "Chunk time = 15.8506669998169"
[1] "Processing draws 501 to 600"
[1] "Chunk time = 15.9939119815826"
[1] "Processing draws 601 to 700"
[1] "Chunk time = 15.8250043392181"
[1] "Processing draws 701 to 800"
[1] "Chunk time = 15.9559037685394"
[1] "Processing draws 801 to 900"
[1] "Chunk time = 15.7357225418091"
[1] "Processing draws 901 to 1000"
[1] "Chunk time = 15.9786593914032"
[1] "Processing draws 1001 to 1100"
[1] "Chunk time = 16.4676625728607"
[1] "Processing draws 1101 to 1200"
[1] "Chunk time = 15.9719016551971"
[1] "Processing draws 1201 to 1300"
[1] "Chunk time = 16.7562205791473"
[1] "Processing draws 1301 to 1400"
[1] "Chunk time = 16.637521982193"
[1] "Processing draws 1401 to 1500"
[1] "Chunk time = 16.7857961654663"
[1] "Processing draws 1501 to 1600"
[1] "Chunk time = 16.2181870937347"
[1] "Processing draws 1601 to 1700"
[1] "Chunk time = 16.4440343379974"
[1] "Processing draws 1701 to 1800"
[1] "Chunk time = 16.3153064250946"
[1] "Processing draws 1801 to 1900"
[1] "Chunk time = 16.7318172454834"
[1] "Processing draws 1901 to 2000"
[1] "Chunk time = 16.2832877635956"
[1] "Processing draws 2001 to 2100"
[1] "Chunk time = 16.4549579620361"
[1] "Processing draws 2101 to 2200"
[1] "Chunk time = 16.2997210025787"
[1] "Processing draws 2201 to 2300"
[1] "Chunk time = 16.7369391918182"
[1] "Processing draws 2301 to 2400"
[1] "Chunk time = 16.2590744495392"
[1] "Processing draws 2401 to 2500"
[1] "Chunk time = 16.422479391098"
[1] "Processing draws 2501 to 2600"
[1] "Chunk time = 16.5292971134186"
[1] "Processing draws 2601 to 2700"
[1] "Chunk time = 16.5172681808472"
[1] "Processing draws 2701 to 2800"
[1] "Chunk time = 16.0929386615753"
[1] "Processing draws 2801 to 2900"
[1] "Chunk time = 16.5112645626068"
[1] "Processing draws 2901 to 3000"
[1] "Chunk time = 16.7660820484161"
[1] "Processing draws 3001 to 3100"
[1] "Chunk time = 16.5621790885925"
[1] "Processing draws 3101 to 3200"
[1] "Chunk time = 16.4568083286285"
[1] "Processing draws 3201 to 3300"
[1] "Chunk time = 16.0072999000549"
[1] "Processing draws 3301 to 3400"
[1] "Chunk time = 16.3693089485168"
[1] "Processing draws 3401 to 3500"
[1] "Chunk time = 16.0541050434113"
[1] "Processing draws 3501 to 3600"
[1] "Chunk time = 15.9779281616211"
[1] "Processing draws 3601 to 3700"
[1] "Chunk time = 16.2736201286316"
[1] "Processing draws 3701 to 3800"
[1] "Chunk time = 16.0206253528595"
[1] "Processing draws 3801 to 3900"
[1] "Chunk time = 15.9857289791107"
[1] "Processing draws 3901 to 4000"
[1] "Chunk time = 15.9049174785614"
[1] "Processing draws 4001 to 4100"
[1] "Chunk time = 16.2105493545532"
[1] "Processing draws 4101 to 4200"
[1] "Chunk time = 15.902423620224"
[1] "Processing draws 4201 to 4300"
[1] "Chunk time = 16.2265486717224"
[1] "Processing draws 4301 to 4400"
[1] "Chunk time = 15.8787066936493"
[1] "Processing draws 4401 to 4500"
[1] "Chunk time = 16.191262960434"
[1] "Processing draws 4501 to 4600"
[1] "Chunk time = 15.7872021198273"
[1] "Processing draws 4601 to 4700"
[1] "Chunk time = 16.0001528263092"
[1] "Processing draws 4701 to 4800"
[1] "Chunk time = 16.1158058643341"
[1] "Processing draws 4801 to 4900"
[1] "Chunk time = 15.861786365509"
[1] "Processing draws 4901 to 5000"
[1] "Chunk time = 15.7488226890564"
[1] "Processing draws 5001 to 5100"
[1] "Chunk time = 15.630496263504"
[1] "Processing draws 5101 to 5200"
[1] "Chunk time = 15.8219816684723"
[1] "Processing draws 5201 to 5300"
[1] "Chunk time = 15.6081218719482"
[1] "Processing draws 5301 to 5400"
[1] "Chunk time = 15.7134251594543"
[1] "Processing draws 5401 to 5500"
[1] "Chunk time = 15.5965640544891"
[1] "Processing draws 5501 to 5600"
[1] "Chunk time = 15.8572645187378"
[1] "Processing draws 5601 to 5700"
[1] "Chunk time = 15.7145111560822"
[1] "Processing draws 5701 to 5800"
[1] "Chunk time = 16.5421590805054"
[1] "Processing draws 5801 to 5900"
[1] "Chunk time = 16.4224181175232"
[1] "Processing draws 5901 to 6000"
[1] "Chunk time = 16.9247353076935"
[1] "Processing draws 6001 to 6100"
[1] "Chunk time = 15.9812777042389"
[1] "Processing draws 6101 to 6200"
[1] "Chunk time = 16.2694642543793"
[1] "Processing draws 6201 to 6300"
[1] "Chunk time = 16.2248752117157"
[1] "Processing draws 6301 to 6400"
[1] "Chunk time = 15.8640124797821"
[1] "Processing draws 6401 to 6500"
[1] "Chunk time = 16.1210699081421"
[1] "Processing draws 6501 to 6600"
[1] "Chunk time = 15.9558053016663"
[1] "Processing draws 6601 to 6700"
[1] "Chunk time = 16.250118970871"
[1] "Processing draws 6701 to 6800"
[1] "Chunk time = 15.8918273448944"
[1] "Processing draws 6801 to 6900"
[1] "Chunk time = 16.3239340782166"
[1] "Processing draws 6901 to 7000"
[1] "Chunk time = 15.8177614212036"
[1] "Processing draws 7001 to 7100"
[1] "Chunk time = 16.2132377624512"
[1] "Processing draws 7101 to 7200"
[1] "Chunk time = 16.2551572322845"
[1] "Processing draws 7201 to 7300"
[1] "Chunk time = 16.08575963974"
[1] "Processing draws 7301 to 7400"
[1] "Chunk time = 16.0088834762573"
[1] "Processing draws 7401 to 7500"
[1] "Chunk time = 16.4069619178772"
[1] "Processing draws 7501 to 7600"
[1] "Chunk time = 16.1420152187347"
[1] "Processing draws 7601 to 7700"
[1] "Chunk time = 16.1904900074005"
[1] "Processing draws 7701 to 7800"
[1] "Chunk time = 16.5237967967987"
[1] "Processing draws 7801 to 7900"
[1] "Chunk time = 16.2755856513977"
[1] "Processing draws 7901 to 8000"
[1] "Chunk time = 16.4287633895874"
[1] "Processing draws 8001 to 8100"
[1] "Chunk time = 16.3331761360168"
[1] "Processing draws 8101 to 8200"
[1] "Chunk time = 16.5321118831635"
[1] "Processing draws 8201 to 8300"
[1] "Chunk time = 16.1988246440887"
[1] "Processing draws 8301 to 8400"
[1] "Chunk time = 16.5326354503632"
[1] "Processing draws 8401 to 8500"
[1] "Chunk time = 16.3898751735687"
[1] "Processing draws 8501 to 8600"
[1] "Chunk time = 16.271582365036"
[1] "Processing draws 8601 to 8700"
[1] "Chunk time = 16.2288491725922"
[1] "Processing draws 8701 to 8800"
[1] "Chunk time = 16.6045045852661"
[1] "Processing draws 8801 to 8900"
[1] "Chunk time = 16.8553304672241"
[1] "Processing draws 8901 to 9000"
[1] "Chunk time = 16.4885885715485"
[1] "Processing draws 9001 to 9100"
[1] "Chunk time = 16.7947561740875"
[1] "Processing draws 9101 to 9200"
[1] "Chunk time = 16.591447353363"
[1] "Processing draws 9201 to 9300"
[1] "Chunk time = 16.8969159126282"
[1] "Processing draws 9301 to 9400"
[1] "Chunk time = 16.5718064308167"
[1] "Processing draws 9401 to 9500"
[1] "Chunk time = 16.9658243656158"
[1] "Processing draws 9501 to 9600"
[1] "Chunk time = 16.1033947467804"
[1] "Processing draws 9601 to 9700"
[1] "Chunk time = 16.5071504116058"
[1] "Processing draws 9701 to 9800"
[1] "Chunk time = 16.2561347484589"
[1] "Processing draws 9801 to 9900"
[1] "Chunk time = 16.3662905693054"
[1] "Processing draws 9901 to 10000"
[1] "Chunk time = 16.1897280216217"
[1] "Processing draws 10001 to 10100"
[1] "Chunk time = 16.6408779621124"
[1] "Processing draws 10101 to 10200"
[1] "Chunk time = 16.428243637085"
[1] "Processing draws 10201 to 10300"
[1] "Chunk time = 16.4077031612396"
[1] "Processing draws 10301 to 10400"
[1] "Chunk time = 16.5870320796967"
[1] "Processing draws 10401 to 10500"
[1] "Chunk time = 16.5123286247253"
[1] "Processing draws 10501 to 10600"
[1] "Chunk time = 16.5887835025787"
[1] "Processing draws 10601 to 10700"
[1] "Chunk time = 16.1891903877258"
[1] "Processing draws 10701 to 10800"
[1] "Chunk time = 16.8024241924286"
[1] "Processing draws 10801 to 10900"
[1] "Chunk time = 16.3190155029297"
[1] "Processing draws 10901 to 11000"
[1] "Chunk time = 16.8325717449188"
[1] "Processing draws 11001 to 11100"
[1] "Chunk time = 16.6118757724762"
[1] "Processing draws 11101 to 11200"
[1] "Chunk time = 16.8164675235748"
[1] "Processing draws 11201 to 11300"
[1] "Chunk time = 16.3393561840057"
[1] "Processing draws 11301 to 11400"
[1] "Chunk time = 16.6152396202087"
[1] "Processing draws 11401 to 11500"
[1] "Chunk time = 16.5316617488861"
[1] "Processing draws 11501 to 11600"
[1] "Chunk time = 16.4111695289612"
[1] "Processing draws 11601 to 11700"
[1] "Chunk time = 16.6519920825958"
[1] "Processing draws 11701 to 11800"
[1] "Chunk time = 16.2286195755005"
[1] "Processing draws 11801 to 11900"
[1] "Chunk time = 16.4958474636078"
[1] "Processing draws 11901 to 12000"
[1] "Chunk time = 16.209009885788"
[1] "Processing draws 12001 to 12100"
[1] "Chunk time = 16.8801417350769"
[1] "Processing draws 12101 to 12200"
[1] "Chunk time = 16.2929973602295"
[1] "Processing draws 12201 to 12300"
[1] "Chunk time = 16.598664522171"
[1] "Processing draws 12301 to 12400"
[1] "Chunk time = 16.4087569713593"
[1] "Processing draws 12401 to 12500"
[1] "Chunk time = 16.400141954422"
[1] "Processing draws 12501 to 12600"
[1] "Chunk time = 16.2765412330627"
[1] "Processing draws 12601 to 12700"
[1] "Chunk time = 16.7617611885071"
[1] "Processing draws 12701 to 12800"
[1] "Chunk time = 16.5007226467133"
[1] "Processing draws 12801 to 12900"
[1] "Chunk time = 16.2264769077301"
[1] "Processing draws 12901 to 13000"
[1] "Chunk time = 16.617564201355"
[1] "Processing draws 13001 to 13100"
[1] "Chunk time = 16.4243154525757"
[1] "Processing draws 13101 to 13200"
[1] "Chunk time = 16.5071175098419"
[1] "Processing draws 13201 to 13300"
[1] "Chunk time = 16.1497595310211"
[1] "Processing draws 13301 to 13400"
[1] "Chunk time = 16.5970764160156"
[1] "Processing draws 13401 to 13500"
[1] "Chunk time = 16.5439782142639"
[1] "Processing draws 13501 to 13600"
[1] "Chunk time = 16.4013111591339"
[1] "Processing draws 13601 to 13700"
[1] "Chunk time = 16.3565499782562"
[1] "Processing draws 13701 to 13800"
[1] "Chunk time = 16.5208592414856"
[1] "Processing draws 13801 to 13900"
[1] "Chunk time = 16.359053850174"
[1] "Processing draws 13901 to 14000"
[1] "Chunk time = 16.6314079761505"
[1] "Processing draws 14001 to 14100"
[1] "Chunk time = 16.6472899913788"
[1] "Processing draws 14101 to 14200"
[1] "Chunk time = 15.8235840797424"
[1] "Processing draws 14201 to 14300"
[1] "Chunk time = 16.2446165084839"
[1] "Processing draws 14301 to 14400"
[1] "Chunk time = 16.0017561912537"
[1] "Processing draws 14401 to 14500"
[1] "Chunk time = 16.3413333892822"
[1] "Processing draws 14501 to 14600"
[1] "Chunk time = 16.0094954967499"
[1] "Processing draws 14601 to 14700"
[1] "Chunk time = 16.4060301780701"
[1] "Processing draws 14701 to 14800"
[1] "Chunk time = 15.9745373725891"
[1] "Processing draws 14801 to 14900"
[1] "Chunk time = 16.43252825737"
[1] "Processing draws 14901 to 15000"
[1] "Chunk time = 16.1633408069611"
[1] "Processing draws 15001 to 15100"
[1] "Chunk time = 16.1305060386658"
[1] "Processing draws 15101 to 15200"
[1] "Chunk time = 16.1439788341522"
[1] "Processing draws 15201 to 15300"
[1] "Chunk time = 16.3881366252899"
[1] "Processing draws 15301 to 15400"
[1] "Chunk time = 16.2397830486298"
[1] "Processing draws 15401 to 15500"
[1] "Chunk time = 15.9965491294861"
[1] "Processing draws 15501 to 15600"
[1] "Chunk time = 16.4289274215698"
[1] "Processing draws 15601 to 15700"
[1] "Chunk time = 16.2451410293579"
[1] "Processing draws 15701 to 15800"
[1] "Chunk time = 16.2009193897247"
[1] "Processing draws 15801 to 15900"
[1] "Chunk time = 16.2239699363708"
[1] "Processing draws 15901 to 16000"
[1] "Chunk time = 16.4583368301392"
[1] "Processing draws 16001 to 16100"
[1] "Chunk time = 16.81147813797"
[1] "Processing draws 16101 to 16200"
[1] "Chunk time = 16.7904369831085"
[1] "Processing draws 16201 to 16300"
[1] "Chunk time = 16.6384131908417"
[1] "Processing draws 16301 to 16400"
[1] "Chunk time = 20.4563052654266"
[1] "Processing draws 16401 to 16500"
[1] "Chunk time = 16.1033358573914"
[1] "Processing draws 16501 to 16600"
[1] "Chunk time = 16.4881064891815"
[1] "Processing draws 16601 to 16700"
[1] "Chunk time = 16.375715970993"
[1] "Processing draws 16701 to 16800"
[1] "Chunk time = 16.010329246521"
[1] "Processing draws 16801 to 16900"
[1] "Chunk time = 16.2285895347595"
[1] "Processing draws 16901 to 17000"
[1] "Chunk time = 16.6582324504852"
[1] "Processing draws 17001 to 17100"
[1] "Chunk time = 16.9099941253662"
[1] "Processing draws 17101 to 17200"
[1] "Chunk time = 16.6986553668976"
[1] "Processing draws 17201 to 17300"
[1] "Chunk time = 16.6516447067261"
[1] "Processing draws 17301 to 17400"
[1] "Chunk time = 16.3286590576172"
[1] "Processing draws 17401 to 17500"
[1] "Chunk time = 16.3628487586975"
[1] "Processing draws 17501 to 17600"
[1] "Chunk time = 16.8987333774567"
[1] "Processing draws 17601 to 17700"
[1] "Chunk time = 16.1638793945312"
[1] "Processing draws 17701 to 17800"
[1] "Chunk time = 16.2392461299896"
[1] "Processing draws 17801 to 17900"
[1] "Chunk time = 16.4724328517914"
[1] "Processing draws 17901 to 18000"
[1] "Chunk time = 16.4076280593872"
[1] "Processing draws 18001 to 18100"
[1] "Chunk time = 15.9977626800537"
[1] "Processing draws 18101 to 18200"
[1] "Chunk time = 16.4792287349701"
[1] "Processing draws 18201 to 18300"
[1] "Chunk time = 16.3311252593994"
[1] "Processing draws 18301 to 18400"
[1] "Chunk time = 16.2523999214172"
[1] "Processing draws 18401 to 18500"
[1] "Chunk time = 16.2713401317596"
[1] "Processing draws 18501 to 18600"
[1] "Chunk time = 16.5181267261505"
[1] "Processing draws 18601 to 18700"
[1] "Chunk time = 16.2273910045624"
[1] "Processing draws 18701 to 18800"
[1] "Chunk time = 16.1029801368713"
[1] "Processing draws 18801 to 18900"
[1] "Chunk time = 15.8481900691986"
[1] "Processing draws 18901 to 19000"
[1] "Chunk time = 16.0544283390045"
[1] "Processing draws 19001 to 19100"
[1] "Chunk time = 15.8511471748352"
[1] "Processing draws 19101 to 19200"
[1] "Chunk time = 16.2494833469391"
[1] "Processing draws 19201 to 19300"
[1] "Chunk time = 16.1343610286713"
[1] "Processing draws 19301 to 19400"
[1] "Chunk time = 16.4236433506012"
[1] "Processing draws 19401 to 19500"
[1] "Chunk time = 16.5818674564362"
[1] "Processing draws 19501 to 19600"
[1] "Chunk time = 15.9182260036469"
[1] "Processing draws 19601 to 19700"
[1] "Chunk time = 16.257908821106"
[1] "Processing draws 19701 to 19800"
[1] "Chunk time = 15.9146687984467"
[1] "Processing draws 19801 to 19900"
[1] "Chunk time = 16.245010137558"
[1] "Processing draws 19901 to 20000"
[1] "Chunk time = 16.5033292770386"
[1] "done lapplying"
[1] "Saving current params"
[1] "Saving params to output.rds"
[1] TRUE
