[1] "Starting sampling."
Running MCMC with 4 parallel chains, with 4 thread(s) per chain...

Chain 1 Iteration:    1 / 6000 [  0%]  (Warmup) 
Chain 2 Iteration:    1 / 6000 [  0%]  (Warmup) 
Chain 3 Iteration:    1 / 6000 [  0%]  (Warmup) 
Chain 4 Iteration:    1 / 6000 [  0%]  (Warmup) 
Chain 1 Iteration:  100 / 6000 [  1%]  (Warmup) 
Chain 3 Iteration:  100 / 6000 [  1%]  (Warmup) 
Chain 4 Iteration:  100 / 6000 [  1%]  (Warmup) 
Chain 2 Iteration:  100 / 6000 [  1%]  (Warmup) 
Chain 1 Iteration:  200 / 6000 [  3%]  (Warmup) 
Chain 3 Iteration:  200 / 6000 [  3%]  (Warmup) 
Chain 2 Iteration:  200 / 6000 [  3%]  (Warmup) 
Chain 4 Iteration:  200 / 6000 [  3%]  (Warmup) 
Chain 1 Iteration:  300 / 6000 [  5%]  (Warmup) 
Chain 3 Iteration:  300 / 6000 [  5%]  (Warmup) 
Chain 2 Iteration:  300 / 6000 [  5%]  (Warmup) 
Chain 4 Iteration:  300 / 6000 [  5%]  (Warmup) 
Chain 3 Iteration:  400 / 6000 [  6%]  (Warmup) 
Chain 2 Iteration:  400 / 6000 [  6%]  (Warmup) 
Chain 4 Iteration:  400 / 6000 [  6%]  (Warmup) 
Chain 1 Iteration:  400 / 6000 [  6%]  (Warmup) 
Chain 3 Iteration:  500 / 6000 [  8%]  (Warmup) 
Chain 2 Iteration:  500 / 6000 [  8%]  (Warmup) 
Chain 4 Iteration:  500 / 6000 [  8%]  (Warmup) 
Chain 1 Iteration:  500 / 6000 [  8%]  (Warmup) 
Chain 2 Iteration:  600 / 6000 [ 10%]  (Warmup) 
Chain 3 Iteration:  600 / 6000 [ 10%]  (Warmup) 
Chain 4 Iteration:  600 / 6000 [ 10%]  (Warmup) 
Chain 1 Iteration:  600 / 6000 [ 10%]  (Warmup) 
Chain 3 Iteration:  700 / 6000 [ 11%]  (Warmup) 
Chain 2 Iteration:  700 / 6000 [ 11%]  (Warmup) 
Chain 4 Iteration:  700 / 6000 [ 11%]  (Warmup) 
Chain 1 Iteration:  700 / 6000 [ 11%]  (Warmup) 
Chain 3 Iteration:  800 / 6000 [ 13%]  (Warmup) 
Chain 2 Iteration:  800 / 6000 [ 13%]  (Warmup) 
Chain 4 Iteration:  800 / 6000 [ 13%]  (Warmup) 
Chain 1 Iteration:  800 / 6000 [ 13%]  (Warmup) 
Chain 3 Iteration:  900 / 6000 [ 15%]  (Warmup) 
Chain 2 Iteration:  900 / 6000 [ 15%]  (Warmup) 
Chain 4 Iteration:  900 / 6000 [ 15%]  (Warmup) 
Chain 1 Iteration:  900 / 6000 [ 15%]  (Warmup) 
Chain 3 Iteration: 1000 / 6000 [ 16%]  (Warmup) 
Chain 3 Iteration: 1001 / 6000 [ 16%]  (Sampling) 
Chain 2 Iteration: 1000 / 6000 [ 16%]  (Warmup) 
Chain 2 Iteration: 1001 / 6000 [ 16%]  (Sampling) 
Chain 4 Iteration: 1000 / 6000 [ 16%]  (Warmup) 
Chain 4 Iteration: 1001 / 6000 [ 16%]  (Sampling) 
Chain 1 Iteration: 1000 / 6000 [ 16%]  (Warmup) 
Chain 1 Iteration: 1001 / 6000 [ 16%]  (Sampling) 
Chain 3 Iteration: 1100 / 6000 [ 18%]  (Sampling) 
Chain 2 Iteration: 1100 / 6000 [ 18%]  (Sampling) 
Chain 4 Iteration: 1100 / 6000 [ 18%]  (Sampling) 
Chain 1 Iteration: 1100 / 6000 [ 18%]  (Sampling) 
Chain 3 Iteration: 1200 / 6000 [ 20%]  (Sampling) 
Chain 2 Iteration: 1200 / 6000 [ 20%]  (Sampling) 
Chain 4 Iteration: 1200 / 6000 [ 20%]  (Sampling) 
Chain 1 Iteration: 1200 / 6000 [ 20%]  (Sampling) 
Chain 3 Iteration: 1300 / 6000 [ 21%]  (Sampling) 
Chain 4 Iteration: 1300 / 6000 [ 21%]  (Sampling) 
Chain 2 Iteration: 1300 / 6000 [ 21%]  (Sampling) 
Chain 1 Iteration: 1300 / 6000 [ 21%]  (Sampling) 
Chain 4 Iteration: 1400 / 6000 [ 23%]  (Sampling) 
Chain 3 Iteration: 1400 / 6000 [ 23%]  (Sampling) 
Chain 1 Iteration: 1400 / 6000 [ 23%]  (Sampling) 
Chain 2 Iteration: 1400 / 6000 [ 23%]  (Sampling) 
Chain 1 Iteration: 1500 / 6000 [ 25%]  (Sampling) 
Chain 4 Iteration: 1500 / 6000 [ 25%]  (Sampling) 
Chain 3 Iteration: 1500 / 6000 [ 25%]  (Sampling) 
Chain 2 Iteration: 1500 / 6000 [ 25%]  (Sampling) 
Chain 1 Iteration: 1600 / 6000 [ 26%]  (Sampling) 
Chain 4 Iteration: 1600 / 6000 [ 26%]  (Sampling) 
Chain 1 Iteration: 1700 / 6000 [ 28%]  (Sampling) 
Chain 3 Iteration: 1600 / 6000 [ 26%]  (Sampling) 
Chain 2 Iteration: 1600 / 6000 [ 26%]  (Sampling) 
Chain 4 Iteration: 1700 / 6000 [ 28%]  (Sampling) 
Chain 1 Iteration: 1800 / 6000 [ 30%]  (Sampling) 
Chain 3 Iteration: 1700 / 6000 [ 28%]  (Sampling) 
Chain 2 Iteration: 1700 / 6000 [ 28%]  (Sampling) 
Chain 4 Iteration: 1800 / 6000 [ 30%]  (Sampling) 
Chain 1 Iteration: 1900 / 6000 [ 31%]  (Sampling) 
Chain 3 Iteration: 1800 / 6000 [ 30%]  (Sampling) 
Chain 2 Iteration: 1800 / 6000 [ 30%]  (Sampling) 
Chain 4 Iteration: 1900 / 6000 [ 31%]  (Sampling) 
Chain 1 Iteration: 2000 / 6000 [ 33%]  (Sampling) 
Chain 3 Iteration: 1900 / 6000 [ 31%]  (Sampling) 
Chain 1 Iteration: 2100 / 6000 [ 35%]  (Sampling) 
Chain 2 Iteration: 1900 / 6000 [ 31%]  (Sampling) 
Chain 4 Iteration: 2000 / 6000 [ 33%]  (Sampling) 
Chain 1 Iteration: 2200 / 6000 [ 36%]  (Sampling) 
Chain 3 Iteration: 2000 / 6000 [ 33%]  (Sampling) 
Chain 4 Iteration: 2100 / 6000 [ 35%]  (Sampling) 
Chain 2 Iteration: 2000 / 6000 [ 33%]  (Sampling) 
Chain 1 Iteration: 2300 / 6000 [ 38%]  (Sampling) 
Chain 3 Iteration: 2100 / 6000 [ 35%]  (Sampling) 
Chain 4 Iteration: 2200 / 6000 [ 36%]  (Sampling) 
Chain 2 Iteration: 2100 / 6000 [ 35%]  (Sampling) 
Chain 1 Iteration: 2400 / 6000 [ 40%]  (Sampling) 
Chain 4 Iteration: 2300 / 6000 [ 38%]  (Sampling) 
Chain 1 Iteration: 2500 / 6000 [ 41%]  (Sampling) 
Chain 3 Iteration: 2200 / 6000 [ 36%]  (Sampling) 
Chain 2 Iteration: 2200 / 6000 [ 36%]  (Sampling) 
Chain 1 Iteration: 2600 / 6000 [ 43%]  (Sampling) 
Chain 4 Iteration: 2400 / 6000 [ 40%]  (Sampling) 
Chain 3 Iteration: 2300 / 6000 [ 38%]  (Sampling) 
Chain 2 Iteration: 2300 / 6000 [ 38%]  (Sampling) 
Chain 1 Iteration: 2700 / 6000 [ 45%]  (Sampling) 
Chain 4 Iteration: 2500 / 6000 [ 41%]  (Sampling) 
Chain 3 Iteration: 2400 / 6000 [ 40%]  (Sampling) 
Chain 2 Iteration: 2400 / 6000 [ 40%]  (Sampling) 
Chain 1 Iteration: 2800 / 6000 [ 46%]  (Sampling) 
Chain 4 Iteration: 2600 / 6000 [ 43%]  (Sampling) 
Chain 3 Iteration: 2500 / 6000 [ 41%]  (Sampling) 
Chain 1 Iteration: 2900 / 6000 [ 48%]  (Sampling) 
Chain 2 Iteration: 2500 / 6000 [ 41%]  (Sampling) 
Chain 4 Iteration: 2700 / 6000 [ 45%]  (Sampling) 
Chain 1 Iteration: 3000 / 6000 [ 50%]  (Sampling) 
Chain 3 Iteration: 2600 / 6000 [ 43%]  (Sampling) 
Chain 2 Iteration: 2600 / 6000 [ 43%]  (Sampling) 
Chain 4 Iteration: 2800 / 6000 [ 46%]  (Sampling) 
Chain 1 Iteration: 3100 / 6000 [ 51%]  (Sampling) 
Chain 3 Iteration: 2700 / 6000 [ 45%]  (Sampling) 
Chain 2 Iteration: 2700 / 6000 [ 45%]  (Sampling) 
Chain 4 Iteration: 2900 / 6000 [ 48%]  (Sampling) 
Chain 1 Iteration: 3200 / 6000 [ 53%]  (Sampling) 
Chain 3 Iteration: 2800 / 6000 [ 46%]  (Sampling) 
Chain 2 Iteration: 2800 / 6000 [ 46%]  (Sampling) 
Chain 4 Iteration: 3000 / 6000 [ 50%]  (Sampling) 
Chain 1 Iteration: 3300 / 6000 [ 55%]  (Sampling) 
Chain 1 Iteration: 3400 / 6000 [ 56%]  (Sampling) 
Chain 3 Iteration: 2900 / 6000 [ 48%]  (Sampling) 
Chain 4 Iteration: 3100 / 6000 [ 51%]  (Sampling) 
Chain 2 Iteration: 2900 / 6000 [ 48%]  (Sampling) 
Chain 1 Iteration: 3500 / 6000 [ 58%]  (Sampling) 
Chain 4 Iteration: 3200 / 6000 [ 53%]  (Sampling) 
Chain 3 Iteration: 3000 / 6000 [ 50%]  (Sampling) 
Chain 2 Iteration: 3000 / 6000 [ 50%]  (Sampling) 
Chain 1 Iteration: 3600 / 6000 [ 60%]  (Sampling) 
Chain 4 Iteration: 3300 / 6000 [ 55%]  (Sampling) 
Chain 3 Iteration: 3100 / 6000 [ 51%]  (Sampling) 
Chain 1 Iteration: 3700 / 6000 [ 61%]  (Sampling) 
Chain 2 Iteration: 3100 / 6000 [ 51%]  (Sampling) 
Chain 1 Iteration: 3800 / 6000 [ 63%]  (Sampling) 
Chain 4 Iteration: 3400 / 6000 [ 56%]  (Sampling) 
Chain 3 Iteration: 3200 / 6000 [ 53%]  (Sampling) 
Chain 2 Iteration: 3200 / 6000 [ 53%]  (Sampling) 
Chain 1 Iteration: 3900 / 6000 [ 65%]  (Sampling) 
Chain 4 Iteration: 3500 / 6000 [ 58%]  (Sampling) 
Chain 3 Iteration: 3300 / 6000 [ 55%]  (Sampling) 
Chain 2 Iteration: 3300 / 6000 [ 55%]  (Sampling) 
Chain 1 Iteration: 4000 / 6000 [ 66%]  (Sampling) 
Chain 4 Iteration: 3600 / 6000 [ 60%]  (Sampling) 
Chain 1 Iteration: 4100 / 6000 [ 68%]  (Sampling) 
Chain 3 Iteration: 3400 / 6000 [ 56%]  (Sampling) 
Chain 2 Iteration: 3400 / 6000 [ 56%]  (Sampling) 
Chain 4 Iteration: 3700 / 6000 [ 61%]  (Sampling) 
Chain 1 Iteration: 4200 / 6000 [ 70%]  (Sampling) 
Chain 3 Iteration: 3500 / 6000 [ 58%]  (Sampling) 
Chain 2 Iteration: 3500 / 6000 [ 58%]  (Sampling) 
Chain 4 Iteration: 3800 / 6000 [ 63%]  (Sampling) 
Chain 1 Iteration: 4300 / 6000 [ 71%]  (Sampling) 
Chain 3 Iteration: 3600 / 6000 [ 60%]  (Sampling) 
Chain 2 Iteration: 3600 / 6000 [ 60%]  (Sampling) 
Chain 4 Iteration: 3900 / 6000 [ 65%]  (Sampling) 
Chain 1 Iteration: 4400 / 6000 [ 73%]  (Sampling) 
Chain 1 Iteration: 4500 / 6000 [ 75%]  (Sampling) 
Chain 4 Iteration: 4000 / 6000 [ 66%]  (Sampling) 
Chain 3 Iteration: 3700 / 6000 [ 61%]  (Sampling) 
Chain 2 Iteration: 3700 / 6000 [ 61%]  (Sampling) 
Chain 1 Iteration: 4600 / 6000 [ 76%]  (Sampling) 
Chain 4 Iteration: 4100 / 6000 [ 68%]  (Sampling) 
Chain 3 Iteration: 3800 / 6000 [ 63%]  (Sampling) 
Chain 2 Iteration: 3800 / 6000 [ 63%]  (Sampling) 
Chain 1 Iteration: 4700 / 6000 [ 78%]  (Sampling) 
Chain 4 Iteration: 4200 / 6000 [ 70%]  (Sampling) 
Chain 3 Iteration: 3900 / 6000 [ 65%]  (Sampling) 
Chain 2 Iteration: 3900 / 6000 [ 65%]  (Sampling) 
Chain 1 Iteration: 4800 / 6000 [ 80%]  (Sampling) 
Chain 4 Iteration: 4300 / 6000 [ 71%]  (Sampling) 
Chain 1 Iteration: 4900 / 6000 [ 81%]  (Sampling) 
Chain 3 Iteration: 4000 / 6000 [ 66%]  (Sampling) 
Chain 2 Iteration: 4000 / 6000 [ 66%]  (Sampling) 
Chain 4 Iteration: 4400 / 6000 [ 73%]  (Sampling) 
Chain 1 Iteration: 5000 / 6000 [ 83%]  (Sampling) 
Chain 3 Iteration: 4100 / 6000 [ 68%]  (Sampling) 
Chain 2 Iteration: 4100 / 6000 [ 68%]  (Sampling) 
Chain 1 Iteration: 5100 / 6000 [ 85%]  (Sampling) 
Chain 4 Iteration: 4500 / 6000 [ 75%]  (Sampling) 
Chain 3 Iteration: 4200 / 6000 [ 70%]  (Sampling) 
Chain 2 Iteration: 4200 / 6000 [ 70%]  (Sampling) 
Chain 1 Iteration: 5200 / 6000 [ 86%]  (Sampling) 
Chain 4 Iteration: 4600 / 6000 [ 76%]  (Sampling) 
Chain 3 Iteration: 4300 / 6000 [ 71%]  (Sampling) 
Chain 1 Iteration: 5300 / 6000 [ 88%]  (Sampling) 
Chain 2 Iteration: 4300 / 6000 [ 71%]  (Sampling) 
Chain 4 Iteration: 4700 / 6000 [ 78%]  (Sampling) 
Chain 1 Iteration: 5400 / 6000 [ 90%]  (Sampling) 
Chain 3 Iteration: 4400 / 6000 [ 73%]  (Sampling) 
Chain 2 Iteration: 4400 / 6000 [ 73%]  (Sampling) 
Chain 4 Iteration: 4800 / 6000 [ 80%]  (Sampling) 
Chain 1 Iteration: 5500 / 6000 [ 91%]  (Sampling) 
Chain 4 Iteration: 4900 / 6000 [ 81%]  (Sampling) 
Chain 3 Iteration: 4500 / 6000 [ 75%]  (Sampling) 
Chain 2 Iteration: 4500 / 6000 [ 75%]  (Sampling) 
Chain 1 Iteration: 5600 / 6000 [ 93%]  (Sampling) 
Chain 4 Iteration: 5000 / 6000 [ 83%]  (Sampling) 
Chain 3 Iteration: 4600 / 6000 [ 76%]  (Sampling) 
Chain 2 Iteration: 4600 / 6000 [ 76%]  (Sampling) 
Chain 1 Iteration: 5700 / 6000 [ 95%]  (Sampling) 
Chain 4 Iteration: 5100 / 6000 [ 85%]  (Sampling) 
Chain 3 Iteration: 4700 / 6000 [ 78%]  (Sampling) 
Chain 1 Iteration: 5800 / 6000 [ 96%]  (Sampling) 
Chain 2 Iteration: 4700 / 6000 [ 78%]  (Sampling) 
Chain 4 Iteration: 5200 / 6000 [ 86%]  (Sampling) 
Chain 1 Iteration: 5900 / 6000 [ 98%]  (Sampling) 
Chain 3 Iteration: 4800 / 6000 [ 80%]  (Sampling) 
Chain 2 Iteration: 4800 / 6000 [ 80%]  (Sampling) 
Chain 1 Iteration: 6000 / 6000 [100%]  (Sampling) 
Chain 4 Iteration: 5300 / 6000 [ 88%]  (Sampling) 
Chain 1 finished in 3576.8 seconds.
Chain 3 Iteration: 4900 / 6000 [ 81%]  (Sampling) 
Chain 2 Iteration: 4900 / 6000 [ 81%]  (Sampling) 
Chain 4 Iteration: 5400 / 6000 [ 90%]  (Sampling) 
Chain 3 Iteration: 5000 / 6000 [ 83%]  (Sampling) 
Chain 2 Iteration: 5000 / 6000 [ 83%]  (Sampling) 
Chain 4 Iteration: 5500 / 6000 [ 91%]  (Sampling) 
Chain 3 Iteration: 5100 / 6000 [ 85%]  (Sampling) 
Chain 2 Iteration: 5100 / 6000 [ 85%]  (Sampling) 
Chain 4 Iteration: 5600 / 6000 [ 93%]  (Sampling) 
Chain 3 Iteration: 5200 / 6000 [ 86%]  (Sampling) 
Chain 2 Iteration: 5200 / 6000 [ 86%]  (Sampling) 
Chain 4 Iteration: 5700 / 6000 [ 95%]  (Sampling) 
Chain 3 Iteration: 5300 / 6000 [ 88%]  (Sampling) 
Chain 4 Iteration: 5800 / 6000 [ 96%]  (Sampling) 
Chain 2 Iteration: 5300 / 6000 [ 88%]  (Sampling) 
Chain 4 Iteration: 5900 / 6000 [ 98%]  (Sampling) 
Chain 3 Iteration: 5400 / 6000 [ 90%]  (Sampling) 
Chain 2 Iteration: 5400 / 6000 [ 90%]  (Sampling) 
Chain 4 Iteration: 6000 / 6000 [100%]  (Sampling) 
Chain 4 finished in 4003.1 seconds.
Chain 3 Iteration: 5500 / 6000 [ 91%]  (Sampling) 
Chain 2 Iteration: 5500 / 6000 [ 91%]  (Sampling) 
Chain 3 Iteration: 5600 / 6000 [ 93%]  (Sampling) 
Chain 2 Iteration: 5600 / 6000 [ 93%]  (Sampling) 
Chain 3 Iteration: 5700 / 6000 [ 95%]  (Sampling) 
Chain 2 Iteration: 5700 / 6000 [ 95%]  (Sampling) 
Chain 3 Iteration: 5800 / 6000 [ 96%]  (Sampling) 
Chain 2 Iteration: 5800 / 6000 [ 96%]  (Sampling) 
Chain 3 Iteration: 5900 / 6000 [ 98%]  (Sampling) 
Chain 2 Iteration: 5900 / 6000 [ 98%]  (Sampling) 
Chain 3 Iteration: 6000 / 6000 [100%]  (Sampling) 
Chain 3 finished in 4332.1 seconds.
Chain 2 Iteration: 6000 / 6000 [100%]  (Sampling) 
Chain 2 finished in 4335.4 seconds.

All 4 chains finished successfully.
Mean chain execution time: 4061.8 seconds.
Total execution time: 4335.7 seconds.

[1] "Processing draws 1 to 100"
[1] "Chunk time = 50.3371725082397"
[1] "Processing draws 101 to 200"
[1] "Chunk time = 15.9926147460938"
[1] "Processing draws 201 to 300"
[1] "Chunk time = 14.7169923782349"
[1] "Processing draws 301 to 400"
[1] "Chunk time = 15.3378551006317"
[1] "Processing draws 401 to 500"
[1] "Chunk time = 14.4842658042908"
[1] "Processing draws 501 to 600"
[1] "Chunk time = 14.3136773109436"
[1] "Processing draws 601 to 700"
[1] "Chunk time = 14.0322773456573"
[1] "Processing draws 701 to 800"
[1] "Chunk time = 14.0172872543335"
[1] "Processing draws 801 to 900"
[1] "Chunk time = 13.6746628284454"
[1] "Processing draws 901 to 1000"
[1] "Chunk time = 13.942263841629"
[1] "Processing draws 1001 to 1100"
[1] "Chunk time = 13.7882988452911"
[1] "Processing draws 1101 to 1200"
[1] "Chunk time = 13.9860317707062"
[1] "Processing draws 1201 to 1300"
[1] "Chunk time = 13.9912695884705"
[1] "Processing draws 1301 to 1400"
[1] "Chunk time = 13.8197948932648"
[1] "Processing draws 1401 to 1500"
[1] "Chunk time = 14.0638434886932"
[1] "Processing draws 1501 to 1600"
[1] "Chunk time = 13.7535846233368"
[1] "Processing draws 1601 to 1700"
[1] "Chunk time = 14.0247931480408"
[1] "Processing draws 1701 to 1800"
[1] "Chunk time = 13.6308124065399"
[1] "Processing draws 1801 to 1900"
[1] "Chunk time = 13.7274181842804"
[1] "Processing draws 1901 to 2000"
[1] "Chunk time = 13.7475965023041"
[1] "Processing draws 2001 to 2100"
[1] "Chunk time = 13.7264349460602"
[1] "Processing draws 2101 to 2200"
[1] "Chunk time = 13.6230704784393"
[1] "Processing draws 2201 to 2300"
[1] "Chunk time = 13.7818224430084"
[1] "Processing draws 2301 to 2400"
[1] "Chunk time = 13.5924596786499"
[1] "Processing draws 2401 to 2500"
[1] "Chunk time = 13.7004473209381"
[1] "Processing draws 2501 to 2600"
[1] "Chunk time = 13.791312456131"
[1] "Processing draws 2601 to 2700"
[1] "Chunk time = 13.6999523639679"
[1] "Processing draws 2701 to 2800"
[1] "Chunk time = 13.9029603004456"
[1] "Processing draws 2801 to 2900"
[1] "Chunk time = 13.7606444358826"
[1] "Processing draws 2901 to 3000"
[1] "Chunk time = 13.7262489795685"
[1] "Processing draws 3001 to 3100"
[1] "Chunk time = 13.7067160606384"
[1] "Processing draws 3101 to 3200"
[1] "Chunk time = 13.7923426628113"
[1] "Processing draws 3201 to 3300"
[1] "Chunk time = 13.8810129165649"
[1] "Processing draws 3301 to 3400"
[1] "Chunk time = 13.8115990161896"
[1] "Processing draws 3401 to 3500"
[1] "Chunk time = 13.9450376033783"
[1] "Processing draws 3501 to 3600"
[1] "Chunk time = 13.6725323200226"
[1] "Processing draws 3601 to 3700"
[1] "Chunk time = 13.7652566432953"
[1] "Processing draws 3701 to 3800"
[1] "Chunk time = 13.7542715072632"
[1] "Processing draws 3801 to 3900"
[1] "Chunk time = 13.8340721130371"
[1] "Processing draws 3901 to 4000"
[1] "Chunk time = 13.6425631046295"
[1] "Processing draws 4001 to 4100"
[1] "Chunk time = 13.7970802783966"
[1] "Processing draws 4101 to 4200"
[1] "Chunk time = 13.8382318019867"
[1] "Processing draws 4201 to 4300"
[1] "Chunk time = 13.7451605796814"
[1] "Processing draws 4301 to 4400"
[1] "Chunk time = 13.9098999500275"
[1] "Processing draws 4401 to 4500"
[1] "Chunk time = 13.8236389160156"
[1] "Processing draws 4501 to 4600"
[1] "Chunk time = 13.8328461647034"
[1] "Processing draws 4601 to 4700"
[1] "Chunk time = 13.8205654621124"
[1] "Processing draws 4701 to 4800"
[1] "Chunk time = 13.8659117221832"
[1] "Processing draws 4801 to 4900"
[1] "Chunk time = 13.8347008228302"
[1] "Processing draws 4901 to 5000"
[1] "Chunk time = 13.8249087333679"
[1] "Processing draws 5001 to 5100"
[1] "Chunk time = 13.8883171081543"
[1] "Processing draws 5101 to 5200"
[1] "Chunk time = 13.9236214160919"
[1] "Processing draws 5201 to 5300"
[1] "Chunk time = 13.7872905731201"
[1] "Processing draws 5301 to 5400"
[1] "Chunk time = 14.0878880023956"
[1] "Processing draws 5401 to 5500"
[1] "Chunk time = 13.8665747642517"
[1] "Processing draws 5501 to 5600"
[1] "Chunk time = 13.7682478427887"
[1] "Processing draws 5601 to 5700"
[1] "Chunk time = 14.1612250804901"
[1] "Processing draws 5701 to 5800"
[1] "Chunk time = 13.8210661411285"
[1] "Processing draws 5801 to 5900"
[1] "Chunk time = 14.0048570632935"
[1] "Processing draws 5901 to 6000"
[1] "Chunk time = 13.6179695129395"
[1] "Processing draws 6001 to 6100"
[1] "Chunk time = 14.0706672668457"
[1] "Processing draws 6101 to 6200"
[1] "Chunk time = 13.8041243553162"
[1] "Processing draws 6201 to 6300"
[1] "Chunk time = 13.9047915935516"
[1] "Processing draws 6301 to 6400"
[1] "Chunk time = 13.8990428447723"
[1] "Processing draws 6401 to 6500"
[1] "Chunk time = 13.9808006286621"
[1] "Processing draws 6501 to 6600"
[1] "Chunk time = 13.8082156181335"
[1] "Processing draws 6601 to 6700"
[1] "Chunk time = 13.7779684066772"
[1] "Processing draws 6701 to 6800"
[1] "Chunk time = 13.4579877853394"
[1] "Processing draws 6801 to 6900"
[1] "Chunk time = 13.6623182296753"
[1] "Processing draws 6901 to 7000"
[1] "Chunk time = 13.6514523029327"
[1] "Processing draws 7001 to 7100"
[1] "Chunk time = 13.6380634307861"
[1] "Processing draws 7101 to 7200"
[1] "Chunk time = 13.6789808273315"
[1] "Processing draws 7201 to 7300"
[1] "Chunk time = 13.833571434021"
[1] "Processing draws 7301 to 7400"
[1] "Chunk time = 13.9037594795227"
[1] "Processing draws 7401 to 7500"
[1] "Chunk time = 13.5709114074707"
[1] "Processing draws 7501 to 7600"
[1] "Chunk time = 13.8701870441437"
[1] "Processing draws 7601 to 7700"
[1] "Chunk time = 13.7442197799683"
[1] "Processing draws 7701 to 7800"
[1] "Chunk time = 13.9856383800507"
[1] "Processing draws 7801 to 7900"
[1] "Chunk time = 13.8586311340332"
[1] "Processing draws 7901 to 8000"
[1] "Chunk time = 13.9055044651031"
[1] "Processing draws 8001 to 8100"
[1] "Chunk time = 13.7797584533691"
[1] "Processing draws 8101 to 8200"
[1] "Chunk time = 13.7402377128601"
[1] "Processing draws 8201 to 8300"
[1] "Chunk time = 13.8587265014648"
[1] "Processing draws 8301 to 8400"
[1] "Chunk time = 13.9496805667877"
[1] "Processing draws 8401 to 8500"
[1] "Chunk time = 13.9368925094604"
[1] "Processing draws 8501 to 8600"
[1] "Chunk time = 13.790577173233"
[1] "Processing draws 8601 to 8700"
[1] "Chunk time = 13.95587682724"
[1] "Processing draws 8701 to 8800"
[1] "Chunk time = 13.7919726371765"
[1] "Processing draws 8801 to 8900"
[1] "Chunk time = 14.2741675376892"
[1] "Processing draws 8901 to 9000"
[1] "Chunk time = 14.130918264389"
[1] "Processing draws 9001 to 9100"
[1] "Chunk time = 14.3231153488159"
[1] "Processing draws 9101 to 9200"
[1] "Chunk time = 14.595534324646"
[1] "Processing draws 9201 to 9300"
[1] "Chunk time = 14.2537546157837"
[1] "Processing draws 9301 to 9400"
[1] "Chunk time = 14.3448162078857"
[1] "Processing draws 9401 to 9500"
[1] "Chunk time = 14.0252342224121"
[1] "Processing draws 9501 to 9600"
[1] "Chunk time = 14.3537082672119"
[1] "Processing draws 9601 to 9700"
[1] "Chunk time = 14.200234413147"
[1] "Processing draws 9701 to 9800"
[1] "Chunk time = 14.3674094676971"
[1] "Processing draws 9801 to 9900"
[1] "Chunk time = 14.332460641861"
[1] "Processing draws 9901 to 10000"
[1] "Chunk time = 14.3367416858673"
[1] "Processing draws 10001 to 10100"
[1] "Chunk time = 14.2788774967194"
[1] "Processing draws 10101 to 10200"
[1] "Chunk time = 14.3390734195709"
[1] "Processing draws 10201 to 10300"
[1] "Chunk time = 14.4314594268799"
[1] "Processing draws 10301 to 10400"
[1] "Chunk time = 14.2885253429413"
[1] "Processing draws 10401 to 10500"
[1] "Chunk time = 14.3026554584503"
[1] "Processing draws 10501 to 10600"
[1] "Chunk time = 14.2065267562866"
[1] "Processing draws 10601 to 10700"
[1] "Chunk time = 14.3277213573456"
[1] "Processing draws 10701 to 10800"
[1] "Chunk time = 14.2618248462677"
[1] "Processing draws 10801 to 10900"
[1] "Chunk time = 14.3960180282593"
[1] "Processing draws 10901 to 11000"
[1] "Chunk time = 14.3366384506226"
[1] "Processing draws 11001 to 11100"
[1] "Chunk time = 14.493412733078"
[1] "Processing draws 11101 to 11200"
[1] "Chunk time = 14.2141184806824"
[1] "Processing draws 11201 to 11300"
[1] "Chunk time = 14.3398289680481"
[1] "Processing draws 11301 to 11400"
[1] "Chunk time = 14.2022919654846"
[1] "Processing draws 11401 to 11500"
[1] "Chunk time = 14.367381811142"
[1] "Processing draws 11501 to 11600"
[1] "Chunk time = 14.2779607772827"
[1] "Processing draws 11601 to 11700"
[1] "Chunk time = 14.4264719486237"
[1] "Processing draws 11701 to 11800"
[1] "Chunk time = 13.9492993354797"
[1] "Processing draws 11801 to 11900"
[1] "Chunk time = 14.1141107082367"
[1] "Processing draws 11901 to 12000"
[1] "Chunk time = 14.0259077548981"
[1] "Processing draws 12001 to 12100"
[1] "Chunk time = 14.0967493057251"
[1] "Processing draws 12101 to 12200"
[1] "Chunk time = 13.8834810256958"
[1] "Processing draws 12201 to 12300"
[1] "Chunk time = 14.0214705467224"
[1] "Processing draws 12301 to 12400"
[1] "Chunk time = 14.1255991458893"
[1] "Processing draws 12401 to 12500"
[1] "Chunk time = 14.1271390914917"
[1] "Processing draws 12501 to 12600"
[1] "Chunk time = 14.3526995182037"
[1] "Processing draws 12601 to 12700"
[1] "Chunk time = 14.023491859436"
[1] "Processing draws 12701 to 12800"
[1] "Chunk time = 14.26162981987"
[1] "Processing draws 12801 to 12900"
[1] "Chunk time = 14.1466288566589"
[1] "Processing draws 12901 to 13000"
[1] "Chunk time = 14.2773315906525"
[1] "Processing draws 13001 to 13100"
[1] "Chunk time = 14.1277310848236"
[1] "Processing draws 13101 to 13200"
[1] "Chunk time = 14.2657318115234"
[1] "Processing draws 13201 to 13300"
[1] "Chunk time = 14.310558795929"
[1] "Processing draws 13301 to 13400"
[1] "Chunk time = 14.3058145046234"
[1] "Processing draws 13401 to 13500"
[1] "Chunk time = 14.612345457077"
[1] "Processing draws 13501 to 13600"
[1] "Chunk time = 14.2047839164734"
[1] "Processing draws 13601 to 13700"
[1] "Chunk time = 14.600905418396"
[1] "Processing draws 13701 to 13800"
[1] "Chunk time = 14.2304606437683"
[1] "Processing draws 13801 to 13900"
[1] "Chunk time = 14.3225717544556"
[1] "Processing draws 13901 to 14000"
[1] "Chunk time = 14.2157435417175"
[1] "Processing draws 14001 to 14100"
[1] "Chunk time = 14.2838513851166"
[1] "Processing draws 14101 to 14200"
[1] "Chunk time = 14.3825967311859"
[1] "Processing draws 14201 to 14300"
[1] "Chunk time = 14.2444169521332"
[1] "Processing draws 14301 to 14400"
[1] "Chunk time = 14.4895086288452"
[1] "Processing draws 14401 to 14500"
[1] "Chunk time = 14.5039520263672"
[1] "Processing draws 14501 to 14600"
[1] "Chunk time = 14.5400114059448"
[1] "Processing draws 14601 to 14700"
[1] "Chunk time = 14.2973566055298"
[1] "Processing draws 14701 to 14800"
[1] "Chunk time = 14.3111052513123"
[1] "Processing draws 14801 to 14900"
[1] "Chunk time = 14.5097115039825"
[1] "Processing draws 14901 to 15000"
[1] "Chunk time = 14.3546071052551"
[1] "Processing draws 15001 to 15100"
[1] "Chunk time = 14.5055041313171"
[1] "Processing draws 15101 to 15200"
[1] "Chunk time = 14.3888199329376"
[1] "Processing draws 15201 to 15300"
[1] "Chunk time = 14.4878761768341"
[1] "Processing draws 15301 to 15400"
[1] "Chunk time = 14.2809917926788"
[1] "Processing draws 15401 to 15500"
[1] "Chunk time = 15.1978645324707"
[1] "Processing draws 15501 to 15600"
[1] "Chunk time = 14.6180362701416"
[1] "Processing draws 15601 to 15700"
[1] "Chunk time = 14.3291246891022"
[1] "Processing draws 15701 to 15800"
[1] "Chunk time = 14.6053428649902"
[1] "Processing draws 15801 to 15900"
[1] "Chunk time = 14.3047513961792"
[1] "Processing draws 15901 to 16000"
[1] "Chunk time = 14.3492348194122"
[1] "Processing draws 16001 to 16100"
[1] "Chunk time = 14.0634310245514"
[1] "Processing draws 16101 to 16200"
[1] "Chunk time = 14.3977241516113"
[1] "Processing draws 16201 to 16300"
[1] "Chunk time = 15.3173131942749"
[1] "Processing draws 16301 to 16400"
[1] "Chunk time = 15.3445482254028"
[1] "Processing draws 16401 to 16500"
[1] "Chunk time = 15.4863295555115"
[1] "Processing draws 16501 to 16600"
[1] "Chunk time = 14.3487894535065"
[1] "Processing draws 16601 to 16700"
[1] "Chunk time = 14.2165834903717"
[1] "Processing draws 16701 to 16800"
[1] "Chunk time = 14.3282525539398"
[1] "Processing draws 16801 to 16900"
[1] "Chunk time = 14.2183568477631"
[1] "Processing draws 16901 to 17000"
[1] "Chunk time = 14.1297791004181"
[1] "Processing draws 17001 to 17100"
[1] "Chunk time = 14.1631417274475"
[1] "Processing draws 17101 to 17200"
[1] "Chunk time = 14.0468602180481"
[1] "Processing draws 17201 to 17300"
[1] "Chunk time = 14.1903412342072"
[1] "Processing draws 17301 to 17400"
[1] "Chunk time = 14.2474222183228"
[1] "Processing draws 17401 to 17500"
[1] "Chunk time = 14.1339919567108"
[1] "Processing draws 17501 to 17600"
[1] "Chunk time = 14.1774573326111"
[1] "Processing draws 17601 to 17700"
[1] "Chunk time = 14.2766819000244"
[1] "Processing draws 17701 to 17800"
[1] "Chunk time = 14.2600698471069"
[1] "Processing draws 17801 to 17900"
[1] "Chunk time = 14.2833542823792"
[1] "Processing draws 17901 to 18000"
[1] "Chunk time = 14.177089214325"
[1] "Processing draws 18001 to 18100"
[1] "Chunk time = 14.1850693225861"
[1] "Processing draws 18101 to 18200"
[1] "Chunk time = 14.5814881324768"
[1] "Processing draws 18201 to 18300"
[1] "Chunk time = 14.3181319236755"
[1] "Processing draws 18301 to 18400"
[1] "Chunk time = 14.2595150470734"
[1] "Processing draws 18401 to 18500"
[1] "Chunk time = 14.445620059967"
[1] "Processing draws 18501 to 18600"
[1] "Chunk time = 14.3087618350983"
[1] "Processing draws 18601 to 18700"
[1] "Chunk time = 14.3884782791138"
[1] "Processing draws 18701 to 18800"
[1] "Chunk time = 14.2605428695679"
[1] "Processing draws 18801 to 18900"
[1] "Chunk time = 14.3606135845184"
[1] "Processing draws 18901 to 19000"
[1] "Chunk time = 14.2206177711487"
[1] "Processing draws 19001 to 19100"
[1] "Chunk time = 14.2679612636566"
[1] "Processing draws 19101 to 19200"
[1] "Chunk time = 14.1248030662537"
[1] "Processing draws 19201 to 19300"
[1] "Chunk time = 14.2876260280609"
[1] "Processing draws 19301 to 19400"
[1] "Chunk time = 14.3894698619843"
[1] "Processing draws 19401 to 19500"
[1] "Chunk time = 14.4443743228912"
[1] "Processing draws 19501 to 19600"
[1] "Chunk time = 14.2324771881104"
[1] "Processing draws 19601 to 19700"
[1] "Chunk time = 14.4701504707336"
[1] "Processing draws 19701 to 19800"
