[1] "Starting sampling."
Running MCMC with 4 parallel chains, with 4 thread(s) per chain...

Chain 1 Iteration:    1 / 6000 [  0%]  (Warmup) 
Chain 2 Iteration:    1 / 6000 [  0%]  (Warmup) 
Chain 3 Iteration:    1 / 6000 [  0%]  (Warmup) 
Chain 4 Iteration:    1 / 6000 [  0%]  (Warmup) 
Chain 2 Iteration:  100 / 6000 [  1%]  (Warmup) 
Chain 4 Iteration:  100 / 6000 [  1%]  (Warmup) 
Chain 3 Iteration:  100 / 6000 [  1%]  (Warmup) 
Chain 1 Iteration:  100 / 6000 [  1%]  (Warmup) 
Chain 2 Iteration:  200 / 6000 [  3%]  (Warmup) 
Chain 4 Iteration:  200 / 6000 [  3%]  (Warmup) 
Chain 3 Iteration:  200 / 6000 [  3%]  (Warmup) 
Chain 1 Iteration:  200 / 6000 [  3%]  (Warmup) 
Chain 2 Iteration:  300 / 6000 [  5%]  (Warmup) 
Chain 4 Iteration:  300 / 6000 [  5%]  (Warmup) 
Chain 3 Iteration:  300 / 6000 [  5%]  (Warmup) 
Chain 1 Iteration:  300 / 6000 [  5%]  (Warmup) 
Chain 2 Iteration:  400 / 6000 [  6%]  (Warmup) 
Chain 4 Iteration:  400 / 6000 [  6%]  (Warmup) 
Chain 3 Iteration:  400 / 6000 [  6%]  (Warmup) 
Chain 1 Iteration:  400 / 6000 [  6%]  (Warmup) 
Chain 2 Iteration:  500 / 6000 [  8%]  (Warmup) 
Chain 4 Iteration:  500 / 6000 [  8%]  (Warmup) 
Chain 3 Iteration:  500 / 6000 [  8%]  (Warmup) 
Chain 2 Iteration:  600 / 6000 [ 10%]  (Warmup) 
Chain 1 Iteration:  500 / 6000 [  8%]  (Warmup) 
Chain 4 Iteration:  600 / 6000 [ 10%]  (Warmup) 
Chain 3 Iteration:  600 / 6000 [ 10%]  (Warmup) 
Chain 2 Iteration:  700 / 6000 [ 11%]  (Warmup) 
Chain 4 Iteration:  700 / 6000 [ 11%]  (Warmup) 
Chain 1 Iteration:  600 / 6000 [ 10%]  (Warmup) 
Chain 3 Iteration:  700 / 6000 [ 11%]  (Warmup) 
Chain 2 Iteration:  800 / 6000 [ 13%]  (Warmup) 
Chain 4 Iteration:  800 / 6000 [ 13%]  (Warmup) 
Chain 1 Iteration:  700 / 6000 [ 11%]  (Warmup) 
Chain 3 Iteration:  800 / 6000 [ 13%]  (Warmup) 
Chain 2 Iteration:  900 / 6000 [ 15%]  (Warmup) 
Chain 4 Iteration:  900 / 6000 [ 15%]  (Warmup) 
Chain 1 Iteration:  800 / 6000 [ 13%]  (Warmup) 
Chain 3 Iteration:  900 / 6000 [ 15%]  (Warmup) 
Chain 2 Iteration: 1000 / 6000 [ 16%]  (Warmup) 
Chain 2 Iteration: 1001 / 6000 [ 16%]  (Sampling) 
Chain 4 Iteration: 1000 / 6000 [ 16%]  (Warmup) 
Chain 4 Iteration: 1001 / 6000 [ 16%]  (Sampling) 
Chain 1 Iteration:  900 / 6000 [ 15%]  (Warmup) 
Chain 3 Iteration: 1000 / 6000 [ 16%]  (Warmup) 
Chain 3 Iteration: 1001 / 6000 [ 16%]  (Sampling) 
Chain 2 Iteration: 1100 / 6000 [ 18%]  (Sampling) 
Chain 4 Iteration: 1100 / 6000 [ 18%]  (Sampling) 
Chain 3 Iteration: 1100 / 6000 [ 18%]  (Sampling) 
Chain 2 Iteration: 1200 / 6000 [ 20%]  (Sampling) 
Chain 1 Iteration: 1000 / 6000 [ 16%]  (Warmup) 
Chain 1 Iteration: 1001 / 6000 [ 16%]  (Sampling) 
Chain 4 Iteration: 1200 / 6000 [ 20%]  (Sampling) 
Chain 3 Iteration: 1200 / 6000 [ 20%]  (Sampling) 
Chain 2 Iteration: 1300 / 6000 [ 21%]  (Sampling) 
Chain 1 Iteration: 1100 / 6000 [ 18%]  (Sampling) 
Chain 4 Iteration: 1300 / 6000 [ 21%]  (Sampling) 
Chain 3 Iteration: 1300 / 6000 [ 21%]  (Sampling) 
Chain 2 Iteration: 1400 / 6000 [ 23%]  (Sampling) 
Chain 1 Iteration: 1200 / 6000 [ 20%]  (Sampling) 
Chain 4 Iteration: 1400 / 6000 [ 23%]  (Sampling) 
Chain 3 Iteration: 1400 / 6000 [ 23%]  (Sampling) 
Chain 2 Iteration: 1500 / 6000 [ 25%]  (Sampling) 
Chain 1 Iteration: 1300 / 6000 [ 21%]  (Sampling) 
Chain 4 Iteration: 1500 / 6000 [ 25%]  (Sampling) 
Chain 3 Iteration: 1500 / 6000 [ 25%]  (Sampling) 
Chain 2 Iteration: 1600 / 6000 [ 26%]  (Sampling) 
Chain 1 Iteration: 1400 / 6000 [ 23%]  (Sampling) 
Chain 4 Iteration: 1600 / 6000 [ 26%]  (Sampling) 
Chain 3 Iteration: 1600 / 6000 [ 26%]  (Sampling) 
Chain 2 Iteration: 1700 / 6000 [ 28%]  (Sampling) 
Chain 1 Iteration: 1500 / 6000 [ 25%]  (Sampling) 
Chain 4 Iteration: 1700 / 6000 [ 28%]  (Sampling) 
Chain 3 Iteration: 1700 / 6000 [ 28%]  (Sampling) 
Chain 2 Iteration: 1800 / 6000 [ 30%]  (Sampling) 
Chain 1 Iteration: 1600 / 6000 [ 26%]  (Sampling) 
Chain 4 Iteration: 1800 / 6000 [ 30%]  (Sampling) 
Chain 3 Iteration: 1800 / 6000 [ 30%]  (Sampling) 
Chain 2 Iteration: 1900 / 6000 [ 31%]  (Sampling) 
Chain 1 Iteration: 1700 / 6000 [ 28%]  (Sampling) 
Chain 4 Iteration: 1900 / 6000 [ 31%]  (Sampling) 
Chain 3 Iteration: 1900 / 6000 [ 31%]  (Sampling) 
Chain 2 Iteration: 2000 / 6000 [ 33%]  (Sampling) 
Chain 1 Iteration: 1800 / 6000 [ 30%]  (Sampling) 
Chain 4 Iteration: 2000 / 6000 [ 33%]  (Sampling) 
Chain 3 Iteration: 2000 / 6000 [ 33%]  (Sampling) 
Chain 2 Iteration: 2100 / 6000 [ 35%]  (Sampling) 
Chain 1 Iteration: 1900 / 6000 [ 31%]  (Sampling) 
Chain 4 Iteration: 2100 / 6000 [ 35%]  (Sampling) 
Chain 3 Iteration: 2100 / 6000 [ 35%]  (Sampling) 
Chain 2 Iteration: 2200 / 6000 [ 36%]  (Sampling) 
Chain 1 Iteration: 2000 / 6000 [ 33%]  (Sampling) 
Chain 4 Iteration: 2200 / 6000 [ 36%]  (Sampling) 
Chain 3 Iteration: 2200 / 6000 [ 36%]  (Sampling) 
Chain 2 Iteration: 2300 / 6000 [ 38%]  (Sampling) 
Chain 1 Iteration: 2100 / 6000 [ 35%]  (Sampling) 
Chain 4 Iteration: 2300 / 6000 [ 38%]  (Sampling) 
Chain 3 Iteration: 2300 / 6000 [ 38%]  (Sampling) 
Chain 2 Iteration: 2400 / 6000 [ 40%]  (Sampling) 
Chain 1 Iteration: 2200 / 6000 [ 36%]  (Sampling) 
Chain 4 Iteration: 2400 / 6000 [ 40%]  (Sampling) 
Chain 3 Iteration: 2400 / 6000 [ 40%]  (Sampling) 
Chain 2 Iteration: 2500 / 6000 [ 41%]  (Sampling) 
Chain 1 Iteration: 2300 / 6000 [ 38%]  (Sampling) 
Chain 4 Iteration: 2500 / 6000 [ 41%]  (Sampling) 
Chain 3 Iteration: 2500 / 6000 [ 41%]  (Sampling) 
Chain 2 Iteration: 2600 / 6000 [ 43%]  (Sampling) 
Chain 1 Iteration: 2400 / 6000 [ 40%]  (Sampling) 
Chain 4 Iteration: 2600 / 6000 [ 43%]  (Sampling) 
Chain 3 Iteration: 2600 / 6000 [ 43%]  (Sampling) 
Chain 2 Iteration: 2700 / 6000 [ 45%]  (Sampling) 
Chain 1 Iteration: 2500 / 6000 [ 41%]  (Sampling) 
Chain 4 Iteration: 2700 / 6000 [ 45%]  (Sampling) 
Chain 3 Iteration: 2700 / 6000 [ 45%]  (Sampling) 
Chain 2 Iteration: 2800 / 6000 [ 46%]  (Sampling) 
Chain 1 Iteration: 2600 / 6000 [ 43%]  (Sampling) 
Chain 4 Iteration: 2800 / 6000 [ 46%]  (Sampling) 
Chain 3 Iteration: 2800 / 6000 [ 46%]  (Sampling) 
Chain 2 Iteration: 2900 / 6000 [ 48%]  (Sampling) 
Chain 1 Iteration: 2700 / 6000 [ 45%]  (Sampling) 
Chain 4 Iteration: 2900 / 6000 [ 48%]  (Sampling) 
Chain 3 Iteration: 2900 / 6000 [ 48%]  (Sampling) 
Chain 2 Iteration: 3000 / 6000 [ 50%]  (Sampling) 
Chain 1 Iteration: 2800 / 6000 [ 46%]  (Sampling) 
Chain 4 Iteration: 3000 / 6000 [ 50%]  (Sampling) 
Chain 3 Iteration: 3000 / 6000 [ 50%]  (Sampling) 
Chain 2 Iteration: 3100 / 6000 [ 51%]  (Sampling) 
Chain 1 Iteration: 2900 / 6000 [ 48%]  (Sampling) 
Chain 4 Iteration: 3100 / 6000 [ 51%]  (Sampling) 
Chain 3 Iteration: 3100 / 6000 [ 51%]  (Sampling) 
Chain 2 Iteration: 3200 / 6000 [ 53%]  (Sampling) 
Chain 1 Iteration: 3000 / 6000 [ 50%]  (Sampling) 
Chain 4 Iteration: 3200 / 6000 [ 53%]  (Sampling) 
Chain 3 Iteration: 3200 / 6000 [ 53%]  (Sampling) 
Chain 2 Iteration: 3300 / 6000 [ 55%]  (Sampling) 
Chain 1 Iteration: 3100 / 6000 [ 51%]  (Sampling) 
Chain 4 Iteration: 3300 / 6000 [ 55%]  (Sampling) 
Chain 3 Iteration: 3300 / 6000 [ 55%]  (Sampling) 
Chain 2 Iteration: 3400 / 6000 [ 56%]  (Sampling) 
Chain 1 Iteration: 3200 / 6000 [ 53%]  (Sampling) 
Chain 4 Iteration: 3400 / 6000 [ 56%]  (Sampling) 
Chain 3 Iteration: 3400 / 6000 [ 56%]  (Sampling) 
Chain 2 Iteration: 3500 / 6000 [ 58%]  (Sampling) 
Chain 1 Iteration: 3300 / 6000 [ 55%]  (Sampling) 
Chain 4 Iteration: 3500 / 6000 [ 58%]  (Sampling) 
Chain 2 Iteration: 3600 / 6000 [ 60%]  (Sampling) 
Chain 3 Iteration: 3500 / 6000 [ 58%]  (Sampling) 
Chain 1 Iteration: 3400 / 6000 [ 56%]  (Sampling) 
Chain 4 Iteration: 3600 / 6000 [ 60%]  (Sampling) 
Chain 2 Iteration: 3700 / 6000 [ 61%]  (Sampling) 
Chain 3 Iteration: 3600 / 6000 [ 60%]  (Sampling) 
Chain 1 Iteration: 3500 / 6000 [ 58%]  (Sampling) 
Chain 4 Iteration: 3700 / 6000 [ 61%]  (Sampling) 
Chain 2 Iteration: 3800 / 6000 [ 63%]  (Sampling) 
Chain 3 Iteration: 3700 / 6000 [ 61%]  (Sampling) 
Chain 1 Iteration: 3600 / 6000 [ 60%]  (Sampling) 
Chain 4 Iteration: 3800 / 6000 [ 63%]  (Sampling) 
Chain 2 Iteration: 3900 / 6000 [ 65%]  (Sampling) 
Chain 3 Iteration: 3800 / 6000 [ 63%]  (Sampling) 
Chain 1 Iteration: 3700 / 6000 [ 61%]  (Sampling) 
Chain 4 Iteration: 3900 / 6000 [ 65%]  (Sampling) 
Chain 2 Iteration: 4000 / 6000 [ 66%]  (Sampling) 
Chain 3 Iteration: 3900 / 6000 [ 65%]  (Sampling) 
Chain 1 Iteration: 3800 / 6000 [ 63%]  (Sampling) 
Chain 4 Iteration: 4000 / 6000 [ 66%]  (Sampling) 
Chain 2 Iteration: 4100 / 6000 [ 68%]  (Sampling) 
Chain 3 Iteration: 4000 / 6000 [ 66%]  (Sampling) 
Chain 1 Iteration: 3900 / 6000 [ 65%]  (Sampling) 
Chain 4 Iteration: 4100 / 6000 [ 68%]  (Sampling) 
Chain 2 Iteration: 4200 / 6000 [ 70%]  (Sampling) 
Chain 3 Iteration: 4100 / 6000 [ 68%]  (Sampling) 
Chain 1 Iteration: 4000 / 6000 [ 66%]  (Sampling) 
Chain 4 Iteration: 4200 / 6000 [ 70%]  (Sampling) 
Chain 2 Iteration: 4300 / 6000 [ 71%]  (Sampling) 
Chain 3 Iteration: 4200 / 6000 [ 70%]  (Sampling) 
Chain 1 Iteration: 4100 / 6000 [ 68%]  (Sampling) 
Chain 4 Iteration: 4300 / 6000 [ 71%]  (Sampling) 
Chain 2 Iteration: 4400 / 6000 [ 73%]  (Sampling) 
Chain 3 Iteration: 4300 / 6000 [ 71%]  (Sampling) 
Chain 1 Iteration: 4200 / 6000 [ 70%]  (Sampling) 
Chain 4 Iteration: 4400 / 6000 [ 73%]  (Sampling) 
Chain 2 Iteration: 4500 / 6000 [ 75%]  (Sampling) 
Chain 3 Iteration: 4400 / 6000 [ 73%]  (Sampling) 
Chain 1 Iteration: 4300 / 6000 [ 71%]  (Sampling) 
Chain 4 Iteration: 4500 / 6000 [ 75%]  (Sampling) 
Chain 2 Iteration: 4600 / 6000 [ 76%]  (Sampling) 
Chain 3 Iteration: 4500 / 6000 [ 75%]  (Sampling) 
Chain 1 Iteration: 4400 / 6000 [ 73%]  (Sampling) 
Chain 4 Iteration: 4600 / 6000 [ 76%]  (Sampling) 
Chain 2 Iteration: 4700 / 6000 [ 78%]  (Sampling) 
Chain 3 Iteration: 4600 / 6000 [ 76%]  (Sampling) 
Chain 1 Iteration: 4500 / 6000 [ 75%]  (Sampling) 
Chain 4 Iteration: 4700 / 6000 [ 78%]  (Sampling) 
Chain 2 Iteration: 4800 / 6000 [ 80%]  (Sampling) 
Chain 3 Iteration: 4700 / 6000 [ 78%]  (Sampling) 
Chain 1 Iteration: 4600 / 6000 [ 76%]  (Sampling) 
Chain 4 Iteration: 4800 / 6000 [ 80%]  (Sampling) 
Chain 2 Iteration: 4900 / 6000 [ 81%]  (Sampling) 
Chain 3 Iteration: 4800 / 6000 [ 80%]  (Sampling) 
Chain 1 Iteration: 4700 / 6000 [ 78%]  (Sampling) 
Chain 4 Iteration: 4900 / 6000 [ 81%]  (Sampling) 
Chain 2 Iteration: 5000 / 6000 [ 83%]  (Sampling) 
Chain 3 Iteration: 4900 / 6000 [ 81%]  (Sampling) 
Chain 1 Iteration: 4800 / 6000 [ 80%]  (Sampling) 
Chain 4 Iteration: 5000 / 6000 [ 83%]  (Sampling) 
Chain 2 Iteration: 5100 / 6000 [ 85%]  (Sampling) 
Chain 3 Iteration: 5000 / 6000 [ 83%]  (Sampling) 
Chain 1 Iteration: 4900 / 6000 [ 81%]  (Sampling) 
Chain 4 Iteration: 5100 / 6000 [ 85%]  (Sampling) 
Chain 2 Iteration: 5200 / 6000 [ 86%]  (Sampling) 
Chain 3 Iteration: 5100 / 6000 [ 85%]  (Sampling) 
Chain 1 Iteration: 5000 / 6000 [ 83%]  (Sampling) 
Chain 4 Iteration: 5200 / 6000 [ 86%]  (Sampling) 
Chain 2 Iteration: 5300 / 6000 [ 88%]  (Sampling) 
Chain 3 Iteration: 5200 / 6000 [ 86%]  (Sampling) 
Chain 1 Iteration: 5100 / 6000 [ 85%]  (Sampling) 
Chain 4 Iteration: 5300 / 6000 [ 88%]  (Sampling) 
Chain 2 Iteration: 5400 / 6000 [ 90%]  (Sampling) 
Chain 3 Iteration: 5300 / 6000 [ 88%]  (Sampling) 
Chain 1 Iteration: 5200 / 6000 [ 86%]  (Sampling) 
Chain 4 Iteration: 5400 / 6000 [ 90%]  (Sampling) 
Chain 2 Iteration: 5500 / 6000 [ 91%]  (Sampling) 
Chain 3 Iteration: 5400 / 6000 [ 90%]  (Sampling) 
Chain 1 Iteration: 5300 / 6000 [ 88%]  (Sampling) 
Chain 4 Iteration: 5500 / 6000 [ 91%]  (Sampling) 
Chain 2 Iteration: 5600 / 6000 [ 93%]  (Sampling) 
Chain 3 Iteration: 5500 / 6000 [ 91%]  (Sampling) 
Chain 1 Iteration: 5400 / 6000 [ 90%]  (Sampling) 
Chain 4 Iteration: 5600 / 6000 [ 93%]  (Sampling) 
Chain 2 Iteration: 5700 / 6000 [ 95%]  (Sampling) 
Chain 3 Iteration: 5600 / 6000 [ 93%]  (Sampling) 
Chain 1 Iteration: 5500 / 6000 [ 91%]  (Sampling) 
Chain 4 Iteration: 5700 / 6000 [ 95%]  (Sampling) 
Chain 2 Iteration: 5800 / 6000 [ 96%]  (Sampling) 
Chain 3 Iteration: 5700 / 6000 [ 95%]  (Sampling) 
Chain 1 Iteration: 5600 / 6000 [ 93%]  (Sampling) 
Chain 4 Iteration: 5800 / 6000 [ 96%]  (Sampling) 
Chain 2 Iteration: 5900 / 6000 [ 98%]  (Sampling) 
Chain 3 Iteration: 5800 / 6000 [ 96%]  (Sampling) 
Chain 1 Iteration: 5700 / 6000 [ 95%]  (Sampling) 
Chain 4 Iteration: 5900 / 6000 [ 98%]  (Sampling) 
Chain 2 Iteration: 6000 / 6000 [100%]  (Sampling) 
Chain 2 finished in 1845.6 seconds.
Chain 3 Iteration: 5900 / 6000 [ 98%]  (Sampling) 
Chain 1 Iteration: 5800 / 6000 [ 96%]  (Sampling) 
Chain 4 Iteration: 6000 / 6000 [100%]  (Sampling) 
Chain 4 finished in 1866.0 seconds.
Chain 3 Iteration: 6000 / 6000 [100%]  (Sampling) 
Chain 3 finished in 1870.4 seconds.
Chain 1 Iteration: 5900 / 6000 [ 98%]  (Sampling) 
Chain 1 Iteration: 6000 / 6000 [100%]  (Sampling) 
Chain 1 finished in 1902.4 seconds.

All 4 chains finished successfully.
Mean chain execution time: 1871.1 seconds.
Total execution time: 1902.7 seconds.

[1] "Processing draws 1 to 100"
[1] "Chunk time = 56.1269536018372"
[1] "Processing draws 101 to 200"
[1] "Chunk time = 18.9403743743896"
[1] "Processing draws 201 to 300"
[1] "Chunk time = 18.2571976184845"
[1] "Processing draws 301 to 400"
[1] "Chunk time = 19.1318924427032"
[1] "Processing draws 401 to 500"
[1] "Chunk time = 18.4583065509796"
[1] "Processing draws 501 to 600"
[1] "Chunk time = 18.3699290752411"
[1] "Processing draws 601 to 700"
[1] "Chunk time = 18.1603784561157"
[1] "Processing draws 701 to 800"
[1] "Chunk time = 17.9216825962067"
[1] "Processing draws 801 to 900"
[1] "Chunk time = 18.4000790119171"
[1] "Processing draws 901 to 1000"
[1] "Chunk time = 17.9986758232117"
[1] "Processing draws 1001 to 1100"
[1] "Chunk time = 18.4734117984772"
[1] "Processing draws 1101 to 1200"
[1] "Chunk time = 18.0235526561737"
[1] "Processing draws 1201 to 1300"
[1] "Chunk time = 18.397070646286"
[1] "Processing draws 1301 to 1400"
[1] "Chunk time = 18.1475343704224"
[1] "Processing draws 1401 to 1500"
[1] "Chunk time = 18.0467541217804"
[1] "Processing draws 1501 to 1600"
[1] "Chunk time = 18.131977558136"
[1] "Processing draws 1601 to 1700"
[1] "Chunk time = 18.9149005413055"
[1] "Processing draws 1701 to 1800"
[1] "Chunk time = 20.3544812202454"
[1] "Processing draws 1801 to 1900"
[1] "Chunk time = 19.3974747657776"
[1] "Processing draws 1901 to 2000"
[1] "Chunk time = 19.710550069809"
[1] "Processing draws 2001 to 2100"
[1] "Chunk time = 19.6025681495667"
[1] "Processing draws 2101 to 2200"
[1] "Chunk time = 19.1958148479462"
[1] "Processing draws 2201 to 2300"
[1] "Chunk time = 19.6819190979004"
[1] "Processing draws 2301 to 2400"
[1] "Chunk time = 19.1715524196625"
[1] "Processing draws 2401 to 2500"
[1] "Chunk time = 19.7544867992401"
[1] "Processing draws 2501 to 2600"
[1] "Chunk time = 19.1102244853973"
[1] "Processing draws 2601 to 2700"
[1] "Chunk time = 19.4840939044952"
[1] "Processing draws 2701 to 2800"
[1] "Chunk time = 19.5127484798431"
[1] "Processing draws 2801 to 2900"
[1] "Chunk time = 19.3975510597229"
[1] "Processing draws 2901 to 3000"
[1] "Chunk time = 19.3996489048004"
[1] "Processing draws 3001 to 3100"
[1] "Chunk time = 19.2243273258209"
[1] "Processing draws 3101 to 3200"
[1] "Chunk time = 19.7559127807617"
[1] "Processing draws 3201 to 3300"
[1] "Chunk time = 19.3227725028992"
[1] "Processing draws 3301 to 3400"
[1] "Chunk time = 19.5546333789825"
[1] "Processing draws 3401 to 3500"
[1] "Chunk time = 19.4252393245697"
[1] "Processing draws 3501 to 3600"
[1] "Chunk time = 19.2613921165466"
[1] "Processing draws 3601 to 3700"
[1] "Chunk time = 19.3740799427032"
[1] "Processing draws 3701 to 3800"
[1] "Chunk time = 18.988920211792"
[1] "Processing draws 3801 to 3900"
[1] "Chunk time = 19.644978761673"
[1] "Processing draws 3901 to 4000"
[1] "Chunk time = 18.9335587024689"
[1] "Processing draws 4001 to 4100"
[1] "Chunk time = 18.3656196594238"
[1] "Processing draws 4101 to 4200"
[1] "Chunk time = 18.6824309825897"
[1] "Processing draws 4201 to 4300"
[1] "Chunk time = 18.6824328899384"
[1] "Processing draws 4301 to 4400"
[1] "Chunk time = 19.0833051204681"
[1] "Processing draws 4401 to 4500"
[1] "Chunk time = 18.657167673111"
[1] "Processing draws 4501 to 4600"
[1] "Chunk time = 18.9834904670715"
[1] "Processing draws 4601 to 4700"
[1] "Chunk time = 17.9868307113647"
[1] "Processing draws 4701 to 4800"
[1] "Chunk time = 18.4792168140411"
[1] "Processing draws 4801 to 4900"
[1] "Chunk time = 18.4020705223083"
[1] "Processing draws 4901 to 5000"
[1] "Chunk time = 18.3325879573822"
[1] "Processing draws 5001 to 5100"
[1] "Chunk time = 18.2940204143524"
[1] "Processing draws 5101 to 5200"
[1] "Chunk time = 17.999828338623"
[1] "Processing draws 5201 to 5300"
[1] "Chunk time = 18.3713562488556"
[1] "Processing draws 5301 to 5400"
[1] "Chunk time = 18.1099631786346"
[1] "Processing draws 5401 to 5500"
[1] "Chunk time = 18.4176166057587"
[1] "Processing draws 5501 to 5600"
[1] "Chunk time = 18.580162525177"
[1] "Processing draws 5601 to 5700"
[1] "Chunk time = 18.5797519683838"
[1] "Processing draws 5701 to 5800"
[1] "Chunk time = 18.7841212749481"
[1] "Processing draws 5801 to 5900"
[1] "Chunk time = 18.3332526683807"
[1] "Processing draws 5901 to 6000"
[1] "Chunk time = 18.7213728427887"
[1] "Processing draws 6001 to 6100"
[1] "Chunk time = 18.155202627182"
[1] "Processing draws 6101 to 6200"
[1] "Chunk time = 18.4296474456787"
[1] "Processing draws 6201 to 6300"
[1] "Chunk time = 18.1475605964661"
[1] "Processing draws 6301 to 6400"
[1] "Chunk time = 18.5237739086151"
[1] "Processing draws 6401 to 6500"
[1] "Chunk time = 18.5198817253113"
[1] "Processing draws 6501 to 6600"
[1] "Chunk time = 18.2663671970367"
[1] "Processing draws 6601 to 6700"
[1] "Chunk time = 18.688009262085"
[1] "Processing draws 6701 to 6800"
[1] "Chunk time = 18.284633398056"
[1] "Processing draws 6801 to 6900"
[1] "Chunk time = 18.4308044910431"
[1] "Processing draws 6901 to 7000"
[1] "Chunk time = 18.3957273960114"
[1] "Processing draws 7001 to 7100"
[1] "Chunk time = 18.5272274017334"
[1] "Processing draws 7101 to 7200"
[1] "Chunk time = 18.6541903018951"
[1] "Processing draws 7201 to 7300"
[1] "Chunk time = 18.2947852611542"
[1] "Processing draws 7301 to 7400"
[1] "Chunk time = 18.5948541164398"
[1] "Processing draws 7401 to 7500"
[1] "Chunk time = 18.4895620346069"
[1] "Processing draws 7501 to 7600"
[1] "Chunk time = 18.9019386768341"
[1] "Processing draws 7601 to 7700"
[1] "Chunk time = 18.7867155075073"
[1] "Processing draws 7701 to 7800"
[1] "Chunk time = 18.7216019630432"
[1] "Processing draws 7801 to 7900"
[1] "Chunk time = 18.717946767807"
[1] "Processing draws 7901 to 8000"
[1] "Chunk time = 18.0582797527313"
[1] "Processing draws 8001 to 8100"
[1] "Chunk time = 18.7056913375854"
[1] "Processing draws 8101 to 8200"
[1] "Chunk time = 18.0777668952942"
[1] "Processing draws 8201 to 8300"
[1] "Chunk time = 18.601190328598"
[1] "Processing draws 8301 to 8400"
[1] "Chunk time = 18.2364461421967"
[1] "Processing draws 8401 to 8500"
[1] "Chunk time = 18.2464230060577"
[1] "Processing draws 8501 to 8600"
[1] "Chunk time = 18.935652256012"
[1] "Processing draws 8601 to 8700"
[1] "Chunk time = 18.1367790699005"
[1] "Processing draws 8701 to 8800"
[1] "Chunk time = 18.7474365234375"
[1] "Processing draws 8801 to 8900"
[1] "Chunk time = 18.5595424175262"
[1] "Processing draws 8901 to 9000"
[1] "Chunk time = 18.9708807468414"
[1] "Processing draws 9001 to 9100"
[1] "Chunk time = 18.8759799003601"
[1] "Processing draws 9101 to 9200"
[1] "Chunk time = 18.8184568881989"
[1] "Processing draws 9201 to 9300"
[1] "Chunk time = 19.0456593036652"
[1] "Processing draws 9301 to 9400"
[1] "Chunk time = 18.8841149806976"
[1] "Processing draws 9401 to 9500"
[1] "Chunk time = 18.8826892375946"
[1] "Processing draws 9501 to 9600"
[1] "Chunk time = 18.6568324565887"
[1] "Processing draws 9601 to 9700"
[1] "Chunk time = 19.2015147209167"
[1] "Processing draws 9701 to 9800"
[1] "Chunk time = 18.7754299640656"
[1] "Processing draws 9801 to 9900"
[1] "Chunk time = 18.7624337673187"
[1] "Processing draws 9901 to 10000"
[1] "Chunk time = 19.1859555244446"
[1] "Processing draws 10001 to 10100"
[1] "Chunk time = 18.6819705963135"
[1] "Processing draws 10101 to 10200"
[1] "Chunk time = 18.9777181148529"
[1] "Processing draws 10201 to 10300"
[1] "Chunk time = 18.522881269455"
[1] "Processing draws 10301 to 10400"
[1] "Chunk time = 19.2486755847931"
[1] "Processing draws 10401 to 10500"
[1] "Chunk time = 18.8080286979675"
[1] "Processing draws 10501 to 10600"
[1] "Chunk time = 18.7592439651489"
[1] "Processing draws 10601 to 10700"
[1] "Chunk time = 19.0945234298706"
[1] "Processing draws 10701 to 10800"
[1] "Chunk time = 18.9736204147339"
[1] "Processing draws 10801 to 10900"
[1] "Chunk time = 19.2569808959961"
[1] "Processing draws 10901 to 11000"
[1] "Chunk time = 18.7786045074463"
[1] "Processing draws 11001 to 11100"
[1] "Chunk time = 19.0774848461151"
[1] "Processing draws 11101 to 11200"
[1] "Chunk time = 18.9638509750366"
[1] "Processing draws 11201 to 11300"
[1] "Chunk time = 18.8013772964478"
[1] "Processing draws 11301 to 11400"
[1] "Chunk time = 19.0029408931732"
[1] "Processing draws 11401 to 11500"
[1] "Chunk time = 18.6713328361511"
[1] "Processing draws 11501 to 11600"
[1] "Chunk time = 18.9707882404327"
[1] "Processing draws 11601 to 11700"
[1] "Chunk time = 18.2006831169128"
[1] "Processing draws 11701 to 11800"
[1] "Chunk time = 19.0949549674988"
[1] "Processing draws 11801 to 11900"
[1] "Chunk time = 18.9315669536591"
[1] "Processing draws 11901 to 12000"
[1] "Chunk time = 18.9478325843811"
[1] "Processing draws 12001 to 12100"
[1] "Chunk time = 19.0211267471313"
[1] "Processing draws 12101 to 12200"
[1] "Chunk time = 18.7386860847473"
[1] "Processing draws 12201 to 12300"
[1] "Chunk time = 19.0444550514221"
[1] "Processing draws 12301 to 12400"
[1] "Chunk time = 18.3672795295715"
[1] "Processing draws 12401 to 12500"
[1] "Chunk time = 18.9576897621155"
[1] "Processing draws 12501 to 12600"
[1] "Chunk time = 19.6908178329468"
[1] "Processing draws 12601 to 12700"
[1] "Chunk time = 19.4511876106262"
[1] "Processing draws 12701 to 12800"
[1] "Chunk time = 19.7512674331665"
[1] "Processing draws 12801 to 12900"
[1] "Chunk time = 19.4603254795074"
[1] "Processing draws 12901 to 13000"
[1] "Chunk time = 20.0071003437042"
[1] "Processing draws 13001 to 13100"
[1] "Chunk time = 19.5105271339417"
[1] "Processing draws 13101 to 13200"
[1] "Chunk time = 20.1215958595276"
[1] "Processing draws 13201 to 13300"
[1] "Chunk time = 19.7397227287292"
[1] "Processing draws 13301 to 13400"
[1] "Chunk time = 19.7414269447327"
[1] "Processing draws 13401 to 13500"
[1] "Chunk time = 20.0222811698914"
[1] "Processing draws 13501 to 13600"
[1] "Chunk time = 19.2132651805878"
[1] "Processing draws 13601 to 13700"
[1] "Chunk time = 19.5686323642731"
[1] "Processing draws 13701 to 13800"
[1] "Chunk time = 18.5866613388062"
[1] "Processing draws 13801 to 13900"
[1] "Chunk time = 18.8327503204346"
[1] "Processing draws 13901 to 14000"
[1] "Chunk time = 18.5993368625641"
[1] "Processing draws 14001 to 14100"
[1] "Chunk time = 18.5049469470978"
[1] "Processing draws 14101 to 14200"
[1] "Chunk time = 18.7950994968414"
[1] "Processing draws 14201 to 14300"
[1] "Chunk time = 18.605979681015"
[1] "Processing draws 14301 to 14400"
[1] "Chunk time = 18.7454705238342"
[1] "Processing draws 14401 to 14500"
[1] "Chunk time = 18.3983674049377"
[1] "Processing draws 14501 to 14600"
[1] "Chunk time = 19.0696089267731"
[1] "Processing draws 14601 to 14700"
[1] "Chunk time = 18.6407563686371"
[1] "Processing draws 14701 to 14800"
[1] "Chunk time = 18.6217155456543"
[1] "Processing draws 14801 to 14900"
[1] "Chunk time = 18.9530186653137"
[1] "Processing draws 14901 to 15000"
[1] "Chunk time = 18.7927918434143"
[1] "Processing draws 15001 to 15100"
[1] "Chunk time = 18.9134469032288"
[1] "Processing draws 15101 to 15200"
[1] "Chunk time = 18.4055032730103"
[1] "Processing draws 15201 to 15300"
[1] "Chunk time = 19.0423748493195"
[1] "Processing draws 15301 to 15400"
[1] "Chunk time = 18.7706382274628"
[1] "Processing draws 15401 to 15500"
[1] "Chunk time = 18.4284703731537"
[1] "Processing draws 15501 to 15600"
[1] "Chunk time = 18.8131928443909"
[1] "Processing draws 15601 to 15700"
[1] "Chunk time = 18.423079252243"
[1] "Processing draws 15701 to 15800"
[1] "Chunk time = 19.0297472476959"
[1] "Processing draws 15801 to 15900"
[1] "Chunk time = 18.4601278305054"
[1] "Processing draws 15901 to 16000"
[1] "Chunk time = 18.9138417243958"
[1] "Processing draws 16001 to 16100"
[1] "Chunk time = 19.4324452877045"
[1] "Processing draws 16101 to 16200"
[1] "Chunk time = 18.7848043441772"
[1] "Processing draws 16201 to 16300"
[1] "Chunk time = 18.5299725532532"
[1] "Processing draws 16301 to 16400"
[1] "Chunk time = 18.3479373455048"
[1] "Processing draws 16401 to 16500"
[1] "Chunk time = 18.2449345588684"
[1] "Processing draws 16501 to 16600"
[1] "Chunk time = 17.7861397266388"
[1] "Processing draws 16601 to 16700"
[1] "Chunk time = 18.0471386909485"
[1] "Processing draws 16701 to 16800"
[1] "Chunk time = 17.5260002613068"
[1] "Processing draws 16801 to 16900"
[1] "Chunk time = 17.4025406837463"
[1] "Processing draws 16901 to 17000"
[1] "Chunk time = 17.5602836608887"
[1] "Processing draws 17001 to 17100"
[1] "Chunk time = 17.1478991508484"
[1] "Processing draws 17101 to 17200"
[1] "Chunk time = 17.7778210639954"
[1] "Processing draws 17201 to 17300"
[1] "Chunk time = 17.7129156589508"
[1] "Processing draws 17301 to 17400"
[1] "Chunk time = 18.0161325931549"
[1] "Processing draws 17401 to 17500"
[1] "Chunk time = 17.3216326236725"
[1] "Processing draws 17501 to 17600"
[1] "Chunk time = 17.4777581691742"
[1] "Processing draws 17601 to 17700"
[1] "Chunk time = 17.4751350879669"
[1] "Processing draws 17701 to 17800"
[1] "Chunk time = 17.3937075138092"
[1] "Processing draws 17801 to 17900"
[1] "Chunk time = 18.0565664768219"
[1] "Processing draws 17901 to 18000"
[1] "Chunk time = 17.2292852401733"
[1] "Processing draws 18001 to 18100"
[1] "Chunk time = 17.615841627121"
[1] "Processing draws 18101 to 18200"
[1] "Chunk time = 17.5641088485718"
[1] "Processing draws 18201 to 18300"
[1] "Chunk time = 17.2019214630127"
[1] "Processing draws 18301 to 18400"
[1] "Chunk time = 18.0799808502197"
[1] "Processing draws 18401 to 18500"
[1] "Chunk time = 17.2477996349335"
[1] "Processing draws 18501 to 18600"
[1] "Chunk time = 17.8787410259247"
[1] "Processing draws 18601 to 18700"
[1] "Chunk time = 17.076580286026"
[1] "Processing draws 18701 to 18800"
[1] "Chunk time = 17.687873840332"
[1] "Processing draws 18801 to 18900"
[1] "Chunk time = 17.7720623016357"
[1] "Processing draws 18901 to 19000"
[1] "Chunk time = 17.3814783096313"
[1] "Processing draws 19001 to 19100"
[1] "Chunk time = 17.5112216472626"
[1] "Processing draws 19101 to 19200"
[1] "Chunk time = 17.3987035751343"
[1] "Processing draws 19201 to 19300"
[1] "Chunk time = 17.6675300598145"
[1] "Processing draws 19301 to 19400"
[1] "Chunk time = 17.4938039779663"
[1] "Processing draws 19401 to 19500"
[1] "Chunk time = 17.7373058795929"
[1] "Processing draws 19501 to 19600"
[1] "Chunk time = 17.4066998958588"
[1] "Processing draws 19601 to 19700"
[1] "Chunk time = 17.4251348972321"
[1] "Processing draws 19701 to 19800"
[1] "Chunk time = 17.4245891571045"
[1] "Processing draws 19801 to 19900"
[1] "Chunk time = 17.1955862045288"
[1] "Processing draws 19901 to 20000"
[1] "Chunk time = 17.5308783054352"
[1] "done lapplying"
[1] "Saving current params"
[1] "Saving params to output.rds"
[1] TRUE
