Lmod Warning:
-------------------------------------------------------------------------------
The following dependent module(s) are not currently loaded: proj/9.2.0
(required by: libgeotiff/1.7.1, libspatialite/5.1.0, gdal/3.9.1)
-------------------------------------------------------------------------------




The following have been reloaded with a version change:
  1) proj/9.2.0 => proj/9.4.1

Loading required package: matrixStats
Loading required package: sp
Loading required package: gstat
Loading required package: ggplot2
Loading required package: reshape2
Loading required package: raster
Loading required package: sp
Loading required package: rasterVis
Loading required package: lattice
Loading required package: parallel
Loading required package: future
Loading required package: furrr
Loading required package: future
