
TRANSLATING MODEL '' FROM Stan CODE TO C++ CODE NOW.
OS: x86_64, linux-gnu; rstan: 2.32.7; Rcpp: 1.0.14; inline: 0.3.21 
 >> setting environment variables: 
PKG_LIBS =  '/home/melanson/R/x86_64-pc-linux-gnu-library/4.3/rstan/lib//libStanServices.a' -L'/home/melanson/R/x86_64-pc-linux-gnu-library/4.3/StanHeaders/lib/' -lStanHeaders -L'/home/melanson/R/x86_64-pc-linux-gnu-library/4.3/RcppParallel/lib/' -ltbb 
PKG_CPPFLAGS =   -I"/home/melanson/R/x86_64-pc-linux-gnu-library/4.3/Rcpp/include/"  -I"/home/melanson/R/x86_64-pc-linux-gnu-library/4.3/RcppEigen/include/"  -I"/home/melanson/R/x86_64-pc-linux-gnu-library/4.3/RcppEigen/include/unsupported"  -I"/home/melanson/R/x86_64-pc-linux-gnu-library/4.3/BH/include" -I"/home/melanson/R/x86_64-pc-linux-gnu-library/4.3/StanHeaders/include/src/"  -I"/home/melanson/R/x86_64-pc-linux-gnu-library/4.3/StanHeaders/include/"  -I"/home/melanson/R/x86_64-pc-linux-gnu-library/4.3/RcppParallel/include/"  -I"/home/melanson/R/x86_64-pc-linux-gnu-library/4.3/rstan/include" -DEIGEN_NO_DEBUG  -DBOOST_DISABLE_ASSERTS  -DBOOST_PENDING_INTEGER_LOG2_HPP  -DSTAN_THREADS  -DUSE_STANC3 -DSTRICT_R_HEADERS  -DBOOST_PHOENIX_NO_VARIADIC_EXPRESSION  -D_HAS_AUTO_PTR_ETC=0  -include '/home/melanson/R/x86_64-pc-linux-gnu-library/4.3/StanHeaders/include/stan/math/prim/fun/Eigen.hpp'  -D_REENTRANT -DRCPP_PARALLEL_USE_TBB=1 
 >> Program source :

   1 : 
   2 : // includes from the plugin
   3 : // [[Rcpp::plugins(cpp14)]]
   4 : 
   5 : 
   6 : // user includes
   7 : #include <Rcpp.h>
   8 : using namespace Rcpp;
   9 : #ifndef MODELS_HPP
  10 : #define MODELS_HPP
  11 : #define STAN__SERVICES__COMMAND_HPP
  12 : #include <rstan/rstaninc.hpp>
  13 : #ifndef USE_STANC3
  14 : #define USE_STANC3
  15 : #endif
  16 : // Code generated by stanc v2.32.2
  17 : #include <stan/model/model_header.hpp>
  18 : namespace model2bea5e272dac07__namespace {
  19 : using stan::model::model_base_crtp;
  20 : using namespace stan::math;
  21 : stan::math::profile_map profiles__;
  22 : static constexpr std::array<const char*, 57> locations_array__ =
  23 :   {" (found before start of program)",
  24 :   " (in 'anon_model', line 23, column 2 to column 20)",
  25 :   " (in 'anon_model', line 24, column 2 to column 22)",
  26 :   " (in 'anon_model', line 25, column 2 to column 13)",
  27 :   " (in 'anon_model', line 26, column 2 to column 16)",
  28 :   " (in 'anon_model', line 28, column 2 to column 50)",
  29 :   " (in 'anon_model', line 29, column 2 to column 50)",
  30 :   " (in 'anon_model', line 33, column 2 to column 40)",
  31 :   " (in 'anon_model', line 37, column 2 to column 33)",
  32 :   " (in 'anon_model', line 38, column 2 to column 22)",
  33 :   " (in 'anon_model', line 39, column 2 to column 25)",
  34 :   " (in 'anon_model', line 40, column 2 to column 21)",
  35 :   " (in 'anon_model', line 48, column 4 to column 26)",
  36 :   " (in 'anon_model', line 49, column 4 to column 28)",
  37 :   " (in 'anon_model', line 52, column 11 to column 17)",
  38 :   " (in 'anon_model', line 52, column 4 to line 53, column 94)",
  39 :   " (in 'anon_model', line 56, column 8 to column 53)",
  40 :   " (in 'anon_model', line 55, column 28 to line 57, column 7)",
  41 :   " (in 'anon_model', line 55, column 6 to line 57, column 7)",
  42 :   " (in 'anon_model', line 54, column 23 to line 58, column 5)",
  43 :   " (in 'anon_model', line 54, column 4 to line 58, column 5)",
  44 :   " (in 'anon_model', line 61, column 11 to column 17)",
  45 :   " (in 'anon_model', line 61, column 4 to line 63, column 63)",
  46 :   " (in 'anon_model', line 66, column 4 to column 66)",
  47 :   " (in 'anon_model', line 45, column 17 to line 67, column 3)",
  48 :   " (in 'anon_model', line 45, column 2 to line 67, column 3)",
  49 :   " (in 'anon_model', line 42, column 2 to line 68, column 1)",
  50 :   " (in 'anon_model', line 4, column 2 to column 17)",
  51 :   " (in 'anon_model', line 5, column 2 to column 17)",
  52 :   " (in 'anon_model', line 6, column 2 to column 17)",
  53 :   " (in 'anon_model', line 7, column 13 to column 14)",
  54 :   " (in 'anon_model', line 7, column 2 to column 16)",
  55 :   " (in 'anon_model', line 8, column 14 to column 15)",
  56 :   " (in 'anon_model', line 8, column 2 to column 17)",
  57 :   " (in 'anon_model', line 9, column 9 to column 10)",
  58 :   " (in 'anon_model', line 9, column 2 to column 24)",
  59 :   " (in 'anon_model', line 10, column 9 to column 10)",
  60 :   " (in 'anon_model', line 10, column 2 to column 26)",
  61 :   " (in 'anon_model', line 11, column 16 to column 17)",
  62 :   " (in 'anon_model', line 11, column 2 to column 19)",
  63 :   " (in 'anon_model', line 12, column 14 to column 15)",
  64 :   " (in 'anon_model', line 12, column 2 to column 17)",
  65 :   " (in 'anon_model', line 13, column 9 to column 10)",
  66 :   " (in 'anon_model', line 13, column 2 to column 15)",
  67 :   " (in 'anon_model', line 14, column 12 to column 13)",
  68 :   " (in 'anon_model', line 14, column 2 to column 15)",
  69 :   " (in 'anon_model', line 15, column 9 to column 10)",
  70 :   " (in 'anon_model', line 15, column 2 to column 15)",
  71 :   " (in 'anon_model', line 16, column 2 to column 15)",
  72 :   " (in 'anon_model', line 17, column 2 to column 15)",
  73 :   " (in 'anon_model', line 18, column 2 to column 15)",
  74 :   " (in 'anon_model', line 19, column 2 to column 15)",
  75 :   " (in 'anon_model', line 20, column 2 to column 12)",
  76 :   " (in 'anon_model', line 26, column 9 to column 10)",
  77 :   " (in 'anon_model', line 28, column 39 to column 40)",
  78 :   " (in 'anon_model', line 29, column 39 to column 40)",
  79 :   " (in 'anon_model', line 33, column 9 to column 10)"};
  80 : class model2bea5e272dac07_ final : public model_base_crtp<model2bea5e272dac07_> {
  81 : private:
  82 :   int C;
  83 :   int K;
  84 :   int O;
  85 :   std::vector<int> starts;
  86 :   std::vector<int> lengths;
  87 :   Eigen::Matrix<double,-1,-1> trap_pos_data__;
  88 :   Eigen::Matrix<double,-1,1> sample_effort_data__;
  89 :   std::vector<int> colony_id;
  90 :   std::vector<int> trap_id;
  91 :   Eigen::Matrix<double,-1,1> fq_data__;
  92 :   std::vector<int> y_obs;
  93 :   Eigen::Matrix<double,-1,1> yn_data__;
  94 :   double lower_x;
  95 :   double upper_x;
  96 :   double lower_y;
  97 :   double upper_y;
  98 :   double Rmax;
  99 :   Eigen::Map<Eigen::Matrix<double,-1,-1>> trap_pos{nullptr, 0, 0};
 100 :   Eigen::Map<Eigen::Matrix<double,-1,1>> sample_effort{nullptr, 0};
 101 :   Eigen::Map<Eigen::Matrix<double,-1,1>> fq{nullptr, 0};
 102 :   Eigen::Map<Eigen::Matrix<double,-1,1>> yn{nullptr, 0};
 103 : public:
 104 :   ~model2bea5e272dac07_() {}
 105 :   model2bea5e272dac07_(stan::io::var_context& context__, unsigned int
 106 :                        random_seed__ = 0, std::ostream* pstream__ = nullptr)
 107 :       : model_base_crtp(0) {
 108 :     int current_statement__ = 0;
 109 :     using local_scalar_t__ = double;
 110 :     boost::ecuyer1988 base_rng__ =
 111 :       stan::services::util::create_rng(random_seed__, 0);
 112 :     // suppress unused var warning
 113 :     (void) base_rng__;
 114 :     static constexpr const char* function__ =
 115 :       "model2bea5e272dac07__namespace::model2bea5e272dac07_";
 116 :     // suppress unused var warning
 117 :     (void) function__;
 118 :     local_scalar_t__ DUMMY_VAR__(std::numeric_limits<double>::quiet_NaN());
 119 :     // suppress unused var warning
 120 :     (void) DUMMY_VAR__;
 121 :     try {
 122 :       int pos__ = std::numeric_limits<int>::min();
 123 :       pos__ = 1;
 124 :       current_statement__ = 27;
 125 :       context__.validate_dims("data initialization", "C", "int",
 126 :         std::vector<size_t>{});
 127 :       C = std::numeric_limits<int>::min();
 128 :       current_statement__ = 27;
 129 :       C = context__.vals_i("C")[(1 - 1)];
 130 :       current_statement__ = 27;
 131 :       stan::math::check_greater_or_equal(function__, "C", C, 1);
 132 :       current_statement__ = 28;
 133 :       context__.validate_dims("data initialization", "K", "int",
 134 :         std::vector<size_t>{});
 135 :       K = std::numeric_limits<int>::min();
 136 :       current_statement__ = 28;
 137 :       K = context__.vals_i("K")[(1 - 1)];
 138 :       current_statement__ = 28;
 139 :       stan::math::check_greater_or_equal(function__, "K", K, 1);
 140 :       current_statement__ = 29;
 141 :       context__.validate_dims("data initialization", "O", "int",
 142 :         std::vector<size_t>{});
 143 :       O = std::numeric_limits<int>::min();
 144 :       current_statement__ = 29;
 145 :       O = context__.vals_i("O")[(1 - 1)];
 146 :       current_statement__ = 29;
 147 :       stan::math::check_greater_or_equal(function__, "O", O, 1);
 148 :       current_statement__ = 30;
 149 :       stan::math::validate_non_negative_index("starts", "C", C);
 150 :       current_statement__ = 31;
 151 :       context__.validate_dims("data initialization", "starts", "int",
 152 :         std::vector<size_t>{static_cast<size_t>(C)});
 153 :       starts = std::vector<int>(C, std::numeric_limits<int>::min());
 154 :       current_statement__ = 31;
 155 :       starts = context__.vals_i("starts");
 156 :       current_statement__ = 32;
 157 :       stan::math::validate_non_negative_index("lengths", "C", C);
 158 :       current_statement__ = 33;
 159 :       context__.validate_dims("data initialization", "lengths", "int",
 160 :         std::vector<size_t>{static_cast<size_t>(C)});
 161 :       lengths = std::vector<int>(C, std::numeric_limits<int>::min());
 162 :       current_statement__ = 33;
 163 :       lengths = context__.vals_i("lengths");
 164 :       current_statement__ = 34;
 165 :       stan::math::validate_non_negative_index("trap_pos", "O", O);
 166 :       current_statement__ = 35;
 167 :       context__.validate_dims("data initialization", "trap_pos", "double",
 168 :         std::vector<size_t>{static_cast<size_t>(O), static_cast<size_t>(2)});
 169 :       trap_pos_data__ = Eigen::Matrix<double,-1,-1>::Constant(O, 2,
 170 :                           std::numeric_limits<double>::quiet_NaN());
 171 :       new (&trap_pos)
 172 :         Eigen::Map<Eigen::Matrix<double,-1,-1>>(trap_pos_data__.data(), O, 2);
 173 :       {
 174 :         std::vector<local_scalar_t__> trap_pos_flat__;
 175 :         current_statement__ = 35;
 176 :         trap_pos_flat__ = context__.vals_r("trap_pos");
 177 :         current_statement__ = 35;
 178 :         pos__ = 1;
 179 :         current_statement__ = 35;
 180 :         for (int sym1__ = 1; sym1__ <= 2; ++sym1__) {
 181 :           current_statement__ = 35;
 182 :           for (int sym2__ = 1; sym2__ <= O; ++sym2__) {
 183 :             current_statement__ = 35;
 184 :             stan::model::assign(trap_pos, trap_pos_flat__[(pos__ - 1)],
 185 :               "assigning variable trap_pos", stan::model::index_uni(sym2__),
 186 :               stan::model::index_uni(sym1__));
 187 :             current_statement__ = 35;
 188 :             pos__ = (pos__ + 1);
 189 :           }
 190 :         }
 191 :       }
 192 :       current_statement__ = 36;
 193 :       stan::math::validate_non_negative_index("sample_effort", "O", O);
 194 :       current_statement__ = 37;
 195 :       context__.validate_dims("data initialization", "sample_effort",
 196 :         "double", std::vector<size_t>{static_cast<size_t>(O)});
 197 :       sample_effort_data__ = Eigen::Matrix<double,-1,1>::Constant(O,
 198 :                                std::numeric_limits<double>::quiet_NaN());
 199 :       new (&sample_effort)
 200 :         Eigen::Map<Eigen::Matrix<double,-1,1>>(sample_effort_data__.data(),
 201 :         O);
 202 :       {
 203 :         std::vector<local_scalar_t__> sample_effort_flat__;
 204 :         current_statement__ = 37;
 205 :         sample_effort_flat__ = context__.vals_r("sample_effort");
 206 :         current_statement__ = 37;
 207 :         pos__ = 1;
 208 :         current_statement__ = 37;
 209 :         for (int sym1__ = 1; sym1__ <= O; ++sym1__) {
 210 :           current_statement__ = 37;
 211 :           stan::model::assign(sample_effort, sample_effort_flat__[(pos__ -
 212 :             1)], "assigning variable sample_effort",
 213 :             stan::model::index_uni(sym1__));
 214 :           current_statement__ = 37;
 215 :           pos__ = (pos__ + 1);
 216 :         }
 217 :       }
 218 :       current_statement__ = 38;
 219 :       stan::math::validate_non_negative_index("colony_id", "O", O);
 220 :       current_statement__ = 39;
 221 :       context__.validate_dims("data initialization", "colony_id", "int",
 222 :         std::vector<size_t>{static_cast<size_t>(O)});
 223 :       colony_id = std::vector<int>(O, std::numeric_limits<int>::min());
 224 :       current_statement__ = 39;
 225 :       colony_id = context__.vals_i("colony_id");
 226 :       current_statement__ = 40;
 227 :       stan::math::validate_non_negative_index("trap_id", "O", O);
 228 :       current_statement__ = 41;
 229 :       context__.validate_dims("data initialization", "trap_id", "int",
 230 :         std::vector<size_t>{static_cast<size_t>(O)});
 231 :       trap_id = std::vector<int>(O, std::numeric_limits<int>::min());
 232 :       current_statement__ = 41;
 233 :       trap_id = context__.vals_i("trap_id");
 234 :       current_statement__ = 42;
 235 :       stan::math::validate_non_negative_index("fq", "O", O);
 236 :       current_statement__ = 43;
 237 :       context__.validate_dims("data initialization", "fq", "double",
 238 :         std::vector<size_t>{static_cast<size_t>(O)});
 239 :       fq_data__ = Eigen::Matrix<double,-1,1>::Constant(O,
 240 :                     std::numeric_limits<double>::quiet_NaN());
 241 :       new (&fq) Eigen::Map<Eigen::Matrix<double,-1,1>>(fq_data__.data(), O);
 242 :       {
 243 :         std::vector<local_scalar_t__> fq_flat__;
 244 :         current_statement__ = 43;
 245 :         fq_flat__ = context__.vals_r("fq");
 246 :         current_statement__ = 43;
 247 :         pos__ = 1;
 248 :         current_statement__ = 43;
 249 :         for (int sym1__ = 1; sym1__ <= O; ++sym1__) {
 250 :           current_statement__ = 43;
 251 :           stan::model::assign(fq, fq_flat__[(pos__ - 1)],
 252 :             "assigning variable fq", stan::model::index_uni(sym1__));
 253 :           current_statement__ = 43;
 254 :           pos__ = (pos__ + 1);
 255 :         }
 256 :       }
 257 :       current_statement__ = 44;
 258 :       stan::math::validate_non_negative_index("y_obs", "O", O);
 259 :       current_statement__ = 45;
 260 :       context__.validate_dims("data initialization", "y_obs", "int",
 261 :         std::vector<size_t>{static_cast<size_t>(O)});
 262 :       y_obs = std::vector<int>(O, std::numeric_limits<int>::min());
 263 :       current_statement__ = 45;
 264 :       y_obs = context__.vals_i("y_obs");
 265 :       current_statement__ = 46;
 266 :       stan::math::validate_non_negative_index("yn", "O", O);
 267 :       current_statement__ = 47;
 268 :       context__.validate_dims("data initialization", "yn", "double",
 269 :         std::vector<size_t>{static_cast<size_t>(O)});
 270 :       yn_data__ = Eigen::Matrix<double,-1,1>::Constant(O,
 271 :                     std::numeric_limits<double>::quiet_NaN());
 272 :       new (&yn) Eigen::Map<Eigen::Matrix<double,-1,1>>(yn_data__.data(), O);
 273 :       {
 274 :         std::vector<local_scalar_t__> yn_flat__;
 275 :         current_statement__ = 47;
 276 :         yn_flat__ = context__.vals_r("yn");
 277 :         current_statement__ = 47;
 278 :         pos__ = 1;
 279 :         current_statement__ = 47;
 280 :         for (int sym1__ = 1; sym1__ <= O; ++sym1__) {
 281 :           current_statement__ = 47;
 282 :           stan::model::assign(yn, yn_flat__[(pos__ - 1)],
 283 :             "assigning variable yn", stan::model::index_uni(sym1__));
 284 :           current_statement__ = 47;
 285 :           pos__ = (pos__ + 1);
 286 :         }
 287 :       }
 288 :       current_statement__ = 48;
 289 :       context__.validate_dims("data initialization", "lower_x", "double",
 290 :         std::vector<size_t>{});
 291 :       lower_x = std::numeric_limits<double>::quiet_NaN();
 292 :       current_statement__ = 48;
 293 :       lower_x = context__.vals_r("lower_x")[(1 - 1)];
 294 :       current_statement__ = 49;
 295 :       context__.validate_dims("data initialization", "upper_x", "double",
 296 :         std::vector<size_t>{});
 297 :       upper_x = std::numeric_limits<double>::quiet_NaN();
 298 :       current_statement__ = 49;
 299 :       upper_x = context__.vals_r("upper_x")[(1 - 1)];
 300 :       current_statement__ = 50;
 301 :       context__.validate_dims("data initialization", "lower_y", "double",
 302 :         std::vector<size_t>{});
 303 :       lower_y = std::numeric_limits<double>::quiet_NaN();
 304 :       current_statement__ = 50;
 305 :       lower_y = context__.vals_r("lower_y")[(1 - 1)];
 306 :       current_statement__ = 51;
 307 :       context__.validate_dims("data initialization", "upper_y", "double",
 308 :         std::vector<size_t>{});
 309 :       upper_y = std::numeric_limits<double>::quiet_NaN();
 310 :       current_statement__ = 51;
 311 :       upper_y = context__.vals_r("upper_y")[(1 - 1)];
 312 :       current_statement__ = 52;
 313 :       context__.validate_dims("data initialization", "Rmax", "double",
 314 :         std::vector<size_t>{});
 315 :       Rmax = std::numeric_limits<double>::quiet_NaN();
 316 :       current_statement__ = 52;
 317 :       Rmax = context__.vals_r("Rmax")[(1 - 1)];
 318 :       current_statement__ = 53;
 319 :       stan::math::validate_non_negative_index("eps", "K", K);
 320 :       current_statement__ = 54;
 321 :       stan::math::validate_non_negative_index("delta_x", "C", C);
 322 :       current_statement__ = 55;
 323 :       stan::math::validate_non_negative_index("delta_y", "C", C);
 324 :       current_statement__ = 56;
 325 :       stan::math::validate_non_negative_index("eps_scale", "K", K);
 326 :     } catch (const std::exception& e) {
 327 :       stan::lang::rethrow_located(e, locations_array__[current_statement__]);
 328 :     }
 329 :     num_params_r__ = 1 + 1 + 1 + K + C + C;
 330 :   }
 331 :   inline std::string model_name() const final {
 332 :     return "model2bea5e272dac07_";
 333 :   }
 334 :   inline std::vector<std::string> model_compile_info() const noexcept {
 335 :     return std::vector<std::string>{"stanc_version = stanc3 v2.32.2",
 336 :              "stancflags = --"};
 337 :   }
 338 :   template <bool propto__, bool jacobian__, typename VecR, typename VecI,
 339 :             stan::require_vector_like_t<VecR>* = nullptr,
 340 :             stan::require_vector_like_vt<std::is_integral, VecI>* = nullptr>
 341 :   inline stan::scalar_type_t<VecR>
 342 :   log_prob_impl(VecR& params_r__, VecI& params_i__, std::ostream*
 343 :                 pstream__ = nullptr) const {
 344 :     using T__ = stan::scalar_type_t<VecR>;
 345 :     using local_scalar_t__ = T__;
 346 :     T__ lp__(0.0);
 347 :     stan::math::accumulator<T__> lp_accum__;
 348 :     stan::io::deserializer<local_scalar_t__> in__(params_r__, params_i__);
 349 :     int current_statement__ = 0;
 350 :     local_scalar_t__ DUMMY_VAR__(std::numeric_limits<double>::quiet_NaN());
 351 :     // suppress unused var warning
 352 :     (void) DUMMY_VAR__;
 353 :     static constexpr const char* function__ =
 354 :       "model2bea5e272dac07__namespace::log_prob";
 355 :     // suppress unused var warning
 356 :     (void) function__;
 357 :     try {
 358 :       local_scalar_t__ rho = DUMMY_VAR__;
 359 :       current_statement__ = 1;
 360 :       rho = in__.template read_constrain_lb<local_scalar_t__, jacobian__>(0,
 361 :               lp__);
 362 :       local_scalar_t__ sigma = DUMMY_VAR__;
 363 :       current_statement__ = 2;
 364 :       sigma = in__.template read_constrain_lb<local_scalar_t__,
 365 :                 jacobian__>(0, lp__);
 366 :       local_scalar_t__ theta = DUMMY_VAR__;
 367 :       current_statement__ = 3;
 368 :       theta = in__.template read<local_scalar_t__>();
 369 :       Eigen::Matrix<local_scalar_t__,-1,1> eps =
 370 :         Eigen::Matrix<local_scalar_t__,-1,1>::Constant(K, DUMMY_VAR__);
 371 :       current_statement__ = 4;
 372 :       eps = in__.template read<Eigen::Matrix<local_scalar_t__,-1,1>>(K);
 373 :       Eigen::Matrix<local_scalar_t__,-1,1> delta_x =
 374 :         Eigen::Matrix<local_scalar_t__,-1,1>::Constant(C, DUMMY_VAR__);
 375 :       current_statement__ = 5;
 376 :       delta_x = in__.template read_constrain_lub<
 377 :                   Eigen::Matrix<local_scalar_t__,-1,1>, jacobian__>(lower_x,
 378 :                   upper_x, lp__, C);
 379 :       Eigen::Matrix<local_scalar_t__,-1,1> delta_y =
 380 :         Eigen::Matrix<local_scalar_t__,-1,1>::Constant(C, DUMMY_VAR__);
 381 :       current_statement__ = 6;
 382 :       delta_y = in__.template read_constrain_lub<
 383 :                   Eigen::Matrix<local_scalar_t__,-1,1>, jacobian__>(lower_y,
 384 :                   upper_y, lp__, C);
 385 :       Eigen::Matrix<local_scalar_t__,-1,1> eps_scale =
 386 :         Eigen::Matrix<local_scalar_t__,-1,1>::Constant(K, DUMMY_VAR__);
 387 :       current_statement__ = 7;
 388 :       stan::model::assign(eps_scale,
 389 :         stan::math::multiply(eps, stan::math::sqrt(sigma)),
 390 :         "assigning variable eps_scale");
 391 :       {
 392 :         current_statement__ = 8;
 393 :         lp_accum__.add(stan::math::lognormal_lpdf<propto__>(rho,
 394 :                          stan::math::log(0.5), 0.5));
 395 :         current_statement__ = 9;
 396 :         lp_accum__.add(stan::math::normal_lpdf<propto__>(theta, 0, 1));
 397 :         current_statement__ = 10;
 398 :         lp_accum__.add(stan::math::exponential_lpdf<propto__>(sigma, 1));
 399 :         current_statement__ = 11;
 400 :         lp_accum__.add(stan::math::normal_lpdf<propto__>(eps, 0, 1));
 401 :         {
 402 :           current_statement__ = 25;
 403 :           for (int c = 1; c <= C; ++c) {
 404 :             int start = std::numeric_limits<int>::min();
 405 :             current_statement__ = 12;
 406 :             start = stan::model::rvalue(starts, "starts",
 407 :                       stan::model::index_uni(c));
 408 :             int length = std::numeric_limits<int>::min();
 409 :             current_statement__ = 13;
 410 :             length = stan::model::rvalue(lengths, "lengths",
 411 :                        stan::model::index_uni(c));
 412 :             current_statement__ = 14;
 413 :             stan::math::validate_non_negative_index("dis", "length", length);
 414 :             Eigen::Matrix<local_scalar_t__,-1,1> dis =
 415 :               Eigen::Matrix<local_scalar_t__,-1,1>::Constant(length,
 416 :                 DUMMY_VAR__);
 417 :             current_statement__ = 15;
 418 :             stan::model::assign(dis,
 419 :               stan::math::sqrt(
 420 :                 stan::math::add(
 421 :                   stan::math::square(
 422 :                     stan::math::subtract(
 423 :                       stan::model::rvalue(delta_x, "delta_x",
 424 :                         stan::model::index_uni(
 425 :                           stan::model::rvalue(colony_id, "colony_id",
 426 :                             stan::model::index_uni(start)))),
 427 :                       stan::model::rvalue(trap_pos, "trap_pos",
 428 :                         stan::model::index_min_max(start, ((start + length) -
 429 :                           1)), stan::model::index_uni(1)))),
 430 :                   stan::math::square(
 431 :                     stan::math::subtract(
 432 :                       stan::model::rvalue(delta_y, "delta_y",
 433 :                         stan::model::index_uni(
 434 :                           stan::model::rvalue(colony_id, "colony_id",
 435 :                             stan::model::index_uni(start)))),
 436 :                       stan::model::rvalue(trap_pos, "trap_pos",
 437 :                         stan::model::index_min_max(start, ((start + length) -
 438 :                           1)), stan::model::index_uni(2)))))),
 439 :               "assigning variable dis");
 440 :             current_statement__ = 20;
 441 :             for (int l = 1; l <= length; ++l) {
 442 :               current_statement__ = 18;
 443 :               if (stan::math::logical_eq(
 444 :                     stan::model::rvalue(yn, "yn",
 445 :                       stan::model::index_uni(((start + l) - 1))), 1)) {
 446 :                 current_statement__ = 16;
 447 :                 lp_accum__.add(stan::math::normal_lpdf<false>(
 448 :                                  stan::model::rvalue(dis, "dis",
 449 :                                    stan::model::index_uni(l)), 0, (Rmax /
 450 :                                  2.58)));
 451 :               }
 452 :             }
 453 :             current_statement__ = 21;
 454 :             stan::math::validate_non_negative_index("lambda_ik", "length",
 455 :               length);
 456 :             Eigen::Matrix<local_scalar_t__,-1,1> lambda_ik =
 457 :               Eigen::Matrix<local_scalar_t__,-1,1>::Constant(length,
 458 :                 DUMMY_VAR__);
 459 :             current_statement__ = 22;
 460 :             stan::model::assign(lambda_ik,
 461 :               stan::math::add(
 462 :                 stan::math::add(
 463 :                   stan::math::add(
 464 :                     stan::math::multiply(-0.5,
 465 :                       stan::math::pow(stan::math::divide(dis, rho), 2)),
 466 :                     stan::math::multiply(theta,
 467 :                       stan::model::rvalue(fq, "fq",
 468 :                         stan::model::index_min_max(start, ((start + length) -
 469 :                           1))))),
 470 :                   stan::model::rvalue(eps_scale, "eps_scale",
 471 :                     stan::model::index_multi(
 472 :                       stan::model::rvalue(trap_id, "trap_id",
 473 :                         stan::model::index_min_max(start, ((start + length) -
 474 :                           1)))))),
 475 :                 stan::math::log(
 476 :                   stan::model::rvalue(sample_effort, "sample_effort",
 477 :                     stan::model::index_min_max(start, ((start + length) - 1))))),
 478 :               "assigning variable lambda_ik");
 479 :             current_statement__ = 23;
 480 :             lp_accum__.add(stan::math::multinomial_lpmf<propto__>(
 481 :                              stan::model::rvalue(y_obs, "y_obs",
 482 :                                stan::model::index_min_max(start, ((start +
 483 :                                  length) - 1))),
 484 :                              stan::math::softmax(lambda_ik)));
 485 :           }
 486 :         }
 487 :       }
 488 :     } catch (const std::exception& e) {
 489 :       stan::lang::rethrow_located(e, locations_array__[current_statement__]);
 490 :     }
 491 :     lp_accum__.add(lp__);
 492 :     return lp_accum__.sum();
 493 :   }
 494 :   template <typename RNG, typename VecR, typename VecI, typename VecVar,
 495 :             stan::require_vector_like_vt<std::is_floating_point,
 496 :             VecR>* = nullptr, stan::require_vector_like_vt<std::is_integral,
 497 :             VecI>* = nullptr, stan::require_vector_vt<std::is_floating_point,
 498 :             VecVar>* = nullptr>
 499 :   inline void
 500 :   write_array_impl(RNG& base_rng__, VecR& params_r__, VecI& params_i__,
 501 :                    VecVar& vars__, const bool
 502 :                    emit_transformed_parameters__ = true, const bool
 503 :                    emit_generated_quantities__ = true, std::ostream*
 504 :                    pstream__ = nullptr) const {
 505 :     using local_scalar_t__ = double;
 506 :     stan::io::deserializer<local_scalar_t__> in__(params_r__, params_i__);
 507 :     stan::io::serializer<local_scalar_t__> out__(vars__);
 508 :     static constexpr bool propto__ = true;
 509 :     // suppress unused var warning
 510 :     (void) propto__;
 511 :     double lp__ = 0.0;
 512 :     // suppress unused var warning
 513 :     (void) lp__;
 514 :     int current_statement__ = 0;
 515 :     stan::math::accumulator<double> lp_accum__;
 516 :     local_scalar_t__ DUMMY_VAR__(std::numeric_limits<double>::quiet_NaN());
 517 :     // suppress unused var warning
 518 :     (void) DUMMY_VAR__;
 519 :     constexpr bool jacobian__ = false;
 520 :     static constexpr const char* function__ =
 521 :       "model2bea5e272dac07__namespace::write_array";
 522 :     // suppress unused var warning
 523 :     (void) function__;
 524 :     try {
 525 :       double rho = std::numeric_limits<double>::quiet_NaN();
 526 :       current_statement__ = 1;
 527 :       rho = in__.template read_constrain_lb<local_scalar_t__, jacobian__>(0,
 528 :               lp__);
 529 :       double sigma = std::numeric_limits<double>::quiet_NaN();
 530 :       current_statement__ = 2;
 531 :       sigma = in__.template read_constrain_lb<local_scalar_t__,
 532 :                 jacobian__>(0, lp__);
 533 :       double theta = std::numeric_limits<double>::quiet_NaN();
 534 :       current_statement__ = 3;
 535 :       theta = in__.template read<local_scalar_t__>();
 536 :       Eigen::Matrix<double,-1,1> eps =
 537 :         Eigen::Matrix<double,-1,1>::Constant(K,
 538 :           std::numeric_limits<double>::quiet_NaN());
 539 :       current_statement__ = 4;
 540 :       eps = in__.template read<Eigen::Matrix<local_scalar_t__,-1,1>>(K);
 541 :       Eigen::Matrix<double,-1,1> delta_x =
 542 :         Eigen::Matrix<double,-1,1>::Constant(C,
 543 :           std::numeric_limits<double>::quiet_NaN());
 544 :       current_statement__ = 5;
 545 :       delta_x = in__.template read_constrain_lub<
 546 :                   Eigen::Matrix<local_scalar_t__,-1,1>, jacobian__>(lower_x,
 547 :                   upper_x, lp__, C);
 548 :       Eigen::Matrix<double,-1,1> delta_y =
 549 :         Eigen::Matrix<double,-1,1>::Constant(C,
 550 :           std::numeric_limits<double>::quiet_NaN());
 551 :       current_statement__ = 6;
 552 :       delta_y = in__.template read_constrain_lub<
 553 :                   Eigen::Matrix<local_scalar_t__,-1,1>, jacobian__>(lower_y,
 554 :                   upper_y, lp__, C);
 555 :       Eigen::Matrix<double,-1,1> eps_scale =
 556 :         Eigen::Matrix<double,-1,1>::Constant(K,
 557 :           std::numeric_limits<double>::quiet_NaN());
 558 :       out__.write(rho);
 559 :       out__.write(sigma);
 560 :       out__.write(theta);
 561 :       out__.write(eps);
 562 :       out__.write(delta_x);
 563 :       out__.write(delta_y);
 564 :       if (stan::math::logical_negation(
 565 :             (stan::math::primitive_value(emit_transformed_parameters__) ||
 566 :             stan::math::primitive_value(emit_generated_quantities__)))) {
 567 :         return ;
 568 :       }
 569 :       current_statement__ = 7;
 570 :       stan::model::assign(eps_scale,
 571 :         stan::math::multiply(eps, stan::math::sqrt(sigma)),
 572 :         "assigning variable eps_scale");
 573 :       if (emit_transformed_parameters__) {
 574 :         out__.write(eps_scale);
 575 :       }
 576 :       if (stan::math::logical_negation(emit_generated_quantities__)) {
 577 :         return ;
 578 :       }
 579 :     } catch (const std::exception& e) {
 580 :       stan::lang::rethrow_located(e, locations_array__[current_statement__]);
 581 :     }
 582 :   }
 583 :   template <typename VecVar, typename VecI,
 584 :             stan::require_vector_t<VecVar>* = nullptr,
 585 :             stan::require_vector_like_vt<std::is_integral, VecI>* = nullptr>
 586 :   inline void
 587 :   unconstrain_array_impl(const VecVar& params_r__, const VecI& params_i__,
 588 :                          VecVar& vars__, std::ostream* pstream__ = nullptr) const {
 589 :     using local_scalar_t__ = double;
 590 :     stan::io::deserializer<local_scalar_t__> in__(params_r__, params_i__);
 591 :     stan::io::serializer<local_scalar_t__> out__(vars__);
 592 :     int current_statement__ = 0;
 593 :     local_scalar_t__ DUMMY_VAR__(std::numeric_limits<double>::quiet_NaN());
 594 :     // suppress unused var warning
 595 :     (void) DUMMY_VAR__;
 596 :     try {
 597 :       int pos__ = std::numeric_limits<int>::min();
 598 :       pos__ = 1;
 599 :       local_scalar_t__ rho = DUMMY_VAR__;
 600 :       current_statement__ = 1;
 601 :       rho = in__.read<local_scalar_t__>();
 602 :       out__.write_free_lb(0, rho);
 603 :       local_scalar_t__ sigma = DUMMY_VAR__;
 604 :       current_statement__ = 2;
 605 :       sigma = in__.read<local_scalar_t__>();
 606 :       out__.write_free_lb(0, sigma);
 607 :       local_scalar_t__ theta = DUMMY_VAR__;
 608 :       current_statement__ = 3;
 609 :       theta = in__.read<local_scalar_t__>();
 610 :       out__.write(theta);
 611 :       Eigen::Matrix<local_scalar_t__,-1,1> eps =
 612 :         Eigen::Matrix<local_scalar_t__,-1,1>::Constant(K, DUMMY_VAR__);
 613 :       current_statement__ = 4;
 614 :       stan::model::assign(eps,
 615 :         in__.read<Eigen::Matrix<local_scalar_t__,-1,1>>(K),
 616 :         "assigning variable eps");
 617 :       out__.write(eps);
 618 :       Eigen::Matrix<local_scalar_t__,-1,1> delta_x =
 619 :         Eigen::Matrix<local_scalar_t__,-1,1>::Constant(C, DUMMY_VAR__);
 620 :       current_statement__ = 5;
 621 :       stan::model::assign(delta_x,
 622 :         in__.read<Eigen::Matrix<local_scalar_t__,-1,1>>(C),
 623 :         "assigning variable delta_x");
 624 :       out__.write_free_lub(lower_x, upper_x, delta_x);
 625 :       Eigen::Matrix<local_scalar_t__,-1,1> delta_y =
 626 :         Eigen::Matrix<local_scalar_t__,-1,1>::Constant(C, DUMMY_VAR__);
 627 :       current_statement__ = 6;
 628 :       stan::model::assign(delta_y,
 629 :         in__.read<Eigen::Matrix<local_scalar_t__,-1,1>>(C),
 630 :         "assigning variable delta_y");
 631 :       out__.write_free_lub(lower_y, upper_y, delta_y);
 632 :     } catch (const std::exception& e) {
 633 :       stan::lang::rethrow_located(e, locations_array__[current_statement__]);
 634 :     }
 635 :   }
 636 :   template <typename VecVar, stan::require_vector_t<VecVar>* = nullptr>
 637 :   inline void
 638 :   transform_inits_impl(const stan::io::var_context& context__, VecVar&
 639 :                        vars__, std::ostream* pstream__ = nullptr) const {
 640 :     using local_scalar_t__ = double;
 641 :     stan::io::serializer<local_scalar_t__> out__(vars__);
 642 :     int current_statement__ = 0;
 643 :     local_scalar_t__ DUMMY_VAR__(std::numeric_limits<double>::quiet_NaN());
 644 :     // suppress unused var warning
 645 :     (void) DUMMY_VAR__;
 646 :     try {
 647 :       current_statement__ = 1;
 648 :       context__.validate_dims("parameter initialization", "rho", "double",
 649 :         std::vector<size_t>{});
 650 :       current_statement__ = 2;
 651 :       context__.validate_dims("parameter initialization", "sigma", "double",
 652 :         std::vector<size_t>{});
 653 :       current_statement__ = 3;
 654 :       context__.validate_dims("parameter initialization", "theta", "double",
 655 :         std::vector<size_t>{});
 656 :       current_statement__ = 4;
 657 :       context__.validate_dims("parameter initialization", "eps", "double",
 658 :         std::vector<size_t>{static_cast<size_t>(K)});
 659 :       current_statement__ = 5;
 660 :       context__.validate_dims("parameter initialization", "delta_x",
 661 :         "double", std::vector<size_t>{static_cast<size_t>(C)});
 662 :       current_statement__ = 6;
 663 :       context__.validate_dims("parameter initialization", "delta_y",
 664 :         "double", std::vector<size_t>{static_cast<size_t>(C)});
 665 :       int pos__ = std::numeric_limits<int>::min();
 666 :       pos__ = 1;
 667 :       local_scalar_t__ rho = DUMMY_VAR__;
 668 :       current_statement__ = 1;
 669 :       rho = context__.vals_r("rho")[(1 - 1)];
 670 :       out__.write_free_lb(0, rho);
 671 :       local_scalar_t__ sigma = DUMMY_VAR__;
 672 :       current_statement__ = 2;
 673 :       sigma = context__.vals_r("sigma")[(1 - 1)];
 674 :       out__.write_free_lb(0, sigma);
 675 :       local_scalar_t__ theta = DUMMY_VAR__;
 676 :       current_statement__ = 3;
 677 :       theta = context__.vals_r("theta")[(1 - 1)];
 678 :       out__.write(theta);
 679 :       Eigen::Matrix<local_scalar_t__,-1,1> eps =
 680 :         Eigen::Matrix<local_scalar_t__,-1,1>::Constant(K, DUMMY_VAR__);
 681 :       {
 682 :         std::vector<local_scalar_t__> eps_flat__;
 683 :         current_statement__ = 4;
 684 :         eps_flat__ = context__.vals_r("eps");
 685 :         current_statement__ = 4;
 686 :         pos__ = 1;
 687 :         current_statement__ = 4;
 688 :         for (int sym1__ = 1; sym1__ <= K; ++sym1__) {
 689 :           current_statement__ = 4;
 690 :           stan::model::assign(eps, eps_flat__[(pos__ - 1)],
 691 :             "assigning variable eps", stan::model::index_uni(sym1__));
 692 :           current_statement__ = 4;
 693 :           pos__ = (pos__ + 1);
 694 :         }
 695 :       }
 696 :       out__.write(eps);
 697 :       Eigen::Matrix<local_scalar_t__,-1,1> delta_x =
 698 :         Eigen::Matrix<local_scalar_t__,-1,1>::Constant(C, DUMMY_VAR__);
 699 :       {
 700 :         std::vector<local_scalar_t__> delta_x_flat__;
 701 :         current_statement__ = 5;
 702 :         delta_x_flat__ = context__.vals_r("delta_x");
 703 :         current_statement__ = 5;
 704 :         pos__ = 1;
 705 :         current_statement__ = 5;
 706 :         for (int sym1__ = 1; sym1__ <= C; ++sym1__) {
 707 :           current_statement__ = 5;
 708 :           stan::model::assign(delta_x, delta_x_flat__[(pos__ - 1)],
 709 :             "assigning variable delta_x", stan::model::index_uni(sym1__));
 710 :           current_statement__ = 5;
 711 :           pos__ = (pos__ + 1);
 712 :         }
 713 :       }
 714 :       out__.write_free_lub(lower_x, upper_x, delta_x);
 715 :       Eigen::Matrix<local_scalar_t__,-1,1> delta_y =
 716 :         Eigen::Matrix<local_scalar_t__,-1,1>::Constant(C, DUMMY_VAR__);
 717 :       {
 718 :         std::vector<local_scalar_t__> delta_y_flat__;
 719 :         current_statement__ = 6;
 720 :         delta_y_flat__ = context__.vals_r("delta_y");
 721 :         current_statement__ = 6;
 722 :         pos__ = 1;
 723 :         current_statement__ = 6;
 724 :         for (int sym1__ = 1; sym1__ <= C; ++sym1__) {
 725 :           current_statement__ = 6;
 726 :           stan::model::assign(delta_y, delta_y_flat__[(pos__ - 1)],
 727 :             "assigning variable delta_y", stan::model::index_uni(sym1__));
 728 :           current_statement__ = 6;
 729 :           pos__ = (pos__ + 1);
 730 :         }
 731 :       }
 732 :       out__.write_free_lub(lower_y, upper_y, delta_y);
 733 :     } catch (const std::exception& e) {
 734 :       stan::lang::rethrow_located(e, locations_array__[current_statement__]);
 735 :     }
 736 :   }
 737 :   inline void
 738 :   get_param_names(std::vector<std::string>& names__, const bool
 739 :                   emit_transformed_parameters__ = true, const bool
 740 :                   emit_generated_quantities__ = true) const {
 741 :     names__ = std::vector<std::string>{"rho", "sigma", "theta", "eps",
 742 :                 "delta_x", "delta_y"};
 743 :     if (emit_transformed_parameters__) {
 744 :       std::vector<std::string> temp{"eps_scale"};
 745 :       names__.reserve(names__.size() + temp.size());
 746 :       names__.insert(names__.end(), temp.begin(), temp.end());
 747 :     }
 748 :     if (emit_generated_quantities__) {}
 749 :   }
 750 :   inline void
 751 :   get_dims(std::vector<std::vector<size_t>>& dimss__, const bool
 752 :            emit_transformed_parameters__ = true, const bool
 753 :            emit_generated_quantities__ = true) const {
 754 :     dimss__ = std::vector<std::vector<size_t>>{std::vector<size_t>{},
 755 :                 std::vector<size_t>{}, std::vector<size_t>{},
 756 :                 std::vector<size_t>{static_cast<size_t>(K)},
 757 :                 std::vector<size_t>{static_cast<size_t>(C)},
 758 :                 std::vector<size_t>{static_cast<size_t>(C)}};
 759 :     if (emit_transformed_parameters__) {
 760 :       std::vector<std::vector<size_t>>
 761 :         temp{std::vector<size_t>{static_cast<size_t>(K)}};
 762 :       dimss__.reserve(dimss__.size() + temp.size());
 763 :       dimss__.insert(dimss__.end(), temp.begin(), temp.end());
 764 :     }
 765 :     if (emit_generated_quantities__) {}
 766 :   }
 767 :   inline void
 768 :   constrained_param_names(std::vector<std::string>& param_names__, bool
 769 :                           emit_transformed_parameters__ = true, bool
 770 :                           emit_generated_quantities__ = true) const final {
 771 :     param_names__.emplace_back(std::string() + "rho");
 772 :     param_names__.emplace_back(std::string() + "sigma");
 773 :     param_names__.emplace_back(std::string() + "theta");
 774 :     for (int sym1__ = 1; sym1__ <= K; ++sym1__) {
 775 :       param_names__.emplace_back(std::string() + "eps" + '.' +
 776 :         std::to_string(sym1__));
 777 :     }
 778 :     for (int sym1__ = 1; sym1__ <= C; ++sym1__) {
 779 :       param_names__.emplace_back(std::string() + "delta_x" + '.' +
 780 :         std::to_string(sym1__));
 781 :     }
 782 :     for (int sym1__ = 1; sym1__ <= C; ++sym1__) {
 783 :       param_names__.emplace_back(std::string() + "delta_y" + '.' +
 784 :         std::to_string(sym1__));
 785 :     }
 786 :     if (emit_transformed_parameters__) {
 787 :       for (int sym1__ = 1; sym1__ <= K; ++sym1__) {
 788 :         param_names__.emplace_back(std::string() + "eps_scale" + '.' +
 789 :           std::to_string(sym1__));
 790 :       }
 791 :     }
 792 :     if (emit_generated_quantities__) {}
 793 :   }
 794 :   inline void
 795 :   unconstrained_param_names(std::vector<std::string>& param_names__, bool
 796 :                             emit_transformed_parameters__ = true, bool
 797 :                             emit_generated_quantities__ = true) const final {
 798 :     param_names__.emplace_back(std::string() + "rho");
 799 :     param_names__.emplace_back(std::string() + "sigma");
 800 :     param_names__.emplace_back(std::string() + "theta");
 801 :     for (int sym1__ = 1; sym1__ <= K; ++sym1__) {
 802 :       param_names__.emplace_back(std::string() + "eps" + '.' +
 803 :         std::to_string(sym1__));
 804 :     }
 805 :     for (int sym1__ = 1; sym1__ <= C; ++sym1__) {
 806 :       param_names__.emplace_back(std::string() + "delta_x" + '.' +
 807 :         std::to_string(sym1__));
 808 :     }
 809 :     for (int sym1__ = 1; sym1__ <= C; ++sym1__) {
 810 :       param_names__.emplace_back(std::string() + "delta_y" + '.' +
 811 :         std::to_string(sym1__));
 812 :     }
 813 :     if (emit_transformed_parameters__) {
 814 :       for (int sym1__ = 1; sym1__ <= K; ++sym1__) {
 815 :         param_names__.emplace_back(std::string() + "eps_scale" + '.' +
 816 :           std::to_string(sym1__));
 817 :       }
 818 :     }
 819 :     if (emit_generated_quantities__) {}
 820 :   }
 821 :   inline std::string get_constrained_sizedtypes() const {
 822 :     return std::string("[{\"name\":\"rho\",\"type\":{\"name\":\"real\"},\"block\":\"parameters\"},{\"name\":\"sigma\",\"type\":{\"name\":\"real\"},\"block\":\"parameters\"},{\"name\":\"theta\",\"type\":{\"name\":\"real\"},\"block\":\"parameters\"},{\"name\":\"eps\",\"type\":{\"name\":\"vector\",\"length\":" + std::to_string(K) + "},\"block\":\"parameters\"},{\"name\":\"delta_x\",\"type\":{\"name\":\"vector\",\"length\":" + std::to_string(C) + "},\"block\":\"parameters\"},{\"name\":\"delta_y\",\"type\":{\"name\":\"vector\",\"length\":" + std::to_string(C) + "},\"block\":\"parameters\"},{\"name\":\"eps_scale\",\"type\":{\"name\":\"vector\",\"length\":" + std::to_string(K) + "},\"block\":\"transformed_parameters\"}]");
 823 :   }
 824 :   inline std::string get_unconstrained_sizedtypes() const {
 825 :     return std::string("[{\"name\":\"rho\",\"type\":{\"name\":\"real\"},\"block\":\"parameters\"},{\"name\":\"sigma\",\"type\":{\"name\":\"real\"},\"block\":\"parameters\"},{\"name\":\"theta\",\"type\":{\"name\":\"real\"},\"block\":\"parameters\"},{\"name\":\"eps\",\"type\":{\"name\":\"vector\",\"length\":" + std::to_string(K) + "},\"block\":\"parameters\"},{\"name\":\"delta_x\",\"type\":{\"name\":\"vector\",\"length\":" + std::to_string(C) + "},\"block\":\"parameters\"},{\"name\":\"delta_y\",\"type\":{\"name\":\"vector\",\"length\":" + std::to_string(C) + "},\"block\":\"parameters\"},{\"name\":\"eps_scale\",\"type\":{\"name\":\"vector\",\"length\":" + std::to_string(K) + "},\"block\":\"transformed_parameters\"}]");
 826 :   }
 827 :   // Begin method overload boilerplate
 828 :   template <typename RNG> inline void
 829 :   write_array(RNG& base_rng, Eigen::Matrix<double,-1,1>& params_r,
 830 :               Eigen::Matrix<double,-1,1>& vars, const bool
 831 :               emit_transformed_parameters = true, const bool
 832 :               emit_generated_quantities = true, std::ostream*
 833 :               pstream = nullptr) const {
 834 :     const size_t num_params__ = (((((1 + 1) + 1) + K) + C) + C);
 835 :     const size_t num_transformed = emit_transformed_parameters * (K);
 836 :     const size_t num_gen_quantities = emit_generated_quantities * (0);
 837 :     const size_t num_to_write = num_params__ + num_transformed +
 838 :       num_gen_quantities;
 839 :     std::vector<int> params_i;
 840 :     vars = Eigen::Matrix<double,-1,1>::Constant(num_to_write,
 841 :              std::numeric_limits<double>::quiet_NaN());
 842 :     write_array_impl(base_rng, params_r, params_i, vars,
 843 :       emit_transformed_parameters, emit_generated_quantities, pstream);
 844 :   }
 845 :   template <typename RNG> inline void
 846 :   write_array(RNG& base_rng, std::vector<double>& params_r, std::vector<int>&
 847 :               params_i, std::vector<double>& vars, bool
 848 :               emit_transformed_parameters = true, bool
 849 :               emit_generated_quantities = true, std::ostream*
 850 :               pstream = nullptr) const {
 851 :     const size_t num_params__ = (((((1 + 1) + 1) + K) + C) + C);
 852 :     const size_t num_transformed = emit_transformed_parameters * (K);
 853 :     const size_t num_gen_quantities = emit_generated_quantities * (0);
 854 :     const size_t num_to_write = num_params__ + num_transformed +
 855 :       num_gen_quantities;
 856 :     vars = std::vector<double>(num_to_write,
 857 :              std::numeric_limits<double>::quiet_NaN());
 858 :     write_array_impl(base_rng, params_r, params_i, vars,
 859 :       emit_transformed_parameters, emit_generated_quantities, pstream);
 860 :   }
 861 :   template <bool propto__, bool jacobian__, typename T_> inline T_
 862 :   log_prob(Eigen::Matrix<T_,-1,1>& params_r, std::ostream* pstream = nullptr) const {
 863 :     Eigen::Matrix<int,-1,1> params_i;
 864 :     return log_prob_impl<propto__, jacobian__>(params_r, params_i, pstream);
 865 :   }
 866 :   template <bool propto__, bool jacobian__, typename T_> inline T_
 867 :   log_prob(std::vector<T_>& params_r, std::vector<int>& params_i,
 868 :            std::ostream* pstream = nullptr) const {
 869 :     return log_prob_impl<propto__, jacobian__>(params_r, params_i, pstream);
 870 :   }
 871 :   inline void
 872 :   transform_inits(const stan::io::var_context& context,
 873 :                   Eigen::Matrix<double,-1,1>& params_r, std::ostream*
 874 :                   pstream = nullptr) const final {
 875 :     std::vector<double> params_r_vec(params_r.size());
 876 :     std::vector<int> params_i;
 877 :     transform_inits(context, params_i, params_r_vec, pstream);
 878 :     params_r = Eigen::Map<Eigen::Matrix<double,-1,1>>(params_r_vec.data(),
 879 :                  params_r_vec.size());
 880 :   }
 881 :   inline void
 882 :   transform_inits(const stan::io::var_context& context, std::vector<int>&
 883 :                   params_i, std::vector<double>& vars, std::ostream*
 884 :                   pstream__ = nullptr) const {
 885 :     vars.resize(num_params_r__);
 886 :     transform_inits_impl(context, vars, pstream__);
 887 :   }
 888 :   inline void
 889 :   unconstrain_array(const std::vector<double>& params_constrained,
 890 :                     std::vector<double>& params_unconstrained, std::ostream*
 891 :                     pstream = nullptr) const {
 892 :     const std::vector<int> params_i;
 893 :     params_unconstrained = std::vector<double>(num_params_r__,
 894 :                              std::numeric_limits<double>::quiet_NaN());
 895 :     unconstrain_array_impl(params_constrained, params_i,
 896 :       params_unconstrained, pstream);
 897 :   }
 898 :   inline void
 899 :   unconstrain_array(const Eigen::Matrix<double,-1,1>& params_constrained,
 900 :                     Eigen::Matrix<double,-1,1>& params_unconstrained,
 901 :                     std::ostream* pstream = nullptr) const {
 902 :     const std::vector<int> params_i;
 903 :     params_unconstrained = Eigen::Matrix<double,-1,1>::Constant(num_params_r__,
 904 :                              std::numeric_limits<double>::quiet_NaN());
 905 :     unconstrain_array_impl(params_constrained, params_i,
 906 :       params_unconstrained, pstream);
 907 :   }
 908 : };
 909 : }
 910 : using stan_model = model2bea5e272dac07__namespace::model2bea5e272dac07_;
 911 : #ifndef USING_R
 912 : // Boilerplate
 913 : stan::model::model_base&
 914 : new_model(stan::io::var_context& data_context, unsigned int seed,
 915 :           std::ostream* msg_stream) {
 916 :   stan_model* m = new stan_model(data_context, seed, msg_stream);
 917 :   return *m;
 918 : }
 919 : stan::math::profile_map& get_stan_profile_data() {
 920 :   return model2bea5e272dac07__namespace::profiles__;
 921 : }
 922 : #endif
 923 : #endif
 924 : 
 925 : RCPP_MODULE(stan_fit4model2bea5e272dac07__mod) {
 926 :   class_<rstan::stan_fit<stan_model, boost::random::ecuyer1988> >(
 927 :       "stan_fit4model2bea5e272dac07_")
 928 : 
 929 :       .constructor<SEXP, SEXP, SEXP>()
 930 : 
 931 :       .method(
 932 :           "call_sampler",
 933 :           &rstan::stan_fit<stan_model, boost::random::ecuyer1988>::call_sampler)
 934 :       .method(
 935 :           "param_names",
 936 :           &rstan::stan_fit<stan_model, boost::random::ecuyer1988>::param_names)
 937 :       .method("param_names_oi",
 938 :               &rstan::stan_fit<stan_model,
 939 :                                boost::random::ecuyer1988>::param_names_oi)
 940 :       .method("param_fnames_oi",
 941 :               &rstan::stan_fit<stan_model,
 942 :                                boost::random::ecuyer1988>::param_fnames_oi)
 943 :       .method(
 944 :           "param_dims",
 945 :           &rstan::stan_fit<stan_model, boost::random::ecuyer1988>::param_dims)
 946 :       .method("param_dims_oi",
 947 :               &rstan::stan_fit<stan_model,
 948 :                                boost::random::ecuyer1988>::param_dims_oi)
 949 :       .method("update_param_oi",
 950 :               &rstan::stan_fit<stan_model,
 951 :                                boost::random::ecuyer1988>::update_param_oi)
 952 :       .method("param_oi_tidx",
 953 :               &rstan::stan_fit<stan_model,
 954 :                                boost::random::ecuyer1988>::param_oi_tidx)
 955 :       .method("grad_log_prob",
 956 :               &rstan::stan_fit<stan_model,
 957 :                                boost::random::ecuyer1988>::grad_log_prob)
 958 :       .method("log_prob",
 959 :               &rstan::stan_fit<stan_model, boost::random::ecuyer1988>::log_prob)
 960 :       .method("unconstrain_pars",
 961 :               &rstan::stan_fit<stan_model,
 962 :                                boost::random::ecuyer1988>::unconstrain_pars)
 963 :       .method("constrain_pars",
 964 :               &rstan::stan_fit<stan_model,
 965 :                                boost::random::ecuyer1988>::constrain_pars)
 966 :       .method(
 967 :           "num_pars_unconstrained",
 968 :           &rstan::stan_fit<stan_model,
 969 :                            boost::random::ecuyer1988>::num_pars_unconstrained)
 970 :       .method(
 971 :           "unconstrained_param_names",
 972 :           &rstan::stan_fit<
 973 :               stan_model, boost::random::ecuyer1988>::unconstrained_param_names)
 974 :       .method(
 975 :           "constrained_param_names",
 976 :           &rstan::stan_fit<stan_model,
 977 :                            boost::random::ecuyer1988>::constrained_param_names)
 978 :       .method("standalone_gqs",
 979 :               &rstan::stan_fit<stan_model,
 980 :                                boost::random::ecuyer1988>::standalone_gqs);
 981 : }
 982 : 
 983 : 
 984 : // declarations
 985 : extern "C" {
 986 : SEXP file2bea5e7ced41e8( ) ;
 987 : }
 988 : 
 989 : // definition
 990 : SEXP file2bea5e7ced41e8() {
 991 :  return Rcpp::wrap("anon_model");
 992 : }
make cmd is
  make -f '/cvmfs/soft.computecanada.ca/easybuild/software/2023/x86-64-v4/Compiler/gcccore/r/4.3.1/lib64/R/etc/Makeconf' -f '/cvmfs/soft.computecanada.ca/easybuild/software/2023/x86-64-v4/Compiler/gcccore/r/4.3.1/lib64/R/share/make/shlib.mk' CXX='$(CXX17) $(CXX17STD)' CXXFLAGS='$(CXX17FLAGS)' CXXPICFLAGS='$(CXX17PICFLAGS)' SHLIB_LDFLAGS='$(SHLIB_CXX17LDFLAGS)' SHLIB_LD='$(SHLIB_CXX17LD)' SHLIB='file2bea5e7ced41e8.so' OBJECTS='file2bea5e7ced41e8.o'

make would use
g++ -std=gnu++17 -I"/cvmfs/soft.computecanada.ca/easybuild/software/2023/x86-64-v4/Compiler/gcccore/r/4.3.1/lib64/R/include" -DNDEBUG   -I"/home/melanson/R/x86_64-pc-linux-gnu-library/4.3/Rcpp/include/"  -I"/home/melanson/R/x86_64-pc-linux-gnu-library/4.3/RcppEigen/include/"  -I"/home/melanson/R/x86_64-pc-linux-gnu-library/4.3/RcppEigen/include/unsupported"  -I"/home/melanson/R/x86_64-pc-linux-gnu-library/4.3/BH/include" -I"/home/melanson/R/x86_64-pc-linux-gnu-library/4.3/StanHeaders/include/src/"  -I"/home/melanson/R/x86_64-pc-linux-gnu-library/4.3/StanHeaders/include/"  -I"/home/melanson/R/x86_64-pc-linux-gnu-library/4.3/RcppParallel/include/"  -I"/home/melanson/R/x86_64-pc-linux-gnu-library/4.3/rstan/include" -DEIGEN_NO_DEBUG  -DBOOST_DISABLE_ASSERTS  -DBOOST_PENDING_INTEGER_LOG2_HPP  -DSTAN_THREADS  -DUSE_STANC3 -DSTRICT_R_HEADERS  -DBOOST_PHOENIX_NO_VARIADIC_EXPRESSION  -D_HAS_AUTO_PTR_ETC=0  -include '/home/melanson/R/x86_64-pc-linux-gnu-library/4.3/StanHeaders/include/stan/math/prim/fun/Eigen.hpp'  -D_REENTRANT -DRCPP_PARALLEL_USE_TBB=1   -I/cvmfs/soft.computecanada.ca/easybuild/software/2023/x86-64-v3/Core/java/17.0.6/include -I/cvmfs/soft.computecanada.ca/easybuild/software/2023/x86-64-v3/Core/flexiblascore/3.3.1/include -I/cvmfs/soft.computecanada.ca/easybuild/software/2023/x86-64-v3/Core/flexiblascore/3.3.1/include/flexiblas    -fpic  -O2 -ftree-vectorize -march=x86-64-v4 -fno-math-errno  -c file2bea5e7ced41e8.cpp -o file2bea5e7ced41e8.o
if test  "zfile2bea5e7ced41e8.o" != "z"; then \
  echo g++ -std=gnu++17 -shared -L"/cvmfs/soft.computecanada.ca/easybuild/software/2023/x86-64-v4/Compiler/gcccore/r/4.3.1/lib64/R/lib"  -o file2bea5e7ced41e8.so file2bea5e7ced41e8.o  '/home/melanson/R/x86_64-pc-linux-gnu-library/4.3/rstan/lib//libStanServices.a' -L'/home/melanson/R/x86_64-pc-linux-gnu-library/4.3/StanHeaders/lib/' -lStanHeaders -L'/home/melanson/R/x86_64-pc-linux-gnu-library/4.3/RcppParallel/lib/' -ltbb   -L"/cvmfs/soft.computecanada.ca/easybuild/software/2023/x86-64-v4/Compiler/gcccore/r/4.3.1/lib64/R/lib" -lR; \
  g++ -std=gnu++17 -shared -L"/cvmfs/soft.computecanada.ca/easybuild/software/2023/x86-64-v4/Compiler/gcccore/r/4.3.1/lib64/R/lib"  -o file2bea5e7ced41e8.so file2bea5e7ced41e8.o  '/home/melanson/R/x86_64-pc-linux-gnu-library/4.3/rstan/lib//libStanServices.a' -L'/home/melanson/R/x86_64-pc-linux-gnu-library/4.3/StanHeaders/lib/' -lStanHeaders -L'/home/melanson/R/x86_64-pc-linux-gnu-library/4.3/RcppParallel/lib/' -ltbb   -L"/cvmfs/soft.computecanada.ca/easybuild/software/2023/x86-64-v4/Compiler/gcccore/r/4.3.1/lib64/R/lib" -lR; \
fi

CHECKING DATA AND PREPROCESSING FOR MODEL 'anon_model' NOW.

COMPILING MODEL 'anon_model' NOW.

STARTING SAMPLER FOR MODEL 'anon_model' NOW.

CHECKING DATA AND PREPROCESSING FOR MODEL 'anon_model' NOW.

COMPILING MODEL 'anon_model' NOW.

STARTING SAMPLER FOR MODEL 'anon_model' NOW.

CHECKING DATA AND PREPROCESSING FOR MODEL 'anon_model' NOW.

SAMPLING FOR MODEL 'anon_model' NOW (CHAIN 1).

COMPILING MODEL 'anon_model' NOW.

STARTING SAMPLER FOR MODEL 'anon_model' NOW.

SAMPLING FOR MODEL 'anon_model' NOW (CHAIN 2).

CHECKING DATA AND PREPROCESSING FOR MODEL 'anon_model' NOW.

COMPILING MODEL 'anon_model' NOW.

STARTING SAMPLER FOR MODEL 'anon_model' NOW.

CHECKING DATA AND PREPROCESSING FOR MODEL 'anon_model' NOW.

COMPILING MODEL 'anon_model' NOW.

STARTING SAMPLER FOR MODEL 'anon_model' NOW.

SAMPLING FOR MODEL 'anon_model' NOW (CHAIN 4).

SAMPLING FOR MODEL 'anon_model' NOW (CHAIN 3).
Chain 1: 
Chain 1: Gradient evaluation took 0.022134 seconds
Chain 1: 1000 transitions using 10 leapfrog steps per transition would take 221.34 seconds.
Chain 1: Adjust your expectations accordingly!
Chain 1: 
Chain 1: 
Chain 3: 
Chain 3: Gradient evaluation took 0.021435 seconds
Chain 3: 1000 transitions using 10 leapfrog steps per transition would take 214.35 seconds.
Chain 3: Adjust your expectations accordingly!
Chain 3: 
Chain 3: 
Chain 2: 
Chain 2: Gradient evaluation took 0.022486 seconds
Chain 2: 1000 transitions using 10 leapfrog steps per transition would take 224.86 seconds.
Chain 2: Adjust your expectations accordingly!
Chain 2: 
Chain 2: 
Chain 4: 
Chain 4: Gradient evaluation took 0.021795 seconds
Chain 4: 1000 transitions using 10 leapfrog steps per transition would take 217.95 seconds.
Chain 4: Adjust your expectations accordingly!
Chain 4: 
Chain 4: 
Chain 3: Iteration:    1 / 2000 [  0%]  (Warmup)
Chain 1: Iteration:    1 / 2000 [  0%]  (Warmup)
Chain 2: Iteration:    1 / 2000 [  0%]  (Warmup)
Chain 4: Iteration:    1 / 2000 [  0%]  (Warmup)
Chain 1: Iteration:  200 / 2000 [ 10%]  (Warmup)
Chain 4: Iteration:  200 / 2000 [ 10%]  (Warmup)
Chain 2: Iteration:  200 / 2000 [ 10%]  (Warmup)
Chain 3: Iteration:  200 / 2000 [ 10%]  (Warmup)
Chain 2: Iteration:  400 / 2000 [ 20%]  (Warmup)
Chain 4: Iteration:  400 / 2000 [ 20%]  (Warmup)
Chain 1: Iteration:  400 / 2000 [ 20%]  (Warmup)
Chain 3: Iteration:  400 / 2000 [ 20%]  (Warmup)
Chain 2: Iteration:  600 / 2000 [ 30%]  (Warmup)
Chain 3: Iteration:  600 / 2000 [ 30%]  (Warmup)
Chain 4: Iteration:  600 / 2000 [ 30%]  (Warmup)
Chain 2: Iteration:  800 / 2000 [ 40%]  (Warmup)
Chain 3: Iteration:  800 / 2000 [ 40%]  (Warmup)
Chain 4: Iteration:  800 / 2000 [ 40%]  (Warmup)
Chain 1: Iteration:  600 / 2000 [ 30%]  (Warmup)
Chain 2: Iteration: 1000 / 2000 [ 50%]  (Warmup)
Chain 2: Iteration: 1001 / 2000 [ 50%]  (Sampling)
Chain 4: Iteration: 1000 / 2000 [ 50%]  (Warmup)
Chain 4: Iteration: 1001 / 2000 [ 50%]  (Sampling)
Chain 3: Iteration: 1000 / 2000 [ 50%]  (Warmup)
Chain 3: Iteration: 1001 / 2000 [ 50%]  (Sampling)
Chain 2: Iteration: 1200 / 2000 [ 60%]  (Sampling)
Chain 3: Iteration: 1200 / 2000 [ 60%]  (Sampling)
Chain 4: Iteration: 1200 / 2000 [ 60%]  (Sampling)
Chain 1: Iteration:  800 / 2000 [ 40%]  (Warmup)
Chain 2: Iteration: 1400 / 2000 [ 70%]  (Sampling)
Chain 3: Iteration: 1400 / 2000 [ 70%]  (Sampling)
Chain 4: Iteration: 1400 / 2000 [ 70%]  (Sampling)
Chain 2: Iteration: 1600 / 2000 [ 80%]  (Sampling)
Chain 3: Iteration: 1600 / 2000 [ 80%]  (Sampling)
Chain 4: Iteration: 1600 / 2000 [ 80%]  (Sampling)
Chain 2: Iteration: 1800 / 2000 [ 90%]  (Sampling)
Chain 1: Iteration: 1000 / 2000 [ 50%]  (Warmup)
Chain 1: Iteration: 1001 / 2000 [ 50%]  (Sampling)
Chain 3: Iteration: 1800 / 2000 [ 90%]  (Sampling)
Chain 4: Iteration: 1800 / 2000 [ 90%]  (Sampling)
Chain 2: Iteration: 2000 / 2000 [100%]  (Sampling)
Chain 2: 
Chain 2:  Elapsed Time: 1607.08 seconds (Warm-up)
Chain 2:                619.574 seconds (Sampling)
Chain 2:                2226.65 seconds (Total)
Chain 2: 
Chain 1: Iteration: 1200 / 2000 [ 60%]  (Sampling)
Chain 3: Iteration: 2000 / 2000 [100%]  (Sampling)
Chain 3: 
Chain 3:  Elapsed Time: 1644.48 seconds (Warm-up)
Chain 3:                591.612 seconds (Sampling)
Chain 3:                2236.09 seconds (Total)
Chain 3: 
Chain 4: Iteration: 2000 / 2000 [100%]  (Sampling)
Chain 4: 
Chain 4:  Elapsed Time: 1641.27 seconds (Warm-up)
Chain 4:                618.649 seconds (Sampling)
Chain 4:                2259.91 seconds (Total)
Chain 4: 
Chain 1: Iteration: 1400 / 2000 [ 70%]  (Sampling)
Chain 1: Iteration: 1600 / 2000 [ 80%]  (Sampling)
Chain 1: Iteration: 1800 / 2000 [ 90%]  (Sampling)
Chain 1: Iteration: 2000 / 2000 [100%]  (Sampling)
Chain 1: 
Chain 1:  Elapsed Time: 2111.68 seconds (Warm-up)
Chain 1:                552.342 seconds (Sampling)
Chain 1:                2664.02 seconds (Total)
Chain 1: 
[1] "Done with 1"
[1] "Done with 2"
[1] "Done with 3"
[1] "Done with 4"
[1] "Done with 5"
[1] "Done with 6"
[1] "Done with 7"
[1] "Done with 8"
[1] "Done with 9"
[1] "Done with 10"
[1] "Done with 11"
[1] "Done with 12"
[1] "Done with 13"
[1] "Done with 14"
[1] "Done with 15"
[1] "Done with 16"
[1] "Done with 17"
[1] "Done with 18"
[1] "Done with 19"
[1] "Done with 20"
[1] "Done with 21"
[1] "Done with 22"
[1] "Done with 23"
[1] "Done with 24"
[1] "Done with 25"
[1] "Done with 26"
[1] "Done with 27"
[1] "Done with 28"
[1] "Done with 29"
[1] "Done with 30"
[1] "Done with 31"
[1] "Done with 32"
[1] "Done with 33"
[1] "Done with 34"
[1] "Done with 35"
[1] "Done with 36"
[1] "Done with 37"
[1] "Done with 38"
[1] "Done with 39"
[1] "Done with 40"
[1] "Done with 41"
[1] "Done with 42"
[1] "Done with 43"
[1] "Done with 44"
[1] "Done with 45"
[1] "Done with 46"
[1] "Done with 47"
[1] "Done with 48"
[1] "Done with 49"
[1] "Done with 50"
[1] "Done with 51"
[1] "Done with 52"
[1] "Done with 53"
[1] "Done with 54"
[1] "Done with 55"
[1] "Done with 56"
[1] "Done with 57"
[1] "Done with 58"
[1] "Done with 59"
[1] "Done with 60"
[1] "Done with 61"
[1] "Done with 62"
[1] "Done with 63"
[1] "Done with 64"
[1] "Done with 65"
[1] "Done with 66"
[1] "Done with 67"
[1] "Done with 68"
[1] "Done with 69"
[1] "Done with 70"
[1] "Done with 71"
[1] "Done with 72"
[1] "Done with 73"
[1] "Done with 74"
[1] "Done with 75"
[1] "Done with 76"
[1] "Done with 77"
[1] "Done with 78"
[1] "Done with 79"
[1] "Done with 80"
[1] "Done with 81"
[1] "Done with 82"
[1] "Done with 83"
[1] "Done with 84"
[1] "Done with 85"
[1] "Done with 86"
[1] "Done with 87"
[1] "Done with 88"
[1] "Done with 89"
[1] "Done with 90"
[1] "Done with 91"
[1] "Done with 92"
[1] "Done with 93"
[1] "Done with 94"
[1] "Done with 95"
[1] "Done with 96"
[1] "Done with 97"
[1] "Done with 98"
[1] "Done with 99"
[1] "Done with 100"
[1] "Done with 101"
[1] "Done with 102"
[1] "Done with 103"
[1] "Done with 104"
[1] "Done with 105"
[1] "Done with 106"
[1] "Done with 107"
[1] "Done with 108"
[1] "Done with 109"
[1] "Done with 110"
[1] "Done with 111"
[1] "Done with 112"
[1] "Done with 113"
[1] "Done with 114"
[1] "Done with 115"
[1] "Done with 116"
[1] "Done with 117"
[1] "Done with 118"
[1] "Done with 119"
[1] "Done with 120"
[1] "Done with 121"
[1] "Done with 122"
[1] "Done with 123"
[1] "Done with 124"
[1] "Done with 125"
[1] "Done with 126"
[1] "Done with 127"
[1] "Done with 128"
[1] "Done with 129"
[1] "Done with 130"
[1] "Done with 131"
[1] "Done with 132"
[1] "Done with 133"
[1] "Done with 134"
[1] "Done with 135"
[1] "Done with 136"
[1] "Done with 137"
[1] "Done with 138"
[1] "Done with 139"
[1] "Done with 140"
[1] "Done with 141"
[1] "Done with 142"
[1] "Done with 143"
[1] "Done with 144"
[1] "Done with 145"
[1] "Done with 146"
[1] "Done with 147"
[1] "Done with 148"
[1] "Done with 149"
[1] "Done with 150"
[1] "Done with 151"
[1] "Done with 152"
[1] "Done with 153"
[1] "Done with 154"
[1] "Done with 155"
[1] "Done with 156"
[1] "Done with 157"
[1] "Done with 158"
[1] "Done with 159"
[1] "Done with 160"
[1] "Done with 161"
[1] "Done with 162"
[1] "Done with 163"
[1] "Done with 164"
[1] "Done with 165"
[1] "Done with 166"
[1] "Done with 167"
[1] "Done with 168"
[1] "Done with 169"
[1] "Done with 170"
[1] "Done with 171"
[1] "Done with 172"
[1] "Done with 173"
[1] "Done with 174"
[1] "Done with 175"
[1] "Done with 176"
[1] "Done with 177"
[1] "Done with 178"
[1] "Done with 179"
[1] "Done with 180"
[1] "Done with 181"
[1] "Done with 182"
[1] "Done with 183"
[1] "Done with 184"
[1] "Done with 185"
[1] "Done with 186"
[1] "Done with 187"
[1] "Done with 188"
[1] "Done with 189"
[1] "Done with 190"
[1] "Done with 191"
[1] "Done with 192"
[1] "Done with 193"
[1] "Done with 194"
[1] "Done with 195"
[1] "Done with 196"
[1] "Done with 197"
[1] "Done with 198"
[1] "Done with 199"
[1] "Done with 200"
[1] "Done with 201"
[1] "Done with 202"
[1] "Done with 203"
[1] "Done with 204"
[1] "Done with 205"
[1] "Done with 206"
[1] "Done with 207"
[1] "Done with 208"
[1] "Done with 209"
[1] "Done with 210"
[1] "Done with 211"
[1] "Done with 212"
[1] "Done with 213"
[1] "Done with 214"
[1] "Done with 215"
[1] "Done with 216"
[1] "Done with 217"
[1] "Done with 218"
[1] "Done with 219"
[1] "Done with 220"
[1] "Done with 221"
[1] "Done with 222"
[1] "Done with 223"
[1] "Done with 224"
[1] "Done with 225"
[1] "Done with 226"
[1] "Done with 227"
[1] "Done with 228"
[1] "Done with 229"
[1] "Done with 230"
[1] "Done with 231"
[1] "Done with 232"
[1] "Done with 233"
[1] "Done with 234"
[1] "Done with 235"
[1] "Done with 236"
[1] "Done with 237"
[1] "Done with 238"
[1] "Done with 239"
[1] "Done with 240"
[1] "Done with 241"
[1] "Done with 242"
[1] "Done with 243"
[1] "Done with 244"
[1] "Done with 245"
[1] "Done with 246"
[1] "Done with 247"
[1] "Done with 248"
[1] "Done with 249"
[1] "Done with 250"
[1] "Done with 251"
[1] "Done with 252"
[1] "Done with 253"
[1] "Done with 254"
[1] "Done with 255"
[1] "Done with 256"
[1] "Done with 257"
[1] "Done with 258"
[1] "Done with 259"
[1] "Done with 260"
[1] "Done with 261"
[1] "Done with 262"
[1] "Done with 263"
[1] "Done with 264"
[1] "Done with 265"
[1] "Done with 266"
[1] "Done with 267"
[1] "Done with 268"
[1] "Done with 269"
[1] "Done with 270"
