
TRANSLATING MODEL '' FROM Stan CODE TO C++ CODE NOW.
OS: x86_64, linux-gnu; rstan: 2.32.7; Rcpp: 1.0.14; inline: 0.3.21 
 >> setting environment variables: 
PKG_LIBS =  '/home/melanson/R/x86_64-pc-linux-gnu-library/4.3/rstan/lib//libStanServices.a' -L'/home/melanson/R/x86_64-pc-linux-gnu-library/4.3/StanHeaders/lib/' -lStanHeaders -L'/home/melanson/R/x86_64-pc-linux-gnu-library/4.3/RcppParallel/lib/' -ltbb 
PKG_CPPFLAGS =   -I"/home/melanson/R/x86_64-pc-linux-gnu-library/4.3/Rcpp/include/"  -I"/home/melanson/R/x86_64-pc-linux-gnu-library/4.3/RcppEigen/include/"  -I"/home/melanson/R/x86_64-pc-linux-gnu-library/4.3/RcppEigen/include/unsupported"  -I"/home/melanson/R/x86_64-pc-linux-gnu-library/4.3/BH/include" -I"/home/melanson/R/x86_64-pc-linux-gnu-library/4.3/StanHeaders/include/src/"  -I"/home/melanson/R/x86_64-pc-linux-gnu-library/4.3/StanHeaders/include/"  -I"/home/melanson/R/x86_64-pc-linux-gnu-library/4.3/RcppParallel/include/"  -I"/home/melanson/R/x86_64-pc-linux-gnu-library/4.3/rstan/include" -DEIGEN_NO_DEBUG  -DBOOST_DISABLE_ASSERTS  -DBOOST_PENDING_INTEGER_LOG2_HPP  -DSTAN_THREADS  -DUSE_STANC3 -DSTRICT_R_HEADERS  -DBOOST_PHOENIX_NO_VARIADIC_EXPRESSION  -D_HAS_AUTO_PTR_ETC=0  -include '/home/melanson/R/x86_64-pc-linux-gnu-library/4.3/StanHeaders/include/stan/math/prim/fun/Eigen.hpp'  -D_REENTRANT -DRCPP_PARALLEL_USE_TBB=1 
 >> Program source :

   1 : 
   2 : // includes from the plugin
   3 : // [[Rcpp::plugins(cpp14)]]
   4 : 
   5 : 
   6 : // user includes
   7 : #include <Rcpp.h>
   8 : using namespace Rcpp;
   9 : #ifndef MODELS_HPP
  10 : #define MODELS_HPP
  11 : #define STAN__SERVICES__COMMAND_HPP
  12 : #include <rstan/rstaninc.hpp>
  13 : #ifndef USE_STANC3
  14 : #define USE_STANC3
  15 : #endif
  16 : // Code generated by stanc v2.32.2
  17 : #include <stan/model/model_header.hpp>
  18 : namespace model78be67f9316fc__namespace {
  19 : using stan::model::model_base_crtp;
  20 : using namespace stan::math;
  21 : stan::math::profile_map profiles__;
  22 : static constexpr std::array<const char*, 50> locations_array__ =
  23 :   {" (found before start of program)",
  24 :   " (in 'anon_model', line 22, column 2 to column 20)",
  25 :   " (in 'anon_model', line 23, column 2 to column 22)",
  26 :   " (in 'anon_model', line 24, column 2 to column 13)",
  27 :   " (in 'anon_model', line 25, column 2 to column 13)",
  28 :   " (in 'anon_model', line 26, column 2 to column 16)",
  29 :   " (in 'anon_model', line 28, column 2 to column 50)",
  30 :   " (in 'anon_model', line 29, column 2 to column 50)",
  31 :   " (in 'anon_model', line 33, column 2 to column 40)",
  32 :   " (in 'anon_model', line 37, column 2 to column 33)",
  33 :   " (in 'anon_model', line 38, column 2 to column 22)",
  34 :   " (in 'anon_model', line 39, column 2 to column 22)",
  35 :   " (in 'anon_model', line 40, column 2 to column 25)",
  36 :   " (in 'anon_model', line 41, column 2 to column 21)",
  37 :   " (in 'anon_model', line 49, column 4 to line 50, column 71)",
  38 :   " (in 'anon_model', line 52, column 8 to column 51)",
  39 :   " (in 'anon_model', line 51, column 18 to line 53, column 7)",
  40 :   " (in 'anon_model', line 51, column 4 to line 53, column 7)",
  41 :   " (in 'anon_model', line 57, column 4 to line 59, column 44)",
  42 :   " (in 'anon_model', line 62, column 4 to column 38)",
  43 :   " (in 'anon_model', line 46, column 17 to line 63, column 3)",
  44 :   " (in 'anon_model', line 46, column 2 to line 63, column 3)",
  45 :   " (in 'anon_model', line 43, column 2 to line 64, column 1)",
  46 :   " (in 'anon_model', line 4, column 2 to column 17)",
  47 :   " (in 'anon_model', line 5, column 2 to column 17)",
  48 :   " (in 'anon_model', line 6, column 2 to column 17)",
  49 :   " (in 'anon_model', line 7, column 9 to column 10)",
  50 :   " (in 'anon_model', line 7, column 2 to column 24)",
  51 :   " (in 'anon_model', line 8, column 9 to column 10)",
  52 :   " (in 'anon_model', line 8, column 2 to column 26)",
  53 :   " (in 'anon_model', line 9, column 16 to column 17)",
  54 :   " (in 'anon_model', line 9, column 2 to column 19)",
  55 :   " (in 'anon_model', line 10, column 14 to column 15)",
  56 :   " (in 'anon_model', line 10, column 2 to column 17)",
  57 :   " (in 'anon_model', line 11, column 9 to column 10)",
  58 :   " (in 'anon_model', line 11, column 2 to column 15)",
  59 :   " (in 'anon_model', line 12, column 12 to column 13)",
  60 :   " (in 'anon_model', line 12, column 2 to column 15)",
  61 :   " (in 'anon_model', line 13, column 9 to column 10)",
  62 :   " (in 'anon_model', line 13, column 2 to column 15)",
  63 :   " (in 'anon_model', line 14, column 2 to column 15)",
  64 :   " (in 'anon_model', line 15, column 2 to column 15)",
  65 :   " (in 'anon_model', line 16, column 2 to column 15)",
  66 :   " (in 'anon_model', line 17, column 2 to column 15)",
  67 :   " (in 'anon_model', line 18, column 2 to column 12)",
  68 :   " (in 'anon_model', line 19, column 2 to column 17)",
  69 :   " (in 'anon_model', line 26, column 9 to column 10)",
  70 :   " (in 'anon_model', line 28, column 39 to column 40)",
  71 :   " (in 'anon_model', line 29, column 39 to column 40)",
  72 :   " (in 'anon_model', line 33, column 9 to column 10)"};
  73 : class model78be67f9316fc_ final : public model_base_crtp<model78be67f9316fc_> {
  74 : private:
  75 :   int C;
  76 :   int K;
  77 :   int O;
  78 :   Eigen::Matrix<double,-1,-1> trap_pos_data__;
  79 :   Eigen::Matrix<double,-1,1> sample_effort_data__;
  80 :   std::vector<int> colony_id;
  81 :   std::vector<int> trap_id;
  82 :   Eigen::Matrix<double,-1,1> fq_data__;
  83 :   std::vector<int> y_obs;
  84 :   Eigen::Matrix<double,-1,1> yn_data__;
  85 :   double lower_x;
  86 :   double upper_x;
  87 :   double lower_y;
  88 :   double upper_y;
  89 :   double Rmax;
  90 :   double steepness;
  91 :   Eigen::Map<Eigen::Matrix<double,-1,-1>> trap_pos{nullptr, 0, 0};
  92 :   Eigen::Map<Eigen::Matrix<double,-1,1>> sample_effort{nullptr, 0};
  93 :   Eigen::Map<Eigen::Matrix<double,-1,1>> fq{nullptr, 0};
  94 :   Eigen::Map<Eigen::Matrix<double,-1,1>> yn{nullptr, 0};
  95 : public:
  96 :   ~model78be67f9316fc_() {}
  97 :   model78be67f9316fc_(stan::io::var_context& context__, unsigned int
  98 :                       random_seed__ = 0, std::ostream* pstream__ = nullptr)
  99 :       : model_base_crtp(0) {
 100 :     int current_statement__ = 0;
 101 :     using local_scalar_t__ = double;
 102 :     boost::ecuyer1988 base_rng__ =
 103 :       stan::services::util::create_rng(random_seed__, 0);
 104 :     // suppress unused var warning
 105 :     (void) base_rng__;
 106 :     static constexpr const char* function__ =
 107 :       "model78be67f9316fc__namespace::model78be67f9316fc_";
 108 :     // suppress unused var warning
 109 :     (void) function__;
 110 :     local_scalar_t__ DUMMY_VAR__(std::numeric_limits<double>::quiet_NaN());
 111 :     // suppress unused var warning
 112 :     (void) DUMMY_VAR__;
 113 :     try {
 114 :       int pos__ = std::numeric_limits<int>::min();
 115 :       pos__ = 1;
 116 :       current_statement__ = 23;
 117 :       context__.validate_dims("data initialization", "C", "int",
 118 :         std::vector<size_t>{});
 119 :       C = std::numeric_limits<int>::min();
 120 :       current_statement__ = 23;
 121 :       C = context__.vals_i("C")[(1 - 1)];
 122 :       current_statement__ = 23;
 123 :       stan::math::check_greater_or_equal(function__, "C", C, 1);
 124 :       current_statement__ = 24;
 125 :       context__.validate_dims("data initialization", "K", "int",
 126 :         std::vector<size_t>{});
 127 :       K = std::numeric_limits<int>::min();
 128 :       current_statement__ = 24;
 129 :       K = context__.vals_i("K")[(1 - 1)];
 130 :       current_statement__ = 24;
 131 :       stan::math::check_greater_or_equal(function__, "K", K, 1);
 132 :       current_statement__ = 25;
 133 :       context__.validate_dims("data initialization", "O", "int",
 134 :         std::vector<size_t>{});
 135 :       O = std::numeric_limits<int>::min();
 136 :       current_statement__ = 25;
 137 :       O = context__.vals_i("O")[(1 - 1)];
 138 :       current_statement__ = 25;
 139 :       stan::math::check_greater_or_equal(function__, "O", O, 1);
 140 :       current_statement__ = 26;
 141 :       stan::math::validate_non_negative_index("trap_pos", "O", O);
 142 :       current_statement__ = 27;
 143 :       context__.validate_dims("data initialization", "trap_pos", "double",
 144 :         std::vector<size_t>{static_cast<size_t>(O), static_cast<size_t>(2)});
 145 :       trap_pos_data__ = Eigen::Matrix<double,-1,-1>::Constant(O, 2,
 146 :                           std::numeric_limits<double>::quiet_NaN());
 147 :       new (&trap_pos)
 148 :         Eigen::Map<Eigen::Matrix<double,-1,-1>>(trap_pos_data__.data(), O, 2);
 149 :       {
 150 :         std::vector<local_scalar_t__> trap_pos_flat__;
 151 :         current_statement__ = 27;
 152 :         trap_pos_flat__ = context__.vals_r("trap_pos");
 153 :         current_statement__ = 27;
 154 :         pos__ = 1;
 155 :         current_statement__ = 27;
 156 :         for (int sym1__ = 1; sym1__ <= 2; ++sym1__) {
 157 :           current_statement__ = 27;
 158 :           for (int sym2__ = 1; sym2__ <= O; ++sym2__) {
 159 :             current_statement__ = 27;
 160 :             stan::model::assign(trap_pos, trap_pos_flat__[(pos__ - 1)],
 161 :               "assigning variable trap_pos", stan::model::index_uni(sym2__),
 162 :               stan::model::index_uni(sym1__));
 163 :             current_statement__ = 27;
 164 :             pos__ = (pos__ + 1);
 165 :           }
 166 :         }
 167 :       }
 168 :       current_statement__ = 28;
 169 :       stan::math::validate_non_negative_index("sample_effort", "O", O);
 170 :       current_statement__ = 29;
 171 :       context__.validate_dims("data initialization", "sample_effort",
 172 :         "double", std::vector<size_t>{static_cast<size_t>(O)});
 173 :       sample_effort_data__ = Eigen::Matrix<double,-1,1>::Constant(O,
 174 :                                std::numeric_limits<double>::quiet_NaN());
 175 :       new (&sample_effort)
 176 :         Eigen::Map<Eigen::Matrix<double,-1,1>>(sample_effort_data__.data(),
 177 :         O);
 178 :       {
 179 :         std::vector<local_scalar_t__> sample_effort_flat__;
 180 :         current_statement__ = 29;
 181 :         sample_effort_flat__ = context__.vals_r("sample_effort");
 182 :         current_statement__ = 29;
 183 :         pos__ = 1;
 184 :         current_statement__ = 29;
 185 :         for (int sym1__ = 1; sym1__ <= O; ++sym1__) {
 186 :           current_statement__ = 29;
 187 :           stan::model::assign(sample_effort, sample_effort_flat__[(pos__ -
 188 :             1)], "assigning variable sample_effort",
 189 :             stan::model::index_uni(sym1__));
 190 :           current_statement__ = 29;
 191 :           pos__ = (pos__ + 1);
 192 :         }
 193 :       }
 194 :       current_statement__ = 30;
 195 :       stan::math::validate_non_negative_index("colony_id", "O", O);
 196 :       current_statement__ = 31;
 197 :       context__.validate_dims("data initialization", "colony_id", "int",
 198 :         std::vector<size_t>{static_cast<size_t>(O)});
 199 :       colony_id = std::vector<int>(O, std::numeric_limits<int>::min());
 200 :       current_statement__ = 31;
 201 :       colony_id = context__.vals_i("colony_id");
 202 :       current_statement__ = 32;
 203 :       stan::math::validate_non_negative_index("trap_id", "O", O);
 204 :       current_statement__ = 33;
 205 :       context__.validate_dims("data initialization", "trap_id", "int",
 206 :         std::vector<size_t>{static_cast<size_t>(O)});
 207 :       trap_id = std::vector<int>(O, std::numeric_limits<int>::min());
 208 :       current_statement__ = 33;
 209 :       trap_id = context__.vals_i("trap_id");
 210 :       current_statement__ = 34;
 211 :       stan::math::validate_non_negative_index("fq", "O", O);
 212 :       current_statement__ = 35;
 213 :       context__.validate_dims("data initialization", "fq", "double",
 214 :         std::vector<size_t>{static_cast<size_t>(O)});
 215 :       fq_data__ = Eigen::Matrix<double,-1,1>::Constant(O,
 216 :                     std::numeric_limits<double>::quiet_NaN());
 217 :       new (&fq) Eigen::Map<Eigen::Matrix<double,-1,1>>(fq_data__.data(), O);
 218 :       {
 219 :         std::vector<local_scalar_t__> fq_flat__;
 220 :         current_statement__ = 35;
 221 :         fq_flat__ = context__.vals_r("fq");
 222 :         current_statement__ = 35;
 223 :         pos__ = 1;
 224 :         current_statement__ = 35;
 225 :         for (int sym1__ = 1; sym1__ <= O; ++sym1__) {
 226 :           current_statement__ = 35;
 227 :           stan::model::assign(fq, fq_flat__[(pos__ - 1)],
 228 :             "assigning variable fq", stan::model::index_uni(sym1__));
 229 :           current_statement__ = 35;
 230 :           pos__ = (pos__ + 1);
 231 :         }
 232 :       }
 233 :       current_statement__ = 36;
 234 :       stan::math::validate_non_negative_index("y_obs", "O", O);
 235 :       current_statement__ = 37;
 236 :       context__.validate_dims("data initialization", "y_obs", "int",
 237 :         std::vector<size_t>{static_cast<size_t>(O)});
 238 :       y_obs = std::vector<int>(O, std::numeric_limits<int>::min());
 239 :       current_statement__ = 37;
 240 :       y_obs = context__.vals_i("y_obs");
 241 :       current_statement__ = 38;
 242 :       stan::math::validate_non_negative_index("yn", "O", O);
 243 :       current_statement__ = 39;
 244 :       context__.validate_dims("data initialization", "yn", "double",
 245 :         std::vector<size_t>{static_cast<size_t>(O)});
 246 :       yn_data__ = Eigen::Matrix<double,-1,1>::Constant(O,
 247 :                     std::numeric_limits<double>::quiet_NaN());
 248 :       new (&yn) Eigen::Map<Eigen::Matrix<double,-1,1>>(yn_data__.data(), O);
 249 :       {
 250 :         std::vector<local_scalar_t__> yn_flat__;
 251 :         current_statement__ = 39;
 252 :         yn_flat__ = context__.vals_r("yn");
 253 :         current_statement__ = 39;
 254 :         pos__ = 1;
 255 :         current_statement__ = 39;
 256 :         for (int sym1__ = 1; sym1__ <= O; ++sym1__) {
 257 :           current_statement__ = 39;
 258 :           stan::model::assign(yn, yn_flat__[(pos__ - 1)],
 259 :             "assigning variable yn", stan::model::index_uni(sym1__));
 260 :           current_statement__ = 39;
 261 :           pos__ = (pos__ + 1);
 262 :         }
 263 :       }
 264 :       current_statement__ = 40;
 265 :       context__.validate_dims("data initialization", "lower_x", "double",
 266 :         std::vector<size_t>{});
 267 :       lower_x = std::numeric_limits<double>::quiet_NaN();
 268 :       current_statement__ = 40;
 269 :       lower_x = context__.vals_r("lower_x")[(1 - 1)];
 270 :       current_statement__ = 41;
 271 :       context__.validate_dims("data initialization", "upper_x", "double",
 272 :         std::vector<size_t>{});
 273 :       upper_x = std::numeric_limits<double>::quiet_NaN();
 274 :       current_statement__ = 41;
 275 :       upper_x = context__.vals_r("upper_x")[(1 - 1)];
 276 :       current_statement__ = 42;
 277 :       context__.validate_dims("data initialization", "lower_y", "double",
 278 :         std::vector<size_t>{});
 279 :       lower_y = std::numeric_limits<double>::quiet_NaN();
 280 :       current_statement__ = 42;
 281 :       lower_y = context__.vals_r("lower_y")[(1 - 1)];
 282 :       current_statement__ = 43;
 283 :       context__.validate_dims("data initialization", "upper_y", "double",
 284 :         std::vector<size_t>{});
 285 :       upper_y = std::numeric_limits<double>::quiet_NaN();
 286 :       current_statement__ = 43;
 287 :       upper_y = context__.vals_r("upper_y")[(1 - 1)];
 288 :       current_statement__ = 44;
 289 :       context__.validate_dims("data initialization", "Rmax", "double",
 290 :         std::vector<size_t>{});
 291 :       Rmax = std::numeric_limits<double>::quiet_NaN();
 292 :       current_statement__ = 44;
 293 :       Rmax = context__.vals_r("Rmax")[(1 - 1)];
 294 :       current_statement__ = 45;
 295 :       context__.validate_dims("data initialization", "steepness", "double",
 296 :         std::vector<size_t>{});
 297 :       steepness = std::numeric_limits<double>::quiet_NaN();
 298 :       current_statement__ = 45;
 299 :       steepness = context__.vals_r("steepness")[(1 - 1)];
 300 :       current_statement__ = 46;
 301 :       stan::math::validate_non_negative_index("eps", "K", K);
 302 :       current_statement__ = 47;
 303 :       stan::math::validate_non_negative_index("delta_x", "C", C);
 304 :       current_statement__ = 48;
 305 :       stan::math::validate_non_negative_index("delta_y", "C", C);
 306 :       current_statement__ = 49;
 307 :       stan::math::validate_non_negative_index("eps_scale", "K", K);
 308 :     } catch (const std::exception& e) {
 309 :       stan::lang::rethrow_located(e, locations_array__[current_statement__]);
 310 :     }
 311 :     num_params_r__ = 1 + 1 + 1 + 1 + K + C + C;
 312 :   }
 313 :   inline std::string model_name() const final {
 314 :     return "model78be67f9316fc_";
 315 :   }
 316 :   inline std::vector<std::string> model_compile_info() const noexcept {
 317 :     return std::vector<std::string>{"stanc_version = stanc3 v2.32.2",
 318 :              "stancflags = --"};
 319 :   }
 320 :   template <bool propto__, bool jacobian__, typename VecR, typename VecI,
 321 :             stan::require_vector_like_t<VecR>* = nullptr,
 322 :             stan::require_vector_like_vt<std::is_integral, VecI>* = nullptr>
 323 :   inline stan::scalar_type_t<VecR>
 324 :   log_prob_impl(VecR& params_r__, VecI& params_i__, std::ostream*
 325 :                 pstream__ = nullptr) const {
 326 :     using T__ = stan::scalar_type_t<VecR>;
 327 :     using local_scalar_t__ = T__;
 328 :     T__ lp__(0.0);
 329 :     stan::math::accumulator<T__> lp_accum__;
 330 :     stan::io::deserializer<local_scalar_t__> in__(params_r__, params_i__);
 331 :     int current_statement__ = 0;
 332 :     local_scalar_t__ DUMMY_VAR__(std::numeric_limits<double>::quiet_NaN());
 333 :     // suppress unused var warning
 334 :     (void) DUMMY_VAR__;
 335 :     static constexpr const char* function__ =
 336 :       "model78be67f9316fc__namespace::log_prob";
 337 :     // suppress unused var warning
 338 :     (void) function__;
 339 :     try {
 340 :       local_scalar_t__ rho = DUMMY_VAR__;
 341 :       current_statement__ = 1;
 342 :       rho = in__.template read_constrain_lb<local_scalar_t__, jacobian__>(0,
 343 :               lp__);
 344 :       local_scalar_t__ sigma = DUMMY_VAR__;
 345 :       current_statement__ = 2;
 346 :       sigma = in__.template read_constrain_lb<local_scalar_t__,
 347 :                 jacobian__>(0, lp__);
 348 :       local_scalar_t__ theta = DUMMY_VAR__;
 349 :       current_statement__ = 3;
 350 :       theta = in__.template read<local_scalar_t__>();
 351 :       local_scalar_t__ alpha = DUMMY_VAR__;
 352 :       current_statement__ = 4;
 353 :       alpha = in__.template read<local_scalar_t__>();
 354 :       Eigen::Matrix<local_scalar_t__,-1,1> eps =
 355 :         Eigen::Matrix<local_scalar_t__,-1,1>::Constant(K, DUMMY_VAR__);
 356 :       current_statement__ = 5;
 357 :       eps = in__.template read<Eigen::Matrix<local_scalar_t__,-1,1>>(K);
 358 :       Eigen::Matrix<local_scalar_t__,-1,1> delta_x =
 359 :         Eigen::Matrix<local_scalar_t__,-1,1>::Constant(C, DUMMY_VAR__);
 360 :       current_statement__ = 6;
 361 :       delta_x = in__.template read_constrain_lub<
 362 :                   Eigen::Matrix<local_scalar_t__,-1,1>, jacobian__>(lower_x,
 363 :                   upper_x, lp__, C);
 364 :       Eigen::Matrix<local_scalar_t__,-1,1> delta_y =
 365 :         Eigen::Matrix<local_scalar_t__,-1,1>::Constant(C, DUMMY_VAR__);
 366 :       current_statement__ = 7;
 367 :       delta_y = in__.template read_constrain_lub<
 368 :                   Eigen::Matrix<local_scalar_t__,-1,1>, jacobian__>(lower_y,
 369 :                   upper_y, lp__, C);
 370 :       Eigen::Matrix<local_scalar_t__,-1,1> eps_scale =
 371 :         Eigen::Matrix<local_scalar_t__,-1,1>::Constant(K, DUMMY_VAR__);
 372 :       current_statement__ = 8;
 373 :       stan::model::assign(eps_scale,
 374 :         stan::math::multiply(eps, stan::math::sqrt(sigma)),
 375 :         "assigning variable eps_scale");
 376 :       {
 377 :         current_statement__ = 9;
 378 :         lp_accum__.add(stan::math::lognormal_lpdf<propto__>(rho,
 379 :                          stan::math::log(0.5), 0.5));
 380 :         current_statement__ = 10;
 381 :         lp_accum__.add(stan::math::normal_lpdf<propto__>(theta, 0, 1));
 382 :         current_statement__ = 11;
 383 :         lp_accum__.add(stan::math::normal_lpdf<propto__>(alpha, 0, 3));
 384 :         current_statement__ = 12;
 385 :         lp_accum__.add(stan::math::exponential_lpdf<propto__>(sigma, 1));
 386 :         current_statement__ = 13;
 387 :         lp_accum__.add(stan::math::normal_lpdf<propto__>(eps, 0, 1));
 388 :         {
 389 :           current_statement__ = 21;
 390 :           for (int i = 1; i <= O; ++i) {
 391 :             local_scalar_t__ dis = DUMMY_VAR__;
 392 :             current_statement__ = 14;
 393 :             dis = stan::math::sqrt(
 394 :                     (stan::math::square(
 395 :                        (stan::model::rvalue(delta_x, "delta_x",
 396 :                           stan::model::index_uni(
 397 :                             stan::model::rvalue(colony_id, "colony_id",
 398 :                               stan::model::index_uni(i)))) -
 399 :                        stan::model::rvalue(trap_pos, "trap_pos",
 400 :                          stan::model::index_uni(i), stan::model::index_uni(1))))
 401 :                     +
 402 :                     stan::math::square(
 403 :                       (stan::model::rvalue(delta_y, "delta_y",
 404 :                          stan::model::index_uni(
 405 :                            stan::model::rvalue(colony_id, "colony_id",
 406 :                              stan::model::index_uni(i)))) -
 407 :                       stan::model::rvalue(trap_pos, "trap_pos",
 408 :                         stan::model::index_uni(i), stan::model::index_uni(2))))));
 409 :             current_statement__ = 17;
 410 :             if (stan::math::logical_eq(
 411 :                   stan::model::rvalue(yn, "yn", stan::model::index_uni(i)), 1)) {
 412 :               current_statement__ = 15;
 413 :               lp_accum__.add(-stan::math::log1p_exp(((dis - Rmax) *
 414 :                                 steepness)));
 415 :             }
 416 :             local_scalar_t__ lambda_ik = DUMMY_VAR__;
 417 :             current_statement__ = 18;
 418 :             lambda_ik = ((((alpha - (0.5 * stan::math::pow((dis / rho), 2)))
 419 :               + (theta *
 420 :               stan::model::rvalue(fq, "fq", stan::model::index_uni(i)))) +
 421 :               stan::model::rvalue(eps_scale, "eps_scale",
 422 :                 stan::model::index_uni(
 423 :                   stan::model::rvalue(trap_id, "trap_id",
 424 :                     stan::model::index_uni(i)))))
 425 :               +
 426 :               stan::math::log(
 427 :                 stan::model::rvalue(sample_effort, "sample_effort",
 428 :                   stan::model::index_uni(i))));
 429 :             current_statement__ = 19;
 430 :             lp_accum__.add(stan::math::poisson_log_lpmf<propto__>(
 431 :                              stan::model::rvalue(y_obs, "y_obs",
 432 :                                stan::model::index_uni(i)), lambda_ik));
 433 :           }
 434 :         }
 435 :       }
 436 :     } catch (const std::exception& e) {
 437 :       stan::lang::rethrow_located(e, locations_array__[current_statement__]);
 438 :     }
 439 :     lp_accum__.add(lp__);
 440 :     return lp_accum__.sum();
 441 :   }
 442 :   template <typename RNG, typename VecR, typename VecI, typename VecVar,
 443 :             stan::require_vector_like_vt<std::is_floating_point,
 444 :             VecR>* = nullptr, stan::require_vector_like_vt<std::is_integral,
 445 :             VecI>* = nullptr, stan::require_vector_vt<std::is_floating_point,
 446 :             VecVar>* = nullptr>
 447 :   inline void
 448 :   write_array_impl(RNG& base_rng__, VecR& params_r__, VecI& params_i__,
 449 :                    VecVar& vars__, const bool
 450 :                    emit_transformed_parameters__ = true, const bool
 451 :                    emit_generated_quantities__ = true, std::ostream*
 452 :                    pstream__ = nullptr) const {
 453 :     using local_scalar_t__ = double;
 454 :     stan::io::deserializer<local_scalar_t__> in__(params_r__, params_i__);
 455 :     stan::io::serializer<local_scalar_t__> out__(vars__);
 456 :     static constexpr bool propto__ = true;
 457 :     // suppress unused var warning
 458 :     (void) propto__;
 459 :     double lp__ = 0.0;
 460 :     // suppress unused var warning
 461 :     (void) lp__;
 462 :     int current_statement__ = 0;
 463 :     stan::math::accumulator<double> lp_accum__;
 464 :     local_scalar_t__ DUMMY_VAR__(std::numeric_limits<double>::quiet_NaN());
 465 :     // suppress unused var warning
 466 :     (void) DUMMY_VAR__;
 467 :     constexpr bool jacobian__ = false;
 468 :     static constexpr const char* function__ =
 469 :       "model78be67f9316fc__namespace::write_array";
 470 :     // suppress unused var warning
 471 :     (void) function__;
 472 :     try {
 473 :       double rho = std::numeric_limits<double>::quiet_NaN();
 474 :       current_statement__ = 1;
 475 :       rho = in__.template read_constrain_lb<local_scalar_t__, jacobian__>(0,
 476 :               lp__);
 477 :       double sigma = std::numeric_limits<double>::quiet_NaN();
 478 :       current_statement__ = 2;
 479 :       sigma = in__.template read_constrain_lb<local_scalar_t__,
 480 :                 jacobian__>(0, lp__);
 481 :       double theta = std::numeric_limits<double>::quiet_NaN();
 482 :       current_statement__ = 3;
 483 :       theta = in__.template read<local_scalar_t__>();
 484 :       double alpha = std::numeric_limits<double>::quiet_NaN();
 485 :       current_statement__ = 4;
 486 :       alpha = in__.template read<local_scalar_t__>();
 487 :       Eigen::Matrix<double,-1,1> eps =
 488 :         Eigen::Matrix<double,-1,1>::Constant(K,
 489 :           std::numeric_limits<double>::quiet_NaN());
 490 :       current_statement__ = 5;
 491 :       eps = in__.template read<Eigen::Matrix<local_scalar_t__,-1,1>>(K);
 492 :       Eigen::Matrix<double,-1,1> delta_x =
 493 :         Eigen::Matrix<double,-1,1>::Constant(C,
 494 :           std::numeric_limits<double>::quiet_NaN());
 495 :       current_statement__ = 6;
 496 :       delta_x = in__.template read_constrain_lub<
 497 :                   Eigen::Matrix<local_scalar_t__,-1,1>, jacobian__>(lower_x,
 498 :                   upper_x, lp__, C);
 499 :       Eigen::Matrix<double,-1,1> delta_y =
 500 :         Eigen::Matrix<double,-1,1>::Constant(C,
 501 :           std::numeric_limits<double>::quiet_NaN());
 502 :       current_statement__ = 7;
 503 :       delta_y = in__.template read_constrain_lub<
 504 :                   Eigen::Matrix<local_scalar_t__,-1,1>, jacobian__>(lower_y,
 505 :                   upper_y, lp__, C);
 506 :       Eigen::Matrix<double,-1,1> eps_scale =
 507 :         Eigen::Matrix<double,-1,1>::Constant(K,
 508 :           std::numeric_limits<double>::quiet_NaN());
 509 :       out__.write(rho);
 510 :       out__.write(sigma);
 511 :       out__.write(theta);
 512 :       out__.write(alpha);
 513 :       out__.write(eps);
 514 :       out__.write(delta_x);
 515 :       out__.write(delta_y);
 516 :       if (stan::math::logical_negation(
 517 :             (stan::math::primitive_value(emit_transformed_parameters__) ||
 518 :             stan::math::primitive_value(emit_generated_quantities__)))) {
 519 :         return ;
 520 :       }
 521 :       current_statement__ = 8;
 522 :       stan::model::assign(eps_scale,
 523 :         stan::math::multiply(eps, stan::math::sqrt(sigma)),
 524 :         "assigning variable eps_scale");
 525 :       if (emit_transformed_parameters__) {
 526 :         out__.write(eps_scale);
 527 :       }
 528 :       if (stan::math::logical_negation(emit_generated_quantities__)) {
 529 :         return ;
 530 :       }
 531 :     } catch (const std::exception& e) {
 532 :       stan::lang::rethrow_located(e, locations_array__[current_statement__]);
 533 :     }
 534 :   }
 535 :   template <typename VecVar, typename VecI,
 536 :             stan::require_vector_t<VecVar>* = nullptr,
 537 :             stan::require_vector_like_vt<std::is_integral, VecI>* = nullptr>
 538 :   inline void
 539 :   unconstrain_array_impl(const VecVar& params_r__, const VecI& params_i__,
 540 :                          VecVar& vars__, std::ostream* pstream__ = nullptr) const {
 541 :     using local_scalar_t__ = double;
 542 :     stan::io::deserializer<local_scalar_t__> in__(params_r__, params_i__);
 543 :     stan::io::serializer<local_scalar_t__> out__(vars__);
 544 :     int current_statement__ = 0;
 545 :     local_scalar_t__ DUMMY_VAR__(std::numeric_limits<double>::quiet_NaN());
 546 :     // suppress unused var warning
 547 :     (void) DUMMY_VAR__;
 548 :     try {
 549 :       int pos__ = std::numeric_limits<int>::min();
 550 :       pos__ = 1;
 551 :       local_scalar_t__ rho = DUMMY_VAR__;
 552 :       current_statement__ = 1;
 553 :       rho = in__.read<local_scalar_t__>();
 554 :       out__.write_free_lb(0, rho);
 555 :       local_scalar_t__ sigma = DUMMY_VAR__;
 556 :       current_statement__ = 2;
 557 :       sigma = in__.read<local_scalar_t__>();
 558 :       out__.write_free_lb(0, sigma);
 559 :       local_scalar_t__ theta = DUMMY_VAR__;
 560 :       current_statement__ = 3;
 561 :       theta = in__.read<local_scalar_t__>();
 562 :       out__.write(theta);
 563 :       local_scalar_t__ alpha = DUMMY_VAR__;
 564 :       current_statement__ = 4;
 565 :       alpha = in__.read<local_scalar_t__>();
 566 :       out__.write(alpha);
 567 :       Eigen::Matrix<local_scalar_t__,-1,1> eps =
 568 :         Eigen::Matrix<local_scalar_t__,-1,1>::Constant(K, DUMMY_VAR__);
 569 :       current_statement__ = 5;
 570 :       stan::model::assign(eps,
 571 :         in__.read<Eigen::Matrix<local_scalar_t__,-1,1>>(K),
 572 :         "assigning variable eps");
 573 :       out__.write(eps);
 574 :       Eigen::Matrix<local_scalar_t__,-1,1> delta_x =
 575 :         Eigen::Matrix<local_scalar_t__,-1,1>::Constant(C, DUMMY_VAR__);
 576 :       current_statement__ = 6;
 577 :       stan::model::assign(delta_x,
 578 :         in__.read<Eigen::Matrix<local_scalar_t__,-1,1>>(C),
 579 :         "assigning variable delta_x");
 580 :       out__.write_free_lub(lower_x, upper_x, delta_x);
 581 :       Eigen::Matrix<local_scalar_t__,-1,1> delta_y =
 582 :         Eigen::Matrix<local_scalar_t__,-1,1>::Constant(C, DUMMY_VAR__);
 583 :       current_statement__ = 7;
 584 :       stan::model::assign(delta_y,
 585 :         in__.read<Eigen::Matrix<local_scalar_t__,-1,1>>(C),
 586 :         "assigning variable delta_y");
 587 :       out__.write_free_lub(lower_y, upper_y, delta_y);
 588 :     } catch (const std::exception& e) {
 589 :       stan::lang::rethrow_located(e, locations_array__[current_statement__]);
 590 :     }
 591 :   }
 592 :   template <typename VecVar, stan::require_vector_t<VecVar>* = nullptr>
 593 :   inline void
 594 :   transform_inits_impl(const stan::io::var_context& context__, VecVar&
 595 :                        vars__, std::ostream* pstream__ = nullptr) const {
 596 :     using local_scalar_t__ = double;
 597 :     stan::io::serializer<local_scalar_t__> out__(vars__);
 598 :     int current_statement__ = 0;
 599 :     local_scalar_t__ DUMMY_VAR__(std::numeric_limits<double>::quiet_NaN());
 600 :     // suppress unused var warning
 601 :     (void) DUMMY_VAR__;
 602 :     try {
 603 :       current_statement__ = 1;
 604 :       context__.validate_dims("parameter initialization", "rho", "double",
 605 :         std::vector<size_t>{});
 606 :       current_statement__ = 2;
 607 :       context__.validate_dims("parameter initialization", "sigma", "double",
 608 :         std::vector<size_t>{});
 609 :       current_statement__ = 3;
 610 :       context__.validate_dims("parameter initialization", "theta", "double",
 611 :         std::vector<size_t>{});
 612 :       current_statement__ = 4;
 613 :       context__.validate_dims("parameter initialization", "alpha", "double",
 614 :         std::vector<size_t>{});
 615 :       current_statement__ = 5;
 616 :       context__.validate_dims("parameter initialization", "eps", "double",
 617 :         std::vector<size_t>{static_cast<size_t>(K)});
 618 :       current_statement__ = 6;
 619 :       context__.validate_dims("parameter initialization", "delta_x",
 620 :         "double", std::vector<size_t>{static_cast<size_t>(C)});
 621 :       current_statement__ = 7;
 622 :       context__.validate_dims("parameter initialization", "delta_y",
 623 :         "double", std::vector<size_t>{static_cast<size_t>(C)});
 624 :       int pos__ = std::numeric_limits<int>::min();
 625 :       pos__ = 1;
 626 :       local_scalar_t__ rho = DUMMY_VAR__;
 627 :       current_statement__ = 1;
 628 :       rho = context__.vals_r("rho")[(1 - 1)];
 629 :       out__.write_free_lb(0, rho);
 630 :       local_scalar_t__ sigma = DUMMY_VAR__;
 631 :       current_statement__ = 2;
 632 :       sigma = context__.vals_r("sigma")[(1 - 1)];
 633 :       out__.write_free_lb(0, sigma);
 634 :       local_scalar_t__ theta = DUMMY_VAR__;
 635 :       current_statement__ = 3;
 636 :       theta = context__.vals_r("theta")[(1 - 1)];
 637 :       out__.write(theta);
 638 :       local_scalar_t__ alpha = DUMMY_VAR__;
 639 :       current_statement__ = 4;
 640 :       alpha = context__.vals_r("alpha")[(1 - 1)];
 641 :       out__.write(alpha);
 642 :       Eigen::Matrix<local_scalar_t__,-1,1> eps =
 643 :         Eigen::Matrix<local_scalar_t__,-1,1>::Constant(K, DUMMY_VAR__);
 644 :       {
 645 :         std::vector<local_scalar_t__> eps_flat__;
 646 :         current_statement__ = 5;
 647 :         eps_flat__ = context__.vals_r("eps");
 648 :         current_statement__ = 5;
 649 :         pos__ = 1;
 650 :         current_statement__ = 5;
 651 :         for (int sym1__ = 1; sym1__ <= K; ++sym1__) {
 652 :           current_statement__ = 5;
 653 :           stan::model::assign(eps, eps_flat__[(pos__ - 1)],
 654 :             "assigning variable eps", stan::model::index_uni(sym1__));
 655 :           current_statement__ = 5;
 656 :           pos__ = (pos__ + 1);
 657 :         }
 658 :       }
 659 :       out__.write(eps);
 660 :       Eigen::Matrix<local_scalar_t__,-1,1> delta_x =
 661 :         Eigen::Matrix<local_scalar_t__,-1,1>::Constant(C, DUMMY_VAR__);
 662 :       {
 663 :         std::vector<local_scalar_t__> delta_x_flat__;
 664 :         current_statement__ = 6;
 665 :         delta_x_flat__ = context__.vals_r("delta_x");
 666 :         current_statement__ = 6;
 667 :         pos__ = 1;
 668 :         current_statement__ = 6;
 669 :         for (int sym1__ = 1; sym1__ <= C; ++sym1__) {
 670 :           current_statement__ = 6;
 671 :           stan::model::assign(delta_x, delta_x_flat__[(pos__ - 1)],
 672 :             "assigning variable delta_x", stan::model::index_uni(sym1__));
 673 :           current_statement__ = 6;
 674 :           pos__ = (pos__ + 1);
 675 :         }
 676 :       }
 677 :       out__.write_free_lub(lower_x, upper_x, delta_x);
 678 :       Eigen::Matrix<local_scalar_t__,-1,1> delta_y =
 679 :         Eigen::Matrix<local_scalar_t__,-1,1>::Constant(C, DUMMY_VAR__);
 680 :       {
 681 :         std::vector<local_scalar_t__> delta_y_flat__;
 682 :         current_statement__ = 7;
 683 :         delta_y_flat__ = context__.vals_r("delta_y");
 684 :         current_statement__ = 7;
 685 :         pos__ = 1;
 686 :         current_statement__ = 7;
 687 :         for (int sym1__ = 1; sym1__ <= C; ++sym1__) {
 688 :           current_statement__ = 7;
 689 :           stan::model::assign(delta_y, delta_y_flat__[(pos__ - 1)],
 690 :             "assigning variable delta_y", stan::model::index_uni(sym1__));
 691 :           current_statement__ = 7;
 692 :           pos__ = (pos__ + 1);
 693 :         }
 694 :       }
 695 :       out__.write_free_lub(lower_y, upper_y, delta_y);
 696 :     } catch (const std::exception& e) {
 697 :       stan::lang::rethrow_located(e, locations_array__[current_statement__]);
 698 :     }
 699 :   }
 700 :   inline void
 701 :   get_param_names(std::vector<std::string>& names__, const bool
 702 :                   emit_transformed_parameters__ = true, const bool
 703 :                   emit_generated_quantities__ = true) const {
 704 :     names__ = std::vector<std::string>{"rho", "sigma", "theta", "alpha",
 705 :                 "eps", "delta_x", "delta_y"};
 706 :     if (emit_transformed_parameters__) {
 707 :       std::vector<std::string> temp{"eps_scale"};
 708 :       names__.reserve(names__.size() + temp.size());
 709 :       names__.insert(names__.end(), temp.begin(), temp.end());
 710 :     }
 711 :     if (emit_generated_quantities__) {}
 712 :   }
 713 :   inline void
 714 :   get_dims(std::vector<std::vector<size_t>>& dimss__, const bool
 715 :            emit_transformed_parameters__ = true, const bool
 716 :            emit_generated_quantities__ = true) const {
 717 :     dimss__ = std::vector<std::vector<size_t>>{std::vector<size_t>{},
 718 :                 std::vector<size_t>{}, std::vector<size_t>{},
 719 :                 std::vector<size_t>{},
 720 :                 std::vector<size_t>{static_cast<size_t>(K)},
 721 :                 std::vector<size_t>{static_cast<size_t>(C)},
 722 :                 std::vector<size_t>{static_cast<size_t>(C)}};
 723 :     if (emit_transformed_parameters__) {
 724 :       std::vector<std::vector<size_t>>
 725 :         temp{std::vector<size_t>{static_cast<size_t>(K)}};
 726 :       dimss__.reserve(dimss__.size() + temp.size());
 727 :       dimss__.insert(dimss__.end(), temp.begin(), temp.end());
 728 :     }
 729 :     if (emit_generated_quantities__) {}
 730 :   }
 731 :   inline void
 732 :   constrained_param_names(std::vector<std::string>& param_names__, bool
 733 :                           emit_transformed_parameters__ = true, bool
 734 :                           emit_generated_quantities__ = true) const final {
 735 :     param_names__.emplace_back(std::string() + "rho");
 736 :     param_names__.emplace_back(std::string() + "sigma");
 737 :     param_names__.emplace_back(std::string() + "theta");
 738 :     param_names__.emplace_back(std::string() + "alpha");
 739 :     for (int sym1__ = 1; sym1__ <= K; ++sym1__) {
 740 :       param_names__.emplace_back(std::string() + "eps" + '.' +
 741 :         std::to_string(sym1__));
 742 :     }
 743 :     for (int sym1__ = 1; sym1__ <= C; ++sym1__) {
 744 :       param_names__.emplace_back(std::string() + "delta_x" + '.' +
 745 :         std::to_string(sym1__));
 746 :     }
 747 :     for (int sym1__ = 1; sym1__ <= C; ++sym1__) {
 748 :       param_names__.emplace_back(std::string() + "delta_y" + '.' +
 749 :         std::to_string(sym1__));
 750 :     }
 751 :     if (emit_transformed_parameters__) {
 752 :       for (int sym1__ = 1; sym1__ <= K; ++sym1__) {
 753 :         param_names__.emplace_back(std::string() + "eps_scale" + '.' +
 754 :           std::to_string(sym1__));
 755 :       }
 756 :     }
 757 :     if (emit_generated_quantities__) {}
 758 :   }
 759 :   inline void
 760 :   unconstrained_param_names(std::vector<std::string>& param_names__, bool
 761 :                             emit_transformed_parameters__ = true, bool
 762 :                             emit_generated_quantities__ = true) const final {
 763 :     param_names__.emplace_back(std::string() + "rho");
 764 :     param_names__.emplace_back(std::string() + "sigma");
 765 :     param_names__.emplace_back(std::string() + "theta");
 766 :     param_names__.emplace_back(std::string() + "alpha");
 767 :     for (int sym1__ = 1; sym1__ <= K; ++sym1__) {
 768 :       param_names__.emplace_back(std::string() + "eps" + '.' +
 769 :         std::to_string(sym1__));
 770 :     }
 771 :     for (int sym1__ = 1; sym1__ <= C; ++sym1__) {
 772 :       param_names__.emplace_back(std::string() + "delta_x" + '.' +
 773 :         std::to_string(sym1__));
 774 :     }
 775 :     for (int sym1__ = 1; sym1__ <= C; ++sym1__) {
 776 :       param_names__.emplace_back(std::string() + "delta_y" + '.' +
 777 :         std::to_string(sym1__));
 778 :     }
 779 :     if (emit_transformed_parameters__) {
 780 :       for (int sym1__ = 1; sym1__ <= K; ++sym1__) {
 781 :         param_names__.emplace_back(std::string() + "eps_scale" + '.' +
 782 :           std::to_string(sym1__));
 783 :       }
 784 :     }
 785 :     if (emit_generated_quantities__) {}
 786 :   }
 787 :   inline std::string get_constrained_sizedtypes() const {
 788 :     return std::string("[{\"name\":\"rho\",\"type\":{\"name\":\"real\"},\"block\":\"parameters\"},{\"name\":\"sigma\",\"type\":{\"name\":\"real\"},\"block\":\"parameters\"},{\"name\":\"theta\",\"type\":{\"name\":\"real\"},\"block\":\"parameters\"},{\"name\":\"alpha\",\"type\":{\"name\":\"real\"},\"block\":\"parameters\"},{\"name\":\"eps\",\"type\":{\"name\":\"vector\",\"length\":" + std::to_string(K) + "},\"block\":\"parameters\"},{\"name\":\"delta_x\",\"type\":{\"name\":\"vector\",\"length\":" + std::to_string(C) + "},\"block\":\"parameters\"},{\"name\":\"delta_y\",\"type\":{\"name\":\"vector\",\"length\":" + std::to_string(C) + "},\"block\":\"parameters\"},{\"name\":\"eps_scale\",\"type\":{\"name\":\"vector\",\"length\":" + std::to_string(K) + "},\"block\":\"transformed_parameters\"}]");
 789 :   }
 790 :   inline std::string get_unconstrained_sizedtypes() const {
 791 :     return std::string("[{\"name\":\"rho\",\"type\":{\"name\":\"real\"},\"block\":\"parameters\"},{\"name\":\"sigma\",\"type\":{\"name\":\"real\"},\"block\":\"parameters\"},{\"name\":\"theta\",\"type\":{\"name\":\"real\"},\"block\":\"parameters\"},{\"name\":\"alpha\",\"type\":{\"name\":\"real\"},\"block\":\"parameters\"},{\"name\":\"eps\",\"type\":{\"name\":\"vector\",\"length\":" + std::to_string(K) + "},\"block\":\"parameters\"},{\"name\":\"delta_x\",\"type\":{\"name\":\"vector\",\"length\":" + std::to_string(C) + "},\"block\":\"parameters\"},{\"name\":\"delta_y\",\"type\":{\"name\":\"vector\",\"length\":" + std::to_string(C) + "},\"block\":\"parameters\"},{\"name\":\"eps_scale\",\"type\":{\"name\":\"vector\",\"length\":" + std::to_string(K) + "},\"block\":\"transformed_parameters\"}]");
 792 :   }
 793 :   // Begin method overload boilerplate
 794 :   template <typename RNG> inline void
 795 :   write_array(RNG& base_rng, Eigen::Matrix<double,-1,1>& params_r,
 796 :               Eigen::Matrix<double,-1,1>& vars, const bool
 797 :               emit_transformed_parameters = true, const bool
 798 :               emit_generated_quantities = true, std::ostream*
 799 :               pstream = nullptr) const {
 800 :     const size_t num_params__ = ((((((1 + 1) + 1) + 1) + K) + C) + C);
 801 :     const size_t num_transformed = emit_transformed_parameters * (K);
 802 :     const size_t num_gen_quantities = emit_generated_quantities * (0);
 803 :     const size_t num_to_write = num_params__ + num_transformed +
 804 :       num_gen_quantities;
 805 :     std::vector<int> params_i;
 806 :     vars = Eigen::Matrix<double,-1,1>::Constant(num_to_write,
 807 :              std::numeric_limits<double>::quiet_NaN());
 808 :     write_array_impl(base_rng, params_r, params_i, vars,
 809 :       emit_transformed_parameters, emit_generated_quantities, pstream);
 810 :   }
 811 :   template <typename RNG> inline void
 812 :   write_array(RNG& base_rng, std::vector<double>& params_r, std::vector<int>&
 813 :               params_i, std::vector<double>& vars, bool
 814 :               emit_transformed_parameters = true, bool
 815 :               emit_generated_quantities = true, std::ostream*
 816 :               pstream = nullptr) const {
 817 :     const size_t num_params__ = ((((((1 + 1) + 1) + 1) + K) + C) + C);
 818 :     const size_t num_transformed = emit_transformed_parameters * (K);
 819 :     const size_t num_gen_quantities = emit_generated_quantities * (0);
 820 :     const size_t num_to_write = num_params__ + num_transformed +
 821 :       num_gen_quantities;
 822 :     vars = std::vector<double>(num_to_write,
 823 :              std::numeric_limits<double>::quiet_NaN());
 824 :     write_array_impl(base_rng, params_r, params_i, vars,
 825 :       emit_transformed_parameters, emit_generated_quantities, pstream);
 826 :   }
 827 :   template <bool propto__, bool jacobian__, typename T_> inline T_
 828 :   log_prob(Eigen::Matrix<T_,-1,1>& params_r, std::ostream* pstream = nullptr) const {
 829 :     Eigen::Matrix<int,-1,1> params_i;
 830 :     return log_prob_impl<propto__, jacobian__>(params_r, params_i, pstream);
 831 :   }
 832 :   template <bool propto__, bool jacobian__, typename T_> inline T_
 833 :   log_prob(std::vector<T_>& params_r, std::vector<int>& params_i,
 834 :            std::ostream* pstream = nullptr) const {
 835 :     return log_prob_impl<propto__, jacobian__>(params_r, params_i, pstream);
 836 :   }
 837 :   inline void
 838 :   transform_inits(const stan::io::var_context& context,
 839 :                   Eigen::Matrix<double,-1,1>& params_r, std::ostream*
 840 :                   pstream = nullptr) const final {
 841 :     std::vector<double> params_r_vec(params_r.size());
 842 :     std::vector<int> params_i;
 843 :     transform_inits(context, params_i, params_r_vec, pstream);
 844 :     params_r = Eigen::Map<Eigen::Matrix<double,-1,1>>(params_r_vec.data(),
 845 :                  params_r_vec.size());
 846 :   }
 847 :   inline void
 848 :   transform_inits(const stan::io::var_context& context, std::vector<int>&
 849 :                   params_i, std::vector<double>& vars, std::ostream*
 850 :                   pstream__ = nullptr) const {
 851 :     vars.resize(num_params_r__);
 852 :     transform_inits_impl(context, vars, pstream__);
 853 :   }
 854 :   inline void
 855 :   unconstrain_array(const std::vector<double>& params_constrained,
 856 :                     std::vector<double>& params_unconstrained, std::ostream*
 857 :                     pstream = nullptr) const {
 858 :     const std::vector<int> params_i;
 859 :     params_unconstrained = std::vector<double>(num_params_r__,
 860 :                              std::numeric_limits<double>::quiet_NaN());
 861 :     unconstrain_array_impl(params_constrained, params_i,
 862 :       params_unconstrained, pstream);
 863 :   }
 864 :   inline void
 865 :   unconstrain_array(const Eigen::Matrix<double,-1,1>& params_constrained,
 866 :                     Eigen::Matrix<double,-1,1>& params_unconstrained,
 867 :                     std::ostream* pstream = nullptr) const {
 868 :     const std::vector<int> params_i;
 869 :     params_unconstrained = Eigen::Matrix<double,-1,1>::Constant(num_params_r__,
 870 :                              std::numeric_limits<double>::quiet_NaN());
 871 :     unconstrain_array_impl(params_constrained, params_i,
 872 :       params_unconstrained, pstream);
 873 :   }
 874 : };
 875 : }
 876 : using stan_model = model78be67f9316fc__namespace::model78be67f9316fc_;
 877 : #ifndef USING_R
 878 : // Boilerplate
 879 : stan::model::model_base&
 880 : new_model(stan::io::var_context& data_context, unsigned int seed,
 881 :           std::ostream* msg_stream) {
 882 :   stan_model* m = new stan_model(data_context, seed, msg_stream);
 883 :   return *m;
 884 : }
 885 : stan::math::profile_map& get_stan_profile_data() {
 886 :   return model78be67f9316fc__namespace::profiles__;
 887 : }
 888 : #endif
 889 : #endif
 890 : 
 891 : RCPP_MODULE(stan_fit4model78be67f9316fc__mod) {
 892 :   class_<rstan::stan_fit<stan_model, boost::random::ecuyer1988> >(
 893 :       "stan_fit4model78be67f9316fc_")
 894 : 
 895 :       .constructor<SEXP, SEXP, SEXP>()
 896 : 
 897 :       .method(
 898 :           "call_sampler",
 899 :           &rstan::stan_fit<stan_model, boost::random::ecuyer1988>::call_sampler)
 900 :       .method(
 901 :           "param_names",
 902 :           &rstan::stan_fit<stan_model, boost::random::ecuyer1988>::param_names)
 903 :       .method("param_names_oi",
 904 :               &rstan::stan_fit<stan_model,
 905 :                                boost::random::ecuyer1988>::param_names_oi)
 906 :       .method("param_fnames_oi",
 907 :               &rstan::stan_fit<stan_model,
 908 :                                boost::random::ecuyer1988>::param_fnames_oi)
 909 :       .method(
 910 :           "param_dims",
 911 :           &rstan::stan_fit<stan_model, boost::random::ecuyer1988>::param_dims)
 912 :       .method("param_dims_oi",
 913 :               &rstan::stan_fit<stan_model,
 914 :                                boost::random::ecuyer1988>::param_dims_oi)
 915 :       .method("update_param_oi",
 916 :               &rstan::stan_fit<stan_model,
 917 :                                boost::random::ecuyer1988>::update_param_oi)
 918 :       .method("param_oi_tidx",
 919 :               &rstan::stan_fit<stan_model,
 920 :                                boost::random::ecuyer1988>::param_oi_tidx)
 921 :       .method("grad_log_prob",
 922 :               &rstan::stan_fit<stan_model,
 923 :                                boost::random::ecuyer1988>::grad_log_prob)
 924 :       .method("log_prob",
 925 :               &rstan::stan_fit<stan_model, boost::random::ecuyer1988>::log_prob)
 926 :       .method("unconstrain_pars",
 927 :               &rstan::stan_fit<stan_model,
 928 :                                boost::random::ecuyer1988>::unconstrain_pars)
 929 :       .method("constrain_pars",
 930 :               &rstan::stan_fit<stan_model,
 931 :                                boost::random::ecuyer1988>::constrain_pars)
 932 :       .method(
 933 :           "num_pars_unconstrained",
 934 :           &rstan::stan_fit<stan_model,
 935 :                            boost::random::ecuyer1988>::num_pars_unconstrained)
 936 :       .method(
 937 :           "unconstrained_param_names",
 938 :           &rstan::stan_fit<
 939 :               stan_model, boost::random::ecuyer1988>::unconstrained_param_names)
 940 :       .method(
 941 :           "constrained_param_names",
 942 :           &rstan::stan_fit<stan_model,
 943 :                            boost::random::ecuyer1988>::constrained_param_names)
 944 :       .method("standalone_gqs",
 945 :               &rstan::stan_fit<stan_model,
 946 :                                boost::random::ecuyer1988>::standalone_gqs);
 947 : }
 948 : 
 949 : 
 950 : // declarations
 951 : extern "C" {
 952 : SEXP file78be61066a8e( ) ;
 953 : }
 954 : 
 955 : // definition
 956 : SEXP file78be61066a8e() {
 957 :  return Rcpp::wrap("anon_model");
 958 : }
make cmd is
  make -f '/cvmfs/soft.computecanada.ca/easybuild/software/2023/x86-64-v4/Compiler/gcccore/r/4.3.1/lib64/R/etc/Makeconf' -f '/cvmfs/soft.computecanada.ca/easybuild/software/2023/x86-64-v4/Compiler/gcccore/r/4.3.1/lib64/R/share/make/shlib.mk' CXX='$(CXX17) $(CXX17STD)' CXXFLAGS='$(CXX17FLAGS)' CXXPICFLAGS='$(CXX17PICFLAGS)' SHLIB_LDFLAGS='$(SHLIB_CXX17LDFLAGS)' SHLIB_LD='$(SHLIB_CXX17LD)' SHLIB='file78be61066a8e.so' OBJECTS='file78be61066a8e.o'

make would use
g++ -std=gnu++17 -I"/cvmfs/soft.computecanada.ca/easybuild/software/2023/x86-64-v4/Compiler/gcccore/r/4.3.1/lib64/R/include" -DNDEBUG   -I"/home/melanson/R/x86_64-pc-linux-gnu-library/4.3/Rcpp/include/"  -I"/home/melanson/R/x86_64-pc-linux-gnu-library/4.3/RcppEigen/include/"  -I"/home/melanson/R/x86_64-pc-linux-gnu-library/4.3/RcppEigen/include/unsupported"  -I"/home/melanson/R/x86_64-pc-linux-gnu-library/4.3/BH/include" -I"/home/melanson/R/x86_64-pc-linux-gnu-library/4.3/StanHeaders/include/src/"  -I"/home/melanson/R/x86_64-pc-linux-gnu-library/4.3/StanHeaders/include/"  -I"/home/melanson/R/x86_64-pc-linux-gnu-library/4.3/RcppParallel/include/"  -I"/home/melanson/R/x86_64-pc-linux-gnu-library/4.3/rstan/include" -DEIGEN_NO_DEBUG  -DBOOST_DISABLE_ASSERTS  -DBOOST_PENDING_INTEGER_LOG2_HPP  -DSTAN_THREADS  -DUSE_STANC3 -DSTRICT_R_HEADERS  -DBOOST_PHOENIX_NO_VARIADIC_EXPRESSION  -D_HAS_AUTO_PTR_ETC=0  -include '/home/melanson/R/x86_64-pc-linux-gnu-library/4.3/StanHeaders/include/stan/math/prim/fun/Eigen.hpp'  -D_REENTRANT -DRCPP_PARALLEL_USE_TBB=1   -I/cvmfs/soft.computecanada.ca/easybuild/software/2023/x86-64-v3/Core/java/17.0.6/include -I/cvmfs/soft.computecanada.ca/easybuild/software/2023/x86-64-v3/Core/flexiblascore/3.3.1/include -I/cvmfs/soft.computecanada.ca/easybuild/software/2023/x86-64-v3/Core/flexiblascore/3.3.1/include/flexiblas    -fpic  -O2 -ftree-vectorize -march=x86-64-v4 -fno-math-errno  -c file78be61066a8e.cpp -o file78be61066a8e.o
if test  "zfile78be61066a8e.o" != "z"; then \
  echo g++ -std=gnu++17 -shared -L"/cvmfs/soft.computecanada.ca/easybuild/software/2023/x86-64-v4/Compiler/gcccore/r/4.3.1/lib64/R/lib"  -o file78be61066a8e.so file78be61066a8e.o  '/home/melanson/R/x86_64-pc-linux-gnu-library/4.3/rstan/lib//libStanServices.a' -L'/home/melanson/R/x86_64-pc-linux-gnu-library/4.3/StanHeaders/lib/' -lStanHeaders -L'/home/melanson/R/x86_64-pc-linux-gnu-library/4.3/RcppParallel/lib/' -ltbb   -L"/cvmfs/soft.computecanada.ca/easybuild/software/2023/x86-64-v4/Compiler/gcccore/r/4.3.1/lib64/R/lib" -lR; \
  g++ -std=gnu++17 -shared -L"/cvmfs/soft.computecanada.ca/easybuild/software/2023/x86-64-v4/Compiler/gcccore/r/4.3.1/lib64/R/lib"  -o file78be61066a8e.so file78be61066a8e.o  '/home/melanson/R/x86_64-pc-linux-gnu-library/4.3/rstan/lib//libStanServices.a' -L'/home/melanson/R/x86_64-pc-linux-gnu-library/4.3/StanHeaders/lib/' -lStanHeaders -L'/home/melanson/R/x86_64-pc-linux-gnu-library/4.3/RcppParallel/lib/' -ltbb   -L"/cvmfs/soft.computecanada.ca/easybuild/software/2023/x86-64-v4/Compiler/gcccore/r/4.3.1/lib64/R/lib" -lR; \
fi

CHECKING DATA AND PREPROCESSING FOR MODEL 'anon_model' NOW.

COMPILING MODEL 'anon_model' NOW.

STARTING SAMPLER FOR MODEL 'anon_model' NOW.

CHECKING DATA AND PREPROCESSING FOR MODEL 'anon_model' NOW.

CHECKING DATA AND PREPROCESSING FOR MODEL 'anon_model' NOW.

CHECKING DATA AND PREPROCESSING FOR MODEL 'anon_model' NOW.

COMPILING MODEL 'anon_model' NOW.

STARTING SAMPLER FOR MODEL 'anon_model' NOW.

COMPILING MODEL 'anon_model' NOW.

STARTING SAMPLER FOR MODEL 'anon_model' NOW.

COMPILING MODEL 'anon_model' NOW.

STARTING SAMPLER FOR MODEL 'anon_model' NOW.

SAMPLING FOR MODEL 'anon_model' NOW (CHAIN 3).

SAMPLING FOR MODEL 'anon_model' NOW (CHAIN 1).

SAMPLING FOR MODEL 'anon_model' NOW (CHAIN 2).

CHECKING DATA AND PREPROCESSING FOR MODEL 'anon_model' NOW.

COMPILING MODEL 'anon_model' NOW.

STARTING SAMPLER FOR MODEL 'anon_model' NOW.

SAMPLING FOR MODEL 'anon_model' NOW (CHAIN 4).
Chain 2: 
Chain 2: Gradient evaluation took 0.018861 seconds
Chain 2: 1000 transitions using 10 leapfrog steps per transition would take 188.61 seconds.
Chain 2: Adjust your expectations accordingly!
Chain 2: 
Chain 2: 
Chain 1: 
Chain 1: Gradient evaluation took 0.016787 seconds
Chain 1: 1000 transitions using 10 leapfrog steps per transition would take 167.87 seconds.
Chain 1: Adjust your expectations accordingly!
Chain 1: 
Chain 1: 
Chain 3: 
Chain 3: Gradient evaluation took 0.021042 seconds
Chain 3: 1000 transitions using 10 leapfrog steps per transition would take 210.42 seconds.
Chain 3: Adjust your expectations accordingly!
Chain 3: 
Chain 3: 
Chain 4: 
Chain 4: Gradient evaluation took 0.019645 seconds
Chain 4: 1000 transitions using 10 leapfrog steps per transition would take 196.45 seconds.
Chain 4: Adjust your expectations accordingly!
Chain 4: 
Chain 4: 
Chain 1: Iteration:    1 / 2000 [  0%]  (Warmup)
Chain 2: Iteration:    1 / 2000 [  0%]  (Warmup)
Chain 3: Iteration:    1 / 2000 [  0%]  (Warmup)
Chain 4: Iteration:    1 / 2000 [  0%]  (Warmup)
Chain 4: Iteration:  200 / 2000 [ 10%]  (Warmup)
Chain 3: Iteration:  200 / 2000 [ 10%]  (Warmup)
Chain 1: Iteration:  200 / 2000 [ 10%]  (Warmup)
Chain 2: Iteration:  200 / 2000 [ 10%]  (Warmup)
Chain 4: Iteration:  400 / 2000 [ 20%]  (Warmup)
Chain 1: Iteration:  400 / 2000 [ 20%]  (Warmup)
Chain 3: Iteration:  400 / 2000 [ 20%]  (Warmup)
Chain 4: Iteration:  600 / 2000 [ 30%]  (Warmup)
Chain 2: Iteration:  400 / 2000 [ 20%]  (Warmup)
Chain 4: Iteration:  800 / 2000 [ 40%]  (Warmup)
Chain 3: Iteration:  600 / 2000 [ 30%]  (Warmup)
Chain 1: Iteration:  600 / 2000 [ 30%]  (Warmup)
Chain 2: Iteration:  600 / 2000 [ 30%]  (Warmup)
Chain 4: Iteration: 1000 / 2000 [ 50%]  (Warmup)
Chain 4: Iteration: 1001 / 2000 [ 50%]  (Sampling)
Chain 1: Iteration:  800 / 2000 [ 40%]  (Warmup)
Chain 3: Iteration:  800 / 2000 [ 40%]  (Warmup)
Chain 2: Iteration:  800 / 2000 [ 40%]  (Warmup)
Chain 4: Iteration: 1200 / 2000 [ 60%]  (Sampling)
Chain 1: Iteration: 1000 / 2000 [ 50%]  (Warmup)
Chain 2: Iteration: 1000 / 2000 [ 50%]  (Warmup)
Chain 1: Iteration: 1001 / 2000 [ 50%]  (Sampling)
Chain 2: Iteration: 1001 / 2000 [ 50%]  (Sampling)
Chain 3: Iteration: 1000 / 2000 [ 50%]  (Warmup)
Chain 3: Iteration: 1001 / 2000 [ 50%]  (Sampling)
Chain 4: Iteration: 1400 / 2000 [ 70%]  (Sampling)
Chain 2: Iteration: 1200 / 2000 [ 60%]  (Sampling)
Chain 1: Iteration: 1200 / 2000 [ 60%]  (Sampling)
Chain 3: Iteration: 1200 / 2000 [ 60%]  (Sampling)
Chain 4: Iteration: 1600 / 2000 [ 80%]  (Sampling)
Chain 2: Iteration: 1400 / 2000 [ 70%]  (Sampling)
Chain 1: Iteration: 1400 / 2000 [ 70%]  (Sampling)
Chain 3: Iteration: 1400 / 2000 [ 70%]  (Sampling)
Chain 4: Iteration: 1800 / 2000 [ 90%]  (Sampling)
Chain 4: Iteration: 2000 / 2000 [100%]  (Sampling)
Chain 4: 
Chain 4:  Elapsed Time: 1191.72 seconds (Warm-up)
Chain 4:                459.018 seconds (Sampling)
Chain 4:                1650.74 seconds (Total)
Chain 4: 
Chain 2: Iteration: 1600 / 2000 [ 80%]  (Sampling)
Chain 1: Iteration: 1600 / 2000 [ 80%]  (Sampling)
Chain 3: Iteration: 1600 / 2000 [ 80%]  (Sampling)
Chain 2: Iteration: 1800 / 2000 [ 90%]  (Sampling)
Chain 1: Iteration: 1800 / 2000 [ 90%]  (Sampling)
Chain 3: Iteration: 1800 / 2000 [ 90%]  (Sampling)
Chain 2: Iteration: 2000 / 2000 [100%]  (Sampling)
Chain 2: 
Chain 2:  Elapsed Time: 1345.81 seconds (Warm-up)
Chain 2:                485.432 seconds (Sampling)
Chain 2:                1831.24 seconds (Total)
Chain 2: 
Chain 1: Iteration: 2000 / 2000 [100%]  (Sampling)
Chain 1: 
Chain 1:  Elapsed Time: 1345.76 seconds (Warm-up)
Chain 1:                506.467 seconds (Sampling)
Chain 1:                1852.23 seconds (Total)
Chain 1: 
Chain 3: Iteration: 2000 / 2000 [100%]  (Sampling)
Chain 3: 
Chain 3:  Elapsed Time: 1348.42 seconds (Warm-up)
Chain 3:                507.609 seconds (Sampling)
Chain 3:                1856.02 seconds (Total)
Chain 3: 
