Lmod Warning:
-------------------------------------------------------------------------------
The following dependent module(s) are not currently loaded: proj/9.2.0
(required by: libgeotiff/1.7.1, libspatialite/5.1.0, gdal/3.9.1)
-------------------------------------------------------------------------------



Loading required package: matrixStats
Loading required package: sp
Loading required package: gstat
Loading required package: ggplot2
Loading required package: reshape2
Loading required package: raster
Loading required package: sp
Loading required package: rasterVis
Loading required package: lattice
Loading required package: parallel
Loading required package: future
Loading required package: furrr
Loading required package: future
Loading required package: StanHeaders

rstan version 2.32.7 (Stan version 2.32.2)

For execution on a local, multicore CPU with excess RAM we recommend calling
options(mc.cores = parallel::detectCores()).
To avoid recompilation of unchanged Stan programs, we recommend calling
rstan_options(auto_write = TRUE)
For within-chain threading using `reduce_sum()` or `map_rect()` Stan functions,
change `threads_per_chain` option:
rstan_options(threads_per_chain = 1)

Loading required package: lattice

Attaching package: ‘dplyr’

The following objects are masked from ‘package:raster’:

    intersect, select, union

The following object is masked from ‘package:matrixStats’:

    count

The following objects are masked from ‘package:stats’:

    filter, lag

The following objects are masked from ‘package:base’:

    intersect, setdiff, setequal, union


Attaching package: ‘tidyr’

The following object is masked from ‘package:raster’:

    extract

The following object is masked from ‘package:reshape2’:

    smiths

The following object is masked from ‘package:rstan’:

    extract


Attaching package: ‘gridExtra’

The following object is masked from ‘package:dplyr’:

    combine

terra 1.8.50

Attaching package: ‘terra’

The following object is masked from ‘package:tidyr’:

    extract

The following object is masked from ‘package:rstan’:

    extract


 *** caught bus error ***
address 0x586f000, cause 'unknown'

Traceback:
 1: compute_visitation_on_raster(colonies = colony_data, trap_data = trap_data,     resource_quality_rast = resource_landscape, rho = rho, theta = theta,     distance_decay = distance_decay, number_colonies = number_colonies,     number_traps = number_traps)
 2: draw_bees_colony_restricted(sample_size = params$sample_size,     landscape_size = 1500, colonygrid_size = 700, trapgrid_size = 300,     number_traps = 25, number_colonies = params$colony_density,     colony_sizes = rep(100, params$colony_density), rho = params$rho,     theta = 0.5, resource_landscape = fq, nesting_landscape = NULL,     distance_decay = params$distance_decay)
An irrecoverable exception occurred. R is aborting now ...
