Lmod Warning:
-------------------------------------------------------------------------------
The following dependent module(s) are not currently loaded: proj/9.2.0
(required by: libgeotiff/1.7.1, libspatialite/5.1.0, gdal/3.9.1)
-------------------------------------------------------------------------------



Loading required package: lattice

Attaching package: ‘dplyr’

The following objects are masked from ‘package:raster’:

    intersect, select, union

The following object is masked from ‘package:matrixStats’:

    count

The following objects are masked from ‘package:stats’:

    filter, lag

The following objects are masked from ‘package:base’:

    intersect, setdiff, setequal, union


Attaching package: ‘tidyr’

The following object is masked from ‘package:raster’:

    extract

The following object is masked from ‘package:reshape2’:

    smiths


Attaching package: ‘gridExtra’

The following object is masked from ‘package:dplyr’:

    combine

This is posterior version 1.6.1

Attaching package: ‘posterior’

The following objects are masked from ‘package:raster’:

    %in%, match

The following objects are masked from ‘package:stats’:

    mad, sd, var

The following objects are masked from ‘package:base’:

    %in%, match

terra 1.8.54

Attaching package: ‘terra’

The following object is masked from ‘package:tidyr’:

    extract

Loading required package: Matrix

Attaching package: ‘Matrix’

The following objects are masked from ‘package:tidyr’:

    expand, pack, unpack


Attaching package: ‘lme4’

The following object is masked from ‘package:raster’:

    getData

Error in gzfile(file, mode) : cannot open the connection
Calls: saveRDS -> saveRDS -> gzfile
In addition: Warning message:
In gzfile(file, mode) :
  cannot open compressed file 'simulate_data/methods_comparison/landscape_effects/centroids/simdata.rds', probable reason 'No such file or directory'
Execution halted
