[1] "Starting sampling."
Running MCMC with 4 parallel chains, with 4 thread(s) per chain...

Chain 1 Iteration:    1 / 6000 [  0%]  (Warmup) 
Chain 2 Iteration:    1 / 6000 [  0%]  (Warmup) 
Chain 3 Iteration:    1 / 6000 [  0%]  (Warmup) 
Chain 4 Iteration:    1 / 6000 [  0%]  (Warmup) 
Chain 2 Iteration:  100 / 6000 [  1%]  (Warmup) 
Chain 1 Iteration:  100 / 6000 [  1%]  (Warmup) 
Chain 3 Iteration:  100 / 6000 [  1%]  (Warmup) 
Chain 4 Iteration:  100 / 6000 [  1%]  (Warmup) 
Chain 2 Iteration:  200 / 6000 [  3%]  (Warmup) 
Chain 1 Iteration:  200 / 6000 [  3%]  (Warmup) 
Chain 3 Iteration:  200 / 6000 [  3%]  (Warmup) 
Chain 4 Iteration:  200 / 6000 [  3%]  (Warmup) 
Chain 2 Iteration:  300 / 6000 [  5%]  (Warmup) 
Chain 1 Iteration:  300 / 6000 [  5%]  (Warmup) 
Chain 2 Iteration:  400 / 6000 [  6%]  (Warmup) 
Chain 3 Iteration:  300 / 6000 [  5%]  (Warmup) 
Chain 4 Iteration:  300 / 6000 [  5%]  (Warmup) 
Chain 1 Iteration:  400 / 6000 [  6%]  (Warmup) 
Chain 2 Iteration:  500 / 6000 [  8%]  (Warmup) 
Chain 3 Iteration:  400 / 6000 [  6%]  (Warmup) 
Chain 4 Iteration:  400 / 6000 [  6%]  (Warmup) 
Chain 2 Iteration:  600 / 6000 [ 10%]  (Warmup) 
Chain 1 Iteration:  500 / 6000 [  8%]  (Warmup) 
Chain 3 Iteration:  500 / 6000 [  8%]  (Warmup) 
Chain 4 Iteration:  500 / 6000 [  8%]  (Warmup) 
Chain 2 Iteration:  700 / 6000 [ 11%]  (Warmup) 
Chain 3 Iteration:  600 / 6000 [ 10%]  (Warmup) 
Chain 1 Iteration:  600 / 6000 [ 10%]  (Warmup) 
Chain 4 Iteration:  600 / 6000 [ 10%]  (Warmup) 
Chain 2 Iteration:  800 / 6000 [ 13%]  (Warmup) 
Chain 3 Iteration:  700 / 6000 [ 11%]  (Warmup) 
Chain 1 Iteration:  700 / 6000 [ 11%]  (Warmup) 
Chain 4 Iteration:  700 / 6000 [ 11%]  (Warmup) 
Chain 2 Iteration:  900 / 6000 [ 15%]  (Warmup) 
Chain 3 Iteration:  800 / 6000 [ 13%]  (Warmup) 
Chain 1 Iteration:  800 / 6000 [ 13%]  (Warmup) 
Chain 4 Iteration:  800 / 6000 [ 13%]  (Warmup) 
Chain 2 Iteration: 1000 / 6000 [ 16%]  (Warmup) 
Chain 2 Iteration: 1001 / 6000 [ 16%]  (Sampling) 
Chain 3 Iteration:  900 / 6000 [ 15%]  (Warmup) 
Chain 1 Iteration:  900 / 6000 [ 15%]  (Warmup) 
Chain 4 Iteration:  900 / 6000 [ 15%]  (Warmup) 
Chain 2 Iteration: 1100 / 6000 [ 18%]  (Sampling) 
Chain 3 Iteration: 1000 / 6000 [ 16%]  (Warmup) 
Chain 3 Iteration: 1001 / 6000 [ 16%]  (Sampling) 
Chain 1 Iteration: 1000 / 6000 [ 16%]  (Warmup) 
Chain 1 Iteration: 1001 / 6000 [ 16%]  (Sampling) 
Chain 2 Iteration: 1200 / 6000 [ 20%]  (Sampling) 
Chain 4 Iteration: 1000 / 6000 [ 16%]  (Warmup) 
Chain 4 Iteration: 1001 / 6000 [ 16%]  (Sampling) 
Chain 3 Iteration: 1100 / 6000 [ 18%]  (Sampling) 
Chain 1 Iteration: 1100 / 6000 [ 18%]  (Sampling) 
Chain 2 Iteration: 1300 / 6000 [ 21%]  (Sampling) 
Chain 4 Iteration: 1100 / 6000 [ 18%]  (Sampling) 
Chain 3 Iteration: 1200 / 6000 [ 20%]  (Sampling) 
Chain 1 Iteration: 1200 / 6000 [ 20%]  (Sampling) 
Chain 2 Iteration: 1400 / 6000 [ 23%]  (Sampling) 
Chain 4 Iteration: 1200 / 6000 [ 20%]  (Sampling) 
Chain 3 Iteration: 1300 / 6000 [ 21%]  (Sampling) 
Chain 1 Iteration: 1300 / 6000 [ 21%]  (Sampling) 
Chain 2 Iteration: 1500 / 6000 [ 25%]  (Sampling) 
Chain 4 Iteration: 1300 / 6000 [ 21%]  (Sampling) 
Chain 3 Iteration: 1400 / 6000 [ 23%]  (Sampling) 
Chain 1 Iteration: 1400 / 6000 [ 23%]  (Sampling) 
Chain 2 Iteration: 1600 / 6000 [ 26%]  (Sampling) 
Chain 4 Iteration: 1400 / 6000 [ 23%]  (Sampling) 
Chain 3 Iteration: 1500 / 6000 [ 25%]  (Sampling) 
Chain 1 Iteration: 1500 / 6000 [ 25%]  (Sampling) 
Chain 2 Iteration: 1700 / 6000 [ 28%]  (Sampling) 
Chain 4 Iteration: 1500 / 6000 [ 25%]  (Sampling) 
Chain 3 Iteration: 1600 / 6000 [ 26%]  (Sampling) 
Chain 1 Iteration: 1600 / 6000 [ 26%]  (Sampling) 
Chain 2 Iteration: 1800 / 6000 [ 30%]  (Sampling) 
Chain 4 Iteration: 1600 / 6000 [ 26%]  (Sampling) 
Chain 3 Iteration: 1700 / 6000 [ 28%]  (Sampling) 
Chain 1 Iteration: 1700 / 6000 [ 28%]  (Sampling) 
Chain 2 Iteration: 1900 / 6000 [ 31%]  (Sampling) 
Chain 4 Iteration: 1700 / 6000 [ 28%]  (Sampling) 
Chain 3 Iteration: 1800 / 6000 [ 30%]  (Sampling) 
Chain 1 Iteration: 1800 / 6000 [ 30%]  (Sampling) 
Chain 2 Iteration: 2000 / 6000 [ 33%]  (Sampling) 
Chain 4 Iteration: 1800 / 6000 [ 30%]  (Sampling) 
Chain 3 Iteration: 1900 / 6000 [ 31%]  (Sampling) 
Chain 1 Iteration: 1900 / 6000 [ 31%]  (Sampling) 
Chain 2 Iteration: 2100 / 6000 [ 35%]  (Sampling) 
Chain 4 Iteration: 1900 / 6000 [ 31%]  (Sampling) 
Chain 3 Iteration: 2000 / 6000 [ 33%]  (Sampling) 
Chain 1 Iteration: 2000 / 6000 [ 33%]  (Sampling) 
Chain 4 Iteration: 2000 / 6000 [ 33%]  (Sampling) 
Chain 2 Iteration: 2200 / 6000 [ 36%]  (Sampling) 
Chain 3 Iteration: 2100 / 6000 [ 35%]  (Sampling) 
Chain 1 Iteration: 2100 / 6000 [ 35%]  (Sampling) 
Chain 2 Iteration: 2300 / 6000 [ 38%]  (Sampling) 
Chain 4 Iteration: 2100 / 6000 [ 35%]  (Sampling) 
Chain 1 Iteration: 2200 / 6000 [ 36%]  (Sampling) 
Chain 3 Iteration: 2200 / 6000 [ 36%]  (Sampling) 
Chain 2 Iteration: 2400 / 6000 [ 40%]  (Sampling) 
Chain 4 Iteration: 2200 / 6000 [ 36%]  (Sampling) 
Chain 1 Iteration: 2300 / 6000 [ 38%]  (Sampling) 
Chain 3 Iteration: 2300 / 6000 [ 38%]  (Sampling) 
Chain 2 Iteration: 2500 / 6000 [ 41%]  (Sampling) 
Chain 4 Iteration: 2300 / 6000 [ 38%]  (Sampling) 
Chain 1 Iteration: 2400 / 6000 [ 40%]  (Sampling) 
Chain 3 Iteration: 2400 / 6000 [ 40%]  (Sampling) 
Chain 2 Iteration: 2600 / 6000 [ 43%]  (Sampling) 
Chain 4 Iteration: 2400 / 6000 [ 40%]  (Sampling) 
Chain 1 Iteration: 2500 / 6000 [ 41%]  (Sampling) 
Chain 3 Iteration: 2500 / 6000 [ 41%]  (Sampling) 
Chain 2 Iteration: 2700 / 6000 [ 45%]  (Sampling) 
Chain 4 Iteration: 2500 / 6000 [ 41%]  (Sampling) 
Chain 1 Iteration: 2600 / 6000 [ 43%]  (Sampling) 
Chain 3 Iteration: 2600 / 6000 [ 43%]  (Sampling) 
Chain 4 Iteration: 2600 / 6000 [ 43%]  (Sampling) 
Chain 2 Iteration: 2800 / 6000 [ 46%]  (Sampling) 
Chain 1 Iteration: 2700 / 6000 [ 45%]  (Sampling) 
Chain 3 Iteration: 2700 / 6000 [ 45%]  (Sampling) 
Chain 1 Iteration: 2800 / 6000 [ 46%]  (Sampling) 
Chain 3 Iteration: 2800 / 6000 [ 46%]  (Sampling) 
Chain 4 Iteration: 2700 / 6000 [ 45%]  (Sampling) 
Chain 2 Iteration: 2900 / 6000 [ 48%]  (Sampling) 
Chain 1 Iteration: 2900 / 6000 [ 48%]  (Sampling) 
Chain 3 Iteration: 2900 / 6000 [ 48%]  (Sampling) 
Chain 4 Iteration: 2800 / 6000 [ 46%]  (Sampling) 
Chain 2 Iteration: 3000 / 6000 [ 50%]  (Sampling) 
Chain 1 Iteration: 3000 / 6000 [ 50%]  (Sampling) 
Chain 3 Iteration: 3000 / 6000 [ 50%]  (Sampling) 
Chain 4 Iteration: 2900 / 6000 [ 48%]  (Sampling) 
Chain 2 Iteration: 3100 / 6000 [ 51%]  (Sampling) 
Chain 1 Iteration: 3100 / 6000 [ 51%]  (Sampling) 
Chain 3 Iteration: 3100 / 6000 [ 51%]  (Sampling) 
Chain 4 Iteration: 3000 / 6000 [ 50%]  (Sampling) 
Chain 2 Iteration: 3200 / 6000 [ 53%]  (Sampling) 
Chain 1 Iteration: 3200 / 6000 [ 53%]  (Sampling) 
Chain 3 Iteration: 3200 / 6000 [ 53%]  (Sampling) 
Chain 4 Iteration: 3100 / 6000 [ 51%]  (Sampling) 
Chain 2 Iteration: 3300 / 6000 [ 55%]  (Sampling) 
Chain 1 Iteration: 3300 / 6000 [ 55%]  (Sampling) 
Chain 3 Iteration: 3300 / 6000 [ 55%]  (Sampling) 
Chain 4 Iteration: 3200 / 6000 [ 53%]  (Sampling) 
Chain 2 Iteration: 3400 / 6000 [ 56%]  (Sampling) 
Chain 1 Iteration: 3400 / 6000 [ 56%]  (Sampling) 
Chain 3 Iteration: 3400 / 6000 [ 56%]  (Sampling) 
Chain 4 Iteration: 3300 / 6000 [ 55%]  (Sampling) 
Chain 2 Iteration: 3500 / 6000 [ 58%]  (Sampling) 
Chain 1 Iteration: 3500 / 6000 [ 58%]  (Sampling) 
Chain 3 Iteration: 3500 / 6000 [ 58%]  (Sampling) 
Chain 4 Iteration: 3400 / 6000 [ 56%]  (Sampling) 
Chain 2 Iteration: 3600 / 6000 [ 60%]  (Sampling) 
Chain 1 Iteration: 3600 / 6000 [ 60%]  (Sampling) 
Chain 3 Iteration: 3600 / 6000 [ 60%]  (Sampling) 
Chain 4 Iteration: 3500 / 6000 [ 58%]  (Sampling) 
Chain 2 Iteration: 3700 / 6000 [ 61%]  (Sampling) 
Chain 1 Iteration: 3700 / 6000 [ 61%]  (Sampling) 
Chain 3 Iteration: 3700 / 6000 [ 61%]  (Sampling) 
Chain 4 Iteration: 3600 / 6000 [ 60%]  (Sampling) 
Chain 2 Iteration: 3800 / 6000 [ 63%]  (Sampling) 
Chain 1 Iteration: 3800 / 6000 [ 63%]  (Sampling) 
Chain 3 Iteration: 3800 / 6000 [ 63%]  (Sampling) 
Chain 4 Iteration: 3700 / 6000 [ 61%]  (Sampling) 
Chain 2 Iteration: 3900 / 6000 [ 65%]  (Sampling) 
Chain 1 Iteration: 3900 / 6000 [ 65%]  (Sampling) 
Chain 3 Iteration: 3900 / 6000 [ 65%]  (Sampling) 
Chain 4 Iteration: 3800 / 6000 [ 63%]  (Sampling) 
Chain 2 Iteration: 4000 / 6000 [ 66%]  (Sampling) 
Chain 1 Iteration: 4000 / 6000 [ 66%]  (Sampling) 
Chain 3 Iteration: 4000 / 6000 [ 66%]  (Sampling) 
Chain 4 Iteration: 3900 / 6000 [ 65%]  (Sampling) 
Chain 2 Iteration: 4100 / 6000 [ 68%]  (Sampling) 
Chain 1 Iteration: 4100 / 6000 [ 68%]  (Sampling) 
Chain 3 Iteration: 4100 / 6000 [ 68%]  (Sampling) 
Chain 4 Iteration: 4000 / 6000 [ 66%]  (Sampling) 
Chain 2 Iteration: 4200 / 6000 [ 70%]  (Sampling) 
Chain 1 Iteration: 4200 / 6000 [ 70%]  (Sampling) 
Chain 3 Iteration: 4200 / 6000 [ 70%]  (Sampling) 
Chain 4 Iteration: 4100 / 6000 [ 68%]  (Sampling) 
Chain 2 Iteration: 4300 / 6000 [ 71%]  (Sampling) 
Chain 1 Iteration: 4300 / 6000 [ 71%]  (Sampling) 
Chain 3 Iteration: 4300 / 6000 [ 71%]  (Sampling) 
Chain 4 Iteration: 4200 / 6000 [ 70%]  (Sampling) 
Chain 2 Iteration: 4400 / 6000 [ 73%]  (Sampling) 
Chain 1 Iteration: 4400 / 6000 [ 73%]  (Sampling) 
Chain 3 Iteration: 4400 / 6000 [ 73%]  (Sampling) 
Chain 4 Iteration: 4300 / 6000 [ 71%]  (Sampling) 
Chain 2 Iteration: 4500 / 6000 [ 75%]  (Sampling) 
Chain 1 Iteration: 4500 / 6000 [ 75%]  (Sampling) 
Chain 3 Iteration: 4500 / 6000 [ 75%]  (Sampling) 
Chain 2 Iteration: 4600 / 6000 [ 76%]  (Sampling) 
Chain 4 Iteration: 4400 / 6000 [ 73%]  (Sampling) 
Chain 1 Iteration: 4600 / 6000 [ 76%]  (Sampling) 
Chain 3 Iteration: 4600 / 6000 [ 76%]  (Sampling) 
Chain 2 Iteration: 4700 / 6000 [ 78%]  (Sampling) 
Chain 4 Iteration: 4500 / 6000 [ 75%]  (Sampling) 
Chain 1 Iteration: 4700 / 6000 [ 78%]  (Sampling) 
Chain 3 Iteration: 4700 / 6000 [ 78%]  (Sampling) 
Chain 2 Iteration: 4800 / 6000 [ 80%]  (Sampling) 
Chain 4 Iteration: 4600 / 6000 [ 76%]  (Sampling) 
Chain 1 Iteration: 4800 / 6000 [ 80%]  (Sampling) 
Chain 3 Iteration: 4800 / 6000 [ 80%]  (Sampling) 
Chain 2 Iteration: 4900 / 6000 [ 81%]  (Sampling) 
Chain 4 Iteration: 4700 / 6000 [ 78%]  (Sampling) 
Chain 1 Iteration: 4900 / 6000 [ 81%]  (Sampling) 
Chain 3 Iteration: 4900 / 6000 [ 81%]  (Sampling) 
Chain 2 Iteration: 5000 / 6000 [ 83%]  (Sampling) 
Chain 4 Iteration: 4800 / 6000 [ 80%]  (Sampling) 
Chain 1 Iteration: 5000 / 6000 [ 83%]  (Sampling) 
Chain 3 Iteration: 5000 / 6000 [ 83%]  (Sampling) 
Chain 2 Iteration: 5100 / 6000 [ 85%]  (Sampling) 
Chain 4 Iteration: 4900 / 6000 [ 81%]  (Sampling) 
Chain 1 Iteration: 5100 / 6000 [ 85%]  (Sampling) 
Chain 3 Iteration: 5100 / 6000 [ 85%]  (Sampling) 
Chain 2 Iteration: 5200 / 6000 [ 86%]  (Sampling) 
Chain 4 Iteration: 5000 / 6000 [ 83%]  (Sampling) 
Chain 1 Iteration: 5200 / 6000 [ 86%]  (Sampling) 
Chain 3 Iteration: 5200 / 6000 [ 86%]  (Sampling) 
Chain 2 Iteration: 5300 / 6000 [ 88%]  (Sampling) 
Chain 4 Iteration: 5100 / 6000 [ 85%]  (Sampling) 
Chain 1 Iteration: 5300 / 6000 [ 88%]  (Sampling) 
Chain 3 Iteration: 5300 / 6000 [ 88%]  (Sampling) 
Chain 2 Iteration: 5400 / 6000 [ 90%]  (Sampling) 
Chain 4 Iteration: 5200 / 6000 [ 86%]  (Sampling) 
Chain 1 Iteration: 5400 / 6000 [ 90%]  (Sampling) 
Chain 3 Iteration: 5400 / 6000 [ 90%]  (Sampling) 
Chain 2 Iteration: 5500 / 6000 [ 91%]  (Sampling) 
Chain 4 Iteration: 5300 / 6000 [ 88%]  (Sampling) 
Chain 1 Iteration: 5500 / 6000 [ 91%]  (Sampling) 
Chain 3 Iteration: 5500 / 6000 [ 91%]  (Sampling) 
Chain 2 Iteration: 5600 / 6000 [ 93%]  (Sampling) 
Chain 4 Iteration: 5400 / 6000 [ 90%]  (Sampling) 
Chain 1 Iteration: 5600 / 6000 [ 93%]  (Sampling) 
Chain 3 Iteration: 5600 / 6000 [ 93%]  (Sampling) 
Chain 2 Iteration: 5700 / 6000 [ 95%]  (Sampling) 
Chain 4 Iteration: 5500 / 6000 [ 91%]  (Sampling) 
Chain 1 Iteration: 5700 / 6000 [ 95%]  (Sampling) 
Chain 3 Iteration: 5700 / 6000 [ 95%]  (Sampling) 
Chain 2 Iteration: 5800 / 6000 [ 96%]  (Sampling) 
Chain 1 Iteration: 5800 / 6000 [ 96%]  (Sampling) 
Chain 4 Iteration: 5600 / 6000 [ 93%]  (Sampling) 
Chain 3 Iteration: 5800 / 6000 [ 96%]  (Sampling) 
Chain 2 Iteration: 5900 / 6000 [ 98%]  (Sampling) 
Chain 1 Iteration: 5900 / 6000 [ 98%]  (Sampling) 
Chain 4 Iteration: 5700 / 6000 [ 95%]  (Sampling) 
Chain 3 Iteration: 5900 / 6000 [ 98%]  (Sampling) 
Chain 2 Iteration: 6000 / 6000 [100%]  (Sampling) 
Chain 2 finished in 811.4 seconds.
Chain 1 Iteration: 6000 / 6000 [100%]  (Sampling) 
Chain 4 Iteration: 5800 / 6000 [ 96%]  (Sampling) 
Chain 1 finished in 818.0 seconds.
Chain 3 Iteration: 6000 / 6000 [100%]  (Sampling) 
Chain 3 finished in 820.4 seconds.
Chain 4 Iteration: 5900 / 6000 [ 98%]  (Sampling) 
Chain 4 Iteration: 6000 / 6000 [100%]  (Sampling) 
Chain 4 finished in 838.7 seconds.

All 4 chains finished successfully.
Mean chain execution time: 822.1 seconds.
Total execution time: 839.0 seconds.

[1] "Processing draws 1 to 100"
[1] "Chunk time = 52.837486743927"
[1] "Processing draws 101 to 200"
[1] "Chunk time = 18.6191549301147"
[1] "Processing draws 201 to 300"
[1] "Chunk time = 18.0897872447968"
[1] "Processing draws 301 to 400"
[1] "Chunk time = 17.7768845558167"
[1] "Processing draws 401 to 500"
[1] "Chunk time = 18.5697662830353"
[1] "Processing draws 501 to 600"
[1] "Chunk time = 17.6851105690002"
[1] "Processing draws 601 to 700"
[1] "Chunk time = 17.6627643108368"
[1] "Processing draws 701 to 800"
[1] "Chunk time = 17.7996206283569"
[1] "Processing draws 801 to 900"
[1] "Chunk time = 17.8677146434784"
[1] "Processing draws 901 to 1000"
[1] "Chunk time = 17.9036269187927"
[1] "Processing draws 1001 to 1100"
[1] "Chunk time = 17.6992127895355"
[1] "Processing draws 1101 to 1200"
[1] "Chunk time = 17.6998629570007"
[1] "Processing draws 1201 to 1300"
[1] "Chunk time = 17.6152880191803"
[1] "Processing draws 1301 to 1400"
[1] "Chunk time = 17.7657337188721"
[1] "Processing draws 1401 to 1500"
[1] "Chunk time = 17.828845500946"
[1] "Processing draws 1501 to 1600"
[1] "Chunk time = 17.6891882419586"
[1] "Processing draws 1601 to 1700"
[1] "Chunk time = 17.8818423748016"
[1] "Processing draws 1701 to 1800"
[1] "Chunk time = 17.7907378673553"
[1] "Processing draws 1801 to 1900"
[1] "Chunk time = 17.7533376216888"
[1] "Processing draws 1901 to 2000"
[1] "Chunk time = 17.6330089569092"
[1] "Processing draws 2001 to 2100"
[1] "Chunk time = 17.6485021114349"
[1] "Processing draws 2101 to 2200"
[1] "Chunk time = 17.9070217609406"
[1] "Processing draws 2201 to 2300"
[1] "Chunk time = 17.0558762550354"
[1] "Processing draws 2301 to 2400"
[1] "Chunk time = 17.9350440502167"
[1] "Processing draws 2401 to 2500"
[1] "Chunk time = 17.7000362873077"
[1] "Processing draws 2501 to 2600"
[1] "Chunk time = 17.9044480323792"
[1] "Processing draws 2601 to 2700"
[1] "Chunk time = 17.5618770122528"
[1] "Processing draws 2701 to 2800"
[1] "Chunk time = 17.7220995426178"
[1] "Processing draws 2801 to 2900"
[1] "Chunk time = 17.8369824886322"
[1] "Processing draws 2901 to 3000"
[1] "Chunk time = 17.8010990619659"
[1] "Processing draws 3001 to 3100"
[1] "Chunk time = 17.9672844409943"
[1] "Processing draws 3101 to 3200"
[1] "Chunk time = 17.7409164905548"
[1] "Processing draws 3201 to 3300"
[1] "Chunk time = 17.9931881427765"
[1] "Processing draws 3301 to 3400"
[1] "Chunk time = 17.8204915523529"
[1] "Processing draws 3401 to 3500"
[1] "Chunk time = 17.8204717636108"
[1] "Processing draws 3501 to 3600"
[1] "Chunk time = 17.8208463191986"
[1] "Processing draws 3601 to 3700"
[1] "Chunk time = 17.6548163890839"
[1] "Processing draws 3701 to 3800"
[1] "Chunk time = 17.8675808906555"
[1] "Processing draws 3801 to 3900"
[1] "Chunk time = 17.6973795890808"
[1] "Processing draws 3901 to 4000"
[1] "Chunk time = 23.5413415431976"
[1] "Processing draws 4001 to 4100"
[1] "Chunk time = 20.602062702179"
[1] "Processing draws 4101 to 4200"
[1] "Chunk time = 18.0777974128723"
[1] "Processing draws 4201 to 4300"
[1] "Chunk time = 17.9198267459869"
[1] "Processing draws 4301 to 4400"
[1] "Chunk time = 17.585681438446"
[1] "Processing draws 4401 to 4500"
[1] "Chunk time = 17.6508965492249"
[1] "Processing draws 4501 to 4600"
[1] "Chunk time = 17.3926193714142"
[1] "Processing draws 4601 to 4700"
[1] "Chunk time = 17.4610676765442"
[1] "Processing draws 4701 to 4800"
[1] "Chunk time = 17.4337792396545"
[1] "Processing draws 4801 to 4900"
[1] "Chunk time = 17.5900528430939"
[1] "Processing draws 4901 to 5000"
[1] "Chunk time = 17.6363921165466"
[1] "Processing draws 5001 to 5100"
[1] "Chunk time = 17.4817609786987"
[1] "Processing draws 5101 to 5200"
[1] "Chunk time = 17.7591595649719"
[1] "Processing draws 5201 to 5300"
[1] "Chunk time = 17.5799264907837"
[1] "Processing draws 5301 to 5400"
[1] "Chunk time = 17.6318328380585"
[1] "Processing draws 5401 to 5500"
[1] "Chunk time = 17.5090701580048"
[1] "Processing draws 5501 to 5600"
[1] "Chunk time = 17.7152781486511"
[1] "Processing draws 5601 to 5700"
[1] "Chunk time = 17.7441744804382"
[1] "Processing draws 5701 to 5800"
[1] "Chunk time = 17.5890357494354"
[1] "Processing draws 5801 to 5900"
[1] "Chunk time = 17.7776961326599"
[1] "Processing draws 5901 to 6000"
[1] "Chunk time = 17.535626411438"
[1] "Processing draws 6001 to 6100"
[1] "Chunk time = 17.7096226215363"
[1] "Processing draws 6101 to 6200"
[1] "Chunk time = 17.5627007484436"
[1] "Processing draws 6201 to 6300"
[1] "Chunk time = 18.0044407844543"
[1] "Processing draws 6301 to 6400"
[1] "Chunk time = 17.8248903751373"
[1] "Processing draws 6401 to 6500"
[1] "Chunk time = 23.2769381999969"
[1] "Processing draws 6501 to 6600"
[1] "Chunk time = 23.5932862758636"
[1] "Processing draws 6601 to 6700"
[1] "Chunk time = 23.1380505561829"
[1] "Processing draws 6701 to 6800"
[1] "Chunk time = 23.3120186328888"
[1] "Processing draws 6801 to 6900"
[1] "Chunk time = 23.1655082702637"
[1] "Processing draws 6901 to 7000"
[1] "Chunk time = 23.6179482936859"
[1] "Processing draws 7001 to 7100"
[1] "Chunk time = 17.9681515693665"
[1] "Processing draws 7101 to 7200"
[1] "Chunk time = 17.5777864456177"
[1] "Processing draws 7201 to 7300"
[1] "Chunk time = 17.7848055362701"
[1] "Processing draws 7301 to 7400"
[1] "Chunk time = 17.8706765174866"
[1] "Processing draws 7401 to 7500"
[1] "Chunk time = 17.8497157096863"
[1] "Processing draws 7501 to 7600"
[1] "Chunk time = 17.6690123081207"
[1] "Processing draws 7601 to 7700"
[1] "Chunk time = 17.8455004692078"
[1] "Processing draws 7701 to 7800"
[1] "Chunk time = 17.9615321159363"
[1] "Processing draws 7801 to 7900"
[1] "Chunk time = 17.7159154415131"
[1] "Processing draws 7901 to 8000"
[1] "Chunk time = 17.9037094116211"
[1] "Processing draws 8001 to 8100"
[1] "Chunk time = 17.7343430519104"
[1] "Processing draws 8101 to 8200"
[1] "Chunk time = 18.0306217670441"
[1] "Processing draws 8201 to 8300"
[1] "Chunk time = 17.9109628200531"
[1] "Processing draws 8301 to 8400"
[1] "Chunk time = 17.8847773075104"
[1] "Processing draws 8401 to 8500"
[1] "Chunk time = 17.9082174301147"
[1] "Processing draws 8501 to 8600"
[1] "Chunk time = 17.8322203159332"
[1] "Processing draws 8601 to 8700"
[1] "Chunk time = 17.6315257549286"
[1] "Processing draws 8701 to 8800"
[1] "Chunk time = 17.3112893104553"
[1] "Processing draws 8801 to 8900"
[1] "Chunk time = 17.8990588188171"
[1] "Processing draws 8901 to 9000"
[1] "Chunk time = 17.9940853118896"
[1] "Processing draws 9001 to 9100"
[1] "Chunk time = 23.8206508159637"
[1] "Processing draws 9101 to 9200"
[1] "Chunk time = 23.8054358959198"
[1] "Processing draws 9201 to 9300"
[1] "Chunk time = 23.7000098228455"
[1] "Processing draws 9301 to 9400"
[1] "Chunk time = 23.7668101787567"
[1] "Processing draws 9401 to 9500"
[1] "Chunk time = 23.8745381832123"
[1] "Processing draws 9501 to 9600"
[1] "Chunk time = 24.1848068237305"
[1] "Processing draws 9601 to 9700"
[1] "Chunk time = 24.0711579322815"
[1] "Processing draws 9701 to 9800"
[1] "Chunk time = 24.2128353118896"
[1] "Processing draws 9801 to 9900"
[1] "Chunk time = 24.1008491516113"
[1] "Processing draws 9901 to 10000"
[1] "Chunk time = 24.003160238266"
[1] "Processing draws 10001 to 10100"
[1] "Chunk time = 23.8046336174011"
[1] "Processing draws 10101 to 10200"
[1] "Chunk time = 23.8251595497131"
[1] "Processing draws 10201 to 10300"
[1] "Chunk time = 18.3685653209686"
[1] "Processing draws 10301 to 10400"
[1] "Chunk time = 18.1348991394043"
[1] "Processing draws 10401 to 10500"
[1] "Chunk time = 18.2100088596344"
[1] "Processing draws 10501 to 10600"
[1] "Chunk time = 18.3994989395142"
[1] "Processing draws 10601 to 10700"
[1] "Chunk time = 17.9799902439117"
[1] "Processing draws 10701 to 10800"
[1] "Chunk time = 18.4508221149445"
[1] "Processing draws 10801 to 10900"
[1] "Chunk time = 18.0177114009857"
[1] "Processing draws 10901 to 11000"
[1] "Chunk time = 18.2870228290558"
[1] "Processing draws 11001 to 11100"
[1] "Chunk time = 17.967052936554"
[1] "Processing draws 11101 to 11200"
[1] "Chunk time = 18.2648167610168"
[1] "Processing draws 11201 to 11300"
[1] "Chunk time = 18.2907402515411"
[1] "Processing draws 11301 to 11400"
[1] "Chunk time = 18.3481760025024"
[1] "Processing draws 11401 to 11500"
[1] "Chunk time = 18.3342003822327"
[1] "Processing draws 11501 to 11600"
[1] "Chunk time = 18.0979866981506"
[1] "Processing draws 11601 to 11700"
[1] "Chunk time = 18.3215432167053"
[1] "Processing draws 11701 to 11800"
[1] "Chunk time = 17.7732081413269"
[1] "Processing draws 11801 to 11900"
[1] "Chunk time = 18.3627150058746"
[1] "Processing draws 11901 to 12000"
[1] "Chunk time = 18.1977596282959"
[1] "Processing draws 12001 to 12100"
[1] "Chunk time = 18.5330677032471"
[1] "Processing draws 12101 to 12200"
[1] "Chunk time = 18.4932513237"
[1] "Processing draws 12201 to 12300"
[1] "Chunk time = 18.1528787612915"
[1] "Processing draws 12301 to 12400"
[1] "Chunk time = 18.2741169929504"
[1] "Processing draws 12401 to 12500"
[1] "Chunk time = 17.874608039856"
[1] "Processing draws 12501 to 12600"
[1] "Chunk time = 17.9757742881775"
[1] "Processing draws 12601 to 12700"
[1] "Chunk time = 17.9663972854614"
[1] "Processing draws 12701 to 12800"
[1] "Chunk time = 17.583324432373"
[1] "Processing draws 12801 to 12900"
[1] "Chunk time = 17.7175235748291"
[1] "Processing draws 12901 to 13000"
[1] "Chunk time = 17.6706900596619"
[1] "Processing draws 13001 to 13100"
[1] "Chunk time = 17.805255651474"
[1] "Processing draws 13101 to 13200"
[1] "Chunk time = 17.5020396709442"
[1] "Processing draws 13201 to 13300"
[1] "Chunk time = 17.6934025287628"
[1] "Processing draws 13301 to 13400"
[1] "Chunk time = 17.7606151103973"
[1] "Processing draws 13401 to 13500"
[1] "Chunk time = 17.6285059452057"
[1] "Processing draws 13501 to 13600"
[1] "Chunk time = 17.827445268631"
[1] "Processing draws 13601 to 13700"
[1] "Chunk time = 17.793815612793"
[1] "Processing draws 13701 to 13800"
[1] "Chunk time = 18.2793405056"
[1] "Processing draws 13801 to 13900"
[1] "Chunk time = 17.6142768859863"
[1] "Processing draws 13901 to 14000"
[1] "Chunk time = 17.7109909057617"
[1] "Processing draws 14001 to 14100"
[1] "Chunk time = 17.7915427684784"
[1] "Processing draws 14101 to 14200"
[1] "Chunk time = 17.5832054615021"
[1] "Processing draws 14201 to 14300"
[1] "Chunk time = 17.8804318904877"
[1] "Processing draws 14301 to 14400"
[1] "Chunk time = 17.7071359157562"
[1] "Processing draws 14401 to 14500"
[1] "Chunk time = 17.9711661338806"
[1] "Processing draws 14501 to 14600"
[1] "Chunk time = 17.8843212127686"
[1] "Processing draws 14601 to 14700"
[1] "Chunk time = 17.7092111110687"
[1] "Processing draws 14701 to 14800"
[1] "Chunk time = 17.772777557373"
[1] "Processing draws 14801 to 14900"
[1] "Chunk time = 17.7653529644012"
[1] "Processing draws 14901 to 15000"
[1] "Chunk time = 17.9384472370148"
[1] "Processing draws 15001 to 15100"
[1] "Chunk time = 17.7474644184113"
[1] "Processing draws 15101 to 15200"
[1] "Chunk time = 17.8852965831757"
[1] "Processing draws 15201 to 15300"
[1] "Chunk time = 17.908038854599"
[1] "Processing draws 15301 to 15400"
[1] "Chunk time = 17.9476654529572"
[1] "Processing draws 15401 to 15500"
[1] "Chunk time = 17.9477026462555"
[1] "Processing draws 15501 to 15600"
[1] "Chunk time = 17.721161365509"
[1] "Processing draws 15601 to 15700"
[1] "Chunk time = 18.0253171920776"
[1] "Processing draws 15701 to 15800"
[1] "Chunk time = 17.8152132034302"
[1] "Processing draws 15801 to 15900"
[1] "Chunk time = 18.0778765678406"
[1] "Processing draws 15901 to 16000"
[1] "Chunk time = 18.480771780014"
[1] "Processing draws 16001 to 16100"
[1] "Chunk time = 18.792228937149"
[1] "Processing draws 16101 to 16200"
[1] "Chunk time = 18.2534580230713"
[1] "Processing draws 16201 to 16300"
[1] "Chunk time = 17.9571530818939"
[1] "Processing draws 16301 to 16400"
[1] "Chunk time = 17.9266021251678"
[1] "Processing draws 16401 to 16500"
[1] "Chunk time = 17.8443446159363"
[1] "Processing draws 16501 to 16600"
[1] "Chunk time = 18.0267555713654"
[1] "Processing draws 16601 to 16700"
[1] "Chunk time = 17.823340177536"
[1] "Processing draws 16701 to 16800"
[1] "Chunk time = 17.9833815097809"
[1] "Processing draws 16801 to 16900"
[1] "Chunk time = 17.8712573051453"
[1] "Processing draws 16901 to 17000"
[1] "Chunk time = 18.1387138366699"
[1] "Processing draws 17001 to 17100"
[1] "Chunk time = 18.1517827510834"
[1] "Processing draws 17101 to 17200"
[1] "Chunk time = 17.4802625179291"
[1] "Processing draws 17201 to 17300"
[1] "Chunk time = 17.8628396987915"
[1] "Processing draws 17301 to 17400"
[1] "Chunk time = 17.4232497215271"
[1] "Processing draws 17401 to 17500"
[1] "Chunk time = 17.6490218639374"
[1] "Processing draws 17501 to 17600"
[1] "Chunk time = 17.621906042099"
[1] "Processing draws 17601 to 17700"
[1] "Chunk time = 17.4681756496429"
[1] "Processing draws 17701 to 17800"
[1] "Chunk time = 17.7841703891754"
[1] "Processing draws 17801 to 17900"
[1] "Chunk time = 17.5487945079803"
[1] "Processing draws 17901 to 18000"
[1] "Chunk time = 17.7810821533203"
[1] "Processing draws 18001 to 18100"
[1] "Chunk time = 17.5591659545898"
[1] "Processing draws 18101 to 18200"
[1] "Chunk time = 17.6921257972717"
[1] "Processing draws 18201 to 18300"
[1] "Chunk time = 17.9244384765625"
[1] "Processing draws 18301 to 18400"
[1] "Chunk time = 17.5787494182587"
[1] "Processing draws 18401 to 18500"
[1] "Chunk time = 17.803454875946"
[1] "Processing draws 18501 to 18600"
[1] "Chunk time = 17.7750525474548"
[1] "Processing draws 18601 to 18700"
[1] "Chunk time = 17.8322908878326"
[1] "Processing draws 18701 to 18800"
[1] "Chunk time = 17.6147105693817"
[1] "Processing draws 18801 to 18900"
[1] "Chunk time = 17.7858624458313"
[1] "Processing draws 18901 to 19000"
[1] "Chunk time = 17.9466071128845"
[1] "Processing draws 19001 to 19100"
[1] "Chunk time = 17.6670560836792"
[1] "Processing draws 19101 to 19200"
[1] "Chunk time = 17.9157557487488"
[1] "Processing draws 19201 to 19300"
[1] "Chunk time = 17.7441582679749"
[1] "Processing draws 19301 to 19400"
[1] "Chunk time = 18.2508366107941"
[1] "Processing draws 19401 to 19500"
[1] "Chunk time = 17.6828649044037"
[1] "Processing draws 19501 to 19600"
[1] "Chunk time = 17.7109231948853"
[1] "Processing draws 19601 to 19700"
[1] "Chunk time = 17.945855140686"
[1] "Processing draws 19701 to 19800"
[1] "Chunk time = 17.8816049098969"
[1] "Processing draws 19801 to 19900"
[1] "Chunk time = 17.9414749145508"
[1] "Processing draws 19901 to 20000"
[1] "Chunk time = 17.8088366985321"
[1] "done lapplying"
[1] "Saving current params"
[1] "Saving params to output.rds"
[1] TRUE
