[1] "Starting sampling."
Running MCMC with 4 parallel chains, with 4 thread(s) per chain...

Chain 1 Iteration:    1 / 6000 [  0%]  (Warmup) 
Chain 2 Iteration:    1 / 6000 [  0%]  (Warmup) 
Chain 3 Iteration:    1 / 6000 [  0%]  (Warmup) 
Chain 4 Iteration:    1 / 6000 [  0%]  (Warmup) 
Chain 4 Iteration:  100 / 6000 [  1%]  (Warmup) 
Chain 3 Iteration:  100 / 6000 [  1%]  (Warmup) 
Chain 2 Iteration:  100 / 6000 [  1%]  (Warmup) 
Chain 1 Iteration:  100 / 6000 [  1%]  (Warmup) 
Chain 4 Iteration:  200 / 6000 [  3%]  (Warmup) 
Chain 1 Iteration:  200 / 6000 [  3%]  (Warmup) 
Chain 3 Iteration:  200 / 6000 [  3%]  (Warmup) 
Chain 4 Iteration:  300 / 6000 [  5%]  (Warmup) 
Chain 2 Iteration:  200 / 6000 [  3%]  (Warmup) 
Chain 1 Iteration:  300 / 6000 [  5%]  (Warmup) 
Chain 4 Iteration:  400 / 6000 [  6%]  (Warmup) 
Chain 2 Iteration:  300 / 6000 [  5%]  (Warmup) 
Chain 3 Iteration:  300 / 6000 [  5%]  (Warmup) 
Chain 1 Iteration:  400 / 6000 [  6%]  (Warmup) 
Chain 4 Iteration:  500 / 6000 [  8%]  (Warmup) 
Chain 2 Iteration:  400 / 6000 [  6%]  (Warmup) 
Chain 3 Iteration:  400 / 6000 [  6%]  (Warmup) 
Chain 1 Iteration:  500 / 6000 [  8%]  (Warmup) 
Chain 4 Iteration:  600 / 6000 [ 10%]  (Warmup) 
Chain 2 Iteration:  500 / 6000 [  8%]  (Warmup) 
Chain 3 Iteration:  500 / 6000 [  8%]  (Warmup) 
Chain 4 Iteration:  700 / 6000 [ 11%]  (Warmup) 
Chain 1 Iteration:  600 / 6000 [ 10%]  (Warmup) 
Chain 2 Iteration:  600 / 6000 [ 10%]  (Warmup) 
Chain 3 Iteration:  600 / 6000 [ 10%]  (Warmup) 
Chain 4 Iteration:  800 / 6000 [ 13%]  (Warmup) 
Chain 1 Iteration:  700 / 6000 [ 11%]  (Warmup) 
Chain 2 Iteration:  700 / 6000 [ 11%]  (Warmup) 
Chain 3 Iteration:  700 / 6000 [ 11%]  (Warmup) 
Chain 4 Iteration:  900 / 6000 [ 15%]  (Warmup) 
Chain 2 Iteration:  800 / 6000 [ 13%]  (Warmup) 
Chain 1 Iteration:  800 / 6000 [ 13%]  (Warmup) 
Chain 3 Iteration:  800 / 6000 [ 13%]  (Warmup) 
Chain 2 Iteration:  900 / 6000 [ 15%]  (Warmup) 
Chain 4 Iteration: 1000 / 6000 [ 16%]  (Warmup) 
Chain 4 Iteration: 1001 / 6000 [ 16%]  (Sampling) 
Chain 1 Iteration:  900 / 6000 [ 15%]  (Warmup) 
Chain 3 Iteration:  900 / 6000 [ 15%]  (Warmup) 
Chain 2 Iteration: 1000 / 6000 [ 16%]  (Warmup) 
Chain 2 Iteration: 1001 / 6000 [ 16%]  (Sampling) 
Chain 4 Iteration: 1100 / 6000 [ 18%]  (Sampling) 
Chain 1 Iteration: 1000 / 6000 [ 16%]  (Warmup) 
Chain 1 Iteration: 1001 / 6000 [ 16%]  (Sampling) 
Chain 3 Iteration: 1000 / 6000 [ 16%]  (Warmup) 
Chain 3 Iteration: 1001 / 6000 [ 16%]  (Sampling) 
Chain 2 Iteration: 1100 / 6000 [ 18%]  (Sampling) 
Chain 4 Iteration: 1200 / 6000 [ 20%]  (Sampling) 
Chain 1 Iteration: 1100 / 6000 [ 18%]  (Sampling) 
Chain 3 Iteration: 1100 / 6000 [ 18%]  (Sampling) 
Chain 2 Iteration: 1200 / 6000 [ 20%]  (Sampling) 
Chain 4 Iteration: 1300 / 6000 [ 21%]  (Sampling) 
Chain 1 Iteration: 1200 / 6000 [ 20%]  (Sampling) 
Chain 3 Iteration: 1200 / 6000 [ 20%]  (Sampling) 
Chain 2 Iteration: 1300 / 6000 [ 21%]  (Sampling) 
Chain 4 Iteration: 1400 / 6000 [ 23%]  (Sampling) 
Chain 1 Iteration: 1300 / 6000 [ 21%]  (Sampling) 
Chain 2 Iteration: 1400 / 6000 [ 23%]  (Sampling) 
Chain 3 Iteration: 1300 / 6000 [ 21%]  (Sampling) 
Chain 4 Iteration: 1500 / 6000 [ 25%]  (Sampling) 
Chain 1 Iteration: 1400 / 6000 [ 23%]  (Sampling) 
Chain 2 Iteration: 1500 / 6000 [ 25%]  (Sampling) 
Chain 3 Iteration: 1400 / 6000 [ 23%]  (Sampling) 
Chain 4 Iteration: 1600 / 6000 [ 26%]  (Sampling) 
Chain 1 Iteration: 1500 / 6000 [ 25%]  (Sampling) 
Chain 2 Iteration: 1600 / 6000 [ 26%]  (Sampling) 
Chain 3 Iteration: 1500 / 6000 [ 25%]  (Sampling) 
Chain 4 Iteration: 1700 / 6000 [ 28%]  (Sampling) 
Chain 2 Iteration: 1700 / 6000 [ 28%]  (Sampling) 
Chain 1 Iteration: 1600 / 6000 [ 26%]  (Sampling) 
Chain 3 Iteration: 1600 / 6000 [ 26%]  (Sampling) 
Chain 4 Iteration: 1800 / 6000 [ 30%]  (Sampling) 
Chain 2 Iteration: 1800 / 6000 [ 30%]  (Sampling) 
Chain 1 Iteration: 1700 / 6000 [ 28%]  (Sampling) 
Chain 3 Iteration: 1700 / 6000 [ 28%]  (Sampling) 
Chain 4 Iteration: 1900 / 6000 [ 31%]  (Sampling) 
Chain 2 Iteration: 1900 / 6000 [ 31%]  (Sampling) 
Chain 1 Iteration: 1800 / 6000 [ 30%]  (Sampling) 
Chain 3 Iteration: 1800 / 6000 [ 30%]  (Sampling) 
Chain 4 Iteration: 2000 / 6000 [ 33%]  (Sampling) 
Chain 2 Iteration: 2000 / 6000 [ 33%]  (Sampling) 
Chain 1 Iteration: 1900 / 6000 [ 31%]  (Sampling) 
Chain 3 Iteration: 1900 / 6000 [ 31%]  (Sampling) 
Chain 4 Iteration: 2100 / 6000 [ 35%]  (Sampling) 
Chain 2 Iteration: 2100 / 6000 [ 35%]  (Sampling) 
Chain 1 Iteration: 2000 / 6000 [ 33%]  (Sampling) 
Chain 3 Iteration: 2000 / 6000 [ 33%]  (Sampling) 
Chain 4 Iteration: 2200 / 6000 [ 36%]  (Sampling) 
Chain 2 Iteration: 2200 / 6000 [ 36%]  (Sampling) 
Chain 1 Iteration: 2100 / 6000 [ 35%]  (Sampling) 
Chain 4 Iteration: 2300 / 6000 [ 38%]  (Sampling) 
Chain 3 Iteration: 2100 / 6000 [ 35%]  (Sampling) 
Chain 2 Iteration: 2300 / 6000 [ 38%]  (Sampling) 
Chain 1 Iteration: 2200 / 6000 [ 36%]  (Sampling) 
Chain 4 Iteration: 2400 / 6000 [ 40%]  (Sampling) 
Chain 3 Iteration: 2200 / 6000 [ 36%]  (Sampling) 
Chain 2 Iteration: 2400 / 6000 [ 40%]  (Sampling) 
Chain 1 Iteration: 2300 / 6000 [ 38%]  (Sampling) 
Chain 4 Iteration: 2500 / 6000 [ 41%]  (Sampling) 
Chain 3 Iteration: 2300 / 6000 [ 38%]  (Sampling) 
Chain 2 Iteration: 2500 / 6000 [ 41%]  (Sampling) 
Chain 4 Iteration: 2600 / 6000 [ 43%]  (Sampling) 
Chain 1 Iteration: 2400 / 6000 [ 40%]  (Sampling) 
Chain 3 Iteration: 2400 / 6000 [ 40%]  (Sampling) 
Chain 2 Iteration: 2600 / 6000 [ 43%]  (Sampling) 
Chain 4 Iteration: 2700 / 6000 [ 45%]  (Sampling) 
Chain 1 Iteration: 2500 / 6000 [ 41%]  (Sampling) 
Chain 3 Iteration: 2500 / 6000 [ 41%]  (Sampling) 
Chain 2 Iteration: 2700 / 6000 [ 45%]  (Sampling) 
Chain 1 Iteration: 2600 / 6000 [ 43%]  (Sampling) 
Chain 4 Iteration: 2800 / 6000 [ 46%]  (Sampling) 
Chain 3 Iteration: 2600 / 6000 [ 43%]  (Sampling) 
Chain 2 Iteration: 2800 / 6000 [ 46%]  (Sampling) 
Chain 1 Iteration: 2700 / 6000 [ 45%]  (Sampling) 
Chain 4 Iteration: 2900 / 6000 [ 48%]  (Sampling) 
Chain 3 Iteration: 2700 / 6000 [ 45%]  (Sampling) 
Chain 2 Iteration: 2900 / 6000 [ 48%]  (Sampling) 
Chain 1 Iteration: 2800 / 6000 [ 46%]  (Sampling) 
Chain 4 Iteration: 3000 / 6000 [ 50%]  (Sampling) 
Chain 3 Iteration: 2800 / 6000 [ 46%]  (Sampling) 
Chain 2 Iteration: 3000 / 6000 [ 50%]  (Sampling) 
Chain 1 Iteration: 2900 / 6000 [ 48%]  (Sampling) 
Chain 4 Iteration: 3100 / 6000 [ 51%]  (Sampling) 
Chain 3 Iteration: 2900 / 6000 [ 48%]  (Sampling) 
Chain 2 Iteration: 3100 / 6000 [ 51%]  (Sampling) 
Chain 1 Iteration: 3000 / 6000 [ 50%]  (Sampling) 
Chain 4 Iteration: 3200 / 6000 [ 53%]  (Sampling) 
Chain 1 Iteration: 3100 / 6000 [ 51%]  (Sampling) 
Chain 3 Iteration: 3000 / 6000 [ 50%]  (Sampling) 
Chain 2 Iteration: 3200 / 6000 [ 53%]  (Sampling) 
Chain 4 Iteration: 3300 / 6000 [ 55%]  (Sampling) 
Chain 1 Iteration: 3200 / 6000 [ 53%]  (Sampling) 
Chain 3 Iteration: 3100 / 6000 [ 51%]  (Sampling) 
Chain 2 Iteration: 3300 / 6000 [ 55%]  (Sampling) 
Chain 4 Iteration: 3400 / 6000 [ 56%]  (Sampling) 
Chain 1 Iteration: 3300 / 6000 [ 55%]  (Sampling) 
Chain 4 Iteration: 3500 / 6000 [ 58%]  (Sampling) 
Chain 3 Iteration: 3200 / 6000 [ 53%]  (Sampling) 
Chain 2 Iteration: 3400 / 6000 [ 56%]  (Sampling) 
Chain 4 Iteration: 3600 / 6000 [ 60%]  (Sampling) 
Chain 1 Iteration: 3400 / 6000 [ 56%]  (Sampling) 
Chain 3 Iteration: 3300 / 6000 [ 55%]  (Sampling) 
Chain 2 Iteration: 3500 / 6000 [ 58%]  (Sampling) 
Chain 1 Iteration: 3500 / 6000 [ 58%]  (Sampling) 
Chain 4 Iteration: 3700 / 6000 [ 61%]  (Sampling) 
Chain 3 Iteration: 3400 / 6000 [ 56%]  (Sampling) 
Chain 2 Iteration: 3600 / 6000 [ 60%]  (Sampling) 
Chain 1 Iteration: 3600 / 6000 [ 60%]  (Sampling) 
Chain 4 Iteration: 3800 / 6000 [ 63%]  (Sampling) 
Chain 3 Iteration: 3500 / 6000 [ 58%]  (Sampling) 
Chain 2 Iteration: 3700 / 6000 [ 61%]  (Sampling) 
Chain 1 Iteration: 3700 / 6000 [ 61%]  (Sampling) 
Chain 4 Iteration: 3900 / 6000 [ 65%]  (Sampling) 
Chain 3 Iteration: 3600 / 6000 [ 60%]  (Sampling) 
Chain 2 Iteration: 3800 / 6000 [ 63%]  (Sampling) 
Chain 1 Iteration: 3800 / 6000 [ 63%]  (Sampling) 
Chain 4 Iteration: 4000 / 6000 [ 66%]  (Sampling) 
Chain 3 Iteration: 3700 / 6000 [ 61%]  (Sampling) 
Chain 2 Iteration: 3900 / 6000 [ 65%]  (Sampling) 
Chain 1 Iteration: 3900 / 6000 [ 65%]  (Sampling) 
Chain 4 Iteration: 4100 / 6000 [ 68%]  (Sampling) 
Chain 3 Iteration: 3800 / 6000 [ 63%]  (Sampling) 
Chain 2 Iteration: 4000 / 6000 [ 66%]  (Sampling) 
Chain 1 Iteration: 4000 / 6000 [ 66%]  (Sampling) 
Chain 4 Iteration: 4200 / 6000 [ 70%]  (Sampling) 
Chain 1 Iteration: 4100 / 6000 [ 68%]  (Sampling) 
Chain 3 Iteration: 3900 / 6000 [ 65%]  (Sampling) 
Chain 2 Iteration: 4100 / 6000 [ 68%]  (Sampling) 
Chain 4 Iteration: 4300 / 6000 [ 71%]  (Sampling) 
Chain 1 Iteration: 4200 / 6000 [ 70%]  (Sampling) 
Chain 3 Iteration: 4000 / 6000 [ 66%]  (Sampling) 
Chain 2 Iteration: 4200 / 6000 [ 70%]  (Sampling) 
Chain 4 Iteration: 4400 / 6000 [ 73%]  (Sampling) 
Chain 1 Iteration: 4300 / 6000 [ 71%]  (Sampling) 
Chain 3 Iteration: 4100 / 6000 [ 68%]  (Sampling) 
Chain 2 Iteration: 4300 / 6000 [ 71%]  (Sampling) 
Chain 1 Iteration: 4400 / 6000 [ 73%]  (Sampling) 
Chain 4 Iteration: 4500 / 6000 [ 75%]  (Sampling) 
Chain 3 Iteration: 4200 / 6000 [ 70%]  (Sampling) 
Chain 2 Iteration: 4400 / 6000 [ 73%]  (Sampling) 
Chain 1 Iteration: 4500 / 6000 [ 75%]  (Sampling) 
Chain 3 Iteration: 4300 / 6000 [ 71%]  (Sampling) 
Chain 4 Iteration: 4600 / 6000 [ 76%]  (Sampling) 
Chain 2 Iteration: 4500 / 6000 [ 75%]  (Sampling) 
Chain 1 Iteration: 4600 / 6000 [ 76%]  (Sampling) 
Chain 3 Iteration: 4400 / 6000 [ 73%]  (Sampling) 
Chain 4 Iteration: 4700 / 6000 [ 78%]  (Sampling) 
Chain 2 Iteration: 4600 / 6000 [ 76%]  (Sampling) 
Chain 1 Iteration: 4700 / 6000 [ 78%]  (Sampling) 
Chain 3 Iteration: 4500 / 6000 [ 75%]  (Sampling) 
Chain 4 Iteration: 4800 / 6000 [ 80%]  (Sampling) 
Chain 2 Iteration: 4700 / 6000 [ 78%]  (Sampling) 
Chain 3 Iteration: 4600 / 6000 [ 76%]  (Sampling) 
Chain 1 Iteration: 4800 / 6000 [ 80%]  (Sampling) 
Chain 4 Iteration: 4900 / 6000 [ 81%]  (Sampling) 
Chain 2 Iteration: 4800 / 6000 [ 80%]  (Sampling) 
Chain 3 Iteration: 4700 / 6000 [ 78%]  (Sampling) 
Chain 1 Iteration: 4900 / 6000 [ 81%]  (Sampling) 
Chain 4 Iteration: 5000 / 6000 [ 83%]  (Sampling) 
Chain 2 Iteration: 4900 / 6000 [ 81%]  (Sampling) 
Chain 3 Iteration: 4800 / 6000 [ 80%]  (Sampling) 
Chain 1 Iteration: 5000 / 6000 [ 83%]  (Sampling) 
Chain 4 Iteration: 5100 / 6000 [ 85%]  (Sampling) 
Chain 2 Iteration: 5000 / 6000 [ 83%]  (Sampling) 
Chain 3 Iteration: 4900 / 6000 [ 81%]  (Sampling) 
Chain 1 Iteration: 5100 / 6000 [ 85%]  (Sampling) 
Chain 4 Iteration: 5200 / 6000 [ 86%]  (Sampling) 
Chain 2 Iteration: 5100 / 6000 [ 85%]  (Sampling) 
Chain 3 Iteration: 5000 / 6000 [ 83%]  (Sampling) 
Chain 1 Iteration: 5200 / 6000 [ 86%]  (Sampling) 
Chain 4 Iteration: 5300 / 6000 [ 88%]  (Sampling) 
Chain 3 Iteration: 5100 / 6000 [ 85%]  (Sampling) 
Chain 2 Iteration: 5200 / 6000 [ 86%]  (Sampling) 
Chain 1 Iteration: 5300 / 6000 [ 88%]  (Sampling) 
Chain 4 Iteration: 5400 / 6000 [ 90%]  (Sampling) 
Chain 3 Iteration: 5200 / 6000 [ 86%]  (Sampling) 
Chain 1 Iteration: 5400 / 6000 [ 90%]  (Sampling) 
Chain 2 Iteration: 5300 / 6000 [ 88%]  (Sampling) 
Chain 4 Iteration: 5500 / 6000 [ 91%]  (Sampling) 
Chain 3 Iteration: 5300 / 6000 [ 88%]  (Sampling) 
Chain 1 Iteration: 5500 / 6000 [ 91%]  (Sampling) 
Chain 2 Iteration: 5400 / 6000 [ 90%]  (Sampling) 
Chain 4 Iteration: 5600 / 6000 [ 93%]  (Sampling) 
Chain 3 Iteration: 5400 / 6000 [ 90%]  (Sampling) 
Chain 1 Iteration: 5600 / 6000 [ 93%]  (Sampling) 
Chain 2 Iteration: 5500 / 6000 [ 91%]  (Sampling) 
Chain 4 Iteration: 5700 / 6000 [ 95%]  (Sampling) 
Chain 3 Iteration: 5500 / 6000 [ 91%]  (Sampling) 
Chain 1 Iteration: 5700 / 6000 [ 95%]  (Sampling) 
Chain 2 Iteration: 5600 / 6000 [ 93%]  (Sampling) 
Chain 1 Iteration: 5800 / 6000 [ 96%]  (Sampling) 
Chain 4 Iteration: 5800 / 6000 [ 96%]  (Sampling) 
Chain 3 Iteration: 5600 / 6000 [ 93%]  (Sampling) 
Chain 2 Iteration: 5700 / 6000 [ 95%]  (Sampling) 
Chain 1 Iteration: 5900 / 6000 [ 98%]  (Sampling) 
Chain 3 Iteration: 5700 / 6000 [ 95%]  (Sampling) 
Chain 4 Iteration: 5900 / 6000 [ 98%]  (Sampling) 
Chain 2 Iteration: 5800 / 6000 [ 96%]  (Sampling) 
Chain 1 Iteration: 6000 / 6000 [100%]  (Sampling) 
Chain 1 finished in 20904.0 seconds.
Chain 3 Iteration: 5800 / 6000 [ 96%]  (Sampling) 
Chain 4 Iteration: 6000 / 6000 [100%]  (Sampling) 
Chain 4 finished in 21052.2 seconds.
Chain 2 Iteration: 5900 / 6000 [ 98%]  (Sampling) 
Chain 3 Iteration: 5900 / 6000 [ 98%]  (Sampling) 
Chain 2 Iteration: 6000 / 6000 [100%]  (Sampling) 
Chain 2 finished in 21455.7 seconds.
Chain 3 Iteration: 6000 / 6000 [100%]  (Sampling) 
Chain 3 finished in 21572.5 seconds.

All 4 chains finished successfully.
Mean chain execution time: 21246.1 seconds.
Total execution time: 21573.3 seconds.

[1] "Processing draws 1 to 100"
[1] "Chunk time = 3.23109281857808"
[1] "Processing draws 101 to 200"
[1] "Chunk time = 2.37687066396077"
[1] "Processing draws 201 to 300"
[1] "Chunk time = 2.49235977331797"
[1] "Processing draws 301 to 400"
[1] "Chunk time = 2.07954059839249"
[1] "Processing draws 401 to 500"
[1] "Chunk time = 2.01345665454865"
[1] "Processing draws 501 to 600"
[1] "Chunk time = 2.00761807759603"
[1] "Processing draws 601 to 700"
[1] "Chunk time = 2.07698462406794"
[1] "Processing draws 701 to 800"
[1] "Chunk time = 2.20246578852336"
[1] "Processing draws 801 to 900"
[1] "Chunk time = 2.05660903056463"
[1] "Processing draws 901 to 1000"
[1] "Chunk time = 2.13276014328003"
[1] "Processing draws 1001 to 1100"
[1] "Chunk time = 2.02175443967183"
[1] "Processing draws 1101 to 1200"
[1] "Chunk time = 2.02147824764252"
[1] "Processing draws 1201 to 1300"
[1] "Chunk time = 2.176063255469"
[1] "Processing draws 1301 to 1400"
[1] "Chunk time = 2.03603044350942"
[1] "Processing draws 1401 to 1500"
[1] "Chunk time = 2.06825434366862"
[1] "Processing draws 1501 to 1600"
[1] "Chunk time = 2.16018512248993"
[1] "Processing draws 1601 to 1700"
[1] "Chunk time = 1.99645260175069"
[1] "Processing draws 1701 to 1800"
[1] "Chunk time = 1.98874198993047"
[1] "Processing draws 1801 to 1900"
[1] "Chunk time = 2.11719172398249"
[1] "Processing draws 1901 to 2000"
[1] "Chunk time = 2.00993611812592"
[1] "Processing draws 2001 to 2100"
[1] "Chunk time = 2.00991753737132"
[1] "Processing draws 2101 to 2200"
[1] "Chunk time = 2.1312233487765"
[1] "Processing draws 2201 to 2300"
[1] "Chunk time = 1.99935989777247"
[1] "Processing draws 2301 to 2400"
[1] "Chunk time = 2.00565174818039"
[1] "Processing draws 2401 to 2500"
[1] "Chunk time = 2.14526986678441"
[1] "Processing draws 2501 to 2600"
[1] "Chunk time = 1.98478869994481"
[1] "Processing draws 2601 to 2700"
[1] "Chunk time = 2.00520176887512"
[1] "Processing draws 2701 to 2800"
[1] "Chunk time = 2.14672249952952"
[1] "Processing draws 2801 to 2900"
[1] "Chunk time = 1.99452236493429"
[1] "Processing draws 2901 to 3000"
[1] "Chunk time = 1.98502417008082"
[1] "Processing draws 3001 to 3100"
[1] "Chunk time = 2.13886575301488"
[1] "Processing draws 3101 to 3200"
[1] "Chunk time = 2.05927039782206"
[1] "Processing draws 3201 to 3300"
[1] "Chunk time = 1.99421317179998"
[1] "Processing draws 3301 to 3400"
[1] "Chunk time = 2.15136273701986"
[1] "Processing draws 3401 to 3500"
[1] "Chunk time = 1.9761678536733"
[1] "Processing draws 3501 to 3600"
[1] "Chunk time = 1.98648508389791"
[1] "Processing draws 3601 to 3700"
[1] "Chunk time = 2.1475723306338"
[1] "Processing draws 3701 to 3800"
[1] "Chunk time = 1.98567465543747"
[1] "Processing draws 3801 to 3900"
[1] "Chunk time = 1.98830749988556"
[1] "Processing draws 3901 to 4000"
[1] "Chunk time = 2.16121694644292"
[1] "Processing draws 4001 to 4100"
[1] "Chunk time = 2.10646907885869"
[1] "Processing draws 4101 to 4200"
[1] "Chunk time = 1.97794700463613"
[1] "Processing draws 4201 to 4300"
[1] "Chunk time = 2.14565757513046"
[1] "Processing draws 4301 to 4400"
[1] "Chunk time = 2.01570392847061"
[1] "Processing draws 4401 to 4500"
[1] "Chunk time = 1.99684691826502"
[1] "Processing draws 4501 to 4600"
[1] "Chunk time = 2.16318440437317"
[1] "Processing draws 4601 to 4700"
[1] "Chunk time = 2.00435928901037"
[1] "Processing draws 4701 to 4800"
[1] "Chunk time = 2.05245326757431"
[1] "Processing draws 4801 to 4900"
[1] "Chunk time = 2.15533048709234"
[1] "Processing draws 4901 to 5000"
[1] "Chunk time = 2.00328275362651"
[1] "Processing draws 5001 to 5100"
[1] "Chunk time = 2.00885013341904"
[1] "Processing draws 5101 to 5200"
[1] "Chunk time = 2.10483910242716"
[1] "Processing draws 5201 to 5300"
[1] "Chunk time = 2.09671593109767"
[1] "Processing draws 5301 to 5400"
[1] "Chunk time = 2.09338960647583"
[1] "Processing draws 5401 to 5500"
[1] "Chunk time = 2.14021642605464"
[1] "Processing draws 5501 to 5600"
[1] "Chunk time = 2.02161654631297"
[1] "Processing draws 5601 to 5700"
[1] "Chunk time = 1.96467082103093"
[1] "Processing draws 5701 to 5800"
[1] "Chunk time = 2.17036992311478"
[1] "Processing draws 5801 to 5900"
[1] "Chunk time = 2.01636130809784"
[1] "Processing draws 5901 to 6000"
[1] "Chunk time = 2.08392710288366"
[1] "Processing draws 6001 to 6100"
[1] "Chunk time = 2.17999065319697"
[1] "Processing draws 6101 to 6200"
[1] "Chunk time = 2.07333639462789"
[1] "Processing draws 6201 to 6300"
[1] "Chunk time = 1.97904002666473"
[1] "Processing draws 6301 to 6400"
[1] "Chunk time = 2.15885647932688"
[1] "Processing draws 6401 to 6500"
[1] "Chunk time = 2.02211007277171"
[1] "Processing draws 6501 to 6600"
[1] "Chunk time = 1.98324364423752"
[1] "Processing draws 6601 to 6700"
[1] "Chunk time = 2.15769840478897"
[1] "Processing draws 6701 to 6800"
[1] "Chunk time = 2.03193413813909"
[1] "Processing draws 6801 to 6900"
[1] "Chunk time = 2.03573458989461"
[1] "Processing draws 6901 to 7000"
[1] "Chunk time = 2.05619488159815"
[1] "Processing draws 7001 to 7100"
[1] "Chunk time = 1.98081164757411"
[1] "Processing draws 7101 to 7200"
[1] "Chunk time = 2.01390573183695"
[1] "Processing draws 7201 to 7300"
[1] "Chunk time = 2.1514379064242"
[1] "Processing draws 7301 to 7400"
[1] "Chunk time = 2.03032535711924"
[1] "Processing draws 7401 to 7500"
[1] "Chunk time = 2.01466172933578"
[1] "Processing draws 7501 to 7600"
[1] "Chunk time = 2.0831539273262"
[1] "Processing draws 7601 to 7700"
[1] "Chunk time = 1.99339605967204"
[1] "Processing draws 7701 to 7800"
[1] "Chunk time = 1.9704771399498"
[1] "Processing draws 7801 to 7900"
[1] "Chunk time = 2.09903963406881"
[1] "Processing draws 7901 to 8000"
[1] "Chunk time = 2.0163956562678"
[1] "Processing draws 8001 to 8100"
[1] "Chunk time = 2.00587525367737"
[1] "Processing draws 8101 to 8200"
[1] "Chunk time = 2.09942164818446"
[1] "Processing draws 8201 to 8300"
[1] "Chunk time = 2.06014100313187"
[1] "Processing draws 8301 to 8400"
[1] "Chunk time = 1.9502702554067"
[1] "Processing draws 8401 to 8500"
[1] "Chunk time = 2.07662472724915"
[1] "Processing draws 8501 to 8600"
[1] "Chunk time = 1.97433954079946"
[1] "Processing draws 8601 to 8700"
[1] "Chunk time = 1.99509913523992"
[1] "Processing draws 8701 to 8800"
[1] "Chunk time = 2.14830255905787"
[1] "Processing draws 8801 to 8900"
[1] "Chunk time = 2.02339691718419"
[1] "Processing draws 8901 to 9000"
[1] "Chunk time = 2.04938354889552"
[1] "Processing draws 9001 to 9100"
[1] "Chunk time = 2.14652696847916"
[1] "Processing draws 9101 to 9200"
[1] "Chunk time = 2.00860774517059"
[1] "Processing draws 9201 to 9300"
[1] "Chunk time = 1.95411150852839"
[1] "Processing draws 9301 to 9400"
[1] "Chunk time = 2.17263025045395"
[1] "Processing draws 9401 to 9500"
[1] "Chunk time = 2.02261950572332"
[1] "Processing draws 9501 to 9600"
[1] "Chunk time = 1.9760232925415"
[1] "Processing draws 9601 to 9700"
[1] "Chunk time = 2.19262458086014"
[1] "Processing draws 9701 to 9800"
[1] "Chunk time = 1.97368503014247"
[1] "Processing draws 9801 to 9900"
[1] "Chunk time = 2.00916598240534"
[1] "Processing draws 9901 to 10000"
[1] "Chunk time = 2.17727200190226"
[1] "Processing draws 10001 to 10100"
[1] "Chunk time = 2.01335015296936"
[1] "Processing draws 10101 to 10200"
[1] "Chunk time = 1.95713700056076"
[1] "Processing draws 10201 to 10300"
[1] "Chunk time = 2.16872066259384"
[1] "Processing draws 10301 to 10400"
[1] "Chunk time = 2.04418181578318"
[1] "Processing draws 10401 to 10500"
[1] "Chunk time = 1.98317568302155"
[1] "Processing draws 10501 to 10600"
[1] "Chunk time = 2.14421111742655"
[1] "Processing draws 10601 to 10700"
[1] "Chunk time = 1.98409040768941"
[1] "Processing draws 10701 to 10800"
[1] "Chunk time = 1.96671177546183"
[1] "Processing draws 10801 to 10900"
[1] "Chunk time = 2.07397708495458"
[1] "Processing draws 10901 to 11000"
[1] "Chunk time = 1.95032496054967"
[1] "Processing draws 11001 to 11100"
[1] "Chunk time = 2.0673496166865"
[1] "Processing draws 11101 to 11200"
[1] "Chunk time = 2.20440450509389"
[1] "Processing draws 11201 to 11300"
[1] "Chunk time = 2.04029881159465"
[1] "Processing draws 11301 to 11400"
[1] "Chunk time = 2.01033438841502"
[1] "Processing draws 11401 to 11500"
[1] "Chunk time = 2.16716380516688"
[1] "Processing draws 11501 to 11600"
[1] "Chunk time = 2.01367608308792"
[1] "Processing draws 11601 to 11700"
[1] "Chunk time = 1.98024145364761"
[1] "Processing draws 11701 to 11800"
[1] "Chunk time = 2.18771152496338"
[1] "Processing draws 11801 to 11900"
[1] "Chunk time = 2.03297402858734"
[1] "Processing draws 11901 to 12000"
[1] "Chunk time = 2.008598335584"
[1] "Processing draws 12001 to 12100"
[1] "Chunk time = 2.17257547775904"
[1] "Processing draws 12101 to 12200"
[1] "Chunk time = 2.01742281913757"
[1] "Processing draws 12201 to 12300"
[1] "Chunk time = 1.98092751105626"
[1] "Processing draws 12301 to 12400"
[1] "Chunk time = 2.05723277330399"
[1] "Processing draws 12401 to 12500"
[1] "Chunk time = 2.0133577466011"
[1] "Processing draws 12501 to 12600"
[1] "Chunk time = 1.96753234068553"
[1] "Processing draws 12601 to 12700"
[1] "Chunk time = 2.07296781937281"
[1] "Processing draws 12701 to 12800"
[1] "Chunk time = 2.0160876194636"
[1] "Processing draws 12801 to 12900"
[1] "Chunk time = 2.02999199231466"
[1] "Processing draws 12901 to 13000"
[1] "Chunk time = 2.1410734295845"
[1] "Processing draws 13001 to 13100"
[1] "Chunk time = 1.98384504318237"
[1] "Processing draws 13101 to 13200"
[1] "Chunk time = 1.97593242724737"
[1] "Processing draws 13201 to 13300"
[1] "Chunk time = 2.13074738581975"
[1] "Processing draws 13301 to 13400"
[1] "Chunk time = 1.97422602176666"
[1] "Processing draws 13401 to 13500"
[1] "Chunk time = 1.92143256266912"
[1] "Processing draws 13501 to 13600"
[1] "Chunk time = 2.02526888052622"
[1] "Processing draws 13601 to 13700"
[1] "Chunk time = 1.9188534061114"
[1] "Processing draws 13701 to 13800"
[1] "Chunk time = 1.89857447544734"
[1] "Processing draws 13801 to 13900"
[1] "Chunk time = 2.0319634437561"
[1] "Processing draws 13901 to 14000"
[1] "Chunk time = 1.93237959543864"
[1] "Processing draws 14001 to 14100"
[1] "Chunk time = 2.01993081967036"
[1] "Processing draws 14101 to 14200"
[1] "Chunk time = 1.95478178262711"
[1] "Processing draws 14201 to 14300"
[1] "Chunk time = 1.96280596256256"
[1] "Processing draws 14301 to 14400"
[1] "Chunk time = 1.9773176908493"
[1] "Processing draws 14401 to 14500"
[1] "Chunk time = 2.04129422505697"
[1] "Processing draws 14501 to 14600"
[1] "Chunk time = 1.99781081676483"
[1] "Processing draws 14601 to 14700"
[1] "Chunk time = 2.02947180668513"
[1] "Processing draws 14701 to 14800"
[1] "Chunk time = 2.04976714849472"
[1] "Processing draws 14801 to 14900"
[1] "Chunk time = 1.92693567673365"
[1] "Processing draws 14901 to 15000"
[1] "Chunk time = 1.94317022164663"
[1] "Processing draws 15001 to 15100"
[1] "Chunk time = 2.1317121108373"
[1] "Processing draws 15101 to 15200"
[1] "Chunk time = 2.01981788078944"
[1] "Processing draws 15201 to 15300"
[1] "Chunk time = 2.01972672939301"
[1] "Processing draws 15301 to 15400"
[1] "Chunk time = 2.17006187438965"
[1] "Processing draws 15401 to 15500"
[1] "Chunk time = 2.01069815158844"
[1] "Processing draws 15501 to 15600"
[1] "Chunk time = 1.96094230413437"
[1] "Processing draws 15601 to 15700"
[1] "Chunk time = 2.13545077641805"
[1] "Processing draws 15701 to 15800"
[1] "Chunk time = 1.96401967207591"
[1] "Processing draws 15801 to 15900"
[1] "Chunk time = 1.95619240999222"
[1] "Processing draws 15901 to 16000"
[1] "Chunk time = 2.13711301088333"
[1] "Processing draws 16001 to 16100"
[1] "Chunk time = 1.9735268553098"
[1] "Processing draws 16101 to 16200"
[1] "Chunk time = 1.89450397491455"
[1] "Processing draws 16201 to 16300"
[1] "Chunk time = 2.1140368103981"
[1] "Processing draws 16301 to 16400"
[1] "Chunk time = 1.96303324699402"
[1] "Processing draws 16401 to 16500"
[1] "Chunk time = 1.96342384417852"
[1] "Processing draws 16501 to 16600"
[1] "Chunk time = 2.13304999272029"
[1] "Processing draws 16601 to 16700"
[1] "Chunk time = 1.96394234895706"
[1] "Processing draws 16701 to 16800"
[1] "Chunk time = 1.99569478432337"
[1] "Processing draws 16801 to 16900"
[1] "Chunk time = 2.15058992703756"
[1] "Processing draws 16901 to 17000"
[1] "Chunk time = 1.98404512405396"
[1] "Processing draws 17001 to 17100"
[1] "Chunk time = 1.93186427752177"
[1] "Processing draws 17101 to 17200"
[1] "Chunk time = 2.10352332989375"
[1] "Processing draws 17201 to 17300"
[1] "Chunk time = 1.99598079522451"
[1] "Processing draws 17301 to 17400"
[1] "Chunk time = 1.97375033696493"
[1] "Processing draws 17401 to 17500"
[1] "Chunk time = 2.13213979005814"
[1] "Processing draws 17501 to 17600"
[1] "Chunk time = 1.99484866857529"
[1] "Processing draws 17601 to 17700"
[1] "Chunk time = 1.90003915230433"
[1] "Processing draws 17701 to 17800"
[1] "Chunk time = 2.07373586495717"
[1] "Processing draws 17801 to 17900"
[1] "Chunk time = 1.9705920179685"
[1] "Processing draws 17901 to 18000"
[1] "Chunk time = 1.96973168452581"
[1] "Processing draws 18001 to 18100"
[1] "Chunk time = 2.12803377707799"
[1] "Processing draws 18101 to 18200"
[1] "Chunk time = 2.01060885985692"
[1] "Processing draws 18201 to 18300"
[1] "Chunk time = 1.97594009637833"
[1] "Processing draws 18301 to 18400"
[1] "Chunk time = 2.15091745058695"
[1] "Processing draws 18401 to 18500"
[1] "Chunk time = 2.03745982249578"
[1] "Processing draws 18501 to 18600"
[1] "Chunk time = 1.99134488105774"
[1] "Processing draws 18601 to 18700"
[1] "Chunk time = 2.15065021912257"
[1] "Processing draws 18701 to 18800"
[1] "Chunk time = 2.00065754254659"
[1] "Processing draws 18801 to 18900"
[1] "Chunk time = 1.98245826164881"
[1] "Processing draws 18901 to 19000"
[1] "Chunk time = 2.11433769861857"
[1] "Processing draws 19001 to 19100"
[1] "Chunk time = 1.94950331052144"
[1] "Processing draws 19101 to 19200"
[1] "Chunk time = 1.96815953652064"
[1] "Processing draws 19201 to 19300"
[1] "Chunk time = 2.10337584813436"
[1] "Processing draws 19301 to 19400"
[1] "Chunk time = 1.99619853099187"
[1] "Processing draws 19401 to 19500"
[1] "Chunk time = 1.97983327309291"
[1] "Processing draws 19501 to 19600"
[1] "Chunk time = 2.14719314177831"
[1] "Processing draws 19601 to 19700"
[1] "Chunk time = 1.97775950829188"
[1] "Processing draws 19701 to 19800"
[1] "Chunk time = 1.98038758039474"
[1] "Processing draws 19801 to 19900"
[1] "Chunk time = 2.11565361420314"
[1] "Processing draws 19901 to 20000"
[1] "Chunk time = 1.96438819964727"
[1] "done lapplying"
[1] "Saving current params"
[1] "Saving params to output.rds"
[1] TRUE
[1] "Time for modelling:"
[1] "2025-07-03 02:04:58 EDT"
[1] "Time for posterior computations:"
Time difference of 6.861676 hours
[1] "Total time:"
[1] "2025-07-03 08:56:40 EDT"
