[1] "Starting sampling."
Running MCMC with 4 parallel chains, with 4 thread(s) per chain...

Chain 1 Iteration:    1 / 6000 [  0%]  (Warmup) 
Chain 3 Iteration:    1 / 6000 [  0%]  (Warmup) 
Chain 2 Iteration:    1 / 6000 [  0%]  (Warmup) 
Chain 4 Iteration:    1 / 6000 [  0%]  (Warmup) 
Chain 4 Iteration:  100 / 6000 [  1%]  (Warmup) 
Chain 2 Iteration:  100 / 6000 [  1%]  (Warmup) 
Chain 1 Iteration:  100 / 6000 [  1%]  (Warmup) 
Chain 4 Iteration:  200 / 6000 [  3%]  (Warmup) 
Chain 3 Iteration:  100 / 6000 [  1%]  (Warmup) 
Chain 2 Iteration:  200 / 6000 [  3%]  (Warmup) 
Chain 1 Iteration:  200 / 6000 [  3%]  (Warmup) 
Chain 3 Iteration:  200 / 6000 [  3%]  (Warmup) 
Chain 4 Iteration:  300 / 6000 [  5%]  (Warmup) 
Chain 2 Iteration:  300 / 6000 [  5%]  (Warmup) 
Chain 1 Iteration:  300 / 6000 [  5%]  (Warmup) 
Chain 4 Iteration:  400 / 6000 [  6%]  (Warmup) 
Chain 3 Iteration:  300 / 6000 [  5%]  (Warmup) 
Chain 2 Iteration:  400 / 6000 [  6%]  (Warmup) 
Chain 1 Iteration:  400 / 6000 [  6%]  (Warmup) 
Chain 2 Iteration:  500 / 6000 [  8%]  (Warmup) 
Chain 4 Iteration:  500 / 6000 [  8%]  (Warmup) 
Chain 3 Iteration:  400 / 6000 [  6%]  (Warmup) 
Chain 2 Iteration:  600 / 6000 [ 10%]  (Warmup) 
Chain 4 Iteration:  600 / 6000 [ 10%]  (Warmup) 
Chain 1 Iteration:  500 / 6000 [  8%]  (Warmup) 
Chain 3 Iteration:  500 / 6000 [  8%]  (Warmup) 
Chain 2 Iteration:  700 / 6000 [ 11%]  (Warmup) 
Chain 4 Iteration:  700 / 6000 [ 11%]  (Warmup) 
Chain 1 Iteration:  600 / 6000 [ 10%]  (Warmup) 
Chain 3 Iteration:  600 / 6000 [ 10%]  (Warmup) 
Chain 2 Iteration:  800 / 6000 [ 13%]  (Warmup) 
Chain 4 Iteration:  800 / 6000 [ 13%]  (Warmup) 
Chain 2 Iteration:  900 / 6000 [ 15%]  (Warmup) 
Chain 1 Iteration:  700 / 6000 [ 11%]  (Warmup) 
Chain 3 Iteration:  700 / 6000 [ 11%]  (Warmup) 
Chain 2 Iteration: 1000 / 6000 [ 16%]  (Warmup) 
Chain 4 Iteration:  900 / 6000 [ 15%]  (Warmup) 
Chain 2 Iteration: 1001 / 6000 [ 16%]  (Sampling) 
Chain 1 Iteration:  800 / 6000 [ 13%]  (Warmup) 
Chain 3 Iteration:  800 / 6000 [ 13%]  (Warmup) 
Chain 2 Iteration: 1100 / 6000 [ 18%]  (Sampling) 
Chain 4 Iteration: 1000 / 6000 [ 16%]  (Warmup) 
Chain 4 Iteration: 1001 / 6000 [ 16%]  (Sampling) 
Chain 1 Iteration:  900 / 6000 [ 15%]  (Warmup) 
Chain 3 Iteration:  900 / 6000 [ 15%]  (Warmup) 
Chain 2 Iteration: 1200 / 6000 [ 20%]  (Sampling) 
Chain 4 Iteration: 1100 / 6000 [ 18%]  (Sampling) 
Chain 3 Iteration: 1000 / 6000 [ 16%]  (Warmup) 
Chain 3 Iteration: 1001 / 6000 [ 16%]  (Sampling) 
Chain 1 Iteration: 1000 / 6000 [ 16%]  (Warmup) 
Chain 2 Iteration: 1300 / 6000 [ 21%]  (Sampling) 
Chain 1 Iteration: 1001 / 6000 [ 16%]  (Sampling) 
Chain 4 Iteration: 1200 / 6000 [ 20%]  (Sampling) 
Chain 3 Iteration: 1100 / 6000 [ 18%]  (Sampling) 
Chain 1 Iteration: 1100 / 6000 [ 18%]  (Sampling) 
Chain 2 Iteration: 1400 / 6000 [ 23%]  (Sampling) 
Chain 4 Iteration: 1300 / 6000 [ 21%]  (Sampling) 
Chain 3 Iteration: 1200 / 6000 [ 20%]  (Sampling) 
Chain 1 Iteration: 1200 / 6000 [ 20%]  (Sampling) 
Chain 2 Iteration: 1500 / 6000 [ 25%]  (Sampling) 
Chain 3 Iteration: 1300 / 6000 [ 21%]  (Sampling) 
Chain 1 Iteration: 1300 / 6000 [ 21%]  (Sampling) 
Chain 4 Iteration: 1400 / 6000 [ 23%]  (Sampling) 
Chain 2 Iteration: 1600 / 6000 [ 26%]  (Sampling) 
Chain 3 Iteration: 1400 / 6000 [ 23%]  (Sampling) 
Chain 1 Iteration: 1400 / 6000 [ 23%]  (Sampling) 
Chain 4 Iteration: 1500 / 6000 [ 25%]  (Sampling) 
Chain 2 Iteration: 1700 / 6000 [ 28%]  (Sampling) 
Chain 3 Iteration: 1500 / 6000 [ 25%]  (Sampling) 
Chain 1 Iteration: 1500 / 6000 [ 25%]  (Sampling) 
Chain 4 Iteration: 1600 / 6000 [ 26%]  (Sampling) 
Chain 2 Iteration: 1800 / 6000 [ 30%]  (Sampling) 
Chain 3 Iteration: 1600 / 6000 [ 26%]  (Sampling) 
Chain 1 Iteration: 1600 / 6000 [ 26%]  (Sampling) 
Chain 4 Iteration: 1700 / 6000 [ 28%]  (Sampling) 
Chain 2 Iteration: 1900 / 6000 [ 31%]  (Sampling) 
Chain 3 Iteration: 1700 / 6000 [ 28%]  (Sampling) 
Chain 1 Iteration: 1700 / 6000 [ 28%]  (Sampling) 
Chain 4 Iteration: 1800 / 6000 [ 30%]  (Sampling) 
Chain 2 Iteration: 2000 / 6000 [ 33%]  (Sampling) 
Chain 1 Iteration: 1800 / 6000 [ 30%]  (Sampling) 
Chain 3 Iteration: 1800 / 6000 [ 30%]  (Sampling) 
Chain 4 Iteration: 1900 / 6000 [ 31%]  (Sampling) 
Chain 2 Iteration: 2100 / 6000 [ 35%]  (Sampling) 
Chain 1 Iteration: 1900 / 6000 [ 31%]  (Sampling) 
Chain 3 Iteration: 1900 / 6000 [ 31%]  (Sampling) 
Chain 4 Iteration: 2000 / 6000 [ 33%]  (Sampling) 
Chain 2 Iteration: 2200 / 6000 [ 36%]  (Sampling) 
Chain 1 Iteration: 2000 / 6000 [ 33%]  (Sampling) 
Chain 3 Iteration: 2000 / 6000 [ 33%]  (Sampling) 
Chain 4 Iteration: 2100 / 6000 [ 35%]  (Sampling) 
Chain 2 Iteration: 2300 / 6000 [ 38%]  (Sampling) 
Chain 1 Iteration: 2100 / 6000 [ 35%]  (Sampling) 
Chain 3 Iteration: 2100 / 6000 [ 35%]  (Sampling) 
Chain 4 Iteration: 2200 / 6000 [ 36%]  (Sampling) 
Chain 2 Iteration: 2400 / 6000 [ 40%]  (Sampling) 
Chain 1 Iteration: 2200 / 6000 [ 36%]  (Sampling) 
Chain 4 Iteration: 2300 / 6000 [ 38%]  (Sampling) 
Chain 3 Iteration: 2200 / 6000 [ 36%]  (Sampling) 
Chain 2 Iteration: 2500 / 6000 [ 41%]  (Sampling) 
Chain 1 Iteration: 2300 / 6000 [ 38%]  (Sampling) 
Chain 4 Iteration: 2400 / 6000 [ 40%]  (Sampling) 
Chain 3 Iteration: 2300 / 6000 [ 38%]  (Sampling) 
Chain 2 Iteration: 2600 / 6000 [ 43%]  (Sampling) 
Chain 1 Iteration: 2400 / 6000 [ 40%]  (Sampling) 
Chain 4 Iteration: 2500 / 6000 [ 41%]  (Sampling) 
Chain 3 Iteration: 2400 / 6000 [ 40%]  (Sampling) 
Chain 2 Iteration: 2700 / 6000 [ 45%]  (Sampling) 
Chain 1 Iteration: 2500 / 6000 [ 41%]  (Sampling) 
Chain 4 Iteration: 2600 / 6000 [ 43%]  (Sampling) 
Chain 3 Iteration: 2500 / 6000 [ 41%]  (Sampling) 
Chain 2 Iteration: 2800 / 6000 [ 46%]  (Sampling) 
Chain 4 Iteration: 2700 / 6000 [ 45%]  (Sampling) 
Chain 1 Iteration: 2600 / 6000 [ 43%]  (Sampling) 
Chain 3 Iteration: 2600 / 6000 [ 43%]  (Sampling) 
Chain 4 Iteration: 2800 / 6000 [ 46%]  (Sampling) 
Chain 2 Iteration: 2900 / 6000 [ 48%]  (Sampling) 
Chain 1 Iteration: 2700 / 6000 [ 45%]  (Sampling) 
Chain 3 Iteration: 2700 / 6000 [ 45%]  (Sampling) 
Chain 4 Iteration: 2900 / 6000 [ 48%]  (Sampling) 
Chain 2 Iteration: 3000 / 6000 [ 50%]  (Sampling) 
Chain 1 Iteration: 2800 / 6000 [ 46%]  (Sampling) 
Chain 4 Iteration: 3000 / 6000 [ 50%]  (Sampling) 
Chain 3 Iteration: 2800 / 6000 [ 46%]  (Sampling) 
Chain 2 Iteration: 3100 / 6000 [ 51%]  (Sampling) 
Chain 1 Iteration: 2900 / 6000 [ 48%]  (Sampling) 
Chain 4 Iteration: 3100 / 6000 [ 51%]  (Sampling) 
Chain 3 Iteration: 2900 / 6000 [ 48%]  (Sampling) 
Chain 2 Iteration: 3200 / 6000 [ 53%]  (Sampling) 
Chain 4 Iteration: 3200 / 6000 [ 53%]  (Sampling) 
Chain 1 Iteration: 3000 / 6000 [ 50%]  (Sampling) 
Chain 3 Iteration: 3000 / 6000 [ 50%]  (Sampling) 
Chain 2 Iteration: 3300 / 6000 [ 55%]  (Sampling) 
Chain 4 Iteration: 3300 / 6000 [ 55%]  (Sampling) 
Chain 1 Iteration: 3100 / 6000 [ 51%]  (Sampling) 
Chain 3 Iteration: 3100 / 6000 [ 51%]  (Sampling) 
Chain 4 Iteration: 3400 / 6000 [ 56%]  (Sampling) 
Chain 2 Iteration: 3400 / 6000 [ 56%]  (Sampling) 
Chain 1 Iteration: 3200 / 6000 [ 53%]  (Sampling) 
Chain 4 Iteration: 3500 / 6000 [ 58%]  (Sampling) 
Chain 3 Iteration: 3200 / 6000 [ 53%]  (Sampling) 
Chain 2 Iteration: 3500 / 6000 [ 58%]  (Sampling) 
Chain 1 Iteration: 3300 / 6000 [ 55%]  (Sampling) 
Chain 4 Iteration: 3600 / 6000 [ 60%]  (Sampling) 
Chain 3 Iteration: 3300 / 6000 [ 55%]  (Sampling) 
Chain 2 Iteration: 3600 / 6000 [ 60%]  (Sampling) 
Chain 1 Iteration: 3400 / 6000 [ 56%]  (Sampling) 
Chain 4 Iteration: 3700 / 6000 [ 61%]  (Sampling) 
Chain 3 Iteration: 3400 / 6000 [ 56%]  (Sampling) 
Chain 2 Iteration: 3700 / 6000 [ 61%]  (Sampling) 
Chain 4 Iteration: 3800 / 6000 [ 63%]  (Sampling) 
Chain 1 Iteration: 3500 / 6000 [ 58%]  (Sampling) 
Chain 3 Iteration: 3500 / 6000 [ 58%]  (Sampling) 
Chain 4 Iteration: 3900 / 6000 [ 65%]  (Sampling) 
Chain 2 Iteration: 3800 / 6000 [ 63%]  (Sampling) 
Chain 1 Iteration: 3600 / 6000 [ 60%]  (Sampling) 
Chain 4 Iteration: 4000 / 6000 [ 66%]  (Sampling) 
Chain 3 Iteration: 3600 / 6000 [ 60%]  (Sampling) 
Chain 2 Iteration: 3900 / 6000 [ 65%]  (Sampling) 
Chain 1 Iteration: 3700 / 6000 [ 61%]  (Sampling) 
Chain 4 Iteration: 4100 / 6000 [ 68%]  (Sampling) 
Chain 3 Iteration: 3700 / 6000 [ 61%]  (Sampling) 
Chain 2 Iteration: 4000 / 6000 [ 66%]  (Sampling) 
Chain 1 Iteration: 3800 / 6000 [ 63%]  (Sampling) 
Chain 4 Iteration: 4200 / 6000 [ 70%]  (Sampling) 
Chain 3 Iteration: 3800 / 6000 [ 63%]  (Sampling) 
Chain 2 Iteration: 4100 / 6000 [ 68%]  (Sampling) 
Chain 4 Iteration: 4300 / 6000 [ 71%]  (Sampling) 
Chain 1 Iteration: 3900 / 6000 [ 65%]  (Sampling) 
Chain 3 Iteration: 3900 / 6000 [ 65%]  (Sampling) 
Chain 4 Iteration: 4400 / 6000 [ 73%]  (Sampling) 
Chain 2 Iteration: 4200 / 6000 [ 70%]  (Sampling) 
Chain 1 Iteration: 4000 / 6000 [ 66%]  (Sampling) 
Chain 3 Iteration: 4000 / 6000 [ 66%]  (Sampling) 
Chain 4 Iteration: 4500 / 6000 [ 75%]  (Sampling) 
Chain 1 Iteration: 4100 / 6000 [ 68%]  (Sampling) 
Chain 2 Iteration: 4300 / 6000 [ 71%]  (Sampling) 
Chain 3 Iteration: 4100 / 6000 [ 68%]  (Sampling) 
Chain 1 Iteration: 4200 / 6000 [ 70%]  (Sampling) 
Chain 4 Iteration: 4600 / 6000 [ 76%]  (Sampling) 
Chain 2 Iteration: 4400 / 6000 [ 73%]  (Sampling) 
Chain 3 Iteration: 4200 / 6000 [ 70%]  (Sampling) 
Chain 1 Iteration: 4300 / 6000 [ 71%]  (Sampling) 
Chain 4 Iteration: 4700 / 6000 [ 78%]  (Sampling) 
Chain 2 Iteration: 4500 / 6000 [ 75%]  (Sampling) 
Chain 3 Iteration: 4300 / 6000 [ 71%]  (Sampling) 
Chain 1 Iteration: 4400 / 6000 [ 73%]  (Sampling) 
Chain 4 Iteration: 4800 / 6000 [ 80%]  (Sampling) 
Chain 2 Iteration: 4600 / 6000 [ 76%]  (Sampling) 
Chain 3 Iteration: 4400 / 6000 [ 73%]  (Sampling) 
Chain 1 Iteration: 4500 / 6000 [ 75%]  (Sampling) 
Chain 4 Iteration: 4900 / 6000 [ 81%]  (Sampling) 
Chain 2 Iteration: 4700 / 6000 [ 78%]  (Sampling) 
Chain 3 Iteration: 4500 / 6000 [ 75%]  (Sampling) 
Chain 1 Iteration: 4600 / 6000 [ 76%]  (Sampling) 
Chain 4 Iteration: 5000 / 6000 [ 83%]  (Sampling) 
Chain 2 Iteration: 4800 / 6000 [ 80%]  (Sampling) 
Chain 3 Iteration: 4600 / 6000 [ 76%]  (Sampling) 
Chain 1 Iteration: 4700 / 6000 [ 78%]  (Sampling) 
Chain 4 Iteration: 5100 / 6000 [ 85%]  (Sampling) 
Chain 2 Iteration: 4900 / 6000 [ 81%]  (Sampling) 
Chain 3 Iteration: 4700 / 6000 [ 78%]  (Sampling) 
Chain 1 Iteration: 4800 / 6000 [ 80%]  (Sampling) 
Chain 4 Iteration: 5200 / 6000 [ 86%]  (Sampling) 
Chain 2 Iteration: 5000 / 6000 [ 83%]  (Sampling) 
Chain 3 Iteration: 4800 / 6000 [ 80%]  (Sampling) 
Chain 1 Iteration: 4900 / 6000 [ 81%]  (Sampling) 
Chain 4 Iteration: 5300 / 6000 [ 88%]  (Sampling) 
Chain 2 Iteration: 5100 / 6000 [ 85%]  (Sampling) 
Chain 3 Iteration: 4900 / 6000 [ 81%]  (Sampling) 
Chain 4 Iteration: 5400 / 6000 [ 90%]  (Sampling) 
Chain 1 Iteration: 5000 / 6000 [ 83%]  (Sampling) 
Chain 2 Iteration: 5200 / 6000 [ 86%]  (Sampling) 
Chain 4 Iteration: 5500 / 6000 [ 91%]  (Sampling) 
Chain 3 Iteration: 5000 / 6000 [ 83%]  (Sampling) 
Chain 1 Iteration: 5100 / 6000 [ 85%]  (Sampling) 
Chain 2 Iteration: 5300 / 6000 [ 88%]  (Sampling) 
Chain 4 Iteration: 5600 / 6000 [ 93%]  (Sampling) 
Chain 3 Iteration: 5100 / 6000 [ 85%]  (Sampling) 
Chain 1 Iteration: 5200 / 6000 [ 86%]  (Sampling) 
Chain 4 Iteration: 5700 / 6000 [ 95%]  (Sampling) 
Chain 2 Iteration: 5400 / 6000 [ 90%]  (Sampling) 
Chain 3 Iteration: 5200 / 6000 [ 86%]  (Sampling) 
Chain 1 Iteration: 5300 / 6000 [ 88%]  (Sampling) 
Chain 4 Iteration: 5800 / 6000 [ 96%]  (Sampling) 
Chain 2 Iteration: 5500 / 6000 [ 91%]  (Sampling) 
Chain 3 Iteration: 5300 / 6000 [ 88%]  (Sampling) 
Chain 1 Iteration: 5400 / 6000 [ 90%]  (Sampling) 
Chain 4 Iteration: 5900 / 6000 [ 98%]  (Sampling) 
Chain 2 Iteration: 5600 / 6000 [ 93%]  (Sampling) 
Chain 3 Iteration: 5400 / 6000 [ 90%]  (Sampling) 
Chain 1 Iteration: 5500 / 6000 [ 91%]  (Sampling) 
Chain 4 Iteration: 6000 / 6000 [100%]  (Sampling) 
Chain 4 finished in 21319.7 seconds.
Chain 2 Iteration: 5700 / 6000 [ 95%]  (Sampling) 
Chain 3 Iteration: 5500 / 6000 [ 91%]  (Sampling) 
Chain 1 Iteration: 5600 / 6000 [ 93%]  (Sampling) 
Chain 2 Iteration: 5800 / 6000 [ 96%]  (Sampling) 
Chain 3 Iteration: 5600 / 6000 [ 93%]  (Sampling) 
Chain 1 Iteration: 5700 / 6000 [ 95%]  (Sampling) 
Chain 2 Iteration: 5900 / 6000 [ 98%]  (Sampling) 
Chain 3 Iteration: 5700 / 6000 [ 95%]  (Sampling) 
Chain 1 Iteration: 5800 / 6000 [ 96%]  (Sampling) 
Chain 2 Iteration: 6000 / 6000 [100%]  (Sampling) 
Chain 2 finished in 22449.8 seconds.
Chain 3 Iteration: 5800 / 6000 [ 96%]  (Sampling) 
Chain 1 Iteration: 5900 / 6000 [ 98%]  (Sampling) 
Chain 3 Iteration: 5900 / 6000 [ 98%]  (Sampling) 
Chain 1 Iteration: 6000 / 6000 [100%]  (Sampling) 
Chain 1 finished in 22847.4 seconds.
Chain 3 Iteration: 6000 / 6000 [100%]  (Sampling) 
Chain 3 finished in 23080.1 seconds.

All 4 chains finished successfully.
Mean chain execution time: 22424.2 seconds.
Total execution time: 23081.2 seconds.

[1] "Processing draws 1 to 100"
[1] "Chunk time = 3.29620629946391"
[1] "Processing draws 101 to 200"
[1] "Chunk time = 2.35702127615611"
[1] "Processing draws 201 to 300"
[1] "Chunk time = 2.47660420338313"
[1] "Processing draws 301 to 400"
[1] "Chunk time = 2.0727937301"
[1] "Processing draws 401 to 500"
[1] "Chunk time = 2.07050909201304"
[1] "Processing draws 501 to 600"
[1] "Chunk time = 2.02655464808146"
[1] "Processing draws 601 to 700"
[1] "Chunk time = 2.01449030637741"
[1] "Processing draws 701 to 800"
[1] "Chunk time = 2.20307726462682"
[1] "Processing draws 801 to 900"
[1] "Chunk time = 2.07794793049494"
[1] "Processing draws 901 to 1000"
[1] "Chunk time = 2.08878732522329"
[1] "Processing draws 1001 to 1100"
[1] "Chunk time = 2.04941983620326"
[1] "Processing draws 1101 to 1200"
[1] "Chunk time = 2.04042373100917"
[1] "Processing draws 1201 to 1300"
[1] "Chunk time = 2.12883570591609"
[1] "Processing draws 1301 to 1400"
[1] "Chunk time = 2.05364873011907"
[1] "Processing draws 1401 to 1500"
[1] "Chunk time = 2.01652555465698"
[1] "Processing draws 1501 to 1600"
[1] "Chunk time = 2.12199452718099"
[1] "Processing draws 1601 to 1700"
[1] "Chunk time = 2.01876658201218"
[1] "Processing draws 1701 to 1800"
[1] "Chunk time = 2.01930836439133"
[1] "Processing draws 1801 to 1900"
[1] "Chunk time = 2.14610798358917"
[1] "Processing draws 1901 to 2000"
[1] "Chunk time = 2.05695664485296"
[1] "Processing draws 2001 to 2100"
[1] "Chunk time = 2.07690311272939"
[1] "Processing draws 2101 to 2200"
[1] "Chunk time = 2.25846152702967"
[1] "Processing draws 2201 to 2300"
[1] "Chunk time = 1.97247507572174"
[1] "Processing draws 2301 to 2400"
[1] "Chunk time = 1.99435935417811"
[1] "Processing draws 2401 to 2500"
[1] "Chunk time = 2.12134654521942"
[1] "Processing draws 2501 to 2600"
[1] "Chunk time = 1.98613962332408"
[1] "Processing draws 2601 to 2700"
[1] "Chunk time = 1.95844291051229"
[1] "Processing draws 2701 to 2800"
[1] "Chunk time = 2.13218425512314"
[1] "Processing draws 2801 to 2900"
[1] "Chunk time = 1.96186170180639"
[1] "Processing draws 2901 to 3000"
[1] "Chunk time = 1.99083688656489"
[1] "Processing draws 3001 to 3100"
[1] "Chunk time = 2.14403198162715"
[1] "Processing draws 3101 to 3200"
[1] "Chunk time = 2.03304655949275"
[1] "Processing draws 3201 to 3300"
[1] "Chunk time = 1.99375888506571"
[1] "Processing draws 3301 to 3400"
[1] "Chunk time = 2.13293117284775"
[1] "Processing draws 3401 to 3500"
[1] "Chunk time = 1.96738269726435"
[1] "Processing draws 3501 to 3600"
[1] "Chunk time = 1.96922757228216"
[1] "Processing draws 3601 to 3700"
[1] "Chunk time = 2.12257683674494"
[1] "Processing draws 3701 to 3800"
[1] "Chunk time = 1.99101251363754"
[1] "Processing draws 3801 to 3900"
[1] "Chunk time = 1.94781472285589"
[1] "Processing draws 3901 to 4000"
[1] "Chunk time = 2.12558190822601"
[1] "Processing draws 4001 to 4100"
[1] "Chunk time = 2.07543567021688"
[1] "Processing draws 4101 to 4200"
[1] "Chunk time = 1.97764079968135"
[1] "Processing draws 4201 to 4300"
[1] "Chunk time = 2.11688170433044"
[1] "Processing draws 4301 to 4400"
[1] "Chunk time = 1.98663899898529"
[1] "Processing draws 4401 to 4500"
[1] "Chunk time = 1.96953105529149"
[1] "Processing draws 4501 to 4600"
[1] "Chunk time = 2.1170171380043"
[1] "Processing draws 4601 to 4700"
[1] "Chunk time = 2.01612815856934"
[1] "Processing draws 4701 to 4800"
[1] "Chunk time = 2.01738231579463"
[1] "Processing draws 4801 to 4900"
[1] "Chunk time = 2.11650728384654"
[1] "Processing draws 4901 to 5000"
[1] "Chunk time = 1.9656661828359"
[1] "Processing draws 5001 to 5100"
[1] "Chunk time = 1.95502711137136"
[1] "Processing draws 5101 to 5200"
[1] "Chunk time = 2.12614187399546"
[1] "Processing draws 5201 to 5300"
[1] "Chunk time = 1.96639050642649"
[1] "Processing draws 5301 to 5400"
[1] "Chunk time = 1.96682749986649"
[1] "Processing draws 5401 to 5500"
[1] "Chunk time = 2.14097150961558"
[1] "Processing draws 5501 to 5600"
[1] "Chunk time = 1.98565491437912"
[1] "Processing draws 5601 to 5700"
[1] "Chunk time = 1.96333864927292"
[1] "Processing draws 5701 to 5800"
[1] "Chunk time = 2.14411393801371"
[1] "Processing draws 5801 to 5900"
[1] "Chunk time = 1.9715256969134"
[1] "Processing draws 5901 to 6000"
[1] "Chunk time = 1.98730392853419"
[1] "Processing draws 6001 to 6100"
[1] "Chunk time = 2.13603411515554"
[1] "Processing draws 6101 to 6200"
[1] "Chunk time = 2.00982979933421"
[1] "Processing draws 6201 to 6300"
[1] "Chunk time = 1.94931536118189"
[1] "Processing draws 6301 to 6400"
[1] "Chunk time = 2.12324875593185"
[1] "Processing draws 6401 to 6500"
[1] "Chunk time = 1.9736115972201"
[1] "Processing draws 6501 to 6600"
[1] "Chunk time = 1.95885454018911"
[1] "Processing draws 6601 to 6700"
[1] "Chunk time = 2.12490688562393"
[1] "Processing draws 6701 to 6800"
[1] "Chunk time = 2.0055951277415"
[1] "Processing draws 6801 to 6900"
[1] "Chunk time = 2.00833487113317"
[1] "Processing draws 6901 to 7000"
[1] "Chunk time = 2.13048036893209"
[1] "Processing draws 7001 to 7100"
[1] "Chunk time = 1.97733980019887"
[1] "Processing draws 7101 to 7200"
[1] "Chunk time = 1.99459527730942"
[1] "Processing draws 7201 to 7300"
[1] "Chunk time = 2.07314642270406"
[1] "Processing draws 7301 to 7400"
[1] "Chunk time = 1.97789821624756"
[1] "Processing draws 7401 to 7500"
[1] "Chunk time = 1.97096145153046"
[1] "Processing draws 7501 to 7600"
[1] "Chunk time = 2.08938660621643"
[1] "Processing draws 7601 to 7700"
[1] "Chunk time = 1.96704954306285"
[1] "Processing draws 7701 to 7800"
[1] "Chunk time = 1.96219255129496"
[1] "Processing draws 7801 to 7900"
[1] "Chunk time = 2.07487891515096"
[1] "Processing draws 7901 to 8000"
[1] "Chunk time = 1.97213758230209"
[1] "Processing draws 8001 to 8100"
[1] "Chunk time = 1.96980226437251"
[1] "Processing draws 8101 to 8200"
[1] "Chunk time = 2.11163707971573"
[1] "Processing draws 8201 to 8300"
[1] "Chunk time = 2.0081893603007"
[1] "Processing draws 8301 to 8400"
[1] "Chunk time = 1.99071371555328"
[1] "Processing draws 8401 to 8500"
[1] "Chunk time = 2.00711631774902"
[1] "Processing draws 8501 to 8600"
[1] "Chunk time = 1.97615780830383"
[1] "Processing draws 8601 to 8700"
[1] "Chunk time = 1.95479058424632"
[1] "Processing draws 8701 to 8800"
[1] "Chunk time = 1.99634165763855"
[1] "Processing draws 8801 to 8900"
[1] "Chunk time = 2.05149152676264"
[1] "Processing draws 8901 to 9000"
[1] "Chunk time = 2.04683742125829"
[1] "Processing draws 9001 to 9100"
[1] "Chunk time = 2.17699032227198"
[1] "Processing draws 9101 to 9200"
[1] "Chunk time = 2.04768331448237"
[1] "Processing draws 9201 to 9300"
[1] "Chunk time = 2.02465391556422"
[1] "Processing draws 9301 to 9400"
[1] "Chunk time = 2.18204147815704"
[1] "Processing draws 9401 to 9500"
[1] "Chunk time = 2.02590718269348"
[1] "Processing draws 9501 to 9600"
[1] "Chunk time = 2.07211408217748"
[1] "Processing draws 9601 to 9700"
[1] "Chunk time = 2.16526594956716"
[1] "Processing draws 9701 to 9800"
[1] "Chunk time = 2.02120405435562"
[1] "Processing draws 9801 to 9900"
[1] "Chunk time = 1.99849820931753"
[1] "Processing draws 9901 to 10000"
[1] "Chunk time = 2.15614363352458"
[1] "Processing draws 10001 to 10100"
[1] "Chunk time = 2.01605297724406"
[1] "Processing draws 10101 to 10200"
[1] "Chunk time = 2.04005126953125"
[1] "Processing draws 10201 to 10300"
[1] "Chunk time = 2.14142402013143"
[1] "Processing draws 10301 to 10400"
[1] "Chunk time = 2.04490467309952"
[1] "Processing draws 10401 to 10500"
[1] "Chunk time = 2.02369239727656"
[1] "Processing draws 10501 to 10600"
[1] "Chunk time = 2.14945805470149"
[1] "Processing draws 10601 to 10700"
[1] "Chunk time = 2.01863443056742"
[1] "Processing draws 10701 to 10800"
[1] "Chunk time = 2.01257749795914"
[1] "Processing draws 10801 to 10900"
[1] "Chunk time = 2.14086833794912"
[1] "Processing draws 10901 to 11000"
[1] "Chunk time = 2.06169964075089"
[1] "Processing draws 11001 to 11100"
[1] "Chunk time = 2.04828213453293"
[1] "Processing draws 11101 to 11200"
[1] "Chunk time = 2.14844647248586"
[1] "Processing draws 11201 to 11300"
[1] "Chunk time = 2.00638883511225"
[1] "Processing draws 11301 to 11400"
[1] "Chunk time = 2.00976898670197"
[1] "Processing draws 11401 to 11500"
[1] "Chunk time = 2.1613440990448"
[1] "Processing draws 11501 to 11600"
[1] "Chunk time = 2.01492608388265"
[1] "Processing draws 11601 to 11700"
[1] "Chunk time = 1.99396218061447"
[1] "Processing draws 11701 to 11800"
[1] "Chunk time = 2.16987827221553"
[1] "Processing draws 11801 to 11900"
[1] "Chunk time = 2.00665497382482"
[1] "Processing draws 11901 to 12000"
[1] "Chunk time = 2.02805842558543"
[1] "Processing draws 12001 to 12100"
[1] "Chunk time = 2.20189255475998"
[1] "Processing draws 12101 to 12200"
[1] "Chunk time = 2.0031275510788"
[1] "Processing draws 12201 to 12300"
[1] "Chunk time = 2.01448818445206"
[1] "Processing draws 12301 to 12400"
[1] "Chunk time = 2.15273914337158"
[1] "Processing draws 12401 to 12500"
[1] "Chunk time = 2.05438193877538"
[1] "Processing draws 12501 to 12600"
[1] "Chunk time = 2.00020544131597"
[1] "Processing draws 12601 to 12700"
[1] "Chunk time = 2.14158939520518"
[1] "Processing draws 12701 to 12800"
[1] "Chunk time = 2.01014041900635"
[1] "Processing draws 12801 to 12900"
[1] "Chunk time = 2.01527499357859"
[1] "Processing draws 12901 to 13000"
[1] "Chunk time = 2.16474003394445"
[1] "Processing draws 13001 to 13100"
[1] "Chunk time = 2.04515176216761"
[1] "Processing draws 13101 to 13200"
[1] "Chunk time = 2.05737619400024"
[1] "Processing draws 13201 to 13300"
[1] "Chunk time = 2.16530628999074"
[1] "Processing draws 13301 to 13400"
[1] "Chunk time = 2.02164644002914"
[1] "Processing draws 13401 to 13500"
[1] "Chunk time = 1.99722666740417"
[1] "Processing draws 13501 to 13600"
[1] "Chunk time = 2.16032218138377"
[1] "Processing draws 13601 to 13700"
[1] "Chunk time = 2.01464176972707"
[1] "Processing draws 13701 to 13800"
[1] "Chunk time = 2.0112230738004"
[1] "Processing draws 13801 to 13900"
[1] "Chunk time = 2.14475947618484"
[1] "Processing draws 13901 to 14000"
[1] "Chunk time = 2.01806338628133"
[1] "Processing draws 14001 to 14100"
[1] "Chunk time = 1.99290989240011"
[1] "Processing draws 14101 to 14200"
[1] "Chunk time = 2.14305206537247"
[1] "Processing draws 14201 to 14300"
[1] "Chunk time = 2.02439519166946"
[1] "Processing draws 14301 to 14400"
[1] "Chunk time = 2.04999395608902"
[1] "Processing draws 14401 to 14500"
[1] "Chunk time = 2.13842309315999"
[1] "Processing draws 14501 to 14600"
[1] "Chunk time = 2.0604989250501"
[1] "Processing draws 14601 to 14700"
[1] "Chunk time = 2.01668154795965"
[1] "Processing draws 14701 to 14800"
[1] "Chunk time = 2.15755221843719"
[1] "Processing draws 14801 to 14900"
[1] "Chunk time = 2.01714273293813"
[1] "Processing draws 14901 to 15000"
[1] "Chunk time = 1.9995517929395"
[1] "Processing draws 15001 to 15100"
[1] "Chunk time = 2.13588203191757"
[1] "Processing draws 15101 to 15200"
[1] "Chunk time = 2.0738232533137"
[1] "Processing draws 15201 to 15300"
[1] "Chunk time = 2.043867568175"
[1] "Processing draws 15301 to 15400"
[1] "Chunk time = 2.14161338806152"
[1] "Processing draws 15401 to 15500"
[1] "Chunk time = 2.02021480798721"
[1] "Processing draws 15501 to 15600"
[1] "Chunk time = 2.0152867158254"
[1] "Processing draws 15601 to 15700"
[1] "Chunk time = 2.13720956643422"
[1] "Processing draws 15701 to 15800"
[1] "Chunk time = 2.03931756814321"
[1] "Processing draws 15801 to 15900"
[1] "Chunk time = 2.05309944152832"
[1] "Processing draws 15901 to 16000"
[1] "Chunk time = 2.16573386192322"
[1] "Processing draws 16001 to 16100"
[1] "Chunk time = 2.01851900418599"
[1] "Processing draws 16101 to 16200"
[1] "Chunk time = 1.9981750369072"
[1] "Processing draws 16201 to 16300"
[1] "Chunk time = 2.14064793586731"
[1] "Processing draws 16301 to 16400"
[1] "Chunk time = 2.0205672343572"
[1] "Processing draws 16401 to 16500"
[1] "Chunk time = 2.05582623084386"
[1] "Processing draws 16501 to 16600"
[1] "Chunk time = 2.1409951766332"
[1] "Processing draws 16601 to 16700"
[1] "Chunk time = 2.05791242520014"
[1] "Processing draws 16701 to 16800"
[1] "Chunk time = 2.00304225683212"
[1] "Processing draws 16801 to 16900"
[1] "Chunk time = 2.15346907377243"
[1] "Processing draws 16901 to 17000"
[1] "Chunk time = 2.02021826108297"
[1] "Processing draws 17001 to 17100"
[1] "Chunk time = 1.99888336261113"
[1] "Processing draws 17101 to 17200"
[1] "Chunk time = 2.17022221883138"
[1] "Processing draws 17201 to 17300"
[1] "Chunk time = 2.08313692410787"
[1] "Processing draws 17301 to 17400"
[1] "Chunk time = 2.07038641373316"
[1] "Processing draws 17401 to 17500"
[1] "Chunk time = 2.14697691599528"
[1] "Processing draws 17501 to 17600"
[1] "Chunk time = 1.99711616834005"
[1] "Processing draws 17601 to 17700"
[1] "Chunk time = 1.98543209234873"
[1] "Processing draws 17701 to 17800"
[1] "Chunk time = 2.11771739323934"
[1] "Processing draws 17801 to 17900"
[1] "Chunk time = 2.00457762479782"
[1] "Processing draws 17901 to 18000"
[1] "Chunk time = 2.00188071330388"
[1] "Processing draws 18001 to 18100"
[1] "Chunk time = 2.10558100144068"
[1] "Processing draws 18101 to 18200"
[1] "Chunk time = 1.98178063631058"
[1] "Processing draws 18201 to 18300"
[1] "Chunk time = 1.95489846070608"
[1] "Processing draws 18301 to 18400"
[1] "Chunk time = 2.11163902282715"
[1] "Processing draws 18401 to 18500"
[1] "Chunk time = 1.94203218221664"
[1] "Processing draws 18501 to 18600"
[1] "Chunk time = 1.96798422733943"
[1] "Processing draws 18601 to 18700"
[1] "Chunk time = 2.07347939411799"
[1] "Processing draws 18701 to 18800"
[1] "Chunk time = 1.98822159369787"
[1] "Processing draws 18801 to 18900"
[1] "Chunk time = 1.88018308083216"
[1] "Processing draws 18901 to 19000"
[1] "Chunk time = 2.0748318473498"
[1] "Processing draws 19001 to 19100"
[1] "Chunk time = 1.91595201889674"
[1] "Processing draws 19101 to 19200"
[1] "Chunk time = 1.96793184280396"
[1] "Processing draws 19201 to 19300"
[1] "Chunk time = 2.06653371254603"
[1] "Processing draws 19301 to 19400"
[1] "Chunk time = 1.98001421689987"
[1] "Processing draws 19401 to 19500"
[1] "Chunk time = 1.9683377623558"
[1] "Processing draws 19501 to 19600"
[1] "Chunk time = 2.11103276809057"
[1] "Processing draws 19601 to 19700"
[1] "Chunk time = 1.91458434661229"
[1] "Processing draws 19701 to 19800"
[1] "Chunk time = 1.95581969022751"
[1] "Processing draws 19801 to 19900"
[1] "Chunk time = 2.07013425032298"
[1] "Processing draws 19901 to 20000"
[1] "Chunk time = 1.98002703587214"
[1] "done lapplying"
[1] "Saving current params"
[1] "Saving params to output.rds"
[1] TRUE
[1] "Time for modelling:"
[1] "2025-07-02 03:53:00 EDT"
[1] "Time for posterior computations:"
Time difference of 6.874513 hours
[1] "Total time:"
[1] "2025-07-02 10:45:28 EDT"
