[1] "Starting sampling."
Running MCMC with 4 parallel chains, with 4 thread(s) per chain...

Chain 1 Iteration:    1 / 6000 [  0%]  (Warmup) 
Chain 2 Iteration:    1 / 6000 [  0%]  (Warmup) 
Chain 3 Iteration:    1 / 6000 [  0%]  (Warmup) 
Chain 4 Iteration:    1 / 6000 [  0%]  (Warmup) 
Chain 3 Iteration:  100 / 6000 [  1%]  (Warmup) 
Chain 1 Iteration:  100 / 6000 [  1%]  (Warmup) 
Chain 4 Iteration:  100 / 6000 [  1%]  (Warmup) 
Chain 3 Iteration:  200 / 6000 [  3%]  (Warmup) 
Chain 2 Iteration:  100 / 6000 [  1%]  (Warmup) 
Chain 4 Iteration:  200 / 6000 [  3%]  (Warmup) 
Chain 1 Iteration:  200 / 6000 [  3%]  (Warmup) 
Chain 3 Iteration:  300 / 6000 [  5%]  (Warmup) 
Chain 2 Iteration:  200 / 6000 [  3%]  (Warmup) 
Chain 4 Iteration:  300 / 6000 [  5%]  (Warmup) 
Chain 3 Iteration:  400 / 6000 [  6%]  (Warmup) 
Chain 1 Iteration:  300 / 6000 [  5%]  (Warmup) 
Chain 2 Iteration:  300 / 6000 [  5%]  (Warmup) 
Chain 4 Iteration:  400 / 6000 [  6%]  (Warmup) 
Chain 3 Iteration:  500 / 6000 [  8%]  (Warmup) 
Chain 1 Iteration:  400 / 6000 [  6%]  (Warmup) 
Chain 2 Iteration:  400 / 6000 [  6%]  (Warmup) 
Chain 3 Iteration:  600 / 6000 [ 10%]  (Warmup) 
Chain 4 Iteration:  500 / 6000 [  8%]  (Warmup) 
Chain 1 Iteration:  500 / 6000 [  8%]  (Warmup) 
Chain 2 Iteration:  500 / 6000 [  8%]  (Warmup) 
Chain 3 Iteration:  700 / 6000 [ 11%]  (Warmup) 
Chain 4 Iteration:  600 / 6000 [ 10%]  (Warmup) 
Chain 1 Iteration:  600 / 6000 [ 10%]  (Warmup) 
Chain 2 Iteration:  600 / 6000 [ 10%]  (Warmup) 
Chain 3 Iteration:  800 / 6000 [ 13%]  (Warmup) 
Chain 4 Iteration:  700 / 6000 [ 11%]  (Warmup) 
Chain 1 Iteration:  700 / 6000 [ 11%]  (Warmup) 
Chain 2 Iteration:  700 / 6000 [ 11%]  (Warmup) 
Chain 3 Iteration:  900 / 6000 [ 15%]  (Warmup) 
Chain 4 Iteration:  800 / 6000 [ 13%]  (Warmup) 
Chain 1 Iteration:  800 / 6000 [ 13%]  (Warmup) 
Chain 2 Iteration:  800 / 6000 [ 13%]  (Warmup) 
Chain 3 Iteration: 1000 / 6000 [ 16%]  (Warmup) 
Chain 3 Iteration: 1001 / 6000 [ 16%]  (Sampling) 
Chain 4 Iteration:  900 / 6000 [ 15%]  (Warmup) 
Chain 2 Iteration:  900 / 6000 [ 15%]  (Warmup) 
Chain 1 Iteration:  900 / 6000 [ 15%]  (Warmup) 
Chain 3 Iteration: 1100 / 6000 [ 18%]  (Sampling) 
Chain 4 Iteration: 1000 / 6000 [ 16%]  (Warmup) 
Chain 4 Iteration: 1001 / 6000 [ 16%]  (Sampling) 
Chain 1 Iteration: 1000 / 6000 [ 16%]  (Warmup) 
Chain 1 Iteration: 1001 / 6000 [ 16%]  (Sampling) 
Chain 2 Iteration: 1000 / 6000 [ 16%]  (Warmup) 
Chain 2 Iteration: 1001 / 6000 [ 16%]  (Sampling) 
Chain 3 Iteration: 1200 / 6000 [ 20%]  (Sampling) 
Chain 4 Iteration: 1100 / 6000 [ 18%]  (Sampling) 
Chain 1 Iteration: 1100 / 6000 [ 18%]  (Sampling) 
Chain 2 Iteration: 1100 / 6000 [ 18%]  (Sampling) 
Chain 3 Iteration: 1300 / 6000 [ 21%]  (Sampling) 
Chain 4 Iteration: 1200 / 6000 [ 20%]  (Sampling) 
Chain 2 Iteration: 1200 / 6000 [ 20%]  (Sampling) 
Chain 1 Iteration: 1200 / 6000 [ 20%]  (Sampling) 
Chain 3 Iteration: 1400 / 6000 [ 23%]  (Sampling) 
Chain 4 Iteration: 1300 / 6000 [ 21%]  (Sampling) 
Chain 2 Iteration: 1300 / 6000 [ 21%]  (Sampling) 
Chain 1 Iteration: 1300 / 6000 [ 21%]  (Sampling) 
Chain 3 Iteration: 1500 / 6000 [ 25%]  (Sampling) 
Chain 4 Iteration: 1400 / 6000 [ 23%]  (Sampling) 
Chain 2 Iteration: 1400 / 6000 [ 23%]  (Sampling) 
Chain 1 Iteration: 1400 / 6000 [ 23%]  (Sampling) 
Chain 3 Iteration: 1600 / 6000 [ 26%]  (Sampling) 
Chain 4 Iteration: 1500 / 6000 [ 25%]  (Sampling) 
Chain 2 Iteration: 1500 / 6000 [ 25%]  (Sampling) 
Chain 1 Iteration: 1500 / 6000 [ 25%]  (Sampling) 
Chain 3 Iteration: 1700 / 6000 [ 28%]  (Sampling) 
Chain 4 Iteration: 1600 / 6000 [ 26%]  (Sampling) 
Chain 2 Iteration: 1600 / 6000 [ 26%]  (Sampling) 
Chain 1 Iteration: 1600 / 6000 [ 26%]  (Sampling) 
Chain 3 Iteration: 1800 / 6000 [ 30%]  (Sampling) 
Chain 4 Iteration: 1700 / 6000 [ 28%]  (Sampling) 
Chain 2 Iteration: 1700 / 6000 [ 28%]  (Sampling) 
Chain 1 Iteration: 1700 / 6000 [ 28%]  (Sampling) 
Chain 3 Iteration: 1900 / 6000 [ 31%]  (Sampling) 
Chain 4 Iteration: 1800 / 6000 [ 30%]  (Sampling) 
Chain 2 Iteration: 1800 / 6000 [ 30%]  (Sampling) 
Chain 1 Iteration: 1800 / 6000 [ 30%]  (Sampling) 
Chain 3 Iteration: 2000 / 6000 [ 33%]  (Sampling) 
Chain 2 Iteration: 1900 / 6000 [ 31%]  (Sampling) 
Chain 4 Iteration: 1900 / 6000 [ 31%]  (Sampling) 
Chain 1 Iteration: 1900 / 6000 [ 31%]  (Sampling) 
Chain 3 Iteration: 2100 / 6000 [ 35%]  (Sampling) 
Chain 2 Iteration: 2000 / 6000 [ 33%]  (Sampling) 
Chain 4 Iteration: 2000 / 6000 [ 33%]  (Sampling) 
Chain 1 Iteration: 2000 / 6000 [ 33%]  (Sampling) 
Chain 3 Iteration: 2200 / 6000 [ 36%]  (Sampling) 
Chain 2 Iteration: 2100 / 6000 [ 35%]  (Sampling) 
Chain 4 Iteration: 2100 / 6000 [ 35%]  (Sampling) 
Chain 1 Iteration: 2100 / 6000 [ 35%]  (Sampling) 
Chain 3 Iteration: 2300 / 6000 [ 38%]  (Sampling) 
Chain 2 Iteration: 2200 / 6000 [ 36%]  (Sampling) 
Chain 4 Iteration: 2200 / 6000 [ 36%]  (Sampling) 
Chain 1 Iteration: 2200 / 6000 [ 36%]  (Sampling) 
Chain 3 Iteration: 2400 / 6000 [ 40%]  (Sampling) 
Chain 2 Iteration: 2300 / 6000 [ 38%]  (Sampling) 
Chain 4 Iteration: 2300 / 6000 [ 38%]  (Sampling) 
Chain 1 Iteration: 2300 / 6000 [ 38%]  (Sampling) 
Chain 3 Iteration: 2500 / 6000 [ 41%]  (Sampling) 
Chain 2 Iteration: 2400 / 6000 [ 40%]  (Sampling) 
Chain 4 Iteration: 2400 / 6000 [ 40%]  (Sampling) 
Chain 1 Iteration: 2400 / 6000 [ 40%]  (Sampling) 
Chain 3 Iteration: 2600 / 6000 [ 43%]  (Sampling) 
Chain 2 Iteration: 2500 / 6000 [ 41%]  (Sampling) 
Chain 4 Iteration: 2500 / 6000 [ 41%]  (Sampling) 
Chain 1 Iteration: 2500 / 6000 [ 41%]  (Sampling) 
Chain 3 Iteration: 2700 / 6000 [ 45%]  (Sampling) 
Chain 2 Iteration: 2600 / 6000 [ 43%]  (Sampling) 
Chain 4 Iteration: 2600 / 6000 [ 43%]  (Sampling) 
Chain 1 Iteration: 2600 / 6000 [ 43%]  (Sampling) 
Chain 3 Iteration: 2800 / 6000 [ 46%]  (Sampling) 
Chain 2 Iteration: 2700 / 6000 [ 45%]  (Sampling) 
Chain 4 Iteration: 2700 / 6000 [ 45%]  (Sampling) 
Chain 1 Iteration: 2700 / 6000 [ 45%]  (Sampling) 
Chain 3 Iteration: 2900 / 6000 [ 48%]  (Sampling) 
Chain 2 Iteration: 2800 / 6000 [ 46%]  (Sampling) 
Chain 4 Iteration: 2800 / 6000 [ 46%]  (Sampling) 
Chain 1 Iteration: 2800 / 6000 [ 46%]  (Sampling) 
Chain 3 Iteration: 3000 / 6000 [ 50%]  (Sampling) 
Chain 2 Iteration: 2900 / 6000 [ 48%]  (Sampling) 
Chain 4 Iteration: 2900 / 6000 [ 48%]  (Sampling) 
Chain 3 Iteration: 3100 / 6000 [ 51%]  (Sampling) 
Chain 1 Iteration: 2900 / 6000 [ 48%]  (Sampling) 
Chain 2 Iteration: 3000 / 6000 [ 50%]  (Sampling) 
Chain 4 Iteration: 3000 / 6000 [ 50%]  (Sampling) 
Chain 3 Iteration: 3200 / 6000 [ 53%]  (Sampling) 
Chain 1 Iteration: 3000 / 6000 [ 50%]  (Sampling) 
Chain 2 Iteration: 3100 / 6000 [ 51%]  (Sampling) 
Chain 4 Iteration: 3100 / 6000 [ 51%]  (Sampling) 
Chain 3 Iteration: 3300 / 6000 [ 55%]  (Sampling) 
Chain 1 Iteration: 3100 / 6000 [ 51%]  (Sampling) 
Chain 2 Iteration: 3200 / 6000 [ 53%]  (Sampling) 
Chain 4 Iteration: 3200 / 6000 [ 53%]  (Sampling) 
Chain 3 Iteration: 3400 / 6000 [ 56%]  (Sampling) 
Chain 1 Iteration: 3200 / 6000 [ 53%]  (Sampling) 
Chain 2 Iteration: 3300 / 6000 [ 55%]  (Sampling) 
Chain 4 Iteration: 3300 / 6000 [ 55%]  (Sampling) 
Chain 3 Iteration: 3500 / 6000 [ 58%]  (Sampling) 
Chain 1 Iteration: 3300 / 6000 [ 55%]  (Sampling) 
Chain 2 Iteration: 3400 / 6000 [ 56%]  (Sampling) 
Chain 4 Iteration: 3400 / 6000 [ 56%]  (Sampling) 
Chain 3 Iteration: 3600 / 6000 [ 60%]  (Sampling) 
Chain 1 Iteration: 3400 / 6000 [ 56%]  (Sampling) 
Chain 2 Iteration: 3500 / 6000 [ 58%]  (Sampling) 
Chain 4 Iteration: 3500 / 6000 [ 58%]  (Sampling) 
Chain 3 Iteration: 3700 / 6000 [ 61%]  (Sampling) 
Chain 1 Iteration: 3500 / 6000 [ 58%]  (Sampling) 
Chain 2 Iteration: 3600 / 6000 [ 60%]  (Sampling) 
Chain 3 Iteration: 3800 / 6000 [ 63%]  (Sampling) 
Chain 4 Iteration: 3600 / 6000 [ 60%]  (Sampling) 
Chain 1 Iteration: 3600 / 6000 [ 60%]  (Sampling) 
Chain 2 Iteration: 3700 / 6000 [ 61%]  (Sampling) 
Chain 3 Iteration: 3900 / 6000 [ 65%]  (Sampling) 
Chain 4 Iteration: 3700 / 6000 [ 61%]  (Sampling) 
Chain 1 Iteration: 3700 / 6000 [ 61%]  (Sampling) 
Chain 2 Iteration: 3800 / 6000 [ 63%]  (Sampling) 
Chain 3 Iteration: 4000 / 6000 [ 66%]  (Sampling) 
Chain 4 Iteration: 3800 / 6000 [ 63%]  (Sampling) 
Chain 1 Iteration: 3800 / 6000 [ 63%]  (Sampling) 
Chain 2 Iteration: 3900 / 6000 [ 65%]  (Sampling) 
Chain 3 Iteration: 4100 / 6000 [ 68%]  (Sampling) 
Chain 4 Iteration: 3900 / 6000 [ 65%]  (Sampling) 
Chain 1 Iteration: 3900 / 6000 [ 65%]  (Sampling) 
Chain 2 Iteration: 4000 / 6000 [ 66%]  (Sampling) 
Chain 3 Iteration: 4200 / 6000 [ 70%]  (Sampling) 
Chain 4 Iteration: 4000 / 6000 [ 66%]  (Sampling) 
Chain 1 Iteration: 4000 / 6000 [ 66%]  (Sampling) 
Chain 2 Iteration: 4100 / 6000 [ 68%]  (Sampling) 
Chain 3 Iteration: 4300 / 6000 [ 71%]  (Sampling) 
Chain 4 Iteration: 4100 / 6000 [ 68%]  (Sampling) 
Chain 1 Iteration: 4100 / 6000 [ 68%]  (Sampling) 
Chain 2 Iteration: 4200 / 6000 [ 70%]  (Sampling) 
Chain 3 Iteration: 4400 / 6000 [ 73%]  (Sampling) 
Chain 4 Iteration: 4200 / 6000 [ 70%]  (Sampling) 
Chain 1 Iteration: 4200 / 6000 [ 70%]  (Sampling) 
Chain 2 Iteration: 4300 / 6000 [ 71%]  (Sampling) 
Chain 3 Iteration: 4500 / 6000 [ 75%]  (Sampling) 
Chain 4 Iteration: 4300 / 6000 [ 71%]  (Sampling) 
Chain 1 Iteration: 4300 / 6000 [ 71%]  (Sampling) 
Chain 2 Iteration: 4400 / 6000 [ 73%]  (Sampling) 
Chain 3 Iteration: 4600 / 6000 [ 76%]  (Sampling) 
Chain 4 Iteration: 4400 / 6000 [ 73%]  (Sampling) 
Chain 1 Iteration: 4400 / 6000 [ 73%]  (Sampling) 
Chain 2 Iteration: 4500 / 6000 [ 75%]  (Sampling) 
Chain 3 Iteration: 4700 / 6000 [ 78%]  (Sampling) 
Chain 4 Iteration: 4500 / 6000 [ 75%]  (Sampling) 
Chain 2 Iteration: 4600 / 6000 [ 76%]  (Sampling) 
Chain 1 Iteration: 4500 / 6000 [ 75%]  (Sampling) 
Chain 3 Iteration: 4800 / 6000 [ 80%]  (Sampling) 
Chain 4 Iteration: 4600 / 6000 [ 76%]  (Sampling) 
Chain 2 Iteration: 4700 / 6000 [ 78%]  (Sampling) 
Chain 1 Iteration: 4600 / 6000 [ 76%]  (Sampling) 
Chain 3 Iteration: 4900 / 6000 [ 81%]  (Sampling) 
Chain 4 Iteration: 4700 / 6000 [ 78%]  (Sampling) 
Chain 2 Iteration: 4800 / 6000 [ 80%]  (Sampling) 
Chain 1 Iteration: 4700 / 6000 [ 78%]  (Sampling) 
Chain 3 Iteration: 5000 / 6000 [ 83%]  (Sampling) 
Chain 4 Iteration: 4800 / 6000 [ 80%]  (Sampling) 
Chain 2 Iteration: 4900 / 6000 [ 81%]  (Sampling) 
Chain 1 Iteration: 4800 / 6000 [ 80%]  (Sampling) 
Chain 3 Iteration: 5100 / 6000 [ 85%]  (Sampling) 
Chain 4 Iteration: 4900 / 6000 [ 81%]  (Sampling) 
Chain 2 Iteration: 5000 / 6000 [ 83%]  (Sampling) 
Chain 1 Iteration: 4900 / 6000 [ 81%]  (Sampling) 
Chain 3 Iteration: 5200 / 6000 [ 86%]  (Sampling) 
Chain 4 Iteration: 5000 / 6000 [ 83%]  (Sampling) 
Chain 2 Iteration: 5100 / 6000 [ 85%]  (Sampling) 
Chain 1 Iteration: 5000 / 6000 [ 83%]  (Sampling) 
Chain 3 Iteration: 5300 / 6000 [ 88%]  (Sampling) 
Chain 4 Iteration: 5100 / 6000 [ 85%]  (Sampling) 
Chain 2 Iteration: 5200 / 6000 [ 86%]  (Sampling) 
Chain 1 Iteration: 5100 / 6000 [ 85%]  (Sampling) 
Chain 3 Iteration: 5400 / 6000 [ 90%]  (Sampling) 
Chain 4 Iteration: 5200 / 6000 [ 86%]  (Sampling) 
Chain 2 Iteration: 5300 / 6000 [ 88%]  (Sampling) 
Chain 1 Iteration: 5200 / 6000 [ 86%]  (Sampling) 
Chain 3 Iteration: 5500 / 6000 [ 91%]  (Sampling) 
Chain 4 Iteration: 5300 / 6000 [ 88%]  (Sampling) 
Chain 2 Iteration: 5400 / 6000 [ 90%]  (Sampling) 
Chain 1 Iteration: 5300 / 6000 [ 88%]  (Sampling) 
Chain 3 Iteration: 5600 / 6000 [ 93%]  (Sampling) 
Chain 4 Iteration: 5400 / 6000 [ 90%]  (Sampling) 
Chain 2 Iteration: 5500 / 6000 [ 91%]  (Sampling) 
Chain 1 Iteration: 5400 / 6000 [ 90%]  (Sampling) 
Chain 3 Iteration: 5700 / 6000 [ 95%]  (Sampling) 
Chain 4 Iteration: 5500 / 6000 [ 91%]  (Sampling) 
Chain 2 Iteration: 5600 / 6000 [ 93%]  (Sampling) 
Chain 1 Iteration: 5500 / 6000 [ 91%]  (Sampling) 
Chain 3 Iteration: 5800 / 6000 [ 96%]  (Sampling) 
Chain 4 Iteration: 5600 / 6000 [ 93%]  (Sampling) 
Chain 2 Iteration: 5700 / 6000 [ 95%]  (Sampling) 
Chain 1 Iteration: 5600 / 6000 [ 93%]  (Sampling) 
Chain 3 Iteration: 5900 / 6000 [ 98%]  (Sampling) 
Chain 4 Iteration: 5700 / 6000 [ 95%]  (Sampling) 
Chain 2 Iteration: 5800 / 6000 [ 96%]  (Sampling) 
Chain 1 Iteration: 5700 / 6000 [ 95%]  (Sampling) 
Chain 3 Iteration: 6000 / 6000 [100%]  (Sampling) 
Chain 3 finished in 1086.8 seconds.
Chain 4 Iteration: 5800 / 6000 [ 96%]  (Sampling) 
Chain 2 Iteration: 5900 / 6000 [ 98%]  (Sampling) 
Chain 1 Iteration: 5800 / 6000 [ 96%]  (Sampling) 
Chain 4 Iteration: 5900 / 6000 [ 98%]  (Sampling) 
Chain 2 Iteration: 6000 / 6000 [100%]  (Sampling) 
Chain 2 finished in 1102.5 seconds.
Chain 1 Iteration: 5900 / 6000 [ 98%]  (Sampling) 
Chain 4 Iteration: 6000 / 6000 [100%]  (Sampling) 
Chain 4 finished in 1117.5 seconds.
Chain 1 Iteration: 6000 / 6000 [100%]  (Sampling) 
Chain 1 finished in 1122.5 seconds.

All 4 chains finished successfully.
Mean chain execution time: 1107.3 seconds.
Total execution time: 1122.8 seconds.

[1] "Processing draws 1 to 100"
[1] "Chunk time = 1.16530819733938"
[1] "Processing draws 101 to 200"
[1] "Chunk time = 26.039707660675"
[1] "Processing draws 201 to 300"
[1] "Chunk time = 25.5350832939148"
[1] "Processing draws 301 to 400"
[1] "Chunk time = 25.4104518890381"
[1] "Processing draws 401 to 500"
[1] "Chunk time = 25.3886907100677"
[1] "Processing draws 501 to 600"
[1] "Chunk time = 24.4371058940887"
[1] "Processing draws 601 to 700"
[1] "Chunk time = 26.9049670696259"
[1] "Processing draws 701 to 800"
[1] "Chunk time = 24.8667299747467"
[1] "Processing draws 801 to 900"
[1] "Chunk time = 24.8761439323425"
[1] "Processing draws 901 to 1000"
[1] "Chunk time = 24.4845595359802"
[1] "Processing draws 1001 to 1100"
[1] "Chunk time = 24.4405288696289"
[1] "Processing draws 1101 to 1200"
[1] "Chunk time = 24.2391679286957"
[1] "Processing draws 1201 to 1300"
[1] "Chunk time = 24.6418883800507"
[1] "Processing draws 1301 to 1400"
[1] "Chunk time = 24.1823680400848"
[1] "Processing draws 1401 to 1500"
[1] "Chunk time = 24.590217590332"
[1] "Processing draws 1501 to 1600"
[1] "Chunk time = 23.9691307544708"
[1] "Processing draws 1601 to 1700"
[1] "Chunk time = 24.0626492500305"
[1] "Processing draws 1701 to 1800"
[1] "Chunk time = 24.4383163452148"
[1] "Processing draws 1801 to 1900"
[1] "Chunk time = 24.6435124874115"
[1] "Processing draws 1901 to 2000"
[1] "Chunk time = 24.5017371177673"
[1] "Processing draws 2001 to 2100"
[1] "Chunk time = 24.3384110927582"
[1] "Processing draws 2101 to 2200"
[1] "Chunk time = 24.4812910556793"
[1] "Processing draws 2201 to 2300"
[1] "Chunk time = 24.2577900886536"
[1] "Processing draws 2301 to 2400"
[1] "Chunk time = 24.4179906845093"
[1] "Processing draws 2401 to 2500"
[1] "Chunk time = 24.4057800769806"
[1] "Processing draws 2501 to 2600"
[1] "Chunk time = 24.7247557640076"
[1] "Processing draws 2601 to 2700"
[1] "Chunk time = 24.3005185127258"
[1] "Processing draws 2701 to 2800"
[1] "Chunk time = 24.6581332683563"
[1] "Processing draws 2801 to 2900"
[1] "Chunk time = 25.3244235515594"
[1] "Processing draws 2901 to 3000"
[1] "Chunk time = 24.4115765094757"
[1] "Processing draws 3001 to 3100"
[1] "Chunk time = 24.6054363250732"
[1] "Processing draws 3101 to 3200"
[1] "Chunk time = 24.9513120651245"
[1] "Processing draws 3201 to 3300"
[1] "Chunk time = 24.6539583206177"
[1] "Processing draws 3301 to 3400"
[1] "Chunk time = 24.409060716629"
[1] "Processing draws 3401 to 3500"
[1] "Chunk time = 24.5978128910065"
[1] "Processing draws 3501 to 3600"
[1] "Chunk time = 24.29412150383"
[1] "Processing draws 3601 to 3700"
[1] "Chunk time = 24.3313891887665"
[1] "Processing draws 3701 to 3800"
[1] "Chunk time = 23.9942104816437"
[1] "Processing draws 3801 to 3900"
[1] "Chunk time = 24.1172618865967"
[1] "Processing draws 3901 to 4000"
[1] "Chunk time = 24.3473942279816"
[1] "Processing draws 4001 to 4100"
[1] "Chunk time = 24.2697341442108"
[1] "Processing draws 4101 to 4200"
[1] "Chunk time = 24.320995092392"
[1] "Processing draws 4201 to 4300"
[1] "Chunk time = 24.0511829853058"
[1] "Processing draws 4301 to 4400"
[1] "Chunk time = 24.8844699859619"
[1] "Processing draws 4401 to 4500"
[1] "Chunk time = 24.4357662200928"
[1] "Processing draws 4501 to 4600"
[1] "Chunk time = 24.4464552402496"
[1] "Processing draws 4601 to 4700"
[1] "Chunk time = 24.8528792858124"
[1] "Processing draws 4701 to 4800"
[1] "Chunk time = 24.7095770835876"
[1] "Processing draws 4801 to 4900"
[1] "Chunk time = 24.3872685432434"
[1] "Processing draws 4901 to 5000"
[1] "Chunk time = 24.4680690765381"
[1] "Processing draws 5001 to 5100"
[1] "Chunk time = 24.6496889591217"
[1] "Processing draws 5101 to 5200"
[1] "Chunk time = 24.4126932621002"
[1] "Processing draws 5201 to 5300"
[1] "Chunk time = 25.020272731781"
[1] "Processing draws 5301 to 5400"
[1] "Chunk time = 24.669394493103"
[1] "Processing draws 5401 to 5500"
[1] "Chunk time = 25.2925534248352"
[1] "Processing draws 5501 to 5600"
[1] "Chunk time = 24.8104257583618"
[1] "Processing draws 5601 to 5700"
[1] "Chunk time = 25.0626287460327"
[1] "Processing draws 5701 to 5800"
[1] "Chunk time = 24.9239373207092"
[1] "Processing draws 5801 to 5900"
[1] "Chunk time = 25.4394776821136"
[1] "Processing draws 5901 to 6000"
[1] "Chunk time = 24.5702295303345"
[1] "Processing draws 6001 to 6100"
[1] "Chunk time = 24.5566663742065"
[1] "Processing draws 6101 to 6200"
[1] "Chunk time = 24.8263268470764"
[1] "Processing draws 6201 to 6300"
[1] "Chunk time = 24.7177255153656"
[1] "Processing draws 6301 to 6400"
[1] "Chunk time = 24.4146156311035"
[1] "Processing draws 6401 to 6500"
[1] "Chunk time = 24.2867257595062"
[1] "Processing draws 6501 to 6600"
[1] "Chunk time = 24.3852915763855"
[1] "Processing draws 6601 to 6700"
[1] "Chunk time = 24.0531675815582"
[1] "Processing draws 6701 to 6800"
[1] "Chunk time = 24.2846531867981"
[1] "Processing draws 6801 to 6900"
[1] "Chunk time = 24.7372133731842"
[1] "Processing draws 6901 to 7000"
[1] "Chunk time = 25.0650458335876"
[1] "Processing draws 7001 to 7100"
[1] "Chunk time = 24.6988418102264"
[1] "Processing draws 7101 to 7200"
[1] "Chunk time = 24.9121890068054"
[1] "Processing draws 7201 to 7300"
[1] "Chunk time = 25.158195734024"
[1] "Processing draws 7301 to 7400"
[1] "Chunk time = 24.9745819568634"
[1] "Processing draws 7401 to 7500"
[1] "Chunk time = 24.7989792823792"
[1] "Processing draws 7501 to 7600"
[1] "Chunk time = 25.0091042518616"
[1] "Processing draws 7601 to 7700"
[1] "Chunk time = 25.0574085712433"
[1] "Processing draws 7701 to 7800"
[1] "Chunk time = 24.8576428890228"
[1] "Processing draws 7801 to 7900"
[1] "Chunk time = 25.4337766170502"
[1] "Processing draws 7901 to 8000"
[1] "Chunk time = 24.9143970012665"
[1] "Processing draws 8001 to 8100"
[1] "Chunk time = 25.357935667038"
[1] "Processing draws 8101 to 8200"
[1] "Chunk time = 24.9626874923706"
[1] "Processing draws 8201 to 8300"
[1] "Chunk time = 24.8171849250793"
[1] "Processing draws 8301 to 8400"
[1] "Chunk time = 25.222475528717"
[1] "Processing draws 8401 to 8500"
[1] "Chunk time = 25.1200344562531"
[1] "Processing draws 8501 to 8600"
[1] "Chunk time = 24.8062229156494"
[1] "Processing draws 8601 to 8700"
[1] "Chunk time = 24.4206118583679"
[1] "Processing draws 8701 to 8800"
[1] "Chunk time = 24.7979531288147"
[1] "Processing draws 8801 to 8900"
[1] "Chunk time = 25.2041931152344"
[1] "Processing draws 8901 to 9000"
[1] "Chunk time = 25.2151215076447"
[1] "Processing draws 9001 to 9100"
[1] "Chunk time = 24.871399641037"
[1] "Processing draws 9101 to 9200"
[1] "Chunk time = 24.989328622818"
[1] "Processing draws 9201 to 9300"
[1] "Chunk time = 24.909458398819"
[1] "Processing draws 9301 to 9400"
[1] "Chunk time = 24.7155139446259"
[1] "Processing draws 9401 to 9500"
[1] "Chunk time = 24.784193277359"
[1] "Processing draws 9501 to 9600"
[1] "Chunk time = 24.8313882350922"
[1] "Processing draws 9601 to 9700"
[1] "Chunk time = 24.8239431381226"
[1] "Processing draws 9701 to 9800"
[1] "Chunk time = 24.5743088722229"
[1] "Processing draws 9801 to 9900"
[1] "Chunk time = 24.9456479549408"
[1] "Processing draws 9901 to 10000"
[1] "Chunk time = 24.8428666591644"
[1] "Processing draws 10001 to 10100"
[1] "Chunk time = 24.8525764942169"
[1] "Processing draws 10101 to 10200"
[1] "Chunk time = 25.0278949737549"
[1] "Processing draws 10201 to 10300"
[1] "Chunk time = 25.0752210617065"
[1] "Processing draws 10301 to 10400"
[1] "Chunk time = 24.7468109130859"
[1] "Processing draws 10401 to 10500"
[1] "Chunk time = 24.8829472064972"
[1] "Processing draws 10501 to 10600"
[1] "Chunk time = 25.113525390625"
[1] "Processing draws 10601 to 10700"
[1] "Chunk time = 25.1166937351227"
[1] "Processing draws 10701 to 10800"
[1] "Chunk time = 25.5906643867493"
[1] "Processing draws 10801 to 10900"
[1] "Chunk time = 25.3264987468719"
[1] "Processing draws 10901 to 11000"
[1] "Chunk time = 26.1940219402313"
[1] "Processing draws 11001 to 11100"
[1] "Chunk time = 25.5892071723938"
[1] "Processing draws 11101 to 11200"
[1] "Chunk time = 25.7798252105713"
[1] "Processing draws 11201 to 11300"
[1] "Chunk time = 25.3704304695129"
[1] "Processing draws 11301 to 11400"
[1] "Chunk time = 25.7144041061401"
[1] "Processing draws 11401 to 11500"
[1] "Chunk time = 25.7747220993042"
[1] "Processing draws 11501 to 11600"
[1] "Chunk time = 26.0742602348328"
[1] "Processing draws 11601 to 11700"
[1] "Chunk time = 25.9819767475128"
[1] "Processing draws 11701 to 11800"
[1] "Chunk time = 25.1482207775116"
[1] "Processing draws 11801 to 11900"
[1] "Chunk time = 24.8018956184387"
[1] "Processing draws 11901 to 12000"
[1] "Chunk time = 24.6224503517151"
[1] "Processing draws 12001 to 12100"
[1] "Chunk time = 25.4913575649261"
[1] "Processing draws 12101 to 12200"
[1] "Chunk time = 24.5115928649902"
[1] "Processing draws 12201 to 12300"
[1] "Chunk time = 24.7103159427643"
[1] "Processing draws 12301 to 12400"
[1] "Chunk time = 24.6536331176758"
[1] "Processing draws 12401 to 12500"
[1] "Chunk time = 24.9850738048553"
[1] "Processing draws 12501 to 12600"
[1] "Chunk time = 24.5649890899658"
[1] "Processing draws 12601 to 12700"
[1] "Chunk time = 24.868595123291"
[1] "Processing draws 12701 to 12800"
[1] "Chunk time = 24.8945667743683"
[1] "Processing draws 12801 to 12900"
[1] "Chunk time = 24.7793128490448"
[1] "Processing draws 12901 to 13000"
[1] "Chunk time = 24.9581871032715"
[1] "Processing draws 13001 to 13100"
[1] "Chunk time = 24.6806395053864"
[1] "Processing draws 13101 to 13200"
[1] "Chunk time = 25.7932286262512"
[1] "Processing draws 13201 to 13300"
[1] "Chunk time = 25.8527908325195"
[1] "Processing draws 13301 to 13400"
[1] "Chunk time = 25.7442305088043"
[1] "Processing draws 13401 to 13500"
[1] "Chunk time = 25.5389213562012"
[1] "Processing draws 13501 to 13600"
[1] "Chunk time = 26.3006329536438"
[1] "Processing draws 13601 to 13700"
[1] "Chunk time = 25.6781296730042"
[1] "Processing draws 13701 to 13800"
[1] "Chunk time = 25.3648862838745"
[1] "Processing draws 13801 to 13900"
[1] "Chunk time = 25.7249524593353"
[1] "Processing draws 13901 to 14000"
[1] "Chunk time = 25.6264696121216"
[1] "Processing draws 14001 to 14100"
[1] "Chunk time = 25.6161639690399"
[1] "Processing draws 14101 to 14200"
[1] "Chunk time = 25.3518197536469"
[1] "Processing draws 14201 to 14300"
[1] "Chunk time = 25.7496247291565"
[1] "Processing draws 14301 to 14400"
[1] "Chunk time = 25.293035030365"
[1] "Processing draws 14401 to 14500"
[1] "Chunk time = 25.6339402198792"
[1] "Processing draws 14501 to 14600"
[1] "Chunk time = 25.0353834629059"
[1] "Processing draws 14601 to 14700"
[1] "Chunk time = 25.3974115848541"
[1] "Processing draws 14701 to 14800"
[1] "Chunk time = 25.1220002174377"
[1] "Processing draws 14801 to 14900"
[1] "Chunk time = 25.1538593769073"
[1] "Processing draws 14901 to 15000"
[1] "Chunk time = 25.0543067455292"
[1] "Processing draws 15001 to 15100"
[1] "Chunk time = 25.3538534641266"
[1] "Processing draws 15101 to 15200"
[1] "Chunk time = 25.3825027942657"
[1] "Processing draws 15201 to 15300"
[1] "Chunk time = 25.1606466770172"
[1] "Processing draws 15301 to 15400"
[1] "Chunk time = 25.9524939060211"
[1] "Processing draws 15401 to 15500"
[1] "Chunk time = 25.2594842910767"
[1] "Processing draws 15501 to 15600"
[1] "Chunk time = 25.5574386119843"
[1] "Processing draws 15601 to 15700"
[1] "Chunk time = 25.4047803878784"
[1] "Processing draws 15701 to 15800"
[1] "Chunk time = 25.7167751789093"
[1] "Processing draws 15801 to 15900"
[1] "Chunk time = 25.0484590530396"
[1] "Processing draws 15901 to 16000"
[1] "Chunk time = 24.8787038326263"
[1] "Processing draws 16001 to 16100"
[1] "Chunk time = 25.0391409397125"
[1] "Processing draws 16101 to 16200"
[1] "Chunk time = 25.040611743927"
[1] "Processing draws 16201 to 16300"
[1] "Chunk time = 25.1030313968658"
[1] "Processing draws 16301 to 16400"
[1] "Chunk time = 24.7729403972626"
[1] "Processing draws 16401 to 16500"
[1] "Chunk time = 25.3316383361816"
[1] "Processing draws 16501 to 16600"
[1] "Chunk time = 25.1657853126526"
[1] "Processing draws 16601 to 16700"
[1] "Chunk time = 24.9003322124481"
[1] "Processing draws 16701 to 16800"
[1] "Chunk time = 25.1882150173187"
[1] "Processing draws 16801 to 16900"
[1] "Chunk time = 24.9953458309174"
[1] "Processing draws 16901 to 17000"
[1] "Chunk time = 24.6680595874786"
[1] "Processing draws 17001 to 17100"
[1] "Chunk time = 25.201878786087"
[1] "Processing draws 17101 to 17200"
[1] "Chunk time = 25.1706392765045"
[1] "Processing draws 17201 to 17300"
[1] "Chunk time = 24.5957388877869"
[1] "Processing draws 17301 to 17400"
[1] "Chunk time = 24.3083577156067"
[1] "Processing draws 17401 to 17500"
[1] "Chunk time = 24.6729390621185"
[1] "Processing draws 17501 to 17600"
[1] "Chunk time = 24.2498092651367"
[1] "Processing draws 17601 to 17700"
[1] "Chunk time = 24.3971152305603"
[1] "Processing draws 17701 to 17800"
[1] "Chunk time = 24.7989366054535"
[1] "Processing draws 17801 to 17900"
[1] "Chunk time = 24.5335466861725"
[1] "Processing draws 17901 to 18000"
[1] "Chunk time = 24.5150964260101"
[1] "Processing draws 18001 to 18100"
[1] "Chunk time = 24.7285070419312"
[1] "Processing draws 18101 to 18200"
[1] "Chunk time = 24.4288837909698"
[1] "Processing draws 18201 to 18300"
[1] "Chunk time = 24.3024752140045"
[1] "Processing draws 18301 to 18400"
[1] "Chunk time = 25.0309953689575"
[1] "Processing draws 18401 to 18500"
[1] "Chunk time = 24.3651864528656"
[1] "Processing draws 18501 to 18600"
[1] "Chunk time = 24.5013191699982"
[1] "Processing draws 18601 to 18700"
[1] "Chunk time = 25.122433423996"
[1] "Processing draws 18701 to 18800"
[1] "Chunk time = 24.457624912262"
[1] "Processing draws 18801 to 18900"
[1] "Chunk time = 24.517582654953"
[1] "Processing draws 18901 to 19000"
[1] "Chunk time = 24.7473123073578"
[1] "Processing draws 19001 to 19100"
[1] "Chunk time = 24.1937601566315"
[1] "Processing draws 19101 to 19200"
[1] "Chunk time = 24.0099699497223"
[1] "Processing draws 19201 to 19300"
[1] "Chunk time = 24.2797191143036"
[1] "Processing draws 19301 to 19400"
[1] "Chunk time = 24.1940586566925"
[1] "Processing draws 19401 to 19500"
[1] "Chunk time = 24.0309336185455"
[1] "Processing draws 19501 to 19600"
[1] "Chunk time = 24.2553651332855"
[1] "Processing draws 19601 to 19700"
[1] "Chunk time = 23.9795734882355"
[1] "Processing draws 19701 to 19800"
[1] "Chunk time = 24.2630331516266"
[1] "Processing draws 19801 to 19900"
[1] "Chunk time = 24.0530595779419"
[1] "Processing draws 19901 to 20000"
[1] "Chunk time = 24.2733016014099"
[1] "done lapplying"
[1] "Saving current params"
[1] "Saving params to output.rds"
[1] TRUE
