[1] "Starting sampling."
Running MCMC with 4 parallel chains, with 4 thread(s) per chain...

Chain 1 Iteration:    1 / 6000 [  0%]  (Warmup) 
Chain 2 Iteration:    1 / 6000 [  0%]  (Warmup) 
Chain 3 Iteration:    1 / 6000 [  0%]  (Warmup) 
Chain 4 Iteration:    1 / 6000 [  0%]  (Warmup) 
Chain 3 Iteration:  100 / 6000 [  1%]  (Warmup) 
Chain 2 Iteration:  100 / 6000 [  1%]  (Warmup) 
Chain 4 Iteration:  100 / 6000 [  1%]  (Warmup) 
Chain 3 Iteration:  200 / 6000 [  3%]  (Warmup) 
Chain 1 Iteration:  100 / 6000 [  1%]  (Warmup) 
Chain 2 Iteration:  200 / 6000 [  3%]  (Warmup) 
Chain 4 Iteration:  200 / 6000 [  3%]  (Warmup) 
Chain 3 Iteration:  300 / 6000 [  5%]  (Warmup) 
Chain 4 Iteration:  300 / 6000 [  5%]  (Warmup) 
Chain 1 Iteration:  200 / 6000 [  3%]  (Warmup) 
Chain 2 Iteration:  300 / 6000 [  5%]  (Warmup) 
Chain 3 Iteration:  400 / 6000 [  6%]  (Warmup) 
Chain 4 Iteration:  400 / 6000 [  6%]  (Warmup) 
Chain 2 Iteration:  400 / 6000 [  6%]  (Warmup) 
Chain 1 Iteration:  300 / 6000 [  5%]  (Warmup) 
Chain 3 Iteration:  500 / 6000 [  8%]  (Warmup) 
Chain 4 Iteration:  500 / 6000 [  8%]  (Warmup) 
Chain 2 Iteration:  500 / 6000 [  8%]  (Warmup) 
Chain 1 Iteration:  400 / 6000 [  6%]  (Warmup) 
Chain 4 Iteration:  600 / 6000 [ 10%]  (Warmup) 
Chain 3 Iteration:  600 / 6000 [ 10%]  (Warmup) 
Chain 2 Iteration:  600 / 6000 [ 10%]  (Warmup) 
Chain 1 Iteration:  500 / 6000 [  8%]  (Warmup) 
Chain 4 Iteration:  700 / 6000 [ 11%]  (Warmup) 
Chain 3 Iteration:  700 / 6000 [ 11%]  (Warmup) 
Chain 2 Iteration:  700 / 6000 [ 11%]  (Warmup) 
Chain 1 Iteration:  600 / 6000 [ 10%]  (Warmup) 
Chain 4 Iteration:  800 / 6000 [ 13%]  (Warmup) 
Chain 3 Iteration:  800 / 6000 [ 13%]  (Warmup) 
Chain 2 Iteration:  800 / 6000 [ 13%]  (Warmup) 
Chain 4 Iteration:  900 / 6000 [ 15%]  (Warmup) 
Chain 1 Iteration:  700 / 6000 [ 11%]  (Warmup) 
Chain 3 Iteration:  900 / 6000 [ 15%]  (Warmup) 
Chain 2 Iteration:  900 / 6000 [ 15%]  (Warmup) 
Chain 4 Iteration: 1000 / 6000 [ 16%]  (Warmup) 
Chain 4 Iteration: 1001 / 6000 [ 16%]  (Sampling) 
Chain 1 Iteration:  800 / 6000 [ 13%]  (Warmup) 
Chain 3 Iteration: 1000 / 6000 [ 16%]  (Warmup) 
Chain 3 Iteration: 1001 / 6000 [ 16%]  (Sampling) 
Chain 4 Iteration: 1100 / 6000 [ 18%]  (Sampling) 
Chain 2 Iteration: 1000 / 6000 [ 16%]  (Warmup) 
Chain 2 Iteration: 1001 / 6000 [ 16%]  (Sampling) 
Chain 1 Iteration:  900 / 6000 [ 15%]  (Warmup) 
Chain 3 Iteration: 1100 / 6000 [ 18%]  (Sampling) 
Chain 4 Iteration: 1200 / 6000 [ 20%]  (Sampling) 
Chain 2 Iteration: 1100 / 6000 [ 18%]  (Sampling) 
Chain 1 Iteration: 1000 / 6000 [ 16%]  (Warmup) 
Chain 1 Iteration: 1001 / 6000 [ 16%]  (Sampling) 
Chain 3 Iteration: 1200 / 6000 [ 20%]  (Sampling) 
Chain 4 Iteration: 1300 / 6000 [ 21%]  (Sampling) 
Chain 2 Iteration: 1200 / 6000 [ 20%]  (Sampling) 
Chain 1 Iteration: 1100 / 6000 [ 18%]  (Sampling) 
Chain 3 Iteration: 1300 / 6000 [ 21%]  (Sampling) 
Chain 4 Iteration: 1400 / 6000 [ 23%]  (Sampling) 
Chain 2 Iteration: 1300 / 6000 [ 21%]  (Sampling) 
Chain 1 Iteration: 1200 / 6000 [ 20%]  (Sampling) 
Chain 4 Iteration: 1500 / 6000 [ 25%]  (Sampling) 
Chain 3 Iteration: 1400 / 6000 [ 23%]  (Sampling) 
Chain 2 Iteration: 1400 / 6000 [ 23%]  (Sampling) 
Chain 1 Iteration: 1300 / 6000 [ 21%]  (Sampling) 
Chain 4 Iteration: 1600 / 6000 [ 26%]  (Sampling) 
Chain 3 Iteration: 1500 / 6000 [ 25%]  (Sampling) 
Chain 2 Iteration: 1500 / 6000 [ 25%]  (Sampling) 
Chain 1 Iteration: 1400 / 6000 [ 23%]  (Sampling) 
Chain 4 Iteration: 1700 / 6000 [ 28%]  (Sampling) 
Chain 3 Iteration: 1600 / 6000 [ 26%]  (Sampling) 
Chain 4 Iteration: 1800 / 6000 [ 30%]  (Sampling) 
Chain 2 Iteration: 1600 / 6000 [ 26%]  (Sampling) 
Chain 1 Iteration: 1500 / 6000 [ 25%]  (Sampling) 
Chain 3 Iteration: 1700 / 6000 [ 28%]  (Sampling) 
Chain 4 Iteration: 1900 / 6000 [ 31%]  (Sampling) 
Chain 2 Iteration: 1700 / 6000 [ 28%]  (Sampling) 
Chain 1 Iteration: 1600 / 6000 [ 26%]  (Sampling) 
Chain 3 Iteration: 1800 / 6000 [ 30%]  (Sampling) 
Chain 4 Iteration: 2000 / 6000 [ 33%]  (Sampling) 
Chain 2 Iteration: 1800 / 6000 [ 30%]  (Sampling) 
Chain 1 Iteration: 1700 / 6000 [ 28%]  (Sampling) 
Chain 3 Iteration: 1900 / 6000 [ 31%]  (Sampling) 
Chain 4 Iteration: 2100 / 6000 [ 35%]  (Sampling) 
Chain 2 Iteration: 1900 / 6000 [ 31%]  (Sampling) 
Chain 1 Iteration: 1800 / 6000 [ 30%]  (Sampling) 
Chain 3 Iteration: 2000 / 6000 [ 33%]  (Sampling) 
Chain 4 Iteration: 2200 / 6000 [ 36%]  (Sampling) 
Chain 2 Iteration: 2000 / 6000 [ 33%]  (Sampling) 
Chain 1 Iteration: 1900 / 6000 [ 31%]  (Sampling) 
Chain 4 Iteration: 2300 / 6000 [ 38%]  (Sampling) 
Chain 3 Iteration: 2100 / 6000 [ 35%]  (Sampling) 
Chain 2 Iteration: 2100 / 6000 [ 35%]  (Sampling) 
Chain 1 Iteration: 2000 / 6000 [ 33%]  (Sampling) 
Chain 4 Iteration: 2400 / 6000 [ 40%]  (Sampling) 
Chain 3 Iteration: 2200 / 6000 [ 36%]  (Sampling) 
Chain 2 Iteration: 2200 / 6000 [ 36%]  (Sampling) 
Chain 1 Iteration: 2100 / 6000 [ 35%]  (Sampling) 
Chain 4 Iteration: 2500 / 6000 [ 41%]  (Sampling) 
Chain 3 Iteration: 2300 / 6000 [ 38%]  (Sampling) 
Chain 1 Iteration: 2200 / 6000 [ 36%]  (Sampling) 
Chain 2 Iteration: 2300 / 6000 [ 38%]  (Sampling) 
Chain 4 Iteration: 2600 / 6000 [ 43%]  (Sampling) 
Chain 3 Iteration: 2400 / 6000 [ 40%]  (Sampling) 
Chain 4 Iteration: 2700 / 6000 [ 45%]  (Sampling) 
Chain 1 Iteration: 2300 / 6000 [ 38%]  (Sampling) 
Chain 2 Iteration: 2400 / 6000 [ 40%]  (Sampling) 
Chain 3 Iteration: 2500 / 6000 [ 41%]  (Sampling) 
Chain 4 Iteration: 2800 / 6000 [ 46%]  (Sampling) 
Chain 1 Iteration: 2400 / 6000 [ 40%]  (Sampling) 
Chain 2 Iteration: 2500 / 6000 [ 41%]  (Sampling) 
Chain 3 Iteration: 2600 / 6000 [ 43%]  (Sampling) 
Chain 4 Iteration: 2900 / 6000 [ 48%]  (Sampling) 
Chain 2 Iteration: 2600 / 6000 [ 43%]  (Sampling) 
Chain 1 Iteration: 2500 / 6000 [ 41%]  (Sampling) 
Chain 3 Iteration: 2700 / 6000 [ 45%]  (Sampling) 
Chain 4 Iteration: 3000 / 6000 [ 50%]  (Sampling) 
Chain 2 Iteration: 2700 / 6000 [ 45%]  (Sampling) 
Chain 1 Iteration: 2600 / 6000 [ 43%]  (Sampling) 
Chain 3 Iteration: 2800 / 6000 [ 46%]  (Sampling) 
Chain 4 Iteration: 3100 / 6000 [ 51%]  (Sampling) 
Chain 2 Iteration: 2800 / 6000 [ 46%]  (Sampling) 
Chain 1 Iteration: 2700 / 6000 [ 45%]  (Sampling) 
Chain 4 Iteration: 3200 / 6000 [ 53%]  (Sampling) 
Chain 3 Iteration: 2900 / 6000 [ 48%]  (Sampling) 
Chain 2 Iteration: 2900 / 6000 [ 48%]  (Sampling) 
Chain 1 Iteration: 2800 / 6000 [ 46%]  (Sampling) 
Chain 4 Iteration: 3300 / 6000 [ 55%]  (Sampling) 
Chain 3 Iteration: 3000 / 6000 [ 50%]  (Sampling) 
Chain 2 Iteration: 3000 / 6000 [ 50%]  (Sampling) 
Chain 1 Iteration: 2900 / 6000 [ 48%]  (Sampling) 
Chain 4 Iteration: 3400 / 6000 [ 56%]  (Sampling) 
Chain 3 Iteration: 3100 / 6000 [ 51%]  (Sampling) 
Chain 2 Iteration: 3100 / 6000 [ 51%]  (Sampling) 
Chain 4 Iteration: 3500 / 6000 [ 58%]  (Sampling) 
Chain 1 Iteration: 3000 / 6000 [ 50%]  (Sampling) 
Chain 3 Iteration: 3200 / 6000 [ 53%]  (Sampling) 
Chain 4 Iteration: 3600 / 6000 [ 60%]  (Sampling) 
Chain 2 Iteration: 3200 / 6000 [ 53%]  (Sampling) 
Chain 1 Iteration: 3100 / 6000 [ 51%]  (Sampling) 
Chain 3 Iteration: 3300 / 6000 [ 55%]  (Sampling) 
Chain 4 Iteration: 3700 / 6000 [ 61%]  (Sampling) 
Chain 2 Iteration: 3300 / 6000 [ 55%]  (Sampling) 
Chain 1 Iteration: 3200 / 6000 [ 53%]  (Sampling) 
Chain 3 Iteration: 3400 / 6000 [ 56%]  (Sampling) 
Chain 4 Iteration: 3800 / 6000 [ 63%]  (Sampling) 
Chain 2 Iteration: 3400 / 6000 [ 56%]  (Sampling) 
Chain 1 Iteration: 3300 / 6000 [ 55%]  (Sampling) 
Chain 3 Iteration: 3500 / 6000 [ 58%]  (Sampling) 
Chain 4 Iteration: 3900 / 6000 [ 65%]  (Sampling) 
Chain 2 Iteration: 3500 / 6000 [ 58%]  (Sampling) 
Chain 1 Iteration: 3400 / 6000 [ 56%]  (Sampling) 
Chain 3 Iteration: 3600 / 6000 [ 60%]  (Sampling) 
Chain 4 Iteration: 4000 / 6000 [ 66%]  (Sampling) 
Chain 2 Iteration: 3600 / 6000 [ 60%]  (Sampling) 
Chain 1 Iteration: 3500 / 6000 [ 58%]  (Sampling) 
Chain 4 Iteration: 4100 / 6000 [ 68%]  (Sampling) 
Chain 3 Iteration: 3700 / 6000 [ 61%]  (Sampling) 
Chain 2 Iteration: 3700 / 6000 [ 61%]  (Sampling) 
Chain 1 Iteration: 3600 / 6000 [ 60%]  (Sampling) 
Chain 4 Iteration: 4200 / 6000 [ 70%]  (Sampling) 
Chain 3 Iteration: 3800 / 6000 [ 63%]  (Sampling) 
Chain 2 Iteration: 3800 / 6000 [ 63%]  (Sampling) 
Chain 4 Iteration: 4300 / 6000 [ 71%]  (Sampling) 
Chain 1 Iteration: 3700 / 6000 [ 61%]  (Sampling) 
Chain 3 Iteration: 3900 / 6000 [ 65%]  (Sampling) 
Chain 4 Iteration: 4400 / 6000 [ 73%]  (Sampling) 
Chain 2 Iteration: 3900 / 6000 [ 65%]  (Sampling) 
Chain 1 Iteration: 3800 / 6000 [ 63%]  (Sampling) 
Chain 3 Iteration: 4000 / 6000 [ 66%]  (Sampling) 
Chain 4 Iteration: 4500 / 6000 [ 75%]  (Sampling) 
Chain 2 Iteration: 4000 / 6000 [ 66%]  (Sampling) 
Chain 1 Iteration: 3900 / 6000 [ 65%]  (Sampling) 
Chain 3 Iteration: 4100 / 6000 [ 68%]  (Sampling) 
Chain 4 Iteration: 4600 / 6000 [ 76%]  (Sampling) 
Chain 2 Iteration: 4100 / 6000 [ 68%]  (Sampling) 
Chain 1 Iteration: 4000 / 6000 [ 66%]  (Sampling) 
Chain 3 Iteration: 4200 / 6000 [ 70%]  (Sampling) 
Chain 4 Iteration: 4700 / 6000 [ 78%]  (Sampling) 
Chain 2 Iteration: 4200 / 6000 [ 70%]  (Sampling) 
Chain 1 Iteration: 4100 / 6000 [ 68%]  (Sampling) 
Chain 3 Iteration: 4300 / 6000 [ 71%]  (Sampling) 
Chain 4 Iteration: 4800 / 6000 [ 80%]  (Sampling) 
Chain 2 Iteration: 4300 / 6000 [ 71%]  (Sampling) 
Chain 1 Iteration: 4200 / 6000 [ 70%]  (Sampling) 
Chain 3 Iteration: 4400 / 6000 [ 73%]  (Sampling) 
Chain 4 Iteration: 4900 / 6000 [ 81%]  (Sampling) 
Chain 2 Iteration: 4400 / 6000 [ 73%]  (Sampling) 
Chain 1 Iteration: 4300 / 6000 [ 71%]  (Sampling) 
Chain 3 Iteration: 4500 / 6000 [ 75%]  (Sampling) 
Chain 4 Iteration: 5000 / 6000 [ 83%]  (Sampling) 
Chain 2 Iteration: 4500 / 6000 [ 75%]  (Sampling) 
Chain 1 Iteration: 4400 / 6000 [ 73%]  (Sampling) 
Chain 4 Iteration: 5100 / 6000 [ 85%]  (Sampling) 
Chain 3 Iteration: 4600 / 6000 [ 76%]  (Sampling) 
Chain 2 Iteration: 4600 / 6000 [ 76%]  (Sampling) 
Chain 1 Iteration: 4500 / 6000 [ 75%]  (Sampling) 
Chain 4 Iteration: 5200 / 6000 [ 86%]  (Sampling) 
Chain 3 Iteration: 4700 / 6000 [ 78%]  (Sampling) 
Chain 2 Iteration: 4700 / 6000 [ 78%]  (Sampling) 
Chain 4 Iteration: 5300 / 6000 [ 88%]  (Sampling) 
Chain 1 Iteration: 4600 / 6000 [ 76%]  (Sampling) 
Chain 3 Iteration: 4800 / 6000 [ 80%]  (Sampling) 
Chain 4 Iteration: 5400 / 6000 [ 90%]  (Sampling) 
Chain 2 Iteration: 4800 / 6000 [ 80%]  (Sampling) 
Chain 1 Iteration: 4700 / 6000 [ 78%]  (Sampling) 
Chain 3 Iteration: 4900 / 6000 [ 81%]  (Sampling) 
Chain 4 Iteration: 5500 / 6000 [ 91%]  (Sampling) 
Chain 2 Iteration: 4900 / 6000 [ 81%]  (Sampling) 
Chain 1 Iteration: 4800 / 6000 [ 80%]  (Sampling) 
Chain 3 Iteration: 5000 / 6000 [ 83%]  (Sampling) 
Chain 4 Iteration: 5600 / 6000 [ 93%]  (Sampling) 
Chain 2 Iteration: 5000 / 6000 [ 83%]  (Sampling) 
Chain 1 Iteration: 4900 / 6000 [ 81%]  (Sampling) 
Chain 3 Iteration: 5100 / 6000 [ 85%]  (Sampling) 
Chain 4 Iteration: 5700 / 6000 [ 95%]  (Sampling) 
Chain 2 Iteration: 5100 / 6000 [ 85%]  (Sampling) 
Chain 1 Iteration: 5000 / 6000 [ 83%]  (Sampling) 
Chain 3 Iteration: 5200 / 6000 [ 86%]  (Sampling) 
Chain 4 Iteration: 5800 / 6000 [ 96%]  (Sampling) 
Chain 2 Iteration: 5200 / 6000 [ 86%]  (Sampling) 
Chain 1 Iteration: 5100 / 6000 [ 85%]  (Sampling) 
Chain 3 Iteration: 5300 / 6000 [ 88%]  (Sampling) 
Chain 4 Iteration: 5900 / 6000 [ 98%]  (Sampling) 
Chain 2 Iteration: 5300 / 6000 [ 88%]  (Sampling) 
Chain 1 Iteration: 5200 / 6000 [ 86%]  (Sampling) 
Chain 4 Iteration: 6000 / 6000 [100%]  (Sampling) 
Chain 4 finished in 10068.1 seconds.
Chain 3 Iteration: 5400 / 6000 [ 90%]  (Sampling) 
Chain 2 Iteration: 5400 / 6000 [ 90%]  (Sampling) 
Chain 1 Iteration: 5300 / 6000 [ 88%]  (Sampling) 
Chain 3 Iteration: 5500 / 6000 [ 91%]  (Sampling) 
Chain 2 Iteration: 5500 / 6000 [ 91%]  (Sampling) 
Chain 1 Iteration: 5400 / 6000 [ 90%]  (Sampling) 
Chain 3 Iteration: 5600 / 6000 [ 93%]  (Sampling) 
Chain 2 Iteration: 5600 / 6000 [ 93%]  (Sampling) 
Chain 1 Iteration: 5500 / 6000 [ 91%]  (Sampling) 
Chain 3 Iteration: 5700 / 6000 [ 95%]  (Sampling) 
Chain 2 Iteration: 5700 / 6000 [ 95%]  (Sampling) 
Chain 1 Iteration: 5600 / 6000 [ 93%]  (Sampling) 
Chain 3 Iteration: 5800 / 6000 [ 96%]  (Sampling) 
Chain 2 Iteration: 5800 / 6000 [ 96%]  (Sampling) 
Chain 1 Iteration: 5700 / 6000 [ 95%]  (Sampling) 
Chain 3 Iteration: 5900 / 6000 [ 98%]  (Sampling) 
Chain 2 Iteration: 5900 / 6000 [ 98%]  (Sampling) 
Chain 1 Iteration: 5800 / 6000 [ 96%]  (Sampling) 
Chain 3 Iteration: 6000 / 6000 [100%]  (Sampling) 
Chain 3 finished in 10983.4 seconds.
Chain 2 Iteration: 6000 / 6000 [100%]  (Sampling) 
Chain 2 finished in 11059.4 seconds.
Chain 1 Iteration: 5900 / 6000 [ 98%]  (Sampling) 
Chain 1 Iteration: 6000 / 6000 [100%]  (Sampling) 
Chain 1 finished in 11217.6 seconds.

All 4 chains finished successfully.
Mean chain execution time: 10832.1 seconds.
Total execution time: 11218.5 seconds.

[1] "Processing draws 1 to 100"
[1] "Chunk time = 3.39755614201228"
[1] "Processing draws 101 to 200"
[1] "Chunk time = 2.31862321297328"
[1] "Processing draws 201 to 300"
[1] "Chunk time = 2.43588041067123"
[1] "Processing draws 301 to 400"
[1] "Chunk time = 2.09842487176259"
[1] "Processing draws 401 to 500"
[1] "Chunk time = 2.00324435631434"
[1] "Processing draws 501 to 600"
[1] "Chunk time = 1.96129665374756"
[1] "Processing draws 601 to 700"
[1] "Chunk time = 2.07790054877599"
[1] "Processing draws 701 to 800"
[1] "Chunk time = 2.17185712655385"
[1] "Processing draws 801 to 900"
[1] "Chunk time = 1.99022353490194"
[1] "Processing draws 901 to 1000"
[1] "Chunk time = 2.10600684086482"
[1] "Processing draws 1001 to 1100"
[1] "Chunk time = 1.98051010370255"
[1] "Processing draws 1101 to 1200"
[1] "Chunk time = 2.01231588522593"
[1] "Processing draws 1201 to 1300"
[1] "Chunk time = 2.12039551734924"
[1] "Processing draws 1301 to 1400"
[1] "Chunk time = 1.97150372266769"
[1] "Processing draws 1401 to 1500"
[1] "Chunk time = 2.02284243901571"
[1] "Processing draws 1501 to 1600"
[1] "Chunk time = 2.10242226918538"
[1] "Processing draws 1601 to 1700"
[1] "Chunk time = 1.93253202835719"
[1] "Processing draws 1701 to 1800"
[1] "Chunk time = 1.94673751592636"
[1] "Processing draws 1801 to 1900"
[1] "Chunk time = 2.09968797365824"
[1] "Processing draws 1901 to 2000"
[1] "Chunk time = 1.99992996851603"
[1] "Processing draws 2001 to 2100"
[1] "Chunk time = 1.95533818006516"
[1] "Processing draws 2101 to 2200"
[1] "Chunk time = 2.04649405082067"
[1] "Processing draws 2201 to 2300"
[1] "Chunk time = 1.93205395539602"
[1] "Processing draws 2301 to 2400"
[1] "Chunk time = 2.00256282885869"
[1] "Processing draws 2401 to 2500"
[1] "Chunk time = 2.10357647339503"
[1] "Processing draws 2501 to 2600"
[1] "Chunk time = 1.95492686827977"
[1] "Processing draws 2601 to 2700"
[1] "Chunk time = 1.94930986960729"
[1] "Processing draws 2701 to 2800"
[1] "Chunk time = 2.11604413191477"
[1] "Processing draws 2801 to 2900"
[1] "Chunk time = 1.97397569020589"
[1] "Processing draws 2901 to 3000"
[1] "Chunk time = 1.94455620447795"
[1] "Processing draws 3001 to 3100"
[1] "Chunk time = 2.0963304122289"
[1] "Processing draws 3101 to 3200"
[1] "Chunk time = 1.99331933259964"
[1] "Processing draws 3201 to 3300"
[1] "Chunk time = 1.95948019425074"
[1] "Processing draws 3301 to 3400"
[1] "Chunk time = 2.10966325600942"
[1] "Processing draws 3401 to 3500"
[1] "Chunk time = 1.95416436592738"
[1] "Processing draws 3501 to 3600"
[1] "Chunk time = 1.96800309419632"
[1] "Processing draws 3601 to 3700"
[1] "Chunk time = 2.03584440549215"
[1] "Processing draws 3701 to 3800"
[1] "Chunk time = 1.94526960849762"
[1] "Processing draws 3801 to 3900"
[1] "Chunk time = 1.94105794827143"
[1] "Processing draws 3901 to 4000"
[1] "Chunk time = 2.0360166033109"
[1] "Processing draws 4001 to 4100"
[1] "Chunk time = 1.95918281475703"
[1] "Processing draws 4101 to 4200"
[1] "Chunk time = 1.89951514005661"
[1] "Processing draws 4201 to 4300"
[1] "Chunk time = 2.03355601628621"
[1] "Processing draws 4301 to 4400"
[1] "Chunk time = 1.91768704255422"
[1] "Processing draws 4401 to 4500"
[1] "Chunk time = 1.88894800742467"
[1] "Processing draws 4501 to 4600"
[1] "Chunk time = 2.0390972495079"
[1] "Processing draws 4601 to 4700"
[1] "Chunk time = 1.93433911800385"
[1] "Processing draws 4701 to 4800"
[1] "Chunk time = 1.94404293298721"
[1] "Processing draws 4801 to 4900"
[1] "Chunk time = 2.01676440238953"
[1] "Processing draws 4901 to 5000"
[1] "Chunk time = 1.89134778579076"
[1] "Processing draws 5001 to 5100"
[1] "Chunk time = 1.86280668576558"
[1] "Processing draws 5101 to 5200"
[1] "Chunk time = 1.95124711592992"
[1] "Processing draws 5201 to 5300"
[1] "Chunk time = 1.94681567351023"
[1] "Processing draws 5301 to 5400"
[1] "Chunk time = 1.93956864674886"
[1] "Processing draws 5401 to 5500"
[1] "Chunk time = 2.05116385618846"
[1] "Processing draws 5501 to 5600"
[1] "Chunk time = 1.92136908372243"
[1] "Processing draws 5601 to 5700"
[1] "Chunk time = 1.87609508037567"
[1] "Processing draws 5701 to 5800"
[1] "Chunk time = 2.03846861918767"
[1] "Processing draws 5801 to 5900"
[1] "Chunk time = 1.88249462445577"
[1] "Processing draws 5901 to 6000"
[1] "Chunk time = 1.94509381850561"
[1] "Processing draws 6001 to 6100"
[1] "Chunk time = 2.03615445693334"
[1] "Processing draws 6101 to 6200"
[1] "Chunk time = 1.94742074807485"
[1] "Processing draws 6201 to 6300"
[1] "Chunk time = 1.87067632277807"
[1] "Processing draws 6301 to 6400"
[1] "Chunk time = 2.03808985153834"
[1] "Processing draws 6401 to 6500"
[1] "Chunk time = 1.87961936394374"
[1] "Processing draws 6501 to 6600"
[1] "Chunk time = 1.88135457436244"
[1] "Processing draws 6601 to 6700"
[1] "Chunk time = 1.92196042537689"
[1] "Processing draws 6701 to 6800"
[1] "Chunk time = 1.93975723187129"
[1] "Processing draws 6801 to 6900"
[1] "Chunk time = 1.92573757171631"
[1] "Processing draws 6901 to 7000"
[1] "Chunk time = 2.01982671022415"
[1] "Processing draws 7001 to 7100"
[1] "Chunk time = 1.89839237133662"
[1] "Processing draws 7101 to 7200"
[1] "Chunk time = 1.92246684630712"
[1] "Processing draws 7201 to 7300"
[1] "Chunk time = 2.02298101186752"
[1] "Processing draws 7301 to 7400"
[1] "Chunk time = 1.90168200333913"
[1] "Processing draws 7401 to 7500"
[1] "Chunk time = 1.899831366539"
[1] "Processing draws 7501 to 7600"
[1] "Chunk time = 2.07801214059194"
[1] "Processing draws 7601 to 7700"
[1] "Chunk time = 1.89312314987183"
[1] "Processing draws 7701 to 7800"
[1] "Chunk time = 1.86917189757029"
[1] "Processing draws 7801 to 7900"
[1] "Chunk time = 2.03616929848989"
[1] "Processing draws 7901 to 8000"
[1] "Chunk time = 1.93483818372091"
[1] "Processing draws 8001 to 8100"
[1] "Chunk time = 1.90102223555247"
[1] "Processing draws 8101 to 8200"
[1] "Chunk time = 2.03474475940069"
[1] "Processing draws 8201 to 8300"
[1] "Chunk time = 1.94183117548625"
[1] "Processing draws 8301 to 8400"
[1] "Chunk time = 1.91313025156657"
[1] "Processing draws 8401 to 8500"
[1] "Chunk time = 2.02341706752777"
[1] "Processing draws 8501 to 8600"
[1] "Chunk time = 1.90701055924098"
[1] "Processing draws 8601 to 8700"
[1] "Chunk time = 1.8756826043129"
[1] "Processing draws 8701 to 8800"
[1] "Chunk time = 2.04348870515823"
[1] "Processing draws 8801 to 8900"
[1] "Chunk time = 1.94705762863159"
[1] "Processing draws 8901 to 9000"
[1] "Chunk time = 1.96905343929927"
[1] "Processing draws 9001 to 9100"
[1] "Chunk time = 2.07548975944519"
[1] "Processing draws 9101 to 9200"
[1] "Chunk time = 1.96409554481506"
[1] "Processing draws 9201 to 9300"
[1] "Chunk time = 1.90803271532059"
[1] "Processing draws 9301 to 9400"
[1] "Chunk time = 2.07341501315435"
[1] "Processing draws 9401 to 9500"
[1] "Chunk time = 1.93536228736242"
[1] "Processing draws 9501 to 9600"
[1] "Chunk time = 1.95472276210785"
[1] "Processing draws 9601 to 9700"
[1] "Chunk time = 2.05506221850713"
[1] "Processing draws 9701 to 9800"
[1] "Chunk time = 1.92632183233897"
[1] "Processing draws 9801 to 9900"
[1] "Chunk time = 1.9194343606631"
[1] "Processing draws 9901 to 10000"
[1] "Chunk time = 2.06373526652654"
[1] "Processing draws 10001 to 10100"
[1] "Chunk time = 1.91317400932312"
[1] "Processing draws 10101 to 10200"
[1] "Chunk time = 1.94244932333628"
[1] "Processing draws 10201 to 10300"
[1] "Chunk time = 2.05527793169022"
[1] "Processing draws 10301 to 10400"
[1] "Chunk time = 1.95470532576243"
[1] "Processing draws 10401 to 10500"
[1] "Chunk time = 1.91535193522771"
[1] "Processing draws 10501 to 10600"
[1] "Chunk time = 2.06367059151332"
[1] "Processing draws 10601 to 10700"
[1] "Chunk time = 1.91376700003942"
[1] "Processing draws 10701 to 10800"
[1] "Chunk time = 1.94036753575007"
[1] "Processing draws 10801 to 10900"
[1] "Chunk time = 2.0557470480601"
[1] "Processing draws 10901 to 11000"
[1] "Chunk time = 1.94685649474462"
[1] "Processing draws 11001 to 11100"
[1] "Chunk time = 1.95604543288549"
[1] "Processing draws 11101 to 11200"
[1] "Chunk time = 2.04884816805522"
[1] "Processing draws 11201 to 11300"
[1] "Chunk time = 1.9608243783315"
[1] "Processing draws 11301 to 11400"
[1] "Chunk time = 1.92808043162028"
[1] "Processing draws 11401 to 11500"
[1] "Chunk time = 2.07854718367259"
[1] "Processing draws 11501 to 11600"
[1] "Chunk time = 1.9500802675883"
[1] "Processing draws 11601 to 11700"
[1] "Chunk time = 1.90613375902176"
[1] "Processing draws 11701 to 11800"
[1] "Chunk time = 2.06908214886983"
[1] "Processing draws 11801 to 11900"
[1] "Chunk time = 1.94289783636729"
[1] "Processing draws 11901 to 12000"
[1] "Chunk time = 1.95092924435933"
[1] "Processing draws 12001 to 12100"
[1] "Chunk time = 2.05327804883321"
[1] "Processing draws 12101 to 12200"
[1] "Chunk time = 1.93131863673528"
[1] "Processing draws 12201 to 12300"
[1] "Chunk time = 1.93894080718358"
[1] "Processing draws 12301 to 12400"
[1] "Chunk time = 2.07961388031642"
[1] "Processing draws 12401 to 12500"
[1] "Chunk time = 1.95161752700806"
[1] "Processing draws 12501 to 12600"
[1] "Chunk time = 1.92841564416885"
[1] "Processing draws 12601 to 12700"
[1] "Chunk time = 2.06036323706309"
[1] "Processing draws 12701 to 12800"
[1] "Chunk time = 1.95272180636724"
[1] "Processing draws 12801 to 12900"
[1] "Chunk time = 1.90519154469172"
[1] "Processing draws 12901 to 13000"
[1] "Chunk time = 2.06366106271744"
[1] "Processing draws 13001 to 13100"
[1] "Chunk time = 1.95937213102976"
[1] "Processing draws 13101 to 13200"
[1] "Chunk time = 1.95891194343567"
[1] "Processing draws 13201 to 13300"
[1] "Chunk time = 2.05752572615941"
[1] "Processing draws 13301 to 13400"
[1] "Chunk time = 1.93165442943573"
[1] "Processing draws 13401 to 13500"
[1] "Chunk time = 1.90255316495895"
[1] "Processing draws 13501 to 13600"
[1] "Chunk time = 2.06016670862834"
[1] "Processing draws 13601 to 13700"
[1] "Chunk time = 1.94450274308523"
[1] "Processing draws 13701 to 13800"
[1] "Chunk time = 1.91237108707428"
[1] "Processing draws 13801 to 13900"
[1] "Chunk time = 2.06388333638509"
[1] "Processing draws 13901 to 14000"
[1] "Chunk time = 1.94820740222931"
[1] "Processing draws 14001 to 14100"
[1] "Chunk time = 1.89396473964055"
[1] "Processing draws 14101 to 14200"
[1] "Chunk time = 2.07186115582784"
[1] "Processing draws 14201 to 14300"
[1] "Chunk time = 1.91818261941274"
[1] "Processing draws 14301 to 14400"
[1] "Chunk time = 1.94999497334162"
[1] "Processing draws 14401 to 14500"
[1] "Chunk time = 2.05979158480962"
[1] "Processing draws 14501 to 14600"
[1] "Chunk time = 1.95331835746765"
[1] "Processing draws 14601 to 14700"
[1] "Chunk time = 1.9038858850797"
[1] "Processing draws 14701 to 14800"
[1] "Chunk time = 2.06226008733114"
[1] "Processing draws 14801 to 14900"
[1] "Chunk time = 1.93287411928177"
[1] "Processing draws 14901 to 15000"
[1] "Chunk time = 1.92990547815959"
[1] "Processing draws 15001 to 15100"
[1] "Chunk time = 2.06918212970098"
[1] "Processing draws 15101 to 15200"
[1] "Chunk time = 1.94968768358231"
[1] "Processing draws 15201 to 15300"
[1] "Chunk time = 1.95736042658488"
[1] "Processing draws 15301 to 15400"
[1] "Chunk time = 2.10907197793325"
[1] "Processing draws 15401 to 15500"
[1] "Chunk time = 1.93645577828089"
[1] "Processing draws 15501 to 15600"
[1] "Chunk time = 1.93688333829244"
[1] "Processing draws 15601 to 15700"
[1] "Chunk time = 2.05416436990102"
[1] "Processing draws 15701 to 15800"
[1] "Chunk time = 1.90456570784251"
[1] "Processing draws 15801 to 15900"
[1] "Chunk time = 1.90357892115911"
[1] "Processing draws 15901 to 16000"
[1] "Chunk time = 2.06103059053421"
[1] "Processing draws 16001 to 16100"
[1] "Chunk time = 1.91810034513474"
[1] "Processing draws 16101 to 16200"
[1] "Chunk time = 1.92270650863647"
[1] "Processing draws 16201 to 16300"
[1] "Chunk time = 2.01356227000554"
[1] "Processing draws 16301 to 16400"
[1] "Chunk time = 1.94886512358983"
[1] "Processing draws 16401 to 16500"
[1] "Chunk time = 1.90476163228353"
[1] "Processing draws 16501 to 16600"
[1] "Chunk time = 1.90716289679209"
[1] "Processing draws 16601 to 16700"
[1] "Chunk time = 1.95068581899007"
[1] "Processing draws 16701 to 16800"
[1] "Chunk time = 1.94427384535472"
[1] "Processing draws 16801 to 16900"
[1] "Chunk time = 2.11169709761937"
[1] "Processing draws 16901 to 17000"
[1] "Chunk time = 1.94903860092163"
[1] "Processing draws 17001 to 17100"
[1] "Chunk time = 1.88881339629491"
[1] "Processing draws 17101 to 17200"
[1] "Chunk time = 2.0756575067838"
[1] "Processing draws 17201 to 17300"
[1] "Chunk time = 1.90080355008443"
[1] "Processing draws 17301 to 17400"
[1] "Chunk time = 1.94255202611287"
[1] "Processing draws 17401 to 17500"
[1] "Chunk time = 2.05365062157313"
[1] "Processing draws 17501 to 17600"
[1] "Chunk time = 1.93878438075383"
[1] "Processing draws 17601 to 17700"
[1] "Chunk time = 1.89563638369242"
[1] "Processing draws 17701 to 17800"
[1] "Chunk time = 2.06678900321325"
[1] "Processing draws 17801 to 17900"
[1] "Chunk time = 1.94284752209981"
[1] "Processing draws 17901 to 18000"
[1] "Chunk time = 1.94643210570017"
[1] "Processing draws 18001 to 18100"
[1] "Chunk time = 2.07790925105413"
[1] "Processing draws 18101 to 18200"
[1] "Chunk time = 1.93332713047663"
[1] "Processing draws 18201 to 18300"
[1] "Chunk time = 1.92408126592636"
[1] "Processing draws 18301 to 18400"
[1] "Chunk time = 2.08901802698771"
[1] "Processing draws 18401 to 18500"
[1] "Chunk time = 1.91680774291356"
[1] "Processing draws 18501 to 18600"
[1] "Chunk time = 1.93422162930171"
[1] "Processing draws 18601 to 18700"
[1] "Chunk time = 2.05888998508453"
[1] "Processing draws 18701 to 18800"
[1] "Chunk time = 1.97237877051036"
[1] "Processing draws 18801 to 18900"
[1] "Chunk time = 1.92858926852544"
[1] "Processing draws 18901 to 19000"
[1] "Chunk time = 2.07293522357941"
[1] "Processing draws 19001 to 19100"
[1] "Chunk time = 1.91779573758443"
[1] "Processing draws 19101 to 19200"
[1] "Chunk time = 1.9339603583018"
[1] "Processing draws 19201 to 19300"
[1] "Chunk time = 2.07874842882156"
[1] "Processing draws 19301 to 19400"
[1] "Chunk time = 1.95432761907578"
[1] "Processing draws 19401 to 19500"
[1] "Chunk time = 1.98012906710307"
[1] "Processing draws 19501 to 19600"
[1] "Chunk time = 2.07802656094233"
[1] "Processing draws 19601 to 19700"
[1] "Chunk time = 1.91556939681371"
[1] "Processing draws 19701 to 19800"
[1] "Chunk time = 1.88780374924342"
[1] "Processing draws 19801 to 19900"
[1] "Chunk time = 2.0678346991539"
[1] "Processing draws 19901 to 20000"
[1] "Chunk time = 1.96113745768865"
[1] "done lapplying"
[1] "Saving current params"
[1] "Saving params to output.rds"
[1] TRUE
[1] "Time for modelling:"
[1] "2025-06-30 12:29:40 EDT"
[1] "Time for posterior computations:"
Time difference of 6.65022 hours
[1] "Total time:"
[1] "2025-06-30 19:08:40 EDT"
