[1] "Starting sampling."
Running MCMC with 4 parallel chains, with 4 thread(s) per chain...

Chain 1 Iteration:    1 / 6000 [  0%]  (Warmup) 
Chain 2 Iteration:    1 / 6000 [  0%]  (Warmup) 
Chain 3 Iteration:    1 / 6000 [  0%]  (Warmup) 
Chain 4 Iteration:    1 / 6000 [  0%]  (Warmup) 
Chain 3 Iteration:  100 / 6000 [  1%]  (Warmup) 
Chain 4 Iteration:  100 / 6000 [  1%]  (Warmup) 
Chain 1 Iteration:  100 / 6000 [  1%]  (Warmup) 
Chain 2 Iteration:  100 / 6000 [  1%]  (Warmup) 
Chain 4 Iteration:  200 / 6000 [  3%]  (Warmup) 
Chain 3 Iteration:  200 / 6000 [  3%]  (Warmup) 
Chain 1 Iteration:  200 / 6000 [  3%]  (Warmup) 
Chain 2 Iteration:  200 / 6000 [  3%]  (Warmup) 
Chain 4 Iteration:  300 / 6000 [  5%]  (Warmup) 
Chain 3 Iteration:  300 / 6000 [  5%]  (Warmup) 
Chain 1 Iteration:  300 / 6000 [  5%]  (Warmup) 
Chain 4 Iteration:  400 / 6000 [  6%]  (Warmup) 
Chain 3 Iteration:  400 / 6000 [  6%]  (Warmup) 
Chain 2 Iteration:  300 / 6000 [  5%]  (Warmup) 
Chain 1 Iteration:  400 / 6000 [  6%]  (Warmup) 
Chain 2 Iteration:  400 / 6000 [  6%]  (Warmup) 
Chain 4 Iteration:  500 / 6000 [  8%]  (Warmup) 
Chain 3 Iteration:  500 / 6000 [  8%]  (Warmup) 
Chain 1 Iteration:  500 / 6000 [  8%]  (Warmup) 
Chain 4 Iteration:  600 / 6000 [ 10%]  (Warmup) 
Chain 3 Iteration:  600 / 6000 [ 10%]  (Warmup) 
Chain 2 Iteration:  500 / 6000 [  8%]  (Warmup) 
Chain 1 Iteration:  600 / 6000 [ 10%]  (Warmup) 
Chain 4 Iteration:  700 / 6000 [ 11%]  (Warmup) 
Chain 3 Iteration:  700 / 6000 [ 11%]  (Warmup) 
Chain 2 Iteration:  600 / 6000 [ 10%]  (Warmup) 
Chain 1 Iteration:  700 / 6000 [ 11%]  (Warmup) 
Chain 4 Iteration:  800 / 6000 [ 13%]  (Warmup) 
Chain 3 Iteration:  800 / 6000 [ 13%]  (Warmup) 
Chain 2 Iteration:  700 / 6000 [ 11%]  (Warmup) 
Chain 1 Iteration:  800 / 6000 [ 13%]  (Warmup) 
Chain 4 Iteration:  900 / 6000 [ 15%]  (Warmup) 
Chain 3 Iteration:  900 / 6000 [ 15%]  (Warmup) 
Chain 2 Iteration:  800 / 6000 [ 13%]  (Warmup) 
Chain 1 Iteration:  900 / 6000 [ 15%]  (Warmup) 
Chain 4 Iteration: 1000 / 6000 [ 16%]  (Warmup) 
Chain 4 Iteration: 1001 / 6000 [ 16%]  (Sampling) 
Chain 3 Iteration: 1000 / 6000 [ 16%]  (Warmup) 
Chain 3 Iteration: 1001 / 6000 [ 16%]  (Sampling) 
Chain 2 Iteration:  900 / 6000 [ 15%]  (Warmup) 
Chain 1 Iteration: 1000 / 6000 [ 16%]  (Warmup) 
Chain 1 Iteration: 1001 / 6000 [ 16%]  (Sampling) 
Chain 4 Iteration: 1100 / 6000 [ 18%]  (Sampling) 
Chain 3 Iteration: 1100 / 6000 [ 18%]  (Sampling) 
Chain 2 Iteration: 1000 / 6000 [ 16%]  (Warmup) 
Chain 2 Iteration: 1001 / 6000 [ 16%]  (Sampling) 
Chain 1 Iteration: 1100 / 6000 [ 18%]  (Sampling) 
Chain 4 Iteration: 1200 / 6000 [ 20%]  (Sampling) 
Chain 3 Iteration: 1200 / 6000 [ 20%]  (Sampling) 
Chain 2 Iteration: 1100 / 6000 [ 18%]  (Sampling) 
Chain 1 Iteration: 1200 / 6000 [ 20%]  (Sampling) 
Chain 4 Iteration: 1300 / 6000 [ 21%]  (Sampling) 
Chain 3 Iteration: 1300 / 6000 [ 21%]  (Sampling) 
Chain 2 Iteration: 1200 / 6000 [ 20%]  (Sampling) 
Chain 1 Iteration: 1300 / 6000 [ 21%]  (Sampling) 
Chain 4 Iteration: 1400 / 6000 [ 23%]  (Sampling) 
Chain 3 Iteration: 1400 / 6000 [ 23%]  (Sampling) 
Chain 2 Iteration: 1300 / 6000 [ 21%]  (Sampling) 
Chain 1 Iteration: 1400 / 6000 [ 23%]  (Sampling) 
Chain 4 Iteration: 1500 / 6000 [ 25%]  (Sampling) 
Chain 3 Iteration: 1500 / 6000 [ 25%]  (Sampling) 
Chain 2 Iteration: 1400 / 6000 [ 23%]  (Sampling) 
Chain 1 Iteration: 1500 / 6000 [ 25%]  (Sampling) 
Chain 4 Iteration: 1600 / 6000 [ 26%]  (Sampling) 
Chain 3 Iteration: 1600 / 6000 [ 26%]  (Sampling) 
Chain 2 Iteration: 1500 / 6000 [ 25%]  (Sampling) 
Chain 1 Iteration: 1600 / 6000 [ 26%]  (Sampling) 
Chain 4 Iteration: 1700 / 6000 [ 28%]  (Sampling) 
Chain 3 Iteration: 1700 / 6000 [ 28%]  (Sampling) 
Chain 2 Iteration: 1600 / 6000 [ 26%]  (Sampling) 
Chain 1 Iteration: 1700 / 6000 [ 28%]  (Sampling) 
Chain 4 Iteration: 1800 / 6000 [ 30%]  (Sampling) 
Chain 3 Iteration: 1800 / 6000 [ 30%]  (Sampling) 
Chain 2 Iteration: 1700 / 6000 [ 28%]  (Sampling) 
Chain 1 Iteration: 1800 / 6000 [ 30%]  (Sampling) 
Chain 4 Iteration: 1900 / 6000 [ 31%]  (Sampling) 
Chain 3 Iteration: 1900 / 6000 [ 31%]  (Sampling) 
Chain 2 Iteration: 1800 / 6000 [ 30%]  (Sampling) 
Chain 1 Iteration: 1900 / 6000 [ 31%]  (Sampling) 
Chain 4 Iteration: 2000 / 6000 [ 33%]  (Sampling) 
Chain 3 Iteration: 2000 / 6000 [ 33%]  (Sampling) 
Chain 2 Iteration: 1900 / 6000 [ 31%]  (Sampling) 
Chain 1 Iteration: 2000 / 6000 [ 33%]  (Sampling) 
Chain 4 Iteration: 2100 / 6000 [ 35%]  (Sampling) 
Chain 3 Iteration: 2100 / 6000 [ 35%]  (Sampling) 
Chain 2 Iteration: 2000 / 6000 [ 33%]  (Sampling) 
Chain 1 Iteration: 2100 / 6000 [ 35%]  (Sampling) 
Chain 4 Iteration: 2200 / 6000 [ 36%]  (Sampling) 
Chain 3 Iteration: 2200 / 6000 [ 36%]  (Sampling) 
Chain 2 Iteration: 2100 / 6000 [ 35%]  (Sampling) 
Chain 1 Iteration: 2200 / 6000 [ 36%]  (Sampling) 
Chain 4 Iteration: 2300 / 6000 [ 38%]  (Sampling) 
Chain 3 Iteration: 2300 / 6000 [ 38%]  (Sampling) 
Chain 2 Iteration: 2200 / 6000 [ 36%]  (Sampling) 
Chain 1 Iteration: 2300 / 6000 [ 38%]  (Sampling) 
Chain 4 Iteration: 2400 / 6000 [ 40%]  (Sampling) 
Chain 3 Iteration: 2400 / 6000 [ 40%]  (Sampling) 
Chain 2 Iteration: 2300 / 6000 [ 38%]  (Sampling) 
Chain 1 Iteration: 2400 / 6000 [ 40%]  (Sampling) 
Chain 4 Iteration: 2500 / 6000 [ 41%]  (Sampling) 
Chain 3 Iteration: 2500 / 6000 [ 41%]  (Sampling) 
Chain 2 Iteration: 2400 / 6000 [ 40%]  (Sampling) 
Chain 1 Iteration: 2500 / 6000 [ 41%]  (Sampling) 
Chain 4 Iteration: 2600 / 6000 [ 43%]  (Sampling) 
Chain 3 Iteration: 2600 / 6000 [ 43%]  (Sampling) 
Chain 2 Iteration: 2500 / 6000 [ 41%]  (Sampling) 
Chain 1 Iteration: 2600 / 6000 [ 43%]  (Sampling) 
Chain 4 Iteration: 2700 / 6000 [ 45%]  (Sampling) 
Chain 3 Iteration: 2700 / 6000 [ 45%]  (Sampling) 
Chain 2 Iteration: 2600 / 6000 [ 43%]  (Sampling) 
Chain 1 Iteration: 2700 / 6000 [ 45%]  (Sampling) 
Chain 4 Iteration: 2800 / 6000 [ 46%]  (Sampling) 
Chain 3 Iteration: 2800 / 6000 [ 46%]  (Sampling) 
Chain 2 Iteration: 2700 / 6000 [ 45%]  (Sampling) 
Chain 1 Iteration: 2800 / 6000 [ 46%]  (Sampling) 
Chain 4 Iteration: 2900 / 6000 [ 48%]  (Sampling) 
Chain 3 Iteration: 2900 / 6000 [ 48%]  (Sampling) 
Chain 2 Iteration: 2800 / 6000 [ 46%]  (Sampling) 
Chain 1 Iteration: 2900 / 6000 [ 48%]  (Sampling) 
Chain 4 Iteration: 3000 / 6000 [ 50%]  (Sampling) 
Chain 3 Iteration: 3000 / 6000 [ 50%]  (Sampling) 
Chain 2 Iteration: 2900 / 6000 [ 48%]  (Sampling) 
Chain 1 Iteration: 3000 / 6000 [ 50%]  (Sampling) 
Chain 4 Iteration: 3100 / 6000 [ 51%]  (Sampling) 
Chain 3 Iteration: 3100 / 6000 [ 51%]  (Sampling) 
Chain 2 Iteration: 3000 / 6000 [ 50%]  (Sampling) 
Chain 1 Iteration: 3100 / 6000 [ 51%]  (Sampling) 
Chain 4 Iteration: 3200 / 6000 [ 53%]  (Sampling) 
Chain 3 Iteration: 3200 / 6000 [ 53%]  (Sampling) 
Chain 2 Iteration: 3100 / 6000 [ 51%]  (Sampling) 
Chain 1 Iteration: 3200 / 6000 [ 53%]  (Sampling) 
Chain 4 Iteration: 3300 / 6000 [ 55%]  (Sampling) 
Chain 3 Iteration: 3300 / 6000 [ 55%]  (Sampling) 
Chain 2 Iteration: 3200 / 6000 [ 53%]  (Sampling) 
Chain 1 Iteration: 3300 / 6000 [ 55%]  (Sampling) 
Chain 4 Iteration: 3400 / 6000 [ 56%]  (Sampling) 
Chain 3 Iteration: 3400 / 6000 [ 56%]  (Sampling) 
Chain 2 Iteration: 3300 / 6000 [ 55%]  (Sampling) 
Chain 1 Iteration: 3400 / 6000 [ 56%]  (Sampling) 
Chain 4 Iteration: 3500 / 6000 [ 58%]  (Sampling) 
Chain 3 Iteration: 3500 / 6000 [ 58%]  (Sampling) 
Chain 2 Iteration: 3400 / 6000 [ 56%]  (Sampling) 
Chain 1 Iteration: 3500 / 6000 [ 58%]  (Sampling) 
Chain 4 Iteration: 3600 / 6000 [ 60%]  (Sampling) 
Chain 3 Iteration: 3600 / 6000 [ 60%]  (Sampling) 
Chain 2 Iteration: 3500 / 6000 [ 58%]  (Sampling) 
Chain 1 Iteration: 3600 / 6000 [ 60%]  (Sampling) 
Chain 4 Iteration: 3700 / 6000 [ 61%]  (Sampling) 
Chain 3 Iteration: 3700 / 6000 [ 61%]  (Sampling) 
Chain 2 Iteration: 3600 / 6000 [ 60%]  (Sampling) 
Chain 1 Iteration: 3700 / 6000 [ 61%]  (Sampling) 
Chain 4 Iteration: 3800 / 6000 [ 63%]  (Sampling) 
Chain 3 Iteration: 3800 / 6000 [ 63%]  (Sampling) 
Chain 2 Iteration: 3700 / 6000 [ 61%]  (Sampling) 
Chain 1 Iteration: 3800 / 6000 [ 63%]  (Sampling) 
Chain 4 Iteration: 3900 / 6000 [ 65%]  (Sampling) 
Chain 3 Iteration: 3900 / 6000 [ 65%]  (Sampling) 
Chain 2 Iteration: 3800 / 6000 [ 63%]  (Sampling) 
Chain 1 Iteration: 3900 / 6000 [ 65%]  (Sampling) 
Chain 4 Iteration: 4000 / 6000 [ 66%]  (Sampling) 
Chain 3 Iteration: 4000 / 6000 [ 66%]  (Sampling) 
Chain 2 Iteration: 3900 / 6000 [ 65%]  (Sampling) 
Chain 1 Iteration: 4000 / 6000 [ 66%]  (Sampling) 
Chain 4 Iteration: 4100 / 6000 [ 68%]  (Sampling) 
Chain 3 Iteration: 4100 / 6000 [ 68%]  (Sampling) 
Chain 2 Iteration: 4000 / 6000 [ 66%]  (Sampling) 
Chain 1 Iteration: 4100 / 6000 [ 68%]  (Sampling) 
Chain 4 Iteration: 4200 / 6000 [ 70%]  (Sampling) 
Chain 3 Iteration: 4200 / 6000 [ 70%]  (Sampling) 
Chain 2 Iteration: 4100 / 6000 [ 68%]  (Sampling) 
Chain 1 Iteration: 4200 / 6000 [ 70%]  (Sampling) 
Chain 4 Iteration: 4300 / 6000 [ 71%]  (Sampling) 
Chain 3 Iteration: 4300 / 6000 [ 71%]  (Sampling) 
Chain 2 Iteration: 4200 / 6000 [ 70%]  (Sampling) 
Chain 1 Iteration: 4300 / 6000 [ 71%]  (Sampling) 
Chain 4 Iteration: 4400 / 6000 [ 73%]  (Sampling) 
Chain 3 Iteration: 4400 / 6000 [ 73%]  (Sampling) 
Chain 2 Iteration: 4300 / 6000 [ 71%]  (Sampling) 
Chain 1 Iteration: 4400 / 6000 [ 73%]  (Sampling) 
Chain 4 Iteration: 4500 / 6000 [ 75%]  (Sampling) 
Chain 3 Iteration: 4500 / 6000 [ 75%]  (Sampling) 
Chain 2 Iteration: 4400 / 6000 [ 73%]  (Sampling) 
Chain 1 Iteration: 4500 / 6000 [ 75%]  (Sampling) 
Chain 4 Iteration: 4600 / 6000 [ 76%]  (Sampling) 
Chain 3 Iteration: 4600 / 6000 [ 76%]  (Sampling) 
Chain 2 Iteration: 4500 / 6000 [ 75%]  (Sampling) 
Chain 1 Iteration: 4600 / 6000 [ 76%]  (Sampling) 
Chain 4 Iteration: 4700 / 6000 [ 78%]  (Sampling) 
Chain 3 Iteration: 4700 / 6000 [ 78%]  (Sampling) 
Chain 2 Iteration: 4600 / 6000 [ 76%]  (Sampling) 
Chain 1 Iteration: 4700 / 6000 [ 78%]  (Sampling) 
Chain 4 Iteration: 4800 / 6000 [ 80%]  (Sampling) 
Chain 3 Iteration: 4800 / 6000 [ 80%]  (Sampling) 
Chain 2 Iteration: 4700 / 6000 [ 78%]  (Sampling) 
Chain 1 Iteration: 4800 / 6000 [ 80%]  (Sampling) 
Chain 4 Iteration: 4900 / 6000 [ 81%]  (Sampling) 
Chain 3 Iteration: 4900 / 6000 [ 81%]  (Sampling) 
Chain 2 Iteration: 4800 / 6000 [ 80%]  (Sampling) 
Chain 1 Iteration: 4900 / 6000 [ 81%]  (Sampling) 
Chain 4 Iteration: 5000 / 6000 [ 83%]  (Sampling) 
Chain 3 Iteration: 5000 / 6000 [ 83%]  (Sampling) 
Chain 2 Iteration: 4900 / 6000 [ 81%]  (Sampling) 
Chain 1 Iteration: 5000 / 6000 [ 83%]  (Sampling) 
Chain 4 Iteration: 5100 / 6000 [ 85%]  (Sampling) 
Chain 3 Iteration: 5100 / 6000 [ 85%]  (Sampling) 
Chain 2 Iteration: 5000 / 6000 [ 83%]  (Sampling) 
Chain 1 Iteration: 5100 / 6000 [ 85%]  (Sampling) 
Chain 4 Iteration: 5200 / 6000 [ 86%]  (Sampling) 
Chain 3 Iteration: 5200 / 6000 [ 86%]  (Sampling) 
Chain 2 Iteration: 5100 / 6000 [ 85%]  (Sampling) 
Chain 1 Iteration: 5200 / 6000 [ 86%]  (Sampling) 
Chain 4 Iteration: 5300 / 6000 [ 88%]  (Sampling) 
Chain 3 Iteration: 5300 / 6000 [ 88%]  (Sampling) 
Chain 2 Iteration: 5200 / 6000 [ 86%]  (Sampling) 
Chain 1 Iteration: 5300 / 6000 [ 88%]  (Sampling) 
Chain 4 Iteration: 5400 / 6000 [ 90%]  (Sampling) 
Chain 3 Iteration: 5400 / 6000 [ 90%]  (Sampling) 
Chain 2 Iteration: 5300 / 6000 [ 88%]  (Sampling) 
Chain 1 Iteration: 5400 / 6000 [ 90%]  (Sampling) 
Chain 4 Iteration: 5500 / 6000 [ 91%]  (Sampling) 
Chain 3 Iteration: 5500 / 6000 [ 91%]  (Sampling) 
Chain 2 Iteration: 5400 / 6000 [ 90%]  (Sampling) 
Chain 1 Iteration: 5500 / 6000 [ 91%]  (Sampling) 
Chain 4 Iteration: 5600 / 6000 [ 93%]  (Sampling) 
Chain 3 Iteration: 5600 / 6000 [ 93%]  (Sampling) 
Chain 2 Iteration: 5500 / 6000 [ 91%]  (Sampling) 
Chain 1 Iteration: 5600 / 6000 [ 93%]  (Sampling) 
Chain 4 Iteration: 5700 / 6000 [ 95%]  (Sampling) 
Chain 3 Iteration: 5700 / 6000 [ 95%]  (Sampling) 
Chain 2 Iteration: 5600 / 6000 [ 93%]  (Sampling) 
Chain 1 Iteration: 5700 / 6000 [ 95%]  (Sampling) 
Chain 4 Iteration: 5800 / 6000 [ 96%]  (Sampling) 
Chain 3 Iteration: 5800 / 6000 [ 96%]  (Sampling) 
Chain 2 Iteration: 5700 / 6000 [ 95%]  (Sampling) 
Chain 1 Iteration: 5800 / 6000 [ 96%]  (Sampling) 
Chain 4 Iteration: 5900 / 6000 [ 98%]  (Sampling) 
Chain 3 Iteration: 5900 / 6000 [ 98%]  (Sampling) 
Chain 2 Iteration: 5800 / 6000 [ 96%]  (Sampling) 
Chain 1 Iteration: 5900 / 6000 [ 98%]  (Sampling) 
Chain 4 Iteration: 6000 / 6000 [100%]  (Sampling) 
Chain 4 finished in 837.7 seconds.
Chain 3 Iteration: 6000 / 6000 [100%]  (Sampling) 
Chain 3 finished in 838.6 seconds.
Chain 2 Iteration: 5900 / 6000 [ 98%]  (Sampling) 
Chain 1 Iteration: 6000 / 6000 [100%]  (Sampling) 
Chain 1 finished in 845.8 seconds.
Chain 2 Iteration: 6000 / 6000 [100%]  (Sampling) 
Chain 2 finished in 852.4 seconds.

All 4 chains finished successfully.
Mean chain execution time: 843.6 seconds.
Total execution time: 852.7 seconds.

[1] "Processing draws 1 to 100"
[1] "Chunk time = 51.4377522468567"
[1] "Processing draws 101 to 200"
[1] "Chunk time = 16.8442964553833"
[1] "Processing draws 201 to 300"
[1] "Chunk time = 16.112095117569"
[1] "Processing draws 301 to 400"
[1] "Chunk time = 16.3255274295807"
[1] "Processing draws 401 to 500"
[1] "Chunk time = 16.0726773738861"
[1] "Processing draws 501 to 600"
[1] "Chunk time = 16.5025980472565"
[1] "Processing draws 601 to 700"
[1] "Chunk time = 16.2552020549774"
[1] "Processing draws 701 to 800"
[1] "Chunk time = 16.4472596645355"
[1] "Processing draws 801 to 900"
[1] "Chunk time = 16.116140127182"
[1] "Processing draws 901 to 1000"
[1] "Chunk time = 16.0749907493591"
[1] "Processing draws 1001 to 1100"
[1] "Chunk time = 16.1529355049133"
[1] "Processing draws 1101 to 1200"
[1] "Chunk time = 16.0440356731415"
[1] "Processing draws 1201 to 1300"
[1] "Chunk time = 16.1999678611755"
[1] "Processing draws 1301 to 1400"
[1] "Chunk time = 16.0642130374908"
[1] "Processing draws 1401 to 1500"
[1] "Chunk time = 16.2268052101135"
[1] "Processing draws 1501 to 1600"
[1] "Chunk time = 15.9124052524567"
[1] "Processing draws 1601 to 1700"
[1] "Chunk time = 16.2010657787323"
[1] "Processing draws 1701 to 1800"
[1] "Chunk time = 16.0162768363953"
[1] "Processing draws 1801 to 1900"
[1] "Chunk time = 16.1638813018799"
[1] "Processing draws 1901 to 2000"
[1] "Chunk time = 15.9744410514832"
[1] "Processing draws 2001 to 2100"
[1] "Chunk time = 16.1802098751068"
[1] "Processing draws 2101 to 2200"
[1] "Chunk time = 16.161164522171"
[1] "Processing draws 2201 to 2300"
[1] "Chunk time = 16.1721007823944"
[1] "Processing draws 2301 to 2400"
[1] "Chunk time = 16.2607622146606"
[1] "Processing draws 2401 to 2500"
[1] "Chunk time = 15.8763597011566"
[1] "Processing draws 2501 to 2600"
[1] "Chunk time = 16.1809401512146"
[1] "Processing draws 2601 to 2700"
[1] "Chunk time = 16.0733449459076"
[1] "Processing draws 2701 to 2800"
[1] "Chunk time = 16.1522576808929"
[1] "Processing draws 2801 to 2900"
[1] "Chunk time = 16.043532371521"
[1] "Processing draws 2901 to 3000"
[1] "Chunk time = 16.1758816242218"
[1] "Processing draws 3001 to 3100"
[1] "Chunk time = 16.0862386226654"
[1] "Processing draws 3101 to 3200"
[1] "Chunk time = 16.1298353672028"
[1] "Processing draws 3201 to 3300"
[1] "Chunk time = 16.1684353351593"
[1] "Processing draws 3301 to 3400"
[1] "Chunk time = 16.0514731407166"
[1] "Processing draws 3401 to 3500"
[1] "Chunk time = 16.1333501338959"
[1] "Processing draws 3501 to 3600"
[1] "Chunk time = 15.9716713428497"
[1] "Processing draws 3601 to 3700"
[1] "Chunk time = 16.2907342910767"
[1] "Processing draws 3701 to 3800"
[1] "Chunk time = 16.0626490116119"
[1] "Processing draws 3801 to 3900"
[1] "Chunk time = 16.137618303299"
[1] "Processing draws 3901 to 4000"
[1] "Chunk time = 16.1796636581421"
[1] "Processing draws 4001 to 4100"
[1] "Chunk time = 16.3700087070465"
[1] "Processing draws 4101 to 4200"
[1] "Chunk time = 15.9298236370087"
[1] "Processing draws 4201 to 4300"
[1] "Chunk time = 16.7638309001923"
[1] "Processing draws 4301 to 4400"
[1] "Chunk time = 16.3183705806732"
[1] "Processing draws 4401 to 4500"
[1] "Chunk time = 16.3301067352295"
[1] "Processing draws 4501 to 4600"
[1] "Chunk time = 16.0839912891388"
[1] "Processing draws 4601 to 4700"
[1] "Chunk time = 16.0435829162598"
[1] "Processing draws 4701 to 4800"
[1] "Chunk time = 16.3207314014435"
[1] "Processing draws 4801 to 4900"
[1] "Chunk time = 16.0642302036285"
[1] "Processing draws 4901 to 5000"
[1] "Chunk time = 16.3775117397308"
[1] "Processing draws 5001 to 5100"
[1] "Chunk time = 16.110710144043"
[1] "Processing draws 5101 to 5200"
[1] "Chunk time = 16.2467322349548"
[1] "Processing draws 5201 to 5300"
[1] "Chunk time = 15.9522655010223"
[1] "Processing draws 5301 to 5400"
[1] "Chunk time = 16.2406740188599"
[1] "Processing draws 5401 to 5500"
[1] "Chunk time = 16.1451635360718"
[1] "Processing draws 5501 to 5600"
[1] "Chunk time = 15.7460849285126"
[1] "Processing draws 5601 to 5700"
[1] "Chunk time = 15.9742481708527"
[1] "Processing draws 5701 to 5800"
[1] "Chunk time = 15.7208757400513"
[1] "Processing draws 5801 to 5900"
[1] "Chunk time = 16.0114855766296"
[1] "Processing draws 5901 to 6000"
[1] "Chunk time = 15.7581512928009"
[1] "Processing draws 6001 to 6100"
[1] "Chunk time = 16.0861520767212"
[1] "Processing draws 6101 to 6200"
[1] "Chunk time = 15.8800594806671"
[1] "Processing draws 6201 to 6300"
[1] "Chunk time = 16.0746285915375"
[1] "Processing draws 6301 to 6400"
[1] "Chunk time = 15.8512938022614"
[1] "Processing draws 6401 to 6500"
[1] "Chunk time = 16.0557250976562"
[1] "Processing draws 6501 to 6600"
[1] "Chunk time = 15.8718404769897"
[1] "Processing draws 6601 to 6700"
[1] "Chunk time = 16.0115542411804"
[1] "Processing draws 6701 to 6800"
[1] "Chunk time = 15.9835729598999"
[1] "Processing draws 6801 to 6900"
[1] "Chunk time = 15.8404049873352"
[1] "Processing draws 6901 to 7000"
[1] "Chunk time = 16.1064565181732"
[1] "Processing draws 7001 to 7100"
[1] "Chunk time = 16.0128076076508"
[1] "Processing draws 7101 to 7200"
[1] "Chunk time = 16.3105669021606"
[1] "Processing draws 7201 to 7300"
[1] "Chunk time = 16.0534753799438"
[1] "Processing draws 7301 to 7400"
[1] "Chunk time = 16.128701210022"
[1] "Processing draws 7401 to 7500"
[1] "Chunk time = 15.9400103092194"
[1] "Processing draws 7501 to 7600"
[1] "Chunk time = 16.144962310791"
[1] "Processing draws 7601 to 7700"
[1] "Chunk time = 16.1738977432251"
[1] "Processing draws 7701 to 7800"
[1] "Chunk time = 15.8825104236603"
[1] "Processing draws 7801 to 7900"
[1] "Chunk time = 16.4362406730652"
[1] "Processing draws 7901 to 8000"
[1] "Chunk time = 16.0885047912598"
[1] "Processing draws 8001 to 8100"
[1] "Chunk time = 16.1803755760193"
[1] "Processing draws 8101 to 8200"
[1] "Chunk time = 15.9854629039764"
[1] "Processing draws 8201 to 8300"
[1] "Chunk time = 16.1213142871857"
[1] "Processing draws 8301 to 8400"
[1] "Chunk time = 16.1817057132721"
[1] "Processing draws 8401 to 8500"
[1] "Chunk time = 16.1680824756622"
[1] "Processing draws 8501 to 8600"
[1] "Chunk time = 16.1094028949738"
[1] "Processing draws 8601 to 8700"
[1] "Chunk time = 16.2340800762177"
[1] "Processing draws 8701 to 8800"
[1] "Chunk time = 15.8514089584351"
[1] "Processing draws 8801 to 8900"
[1] "Chunk time = 16.607917547226"
[1] "Processing draws 8901 to 9000"
[1] "Chunk time = 16.6053006649017"
[1] "Processing draws 9001 to 9100"
[1] "Chunk time = 16.3808622360229"
[1] "Processing draws 9101 to 9200"
[1] "Chunk time = 16.4436826705933"
[1] "Processing draws 9201 to 9300"
[1] "Chunk time = 16.4471657276154"
[1] "Processing draws 9301 to 9400"
[1] "Chunk time = 16.7608749866486"
[1] "Processing draws 9401 to 9500"
[1] "Chunk time = 16.4866092205048"
[1] "Processing draws 9501 to 9600"
[1] "Chunk time = 16.5872175693512"
[1] "Processing draws 9601 to 9700"
[1] "Chunk time = 17.0967376232147"
[1] "Processing draws 9701 to 9800"
[1] "Chunk time = 17.0522530078888"
[1] "Processing draws 9801 to 9900"
[1] "Chunk time = 16.8538160324097"
[1] "Processing draws 9901 to 10000"
[1] "Chunk time = 16.6175751686096"
[1] "Processing draws 10001 to 10100"
[1] "Chunk time = 16.7059226036072"
[1] "Processing draws 10101 to 10200"
[1] "Chunk time = 16.1515648365021"
[1] "Processing draws 10201 to 10300"
[1] "Chunk time = 16.4370963573456"
[1] "Processing draws 10301 to 10400"
[1] "Chunk time = 16.2146677970886"
[1] "Processing draws 10401 to 10500"
[1] "Chunk time = 16.3522233963013"
[1] "Processing draws 10501 to 10600"
[1] "Chunk time = 16.270751953125"
[1] "Processing draws 10601 to 10700"
[1] "Chunk time = 16.3475058078766"
[1] "Processing draws 10701 to 10800"
[1] "Chunk time = 16.1750161647797"
[1] "Processing draws 10801 to 10900"
[1] "Chunk time = 16.5161125659943"
[1] "Processing draws 10901 to 11000"
[1] "Chunk time = 16.3285841941833"
[1] "Processing draws 11001 to 11100"
[1] "Chunk time = 16.4970586299896"
[1] "Processing draws 11101 to 11200"
[1] "Chunk time = 16.3567709922791"
[1] "Processing draws 11201 to 11300"
[1] "Chunk time = 16.2541329860687"
[1] "Processing draws 11301 to 11400"
[1] "Chunk time = 16.4728035926819"
[1] "Processing draws 11401 to 11500"
[1] "Chunk time = 16.6526646614075"
[1] "Processing draws 11501 to 11600"
[1] "Chunk time = 17.1374208927155"
[1] "Processing draws 11601 to 11700"
[1] "Chunk time = 16.6822922229767"
[1] "Processing draws 11701 to 11800"
[1] "Chunk time = 16.8295578956604"
[1] "Processing draws 11801 to 11900"
[1] "Chunk time = 16.4988005161285"
[1] "Processing draws 11901 to 12000"
[1] "Chunk time = 16.5423350334167"
[1] "Processing draws 12001 to 12100"
[1] "Chunk time = 16.5187306404114"
[1] "Processing draws 12101 to 12200"
[1] "Chunk time = 16.5559206008911"
[1] "Processing draws 12201 to 12300"
[1] "Chunk time = 16.7560102939606"
[1] "Processing draws 12301 to 12400"
[1] "Chunk time = 16.5210416316986"
[1] "Processing draws 12401 to 12500"
[1] "Chunk time = 16.6822831630707"
[1] "Processing draws 12501 to 12600"
[1] "Chunk time = 16.4442818164825"
[1] "Processing draws 12601 to 12700"
[1] "Chunk time = 16.6087427139282"
[1] "Processing draws 12701 to 12800"
[1] "Chunk time = 16.4164175987244"
[1] "Processing draws 12801 to 12900"
[1] "Chunk time = 16.6269242763519"
[1] "Processing draws 12901 to 13000"
[1] "Chunk time = 16.4266963005066"
[1] "Processing draws 13001 to 13100"
[1] "Chunk time = 16.620566368103"
[1] "Processing draws 13101 to 13200"
[1] "Chunk time = 16.6023759841919"
[1] "Processing draws 13201 to 13300"
[1] "Chunk time = 16.6958560943604"
[1] "Processing draws 13301 to 13400"
[1] "Chunk time = 16.6539754867554"
[1] "Processing draws 13401 to 13500"
[1] "Chunk time = 16.5683915615082"
[1] "Processing draws 13501 to 13600"
[1] "Chunk time = 16.6042711734772"
[1] "Processing draws 13601 to 13700"
[1] "Chunk time = 16.3502411842346"
[1] "Processing draws 13701 to 13800"
[1] "Chunk time = 16.7013971805573"
[1] "Processing draws 13801 to 13900"
[1] "Chunk time = 16.6560423374176"
[1] "Processing draws 13901 to 14000"
[1] "Chunk time = 16.8096356391907"
[1] "Processing draws 14001 to 14100"
[1] "Chunk time = 16.3100974559784"
[1] "Processing draws 14101 to 14200"
[1] "Chunk time = 16.5174160003662"
[1] "Processing draws 14201 to 14300"
[1] "Chunk time = 16.6972470283508"
[1] "Processing draws 14301 to 14400"
[1] "Chunk time = 16.5305528640747"
[1] "Processing draws 14401 to 14500"
[1] "Chunk time = 16.5680687427521"
[1] "Processing draws 14501 to 14600"
[1] "Chunk time = 16.4757628440857"
[1] "Processing draws 14601 to 14700"
[1] "Chunk time = 16.4250309467316"
[1] "Processing draws 14701 to 14800"
[1] "Chunk time = 16.1766562461853"
[1] "Processing draws 14801 to 14900"
[1] "Chunk time = 16.3086185455322"
[1] "Processing draws 14901 to 15000"
[1] "Chunk time = 16.1861908435822"
[1] "Processing draws 15001 to 15100"
[1] "Chunk time = 16.4153912067413"
[1] "Processing draws 15101 to 15200"
[1] "Chunk time = 16.1738629341125"
[1] "Processing draws 15201 to 15300"
[1] "Chunk time = 16.389340877533"
[1] "Processing draws 15301 to 15400"
[1] "Chunk time = 16.2510049343109"
[1] "Processing draws 15401 to 15500"
[1] "Chunk time = 16.3551251888275"
[1] "Processing draws 15501 to 15600"
[1] "Chunk time = 16.5156812667847"
[1] "Processing draws 15601 to 15700"
[1] "Chunk time = 16.2110760211945"
[1] "Processing draws 15701 to 15800"
[1] "Chunk time = 16.367246389389"
[1] "Processing draws 15801 to 15900"
[1] "Chunk time = 16.3088507652283"
[1] "Processing draws 15901 to 16000"
[1] "Chunk time = 16.5978708267212"
[1] "Processing draws 16001 to 16100"
[1] "Chunk time = 16.2968621253967"
[1] "Processing draws 16101 to 16200"
[1] "Chunk time = 16.5497975349426"
[1] "Processing draws 16201 to 16300"
[1] "Chunk time = 16.3457677364349"
[1] "Processing draws 16301 to 16400"
[1] "Chunk time = 16.5154142379761"
[1] "Processing draws 16401 to 16500"
[1] "Chunk time = 16.4146761894226"
[1] "Processing draws 16501 to 16600"
[1] "Chunk time = 16.3822009563446"
[1] "Processing draws 16601 to 16700"
[1] "Chunk time = 16.618772983551"
[1] "Processing draws 16701 to 16800"
[1] "Chunk time = 16.4112296104431"
[1] "Processing draws 16801 to 16900"
[1] "Chunk time = 16.7737195491791"
[1] "Processing draws 16901 to 17000"
[1] "Chunk time = 16.3740773200989"
[1] "Processing draws 17001 to 17100"
[1] "Chunk time = 16.6498715877533"
[1] "Processing draws 17101 to 17200"
[1] "Chunk time = 16.4443373680115"
[1] "Processing draws 17201 to 17300"
[1] "Chunk time = 16.5164613723755"
[1] "Processing draws 17301 to 17400"
[1] "Chunk time = 16.3691658973694"
[1] "Processing draws 17401 to 17500"
[1] "Chunk time = 16.4923572540283"
[1] "Processing draws 17501 to 17600"
[1] "Chunk time = 16.4802672863007"
[1] "Processing draws 17601 to 17700"
[1] "Chunk time = 16.6351413726807"
[1] "Processing draws 17701 to 17800"
[1] "Chunk time = 16.5621690750122"
[1] "Processing draws 17801 to 17900"
[1] "Chunk time = 16.3705956935883"
[1] "Processing draws 17901 to 18000"
[1] "Chunk time = 16.6087071895599"
[1] "Processing draws 18001 to 18100"
[1] "Chunk time = 16.3517029285431"
[1] "Processing draws 18101 to 18200"
[1] "Chunk time = 16.8021581172943"
[1] "Processing draws 18201 to 18300"
[1] "Chunk time = 16.5117795467377"
[1] "Processing draws 18301 to 18400"
[1] "Chunk time = 16.6608860492706"
[1] "Processing draws 18401 to 18500"
[1] "Chunk time = 16.4926385879517"
[1] "Processing draws 18501 to 18600"
[1] "Chunk time = 16.5280632972717"
[1] "Processing draws 18601 to 18700"
[1] "Chunk time = 16.7426691055298"
[1] "Processing draws 18701 to 18800"
[1] "Chunk time = 16.5983264446259"
[1] "Processing draws 18801 to 18900"
[1] "Chunk time = 16.7637474536896"
[1] "Processing draws 18901 to 19000"
[1] "Chunk time = 16.5091505050659"
[1] "Processing draws 19001 to 19100"
[1] "Chunk time = 16.6514964103699"
[1] "Processing draws 19101 to 19200"
[1] "Chunk time = 16.4891822338104"
[1] "Processing draws 19201 to 19300"
[1] "Chunk time = 16.2692546844482"
[1] "Processing draws 19301 to 19400"
[1] "Chunk time = 16.2814769744873"
[1] "Processing draws 19401 to 19500"
[1] "Chunk time = 16.294979095459"
[1] "Processing draws 19501 to 19600"
[1] "Chunk time = 16.1942672729492"
[1] "Processing draws 19601 to 19700"
[1] "Chunk time = 16.3953881263733"
[1] "Processing draws 19701 to 19800"
[1] "Chunk time = 16.1676049232483"
[1] "Processing draws 19801 to 19900"
[1] "Chunk time = 16.2813451290131"
[1] "Processing draws 19901 to 20000"
[1] "Chunk time = 16.5001792907715"
[1] "done lapplying"
[1] "Saving current params"
[1] "Saving params to output.rds"
[1] TRUE
