[1] "Starting sampling."
Running MCMC with 4 parallel chains, with 4 thread(s) per chain...

Chain 1 Iteration:    1 / 6000 [  0%]  (Warmup) 
Chain 2 Iteration:    1 / 6000 [  0%]  (Warmup) 
Chain 3 Iteration:    1 / 6000 [  0%]  (Warmup) 
Chain 4 Iteration:    1 / 6000 [  0%]  (Warmup) 
Chain 3 Iteration:  100 / 6000 [  1%]  (Warmup) 
Chain 1 Iteration:  100 / 6000 [  1%]  (Warmup) 
Chain 4 Iteration:  100 / 6000 [  1%]  (Warmup) 
Chain 2 Iteration:  100 / 6000 [  1%]  (Warmup) 
Chain 4 Iteration:  200 / 6000 [  3%]  (Warmup) 
Chain 2 Iteration:  200 / 6000 [  3%]  (Warmup) 
Chain 3 Iteration:  200 / 6000 [  3%]  (Warmup) 
Chain 1 Iteration:  200 / 6000 [  3%]  (Warmup) 
Chain 4 Iteration:  300 / 6000 [  5%]  (Warmup) 
Chain 2 Iteration:  300 / 6000 [  5%]  (Warmup) 
Chain 1 Iteration:  300 / 6000 [  5%]  (Warmup) 
Chain 3 Iteration:  300 / 6000 [  5%]  (Warmup) 
Chain 4 Iteration:  400 / 6000 [  6%]  (Warmup) 
Chain 2 Iteration:  400 / 6000 [  6%]  (Warmup) 
Chain 1 Iteration:  400 / 6000 [  6%]  (Warmup) 
Chain 3 Iteration:  400 / 6000 [  6%]  (Warmup) 
Chain 4 Iteration:  500 / 6000 [  8%]  (Warmup) 
Chain 2 Iteration:  500 / 6000 [  8%]  (Warmup) 
Chain 1 Iteration:  500 / 6000 [  8%]  (Warmup) 
Chain 3 Iteration:  500 / 6000 [  8%]  (Warmup) 
Chain 1 Iteration:  600 / 6000 [ 10%]  (Warmup) 
Chain 2 Iteration:  600 / 6000 [ 10%]  (Warmup) 
Chain 4 Iteration:  600 / 6000 [ 10%]  (Warmup) 
Chain 3 Iteration:  600 / 6000 [ 10%]  (Warmup) 
Chain 1 Iteration:  700 / 6000 [ 11%]  (Warmup) 
Chain 4 Iteration:  700 / 6000 [ 11%]  (Warmup) 
Chain 2 Iteration:  700 / 6000 [ 11%]  (Warmup) 
Chain 3 Iteration:  700 / 6000 [ 11%]  (Warmup) 
Chain 4 Iteration:  800 / 6000 [ 13%]  (Warmup) 
Chain 1 Iteration:  800 / 6000 [ 13%]  (Warmup) 
Chain 2 Iteration:  800 / 6000 [ 13%]  (Warmup) 
Chain 3 Iteration:  800 / 6000 [ 13%]  (Warmup) 
Chain 1 Iteration:  900 / 6000 [ 15%]  (Warmup) 
Chain 4 Iteration:  900 / 6000 [ 15%]  (Warmup) 
Chain 2 Iteration:  900 / 6000 [ 15%]  (Warmup) 
Chain 3 Iteration:  900 / 6000 [ 15%]  (Warmup) 
Chain 1 Iteration: 1000 / 6000 [ 16%]  (Warmup) 
Chain 1 Iteration: 1001 / 6000 [ 16%]  (Sampling) 
Chain 4 Iteration: 1000 / 6000 [ 16%]  (Warmup) 
Chain 4 Iteration: 1001 / 6000 [ 16%]  (Sampling) 
Chain 2 Iteration: 1000 / 6000 [ 16%]  (Warmup) 
Chain 2 Iteration: 1001 / 6000 [ 16%]  (Sampling) 
Chain 3 Iteration: 1000 / 6000 [ 16%]  (Warmup) 
Chain 3 Iteration: 1001 / 6000 [ 16%]  (Sampling) 
Chain 1 Iteration: 1100 / 6000 [ 18%]  (Sampling) 
Chain 4 Iteration: 1100 / 6000 [ 18%]  (Sampling) 
Chain 2 Iteration: 1100 / 6000 [ 18%]  (Sampling) 
Chain 3 Iteration: 1100 / 6000 [ 18%]  (Sampling) 
Chain 1 Iteration: 1200 / 6000 [ 20%]  (Sampling) 
Chain 4 Iteration: 1200 / 6000 [ 20%]  (Sampling) 
Chain 2 Iteration: 1200 / 6000 [ 20%]  (Sampling) 
Chain 3 Iteration: 1200 / 6000 [ 20%]  (Sampling) 
Chain 1 Iteration: 1300 / 6000 [ 21%]  (Sampling) 
Chain 4 Iteration: 1300 / 6000 [ 21%]  (Sampling) 
Chain 2 Iteration: 1300 / 6000 [ 21%]  (Sampling) 
Chain 3 Iteration: 1300 / 6000 [ 21%]  (Sampling) 
Chain 1 Iteration: 1400 / 6000 [ 23%]  (Sampling) 
Chain 4 Iteration: 1400 / 6000 [ 23%]  (Sampling) 
Chain 2 Iteration: 1400 / 6000 [ 23%]  (Sampling) 
Chain 3 Iteration: 1400 / 6000 [ 23%]  (Sampling) 
Chain 1 Iteration: 1500 / 6000 [ 25%]  (Sampling) 
Chain 4 Iteration: 1500 / 6000 [ 25%]  (Sampling) 
Chain 2 Iteration: 1500 / 6000 [ 25%]  (Sampling) 
Chain 3 Iteration: 1500 / 6000 [ 25%]  (Sampling) 
Chain 4 Iteration: 1600 / 6000 [ 26%]  (Sampling) 
Chain 1 Iteration: 1600 / 6000 [ 26%]  (Sampling) 
Chain 2 Iteration: 1600 / 6000 [ 26%]  (Sampling) 
Chain 3 Iteration: 1600 / 6000 [ 26%]  (Sampling) 
Chain 4 Iteration: 1700 / 6000 [ 28%]  (Sampling) 
Chain 2 Iteration: 1700 / 6000 [ 28%]  (Sampling) 
Chain 1 Iteration: 1700 / 6000 [ 28%]  (Sampling) 
Chain 3 Iteration: 1700 / 6000 [ 28%]  (Sampling) 
Chain 4 Iteration: 1800 / 6000 [ 30%]  (Sampling) 
Chain 2 Iteration: 1800 / 6000 [ 30%]  (Sampling) 
Chain 1 Iteration: 1800 / 6000 [ 30%]  (Sampling) 
Chain 3 Iteration: 1800 / 6000 [ 30%]  (Sampling) 
Chain 4 Iteration: 1900 / 6000 [ 31%]  (Sampling) 
Chain 2 Iteration: 1900 / 6000 [ 31%]  (Sampling) 
Chain 1 Iteration: 1900 / 6000 [ 31%]  (Sampling) 
Chain 3 Iteration: 1900 / 6000 [ 31%]  (Sampling) 
Chain 4 Iteration: 2000 / 6000 [ 33%]  (Sampling) 
Chain 2 Iteration: 2000 / 6000 [ 33%]  (Sampling) 
Chain 1 Iteration: 2000 / 6000 [ 33%]  (Sampling) 
Chain 3 Iteration: 2000 / 6000 [ 33%]  (Sampling) 
Chain 4 Iteration: 2100 / 6000 [ 35%]  (Sampling) 
Chain 2 Iteration: 2100 / 6000 [ 35%]  (Sampling) 
Chain 1 Iteration: 2100 / 6000 [ 35%]  (Sampling) 
Chain 3 Iteration: 2100 / 6000 [ 35%]  (Sampling) 
Chain 4 Iteration: 2200 / 6000 [ 36%]  (Sampling) 
Chain 2 Iteration: 2200 / 6000 [ 36%]  (Sampling) 
Chain 1 Iteration: 2200 / 6000 [ 36%]  (Sampling) 
Chain 3 Iteration: 2200 / 6000 [ 36%]  (Sampling) 
Chain 4 Iteration: 2300 / 6000 [ 38%]  (Sampling) 
Chain 2 Iteration: 2300 / 6000 [ 38%]  (Sampling) 
Chain 1 Iteration: 2300 / 6000 [ 38%]  (Sampling) 
Chain 3 Iteration: 2300 / 6000 [ 38%]  (Sampling) 
Chain 4 Iteration: 2400 / 6000 [ 40%]  (Sampling) 
Chain 2 Iteration: 2400 / 6000 [ 40%]  (Sampling) 
Chain 1 Iteration: 2400 / 6000 [ 40%]  (Sampling) 
Chain 3 Iteration: 2400 / 6000 [ 40%]  (Sampling) 
Chain 4 Iteration: 2500 / 6000 [ 41%]  (Sampling) 
Chain 2 Iteration: 2500 / 6000 [ 41%]  (Sampling) 
Chain 1 Iteration: 2500 / 6000 [ 41%]  (Sampling) 
Chain 3 Iteration: 2500 / 6000 [ 41%]  (Sampling) 
Chain 4 Iteration: 2600 / 6000 [ 43%]  (Sampling) 
Chain 2 Iteration: 2600 / 6000 [ 43%]  (Sampling) 
Chain 1 Iteration: 2600 / 6000 [ 43%]  (Sampling) 
Chain 3 Iteration: 2600 / 6000 [ 43%]  (Sampling) 
Chain 4 Iteration: 2700 / 6000 [ 45%]  (Sampling) 
Chain 2 Iteration: 2700 / 6000 [ 45%]  (Sampling) 
Chain 1 Iteration: 2700 / 6000 [ 45%]  (Sampling) 
Chain 3 Iteration: 2700 / 6000 [ 45%]  (Sampling) 
Chain 4 Iteration: 2800 / 6000 [ 46%]  (Sampling) 
Chain 2 Iteration: 2800 / 6000 [ 46%]  (Sampling) 
Chain 1 Iteration: 2800 / 6000 [ 46%]  (Sampling) 
Chain 3 Iteration: 2800 / 6000 [ 46%]  (Sampling) 
Chain 4 Iteration: 2900 / 6000 [ 48%]  (Sampling) 
Chain 2 Iteration: 2900 / 6000 [ 48%]  (Sampling) 
Chain 1 Iteration: 2900 / 6000 [ 48%]  (Sampling) 
Chain 3 Iteration: 2900 / 6000 [ 48%]  (Sampling) 
Chain 4 Iteration: 3000 / 6000 [ 50%]  (Sampling) 
Chain 2 Iteration: 3000 / 6000 [ 50%]  (Sampling) 
Chain 1 Iteration: 3000 / 6000 [ 50%]  (Sampling) 
Chain 3 Iteration: 3000 / 6000 [ 50%]  (Sampling) 
Chain 4 Iteration: 3100 / 6000 [ 51%]  (Sampling) 
Chain 2 Iteration: 3100 / 6000 [ 51%]  (Sampling) 
Chain 1 Iteration: 3100 / 6000 [ 51%]  (Sampling) 
Chain 3 Iteration: 3100 / 6000 [ 51%]  (Sampling) 
Chain 4 Iteration: 3200 / 6000 [ 53%]  (Sampling) 
Chain 2 Iteration: 3200 / 6000 [ 53%]  (Sampling) 
Chain 1 Iteration: 3200 / 6000 [ 53%]  (Sampling) 
Chain 3 Iteration: 3200 / 6000 [ 53%]  (Sampling) 
Chain 4 Iteration: 3300 / 6000 [ 55%]  (Sampling) 
Chain 2 Iteration: 3300 / 6000 [ 55%]  (Sampling) 
Chain 1 Iteration: 3300 / 6000 [ 55%]  (Sampling) 
Chain 3 Iteration: 3300 / 6000 [ 55%]  (Sampling) 
Chain 4 Iteration: 3400 / 6000 [ 56%]  (Sampling) 
Chain 2 Iteration: 3400 / 6000 [ 56%]  (Sampling) 
Chain 1 Iteration: 3400 / 6000 [ 56%]  (Sampling) 
Chain 3 Iteration: 3400 / 6000 [ 56%]  (Sampling) 
Chain 4 Iteration: 3500 / 6000 [ 58%]  (Sampling) 
Chain 2 Iteration: 3500 / 6000 [ 58%]  (Sampling) 
Chain 1 Iteration: 3500 / 6000 [ 58%]  (Sampling) 
Chain 3 Iteration: 3500 / 6000 [ 58%]  (Sampling) 
Chain 4 Iteration: 3600 / 6000 [ 60%]  (Sampling) 
Chain 2 Iteration: 3600 / 6000 [ 60%]  (Sampling) 
Chain 1 Iteration: 3600 / 6000 [ 60%]  (Sampling) 
Chain 3 Iteration: 3600 / 6000 [ 60%]  (Sampling) 
Chain 4 Iteration: 3700 / 6000 [ 61%]  (Sampling) 
Chain 2 Iteration: 3700 / 6000 [ 61%]  (Sampling) 
Chain 1 Iteration: 3700 / 6000 [ 61%]  (Sampling) 
Chain 3 Iteration: 3700 / 6000 [ 61%]  (Sampling) 
Chain 4 Iteration: 3800 / 6000 [ 63%]  (Sampling) 
Chain 2 Iteration: 3800 / 6000 [ 63%]  (Sampling) 
Chain 1 Iteration: 3800 / 6000 [ 63%]  (Sampling) 
Chain 3 Iteration: 3800 / 6000 [ 63%]  (Sampling) 
Chain 4 Iteration: 3900 / 6000 [ 65%]  (Sampling) 
Chain 2 Iteration: 3900 / 6000 [ 65%]  (Sampling) 
Chain 1 Iteration: 3900 / 6000 [ 65%]  (Sampling) 
Chain 3 Iteration: 3900 / 6000 [ 65%]  (Sampling) 
Chain 4 Iteration: 4000 / 6000 [ 66%]  (Sampling) 
Chain 2 Iteration: 4000 / 6000 [ 66%]  (Sampling) 
Chain 1 Iteration: 4000 / 6000 [ 66%]  (Sampling) 
Chain 3 Iteration: 4000 / 6000 [ 66%]  (Sampling) 
Chain 4 Iteration: 4100 / 6000 [ 68%]  (Sampling) 
Chain 2 Iteration: 4100 / 6000 [ 68%]  (Sampling) 
Chain 1 Iteration: 4100 / 6000 [ 68%]  (Sampling) 
Chain 3 Iteration: 4100 / 6000 [ 68%]  (Sampling) 
Chain 4 Iteration: 4200 / 6000 [ 70%]  (Sampling) 
Chain 2 Iteration: 4200 / 6000 [ 70%]  (Sampling) 
Chain 1 Iteration: 4200 / 6000 [ 70%]  (Sampling) 
Chain 3 Iteration: 4200 / 6000 [ 70%]  (Sampling) 
Chain 4 Iteration: 4300 / 6000 [ 71%]  (Sampling) 
Chain 2 Iteration: 4300 / 6000 [ 71%]  (Sampling) 
Chain 1 Iteration: 4300 / 6000 [ 71%]  (Sampling) 
Chain 3 Iteration: 4300 / 6000 [ 71%]  (Sampling) 
Chain 4 Iteration: 4400 / 6000 [ 73%]  (Sampling) 
Chain 2 Iteration: 4400 / 6000 [ 73%]  (Sampling) 
Chain 1 Iteration: 4400 / 6000 [ 73%]  (Sampling) 
Chain 3 Iteration: 4400 / 6000 [ 73%]  (Sampling) 
Chain 4 Iteration: 4500 / 6000 [ 75%]  (Sampling) 
Chain 2 Iteration: 4500 / 6000 [ 75%]  (Sampling) 
Chain 1 Iteration: 4500 / 6000 [ 75%]  (Sampling) 
Chain 3 Iteration: 4500 / 6000 [ 75%]  (Sampling) 
Chain 4 Iteration: 4600 / 6000 [ 76%]  (Sampling) 
Chain 2 Iteration: 4600 / 6000 [ 76%]  (Sampling) 
Chain 1 Iteration: 4600 / 6000 [ 76%]  (Sampling) 
Chain 3 Iteration: 4600 / 6000 [ 76%]  (Sampling) 
Chain 4 Iteration: 4700 / 6000 [ 78%]  (Sampling) 
Chain 2 Iteration: 4700 / 6000 [ 78%]  (Sampling) 
Chain 1 Iteration: 4700 / 6000 [ 78%]  (Sampling) 
Chain 3 Iteration: 4700 / 6000 [ 78%]  (Sampling) 
Chain 4 Iteration: 4800 / 6000 [ 80%]  (Sampling) 
Chain 2 Iteration: 4800 / 6000 [ 80%]  (Sampling) 
Chain 1 Iteration: 4800 / 6000 [ 80%]  (Sampling) 
Chain 3 Iteration: 4800 / 6000 [ 80%]  (Sampling) 
Chain 4 Iteration: 4900 / 6000 [ 81%]  (Sampling) 
Chain 2 Iteration: 4900 / 6000 [ 81%]  (Sampling) 
Chain 1 Iteration: 4900 / 6000 [ 81%]  (Sampling) 
Chain 3 Iteration: 4900 / 6000 [ 81%]  (Sampling) 
Chain 4 Iteration: 5000 / 6000 [ 83%]  (Sampling) 
Chain 2 Iteration: 5000 / 6000 [ 83%]  (Sampling) 
Chain 1 Iteration: 5000 / 6000 [ 83%]  (Sampling) 
Chain 3 Iteration: 5000 / 6000 [ 83%]  (Sampling) 
Chain 4 Iteration: 5100 / 6000 [ 85%]  (Sampling) 
Chain 2 Iteration: 5100 / 6000 [ 85%]  (Sampling) 
Chain 1 Iteration: 5100 / 6000 [ 85%]  (Sampling) 
Chain 3 Iteration: 5100 / 6000 [ 85%]  (Sampling) 
Chain 4 Iteration: 5200 / 6000 [ 86%]  (Sampling) 
Chain 2 Iteration: 5200 / 6000 [ 86%]  (Sampling) 
Chain 1 Iteration: 5200 / 6000 [ 86%]  (Sampling) 
Chain 3 Iteration: 5200 / 6000 [ 86%]  (Sampling) 
Chain 4 Iteration: 5300 / 6000 [ 88%]  (Sampling) 
Chain 2 Iteration: 5300 / 6000 [ 88%]  (Sampling) 
Chain 1 Iteration: 5300 / 6000 [ 88%]  (Sampling) 
Chain 3 Iteration: 5300 / 6000 [ 88%]  (Sampling) 
Chain 4 Iteration: 5400 / 6000 [ 90%]  (Sampling) 
Chain 2 Iteration: 5400 / 6000 [ 90%]  (Sampling) 
Chain 1 Iteration: 5400 / 6000 [ 90%]  (Sampling) 
Chain 3 Iteration: 5400 / 6000 [ 90%]  (Sampling) 
Chain 4 Iteration: 5500 / 6000 [ 91%]  (Sampling) 
Chain 2 Iteration: 5500 / 6000 [ 91%]  (Sampling) 
Chain 1 Iteration: 5500 / 6000 [ 91%]  (Sampling) 
Chain 3 Iteration: 5500 / 6000 [ 91%]  (Sampling) 
Chain 4 Iteration: 5600 / 6000 [ 93%]  (Sampling) 
Chain 2 Iteration: 5600 / 6000 [ 93%]  (Sampling) 
Chain 1 Iteration: 5600 / 6000 [ 93%]  (Sampling) 
Chain 3 Iteration: 5600 / 6000 [ 93%]  (Sampling) 
Chain 4 Iteration: 5700 / 6000 [ 95%]  (Sampling) 
Chain 2 Iteration: 5700 / 6000 [ 95%]  (Sampling) 
Chain 1 Iteration: 5700 / 6000 [ 95%]  (Sampling) 
Chain 3 Iteration: 5700 / 6000 [ 95%]  (Sampling) 
Chain 4 Iteration: 5800 / 6000 [ 96%]  (Sampling) 
Chain 2 Iteration: 5800 / 6000 [ 96%]  (Sampling) 
Chain 1 Iteration: 5800 / 6000 [ 96%]  (Sampling) 
Chain 3 Iteration: 5800 / 6000 [ 96%]  (Sampling) 
Chain 4 Iteration: 5900 / 6000 [ 98%]  (Sampling) 
Chain 2 Iteration: 5900 / 6000 [ 98%]  (Sampling) 
Chain 3 Iteration: 5900 / 6000 [ 98%]  (Sampling) 
Chain 1 Iteration: 5900 / 6000 [ 98%]  (Sampling) 
Chain 4 Iteration: 6000 / 6000 [100%]  (Sampling) 
Chain 4 finished in 47021.1 seconds.
Chain 2 Iteration: 6000 / 6000 [100%]  (Sampling) 
Chain 2 finished in 47062.8 seconds.
Chain 3 Iteration: 6000 / 6000 [100%]  (Sampling) 
Chain 3 finished in 47225.0 seconds.
Chain 1 Iteration: 6000 / 6000 [100%]  (Sampling) 
Chain 1 finished in 47236.1 seconds.

All 4 chains finished successfully.
Mean chain execution time: 47136.2 seconds.
Total execution time: 47236.9 seconds.

[1] "Processing draws 1 to 100"
[1] "Chunk time = 3.17512103319168"
[1] "Processing draws 101 to 200"
[1] "Chunk time = 2.2694927295049"
[1] "Processing draws 201 to 300"
[1] "Chunk time = 2.45795283317566"
[1] "Processing draws 301 to 400"
[1] "Chunk time = 2.08277662197749"
[1] "Processing draws 401 to 500"
[1] "Chunk time = 1.99039196968079"
[1] "Processing draws 501 to 600"
[1] "Chunk time = 1.99261550108592"
[1] "Processing draws 601 to 700"
[1] "Chunk time = 2.03227240244548"
[1] "Processing draws 701 to 800"
[1] "Chunk time = 2.13039718866348"
[1] "Processing draws 801 to 900"
[1] "Chunk time = 1.99085525671641"
[1] "Processing draws 901 to 1000"
[1] "Chunk time = 2.01759771903356"
[1] "Processing draws 1001 to 1100"
[1] "Chunk time = 1.98629400332769"
[1] "Processing draws 1101 to 1200"
[1] "Chunk time = 2.04757990042369"
[1] "Processing draws 1201 to 1300"
[1] "Chunk time = 1.98948369423548"
[1] "Processing draws 1301 to 1400"
[1] "Chunk time = 1.98273288011551"
[1] "Processing draws 1401 to 1500"
[1] "Chunk time = 2.03463692267736"
[1] "Processing draws 1501 to 1600"
[1] "Chunk time = 2.03340170780818"
[1] "Processing draws 1601 to 1700"
[1] "Chunk time = 1.96617460648219"
[1] "Processing draws 1701 to 1800"
[1] "Chunk time = 1.96688873767853"
[1] "Processing draws 1801 to 1900"
[1] "Chunk time = 1.98259869416555"
[1] "Processing draws 1901 to 2000"
[1] "Chunk time = 2.02146091461182"
[1] "Processing draws 2001 to 2100"
[1] "Chunk time = 1.97178648710251"
[1] "Processing draws 2101 to 2200"
[1] "Chunk time = 2.02839242617289"
[1] "Processing draws 2201 to 2300"
[1] "Chunk time = 1.96636186440786"
[1] "Processing draws 2301 to 2400"
[1] "Chunk time = 2.0285481651624"
[1] "Processing draws 2401 to 2500"
[1] "Chunk time = 1.98082000017166"
[1] "Processing draws 2501 to 2600"
[1] "Chunk time = 2.00152519146601"
[1] "Processing draws 2601 to 2700"
[1] "Chunk time = 1.97645406723022"
[1] "Processing draws 2701 to 2800"
[1] "Chunk time = 2.06528070767721"
[1] "Processing draws 2801 to 2900"
[1] "Chunk time = 1.98055797815323"
[1] "Processing draws 2901 to 3000"
[1] "Chunk time = 1.96887649297714"
[1] "Processing draws 3001 to 3100"
[1] "Chunk time = 1.98868997097015"
[1] "Processing draws 3101 to 3200"
[1] "Chunk time = 2.01635841528575"
[1] "Processing draws 3201 to 3300"
[1] "Chunk time = 1.96454906860987"
[1] "Processing draws 3301 to 3400"
[1] "Chunk time = 1.98738342126211"
[1] "Processing draws 3401 to 3500"
[1] "Chunk time = 1.97178293466568"
[1] "Processing draws 3501 to 3600"
[1] "Chunk time = 2.03636496464411"
[1] "Processing draws 3601 to 3700"
[1] "Chunk time = 1.99072244962056"
[1] "Processing draws 3701 to 3800"
[1] "Chunk time = 1.98662693103154"
[1] "Processing draws 3801 to 3900"
[1] "Chunk time = 1.96416665315628"
[1] "Processing draws 3901 to 4000"
[1] "Chunk time = 2.03484454552333"
[1] "Processing draws 4001 to 4100"
[1] "Chunk time = 2.03101861079534"
[1] "Processing draws 4101 to 4200"
[1] "Chunk time = 1.96770843267441"
[1] "Processing draws 4201 to 4300"
[1] "Chunk time = 1.98445554574331"
[1] "Processing draws 4301 to 4400"
[1] "Chunk time = 2.01554301977158"
[1] "Processing draws 4401 to 4500"
[1] "Chunk time = 1.94934698343277"
[1] "Processing draws 4501 to 4600"
[1] "Chunk time = 1.99496182203293"
[1] "Processing draws 4601 to 4700"
[1] "Chunk time = 1.9790155172348"
[1] "Processing draws 4701 to 4800"
[1] "Chunk time = 2.01627958615621"
[1] "Processing draws 4801 to 4900"
[1] "Chunk time = 1.97716705004374"
[1] "Processing draws 4901 to 5000"
[1] "Chunk time = 1.96394557555517"
[1] "Processing draws 5001 to 5100"
[1] "Chunk time = 1.95143674612045"
[1] "Processing draws 5101 to 5200"
[1] "Chunk time = 2.03508435885111"
[1] "Processing draws 5201 to 5300"
[1] "Chunk time = 1.9990651289622"
[1] "Processing draws 5301 to 5400"
[1] "Chunk time = 1.99275061686834"
[1] "Processing draws 5401 to 5500"
[1] "Chunk time = 2.01262301206589"
[1] "Processing draws 5501 to 5600"
[1] "Chunk time = 2.03127979834874"
[1] "Processing draws 5601 to 5700"
[1] "Chunk time = 1.96161514918009"
[1] "Processing draws 5701 to 5800"
[1] "Chunk time = 1.97248352766037"
[1] "Processing draws 5801 to 5900"
[1] "Chunk time = 1.97341902256012"
[1] "Processing draws 5901 to 6000"
[1] "Chunk time = 2.02709469795227"
[1] "Processing draws 6001 to 6100"
[1] "Chunk time = 2.00934891700745"
[1] "Processing draws 6101 to 6200"
[1] "Chunk time = 2.00969952742259"
[1] "Processing draws 6201 to 6300"
[1] "Chunk time = 1.96087146202723"
[1] "Processing draws 6301 to 6400"
[1] "Chunk time = 2.03369241555532"
[1] "Processing draws 6401 to 6500"
[1] "Chunk time = 1.97103316783905"
[1] "Processing draws 6501 to 6600"
[1] "Chunk time = 1.97190786202749"
[1] "Processing draws 6601 to 6700"
[1] "Chunk time = 2.01443759202957"
[1] "Processing draws 6701 to 6800"
[1] "Chunk time = 2.01763737599055"
[1] "Processing draws 6801 to 6900"
[1] "Chunk time = 1.99741792678833"
[1] "Processing draws 6901 to 7000"
[1] "Chunk time = 1.98095172246297"
[1] "Processing draws 7001 to 7100"
[1] "Chunk time = 1.96704151630402"
[1] "Processing draws 7101 to 7200"
[1] "Chunk time = 2.01593559185664"
[1] "Processing draws 7201 to 7300"
[1] "Chunk time = 1.98265177806218"
[1] "Processing draws 7301 to 7400"
[1] "Chunk time = 1.97569122314453"
[1] "Processing draws 7401 to 7500"
[1] "Chunk time = 1.98041029771169"
[1] "Processing draws 7501 to 7600"
[1] "Chunk time = 2.00629056294759"
[1] "Processing draws 7601 to 7700"
[1] "Chunk time = 1.96277321577072"
[1] "Processing draws 7701 to 7800"
[1] "Chunk time = 1.95711971124013"
[1] "Processing draws 7801 to 7900"
[1] "Chunk time = 1.97493222951889"
[1] "Processing draws 7901 to 8000"
[1] "Chunk time = 2.00415641069412"
[1] "Processing draws 8001 to 8100"
[1] "Chunk time = 1.9588703751564"
[1] "Processing draws 8101 to 8200"
[1] "Chunk time = 1.98124519586563"
[1] "Processing draws 8201 to 8300"
[1] "Chunk time = 1.99702074130376"
[1] "Processing draws 8301 to 8400"
[1] "Chunk time = 2.00434328715007"
[1] "Processing draws 8401 to 8500"
[1] "Chunk time = 1.97455147107442"
[1] "Processing draws 8501 to 8600"
[1] "Chunk time = 1.95731238126755"
[1] "Processing draws 8601 to 8700"
[1] "Chunk time = 1.94734238386154"
[1] "Processing draws 8701 to 8800"
[1] "Chunk time = 2.00155302683512"
[1] "Processing draws 8801 to 8900"
[1] "Chunk time = 2.00655742486318"
[1] "Processing draws 8901 to 9000"
[1] "Chunk time = 2.0520466764768"
[1] "Processing draws 9001 to 9100"
[1] "Chunk time = 2.01229120890299"
[1] "Processing draws 9101 to 9200"
[1] "Chunk time = 2.0417208592097"
[1] "Processing draws 9201 to 9300"
[1] "Chunk time = 1.99534706672033"
[1] "Processing draws 9301 to 9400"
[1] "Chunk time = 2.02428849140803"
[1] "Processing draws 9401 to 9500"
[1] "Chunk time = 1.98724796374639"
[1] "Processing draws 9501 to 9600"
[1] "Chunk time = 2.04640080531438"
[1] "Processing draws 9601 to 9700"
[1] "Chunk time = 2.04968195756276"
[1] "Processing draws 9701 to 9800"
