[1] "Starting sampling."
Running MCMC with 4 parallel chains, with 4 thread(s) per chain...

Chain 1 Iteration:    1 / 6000 [  0%]  (Warmup) 
Chain 2 Iteration:    1 / 6000 [  0%]  (Warmup) 
Chain 4 Iteration:    1 / 6000 [  0%]  (Warmup) 
Chain 3 Iteration:    1 / 6000 [  0%]  (Warmup) 
Chain 3 Iteration:  100 / 6000 [  1%]  (Warmup) 
Chain 4 Iteration:  100 / 6000 [  1%]  (Warmup) 
Chain 2 Iteration:  100 / 6000 [  1%]  (Warmup) 
Chain 1 Iteration:  100 / 6000 [  1%]  (Warmup) 
Chain 3 Iteration:  200 / 6000 [  3%]  (Warmup) 
Chain 4 Iteration:  200 / 6000 [  3%]  (Warmup) 
Chain 1 Iteration:  200 / 6000 [  3%]  (Warmup) 
Chain 2 Iteration:  200 / 6000 [  3%]  (Warmup) 
Chain 3 Iteration:  300 / 6000 [  5%]  (Warmup) 
Chain 3 Iteration:  400 / 6000 [  6%]  (Warmup) 
Chain 4 Iteration:  300 / 6000 [  5%]  (Warmup) 
Chain 2 Iteration:  300 / 6000 [  5%]  (Warmup) 
Chain 1 Iteration:  300 / 6000 [  5%]  (Warmup) 
Chain 3 Iteration:  500 / 6000 [  8%]  (Warmup) 
Chain 4 Iteration:  400 / 6000 [  6%]  (Warmup) 
Chain 2 Iteration:  400 / 6000 [  6%]  (Warmup) 
Chain 1 Iteration:  400 / 6000 [  6%]  (Warmup) 
Chain 3 Iteration:  600 / 6000 [ 10%]  (Warmup) 
Chain 4 Iteration:  500 / 6000 [  8%]  (Warmup) 
Chain 1 Iteration:  500 / 6000 [  8%]  (Warmup) 
Chain 3 Iteration:  700 / 6000 [ 11%]  (Warmup) 
Chain 2 Iteration:  500 / 6000 [  8%]  (Warmup) 
Chain 3 Iteration:  800 / 6000 [ 13%]  (Warmup) 
Chain 4 Iteration:  600 / 6000 [ 10%]  (Warmup) 
Chain 2 Iteration:  600 / 6000 [ 10%]  (Warmup) 
Chain 1 Iteration:  600 / 6000 [ 10%]  (Warmup) 
Chain 3 Iteration:  900 / 6000 [ 15%]  (Warmup) 
Chain 2 Iteration:  700 / 6000 [ 11%]  (Warmup) 
Chain 4 Iteration:  700 / 6000 [ 11%]  (Warmup) 
Chain 1 Iteration:  700 / 6000 [ 11%]  (Warmup) 
Chain 3 Iteration: 1000 / 6000 [ 16%]  (Warmup) 
Chain 3 Iteration: 1001 / 6000 [ 16%]  (Sampling) 
Chain 4 Iteration:  800 / 6000 [ 13%]  (Warmup) 
Chain 2 Iteration:  800 / 6000 [ 13%]  (Warmup) 
Chain 1 Iteration:  800 / 6000 [ 13%]  (Warmup) 
Chain 3 Iteration: 1100 / 6000 [ 18%]  (Sampling) 
Chain 3 Iteration: 1200 / 6000 [ 20%]  (Sampling) 
Chain 4 Iteration:  900 / 6000 [ 15%]  (Warmup) 
Chain 2 Iteration:  900 / 6000 [ 15%]  (Warmup) 
Chain 1 Iteration:  900 / 6000 [ 15%]  (Warmup) 
Chain 3 Iteration: 1300 / 6000 [ 21%]  (Sampling) 
Chain 4 Iteration: 1000 / 6000 [ 16%]  (Warmup) 
Chain 4 Iteration: 1001 / 6000 [ 16%]  (Sampling) 
Chain 2 Iteration: 1000 / 6000 [ 16%]  (Warmup) 
Chain 2 Iteration: 1001 / 6000 [ 16%]  (Sampling) 
Chain 1 Iteration: 1000 / 6000 [ 16%]  (Warmup) 
Chain 1 Iteration: 1001 / 6000 [ 16%]  (Sampling) 
Chain 3 Iteration: 1400 / 6000 [ 23%]  (Sampling) 
Chain 2 Iteration: 1100 / 6000 [ 18%]  (Sampling) 
Chain 3 Iteration: 1500 / 6000 [ 25%]  (Sampling) 
Chain 1 Iteration: 1100 / 6000 [ 18%]  (Sampling) 
Chain 4 Iteration: 1100 / 6000 [ 18%]  (Sampling) 
Chain 3 Iteration: 1600 / 6000 [ 26%]  (Sampling) 
Chain 2 Iteration: 1200 / 6000 [ 20%]  (Sampling) 
Chain 1 Iteration: 1200 / 6000 [ 20%]  (Sampling) 
Chain 4 Iteration: 1200 / 6000 [ 20%]  (Sampling) 
Chain 3 Iteration: 1700 / 6000 [ 28%]  (Sampling) 
Chain 2 Iteration: 1300 / 6000 [ 21%]  (Sampling) 
Chain 1 Iteration: 1300 / 6000 [ 21%]  (Sampling) 
Chain 3 Iteration: 1800 / 6000 [ 30%]  (Sampling) 
Chain 4 Iteration: 1300 / 6000 [ 21%]  (Sampling) 
Chain 2 Iteration: 1400 / 6000 [ 23%]  (Sampling) 
Chain 1 Iteration: 1400 / 6000 [ 23%]  (Sampling) 
Chain 3 Iteration: 1900 / 6000 [ 31%]  (Sampling) 
Chain 4 Iteration: 1400 / 6000 [ 23%]  (Sampling) 
Chain 2 Iteration: 1500 / 6000 [ 25%]  (Sampling) 
Chain 3 Iteration: 2000 / 6000 [ 33%]  (Sampling) 
Chain 1 Iteration: 1500 / 6000 [ 25%]  (Sampling) 
Chain 3 Iteration: 2100 / 6000 [ 35%]  (Sampling) 
Chain 2 Iteration: 1600 / 6000 [ 26%]  (Sampling) 
Chain 4 Iteration: 1500 / 6000 [ 25%]  (Sampling) 
Chain 1 Iteration: 1600 / 6000 [ 26%]  (Sampling) 
Chain 3 Iteration: 2200 / 6000 [ 36%]  (Sampling) 
Chain 2 Iteration: 1700 / 6000 [ 28%]  (Sampling) 
Chain 1 Iteration: 1700 / 6000 [ 28%]  (Sampling) 
Chain 4 Iteration: 1600 / 6000 [ 26%]  (Sampling) 
Chain 3 Iteration: 2300 / 6000 [ 38%]  (Sampling) 
Chain 2 Iteration: 1800 / 6000 [ 30%]  (Sampling) 
Chain 1 Iteration: 1800 / 6000 [ 30%]  (Sampling) 
Chain 3 Iteration: 2400 / 6000 [ 40%]  (Sampling) 
Chain 4 Iteration: 1700 / 6000 [ 28%]  (Sampling) 
Chain 3 Iteration: 2500 / 6000 [ 41%]  (Sampling) 
Chain 2 Iteration: 1900 / 6000 [ 31%]  (Sampling) 
Chain 1 Iteration: 1900 / 6000 [ 31%]  (Sampling) 
Chain 4 Iteration: 1800 / 6000 [ 30%]  (Sampling) 
Chain 3 Iteration: 2600 / 6000 [ 43%]  (Sampling) 
Chain 2 Iteration: 2000 / 6000 [ 33%]  (Sampling) 
Chain 1 Iteration: 2000 / 6000 [ 33%]  (Sampling) 
Chain 3 Iteration: 2700 / 6000 [ 45%]  (Sampling) 
Chain 4 Iteration: 1900 / 6000 [ 31%]  (Sampling) 
Chain 2 Iteration: 2100 / 6000 [ 35%]  (Sampling) 
Chain 1 Iteration: 2100 / 6000 [ 35%]  (Sampling) 
Chain 3 Iteration: 2800 / 6000 [ 46%]  (Sampling) 
Chain 2 Iteration: 2200 / 6000 [ 36%]  (Sampling) 
Chain 4 Iteration: 2000 / 6000 [ 33%]  (Sampling) 
Chain 3 Iteration: 2900 / 6000 [ 48%]  (Sampling) 
Chain 1 Iteration: 2200 / 6000 [ 36%]  (Sampling) 
Chain 3 Iteration: 3000 / 6000 [ 50%]  (Sampling) 
Chain 2 Iteration: 2300 / 6000 [ 38%]  (Sampling) 
Chain 1 Iteration: 2300 / 6000 [ 38%]  (Sampling) 
Chain 4 Iteration: 2100 / 6000 [ 35%]  (Sampling) 
Chain 3 Iteration: 3100 / 6000 [ 51%]  (Sampling) 
Chain 2 Iteration: 2400 / 6000 [ 40%]  (Sampling) 
Chain 1 Iteration: 2400 / 6000 [ 40%]  (Sampling) 
Chain 4 Iteration: 2200 / 6000 [ 36%]  (Sampling) 
Chain 3 Iteration: 3200 / 6000 [ 53%]  (Sampling) 
Chain 2 Iteration: 2500 / 6000 [ 41%]  (Sampling) 
Chain 1 Iteration: 2500 / 6000 [ 41%]  (Sampling) 
Chain 3 Iteration: 3300 / 6000 [ 55%]  (Sampling) 
Chain 4 Iteration: 2300 / 6000 [ 38%]  (Sampling) 
Chain 2 Iteration: 2600 / 6000 [ 43%]  (Sampling) 
Chain 3 Iteration: 3400 / 6000 [ 56%]  (Sampling) 
Chain 1 Iteration: 2600 / 6000 [ 43%]  (Sampling) 
Chain 4 Iteration: 2400 / 6000 [ 40%]  (Sampling) 
Chain 3 Iteration: 3500 / 6000 [ 58%]  (Sampling) 
Chain 2 Iteration: 2700 / 6000 [ 45%]  (Sampling) 
Chain 1 Iteration: 2700 / 6000 [ 45%]  (Sampling) 
Chain 3 Iteration: 3600 / 6000 [ 60%]  (Sampling) 
Chain 2 Iteration: 2800 / 6000 [ 46%]  (Sampling) 
Chain 4 Iteration: 2500 / 6000 [ 41%]  (Sampling) 
Chain 1 Iteration: 2800 / 6000 [ 46%]  (Sampling) 
Chain 3 Iteration: 3700 / 6000 [ 61%]  (Sampling) 
Chain 2 Iteration: 2900 / 6000 [ 48%]  (Sampling) 
Chain 1 Iteration: 2900 / 6000 [ 48%]  (Sampling) 
Chain 4 Iteration: 2600 / 6000 [ 43%]  (Sampling) 
Chain 3 Iteration: 3800 / 6000 [ 63%]  (Sampling) 
Chain 2 Iteration: 3000 / 6000 [ 50%]  (Sampling) 
Chain 3 Iteration: 3900 / 6000 [ 65%]  (Sampling) 
Chain 1 Iteration: 3000 / 6000 [ 50%]  (Sampling) 
Chain 4 Iteration: 2700 / 6000 [ 45%]  (Sampling) 
Chain 3 Iteration: 4000 / 6000 [ 66%]  (Sampling) 
Chain 2 Iteration: 3100 / 6000 [ 51%]  (Sampling) 
Chain 1 Iteration: 3100 / 6000 [ 51%]  (Sampling) 
Chain 4 Iteration: 2800 / 6000 [ 46%]  (Sampling) 
Chain 3 Iteration: 4100 / 6000 [ 68%]  (Sampling) 
Chain 2 Iteration: 3200 / 6000 [ 53%]  (Sampling) 
Chain 1 Iteration: 3200 / 6000 [ 53%]  (Sampling) 
Chain 3 Iteration: 4200 / 6000 [ 70%]  (Sampling) 
Chain 4 Iteration: 2900 / 6000 [ 48%]  (Sampling) 
Chain 2 Iteration: 3300 / 6000 [ 55%]  (Sampling) 
Chain 1 Iteration: 3300 / 6000 [ 55%]  (Sampling) 
Chain 3 Iteration: 4300 / 6000 [ 71%]  (Sampling) 
Chain 2 Iteration: 3400 / 6000 [ 56%]  (Sampling) 
Chain 1 Iteration: 3400 / 6000 [ 56%]  (Sampling) 
Chain 3 Iteration: 4400 / 6000 [ 73%]  (Sampling) 
Chain 4 Iteration: 3000 / 6000 [ 50%]  (Sampling) 
Chain 2 Iteration: 3500 / 6000 [ 58%]  (Sampling) 
Chain 3 Iteration: 4500 / 6000 [ 75%]  (Sampling) 
Chain 1 Iteration: 3500 / 6000 [ 58%]  (Sampling) 
Chain 4 Iteration: 3100 / 6000 [ 51%]  (Sampling) 
Chain 3 Iteration: 4600 / 6000 [ 76%]  (Sampling) 
Chain 2 Iteration: 3600 / 6000 [ 60%]  (Sampling) 
Chain 1 Iteration: 3600 / 6000 [ 60%]  (Sampling) 
Chain 3 Iteration: 4700 / 6000 [ 78%]  (Sampling) 
Chain 4 Iteration: 3200 / 6000 [ 53%]  (Sampling) 
Chain 2 Iteration: 3700 / 6000 [ 61%]  (Sampling) 
Chain 1 Iteration: 3700 / 6000 [ 61%]  (Sampling) 
Chain 3 Iteration: 4800 / 6000 [ 80%]  (Sampling) 
Chain 4 Iteration: 3300 / 6000 [ 55%]  (Sampling) 
Chain 2 Iteration: 3800 / 6000 [ 63%]  (Sampling) 
Chain 1 Iteration: 3800 / 6000 [ 63%]  (Sampling) 
Chain 3 Iteration: 4900 / 6000 [ 81%]  (Sampling) 
Chain 2 Iteration: 3900 / 6000 [ 65%]  (Sampling) 
Chain 3 Iteration: 5000 / 6000 [ 83%]  (Sampling) 
Chain 4 Iteration: 3400 / 6000 [ 56%]  (Sampling) 
Chain 1 Iteration: 3900 / 6000 [ 65%]  (Sampling) 
Chain 3 Iteration: 5100 / 6000 [ 85%]  (Sampling) 
Chain 2 Iteration: 4000 / 6000 [ 66%]  (Sampling) 
Chain 1 Iteration: 4000 / 6000 [ 66%]  (Sampling) 
Chain 4 Iteration: 3500 / 6000 [ 58%]  (Sampling) 
Chain 3 Iteration: 5200 / 6000 [ 86%]  (Sampling) 
Chain 2 Iteration: 4100 / 6000 [ 68%]  (Sampling) 
Chain 1 Iteration: 4100 / 6000 [ 68%]  (Sampling) 
Chain 3 Iteration: 5300 / 6000 [ 88%]  (Sampling) 
Chain 4 Iteration: 3600 / 6000 [ 60%]  (Sampling) 
Chain 2 Iteration: 4200 / 6000 [ 70%]  (Sampling) 
Chain 1 Iteration: 4200 / 6000 [ 70%]  (Sampling) 
Chain 3 Iteration: 5400 / 6000 [ 90%]  (Sampling) 
Chain 4 Iteration: 3700 / 6000 [ 61%]  (Sampling) 
Chain 2 Iteration: 4300 / 6000 [ 71%]  (Sampling) 
Chain 3 Iteration: 5500 / 6000 [ 91%]  (Sampling) 
Chain 1 Iteration: 4300 / 6000 [ 71%]  (Sampling) 
Chain 3 Iteration: 5600 / 6000 [ 93%]  (Sampling) 
Chain 2 Iteration: 4400 / 6000 [ 73%]  (Sampling) 
Chain 4 Iteration: 3800 / 6000 [ 63%]  (Sampling) 
Chain 1 Iteration: 4400 / 6000 [ 73%]  (Sampling) 
Chain 3 Iteration: 5700 / 6000 [ 95%]  (Sampling) 
Chain 2 Iteration: 4500 / 6000 [ 75%]  (Sampling) 
Chain 1 Iteration: 4500 / 6000 [ 75%]  (Sampling) 
Chain 4 Iteration: 3900 / 6000 [ 65%]  (Sampling) 
Chain 3 Iteration: 5800 / 6000 [ 96%]  (Sampling) 
Chain 2 Iteration: 4600 / 6000 [ 76%]  (Sampling) 
Chain 1 Iteration: 4600 / 6000 [ 76%]  (Sampling) 
Chain 3 Iteration: 5900 / 6000 [ 98%]  (Sampling) 
Chain 4 Iteration: 4000 / 6000 [ 66%]  (Sampling) 
Chain 2 Iteration: 4700 / 6000 [ 78%]  (Sampling) 
Chain 3 Iteration: 6000 / 6000 [100%]  (Sampling) 
Chain 3 finished in 35583.0 seconds.
Chain 1 Iteration: 4700 / 6000 [ 78%]  (Sampling) 
Chain 4 Iteration: 4100 / 6000 [ 68%]  (Sampling) 
Chain 2 Iteration: 4800 / 6000 [ 80%]  (Sampling) 
Chain 1 Iteration: 4800 / 6000 [ 80%]  (Sampling) 
Chain 4 Iteration: 4200 / 6000 [ 70%]  (Sampling) 
Chain 2 Iteration: 4900 / 6000 [ 81%]  (Sampling) 
Chain 1 Iteration: 4900 / 6000 [ 81%]  (Sampling) 
Chain 4 Iteration: 4300 / 6000 [ 71%]  (Sampling) 
Chain 2 Iteration: 5000 / 6000 [ 83%]  (Sampling) 
Chain 1 Iteration: 5000 / 6000 [ 83%]  (Sampling) 
Chain 2 Iteration: 5100 / 6000 [ 85%]  (Sampling) 
Chain 4 Iteration: 4400 / 6000 [ 73%]  (Sampling) 
Chain 1 Iteration: 5100 / 6000 [ 85%]  (Sampling) 
Chain 2 Iteration: 5200 / 6000 [ 86%]  (Sampling) 
Chain 1 Iteration: 5200 / 6000 [ 86%]  (Sampling) 
Chain 4 Iteration: 4500 / 6000 [ 75%]  (Sampling) 
Chain 2 Iteration: 5300 / 6000 [ 88%]  (Sampling) 
Chain 1 Iteration: 5300 / 6000 [ 88%]  (Sampling) 
Chain 4 Iteration: 4600 / 6000 [ 76%]  (Sampling) 
Chain 2 Iteration: 5400 / 6000 [ 90%]  (Sampling) 
Chain 1 Iteration: 5400 / 6000 [ 90%]  (Sampling) 
Chain 4 Iteration: 4700 / 6000 [ 78%]  (Sampling) 
Chain 2 Iteration: 5500 / 6000 [ 91%]  (Sampling) 
Chain 1 Iteration: 5500 / 6000 [ 91%]  (Sampling) 
Chain 4 Iteration: 4800 / 6000 [ 80%]  (Sampling) 
Chain 2 Iteration: 5600 / 6000 [ 93%]  (Sampling) 
Chain 1 Iteration: 5600 / 6000 [ 93%]  (Sampling) 
Chain 4 Iteration: 4900 / 6000 [ 81%]  (Sampling) 
Chain 2 Iteration: 5700 / 6000 [ 95%]  (Sampling) 
Chain 1 Iteration: 5700 / 6000 [ 95%]  (Sampling) 
Chain 4 Iteration: 5000 / 6000 [ 83%]  (Sampling) 
Chain 2 Iteration: 5800 / 6000 [ 96%]  (Sampling) 
Chain 1 Iteration: 5800 / 6000 [ 96%]  (Sampling) 
Chain 4 Iteration: 5100 / 6000 [ 85%]  (Sampling) 
Chain 2 Iteration: 5900 / 6000 [ 98%]  (Sampling) 
Chain 1 Iteration: 5900 / 6000 [ 98%]  (Sampling) 
Chain 4 Iteration: 5200 / 6000 [ 86%]  (Sampling) 
Chain 2 Iteration: 6000 / 6000 [100%]  (Sampling) 
Chain 2 finished in 43273.1 seconds.
Chain 1 Iteration: 6000 / 6000 [100%]  (Sampling) 
Chain 1 finished in 43295.0 seconds.
Chain 4 Iteration: 5300 / 6000 [ 88%]  (Sampling) 
Chain 4 Iteration: 5400 / 6000 [ 90%]  (Sampling) 
Chain 4 Iteration: 5500 / 6000 [ 91%]  (Sampling) 
Chain 4 Iteration: 5600 / 6000 [ 93%]  (Sampling) 
Chain 4 Iteration: 5700 / 6000 [ 95%]  (Sampling) 
Chain 4 Iteration: 5800 / 6000 [ 96%]  (Sampling) 
Chain 4 Iteration: 5900 / 6000 [ 98%]  (Sampling) 
Chain 4 Iteration: 6000 / 6000 [100%]  (Sampling) 
Chain 4 finished in 48457.0 seconds.

All 4 chains finished successfully.
Mean chain execution time: 42652.0 seconds.
Total execution time: 48457.8 seconds.

[1] "Processing draws 1 to 100"
[1] "Chunk time = 3.16455543041229"
[1] "Processing draws 101 to 200"
[1] "Chunk time = 2.32981727520625"
[1] "Processing draws 201 to 300"
[1] "Chunk time = 2.45999189217885"
[1] "Processing draws 301 to 400"
[1] "Chunk time = 2.09163163900375"
[1] "Processing draws 401 to 500"
[1] "Chunk time = 1.99535648028056"
[1] "Processing draws 501 to 600"
[1] "Chunk time = 2.05212552944819"
[1] "Processing draws 601 to 700"
[1] "Chunk time = 2.0631916085879"
[1] "Processing draws 701 to 800"
[1] "Chunk time = 2.21552761793137"
[1] "Processing draws 801 to 900"
[1] "Chunk time = 2.03454684813817"
[1] "Processing draws 901 to 1000"
[1] "Chunk time = 2.13499493996302"
[1] "Processing draws 1001 to 1100"
[1] "Chunk time = 2.00993076165517"
[1] "Processing draws 1101 to 1200"
[1] "Chunk time = 2.02919166485469"
[1] "Processing draws 1201 to 1300"
[1] "Chunk time = 2.15574365059535"
[1] "Processing draws 1301 to 1400"
[1] "Chunk time = 2.00920226971308"
[1] "Processing draws 1401 to 1500"
[1] "Chunk time = 2.0946484764417"
[1] "Processing draws 1501 to 1600"
[1] "Chunk time = 2.1414645353953"
[1] "Processing draws 1601 to 1700"
[1] "Chunk time = 1.9841947833697"
[1] "Processing draws 1701 to 1800"
[1] "Chunk time = 1.9813449939092"
[1] "Processing draws 1801 to 1900"
[1] "Chunk time = 2.13035436073939"
[1] "Processing draws 1901 to 2000"
[1] "Chunk time = 1.98348517417908"
[1] "Processing draws 2001 to 2100"
[1] "Chunk time = 2.02886052131653"
[1] "Processing draws 2101 to 2200"
[1] "Chunk time = 2.11514855225881"
[1] "Processing draws 2201 to 2300"
[1] "Chunk time = 1.98301049868266"
[1] "Processing draws 2301 to 2400"
[1] "Chunk time = 1.98269908825556"
[1] "Processing draws 2401 to 2500"
[1] "Chunk time = 2.10570963223775"
[1] "Processing draws 2501 to 2600"
[1] "Chunk time = 1.97706720034281"
[1] "Processing draws 2601 to 2700"
[1] "Chunk time = 1.9696769952774"
[1] "Processing draws 2701 to 2800"
[1] "Chunk time = 2.1207307656606"
[1] "Processing draws 2801 to 2900"
[1] "Chunk time = 1.93559447526932"
[1] "Processing draws 2901 to 3000"
[1] "Chunk time = 1.9156476577123"
[1] "Processing draws 3001 to 3100"
[1] "Chunk time = 2.07401386896769"
[1] "Processing draws 3101 to 3200"
[1] "Chunk time = 1.94463240305583"
[1] "Processing draws 3201 to 3300"
[1] "Chunk time = 1.88137847582499"
[1] "Processing draws 3301 to 3400"
[1] "Chunk time = 2.09352600574493"
[1] "Processing draws 3401 to 3500"
[1] "Chunk time = 1.96470477581024"
[1] "Processing draws 3501 to 3600"
[1] "Chunk time = 1.92036918004354"
[1] "Processing draws 3601 to 3700"
[1] "Chunk time = 2.12072910865148"
[1] "Processing draws 3701 to 3800"
[1] "Chunk time = 1.96811072826386"
[1] "Processing draws 3801 to 3900"
[1] "Chunk time = 1.90079071124395"
[1] "Processing draws 3901 to 4000"
[1] "Chunk time = 2.10578826268514"
[1] "Processing draws 4001 to 4100"
[1] "Chunk time = 1.96297681331635"
[1] "Processing draws 4101 to 4200"
[1] "Chunk time = 1.9050954023997"
[1] "Processing draws 4201 to 4300"
[1] "Chunk time = 2.05806046724319"
[1] "Processing draws 4301 to 4400"
[1] "Chunk time = 1.91641158262889"
[1] "Processing draws 4401 to 4500"
[1] "Chunk time = 1.9015584786733"
[1] "Processing draws 4501 to 4600"
[1] "Chunk time = 2.09464313983917"
[1] "Processing draws 4601 to 4700"
[1] "Chunk time = 1.95801012516022"
[1] "Processing draws 4701 to 4800"
[1] "Chunk time = 1.94061935742696"
[1] "Processing draws 4801 to 4900"
[1] "Chunk time = 2.09619919856389"
[1] "Processing draws 4901 to 5000"
[1] "Chunk time = 1.92573558489482"
[1] "Processing draws 5001 to 5100"
[1] "Chunk time = 1.92730940580368"
[1] "Processing draws 5101 to 5200"
[1] "Chunk time = 2.10193703571955"
[1] "Processing draws 5201 to 5300"
[1] "Chunk time = 1.92203896840413"
[1] "Processing draws 5301 to 5400"
[1] "Chunk time = 1.92957131465276"
[1] "Processing draws 5401 to 5500"
[1] "Chunk time = 2.11108659903208"
[1] "Processing draws 5501 to 5600"
[1] "Chunk time = 1.94329227606455"
[1] "Processing draws 5601 to 5700"
[1] "Chunk time = 1.87860883076986"
[1] "Processing draws 5701 to 5800"
[1] "Chunk time = 2.12715266545614"
[1] "Processing draws 5801 to 5900"
[1] "Chunk time = 1.97935254573822"
[1] "Processing draws 5901 to 6000"
[1] "Chunk time = 1.92472549676895"
[1] "Processing draws 6001 to 6100"
[1] "Chunk time = 2.13547591765722"
[1] "Processing draws 6101 to 6200"
[1] "Chunk time = 1.97268102169037"
[1] "Processing draws 6201 to 6300"
[1] "Chunk time = 1.89644272724787"
[1] "Processing draws 6301 to 6400"
[1] "Chunk time = 2.14667716821035"
[1] "Processing draws 6401 to 6500"
[1] "Chunk time = 1.98353656133016"
[1] "Processing draws 6501 to 6600"
[1] "Chunk time = 1.87252604564031"
[1] "Processing draws 6601 to 6700"
[1] "Chunk time = 2.02831732432048"
[1] "Processing draws 6701 to 6800"
[1] "Chunk time = 1.93708367347717"
[1] "Processing draws 6801 to 6900"
[1] "Chunk time = 1.9418288787206"
[1] "Processing draws 6901 to 7000"
[1] "Chunk time = 2.01792045036952"
[1] "Processing draws 7001 to 7100"
[1] "Chunk time = 1.93072091738383"
[1] "Processing draws 7101 to 7200"
[1] "Chunk time = 1.91845084031423"
[1] "Processing draws 7201 to 7300"
[1] "Chunk time = 2.00752030213674"
[1] "Processing draws 7301 to 7400"
[1] "Chunk time = 1.95236085653305"
[1] "Processing draws 7401 to 7500"
[1] "Chunk time = 1.86202392975489"
[1] "Processing draws 7501 to 7600"
[1] "Chunk time = 1.99665509064992"
[1] "Processing draws 7601 to 7700"
[1] "Chunk time = 1.92355953454971"
[1] "Processing draws 7701 to 7800"
[1] "Chunk time = 1.91042251984278"
[1] "Processing draws 7801 to 7900"
[1] "Chunk time = 2.0139112552007"
[1] "Processing draws 7901 to 8000"
[1] "Chunk time = 1.94469579060872"
[1] "Processing draws 8001 to 8100"
[1] "Chunk time = 1.91645456552505"
[1] "Processing draws 8101 to 8200"
[1] "Chunk time = 2.00613920688629"
[1] "Processing draws 8201 to 8300"
[1] "Chunk time = 1.92237997452418"
[1] "Processing draws 8301 to 8400"
[1] "Chunk time = 1.90625969171524"
[1] "Processing draws 8401 to 8500"
[1] "Chunk time = 2.02103894948959"
[1] "Processing draws 8501 to 8600"
[1] "Chunk time = 1.93094444672267"
[1] "Processing draws 8601 to 8700"
[1] "Chunk time = 1.88539564609528"
[1] "Processing draws 8701 to 8800"
[1] "Chunk time = 2.02788151899974"
[1] "Processing draws 8801 to 8900"
[1] "Chunk time = 1.97320876518885"
[1] "Processing draws 8901 to 9000"
[1] "Chunk time = 1.98074904282888"
[1] "Processing draws 9001 to 9100"
[1] "Chunk time = 2.03626658519109"
[1] "Processing draws 9101 to 9200"
[1] "Chunk time = 1.97073694467545"
[1] "Processing draws 9201 to 9300"
[1] "Chunk time = 1.91317483584086"
[1] "Processing draws 9301 to 9400"
[1] "Chunk time = 2.15816085338593"
[1] "Processing draws 9401 to 9500"
[1] "Chunk time = 1.95790416399638"
[1] "Processing draws 9501 to 9600"
[1] "Chunk time = 1.94695969820023"
[1] "Processing draws 9601 to 9700"
[1] "Chunk time = 2.13229417006175"
[1] "Processing draws 9701 to 9800"
[1] "Chunk time = 1.97022758722305"
[1] "Processing draws 9801 to 9900"
[1] "Chunk time = 1.96189082463582"
[1] "Processing draws 9901 to 10000"
[1] "Chunk time = 2.13803423245748"
[1] "Processing draws 10001 to 10100"
[1] "Chunk time = 2.03488057851791"
[1] "Processing draws 10101 to 10200"
[1] "Chunk time = 1.94744323889414"
[1] "Processing draws 10201 to 10300"
[1] "Chunk time = 2.14508876403173"
[1] "Processing draws 10301 to 10400"
[1] "Chunk time = 1.99752918084462"
[1] "Processing draws 10401 to 10500"
[1] "Chunk time = 1.90658940076828"
[1] "Processing draws 10501 to 10600"
[1] "Chunk time = 2.14970561265945"
[1] "Processing draws 10601 to 10700"
[1] "Chunk time = 1.96556865771612"
[1] "Processing draws 10701 to 10800"
[1] "Chunk time = 1.97520657380422"
[1] "Processing draws 10801 to 10900"
[1] "Chunk time = 2.14677873452504"
[1] "Processing draws 10901 to 11000"
[1] "Chunk time = 1.97006307442983"
[1] "Processing draws 11001 to 11100"
[1] "Chunk time = 1.9584255417188"
[1] "Processing draws 11101 to 11200"
[1] "Chunk time = 2.12574997345606"
[1] "Processing draws 11201 to 11300"
[1] "Chunk time = 1.99124672015508"
[1] "Processing draws 11301 to 11400"
[1] "Chunk time = 1.96784383058548"
[1] "Processing draws 11401 to 11500"
[1] "Chunk time = 2.14945294062297"
[1] "Processing draws 11501 to 11600"
[1] "Chunk time = 2.00013715028763"
[1] "Processing draws 11601 to 11700"
[1] "Chunk time = 1.98557653824488"
[1] "Processing draws 11701 to 11800"
[1] "Chunk time = 2.17457679510117"
[1] "Processing draws 11801 to 11900"
[1] "Chunk time = 1.97130757570267"
[1] "Processing draws 11901 to 12000"
[1] "Chunk time = 1.9524670124054"
[1] "Processing draws 12001 to 12100"
[1] "Chunk time = 2.12191719214122"
[1] "Processing draws 12101 to 12200"
[1] "Chunk time = 1.97029197216034"
[1] "Processing draws 12201 to 12300"
[1] "Chunk time = 1.98702619870504"
[1] "Processing draws 12301 to 12400"
[1] "Chunk time = 2.15293322404226"
[1] "Processing draws 12401 to 12500"
[1] "Chunk time = 1.97994645833969"
[1] "Processing draws 12501 to 12600"
[1] "Chunk time = 1.92444158792496"
[1] "Processing draws 12601 to 12700"
[1] "Chunk time = 2.13330979744593"
[1] "Processing draws 12701 to 12800"
[1] "Chunk time = 1.97242803176244"
[1] "Processing draws 12801 to 12900"
[1] "Chunk time = 1.97445428371429"
[1] "Processing draws 12901 to 13000"
[1] "Chunk time = 2.1126566529274"
[1] "Processing draws 13001 to 13100"
[1] "Chunk time = 1.95666072765986"
[1] "Processing draws 13101 to 13200"
[1] "Chunk time = 1.97592085997264"
[1] "Processing draws 13201 to 13300"
[1] "Chunk time = 2.17035478750865"
[1] "Processing draws 13301 to 13400"
[1] "Chunk time = 1.95478053490321"
[1] "Processing draws 13401 to 13500"
[1] "Chunk time = 1.94876952966054"
[1] "Processing draws 13501 to 13600"
[1] "Chunk time = 2.12600969076157"
[1] "Processing draws 13601 to 13700"
[1] "Chunk time = 1.96178775628408"
[1] "Processing draws 13701 to 13800"
[1] "Chunk time = 1.98818709850311"
[1] "Processing draws 13801 to 13900"
[1] "Chunk time = 2.12632009983063"
[1] "Processing draws 13901 to 14000"
[1] "Chunk time = 1.96655975182851"
[1] "Processing draws 14001 to 14100"
[1] "Chunk time = 1.96230601469676"
[1] "Processing draws 14101 to 14200"
[1] "Chunk time = 2.12768560647964"
[1] "Processing draws 14201 to 14300"
[1] "Chunk time = 1.95732288360596"
[1] "Processing draws 14301 to 14400"
[1] "Chunk time = 1.98225243488948"
[1] "Processing draws 14401 to 14500"
[1] "Chunk time = 2.15298326412837"
[1] "Processing draws 14501 to 14600"
[1] "Chunk time = 1.99683461983999"
[1] "Processing draws 14601 to 14700"
[1] "Chunk time = 1.97629004319509"
[1] "Processing draws 14701 to 14800"
[1] "Chunk time = 2.17290542920431"
[1] "Processing draws 14801 to 14900"
[1] "Chunk time = 1.99688540299733"
[1] "Processing draws 14901 to 15000"
[1] "Chunk time = 1.98394482930501"
[1] "Processing draws 15001 to 15100"
[1] "Chunk time = 2.13283294041951"
[1] "Processing draws 15101 to 15200"
[1] "Chunk time = 1.96244374513626"
[1] "Processing draws 15201 to 15300"
[1] "Chunk time = 1.96903962691625"
[1] "Processing draws 15301 to 15400"
[1] "Chunk time = 2.13488578001658"
[1] "Processing draws 15401 to 15500"
[1] "Chunk time = 1.95572266578674"
[1] "Processing draws 15501 to 15600"
[1] "Chunk time = 1.94738882382711"
[1] "Processing draws 15601 to 15700"
[1] "Chunk time = 2.11579835812251"
[1] "Processing draws 15701 to 15800"
[1] "Chunk time = 1.95878479878108"
[1] "Processing draws 15801 to 15900"
[1] "Chunk time = 1.9086957414945"
[1] "Processing draws 15901 to 16000"
[1] "Chunk time = 2.1113804380099"
[1] "Processing draws 16001 to 16100"
[1] "Chunk time = 1.96705040136973"
[1] "Processing draws 16101 to 16200"
[1] "Chunk time = 1.93487487634023"
[1] "Processing draws 16201 to 16300"
[1] "Chunk time = 2.10234514077504"
[1] "Processing draws 16301 to 16400"
[1] "Chunk time = 1.98544591665268"
[1] "Processing draws 16401 to 16500"
[1] "Chunk time = 1.95777405103048"
[1] "Processing draws 16501 to 16600"
[1] "Chunk time = 2.11344922780991"
[1] "Processing draws 16601 to 16700"
[1] "Chunk time = 1.98186434904734"
[1] "Processing draws 16701 to 16800"
[1] "Chunk time = 1.95431249539057"
[1] "Processing draws 16801 to 16900"
[1] "Chunk time = 2.11183881362279"
[1] "Processing draws 16901 to 17000"
[1] "Chunk time = 1.95281398296356"
[1] "Processing draws 17001 to 17100"
[1] "Chunk time = 1.94433628320694"
[1] "Processing draws 17101 to 17200"
[1] "Chunk time = 2.14999325275421"
[1] "Processing draws 17201 to 17300"
[1] "Chunk time = 1.98466808398565"
[1] "Processing draws 17301 to 17400"
[1] "Chunk time = 1.9764551281929"
[1] "Processing draws 17401 to 17500"
[1] "Chunk time = 2.1146855990092"
[1] "Processing draws 17501 to 17600"
[1] "Chunk time = 1.95356453259786"
[1] "Processing draws 17601 to 17700"
[1] "Chunk time = 1.95284837086995"
[1] "Processing draws 17701 to 17800"
[1] "Chunk time = 2.12048069238663"
[1] "Processing draws 17801 to 17900"
[1] "Chunk time = 1.9818080663681"
[1] "Processing draws 17901 to 18000"
[1] "Chunk time = 1.96096719900767"
[1] "Processing draws 18001 to 18100"
[1] "Chunk time = 2.13898288011551"
[1] "Processing draws 18101 to 18200"
[1] "Chunk time = 1.9578159292539"
[1] "Processing draws 18201 to 18300"
[1] "Chunk time = 1.89936718543371"
[1] "Processing draws 18301 to 18400"
[1] "Chunk time = 2.05564348300298"
[1] "Processing draws 18401 to 18500"
[1] "Chunk time = 1.98307691017787"
[1] "Processing draws 18501 to 18600"
[1] "Chunk time = 1.93656191031138"
[1] "Processing draws 18601 to 18700"
[1] "Chunk time = 2.10770160357157"
[1] "Processing draws 18701 to 18800"
[1] "Chunk time = 1.98262457847595"
[1] "Processing draws 18801 to 18900"
[1] "Chunk time = 1.91757425864538"
[1] "Processing draws 18901 to 19000"
[1] "Chunk time = 2.14231396913528"
[1] "Processing draws 19001 to 19100"
[1] "Chunk time = 1.98003353277842"
[1] "Processing draws 19101 to 19200"
[1] "Chunk time = 1.94951243400574"
[1] "Processing draws 19201 to 19300"
[1] "Chunk time = 2.15342752933502"
[1] "Processing draws 19301 to 19400"
[1] "Chunk time = 1.99563958644867"
[1] "Processing draws 19401 to 19500"
[1] "Chunk time = 1.97960725625356"
[1] "Processing draws 19501 to 19600"
[1] "Chunk time = 2.11746648152669"
[1] "Processing draws 19601 to 19700"
[1] "Chunk time = 1.98195181687673"
[1] "Processing draws 19701 to 19800"
[1] "Chunk time = 1.92624715963999"
[1] "Processing draws 19801 to 19900"
[1] "Chunk time = 2.11238438685735"
[1] "Processing draws 19901 to 20000"
[1] "Chunk time = 1.99025246302287"
[1] "done lapplying"
[1] "Saving current params"
[1] "Saving params to output.rds"
[1] TRUE
[1] "Time for modelling:"
[1] "2025-07-02 09:10:59 EDT"
[1] "Time for posterior computations:"
Time difference of 6.754964 hours
[1] "Total time:"
[1] "2025-07-02 15:56:17 EDT"
