[1] "Starting sampling."
Running MCMC with 4 parallel chains, with 4 thread(s) per chain...

Chain 1 Iteration:    1 / 6000 [  0%]  (Warmup) 
Chain 2 Iteration:    1 / 6000 [  0%]  (Warmup) 
Chain 3 Iteration:    1 / 6000 [  0%]  (Warmup) 
Chain 4 Iteration:    1 / 6000 [  0%]  (Warmup) 
Chain 1 Iteration:  100 / 6000 [  1%]  (Warmup) 
Chain 2 Iteration:  100 / 6000 [  1%]  (Warmup) 
Chain 4 Iteration:  100 / 6000 [  1%]  (Warmup) 
Chain 3 Iteration:  100 / 6000 [  1%]  (Warmup) 
Chain 1 Iteration:  200 / 6000 [  3%]  (Warmup) 
Chain 2 Iteration:  200 / 6000 [  3%]  (Warmup) 
Chain 4 Iteration:  200 / 6000 [  3%]  (Warmup) 
Chain 3 Iteration:  200 / 6000 [  3%]  (Warmup) 
Chain 1 Iteration:  300 / 6000 [  5%]  (Warmup) 
Chain 2 Iteration:  300 / 6000 [  5%]  (Warmup) 
Chain 4 Iteration:  300 / 6000 [  5%]  (Warmup) 
Chain 3 Iteration:  300 / 6000 [  5%]  (Warmup) 
Chain 2 Iteration:  400 / 6000 [  6%]  (Warmup) 
Chain 1 Iteration:  400 / 6000 [  6%]  (Warmup) 
Chain 4 Iteration:  400 / 6000 [  6%]  (Warmup) 
Chain 3 Iteration:  400 / 6000 [  6%]  (Warmup) 
Chain 2 Iteration:  500 / 6000 [  8%]  (Warmup) 
Chain 1 Iteration:  500 / 6000 [  8%]  (Warmup) 
Chain 4 Iteration:  500 / 6000 [  8%]  (Warmup) 
Chain 3 Iteration:  500 / 6000 [  8%]  (Warmup) 
Chain 2 Iteration:  600 / 6000 [ 10%]  (Warmup) 
Chain 1 Iteration:  600 / 6000 [ 10%]  (Warmup) 
Chain 4 Iteration:  600 / 6000 [ 10%]  (Warmup) 
Chain 3 Iteration:  600 / 6000 [ 10%]  (Warmup) 
Chain 2 Iteration:  700 / 6000 [ 11%]  (Warmup) 
Chain 1 Iteration:  700 / 6000 [ 11%]  (Warmup) 
Chain 4 Iteration:  700 / 6000 [ 11%]  (Warmup) 
Chain 3 Iteration:  700 / 6000 [ 11%]  (Warmup) 
Chain 2 Iteration:  800 / 6000 [ 13%]  (Warmup) 
Chain 1 Iteration:  800 / 6000 [ 13%]  (Warmup) 
Chain 4 Iteration:  800 / 6000 [ 13%]  (Warmup) 
Chain 3 Iteration:  800 / 6000 [ 13%]  (Warmup) 
Chain 2 Iteration:  900 / 6000 [ 15%]  (Warmup) 
Chain 1 Iteration:  900 / 6000 [ 15%]  (Warmup) 
Chain 3 Iteration:  900 / 6000 [ 15%]  (Warmup) 
Chain 4 Iteration:  900 / 6000 [ 15%]  (Warmup) 
Chain 2 Iteration: 1000 / 6000 [ 16%]  (Warmup) 
Chain 2 Iteration: 1001 / 6000 [ 16%]  (Sampling) 
Chain 1 Iteration: 1000 / 6000 [ 16%]  (Warmup) 
Chain 1 Iteration: 1001 / 6000 [ 16%]  (Sampling) 
Chain 1 Iteration: 1100 / 6000 [ 18%]  (Sampling) 
Chain 3 Iteration: 1000 / 6000 [ 16%]  (Warmup) 
Chain 3 Iteration: 1001 / 6000 [ 16%]  (Sampling) 
Chain 4 Iteration: 1000 / 6000 [ 16%]  (Warmup) 
Chain 4 Iteration: 1001 / 6000 [ 16%]  (Sampling) 
Chain 2 Iteration: 1100 / 6000 [ 18%]  (Sampling) 
Chain 1 Iteration: 1200 / 6000 [ 20%]  (Sampling) 
Chain 1 Iteration: 1300 / 6000 [ 21%]  (Sampling) 
Chain 3 Iteration: 1100 / 6000 [ 18%]  (Sampling) 
Chain 4 Iteration: 1100 / 6000 [ 18%]  (Sampling) 
Chain 2 Iteration: 1200 / 6000 [ 20%]  (Sampling) 
Chain 1 Iteration: 1400 / 6000 [ 23%]  (Sampling) 
Chain 1 Iteration: 1500 / 6000 [ 25%]  (Sampling) 
Chain 3 Iteration: 1200 / 6000 [ 20%]  (Sampling) 
Chain 4 Iteration: 1200 / 6000 [ 20%]  (Sampling) 
Chain 2 Iteration: 1300 / 6000 [ 21%]  (Sampling) 
Chain 1 Iteration: 1600 / 6000 [ 26%]  (Sampling) 
Chain 1 Iteration: 1700 / 6000 [ 28%]  (Sampling) 
Chain 3 Iteration: 1300 / 6000 [ 21%]  (Sampling) 
Chain 4 Iteration: 1300 / 6000 [ 21%]  (Sampling) 
Chain 2 Iteration: 1400 / 6000 [ 23%]  (Sampling) 
Chain 1 Iteration: 1800 / 6000 [ 30%]  (Sampling) 
Chain 3 Iteration: 1400 / 6000 [ 23%]  (Sampling) 
Chain 1 Iteration: 1900 / 6000 [ 31%]  (Sampling) 
Chain 4 Iteration: 1400 / 6000 [ 23%]  (Sampling) 
Chain 2 Iteration: 1500 / 6000 [ 25%]  (Sampling) 
Chain 1 Iteration: 2000 / 6000 [ 33%]  (Sampling) 
Chain 3 Iteration: 1500 / 6000 [ 25%]  (Sampling) 
Chain 1 Iteration: 2100 / 6000 [ 35%]  (Sampling) 
Chain 4 Iteration: 1500 / 6000 [ 25%]  (Sampling) 
Chain 2 Iteration: 1600 / 6000 [ 26%]  (Sampling) 
Chain 1 Iteration: 2200 / 6000 [ 36%]  (Sampling) 
Chain 3 Iteration: 1600 / 6000 [ 26%]  (Sampling) 
Chain 1 Iteration: 2300 / 6000 [ 38%]  (Sampling) 
Chain 4 Iteration: 1600 / 6000 [ 26%]  (Sampling) 
Chain 2 Iteration: 1700 / 6000 [ 28%]  (Sampling) 
Chain 1 Iteration: 2400 / 6000 [ 40%]  (Sampling) 
Chain 3 Iteration: 1700 / 6000 [ 28%]  (Sampling) 
Chain 4 Iteration: 1700 / 6000 [ 28%]  (Sampling) 
Chain 1 Iteration: 2500 / 6000 [ 41%]  (Sampling) 
Chain 2 Iteration: 1800 / 6000 [ 30%]  (Sampling) 
Chain 1 Iteration: 2600 / 6000 [ 43%]  (Sampling) 
Chain 3 Iteration: 1800 / 6000 [ 30%]  (Sampling) 
Chain 4 Iteration: 1800 / 6000 [ 30%]  (Sampling) 
Chain 1 Iteration: 2700 / 6000 [ 45%]  (Sampling) 
Chain 2 Iteration: 1900 / 6000 [ 31%]  (Sampling) 
Chain 1 Iteration: 2800 / 6000 [ 46%]  (Sampling) 
Chain 3 Iteration: 1900 / 6000 [ 31%]  (Sampling) 
Chain 4 Iteration: 1900 / 6000 [ 31%]  (Sampling) 
Chain 1 Iteration: 2900 / 6000 [ 48%]  (Sampling) 
Chain 2 Iteration: 2000 / 6000 [ 33%]  (Sampling) 
Chain 1 Iteration: 3000 / 6000 [ 50%]  (Sampling) 
Chain 3 Iteration: 2000 / 6000 [ 33%]  (Sampling) 
Chain 4 Iteration: 2000 / 6000 [ 33%]  (Sampling) 
Chain 1 Iteration: 3100 / 6000 [ 51%]  (Sampling) 
Chain 2 Iteration: 2100 / 6000 [ 35%]  (Sampling) 
Chain 1 Iteration: 3200 / 6000 [ 53%]  (Sampling) 
Chain 3 Iteration: 2100 / 6000 [ 35%]  (Sampling) 
Chain 4 Iteration: 2100 / 6000 [ 35%]  (Sampling) 
Chain 1 Iteration: 3300 / 6000 [ 55%]  (Sampling) 
Chain 2 Iteration: 2200 / 6000 [ 36%]  (Sampling) 
Chain 1 Iteration: 3400 / 6000 [ 56%]  (Sampling) 
Chain 3 Iteration: 2200 / 6000 [ 36%]  (Sampling) 
Chain 4 Iteration: 2200 / 6000 [ 36%]  (Sampling) 
Chain 1 Iteration: 3500 / 6000 [ 58%]  (Sampling) 
Chain 2 Iteration: 2300 / 6000 [ 38%]  (Sampling) 
Chain 1 Iteration: 3600 / 6000 [ 60%]  (Sampling) 
Chain 3 Iteration: 2300 / 6000 [ 38%]  (Sampling) 
Chain 4 Iteration: 2300 / 6000 [ 38%]  (Sampling) 
Chain 1 Iteration: 3700 / 6000 [ 61%]  (Sampling) 
Chain 2 Iteration: 2400 / 6000 [ 40%]  (Sampling) 
Chain 1 Iteration: 3800 / 6000 [ 63%]  (Sampling) 
Chain 3 Iteration: 2400 / 6000 [ 40%]  (Sampling) 
Chain 4 Iteration: 2400 / 6000 [ 40%]  (Sampling) 
Chain 1 Iteration: 3900 / 6000 [ 65%]  (Sampling) 
Chain 2 Iteration: 2500 / 6000 [ 41%]  (Sampling) 
Chain 1 Iteration: 4000 / 6000 [ 66%]  (Sampling) 
Chain 3 Iteration: 2500 / 6000 [ 41%]  (Sampling) 
Chain 4 Iteration: 2500 / 6000 [ 41%]  (Sampling) 
Chain 1 Iteration: 4100 / 6000 [ 68%]  (Sampling) 
Chain 2 Iteration: 2600 / 6000 [ 43%]  (Sampling) 
Chain 1 Iteration: 4200 / 6000 [ 70%]  (Sampling) 
Chain 3 Iteration: 2600 / 6000 [ 43%]  (Sampling) 
Chain 4 Iteration: 2600 / 6000 [ 43%]  (Sampling) 
Chain 2 Iteration: 2700 / 6000 [ 45%]  (Sampling) 
Chain 1 Iteration: 4300 / 6000 [ 71%]  (Sampling) 
Chain 1 Iteration: 4400 / 6000 [ 73%]  (Sampling) 
Chain 3 Iteration: 2700 / 6000 [ 45%]  (Sampling) 
Chain 4 Iteration: 2700 / 6000 [ 45%]  (Sampling) 
Chain 2 Iteration: 2800 / 6000 [ 46%]  (Sampling) 
Chain 1 Iteration: 4500 / 6000 [ 75%]  (Sampling) 
Chain 1 Iteration: 4600 / 6000 [ 76%]  (Sampling) 
Chain 3 Iteration: 2800 / 6000 [ 46%]  (Sampling) 
Chain 4 Iteration: 2800 / 6000 [ 46%]  (Sampling) 
Chain 2 Iteration: 2900 / 6000 [ 48%]  (Sampling) 
Chain 1 Iteration: 4700 / 6000 [ 78%]  (Sampling) 
Chain 1 Iteration: 4800 / 6000 [ 80%]  (Sampling) 
Chain 3 Iteration: 2900 / 6000 [ 48%]  (Sampling) 
Chain 4 Iteration: 2900 / 6000 [ 48%]  (Sampling) 
Chain 2 Iteration: 3000 / 6000 [ 50%]  (Sampling) 
Chain 1 Iteration: 4900 / 6000 [ 81%]  (Sampling) 
Chain 1 Iteration: 5000 / 6000 [ 83%]  (Sampling) 
Chain 3 Iteration: 3000 / 6000 [ 50%]  (Sampling) 
Chain 4 Iteration: 3000 / 6000 [ 50%]  (Sampling) 
Chain 2 Iteration: 3100 / 6000 [ 51%]  (Sampling) 
Chain 1 Iteration: 5100 / 6000 [ 85%]  (Sampling) 
Chain 1 Iteration: 5200 / 6000 [ 86%]  (Sampling) 
Chain 3 Iteration: 3100 / 6000 [ 51%]  (Sampling) 
Chain 4 Iteration: 3100 / 6000 [ 51%]  (Sampling) 
Chain 2 Iteration: 3200 / 6000 [ 53%]  (Sampling) 
Chain 1 Iteration: 5300 / 6000 [ 88%]  (Sampling) 
Chain 1 Iteration: 5400 / 6000 [ 90%]  (Sampling) 
Chain 3 Iteration: 3200 / 6000 [ 53%]  (Sampling) 
Chain 4 Iteration: 3200 / 6000 [ 53%]  (Sampling) 
Chain 2 Iteration: 3300 / 6000 [ 55%]  (Sampling) 
Chain 1 Iteration: 5500 / 6000 [ 91%]  (Sampling) 
Chain 4 Iteration: 3300 / 6000 [ 55%]  (Sampling) 
Chain 3 Iteration: 3300 / 6000 [ 55%]  (Sampling) 
Chain 1 Iteration: 5600 / 6000 [ 93%]  (Sampling) 
Chain 2 Iteration: 3400 / 6000 [ 56%]  (Sampling) 
Chain 1 Iteration: 5700 / 6000 [ 95%]  (Sampling) 
Chain 4 Iteration: 3400 / 6000 [ 56%]  (Sampling) 
Chain 3 Iteration: 3400 / 6000 [ 56%]  (Sampling) 
Chain 1 Iteration: 5800 / 6000 [ 96%]  (Sampling) 
Chain 2 Iteration: 3500 / 6000 [ 58%]  (Sampling) 
Chain 1 Iteration: 5900 / 6000 [ 98%]  (Sampling) 
Chain 4 Iteration: 3500 / 6000 [ 58%]  (Sampling) 
Chain 3 Iteration: 3500 / 6000 [ 58%]  (Sampling) 
Chain 1 Iteration: 6000 / 6000 [100%]  (Sampling) 
Chain 1 finished in 896.5 seconds.
Chain 2 Iteration: 3600 / 6000 [ 60%]  (Sampling) 
Chain 4 Iteration: 3600 / 6000 [ 60%]  (Sampling) 
Chain 3 Iteration: 3600 / 6000 [ 60%]  (Sampling) 
Chain 2 Iteration: 3700 / 6000 [ 61%]  (Sampling) 
Chain 4 Iteration: 3700 / 6000 [ 61%]  (Sampling) 
Chain 3 Iteration: 3700 / 6000 [ 61%]  (Sampling) 
Chain 2 Iteration: 3800 / 6000 [ 63%]  (Sampling) 
Chain 4 Iteration: 3800 / 6000 [ 63%]  (Sampling) 
Chain 3 Iteration: 3800 / 6000 [ 63%]  (Sampling) 
Chain 2 Iteration: 3900 / 6000 [ 65%]  (Sampling) 
Chain 4 Iteration: 3900 / 6000 [ 65%]  (Sampling) 
Chain 3 Iteration: 3900 / 6000 [ 65%]  (Sampling) 
Chain 2 Iteration: 4000 / 6000 [ 66%]  (Sampling) 
Chain 4 Iteration: 4000 / 6000 [ 66%]  (Sampling) 
Chain 3 Iteration: 4000 / 6000 [ 66%]  (Sampling) 
Chain 2 Iteration: 4100 / 6000 [ 68%]  (Sampling) 
Chain 4 Iteration: 4100 / 6000 [ 68%]  (Sampling) 
Chain 3 Iteration: 4100 / 6000 [ 68%]  (Sampling) 
Chain 2 Iteration: 4200 / 6000 [ 70%]  (Sampling) 
Chain 4 Iteration: 4200 / 6000 [ 70%]  (Sampling) 
Chain 3 Iteration: 4200 / 6000 [ 70%]  (Sampling) 
Chain 2 Iteration: 4300 / 6000 [ 71%]  (Sampling) 
Chain 4 Iteration: 4300 / 6000 [ 71%]  (Sampling) 
Chain 3 Iteration: 4300 / 6000 [ 71%]  (Sampling) 
Chain 2 Iteration: 4400 / 6000 [ 73%]  (Sampling) 
Chain 4 Iteration: 4400 / 6000 [ 73%]  (Sampling) 
Chain 3 Iteration: 4400 / 6000 [ 73%]  (Sampling) 
Chain 2 Iteration: 4500 / 6000 [ 75%]  (Sampling) 
Chain 4 Iteration: 4500 / 6000 [ 75%]  (Sampling) 
Chain 3 Iteration: 4500 / 6000 [ 75%]  (Sampling) 
Chain 2 Iteration: 4600 / 6000 [ 76%]  (Sampling) 
Chain 4 Iteration: 4600 / 6000 [ 76%]  (Sampling) 
Chain 3 Iteration: 4600 / 6000 [ 76%]  (Sampling) 
Chain 2 Iteration: 4700 / 6000 [ 78%]  (Sampling) 
Chain 4 Iteration: 4700 / 6000 [ 78%]  (Sampling) 
Chain 3 Iteration: 4700 / 6000 [ 78%]  (Sampling) 
Chain 2 Iteration: 4800 / 6000 [ 80%]  (Sampling) 
Chain 4 Iteration: 4800 / 6000 [ 80%]  (Sampling) 
Chain 3 Iteration: 4800 / 6000 [ 80%]  (Sampling) 
Chain 2 Iteration: 4900 / 6000 [ 81%]  (Sampling) 
Chain 4 Iteration: 4900 / 6000 [ 81%]  (Sampling) 
Chain 3 Iteration: 4900 / 6000 [ 81%]  (Sampling) 
Chain 2 Iteration: 5000 / 6000 [ 83%]  (Sampling) 
Chain 4 Iteration: 5000 / 6000 [ 83%]  (Sampling) 
Chain 3 Iteration: 5000 / 6000 [ 83%]  (Sampling) 
Chain 2 Iteration: 5100 / 6000 [ 85%]  (Sampling) 
Chain 4 Iteration: 5100 / 6000 [ 85%]  (Sampling) 
Chain 3 Iteration: 5100 / 6000 [ 85%]  (Sampling) 
Chain 2 Iteration: 5200 / 6000 [ 86%]  (Sampling) 
Chain 4 Iteration: 5200 / 6000 [ 86%]  (Sampling) 
Chain 3 Iteration: 5200 / 6000 [ 86%]  (Sampling) 
Chain 2 Iteration: 5300 / 6000 [ 88%]  (Sampling) 
Chain 4 Iteration: 5300 / 6000 [ 88%]  (Sampling) 
Chain 3 Iteration: 5300 / 6000 [ 88%]  (Sampling) 
Chain 2 Iteration: 5400 / 6000 [ 90%]  (Sampling) 
Chain 4 Iteration: 5400 / 6000 [ 90%]  (Sampling) 
Chain 3 Iteration: 5400 / 6000 [ 90%]  (Sampling) 
Chain 2 Iteration: 5500 / 6000 [ 91%]  (Sampling) 
Chain 4 Iteration: 5500 / 6000 [ 91%]  (Sampling) 
Chain 3 Iteration: 5500 / 6000 [ 91%]  (Sampling) 
Chain 2 Iteration: 5600 / 6000 [ 93%]  (Sampling) 
Chain 4 Iteration: 5600 / 6000 [ 93%]  (Sampling) 
Chain 3 Iteration: 5600 / 6000 [ 93%]  (Sampling) 
Chain 2 Iteration: 5700 / 6000 [ 95%]  (Sampling) 
Chain 4 Iteration: 5700 / 6000 [ 95%]  (Sampling) 
Chain 3 Iteration: 5700 / 6000 [ 95%]  (Sampling) 
Chain 2 Iteration: 5800 / 6000 [ 96%]  (Sampling) 
Chain 4 Iteration: 5800 / 6000 [ 96%]  (Sampling) 
Chain 3 Iteration: 5800 / 6000 [ 96%]  (Sampling) 
Chain 2 Iteration: 5900 / 6000 [ 98%]  (Sampling) 
Chain 4 Iteration: 5900 / 6000 [ 98%]  (Sampling) 
Chain 3 Iteration: 5900 / 6000 [ 98%]  (Sampling) 
Chain 2 Iteration: 6000 / 6000 [100%]  (Sampling) 
Chain 2 finished in 1461.0 seconds.
Chain 4 Iteration: 6000 / 6000 [100%]  (Sampling) 
Chain 4 finished in 1474.9 seconds.
Chain 3 Iteration: 6000 / 6000 [100%]  (Sampling) 
Chain 3 finished in 1478.3 seconds.

All 4 chains finished successfully.
Mean chain execution time: 1327.7 seconds.
Total execution time: 1478.6 seconds.

[1] "Processing draws 1 to 100"
[1] "Chunk time = 52.340304851532"
[1] "Processing draws 101 to 200"
[1] "Chunk time = 19.3427422046661"
[1] "Processing draws 201 to 300"
[1] "Chunk time = 18.9360902309418"
[1] "Processing draws 301 to 400"
[1] "Chunk time = 18.1894664764404"
[1] "Processing draws 401 to 500"
[1] "Chunk time = 18.5067150592804"
[1] "Processing draws 501 to 600"
[1] "Chunk time = 18.3355650901794"
[1] "Processing draws 601 to 700"
[1] "Chunk time = 18.0961751937866"
[1] "Processing draws 701 to 800"
[1] "Chunk time = 18.556628704071"
[1] "Processing draws 801 to 900"
[1] "Chunk time = 18.3073704242706"
[1] "Processing draws 901 to 1000"
[1] "Chunk time = 18.24116563797"
[1] "Processing draws 1001 to 1100"
[1] "Chunk time = 18.4373738765717"
[1] "Processing draws 1101 to 1200"
[1] "Chunk time = 18.3876626491547"
[1] "Processing draws 1201 to 1300"
[1] "Chunk time = 18.2308645248413"
[1] "Processing draws 1301 to 1400"
[1] "Chunk time = 18.3739006519318"
[1] "Processing draws 1401 to 1500"
[1] "Chunk time = 18.5322589874268"
[1] "Processing draws 1501 to 1600"
[1] "Chunk time = 18.0889859199524"
[1] "Processing draws 1601 to 1700"
[1] "Chunk time = 18.4005832672119"
[1] "Processing draws 1701 to 1800"
[1] "Chunk time = 18.3091268539429"
[1] "Processing draws 1801 to 1900"
[1] "Chunk time = 18.2239782810211"
[1] "Processing draws 1901 to 2000"
[1] "Chunk time = 18.530490398407"
[1] "Processing draws 2001 to 2100"
[1] "Chunk time = 18.4319868087769"
[1] "Processing draws 2101 to 2200"
[1] "Chunk time = 18.4122922420502"
[1] "Processing draws 2201 to 2300"
[1] "Chunk time = 18.5599417686462"
[1] "Processing draws 2301 to 2400"
[1] "Chunk time = 18.575754404068"
[1] "Processing draws 2401 to 2500"
[1] "Chunk time = 18.2264637947083"
[1] "Processing draws 2501 to 2600"
[1] "Chunk time = 18.4081189632416"
[1] "Processing draws 2601 to 2700"
[1] "Chunk time = 18.4949860572815"
[1] "Processing draws 2701 to 2800"
[1] "Chunk time = 18.2591979503632"
[1] "Processing draws 2801 to 2900"
[1] "Chunk time = 18.3911194801331"
[1] "Processing draws 2901 to 3000"
[1] "Chunk time = 18.3588604927063"
[1] "Processing draws 3001 to 3100"
[1] "Chunk time = 18.2597019672394"
[1] "Processing draws 3101 to 3200"
[1] "Chunk time = 18.660121679306"
[1] "Processing draws 3201 to 3300"
[1] "Chunk time = 18.5051817893982"
[1] "Processing draws 3301 to 3400"
[1] "Chunk time = 18.3790736198425"
[1] "Processing draws 3401 to 3500"
[1] "Chunk time = 18.5598239898682"
[1] "Processing draws 3501 to 3600"
[1] "Chunk time = 18.4869594573975"
[1] "Processing draws 3601 to 3700"
[1] "Chunk time = 18.5315511226654"
[1] "Processing draws 3701 to 3800"
[1] "Chunk time = 18.5730774402618"
[1] "Processing draws 3801 to 3900"
[1] "Chunk time = 18.5745892524719"
[1] "Processing draws 3901 to 4000"
[1] "Chunk time = 18.1852552890778"
[1] "Processing draws 4001 to 4100"
[1] "Chunk time = 18.5740294456482"
[1] "Processing draws 4101 to 4200"
[1] "Chunk time = 18.5619821548462"
[1] "Processing draws 4201 to 4300"
[1] "Chunk time = 18.3996551036835"
[1] "Processing draws 4301 to 4400"
[1] "Chunk time = 18.5481584072113"
[1] "Processing draws 4401 to 4500"
[1] "Chunk time = 18.7084047794342"
[1] "Processing draws 4501 to 4600"
[1] "Chunk time = 18.4818000793457"
[1] "Processing draws 4601 to 4700"
[1] "Chunk time = 18.2270095348358"
[1] "Processing draws 4701 to 4800"
[1] "Chunk time = 18.3227615356445"
[1] "Processing draws 4801 to 4900"
[1] "Chunk time = 18.0679380893707"
[1] "Processing draws 4901 to 5000"
[1] "Chunk time = 18.165858745575"
[1] "Processing draws 5001 to 5100"
[1] "Chunk time = 18.2238767147064"
[1] "Processing draws 5101 to 5200"
[1] "Chunk time = 18.1489527225494"
[1] "Processing draws 5201 to 5300"
[1] "Chunk time = 18.360995054245"
[1] "Processing draws 5301 to 5400"
[1] "Chunk time = 18.5680899620056"
[1] "Processing draws 5401 to 5500"
[1] "Chunk time = 18.3816006183624"
[1] "Processing draws 5501 to 5600"
[1] "Chunk time = 18.3594732284546"
[1] "Processing draws 5601 to 5700"
[1] "Chunk time = 18.397620677948"
[1] "Processing draws 5701 to 5800"
[1] "Chunk time = 18.4310343265533"
[1] "Processing draws 5801 to 5900"
[1] "Chunk time = 18.3902454376221"
[1] "Processing draws 5901 to 6000"
[1] "Chunk time = 18.4227447509766"
[1] "Processing draws 6001 to 6100"
[1] "Chunk time = 18.4345083236694"
[1] "Processing draws 6101 to 6200"
[1] "Chunk time = 18.4856083393097"
[1] "Processing draws 6201 to 6300"
[1] "Chunk time = 18.5454270839691"
[1] "Processing draws 6301 to 6400"
[1] "Chunk time = 18.5193495750427"
[1] "Processing draws 6401 to 6500"
[1] "Chunk time = 18.2828409671783"
[1] "Processing draws 6501 to 6600"
[1] "Chunk time = 18.4178457260132"
[1] "Processing draws 6601 to 6700"
[1] "Chunk time = 18.3453845977783"
[1] "Processing draws 6701 to 6800"
[1] "Chunk time = 18.3704407215118"
[1] "Processing draws 6801 to 6900"
[1] "Chunk time = 18.4971454143524"
[1] "Processing draws 6901 to 7000"
[1] "Chunk time = 18.5381212234497"
[1] "Processing draws 7001 to 7100"
[1] "Chunk time = 18.4227695465088"
[1] "Processing draws 7101 to 7200"
[1] "Chunk time = 18.3468773365021"
[1] "Processing draws 7201 to 7300"
[1] "Chunk time = 18.4712355136871"
[1] "Processing draws 7301 to 7400"
[1] "Chunk time = 18.342515707016"
[1] "Processing draws 7401 to 7500"
[1] "Chunk time = 18.435263633728"
[1] "Processing draws 7501 to 7600"
[1] "Chunk time = 18.4986393451691"
[1] "Processing draws 7601 to 7700"
[1] "Chunk time = 18.4796960353851"
[1] "Processing draws 7701 to 7800"
[1] "Chunk time = 18.570102930069"
[1] "Processing draws 7801 to 7900"
[1] "Chunk time = 18.7029666900635"
[1] "Processing draws 7901 to 8000"
[1] "Chunk time = 18.6292765140533"
[1] "Processing draws 8001 to 8100"
[1] "Chunk time = 18.6190688610077"
[1] "Processing draws 8101 to 8200"
[1] "Chunk time = 18.372941493988"
[1] "Processing draws 8201 to 8300"
[1] "Chunk time = 17.6763038635254"
[1] "Processing draws 8301 to 8400"
[1] "Chunk time = 17.6941723823547"
[1] "Processing draws 8401 to 8500"
[1] "Chunk time = 17.817076921463"
[1] "Processing draws 8501 to 8600"
[1] "Chunk time = 17.853688955307"
[1] "Processing draws 8601 to 8700"
[1] "Chunk time = 17.7000522613525"
[1] "Processing draws 8701 to 8800"
[1] "Chunk time = 17.6424629688263"
[1] "Processing draws 8801 to 8900"
[1] "Chunk time = 17.7364370822906"
[1] "Processing draws 8901 to 9000"
[1] "Chunk time = 17.9667718410492"
[1] "Processing draws 9001 to 9100"
[1] "Chunk time = 18.8088753223419"
[1] "Processing draws 9101 to 9200"
[1] "Chunk time = 18.1289002895355"
[1] "Processing draws 9201 to 9300"
[1] "Chunk time = 17.8703248500824"
[1] "Processing draws 9301 to 9400"
[1] "Chunk time = 17.5661895275116"
[1] "Processing draws 9401 to 9500"
[1] "Chunk time = 17.7933924198151"
[1] "Processing draws 9501 to 9600"
[1] "Chunk time = 17.6432564258575"
[1] "Processing draws 9601 to 9700"
[1] "Chunk time = 17.8410522937775"
[1] "Processing draws 9701 to 9800"
[1] "Chunk time = 17.8147957324982"
[1] "Processing draws 9801 to 9900"
[1] "Chunk time = 17.6970028877258"
[1] "Processing draws 9901 to 10000"
[1] "Chunk time = 17.7349538803101"
[1] "Processing draws 10001 to 10100"
[1] "Chunk time = 17.6621081829071"
[1] "Processing draws 10101 to 10200"
[1] "Chunk time = 17.7658228874207"
[1] "Processing draws 10201 to 10300"
[1] "Chunk time = 17.762175321579"
[1] "Processing draws 10301 to 10400"
[1] "Chunk time = 17.6376616954803"
[1] "Processing draws 10401 to 10500"
[1] "Chunk time = 17.861563205719"
[1] "Processing draws 10501 to 10600"
[1] "Chunk time = 17.7559440135956"
[1] "Processing draws 10601 to 10700"
[1] "Chunk time = 17.7768862247467"
[1] "Processing draws 10701 to 10800"
[1] "Chunk time = 17.8556864261627"
[1] "Processing draws 10801 to 10900"
[1] "Chunk time = 17.8365743160248"
[1] "Processing draws 10901 to 11000"
[1] "Chunk time = 17.7613983154297"
[1] "Processing draws 11001 to 11100"
[1] "Chunk time = 17.640438079834"
[1] "Processing draws 11101 to 11200"
[1] "Chunk time = 17.7685034275055"
[1] "Processing draws 11201 to 11300"
[1] "Chunk time = 17.8218250274658"
[1] "Processing draws 11301 to 11400"
[1] "Chunk time = 17.9888648986816"
[1] "Processing draws 11401 to 11500"
[1] "Chunk time = 17.937155008316"
[1] "Processing draws 11501 to 11600"
[1] "Chunk time = 17.8545632362366"
[1] "Processing draws 11601 to 11700"
[1] "Chunk time = 17.8840231895447"
[1] "Processing draws 11701 to 11800"
[1] "Chunk time = 17.8672420978546"
[1] "Processing draws 11801 to 11900"
[1] "Chunk time = 17.9871430397034"
[1] "Processing draws 11901 to 12000"
[1] "Chunk time = 17.9713485240936"
[1] "Processing draws 12001 to 12100"
[1] "Chunk time = 17.7999157905579"
[1] "Processing draws 12101 to 12200"
[1] "Chunk time = 18.0034334659576"
[1] "Processing draws 12201 to 12300"
[1] "Chunk time = 17.8336455821991"
[1] "Processing draws 12301 to 12400"
[1] "Chunk time = 17.8713574409485"
[1] "Processing draws 12401 to 12500"
[1] "Chunk time = 17.768721818924"
[1] "Processing draws 12501 to 12600"
[1] "Chunk time = 17.8655025959015"
[1] "Processing draws 12601 to 12700"
[1] "Chunk time = 17.9788115024567"
[1] "Processing draws 12701 to 12800"
[1] "Chunk time = 17.9711692333221"
[1] "Processing draws 12801 to 12900"
[1] "Chunk time = 18.03085064888"
[1] "Processing draws 12901 to 13000"
[1] "Chunk time = 17.8791532516479"
[1] "Processing draws 13001 to 13100"
[1] "Chunk time = 18.1669375896454"
[1] "Processing draws 13101 to 13200"
[1] "Chunk time = 17.7364039421082"
[1] "Processing draws 13201 to 13300"
[1] "Chunk time = 17.859961271286"
[1] "Processing draws 13301 to 13400"
[1] "Chunk time = 18.0279257297516"
[1] "Processing draws 13401 to 13500"
[1] "Chunk time = 17.6289658546448"
[1] "Processing draws 13501 to 13600"
[1] "Chunk time = 17.5844523906708"
[1] "Processing draws 13601 to 13700"
[1] "Chunk time = 17.5276818275452"
[1] "Processing draws 13701 to 13800"
[1] "Chunk time = 17.6387476921082"
[1] "Processing draws 13801 to 13900"
[1] "Chunk time = 17.6656823158264"
[1] "Processing draws 13901 to 14000"
[1] "Chunk time = 17.6116971969604"
[1] "Processing draws 14001 to 14100"
[1] "Chunk time = 17.6089160442352"
[1] "Processing draws 14101 to 14200"
[1] "Chunk time = 17.8672986030579"
[1] "Processing draws 14201 to 14300"
[1] "Chunk time = 17.7351269721985"
[1] "Processing draws 14301 to 14400"
[1] "Chunk time = 17.8309891223907"
[1] "Processing draws 14401 to 14500"
[1] "Chunk time = 17.9492161273956"
[1] "Processing draws 14501 to 14600"
[1] "Chunk time = 17.8983807563782"
[1] "Processing draws 14601 to 14700"
[1] "Chunk time = 17.8160371780396"
[1] "Processing draws 14701 to 14800"
[1] "Chunk time = 17.8537440299988"
[1] "Processing draws 14801 to 14900"
[1] "Chunk time = 17.8915593624115"
[1] "Processing draws 14901 to 15000"
[1] "Chunk time = 17.7166304588318"
[1] "Processing draws 15001 to 15100"
[1] "Chunk time = 17.9289057254791"
[1] "Processing draws 15101 to 15200"
[1] "Chunk time = 17.7576591968536"
[1] "Processing draws 15201 to 15300"
[1] "Chunk time = 17.7709617614746"
[1] "Processing draws 15301 to 15400"
[1] "Chunk time = 17.6399116516113"
[1] "Processing draws 15401 to 15500"
[1] "Chunk time = 17.8667688369751"
[1] "Processing draws 15501 to 15600"
[1] "Chunk time = 17.936772108078"
[1] "Processing draws 15601 to 15700"
[1] "Chunk time = 17.7802088260651"
[1] "Processing draws 15701 to 15800"
[1] "Chunk time = 17.7966711521149"
[1] "Processing draws 15801 to 15900"
[1] "Chunk time = 18.0177276134491"
[1] "Processing draws 15901 to 16000"
[1] "Chunk time = 17.7455677986145"
[1] "Processing draws 16001 to 16100"
[1] "Chunk time = 17.7002828121185"
[1] "Processing draws 16101 to 16200"
[1] "Chunk time = 17.8542881011963"
[1] "Processing draws 16201 to 16300"
[1] "Chunk time = 17.7236397266388"
[1] "Processing draws 16301 to 16400"
[1] "Chunk time = 17.8165946006775"
[1] "Processing draws 16401 to 16500"
[1] "Chunk time = 18.2161240577698"
[1] "Processing draws 16501 to 16600"
[1] "Chunk time = 17.8420610427856"
[1] "Processing draws 16601 to 16700"
[1] "Chunk time = 17.8961772918701"
[1] "Processing draws 16701 to 16800"
[1] "Chunk time = 17.9423801898956"
[1] "Processing draws 16801 to 16900"
[1] "Chunk time = 17.8208961486816"
[1] "Processing draws 16901 to 17000"
[1] "Chunk time = 17.9331095218658"
[1] "Processing draws 17001 to 17100"
[1] "Chunk time = 18.0285804271698"
[1] "Processing draws 17101 to 17200"
[1] "Chunk time = 17.8339025974274"
[1] "Processing draws 17201 to 17300"
[1] "Chunk time = 17.882269859314"
[1] "Processing draws 17301 to 17400"
[1] "Chunk time = 17.8925428390503"
[1] "Processing draws 17401 to 17500"
[1] "Chunk time = 17.7227911949158"
[1] "Processing draws 17501 to 17600"
[1] "Chunk time = 18.0879302024841"
[1] "Processing draws 17601 to 17700"
[1] "Chunk time = 17.8930997848511"
[1] "Processing draws 17701 to 17800"
[1] "Chunk time = 17.9305593967438"
[1] "Processing draws 17801 to 17900"
[1] "Chunk time = 17.6568791866302"
[1] "Processing draws 17901 to 18000"
[1] "Chunk time = 17.5791912078857"
[1] "Processing draws 18001 to 18100"
[1] "Chunk time = 17.8126320838928"
[1] "Processing draws 18101 to 18200"
[1] "Chunk time = 17.6796300411224"
[1] "Processing draws 18201 to 18300"
[1] "Chunk time = 17.4860436916351"
[1] "Processing draws 18301 to 18400"
[1] "Chunk time = 17.6826131343842"
[1] "Processing draws 18401 to 18500"
[1] "Chunk time = 17.7529246807098"
[1] "Processing draws 18501 to 18600"
[1] "Chunk time = 18.1052420139313"
[1] "Processing draws 18601 to 18700"
[1] "Chunk time = 17.7969009876251"
[1] "Processing draws 18701 to 18800"
[1] "Chunk time = 17.7266366481781"
[1] "Processing draws 18801 to 18900"
[1] "Chunk time = 17.9563145637512"
[1] "Processing draws 18901 to 19000"
[1] "Chunk time = 17.8201067447662"
[1] "Processing draws 19001 to 19100"
[1] "Chunk time = 17.849113702774"
[1] "Processing draws 19101 to 19200"
[1] "Chunk time = 17.9521994590759"
[1] "Processing draws 19201 to 19300"
[1] "Chunk time = 17.8746902942657"
[1] "Processing draws 19301 to 19400"
[1] "Chunk time = 17.921840429306"
[1] "Processing draws 19401 to 19500"
[1] "Chunk time = 18.0052034854889"
[1] "Processing draws 19501 to 19600"
[1] "Chunk time = 17.7819409370422"
[1] "Processing draws 19601 to 19700"
[1] "Chunk time = 17.8349852561951"
[1] "Processing draws 19701 to 19800"
[1] "Chunk time = 18.0698652267456"
[1] "Processing draws 19801 to 19900"
[1] "Chunk time = 17.7566032409668"
[1] "Processing draws 19901 to 20000"
[1] "Chunk time = 17.7746856212616"
[1] "done lapplying"
[1] "Saving current params"
[1] "Saving params to output.rds"
[1] TRUE
