[1] "Starting sampling."
Running MCMC with 4 parallel chains, with 4 thread(s) per chain...

Chain 1 Iteration:    1 / 6000 [  0%]  (Warmup) 
Chain 2 Iteration:    1 / 6000 [  0%]  (Warmup) 
Chain 3 Iteration:    1 / 6000 [  0%]  (Warmup) 
Chain 4 Iteration:    1 / 6000 [  0%]  (Warmup) 
Chain 2 Iteration:  100 / 6000 [  1%]  (Warmup) 
Chain 1 Iteration:  100 / 6000 [  1%]  (Warmup) 
Chain 4 Iteration:  100 / 6000 [  1%]  (Warmup) 
Chain 3 Iteration:  100 / 6000 [  1%]  (Warmup) 
Chain 2 Iteration:  200 / 6000 [  3%]  (Warmup) 
Chain 1 Iteration:  200 / 6000 [  3%]  (Warmup) 
Chain 3 Iteration:  200 / 6000 [  3%]  (Warmup) 
Chain 4 Iteration:  200 / 6000 [  3%]  (Warmup) 
Chain 2 Iteration:  300 / 6000 [  5%]  (Warmup) 
Chain 1 Iteration:  300 / 6000 [  5%]  (Warmup) 
Chain 3 Iteration:  300 / 6000 [  5%]  (Warmup) 
Chain 1 Iteration:  400 / 6000 [  6%]  (Warmup) 
Chain 2 Iteration:  400 / 6000 [  6%]  (Warmup) 
Chain 4 Iteration:  300 / 6000 [  5%]  (Warmup) 
Chain 3 Iteration:  400 / 6000 [  6%]  (Warmup) 
Chain 2 Iteration:  500 / 6000 [  8%]  (Warmup) 
Chain 4 Iteration:  400 / 6000 [  6%]  (Warmup) 
Chain 1 Iteration:  500 / 6000 [  8%]  (Warmup) 
Chain 3 Iteration:  500 / 6000 [  8%]  (Warmup) 
Chain 2 Iteration:  600 / 6000 [ 10%]  (Warmup) 
Chain 1 Iteration:  600 / 6000 [ 10%]  (Warmup) 
Chain 4 Iteration:  500 / 6000 [  8%]  (Warmup) 
Chain 2 Iteration:  700 / 6000 [ 11%]  (Warmup) 
Chain 3 Iteration:  600 / 6000 [ 10%]  (Warmup) 
Chain 1 Iteration:  700 / 6000 [ 11%]  (Warmup) 
Chain 2 Iteration:  800 / 6000 [ 13%]  (Warmup) 
Chain 4 Iteration:  600 / 6000 [ 10%]  (Warmup) 
Chain 2 Iteration:  900 / 6000 [ 15%]  (Warmup) 
Chain 1 Iteration:  800 / 6000 [ 13%]  (Warmup) 
Chain 3 Iteration:  700 / 6000 [ 11%]  (Warmup) 
Chain 4 Iteration:  700 / 6000 [ 11%]  (Warmup) 
Chain 2 Iteration: 1000 / 6000 [ 16%]  (Warmup) 
Chain 2 Iteration: 1001 / 6000 [ 16%]  (Sampling) 
Chain 1 Iteration:  900 / 6000 [ 15%]  (Warmup) 
Chain 3 Iteration:  800 / 6000 [ 13%]  (Warmup) 
Chain 4 Iteration:  800 / 6000 [ 13%]  (Warmup) 
Chain 3 Iteration:  900 / 6000 [ 15%]  (Warmup) 
Chain 1 Iteration: 1000 / 6000 [ 16%]  (Warmup) 
Chain 4 Iteration:  900 / 6000 [ 15%]  (Warmup) 
Chain 1 Iteration: 1001 / 6000 [ 16%]  (Sampling) 
Chain 2 Iteration: 1100 / 6000 [ 18%]  (Sampling) 
Chain 3 Iteration: 1000 / 6000 [ 16%]  (Warmup) 
Chain 3 Iteration: 1001 / 6000 [ 16%]  (Sampling) 
Chain 1 Iteration: 1100 / 6000 [ 18%]  (Sampling) 
Chain 2 Iteration: 1200 / 6000 [ 20%]  (Sampling) 
Chain 4 Iteration: 1000 / 6000 [ 16%]  (Warmup) 
Chain 4 Iteration: 1001 / 6000 [ 16%]  (Sampling) 
Chain 3 Iteration: 1100 / 6000 [ 18%]  (Sampling) 
Chain 1 Iteration: 1200 / 6000 [ 20%]  (Sampling) 
Chain 2 Iteration: 1300 / 6000 [ 21%]  (Sampling) 
Chain 4 Iteration: 1100 / 6000 [ 18%]  (Sampling) 
Chain 3 Iteration: 1200 / 6000 [ 20%]  (Sampling) 
Chain 4 Iteration: 1200 / 6000 [ 20%]  (Sampling) 
Chain 1 Iteration: 1300 / 6000 [ 21%]  (Sampling) 
Chain 2 Iteration: 1400 / 6000 [ 23%]  (Sampling) 
Chain 3 Iteration: 1300 / 6000 [ 21%]  (Sampling) 
Chain 4 Iteration: 1300 / 6000 [ 21%]  (Sampling) 
Chain 2 Iteration: 1500 / 6000 [ 25%]  (Sampling) 
Chain 1 Iteration: 1400 / 6000 [ 23%]  (Sampling) 
Chain 3 Iteration: 1400 / 6000 [ 23%]  (Sampling) 
Chain 4 Iteration: 1400 / 6000 [ 23%]  (Sampling) 
Chain 2 Iteration: 1600 / 6000 [ 26%]  (Sampling) 
Chain 1 Iteration: 1500 / 6000 [ 25%]  (Sampling) 
Chain 3 Iteration: 1500 / 6000 [ 25%]  (Sampling) 
Chain 4 Iteration: 1500 / 6000 [ 25%]  (Sampling) 
Chain 2 Iteration: 1700 / 6000 [ 28%]  (Sampling) 
Chain 1 Iteration: 1600 / 6000 [ 26%]  (Sampling) 
Chain 3 Iteration: 1600 / 6000 [ 26%]  (Sampling) 
Chain 4 Iteration: 1600 / 6000 [ 26%]  (Sampling) 
Chain 1 Iteration: 1700 / 6000 [ 28%]  (Sampling) 
Chain 2 Iteration: 1800 / 6000 [ 30%]  (Sampling) 
Chain 3 Iteration: 1700 / 6000 [ 28%]  (Sampling) 
Chain 1 Iteration: 1800 / 6000 [ 30%]  (Sampling) 
Chain 4 Iteration: 1700 / 6000 [ 28%]  (Sampling) 
Chain 2 Iteration: 1900 / 6000 [ 31%]  (Sampling) 
Chain 3 Iteration: 1800 / 6000 [ 30%]  (Sampling) 
Chain 4 Iteration: 1800 / 6000 [ 30%]  (Sampling) 
Chain 1 Iteration: 1900 / 6000 [ 31%]  (Sampling) 
Chain 2 Iteration: 2000 / 6000 [ 33%]  (Sampling) 
Chain 3 Iteration: 1900 / 6000 [ 31%]  (Sampling) 
Chain 4 Iteration: 1900 / 6000 [ 31%]  (Sampling) 
Chain 1 Iteration: 2000 / 6000 [ 33%]  (Sampling) 
Chain 2 Iteration: 2100 / 6000 [ 35%]  (Sampling) 
Chain 3 Iteration: 2000 / 6000 [ 33%]  (Sampling) 
Chain 4 Iteration: 2000 / 6000 [ 33%]  (Sampling) 
Chain 1 Iteration: 2100 / 6000 [ 35%]  (Sampling) 
Chain 2 Iteration: 2200 / 6000 [ 36%]  (Sampling) 
Chain 3 Iteration: 2100 / 6000 [ 35%]  (Sampling) 
Chain 4 Iteration: 2100 / 6000 [ 35%]  (Sampling) 
Chain 1 Iteration: 2200 / 6000 [ 36%]  (Sampling) 
Chain 2 Iteration: 2300 / 6000 [ 38%]  (Sampling) 
Chain 3 Iteration: 2200 / 6000 [ 36%]  (Sampling) 
Chain 4 Iteration: 2200 / 6000 [ 36%]  (Sampling) 
Chain 1 Iteration: 2300 / 6000 [ 38%]  (Sampling) 
Chain 2 Iteration: 2400 / 6000 [ 40%]  (Sampling) 
Chain 3 Iteration: 2300 / 6000 [ 38%]  (Sampling) 
Chain 4 Iteration: 2300 / 6000 [ 38%]  (Sampling) 
Chain 2 Iteration: 2500 / 6000 [ 41%]  (Sampling) 
Chain 1 Iteration: 2400 / 6000 [ 40%]  (Sampling) 
Chain 3 Iteration: 2400 / 6000 [ 40%]  (Sampling) 
Chain 4 Iteration: 2400 / 6000 [ 40%]  (Sampling) 
Chain 2 Iteration: 2600 / 6000 [ 43%]  (Sampling) 
Chain 1 Iteration: 2500 / 6000 [ 41%]  (Sampling) 
Chain 3 Iteration: 2500 / 6000 [ 41%]  (Sampling) 
Chain 4 Iteration: 2500 / 6000 [ 41%]  (Sampling) 
Chain 2 Iteration: 2700 / 6000 [ 45%]  (Sampling) 
Chain 1 Iteration: 2600 / 6000 [ 43%]  (Sampling) 
Chain 3 Iteration: 2600 / 6000 [ 43%]  (Sampling) 
Chain 4 Iteration: 2600 / 6000 [ 43%]  (Sampling) 
Chain 2 Iteration: 2800 / 6000 [ 46%]  (Sampling) 
Chain 1 Iteration: 2700 / 6000 [ 45%]  (Sampling) 
Chain 3 Iteration: 2700 / 6000 [ 45%]  (Sampling) 
Chain 4 Iteration: 2700 / 6000 [ 45%]  (Sampling) 
Chain 2 Iteration: 2900 / 6000 [ 48%]  (Sampling) 
Chain 1 Iteration: 2800 / 6000 [ 46%]  (Sampling) 
Chain 3 Iteration: 2800 / 6000 [ 46%]  (Sampling) 
Chain 4 Iteration: 2800 / 6000 [ 46%]  (Sampling) 
Chain 2 Iteration: 3000 / 6000 [ 50%]  (Sampling) 
Chain 1 Iteration: 2900 / 6000 [ 48%]  (Sampling) 
Chain 3 Iteration: 2900 / 6000 [ 48%]  (Sampling) 
Chain 4 Iteration: 2900 / 6000 [ 48%]  (Sampling) 
Chain 2 Iteration: 3100 / 6000 [ 51%]  (Sampling) 
Chain 3 Iteration: 3000 / 6000 [ 50%]  (Sampling) 
Chain 1 Iteration: 3000 / 6000 [ 50%]  (Sampling) 
Chain 4 Iteration: 3000 / 6000 [ 50%]  (Sampling) 
Chain 2 Iteration: 3200 / 6000 [ 53%]  (Sampling) 
Chain 3 Iteration: 3100 / 6000 [ 51%]  (Sampling) 
Chain 1 Iteration: 3100 / 6000 [ 51%]  (Sampling) 
Chain 4 Iteration: 3100 / 6000 [ 51%]  (Sampling) 
Chain 2 Iteration: 3300 / 6000 [ 55%]  (Sampling) 
Chain 3 Iteration: 3200 / 6000 [ 53%]  (Sampling) 
Chain 1 Iteration: 3200 / 6000 [ 53%]  (Sampling) 
Chain 4 Iteration: 3200 / 6000 [ 53%]  (Sampling) 
Chain 2 Iteration: 3400 / 6000 [ 56%]  (Sampling) 
Chain 3 Iteration: 3300 / 6000 [ 55%]  (Sampling) 
Chain 1 Iteration: 3300 / 6000 [ 55%]  (Sampling) 
Chain 4 Iteration: 3300 / 6000 [ 55%]  (Sampling) 
Chain 2 Iteration: 3500 / 6000 [ 58%]  (Sampling) 
Chain 3 Iteration: 3400 / 6000 [ 56%]  (Sampling) 
Chain 1 Iteration: 3400 / 6000 [ 56%]  (Sampling) 
Chain 4 Iteration: 3400 / 6000 [ 56%]  (Sampling) 
Chain 2 Iteration: 3600 / 6000 [ 60%]  (Sampling) 
Chain 3 Iteration: 3500 / 6000 [ 58%]  (Sampling) 
Chain 1 Iteration: 3500 / 6000 [ 58%]  (Sampling) 
Chain 4 Iteration: 3500 / 6000 [ 58%]  (Sampling) 
Chain 3 Iteration: 3600 / 6000 [ 60%]  (Sampling) 
Chain 2 Iteration: 3700 / 6000 [ 61%]  (Sampling) 
Chain 1 Iteration: 3600 / 6000 [ 60%]  (Sampling) 
Chain 4 Iteration: 3600 / 6000 [ 60%]  (Sampling) 
Chain 3 Iteration: 3700 / 6000 [ 61%]  (Sampling) 
Chain 2 Iteration: 3800 / 6000 [ 63%]  (Sampling) 
Chain 4 Iteration: 3700 / 6000 [ 61%]  (Sampling) 
Chain 1 Iteration: 3700 / 6000 [ 61%]  (Sampling) 
Chain 3 Iteration: 3800 / 6000 [ 63%]  (Sampling) 
Chain 2 Iteration: 3900 / 6000 [ 65%]  (Sampling) 
Chain 4 Iteration: 3800 / 6000 [ 63%]  (Sampling) 
Chain 1 Iteration: 3800 / 6000 [ 63%]  (Sampling) 
Chain 3 Iteration: 3900 / 6000 [ 65%]  (Sampling) 
Chain 2 Iteration: 4000 / 6000 [ 66%]  (Sampling) 
Chain 4 Iteration: 3900 / 6000 [ 65%]  (Sampling) 
Chain 1 Iteration: 3900 / 6000 [ 65%]  (Sampling) 
Chain 3 Iteration: 4000 / 6000 [ 66%]  (Sampling) 
Chain 2 Iteration: 4100 / 6000 [ 68%]  (Sampling) 
Chain 4 Iteration: 4000 / 6000 [ 66%]  (Sampling) 
Chain 1 Iteration: 4000 / 6000 [ 66%]  (Sampling) 
Chain 3 Iteration: 4100 / 6000 [ 68%]  (Sampling) 
Chain 2 Iteration: 4200 / 6000 [ 70%]  (Sampling) 
Chain 4 Iteration: 4100 / 6000 [ 68%]  (Sampling) 
Chain 1 Iteration: 4100 / 6000 [ 68%]  (Sampling) 
Chain 3 Iteration: 4200 / 6000 [ 70%]  (Sampling) 
Chain 4 Iteration: 4200 / 6000 [ 70%]  (Sampling) 
Chain 2 Iteration: 4300 / 6000 [ 71%]  (Sampling) 
Chain 1 Iteration: 4200 / 6000 [ 70%]  (Sampling) 
Chain 3 Iteration: 4300 / 6000 [ 71%]  (Sampling) 
Chain 4 Iteration: 4300 / 6000 [ 71%]  (Sampling) 
Chain 2 Iteration: 4400 / 6000 [ 73%]  (Sampling) 
Chain 1 Iteration: 4300 / 6000 [ 71%]  (Sampling) 
Chain 3 Iteration: 4400 / 6000 [ 73%]  (Sampling) 
Chain 4 Iteration: 4400 / 6000 [ 73%]  (Sampling) 
Chain 2 Iteration: 4500 / 6000 [ 75%]  (Sampling) 
Chain 1 Iteration: 4400 / 6000 [ 73%]  (Sampling) 
Chain 3 Iteration: 4500 / 6000 [ 75%]  (Sampling) 
Chain 4 Iteration: 4500 / 6000 [ 75%]  (Sampling) 
Chain 2 Iteration: 4600 / 6000 [ 76%]  (Sampling) 
Chain 1 Iteration: 4500 / 6000 [ 75%]  (Sampling) 
Chain 4 Iteration: 4600 / 6000 [ 76%]  (Sampling) 
Chain 3 Iteration: 4600 / 6000 [ 76%]  (Sampling) 
Chain 2 Iteration: 4700 / 6000 [ 78%]  (Sampling) 
Chain 1 Iteration: 4600 / 6000 [ 76%]  (Sampling) 
Chain 4 Iteration: 4700 / 6000 [ 78%]  (Sampling) 
Chain 3 Iteration: 4700 / 6000 [ 78%]  (Sampling) 
Chain 2 Iteration: 4800 / 6000 [ 80%]  (Sampling) 
Chain 1 Iteration: 4700 / 6000 [ 78%]  (Sampling) 
Chain 4 Iteration: 4800 / 6000 [ 80%]  (Sampling) 
Chain 3 Iteration: 4800 / 6000 [ 80%]  (Sampling) 
Chain 2 Iteration: 4900 / 6000 [ 81%]  (Sampling) 
Chain 1 Iteration: 4800 / 6000 [ 80%]  (Sampling) 
Chain 4 Iteration: 4900 / 6000 [ 81%]  (Sampling) 
Chain 3 Iteration: 4900 / 6000 [ 81%]  (Sampling) 
Chain 2 Iteration: 5000 / 6000 [ 83%]  (Sampling) 
Chain 1 Iteration: 4900 / 6000 [ 81%]  (Sampling) 
Chain 4 Iteration: 5000 / 6000 [ 83%]  (Sampling) 
Chain 3 Iteration: 5000 / 6000 [ 83%]  (Sampling) 
Chain 2 Iteration: 5100 / 6000 [ 85%]  (Sampling) 
Chain 1 Iteration: 5000 / 6000 [ 83%]  (Sampling) 
Chain 4 Iteration: 5100 / 6000 [ 85%]  (Sampling) 
Chain 3 Iteration: 5100 / 6000 [ 85%]  (Sampling) 
Chain 2 Iteration: 5200 / 6000 [ 86%]  (Sampling) 
Chain 1 Iteration: 5100 / 6000 [ 85%]  (Sampling) 
Chain 3 Iteration: 5200 / 6000 [ 86%]  (Sampling) 
Chain 4 Iteration: 5200 / 6000 [ 86%]  (Sampling) 
Chain 2 Iteration: 5300 / 6000 [ 88%]  (Sampling) 
Chain 1 Iteration: 5200 / 6000 [ 86%]  (Sampling) 
Chain 3 Iteration: 5300 / 6000 [ 88%]  (Sampling) 
Chain 4 Iteration: 5300 / 6000 [ 88%]  (Sampling) 
Chain 2 Iteration: 5400 / 6000 [ 90%]  (Sampling) 
Chain 1 Iteration: 5300 / 6000 [ 88%]  (Sampling) 
Chain 3 Iteration: 5400 / 6000 [ 90%]  (Sampling) 
Chain 4 Iteration: 5400 / 6000 [ 90%]  (Sampling) 
Chain 2 Iteration: 5500 / 6000 [ 91%]  (Sampling) 
Chain 1 Iteration: 5400 / 6000 [ 90%]  (Sampling) 
Chain 3 Iteration: 5500 / 6000 [ 91%]  (Sampling) 
Chain 4 Iteration: 5500 / 6000 [ 91%]  (Sampling) 
Chain 2 Iteration: 5600 / 6000 [ 93%]  (Sampling) 
Chain 1 Iteration: 5500 / 6000 [ 91%]  (Sampling) 
Chain 3 Iteration: 5600 / 6000 [ 93%]  (Sampling) 
Chain 4 Iteration: 5600 / 6000 [ 93%]  (Sampling) 
Chain 2 Iteration: 5700 / 6000 [ 95%]  (Sampling) 
Chain 1 Iteration: 5600 / 6000 [ 93%]  (Sampling) 
Chain 3 Iteration: 5700 / 6000 [ 95%]  (Sampling) 
Chain 4 Iteration: 5700 / 6000 [ 95%]  (Sampling) 
Chain 2 Iteration: 5800 / 6000 [ 96%]  (Sampling) 
Chain 1 Iteration: 5700 / 6000 [ 95%]  (Sampling) 
Chain 3 Iteration: 5800 / 6000 [ 96%]  (Sampling) 
Chain 4 Iteration: 5800 / 6000 [ 96%]  (Sampling) 
Chain 2 Iteration: 5900 / 6000 [ 98%]  (Sampling) 
Chain 1 Iteration: 5800 / 6000 [ 96%]  (Sampling) 
Chain 3 Iteration: 5900 / 6000 [ 98%]  (Sampling) 
Chain 4 Iteration: 5900 / 6000 [ 98%]  (Sampling) 
Chain 2 Iteration: 6000 / 6000 [100%]  (Sampling) 
Chain 2 finished in 5044.4 seconds.
Chain 1 Iteration: 5900 / 6000 [ 98%]  (Sampling) 
Chain 3 Iteration: 6000 / 6000 [100%]  (Sampling) 
Chain 3 finished in 5055.2 seconds.
Chain 4 Iteration: 6000 / 6000 [100%]  (Sampling) 
Chain 4 finished in 5069.8 seconds.
Chain 1 Iteration: 6000 / 6000 [100%]  (Sampling) 
Chain 1 finished in 5124.9 seconds.

All 4 chains finished successfully.
Mean chain execution time: 5073.6 seconds.
Total execution time: 5125.1 seconds.

[1] "Processing draws 1 to 100"
[1] "Chunk time = 52.9069168567657"
[1] "Processing draws 101 to 200"
[1] "Chunk time = 16.693870306015"
[1] "Processing draws 201 to 300"
[1] "Chunk time = 16.4473469257355"
[1] "Processing draws 301 to 400"
[1] "Chunk time = 16.6105692386627"
[1] "Processing draws 401 to 500"
[1] "Chunk time = 16.5238044261932"
[1] "Processing draws 501 to 600"
[1] "Chunk time = 16.4699175357819"
[1] "Processing draws 601 to 700"
[1] "Chunk time = 17.086128950119"
[1] "Processing draws 701 to 800"
[1] "Chunk time = 16.2742998600006"
[1] "Processing draws 801 to 900"
[1] "Chunk time = 16.3507661819458"
[1] "Processing draws 901 to 1000"
[1] "Chunk time = 16.3409473896027"
[1] "Processing draws 1001 to 1100"
[1] "Chunk time = 16.3668079376221"
[1] "Processing draws 1101 to 1200"
[1] "Chunk time = 16.1764872074127"
[1] "Processing draws 1201 to 1300"
[1] "Chunk time = 16.1277267932892"
[1] "Processing draws 1301 to 1400"
[1] "Chunk time = 16.3585007190704"
[1] "Processing draws 1401 to 1500"
[1] "Chunk time = 16.2464044094086"
[1] "Processing draws 1501 to 1600"
[1] "Chunk time = 16.1761627197266"
[1] "Processing draws 1601 to 1700"
[1] "Chunk time = 16.2951691150665"
[1] "Processing draws 1701 to 1800"
[1] "Chunk time = 16.4218888282776"
[1] "Processing draws 1801 to 1900"
[1] "Chunk time = 16.1043722629547"
[1] "Processing draws 1901 to 2000"
[1] "Chunk time = 16.4938449859619"
[1] "Processing draws 2001 to 2100"
[1] "Chunk time = 16.3645498752594"
[1] "Processing draws 2101 to 2200"
[1] "Chunk time = 16.5792949199677"
[1] "Processing draws 2201 to 2300"
[1] "Chunk time = 16.3451824188232"
[1] "Processing draws 2301 to 2400"
[1] "Chunk time = 16.4853284358978"
[1] "Processing draws 2401 to 2500"
[1] "Chunk time = 16.1444134712219"
[1] "Processing draws 2501 to 2600"
[1] "Chunk time = 16.469776391983"
[1] "Processing draws 2601 to 2700"
[1] "Chunk time = 16.3654801845551"
[1] "Processing draws 2701 to 2800"
[1] "Chunk time = 16.4091515541077"
[1] "Processing draws 2801 to 2900"
[1] "Chunk time = 16.1109380722046"
[1] "Processing draws 2901 to 3000"
[1] "Chunk time = 16.5393090248108"
[1] "Processing draws 3001 to 3100"
[1] "Chunk time = 16.0829432010651"
[1] "Processing draws 3101 to 3200"
[1] "Chunk time = 16.3183839321136"
[1] "Processing draws 3201 to 3300"
[1] "Chunk time = 16.1948544979095"
[1] "Processing draws 3301 to 3400"
[1] "Chunk time = 16.434798002243"
[1] "Processing draws 3401 to 3500"
[1] "Chunk time = 16.2283627986908"
[1] "Processing draws 3501 to 3600"
[1] "Chunk time = 16.2975463867188"
[1] "Processing draws 3601 to 3700"
[1] "Chunk time = 16.4219779968262"
[1] "Processing draws 3701 to 3800"
[1] "Chunk time = 16.3227622509003"
[1] "Processing draws 3801 to 3900"
[1] "Chunk time = 16.446302652359"
[1] "Processing draws 3901 to 4000"
[1] "Chunk time = 16.4077830314636"
[1] "Processing draws 4001 to 4100"
[1] "Chunk time = 16.3902797698975"
[1] "Processing draws 4101 to 4200"
[1] "Chunk time = 16.4864687919617"
[1] "Processing draws 4201 to 4300"
[1] "Chunk time = 16.5382158756256"
[1] "Processing draws 4301 to 4400"
[1] "Chunk time = 16.5261054039001"
[1] "Processing draws 4401 to 4500"
[1] "Chunk time = 16.6438834667206"
[1] "Processing draws 4501 to 4600"
[1] "Chunk time = 16.4703280925751"
[1] "Processing draws 4601 to 4700"
[1] "Chunk time = 16.5100328922272"
[1] "Processing draws 4701 to 4800"
[1] "Chunk time = 16.111579656601"
[1] "Processing draws 4801 to 4900"
[1] "Chunk time = 16.6156859397888"
[1] "Processing draws 4901 to 5000"
[1] "Chunk time = 16.6689915657043"
[1] "Processing draws 5001 to 5100"
[1] "Chunk time = 16.5490953922272"
[1] "Processing draws 5101 to 5200"
[1] "Chunk time = 16.3658697605133"
[1] "Processing draws 5201 to 5300"
[1] "Chunk time = 16.6709916591644"
[1] "Processing draws 5301 to 5400"
[1] "Chunk time = 16.2932331562042"
[1] "Processing draws 5401 to 5500"
[1] "Chunk time = 16.445743560791"
[1] "Processing draws 5501 to 5600"
[1] "Chunk time = 16.4808459281921"
[1] "Processing draws 5601 to 5700"
[1] "Chunk time = 16.6160907745361"
[1] "Processing draws 5701 to 5800"
[1] "Chunk time = 16.0849385261536"
[1] "Processing draws 5801 to 5900"
[1] "Chunk time = 16.1737043857574"
[1] "Processing draws 5901 to 6000"
[1] "Chunk time = 16.3390138149261"
[1] "Processing draws 6001 to 6100"
[1] "Chunk time = 16.0150556564331"
[1] "Processing draws 6101 to 6200"
[1] "Chunk time = 16.3068735599518"
[1] "Processing draws 6201 to 6300"
[1] "Chunk time = 16.1162259578705"
[1] "Processing draws 6301 to 6400"
[1] "Chunk time = 16.1412525177002"
[1] "Processing draws 6401 to 6500"
[1] "Chunk time = 16.4179170131683"
[1] "Processing draws 6501 to 6600"
[1] "Chunk time = 16.2722444534302"
[1] "Processing draws 6601 to 6700"
[1] "Chunk time = 16.1934621334076"
[1] "Processing draws 6701 to 6800"
[1] "Chunk time = 16.3105599880219"
[1] "Processing draws 6801 to 6900"
[1] "Chunk time = 16.1016135215759"
[1] "Processing draws 6901 to 7000"
[1] "Chunk time = 16.3099219799042"
[1] "Processing draws 7001 to 7100"
[1] "Chunk time = 14.403064250946"
[1] "Processing draws 7101 to 7200"
[1] "Chunk time = 14.567037820816"
[1] "Processing draws 7201 to 7300"
[1] "Chunk time = 14.5469353199005"
[1] "Processing draws 7301 to 7400"
[1] "Chunk time = 14.7020280361176"
[1] "Processing draws 7401 to 7500"
[1] "Chunk time = 14.3527717590332"
[1] "Processing draws 7501 to 7600"
[1] "Chunk time = 14.6651775836945"
[1] "Processing draws 7601 to 7700"
[1] "Chunk time = 14.5069615840912"
[1] "Processing draws 7701 to 7800"
[1] "Chunk time = 14.6002321243286"
[1] "Processing draws 7801 to 7900"
[1] "Chunk time = 14.3593533039093"
[1] "Processing draws 7901 to 8000"
[1] "Chunk time = 14.7205512523651"
[1] "Processing draws 8001 to 8100"
[1] "Chunk time = 14.5020182132721"
[1] "Processing draws 8101 to 8200"
[1] "Chunk time = 14.6042473316193"
[1] "Processing draws 8201 to 8300"
[1] "Chunk time = 14.701491355896"
[1] "Processing draws 8301 to 8400"
[1] "Chunk time = 14.4680979251862"
[1] "Processing draws 8401 to 8500"
[1] "Chunk time = 14.5451691150665"
[1] "Processing draws 8501 to 8600"
[1] "Chunk time = 14.4083549976349"
[1] "Processing draws 8601 to 8700"
[1] "Chunk time = 14.5142712593079"
[1] "Processing draws 8701 to 8800"
[1] "Chunk time = 14.5551898479462"
[1] "Processing draws 8801 to 8900"
[1] "Chunk time = 15.0256631374359"
[1] "Processing draws 8901 to 9000"
[1] "Chunk time = 15.0499074459076"
[1] "Processing draws 9001 to 9100"
[1] "Chunk time = 14.9296445846558"
[1] "Processing draws 9101 to 9200"
[1] "Chunk time = 14.9361960887909"
[1] "Processing draws 9201 to 9300"
[1] "Chunk time = 15.0330891609192"
[1] "Processing draws 9301 to 9400"
[1] "Chunk time = 14.8604207038879"
[1] "Processing draws 9401 to 9500"
[1] "Chunk time = 14.9968631267548"
[1] "Processing draws 9501 to 9600"
[1] "Chunk time = 14.9408366680145"
[1] "Processing draws 9601 to 9700"
[1] "Chunk time = 15.0407526493073"
[1] "Processing draws 9701 to 9800"
[1] "Chunk time = 14.9550960063934"
[1] "Processing draws 9801 to 9900"
[1] "Chunk time = 15.0762729644775"
[1] "Processing draws 9901 to 10000"
[1] "Chunk time = 14.9714665412903"
[1] "Processing draws 10001 to 10100"
[1] "Chunk time = 14.9091567993164"
[1] "Processing draws 10101 to 10200"
[1] "Chunk time = 15.0145559310913"
[1] "Processing draws 10201 to 10300"
[1] "Chunk time = 15.5085391998291"
[1] "Processing draws 10301 to 10400"
[1] "Chunk time = 14.9766416549683"
[1] "Processing draws 10401 to 10500"
[1] "Chunk time = 15.0523917675018"
[1] "Processing draws 10501 to 10600"
[1] "Chunk time = 14.7684898376465"
[1] "Processing draws 10601 to 10700"
[1] "Chunk time = 14.6244380474091"
[1] "Processing draws 10701 to 10800"
[1] "Chunk time = 14.5722131729126"
[1] "Processing draws 10801 to 10900"
[1] "Chunk time = 14.5764997005463"
[1] "Processing draws 10901 to 11000"
[1] "Chunk time = 14.8076820373535"
[1] "Processing draws 11001 to 11100"
[1] "Chunk time = 14.4399981498718"
[1] "Processing draws 11101 to 11200"
[1] "Chunk time = 14.6653468608856"
[1] "Processing draws 11201 to 11300"
[1] "Chunk time = 14.7222979068756"
[1] "Processing draws 11301 to 11400"
[1] "Chunk time = 14.8185684680939"
[1] "Processing draws 11401 to 11500"
[1] "Chunk time = 14.5022695064545"
[1] "Processing draws 11501 to 11600"
[1] "Chunk time = 14.719343662262"
[1] "Processing draws 11601 to 11700"
[1] "Chunk time = 14.5543427467346"
[1] "Processing draws 11701 to 11800"
[1] "Chunk time = 14.7840156555176"
[1] "Processing draws 11801 to 11900"
[1] "Chunk time = 14.7283544540405"
[1] "Processing draws 11901 to 12000"
[1] "Chunk time = 14.6892805099487"
[1] "Processing draws 12001 to 12100"
[1] "Chunk time = 14.5959451198578"
[1] "Processing draws 12101 to 12200"
[1] "Chunk time = 14.8293602466583"
[1] "Processing draws 12201 to 12300"
[1] "Chunk time = 14.6094014644623"
[1] "Processing draws 12301 to 12400"
[1] "Chunk time = 14.6641159057617"
[1] "Processing draws 12401 to 12500"
[1] "Chunk time = 14.5812249183655"
[1] "Processing draws 12501 to 12600"
[1] "Chunk time = 14.8299040794373"
[1] "Processing draws 12601 to 12700"
[1] "Chunk time = 14.6104803085327"
[1] "Processing draws 12701 to 12800"
[1] "Chunk time = 14.7395401000977"
[1] "Processing draws 12801 to 12900"
