[1] "Starting sampling."
Running MCMC with 4 parallel chains, with 4 thread(s) per chain...

Chain 1 Iteration:    1 / 6000 [  0%]  (Warmup) 
Chain 2 Iteration:    1 / 6000 [  0%]  (Warmup) 
Chain 3 Iteration:    1 / 6000 [  0%]  (Warmup) 
Chain 4 Iteration:    1 / 6000 [  0%]  (Warmup) 
Chain 4 Iteration:  100 / 6000 [  1%]  (Warmup) 
Chain 3 Iteration:  100 / 6000 [  1%]  (Warmup) 
Chain 1 Iteration:  100 / 6000 [  1%]  (Warmup) 
Chain 2 Iteration:  100 / 6000 [  1%]  (Warmup) 
Chain 4 Iteration:  200 / 6000 [  3%]  (Warmup) 
Chain 3 Iteration:  200 / 6000 [  3%]  (Warmup) 
Chain 2 Iteration:  200 / 6000 [  3%]  (Warmup) 
Chain 1 Iteration:  200 / 6000 [  3%]  (Warmup) 
Chain 3 Iteration:  300 / 6000 [  5%]  (Warmup) 
Chain 4 Iteration:  300 / 6000 [  5%]  (Warmup) 
Chain 2 Iteration:  300 / 6000 [  5%]  (Warmup) 
Chain 1 Iteration:  300 / 6000 [  5%]  (Warmup) 
Chain 3 Iteration:  400 / 6000 [  6%]  (Warmup) 
Chain 4 Iteration:  400 / 6000 [  6%]  (Warmup) 
Chain 2 Iteration:  400 / 6000 [  6%]  (Warmup) 
Chain 1 Iteration:  400 / 6000 [  6%]  (Warmup) 
Chain 3 Iteration:  500 / 6000 [  8%]  (Warmup) 
Chain 4 Iteration:  500 / 6000 [  8%]  (Warmup) 
Chain 2 Iteration:  500 / 6000 [  8%]  (Warmup) 
Chain 1 Iteration:  500 / 6000 [  8%]  (Warmup) 
Chain 3 Iteration:  600 / 6000 [ 10%]  (Warmup) 
Chain 4 Iteration:  600 / 6000 [ 10%]  (Warmup) 
Chain 2 Iteration:  600 / 6000 [ 10%]  (Warmup) 
Chain 1 Iteration:  600 / 6000 [ 10%]  (Warmup) 
Chain 3 Iteration:  700 / 6000 [ 11%]  (Warmup) 
Chain 4 Iteration:  700 / 6000 [ 11%]  (Warmup) 
Chain 2 Iteration:  700 / 6000 [ 11%]  (Warmup) 
Chain 1 Iteration:  700 / 6000 [ 11%]  (Warmup) 
Chain 3 Iteration:  800 / 6000 [ 13%]  (Warmup) 
Chain 4 Iteration:  800 / 6000 [ 13%]  (Warmup) 
Chain 2 Iteration:  800 / 6000 [ 13%]  (Warmup) 
Chain 3 Iteration:  900 / 6000 [ 15%]  (Warmup) 
Chain 1 Iteration:  800 / 6000 [ 13%]  (Warmup) 
Chain 4 Iteration:  900 / 6000 [ 15%]  (Warmup) 
Chain 2 Iteration:  900 / 6000 [ 15%]  (Warmup) 
Chain 3 Iteration: 1000 / 6000 [ 16%]  (Warmup) 
Chain 3 Iteration: 1001 / 6000 [ 16%]  (Sampling) 
Chain 4 Iteration: 1000 / 6000 [ 16%]  (Warmup) 
Chain 4 Iteration: 1001 / 6000 [ 16%]  (Sampling) 
Chain 1 Iteration:  900 / 6000 [ 15%]  (Warmup) 
Chain 4 Iteration: 1100 / 6000 [ 18%]  (Sampling) 
Chain 2 Iteration: 1000 / 6000 [ 16%]  (Warmup) 
Chain 2 Iteration: 1001 / 6000 [ 16%]  (Sampling) 
Chain 1 Iteration: 1000 / 6000 [ 16%]  (Warmup) 
Chain 1 Iteration: 1001 / 6000 [ 16%]  (Sampling) 
Chain 3 Iteration: 1100 / 6000 [ 18%]  (Sampling) 
Chain 4 Iteration: 1200 / 6000 [ 20%]  (Sampling) 
Chain 2 Iteration: 1100 / 6000 [ 18%]  (Sampling) 
Chain 1 Iteration: 1100 / 6000 [ 18%]  (Sampling) 
Chain 4 Iteration: 1300 / 6000 [ 21%]  (Sampling) 
Chain 2 Iteration: 1200 / 6000 [ 20%]  (Sampling) 
Chain 1 Iteration: 1200 / 6000 [ 20%]  (Sampling) 
Chain 3 Iteration: 1200 / 6000 [ 20%]  (Sampling) 
Chain 4 Iteration: 1400 / 6000 [ 23%]  (Sampling) 
Chain 2 Iteration: 1300 / 6000 [ 21%]  (Sampling) 
Chain 1 Iteration: 1300 / 6000 [ 21%]  (Sampling) 
Chain 4 Iteration: 1500 / 6000 [ 25%]  (Sampling) 
Chain 2 Iteration: 1400 / 6000 [ 23%]  (Sampling) 
Chain 1 Iteration: 1400 / 6000 [ 23%]  (Sampling) 
Chain 3 Iteration: 1300 / 6000 [ 21%]  (Sampling) 
Chain 4 Iteration: 1600 / 6000 [ 26%]  (Sampling) 
Chain 2 Iteration: 1500 / 6000 [ 25%]  (Sampling) 
Chain 1 Iteration: 1500 / 6000 [ 25%]  (Sampling) 
Chain 4 Iteration: 1700 / 6000 [ 28%]  (Sampling) 
Chain 2 Iteration: 1600 / 6000 [ 26%]  (Sampling) 
Chain 1 Iteration: 1600 / 6000 [ 26%]  (Sampling) 
Chain 3 Iteration: 1400 / 6000 [ 23%]  (Sampling) 
Chain 4 Iteration: 1800 / 6000 [ 30%]  (Sampling) 
Chain 2 Iteration: 1700 / 6000 [ 28%]  (Sampling) 
Chain 1 Iteration: 1700 / 6000 [ 28%]  (Sampling) 
Chain 4 Iteration: 1900 / 6000 [ 31%]  (Sampling) 
Chain 2 Iteration: 1800 / 6000 [ 30%]  (Sampling) 
Chain 3 Iteration: 1500 / 6000 [ 25%]  (Sampling) 
Chain 1 Iteration: 1800 / 6000 [ 30%]  (Sampling) 
Chain 4 Iteration: 2000 / 6000 [ 33%]  (Sampling) 
Chain 2 Iteration: 1900 / 6000 [ 31%]  (Sampling) 
Chain 1 Iteration: 1900 / 6000 [ 31%]  (Sampling) 
Chain 4 Iteration: 2100 / 6000 [ 35%]  (Sampling) 
Chain 2 Iteration: 2000 / 6000 [ 33%]  (Sampling) 
Chain 3 Iteration: 1600 / 6000 [ 26%]  (Sampling) 
Chain 1 Iteration: 2000 / 6000 [ 33%]  (Sampling) 
Chain 4 Iteration: 2200 / 6000 [ 36%]  (Sampling) 
Chain 2 Iteration: 2100 / 6000 [ 35%]  (Sampling) 
Chain 1 Iteration: 2100 / 6000 [ 35%]  (Sampling) 
Chain 4 Iteration: 2300 / 6000 [ 38%]  (Sampling) 
Chain 2 Iteration: 2200 / 6000 [ 36%]  (Sampling) 
Chain 3 Iteration: 1700 / 6000 [ 28%]  (Sampling) 
Chain 1 Iteration: 2200 / 6000 [ 36%]  (Sampling) 
Chain 4 Iteration: 2400 / 6000 [ 40%]  (Sampling) 
Chain 2 Iteration: 2300 / 6000 [ 38%]  (Sampling) 
Chain 1 Iteration: 2300 / 6000 [ 38%]  (Sampling) 
Chain 4 Iteration: 2500 / 6000 [ 41%]  (Sampling) 
Chain 2 Iteration: 2400 / 6000 [ 40%]  (Sampling) 
Chain 3 Iteration: 1800 / 6000 [ 30%]  (Sampling) 
Chain 1 Iteration: 2400 / 6000 [ 40%]  (Sampling) 
Chain 4 Iteration: 2600 / 6000 [ 43%]  (Sampling) 
Chain 2 Iteration: 2500 / 6000 [ 41%]  (Sampling) 
Chain 4 Iteration: 2700 / 6000 [ 45%]  (Sampling) 
Chain 2 Iteration: 2600 / 6000 [ 43%]  (Sampling) 
Chain 1 Iteration: 2500 / 6000 [ 41%]  (Sampling) 
Chain 3 Iteration: 1900 / 6000 [ 31%]  (Sampling) 
Chain 4 Iteration: 2800 / 6000 [ 46%]  (Sampling) 
Chain 2 Iteration: 2700 / 6000 [ 45%]  (Sampling) 
Chain 1 Iteration: 2600 / 6000 [ 43%]  (Sampling) 
Chain 4 Iteration: 2900 / 6000 [ 48%]  (Sampling) 
Chain 2 Iteration: 2800 / 6000 [ 46%]  (Sampling) 
Chain 1 Iteration: 2700 / 6000 [ 45%]  (Sampling) 
Chain 3 Iteration: 2000 / 6000 [ 33%]  (Sampling) 
Chain 4 Iteration: 3000 / 6000 [ 50%]  (Sampling) 
Chain 2 Iteration: 2900 / 6000 [ 48%]  (Sampling) 
Chain 1 Iteration: 2800 / 6000 [ 46%]  (Sampling) 
Chain 4 Iteration: 3100 / 6000 [ 51%]  (Sampling) 
Chain 2 Iteration: 3000 / 6000 [ 50%]  (Sampling) 
Chain 1 Iteration: 2900 / 6000 [ 48%]  (Sampling) 
Chain 3 Iteration: 2100 / 6000 [ 35%]  (Sampling) 
Chain 4 Iteration: 3200 / 6000 [ 53%]  (Sampling) 
Chain 2 Iteration: 3100 / 6000 [ 51%]  (Sampling) 
Chain 1 Iteration: 3000 / 6000 [ 50%]  (Sampling) 
Chain 4 Iteration: 3300 / 6000 [ 55%]  (Sampling) 
Chain 2 Iteration: 3200 / 6000 [ 53%]  (Sampling) 
Chain 1 Iteration: 3100 / 6000 [ 51%]  (Sampling) 
Chain 3 Iteration: 2200 / 6000 [ 36%]  (Sampling) 
Chain 4 Iteration: 3400 / 6000 [ 56%]  (Sampling) 
Chain 2 Iteration: 3300 / 6000 [ 55%]  (Sampling) 
Chain 1 Iteration: 3200 / 6000 [ 53%]  (Sampling) 
Chain 4 Iteration: 3500 / 6000 [ 58%]  (Sampling) 
Chain 2 Iteration: 3400 / 6000 [ 56%]  (Sampling) 
Chain 1 Iteration: 3300 / 6000 [ 55%]  (Sampling) 
Chain 3 Iteration: 2300 / 6000 [ 38%]  (Sampling) 
Chain 4 Iteration: 3600 / 6000 [ 60%]  (Sampling) 
Chain 2 Iteration: 3500 / 6000 [ 58%]  (Sampling) 
Chain 1 Iteration: 3400 / 6000 [ 56%]  (Sampling) 
Chain 4 Iteration: 3700 / 6000 [ 61%]  (Sampling) 
Chain 2 Iteration: 3600 / 6000 [ 60%]  (Sampling) 
Chain 1 Iteration: 3500 / 6000 [ 58%]  (Sampling) 
Chain 3 Iteration: 2400 / 6000 [ 40%]  (Sampling) 
Chain 4 Iteration: 3800 / 6000 [ 63%]  (Sampling) 
Chain 2 Iteration: 3700 / 6000 [ 61%]  (Sampling) 
Chain 1 Iteration: 3600 / 6000 [ 60%]  (Sampling) 
Chain 4 Iteration: 3900 / 6000 [ 65%]  (Sampling) 
Chain 2 Iteration: 3800 / 6000 [ 63%]  (Sampling) 
Chain 1 Iteration: 3700 / 6000 [ 61%]  (Sampling) 
Chain 3 Iteration: 2500 / 6000 [ 41%]  (Sampling) 
Chain 2 Iteration: 3900 / 6000 [ 65%]  (Sampling) 
Chain 4 Iteration: 4000 / 6000 [ 66%]  (Sampling) 
Chain 1 Iteration: 3800 / 6000 [ 63%]  (Sampling) 
Chain 2 Iteration: 4000 / 6000 [ 66%]  (Sampling) 
Chain 4 Iteration: 4100 / 6000 [ 68%]  (Sampling) 
Chain 3 Iteration: 2600 / 6000 [ 43%]  (Sampling) 
Chain 1 Iteration: 3900 / 6000 [ 65%]  (Sampling) 
Chain 2 Iteration: 4100 / 6000 [ 68%]  (Sampling) 
Chain 4 Iteration: 4200 / 6000 [ 70%]  (Sampling) 
Chain 1 Iteration: 4000 / 6000 [ 66%]  (Sampling) 
Chain 2 Iteration: 4200 / 6000 [ 70%]  (Sampling) 
Chain 4 Iteration: 4300 / 6000 [ 71%]  (Sampling) 
Chain 3 Iteration: 2700 / 6000 [ 45%]  (Sampling) 
Chain 1 Iteration: 4100 / 6000 [ 68%]  (Sampling) 
Chain 2 Iteration: 4300 / 6000 [ 71%]  (Sampling) 
Chain 4 Iteration: 4400 / 6000 [ 73%]  (Sampling) 
Chain 1 Iteration: 4200 / 6000 [ 70%]  (Sampling) 
Chain 2 Iteration: 4400 / 6000 [ 73%]  (Sampling) 
Chain 4 Iteration: 4500 / 6000 [ 75%]  (Sampling) 
Chain 3 Iteration: 2800 / 6000 [ 46%]  (Sampling) 
Chain 1 Iteration: 4300 / 6000 [ 71%]  (Sampling) 
Chain 2 Iteration: 4500 / 6000 [ 75%]  (Sampling) 
Chain 4 Iteration: 4600 / 6000 [ 76%]  (Sampling) 
Chain 1 Iteration: 4400 / 6000 [ 73%]  (Sampling) 
Chain 2 Iteration: 4600 / 6000 [ 76%]  (Sampling) 
Chain 4 Iteration: 4700 / 6000 [ 78%]  (Sampling) 
Chain 3 Iteration: 2900 / 6000 [ 48%]  (Sampling) 
Chain 1 Iteration: 4500 / 6000 [ 75%]  (Sampling) 
Chain 2 Iteration: 4700 / 6000 [ 78%]  (Sampling) 
Chain 4 Iteration: 4800 / 6000 [ 80%]  (Sampling) 
Chain 1 Iteration: 4600 / 6000 [ 76%]  (Sampling) 
Chain 2 Iteration: 4800 / 6000 [ 80%]  (Sampling) 
Chain 4 Iteration: 4900 / 6000 [ 81%]  (Sampling) 
Chain 3 Iteration: 3000 / 6000 [ 50%]  (Sampling) 
Chain 1 Iteration: 4700 / 6000 [ 78%]  (Sampling) 
Chain 2 Iteration: 4900 / 6000 [ 81%]  (Sampling) 
Chain 4 Iteration: 5000 / 6000 [ 83%]  (Sampling) 
Chain 1 Iteration: 4800 / 6000 [ 80%]  (Sampling) 
Chain 2 Iteration: 5000 / 6000 [ 83%]  (Sampling) 
Chain 4 Iteration: 5100 / 6000 [ 85%]  (Sampling) 
Chain 3 Iteration: 3100 / 6000 [ 51%]  (Sampling) 
Chain 1 Iteration: 4900 / 6000 [ 81%]  (Sampling) 
Chain 2 Iteration: 5100 / 6000 [ 85%]  (Sampling) 
Chain 4 Iteration: 5200 / 6000 [ 86%]  (Sampling) 
Chain 1 Iteration: 5000 / 6000 [ 83%]  (Sampling) 
Chain 2 Iteration: 5200 / 6000 [ 86%]  (Sampling) 
Chain 4 Iteration: 5300 / 6000 [ 88%]  (Sampling) 
Chain 3 Iteration: 3200 / 6000 [ 53%]  (Sampling) 
Chain 1 Iteration: 5100 / 6000 [ 85%]  (Sampling) 
Chain 2 Iteration: 5300 / 6000 [ 88%]  (Sampling) 
Chain 4 Iteration: 5400 / 6000 [ 90%]  (Sampling) 
Chain 1 Iteration: 5200 / 6000 [ 86%]  (Sampling) 
Chain 2 Iteration: 5400 / 6000 [ 90%]  (Sampling) 
Chain 4 Iteration: 5500 / 6000 [ 91%]  (Sampling) 
Chain 3 Iteration: 3300 / 6000 [ 55%]  (Sampling) 
Chain 2 Iteration: 5500 / 6000 [ 91%]  (Sampling) 
Chain 1 Iteration: 5300 / 6000 [ 88%]  (Sampling) 
Chain 4 Iteration: 5600 / 6000 [ 93%]  (Sampling) 
Chain 2 Iteration: 5600 / 6000 [ 93%]  (Sampling) 
Chain 1 Iteration: 5400 / 6000 [ 90%]  (Sampling) 
Chain 4 Iteration: 5700 / 6000 [ 95%]  (Sampling) 
Chain 3 Iteration: 3400 / 6000 [ 56%]  (Sampling) 
Chain 2 Iteration: 5700 / 6000 [ 95%]  (Sampling) 
Chain 1 Iteration: 5500 / 6000 [ 91%]  (Sampling) 
Chain 4 Iteration: 5800 / 6000 [ 96%]  (Sampling) 
Chain 2 Iteration: 5800 / 6000 [ 96%]  (Sampling) 
Chain 1 Iteration: 5600 / 6000 [ 93%]  (Sampling) 
Chain 4 Iteration: 5900 / 6000 [ 98%]  (Sampling) 
Chain 3 Iteration: 3500 / 6000 [ 58%]  (Sampling) 
Chain 2 Iteration: 5900 / 6000 [ 98%]  (Sampling) 
Chain 4 Iteration: 6000 / 6000 [100%]  (Sampling) 
Chain 4 finished in 1429.6 seconds.
Chain 1 Iteration: 5700 / 6000 [ 95%]  (Sampling) 
Chain 2 Iteration: 6000 / 6000 [100%]  (Sampling) 
Chain 2 finished in 1446.5 seconds.
Chain 1 Iteration: 5800 / 6000 [ 96%]  (Sampling) 
Chain 3 Iteration: 3600 / 6000 [ 60%]  (Sampling) 
Chain 1 Iteration: 5900 / 6000 [ 98%]  (Sampling) 
Chain 1 Iteration: 6000 / 6000 [100%]  (Sampling) 
Chain 1 finished in 1495.9 seconds.
Chain 3 Iteration: 3700 / 6000 [ 61%]  (Sampling) 
Chain 3 Iteration: 3800 / 6000 [ 63%]  (Sampling) 
Chain 3 Iteration: 3900 / 6000 [ 65%]  (Sampling) 
Chain 3 Iteration: 4000 / 6000 [ 66%]  (Sampling) 
Chain 3 Iteration: 4100 / 6000 [ 68%]  (Sampling) 
Chain 3 Iteration: 4200 / 6000 [ 70%]  (Sampling) 
Chain 3 Iteration: 4300 / 6000 [ 71%]  (Sampling) 
Chain 3 Iteration: 4400 / 6000 [ 73%]  (Sampling) 
Chain 3 Iteration: 4500 / 6000 [ 75%]  (Sampling) 
Chain 3 Iteration: 4600 / 6000 [ 76%]  (Sampling) 
Chain 3 Iteration: 4700 / 6000 [ 78%]  (Sampling) 
Chain 3 Iteration: 4800 / 6000 [ 80%]  (Sampling) 
Chain 3 Iteration: 4900 / 6000 [ 81%]  (Sampling) 
Chain 3 Iteration: 5000 / 6000 [ 83%]  (Sampling) 
Chain 3 Iteration: 5100 / 6000 [ 85%]  (Sampling) 
Chain 3 Iteration: 5200 / 6000 [ 86%]  (Sampling) 
Chain 3 Iteration: 5300 / 6000 [ 88%]  (Sampling) 
Chain 3 Iteration: 5400 / 6000 [ 90%]  (Sampling) 
Chain 3 Iteration: 5500 / 6000 [ 91%]  (Sampling) 
Chain 3 Iteration: 5600 / 6000 [ 93%]  (Sampling) 
Chain 3 Iteration: 5700 / 6000 [ 95%]  (Sampling) 
Chain 3 Iteration: 5800 / 6000 [ 96%]  (Sampling) 
Chain 3 Iteration: 5900 / 6000 [ 98%]  (Sampling) 
Chain 3 Iteration: 6000 / 6000 [100%]  (Sampling) 
Chain 3 finished in 2435.7 seconds.

All 4 chains finished successfully.
Mean chain execution time: 1701.9 seconds.
Total execution time: 2436.0 seconds.

[1] "Processing draws 1 to 100"
[1] "Chunk time = 37.433931350708"
[1] "Processing draws 101 to 200"
[1] "Chunk time = 12.6535289287567"
[1] "Processing draws 201 to 300"
[1] "Chunk time = 12.3973052501678"
[1] "Processing draws 301 to 400"
[1] "Chunk time = 12.3221592903137"
[1] "Processing draws 401 to 500"
[1] "Chunk time = 12.229474067688"
[1] "Processing draws 501 to 600"
[1] "Chunk time = 12.5079762935638"
[1] "Processing draws 601 to 700"
[1] "Chunk time = 12.1323461532593"
[1] "Processing draws 701 to 800"
[1] "Chunk time = 12.5537831783295"
[1] "Processing draws 801 to 900"
[1] "Chunk time = 12.2681992053986"
[1] "Processing draws 901 to 1000"
[1] "Chunk time = 12.2644181251526"
[1] "Processing draws 1001 to 1100"
[1] "Chunk time = 12.4932508468628"
[1] "Processing draws 1101 to 1200"
[1] "Chunk time = 12.3412320613861"
[1] "Processing draws 1201 to 1300"
[1] "Chunk time = 12.2817697525024"
[1] "Processing draws 1301 to 1400"
[1] "Chunk time = 12.1711387634277"
[1] "Processing draws 1401 to 1500"
[1] "Chunk time = 12.4549179077148"
[1] "Processing draws 1501 to 1600"
[1] "Chunk time = 12.3101923465729"
[1] "Processing draws 1601 to 1700"
[1] "Chunk time = 12.4634671211243"
[1] "Processing draws 1701 to 1800"
[1] "Chunk time = 12.1781570911407"
[1] "Processing draws 1801 to 1900"
[1] "Chunk time = 12.5372188091278"
[1] "Processing draws 1901 to 2000"
[1] "Chunk time = 12.1100912094116"
[1] "Processing draws 2001 to 2100"
[1] "Chunk time = 12.4007163047791"
[1] "Processing draws 2101 to 2200"
[1] "Chunk time = 12.2163896560669"
[1] "Processing draws 2201 to 2300"
[1] "Chunk time = 12.53950548172"
[1] "Processing draws 2301 to 2400"
[1] "Chunk time = 12.4150402545929"
[1] "Processing draws 2401 to 2500"
[1] "Chunk time = 12.2810623645782"
[1] "Processing draws 2501 to 2600"
[1] "Chunk time = 12.7062284946442"
[1] "Processing draws 2601 to 2700"
[1] "Chunk time = 12.2224371433258"
[1] "Processing draws 2701 to 2800"
[1] "Chunk time = 12.334094285965"
[1] "Processing draws 2801 to 2900"
[1] "Chunk time = 12.4313912391663"
[1] "Processing draws 2901 to 3000"
[1] "Chunk time = 12.5159447193146"
[1] "Processing draws 3001 to 3100"
[1] "Chunk time = 12.2634425163269"
[1] "Processing draws 3101 to 3200"
[1] "Chunk time = 12.5065429210663"
[1] "Processing draws 3201 to 3300"
[1] "Chunk time = 12.1778659820557"
[1] "Processing draws 3301 to 3400"
[1] "Chunk time = 12.5986196994781"
[1] "Processing draws 3401 to 3500"
[1] "Chunk time = 12.4903531074524"
[1] "Processing draws 3501 to 3600"
[1] "Chunk time = 12.6676893234253"
[1] "Processing draws 3601 to 3700"
[1] "Chunk time = 12.7866275310516"
[1] "Processing draws 3701 to 3800"
[1] "Chunk time = 12.0221772193909"
[1] "Processing draws 3801 to 3900"
[1] "Chunk time = 12.1918354034424"
[1] "Processing draws 3901 to 4000"
[1] "Chunk time = 12.1126689910889"
[1] "Processing draws 4001 to 4100"
[1] "Chunk time = 12.2595114707947"
[1] "Processing draws 4101 to 4200"
[1] "Chunk time = 12.1258552074432"
[1] "Processing draws 4201 to 4300"
[1] "Chunk time = 12.5822474956512"
[1] "Processing draws 4301 to 4400"
[1] "Chunk time = 12.284330368042"
[1] "Processing draws 4401 to 4500"
[1] "Chunk time = 12.3829889297485"
[1] "Processing draws 4501 to 4600"
[1] "Chunk time = 12.3604700565338"
[1] "Processing draws 4601 to 4700"
[1] "Chunk time = 12.5659430027008"
[1] "Processing draws 4701 to 4800"
[1] "Chunk time = 12.4703252315521"
[1] "Processing draws 4801 to 4900"
[1] "Chunk time = 12.3035571575165"
[1] "Processing draws 4901 to 5000"
[1] "Chunk time = 12.4559149742126"
[1] "Processing draws 5001 to 5100"
[1] "Chunk time = 12.4763259887695"
[1] "Processing draws 5101 to 5200"
[1] "Chunk time = 12.502170085907"
[1] "Processing draws 5201 to 5300"
[1] "Chunk time = 12.2530617713928"
[1] "Processing draws 5301 to 5400"
[1] "Chunk time = 12.371720790863"
[1] "Processing draws 5401 to 5500"
[1] "Chunk time = 12.1564259529114"
[1] "Processing draws 5501 to 5600"
[1] "Chunk time = 12.4772200584412"
[1] "Processing draws 5601 to 5700"
[1] "Chunk time = 12.3164739608765"
[1] "Processing draws 5701 to 5800"
[1] "Chunk time = 12.8138208389282"
[1] "Processing draws 5801 to 5900"
[1] "Chunk time = 12.232702255249"
[1] "Processing draws 5901 to 6000"
[1] "Chunk time = 12.3977317810059"
[1] "Processing draws 6001 to 6100"
[1] "Chunk time = 12.2226305007935"
[1] "Processing draws 6101 to 6200"
[1] "Chunk time = 12.3453249931335"
[1] "Processing draws 6201 to 6300"
[1] "Chunk time = 12.5482695102692"
[1] "Processing draws 6301 to 6400"
[1] "Chunk time = 12.451521396637"
[1] "Processing draws 6401 to 6500"
[1] "Chunk time = 12.324449300766"
[1] "Processing draws 6501 to 6600"
[1] "Chunk time = 12.1953132152557"
[1] "Processing draws 6601 to 6700"
[1] "Chunk time = 12.3687930107117"
[1] "Processing draws 6701 to 6800"
[1] "Chunk time = 12.3623521327972"
[1] "Processing draws 6801 to 6900"
[1] "Chunk time = 12.3181252479553"
[1] "Processing draws 6901 to 7000"
[1] "Chunk time = 12.4545857906342"
[1] "Processing draws 7001 to 7100"
[1] "Chunk time = 12.4024755954742"
[1] "Processing draws 7101 to 7200"
[1] "Chunk time = 12.649257183075"
[1] "Processing draws 7201 to 7300"
[1] "Chunk time = 12.5726616382599"
[1] "Processing draws 7301 to 7400"
[1] "Chunk time = 12.1894390583038"
[1] "Processing draws 7401 to 7500"
[1] "Chunk time = 12.5457456111908"
[1] "Processing draws 7501 to 7600"
[1] "Chunk time = 12.4275648593903"
[1] "Processing draws 7601 to 7700"
[1] "Chunk time = 12.1860997676849"
[1] "Processing draws 7701 to 7800"
[1] "Chunk time = 12.3297719955444"
[1] "Processing draws 7801 to 7900"
[1] "Chunk time = 12.4668197631836"
[1] "Processing draws 7901 to 8000"
[1] "Chunk time = 12.4543211460114"
[1] "Processing draws 8001 to 8100"
[1] "Chunk time = 12.3488438129425"
[1] "Processing draws 8101 to 8200"
[1] "Chunk time = 12.5971133708954"
[1] "Processing draws 8201 to 8300"
[1] "Chunk time = 12.3746218681335"
[1] "Processing draws 8301 to 8400"
[1] "Chunk time = 12.4138631820679"
[1] "Processing draws 8401 to 8500"
[1] "Chunk time = 12.5443379878998"
[1] "Processing draws 8501 to 8600"
[1] "Chunk time = 12.4407825469971"
[1] "Processing draws 8601 to 8700"
[1] "Chunk time = 12.121349811554"
[1] "Processing draws 8701 to 8800"
[1] "Chunk time = 12.2639482021332"
[1] "Processing draws 8801 to 8900"
[1] "Chunk time = 12.4153337478638"
[1] "Processing draws 8901 to 9000"
[1] "Chunk time = 12.4027261734009"
[1] "Processing draws 9001 to 9100"
[1] "Chunk time = 12.3971228599548"
[1] "Processing draws 9101 to 9200"
[1] "Chunk time = 12.3145515918732"
[1] "Processing draws 9201 to 9300"
[1] "Chunk time = 12.369256734848"
[1] "Processing draws 9301 to 9400"
[1] "Chunk time = 12.6429362297058"
[1] "Processing draws 9401 to 9500"
[1] "Chunk time = 12.5321590900421"
[1] "Processing draws 9501 to 9600"
[1] "Chunk time = 12.3900773525238"
[1] "Processing draws 9601 to 9700"
[1] "Chunk time = 12.4897861480713"
[1] "Processing draws 9701 to 9800"
[1] "Chunk time = 12.2304918766022"
[1] "Processing draws 9801 to 9900"
[1] "Chunk time = 12.6474847793579"
[1] "Processing draws 9901 to 10000"
[1] "Chunk time = 12.3441896438599"
[1] "Processing draws 10001 to 10100"
[1] "Chunk time = 12.4757232666016"
[1] "Processing draws 10101 to 10200"
[1] "Chunk time = 12.8174705505371"
[1] "Processing draws 10201 to 10300"
[1] "Chunk time = 12.5267412662506"
[1] "Processing draws 10301 to 10400"
[1] "Chunk time = 12.5066022872925"
[1] "Processing draws 10401 to 10500"
[1] "Chunk time = 12.3934042453766"
[1] "Processing draws 10501 to 10600"
[1] "Chunk time = 12.5719933509827"
[1] "Processing draws 10601 to 10700"
[1] "Chunk time = 12.5396432876587"
[1] "Processing draws 10701 to 10800"
[1] "Chunk time = 12.5209729671478"
[1] "Processing draws 10801 to 10900"
[1] "Chunk time = 12.4139859676361"
[1] "Processing draws 10901 to 11000"
[1] "Chunk time = 12.6600499153137"
[1] "Processing draws 11001 to 11100"
[1] "Chunk time = 12.4602501392365"
[1] "Processing draws 11101 to 11200"
[1] "Chunk time = 12.6302833557129"
[1] "Processing draws 11201 to 11300"
[1] "Chunk time = 12.7465631961823"
[1] "Processing draws 11301 to 11400"
[1] "Chunk time = 12.6922533512115"
[1] "Processing draws 11401 to 11500"
[1] "Chunk time = 12.5775599479675"
[1] "Processing draws 11501 to 11600"
[1] "Chunk time = 12.493753194809"
[1] "Processing draws 11601 to 11700"
[1] "Chunk time = 12.6419634819031"
[1] "Processing draws 11701 to 11800"
[1] "Chunk time = 12.4746248722076"
[1] "Processing draws 11801 to 11900"
[1] "Chunk time = 12.7747368812561"
[1] "Processing draws 11901 to 12000"
[1] "Chunk time = 12.5175070762634"
[1] "Processing draws 12001 to 12100"
[1] "Chunk time = 12.6052474975586"
[1] "Processing draws 12101 to 12200"
[1] "Chunk time = 12.4277625083923"
[1] "Processing draws 12201 to 12300"
[1] "Chunk time = 12.7748975753784"
[1] "Processing draws 12301 to 12400"
[1] "Chunk time = 12.3649559020996"
[1] "Processing draws 12401 to 12500"
[1] "Chunk time = 12.7096421718597"
[1] "Processing draws 12501 to 12600"
[1] "Chunk time = 12.3099977970123"
[1] "Processing draws 12601 to 12700"
[1] "Chunk time = 12.8850564956665"
[1] "Processing draws 12701 to 12800"
[1] "Chunk time = 12.5228822231293"
[1] "Processing draws 12801 to 12900"
[1] "Chunk time = 12.5506715774536"
[1] "Processing draws 12901 to 13000"
[1] "Chunk time = 12.5198018550873"
[1] "Processing draws 13001 to 13100"
[1] "Chunk time = 12.4932150840759"
[1] "Processing draws 13101 to 13200"
[1] "Chunk time = 12.6132066249847"
[1] "Processing draws 13201 to 13300"
[1] "Chunk time = 12.6113319396973"
[1] "Processing draws 13301 to 13400"
[1] "Chunk time = 12.7643253803253"
[1] "Processing draws 13401 to 13500"
[1] "Chunk time = 12.3007550239563"
[1] "Processing draws 13501 to 13600"
[1] "Chunk time = 12.6083936691284"
[1] "Processing draws 13601 to 13700"
[1] "Chunk time = 12.2277626991272"
[1] "Processing draws 13701 to 13800"
[1] "Chunk time = 12.561047077179"
[1] "Processing draws 13801 to 13900"
[1] "Chunk time = 12.2667083740234"
[1] "Processing draws 13901 to 14000"
[1] "Chunk time = 12.4141204357147"
[1] "Processing draws 14001 to 14100"
[1] "Chunk time = 12.5955822467804"
[1] "Processing draws 14101 to 14200"
[1] "Chunk time = 12.3443005084991"
[1] "Processing draws 14201 to 14300"
[1] "Chunk time = 12.6128237247467"
[1] "Processing draws 14301 to 14400"
[1] "Chunk time = 12.3118758201599"
[1] "Processing draws 14401 to 14500"
[1] "Chunk time = 12.6214876174927"
[1] "Processing draws 14501 to 14600"
[1] "Chunk time = 12.4562211036682"
[1] "Processing draws 14601 to 14700"
[1] "Chunk time = 12.7821278572083"
[1] "Processing draws 14701 to 14800"
[1] "Chunk time = 12.5638580322266"
[1] "Processing draws 14801 to 14900"
[1] "Chunk time = 12.5657000541687"
[1] "Processing draws 14901 to 15000"
[1] "Chunk time = 12.2933886051178"
[1] "Processing draws 15001 to 15100"
[1] "Chunk time = 12.4452178478241"
[1] "Processing draws 15101 to 15200"
[1] "Chunk time = 12.3091270923615"
[1] "Processing draws 15201 to 15300"
[1] "Chunk time = 12.4806172847748"
[1] "Processing draws 15301 to 15400"
[1] "Chunk time = 12.6132969856262"
[1] "Processing draws 15401 to 15500"
[1] "Chunk time = 12.926070690155"
[1] "Processing draws 15501 to 15600"
[1] "Chunk time = 12.7574496269226"
[1] "Processing draws 15601 to 15700"
[1] "Chunk time = 12.3783087730408"
[1] "Processing draws 15701 to 15800"
[1] "Chunk time = 12.5203697681427"
[1] "Processing draws 15801 to 15900"
[1] "Chunk time = 12.6436145305634"
[1] "Processing draws 15901 to 16000"
[1] "Chunk time = 12.6467294692993"
[1] "Processing draws 16001 to 16100"
[1] "Chunk time = 12.4689834117889"
[1] "Processing draws 16101 to 16200"
[1] "Chunk time = 12.76926445961"
[1] "Processing draws 16201 to 16300"
[1] "Chunk time = 12.3412547111511"
[1] "Processing draws 16301 to 16400"
[1] "Chunk time = 12.7013349533081"
[1] "Processing draws 16401 to 16500"
[1] "Chunk time = 12.6154363155365"
[1] "Processing draws 16501 to 16600"
[1] "Chunk time = 12.5426139831543"
[1] "Processing draws 16601 to 16700"
[1] "Chunk time = 12.7393312454224"
[1] "Processing draws 16701 to 16800"
[1] "Chunk time = 12.6436986923218"
[1] "Processing draws 16801 to 16900"
[1] "Chunk time = 12.952775478363"
[1] "Processing draws 16901 to 17000"
[1] "Chunk time = 12.6081252098083"
[1] "Processing draws 17001 to 17100"
[1] "Chunk time = 12.60369181633"
[1] "Processing draws 17101 to 17200"
[1] "Chunk time = 12.4318473339081"
[1] "Processing draws 17201 to 17300"
[1] "Chunk time = 13.0410580635071"
[1] "Processing draws 17301 to 17400"
[1] "Chunk time = 12.5558907985687"
[1] "Processing draws 17401 to 17500"
[1] "Chunk time = 12.6747300624847"
[1] "Processing draws 17501 to 17600"
[1] "Chunk time = 12.537276506424"
[1] "Processing draws 17601 to 17700"
[1] "Chunk time = 12.7212536334991"
[1] "Processing draws 17701 to 17800"
[1] "Chunk time = 12.5555481910706"
[1] "Processing draws 17801 to 17900"
[1] "Chunk time = 12.733402967453"
[1] "Processing draws 17901 to 18000"
[1] "Chunk time = 12.9021952152252"
[1] "Processing draws 18001 to 18100"
[1] "Chunk time = 12.3871772289276"
[1] "Processing draws 18101 to 18200"
[1] "Chunk time = 12.776111125946"
[1] "Processing draws 18201 to 18300"
[1] "Chunk time = 12.6420922279358"
[1] "Processing draws 18301 to 18400"
[1] "Chunk time = 12.6669912338257"
[1] "Processing draws 18401 to 18500"
[1] "Chunk time = 12.2784130573273"
[1] "Processing draws 18501 to 18600"
[1] "Chunk time = 12.5798108577728"
[1] "Processing draws 18601 to 18700"
[1] "Chunk time = 12.4473011493683"
[1] "Processing draws 18701 to 18800"
[1] "Chunk time = 12.4117825031281"
[1] "Processing draws 18801 to 18900"
[1] "Chunk time = 12.2798473834991"
[1] "Processing draws 18901 to 19000"
[1] "Chunk time = 12.6249017715454"
[1] "Processing draws 19001 to 19100"
[1] "Chunk time = 12.4513332843781"
[1] "Processing draws 19101 to 19200"
[1] "Chunk time = 12.5159711837769"
[1] "Processing draws 19201 to 19300"
[1] "Chunk time = 12.5999467372894"
[1] "Processing draws 19301 to 19400"
[1] "Chunk time = 12.4079847335815"
[1] "Processing draws 19401 to 19500"
[1] "Chunk time = 12.463458776474"
[1] "Processing draws 19501 to 19600"
[1] "Chunk time = 12.3397197723389"
[1] "Processing draws 19601 to 19700"
[1] "Chunk time = 12.6568434238434"
[1] "Processing draws 19701 to 19800"
[1] "Chunk time = 12.3846967220306"
[1] "Processing draws 19801 to 19900"
[1] "Chunk time = 12.6837496757507"
[1] "Processing draws 19901 to 20000"
[1] "Chunk time = 12.4637553691864"
[1] "done lapplying"
[1] "Saving current params"
[1] "Saving params to output.rds"
[1] TRUE
