[1] "Starting sampling."
Running MCMC with 4 parallel chains, with 4 thread(s) per chain...

Chain 2 Iteration:    1 / 6000 [  0%]  (Warmup) 
Chain 1 Iteration:    1 / 6000 [  0%]  (Warmup) 
Chain 3 Iteration:    1 / 6000 [  0%]  (Warmup) 
Chain 4 Iteration:    1 / 6000 [  0%]  (Warmup) 
Chain 1 Iteration:  100 / 6000 [  1%]  (Warmup) 
Chain 4 Iteration:  100 / 6000 [  1%]  (Warmup) 
Chain 2 Iteration:  100 / 6000 [  1%]  (Warmup) 
Chain 3 Iteration:  100 / 6000 [  1%]  (Warmup) 
Chain 4 Iteration:  200 / 6000 [  3%]  (Warmup) 
Chain 1 Iteration:  200 / 6000 [  3%]  (Warmup) 
Chain 3 Iteration:  200 / 6000 [  3%]  (Warmup) 
Chain 2 Iteration:  200 / 6000 [  3%]  (Warmup) 
Chain 4 Iteration:  300 / 6000 [  5%]  (Warmup) 
Chain 1 Iteration:  300 / 6000 [  5%]  (Warmup) 
Chain 3 Iteration:  300 / 6000 [  5%]  (Warmup) 
Chain 2 Iteration:  300 / 6000 [  5%]  (Warmup) 
Chain 4 Iteration:  400 / 6000 [  6%]  (Warmup) 
Chain 1 Iteration:  400 / 6000 [  6%]  (Warmup) 
Chain 2 Iteration:  400 / 6000 [  6%]  (Warmup) 
Chain 3 Iteration:  400 / 6000 [  6%]  (Warmup) 
Chain 4 Iteration:  500 / 6000 [  8%]  (Warmup) 
Chain 1 Iteration:  500 / 6000 [  8%]  (Warmup) 
Chain 3 Iteration:  500 / 6000 [  8%]  (Warmup) 
Chain 4 Iteration:  600 / 6000 [ 10%]  (Warmup) 
Chain 2 Iteration:  500 / 6000 [  8%]  (Warmup) 
Chain 3 Iteration:  600 / 6000 [ 10%]  (Warmup) 
Chain 4 Iteration:  700 / 6000 [ 11%]  (Warmup) 
Chain 1 Iteration:  600 / 6000 [ 10%]  (Warmup) 
Chain 2 Iteration:  600 / 6000 [ 10%]  (Warmup) 
Chain 4 Iteration:  800 / 6000 [ 13%]  (Warmup) 
Chain 3 Iteration:  700 / 6000 [ 11%]  (Warmup) 
Chain 1 Iteration:  700 / 6000 [ 11%]  (Warmup) 
Chain 2 Iteration:  700 / 6000 [ 11%]  (Warmup) 
Chain 4 Iteration:  900 / 6000 [ 15%]  (Warmup) 
Chain 1 Iteration:  800 / 6000 [ 13%]  (Warmup) 
Chain 3 Iteration:  800 / 6000 [ 13%]  (Warmup) 
Chain 2 Iteration:  800 / 6000 [ 13%]  (Warmup) 
Chain 4 Iteration: 1000 / 6000 [ 16%]  (Warmup) 
Chain 4 Iteration: 1001 / 6000 [ 16%]  (Sampling) 
Chain 2 Iteration:  900 / 6000 [ 15%]  (Warmup) 
Chain 1 Iteration:  900 / 6000 [ 15%]  (Warmup) 
Chain 3 Iteration:  900 / 6000 [ 15%]  (Warmup) 
Chain 4 Iteration: 1100 / 6000 [ 18%]  (Sampling) 
Chain 2 Iteration: 1000 / 6000 [ 16%]  (Warmup) 
Chain 2 Iteration: 1001 / 6000 [ 16%]  (Sampling) 
Chain 1 Iteration: 1000 / 6000 [ 16%]  (Warmup) 
Chain 1 Iteration: 1001 / 6000 [ 16%]  (Sampling) 
Chain 3 Iteration: 1000 / 6000 [ 16%]  (Warmup) 
Chain 3 Iteration: 1001 / 6000 [ 16%]  (Sampling) 
Chain 4 Iteration: 1200 / 6000 [ 20%]  (Sampling) 
Chain 2 Iteration: 1100 / 6000 [ 18%]  (Sampling) 
Chain 1 Iteration: 1100 / 6000 [ 18%]  (Sampling) 
Chain 3 Iteration: 1100 / 6000 [ 18%]  (Sampling) 
Chain 4 Iteration: 1300 / 6000 [ 21%]  (Sampling) 
Chain 2 Iteration: 1200 / 6000 [ 20%]  (Sampling) 
Chain 1 Iteration: 1200 / 6000 [ 20%]  (Sampling) 
Chain 3 Iteration: 1200 / 6000 [ 20%]  (Sampling) 
Chain 4 Iteration: 1400 / 6000 [ 23%]  (Sampling) 
Chain 2 Iteration: 1300 / 6000 [ 21%]  (Sampling) 
Chain 1 Iteration: 1300 / 6000 [ 21%]  (Sampling) 
Chain 3 Iteration: 1300 / 6000 [ 21%]  (Sampling) 
Chain 4 Iteration: 1500 / 6000 [ 25%]  (Sampling) 
Chain 2 Iteration: 1400 / 6000 [ 23%]  (Sampling) 
Chain 1 Iteration: 1400 / 6000 [ 23%]  (Sampling) 
Chain 4 Iteration: 1600 / 6000 [ 26%]  (Sampling) 
Chain 3 Iteration: 1400 / 6000 [ 23%]  (Sampling) 
Chain 2 Iteration: 1500 / 6000 [ 25%]  (Sampling) 
Chain 1 Iteration: 1500 / 6000 [ 25%]  (Sampling) 
Chain 4 Iteration: 1700 / 6000 [ 28%]  (Sampling) 
Chain 3 Iteration: 1500 / 6000 [ 25%]  (Sampling) 
Chain 2 Iteration: 1600 / 6000 [ 26%]  (Sampling) 
Chain 1 Iteration: 1600 / 6000 [ 26%]  (Sampling) 
Chain 4 Iteration: 1800 / 6000 [ 30%]  (Sampling) 
Chain 3 Iteration: 1600 / 6000 [ 26%]  (Sampling) 
Chain 2 Iteration: 1700 / 6000 [ 28%]  (Sampling) 
Chain 1 Iteration: 1700 / 6000 [ 28%]  (Sampling) 
Chain 4 Iteration: 1900 / 6000 [ 31%]  (Sampling) 
Chain 3 Iteration: 1700 / 6000 [ 28%]  (Sampling) 
Chain 2 Iteration: 1800 / 6000 [ 30%]  (Sampling) 
Chain 1 Iteration: 1800 / 6000 [ 30%]  (Sampling) 
Chain 4 Iteration: 2000 / 6000 [ 33%]  (Sampling) 
Chain 3 Iteration: 1800 / 6000 [ 30%]  (Sampling) 
Chain 2 Iteration: 1900 / 6000 [ 31%]  (Sampling) 
Chain 1 Iteration: 1900 / 6000 [ 31%]  (Sampling) 
Chain 4 Iteration: 2100 / 6000 [ 35%]  (Sampling) 
Chain 3 Iteration: 1900 / 6000 [ 31%]  (Sampling) 
Chain 2 Iteration: 2000 / 6000 [ 33%]  (Sampling) 
Chain 1 Iteration: 2000 / 6000 [ 33%]  (Sampling) 
Chain 4 Iteration: 2200 / 6000 [ 36%]  (Sampling) 
Chain 3 Iteration: 2000 / 6000 [ 33%]  (Sampling) 
Chain 2 Iteration: 2100 / 6000 [ 35%]  (Sampling) 
Chain 1 Iteration: 2100 / 6000 [ 35%]  (Sampling) 
Chain 4 Iteration: 2300 / 6000 [ 38%]  (Sampling) 
Chain 3 Iteration: 2100 / 6000 [ 35%]  (Sampling) 
Chain 2 Iteration: 2200 / 6000 [ 36%]  (Sampling) 
Chain 1 Iteration: 2200 / 6000 [ 36%]  (Sampling) 
Chain 3 Iteration: 2200 / 6000 [ 36%]  (Sampling) 
Chain 4 Iteration: 2400 / 6000 [ 40%]  (Sampling) 
Chain 1 Iteration: 2300 / 6000 [ 38%]  (Sampling) 
Chain 2 Iteration: 2300 / 6000 [ 38%]  (Sampling) 
Chain 3 Iteration: 2300 / 6000 [ 38%]  (Sampling) 
Chain 4 Iteration: 2500 / 6000 [ 41%]  (Sampling) 
Chain 1 Iteration: 2400 / 6000 [ 40%]  (Sampling) 
Chain 3 Iteration: 2400 / 6000 [ 40%]  (Sampling) 
Chain 2 Iteration: 2400 / 6000 [ 40%]  (Sampling) 
Chain 4 Iteration: 2600 / 6000 [ 43%]  (Sampling) 
Chain 1 Iteration: 2500 / 6000 [ 41%]  (Sampling) 
Chain 3 Iteration: 2500 / 6000 [ 41%]  (Sampling) 
Chain 2 Iteration: 2500 / 6000 [ 41%]  (Sampling) 
Chain 4 Iteration: 2700 / 6000 [ 45%]  (Sampling) 
Chain 1 Iteration: 2600 / 6000 [ 43%]  (Sampling) 
Chain 3 Iteration: 2600 / 6000 [ 43%]  (Sampling) 
Chain 2 Iteration: 2600 / 6000 [ 43%]  (Sampling) 
Chain 4 Iteration: 2800 / 6000 [ 46%]  (Sampling) 
Chain 1 Iteration: 2700 / 6000 [ 45%]  (Sampling) 
Chain 3 Iteration: 2700 / 6000 [ 45%]  (Sampling) 
Chain 2 Iteration: 2700 / 6000 [ 45%]  (Sampling) 
Chain 4 Iteration: 2900 / 6000 [ 48%]  (Sampling) 
Chain 1 Iteration: 2800 / 6000 [ 46%]  (Sampling) 
Chain 3 Iteration: 2800 / 6000 [ 46%]  (Sampling) 
Chain 2 Iteration: 2800 / 6000 [ 46%]  (Sampling) 
Chain 1 Iteration: 2900 / 6000 [ 48%]  (Sampling) 
Chain 4 Iteration: 3000 / 6000 [ 50%]  (Sampling) 
Chain 3 Iteration: 2900 / 6000 [ 48%]  (Sampling) 
Chain 2 Iteration: 2900 / 6000 [ 48%]  (Sampling) 
Chain 1 Iteration: 3000 / 6000 [ 50%]  (Sampling) 
Chain 3 Iteration: 3000 / 6000 [ 50%]  (Sampling) 
Chain 4 Iteration: 3100 / 6000 [ 51%]  (Sampling) 
Chain 1 Iteration: 3100 / 6000 [ 51%]  (Sampling) 
Chain 2 Iteration: 3000 / 6000 [ 50%]  (Sampling) 
Chain 3 Iteration: 3100 / 6000 [ 51%]  (Sampling) 
Chain 4 Iteration: 3200 / 6000 [ 53%]  (Sampling) 
Chain 1 Iteration: 3200 / 6000 [ 53%]  (Sampling) 
Chain 3 Iteration: 3200 / 6000 [ 53%]  (Sampling) 
Chain 2 Iteration: 3100 / 6000 [ 51%]  (Sampling) 
Chain 4 Iteration: 3300 / 6000 [ 55%]  (Sampling) 
Chain 1 Iteration: 3300 / 6000 [ 55%]  (Sampling) 
Chain 3 Iteration: 3300 / 6000 [ 55%]  (Sampling) 
Chain 2 Iteration: 3200 / 6000 [ 53%]  (Sampling) 
Chain 4 Iteration: 3400 / 6000 [ 56%]  (Sampling) 
Chain 1 Iteration: 3400 / 6000 [ 56%]  (Sampling) 
Chain 3 Iteration: 3400 / 6000 [ 56%]  (Sampling) 
Chain 2 Iteration: 3300 / 6000 [ 55%]  (Sampling) 
Chain 4 Iteration: 3500 / 6000 [ 58%]  (Sampling) 
Chain 3 Iteration: 3500 / 6000 [ 58%]  (Sampling) 
Chain 1 Iteration: 3500 / 6000 [ 58%]  (Sampling) 
Chain 2 Iteration: 3400 / 6000 [ 56%]  (Sampling) 
Chain 4 Iteration: 3600 / 6000 [ 60%]  (Sampling) 
Chain 3 Iteration: 3600 / 6000 [ 60%]  (Sampling) 
Chain 1 Iteration: 3600 / 6000 [ 60%]  (Sampling) 
Chain 2 Iteration: 3500 / 6000 [ 58%]  (Sampling) 
Chain 4 Iteration: 3700 / 6000 [ 61%]  (Sampling) 
Chain 3 Iteration: 3700 / 6000 [ 61%]  (Sampling) 
Chain 1 Iteration: 3700 / 6000 [ 61%]  (Sampling) 
Chain 2 Iteration: 3600 / 6000 [ 60%]  (Sampling) 
Chain 4 Iteration: 3800 / 6000 [ 63%]  (Sampling) 
Chain 3 Iteration: 3800 / 6000 [ 63%]  (Sampling) 
Chain 1 Iteration: 3800 / 6000 [ 63%]  (Sampling) 
Chain 2 Iteration: 3700 / 6000 [ 61%]  (Sampling) 
Chain 4 Iteration: 3900 / 6000 [ 65%]  (Sampling) 
Chain 3 Iteration: 3900 / 6000 [ 65%]  (Sampling) 
Chain 1 Iteration: 3900 / 6000 [ 65%]  (Sampling) 
Chain 2 Iteration: 3800 / 6000 [ 63%]  (Sampling) 
Chain 3 Iteration: 4000 / 6000 [ 66%]  (Sampling) 
Chain 4 Iteration: 4000 / 6000 [ 66%]  (Sampling) 
Chain 1 Iteration: 4000 / 6000 [ 66%]  (Sampling) 
Chain 3 Iteration: 4100 / 6000 [ 68%]  (Sampling) 
Chain 2 Iteration: 3900 / 6000 [ 65%]  (Sampling) 
Chain 1 Iteration: 4100 / 6000 [ 68%]  (Sampling) 
Chain 4 Iteration: 4100 / 6000 [ 68%]  (Sampling) 
Chain 3 Iteration: 4200 / 6000 [ 70%]  (Sampling) 
Chain 1 Iteration: 4200 / 6000 [ 70%]  (Sampling) 
Chain 2 Iteration: 4000 / 6000 [ 66%]  (Sampling) 
Chain 4 Iteration: 4200 / 6000 [ 70%]  (Sampling) 
Chain 3 Iteration: 4300 / 6000 [ 71%]  (Sampling) 
Chain 1 Iteration: 4300 / 6000 [ 71%]  (Sampling) 
Chain 2 Iteration: 4100 / 6000 [ 68%]  (Sampling) 
Chain 4 Iteration: 4300 / 6000 [ 71%]  (Sampling) 
Chain 3 Iteration: 4400 / 6000 [ 73%]  (Sampling) 
Chain 1 Iteration: 4400 / 6000 [ 73%]  (Sampling) 
Chain 2 Iteration: 4200 / 6000 [ 70%]  (Sampling) 
Chain 4 Iteration: 4400 / 6000 [ 73%]  (Sampling) 
Chain 3 Iteration: 4500 / 6000 [ 75%]  (Sampling) 
Chain 1 Iteration: 4500 / 6000 [ 75%]  (Sampling) 
Chain 2 Iteration: 4300 / 6000 [ 71%]  (Sampling) 
Chain 4 Iteration: 4500 / 6000 [ 75%]  (Sampling) 
Chain 3 Iteration: 4600 / 6000 [ 76%]  (Sampling) 
Chain 1 Iteration: 4600 / 6000 [ 76%]  (Sampling) 
Chain 2 Iteration: 4400 / 6000 [ 73%]  (Sampling) 
Chain 3 Iteration: 4700 / 6000 [ 78%]  (Sampling) 
Chain 4 Iteration: 4600 / 6000 [ 76%]  (Sampling) 
Chain 1 Iteration: 4700 / 6000 [ 78%]  (Sampling) 
Chain 2 Iteration: 4500 / 6000 [ 75%]  (Sampling) 
Chain 3 Iteration: 4800 / 6000 [ 80%]  (Sampling) 
Chain 1 Iteration: 4800 / 6000 [ 80%]  (Sampling) 
Chain 4 Iteration: 4700 / 6000 [ 78%]  (Sampling) 
Chain 3 Iteration: 4900 / 6000 [ 81%]  (Sampling) 
Chain 2 Iteration: 4600 / 6000 [ 76%]  (Sampling) 
Chain 1 Iteration: 4900 / 6000 [ 81%]  (Sampling) 
Chain 4 Iteration: 4800 / 6000 [ 80%]  (Sampling) 
Chain 3 Iteration: 5000 / 6000 [ 83%]  (Sampling) 
Chain 1 Iteration: 5000 / 6000 [ 83%]  (Sampling) 
Chain 2 Iteration: 4700 / 6000 [ 78%]  (Sampling) 
Chain 4 Iteration: 4900 / 6000 [ 81%]  (Sampling) 
Chain 3 Iteration: 5100 / 6000 [ 85%]  (Sampling) 
Chain 1 Iteration: 5100 / 6000 [ 85%]  (Sampling) 
Chain 2 Iteration: 4800 / 6000 [ 80%]  (Sampling) 
Chain 4 Iteration: 5000 / 6000 [ 83%]  (Sampling) 
Chain 3 Iteration: 5200 / 6000 [ 86%]  (Sampling) 
Chain 1 Iteration: 5200 / 6000 [ 86%]  (Sampling) 
Chain 2 Iteration: 4900 / 6000 [ 81%]  (Sampling) 
Chain 4 Iteration: 5100 / 6000 [ 85%]  (Sampling) 
Chain 3 Iteration: 5300 / 6000 [ 88%]  (Sampling) 
Chain 1 Iteration: 5300 / 6000 [ 88%]  (Sampling) 
Chain 2 Iteration: 5000 / 6000 [ 83%]  (Sampling) 
Chain 4 Iteration: 5200 / 6000 [ 86%]  (Sampling) 
Chain 3 Iteration: 5400 / 6000 [ 90%]  (Sampling) 
Chain 1 Iteration: 5400 / 6000 [ 90%]  (Sampling) 
Chain 2 Iteration: 5100 / 6000 [ 85%]  (Sampling) 
Chain 3 Iteration: 5500 / 6000 [ 91%]  (Sampling) 
Chain 4 Iteration: 5300 / 6000 [ 88%]  (Sampling) 
Chain 1 Iteration: 5500 / 6000 [ 91%]  (Sampling) 
Chain 3 Iteration: 5600 / 6000 [ 93%]  (Sampling) 
Chain 2 Iteration: 5200 / 6000 [ 86%]  (Sampling) 
Chain 4 Iteration: 5400 / 6000 [ 90%]  (Sampling) 
Chain 1 Iteration: 5600 / 6000 [ 93%]  (Sampling) 
Chain 3 Iteration: 5700 / 6000 [ 95%]  (Sampling) 
Chain 2 Iteration: 5300 / 6000 [ 88%]  (Sampling) 
Chain 1 Iteration: 5700 / 6000 [ 95%]  (Sampling) 
Chain 4 Iteration: 5500 / 6000 [ 91%]  (Sampling) 
Chain 3 Iteration: 5800 / 6000 [ 96%]  (Sampling) 
Chain 1 Iteration: 5800 / 6000 [ 96%]  (Sampling) 
Chain 2 Iteration: 5400 / 6000 [ 90%]  (Sampling) 
Chain 4 Iteration: 5600 / 6000 [ 93%]  (Sampling) 
Chain 3 Iteration: 5900 / 6000 [ 98%]  (Sampling) 
Chain 1 Iteration: 5900 / 6000 [ 98%]  (Sampling) 
Chain 2 Iteration: 5500 / 6000 [ 91%]  (Sampling) 
Chain 4 Iteration: 5700 / 6000 [ 95%]  (Sampling) 
Chain 3 Iteration: 6000 / 6000 [100%]  (Sampling) 
Chain 3 finished in 39297.0 seconds.
Chain 1 Iteration: 6000 / 6000 [100%]  (Sampling) 
Chain 1 finished in 39425.1 seconds.
Chain 2 Iteration: 5600 / 6000 [ 93%]  (Sampling) 
Chain 4 Iteration: 5800 / 6000 [ 96%]  (Sampling) 
Chain 2 Iteration: 5700 / 6000 [ 95%]  (Sampling) 
Chain 4 Iteration: 5900 / 6000 [ 98%]  (Sampling) 
Chain 2 Iteration: 5800 / 6000 [ 96%]  (Sampling) 
Chain 4 Iteration: 6000 / 6000 [100%]  (Sampling) 
Chain 4 finished in 41043.0 seconds.
Chain 2 Iteration: 5900 / 6000 [ 98%]  (Sampling) 
Chain 2 Iteration: 6000 / 6000 [100%]  (Sampling) 
Chain 2 finished in 42063.3 seconds.

All 4 chains finished successfully.
Mean chain execution time: 40457.1 seconds.
Total execution time: 42064.0 seconds.

[1] "Processing draws 1 to 100"
[1] "Chunk time = 3.32085059483846"
[1] "Processing draws 101 to 200"
[1] "Chunk time = 2.39937562942505"
[1] "Processing draws 201 to 300"
[1] "Chunk time = 2.59034325281779"
[1] "Processing draws 301 to 400"
[1] "Chunk time = 2.11833031972249"
[1] "Processing draws 401 to 500"
[1] "Chunk time = 2.03878483374914"
[1] "Processing draws 501 to 600"
[1] "Chunk time = 2.06368442376455"
[1] "Processing draws 601 to 700"
[1] "Chunk time = 2.08069348335266"
[1] "Processing draws 701 to 800"
[1] "Chunk time = 2.22120760679245"
[1] "Processing draws 801 to 900"
[1] "Chunk time = 2.060278236866"
[1] "Processing draws 901 to 1000"
[1] "Chunk time = 2.15031240781148"
[1] "Processing draws 1001 to 1100"
[1] "Chunk time = 2.07777031262716"
[1] "Processing draws 1101 to 1200"
[1] "Chunk time = 2.09963767925898"
[1] "Processing draws 1201 to 1300"
[1] "Chunk time = 2.17432707150777"
[1] "Processing draws 1301 to 1400"
[1] "Chunk time = 2.05792212883631"
[1] "Processing draws 1401 to 1500"
[1] "Chunk time = 2.09498264392217"
[1] "Processing draws 1501 to 1600"
[1] "Chunk time = 2.11454498767853"
[1] "Processing draws 1601 to 1700"
[1] "Chunk time = 2.02666325569153"
[1] "Processing draws 1701 to 1800"
[1] "Chunk time = 2.0105433622996"
[1] "Processing draws 1801 to 1900"
[1] "Chunk time = 2.07861174742381"
[1] "Processing draws 1901 to 2000"
[1] "Chunk time = 2.09253165721893"
[1] "Processing draws 2001 to 2100"
[1] "Chunk time = 2.02783398230871"
[1] "Processing draws 2101 to 2200"
[1] "Chunk time = 2.07089081207911"
[1] "Processing draws 2201 to 2300"
[1] "Chunk time = 2.02897961139679"
[1] "Processing draws 2301 to 2400"
[1] "Chunk time = 2.09572787682215"
[1] "Processing draws 2401 to 2500"
[1] "Chunk time = 2.04049583673477"
[1] "Processing draws 2501 to 2600"
[1] "Chunk time = 2.04451198577881"
[1] "Processing draws 2601 to 2700"
[1] "Chunk time = 2.01400452454885"
[1] "Processing draws 2701 to 2800"
[1] "Chunk time = 2.14162685871124"
[1] "Processing draws 2801 to 2900"
[1] "Chunk time = 2.03017714420954"
[1] "Processing draws 2901 to 3000"
[1] "Chunk time = 2.1341718395551"
[1] "Processing draws 3001 to 3100"
[1] "Chunk time = 2.13231788873672"
[1] "Processing draws 3101 to 3200"
[1] "Chunk time = 2.08103678623835"
[1] "Processing draws 3201 to 3300"
[1] "Chunk time = 2.03310326337814"
[1] "Processing draws 3301 to 3400"
[1] "Chunk time = 2.17853335142136"
[1] "Processing draws 3401 to 3500"
[1] "Chunk time = 2.04018362760544"
[1] "Processing draws 3501 to 3600"
[1] "Chunk time = 2.08643882671992"
[1] "Processing draws 3601 to 3700"
[1] "Chunk time = 2.16854143540065"
[1] "Processing draws 3701 to 3800"
[1] "Chunk time = 2.0211546142896"
[1] "Processing draws 3801 to 3900"
[1] "Chunk time = 2.0184379975001"
[1] "Processing draws 3901 to 4000"
[1] "Chunk time = 2.16826638380686"
[1] "Processing draws 4001 to 4100"
[1] "Chunk time = 2.10813548962275"
[1] "Processing draws 4101 to 4200"
[1] "Chunk time = 2.08356136480967"
[1] "Processing draws 4201 to 4300"
[1] "Chunk time = 2.1580554207166"
[1] "Processing draws 4301 to 4400"
[1] "Chunk time = 2.08510800997416"
[1] "Processing draws 4401 to 4500"
[1] "Chunk time = 2.05972748994827"
[1] "Processing draws 4501 to 4600"
[1] "Chunk time = 2.14092876513799"
[1] "Processing draws 4601 to 4700"
[1] "Chunk time = 2.05686967372894"
[1] "Processing draws 4701 to 4800"
[1] "Chunk time = 2.08139029741287"
[1] "Processing draws 4801 to 4900"
[1] "Chunk time = 2.15005779266357"
[1] "Processing draws 4901 to 5000"
[1] "Chunk time = 2.04060572385788"
[1] "Processing draws 5001 to 5100"
[1] "Chunk time = 2.04993867079417"
[1] "Processing draws 5101 to 5200"
[1] "Chunk time = 2.16540703376134"
[1] "Processing draws 5201 to 5300"
[1] "Chunk time = 2.09445147911708"
[1] "Processing draws 5301 to 5400"
[1] "Chunk time = 2.06005524396896"
[1] "Processing draws 5401 to 5500"
[1] "Chunk time = 2.15250887870789"
[1] "Processing draws 5501 to 5600"
[1] "Chunk time = 2.07113772630692"
[1] "Processing draws 5601 to 5700"
[1] "Chunk time = 2.03221143484116"
[1] "Processing draws 5701 to 5800"
[1] "Chunk time = 2.15700629552205"
[1] "Processing draws 5801 to 5900"
[1] "Chunk time = 2.06198924382528"
[1] "Processing draws 5901 to 6000"
[1] "Chunk time = 2.09820011059443"
[1] "Processing draws 6001 to 6100"
[1] "Chunk time = 2.17682262261709"
[1] "Processing draws 6101 to 6200"
[1] "Chunk time = 2.08008817831675"
[1] "Processing draws 6201 to 6300"
[1] "Chunk time = 2.11600244442622"
[1] "Processing draws 6301 to 6400"
[1] "Chunk time = 2.27978540658951"
[1] "Processing draws 6401 to 6500"
[1] "Chunk time = 2.10062838395437"
[1] "Processing draws 6501 to 6600"
[1] "Chunk time = 2.05504267215729"
[1] "Processing draws 6601 to 6700"
[1] "Chunk time = 2.17582781712214"
[1] "Processing draws 6701 to 6800"
[1] "Chunk time = 2.14264440933863"
[1] "Processing draws 6801 to 6900"
[1] "Chunk time = 2.0864155570666"
[1] "Processing draws 6901 to 7000"
[1] "Chunk time = 2.14798565705617"
[1] "Processing draws 7001 to 7100"
[1] "Chunk time = 2.04914846022924"
[1] "Processing draws 7101 to 7200"
[1] "Chunk time = 2.09583776394526"
[1] "Processing draws 7201 to 7300"
[1] "Chunk time = 2.2264986038208"
[1] "Processing draws 7301 to 7400"
[1] "Chunk time = 2.12814109722773"
[1] "Processing draws 7401 to 7500"
[1] "Chunk time = 2.1013637304306"
[1] "Processing draws 7501 to 7600"
[1] "Chunk time = 2.1516326824824"
[1] "Processing draws 7601 to 7700"
[1] "Chunk time = 2.05091843207677"
[1] "Processing draws 7701 to 7800"
[1] "Chunk time = 2.02404309908549"
[1] "Processing draws 7801 to 7900"
[1] "Chunk time = 2.14507947365443"
[1] "Processing draws 7901 to 8000"
[1] "Chunk time = 2.11815952459971"
[1] "Processing draws 8001 to 8100"
[1] "Chunk time = 2.11552458206813"
[1] "Processing draws 8101 to 8200"
[1] "Chunk time = 2.17836536963781"
[1] "Processing draws 8201 to 8300"
[1] "Chunk time = 2.08816009362539"
[1] "Processing draws 8301 to 8400"
[1] "Chunk time = 2.0859521985054"
[1] "Processing draws 8401 to 8500"
[1] "Chunk time = 2.13720649083455"
[1] "Processing draws 8501 to 8600"
[1] "Chunk time = 2.07545015017192"
[1] "Processing draws 8601 to 8700"
[1] "Chunk time = 2.08779736359914"
[1] "Processing draws 8701 to 8800"
[1] "Chunk time = 2.16357565720876"
[1] "Processing draws 8801 to 8900"
[1] "Chunk time = 2.13415222565333"
[1] "Processing draws 8901 to 9000"
[1] "Chunk time = 2.10098255077998"
[1] "Processing draws 9001 to 9100"
[1] "Chunk time = 2.18724950949351"
[1] "Processing draws 9101 to 9200"
[1] "Chunk time = 2.10632954438527"
[1] "Processing draws 9201 to 9300"
[1] "Chunk time = 2.08154415686925"
[1] "Processing draws 9301 to 9400"
[1] "Chunk time = 2.17064327001572"
[1] "Processing draws 9401 to 9500"
[1] "Chunk time = 2.18300428390503"
[1] "Processing draws 9501 to 9600"
[1] "Chunk time = 2.08415271838506"
[1] "Processing draws 9601 to 9700"
[1] "Chunk time = 2.17510230541229"
[1] "Processing draws 9701 to 9800"
[1] "Chunk time = 2.12310027678808"
[1] "Processing draws 9801 to 9900"
[1] "Chunk time = 2.10368238687515"
[1] "Processing draws 9901 to 10000"
[1] "Chunk time = 2.19355955123901"
[1] "Processing draws 10001 to 10100"
[1] "Chunk time = 2.09281534751256"
[1] "Processing draws 10101 to 10200"
[1] "Chunk time = 2.27445345719655"
[1] "Processing draws 10201 to 10300"
[1] "Chunk time = 2.24643550713857"
[1] "Processing draws 10301 to 10400"
[1] "Chunk time = 2.1696666876475"
[1] "Processing draws 10401 to 10500"
[1] "Chunk time = 2.10913191636403"
[1] "Processing draws 10501 to 10600"
[1] "Chunk time = 2.22499260902405"
[1] "Processing draws 10601 to 10700"
[1] "Chunk time = 2.06861230532328"
[1] "Processing draws 10701 to 10800"
[1] "Chunk time = 2.07872364521027"
[1] "Processing draws 10801 to 10900"
[1] "Chunk time = 2.16073751052221"
[1] "Processing draws 10901 to 11000"
[1] "Chunk time = 2.1018142859141"
[1] "Processing draws 11001 to 11100"
[1] "Chunk time = 2.10008912483851"
[1] "Processing draws 11101 to 11200"
[1] "Chunk time = 2.20058110157649"
[1] "Processing draws 11201 to 11300"
[1] "Chunk time = 2.06423220237096"
[1] "Processing draws 11301 to 11400"
[1] "Chunk time = 2.05422217845917"
[1] "Processing draws 11401 to 11500"
[1] "Chunk time = 2.15600967009862"
[1] "Processing draws 11501 to 11600"
[1] "Chunk time = 2.12203052441279"
[1] "Processing draws 11601 to 11700"
[1] "Chunk time = 2.16238154967626"
[1] "Processing draws 11701 to 11800"
[1] "Chunk time = 2.18432572682699"
[1] "Processing draws 11801 to 11900"
[1] "Chunk time = 2.10929705301921"
[1] "Processing draws 11901 to 12000"
[1] "Chunk time = 2.11029726664225"
[1] "Processing draws 12001 to 12100"
[1] "Chunk time = 2.16277652978897"
[1] "Processing draws 12101 to 12200"
[1] "Chunk time = 2.11432479222616"
[1] "Processing draws 12201 to 12300"
[1] "Chunk time = 2.07036461035411"
[1] "Processing draws 12301 to 12400"
[1] "Chunk time = 2.18536342779795"
[1] "Processing draws 12401 to 12500"
[1] "Chunk time = 2.01805454492569"
[1] "Processing draws 12501 to 12600"
[1] "Chunk time = 2.00227632522583"
[1] "Processing draws 12601 to 12700"
[1] "Chunk time = 1.99983421961466"
[1] "Processing draws 12701 to 12800"
[1] "Chunk time = 2.06285433769226"
[1] "Processing draws 12801 to 12900"
[1] "Chunk time = 2.01664765675863"
[1] "Processing draws 12901 to 13000"
[1] "Chunk time = 2.06447792053223"
[1] "Processing draws 13001 to 13100"
