[1] "Starting sampling."
Running MCMC with 4 parallel chains, with 4 thread(s) per chain...

Chain 1 Iteration:    1 / 6000 [  0%]  (Warmup) 
Chain 2 Iteration:    1 / 6000 [  0%]  (Warmup) 
Chain 3 dis: 302.74, rho: 2.3137e+129 , theta: 293.918, floral[k]: -1.19589, zeta[i]: -0.366461, eps[k]: -0.283813, lambda: -5.87341e+25 
Chain 3 dis: 303.561, rho: 2.3137e+129 , theta: 293.918, floral[k]: -1.19589, zeta[i]: -0.0889817, eps[k]: -0.283813, lambda: -5.88934e+25 
Chain 3 dis: 246.336, rho: 2.3137e+129 , theta: 293.918, floral[k]: -1.19589, zeta[i]: -0.214918, eps[k]: -0.283813, lambda: -4.77912e+25 
Chain 3 dis: 226.37, rho: 2.3137e+129 , theta: 293.918, floral[k]: -1.19589, zeta[i]: 1.62893, eps[k]: -0.283813, lambda: -4.39178e+25 
Chain 3 dis: 362.82, rho: 2.3137e+129 , theta: 293.918, floral[k]: -1.19589, zeta[i]: 0.293702, eps[k]: -0.283813, lambda: -7.03903e+25 
Chain 3 dis: 219.097, rho: 2.3137e+129 , theta: 293.918, floral[k]: -1.19589, zeta[i]: 1.48814, eps[k]: -0.283813, lambda: -4.25067e+25 
Chain 3 dis: 53.751, rho: 2.3137e+129 , theta: 293.918, floral[k]: -1.19589, zeta[i]: -0.823416, eps[k]: -0.283813, lambda: -1.04282e+25 
Chain 3 dis: 208.264, rho: 2.3137e+129 , theta: 293.918, floral[k]: -1.19589, zeta[i]: -1.74388, eps[k]: -0.283813, lambda: -4.0405e+25 
Chain 3 dis: 4.77668, rho: 2.3137e+129 , theta: 293.918, floral[k]: -1.19589, zeta[i]: 1.29181, eps[k]: -0.283813, lambda: -9.26718e+23 
Chain 3 dis: 273.497, rho: 2.3137e+129 , theta: 293.918, floral[k]: -1.19589, zeta[i]: -1.86384, eps[k]: -0.283813, lambda: -5.30608e+25 
Chain 3 dis: 386.214, rho: 2.3137e+129 , theta: 293.918, floral[k]: -1.19589, zeta[i]: 0.174028, eps[k]: -0.283813, lambda: -7.49289e+25 
Chain 3 dis: 227.189, rho: 2.3137e+129 , theta: 293.918, floral[k]: -1.19589, zeta[i]: 1.12978, eps[k]: -0.283813, lambda: -4.40766e+25 
Chain 3 dis: 368.234, rho: 2.3137e+129 , theta: 293.918, floral[k]: -1.19589, zeta[i]: 0.633308, eps[k]: -0.283813, lambda: -7.14407e+25 
Chain 3 dis: 352.594, rho: 2.3137e+129 , theta: 293.918, floral[k]: -1.19589, zeta[i]: -1.50656, eps[k]: -0.283813, lambda: -6.84063e+25 
Chain 3 dis: 165.352, rho: 2.3137e+129 , theta: 293.918, floral[k]: -1.19589, zeta[i]: 0.773336, eps[k]: -0.283813, lambda: -3.20797e+25 
Chain 3 dis: 350.47, rho: 2.3137e+129 , theta: 293.918, floral[k]: -1.19589, zeta[i]: -0.0599041, eps[k]: -0.283813, lambda: -6.79942e+25 
Chain 3 dis: 37.5307, rho: 2.3137e+129 , theta: 293.918, floral[k]: -1.19589, zeta[i]: 1.28369, eps[k]: -0.283813, lambda: -7.28128e+24 
Chain 3 dis: 477.558, rho: 2.3137e+129 , theta: 293.918, floral[k]: -1.19589, zeta[i]: -1.41726, eps[k]: -0.283813, lambda: -9.26504e+25 
Chain 3 dis: 225.611, rho: 2.3137e+129 , theta: 293.918, floral[k]: -1.19589, zeta[i]: 0.387351, eps[k]: -0.283813, lambda: -4.37705e+25 
Chain 3 dis: 113.804, rho: 2.3137e+129 , theta: 293.918, floral[k]: -1.19589, zeta[i]: -1.35047, eps[k]: -0.283813, lambda: -2.2079e+25 
Chain 3 dis: 211.911, rho: 2.3137e+129 , theta: 293.918, floral[k]: -1.19589, zeta[i]: 1.35082, eps[k]: -0.283813, lambda: -4.11126e+25 
Chain 3 dis: 233.267, rho: 2.3137e+129 , theta: 293.918, floral[k]: -1.19589, zeta[i]: -0.607368, eps[k]: -0.283813, lambda: -4.52559e+25 
Chain 3 dis: 313.684, rho: 2.3137e+129 , theta: 293.918, floral[k]: -1.19589, zeta[i]: 0.775587, eps[k]: -0.283813, lambda: -6.08574e+25 
Chain 3 dis: 404.6, rho: 2.3137e+129 , theta: 293.918, floral[k]: -1.19589, zeta[i]: -0.198477, eps[k]: -0.283813, lambda: -7.84959e+25 
Chain 3 dis: 150.941, rho: 2.3137e+129 , theta: 293.918, floral[k]: -1.19589, zeta[i]: -1.01988, eps[k]: -0.283813, lambda: -2.92838e+25 
Chain 3 dis: 268.575, rho: 2.3137e+129 , theta: 293.918, floral[k]: -1.19589, zeta[i]: -0.690358, eps[k]: -0.283813, lambda: -5.21059e+25 
Chain 3 dis: 239.267, rho: 2.3137e+129 , theta: 293.918, floral[k]: -1.19589, zeta[i]: -0.24528, eps[k]: -0.283813, lambda: -4.64198e+25 
Chain 3 dis: 207.216, rho: 2.3137e+129 , theta: 293.918, floral[k]: -1.19589, zeta[i]: -1.71934, eps[k]: -0.283813, lambda: -4.02017e+25 
Chain 3 dis: 326.156, rho: 2.3137e+129 , theta: 293.918, floral[k]: -1.19589, zeta[i]: -0.0963658, eps[k]: -0.283813, lambda: -6.32771e+25 
Chain 3 dis: 400.789, rho: 2.3137e+129 , theta: 293.918, floral[k]: -1.19589, zeta[i]: -1.18484, eps[k]: -0.283813, lambda: -7.77564e+25 
Chain 3 dis: 252.92, rho: 2.3137e+129 , theta: 293.918, floral[k]: -1.19589, zeta[i]: -1.20107, eps[k]: -0.283813, lambda: -4.90686e+25 
Chain 3 dis: 269.648, rho: 2.3137e+129 , theta: 293.918, floral[k]: -1.19589, zeta[i]: 1.13608, eps[k]: -0.283813, lambda: -5.23141e+25 
Chain 3 dis: 149.942, rho: 2.3137e+129 , theta: 293.918, floral[k]: -1.19589, zeta[i]: -0.272259, eps[k]: -0.283813, lambda: -2.90901e+25 
Chain 3 dis: 312.957, rho: 2.3137e+129 , theta: 293.918, floral[k]: -1.19589, zeta[i]: -1.57633, eps[k]: -0.283813, lambda: -6.07163e+25 
Chain 3 dis: 254.838, rho: 2.3137e+129 , theta: 293.918, floral[k]: -1.19589, zeta[i]: -1.5089, eps[k]: -0.283813, lambda: -4.94407e+25 
Chain 3 dis: 223.236, rho: 2.3137e+129 , theta: 293.918, floral[k]: -1.19589, zeta[i]: 0.321396, eps[k]: -0.283813, lambda: -4.33098e+25 
Chain 3 dis: 305.816, rho: 2.3137e+129 , theta: 293.918, floral[k]: -1.19589, zeta[i]: -0.728814, eps[k]: -0.283813, lambda: -5.9331e+25 
Chain 3 dis: 216.611, rho: 2.3137e+129 , theta: 293.918, floral[k]: -1.19589, zeta[i]: -1.05245, eps[k]: -0.283813, lambda: -4.20243e+25 
Chain 3 dis: 264.982, rho: 2.3137e+129 , theta: 293.918, floral[k]: -1.19589, zeta[i]: -1.96277, eps[k]: -0.283813, lambda: -5.14088e+25 
Chain 3 dis: 199.334, rho: 2.3137e+129 , theta: 293.918, floral[k]: -1.19589, zeta[i]: -0.0821183, eps[k]: -0.283813, lambda: -3.86725e+25 
Chain 3 dis: 406.167, rho: 2.3137e+129 , theta: 293.918, floral[k]: -1.19589, zeta[i]: 0.471975, eps[k]: -0.283813, lambda: -7.88e+25 
Chain 3 dis: 318.085, rho: 2.3137e+129 , theta: 293.918, floral[k]: -1.19589, zeta[i]: 1.98408, eps[k]: -0.283813, lambda: -6.17113e+25 
Chain 3 dis: 288.378, rho: 2.3137e+129 , theta: 293.918, floral[k]: -1.19589, zeta[i]: -1.63215, eps[k]: -0.283813, lambda: -5.59478e+25 
Chain 3 dis: 231.264, rho: 2.3137e+129 , theta: 293.918, floral[k]: -1.19589, zeta[i]: -0.174777, eps[k]: -0.283813, lambda: -4.48672e+25 
Chain 3 dis: 256.19, rho: 2.3137e+129 , theta: 293.918, floral[k]: -1.19589, zeta[i]: 0.0963898, eps[k]: -0.283813, lambda: -4.9703e+25 
Chain 3 dis: 204.025, rho: 2.3137e+129 , theta: 293.918, floral[k]: -1.19589, zeta[i]: -1.2126, eps[k]: -0.283813, lambda: -3.95827e+25 
Chain 3 dis: 207.154, rho: 2.3137e+129 , theta: 293.918, floral[k]: -1.19589, zeta[i]: 0.361086, eps[k]: -0.283813, lambda: -4.01896e+25 
Chain 3 dis: 105.759, rho: 2.3137e+129 , theta: 293.918, floral[k]: -1.19589, zeta[i]: 0.402393, eps[k]: -0.283813, lambda: -2.05181e+25 
Chain 3 dis: 394.968, rho: 2.3137e+129 , theta: 293.918, floral[k]: -1.19589, zeta[i]: -1.62255, eps[k]: -0.283813, lambda: -7.66272e+25 
Chain 3 dis: 298.158, rho: 2.3137e+129 , theta: 293.918, floral[k]: -1.19589, zeta[i]: -1.54007, eps[k]: -0.283813, lambda: -5.78452e+25 
Chain 3 dis: 309.684, rho: 2.3137e+129 , theta: 293.918, floral[k]: -1.19589, zeta[i]: 0.525295, eps[k]: -0.283813, lambda: -6.00814e+25 
Chain 3 dis: 138.552, rho: 2.3137e+129 , theta: 293.918, floral[k]: -1.19589, zeta[i]: 1.84516, eps[k]: -0.283813, lambda: -2.68802e+25 
Chain 3 dis: 301.57, rho: 2.3137e+129 , theta: 293.918, floral[k]: -1.19589, zeta[i]: -0.8074, eps[k]: -0.283813, lambda: -5.85073e+25 
Chain 3 dis: 270.045, rho: 2.3137e+129 , theta: 293.918, floral[k]: -1.19589, zeta[i]: -1.22481, eps[k]: -0.283813, lambda: -5.23911e+25 
Chain 3 dis: 456.151, rho: 2.3137e+129 , theta: 293.918, floral[k]: -1.19589, zeta[i]: -0.956645, eps[k]: -0.283813, lambda: -8.84972e+25 
Chain 3 dis: 307.548, rho: 2.3137e+129 , theta: 293.918, floral[k]: -1.19589, zeta[i]: -0.105069, eps[k]: -0.283813, lambda: -5.96669e+25 
Chain 3 dis: 97.0688, rho: 2.3137e+129 , theta: 293.918, floral[k]: -1.19589, zeta[i]: 0.809, eps[k]: -0.283813, lambda: -1.88322e+25 
Chain 3 dis: 212.616, rho: 2.3137e+129 , theta: 293.918, floral[k]: -1.19589, zeta[i]: -1.23531, eps[k]: -0.283813, lambda: -4.12493e+25 
Chain 3 dis: 348.634, rho: 2.3137e+129 , theta: 293.918, floral[k]: -1.19589, zeta[i]: 0.987978, eps[k]: -0.283813, lambda: -6.7638e+25 
Chain 3 dis: 308.831, rho: 2.3137e+129 , theta: 293.918, floral[k]: -1.19589, zeta[i]: 1.54767, eps[k]: -0.283813, lambda: -5.99159e+25 
Chain 3 dis: 134.389, rho: 2.3137e+129 , theta: 293.918, floral[k]: -1.19589, zeta[i]: 1.77794, eps[k]: -0.283813, lambda: -2.60727e+25 
Chain 3 dis: 311.497, rho: 2.3137e+129 , theta: 293.918, floral[k]: -1.19589, zeta[i]: 1.84591, eps[k]: -0.283813, lambda: -6.04331e+25 
Chain 3 dis: 197.855, rho: 2.3137e+129 , theta: 293.918, floral[k]: -1.19589, zeta[i]: -0.220676, eps[k]: -0.283813, lambda: -3.83856e+25 
Chain 3 dis: 256.886, rho: 2.3137e+129 , theta: 293.918, floral[k]: -1.19589, zeta[i]: 0.67514, eps[k]: -0.283813, lambda: -4.9838e+25 
Chain 3 dis: 161.244, rho: 2.3137e+129 , theta: 293.918, floral[k]: -1.19589, zeta[i]: -1.52318, eps[k]: -0.283813, lambda: -3.12826e+25 
Chain 3 dis: 220.574, rho: 2.3137e+129 , theta: 293.918, floral[k]: -1.19589, zeta[i]: -0.0350316, eps[k]: -0.283813, lambda: -4.27933e+25 
Chain 3 dis: 328.656, rho: 2.3137e+129 , theta: 293.918, floral[k]: -1.19589, zeta[i]: -1.43907, eps[k]: -0.283813, lambda: -6.3762e+25 
Chain 3 dis: 176.084, rho: 2.3137e+129 , theta: 293.918, floral[k]: -1.19589, zeta[i]: 0.121711, eps[k]: -0.283813, lambda: -3.41618e+25 
Chain 3 dis: 189.88, rho: 2.3137e+129 , theta: 293.918, floral[k]: -1.19589, zeta[i]: -0.472432, eps[k]: -0.283813, lambda: -3.68383e+25 
Chain 3 dis: 345.818, rho: 2.3137e+129 , theta: 293.918, floral[k]: -1.19589, zeta[i]: 0.711739, eps[k]: -0.283813, lambda: -6.70916e+25 
Chain 3 dis: 436.269, rho: 2.3137e+129 , theta: 293.918, floral[k]: -1.19589, zeta[i]: 1.69823, eps[k]: -0.283813, lambda: -8.46399e+25 
Chain 3 dis: 361.801, rho: 2.3137e+129 , theta: 293.918, floral[k]: -1.19589, zeta[i]: -0.370658, eps[k]: -0.283813, lambda: -7.01925e+25 
Chain 3 dis: 119.526, rho: 2.3137e+129 , theta: 293.918, floral[k]: -1.19589, zeta[i]: -0.539339, eps[k]: -0.283813, lambda: -2.31891e+25 
Chain 3 dis: 358.182, rho: 2.3137e+129 , theta: 293.918, floral[k]: -1.19589, zeta[i]: -0.284555, eps[k]: -0.283813, lambda: -6.94904e+25 
Chain 3 dis: 282.951, rho: 2.3137e+129 , theta: 293.918, floral[k]: -1.19589, zeta[i]: -1.94495, eps[k]: -0.283813, lambda: -5.48949e+25 
Chain 3 dis: 201.988, rho: 2.3137e+129 , theta: 293.918, floral[k]: -1.19589, zeta[i]: 1.8617, eps[k]: -0.283813, lambda: -3.91875e+25 
Chain 3 dis: 472.713, rho: 2.3137e+129 , theta: 293.918, floral[k]: -1.19589, zeta[i]: -0.763527, eps[k]: -0.283813, lambda: -9.17105e+25 
Chain 3 dis: 321.867, rho: 2.3137e+129 , theta: 293.918, floral[k]: -1.19589, zeta[i]: 1.25867, eps[k]: -0.283813, lambda: -6.2445e+25 
Chain 3 dis: 325.223, rho: 2.3137e+129 , theta: 293.918, floral[k]: -1.19589, zeta[i]: 1.82898, eps[k]: -0.283813, lambda: -6.3096e+25 
Chain 3 dis: 120.151, rho: 2.3137e+129 , theta: 293.918, floral[k]: -1.19589, zeta[i]: -1.71257, eps[k]: -0.283813, lambda: -2.33103e+25 
Chain 3 dis: 198.018, rho: 2.3137e+129 , theta: 293.918, floral[k]: -1.19589, zeta[i]: 0.366418, eps[k]: -0.283813, lambda: -3.84171e+25 
Chain 3 dis: 437.39, rho: 2.3137e+129 , theta: 293.918, floral[k]: -1.19589, zeta[i]: -0.126678, eps[k]: -0.283813, lambda: -8.48573e+25 
Chain 3 dis: 306.459, rho: 2.3137e+129 , theta: 293.918, floral[k]: -1.19589, zeta[i]: 0.783593, eps[k]: -0.283813, lambda: -5.94557e+25 
Chain 3 dis: 266.393, rho: 2.3137e+129 , theta: 293.918, floral[k]: -1.19589, zeta[i]: -1.21705, eps[k]: -0.283813, lambda: -5.16825e+25 
Chain 3 dis: 466.162, rho: 2.3137e+129 , theta: 293.918, floral[k]: -1.19589, zeta[i]: 0.532717, eps[k]: -0.283813, lambda: -9.04394e+25 
Chain 3 dis: 352.888, rho: 2.3137e+129 , theta: 293.918, floral[k]: -1.19589, zeta[i]: 1.75376, eps[k]: -0.283813, lambda: -6.84633e+25 
Chain 3 dis: 325.924, rho: 2.3137e+129 , theta: 293.918, floral[k]: -1.19589, zeta[i]: -1.38502, eps[k]: -0.283813, lambda: -6.32321e+25 
Chain 3 dis: 461.483, rho: 2.3137e+129 , theta: 293.918, floral[k]: -1.19589, zeta[i]: 1.29531, eps[k]: -0.283813, lambda: -8.95316e+25 
Chain 3 dis: 88.8242, rho: 2.3137e+129 , theta: 293.918, floral[k]: -1.19589, zeta[i]: -1.24116, eps[k]: -0.283813, lambda: -1.72327e+25 
Chain 3 dis: 157.227, rho: 2.3137e+129 , theta: 293.918, floral[k]: -1.19589, zeta[i]: 1.9272, eps[k]: -0.283813, lambda: -3.05034e+25 
Chain 3 dis: 84.3763, rho: 2.3137e+129 , theta: 293.918, floral[k]: -1.19589, zeta[i]: 0.0279652, eps[k]: -0.283813, lambda: -1.63697e+25 
Chain 3 dis: 179.934, rho: 2.3137e+129 , theta: 293.918, floral[k]: -1.19589, zeta[i]: 0.832022, eps[k]: -0.283813, lambda: -3.49087e+25 
Chain 3 dis: 199.887, rho: 2.3137e+129 , theta: 293.918, floral[k]: -1.19589, zeta[i]: -0.57939, eps[k]: -0.283813, lambda: -3.87798e+25 
Chain 3 dis: 410.585, rho: 2.3137e+129 , theta: 293.918, floral[k]: -1.19589, zeta[i]: -0.365725, eps[k]: -0.283813, lambda: -7.9657e+25 
Chain 3 dis: 202.435, rho: 2.3137e+129 , theta: 293.918, floral[k]: -1.19589, zeta[i]: -1.59968, eps[k]: -0.283813, lambda: -3.92741e+25 
Chain 3 dis: 248.946, rho: 2.3137e+129 , theta: 293.918, floral[k]: -1.19589, zeta[i]: -0.680514, eps[k]: -0.283813, lambda: -4.82977e+25 
Chain 3 dis: 397.794, rho: 2.3137e+129 , theta: 293.918, floral[k]: -1.19589, zeta[i]: -0.317249, eps[k]: -0.283813, lambda: -7.71754e+25 
Chain 3 dis: 183.381, rho: 2.3137e+129 , theta: 293.918, floral[k]: -1.19589, zeta[i]: -0.84084, eps[k]: -0.283813, lambda: -3.55775e+25 
Chain 3 dis: 171.411, rho: 2.3137e+129 , theta: 293.918, floral[k]: -1.19589, zeta[i]: -1.86925, eps[k]: -0.283813, lambda: -3.32552e+25 
Chain 3 dis: 133.522, rho: 2.3137e+129 , theta: 293.918, floral[k]: -1.19589, zeta[i]: 0.452123, eps[k]: -0.283813, lambda: -2.59044e+25 
Chain 3 dis: 270.496, rho: 2.3137e+129 , theta: 293.918, floral[k]: -1.19589, zeta[i]: 2.01642, eps[k]: -0.283813, lambda: -5.24786e+25 
Chain 3 dis: 388.007, rho: 2.3137e+129 , theta: 293.918, floral[k]: -1.19589, zeta[i]: 0.803164, eps[k]: -0.283813, lambda: -7.52768e+25 
Chain 3 dis: 161.484, rho: 2.3137e+129 , theta: 293.918, floral[k]: -1.19589, zeta[i]: 0.391148, eps[k]: -0.283813, lambda: -3.13294e+25 
Chain 3 dis: 62.9436, rho: 2.3137e+129 , theta: 293.918, floral[k]: -1.19589, zeta[i]: -0.675235, eps[k]: -0.283813, lambda: -1.22116e+25 
Chain 3 dis: 225.006, rho: 2.3137e+129 , theta: 293.918, floral[k]: -1.19589, zeta[i]: 1.08047, eps[k]: -0.283813, lambda: -4.3653e+25 
Chain 3 dis: 187.525, rho: 2.3137e+129 , theta: 293.918, floral[k]: -1.19589, zeta[i]: -1.41214, eps[k]: -0.283813, lambda: -3.63814e+25 
Chain 3 dis: 270.538, rho: 2.3137e+129 , theta: 293.918, floral[k]: -1.19589, zeta[i]: 2.0308, eps[k]: -0.283813, lambda: -5.24866e+25 
Chain 3 dis: 219.564, rho: 2.3137e+129 , theta: 293.918, floral[k]: -1.19589, zeta[i]: -0.00234602, eps[k]: -0.283813, lambda: -4.25973e+25 
Chain 3 dis: 91.006, rho: 2.3137e+129 , theta: 293.918, floral[k]: -1.19589, zeta[i]: 1.4971, eps[k]: -0.283813, lambda: -1.76559e+25 
Chain 3 dis: 391.63, rho: 2.3137e+129 , theta: 293.918, floral[k]: -1.19589, zeta[i]: -1.17463, eps[k]: -0.283813, lambda: -7.59796e+25 
Chain 3 dis: 360.886, rho: 2.3137e+129 , theta: 293.918, floral[k]: -1.19589, zeta[i]: 1.36445, eps[k]: -0.283813, lambda: -7.00151e+25 
Chain 3 dis: 51.797, rho: 2.3137e+129 , theta: 293.918, floral[k]: -1.19589, zeta[i]: -0.668516, eps[k]: -0.283813, lambda: -1.00491e+25 
Chain 3 dis: 53.5901, rho: 2.3137e+129 , theta: 293.918, floral[k]: -1.19589, zeta[i]: -1.17736, eps[k]: -0.283813, lambda: -1.03969e+25 
Chain 3 dis: 316.01, rho: 2.3137e+129 , theta: 293.918, floral[k]: -1.19589, zeta[i]: 0.408932, eps[k]: -0.283813, lambda: -6.13087e+25 
Chain 3 dis: 215.416, rho: 2.3137e+129 , theta: 293.918, floral[k]: -1.19589, zeta[i]: -1.7256, eps[k]: -0.283813, lambda: -4.17925e+25 
Chain 3 dis: 187.118, rho: 2.3137e+129 , theta: 293.918, floral[k]: -1.19589, zeta[i]: 0.997627, eps[k]: -0.283813, lambda: -3.63026e+25 
Chain 3 dis: 160.115, rho: 2.3137e+129 , theta: 293.918, floral[k]: -1.19589, zeta[i]: -0.377255, eps[k]: -0.283813, lambda: -3.10637e+25 
Chain 3 dis: 278.985, rho: 2.3137e+129 , theta: 293.918, floral[k]: -1.19589, zeta[i]: -1.88037, eps[k]: -0.283813, lambda: -5.41255e+25 
Chain 3 dis: 346.102, rho: 2.3137e+129 , theta: 293.918, floral[k]: -1.19589, zeta[i]: 0.312508, eps[k]: -0.283813, lambda: -6.71467e+25 
Chain 3 dis: 205.407, rho: 2.3137e+129 , theta: 293.918, floral[k]: -1.19589, zeta[i]: -1.56711, eps[k]: -0.283813, lambda: -3.98507e+25 
Chain 3 dis: 160.7, rho: 2.3137e+129 , theta: 293.918, floral[k]: -1.19589, zeta[i]: -0.570033, eps[k]: -0.283813, lambda: -3.11772e+25 
Chain 3 dis: 309.176, rho: 2.3137e+129 , theta: 293.918, floral[k]: -1.19589, zeta[i]: 1.01014, eps[k]: -0.283813, lambda: -5.99827e+25 
Chain 3 dis: 257.06, rho: 2.3137e+129 , theta: 293.918, floral[k]: -1.19589, zeta[i]: -0.734808, eps[k]: -0.283813, lambda: -4.98719e+25 
Chain 3 dis: 414.433, rho: 2.3137e+129 , theta: 293.918, floral[k]: -1.19589, zeta[i]: 0.519686, eps[k]: -0.283813, lambda: -8.04036e+25 
Chain 3 dis: 317.94, rho: 2.3137e+129 , theta: 293.918, floral[k]: -1.19589, zeta[i]: 0.583656, eps[k]: -0.283813, lambda: -6.16831e+25 
Chain 3 dis: 253.131, rho: 2.3137e+129 , theta: 293.918, floral[k]: -1.19589, zeta[i]: -0.995383, eps[k]: -0.283813, lambda: -4.91095e+25 
Chain 3 dis: 111.55, rho: 2.3137e+129 , theta: 293.918, floral[k]: -1.19589, zeta[i]: 0.166895, eps[k]: -0.283813, lambda: -2.16417e+25 
Chain 3 dis: 398.507, rho: 2.3137e+129 , theta: 293.918, floral[k]: -1.19589, zeta[i]: -0.457397, eps[k]: -0.283813, lambda: -7.73137e+25 
Chain 3 dis: 179.507, rho: 2.3137e+129 , theta: 293.918, floral[k]: -1.19589, zeta[i]: 1.30594, eps[k]: -0.283813, lambda: -3.48259e+25 
Chain 3 dis: 90.7436, rho: 2.3137e+129 , theta: 293.918, floral[k]: -1.19589, zeta[i]: -1.43061, eps[k]: -0.283813, lambda: -1.7605e+25 
Chain 3 dis: 145.321, rho: 2.3137e+129 , theta: 293.918, floral[k]: -1.19589, zeta[i]: 1.37403, eps[k]: -0.283813, lambda: -2.81936e+25 
Chain 3 dis: 391.966, rho: 2.3137e+129 , theta: 293.918, floral[k]: -1.19589, zeta[i]: -1.00723, eps[k]: -0.283813, lambda: -7.60448e+25 
Chain 3 dis: 166.013, rho: 2.3137e+129 , theta: 293.918, floral[k]: -1.19589, zeta[i]: -1.28718, eps[k]: -0.283813, lambda: -3.2208e+25 
Chain 3 dis: 265.47, rho: 2.3137e+129 , theta: 293.918, floral[k]: -1.19589, zeta[i]: 1.85035, eps[k]: -0.283813, lambda: -5.15034e+25 
Chain 3 dis: 418.044, rho: 2.3137e+129 , theta: 293.918, floral[k]: -1.19589, zeta[i]: -0.263833, eps[k]: -0.283813, lambda: -8.11041e+25 
Chain 3 dis: 274.51, rho: 2.3137e+129 , theta: 293.918, floral[k]: -1.19589, zeta[i]: -0.962272, eps[k]: -0.283813, lambda: -5.32574e+25 
Chain 3 dis: 346.605, rho: 2.3137e+129 , theta: 293.918, floral[k]: -1.19589, zeta[i]: -1.50244, eps[k]: -0.283813, lambda: -6.72443e+25 
Chain 3 dis: 214.923, rho: 2.3137e+129 , theta: 293.918, floral[k]: -1.19589, zeta[i]: -0.912977, eps[k]: -0.283813, lambda: -4.1697e+25 
Chain 3 dis: 69.9864, rho: 2.3137e+129 , theta: 293.918, floral[k]: -1.19589, zeta[i]: -1.77006, eps[k]: -0.283813, lambda: -1.3578e+25 
Chain 3 dis: 306.62, rho: 2.3137e+129 , theta: 293.918, floral[k]: -1.19589, zeta[i]: -0.0661711, eps[k]: -0.283813, lambda: -5.94869e+25 
Chain 3 dis: 101.624, rho: 2.3137e+129 , theta: 293.918, floral[k]: -1.19589, zeta[i]: 1.92128, eps[k]: -0.283813, lambda: -1.97159e+25 
Chain 3 dis: 328.809, rho: 2.3137e+129 , theta: 293.918, floral[k]: -1.19589, zeta[i]: 0.775465, eps[k]: -0.283813, lambda: -6.37917e+25 
Chain 3 dis: 321.102, rho: 2.3137e+129 , theta: 293.918, floral[k]: -1.19589, zeta[i]: 1.72519, eps[k]: -0.283813, lambda: -6.22966e+25 
Chain 3 dis: 215.668, rho: 2.3137e+129 , theta: 293.918, floral[k]: -1.19589, zeta[i]: -1.52727, eps[k]: -0.283813, lambda: -4.18414e+25 
Chain 3 dis: 210.198, rho: 2.3137e+129 , theta: 293.918, floral[k]: -1.19589, zeta[i]: -0.651307, eps[k]: -0.283813, lambda: -4.07803e+25 
Chain 3 dis: 390.567, rho: 2.3137e+129 , theta: 293.918, floral[k]: -1.19589, zeta[i]: 0.601032, eps[k]: -0.283813, lambda: -7.57733e+25 
Chain 3 dis: 182.515, rho: 2.3137e+129 , theta: 293.918, floral[k]: -1.19589, zeta[i]: -1.28669, eps[k]: -0.283813, lambda: -3.54096e+25 
Chain 3 dis: 314.4, rho: 2.3137e+129 , theta: 293.918, floral[k]: -1.19589, zeta[i]: -0.278607, eps[k]: -0.283813, lambda: -6.09963e+25 
Chain 3 dis: 378.581, rho: 2.3137e+129 , theta: 293.918, floral[k]: -1.19589, zeta[i]: -0.778427, eps[k]: -0.283813, lambda: -7.3448e+25 
Chain 3 dis: 209.877, rho: 2.3137e+129 , theta: 293.918, floral[k]: -1.19589, zeta[i]: 0.411236, eps[k]: -0.283813, lambda: -4.07178e+25 
Chain 3 dis: 282.644, rho: 2.3137e+129 , theta: 293.918, floral[k]: -1.19589, zeta[i]: 0.230312, eps[k]: -0.283813, lambda: -5.48354e+25 
Chain 3 dis: 305.301, rho: 2.3137e+129 , theta: 293.918, floral[k]: -1.19589, zeta[i]: -0.869404, eps[k]: -0.283813, lambda: -5.92311e+25 
Chain 3 dis: 339.731, rho: 2.3137e+129 , theta: 293.918, floral[k]: -1.19589, zeta[i]: 0.02466, eps[k]: -0.283813, lambda: -6.59107e+25 
Chain 3 dis: 308.26, rho: 2.3137e+129 , theta: 293.918, floral[k]: -1.19589, zeta[i]: 1.72758, eps[k]: -0.283813, lambda: -5.9805e+25 
Chain 3 dis: 297.856, rho: 2.3137e+129 , theta: 293.918, floral[k]: -1.19589, zeta[i]: 0.480549, eps[k]: -0.283813, lambda: -5.77866e+25 
Chain 3 dis: 267.807, rho: 2.3137e+129 , theta: 293.918, floral[k]: -1.19589, zeta[i]: -1.66649, eps[k]: -0.283813, lambda: -5.19569e+25 
Chain 3 dis: 338.044, rho: 2.3137e+129 , theta: 293.918, floral[k]: -1.19589, zeta[i]: -1.06377, eps[k]: -0.283813, lambda: -6.55834e+25 
Chain 3 dis: 211.513, rho: 2.3137e+129 , theta: 293.918, floral[k]: -1.19589, zeta[i]: 1.67332, eps[k]: -0.283813, lambda: -4.10354e+25 
Chain 3 dis: 277.537, rho: 2.3137e+129 , theta: 293.918, floral[k]: -1.19589, zeta[i]: 0.735517, eps[k]: -0.283813, lambda: -5.38445e+25 
Chain 3 dis: 224.865, rho: 2.3137e+129 , theta: 293.918, floral[k]: -1.19589, zeta[i]: 1.91343, eps[k]: -0.283813, lambda: -4.36256e+25 
Chain 3 dis: 383.218, rho: 2.3137e+129 , theta: 293.918, floral[k]: -1.19589, zeta[i]: -1.83977, eps[k]: -0.283813, lambda: -7.43476e+25 
Chain 3 dis: 235.805, rho: 2.3137e+129 , theta: 293.918, floral[k]: -1.19589, zeta[i]: 0.848056, eps[k]: -0.283813, lambda: -4.57481e+25 
Chain 3 dis: 266.753, rho: 2.3137e+129 , theta: 293.918, floral[k]: -1.19589, zeta[i]: 0.362359, eps[k]: -0.283813, lambda: -5.17524e+25 
Chain 3 dis: 291.672, rho: 2.3137e+129 , theta: 293.918, floral[k]: -1.19589, zeta[i]: -1.08914, eps[k]: -0.283813, lambda: -5.65869e+25 
Chain 3 dis: 250.365, rho: 2.3137e+129 , theta: 293.918, floral[k]: -1.19589, zeta[i]: 1.40976, eps[k]: -0.283813, lambda: -4.8573e+25 
Chain 3 dis: 254.191, rho: 2.3137e+129 , theta: 293.918, floral[k]: -1.19589, zeta[i]: 0.293317, eps[k]: -0.283813, lambda: -4.93152e+25 
Chain 3 dis: 373.147, rho: 2.3137e+129 , theta: 293.918, floral[k]: -1.19589, zeta[i]: -0.497901, eps[k]: -0.283813, lambda: -7.23938e+25 
Chain 3 dis: 286.713, rho: 2.3137e+129 , theta: 293.918, floral[k]: -1.19589, zeta[i]: 0.975608, eps[k]: -0.283813, lambda: -5.56248e+25 
Chain 3 dis: 309.3, rho: 2.3137e+129 , theta: 293.918, floral[k]: -1.19589, zeta[i]: -1.38852, eps[k]: -0.283813, lambda: -6.00069e+25 
Chain 3 dis: 311.673, rho: 2.3137e+129 , theta: 293.918, floral[k]: -1.19589, zeta[i]: 0.759931, eps[k]: -0.283813, lambda: -6.04672e+25 
Chain 3 dis: 50.171, rho: 2.3137e+129 , theta: 293.918, floral[k]: -1.19589, zeta[i]: -1.41196, eps[k]: -0.283813, lambda: -9.7336e+24 
Chain 3 dis: 244.138, rho: 2.3137e+129 , theta: 293.918, floral[k]: -1.19589, zeta[i]: -0.4721, eps[k]: -0.283813, lambda: -4.73649e+25 
Chain 3 dis: 313.638, rho: 2.3137e+129 , theta: 293.918, floral[k]: -1.19589, zeta[i]: 1.53381, eps[k]: -0.283813, lambda: -6.08485e+25 
Chain 3 dis: 289.723, rho: 2.3137e+129 , theta: 293.918, floral[k]: -1.19589, zeta[i]: 1.0057, eps[k]: -0.283813, lambda: -5.62087e+25 
Chain 3 dis: 307.465, rho: 2.3137e+129 , theta: 293.918, floral[k]: -1.19589, zeta[i]: -1.80352, eps[k]: -0.283813, lambda: -5.96508e+25 
Chain 3 dis: 299.945, rho: 2.3137e+129 , theta: 293.918, floral[k]: -1.19589, zeta[i]: 0.0571322, eps[k]: -0.283813, lambda: -5.81919e+25 
Chain 3 dis: 320.983, rho: 2.3137e+129 , theta: 293.918, floral[k]: -1.19589, zeta[i]: 1.18699, eps[k]: -0.283813, lambda: -6.22734e+25 
Chain 3 dis: 323.22, rho: 2.3137e+129 , theta: 293.918, floral[k]: -1.19589, zeta[i]: -0.317449, eps[k]: -0.283813, lambda: -6.27074e+25 
Chain 3 dis: 136.366, rho: 2.3137e+129 , theta: 293.918, floral[k]: -1.19589, zeta[i]: -1.46649, eps[k]: -0.283813, lambda: -2.64562e+25 
Chain 3 dis: 360.25, rho: 2.3137e+129 , theta: 293.918, floral[k]: -1.19589, zeta[i]: 1.35673, eps[k]: -0.283813, lambda: -6.98916e+25 
Chain 3 dis: 360.434, rho: 2.3137e+129 , theta: 293.918, floral[k]: -1.19589, zeta[i]: -1.11296, eps[k]: -0.283813, lambda: -6.99274e+25 
Chain 3 dis: 247.42, rho: 2.3137e+129 , theta: 293.918, floral[k]: -1.19589, zeta[i]: -1.60112, eps[k]: -0.283813, lambda: -4.80016e+25 
Chain 3 dis: 188.075, rho: 2.3137e+129 , theta: 293.918, floral[k]: -1.19589, zeta[i]: -1.39053, eps[k]: -0.283813, lambda: -3.64882e+25 
Chain 3 dis: 155.269, rho: 2.3137e+129 , theta: 293.918, floral[k]: -1.19589, zeta[i]: 1.15454, eps[k]: -0.283813, lambda: -3.01235e+25 
Chain 3 dis: 282.534, rho: 2.3137e+129 , theta: 293.918, floral[k]: -1.19589, zeta[i]: 0.867624, eps[k]: -0.283813, lambda: -5.48141e+25 
Chain 3 dis: 130.875, rho: 2.3137e+129 , theta: 293.918, floral[k]: -1.19589, zeta[i]: -1.52284, eps[k]: -0.283813, lambda: -2.53909e+25 
Chain 3 dis: 353.369, rho: 2.3137e+129 , theta: 293.918, floral[k]: -1.19589, zeta[i]: -0.568483, eps[k]: -0.283813, lambda: -6.85565e+25 
Chain 3 dis: 278.268, rho: 2.3137e+129 , theta: 293.918, floral[k]: -1.19589, zeta[i]: 1.09922, eps[k]: -0.283813, lambda: -5.39864e+25 
Chain 3 dis: 207.517, rho: 2.3137e+129 , theta: 293.918, floral[k]: -1.19589, zeta[i]: -1.29556, eps[k]: -0.283813, lambda: -4.02601e+25 
Chain 3 dis: 410.735, rho: 2.3137e+129 , theta: 293.918, floral[k]: -1.19589, zeta[i]: 1.44826, eps[k]: -0.283813, lambda: -7.96862e+25 
Chain 3 dis: 258.96, rho: 2.3137e+129 , theta: 293.918, floral[k]: -1.19589, zeta[i]: 1.29116, eps[k]: -0.283813, lambda: -5.02405e+25 
Chain 3 dis: 127.601, rho: 2.3137e+129 , theta: 293.918, floral[k]: -1.19589, zeta[i]: -0.622824, eps[k]: -0.283813, lambda: -2.47558e+25 
Chain 3 dis: 404.039, rho: 2.3137e+129 , theta: 293.918, floral[k]: -1.19589, zeta[i]: 0.238236, eps[k]: -0.283813, lambda: -7.83871e+25 
Chain 3 dis: 167.824, rho: 2.3137e+129 , theta: 293.918, floral[k]: -1.19589, zeta[i]: 0.479403, eps[k]: -0.283813, lambda: -3.25594e+25 
Chain 3 dis: 100.597, rho: 2.3137e+129 , theta: 293.918, floral[k]: -1.19589, zeta[i]: -0.8977, eps[k]: -0.283813, lambda: -1.95167e+25 
Chain 3 dis: 450.746, rho: 2.3137e+129 , theta: 293.918, floral[k]: -1.19589, zeta[i]: -1.11983, eps[k]: -0.283813, lambda: -8.74486e+25 
Chain 3 dis: 226.17, rho: 2.3137e+129 , theta: 293.918, floral[k]: -1.19589, zeta[i]: -0.0807704, eps[k]: -0.283813, lambda: -4.38789e+25 
Chain 3 dis: 144.137, rho: 2.3137e+129 , theta: 293.918, floral[k]: -1.19589, zeta[i]: 0.52934, eps[k]: -0.283813, lambda: -2.79639e+25 
Chain 3 dis: 378.476, rho: 2.3137e+129 , theta: 293.918, floral[k]: -1.19589, zeta[i]: -0.606183, eps[k]: -0.283813, lambda: -7.34276e+25 
Chain 3 dis: 111.38, rho: 2.3137e+129 , theta: 293.918, floral[k]: -1.19589, zeta[i]: 1.39357, eps[k]: -0.283813, lambda: -2.16087e+25 
Chain 3 dis: 244.257, rho: 2.3137e+129 , theta: 293.918, floral[k]: -1.19589, zeta[i]: -1.45944, eps[k]: -0.283813, lambda: -4.73879e+25 
Chain 3 dis: 208.276, rho: 2.3137e+129 , theta: 293.918, floral[k]: -1.19589, zeta[i]: -1.90687, eps[k]: -0.283813, lambda: -4.04074e+25 
Chain 3 dis: 302.278, rho: 2.3137e+129 , theta: 293.918, floral[k]: -1.19589, zeta[i]: 0.723534, eps[k]: -0.283813, lambda: -5.86445e+25 
Chain 3 dis: 41.4795, rho: 2.3137e+129 , theta: 293.918, floral[k]: -1.19589, zeta[i]: 1.0395, eps[k]: -0.283813, lambda: -8.04739e+24 
Chain 3 dis: 278.666, rho: 2.3137e+129 , theta: 293.918, floral[k]: -1.19589, zeta[i]: -0.58888, eps[k]: -0.283813, lambda: -5.40635e+25 
Chain 3 dis: 123.81, rho: 2.3137e+129 , theta: 293.918, floral[k]: -1.19589, zeta[i]: -1.25266, eps[k]: -0.283813, lambda: -2.40203e+25 
Chain 3 dis: 467.333, rho: 2.3137e+129 , theta: 293.918, floral[k]: -1.19589, zeta[i]: -0.27967, eps[k]: -0.283813, lambda: -9.06666e+25 
Chain 3 dis: 430.673, rho: 2.3137e+129 , theta: 293.918, floral[k]: -1.19589, zeta[i]: 0.115836, eps[k]: -0.283813, lambda: -8.35544e+25 
Chain 3 dis: 86.1161, rho: 2.3137e+129 , theta: 293.918, floral[k]: -1.19589, zeta[i]: -0.713437, eps[k]: -0.283813, lambda: -1.67073e+25 
Chain 3 dis: 114.833, rho: 2.3137e+129 , theta: 293.918, floral[k]: -1.19589, zeta[i]: -0.0892801, eps[k]: -0.283813, lambda: -2.22785e+25 
Chain 3 dis: 192.059, rho: 2.3137e+129 , theta: 293.918, floral[k]: -1.19589, zeta[i]: -1.36888, eps[k]: -0.283813, lambda: -3.72611e+25 
Chain 3 dis: 120.254, rho: 2.3137e+129 , theta: 293.918, floral[k]: -1.19589, zeta[i]: 1.07039, eps[k]: -0.283813, lambda: -2.33304e+25 
Chain 3 dis: 359.644, rho: 2.3137e+129 , theta: 293.918, floral[k]: -1.19589, zeta[i]: 0.0432652, eps[k]: -0.283813, lambda: -6.9774e+25 
Chain 3 dis: 205.625, rho: 2.3137e+129 , theta: 293.918, floral[k]: -1.19589, zeta[i]: -1.36449, eps[k]: -0.283813, lambda: -3.98931e+25 
Chain 3 dis: 180.355, rho: 2.3137e+129 , theta: 293.918, floral[k]: -1.19589, zeta[i]: 0.75476, eps[k]: -0.283813, lambda: -3.49905e+25 
Chain 3 dis: 114.496, rho: 2.3137e+129 , theta: 293.918, floral[k]: -1.19589, zeta[i]: -0.882425, eps[k]: -0.283813, lambda: -2.22133e+25 
Chain 3 dis: 163.288, rho: 2.3137e+129 , theta: 293.918, floral[k]: -1.19589, zeta[i]: -1.23159, eps[k]: -0.283813, lambda: -3.16793e+25 
Chain 3 dis: 389.161, rho: 2.3137e+129 , theta: 293.918, floral[k]: -1.19589, zeta[i]: 0.26666, eps[k]: -0.283813, lambda: -7.55006e+25 
Chain 3 dis: 132.523, rho: 2.3137e+129 , theta: 293.918, floral[k]: -1.19589, zeta[i]: -0.220096, eps[k]: -0.283813, lambda: -2.57106e+25 
Chain 3 dis: 158.346, rho: 2.3137e+129 , theta: 293.918, floral[k]: -1.19589, zeta[i]: 0.0859885, eps[k]: -0.283813, lambda: -3.07205e+25 
Chain 3 dis: 348.4, rho: 2.3137e+129 , theta: 293.918, floral[k]: -1.19589, zeta[i]: -1.9223, eps[k]: -0.283813, lambda: -6.75926e+25 
Chain 3 dis: 92.2412, rho: 2.3137e+129 , theta: 293.918, floral[k]: -1.19589, zeta[i]: -1.15975, eps[k]: -0.283813, lambda: -1.78956e+25 
Chain 3 dis: 64.5252, rho: 2.3137e+129 , theta: 293.918, floral[k]: -1.19589, zeta[i]: 1.26519, eps[k]: -0.283813, lambda: -1.25184e+25 
Chain 3 dis: 202.31, rho: 2.3137e+129 , theta: 293.918, floral[k]: -1.19589, zeta[i]: 1.81307, eps[k]: -0.283813, lambda: -3.92499e+25 
Chain 3 dis: 308.302, rho: 2.3137e+129 , theta: 293.918, floral[k]: -1.19589, zeta[i]: -0.480812, eps[k]: -0.283813, lambda: -5.98132e+25 
Chain 3 dis: 66.6636, rho: 2.3137e+129 , theta: 293.918, floral[k]: -1.19589, zeta[i]: 1.63235, eps[k]: -0.283813, lambda: -1.29333e+25 
Chain 3 dis: 342.896, rho: 2.3137e+129 , theta: 293.918, floral[k]: -1.19589, zeta[i]: 0.330769, eps[k]: -0.283813, lambda: -6.65247e+25 
Chain 3 dis: 336.738, rho: 2.3137e+129 , theta: 293.918, floral[k]: -1.19589, zeta[i]: -1.42281, eps[k]: -0.283813, lambda: -6.53301e+25 
Chain 3 dis: 413.507, rho: 2.3137e+129 , theta: 293.918, floral[k]: -1.19589, zeta[i]: 1.84145, eps[k]: -0.283813, lambda: -8.02239e+25 
Chain 3 dis: 316.683, rho: 2.3137e+129 , theta: 293.918, floral[k]: -1.19589, zeta[i]: 0.0119165, eps[k]: -0.283813, lambda: -6.14392e+25 
Chain 3 dis: 91.7572, rho: 2.3137e+129 , theta: 293.918, floral[k]: -1.19589, zeta[i]: -0.000594365, eps[k]: -0.283813, lambda: -1.78017e+25 
Chain 3 dis: 177.542, rho: 2.3137e+129 , theta: 293.918, floral[k]: -1.19589, zeta[i]: -0.585896, eps[k]: -0.283813, lambda: -3.44447e+25 
Chain 3 dis: 212.126, rho: 2.3137e+129 , theta: 293.918, floral[k]: -1.19589, zeta[i]: -0.702999, eps[k]: -0.283813, lambda: -4.11542e+25 
Chain 3 dis: 74.1819, rho: 2.3137e+129 , theta: 293.918, floral[k]: -1.19589, zeta[i]: -0.98227, eps[k]: -0.283813, lambda: -1.43919e+25 
Chain 3 dis: 347.807, rho: 2.3137e+129 , theta: 293.918, floral[k]: -1.19589, zeta[i]: -0.0242247, eps[k]: -0.283813, lambda: -6.74775e+25 
Chain 3 dis: 349.012, rho: 2.3137e+129 , theta: 293.918, floral[k]: -1.19589, zeta[i]: -0.318256, eps[k]: -0.283813, lambda: -6.77112e+25 
Chain 3 dis: 414.624, rho: 2.3137e+129 , theta: 293.918, floral[k]: -1.19589, zeta[i]: 1.0501, eps[k]: -0.283813, lambda: -8.04406e+25 
Chain 3 dis: 184.041, rho: 2.3137e+129 , theta: 293.918, floral[k]: -1.19589, zeta[i]: 1.4961, eps[k]: -0.283813, lambda: -3.57056e+25 
Chain 3 dis: 313.973, rho: 2.3137e+129 , theta: 293.918, floral[k]: -1.19589, zeta[i]: 0.0917531, eps[k]: -0.283813, lambda: -6.09134e+25 
Chain 3 dis: 305.142, rho: 2.3137e+129 , theta: 293.918, floral[k]: -1.19589, zeta[i]: -1.00867, eps[k]: -0.283813, lambda: -5.92002e+25 
Chain 3 dis: 32.895, rho: 2.3137e+129 , theta: 293.918, floral[k]: -1.19589, zeta[i]: 0.340292, eps[k]: -0.283813, lambda: -6.38192e+24 
Chain 3 dis: 301.492, rho: 2.3137e+129 , theta: 293.918, floral[k]: -1.19589, zeta[i]: 1.73115, eps[k]: -0.283813, lambda: -5.84921e+25 
Chain 3 dis: 193.436, rho: 2.3137e+129 , theta: 293.918, floral[k]: -1.19589, zeta[i]: 0.192576, eps[k]: -0.283813, lambda: -3.75283e+25 
Chain 3 dis: 419.367, rho: 2.3137e+129 , theta: 293.918, floral[k]: -1.19589, zeta[i]: -1.90082, eps[k]: -0.283813, lambda: -8.13608e+25 
Chain 3 dis: 289.532, rho: 2.3137e+129 , theta: 293.918, floral[k]: -1.19589, zeta[i]: 1.89602, eps[k]: -0.283813, lambda: -5.61717e+25 
Chain 3 dis: 424.779, rho: 2.3137e+129 , theta: 293.918, floral[k]: -1.19589, zeta[i]: -1.96473, eps[k]: -0.283813, lambda: -8.24109e+25 
Chain 3 dis: 223.665, rho: 2.3137e+129 , theta: 293.918, floral[k]: -1.19589, zeta[i]: -1.33083, eps[k]: -0.283813, lambda: -4.33929e+25 
Chain 3 dis: 166.737, rho: 2.3137e+129 , theta: 293.918, floral[k]: -1.19589, zeta[i]: -1.14139, eps[k]: -0.283813, lambda: -3.23484e+25 
Chain 3 dis: 314.569, rho: 2.3137e+129 , theta: 293.918, floral[k]: -1.19589, zeta[i]: 1.62598, eps[k]: -0.283813, lambda: -6.10291e+25 
Chain 3 dis: 312.227, rho: 2.3137e+129 , theta: 293.918, floral[k]: -1.19589, zeta[i]: -0.34904, eps[k]: -0.283813, lambda: -6.05748e+25 
Chain 3 dis: 331.819, rho: 2.3137e+129 , theta: 293.918, floral[k]: -1.19589, zeta[i]: 0.55639, eps[k]: -0.283813, lambda: -6.43757e+25 
Chain 3 dis: 130.33, rho: 2.3137e+129 , theta: 293.918, floral[k]: -1.19589, zeta[i]: 0.0354721, eps[k]: -0.283813, lambda: -2.52851e+25 
Chain 3 dis: 163.039, rho: 2.3137e+129 , theta: 293.918, floral[k]: -1.19589, zeta[i]: -1.60259, eps[k]: -0.283813, lambda: -3.16309e+25 
Chain 3 dis: 140.796, rho: 2.3137e+129 , theta: 293.918, floral[k]: -1.19589, zeta[i]: -1.55319, eps[k]: -0.283813, lambda: -2.73156e+25 
Chain 3 dis: 319.428, rho: 2.3137e+129 , theta: 293.918, floral[k]: -1.19589, zeta[i]: 0.00352135, eps[k]: -0.283813, lambda: -6.19718e+25 
Chain 3 dis: 110.527, rho: 2.3137e+129 , theta: 293.918, floral[k]: -1.19589, zeta[i]: -1.84669, eps[k]: -0.283813, lambda: -2.14431e+25 
Chain 3 dis: 266.912, rho: 2.3137e+129 , theta: 293.918, floral[k]: -1.19589, zeta[i]: -1.54885, eps[k]: -0.283813, lambda: -5.17833e+25 
Chain 3 dis: 323.626, rho: 2.3137e+129 , theta: 293.918, floral[k]: -1.19589, zeta[i]: 0.190537, eps[k]: -0.283813, lambda: -6.27863e+25 
Chain 3 dis: 70.5345, rho: 2.3137e+129 , theta: 293.918, floral[k]: -1.19589, zeta[i]: -0.962975, eps[k]: -0.283813, lambda: -1.36843e+25 
Chain 3 dis: 32.56, rho: 2.3137e+129 , theta: 293.918, floral[k]: -1.19589, zeta[i]: -1.76819, eps[k]: -0.283813, lambda: -6.31692e+24 
Chain 3 dis: 401.395, rho: 2.3137e+129 , theta: 293.918, floral[k]: -1.19589, zeta[i]: -1.50777, eps[k]: -0.283813, lambda: -7.7874e+25 
Chain 3 dis: 96.3113, rho: 2.3137e+129 , theta: 293.918, floral[k]: -1.19589, zeta[i]: 0.880783, eps[k]: -0.283813, lambda: -1.86852e+25 
Chain 3 dis: 169.837, rho: 2.3137e+129 , theta: 293.918, floral[k]: -1.19589, zeta[i]: -1.29136, eps[k]: -0.283813, lambda: -3.29498e+25 
Chain 3 dis: 199.955, rho: 2.3137e+129 , theta: 293.918, floral[k]: -1.19589, zeta[i]: 0.121604, eps[k]: -0.283813, lambda: -3.8793e+25 
Chain 3 dis: 353.934, rho: 2.3137e+129 , theta: 293.918, floral[k]: -1.19589, zeta[i]: 1.93205, eps[k]: -0.283813, lambda: -6.86662e+25 
Chain 3 dis: 405.803, rho: 2.3137e+129 , theta: 293.918, floral[k]: -1.19589, zeta[i]: 0.205967, eps[k]: -0.283813, lambda: -7.87292e+25 
Chain 3 dis: 61.9104, rho: 2.3137e+129 , theta: 293.918, floral[k]: -1.19589, zeta[i]: 0.554379, eps[k]: -0.283813, lambda: -1.20112e+25 
Chain 3 dis: 75.9308, rho: 2.3137e+129 , theta: 293.918, floral[k]: -1.19589, zeta[i]: -1.46278, eps[k]: -0.283813, lambda: -1.47312e+25 
Chain 3 dis: 154.7, rho: 2.3137e+129 , theta: 293.918, floral[k]: -1.19589, zeta[i]: -0.0421818, eps[k]: -0.283813, lambda: -3.00132e+25 
Chain 3 dis: 225.046, rho: 2.3137e+129 , theta: 293.918, floral[k]: -1.19589, zeta[i]: 1.15522, eps[k]: -0.283813, lambda: -4.36609e+25 
Chain 3 dis: 235.935, rho: 2.3137e+129 , theta: 293.918, floral[k]: -1.19589, zeta[i]: -1.13077, eps[k]: -0.283813, lambda: -4.57735e+25 
Chain 3 dis: 331.724, rho: 2.3137e+129 , theta: 293.918, floral[k]: -1.19589, zeta[i]: 1.24861, eps[k]: -0.283813, lambda: -6.43572e+25 
Chain 3 dis: 243.946, rho: 2.3137e+129 , theta: 293.918, floral[k]: -1.19589, zeta[i]: 0.511661, eps[k]: -0.283813, lambda: -4.73276e+25 
Chain 3 dis: 390.872, rho: 2.3137e+129 , theta: 293.918, floral[k]: -1.19589, zeta[i]: -0.810491, eps[k]: -0.283813, lambda: -7.58325e+25 
Chain 3 dis: 152.231, rho: 2.3137e+129 , theta: 293.918, floral[k]: -1.19589, zeta[i]: -0.309626, eps[k]: -0.283813, lambda: -2.95342e+25 
Chain 3 dis: 301.4, rho: 2.3137e+129 , theta: 293.918, floral[k]: -1.19589, zeta[i]: -1.00451, eps[k]: -0.283813, lambda: -5.84743e+25 
Chain 3 dis: 425.323, rho: 2.3137e+129 , theta: 293.918, floral[k]: -1.19589, zeta[i]: -1.0104, eps[k]: -0.283813, lambda: -8.25163e+25 
Chain 3 dis: 266.098, rho: 2.3137e+129 , theta: 293.918, floral[k]: -1.19589, zeta[i]: 2.01228, eps[k]: -0.283813, lambda: -5.16254e+25 
Chain 3 dis: 267.388, rho: 2.3137e+129 , theta: 293.918, floral[k]: -1.19589, zeta[i]: -1.69586, eps[k]: -0.283813, lambda: -5.18755e+25 
Chain 3 dis: 337.652, rho: 2.3137e+129 , theta: 293.918, floral[k]: -1.19589, zeta[i]: -0.516492, eps[k]: -0.283813, lambda: -6.55074e+25 
Chain 3 dis: 307.026, rho: 2.3137e+129 , theta: 293.918, floral[k]: -1.19589, zeta[i]: -0.749885, eps[k]: -0.283813, lambda: -5.95656e+25 
Chain 3 dis: 89.8424, rho: 2.3137e+129 , theta: 293.918, floral[k]: -1.19589, zeta[i]: 1.49063, eps[k]: -0.283813, lambda: -1.74302e+25 
Chain 3 dis: 207.678, rho: 2.3137e+129 , theta: 293.918, floral[k]: -1.19589, zeta[i]: 0.994824, eps[k]: -0.283813, lambda: -4.02913e+25 
Chain 3 dis: 285.236, rho: 2.3137e+129 , theta: 293.918, floral[k]: -1.19589, zeta[i]: -1.71904, eps[k]: -0.283813, lambda: -5.53382e+25 
Chain 3 dis: 126.644, rho: 2.3137e+129 , theta: 293.918, floral[k]: -1.19589, zeta[i]: -0.547766, eps[k]: -0.283813, lambda: -2.457e+25 
Chain 3 dis: 272.789, rho: 2.3137e+129 , theta: 293.918, floral[k]: -1.19589, zeta[i]: 0.72662, eps[k]: -0.283813, lambda: -5.29234e+25 
Chain 3 dis: 181.794, rho: 2.3137e+129 , theta: 293.918, floral[k]: -1.19589, zeta[i]: -0.869211, eps[k]: -0.283813, lambda: -3.52697e+25 
Chain 3 dis: 132.54, rho: 2.3137e+129 , theta: 293.918, floral[k]: -1.19589, zeta[i]: 1.87882, eps[k]: -0.283813, lambda: -2.5714e+25 
Chain 3 dis: 70.2608, rho: 2.3137e+129 , theta: 293.918, floral[k]: -1.19589, zeta[i]: -0.477446, eps[k]: -0.283813, lambda: -1.36312e+25 
Chain 3 dis: 25.9839, rho: 2.3137e+129 , theta: 293.918, floral[k]: -1.19589, zeta[i]: 1.47357, eps[k]: -0.283813, lambda: -5.04109e+24 
Chain 3 dis: 166.928, rho: 2.3137e+129 , theta: 293.918, floral[k]: -1.19589, zeta[i]: 0.0261429, eps[k]: -0.283813, lambda: -3.23855e+25 
Chain 3 dis: 164.557, rho: 2.3137e+129 , theta: 293.918, floral[k]: -1.19589, zeta[i]: 1.45018, eps[k]: -0.283813, lambda: -3.19255e+25 
Chain 3 dis: 88.6968, rho: 2.3137e+129 , theta: 293.918, floral[k]: -1.19589, zeta[i]: 0.119388, eps[k]: -0.283813, lambda: -1.72079e+25 
Chain 3 dis: 282.642, rho: 2.3137e+129 , theta: 293.918, floral[k]: -1.19589, zeta[i]: 1.70555, eps[k]: -0.283813, lambda: -5.48351e+25 
Chain 3 dis: 68.7195, rho: 2.3137e+129 , theta: 293.918, floral[k]: -1.19589, zeta[i]: -1.41575, eps[k]: -0.283813, lambda: -1.33322e+25 
Chain 3 dis: 407.882, rho: 2.3137e+129 , theta: 293.918, floral[k]: -1.19589, zeta[i]: 0.42554, eps[k]: -0.283813, lambda: -7.91326e+25 
Chain 3 dis: 257.665, rho: 2.3137e+129 , theta: 293.918, floral[k]: -1.19589, zeta[i]: 1.40154, eps[k]: -0.283813, lambda: -4.99892e+25 
Chain 3 dis: 220.11, rho: 2.3137e+129 , theta: 293.918, floral[k]: -1.19589, zeta[i]: -1.09493, eps[k]: -0.283813, lambda: -4.27033e+25 
Chain 3 dis: 239.769, rho: 2.3137e+129 , theta: 293.918, floral[k]: -1.19589, zeta[i]: 1.05087, eps[k]: -0.283813, lambda: -4.65172e+25 
Chain 3 dis: 360.045, rho: 2.3137e+129 , theta: 293.918, floral[k]: -1.19589, zeta[i]: -0.0669146, eps[k]: -0.283813, lambda: -6.98519e+25 
Chain 3 dis: 135.555, rho: 2.3137e+129 , theta: 293.918, floral[k]: -1.19589, zeta[i]: -0.463798, eps[k]: -0.283813, lambda: -2.62988e+25 
Chain 3 dis: 435.383, rho: 2.3137e+129 , theta: 293.918, floral[k]: -1.19589, zeta[i]: -1.4258, eps[k]: -0.283813, lambda: -8.44681e+25 
Chain 3 dis: 344.721, rho: 2.3137e+129 , theta: 293.918, floral[k]: -1.19589, zeta[i]: -0.424151, eps[k]: -0.283813, lambda: -6.68788e+25 
Chain 3 dis: 126.153, rho: 2.3137e+129 , theta: 293.918, floral[k]: -1.19589, zeta[i]: 0.465868, eps[k]: -0.283813, lambda: -2.44747e+25 
Chain 3 dis: 295.653, rho: 2.3137e+129 , theta: 293.918, floral[k]: -1.19589, zeta[i]: 0.80968, eps[k]: -0.283813, lambda: -5.73592e+25 
Chain 3 dis: 184.587, rho: 2.3137e+129 , theta: 293.918, floral[k]: -1.19589, zeta[i]: -0.182141, eps[k]: -0.283813, lambda: -3.58114e+25 
Chain 3 dis: 448.636, rho: 2.3137e+129 , theta: 293.918, floral[k]: -1.19589, zeta[i]: -1.27243, eps[k]: -0.283813, lambda: -8.70392e+25 
Chain 3 dis: 398.465, rho: 2.3137e+129 , theta: 293.918, floral[k]: -1.19589, zeta[i]: 1.45272, eps[k]: -0.283813, lambda: -7.73055e+25 
Chain 3 dis: 297.534, rho: 2.3137e+129 , theta: 293.918, floral[k]: -1.19589, zeta[i]: -0.209477, eps[k]: -0.283813, lambda: -5.77242e+25 
Chain 3 dis: 176.013, rho: 2.3137e+129 , theta: 293.918, floral[k]: -1.19589, zeta[i]: -1.78931, eps[k]: -0.283813, lambda: -3.4148e+25 
Chain 3 dis: 166.906, rho: 2.3137e+129 , theta: 293.918, floral[k]: -1.19589, zeta[i]: 0.533498, eps[k]: -0.283813, lambda: -3.23812e+25 
Chain 3 dis: 388.51, rho: 2.3137e+129 , theta: 293.918, floral[k]: -1.19589, zeta[i]: -0.489019, eps[k]: -0.283813, lambda: -7.53743e+25 
Chain 3 dis: 70.471, rho: 2.3137e+129 , theta: 293.918, floral[k]: -1.19589, zeta[i]: -0.585925, eps[k]: -0.283813, lambda: -1.3672e+25 
Chain 3 dis: 296.835, rho: 2.3137e+129 , theta: 293.918, floral[k]: -1.19589, zeta[i]: 1.61922, eps[k]: -0.283813, lambda: -5.75885e+25 
Chain 3 dis: 229.728, rho: 2.3137e+129 , theta: 293.918, floral[k]: -1.19589, zeta[i]: 0.308153, eps[k]: -0.283813, lambda: -4.45692e+25 
Chain 3 dis: 231.709, rho: 2.3137e+129 , theta: 293.918, floral[k]: -1.19589, zeta[i]: -1.50625, eps[k]: -0.283813, lambda: -4.49536e+25 
Chain 3 dis: 352.613, rho: 2.3137e+129 , theta: 293.918, floral[k]: -1.19589, zeta[i]: 0.803205, eps[k]: -0.283813, lambda: -6.84099e+25 
Chain 3 dis: 72.3913, rho: 2.3137e+129 , theta: 293.918, floral[k]: -1.19589, zeta[i]: 1.574, eps[k]: -0.283813, lambda: -1.40445e+25 
Chain 3 dis: 333.769, rho: 2.3137e+129 , theta: 293.918, floral[k]: -1.19589, zeta[i]: 1.68068, eps[k]: -0.283813, lambda: -6.47541e+25 
Chain 3 dis: 316.453, rho: 2.3137e+129 , theta: 293.918, floral[k]: -1.19589, zeta[i]: 1.73495, eps[k]: -0.283813, lambda: -6.13946e+25 
Chain 3 dis: 61.6057, rho: 2.3137e+129 , theta: 293.918, floral[k]: -1.19589, zeta[i]: -1.50941, eps[k]: -0.283813, lambda: -1.1952e+25 
Chain 3 dis: 244.35, rho: 2.3137e+129 , theta: 293.918, floral[k]: -1.19589, zeta[i]: 0.107863, eps[k]: -0.283813, lambda: -4.74059e+25 
Chain 3 dis: 273.217, rho: 2.3137e+129 , theta: 293.918, floral[k]: -1.19589, zeta[i]: -0.279852, eps[k]: -0.283813, lambda: -5.30065e+25 
Chain 3 dis: 265.743, rho: 2.3137e+129 , theta: 293.918, floral[k]: -1.19589, zeta[i]: -1.02285, eps[k]: -0.283813, lambda: -5.15565e+25 
Chain 3 dis: 33.7832, rho: 2.3137e+129 , theta: 293.918, floral[k]: -1.19589, zeta[i]: 0.528947, eps[k]: -0.283813, lambda: -6.55424e+24 
Chain 3 dis: 377.944, rho: 2.3137e+129 , theta: 293.918, floral[k]: -1.19589, zeta[i]: 1.50311, eps[k]: -0.283813, lambda: -7.33244e+25 
Chain 3 dis: 194.587, rho: 2.3137e+129 , theta: 293.918, floral[k]: -1.19589, zeta[i]: -0.91552, eps[k]: -0.283813, lambda: -3.77516e+25 
Chain 3 dis: 129.558, rho: 2.3137e+129 , theta: 293.918, floral[k]: -1.19589, zeta[i]: -1.54724, eps[k]: -0.283813, lambda: -2.51354e+25 
Chain 3 dis: 231.405, rho: 2.3137e+129 , theta: 293.918, floral[k]: -1.19589, zeta[i]: 1.53989, eps[k]: -0.283813, lambda: -4.48946e+25 
Chain 3 Iteration:    1 / 6000 [  0%]  (Warmup) 
Chain 4 Iteration:    1 / 6000 [  0%]  (Warmup) 
Chain 1 Iteration:  100 / 6000 [  1%]  (Warmup) 
Chain 2 Iteration:  100 / 6000 [  1%]  (Warmup) 
Chain 4 Iteration:  100 / 6000 [  1%]  (Warmup) 
Chain 1 Iteration:  200 / 6000 [  3%]  (Warmup) 
Chain 2 Iteration:  200 / 6000 [  3%]  (Warmup) 
Chain 3 Iteration:  100 / 6000 [  1%]  (Warmup) 
Chain 4 Iteration:  200 / 6000 [  3%]  (Warmup) 
Chain 1 Iteration:  300 / 6000 [  5%]  (Warmup) 
Chain 2 Iteration:  300 / 6000 [  5%]  (Warmup) 
Chain 4 Iteration:  300 / 6000 [  5%]  (Warmup) 
Chain 3 Iteration:  200 / 6000 [  3%]  (Warmup) 
Chain 1 Iteration:  400 / 6000 [  6%]  (Warmup) 
Chain 2 Iteration:  400 / 6000 [  6%]  (Warmup) 
Chain 4 Iteration:  400 / 6000 [  6%]  (Warmup) 
Chain 3 Iteration:  300 / 6000 [  5%]  (Warmup) 
Chain 1 Iteration:  500 / 6000 [  8%]  (Warmup) 
Chain 2 Iteration:  500 / 6000 [  8%]  (Warmup) 
Chain 4 Iteration:  500 / 6000 [  8%]  (Warmup) 
Chain 2 Iteration:  600 / 6000 [ 10%]  (Warmup) 
Chain 1 Iteration:  600 / 6000 [ 10%]  (Warmup) 
Chain 3 Iteration:  400 / 6000 [  6%]  (Warmup) 
Chain 4 Iteration:  600 / 6000 [ 10%]  (Warmup) 
Chain 2 Iteration:  700 / 6000 [ 11%]  (Warmup) 
Chain 1 Iteration:  700 / 6000 [ 11%]  (Warmup) 
Chain 4 Iteration:  700 / 6000 [ 11%]  (Warmup) 
Chain 3 Iteration:  500 / 6000 [  8%]  (Warmup) 
Chain 2 Iteration:  800 / 6000 [ 13%]  (Warmup) 
Chain 1 Iteration:  800 / 6000 [ 13%]  (Warmup) 
Chain 4 Iteration:  800 / 6000 [ 13%]  (Warmup) 
Chain 2 Iteration:  900 / 6000 [ 15%]  (Warmup) 
Chain 3 Iteration:  600 / 6000 [ 10%]  (Warmup) 
Chain 1 Iteration:  900 / 6000 [ 15%]  (Warmup) 
Chain 4 Iteration:  900 / 6000 [ 15%]  (Warmup) 
Chain 2 Iteration: 1000 / 6000 [ 16%]  (Warmup) 
Chain 2 Iteration: 1001 / 6000 [ 16%]  (Sampling) 
Chain 3 Iteration:  700 / 6000 [ 11%]  (Warmup) 
Chain 1 Iteration: 1000 / 6000 [ 16%]  (Warmup) 
Chain 1 Iteration: 1001 / 6000 [ 16%]  (Sampling) 
Chain 4 Iteration: 1000 / 6000 [ 16%]  (Warmup) 
Chain 4 Iteration: 1001 / 6000 [ 16%]  (Sampling) 
Chain 2 Iteration: 1100 / 6000 [ 18%]  (Sampling) 
Chain 4 Iteration: 1100 / 6000 [ 18%]  (Sampling) 
Chain 1 Iteration: 1100 / 6000 [ 18%]  (Sampling) 
Chain 3 Iteration:  800 / 6000 [ 13%]  (Warmup) 
Chain 2 Iteration: 1200 / 6000 [ 20%]  (Sampling) 
Chain 4 Iteration: 1200 / 6000 [ 20%]  (Sampling) 
Chain 3 Iteration:  900 / 6000 [ 15%]  (Warmup) 
Chain 1 Iteration: 1200 / 6000 [ 20%]  (Sampling) 
Chain 2 Iteration: 1300 / 6000 [ 21%]  (Sampling) 
Chain 4 Iteration: 1300 / 6000 [ 21%]  (Sampling) 
Chain 1 Iteration: 1300 / 6000 [ 21%]  (Sampling) 
Chain 3 Iteration: 1000 / 6000 [ 16%]  (Warmup) 
Chain 3 Iteration: 1001 / 6000 [ 16%]  (Sampling) 
Chain 4 Iteration: 1400 / 6000 [ 23%]  (Sampling) 
Chain 2 Iteration: 1400 / 6000 [ 23%]  (Sampling) 
Chain 1 Iteration: 1400 / 6000 [ 23%]  (Sampling) 
Chain 3 Iteration: 1100 / 6000 [ 18%]  (Sampling) 
Chain 4 Iteration: 1500 / 6000 [ 25%]  (Sampling) 
Chain 2 Iteration: 1500 / 6000 [ 25%]  (Sampling) 
Chain 1 Iteration: 1500 / 6000 [ 25%]  (Sampling) 
Chain 4 Iteration: 1600 / 6000 [ 26%]  (Sampling) 
Chain 2 Iteration: 1600 / 6000 [ 26%]  (Sampling) 
Chain 3 Iteration: 1200 / 6000 [ 20%]  (Sampling) 
Chain 1 Iteration: 1600 / 6000 [ 26%]  (Sampling) 
Chain 4 Iteration: 1700 / 6000 [ 28%]  (Sampling) 
Chain 2 Iteration: 1700 / 6000 [ 28%]  (Sampling) 
Chain 3 Iteration: 1300 / 6000 [ 21%]  (Sampling) 
Chain 1 Iteration: 1700 / 6000 [ 28%]  (Sampling) 
Chain 4 Iteration: 1800 / 6000 [ 30%]  (Sampling) 
Chain 2 Iteration: 1800 / 6000 [ 30%]  (Sampling) 
Chain 1 Iteration: 1800 / 6000 [ 30%]  (Sampling) 
Chain 3 Iteration: 1400 / 6000 [ 23%]  (Sampling) 
Chain 4 Iteration: 1900 / 6000 [ 31%]  (Sampling) 
Chain 2 Iteration: 1900 / 6000 [ 31%]  (Sampling) 
Chain 4 Iteration: 2000 / 6000 [ 33%]  (Sampling) 
Chain 1 Iteration: 1900 / 6000 [ 31%]  (Sampling) 
Chain 2 Iteration: 2000 / 6000 [ 33%]  (Sampling) 
Chain 3 Iteration: 1500 / 6000 [ 25%]  (Sampling) 
Chain 4 Iteration: 2100 / 6000 [ 35%]  (Sampling) 
Chain 1 Iteration: 2000 / 6000 [ 33%]  (Sampling) 
Chain 2 Iteration: 2100 / 6000 [ 35%]  (Sampling) 
Chain 3 Iteration: 1600 / 6000 [ 26%]  (Sampling) 
Chain 4 Iteration: 2200 / 6000 [ 36%]  (Sampling) 
Chain 1 Iteration: 2100 / 6000 [ 35%]  (Sampling) 
Chain 2 Iteration: 2200 / 6000 [ 36%]  (Sampling) 
Chain 4 Iteration: 2300 / 6000 [ 38%]  (Sampling) 
Chain 3 Iteration: 1700 / 6000 [ 28%]  (Sampling) 
Chain 2 Iteration: 2300 / 6000 [ 38%]  (Sampling) 
Chain 1 Iteration: 2200 / 6000 [ 36%]  (Sampling) 
Chain 4 Iteration: 2400 / 6000 [ 40%]  (Sampling) 
Chain 3 Iteration: 1800 / 6000 [ 30%]  (Sampling) 
Chain 2 Iteration: 2400 / 6000 [ 40%]  (Sampling) 
Chain 1 Iteration: 2300 / 6000 [ 38%]  (Sampling) 
Chain 4 Iteration: 2500 / 6000 [ 41%]  (Sampling) 
Chain 2 Iteration: 2500 / 6000 [ 41%]  (Sampling) 
Chain 3 Iteration: 1900 / 6000 [ 31%]  (Sampling) 
Chain 1 Iteration: 2400 / 6000 [ 40%]  (Sampling) 
Chain 4 Iteration: 2600 / 6000 [ 43%]  (Sampling) 
Chain 2 Iteration: 2600 / 6000 [ 43%]  (Sampling) 
Chain 1 Iteration: 2500 / 6000 [ 41%]  (Sampling) 
Chain 3 Iteration: 2000 / 6000 [ 33%]  (Sampling) 
Chain 4 Iteration: 2700 / 6000 [ 45%]  (Sampling) 
Chain 2 Iteration: 2700 / 6000 [ 45%]  (Sampling) 
Chain 1 Iteration: 2600 / 6000 [ 43%]  (Sampling) 
Chain 4 Iteration: 2800 / 6000 [ 46%]  (Sampling) 
Chain 3 Iteration: 2100 / 6000 [ 35%]  (Sampling) 
Chain 2 Iteration: 2800 / 6000 [ 46%]  (Sampling) 
Chain 4 Iteration: 2900 / 6000 [ 48%]  (Sampling) 
Chain 1 Iteration: 2700 / 6000 [ 45%]  (Sampling) 
Chain 3 Iteration: 2200 / 6000 [ 36%]  (Sampling) 
Chain 2 Iteration: 2900 / 6000 [ 48%]  (Sampling) 
Chain 4 Iteration: 3000 / 6000 [ 50%]  (Sampling) 
Chain 1 Iteration: 2800 / 6000 [ 46%]  (Sampling) 
Chain 2 Iteration: 3000 / 6000 [ 50%]  (Sampling) 
Chain 4 Iteration: 3100 / 6000 [ 51%]  (Sampling) 
Chain 3 Iteration: 2300 / 6000 [ 38%]  (Sampling) 
Chain 1 Iteration: 2900 / 6000 [ 48%]  (Sampling) 
Chain 2 Iteration: 3100 / 6000 [ 51%]  (Sampling) 
Chain 4 Iteration: 3200 / 6000 [ 53%]  (Sampling) 
Chain 1 Iteration: 3000 / 6000 [ 50%]  (Sampling) 
Chain 3 Iteration: 2400 / 6000 [ 40%]  (Sampling) 
Chain 4 Iteration: 3300 / 6000 [ 55%]  (Sampling) 
Chain 2 Iteration: 3200 / 6000 [ 53%]  (Sampling) 
Chain 1 Iteration: 3100 / 6000 [ 51%]  (Sampling) 
Chain 3 Iteration: 2500 / 6000 [ 41%]  (Sampling) 
Chain 4 Iteration: 3400 / 6000 [ 56%]  (Sampling) 
Chain 2 Iteration: 3300 / 6000 [ 55%]  (Sampling) 
Chain 1 Iteration: 3200 / 6000 [ 53%]  (Sampling) 
Chain 4 Iteration: 3500 / 6000 [ 58%]  (Sampling) 
Chain 2 Iteration: 3400 / 6000 [ 56%]  (Sampling) 
Chain 3 Iteration: 2600 / 6000 [ 43%]  (Sampling) 
Chain 1 Iteration: 3300 / 6000 [ 55%]  (Sampling) 
Chain 4 Iteration: 3600 / 6000 [ 60%]  (Sampling) 
Chain 2 Iteration: 3500 / 6000 [ 58%]  (Sampling) 
Chain 3 Iteration: 2700 / 6000 [ 45%]  (Sampling) 
Chain 4 Iteration: 3700 / 6000 [ 61%]  (Sampling) 
Chain 1 Iteration: 3400 / 6000 [ 56%]  (Sampling) 
Chain 2 Iteration: 3600 / 6000 [ 60%]  (Sampling) 
Chain 4 Iteration: 3800 / 6000 [ 63%]  (Sampling) 
Chain 3 Iteration: 2800 / 6000 [ 46%]  (Sampling) 
Chain 1 Iteration: 3500 / 6000 [ 58%]  (Sampling) 
Chain 2 Iteration: 3700 / 6000 [ 61%]  (Sampling) 
Chain 4 Iteration: 3900 / 6000 [ 65%]  (Sampling) 
Chain 1 Iteration: 3600 / 6000 [ 60%]  (Sampling) 
Chain 3 Iteration: 2900 / 6000 [ 48%]  (Sampling) 
Chain 2 Iteration: 3800 / 6000 [ 63%]  (Sampling) 
Chain 4 Iteration: 4000 / 6000 [ 66%]  (Sampling) 
Chain 1 Iteration: 3700 / 6000 [ 61%]  (Sampling) 
Chain 2 Iteration: 3900 / 6000 [ 65%]  (Sampling) 
Chain 3 Iteration: 3000 / 6000 [ 50%]  (Sampling) 
Chain 4 Iteration: 4100 / 6000 [ 68%]  (Sampling) 
Chain 1 Iteration: 3800 / 6000 [ 63%]  (Sampling) 
Chain 2 Iteration: 4000 / 6000 [ 66%]  (Sampling) 
Chain 4 Iteration: 4200 / 6000 [ 70%]  (Sampling) 
Chain 3 Iteration: 3100 / 6000 [ 51%]  (Sampling) 
Chain 1 Iteration: 3900 / 6000 [ 65%]  (Sampling) 
Chain 2 Iteration: 4100 / 6000 [ 68%]  (Sampling) 
Chain 4 Iteration: 4300 / 6000 [ 71%]  (Sampling) 
Chain 3 Iteration: 3200 / 6000 [ 53%]  (Sampling) 
Chain 1 Iteration: 4000 / 6000 [ 66%]  (Sampling) 
Chain 4 Iteration: 4400 / 6000 [ 73%]  (Sampling) 
Chain 2 Iteration: 4200 / 6000 [ 70%]  (Sampling) 
Chain 3 Iteration: 3300 / 6000 [ 55%]  (Sampling) 
Chain 1 Iteration: 4100 / 6000 [ 68%]  (Sampling) 
Chain 4 Iteration: 4500 / 6000 [ 75%]  (Sampling) 
Chain 2 Iteration: 4300 / 6000 [ 71%]  (Sampling) 
Chain 4 Iteration: 4600 / 6000 [ 76%]  (Sampling) 
Chain 1 Iteration: 4200 / 6000 [ 70%]  (Sampling) 
Chain 2 Iteration: 4400 / 6000 [ 73%]  (Sampling) 
Chain 3 Iteration: 3400 / 6000 [ 56%]  (Sampling) 
Chain 4 Iteration: 4700 / 6000 [ 78%]  (Sampling) 
Chain 2 Iteration: 4500 / 6000 [ 75%]  (Sampling) 
Chain 1 Iteration: 4300 / 6000 [ 71%]  (Sampling) 
Chain 3 Iteration: 3500 / 6000 [ 58%]  (Sampling) 
Chain 4 Iteration: 4800 / 6000 [ 80%]  (Sampling) 
Chain 2 Iteration: 4600 / 6000 [ 76%]  (Sampling) 
Chain 1 Iteration: 4400 / 6000 [ 73%]  (Sampling) 
Chain 4 Iteration: 4900 / 6000 [ 81%]  (Sampling) 
Chain 3 Iteration: 3600 / 6000 [ 60%]  (Sampling) 
Chain 2 Iteration: 4700 / 6000 [ 78%]  (Sampling) 
Chain 1 Iteration: 4500 / 6000 [ 75%]  (Sampling) 
Chain 4 Iteration: 5000 / 6000 [ 83%]  (Sampling) 
Chain 2 Iteration: 4800 / 6000 [ 80%]  (Sampling) 
Chain 3 Iteration: 3700 / 6000 [ 61%]  (Sampling) 
Chain 1 Iteration: 4600 / 6000 [ 76%]  (Sampling) 
Chain 4 Iteration: 5100 / 6000 [ 85%]  (Sampling) 
Chain 2 Iteration: 4900 / 6000 [ 81%]  (Sampling) 
Chain 1 Iteration: 4700 / 6000 [ 78%]  (Sampling) 
Chain 3 Iteration: 3800 / 6000 [ 63%]  (Sampling) 
Chain 4 Iteration: 5200 / 6000 [ 86%]  (Sampling) 
Chain 2 Iteration: 5000 / 6000 [ 83%]  (Sampling) 
Chain 1 Iteration: 4800 / 6000 [ 80%]  (Sampling) 
Chain 4 Iteration: 5300 / 6000 [ 88%]  (Sampling) 
Chain 3 Iteration: 3900 / 6000 [ 65%]  (Sampling) 
Chain 2 Iteration: 5100 / 6000 [ 85%]  (Sampling) 
Chain 4 Iteration: 5400 / 6000 [ 90%]  (Sampling) 
Chain 1 Iteration: 4900 / 6000 [ 81%]  (Sampling) 
Chain 2 Iteration: 5200 / 6000 [ 86%]  (Sampling) 
Chain 3 Iteration: 4000 / 6000 [ 66%]  (Sampling) 
Chain 4 Iteration: 5500 / 6000 [ 91%]  (Sampling) 
Chain 1 Iteration: 5000 / 6000 [ 83%]  (Sampling) 
Chain 4 Iteration: 5600 / 6000 [ 93%]  (Sampling) 
Chain 2 Iteration: 5300 / 6000 [ 88%]  (Sampling) 
Chain 3 Iteration: 4100 / 6000 [ 68%]  (Sampling) 
Chain 1 Iteration: 5100 / 6000 [ 85%]  (Sampling) 
Chain 4 Iteration: 5700 / 6000 [ 95%]  (Sampling) 
Chain 2 Iteration: 5400 / 6000 [ 90%]  (Sampling) 
Chain 1 Iteration: 5200 / 6000 [ 86%]  (Sampling) 
Chain 3 Iteration: 4200 / 6000 [ 70%]  (Sampling) 
Chain 4 Iteration: 5800 / 6000 [ 96%]  (Sampling) 
Chain 2 Iteration: 5500 / 6000 [ 91%]  (Sampling) 
Chain 1 Iteration: 5300 / 6000 [ 88%]  (Sampling) 
Chain 4 Iteration: 5900 / 6000 [ 98%]  (Sampling) 
Chain 3 Iteration: 4300 / 6000 [ 71%]  (Sampling) 
Chain 2 Iteration: 5600 / 6000 [ 93%]  (Sampling) 
Chain 4 Iteration: 6000 / 6000 [100%]  (Sampling) 
Chain 4 finished in 302.1 seconds.
Chain 1 Iteration: 5400 / 6000 [ 90%]  (Sampling) 
Chain 2 Iteration: 5700 / 6000 [ 95%]  (Sampling) 
Chain 3 Iteration: 4400 / 6000 [ 73%]  (Sampling) 
Chain 1 Iteration: 5500 / 6000 [ 91%]  (Sampling) 
Chain 2 Iteration: 5800 / 6000 [ 96%]  (Sampling) 
Chain 3 Iteration: 4500 / 6000 [ 75%]  (Sampling) 
Chain 1 Iteration: 5600 / 6000 [ 93%]  (Sampling) 
Chain 2 Iteration: 5900 / 6000 [ 98%]  (Sampling) 
Chain 1 Iteration: 5700 / 6000 [ 95%]  (Sampling) 
Chain 3 Iteration: 4600 / 6000 [ 76%]  (Sampling) 
Chain 2 Iteration: 6000 / 6000 [100%]  (Sampling) 
Chain 2 finished in 319.2 seconds.
Chain 1 Iteration: 5800 / 6000 [ 96%]  (Sampling) 
Chain 3 Iteration: 4700 / 6000 [ 78%]  (Sampling) 
Chain 1 Iteration: 5900 / 6000 [ 98%]  (Sampling) 
Chain 3 Iteration: 4800 / 6000 [ 80%]  (Sampling) 
Chain 1 Iteration: 6000 / 6000 [100%]  (Sampling) 
Chain 1 finished in 332.6 seconds.
Chain 3 Iteration: 4900 / 6000 [ 81%]  (Sampling) 
Chain 3 Iteration: 5000 / 6000 [ 83%]  (Sampling) 
Chain 3 Iteration: 5100 / 6000 [ 85%]  (Sampling) 
Chain 3 Iteration: 5200 / 6000 [ 86%]  (Sampling) 
Chain 3 Iteration: 5300 / 6000 [ 88%]  (Sampling) 
Chain 3 Iteration: 5400 / 6000 [ 90%]  (Sampling) 
Chain 3 Iteration: 5500 / 6000 [ 91%]  (Sampling) 
Chain 3 Iteration: 5600 / 6000 [ 93%]  (Sampling) 
Chain 3 Iteration: 5700 / 6000 [ 95%]  (Sampling) 
Chain 3 Iteration: 5800 / 6000 [ 96%]  (Sampling) 
Chain 3 Iteration: 5900 / 6000 [ 98%]  (Sampling) 
Chain 3 Iteration: 6000 / 6000 [100%]  (Sampling) 
Chain 3 finished in 409.5 seconds.

All 4 chains finished successfully.
Mean chain execution time: 340.8 seconds.
Total execution time: 409.7 seconds.

[1] "using 8  workers"
[1] "Processing draws 1 to 100"
[1] "Chunk time = 39.139496088028"
[1] "Processing draws 101 to 200"
[1] "Chunk time = 2.86280727386475"
[1] "Processing draws 201 to 300"
[1] "Chunk time = 2.84092950820923"
[1] "Processing draws 301 to 400"
[1] "Chunk time = 2.89122939109802"
[1] "Processing draws 401 to 500"
[1] "Chunk time = 2.75369358062744"
[1] "Processing draws 501 to 600"
[1] "Chunk time = 2.56432175636292"
[1] "Processing draws 601 to 700"
[1] "Chunk time = 2.57836437225342"
[1] "Processing draws 701 to 800"
[1] "Chunk time = 2.99624633789062"
[1] "Processing draws 801 to 900"
[1] "Chunk time = 2.61609792709351"
[1] "Processing draws 901 to 1000"
[1] "Chunk time = 2.51458239555359"
[1] "Processing draws 1001 to 1100"
[1] "Chunk time = 2.64850759506226"
[1] "Processing draws 1101 to 1200"
[1] "Chunk time = 2.55239057540894"
[1] "Processing draws 1201 to 1300"
[1] "Chunk time = 2.7991828918457"
[1] "Processing draws 1301 to 1400"
[1] "Chunk time = 2.50804376602173"
[1] "Processing draws 1401 to 1500"
[1] "Chunk time = 2.49794602394104"
[1] "Processing draws 1501 to 1600"
[1] "Chunk time = 2.50212121009827"
[1] "Processing draws 1601 to 1700"
[1] "Chunk time = 2.49579310417175"
[1] "Processing draws 1701 to 1800"
[1] "Chunk time = 2.49298286437988"
[1] "Processing draws 1801 to 1900"
[1] "Chunk time = 2.46754288673401"
[1] "Processing draws 1901 to 2000"
[1] "Chunk time = 2.43143820762634"
[1] "Processing draws 2001 to 2100"
[1] "Chunk time = 2.4883987903595"
[1] "Processing draws 2101 to 2200"
[1] "Chunk time = 2.46969079971313"
[1] "Processing draws 2201 to 2300"
[1] "Chunk time = 2.4788761138916"
[1] "Processing draws 2301 to 2400"
[1] "Chunk time = 2.5407030582428"
[1] "Processing draws 2401 to 2500"
[1] "Chunk time = 2.51501131057739"
[1] "Processing draws 2501 to 2600"
[1] "Chunk time = 2.53893780708313"
[1] "Processing draws 2601 to 2700"
[1] "Chunk time = 2.61206579208374"
[1] "Processing draws 2701 to 2800"
[1] "Chunk time = 2.69545769691467"
[1] "Processing draws 2801 to 2900"
[1] "Chunk time = 2.86313652992249"
[1] "Processing draws 2901 to 3000"
[1] "Chunk time = 2.58978843688965"
[1] "Processing draws 3001 to 3100"
[1] "Chunk time = 2.53834342956543"
[1] "Processing draws 3101 to 3200"
[1] "Chunk time = 2.5454216003418"
[1] "Processing draws 3201 to 3300"
[1] "Chunk time = 2.63137054443359"
[1] "Processing draws 3301 to 3400"
[1] "Chunk time = 2.58378887176514"
[1] "Processing draws 3401 to 3500"
[1] "Chunk time = 2.57462692260742"
[1] "Processing draws 3501 to 3600"
[1] "Chunk time = 2.52135157585144"
[1] "Processing draws 3601 to 3700"
[1] "Chunk time = 2.53227806091309"
[1] "Processing draws 3701 to 3800"
[1] "Chunk time = 2.55584359169006"
[1] "Processing draws 3801 to 3900"
[1] "Chunk time = 2.55157542228699"
[1] "Processing draws 3901 to 4000"
[1] "Chunk time = 2.59158301353455"
[1] "Processing draws 4001 to 4100"
[1] "Chunk time = 2.58741545677185"
[1] "Processing draws 4101 to 4200"
[1] "Chunk time = 2.67179846763611"
[1] "Processing draws 4201 to 4300"
[1] "Chunk time = 2.66977381706238"
[1] "Processing draws 4301 to 4400"
[1] "Chunk time = 2.63351035118103"
[1] "Processing draws 4401 to 4500"
[1] "Chunk time = 2.54573941230774"
[1] "Processing draws 4501 to 4600"
[1] "Chunk time = 2.67276763916016"
[1] "Processing draws 4601 to 4700"
[1] "Chunk time = 2.63119411468506"
[1] "Processing draws 4701 to 4800"
[1] "Chunk time = 2.67659759521484"
[1] "Processing draws 4801 to 4900"
[1] "Chunk time = 2.57694005966187"
[1] "Processing draws 4901 to 5000"
[1] "Chunk time = 2.67442965507507"
[1] "Processing draws 5001 to 5100"
[1] "Chunk time = 2.85116720199585"
[1] "Processing draws 5101 to 5200"
[1] "Chunk time = 2.58751511573792"
[1] "Processing draws 5201 to 5300"
[1] "Chunk time = 2.64687752723694"
[1] "Processing draws 5301 to 5400"
[1] "Chunk time = 2.61853075027466"
[1] "Processing draws 5401 to 5500"
[1] "Chunk time = 2.6312472820282"
[1] "Processing draws 5501 to 5600"
[1] "Chunk time = 2.57703232765198"
[1] "Processing draws 5601 to 5700"
[1] "Chunk time = 2.67257761955261"
[1] "Processing draws 5701 to 5800"
[1] "Chunk time = 2.56933856010437"
[1] "Processing draws 5801 to 5900"
[1] "Chunk time = 2.67573046684265"
[1] "Processing draws 5901 to 6000"
[1] "Chunk time = 2.56784629821777"
[1] "Processing draws 6001 to 6100"
[1] "Chunk time = 2.61953568458557"
[1] "Processing draws 6101 to 6200"
[1] "Chunk time = 2.63585495948792"
[1] "Processing draws 6201 to 6300"
[1] "Chunk time = 2.62122702598572"
[1] "Processing draws 6301 to 6400"
[1] "Chunk time = 2.6760470867157"
[1] "Processing draws 6401 to 6500"
[1] "Chunk time = 2.64206004142761"
[1] "Processing draws 6501 to 6600"
[1] "Chunk time = 2.66702198982239"
[1] "Processing draws 6601 to 6700"
[1] "Chunk time = 2.5959780216217"
[1] "Processing draws 6701 to 6800"
[1] "Chunk time = 2.73473787307739"
[1] "Processing draws 6801 to 6900"
[1] "Chunk time = 2.56906223297119"
[1] "Processing draws 6901 to 7000"
[1] "Chunk time = 2.68036580085754"
[1] "Processing draws 7001 to 7100"
[1] "Chunk time = 2.66749668121338"
[1] "Processing draws 7101 to 7200"
[1] "Chunk time = 2.71579241752625"
[1] "Processing draws 7201 to 7300"
[1] "Chunk time = 2.68070554733276"
[1] "Processing draws 7301 to 7400"
[1] "Chunk time = 2.65855717658997"
[1] "Processing draws 7401 to 7500"
[1] "Chunk time = 2.89713454246521"
[1] "Processing draws 7501 to 7600"
[1] "Chunk time = 2.61293864250183"
[1] "Processing draws 7601 to 7700"
[1] "Chunk time = 2.67954468727112"
[1] "Processing draws 7701 to 7800"
[1] "Chunk time = 2.54849863052368"
[1] "Processing draws 7801 to 7900"
[1] "Chunk time = 2.777174949646"
[1] "Processing draws 7901 to 8000"
[1] "Chunk time = 2.81918454170227"
[1] "Processing draws 8001 to 8100"
[1] "Chunk time = 2.59722423553467"
[1] "Processing draws 8101 to 8200"
[1] "Chunk time = 2.69060873985291"
[1] "Processing draws 8201 to 8300"
[1] "Chunk time = 2.62524819374084"
[1] "Processing draws 8301 to 8400"
[1] "Chunk time = 2.65181016921997"
[1] "Processing draws 8401 to 8500"
[1] "Chunk time = 2.67159867286682"
[1] "Processing draws 8501 to 8600"
[1] "Chunk time = 2.71607804298401"
[1] "Processing draws 8601 to 8700"
[1] "Chunk time = 2.67803597450256"
[1] "Processing draws 8701 to 8800"
[1] "Chunk time = 2.72320055961609"
[1] "Processing draws 8801 to 8900"
[1] "Chunk time = 2.60042667388916"
[1] "Processing draws 8901 to 9000"
[1] "Chunk time = 2.63247585296631"
[1] "Processing draws 9001 to 9100"
[1] "Chunk time = 2.70372533798218"
[1] "Processing draws 9101 to 9200"
[1] "Chunk time = 2.64976453781128"
[1] "Processing draws 9201 to 9300"
[1] "Chunk time = 2.7009654045105"
[1] "Processing draws 9301 to 9400"
[1] "Chunk time = 2.81455540657043"
[1] "Processing draws 9401 to 9500"
[1] "Chunk time = 2.46717500686646"
[1] "Processing draws 9501 to 9600"
[1] "Chunk time = 2.46667861938477"
[1] "Processing draws 9601 to 9700"
[1] "Chunk time = 2.47822451591492"
[1] "Processing draws 9701 to 9800"
[1] "Chunk time = 2.63175415992737"
[1] "Processing draws 9801 to 9900"
[1] "Chunk time = 2.44332575798035"
[1] "Processing draws 9901 to 10000"
[1] "Chunk time = 2.43317317962646"
[1] "Processing draws 10001 to 10100"
[1] "Chunk time = 2.42620205879211"
[1] "Processing draws 10101 to 10200"
[1] "Chunk time = 2.43016171455383"
[1] "Processing draws 10201 to 10300"
[1] "Chunk time = 2.49801206588745"
[1] "Processing draws 10301 to 10400"
[1] "Chunk time = 2.59398365020752"
[1] "Processing draws 10401 to 10500"
[1] "Chunk time = 2.85048961639404"
[1] "Processing draws 10501 to 10600"
[1] "Chunk time = 2.48912787437439"
[1] "Processing draws 10601 to 10700"
[1] "Chunk time = 2.51599740982056"
[1] "Processing draws 10701 to 10800"
[1] "Chunk time = 2.67744946479797"
[1] "Processing draws 10801 to 10900"
[1] "Chunk time = 2.55942463874817"
[1] "Processing draws 10901 to 11000"
[1] "Chunk time = 2.57844281196594"
[1] "Processing draws 11001 to 11100"
[1] "Chunk time = 2.60284495353699"
[1] "Processing draws 11101 to 11200"
[1] "Chunk time = 2.54852294921875"
[1] "Processing draws 11201 to 11300"
[1] "Chunk time = 2.58286333084106"
[1] "Processing draws 11301 to 11400"
[1] "Chunk time = 2.61036252975464"
[1] "Processing draws 11401 to 11500"
[1] "Chunk time = 2.61349153518677"
[1] "Processing draws 11501 to 11600"
[1] "Chunk time = 2.5602924823761"
[1] "Processing draws 11601 to 11700"
[1] "Chunk time = 2.60603976249695"
[1] "Processing draws 11701 to 11800"
[1] "Chunk time = 2.52718567848206"
[1] "Processing draws 11801 to 11900"
[1] "Chunk time = 2.60855102539062"
[1] "Processing draws 11901 to 12000"
[1] "Chunk time = 2.61626076698303"
[1] "Processing draws 12001 to 12100"
[1] "Chunk time = 2.64711999893188"
[1] "Processing draws 12101 to 12200"
[1] "Chunk time = 2.64606952667236"
[1] "Processing draws 12201 to 12300"
[1] "Chunk time = 2.63259601593018"
[1] "Processing draws 12301 to 12400"
[1] "Chunk time = 2.6593451499939"
[1] "Processing draws 12401 to 12500"
[1] "Chunk time = 2.77489185333252"
[1] "Processing draws 12501 to 12600"
[1] "Chunk time = 2.61408376693726"
[1] "Processing draws 12601 to 12700"
[1] "Chunk time = 2.52335643768311"
[1] "Processing draws 12701 to 12800"
[1] "Chunk time = 2.61161971092224"
[1] "Processing draws 12801 to 12900"
[1] "Chunk time = 2.60828113555908"
[1] "Processing draws 12901 to 13000"
[1] "Chunk time = 2.60765266418457"
[1] "Processing draws 13001 to 13100"
[1] "Chunk time = 2.61070513725281"
[1] "Processing draws 13101 to 13200"
[1] "Chunk time = 2.6982433795929"
[1] "Processing draws 13201 to 13300"
[1] "Chunk time = 2.6805784702301"
[1] "Processing draws 13301 to 13400"
[1] "Chunk time = 2.5661883354187"
[1] "Processing draws 13401 to 13500"
[1] "Chunk time = 2.69409847259521"
[1] "Processing draws 13501 to 13600"
[1] "Chunk time = 2.58272552490234"
[1] "Processing draws 13601 to 13700"
[1] "Chunk time = 2.65889549255371"
[1] "Processing draws 13701 to 13800"
[1] "Chunk time = 2.57345700263977"
[1] "Processing draws 13801 to 13900"
[1] "Chunk time = 2.64316439628601"
[1] "Processing draws 13901 to 14000"
[1] "Chunk time = 2.5874228477478"
[1] "Processing draws 14001 to 14100"
[1] "Chunk time = 2.61768937110901"
[1] "Processing draws 14101 to 14200"
[1] "Chunk time = 2.67178678512573"
[1] "Processing draws 14201 to 14300"
[1] "Chunk time = 2.61436247825623"
[1] "Processing draws 14301 to 14400"
[1] "Chunk time = 2.66473722457886"
[1] "Processing draws 14401 to 14500"
[1] "Chunk time = 2.57034349441528"
[1] "Processing draws 14501 to 14600"
[1] "Chunk time = 2.64624357223511"
[1] "Processing draws 14601 to 14700"
[1] "Chunk time = 2.55192446708679"
[1] "Processing draws 14701 to 14800"
[1] "Chunk time = 2.8761932849884"
[1] "Processing draws 14801 to 14900"
[1] "Chunk time = 2.72996282577515"
[1] "Processing draws 14901 to 15000"
[1] "Chunk time = 2.65063667297363"
[1] "Processing draws 15001 to 15100"
[1] "Chunk time = 2.68088507652283"
[1] "Processing draws 15101 to 15200"
[1] "Chunk time = 2.65524196624756"
[1] "Processing draws 15201 to 15300"
[1] "Chunk time = 2.69482898712158"
[1] "Processing draws 15301 to 15400"
[1] "Chunk time = 2.60333728790283"
[1] "Processing draws 15401 to 15500"
[1] "Chunk time = 2.68673133850098"
[1] "Processing draws 15501 to 15600"
[1] "Chunk time = 2.58654761314392"
[1] "Processing draws 15601 to 15700"
[1] "Chunk time = 2.6989529132843"
[1] "Processing draws 15701 to 15800"
[1] "Chunk time = 2.68993377685547"
[1] "Processing draws 15801 to 15900"
[1] "Chunk time = 2.61712741851807"
[1] "Processing draws 15901 to 16000"
[1] "Chunk time = 2.64266037940979"
[1] "Processing draws 16001 to 16100"
[1] "Chunk time = 2.63514828681946"
[1] "Processing draws 16101 to 16200"
[1] "Chunk time = 2.73474073410034"
[1] "Processing draws 16201 to 16300"
[1] "Chunk time = 2.6234438419342"
[1] "Processing draws 16301 to 16400"
[1] "Chunk time = 2.74309372901917"
[1] "Processing draws 16401 to 16500"
[1] "Chunk time = 2.58800792694092"
[1] "Processing draws 16501 to 16600"
[1] "Chunk time = 2.74201202392578"
[1] "Processing draws 16601 to 16700"
[1] "Chunk time = 2.74089574813843"
[1] "Processing draws 16701 to 16800"
[1] "Chunk time = 2.7170090675354"
[1] "Processing draws 16801 to 16900"
[1] "Chunk time = 2.58188533782959"
[1] "Processing draws 16901 to 17000"
[1] "Chunk time = 2.73617959022522"
[1] "Processing draws 17001 to 17100"
[1] "Chunk time = 2.84201288223267"
[1] "Processing draws 17101 to 17200"
[1] "Chunk time = 2.66107606887817"
[1] "Processing draws 17201 to 17300"
[1] "Chunk time = 2.90287041664124"
[1] "Processing draws 17301 to 17400"
[1] "Chunk time = 2.64626145362854"
[1] "Processing draws 17401 to 17500"
[1] "Chunk time = 2.81975150108337"
[1] "Processing draws 17501 to 17600"
[1] "Chunk time = 2.48725771903992"
[1] "Processing draws 17601 to 17700"
[1] "Chunk time = 2.48438310623169"
[1] "Processing draws 17701 to 17800"
[1] "Chunk time = 2.53006315231323"
[1] "Processing draws 17801 to 17900"
[1] "Chunk time = 2.51873397827148"
[1] "Processing draws 17901 to 18000"
[1] "Chunk time = 2.46864104270935"
[1] "Processing draws 18001 to 18100"
[1] "Chunk time = 2.61008715629578"
[1] "Processing draws 18101 to 18200"
[1] "Chunk time = 2.55914711952209"
[1] "Processing draws 18201 to 18300"
[1] "Chunk time = 2.50356888771057"
[1] "Processing draws 18301 to 18400"
[1] "Chunk time = 2.50050354003906"
[1] "Processing draws 18401 to 18500"
[1] "Chunk time = 2.53111839294434"
[1] "Processing draws 18501 to 18600"
[1] "Chunk time = 2.49472165107727"
[1] "Processing draws 18601 to 18700"
[1] "Chunk time = 2.48238301277161"
[1] "Processing draws 18701 to 18800"
[1] "Chunk time = 2.48418164253235"
[1] "Processing draws 18801 to 18900"
[1] "Chunk time = 2.56162476539612"
[1] "Processing draws 18901 to 19000"
[1] "Chunk time = 2.56809329986572"
[1] "Processing draws 19001 to 19100"
[1] "Chunk time = 2.62746024131775"
[1] "Processing draws 19101 to 19200"
[1] "Chunk time = 2.49244499206543"
[1] "Processing draws 19201 to 19300"
[1] "Chunk time = 2.62618947029114"
[1] "Processing draws 19301 to 19400"
[1] "Chunk time = 2.54492282867432"
[1] "Processing draws 19401 to 19500"
[1] "Chunk time = 2.60705852508545"
[1] "Processing draws 19501 to 19600"
[1] "Chunk time = 2.56672096252441"
[1] "Processing draws 19601 to 19700"
[1] "Chunk time = 2.61308598518372"
[1] "Processing draws 19701 to 19800"
[1] "Chunk time = 2.77831983566284"
[1] "Processing draws 19801 to 19900"
[1] "Chunk time = 2.59417366981506"
[1] "Processing draws 19901 to 20000"
[1] "Chunk time = 2.59580445289612"
[1] "done lapplying"
[1] "Total time = 9.36704196929932"
