[1] "Starting sampling."
Running MCMC with 4 parallel chains, with 4 thread(s) per chain...

Chain 2 Iteration:    1 / 6000 [  0%]  (Warmup) 
Chain 1 Iteration:    1 / 6000 [  0%]  (Warmup) 
Chain 4 Iteration:    1 / 6000 [  0%]  (Warmup) 
Chain 3 Iteration:    1 / 6000 [  0%]  (Warmup) 
Chain 2 Iteration:  100 / 6000 [  1%]  (Warmup) 
Chain 4 Iteration:  100 / 6000 [  1%]  (Warmup) 
Chain 1 Iteration:  100 / 6000 [  1%]  (Warmup) 
Chain 3 Iteration:  100 / 6000 [  1%]  (Warmup) 
Chain 2 Iteration:  200 / 6000 [  3%]  (Warmup) 
Chain 1 Iteration:  200 / 6000 [  3%]  (Warmup) 
Chain 4 Iteration:  200 / 6000 [  3%]  (Warmup) 
Chain 3 Iteration:  200 / 6000 [  3%]  (Warmup) 
Chain 1 Iteration:  300 / 6000 [  5%]  (Warmup) 
Chain 2 Iteration:  300 / 6000 [  5%]  (Warmup) 
Chain 4 Iteration:  300 / 6000 [  5%]  (Warmup) 
Chain 3 Iteration:  300 / 6000 [  5%]  (Warmup) 
Chain 1 Iteration:  400 / 6000 [  6%]  (Warmup) 
Chain 2 Iteration:  400 / 6000 [  6%]  (Warmup) 
Chain 4 Iteration:  400 / 6000 [  6%]  (Warmup) 
Chain 3 Iteration:  400 / 6000 [  6%]  (Warmup) 
Chain 1 Iteration:  500 / 6000 [  8%]  (Warmup) 
Chain 2 Iteration:  500 / 6000 [  8%]  (Warmup) 
Chain 4 Iteration:  500 / 6000 [  8%]  (Warmup) 
Chain 1 Iteration:  600 / 6000 [ 10%]  (Warmup) 
Chain 3 Iteration:  500 / 6000 [  8%]  (Warmup) 
Chain 2 Iteration:  600 / 6000 [ 10%]  (Warmup) 
Chain 4 Iteration:  600 / 6000 [ 10%]  (Warmup) 
Chain 1 Iteration:  700 / 6000 [ 11%]  (Warmup) 
Chain 3 Iteration:  600 / 6000 [ 10%]  (Warmup) 
Chain 2 Iteration:  700 / 6000 [ 11%]  (Warmup) 
Chain 1 Iteration:  800 / 6000 [ 13%]  (Warmup) 
Chain 4 Iteration:  700 / 6000 [ 11%]  (Warmup) 
Chain 2 Iteration:  800 / 6000 [ 13%]  (Warmup) 
Chain 1 Iteration:  900 / 6000 [ 15%]  (Warmup) 
Chain 3 Iteration:  700 / 6000 [ 11%]  (Warmup) 
Chain 4 Iteration:  800 / 6000 [ 13%]  (Warmup) 
Chain 2 Iteration:  900 / 6000 [ 15%]  (Warmup) 
Chain 1 Iteration: 1000 / 6000 [ 16%]  (Warmup) 
Chain 1 Iteration: 1001 / 6000 [ 16%]  (Sampling) 
Chain 4 Iteration:  900 / 6000 [ 15%]  (Warmup) 
Chain 3 Iteration:  800 / 6000 [ 13%]  (Warmup) 
Chain 2 Iteration: 1000 / 6000 [ 16%]  (Warmup) 
Chain 2 Iteration: 1001 / 6000 [ 16%]  (Sampling) 
Chain 1 Iteration: 1100 / 6000 [ 18%]  (Sampling) 
Chain 4 Iteration: 1000 / 6000 [ 16%]  (Warmup) 
Chain 4 Iteration: 1001 / 6000 [ 16%]  (Sampling) 
Chain 3 Iteration:  900 / 6000 [ 15%]  (Warmup) 
Chain 1 Iteration: 1200 / 6000 [ 20%]  (Sampling) 
Chain 2 Iteration: 1100 / 6000 [ 18%]  (Sampling) 
Chain 4 Iteration: 1100 / 6000 [ 18%]  (Sampling) 
Chain 3 Iteration: 1000 / 6000 [ 16%]  (Warmup) 
Chain 3 Iteration: 1001 / 6000 [ 16%]  (Sampling) 
Chain 1 Iteration: 1300 / 6000 [ 21%]  (Sampling) 
Chain 2 Iteration: 1200 / 6000 [ 20%]  (Sampling) 
Chain 4 Iteration: 1200 / 6000 [ 20%]  (Sampling) 
Chain 3 Iteration: 1100 / 6000 [ 18%]  (Sampling) 
Chain 1 Iteration: 1400 / 6000 [ 23%]  (Sampling) 
Chain 2 Iteration: 1300 / 6000 [ 21%]  (Sampling) 
Chain 4 Iteration: 1300 / 6000 [ 21%]  (Sampling) 
Chain 3 Iteration: 1200 / 6000 [ 20%]  (Sampling) 
Chain 1 Iteration: 1500 / 6000 [ 25%]  (Sampling) 
Chain 2 Iteration: 1400 / 6000 [ 23%]  (Sampling) 
Chain 4 Iteration: 1400 / 6000 [ 23%]  (Sampling) 
Chain 3 Iteration: 1300 / 6000 [ 21%]  (Sampling) 
Chain 1 Iteration: 1600 / 6000 [ 26%]  (Sampling) 
Chain 2 Iteration: 1500 / 6000 [ 25%]  (Sampling) 
Chain 4 Iteration: 1500 / 6000 [ 25%]  (Sampling) 
Chain 3 Iteration: 1400 / 6000 [ 23%]  (Sampling) 
Chain 1 Iteration: 1700 / 6000 [ 28%]  (Sampling) 
Chain 2 Iteration: 1600 / 6000 [ 26%]  (Sampling) 
Chain 4 Iteration: 1600 / 6000 [ 26%]  (Sampling) 
Chain 1 Iteration: 1800 / 6000 [ 30%]  (Sampling) 
Chain 3 Iteration: 1500 / 6000 [ 25%]  (Sampling) 
Chain 2 Iteration: 1700 / 6000 [ 28%]  (Sampling) 
Chain 4 Iteration: 1700 / 6000 [ 28%]  (Sampling) 
Chain 1 Iteration: 1900 / 6000 [ 31%]  (Sampling) 
Chain 3 Iteration: 1600 / 6000 [ 26%]  (Sampling) 
Chain 2 Iteration: 1800 / 6000 [ 30%]  (Sampling) 
Chain 1 Iteration: 2000 / 6000 [ 33%]  (Sampling) 
Chain 4 Iteration: 1800 / 6000 [ 30%]  (Sampling) 
Chain 3 Iteration: 1700 / 6000 [ 28%]  (Sampling) 
Chain 2 Iteration: 1900 / 6000 [ 31%]  (Sampling) 
Chain 1 Iteration: 2100 / 6000 [ 35%]  (Sampling) 
Chain 4 Iteration: 1900 / 6000 [ 31%]  (Sampling) 
Chain 3 Iteration: 1800 / 6000 [ 30%]  (Sampling) 
Chain 1 Iteration: 2200 / 6000 [ 36%]  (Sampling) 
Chain 2 Iteration: 2000 / 6000 [ 33%]  (Sampling) 
Chain 4 Iteration: 2000 / 6000 [ 33%]  (Sampling) 
Chain 3 Iteration: 1900 / 6000 [ 31%]  (Sampling) 
Chain 1 Iteration: 2300 / 6000 [ 38%]  (Sampling) 
Chain 2 Iteration: 2100 / 6000 [ 35%]  (Sampling) 
Chain 4 Iteration: 2100 / 6000 [ 35%]  (Sampling) 
Chain 3 Iteration: 2000 / 6000 [ 33%]  (Sampling) 
Chain 1 Iteration: 2400 / 6000 [ 40%]  (Sampling) 
Chain 2 Iteration: 2200 / 6000 [ 36%]  (Sampling) 
Chain 4 Iteration: 2200 / 6000 [ 36%]  (Sampling) 
Chain 3 Iteration: 2100 / 6000 [ 35%]  (Sampling) 
Chain 1 Iteration: 2500 / 6000 [ 41%]  (Sampling) 
Chain 2 Iteration: 2300 / 6000 [ 38%]  (Sampling) 
Chain 4 Iteration: 2300 / 6000 [ 38%]  (Sampling) 
Chain 3 Iteration: 2200 / 6000 [ 36%]  (Sampling) 
Chain 1 Iteration: 2600 / 6000 [ 43%]  (Sampling) 
Chain 2 Iteration: 2400 / 6000 [ 40%]  (Sampling) 
Chain 4 Iteration: 2400 / 6000 [ 40%]  (Sampling) 
Chain 3 Iteration: 2300 / 6000 [ 38%]  (Sampling) 
Chain 1 Iteration: 2700 / 6000 [ 45%]  (Sampling) 
Chain 2 Iteration: 2500 / 6000 [ 41%]  (Sampling) 
Chain 4 Iteration: 2500 / 6000 [ 41%]  (Sampling) 
Chain 1 Iteration: 2800 / 6000 [ 46%]  (Sampling) 
Chain 3 Iteration: 2400 / 6000 [ 40%]  (Sampling) 
Chain 2 Iteration: 2600 / 6000 [ 43%]  (Sampling) 
Chain 4 Iteration: 2600 / 6000 [ 43%]  (Sampling) 
Chain 1 Iteration: 2900 / 6000 [ 48%]  (Sampling) 
Chain 3 Iteration: 2500 / 6000 [ 41%]  (Sampling) 
Chain 2 Iteration: 2700 / 6000 [ 45%]  (Sampling) 
Chain 4 Iteration: 2700 / 6000 [ 45%]  (Sampling) 
Chain 1 Iteration: 3000 / 6000 [ 50%]  (Sampling) 
Chain 3 Iteration: 2600 / 6000 [ 43%]  (Sampling) 
Chain 2 Iteration: 2800 / 6000 [ 46%]  (Sampling) 
Chain 4 Iteration: 2800 / 6000 [ 46%]  (Sampling) 
Chain 1 Iteration: 3100 / 6000 [ 51%]  (Sampling) 
Chain 3 Iteration: 2700 / 6000 [ 45%]  (Sampling) 
Chain 2 Iteration: 2900 / 6000 [ 48%]  (Sampling) 
Chain 1 Iteration: 3200 / 6000 [ 53%]  (Sampling) 
Chain 4 Iteration: 2900 / 6000 [ 48%]  (Sampling) 
Chain 3 Iteration: 2800 / 6000 [ 46%]  (Sampling) 
Chain 2 Iteration: 3000 / 6000 [ 50%]  (Sampling) 
Chain 1 Iteration: 3300 / 6000 [ 55%]  (Sampling) 
Chain 4 Iteration: 3000 / 6000 [ 50%]  (Sampling) 
Chain 3 Iteration: 2900 / 6000 [ 48%]  (Sampling) 
Chain 2 Iteration: 3100 / 6000 [ 51%]  (Sampling) 
Chain 1 Iteration: 3400 / 6000 [ 56%]  (Sampling) 
Chain 4 Iteration: 3100 / 6000 [ 51%]  (Sampling) 
Chain 3 Iteration: 3000 / 6000 [ 50%]  (Sampling) 
Chain 2 Iteration: 3200 / 6000 [ 53%]  (Sampling) 
Chain 1 Iteration: 3500 / 6000 [ 58%]  (Sampling) 
Chain 4 Iteration: 3200 / 6000 [ 53%]  (Sampling) 
Chain 3 Iteration: 3100 / 6000 [ 51%]  (Sampling) 
Chain 2 Iteration: 3300 / 6000 [ 55%]  (Sampling) 
Chain 1 Iteration: 3600 / 6000 [ 60%]  (Sampling) 
Chain 4 Iteration: 3300 / 6000 [ 55%]  (Sampling) 
Chain 3 Iteration: 3200 / 6000 [ 53%]  (Sampling) 
Chain 2 Iteration: 3400 / 6000 [ 56%]  (Sampling) 
Chain 1 Iteration: 3700 / 6000 [ 61%]  (Sampling) 
Chain 4 Iteration: 3400 / 6000 [ 56%]  (Sampling) 
Chain 3 Iteration: 3300 / 6000 [ 55%]  (Sampling) 
Chain 1 Iteration: 3800 / 6000 [ 63%]  (Sampling) 
Chain 2 Iteration: 3500 / 6000 [ 58%]  (Sampling) 
Chain 4 Iteration: 3500 / 6000 [ 58%]  (Sampling) 
Chain 1 Iteration: 3900 / 6000 [ 65%]  (Sampling) 
Chain 3 Iteration: 3400 / 6000 [ 56%]  (Sampling) 
Chain 2 Iteration: 3600 / 6000 [ 60%]  (Sampling) 
Chain 4 Iteration: 3600 / 6000 [ 60%]  (Sampling) 
Chain 1 Iteration: 4000 / 6000 [ 66%]  (Sampling) 
Chain 3 Iteration: 3500 / 6000 [ 58%]  (Sampling) 
Chain 2 Iteration: 3700 / 6000 [ 61%]  (Sampling) 
Chain 4 Iteration: 3700 / 6000 [ 61%]  (Sampling) 
Chain 1 Iteration: 4100 / 6000 [ 68%]  (Sampling) 
Chain 3 Iteration: 3600 / 6000 [ 60%]  (Sampling) 
Chain 2 Iteration: 3800 / 6000 [ 63%]  (Sampling) 
Chain 4 Iteration: 3800 / 6000 [ 63%]  (Sampling) 
Chain 1 Iteration: 4200 / 6000 [ 70%]  (Sampling) 
Chain 2 Iteration: 3900 / 6000 [ 65%]  (Sampling) 
Chain 3 Iteration: 3700 / 6000 [ 61%]  (Sampling) 
Chain 1 Iteration: 4300 / 6000 [ 71%]  (Sampling) 
Chain 4 Iteration: 3900 / 6000 [ 65%]  (Sampling) 
Chain 2 Iteration: 4000 / 6000 [ 66%]  (Sampling) 
Chain 3 Iteration: 3800 / 6000 [ 63%]  (Sampling) 
Chain 1 Iteration: 4400 / 6000 [ 73%]  (Sampling) 
Chain 4 Iteration: 4000 / 6000 [ 66%]  (Sampling) 
Chain 2 Iteration: 4100 / 6000 [ 68%]  (Sampling) 
Chain 3 Iteration: 3900 / 6000 [ 65%]  (Sampling) 
Chain 1 Iteration: 4500 / 6000 [ 75%]  (Sampling) 
Chain 4 Iteration: 4100 / 6000 [ 68%]  (Sampling) 
Chain 2 Iteration: 4200 / 6000 [ 70%]  (Sampling) 
Chain 3 Iteration: 4000 / 6000 [ 66%]  (Sampling) 
Chain 1 Iteration: 4600 / 6000 [ 76%]  (Sampling) 
Chain 4 Iteration: 4200 / 6000 [ 70%]  (Sampling) 
Chain 2 Iteration: 4300 / 6000 [ 71%]  (Sampling) 
Chain 1 Iteration: 4700 / 6000 [ 78%]  (Sampling) 
Chain 3 Iteration: 4100 / 6000 [ 68%]  (Sampling) 
Chain 4 Iteration: 4300 / 6000 [ 71%]  (Sampling) 
Chain 1 Iteration: 4800 / 6000 [ 80%]  (Sampling) 
Chain 2 Iteration: 4400 / 6000 [ 73%]  (Sampling) 
Chain 3 Iteration: 4200 / 6000 [ 70%]  (Sampling) 
Chain 4 Iteration: 4400 / 6000 [ 73%]  (Sampling) 
Chain 1 Iteration: 4900 / 6000 [ 81%]  (Sampling) 
Chain 2 Iteration: 4500 / 6000 [ 75%]  (Sampling) 
Chain 3 Iteration: 4300 / 6000 [ 71%]  (Sampling) 
Chain 4 Iteration: 4500 / 6000 [ 75%]  (Sampling) 
Chain 1 Iteration: 5000 / 6000 [ 83%]  (Sampling) 
Chain 2 Iteration: 4600 / 6000 [ 76%]  (Sampling) 
Chain 3 Iteration: 4400 / 6000 [ 73%]  (Sampling) 
Chain 4 Iteration: 4600 / 6000 [ 76%]  (Sampling) 
Chain 1 Iteration: 5100 / 6000 [ 85%]  (Sampling) 
Chain 2 Iteration: 4700 / 6000 [ 78%]  (Sampling) 
Chain 3 Iteration: 4500 / 6000 [ 75%]  (Sampling) 
Chain 4 Iteration: 4700 / 6000 [ 78%]  (Sampling) 
Chain 1 Iteration: 5200 / 6000 [ 86%]  (Sampling) 
Chain 2 Iteration: 4800 / 6000 [ 80%]  (Sampling) 
Chain 3 Iteration: 4600 / 6000 [ 76%]  (Sampling) 
Chain 1 Iteration: 5300 / 6000 [ 88%]  (Sampling) 
Chain 4 Iteration: 4800 / 6000 [ 80%]  (Sampling) 
Chain 2 Iteration: 4900 / 6000 [ 81%]  (Sampling) 
Chain 3 Iteration: 4700 / 6000 [ 78%]  (Sampling) 
Chain 1 Iteration: 5400 / 6000 [ 90%]  (Sampling) 
Chain 4 Iteration: 4900 / 6000 [ 81%]  (Sampling) 
Chain 2 Iteration: 5000 / 6000 [ 83%]  (Sampling) 
Chain 1 Iteration: 5500 / 6000 [ 91%]  (Sampling) 
Chain 3 Iteration: 4800 / 6000 [ 80%]  (Sampling) 
Chain 4 Iteration: 5000 / 6000 [ 83%]  (Sampling) 
Chain 2 Iteration: 5100 / 6000 [ 85%]  (Sampling) 
Chain 1 Iteration: 5600 / 6000 [ 93%]  (Sampling) 
Chain 3 Iteration: 4900 / 6000 [ 81%]  (Sampling) 
Chain 4 Iteration: 5100 / 6000 [ 85%]  (Sampling) 
Chain 2 Iteration: 5200 / 6000 [ 86%]  (Sampling) 
Chain 1 Iteration: 5700 / 6000 [ 95%]  (Sampling) 
Chain 3 Iteration: 5000 / 6000 [ 83%]  (Sampling) 
Chain 4 Iteration: 5200 / 6000 [ 86%]  (Sampling) 
Chain 2 Iteration: 5300 / 6000 [ 88%]  (Sampling) 
Chain 1 Iteration: 5800 / 6000 [ 96%]  (Sampling) 
Chain 3 Iteration: 5100 / 6000 [ 85%]  (Sampling) 
Chain 4 Iteration: 5300 / 6000 [ 88%]  (Sampling) 
Chain 2 Iteration: 5400 / 6000 [ 90%]  (Sampling) 
Chain 1 Iteration: 5900 / 6000 [ 98%]  (Sampling) 
Chain 3 Iteration: 5200 / 6000 [ 86%]  (Sampling) 
Chain 4 Iteration: 5400 / 6000 [ 90%]  (Sampling) 
Chain 1 Iteration: 6000 / 6000 [100%]  (Sampling) 
Chain 1 finished in 18397.0 seconds.
Chain 2 Iteration: 5500 / 6000 [ 91%]  (Sampling) 
Chain 3 Iteration: 5300 / 6000 [ 88%]  (Sampling) 
Chain 4 Iteration: 5500 / 6000 [ 91%]  (Sampling) 
Chain 2 Iteration: 5600 / 6000 [ 93%]  (Sampling) 
Chain 3 Iteration: 5400 / 6000 [ 90%]  (Sampling) 
Chain 4 Iteration: 5600 / 6000 [ 93%]  (Sampling) 
Chain 2 Iteration: 5700 / 6000 [ 95%]  (Sampling) 
Chain 3 Iteration: 5500 / 6000 [ 91%]  (Sampling) 
Chain 4 Iteration: 5700 / 6000 [ 95%]  (Sampling) 
Chain 2 Iteration: 5800 / 6000 [ 96%]  (Sampling) 
Chain 3 Iteration: 5600 / 6000 [ 93%]  (Sampling) 
Chain 4 Iteration: 5800 / 6000 [ 96%]  (Sampling) 
Chain 2 Iteration: 5900 / 6000 [ 98%]  (Sampling) 
Chain 3 Iteration: 5700 / 6000 [ 95%]  (Sampling) 
Chain 4 Iteration: 5900 / 6000 [ 98%]  (Sampling) 
Chain 2 Iteration: 6000 / 6000 [100%]  (Sampling) 
Chain 2 finished in 19834.6 seconds.
Chain 3 Iteration: 5800 / 6000 [ 96%]  (Sampling) 
Chain 4 Iteration: 6000 / 6000 [100%]  (Sampling) 
Chain 4 finished in 20033.3 seconds.
Chain 3 Iteration: 5900 / 6000 [ 98%]  (Sampling) 
Chain 3 Iteration: 6000 / 6000 [100%]  (Sampling) 
Chain 3 finished in 20538.2 seconds.

All 4 chains finished successfully.
Mean chain execution time: 19700.8 seconds.
Total execution time: 20539.2 seconds.

[1] "Processing draws 1 to 100"
[1] "Chunk time = 3.15652803977331"
[1] "Processing draws 101 to 200"
[1] "Chunk time = 2.34562315146128"
[1] "Processing draws 201 to 300"
[1] "Chunk time = 2.58367707331975"
[1] "Processing draws 301 to 400"
[1] "Chunk time = 2.09493975639343"
[1] "Processing draws 401 to 500"
[1] "Chunk time = 2.0123406291008"
[1] "Processing draws 501 to 600"
[1] "Chunk time = 1.99083422422409"
[1] "Processing draws 601 to 700"
[1] "Chunk time = 2.00686454375585"
[1] "Processing draws 701 to 800"
[1] "Chunk time = 2.19734738667806"
[1] "Processing draws 801 to 900"
[1] "Chunk time = 2.01328778266907"
[1] "Processing draws 901 to 1000"
[1] "Chunk time = 2.12545214891434"
[1] "Processing draws 1001 to 1100"
[1] "Chunk time = 2.0226062019666"
[1] "Processing draws 1101 to 1200"
[1] "Chunk time = 2.01898996829987"
[1] "Processing draws 1201 to 1300"
[1] "Chunk time = 2.1884557167689"
[1] "Processing draws 1301 to 1400"
[1] "Chunk time = 2.01086454788844"
[1] "Processing draws 1401 to 1500"
[1] "Chunk time = 2.01648511489232"
[1] "Processing draws 1501 to 1600"
[1] "Chunk time = 2.16313373645147"
[1] "Processing draws 1601 to 1700"
[1] "Chunk time = 2.00024782419205"
[1] "Processing draws 1701 to 1800"
[1] "Chunk time = 1.98262552817663"
[1] "Processing draws 1801 to 1900"
[1] "Chunk time = 2.16057942708333"
[1] "Processing draws 1901 to 2000"
[1] "Chunk time = 2.04270139137904"
[1] "Processing draws 2001 to 2100"
[1] "Chunk time = 1.99337060451508"
[1] "Processing draws 2101 to 2200"
[1] "Chunk time = 2.13523375193278"
[1] "Processing draws 2201 to 2300"
[1] "Chunk time = 1.96459418137868"
[1] "Processing draws 2301 to 2400"
[1] "Chunk time = 1.98778448104858"
[1] "Processing draws 2401 to 2500"
[1] "Chunk time = 2.10851527849833"
[1] "Processing draws 2501 to 2600"
[1] "Chunk time = 1.96811199982961"
[1] "Processing draws 2601 to 2700"
[1] "Chunk time = 2.00312883853912"
[1] "Processing draws 2701 to 2800"
[1] "Chunk time = 2.14557315508525"
[1] "Processing draws 2801 to 2900"
[1] "Chunk time = 1.98052486181259"
[1] "Processing draws 2901 to 3000"
[1] "Chunk time = 1.9851269642512"
[1] "Processing draws 3001 to 3100"
[1] "Chunk time = 2.12840424378713"
[1] "Processing draws 3101 to 3200"
[1] "Chunk time = 1.9928861896197"
[1] "Processing draws 3201 to 3300"
[1] "Chunk time = 1.99324256181717"
[1] "Processing draws 3301 to 3400"
[1] "Chunk time = 2.12806343634923"
[1] "Processing draws 3401 to 3500"
[1] "Chunk time = 1.98015853961309"
[1] "Processing draws 3501 to 3600"
[1] "Chunk time = 1.99545729955037"
[1] "Processing draws 3601 to 3700"
[1] "Chunk time = 2.11274303595225"
[1] "Processing draws 3701 to 3800"
[1] "Chunk time = 1.98005541960398"
[1] "Processing draws 3801 to 3900"
[1] "Chunk time = 1.9679515838623"
[1] "Processing draws 3901 to 4000"
[1] "Chunk time = 2.14406905968984"
[1] "Processing draws 4001 to 4100"
[1] "Chunk time = 2.08906451463699"
[1] "Processing draws 4101 to 4200"
[1] "Chunk time = 1.99105004072189"
[1] "Processing draws 4201 to 4300"
[1] "Chunk time = 2.14300167560577"
[1] "Processing draws 4301 to 4400"
[1] "Chunk time = 2.0109553694725"
[1] "Processing draws 4401 to 4500"
[1] "Chunk time = 2.00697196722031"
[1] "Processing draws 4501 to 4600"
[1] "Chunk time = 2.1103172938029"
[1] "Processing draws 4601 to 4700"
[1] "Chunk time = 1.99807562828064"
[1] "Processing draws 4701 to 4800"
[1] "Chunk time = 2.02321064472198"
[1] "Processing draws 4801 to 4900"
[1] "Chunk time = 2.07985618114471"
[1] "Processing draws 4901 to 5000"
[1] "Chunk time = 2.01215984026591"
[1] "Processing draws 5001 to 5100"
[1] "Chunk time = 2.01105493704478"
[1] "Processing draws 5101 to 5200"
[1] "Chunk time = 2.10676553646723"
[1] "Processing draws 5201 to 5300"
[1] "Chunk time = 2.0065601905187"
[1] "Processing draws 5301 to 5400"
[1] "Chunk time = 1.99108755191167"
[1] "Processing draws 5401 to 5500"
[1] "Chunk time = 2.10342141787211"
[1] "Processing draws 5501 to 5600"
[1] "Chunk time = 2.04045508702596"
[1] "Processing draws 5601 to 5700"
[1] "Chunk time = 1.99197960694631"
[1] "Processing draws 5701 to 5800"
[1] "Chunk time = 2.14322408040365"
[1] "Processing draws 5801 to 5900"
[1] "Chunk time = 2.00126401583354"
[1] "Processing draws 5901 to 6000"
[1] "Chunk time = 2.00598672231038"
[1] "Processing draws 6001 to 6100"
[1] "Chunk time = 2.06903629700343"
[1] "Processing draws 6101 to 6200"
[1] "Chunk time = 1.98720985651016"
[1] "Processing draws 6201 to 6300"
[1] "Chunk time = 1.97782182693481"
[1] "Processing draws 6301 to 6400"
[1] "Chunk time = 2.0562859972318"
[1] "Processing draws 6401 to 6500"
[1] "Chunk time = 1.99578791062037"
[1] "Processing draws 6501 to 6600"
[1] "Chunk time = 1.97103481690089"
[1] "Processing draws 6601 to 6700"
[1] "Chunk time = 2.02752537329992"
[1] "Processing draws 6701 to 6800"
[1] "Chunk time = 1.9544646581014"
[1] "Processing draws 6801 to 6900"
[1] "Chunk time = 1.94420253038406"
[1] "Processing draws 6901 to 7000"
[1] "Chunk time = 2.05693117380142"
[1] "Processing draws 7001 to 7100"
[1] "Chunk time = 1.97343634366989"
[1] "Processing draws 7101 to 7200"
[1] "Chunk time = 1.96139888763428"
[1] "Processing draws 7201 to 7300"
[1] "Chunk time = 2.05510269403458"
[1] "Processing draws 7301 to 7400"
[1] "Chunk time = 1.93467307090759"
[1] "Processing draws 7401 to 7500"
[1] "Chunk time = 1.8850448568662"
[1] "Processing draws 7501 to 7600"
[1] "Chunk time = 2.06187922954559"
[1] "Processing draws 7601 to 7700"
[1] "Chunk time = 1.90038675864538"
[1] "Processing draws 7701 to 7800"
[1] "Chunk time = 1.90020888646444"
[1] "Processing draws 7801 to 7900"
[1] "Chunk time = 2.05250424941381"
[1] "Processing draws 7901 to 8000"
[1] "Chunk time = 1.91627550125122"
[1] "Processing draws 8001 to 8100"
[1] "Chunk time = 1.91630779504776"
[1] "Processing draws 8101 to 8200"
[1] "Chunk time = 2.04774717887243"
[1] "Processing draws 8201 to 8300"
[1] "Chunk time = 1.94262407223384"
[1] "Processing draws 8301 to 8400"
[1] "Chunk time = 1.97118512392044"
[1] "Processing draws 8401 to 8500"
[1] "Chunk time = 1.93912128607432"
[1] "Processing draws 8501 to 8600"
[1] "Chunk time = 1.9435976823171"
[1] "Processing draws 8601 to 8700"
[1] "Chunk time = 1.90094618797302"
[1] "Processing draws 8701 to 8800"
[1] "Chunk time = 2.06531718174617"
[1] "Processing draws 8801 to 8900"
[1] "Chunk time = 1.93637292782466"
[1] "Processing draws 8901 to 9000"
[1] "Chunk time = 1.98449424505234"
[1] "Processing draws 9001 to 9100"
[1] "Chunk time = 2.07508689959844"
[1] "Processing draws 9101 to 9200"
[1] "Chunk time = 1.97711526552836"
[1] "Processing draws 9201 to 9300"
[1] "Chunk time = 1.93931590716044"
[1] "Processing draws 9301 to 9400"
[1] "Chunk time = 2.0775527437528"
[1] "Processing draws 9401 to 9500"
[1] "Chunk time = 1.96157764196396"
[1] "Processing draws 9501 to 9600"
[1] "Chunk time = 1.96453911066055"
[1] "Processing draws 9601 to 9700"
[1] "Chunk time = 2.07349473635356"
[1] "Processing draws 9701 to 9800"
[1] "Chunk time = 1.95223979949951"
[1] "Processing draws 9801 to 9900"
[1] "Chunk time = 1.93755216598511"
[1] "Processing draws 9901 to 10000"
[1] "Chunk time = 2.09533259868622"
[1] "Processing draws 10001 to 10100"
[1] "Chunk time = 1.94136048555374"
[1] "Processing draws 10101 to 10200"
[1] "Chunk time = 1.949043293794"
[1] "Processing draws 10201 to 10300"
[1] "Chunk time = 2.08370362520218"
[1] "Processing draws 10301 to 10400"
[1] "Chunk time = 1.98891872564952"
[1] "Processing draws 10401 to 10500"
[1] "Chunk time = 1.96499065558116"
[1] "Processing draws 10501 to 10600"
[1] "Chunk time = 2.07383916775386"
[1] "Processing draws 10601 to 10700"
[1] "Chunk time = 1.94094317356745"
[1] "Processing draws 10701 to 10800"
[1] "Chunk time = 1.9634863893191"
[1] "Processing draws 10801 to 10900"
[1] "Chunk time = 2.08255756298701"
[1] "Processing draws 10901 to 11000"
[1] "Chunk time = 1.95411329269409"
[1] "Processing draws 11001 to 11100"
[1] "Chunk time = 1.96904578606288"
[1] "Processing draws 11101 to 11200"
[1] "Chunk time = 2.07626262505849"
[1] "Processing draws 11201 to 11300"
[1] "Chunk time = 1.93964859247208"
[1] "Processing draws 11301 to 11400"
[1] "Chunk time = 1.94771939516068"
[1] "Processing draws 11401 to 11500"
[1] "Chunk time = 2.07067554791768"
[1] "Processing draws 11501 to 11600"
[1] "Chunk time = 1.99012072881063"
[1] "Processing draws 11601 to 11700"
[1] "Chunk time = 1.95109117825826"
[1] "Processing draws 11701 to 11800"
[1] "Chunk time = 2.0860221862793"
[1] "Processing draws 11801 to 11900"
[1] "Chunk time = 1.95556335846583"
[1] "Processing draws 11901 to 12000"
[1] "Chunk time = 1.98141210873922"
[1] "Processing draws 12001 to 12100"
[1] "Chunk time = 2.08774483203888"
[1] "Processing draws 12101 to 12200"
[1] "Chunk time = 1.94061539967855"
[1] "Processing draws 12201 to 12300"
[1] "Chunk time = 1.94832072257996"
[1] "Processing draws 12301 to 12400"
[1] "Chunk time = 2.08951394955317"
[1] "Processing draws 12401 to 12500"
[1] "Chunk time = 1.97146996657054"
[1] "Processing draws 12501 to 12600"
[1] "Chunk time = 1.95423384904861"
[1] "Processing draws 12601 to 12700"
[1] "Chunk time = 2.06045823494593"
[1] "Processing draws 12701 to 12800"
[1] "Chunk time = 1.95673371553421"
[1] "Processing draws 12801 to 12900"
[1] "Chunk time = 1.93977833588918"
[1] "Processing draws 12901 to 13000"
[1] "Chunk time = 2.06871253252029"
[1] "Processing draws 13001 to 13100"
[1] "Chunk time = 1.97994781335195"
[1] "Processing draws 13101 to 13200"
[1] "Chunk time = 1.97007809480031"
[1] "Processing draws 13201 to 13300"
[1] "Chunk time = 2.03116154670715"
[1] "Processing draws 13301 to 13400"
[1] "Chunk time = 1.93492134014765"
[1] "Processing draws 13401 to 13500"
[1] "Chunk time = 1.94991401831309"
[1] "Processing draws 13501 to 13600"
[1] "Chunk time = 2.09115479787191"
[1] "Processing draws 13601 to 13700"
[1] "Chunk time = 1.96668299039205"
[1] "Processing draws 13701 to 13800"
[1] "Chunk time = 1.93602060874303"
[1] "Processing draws 13801 to 13900"
[1] "Chunk time = 2.04796052773794"
[1] "Processing draws 13901 to 14000"
[1] "Chunk time = 1.97780743042628"
[1] "Processing draws 14001 to 14100"
[1] "Chunk time = 1.94040024280548"
[1] "Processing draws 14101 to 14200"
[1] "Chunk time = 2.0598943511645"
[1] "Processing draws 14201 to 14300"
[1] "Chunk time = 1.95792374213537"
[1] "Processing draws 14301 to 14400"
[1] "Chunk time = 1.99305318196615"
[1] "Processing draws 14401 to 14500"
[1] "Chunk time = 2.07670796314875"
[1] "Processing draws 14501 to 14600"
[1] "Chunk time = 1.98771745761236"
[1] "Processing draws 14601 to 14700"
[1] "Chunk time = 1.93177370230357"
[1] "Processing draws 14701 to 14800"
[1] "Chunk time = 2.07385266621908"
[1] "Processing draws 14801 to 14900"
[1] "Chunk time = 1.91748863458633"
[1] "Processing draws 14901 to 15000"
[1] "Chunk time = 1.93372073570887"
[1] "Processing draws 15001 to 15100"
[1] "Chunk time = 1.99906325340271"
[1] "Processing draws 15101 to 15200"
[1] "Chunk time = 1.97712989648183"
[1] "Processing draws 15201 to 15300"
[1] "Chunk time = 1.97548865874608"
[1] "Processing draws 15301 to 15400"
[1] "Chunk time = 2.05963867505391"
[1] "Processing draws 15401 to 15500"
[1] "Chunk time = 1.92204785744349"
[1] "Processing draws 15501 to 15600"
[1] "Chunk time = 1.99742821455002"
[1] "Processing draws 15601 to 15700"
[1] "Chunk time = 2.02297724485397"
[1] "Processing draws 15701 to 15800"
[1] "Chunk time = 2.00785806179047"
[1] "Processing draws 15801 to 15900"
[1] "Chunk time = 1.92278602520625"
[1] "Processing draws 15901 to 16000"
[1] "Chunk time = 2.10082534948985"
[1] "Processing draws 16001 to 16100"
[1] "Chunk time = 1.9278814236323"
[1] "Processing draws 16101 to 16200"
[1] "Chunk time = 1.90259354909261"
[1] "Processing draws 16201 to 16300"
[1] "Chunk time = 2.04344636996587"
[1] "Processing draws 16301 to 16400"
[1] "Chunk time = 2.05177877346675"
[1] "Processing draws 16401 to 16500"
[1] "Chunk time = 1.96495368878047"
[1] "Processing draws 16501 to 16600"
[1] "Chunk time = 2.08858246803284"
[1] "Processing draws 16601 to 16700"
[1] "Chunk time = 1.96274365584056"
[1] "Processing draws 16701 to 16800"
[1] "Chunk time = 1.9894869685173"
[1] "Processing draws 16801 to 16900"
[1] "Chunk time = 2.06175097227097"
[1] "Processing draws 16901 to 17000"
[1] "Chunk time = 1.91636433204015"
[1] "Processing draws 17001 to 17100"
[1] "Chunk time = 1.91785041491191"
[1] "Processing draws 17101 to 17200"
[1] "Chunk time = 2.06816190083822"
[1] "Processing draws 17201 to 17300"
[1] "Chunk time = 1.91072387695312"
[1] "Processing draws 17301 to 17400"
[1] "Chunk time = 1.98237760861715"
[1] "Processing draws 17401 to 17500"
[1] "Chunk time = 2.06749802430471"
[1] "Processing draws 17501 to 17600"
[1] "Chunk time = 2.01303184429805"
[1] "Processing draws 17601 to 17700"
[1] "Chunk time = 1.90978498856227"
[1] "Processing draws 17701 to 17800"
[1] "Chunk time = 2.10075986385345"
[1] "Processing draws 17801 to 17900"
[1] "Chunk time = 1.98486641645432"
[1] "Processing draws 17901 to 18000"
[1] "Chunk time = 2.01949818531672"
[1] "Processing draws 18001 to 18100"
[1] "Chunk time = 2.10482040246328"
[1] "Processing draws 18101 to 18200"
[1] "Chunk time = 1.94817377726237"
[1] "Processing draws 18201 to 18300"
[1] "Chunk time = 1.94195206562678"
[1] "Processing draws 18301 to 18400"
[1] "Chunk time = 2.09298822482427"
[1] "Processing draws 18401 to 18500"
[1] "Chunk time = 1.92196693023046"
[1] "Processing draws 18501 to 18600"
[1] "Chunk time = 1.99900411367416"
[1] "Processing draws 18601 to 18700"
[1] "Chunk time = 2.0922952969869"
[1] "Processing draws 18701 to 18800"
[1] "Chunk time = 2.02368130683899"
[1] "Processing draws 18801 to 18900"
[1] "Chunk time = 1.9195613304774"
[1] "Processing draws 18901 to 19000"
[1] "Chunk time = 2.06114951769511"
[1] "Processing draws 19001 to 19100"
[1] "Chunk time = 1.99719457626343"
[1] "Processing draws 19101 to 19200"
[1] "Chunk time = 2.01660716931025"
[1] "Processing draws 19201 to 19300"
[1] "Chunk time = 2.06966680288315"
[1] "Processing draws 19301 to 19400"
[1] "Chunk time = 1.91534906625748"
[1] "Processing draws 19401 to 19500"
[1] "Chunk time = 1.99824759960175"
[1] "Processing draws 19501 to 19600"
[1] "Chunk time = 2.10375231901805"
[1] "Processing draws 19601 to 19700"
[1] "Chunk time = 1.92131071090698"
[1] "Processing draws 19701 to 19800"
[1] "Chunk time = 1.92444357872009"
[1] "Processing draws 19801 to 19900"
[1] "Chunk time = 2.06052792072296"
[1] "Processing draws 19901 to 20000"
[1] "Chunk time = 1.94846877257029"
[1] "done lapplying"
[1] "Saving current params"
[1] "Saving params to output.rds"
[1] TRUE
[1] "Time for modelling:"
[1] "2025-07-03 02:06:28 EDT"
[1] "Time for posterior computations:"
Time difference of 6.745886 hours
[1] "Total time:"
[1] "2025-07-03 08:51:13 EDT"
