[1] "Starting sampling."
Running MCMC with 4 parallel chains, with 4 thread(s) per chain...

Chain 1 Iteration:    1 / 6000 [  0%]  (Warmup) 
Chain 2 Iteration:    1 / 6000 [  0%]  (Warmup) 
Chain 3 Iteration:    1 / 6000 [  0%]  (Warmup) 
Chain 4 Iteration:    1 / 6000 [  0%]  (Warmup) 
Chain 4 Iteration:  100 / 6000 [  1%]  (Warmup) 
Chain 2 Iteration:  100 / 6000 [  1%]  (Warmup) 
Chain 3 Iteration:  100 / 6000 [  1%]  (Warmup) 
Chain 1 Iteration:  100 / 6000 [  1%]  (Warmup) 
Chain 4 Iteration:  200 / 6000 [  3%]  (Warmup) 
Chain 3 Iteration:  200 / 6000 [  3%]  (Warmup) 
Chain 2 Iteration:  200 / 6000 [  3%]  (Warmup) 
Chain 1 Iteration:  200 / 6000 [  3%]  (Warmup) 
Chain 3 Iteration:  300 / 6000 [  5%]  (Warmup) 
Chain 2 Iteration:  300 / 6000 [  5%]  (Warmup) 
Chain 4 Iteration:  300 / 6000 [  5%]  (Warmup) 
Chain 1 Iteration:  300 / 6000 [  5%]  (Warmup) 
Chain 2 Iteration:  400 / 6000 [  6%]  (Warmup) 
Chain 3 Iteration:  400 / 6000 [  6%]  (Warmup) 
Chain 4 Iteration:  400 / 6000 [  6%]  (Warmup) 
Chain 1 Iteration:  400 / 6000 [  6%]  (Warmup) 
Chain 2 Iteration:  500 / 6000 [  8%]  (Warmup) 
Chain 3 Iteration:  500 / 6000 [  8%]  (Warmup) 
Chain 4 Iteration:  500 / 6000 [  8%]  (Warmup) 
Chain 1 Iteration:  500 / 6000 [  8%]  (Warmup) 
Chain 2 Iteration:  600 / 6000 [ 10%]  (Warmup) 
Chain 3 Iteration:  600 / 6000 [ 10%]  (Warmup) 
Chain 4 Iteration:  600 / 6000 [ 10%]  (Warmup) 
Chain 1 Iteration:  600 / 6000 [ 10%]  (Warmup) 
Chain 2 Iteration:  700 / 6000 [ 11%]  (Warmup) 
Chain 3 Iteration:  700 / 6000 [ 11%]  (Warmup) 
Chain 4 Iteration:  700 / 6000 [ 11%]  (Warmup) 
Chain 1 Iteration:  700 / 6000 [ 11%]  (Warmup) 
Chain 2 Iteration:  800 / 6000 [ 13%]  (Warmup) 
Chain 3 Iteration:  800 / 6000 [ 13%]  (Warmup) 
Chain 4 Iteration:  800 / 6000 [ 13%]  (Warmup) 
Chain 1 Iteration:  800 / 6000 [ 13%]  (Warmup) 
Chain 2 Iteration:  900 / 6000 [ 15%]  (Warmup) 
Chain 3 Iteration:  900 / 6000 [ 15%]  (Warmup) 
Chain 4 Iteration:  900 / 6000 [ 15%]  (Warmup) 
Chain 1 Iteration:  900 / 6000 [ 15%]  (Warmup) 
Chain 2 Iteration: 1000 / 6000 [ 16%]  (Warmup) 
Chain 2 Iteration: 1001 / 6000 [ 16%]  (Sampling) 
Chain 3 Iteration: 1000 / 6000 [ 16%]  (Warmup) 
Chain 3 Iteration: 1001 / 6000 [ 16%]  (Sampling) 
Chain 4 Iteration: 1000 / 6000 [ 16%]  (Warmup) 
Chain 4 Iteration: 1001 / 6000 [ 16%]  (Sampling) 
Chain 1 Iteration: 1000 / 6000 [ 16%]  (Warmup) 
Chain 1 Iteration: 1001 / 6000 [ 16%]  (Sampling) 
Chain 3 Iteration: 1100 / 6000 [ 18%]  (Sampling) 
Chain 2 Iteration: 1100 / 6000 [ 18%]  (Sampling) 
Chain 3 Iteration: 1200 / 6000 [ 20%]  (Sampling) 
Chain 4 Iteration: 1100 / 6000 [ 18%]  (Sampling) 
Chain 1 Iteration: 1100 / 6000 [ 18%]  (Sampling) 
Chain 3 Iteration: 1300 / 6000 [ 21%]  (Sampling) 
Chain 2 Iteration: 1200 / 6000 [ 20%]  (Sampling) 
Chain 3 Iteration: 1400 / 6000 [ 23%]  (Sampling) 
Chain 4 Iteration: 1200 / 6000 [ 20%]  (Sampling) 
Chain 1 Iteration: 1200 / 6000 [ 20%]  (Sampling) 
Chain 3 Iteration: 1500 / 6000 [ 25%]  (Sampling) 
Chain 2 Iteration: 1300 / 6000 [ 21%]  (Sampling) 
Chain 3 Iteration: 1600 / 6000 [ 26%]  (Sampling) 
Chain 4 Iteration: 1300 / 6000 [ 21%]  (Sampling) 
Chain 1 Iteration: 1300 / 6000 [ 21%]  (Sampling) 
Chain 3 Iteration: 1700 / 6000 [ 28%]  (Sampling) 
Chain 2 Iteration: 1400 / 6000 [ 23%]  (Sampling) 
Chain 3 Iteration: 1800 / 6000 [ 30%]  (Sampling) 
Chain 4 Iteration: 1400 / 6000 [ 23%]  (Sampling) 
Chain 1 Iteration: 1400 / 6000 [ 23%]  (Sampling) 
Chain 3 Iteration: 1900 / 6000 [ 31%]  (Sampling) 
Chain 2 Iteration: 1500 / 6000 [ 25%]  (Sampling) 
Chain 3 Iteration: 2000 / 6000 [ 33%]  (Sampling) 
Chain 4 Iteration: 1500 / 6000 [ 25%]  (Sampling) 
Chain 1 Iteration: 1500 / 6000 [ 25%]  (Sampling) 
Chain 3 Iteration: 2100 / 6000 [ 35%]  (Sampling) 
Chain 2 Iteration: 1600 / 6000 [ 26%]  (Sampling) 
Chain 3 Iteration: 2200 / 6000 [ 36%]  (Sampling) 
Chain 4 Iteration: 1600 / 6000 [ 26%]  (Sampling) 
Chain 1 Iteration: 1600 / 6000 [ 26%]  (Sampling) 
Chain 3 Iteration: 2300 / 6000 [ 38%]  (Sampling) 
Chain 2 Iteration: 1700 / 6000 [ 28%]  (Sampling) 
Chain 3 Iteration: 2400 / 6000 [ 40%]  (Sampling) 
Chain 4 Iteration: 1700 / 6000 [ 28%]  (Sampling) 
Chain 1 Iteration: 1700 / 6000 [ 28%]  (Sampling) 
Chain 3 Iteration: 2500 / 6000 [ 41%]  (Sampling) 
Chain 2 Iteration: 1800 / 6000 [ 30%]  (Sampling) 
Chain 3 Iteration: 2600 / 6000 [ 43%]  (Sampling) 
Chain 4 Iteration: 1800 / 6000 [ 30%]  (Sampling) 
Chain 1 Iteration: 1800 / 6000 [ 30%]  (Sampling) 
Chain 3 Iteration: 2700 / 6000 [ 45%]  (Sampling) 
Chain 2 Iteration: 1900 / 6000 [ 31%]  (Sampling) 
Chain 3 Iteration: 2800 / 6000 [ 46%]  (Sampling) 
Chain 4 Iteration: 1900 / 6000 [ 31%]  (Sampling) 
Chain 1 Iteration: 1900 / 6000 [ 31%]  (Sampling) 
Chain 3 Iteration: 2900 / 6000 [ 48%]  (Sampling) 
Chain 2 Iteration: 2000 / 6000 [ 33%]  (Sampling) 
Chain 3 Iteration: 3000 / 6000 [ 50%]  (Sampling) 
Chain 4 Iteration: 2000 / 6000 [ 33%]  (Sampling) 
Chain 1 Iteration: 2000 / 6000 [ 33%]  (Sampling) 
Chain 3 Iteration: 3100 / 6000 [ 51%]  (Sampling) 
Chain 2 Iteration: 2100 / 6000 [ 35%]  (Sampling) 
Chain 3 Iteration: 3200 / 6000 [ 53%]  (Sampling) 
Chain 4 Iteration: 2100 / 6000 [ 35%]  (Sampling) 
Chain 1 Iteration: 2100 / 6000 [ 35%]  (Sampling) 
Chain 3 Iteration: 3300 / 6000 [ 55%]  (Sampling) 
Chain 2 Iteration: 2200 / 6000 [ 36%]  (Sampling) 
Chain 3 Iteration: 3400 / 6000 [ 56%]  (Sampling) 
Chain 4 Iteration: 2200 / 6000 [ 36%]  (Sampling) 
Chain 1 Iteration: 2200 / 6000 [ 36%]  (Sampling) 
Chain 3 Iteration: 3500 / 6000 [ 58%]  (Sampling) 
Chain 2 Iteration: 2300 / 6000 [ 38%]  (Sampling) 
Chain 3 Iteration: 3600 / 6000 [ 60%]  (Sampling) 
Chain 4 Iteration: 2300 / 6000 [ 38%]  (Sampling) 
Chain 1 Iteration: 2300 / 6000 [ 38%]  (Sampling) 
Chain 3 Iteration: 3700 / 6000 [ 61%]  (Sampling) 
Chain 2 Iteration: 2400 / 6000 [ 40%]  (Sampling) 
Chain 3 Iteration: 3800 / 6000 [ 63%]  (Sampling) 
Chain 4 Iteration: 2400 / 6000 [ 40%]  (Sampling) 
Chain 1 Iteration: 2400 / 6000 [ 40%]  (Sampling) 
Chain 3 Iteration: 3900 / 6000 [ 65%]  (Sampling) 
Chain 2 Iteration: 2500 / 6000 [ 41%]  (Sampling) 
Chain 3 Iteration: 4000 / 6000 [ 66%]  (Sampling) 
Chain 4 Iteration: 2500 / 6000 [ 41%]  (Sampling) 
Chain 1 Iteration: 2500 / 6000 [ 41%]  (Sampling) 
Chain 2 Iteration: 2600 / 6000 [ 43%]  (Sampling) 
Chain 3 Iteration: 4100 / 6000 [ 68%]  (Sampling) 
Chain 3 Iteration: 4200 / 6000 [ 70%]  (Sampling) 
Chain 1 Iteration: 2600 / 6000 [ 43%]  (Sampling) 
Chain 4 Iteration: 2600 / 6000 [ 43%]  (Sampling) 
Chain 2 Iteration: 2700 / 6000 [ 45%]  (Sampling) 
Chain 3 Iteration: 4300 / 6000 [ 71%]  (Sampling) 
Chain 3 Iteration: 4400 / 6000 [ 73%]  (Sampling) 
Chain 1 Iteration: 2700 / 6000 [ 45%]  (Sampling) 
Chain 4 Iteration: 2700 / 6000 [ 45%]  (Sampling) 
Chain 2 Iteration: 2800 / 6000 [ 46%]  (Sampling) 
Chain 3 Iteration: 4500 / 6000 [ 75%]  (Sampling) 
Chain 3 Iteration: 4600 / 6000 [ 76%]  (Sampling) 
Chain 1 Iteration: 2800 / 6000 [ 46%]  (Sampling) 
Chain 4 Iteration: 2800 / 6000 [ 46%]  (Sampling) 
Chain 2 Iteration: 2900 / 6000 [ 48%]  (Sampling) 
Chain 3 Iteration: 4700 / 6000 [ 78%]  (Sampling) 
Chain 3 Iteration: 4800 / 6000 [ 80%]  (Sampling) 
Chain 1 Iteration: 2900 / 6000 [ 48%]  (Sampling) 
Chain 4 Iteration: 2900 / 6000 [ 48%]  (Sampling) 
Chain 2 Iteration: 3000 / 6000 [ 50%]  (Sampling) 
Chain 3 Iteration: 4900 / 6000 [ 81%]  (Sampling) 
Chain 3 Iteration: 5000 / 6000 [ 83%]  (Sampling) 
Chain 1 Iteration: 3000 / 6000 [ 50%]  (Sampling) 
Chain 4 Iteration: 3000 / 6000 [ 50%]  (Sampling) 
Chain 2 Iteration: 3100 / 6000 [ 51%]  (Sampling) 
Chain 3 Iteration: 5100 / 6000 [ 85%]  (Sampling) 
Chain 3 Iteration: 5200 / 6000 [ 86%]  (Sampling) 
Chain 1 Iteration: 3100 / 6000 [ 51%]  (Sampling) 
Chain 4 Iteration: 3100 / 6000 [ 51%]  (Sampling) 
Chain 2 Iteration: 3200 / 6000 [ 53%]  (Sampling) 
Chain 3 Iteration: 5300 / 6000 [ 88%]  (Sampling) 
Chain 3 Iteration: 5400 / 6000 [ 90%]  (Sampling) 
Chain 1 Iteration: 3200 / 6000 [ 53%]  (Sampling) 
Chain 4 Iteration: 3200 / 6000 [ 53%]  (Sampling) 
Chain 2 Iteration: 3300 / 6000 [ 55%]  (Sampling) 
Chain 3 Iteration: 5500 / 6000 [ 91%]  (Sampling) 
Chain 3 Iteration: 5600 / 6000 [ 93%]  (Sampling) 
Chain 1 Iteration: 3300 / 6000 [ 55%]  (Sampling) 
Chain 4 Iteration: 3300 / 6000 [ 55%]  (Sampling) 
Chain 2 Iteration: 3400 / 6000 [ 56%]  (Sampling) 
Chain 3 Iteration: 5700 / 6000 [ 95%]  (Sampling) 
Chain 3 Iteration: 5800 / 6000 [ 96%]  (Sampling) 
Chain 1 Iteration: 3400 / 6000 [ 56%]  (Sampling) 
Chain 4 Iteration: 3400 / 6000 [ 56%]  (Sampling) 
Chain 2 Iteration: 3500 / 6000 [ 58%]  (Sampling) 
Chain 3 Iteration: 5900 / 6000 [ 98%]  (Sampling) 
Chain 3 Iteration: 6000 / 6000 [100%]  (Sampling) 
Chain 3 finished in 27792.6 seconds.
Chain 1 Iteration: 3500 / 6000 [ 58%]  (Sampling) 
Chain 4 Iteration: 3500 / 6000 [ 58%]  (Sampling) 
Chain 2 Iteration: 3600 / 6000 [ 60%]  (Sampling) 
Chain 1 Iteration: 3600 / 6000 [ 60%]  (Sampling) 
Chain 4 Iteration: 3600 / 6000 [ 60%]  (Sampling) 
Chain 2 Iteration: 3700 / 6000 [ 61%]  (Sampling) 
Chain 1 Iteration: 3700 / 6000 [ 61%]  (Sampling) 
Chain 4 Iteration: 3700 / 6000 [ 61%]  (Sampling) 
Chain 2 Iteration: 3800 / 6000 [ 63%]  (Sampling) 
Chain 1 Iteration: 3800 / 6000 [ 63%]  (Sampling) 
Chain 4 Iteration: 3800 / 6000 [ 63%]  (Sampling) 
Chain 2 Iteration: 3900 / 6000 [ 65%]  (Sampling) 
Chain 1 Iteration: 3900 / 6000 [ 65%]  (Sampling) 
Chain 4 Iteration: 3900 / 6000 [ 65%]  (Sampling) 
Chain 2 Iteration: 4000 / 6000 [ 66%]  (Sampling) 
Chain 1 Iteration: 4000 / 6000 [ 66%]  (Sampling) 
Chain 4 Iteration: 4000 / 6000 [ 66%]  (Sampling) 
Chain 2 Iteration: 4100 / 6000 [ 68%]  (Sampling) 
Chain 1 Iteration: 4100 / 6000 [ 68%]  (Sampling) 
Chain 4 Iteration: 4100 / 6000 [ 68%]  (Sampling) 
Chain 2 Iteration: 4200 / 6000 [ 70%]  (Sampling) 
Chain 1 Iteration: 4200 / 6000 [ 70%]  (Sampling) 
Chain 4 Iteration: 4200 / 6000 [ 70%]  (Sampling) 
Chain 2 Iteration: 4300 / 6000 [ 71%]  (Sampling) 
Chain 1 Iteration: 4300 / 6000 [ 71%]  (Sampling) 
Chain 4 Iteration: 4300 / 6000 [ 71%]  (Sampling) 
Chain 2 Iteration: 4400 / 6000 [ 73%]  (Sampling) 
Chain 1 Iteration: 4400 / 6000 [ 73%]  (Sampling) 
Chain 4 Iteration: 4400 / 6000 [ 73%]  (Sampling) 
Chain 2 Iteration: 4500 / 6000 [ 75%]  (Sampling) 
Chain 1 Iteration: 4500 / 6000 [ 75%]  (Sampling) 
Chain 4 Iteration: 4500 / 6000 [ 75%]  (Sampling) 
Chain 2 Iteration: 4600 / 6000 [ 76%]  (Sampling) 
Chain 1 Iteration: 4600 / 6000 [ 76%]  (Sampling) 
Chain 4 Iteration: 4600 / 6000 [ 76%]  (Sampling) 
Chain 2 Iteration: 4700 / 6000 [ 78%]  (Sampling) 
Chain 1 Iteration: 4700 / 6000 [ 78%]  (Sampling) 
Chain 4 Iteration: 4700 / 6000 [ 78%]  (Sampling) 
Chain 2 Iteration: 4800 / 6000 [ 80%]  (Sampling) 
Chain 1 Iteration: 4800 / 6000 [ 80%]  (Sampling) 
Chain 4 Iteration: 4800 / 6000 [ 80%]  (Sampling) 
Chain 2 Iteration: 4900 / 6000 [ 81%]  (Sampling) 
Chain 1 Iteration: 4900 / 6000 [ 81%]  (Sampling) 
Chain 4 Iteration: 4900 / 6000 [ 81%]  (Sampling) 
Chain 2 Iteration: 5000 / 6000 [ 83%]  (Sampling) 
Chain 1 Iteration: 5000 / 6000 [ 83%]  (Sampling) 
Chain 4 Iteration: 5000 / 6000 [ 83%]  (Sampling) 
Chain 2 Iteration: 5100 / 6000 [ 85%]  (Sampling) 
Chain 1 Iteration: 5100 / 6000 [ 85%]  (Sampling) 
Chain 4 Iteration: 5100 / 6000 [ 85%]  (Sampling) 
Chain 2 Iteration: 5200 / 6000 [ 86%]  (Sampling) 
Chain 1 Iteration: 5200 / 6000 [ 86%]  (Sampling) 
Chain 4 Iteration: 5200 / 6000 [ 86%]  (Sampling) 
Chain 2 Iteration: 5300 / 6000 [ 88%]  (Sampling) 
Chain 1 Iteration: 5300 / 6000 [ 88%]  (Sampling) 
Chain 4 Iteration: 5300 / 6000 [ 88%]  (Sampling) 
Chain 2 Iteration: 5400 / 6000 [ 90%]  (Sampling) 
Chain 1 Iteration: 5400 / 6000 [ 90%]  (Sampling) 
Chain 4 Iteration: 5400 / 6000 [ 90%]  (Sampling) 
Chain 2 Iteration: 5500 / 6000 [ 91%]  (Sampling) 
Chain 1 Iteration: 5500 / 6000 [ 91%]  (Sampling) 
Chain 4 Iteration: 5500 / 6000 [ 91%]  (Sampling) 
Chain 2 Iteration: 5600 / 6000 [ 93%]  (Sampling) 
Chain 1 Iteration: 5600 / 6000 [ 93%]  (Sampling) 
Chain 4 Iteration: 5600 / 6000 [ 93%]  (Sampling) 
Chain 2 Iteration: 5700 / 6000 [ 95%]  (Sampling) 
Chain 1 Iteration: 5700 / 6000 [ 95%]  (Sampling) 
Chain 4 Iteration: 5700 / 6000 [ 95%]  (Sampling) 
Chain 2 Iteration: 5800 / 6000 [ 96%]  (Sampling) 
Chain 1 Iteration: 5800 / 6000 [ 96%]  (Sampling) 
Chain 4 Iteration: 5800 / 6000 [ 96%]  (Sampling) 
Chain 2 Iteration: 5900 / 6000 [ 98%]  (Sampling) 
Chain 1 Iteration: 5900 / 6000 [ 98%]  (Sampling) 
Chain 4 Iteration: 5900 / 6000 [ 98%]  (Sampling) 
Chain 2 Iteration: 6000 / 6000 [100%]  (Sampling) 
Chain 2 finished in 43894.3 seconds.
Chain 1 Iteration: 6000 / 6000 [100%]  (Sampling) 
Chain 1 finished in 44153.6 seconds.
Chain 4 Iteration: 6000 / 6000 [100%]  (Sampling) 
Chain 4 finished in 44315.1 seconds.

All 4 chains finished successfully.
Mean chain execution time: 40038.9 seconds.
Total execution time: 44316.0 seconds.

[1] "Processing draws 1 to 100"
[1] "Chunk time = 3.15495041211446"
[1] "Processing draws 101 to 200"
[1] "Chunk time = 2.29577554861705"
[1] "Processing draws 201 to 300"
[1] "Chunk time = 2.45182523727417"
[1] "Processing draws 301 to 400"
[1] "Chunk time = 2.07678078015645"
[1] "Processing draws 401 to 500"
[1] "Chunk time = 1.98760728438695"
[1] "Processing draws 501 to 600"
[1] "Chunk time = 1.93964313666026"
[1] "Processing draws 601 to 700"
[1] "Chunk time = 2.04116360346476"
[1] "Processing draws 701 to 800"
[1] "Chunk time = 2.15299645264943"
[1] "Processing draws 801 to 900"
[1] "Chunk time = 1.96956163247426"
[1] "Processing draws 901 to 1000"
[1] "Chunk time = 2.09270409742991"
[1] "Processing draws 1001 to 1100"
[1] "Chunk time = 1.99883465369542"
[1] "Processing draws 1101 to 1200"
[1] "Chunk time = 1.96579047838847"
[1] "Processing draws 1201 to 1300"
[1] "Chunk time = 2.11894929409027"
[1] "Processing draws 1301 to 1400"
[1] "Chunk time = 1.95956869125366"
[1] "Processing draws 1401 to 1500"
[1] "Chunk time = 1.95922312736511"
[1] "Processing draws 1501 to 1600"
[1] "Chunk time = 2.11460771560669"
[1] "Processing draws 1601 to 1700"
[1] "Chunk time = 1.95158004363378"
[1] "Processing draws 1701 to 1800"
[1] "Chunk time = 1.95247377554576"
[1] "Processing draws 1801 to 1900"
[1] "Chunk time = 2.11494445403417"
[1] "Processing draws 1901 to 2000"
[1] "Chunk time = 1.97008266846339"
[1] "Processing draws 2001 to 2100"
[1] "Chunk time = 1.96495742003123"
[1] "Processing draws 2101 to 2200"
[1] "Chunk time = 2.03873589833577"
[1] "Processing draws 2201 to 2300"
[1] "Chunk time = 1.94627043008804"
[1] "Processing draws 2301 to 2400"
[1] "Chunk time = 1.97342925071716"
[1] "Processing draws 2401 to 2500"
[1] "Chunk time = 2.03879175186157"
[1] "Processing draws 2501 to 2600"
[1] "Chunk time = 1.8913207133611"
[1] "Processing draws 2601 to 2700"
[1] "Chunk time = 1.91834945281347"
[1] "Processing draws 2701 to 2800"
[1] "Chunk time = 2.056381046772"
[1] "Processing draws 2801 to 2900"
[1] "Chunk time = 1.87903066078822"
[1] "Processing draws 2901 to 3000"
[1] "Chunk time = 1.87555760145187"
[1] "Processing draws 3001 to 3100"
[1] "Chunk time = 2.05550740559896"
[1] "Processing draws 3101 to 3200"
[1] "Chunk time = 1.917429570357"
[1] "Processing draws 3201 to 3300"
[1] "Chunk time = 1.90297242005666"
[1] "Processing draws 3301 to 3400"
[1] "Chunk time = 1.96920137008031"
[1] "Processing draws 3401 to 3500"
[1] "Chunk time = 1.8609215815862"
[1] "Processing draws 3501 to 3600"
[1] "Chunk time = 1.86986702680588"
[1] "Processing draws 3601 to 3700"
[1] "Chunk time = 2.06615149180094"
[1] "Processing draws 3701 to 3800"
[1] "Chunk time = 1.90713084936142"
[1] "Processing draws 3801 to 3900"
[1] "Chunk time = 1.91368054151535"
[1] "Processing draws 3901 to 4000"
[1] "Chunk time = 2.07390318711599"
[1] "Processing draws 4001 to 4100"
[1] "Chunk time = 2.00299212535222"
[1] "Processing draws 4101 to 4200"
[1] "Chunk time = 1.86771553754807"
[1] "Processing draws 4201 to 4300"
[1] "Chunk time = 1.99212613503138"
[1] "Processing draws 4301 to 4400"
[1] "Chunk time = 1.89422907034556"
[1] "Processing draws 4401 to 4500"
[1] "Chunk time = 1.89177392721176"
[1] "Processing draws 4501 to 4600"
[1] "Chunk time = 2.06410255432129"
[1] "Processing draws 4601 to 4700"
[1] "Chunk time = 1.97675977547963"
[1] "Processing draws 4701 to 4800"
[1] "Chunk time = 1.95982228120168"
[1] "Processing draws 4801 to 4900"
[1] "Chunk time = 2.0532194852829"
[1] "Processing draws 4901 to 5000"
[1] "Chunk time = 1.88029135862986"
[1] "Processing draws 5001 to 5100"
[1] "Chunk time = 1.88635640939077"
[1] "Processing draws 5101 to 5200"
[1] "Chunk time = 2.07357981204987"
[1] "Processing draws 5201 to 5300"
[1] "Chunk time = 1.91220275958379"
[1] "Processing draws 5301 to 5400"
[1] "Chunk time = 1.9180393020312"
[1] "Processing draws 5401 to 5500"
[1] "Chunk time = 2.03858761787415"
[1] "Processing draws 5501 to 5600"
[1] "Chunk time = 1.88417491515478"
[1] "Processing draws 5601 to 5700"
[1] "Chunk time = 1.85911047856013"
[1] "Processing draws 5701 to 5800"
[1] "Chunk time = 2.03880225817362"
[1] "Processing draws 5801 to 5900"
[1] "Chunk time = 1.87774220705032"
[1] "Processing draws 5901 to 6000"
[1] "Chunk time = 1.98842116594315"
[1] "Processing draws 6001 to 6100"
[1] "Chunk time = 2.04421422084173"
[1] "Processing draws 6101 to 6200"
[1] "Chunk time = 1.96025122006734"
[1] "Processing draws 6201 to 6300"
[1] "Chunk time = 1.87277965943019"
[1] "Processing draws 6301 to 6400"
[1] "Chunk time = 2.03538186947505"
[1] "Processing draws 6401 to 6500"
[1] "Chunk time = 1.90000871022542"
[1] "Processing draws 6501 to 6600"
[1] "Chunk time = 1.87134510676066"
[1] "Processing draws 6601 to 6700"
[1] "Chunk time = 2.03708594242732"
[1] "Processing draws 6701 to 6800"
[1] "Chunk time = 1.96975309054057"
[1] "Processing draws 6801 to 6900"
[1] "Chunk time = 1.97387697696686"
[1] "Processing draws 6901 to 7000"
[1] "Chunk time = 2.04152627786001"
[1] "Processing draws 7001 to 7100"
[1] "Chunk time = 1.89800900220871"
[1] "Processing draws 7101 to 7200"
[1] "Chunk time = 1.86723679304123"
[1] "Processing draws 7201 to 7300"
[1] "Chunk time = 2.03767563899358"
[1] "Processing draws 7301 to 7400"
[1] "Chunk time = 1.92468189398448"
[1] "Processing draws 7401 to 7500"
[1] "Chunk time = 1.88090924024582"
[1] "Processing draws 7501 to 7600"
[1] "Chunk time = 2.05040090084076"
[1] "Processing draws 7601 to 7700"
[1] "Chunk time = 1.87250411510468"
[1] "Processing draws 7701 to 7800"
[1] "Chunk time = 1.89294298887253"
[1] "Processing draws 7801 to 7900"
[1] "Chunk time = 2.04330927928289"
[1] "Processing draws 7901 to 8000"
[1] "Chunk time = 1.87831791639328"
[1] "Processing draws 8001 to 8100"
[1] "Chunk time = 1.92600897550583"
[1] "Processing draws 8101 to 8200"
[1] "Chunk time = 2.03531258106232"
[1] "Processing draws 8201 to 8300"
[1] "Chunk time = 1.95929879347483"
[1] "Processing draws 8301 to 8400"
[1] "Chunk time = 1.87476459741592"
[1] "Processing draws 8401 to 8500"
[1] "Chunk time = 2.03767660061518"
[1] "Processing draws 8501 to 8600"
[1] "Chunk time = 1.87663929065069"
[1] "Processing draws 8601 to 8700"
[1] "Chunk time = 1.87024392286936"
[1] "Processing draws 8701 to 8800"
[1] "Chunk time = 2.03696488142014"
[1] "Processing draws 8801 to 8900"
[1] "Chunk time = 1.93304812113444"
[1] "Processing draws 8901 to 9000"
[1] "Chunk time = 2.00008273522059"
[1] "Processing draws 9001 to 9100"
[1] "Chunk time = 2.09212112426758"
[1] "Processing draws 9101 to 9200"
[1] "Chunk time = 1.98127461274465"
[1] "Processing draws 9201 to 9300"
[1] "Chunk time = 1.90298615296682"
[1] "Processing draws 9301 to 9400"
[1] "Chunk time = 2.05506997108459"
[1] "Processing draws 9401 to 9500"
[1] "Chunk time = 1.93921469449997"
[1] "Processing draws 9501 to 9600"
[1] "Chunk time = 1.97830857038498"
[1] "Processing draws 9601 to 9700"
[1] "Chunk time = 1.98431361118952"
[1] "Processing draws 9701 to 9800"
[1] "Chunk time = 1.88090234994888"
[1] "Processing draws 9801 to 9900"
[1] "Chunk time = 1.88240960439046"
[1] "Processing draws 9901 to 10000"
[1] "Chunk time = 1.98137425978978"
[1] "Processing draws 10001 to 10100"
[1] "Chunk time = 1.91151461203893"
[1] "Processing draws 10101 to 10200"
[1] "Chunk time = 2.00639805396398"
[1] "Processing draws 10201 to 10300"
[1] "Chunk time = 2.0891729315122"
[1] "Processing draws 10301 to 10400"
[1] "Chunk time = 2.00283275047938"
[1] "Processing draws 10401 to 10500"
[1] "Chunk time = 1.8864759961764"
[1] "Processing draws 10501 to 10600"
[1] "Chunk time = 2.07900595267614"
[1] "Processing draws 10601 to 10700"
[1] "Chunk time = 1.9285960038503"
[1] "Processing draws 10701 to 10800"
[1] "Chunk time = 1.89842782417933"
[1] "Processing draws 10801 to 10900"
[1] "Chunk time = 2.05618193546931"
[1] "Processing draws 10901 to 11000"
[1] "Chunk time = 1.99732187986374"
[1] "Processing draws 11001 to 11100"
[1] "Chunk time = 2.0054320414861"
[1] "Processing draws 11101 to 11200"
[1] "Chunk time = 2.0707993388176"
[1] "Processing draws 11201 to 11300"
[1] "Chunk time = 1.91068423191706"
[1] "Processing draws 11301 to 11400"
[1] "Chunk time = 1.91130048036575"
[1] "Processing draws 11401 to 11500"
[1] "Chunk time = 2.05717995166779"
[1] "Processing draws 11501 to 11600"
[1] "Chunk time = 1.94839731852214"
[1] "Processing draws 11601 to 11700"
[1] "Chunk time = 1.91745545466741"
[1] "Processing draws 11701 to 11800"
[1] "Chunk time = 2.07474083105723"
[1] "Processing draws 11801 to 11900"
[1] "Chunk time = 1.92937748034795"
[1] "Processing draws 11901 to 12000"
[1] "Chunk time = 1.8836048523585"
[1] "Processing draws 12001 to 12100"
[1] "Chunk time = 2.06886238654455"
[1] "Processing draws 12101 to 12200"
[1] "Chunk time = 1.90335807005564"
[1] "Processing draws 12201 to 12300"
[1] "Chunk time = 1.93405375878016"
[1] "Processing draws 12301 to 12400"
