Lmod Warning:
-------------------------------------------------------------------------------
The following dependent module(s) are not currently loaded: proj/9.2.0
(required by: libgeotiff/1.7.1, libspatialite/5.1.0, gdal/3.9.1)
-------------------------------------------------------------------------------



This is cmdstanr version 0.9.0
- CmdStanR documentation and vignettes: mc-stan.org/cmdstanr
- Use set_cmdstan_path() to set the path to CmdStan
- Use install_cmdstan() to install CmdStan
Loading required package: lattice

Attaching package: ‘dplyr’

The following objects are masked from ‘package:raster’:

    intersect, select, union

The following object is masked from ‘package:matrixStats’:

    count

The following objects are masked from ‘package:stats’:

    filter, lag

The following objects are masked from ‘package:base’:

    intersect, setdiff, setequal, union


Attaching package: ‘tidyr’

The following object is masked from ‘package:raster’:

    extract

The following object is masked from ‘package:reshape2’:

    smiths


Attaching package: ‘gridExtra’

The following object is masked from ‘package:dplyr’:

    combine

This is posterior version 1.6.1

Attaching package: ‘posterior’

The following objects are masked from ‘package:raster’:

    %in%, match

The following objects are masked from ‘package:stats’:

    mad, sd, var

The following objects are masked from ‘package:base’:

    %in%, match

CmdStan path set to: /home/melanson/projects/def-ckremen/melanson/cmdstan
g++: internal compiler error: Segmentation fault signal terminated program cc1plus
Please submit a full bug report, with preprocessed source (by using -freport-bug).
See <https://bugs.gentoo.org/> for instructions.

make: *** [make/program:77: /tmp/Rtmp4KPq2G/model-d07904f4decc.o] Error 4

Error: An error occured during compilation! See the message above for more information.
Execution halted
