Lmod Warning:
-------------------------------------------------------------------------------
The following dependent module(s) are not currently loaded: proj/9.2.0
(required by: libgeotiff/1.7.1, libspatialite/5.1.0, gdal/3.9.1)
-------------------------------------------------------------------------------



This is cmdstanr version 0.9.0.9000
- CmdStanR documentation and vignettes: mc-stan.org/cmdstanr
- Use set_cmdstan_path() to set the path to CmdStan
- Use install_cmdstan() to install CmdStan
Loading required package: lattice

Attaching package: ‘dplyr’

The following objects are masked from ‘package:raster’:

    intersect, select, union

The following object is masked from ‘package:matrixStats’:

    count

The following objects are masked from ‘package:stats’:

    filter, lag

The following objects are masked from ‘package:base’:

    intersect, setdiff, setequal, union


Attaching package: ‘tidyr’

The following object is masked from ‘package:raster’:

    extract

The following object is masked from ‘package:reshape2’:

    smiths


Attaching package: ‘gridExtra’

The following object is masked from ‘package:dplyr’:

    combine

CmdStan path set to: /home/melanson/projects/def-ckremen/melanson/cmdstan
Chain 1 Informational Message: The current Metropolis proposal is about to be rejected because of the following issue:
Chain 1 Exception: Exception: poisson_log_lpmf: Log rate parameter is -nan, but must be not nan! (in '/tmp/RtmpxyvRHC/model-3e0cb7fd32b0e.stan', line 34, column 6 to column 49) (in '/tmp/RtmpxyvRHC/model-3e0cb7fd32b0e.stan', line 103, column 0 to line 106, column 39)
Chain 1 If this warning occurs sporadically, such as for highly constrained variable types like covariance matrices, then the sampler is fine,
Chain 1 but if this warning occurs often then your model may be either severely ill-conditioned or misspecified.
Chain 1 
Chain 1 Informational Message: The current Metropolis proposal is about to be rejected because of the following issue:
Chain 1 Exception: Exception: poisson_log_lpmf: Log rate parameter is -nan, but must be not nan! (in '/tmp/RtmpxyvRHC/model-3e0cb7fd32b0e.stan', line 34, column 6 to column 49) (in '/tmp/RtmpxyvRHC/model-3e0cb7fd32b0e.stan', line 103, column 0 to line 106, column 39)
Chain 1 If this warning occurs sporadically, such as for highly constrained variable types like covariance matrices, then the sampler is fine,
Chain 1 but if this warning occurs often then your model may be either severely ill-conditioned or misspecified.
Chain 1 
Chain 1 Informational Message: The current Metropolis proposal is about to be rejected because of the following issue:
Chain 1 Exception: Exception: poisson_log_lpmf: Log rate parameter is -nan, but must be not nan! (in '/tmp/RtmpxyvRHC/model-3e0cb7fd32b0e.stan', line 34, column 6 to column 49) (in '/tmp/RtmpxyvRHC/model-3e0cb7fd32b0e.stan', line 103, column 0 to line 106, column 39)
Chain 1 If this warning occurs sporadically, such as for highly constrained variable types like covariance matrices, then the sampler is fine,
Chain 1 but if this warning occurs often then your model may be either severely ill-conditioned or misspecified.
Chain 1 
Chain 1 Informational Message: The current Metropolis proposal is about to be rejected because of the following issue:
Chain 1 Exception: Exception: poisson_log_lpmf: Log rate parameter is -nan, but must be not nan! (in '/tmp/RtmpxyvRHC/model-3e0cb7fd32b0e.stan', line 34, column 6 to column 49) (in '/tmp/RtmpxyvRHC/model-3e0cb7fd32b0e.stan', line 103, column 0 to line 106, column 39)
Chain 1 If this warning occurs sporadically, such as for highly constrained variable types like covariance matrices, then the sampler is fine,
Chain 1 but if this warning occurs often then your model may be either severely ill-conditioned or misspecified.
Chain 1 
Chain 1 Informational Message: The current Metropolis proposal is about to be rejected because of the following issue:
Chain 1 Exception: Exception: poisson_log_lpmf: Log rate parameter is -nan, but must be not nan! (in '/tmp/RtmpxyvRHC/model-3e0cb7fd32b0e.stan', line 34, column 6 to column 49) (in '/tmp/RtmpxyvRHC/model-3e0cb7fd32b0e.stan', line 103, column 0 to line 106, column 39)
Chain 1 If this warning occurs sporadically, such as for highly constrained variable types like covariance matrices, then the sampler is fine,
Chain 1 but if this warning occurs often then your model may be either severely ill-conditioned or misspecified.
Chain 1 
Chain 1 Informational Message: The current Metropolis proposal is about to be rejected because of the following issue:
Chain 1 Exception: Exception: poisson_log_lpmf: Log rate parameter is -nan, but must be not nan! (in '/tmp/RtmpxyvRHC/model-3e0cb7fd32b0e.stan', line 34, column 6 to column 49) (in '/tmp/RtmpxyvRHC/model-3e0cb7fd32b0e.stan', line 103, column 0 to line 106, column 39)
Chain 1 If this warning occurs sporadically, such as for highly constrained variable types like covariance matrices, then the sampler is fine,
Chain 1 but if this warning occurs often then your model may be either severely ill-conditioned or misspecified.
Chain 1 
Chain 2 Informational Message: The current Metropolis proposal is about to be rejected because of the following issue:
Chain 2 Exception: Exception: poisson_log_lpmf: Log rate parameter is -nan, but must be not nan! (in '/tmp/RtmpxyvRHC/model-3e0cb7fd32b0e.stan', line 34, column 6 to column 49) (in '/tmp/RtmpxyvRHC/model-3e0cb7fd32b0e.stan', line 103, column 0 to line 106, column 39)
Chain 2 If this warning occurs sporadically, such as for highly constrained variable types like covariance matrices, then the sampler is fine,
Chain 2 but if this warning occurs often then your model may be either severely ill-conditioned or misspecified.
Chain 2 
Chain 2 Informational Message: The current Metropolis proposal is about to be rejected because of the following issue:
Chain 2 Exception: Exception: poisson_log_lpmf: Log rate parameter is -nan, but must be not nan! (in '/tmp/RtmpxyvRHC/model-3e0cb7fd32b0e.stan', line 34, column 6 to column 49) (in '/tmp/RtmpxyvRHC/model-3e0cb7fd32b0e.stan', line 103, column 0 to line 106, column 39)
Chain 2 If this warning occurs sporadically, such as for highly constrained variable types like covariance matrices, then the sampler is fine,
Chain 2 but if this warning occurs often then your model may be either severely ill-conditioned or misspecified.
Chain 2 
Chain 2 Informational Message: The current Metropolis proposal is about to be rejected because of the following issue:
Chain 2 Exception: Exception: poisson_log_lpmf: Log rate parameter is -nan, but must be not nan! (in '/tmp/RtmpxyvRHC/model-3e0cb7fd32b0e.stan', line 34, column 6 to column 49) (in '/tmp/RtmpxyvRHC/model-3e0cb7fd32b0e.stan', line 103, column 0 to line 106, column 39)
Chain 2 If this warning occurs sporadically, such as for highly constrained variable types like covariance matrices, then the sampler is fine,
Chain 2 but if this warning occurs often then your model may be either severely ill-conditioned or misspecified.
Chain 2 
Chain 2 Informational Message: The current Metropolis proposal is about to be rejected because of the following issue:
Chain 2 Exception: Exception: poisson_log_lpmf: Log rate parameter is -nan, but must be not nan! (in '/tmp/RtmpxyvRHC/model-3e0cb7fd32b0e.stan', line 34, column 6 to column 49) (in '/tmp/RtmpxyvRHC/model-3e0cb7fd32b0e.stan', line 103, column 0 to line 106, column 39)
Chain 2 If this warning occurs sporadically, such as for highly constrained variable types like covariance matrices, then the sampler is fine,
Chain 2 but if this warning occurs often then your model may be either severely ill-conditioned or misspecified.
Chain 2 
Chain 2 Informational Message: The current Metropolis proposal is about to be rejected because of the following issue:
Chain 2 Exception: Exception: poisson_log_lpmf: Log rate parameter is -nan, but must be not nan! (in '/tmp/RtmpxyvRHC/model-3e0cb7fd32b0e.stan', line 34, column 6 to column 49) (in '/tmp/RtmpxyvRHC/model-3e0cb7fd32b0e.stan', line 103, column 0 to line 106, column 39)
Chain 2 If this warning occurs sporadically, such as for highly constrained variable types like covariance matrices, then the sampler is fine,
Chain 2 but if this warning occurs often then your model may be either severely ill-conditioned or misspecified.
Chain 2 
Chain 2 Informational Message: The current Metropolis proposal is about to be rejected because of the following issue:
Chain 2 Exception: Exception: poisson_log_lpmf: Log rate parameter is -nan, but must be not nan! (in '/tmp/RtmpxyvRHC/model-3e0cb7fd32b0e.stan', line 34, column 6 to column 49) (in '/tmp/RtmpxyvRHC/model-3e0cb7fd32b0e.stan', line 103, column 0 to line 106, column 39)
Chain 2 If this warning occurs sporadically, such as for highly constrained variable types like covariance matrices, then the sampler is fine,
Chain 2 but if this warning occurs often then your model may be either severely ill-conditioned or misspecified.
Chain 2 
Chain 3 Informational Message: The current Metropolis proposal is about to be rejected because of the following issue:
Chain 3 Exception: Exception: poisson_log_lpmf: Log rate parameter is -nan, but must be not nan! (in '/tmp/RtmpxyvRHC/model-3e0cb7fd32b0e.stan', line 34, column 6 to column 49) (in '/tmp/RtmpxyvRHC/model-3e0cb7fd32b0e.stan', line 103, column 0 to line 106, column 39)
Chain 3 If this warning occurs sporadically, such as for highly constrained variable types like covariance matrices, then the sampler is fine,
Chain 3 but if this warning occurs often then your model may be either severely ill-conditioned or misspecified.
Chain 3 
Chain 3 Informational Message: The current Metropolis proposal is about to be rejected because of the following issue:
Chain 3 Exception: Exception: poisson_log_lpmf: Log rate parameter is -nan, but must be not nan! (in '/tmp/RtmpxyvRHC/model-3e0cb7fd32b0e.stan', line 34, column 6 to column 49) (in '/tmp/RtmpxyvRHC/model-3e0cb7fd32b0e.stan', line 103, column 0 to line 106, column 39)
Chain 3 If this warning occurs sporadically, such as for highly constrained variable types like covariance matrices, then the sampler is fine,
Chain 3 but if this warning occurs often then your model may be either severely ill-conditioned or misspecified.
Chain 3 
Chain 3 Informational Message: The current Metropolis proposal is about to be rejected because of the following issue:
Chain 3 Exception: Exception: poisson_log_lpmf: Log rate parameter is -nan, but must be not nan! (in '/tmp/RtmpxyvRHC/model-3e0cb7fd32b0e.stan', line 34, column 6 to column 49) (in '/tmp/RtmpxyvRHC/model-3e0cb7fd32b0e.stan', line 103, column 0 to line 106, column 39)
Chain 3 If this warning occurs sporadically, such as for highly constrained variable types like covariance matrices, then the sampler is fine,
Chain 3 but if this warning occurs often then your model may be either severely ill-conditioned or misspecified.
Chain 3 
Chain 3 Informational Message: The current Metropolis proposal is about to be rejected because of the following issue:
Chain 3 Exception: Exception: poisson_log_lpmf: Log rate parameter is -nan, but must be not nan! (in '/tmp/RtmpxyvRHC/model-3e0cb7fd32b0e.stan', line 34, column 6 to column 49) (in '/tmp/RtmpxyvRHC/model-3e0cb7fd32b0e.stan', line 103, column 0 to line 106, column 39)
Chain 3 If this warning occurs sporadically, such as for highly constrained variable types like covariance matrices, then the sampler is fine,
Chain 3 but if this warning occurs often then your model may be either severely ill-conditioned or misspecified.
Chain 3 
Chain 3 Informational Message: The current Metropolis proposal is about to be rejected because of the following issue:
Chain 3 Exception: Exception: poisson_log_lpmf: Log rate parameter is -nan, but must be not nan! (in '/tmp/RtmpxyvRHC/model-3e0cb7fd32b0e.stan', line 34, column 6 to column 49) (in '/tmp/RtmpxyvRHC/model-3e0cb7fd32b0e.stan', line 103, column 0 to line 106, column 39)
Chain 3 If this warning occurs sporadically, such as for highly constrained variable types like covariance matrices, then the sampler is fine,
Chain 3 but if this warning occurs often then your model may be either severely ill-conditioned or misspecified.
Chain 3 
Chain 4 Informational Message: The current Metropolis proposal is about to be rejected because of the following issue:
Chain 4 Exception: Exception: poisson_log_lpmf: Log rate parameter is -nan, but must be not nan! (in '/tmp/RtmpxyvRHC/model-3e0cb7fd32b0e.stan', line 34, column 6 to column 49) (in '/tmp/RtmpxyvRHC/model-3e0cb7fd32b0e.stan', line 103, column 0 to line 106, column 39)
Chain 4 If this warning occurs sporadically, such as for highly constrained variable types like covariance matrices, then the sampler is fine,
Chain 4 but if this warning occurs often then your model may be either severely ill-conditioned or misspecified.
Chain 4 
Chain 4 Informational Message: The current Metropolis proposal is about to be rejected because of the following issue:
Chain 4 Exception: Exception: poisson_log_lpmf: Log rate parameter is -nan, but must be not nan! (in '/tmp/RtmpxyvRHC/model-3e0cb7fd32b0e.stan', line 34, column 6 to column 49) (in '/tmp/RtmpxyvRHC/model-3e0cb7fd32b0e.stan', line 103, column 0 to line 106, column 39)
Chain 4 If this warning occurs sporadically, such as for highly constrained variable types like covariance matrices, then the sampler is fine,
Chain 4 but if this warning occurs often then your model may be either severely ill-conditioned or misspecified.
Chain 4 
Chain 4 Informational Message: The current Metropolis proposal is about to be rejected because of the following issue:
Chain 4 Exception: Exception: poisson_log_lpmf: Log rate parameter is -nan, but must be not nan! (in '/tmp/RtmpxyvRHC/model-3e0cb7fd32b0e.stan', line 34, column 6 to column 49) (in '/tmp/RtmpxyvRHC/model-3e0cb7fd32b0e.stan', line 103, column 0 to line 106, column 39)
Chain 4 If this warning occurs sporadically, such as for highly constrained variable types like covariance matrices, then the sampler is fine,
Chain 4 but if this warning occurs often then your model may be either severely ill-conditioned or misspecified.
Chain 4 
Chain 4 Informational Message: The current Metropolis proposal is about to be rejected because of the following issue:
Chain 4 Exception: Exception: poisson_log_lpmf: Log rate parameter is -nan, but must be not nan! (in '/tmp/RtmpxyvRHC/model-3e0cb7fd32b0e.stan', line 34, column 6 to column 49) (in '/tmp/RtmpxyvRHC/model-3e0cb7fd32b0e.stan', line 103, column 0 to line 106, column 39)
Chain 4 If this warning occurs sporadically, such as for highly constrained variable types like covariance matrices, then the sampler is fine,
Chain 4 but if this warning occurs often then your model may be either severely ill-conditioned or misspecified.
Chain 4 
Chain 4 Informational Message: The current Metropolis proposal is about to be rejected because of the following issue:
Chain 4 Exception: Exception: poisson_log_lpmf: Log rate parameter is -nan, but must be not nan! (in '/tmp/RtmpxyvRHC/model-3e0cb7fd32b0e.stan', line 34, column 6 to column 49) (in '/tmp/RtmpxyvRHC/model-3e0cb7fd32b0e.stan', line 103, column 0 to line 106, column 39)
Chain 4 If this warning occurs sporadically, such as for highly constrained variable types like covariance matrices, then the sampler is fine,
Chain 4 but if this warning occurs often then your model may be either severely ill-conditioned or misspecified.
Chain 4 
Chain 4 Informational Message: The current Metropolis proposal is about to be rejected because of the following issue:
Chain 4 Exception: Exception: poisson_log_lpmf: Log rate parameter is -nan, but must be not nan! (in '/tmp/RtmpxyvRHC/model-3e0cb7fd32b0e.stan', line 34, column 6 to column 49) (in '/tmp/RtmpxyvRHC/model-3e0cb7fd32b0e.stan', line 103, column 0 to line 106, column 39)
Chain 4 If this warning occurs sporadically, such as for highly constrained variable types like covariance matrices, then the sampler is fine,
Chain 4 but if this warning occurs often then your model may be either severely ill-conditioned or misspecified.
Chain 4 
Chain 4 Informational Message: The current Metropolis proposal is about to be rejected because of the following issue:
Chain 4 Exception: Exception: poisson_log_lpmf: Log rate parameter is -nan, but must be not nan! (in '/tmp/RtmpxyvRHC/model-3e0cb7fd32b0e.stan', line 34, column 6 to column 49) (in '/tmp/RtmpxyvRHC/model-3e0cb7fd32b0e.stan', line 103, column 0 to line 106, column 39)
Chain 4 If this warning occurs sporadically, such as for highly constrained variable types like covariance matrices, then the sampler is fine,
Chain 4 but if this warning occurs often then your model may be either severely ill-conditioned or misspecified.
Chain 4 
Chain 4 Informational Message: The current Metropolis proposal is about to be rejected because of the following issue:
Chain 4 Exception: Exception: poisson_log_lpmf: Log rate parameter is -nan, but must be not nan! (in '/tmp/RtmpxyvRHC/model-3e0cb7fd32b0e.stan', line 34, column 6 to column 49) (in '/tmp/RtmpxyvRHC/model-3e0cb7fd32b0e.stan', line 103, column 0 to line 106, column 39)
Chain 4 If this warning occurs sporadically, such as for highly constrained variable types like covariance matrices, then the sampler is fine,
Chain 4 but if this warning occurs often then your model may be either severely ill-conditioned or misspecified.
Chain 4 
Chain 4 Informational Message: The current Metropolis proposal is about to be rejected because of the following issue:
Chain 4 Exception: Exception: poisson_log_lpmf: Log rate parameter is -nan, but must be not nan! (in '/tmp/RtmpxyvRHC/model-3e0cb7fd32b0e.stan', line 34, column 6 to column 49) (in '/tmp/RtmpxyvRHC/model-3e0cb7fd32b0e.stan', line 103, column 0 to line 106, column 39)
Chain 4 If this warning occurs sporadically, such as for highly constrained variable types like covariance matrices, then the sampler is fine,
Chain 4 but if this warning occurs often then your model may be either severely ill-conditioned or misspecified.
Chain 4 
Chain 4 Informational Message: The current Metropolis proposal is about to be rejected because of the following issue:
Chain 4 Exception: Exception: poisson_log_lpmf: Log rate parameter is -nan, but must be not nan! (in '/tmp/RtmpxyvRHC/model-3e0cb7fd32b0e.stan', line 34, column 6 to column 49) (in '/tmp/RtmpxyvRHC/model-3e0cb7fd32b0e.stan', line 103, column 0 to line 106, column 39)
Chain 4 If this warning occurs sporadically, such as for highly constrained variable types like covariance matrices, then the sampler is fine,
Chain 4 but if this warning occurs often then your model may be either severely ill-conditioned or misspecified.
Chain 4 
Processing draws 1 to 4
/local/var/spool/slurmd/job29154544/slurm_script: line 17: 254155 Killed                  Rscript 8A_reducesum_unobserved.R
/local/var/spool/slurmd/job29154544/slurm_script: line 19: : No such file or directory
/local/var/spool/slurmd/job29154544/slurm_script: line 20: : No such file or directory
slurmstepd: error: Detected 1 oom_kill event in StepId=29154544.batch. Some of the step tasks have been OOM Killed.
