[1] "Starting sampling."
Running MCMC with 4 parallel chains, with 4 thread(s) per chain...

Chain 1 Iteration:    1 / 6000 [  0%]  (Warmup) 
Chain 2 Iteration:    1 / 6000 [  0%]  (Warmup) 
Chain 4 Iteration:    1 / 6000 [  0%]  (Warmup) 
Chain 3 Iteration:    1 / 6000 [  0%]  (Warmup) 
Chain 3 Iteration:  100 / 6000 [  1%]  (Warmup) 
Chain 2 Iteration:  100 / 6000 [  1%]  (Warmup) 
Chain 1 Iteration:  100 / 6000 [  1%]  (Warmup) 
Chain 4 Iteration:  100 / 6000 [  1%]  (Warmup) 
Chain 1 Iteration:  200 / 6000 [  3%]  (Warmup) 
Chain 2 Iteration:  200 / 6000 [  3%]  (Warmup) 
Chain 3 Iteration:  200 / 6000 [  3%]  (Warmup) 
Chain 4 Iteration:  200 / 6000 [  3%]  (Warmup) 
Chain 1 Iteration:  300 / 6000 [  5%]  (Warmup) 
Chain 2 Iteration:  300 / 6000 [  5%]  (Warmup) 
Chain 3 Iteration:  300 / 6000 [  5%]  (Warmup) 
Chain 4 Iteration:  300 / 6000 [  5%]  (Warmup) 
Chain 1 Iteration:  400 / 6000 [  6%]  (Warmup) 
Chain 3 Iteration:  400 / 6000 [  6%]  (Warmup) 
Chain 2 Iteration:  400 / 6000 [  6%]  (Warmup) 
Chain 4 Iteration:  400 / 6000 [  6%]  (Warmup) 
Chain 1 Iteration:  500 / 6000 [  8%]  (Warmup) 
Chain 2 Iteration:  500 / 6000 [  8%]  (Warmup) 
Chain 3 Iteration:  500 / 6000 [  8%]  (Warmup) 
Chain 4 Iteration:  500 / 6000 [  8%]  (Warmup) 
Chain 1 Iteration:  600 / 6000 [ 10%]  (Warmup) 
Chain 2 Iteration:  600 / 6000 [ 10%]  (Warmup) 
Chain 4 Iteration:  600 / 6000 [ 10%]  (Warmup) 
Chain 3 Iteration:  600 / 6000 [ 10%]  (Warmup) 
Chain 1 Iteration:  700 / 6000 [ 11%]  (Warmup) 
Chain 2 Iteration:  700 / 6000 [ 11%]  (Warmup) 
Chain 4 Iteration:  700 / 6000 [ 11%]  (Warmup) 
Chain 3 Iteration:  700 / 6000 [ 11%]  (Warmup) 
Chain 1 Iteration:  800 / 6000 [ 13%]  (Warmup) 
Chain 2 Iteration:  800 / 6000 [ 13%]  (Warmup) 
Chain 4 Iteration:  800 / 6000 [ 13%]  (Warmup) 
Chain 1 Iteration:  900 / 6000 [ 15%]  (Warmup) 
Chain 3 Iteration:  800 / 6000 [ 13%]  (Warmup) 
Chain 2 Iteration:  900 / 6000 [ 15%]  (Warmup) 
Chain 4 Iteration:  900 / 6000 [ 15%]  (Warmup) 
Chain 3 Iteration:  900 / 6000 [ 15%]  (Warmup) 
Chain 1 Iteration: 1000 / 6000 [ 16%]  (Warmup) 
Chain 1 Iteration: 1001 / 6000 [ 16%]  (Sampling) 
Chain 2 Iteration: 1000 / 6000 [ 16%]  (Warmup) 
Chain 2 Iteration: 1001 / 6000 [ 16%]  (Sampling) 
Chain 4 Iteration: 1000 / 6000 [ 16%]  (Warmup) 
Chain 4 Iteration: 1001 / 6000 [ 16%]  (Sampling) 
Chain 3 Iteration: 1000 / 6000 [ 16%]  (Warmup) 
Chain 3 Iteration: 1001 / 6000 [ 16%]  (Sampling) 
Chain 1 Iteration: 1100 / 6000 [ 18%]  (Sampling) 
Chain 2 Iteration: 1100 / 6000 [ 18%]  (Sampling) 
Chain 4 Iteration: 1100 / 6000 [ 18%]  (Sampling) 
Chain 3 Iteration: 1100 / 6000 [ 18%]  (Sampling) 
Chain 1 Iteration: 1200 / 6000 [ 20%]  (Sampling) 
Chain 2 Iteration: 1200 / 6000 [ 20%]  (Sampling) 
Chain 4 Iteration: 1200 / 6000 [ 20%]  (Sampling) 
Chain 3 Iteration: 1200 / 6000 [ 20%]  (Sampling) 
Chain 1 Iteration: 1300 / 6000 [ 21%]  (Sampling) 
Chain 2 Iteration: 1300 / 6000 [ 21%]  (Sampling) 
Chain 4 Iteration: 1300 / 6000 [ 21%]  (Sampling) 
Chain 3 Iteration: 1300 / 6000 [ 21%]  (Sampling) 
Chain 1 Iteration: 1400 / 6000 [ 23%]  (Sampling) 
Chain 4 Iteration: 1400 / 6000 [ 23%]  (Sampling) 
Chain 2 Iteration: 1400 / 6000 [ 23%]  (Sampling) 
Chain 3 Iteration: 1400 / 6000 [ 23%]  (Sampling) 
Chain 1 Iteration: 1500 / 6000 [ 25%]  (Sampling) 
Chain 4 Iteration: 1500 / 6000 [ 25%]  (Sampling) 
Chain 2 Iteration: 1500 / 6000 [ 25%]  (Sampling) 
Chain 3 Iteration: 1500 / 6000 [ 25%]  (Sampling) 
Chain 1 Iteration: 1600 / 6000 [ 26%]  (Sampling) 
Chain 4 Iteration: 1600 / 6000 [ 26%]  (Sampling) 
Chain 2 Iteration: 1600 / 6000 [ 26%]  (Sampling) 
Chain 3 Iteration: 1600 / 6000 [ 26%]  (Sampling) 
Chain 1 Iteration: 1700 / 6000 [ 28%]  (Sampling) 
Chain 4 Iteration: 1700 / 6000 [ 28%]  (Sampling) 
Chain 2 Iteration: 1700 / 6000 [ 28%]  (Sampling) 
Chain 3 Iteration: 1700 / 6000 [ 28%]  (Sampling) 
Chain 1 Iteration: 1800 / 6000 [ 30%]  (Sampling) 
Chain 4 Iteration: 1800 / 6000 [ 30%]  (Sampling) 
Chain 2 Iteration: 1800 / 6000 [ 30%]  (Sampling) 
Chain 3 Iteration: 1800 / 6000 [ 30%]  (Sampling) 
Chain 4 Iteration: 1900 / 6000 [ 31%]  (Sampling) 
Chain 1 Iteration: 1900 / 6000 [ 31%]  (Sampling) 
Chain 2 Iteration: 1900 / 6000 [ 31%]  (Sampling) 
Chain 4 Iteration: 2000 / 6000 [ 33%]  (Sampling) 
Chain 3 Iteration: 1900 / 6000 [ 31%]  (Sampling) 
Chain 1 Iteration: 2000 / 6000 [ 33%]  (Sampling) 
Chain 2 Iteration: 2000 / 6000 [ 33%]  (Sampling) 
Chain 4 Iteration: 2100 / 6000 [ 35%]  (Sampling) 
Chain 3 Iteration: 2000 / 6000 [ 33%]  (Sampling) 
Chain 1 Iteration: 2100 / 6000 [ 35%]  (Sampling) 
Chain 4 Iteration: 2200 / 6000 [ 36%]  (Sampling) 
Chain 2 Iteration: 2100 / 6000 [ 35%]  (Sampling) 
Chain 3 Iteration: 2100 / 6000 [ 35%]  (Sampling) 
Chain 1 Iteration: 2200 / 6000 [ 36%]  (Sampling) 
Chain 4 Iteration: 2300 / 6000 [ 38%]  (Sampling) 
Chain 2 Iteration: 2200 / 6000 [ 36%]  (Sampling) 
Chain 3 Iteration: 2200 / 6000 [ 36%]  (Sampling) 
Chain 1 Iteration: 2300 / 6000 [ 38%]  (Sampling) 
Chain 4 Iteration: 2400 / 6000 [ 40%]  (Sampling) 
Chain 2 Iteration: 2300 / 6000 [ 38%]  (Sampling) 
Chain 3 Iteration: 2300 / 6000 [ 38%]  (Sampling) 
Chain 1 Iteration: 2400 / 6000 [ 40%]  (Sampling) 
Chain 4 Iteration: 2500 / 6000 [ 41%]  (Sampling) 
Chain 2 Iteration: 2400 / 6000 [ 40%]  (Sampling) 
Chain 3 Iteration: 2400 / 6000 [ 40%]  (Sampling) 
Chain 1 Iteration: 2500 / 6000 [ 41%]  (Sampling) 
Chain 4 Iteration: 2600 / 6000 [ 43%]  (Sampling) 
Chain 2 Iteration: 2500 / 6000 [ 41%]  (Sampling) 
Chain 3 Iteration: 2500 / 6000 [ 41%]  (Sampling) 
Chain 4 Iteration: 2700 / 6000 [ 45%]  (Sampling) 
Chain 1 Iteration: 2600 / 6000 [ 43%]  (Sampling) 
Chain 2 Iteration: 2600 / 6000 [ 43%]  (Sampling) 
Chain 4 Iteration: 2800 / 6000 [ 46%]  (Sampling) 
Chain 3 Iteration: 2600 / 6000 [ 43%]  (Sampling) 
Chain 1 Iteration: 2700 / 6000 [ 45%]  (Sampling) 
Chain 4 Iteration: 2900 / 6000 [ 48%]  (Sampling) 
Chain 2 Iteration: 2700 / 6000 [ 45%]  (Sampling) 
Chain 3 Iteration: 2700 / 6000 [ 45%]  (Sampling) 
Chain 1 Iteration: 2800 / 6000 [ 46%]  (Sampling) 
Chain 4 Iteration: 3000 / 6000 [ 50%]  (Sampling) 
Chain 2 Iteration: 2800 / 6000 [ 46%]  (Sampling) 
Chain 3 Iteration: 2800 / 6000 [ 46%]  (Sampling) 
Chain 1 Iteration: 2900 / 6000 [ 48%]  (Sampling) 
Chain 4 Iteration: 3100 / 6000 [ 51%]  (Sampling) 
Chain 2 Iteration: 2900 / 6000 [ 48%]  (Sampling) 
Chain 3 Iteration: 2900 / 6000 [ 48%]  (Sampling) 
Chain 1 Iteration: 3000 / 6000 [ 50%]  (Sampling) 
Chain 4 Iteration: 3200 / 6000 [ 53%]  (Sampling) 
Chain 2 Iteration: 3000 / 6000 [ 50%]  (Sampling) 
Chain 3 Iteration: 3000 / 6000 [ 50%]  (Sampling) 
Chain 1 Iteration: 3100 / 6000 [ 51%]  (Sampling) 
Chain 4 Iteration: 3300 / 6000 [ 55%]  (Sampling) 
Chain 2 Iteration: 3100 / 6000 [ 51%]  (Sampling) 
Chain 3 Iteration: 3100 / 6000 [ 51%]  (Sampling) 
Chain 4 Iteration: 3400 / 6000 [ 56%]  (Sampling) 
Chain 1 Iteration: 3200 / 6000 [ 53%]  (Sampling) 
Chain 2 Iteration: 3200 / 6000 [ 53%]  (Sampling) 
Chain 4 Iteration: 3500 / 6000 [ 58%]  (Sampling) 
Chain 3 Iteration: 3200 / 6000 [ 53%]  (Sampling) 
Chain 1 Iteration: 3300 / 6000 [ 55%]  (Sampling) 
Chain 2 Iteration: 3300 / 6000 [ 55%]  (Sampling) 
Chain 4 Iteration: 3600 / 6000 [ 60%]  (Sampling) 
Chain 3 Iteration: 3300 / 6000 [ 55%]  (Sampling) 
Chain 1 Iteration: 3400 / 6000 [ 56%]  (Sampling) 
Chain 4 Iteration: 3700 / 6000 [ 61%]  (Sampling) 
Chain 2 Iteration: 3400 / 6000 [ 56%]  (Sampling) 
Chain 3 Iteration: 3400 / 6000 [ 56%]  (Sampling) 
Chain 1 Iteration: 3500 / 6000 [ 58%]  (Sampling) 
Chain 4 Iteration: 3800 / 6000 [ 63%]  (Sampling) 
Chain 2 Iteration: 3500 / 6000 [ 58%]  (Sampling) 
Chain 3 Iteration: 3500 / 6000 [ 58%]  (Sampling) 
Chain 1 Iteration: 3600 / 6000 [ 60%]  (Sampling) 
Chain 4 Iteration: 3900 / 6000 [ 65%]  (Sampling) 
Chain 2 Iteration: 3600 / 6000 [ 60%]  (Sampling) 
Chain 3 Iteration: 3600 / 6000 [ 60%]  (Sampling) 
Chain 1 Iteration: 3700 / 6000 [ 61%]  (Sampling) 
Chain 4 Iteration: 4000 / 6000 [ 66%]  (Sampling) 
Chain 2 Iteration: 3700 / 6000 [ 61%]  (Sampling) 
Chain 3 Iteration: 3700 / 6000 [ 61%]  (Sampling) 
Chain 4 Iteration: 4100 / 6000 [ 68%]  (Sampling) 
Chain 1 Iteration: 3800 / 6000 [ 63%]  (Sampling) 
Chain 2 Iteration: 3800 / 6000 [ 63%]  (Sampling) 
Chain 4 Iteration: 4200 / 6000 [ 70%]  (Sampling) 
Chain 3 Iteration: 3800 / 6000 [ 63%]  (Sampling) 
Chain 1 Iteration: 3900 / 6000 [ 65%]  (Sampling) 
Chain 4 Iteration: 4300 / 6000 [ 71%]  (Sampling) 
Chain 2 Iteration: 3900 / 6000 [ 65%]  (Sampling) 
Chain 3 Iteration: 3900 / 6000 [ 65%]  (Sampling) 
Chain 1 Iteration: 4000 / 6000 [ 66%]  (Sampling) 
Chain 4 Iteration: 4400 / 6000 [ 73%]  (Sampling) 
Chain 2 Iteration: 4000 / 6000 [ 66%]  (Sampling) 
Chain 3 Iteration: 4000 / 6000 [ 66%]  (Sampling) 
Chain 1 Iteration: 4100 / 6000 [ 68%]  (Sampling) 
Chain 4 Iteration: 4500 / 6000 [ 75%]  (Sampling) 
Chain 2 Iteration: 4100 / 6000 [ 68%]  (Sampling) 
Chain 3 Iteration: 4100 / 6000 [ 68%]  (Sampling) 
Chain 1 Iteration: 4200 / 6000 [ 70%]  (Sampling) 
Chain 4 Iteration: 4600 / 6000 [ 76%]  (Sampling) 
Chain 2 Iteration: 4200 / 6000 [ 70%]  (Sampling) 
Chain 3 Iteration: 4200 / 6000 [ 70%]  (Sampling) 
Chain 1 Iteration: 4300 / 6000 [ 71%]  (Sampling) 
Chain 4 Iteration: 4700 / 6000 [ 78%]  (Sampling) 
Chain 2 Iteration: 4300 / 6000 [ 71%]  (Sampling) 
Chain 3 Iteration: 4300 / 6000 [ 71%]  (Sampling) 
Chain 1 Iteration: 4400 / 6000 [ 73%]  (Sampling) 
Chain 4 Iteration: 4800 / 6000 [ 80%]  (Sampling) 
Chain 2 Iteration: 4400 / 6000 [ 73%]  (Sampling) 
Chain 3 Iteration: 4400 / 6000 [ 73%]  (Sampling) 
Chain 4 Iteration: 4900 / 6000 [ 81%]  (Sampling) 
Chain 1 Iteration: 4500 / 6000 [ 75%]  (Sampling) 
Chain 2 Iteration: 4500 / 6000 [ 75%]  (Sampling) 
Chain 3 Iteration: 4500 / 6000 [ 75%]  (Sampling) 
Chain 4 Iteration: 5000 / 6000 [ 83%]  (Sampling) 
Chain 1 Iteration: 4600 / 6000 [ 76%]  (Sampling) 
Chain 2 Iteration: 4600 / 6000 [ 76%]  (Sampling) 
Chain 4 Iteration: 5100 / 6000 [ 85%]  (Sampling) 
Chain 3 Iteration: 4600 / 6000 [ 76%]  (Sampling) 
Chain 1 Iteration: 4700 / 6000 [ 78%]  (Sampling) 
Chain 2 Iteration: 4700 / 6000 [ 78%]  (Sampling) 
Chain 4 Iteration: 5200 / 6000 [ 86%]  (Sampling) 
Chain 3 Iteration: 4700 / 6000 [ 78%]  (Sampling) 
Chain 1 Iteration: 4800 / 6000 [ 80%]  (Sampling) 
Chain 4 Iteration: 5300 / 6000 [ 88%]  (Sampling) 
Chain 2 Iteration: 4800 / 6000 [ 80%]  (Sampling) 
Chain 3 Iteration: 4800 / 6000 [ 80%]  (Sampling) 
Chain 1 Iteration: 4900 / 6000 [ 81%]  (Sampling) 
Chain 4 Iteration: 5400 / 6000 [ 90%]  (Sampling) 
Chain 2 Iteration: 4900 / 6000 [ 81%]  (Sampling) 
Chain 3 Iteration: 4900 / 6000 [ 81%]  (Sampling) 
Chain 1 Iteration: 5000 / 6000 [ 83%]  (Sampling) 
Chain 4 Iteration: 5500 / 6000 [ 91%]  (Sampling) 
Chain 2 Iteration: 5000 / 6000 [ 83%]  (Sampling) 
Chain 3 Iteration: 5000 / 6000 [ 83%]  (Sampling) 
Chain 1 Iteration: 5100 / 6000 [ 85%]  (Sampling) 
Chain 4 Iteration: 5600 / 6000 [ 93%]  (Sampling) 
Chain 2 Iteration: 5100 / 6000 [ 85%]  (Sampling) 
Chain 3 Iteration: 5100 / 6000 [ 85%]  (Sampling) 
Chain 4 Iteration: 5700 / 6000 [ 95%]  (Sampling) 
Chain 1 Iteration: 5200 / 6000 [ 86%]  (Sampling) 
Chain 2 Iteration: 5200 / 6000 [ 86%]  (Sampling) 
Chain 3 Iteration: 5200 / 6000 [ 86%]  (Sampling) 
Chain 4 Iteration: 5800 / 6000 [ 96%]  (Sampling) 
Chain 1 Iteration: 5300 / 6000 [ 88%]  (Sampling) 
Chain 2 Iteration: 5300 / 6000 [ 88%]  (Sampling) 
Chain 4 Iteration: 5900 / 6000 [ 98%]  (Sampling) 
Chain 3 Iteration: 5300 / 6000 [ 88%]  (Sampling) 
Chain 1 Iteration: 5400 / 6000 [ 90%]  (Sampling) 
Chain 4 Iteration: 6000 / 6000 [100%]  (Sampling) 
Chain 4 finished in 72259.5 seconds.
Chain 2 Iteration: 5400 / 6000 [ 90%]  (Sampling) 
Chain 3 Iteration: 5400 / 6000 [ 90%]  (Sampling) 
Chain 1 Iteration: 5500 / 6000 [ 91%]  (Sampling) 
Chain 2 Iteration: 5500 / 6000 [ 91%]  (Sampling) 
Chain 3 Iteration: 5500 / 6000 [ 91%]  (Sampling) 
Chain 1 Iteration: 5600 / 6000 [ 93%]  (Sampling) 
Chain 2 Iteration: 5600 / 6000 [ 93%]  (Sampling) 
Chain 3 Iteration: 5600 / 6000 [ 93%]  (Sampling) 
Chain 1 Iteration: 5700 / 6000 [ 95%]  (Sampling) 
Chain 2 Iteration: 5700 / 6000 [ 95%]  (Sampling) 
Chain 3 Iteration: 5700 / 6000 [ 95%]  (Sampling) 
Chain 1 Iteration: 5800 / 6000 [ 96%]  (Sampling) 
Chain 2 Iteration: 5800 / 6000 [ 96%]  (Sampling) 
Chain 3 Iteration: 5800 / 6000 [ 96%]  (Sampling) 
Chain 1 Iteration: 5900 / 6000 [ 98%]  (Sampling) 
Chain 2 Iteration: 5900 / 6000 [ 98%]  (Sampling) 
Chain 3 Iteration: 5900 / 6000 [ 98%]  (Sampling) 
Chain 1 Iteration: 6000 / 6000 [100%]  (Sampling) 
Chain 1 finished in 79777.8 seconds.
Chain 2 Iteration: 6000 / 6000 [100%]  (Sampling) 
Chain 2 finished in 80498.6 seconds.
Chain 3 Iteration: 6000 / 6000 [100%]  (Sampling) 
Chain 3 finished in 80716.9 seconds.

All 4 chains finished successfully.
Mean chain execution time: 78313.2 seconds.
Total execution time: 80718.0 seconds.

[1] "Processing draws 1 to 100"
[1] "Chunk time = 3.2621156613032"
[1] "Processing draws 101 to 200"
[1] "Chunk time = 2.33042501211166"
[1] "Processing draws 201 to 300"
[1] "Chunk time = 2.46654350360235"
[1] "Processing draws 301 to 400"
[1] "Chunk time = 2.11941376129786"
[1] "Processing draws 401 to 500"
[1] "Chunk time = 2.02724006573359"
[1] "Processing draws 501 to 600"
[1] "Chunk time = 2.02857942183812"
[1] "Processing draws 601 to 700"
[1] "Chunk time = 2.08540783723195"
[1] "Processing draws 701 to 800"
[1] "Chunk time = 2.19259773095449"
[1] "Processing draws 801 to 900"
[1] "Chunk time = 2.00620504617691"
[1] "Processing draws 901 to 1000"
[1] "Chunk time = 2.13673790693283"
[1] "Processing draws 1001 to 1100"
[1] "Chunk time = 1.99442027409871"
[1] "Processing draws 1101 to 1200"
[1] "Chunk time = 2.01935727993647"
[1] "Processing draws 1201 to 1300"
[1] "Chunk time = 2.13394616047541"
[1] "Processing draws 1301 to 1400"
[1] "Chunk time = 2.02937509218852"
[1] "Processing draws 1401 to 1500"
[1] "Chunk time = 2.02714304526647"
[1] "Processing draws 1501 to 1600"
[1] "Chunk time = 2.18807500600815"
[1] "Processing draws 1601 to 1700"
[1] "Chunk time = 2.00307306845983"
[1] "Processing draws 1701 to 1800"
[1] "Chunk time = 2.02476638952891"
[1] "Processing draws 1801 to 1900"
[1] "Chunk time = 2.19027185837428"
[1] "Processing draws 1901 to 2000"
[1] "Chunk time = 2.02914078235626"
[1] "Processing draws 2001 to 2100"
[1] "Chunk time = 2.00548902750015"
[1] "Processing draws 2101 to 2200"
[1] "Chunk time = 2.13008095026016"
[1] "Processing draws 2201 to 2300"
[1] "Chunk time = 2.01829629739126"
[1] "Processing draws 2301 to 2400"
[1] "Chunk time = 2.0190308491389"
[1] "Processing draws 2401 to 2500"
[1] "Chunk time = 2.12486372391383"
[1] "Processing draws 2501 to 2600"
[1] "Chunk time = 1.98621890147527"
[1] "Processing draws 2601 to 2700"
[1] "Chunk time = 1.98257720470428"
[1] "Processing draws 2701 to 2800"
[1] "Chunk time = 2.13787270387014"
[1] "Processing draws 2801 to 2900"
[1] "Chunk time = 2.00618576606115"
[1] "Processing draws 2901 to 3000"
[1] "Chunk time = 1.98546972672145"
[1] "Processing draws 3001 to 3100"
[1] "Chunk time = 2.14862219492594"
[1] "Processing draws 3101 to 3200"
[1] "Chunk time = 2.01740060647329"
[1] "Processing draws 3201 to 3300"
[1] "Chunk time = 1.99641120831172"
[1] "Processing draws 3301 to 3400"
[1] "Chunk time = 2.17322070598602"
[1] "Processing draws 3401 to 3500"
[1] "Chunk time = 2.00066699584325"
[1] "Processing draws 3501 to 3600"
[1] "Chunk time = 2.04037942091624"
[1] "Processing draws 3601 to 3700"
[1] "Chunk time = 2.14657758076986"
[1] "Processing draws 3701 to 3800"
[1] "Chunk time = 1.99812820752462"
[1] "Processing draws 3801 to 3900"
[1] "Chunk time = 1.9920047601064"
[1] "Processing draws 3901 to 4000"
[1] "Chunk time = 2.14669025739034"
[1] "Processing draws 4001 to 4100"
[1] "Chunk time = 2.05175501902898"
[1] "Processing draws 4101 to 4200"
[1] "Chunk time = 1.99204732179642"
[1] "Processing draws 4201 to 4300"
[1] "Chunk time = 2.14728840589523"
[1] "Processing draws 4301 to 4400"
[1] "Chunk time = 2.01338382562002"
[1] "Processing draws 4401 to 4500"
[1] "Chunk time = 1.99247125784556"
[1] "Processing draws 4501 to 4600"
[1] "Chunk time = 2.11376444101334"
[1] "Processing draws 4601 to 4700"
[1] "Chunk time = 2.03390361865362"
[1] "Processing draws 4701 to 4800"
[1] "Chunk time = 2.03937484820684"
[1] "Processing draws 4801 to 4900"
[1] "Chunk time = 2.11226329803467"
[1] "Processing draws 4901 to 5000"
[1] "Chunk time = 1.9988179286321"
[1] "Processing draws 5001 to 5100"
[1] "Chunk time = 1.99210755825043"
[1] "Processing draws 5101 to 5200"
[1] "Chunk time = 2.14675160646439"
[1] "Processing draws 5201 to 5300"
[1] "Chunk time = 2.01616575717926"
[1] "Processing draws 5301 to 5400"
[1] "Chunk time = 2.00375422636668"
[1] "Processing draws 5401 to 5500"
[1] "Chunk time = 2.12356616258621"
[1] "Processing draws 5501 to 5600"
[1] "Chunk time = 2.00808980067571"
[1] "Processing draws 5601 to 5700"
[1] "Chunk time = 1.96758685906728"
[1] "Processing draws 5701 to 5800"
[1] "Chunk time = 2.15703224738439"
[1] "Processing draws 5801 to 5900"
[1] "Chunk time = 2.03892671664556"
[1] "Processing draws 5901 to 6000"
[1] "Chunk time = 2.04150407314301"
[1] "Processing draws 6001 to 6100"
[1] "Chunk time = 2.16357842683792"
[1] "Processing draws 6101 to 6200"
[1] "Chunk time = 2.04454387029012"
[1] "Processing draws 6201 to 6300"
[1] "Chunk time = 1.98754969040553"
[1] "Processing draws 6301 to 6400"
[1] "Chunk time = 2.15752540032069"
[1] "Processing draws 6401 to 6500"
[1] "Chunk time = 1.99562937021255"
[1] "Processing draws 6501 to 6600"
[1] "Chunk time = 2.00441842873891"
[1] "Processing draws 6601 to 6700"
[1] "Chunk time = 2.15672051509221"
[1] "Processing draws 6701 to 6800"
[1] "Chunk time = 2.01597078243891"
[1] "Processing draws 6801 to 6900"
[1] "Chunk time = 2.02035406827927"
[1] "Processing draws 6901 to 7000"
[1] "Chunk time = 2.16574594974518"
[1] "Processing draws 7001 to 7100"
[1] "Chunk time = 2.01450216372808"
[1] "Processing draws 7101 to 7200"
[1] "Chunk time = 1.97366570234299"
[1] "Processing draws 7201 to 7300"
[1] "Chunk time = 2.19172608852386"
[1] "Processing draws 7301 to 7400"
[1] "Chunk time = 2.02785071531932"
[1] "Processing draws 7401 to 7500"
[1] "Chunk time = 2.00632401704788"
[1] "Processing draws 7501 to 7600"
[1] "Chunk time = 2.17857193946838"
[1] "Processing draws 7601 to 7700"
[1] "Chunk time = 2.00538946390152"
[1] "Processing draws 7701 to 7800"
[1] "Chunk time = 2.02326274315516"
[1] "Processing draws 7801 to 7900"
[1] "Chunk time = 2.16117778221766"
[1] "Processing draws 7901 to 8000"
[1] "Chunk time = 1.98392867247264"
[1] "Processing draws 8001 to 8100"
[1] "Chunk time = 1.99631247123082"
[1] "Processing draws 8101 to 8200"
[1] "Chunk time = 2.16516517400742"
[1] "Processing draws 8201 to 8300"
[1] "Chunk time = 2.00391575495402"
[1] "Processing draws 8301 to 8400"
[1] "Chunk time = 1.93225464820862"
[1] "Processing draws 8401 to 8500"
[1] "Chunk time = 2.10808006127675"
[1] "Processing draws 8501 to 8600"
[1] "Chunk time = 1.94931052525838"
[1] "Processing draws 8601 to 8700"
[1] "Chunk time = 1.9459214369456"
[1] "Processing draws 8701 to 8800"
[1] "Chunk time = 2.11725479761759"
[1] "Processing draws 8801 to 8900"
[1] "Chunk time = 1.98031203349431"
[1] "Processing draws 8901 to 9000"
[1] "Chunk time = 1.98166761000951"
[1] "Processing draws 9001 to 9100"
[1] "Chunk time = 2.13518753051758"
[1] "Processing draws 9101 to 9200"
[1] "Chunk time = 2.0169594168663"
[1] "Processing draws 9201 to 9300"
[1] "Chunk time = 1.97780029773712"
[1] "Processing draws 9301 to 9400"
[1] "Chunk time = 2.16495095888774"
[1] "Processing draws 9401 to 9500"
[1] "Chunk time = 2.04143653313319"
[1] "Processing draws 9501 to 9600"
[1] "Chunk time = 2.0274050672849"
[1] "Processing draws 9601 to 9700"
[1] "Chunk time = 2.15310945908229"
[1] "Processing draws 9701 to 9800"
[1] "Chunk time = 2.06691534519196"
[1] "Processing draws 9801 to 9900"
[1] "Chunk time = 2.00597397883733"
[1] "Processing draws 9901 to 10000"
[1] "Chunk time = 2.16866943836212"
[1] "Processing draws 10001 to 10100"
[1] "Chunk time = 2.00430264472961"
[1] "Processing draws 10101 to 10200"
[1] "Chunk time = 1.97346703211466"
[1] "Processing draws 10201 to 10300"
[1] "Chunk time = 2.16864942312241"
[1] "Processing draws 10301 to 10400"
[1] "Chunk time = 2.00081152121226"
[1] "Processing draws 10401 to 10500"
[1] "Chunk time = 1.96954788764318"
[1] "Processing draws 10501 to 10600"
[1] "Chunk time = 2.14495694637299"
[1] "Processing draws 10601 to 10700"
[1] "Chunk time = 1.98562043905258"
[1] "Processing draws 10701 to 10800"
[1] "Chunk time = 1.96632518370946"
[1] "Processing draws 10801 to 10900"
[1] "Chunk time = 2.15187239249547"
[1] "Processing draws 10901 to 11000"
[1] "Chunk time = 1.96950109799703"
[1] "Processing draws 11001 to 11100"
[1] "Chunk time = 2.00225334962209"
[1] "Processing draws 11101 to 11200"
[1] "Chunk time = 2.1490136384964"
[1] "Processing draws 11201 to 11300"
[1] "Chunk time = 1.97985225915909"
[1] "Processing draws 11301 to 11400"
[1] "Chunk time = 1.96488776604335"
[1] "Processing draws 11401 to 11500"
[1] "Chunk time = 2.19817101160685"
[1] "Processing draws 11501 to 11600"
[1] "Chunk time = 2.00199205478032"
[1] "Processing draws 11601 to 11700"
[1] "Chunk time = 2.01256772677104"
[1] "Processing draws 11701 to 11800"
[1] "Chunk time = 2.17238997618357"
[1] "Processing draws 11801 to 11900"
[1] "Chunk time = 2.11554472049077"
[1] "Processing draws 11901 to 12000"
[1] "Chunk time = 1.99799470504125"
[1] "Processing draws 12001 to 12100"
[1] "Chunk time = 2.17176319360733"
[1] "Processing draws 12101 to 12200"
[1] "Chunk time = 2.01914992332458"
[1] "Processing draws 12201 to 12300"
[1] "Chunk time = 1.98382233778636"
[1] "Processing draws 12301 to 12400"
[1] "Chunk time = 2.14522544940313"
[1] "Processing draws 12401 to 12500"
[1] "Chunk time = 1.99487159252167"
[1] "Processing draws 12501 to 12600"
[1] "Chunk time = 1.93341191609701"
[1] "Processing draws 12601 to 12700"
[1] "Chunk time = 2.13435286680857"
[1] "Processing draws 12701 to 12800"
[1] "Chunk time = 1.96597441037496"
[1] "Processing draws 12801 to 12900"
[1] "Chunk time = 1.96033129692078"
[1] "Processing draws 12901 to 13000"
[1] "Chunk time = 2.13360112508138"
[1] "Processing draws 13001 to 13100"
[1] "Chunk time = 1.96656954685847"
[1] "Processing draws 13101 to 13200"
[1] "Chunk time = 1.98408089876175"
[1] "Processing draws 13201 to 13300"
[1] "Chunk time = 2.12402365207672"
[1] "Processing draws 13301 to 13400"
[1] "Chunk time = 1.96403514146805"
[1] "Processing draws 13401 to 13500"
[1] "Chunk time = 1.9461138566335"
[1] "Processing draws 13501 to 13600"
[1] "Chunk time = 2.12993060747782"
[1] "Processing draws 13601 to 13700"
[1] "Chunk time = 1.96751207113266"
[1] "Processing draws 13701 to 13800"
[1] "Chunk time = 1.98846698204676"
[1] "Processing draws 13801 to 13900"
[1] "Chunk time = 2.13666887283325"
[1] "Processing draws 13901 to 14000"
[1] "Chunk time = 2.01096915801366"
[1] "Processing draws 14001 to 14100"
[1] "Chunk time = 1.9787499109904"
[1] "Processing draws 14101 to 14200"
[1] "Chunk time = 2.13752187490463"
[1] "Processing draws 14201 to 14300"
[1] "Chunk time = 1.99969855149587"
[1] "Processing draws 14301 to 14400"
[1] "Chunk time = 1.95350322326024"
[1] "Processing draws 14401 to 14500"
[1] "Chunk time = 2.12461355924606"
[1] "Processing draws 14501 to 14600"
[1] "Chunk time = 1.99241507053375"
[1] "Processing draws 14601 to 14700"
[1] "Chunk time = 1.95483904679616"
[1] "Processing draws 14701 to 14800"
[1] "Chunk time = 2.13215990066528"
[1] "Processing draws 14801 to 14900"
[1] "Chunk time = 1.99285159508387"
[1] "Processing draws 14901 to 15000"
[1] "Chunk time = 1.98713300625483"
[1] "Processing draws 15001 to 15100"
[1] "Chunk time = 2.1518652955691"
[1] "Processing draws 15101 to 15200"
[1] "Chunk time = 1.99000271558762"
[1] "Processing draws 15201 to 15300"
[1] "Chunk time = 2.00957023302714"
[1] "Processing draws 15301 to 15400"
[1] "Chunk time = 2.16584436893463"
[1] "Processing draws 15401 to 15500"
[1] "Chunk time = 1.97616483370463"
[1] "Processing draws 15501 to 15600"
[1] "Chunk time = 2.00826834837596"
[1] "Processing draws 15601 to 15700"
[1] "Chunk time = 2.15177369515101"
[1] "Processing draws 15701 to 15800"
[1] "Chunk time = 1.98827148278554"
[1] "Processing draws 15801 to 15900"
[1] "Chunk time = 1.97252400716146"
[1] "Processing draws 15901 to 16000"
[1] "Chunk time = 2.13457007805506"
[1] "Processing draws 16001 to 16100"
[1] "Chunk time = 1.98355471690496"
[1] "Processing draws 16101 to 16200"
[1] "Chunk time = 1.9868230342865"
[1] "Processing draws 16201 to 16300"
[1] "Chunk time = 2.16694202025731"
[1] "Processing draws 16301 to 16400"
[1] "Chunk time = 2.07640527089437"
[1] "Processing draws 16401 to 16500"
[1] "Chunk time = 2.01422932942708"
[1] "Processing draws 16501 to 16600"
[1] "Chunk time = 2.1005316734314"
[1] "Processing draws 16601 to 16700"
[1] "Chunk time = 1.99955938657125"
[1] "Processing draws 16701 to 16800"
[1] "Chunk time = 2.0366647362709"
[1] "Processing draws 16801 to 16900"
[1] "Chunk time = 2.23732672135035"
[1] "Processing draws 16901 to 17000"
[1] "Chunk time = 2.0165544350942"
[1] "Processing draws 17001 to 17100"
[1] "Chunk time = 1.97076494296392"
[1] "Processing draws 17101 to 17200"
[1] "Chunk time = 2.15542732874552"
[1] "Processing draws 17201 to 17300"
[1] "Chunk time = 2.00139496326447"
[1] "Processing draws 17301 to 17400"
[1] "Chunk time = 1.99679423967997"
[1] "Processing draws 17401 to 17500"
[1] "Chunk time = 2.12993143399556"
[1] "Processing draws 17501 to 17600"
[1] "Chunk time = 1.98198047478994"
[1] "Processing draws 17601 to 17700"
[1] "Chunk time = 2.00973219474157"
[1] "Processing draws 17701 to 17800"
[1] "Chunk time = 2.1564380645752"
[1] "Processing draws 17801 to 17900"
[1] "Chunk time = 2.00782230297724"
[1] "Processing draws 17901 to 18000"
[1] "Chunk time = 1.9886642853419"
[1] "Processing draws 18001 to 18100"
[1] "Chunk time = 2.16389531294505"
[1] "Processing draws 18101 to 18200"
[1] "Chunk time = 1.9930991490682"
[1] "Processing draws 18201 to 18300"
[1] "Chunk time = 1.95144533713659"
[1] "Processing draws 18301 to 18400"
[1] "Chunk time = 2.16705630620321"
[1] "Processing draws 18401 to 18500"
[1] "Chunk time = 1.97764088312785"
[1] "Processing draws 18501 to 18600"
[1] "Chunk time = 2.00241643985113"
[1] "Processing draws 18601 to 18700"
[1] "Chunk time = 2.14485551516215"
[1] "Processing draws 18701 to 18800"
[1] "Chunk time = 2.02510677178701"
[1] "Processing draws 18801 to 18900"
[1] "Chunk time = 1.94682881037394"
[1] "Processing draws 18901 to 19000"
[1] "Chunk time = 2.14938890536626"
[1] "Processing draws 19001 to 19100"
[1] "Chunk time = 1.99642492135366"
[1] "Processing draws 19101 to 19200"
[1] "Chunk time = 1.96220880746841"
[1] "Processing draws 19201 to 19300"
[1] "Chunk time = 2.1605505267779"
[1] "Processing draws 19301 to 19400"
[1] "Chunk time = 1.9689500451088"
[1] "Processing draws 19401 to 19500"
[1] "Chunk time = 1.98674094279607"
[1] "Processing draws 19501 to 19600"
[1] "Chunk time = 2.1558309952418"
[1] "Processing draws 19601 to 19700"
[1] "Chunk time = 1.97462414105733"
[1] "Processing draws 19701 to 19800"
[1] "Chunk time = 1.95485779047012"
[1] "Processing draws 19801 to 19900"
[1] "Chunk time = 2.09538540840149"
[1] "Processing draws 19901 to 20000"
[1] "Chunk time = 1.97438032229741"
[1] "done lapplying"
[1] "Saving current params"
[1] "Saving params to output.rds"
[1] TRUE
[1] "Time for modelling:"
[1] "2025-07-02 18:04:56 EDT"
[1] "Time for posterior computations:"
Time difference of 6.88319 hours
[1] "Total time:"
[1] "2025-07-03 00:57:55 EDT"
