[1] "Starting sampling."
Running MCMC with 4 parallel chains, with 4 thread(s) per chain...

Chain 1 Iteration:    1 / 6000 [  0%]  (Warmup) 
Chain 2 Iteration:    1 / 6000 [  0%]  (Warmup) 
Chain 3 Iteration:    1 / 6000 [  0%]  (Warmup) 
Chain 4 Iteration:    1 / 6000 [  0%]  (Warmup) 
Chain 1 Iteration:  100 / 6000 [  1%]  (Warmup) 
Chain 3 Iteration:  100 / 6000 [  1%]  (Warmup) 
Chain 2 Iteration:  100 / 6000 [  1%]  (Warmup) 
Chain 1 Iteration:  200 / 6000 [  3%]  (Warmup) 
Chain 3 Iteration:  200 / 6000 [  3%]  (Warmup) 
Chain 4 Iteration:  100 / 6000 [  1%]  (Warmup) 
Chain 2 Iteration:  200 / 6000 [  3%]  (Warmup) 
Chain 1 Iteration:  300 / 6000 [  5%]  (Warmup) 
Chain 3 Iteration:  300 / 6000 [  5%]  (Warmup) 
Chain 4 Iteration:  200 / 6000 [  3%]  (Warmup) 
Chain 2 Iteration:  300 / 6000 [  5%]  (Warmup) 
Chain 1 Iteration:  400 / 6000 [  6%]  (Warmup) 
Chain 3 Iteration:  400 / 6000 [  6%]  (Warmup) 
Chain 4 Iteration:  300 / 6000 [  5%]  (Warmup) 
Chain 2 Iteration:  400 / 6000 [  6%]  (Warmup) 
Chain 1 Iteration:  500 / 6000 [  8%]  (Warmup) 
Chain 3 Iteration:  500 / 6000 [  8%]  (Warmup) 
Chain 4 Iteration:  400 / 6000 [  6%]  (Warmup) 
Chain 2 Iteration:  500 / 6000 [  8%]  (Warmup) 
Chain 1 Iteration:  600 / 6000 [ 10%]  (Warmup) 
Chain 3 Iteration:  600 / 6000 [ 10%]  (Warmup) 
Chain 4 Iteration:  500 / 6000 [  8%]  (Warmup) 
Chain 2 Iteration:  600 / 6000 [ 10%]  (Warmup) 
Chain 1 Iteration:  700 / 6000 [ 11%]  (Warmup) 
Chain 3 Iteration:  700 / 6000 [ 11%]  (Warmup) 
Chain 2 Iteration:  700 / 6000 [ 11%]  (Warmup) 
Chain 4 Iteration:  600 / 6000 [ 10%]  (Warmup) 
Chain 1 Iteration:  800 / 6000 [ 13%]  (Warmup) 
Chain 3 Iteration:  800 / 6000 [ 13%]  (Warmup) 
Chain 2 Iteration:  800 / 6000 [ 13%]  (Warmup) 
Chain 4 Iteration:  700 / 6000 [ 11%]  (Warmup) 
Chain 1 Iteration:  900 / 6000 [ 15%]  (Warmup) 
Chain 2 Iteration:  900 / 6000 [ 15%]  (Warmup) 
Chain 3 Iteration:  900 / 6000 [ 15%]  (Warmup) 
Chain 4 Iteration:  800 / 6000 [ 13%]  (Warmup) 
Chain 1 Iteration: 1000 / 6000 [ 16%]  (Warmup) 
Chain 1 Iteration: 1001 / 6000 [ 16%]  (Sampling) 
Chain 2 Iteration: 1000 / 6000 [ 16%]  (Warmup) 
Chain 2 Iteration: 1001 / 6000 [ 16%]  (Sampling) 
Chain 3 Iteration: 1000 / 6000 [ 16%]  (Warmup) 
Chain 3 Iteration: 1001 / 6000 [ 16%]  (Sampling) 
Chain 4 Iteration:  900 / 6000 [ 15%]  (Warmup) 
Chain 2 Iteration: 1100 / 6000 [ 18%]  (Sampling) 
Chain 1 Iteration: 1100 / 6000 [ 18%]  (Sampling) 
Chain 3 Iteration: 1100 / 6000 [ 18%]  (Sampling) 
Chain 4 Iteration: 1000 / 6000 [ 16%]  (Warmup) 
Chain 4 Iteration: 1001 / 6000 [ 16%]  (Sampling) 
Chain 2 Iteration: 1200 / 6000 [ 20%]  (Sampling) 
Chain 1 Iteration: 1200 / 6000 [ 20%]  (Sampling) 
Chain 3 Iteration: 1200 / 6000 [ 20%]  (Sampling) 
Chain 2 Iteration: 1300 / 6000 [ 21%]  (Sampling) 
Chain 4 Iteration: 1100 / 6000 [ 18%]  (Sampling) 
Chain 1 Iteration: 1300 / 6000 [ 21%]  (Sampling) 
Chain 2 Iteration: 1400 / 6000 [ 23%]  (Sampling) 
Chain 3 Iteration: 1300 / 6000 [ 21%]  (Sampling) 
Chain 4 Iteration: 1200 / 6000 [ 20%]  (Sampling) 
Chain 1 Iteration: 1400 / 6000 [ 23%]  (Sampling) 
Chain 2 Iteration: 1500 / 6000 [ 25%]  (Sampling) 
Chain 3 Iteration: 1400 / 6000 [ 23%]  (Sampling) 
Chain 4 Iteration: 1300 / 6000 [ 21%]  (Sampling) 
Chain 1 Iteration: 1500 / 6000 [ 25%]  (Sampling) 
Chain 2 Iteration: 1600 / 6000 [ 26%]  (Sampling) 
Chain 3 Iteration: 1500 / 6000 [ 25%]  (Sampling) 
Chain 4 Iteration: 1400 / 6000 [ 23%]  (Sampling) 
Chain 2 Iteration: 1700 / 6000 [ 28%]  (Sampling) 
Chain 1 Iteration: 1600 / 6000 [ 26%]  (Sampling) 
Chain 3 Iteration: 1600 / 6000 [ 26%]  (Sampling) 
Chain 4 Iteration: 1500 / 6000 [ 25%]  (Sampling) 
Chain 2 Iteration: 1800 / 6000 [ 30%]  (Sampling) 
Chain 1 Iteration: 1700 / 6000 [ 28%]  (Sampling) 
Chain 3 Iteration: 1700 / 6000 [ 28%]  (Sampling) 
Chain 2 Iteration: 1900 / 6000 [ 31%]  (Sampling) 
Chain 4 Iteration: 1600 / 6000 [ 26%]  (Sampling) 
Chain 1 Iteration: 1800 / 6000 [ 30%]  (Sampling) 
Chain 2 Iteration: 2000 / 6000 [ 33%]  (Sampling) 
Chain 3 Iteration: 1800 / 6000 [ 30%]  (Sampling) 
Chain 4 Iteration: 1700 / 6000 [ 28%]  (Sampling) 
Chain 1 Iteration: 1900 / 6000 [ 31%]  (Sampling) 
Chain 2 Iteration: 2100 / 6000 [ 35%]  (Sampling) 
Chain 3 Iteration: 1900 / 6000 [ 31%]  (Sampling) 
Chain 4 Iteration: 1800 / 6000 [ 30%]  (Sampling) 
Chain 2 Iteration: 2200 / 6000 [ 36%]  (Sampling) 
Chain 1 Iteration: 2000 / 6000 [ 33%]  (Sampling) 
Chain 3 Iteration: 2000 / 6000 [ 33%]  (Sampling) 
Chain 4 Iteration: 1900 / 6000 [ 31%]  (Sampling) 
Chain 2 Iteration: 2300 / 6000 [ 38%]  (Sampling) 
Chain 1 Iteration: 2100 / 6000 [ 35%]  (Sampling) 
Chain 3 Iteration: 2100 / 6000 [ 35%]  (Sampling) 
Chain 2 Iteration: 2400 / 6000 [ 40%]  (Sampling) 
Chain 4 Iteration: 2000 / 6000 [ 33%]  (Sampling) 
Chain 1 Iteration: 2200 / 6000 [ 36%]  (Sampling) 
Chain 2 Iteration: 2500 / 6000 [ 41%]  (Sampling) 
Chain 3 Iteration: 2200 / 6000 [ 36%]  (Sampling) 
Chain 4 Iteration: 2100 / 6000 [ 35%]  (Sampling) 
Chain 1 Iteration: 2300 / 6000 [ 38%]  (Sampling) 
Chain 2 Iteration: 2600 / 6000 [ 43%]  (Sampling) 
Chain 3 Iteration: 2300 / 6000 [ 38%]  (Sampling) 
Chain 4 Iteration: 2200 / 6000 [ 36%]  (Sampling) 
Chain 2 Iteration: 2700 / 6000 [ 45%]  (Sampling) 
Chain 1 Iteration: 2400 / 6000 [ 40%]  (Sampling) 
Chain 3 Iteration: 2400 / 6000 [ 40%]  (Sampling) 
Chain 4 Iteration: 2300 / 6000 [ 38%]  (Sampling) 
Chain 2 Iteration: 2800 / 6000 [ 46%]  (Sampling) 
Chain 1 Iteration: 2500 / 6000 [ 41%]  (Sampling) 
Chain 3 Iteration: 2500 / 6000 [ 41%]  (Sampling) 
Chain 4 Iteration: 2400 / 6000 [ 40%]  (Sampling) 
Chain 2 Iteration: 2900 / 6000 [ 48%]  (Sampling) 
Chain 1 Iteration: 2600 / 6000 [ 43%]  (Sampling) 
Chain 3 Iteration: 2600 / 6000 [ 43%]  (Sampling) 
Chain 2 Iteration: 3000 / 6000 [ 50%]  (Sampling) 
Chain 4 Iteration: 2500 / 6000 [ 41%]  (Sampling) 
Chain 1 Iteration: 2700 / 6000 [ 45%]  (Sampling) 
Chain 2 Iteration: 3100 / 6000 [ 51%]  (Sampling) 
Chain 3 Iteration: 2700 / 6000 [ 45%]  (Sampling) 
Chain 4 Iteration: 2600 / 6000 [ 43%]  (Sampling) 
Chain 1 Iteration: 2800 / 6000 [ 46%]  (Sampling) 
Chain 2 Iteration: 3200 / 6000 [ 53%]  (Sampling) 
Chain 3 Iteration: 2800 / 6000 [ 46%]  (Sampling) 
Chain 4 Iteration: 2700 / 6000 [ 45%]  (Sampling) 
Chain 2 Iteration: 3300 / 6000 [ 55%]  (Sampling) 
Chain 1 Iteration: 2900 / 6000 [ 48%]  (Sampling) 
Chain 3 Iteration: 2900 / 6000 [ 48%]  (Sampling) 
Chain 4 Iteration: 2800 / 6000 [ 46%]  (Sampling) 
Chain 2 Iteration: 3400 / 6000 [ 56%]  (Sampling) 
Chain 1 Iteration: 3000 / 6000 [ 50%]  (Sampling) 
Chain 3 Iteration: 3000 / 6000 [ 50%]  (Sampling) 
Chain 2 Iteration: 3500 / 6000 [ 58%]  (Sampling) 
Chain 4 Iteration: 2900 / 6000 [ 48%]  (Sampling) 
Chain 1 Iteration: 3100 / 6000 [ 51%]  (Sampling) 
Chain 2 Iteration: 3600 / 6000 [ 60%]  (Sampling) 
Chain 3 Iteration: 3100 / 6000 [ 51%]  (Sampling) 
Chain 4 Iteration: 3000 / 6000 [ 50%]  (Sampling) 
Chain 1 Iteration: 3200 / 6000 [ 53%]  (Sampling) 
Chain 2 Iteration: 3700 / 6000 [ 61%]  (Sampling) 
Chain 3 Iteration: 3200 / 6000 [ 53%]  (Sampling) 
Chain 4 Iteration: 3100 / 6000 [ 51%]  (Sampling) 
Chain 2 Iteration: 3800 / 6000 [ 63%]  (Sampling) 
Chain 1 Iteration: 3300 / 6000 [ 55%]  (Sampling) 
Chain 3 Iteration: 3300 / 6000 [ 55%]  (Sampling) 
Chain 4 Iteration: 3200 / 6000 [ 53%]  (Sampling) 
Chain 2 Iteration: 3900 / 6000 [ 65%]  (Sampling) 
Chain 1 Iteration: 3400 / 6000 [ 56%]  (Sampling) 
Chain 3 Iteration: 3400 / 6000 [ 56%]  (Sampling) 
Chain 4 Iteration: 3300 / 6000 [ 55%]  (Sampling) 
Chain 2 Iteration: 4000 / 6000 [ 66%]  (Sampling) 
Chain 1 Iteration: 3500 / 6000 [ 58%]  (Sampling) 
Chain 3 Iteration: 3500 / 6000 [ 58%]  (Sampling) 
Chain 2 Iteration: 4100 / 6000 [ 68%]  (Sampling) 
Chain 4 Iteration: 3400 / 6000 [ 56%]  (Sampling) 
Chain 1 Iteration: 3600 / 6000 [ 60%]  (Sampling) 
Chain 2 Iteration: 4200 / 6000 [ 70%]  (Sampling) 
Chain 3 Iteration: 3600 / 6000 [ 60%]  (Sampling) 
Chain 4 Iteration: 3500 / 6000 [ 58%]  (Sampling) 
Chain 1 Iteration: 3700 / 6000 [ 61%]  (Sampling) 
Chain 2 Iteration: 4300 / 6000 [ 71%]  (Sampling) 
Chain 3 Iteration: 3700 / 6000 [ 61%]  (Sampling) 
Chain 4 Iteration: 3600 / 6000 [ 60%]  (Sampling) 
Chain 1 Iteration: 3800 / 6000 [ 63%]  (Sampling) 
Chain 2 Iteration: 4400 / 6000 [ 73%]  (Sampling) 
Chain 3 Iteration: 3800 / 6000 [ 63%]  (Sampling) 
Chain 4 Iteration: 3700 / 6000 [ 61%]  (Sampling) 
Chain 2 Iteration: 4500 / 6000 [ 75%]  (Sampling) 
Chain 1 Iteration: 3900 / 6000 [ 65%]  (Sampling) 
Chain 3 Iteration: 3900 / 6000 [ 65%]  (Sampling) 
Chain 4 Iteration: 3800 / 6000 [ 63%]  (Sampling) 
Chain 2 Iteration: 4600 / 6000 [ 76%]  (Sampling) 
Chain 1 Iteration: 4000 / 6000 [ 66%]  (Sampling) 
Chain 3 Iteration: 4000 / 6000 [ 66%]  (Sampling) 
Chain 4 Iteration: 3900 / 6000 [ 65%]  (Sampling) 
Chain 2 Iteration: 4700 / 6000 [ 78%]  (Sampling) 
Chain 1 Iteration: 4100 / 6000 [ 68%]  (Sampling) 
Chain 3 Iteration: 4100 / 6000 [ 68%]  (Sampling) 
Chain 4 Iteration: 4000 / 6000 [ 66%]  (Sampling) 
Chain 2 Iteration: 4800 / 6000 [ 80%]  (Sampling) 
Chain 1 Iteration: 4200 / 6000 [ 70%]  (Sampling) 
Chain 2 Iteration: 4900 / 6000 [ 81%]  (Sampling) 
Chain 3 Iteration: 4200 / 6000 [ 70%]  (Sampling) 
Chain 4 Iteration: 4100 / 6000 [ 68%]  (Sampling) 
Chain 1 Iteration: 4300 / 6000 [ 71%]  (Sampling) 
Chain 2 Iteration: 5000 / 6000 [ 83%]  (Sampling) 
Chain 3 Iteration: 4300 / 6000 [ 71%]  (Sampling) 
Chain 4 Iteration: 4200 / 6000 [ 70%]  (Sampling) 
Chain 1 Iteration: 4400 / 6000 [ 73%]  (Sampling) 
Chain 2 Iteration: 5100 / 6000 [ 85%]  (Sampling) 
Chain 3 Iteration: 4400 / 6000 [ 73%]  (Sampling) 
Chain 4 Iteration: 4300 / 6000 [ 71%]  (Sampling) 
Chain 2 Iteration: 5200 / 6000 [ 86%]  (Sampling) 
Chain 1 Iteration: 4500 / 6000 [ 75%]  (Sampling) 
Chain 3 Iteration: 4500 / 6000 [ 75%]  (Sampling) 
Chain 4 Iteration: 4400 / 6000 [ 73%]  (Sampling) 
Chain 2 Iteration: 5300 / 6000 [ 88%]  (Sampling) 
Chain 1 Iteration: 4600 / 6000 [ 76%]  (Sampling) 
Chain 3 Iteration: 4600 / 6000 [ 76%]  (Sampling) 
Chain 4 Iteration: 4500 / 6000 [ 75%]  (Sampling) 
Chain 2 Iteration: 5400 / 6000 [ 90%]  (Sampling) 
Chain 1 Iteration: 4700 / 6000 [ 78%]  (Sampling) 
Chain 3 Iteration: 4700 / 6000 [ 78%]  (Sampling) 
Chain 2 Iteration: 5500 / 6000 [ 91%]  (Sampling) 
Chain 4 Iteration: 4600 / 6000 [ 76%]  (Sampling) 
Chain 1 Iteration: 4800 / 6000 [ 80%]  (Sampling) 
Chain 2 Iteration: 5600 / 6000 [ 93%]  (Sampling) 
Chain 3 Iteration: 4800 / 6000 [ 80%]  (Sampling) 
Chain 4 Iteration: 4700 / 6000 [ 78%]  (Sampling) 
Chain 1 Iteration: 4900 / 6000 [ 81%]  (Sampling) 
Chain 2 Iteration: 5700 / 6000 [ 95%]  (Sampling) 
Chain 3 Iteration: 4900 / 6000 [ 81%]  (Sampling) 
Chain 4 Iteration: 4800 / 6000 [ 80%]  (Sampling) 
Chain 2 Iteration: 5800 / 6000 [ 96%]  (Sampling) 
Chain 1 Iteration: 5000 / 6000 [ 83%]  (Sampling) 
Chain 3 Iteration: 5000 / 6000 [ 83%]  (Sampling) 
Chain 4 Iteration: 4900 / 6000 [ 81%]  (Sampling) 
Chain 2 Iteration: 5900 / 6000 [ 98%]  (Sampling) 
Chain 1 Iteration: 5100 / 6000 [ 85%]  (Sampling) 
Chain 3 Iteration: 5100 / 6000 [ 85%]  (Sampling) 
Chain 4 Iteration: 5000 / 6000 [ 83%]  (Sampling) 
Chain 2 Iteration: 6000 / 6000 [100%]  (Sampling) 
Chain 2 finished in 10227.6 seconds.
Chain 1 Iteration: 5200 / 6000 [ 86%]  (Sampling) 
Chain 3 Iteration: 5200 / 6000 [ 86%]  (Sampling) 
Chain 4 Iteration: 5100 / 6000 [ 85%]  (Sampling) 
Chain 1 Iteration: 5300 / 6000 [ 88%]  (Sampling) 
Chain 3 Iteration: 5300 / 6000 [ 88%]  (Sampling) 
Chain 4 Iteration: 5200 / 6000 [ 86%]  (Sampling) 
Chain 1 Iteration: 5400 / 6000 [ 90%]  (Sampling) 
Chain 3 Iteration: 5400 / 6000 [ 90%]  (Sampling) 
Chain 4 Iteration: 5300 / 6000 [ 88%]  (Sampling) 
Chain 1 Iteration: 5500 / 6000 [ 91%]  (Sampling) 
Chain 3 Iteration: 5500 / 6000 [ 91%]  (Sampling) 
Chain 4 Iteration: 5400 / 6000 [ 90%]  (Sampling) 
Chain 1 Iteration: 5600 / 6000 [ 93%]  (Sampling) 
Chain 3 Iteration: 5600 / 6000 [ 93%]  (Sampling) 
Chain 4 Iteration: 5500 / 6000 [ 91%]  (Sampling) 
Chain 1 Iteration: 5700 / 6000 [ 95%]  (Sampling) 
Chain 3 Iteration: 5700 / 6000 [ 95%]  (Sampling) 
Chain 4 Iteration: 5600 / 6000 [ 93%]  (Sampling) 
Chain 1 Iteration: 5800 / 6000 [ 96%]  (Sampling) 
Chain 3 Iteration: 5800 / 6000 [ 96%]  (Sampling) 
Chain 4 Iteration: 5700 / 6000 [ 95%]  (Sampling) 
Chain 1 Iteration: 5900 / 6000 [ 98%]  (Sampling) 
Chain 3 Iteration: 5900 / 6000 [ 98%]  (Sampling) 
Chain 4 Iteration: 5800 / 6000 [ 96%]  (Sampling) 
Chain 1 Iteration: 6000 / 6000 [100%]  (Sampling) 
Chain 1 finished in 11778.8 seconds.
Chain 3 Iteration: 6000 / 6000 [100%]  (Sampling) 
Chain 3 finished in 11824.9 seconds.
Chain 4 Iteration: 5900 / 6000 [ 98%]  (Sampling) 
Chain 4 Iteration: 6000 / 6000 [100%]  (Sampling) 
Chain 4 finished in 11973.3 seconds.

All 4 chains finished successfully.
Mean chain execution time: 11451.1 seconds.
Total execution time: 11974.1 seconds.

[1] "Processing draws 1 to 100"
[1] "Chunk time = 3.25543800195058"
[1] "Processing draws 101 to 200"
[1] "Chunk time = 2.31558094819387"
[1] "Processing draws 201 to 300"
[1] "Chunk time = 2.41586600144704"
[1] "Processing draws 301 to 400"
[1] "Chunk time = 2.10700130065282"
[1] "Processing draws 401 to 500"
[1] "Chunk time = 2.02521274487178"
[1] "Processing draws 501 to 600"
[1] "Chunk time = 1.99699942270915"
[1] "Processing draws 601 to 700"
[1] "Chunk time = 2.00878811677297"
[1] "Processing draws 701 to 800"
[1] "Chunk time = 2.1872654914856"
[1] "Processing draws 801 to 900"
[1] "Chunk time = 2.01011998256048"
[1] "Processing draws 901 to 1000"
[1] "Chunk time = 2.07124916712443"
[1] "Processing draws 1001 to 1100"
[1] "Chunk time = 2.00208641688029"
[1] "Processing draws 1101 to 1200"
[1] "Chunk time = 2.04038302898407"
[1] "Processing draws 1201 to 1300"
[1] "Chunk time = 2.01034794648488"
[1] "Processing draws 1301 to 1400"
[1] "Chunk time = 1.99786570072174"
[1] "Processing draws 1401 to 1500"
[1] "Chunk time = 2.02606043418248"
[1] "Processing draws 1501 to 1600"
[1] "Chunk time = 2.03004570802053"
[1] "Processing draws 1601 to 1700"
[1] "Chunk time = 1.98687397638957"
[1] "Processing draws 1701 to 1800"
[1] "Chunk time = 1.99682404994965"
[1] "Processing draws 1801 to 1900"
[1] "Chunk time = 2.04930630922318"
[1] "Processing draws 1901 to 2000"
[1] "Chunk time = 2.03343067963918"
[1] "Processing draws 2001 to 2100"
[1] "Chunk time = 1.99165321588516"
[1] "Processing draws 2101 to 2200"
[1] "Chunk time = 2.04643889665604"
[1] "Processing draws 2201 to 2300"
[1] "Chunk time = 1.98188757101695"
[1] "Processing draws 2301 to 2400"
[1] "Chunk time = 2.02565106948217"
[1] "Processing draws 2401 to 2500"
[1] "Chunk time = 1.99339012702306"
[1] "Processing draws 2501 to 2600"
[1] "Chunk time = 1.99209148089091"
[1] "Processing draws 2601 to 2700"
[1] "Chunk time = 1.99339239199956"
[1] "Processing draws 2701 to 2800"
[1] "Chunk time = 2.10547539790471"
[1] "Processing draws 2801 to 2900"
[1] "Chunk time = 1.99512655735016"
[1] "Processing draws 2901 to 3000"
[1] "Chunk time = 2.00217349926631"
[1] "Processing draws 3001 to 3100"
[1] "Chunk time = 2.08604583740234"
[1] "Processing draws 3101 to 3200"
[1] "Chunk time = 2.01960484981537"
[1] "Processing draws 3201 to 3300"
[1] "Chunk time = 1.98252593676249"
[1] "Processing draws 3301 to 3400"
[1] "Chunk time = 2.1286372979482"
[1] "Processing draws 3401 to 3500"
[1] "Chunk time = 1.99938914775848"
[1] "Processing draws 3501 to 3600"
[1] "Chunk time = 2.0217697262764"
[1] "Processing draws 3601 to 3700"
[1] "Chunk time = 2.11617203950882"
[1] "Processing draws 3701 to 3800"
[1] "Chunk time = 2.03548448085785"
[1] "Processing draws 3801 to 3900"
[1] "Chunk time = 2.03614170948664"
[1] "Processing draws 3901 to 4000"
[1] "Chunk time = 2.16519259214401"
[1] "Processing draws 4001 to 4100"
[1] "Chunk time = 2.10326573848724"
[1] "Processing draws 4101 to 4200"
[1] "Chunk time = 2.02676934401194"
[1] "Processing draws 4201 to 4300"
[1] "Chunk time = 2.12891625165939"
[1] "Processing draws 4301 to 4400"
[1] "Chunk time = 2.02992284297943"
[1] "Processing draws 4401 to 4500"
[1] "Chunk time = 2.01647425492605"
[1] "Processing draws 4501 to 4600"
[1] "Chunk time = 2.12417709827423"
[1] "Processing draws 4601 to 4700"
[1] "Chunk time = 2.01209823290507"
[1] "Processing draws 4701 to 4800"
[1] "Chunk time = 2.07186422348022"
[1] "Processing draws 4801 to 4900"
[1] "Chunk time = 2.12235741615295"
[1] "Processing draws 4901 to 5000"
[1] "Chunk time = 2.00775341590246"
[1] "Processing draws 5001 to 5100"
[1] "Chunk time = 1.98370928366979"
[1] "Processing draws 5101 to 5200"
[1] "Chunk time = 2.11419356266658"
[1] "Processing draws 5201 to 5300"
[1] "Chunk time = 2.03000056346258"
[1] "Processing draws 5301 to 5400"
[1] "Chunk time = 2.01411763827006"
[1] "Processing draws 5401 to 5500"
[1] "Chunk time = 2.12538514534632"
[1] "Processing draws 5501 to 5600"
[1] "Chunk time = 2.01639209191004"
[1] "Processing draws 5601 to 5700"
[1] "Chunk time = 1.99100830554962"
[1] "Processing draws 5701 to 5800"
[1] "Chunk time = 2.11243591308594"
[1] "Processing draws 5801 to 5900"
[1] "Chunk time = 1.98866280714671"
[1] "Processing draws 5901 to 6000"
[1] "Chunk time = 2.03439267873764"
[1] "Processing draws 6001 to 6100"
[1] "Chunk time = 2.11555339495341"
[1] "Processing draws 6101 to 6200"
[1] "Chunk time = 2.01571825742722"
[1] "Processing draws 6201 to 6300"
[1] "Chunk time = 1.9720089395841"
[1] "Processing draws 6301 to 6400"
[1] "Chunk time = 2.11582346757253"
[1] "Processing draws 6401 to 6500"
[1] "Chunk time = 1.97071771621704"
[1] "Processing draws 6501 to 6600"
[1] "Chunk time = 2.00260217984517"
[1] "Processing draws 6601 to 6700"
[1] "Chunk time = 2.10825609763463"
[1] "Processing draws 6701 to 6800"
[1] "Chunk time = 2.0861620148023"
[1] "Processing draws 6801 to 6900"
[1] "Chunk time = 2.04047186374664"
[1] "Processing draws 6901 to 7000"
[1] "Chunk time = 2.16836961905162"
[1] "Processing draws 7001 to 7100"
[1] "Chunk time = 2.05220717986425"
[1] "Processing draws 7101 to 7200"
[1] "Chunk time = 2.04275905688604"
[1] "Processing draws 7201 to 7300"
[1] "Chunk time = 2.13817101716995"
[1] "Processing draws 7301 to 7400"
[1] "Chunk time = 2.04229592879613"
[1] "Processing draws 7401 to 7500"
[1] "Chunk time = 2.07394827604294"
[1] "Processing draws 7501 to 7600"
[1] "Chunk time = 2.19636562665304"
[1] "Processing draws 7601 to 7700"
[1] "Chunk time = 2.06549546718597"
[1] "Processing draws 7701 to 7800"
[1] "Chunk time = 2.04490882158279"
[1] "Processing draws 7801 to 7900"
[1] "Chunk time = 2.14690355857213"
[1] "Processing draws 7901 to 8000"
[1] "Chunk time = 2.02668783664703"
[1] "Processing draws 8001 to 8100"
[1] "Chunk time = 2.02303777535756"
[1] "Processing draws 8101 to 8200"
[1] "Chunk time = 2.1272888024648"
[1] "Processing draws 8201 to 8300"
[1] "Chunk time = 2.03785562515259"
[1] "Processing draws 8301 to 8400"
[1] "Chunk time = 2.02066255410512"
[1] "Processing draws 8401 to 8500"
[1] "Chunk time = 1.99459199110667"
[1] "Processing draws 8501 to 8600"
[1] "Chunk time = 1.98932319482168"
[1] "Processing draws 8601 to 8700"
[1] "Chunk time = 1.99519132773081"
[1] "Processing draws 8701 to 8800"
[1] "Chunk time = 2.11296845674515"
[1] "Processing draws 8801 to 8900"
[1] "Chunk time = 2.0722861568133"
[1] "Processing draws 8901 to 9000"
[1] "Chunk time = 2.06654934088389"
[1] "Processing draws 9001 to 9100"
[1] "Chunk time = 2.04934290647507"
[1] "Processing draws 9101 to 9200"
[1] "Chunk time = 2.06265904108683"
[1] "Processing draws 9201 to 9300"
[1] "Chunk time = 2.01369169950485"
[1] "Processing draws 9301 to 9400"
[1] "Chunk time = 2.09031364917755"
[1] "Processing draws 9401 to 9500"
[1] "Chunk time = 2.02185392379761"
[1] "Processing draws 9501 to 9600"
[1] "Chunk time = 2.06144349575043"
[1] "Processing draws 9601 to 9700"
[1] "Chunk time = 2.12477872769038"
[1] "Processing draws 9701 to 9800"
[1] "Chunk time = 2.04814255634944"
[1] "Processing draws 9801 to 9900"
[1] "Chunk time = 2.02410807212194"
[1] "Processing draws 9901 to 10000"
[1] "Chunk time = 2.15461346705755"
[1] "Processing draws 10001 to 10100"
[1] "Chunk time = 2.02867471774419"
[1] "Processing draws 10101 to 10200"
[1] "Chunk time = 2.04388260444005"
[1] "Processing draws 10201 to 10300"
[1] "Chunk time = 2.1579559803009"
[1] "Processing draws 10301 to 10400"
[1] "Chunk time = 2.07084209918976"
[1] "Processing draws 10401 to 10500"
[1] "Chunk time = 2.02674697240194"
[1] "Processing draws 10501 to 10600"
[1] "Chunk time = 2.14486615260442"
[1] "Processing draws 10601 to 10700"
[1] "Chunk time = 2.02902854283651"
[1] "Processing draws 10701 to 10800"
[1] "Chunk time = 2.05315878391266"
[1] "Processing draws 10801 to 10900"
[1] "Chunk time = 2.17036004463832"
[1] "Processing draws 10901 to 11000"
[1] "Chunk time = 2.04532992045085"
[1] "Processing draws 11001 to 11100"
[1] "Chunk time = 2.07457041740417"
[1] "Processing draws 11101 to 11200"
[1] "Chunk time = 2.12945834000905"
[1] "Processing draws 11201 to 11300"
[1] "Chunk time = 2.0628199895223"
[1] "Processing draws 11301 to 11400"
[1] "Chunk time = 2.04707596699397"
[1] "Processing draws 11401 to 11500"
[1] "Chunk time = 2.1168051481247"
[1] "Processing draws 11501 to 11600"
[1] "Chunk time = 2.0702028632164"
[1] "Processing draws 11601 to 11700"
[1] "Chunk time = 2.04990920225779"
[1] "Processing draws 11701 to 11800"
[1] "Chunk time = 2.16413849194845"
[1] "Processing draws 11801 to 11900"
[1] "Chunk time = 2.04136531750361"
[1] "Processing draws 11901 to 12000"
[1] "Chunk time = 2.087644247214"
[1] "Processing draws 12001 to 12100"
[1] "Chunk time = 2.1584578315417"
[1] "Processing draws 12101 to 12200"
[1] "Chunk time = 2.05117294390996"
[1] "Processing draws 12201 to 12300"
[1] "Chunk time = 2.08384004036586"
[1] "Processing draws 12301 to 12400"
[1] "Chunk time = 2.15628778934479"
[1] "Processing draws 12401 to 12500"
[1] "Chunk time = 2.07953179279963"
[1] "Processing draws 12501 to 12600"
[1] "Chunk time = 2.04576976299286"
[1] "Processing draws 12601 to 12700"
[1] "Chunk time = 2.14309833844503"
[1] "Processing draws 12701 to 12800"
[1] "Chunk time = 2.05797699292501"
[1] "Processing draws 12801 to 12900"
[1] "Chunk time = 2.01667704979579"
[1] "Processing draws 12901 to 13000"
[1] "Chunk time = 2.20159337520599"
[1] "Processing draws 13001 to 13100"
[1] "Chunk time = 2.04889226754506"
[1] "Processing draws 13101 to 13200"
[1] "Chunk time = 2.13554928302765"
[1] "Processing draws 13201 to 13300"
[1] "Chunk time = 2.16988334258397"
[1] "Processing draws 13301 to 13400"
[1] "Chunk time = 2.01155552864075"
[1] "Processing draws 13401 to 13500"
[1] "Chunk time = 2.01606107950211"
[1] "Processing draws 13501 to 13600"
[1] "Chunk time = 2.14573726256688"
[1] "Processing draws 13601 to 13700"
[1] "Chunk time = 2.05326016346614"
[1] "Processing draws 13701 to 13800"
[1] "Chunk time = 2.05789985656738"
[1] "Processing draws 13801 to 13900"
[1] "Chunk time = 2.15560615460078"
[1] "Processing draws 13901 to 14000"
[1] "Chunk time = 2.05115562677383"
[1] "Processing draws 14001 to 14100"
[1] "Chunk time = 2.08889034986496"
[1] "Processing draws 14101 to 14200"
[1] "Chunk time = 2.13718295097351"
[1] "Processing draws 14201 to 14300"
[1] "Chunk time = 2.07810959418615"
[1] "Processing draws 14301 to 14400"
[1] "Chunk time = 2.0981817483902"
[1] "Processing draws 14401 to 14500"
[1] "Chunk time = 2.18580284516017"
[1] "Processing draws 14501 to 14600"
[1] "Chunk time = 2.13753118515015"
[1] "Processing draws 14601 to 14700"
[1] "Chunk time = 2.07033059199651"
[1] "Processing draws 14701 to 14800"
[1] "Chunk time = 2.15362845659256"
[1] "Processing draws 14801 to 14900"
[1] "Chunk time = 2.03856491247813"
[1] "Processing draws 14901 to 15000"
[1] "Chunk time = 2.13060442606608"
[1] "Processing draws 15001 to 15100"
[1] "Chunk time = 2.17617113192876"
[1] "Processing draws 15101 to 15200"
[1] "Chunk time = 2.0916374762853"
[1] "Processing draws 15201 to 15300"
[1] "Chunk time = 2.18607914447784"
[1] "Processing draws 15301 to 15400"
[1] "Chunk time = 2.17751067479451"
[1] "Processing draws 15401 to 15500"
[1] "Chunk time = 2.0935871998469"
[1] "Processing draws 15501 to 15600"
[1] "Chunk time = 2.09515480995178"
[1] "Processing draws 15601 to 15700"
[1] "Chunk time = 2.10373526016871"
[1] "Processing draws 15701 to 15800"
[1] "Chunk time = 2.09348383744558"
[1] "Processing draws 15801 to 15900"
[1] "Chunk time = 2.10397635300954"
[1] "Processing draws 15901 to 16000"
[1] "Chunk time = 2.12948786020279"
[1] "Processing draws 16001 to 16100"
[1] "Chunk time = 2.12357546885808"
[1] "Processing draws 16101 to 16200"
[1] "Chunk time = 2.05232889652252"
[1] "Processing draws 16201 to 16300"
[1] "Chunk time = 2.15524325370789"
[1] "Processing draws 16301 to 16400"
[1] "Chunk time = 2.06723105112712"
[1] "Processing draws 16401 to 16500"
[1] "Chunk time = 2.12103382746379"
[1] "Processing draws 16501 to 16600"
[1] "Chunk time = 2.16065578063329"
[1] "Processing draws 16601 to 16700"
[1] "Chunk time = 2.12655195395152"
[1] "Processing draws 16701 to 16800"
[1] "Chunk time = 2.08089328209559"
[1] "Processing draws 16801 to 16900"
[1] "Chunk time = 2.20260722637177"
[1] "Processing draws 16901 to 17000"
[1] "Chunk time = 2.12209345897039"
[1] "Processing draws 17001 to 17100"
[1] "Chunk time = 2.04397726456324"
[1] "Processing draws 17101 to 17200"
[1] "Chunk time = 2.13621479670207"
[1] "Processing draws 17201 to 17300"
[1] "Chunk time = 2.00429539680481"
[1] "Processing draws 17301 to 17400"
[1] "Chunk time = 2.0192844748497"
[1] "Processing draws 17401 to 17500"
[1] "Chunk time = 2.15430258909861"
[1] "Processing draws 17501 to 17600"
[1] "Chunk time = 2.07291040023168"
[1] "Processing draws 17601 to 17700"
[1] "Chunk time = 2.00471025705338"
[1] "Processing draws 17701 to 17800"
[1] "Chunk time = 2.12172978719076"
[1] "Processing draws 17801 to 17900"
[1] "Chunk time = 1.99973709980647"
[1] "Processing draws 17901 to 18000"
[1] "Chunk time = 2.07593545913696"
[1] "Processing draws 18001 to 18100"
[1] "Chunk time = 2.14821876684825"
[1] "Processing draws 18101 to 18200"
[1] "Chunk time = 2.0466558655103"
[1] "Processing draws 18201 to 18300"
[1] "Chunk time = 1.97505133549372"
[1] "Processing draws 18301 to 18400"
[1] "Chunk time = 2.16022864580154"
[1] "Processing draws 18401 to 18500"
[1] "Chunk time = 1.97840570211411"
[1] "Processing draws 18501 to 18600"
[1] "Chunk time = 2.0343497633934"
[1] "Processing draws 18601 to 18700"
[1] "Chunk time = 2.16155962546666"
[1] "Processing draws 18701 to 18800"
[1] "Chunk time = 2.05996284087499"
[1] "Processing draws 18801 to 18900"
[1] "Chunk time = 1.99330983161926"
[1] "Processing draws 18901 to 19000"
[1] "Chunk time = 2.13573385079702"
[1] "Processing draws 19001 to 19100"
[1] "Chunk time = 1.95840355157852"
[1] "Processing draws 19101 to 19200"
[1] "Chunk time = 2.07932070493698"
[1] "Processing draws 19201 to 19300"
[1] "Chunk time = 2.14699978431066"
[1] "Processing draws 19301 to 19400"
[1] "Chunk time = 1.98380494117737"
[1] "Processing draws 19401 to 19500"
[1] "Chunk time = 1.97560557524363"
[1] "Processing draws 19501 to 19600"
[1] "Chunk time = 2.13085024356842"
[1] "Processing draws 19601 to 19700"
[1] "Chunk time = 1.96278134981791"
[1] "Processing draws 19701 to 19800"
[1] "Chunk time = 1.90262457529704"
[1] "Processing draws 19801 to 19900"
[1] "Chunk time = 2.0509334286054"
[1] "Processing draws 19901 to 20000"
[1] "Chunk time = 2.05227656364441"
[1] "done lapplying"
[1] "Saving current params"
[1] "Saving params to output.rds"
[1] TRUE
[1] "Time for modelling:"
[1] "2025-07-02 03:56:50 EDT"
[1] "Time for posterior computations:"
Time difference of 6.943699 hours
[1] "Total time:"
[1] "2025-07-02 10:53:27 EDT"
