[1] "Starting sampling."
Running MCMC with 4 parallel chains, with 4 thread(s) per chain...

Chain 1 Iteration:    1 / 6000 [  0%]  (Warmup) 
Chain 2 Iteration:    1 / 6000 [  0%]  (Warmup) 
Chain 3 Iteration:    1 / 6000 [  0%]  (Warmup) 
Chain 4 Iteration:    1 / 6000 [  0%]  (Warmup) 
Chain 1 Iteration:  100 / 6000 [  1%]  (Warmup) 
Chain 4 Iteration:  100 / 6000 [  1%]  (Warmup) 
Chain 3 Iteration:  100 / 6000 [  1%]  (Warmup) 
Chain 1 Iteration:  200 / 6000 [  3%]  (Warmup) 
Chain 4 Iteration:  200 / 6000 [  3%]  (Warmup) 
Chain 2 Iteration:  100 / 6000 [  1%]  (Warmup) 
Chain 3 Iteration:  200 / 6000 [  3%]  (Warmup) 
Chain 1 Iteration:  300 / 6000 [  5%]  (Warmup) 
Chain 4 Iteration:  300 / 6000 [  5%]  (Warmup) 
Chain 2 Iteration:  200 / 6000 [  3%]  (Warmup) 
Chain 3 Iteration:  300 / 6000 [  5%]  (Warmup) 
Chain 4 Iteration:  400 / 6000 [  6%]  (Warmup) 
Chain 1 Iteration:  400 / 6000 [  6%]  (Warmup) 
Chain 3 Iteration:  400 / 6000 [  6%]  (Warmup) 
Chain 2 Iteration:  300 / 6000 [  5%]  (Warmup) 
Chain 1 Iteration:  500 / 6000 [  8%]  (Warmup) 
Chain 4 Iteration:  500 / 6000 [  8%]  (Warmup) 
Chain 3 Iteration:  500 / 6000 [  8%]  (Warmup) 
Chain 2 Iteration:  400 / 6000 [  6%]  (Warmup) 
Chain 1 Iteration:  600 / 6000 [ 10%]  (Warmup) 
Chain 4 Iteration:  600 / 6000 [ 10%]  (Warmup) 
Chain 3 Iteration:  600 / 6000 [ 10%]  (Warmup) 
Chain 2 Iteration:  500 / 6000 [  8%]  (Warmup) 
Chain 1 Iteration:  700 / 6000 [ 11%]  (Warmup) 
Chain 4 Iteration:  700 / 6000 [ 11%]  (Warmup) 
Chain 3 Iteration:  700 / 6000 [ 11%]  (Warmup) 
Chain 2 Iteration:  600 / 6000 [ 10%]  (Warmup) 
Chain 1 Iteration:  800 / 6000 [ 13%]  (Warmup) 
Chain 4 Iteration:  800 / 6000 [ 13%]  (Warmup) 
Chain 3 Iteration:  800 / 6000 [ 13%]  (Warmup) 
Chain 1 Iteration:  900 / 6000 [ 15%]  (Warmup) 
Chain 2 Iteration:  700 / 6000 [ 11%]  (Warmup) 
Chain 4 Iteration:  900 / 6000 [ 15%]  (Warmup) 
Chain 3 Iteration:  900 / 6000 [ 15%]  (Warmup) 
Chain 2 Iteration:  800 / 6000 [ 13%]  (Warmup) 
Chain 1 Iteration: 1000 / 6000 [ 16%]  (Warmup) 
Chain 1 Iteration: 1001 / 6000 [ 16%]  (Sampling) 
Chain 4 Iteration: 1000 / 6000 [ 16%]  (Warmup) 
Chain 4 Iteration: 1001 / 6000 [ 16%]  (Sampling) 
Chain 3 Iteration: 1000 / 6000 [ 16%]  (Warmup) 
Chain 3 Iteration: 1001 / 6000 [ 16%]  (Sampling) 
Chain 2 Iteration:  900 / 6000 [ 15%]  (Warmup) 
Chain 1 Iteration: 1100 / 6000 [ 18%]  (Sampling) 
Chain 4 Iteration: 1100 / 6000 [ 18%]  (Sampling) 
Chain 3 Iteration: 1100 / 6000 [ 18%]  (Sampling) 
Chain 2 Iteration: 1000 / 6000 [ 16%]  (Warmup) 
Chain 2 Iteration: 1001 / 6000 [ 16%]  (Sampling) 
Chain 1 Iteration: 1200 / 6000 [ 20%]  (Sampling) 
Chain 4 Iteration: 1200 / 6000 [ 20%]  (Sampling) 
Chain 2 Iteration: 1100 / 6000 [ 18%]  (Sampling) 
Chain 3 Iteration: 1200 / 6000 [ 20%]  (Sampling) 
Chain 2 Iteration: 1200 / 6000 [ 20%]  (Sampling) 
Chain 1 Iteration: 1300 / 6000 [ 21%]  (Sampling) 
Chain 4 Iteration: 1300 / 6000 [ 21%]  (Sampling) 
Chain 2 Iteration: 1300 / 6000 [ 21%]  (Sampling) 
Chain 3 Iteration: 1300 / 6000 [ 21%]  (Sampling) 
Chain 2 Iteration: 1400 / 6000 [ 23%]  (Sampling) 
Chain 1 Iteration: 1400 / 6000 [ 23%]  (Sampling) 
Chain 4 Iteration: 1400 / 6000 [ 23%]  (Sampling) 
Chain 2 Iteration: 1500 / 6000 [ 25%]  (Sampling) 
Chain 3 Iteration: 1400 / 6000 [ 23%]  (Sampling) 
Chain 2 Iteration: 1600 / 6000 [ 26%]  (Sampling) 
Chain 1 Iteration: 1500 / 6000 [ 25%]  (Sampling) 
Chain 4 Iteration: 1500 / 6000 [ 25%]  (Sampling) 
Chain 2 Iteration: 1700 / 6000 [ 28%]  (Sampling) 
Chain 3 Iteration: 1500 / 6000 [ 25%]  (Sampling) 
Chain 2 Iteration: 1800 / 6000 [ 30%]  (Sampling) 
Chain 1 Iteration: 1600 / 6000 [ 26%]  (Sampling) 
Chain 4 Iteration: 1600 / 6000 [ 26%]  (Sampling) 
Chain 2 Iteration: 1900 / 6000 [ 31%]  (Sampling) 
Chain 3 Iteration: 1600 / 6000 [ 26%]  (Sampling) 
Chain 2 Iteration: 2000 / 6000 [ 33%]  (Sampling) 
Chain 1 Iteration: 1700 / 6000 [ 28%]  (Sampling) 
Chain 4 Iteration: 1700 / 6000 [ 28%]  (Sampling) 
Chain 2 Iteration: 2100 / 6000 [ 35%]  (Sampling) 
Chain 3 Iteration: 1700 / 6000 [ 28%]  (Sampling) 
Chain 2 Iteration: 2200 / 6000 [ 36%]  (Sampling) 
Chain 1 Iteration: 1800 / 6000 [ 30%]  (Sampling) 
Chain 4 Iteration: 1800 / 6000 [ 30%]  (Sampling) 
Chain 2 Iteration: 2300 / 6000 [ 38%]  (Sampling) 
Chain 3 Iteration: 1800 / 6000 [ 30%]  (Sampling) 
Chain 1 Iteration: 1900 / 6000 [ 31%]  (Sampling) 
Chain 2 Iteration: 2400 / 6000 [ 40%]  (Sampling) 
Chain 4 Iteration: 1900 / 6000 [ 31%]  (Sampling) 
Chain 2 Iteration: 2500 / 6000 [ 41%]  (Sampling) 
Chain 3 Iteration: 1900 / 6000 [ 31%]  (Sampling) 
Chain 1 Iteration: 2000 / 6000 [ 33%]  (Sampling) 
Chain 4 Iteration: 2000 / 6000 [ 33%]  (Sampling) 
Chain 2 Iteration: 2600 / 6000 [ 43%]  (Sampling) 
Chain 3 Iteration: 2000 / 6000 [ 33%]  (Sampling) 
Chain 2 Iteration: 2700 / 6000 [ 45%]  (Sampling) 
Chain 1 Iteration: 2100 / 6000 [ 35%]  (Sampling) 
Chain 4 Iteration: 2100 / 6000 [ 35%]  (Sampling) 
Chain 2 Iteration: 2800 / 6000 [ 46%]  (Sampling) 
Chain 3 Iteration: 2100 / 6000 [ 35%]  (Sampling) 
Chain 2 Iteration: 2900 / 6000 [ 48%]  (Sampling) 
Chain 1 Iteration: 2200 / 6000 [ 36%]  (Sampling) 
Chain 4 Iteration: 2200 / 6000 [ 36%]  (Sampling) 
Chain 2 Iteration: 3000 / 6000 [ 50%]  (Sampling) 
Chain 3 Iteration: 2200 / 6000 [ 36%]  (Sampling) 
Chain 2 Iteration: 3100 / 6000 [ 51%]  (Sampling) 
Chain 1 Iteration: 2300 / 6000 [ 38%]  (Sampling) 
Chain 4 Iteration: 2300 / 6000 [ 38%]  (Sampling) 
Chain 2 Iteration: 3200 / 6000 [ 53%]  (Sampling) 
Chain 3 Iteration: 2300 / 6000 [ 38%]  (Sampling) 
Chain 2 Iteration: 3300 / 6000 [ 55%]  (Sampling) 
Chain 1 Iteration: 2400 / 6000 [ 40%]  (Sampling) 
Chain 4 Iteration: 2400 / 6000 [ 40%]  (Sampling) 
Chain 2 Iteration: 3400 / 6000 [ 56%]  (Sampling) 
Chain 3 Iteration: 2400 / 6000 [ 40%]  (Sampling) 
Chain 2 Iteration: 3500 / 6000 [ 58%]  (Sampling) 
Chain 1 Iteration: 2500 / 6000 [ 41%]  (Sampling) 
Chain 4 Iteration: 2500 / 6000 [ 41%]  (Sampling) 
Chain 2 Iteration: 3600 / 6000 [ 60%]  (Sampling) 
Chain 3 Iteration: 2500 / 6000 [ 41%]  (Sampling) 
Chain 1 Iteration: 2600 / 6000 [ 43%]  (Sampling) 
Chain 2 Iteration: 3700 / 6000 [ 61%]  (Sampling) 
Chain 4 Iteration: 2600 / 6000 [ 43%]  (Sampling) 
Chain 2 Iteration: 3800 / 6000 [ 63%]  (Sampling) 
Chain 3 Iteration: 2600 / 6000 [ 43%]  (Sampling) 
Chain 1 Iteration: 2700 / 6000 [ 45%]  (Sampling) 
Chain 2 Iteration: 3900 / 6000 [ 65%]  (Sampling) 
Chain 4 Iteration: 2700 / 6000 [ 45%]  (Sampling) 
Chain 2 Iteration: 4000 / 6000 [ 66%]  (Sampling) 
Chain 3 Iteration: 2700 / 6000 [ 45%]  (Sampling) 
Chain 1 Iteration: 2800 / 6000 [ 46%]  (Sampling) 
Chain 2 Iteration: 4100 / 6000 [ 68%]  (Sampling) 
Chain 4 Iteration: 2800 / 6000 [ 46%]  (Sampling) 
Chain 2 Iteration: 4200 / 6000 [ 70%]  (Sampling) 
Chain 3 Iteration: 2800 / 6000 [ 46%]  (Sampling) 
Chain 1 Iteration: 2900 / 6000 [ 48%]  (Sampling) 
Chain 4 Iteration: 2900 / 6000 [ 48%]  (Sampling) 
Chain 2 Iteration: 4300 / 6000 [ 71%]  (Sampling) 
Chain 3 Iteration: 2900 / 6000 [ 48%]  (Sampling) 
Chain 2 Iteration: 4400 / 6000 [ 73%]  (Sampling) 
Chain 1 Iteration: 3000 / 6000 [ 50%]  (Sampling) 
Chain 4 Iteration: 3000 / 6000 [ 50%]  (Sampling) 
Chain 2 Iteration: 4500 / 6000 [ 75%]  (Sampling) 
Chain 3 Iteration: 3000 / 6000 [ 50%]  (Sampling) 
Chain 2 Iteration: 4600 / 6000 [ 76%]  (Sampling) 
Chain 1 Iteration: 3100 / 6000 [ 51%]  (Sampling) 
Chain 4 Iteration: 3100 / 6000 [ 51%]  (Sampling) 
Chain 2 Iteration: 4700 / 6000 [ 78%]  (Sampling) 
Chain 3 Iteration: 3100 / 6000 [ 51%]  (Sampling) 
Chain 2 Iteration: 4800 / 6000 [ 80%]  (Sampling) 
Chain 1 Iteration: 3200 / 6000 [ 53%]  (Sampling) 
Chain 4 Iteration: 3200 / 6000 [ 53%]  (Sampling) 
Chain 2 Iteration: 4900 / 6000 [ 81%]  (Sampling) 
Chain 3 Iteration: 3200 / 6000 [ 53%]  (Sampling) 
Chain 2 Iteration: 5000 / 6000 [ 83%]  (Sampling) 
Chain 1 Iteration: 3300 / 6000 [ 55%]  (Sampling) 
Chain 4 Iteration: 3300 / 6000 [ 55%]  (Sampling) 
Chain 2 Iteration: 5100 / 6000 [ 85%]  (Sampling) 
Chain 3 Iteration: 3300 / 6000 [ 55%]  (Sampling) 
Chain 2 Iteration: 5200 / 6000 [ 86%]  (Sampling) 
Chain 1 Iteration: 3400 / 6000 [ 56%]  (Sampling) 
Chain 4 Iteration: 3400 / 6000 [ 56%]  (Sampling) 
Chain 2 Iteration: 5300 / 6000 [ 88%]  (Sampling) 
Chain 3 Iteration: 3400 / 6000 [ 56%]  (Sampling) 
Chain 1 Iteration: 3500 / 6000 [ 58%]  (Sampling) 
Chain 2 Iteration: 5400 / 6000 [ 90%]  (Sampling) 
Chain 4 Iteration: 3500 / 6000 [ 58%]  (Sampling) 
Chain 2 Iteration: 5500 / 6000 [ 91%]  (Sampling) 
Chain 3 Iteration: 3500 / 6000 [ 58%]  (Sampling) 
Chain 1 Iteration: 3600 / 6000 [ 60%]  (Sampling) 
Chain 4 Iteration: 3600 / 6000 [ 60%]  (Sampling) 
Chain 2 Iteration: 5600 / 6000 [ 93%]  (Sampling) 
Chain 2 Iteration: 5700 / 6000 [ 95%]  (Sampling) 
Chain 3 Iteration: 3600 / 6000 [ 60%]  (Sampling) 
Chain 1 Iteration: 3700 / 6000 [ 61%]  (Sampling) 
Chain 4 Iteration: 3700 / 6000 [ 61%]  (Sampling) 
Chain 2 Iteration: 5800 / 6000 [ 96%]  (Sampling) 
Chain 3 Iteration: 3700 / 6000 [ 61%]  (Sampling) 
Chain 2 Iteration: 5900 / 6000 [ 98%]  (Sampling) 
Chain 1 Iteration: 3800 / 6000 [ 63%]  (Sampling) 
Chain 4 Iteration: 3800 / 6000 [ 63%]  (Sampling) 
Chain 2 Iteration: 6000 / 6000 [100%]  (Sampling) 
Chain 2 finished in 1002.8 seconds.
Chain 3 Iteration: 3800 / 6000 [ 63%]  (Sampling) 
Chain 1 Iteration: 3900 / 6000 [ 65%]  (Sampling) 
Chain 4 Iteration: 3900 / 6000 [ 65%]  (Sampling) 
Chain 3 Iteration: 3900 / 6000 [ 65%]  (Sampling) 
Chain 1 Iteration: 4000 / 6000 [ 66%]  (Sampling) 
Chain 4 Iteration: 4000 / 6000 [ 66%]  (Sampling) 
Chain 3 Iteration: 4000 / 6000 [ 66%]  (Sampling) 
Chain 1 Iteration: 4100 / 6000 [ 68%]  (Sampling) 
Chain 4 Iteration: 4100 / 6000 [ 68%]  (Sampling) 
Chain 3 Iteration: 4100 / 6000 [ 68%]  (Sampling) 
Chain 1 Iteration: 4200 / 6000 [ 70%]  (Sampling) 
Chain 4 Iteration: 4200 / 6000 [ 70%]  (Sampling) 
Chain 3 Iteration: 4200 / 6000 [ 70%]  (Sampling) 
Chain 1 Iteration: 4300 / 6000 [ 71%]  (Sampling) 
Chain 4 Iteration: 4300 / 6000 [ 71%]  (Sampling) 
Chain 3 Iteration: 4300 / 6000 [ 71%]  (Sampling) 
Chain 1 Iteration: 4400 / 6000 [ 73%]  (Sampling) 
Chain 4 Iteration: 4400 / 6000 [ 73%]  (Sampling) 
Chain 3 Iteration: 4400 / 6000 [ 73%]  (Sampling) 
Chain 1 Iteration: 4500 / 6000 [ 75%]  (Sampling) 
Chain 4 Iteration: 4500 / 6000 [ 75%]  (Sampling) 
Chain 3 Iteration: 4500 / 6000 [ 75%]  (Sampling) 
Chain 1 Iteration: 4600 / 6000 [ 76%]  (Sampling) 
Chain 4 Iteration: 4600 / 6000 [ 76%]  (Sampling) 
Chain 3 Iteration: 4600 / 6000 [ 76%]  (Sampling) 
Chain 1 Iteration: 4700 / 6000 [ 78%]  (Sampling) 
Chain 4 Iteration: 4700 / 6000 [ 78%]  (Sampling) 
Chain 3 Iteration: 4700 / 6000 [ 78%]  (Sampling) 
Chain 1 Iteration: 4800 / 6000 [ 80%]  (Sampling) 
Chain 4 Iteration: 4800 / 6000 [ 80%]  (Sampling) 
Chain 3 Iteration: 4800 / 6000 [ 80%]  (Sampling) 
Chain 1 Iteration: 4900 / 6000 [ 81%]  (Sampling) 
Chain 4 Iteration: 4900 / 6000 [ 81%]  (Sampling) 
Chain 3 Iteration: 4900 / 6000 [ 81%]  (Sampling) 
Chain 1 Iteration: 5000 / 6000 [ 83%]  (Sampling) 
Chain 4 Iteration: 5000 / 6000 [ 83%]  (Sampling) 
Chain 3 Iteration: 5000 / 6000 [ 83%]  (Sampling) 
Chain 1 Iteration: 5100 / 6000 [ 85%]  (Sampling) 
Chain 4 Iteration: 5100 / 6000 [ 85%]  (Sampling) 
Chain 3 Iteration: 5100 / 6000 [ 85%]  (Sampling) 
Chain 1 Iteration: 5200 / 6000 [ 86%]  (Sampling) 
Chain 4 Iteration: 5200 / 6000 [ 86%]  (Sampling) 
Chain 3 Iteration: 5200 / 6000 [ 86%]  (Sampling) 
Chain 1 Iteration: 5300 / 6000 [ 88%]  (Sampling) 
Chain 4 Iteration: 5300 / 6000 [ 88%]  (Sampling) 
Chain 3 Iteration: 5300 / 6000 [ 88%]  (Sampling) 
Chain 1 Iteration: 5400 / 6000 [ 90%]  (Sampling) 
Chain 4 Iteration: 5400 / 6000 [ 90%]  (Sampling) 
Chain 3 Iteration: 5400 / 6000 [ 90%]  (Sampling) 
Chain 1 Iteration: 5500 / 6000 [ 91%]  (Sampling) 
Chain 4 Iteration: 5500 / 6000 [ 91%]  (Sampling) 
Chain 3 Iteration: 5500 / 6000 [ 91%]  (Sampling) 
Chain 1 Iteration: 5600 / 6000 [ 93%]  (Sampling) 
Chain 4 Iteration: 5600 / 6000 [ 93%]  (Sampling) 
Chain 3 Iteration: 5600 / 6000 [ 93%]  (Sampling) 
Chain 1 Iteration: 5700 / 6000 [ 95%]  (Sampling) 
Chain 4 Iteration: 5700 / 6000 [ 95%]  (Sampling) 
Chain 3 Iteration: 5700 / 6000 [ 95%]  (Sampling) 
Chain 1 Iteration: 5800 / 6000 [ 96%]  (Sampling) 
Chain 4 Iteration: 5800 / 6000 [ 96%]  (Sampling) 
Chain 3 Iteration: 5800 / 6000 [ 96%]  (Sampling) 
Chain 1 Iteration: 5900 / 6000 [ 98%]  (Sampling) 
Chain 4 Iteration: 5900 / 6000 [ 98%]  (Sampling) 
Chain 3 Iteration: 5900 / 6000 [ 98%]  (Sampling) 
Chain 1 Iteration: 6000 / 6000 [100%]  (Sampling) 
Chain 1 finished in 1513.1 seconds.
Chain 4 Iteration: 6000 / 6000 [100%]  (Sampling) 
Chain 4 finished in 1516.3 seconds.
Chain 3 Iteration: 6000 / 6000 [100%]  (Sampling) 
Chain 3 finished in 1531.1 seconds.

All 4 chains finished successfully.
Mean chain execution time: 1390.8 seconds.
Total execution time: 1531.5 seconds.

[1] "Processing draws 1 to 100"
[1] "Chunk time = 58.1156923770905"
[1] "Processing draws 101 to 200"
[1] "Chunk time = 22.2132737636566"
[1] "Processing draws 201 to 300"
[1] "Chunk time = 21.1946015357971"
[1] "Processing draws 301 to 400"
[1] "Chunk time = 21.5209794044495"
[1] "Processing draws 401 to 500"
[1] "Chunk time = 20.8261756896973"
[1] "Processing draws 501 to 600"
[1] "Chunk time = 23.5425074100494"
[1] "Processing draws 601 to 700"
[1] "Chunk time = 17.2998888492584"
[1] "Processing draws 701 to 800"
[1] "Chunk time = 20.8853299617767"
[1] "Processing draws 801 to 900"
[1] "Chunk time = 22.681250333786"
[1] "Processing draws 901 to 1000"
[1] "Chunk time = 23.2835199832916"
[1] "Processing draws 1001 to 1100"
[1] "Chunk time = 18.0845782756805"
[1] "Processing draws 1101 to 1200"
[1] "Chunk time = 24.3367321491241"
[1] "Processing draws 1201 to 1300"
[1] "Chunk time = 24.2299494743347"
[1] "Processing draws 1301 to 1400"
[1] "Chunk time = 23.9974825382233"
[1] "Processing draws 1401 to 1500"
[1] "Chunk time = 20.5363020896912"
[1] "Processing draws 1501 to 1600"
[1] "Chunk time = 23.6243107318878"
[1] "Processing draws 1601 to 1700"
[1] "Chunk time = 23.7617101669312"
[1] "Processing draws 1701 to 1800"
[1] "Chunk time = 24.0493865013123"
[1] "Processing draws 1801 to 1900"
[1] "Chunk time = 23.9271283149719"
[1] "Processing draws 1901 to 2000"
[1] "Chunk time = 21.9796106815338"
[1] "Processing draws 2001 to 2100"
[1] "Chunk time = 24.082902431488"
[1] "Processing draws 2101 to 2200"
[1] "Chunk time = 24.1085546016693"
[1] "Processing draws 2201 to 2300"
[1] "Chunk time = 18.1566550731659"
[1] "Processing draws 2301 to 2400"
[1] "Chunk time = 24.0516362190247"
[1] "Processing draws 2401 to 2500"
[1] "Chunk time = 23.813583612442"
[1] "Processing draws 2501 to 2600"
[1] "Chunk time = 19.4557359218597"
[1] "Processing draws 2601 to 2700"
[1] "Chunk time = 19.7577652931213"
[1] "Processing draws 2701 to 2800"
[1] "Chunk time = 24.04048371315"
[1] "Processing draws 2801 to 2900"
[1] "Chunk time = 20.5029954910278"
[1] "Processing draws 2901 to 3000"
[1] "Chunk time = 23.9271171092987"
[1] "Processing draws 3001 to 3100"
[1] "Chunk time = 18.700133562088"
[1] "Processing draws 3101 to 3200"
[1] "Chunk time = 21.2487342357635"
[1] "Processing draws 3201 to 3300"
[1] "Chunk time = 18.2311074733734"
[1] "Processing draws 3301 to 3400"
[1] "Chunk time = 18.5082609653473"
[1] "Processing draws 3401 to 3500"
[1] "Chunk time = 21.9132809638977"
[1] "Processing draws 3501 to 3600"
[1] "Chunk time = 23.5579776763916"
[1] "Processing draws 3601 to 3700"
[1] "Chunk time = 19.4481358528137"
[1] "Processing draws 3701 to 3800"
[1] "Chunk time = 23.5975079536438"
[1] "Processing draws 3801 to 3900"
[1] "Chunk time = 20.2285714149475"
[1] "Processing draws 3901 to 4000"
[1] "Chunk time = 18.4824228286743"
[1] "Processing draws 4001 to 4100"
[1] "Chunk time = 23.1959342956543"
[1] "Processing draws 4101 to 4200"
[1] "Chunk time = 24.0271315574646"
[1] "Processing draws 4201 to 4300"
[1] "Chunk time = 22.3878748416901"
[1] "Processing draws 4301 to 4400"
[1] "Chunk time = 23.6799831390381"
[1] "Processing draws 4401 to 4500"
[1] "Chunk time = 23.8054749965668"
[1] "Processing draws 4501 to 4600"
[1] "Chunk time = 24.3420913219452"
[1] "Processing draws 4601 to 4700"
[1] "Chunk time = 23.4140293598175"
[1] "Processing draws 4701 to 4800"
[1] "Chunk time = 24.2331120967865"
[1] "Processing draws 4801 to 4900"
[1] "Chunk time = 23.8914563655853"
[1] "Processing draws 4901 to 5000"
[1] "Chunk time = 21.8123097419739"
[1] "Processing draws 5001 to 5100"
[1] "Chunk time = 17.9477460384369"
[1] "Processing draws 5101 to 5200"
[1] "Chunk time = 24.1013405323029"
[1] "Processing draws 5201 to 5300"
[1] "Chunk time = 23.2969725131989"
[1] "Processing draws 5301 to 5400"
[1] "Chunk time = 24.385537147522"
[1] "Processing draws 5401 to 5500"
[1] "Chunk time = 18.2623426914215"
[1] "Processing draws 5501 to 5600"
[1] "Chunk time = 18.4609999656677"
[1] "Processing draws 5601 to 5700"
[1] "Chunk time = 24.1139132976532"
[1] "Processing draws 5701 to 5800"
[1] "Chunk time = 23.7827212810516"
[1] "Processing draws 5801 to 5900"
[1] "Chunk time = 19.4120960235596"
[1] "Processing draws 5901 to 6000"
[1] "Chunk time = 18.0041515827179"
[1] "Processing draws 6001 to 6100"
[1] "Chunk time = 18.6926772594452"
[1] "Processing draws 6101 to 6200"
[1] "Chunk time = 19.0192315578461"
[1] "Processing draws 6201 to 6300"
[1] "Chunk time = 24.0918328762054"
[1] "Processing draws 6301 to 6400"
[1] "Chunk time = 18.3694813251495"
[1] "Processing draws 6401 to 6500"
[1] "Chunk time = 18.3794372081757"
[1] "Processing draws 6501 to 6600"
[1] "Chunk time = 18.2723977565765"
[1] "Processing draws 6601 to 6700"
[1] "Chunk time = 21.8761956691742"
[1] "Processing draws 6701 to 6800"
[1] "Chunk time = 24.0394597053528"
[1] "Processing draws 6801 to 6900"
[1] "Chunk time = 24.628758430481"
[1] "Processing draws 6901 to 7000"
[1] "Chunk time = 24.4243152141571"
[1] "Processing draws 7001 to 7100"
[1] "Chunk time = 18.4839725494385"
[1] "Processing draws 7101 to 7200"
[1] "Chunk time = 18.4702904224396"
[1] "Processing draws 7201 to 7300"
[1] "Chunk time = 18.5595111846924"
[1] "Processing draws 7301 to 7400"
[1] "Chunk time = 19.5726397037506"
[1] "Processing draws 7401 to 7500"
[1] "Chunk time = 18.2895214557648"
[1] "Processing draws 7501 to 7600"
[1] "Chunk time = 17.9794602394104"
[1] "Processing draws 7601 to 7700"
[1] "Chunk time = 18.77792096138"
[1] "Processing draws 7701 to 7800"
[1] "Chunk time = 19.5255260467529"
[1] "Processing draws 7801 to 7900"
[1] "Chunk time = 23.8371262550354"
[1] "Processing draws 7901 to 8000"
[1] "Chunk time = 23.8396773338318"
[1] "Processing draws 8001 to 8100"
[1] "Chunk time = 23.9396502971649"
[1] "Processing draws 8101 to 8200"
[1] "Chunk time = 18.714551448822"
[1] "Processing draws 8201 to 8300"
[1] "Chunk time = 24.1537840366364"
[1] "Processing draws 8301 to 8400"
[1] "Chunk time = 21.3454899787903"
[1] "Processing draws 8401 to 8500"
[1] "Chunk time = 22.8507282733917"
[1] "Processing draws 8501 to 8600"
[1] "Chunk time = 23.5113840103149"
[1] "Processing draws 8601 to 8700"
[1] "Chunk time = 23.2680203914642"
[1] "Processing draws 8701 to 8800"
[1] "Chunk time = 22.6941602230072"
[1] "Processing draws 8801 to 8900"
[1] "Chunk time = 21.9341397285461"
[1] "Processing draws 8901 to 9000"
[1] "Chunk time = 19.2282111644745"
[1] "Processing draws 9001 to 9100"
[1] "Chunk time = 18.3471562862396"
[1] "Processing draws 9101 to 9200"
[1] "Chunk time = 22.7376635074615"
[1] "Processing draws 9201 to 9300"
[1] "Chunk time = 18.2692213058472"
[1] "Processing draws 9301 to 9400"
[1] "Chunk time = 18.9036748409271"
[1] "Processing draws 9401 to 9500"
[1] "Chunk time = 18.3550047874451"
[1] "Processing draws 9501 to 9600"
[1] "Chunk time = 18.3917090892792"
[1] "Processing draws 9601 to 9700"
[1] "Chunk time = 18.4024000167847"
[1] "Processing draws 9701 to 9800"
[1] "Chunk time = 18.6370003223419"
[1] "Processing draws 9801 to 9900"
[1] "Chunk time = 18.775310754776"
[1] "Processing draws 9901 to 10000"
[1] "Chunk time = 17.9812366962433"
[1] "Processing draws 10001 to 10100"
[1] "Chunk time = 18.8129801750183"
[1] "Processing draws 10101 to 10200"
[1] "Chunk time = 18.5882005691528"
[1] "Processing draws 10201 to 10300"
[1] "Chunk time = 18.7229497432709"
[1] "Processing draws 10301 to 10400"
[1] "Chunk time = 18.1379780769348"
[1] "Processing draws 10401 to 10500"
[1] "Chunk time = 18.5772423744202"
[1] "Processing draws 10501 to 10600"
[1] "Chunk time = 18.0680050849915"
[1] "Processing draws 10601 to 10700"
[1] "Chunk time = 18.11585688591"
[1] "Processing draws 10701 to 10800"
[1] "Chunk time = 18.1711227893829"
[1] "Processing draws 10801 to 10900"
[1] "Chunk time = 18.591052532196"
[1] "Processing draws 10901 to 11000"
[1] "Chunk time = 18.4646728038788"
[1] "Processing draws 11001 to 11100"
[1] "Chunk time = 18.4180533885956"
[1] "Processing draws 11101 to 11200"
[1] "Chunk time = 24.5325305461884"
[1] "Processing draws 11201 to 11300"
[1] "Chunk time = 18.2497050762177"
[1] "Processing draws 11301 to 11400"
[1] "Chunk time = 18.4399449825287"
[1] "Processing draws 11401 to 11500"
[1] "Chunk time = 18.1787748336792"
[1] "Processing draws 11501 to 11600"
[1] "Chunk time = 18.4696416854858"
[1] "Processing draws 11601 to 11700"
[1] "Chunk time = 18.2172522544861"
[1] "Processing draws 11701 to 11800"
[1] "Chunk time = 18.58513879776"
[1] "Processing draws 11801 to 11900"
[1] "Chunk time = 18.7722234725952"
[1] "Processing draws 11901 to 12000"
[1] "Chunk time = 18.8619341850281"
[1] "Processing draws 12001 to 12100"
[1] "Chunk time = 17.7860922813416"
[1] "Processing draws 12101 to 12200"
[1] "Chunk time = 17.6880412101746"
[1] "Processing draws 12201 to 12300"
[1] "Chunk time = 18.4890582561493"
[1] "Processing draws 12301 to 12400"
[1] "Chunk time = 18.1994922161102"
[1] "Processing draws 12401 to 12500"
[1] "Chunk time = 19.0684840679169"
[1] "Processing draws 12501 to 12600"
[1] "Chunk time = 17.5616536140442"
[1] "Processing draws 12601 to 12700"
[1] "Chunk time = 18.0784800052643"
[1] "Processing draws 12701 to 12800"
[1] "Chunk time = 17.8792405128479"
[1] "Processing draws 12801 to 12900"
[1] "Chunk time = 18.1104793548584"
[1] "Processing draws 12901 to 13000"
[1] "Chunk time = 17.7910170555115"
[1] "Processing draws 13001 to 13100"
[1] "Chunk time = 18.1857957839966"
[1] "Processing draws 13101 to 13200"
[1] "Chunk time = 18.3962049484253"
[1] "Processing draws 13201 to 13300"
[1] "Chunk time = 18.258645772934"
[1] "Processing draws 13301 to 13400"
[1] "Chunk time = 18.4060020446777"
[1] "Processing draws 13401 to 13500"
[1] "Chunk time = 18.0274655818939"
[1] "Processing draws 13501 to 13600"
[1] "Chunk time = 17.7447760105133"
[1] "Processing draws 13601 to 13700"
[1] "Chunk time = 18.0848309993744"
[1] "Processing draws 13701 to 13800"
[1] "Chunk time = 18.5826296806335"
[1] "Processing draws 13801 to 13900"
[1] "Chunk time = 18.6053755283356"
[1] "Processing draws 13901 to 14000"
[1] "Chunk time = 17.667008638382"
[1] "Processing draws 14001 to 14100"
[1] "Chunk time = 18.034764289856"
[1] "Processing draws 14101 to 14200"
[1] "Chunk time = 17.5148310661316"
[1] "Processing draws 14201 to 14300"
[1] "Chunk time = 18.3569746017456"
[1] "Processing draws 14301 to 14400"
[1] "Chunk time = 18.3564941883087"
[1] "Processing draws 14401 to 14500"
[1] "Chunk time = 18.6275684833527"
[1] "Processing draws 14501 to 14600"
[1] "Chunk time = 18.1365370750427"
[1] "Processing draws 14601 to 14700"
[1] "Chunk time = 18.2461066246033"
[1] "Processing draws 14701 to 14800"
[1] "Chunk time = 17.9570736885071"
[1] "Processing draws 14801 to 14900"
[1] "Chunk time = 17.8964986801147"
[1] "Processing draws 14901 to 15000"
[1] "Chunk time = 18.365250825882"
[1] "Processing draws 15001 to 15100"
[1] "Chunk time = 17.347868680954"
[1] "Processing draws 15101 to 15200"
[1] "Chunk time = 17.862998008728"
[1] "Processing draws 15201 to 15300"
[1] "Chunk time = 18.436781167984"
[1] "Processing draws 15301 to 15400"
[1] "Chunk time = 17.6330256462097"
[1] "Processing draws 15401 to 15500"
[1] "Chunk time = 17.7040913105011"
[1] "Processing draws 15501 to 15600"
[1] "Chunk time = 18.3005475997925"
[1] "Processing draws 15601 to 15700"
[1] "Chunk time = 17.9654972553253"
[1] "Processing draws 15701 to 15800"
[1] "Chunk time = 18.2227401733398"
[1] "Processing draws 15801 to 15900"
[1] "Chunk time = 17.6762897968292"
[1] "Processing draws 15901 to 16000"
[1] "Chunk time = 18.4170944690704"
[1] "Processing draws 16001 to 16100"
[1] "Chunk time = 17.9887845516205"
[1] "Processing draws 16101 to 16200"
[1] "Chunk time = 17.4445824623108"
[1] "Processing draws 16201 to 16300"
[1] "Chunk time = 17.5949060916901"
[1] "Processing draws 16301 to 16400"
[1] "Chunk time = 18.647796869278"
[1] "Processing draws 16401 to 16500"
[1] "Chunk time = 18.4848897457123"
[1] "Processing draws 16501 to 16600"
[1] "Chunk time = 18.4056775569916"
[1] "Processing draws 16601 to 16700"
[1] "Chunk time = 18.4281911849976"
[1] "Processing draws 16701 to 16800"
[1] "Chunk time = 18.1807262897491"
[1] "Processing draws 16801 to 16900"
[1] "Chunk time = 19.821897983551"
[1] "Processing draws 16901 to 17000"
[1] "Chunk time = 23.5004854202271"
[1] "Processing draws 17001 to 17100"
[1] "Chunk time = 18.1226959228516"
[1] "Processing draws 17101 to 17200"
[1] "Chunk time = 23.9756989479065"
[1] "Processing draws 17201 to 17300"
[1] "Chunk time = 17.9454612731934"
[1] "Processing draws 17301 to 17400"
[1] "Chunk time = 17.8212602138519"
[1] "Processing draws 17401 to 17500"
[1] "Chunk time = 18.170825958252"
[1] "Processing draws 17501 to 17600"
[1] "Chunk time = 18.3366327285767"
[1] "Processing draws 17601 to 17700"
[1] "Chunk time = 18.266401052475"
[1] "Processing draws 17701 to 17800"
[1] "Chunk time = 18.4139733314514"
[1] "Processing draws 17801 to 17900"
[1] "Chunk time = 18.4437236785889"
[1] "Processing draws 17901 to 18000"
[1] "Chunk time = 18.3982496261597"
[1] "Processing draws 18001 to 18100"
[1] "Chunk time = 18.1437175273895"
[1] "Processing draws 18101 to 18200"
[1] "Chunk time = 18.2030050754547"
[1] "Processing draws 18201 to 18300"
[1] "Chunk time = 18.3321452140808"
[1] "Processing draws 18301 to 18400"
[1] "Chunk time = 17.4197113513947"
[1] "Processing draws 18401 to 18500"
[1] "Chunk time = 18.0793609619141"
[1] "Processing draws 18501 to 18600"
[1] "Chunk time = 18.1263661384583"
[1] "Processing draws 18601 to 18700"
[1] "Chunk time = 18.1710824966431"
[1] "Processing draws 18701 to 18800"
[1] "Chunk time = 18.0542676448822"
[1] "Processing draws 18801 to 18900"
[1] "Chunk time = 18.5258021354675"
[1] "Processing draws 18901 to 19000"
[1] "Chunk time = 18.3760461807251"
[1] "Processing draws 19001 to 19100"
[1] "Chunk time = 17.7445726394653"
[1] "Processing draws 19101 to 19200"
[1] "Chunk time = 18.0685391426086"
[1] "Processing draws 19201 to 19300"
[1] "Chunk time = 18.4916176795959"
[1] "Processing draws 19301 to 19400"
[1] "Chunk time = 18.2529811859131"
[1] "Processing draws 19401 to 19500"
[1] "Chunk time = 17.529510974884"
[1] "Processing draws 19501 to 19600"
[1] "Chunk time = 18.0829403400421"
[1] "Processing draws 19601 to 19700"
[1] "Chunk time = 18.3887884616852"
[1] "Processing draws 19701 to 19800"
[1] "Chunk time = 17.7078218460083"
[1] "Processing draws 19801 to 19900"
[1] "Chunk time = 18.3187296390533"
[1] "Processing draws 19901 to 20000"
[1] "Chunk time = 18.5592300891876"
[1] "done lapplying"
[1] "Saving current params"
[1] "Saving params to output.rds"
[1] TRUE
