[1] "Starting sampling."
Running MCMC with 4 parallel chains, with 4 thread(s) per chain...

Chain 1 Iteration:    1 / 6000 [  0%]  (Warmup) 
Chain 2 Iteration:    1 / 6000 [  0%]  (Warmup) 
Chain 3 Iteration:    1 / 6000 [  0%]  (Warmup) 
Chain 4 Iteration:    1 / 6000 [  0%]  (Warmup) 
Chain 1 Iteration:  100 / 6000 [  1%]  (Warmup) 
Chain 2 Iteration:  100 / 6000 [  1%]  (Warmup) 
Chain 3 Iteration:  100 / 6000 [  1%]  (Warmup) 
Chain 4 Iteration:  100 / 6000 [  1%]  (Warmup) 
Chain 1 Iteration:  200 / 6000 [  3%]  (Warmup) 
Chain 2 Iteration:  200 / 6000 [  3%]  (Warmup) 
Chain 3 Iteration:  200 / 6000 [  3%]  (Warmup) 
Chain 4 Iteration:  200 / 6000 [  3%]  (Warmup) 
Chain 1 Iteration:  300 / 6000 [  5%]  (Warmup) 
Chain 2 Iteration:  300 / 6000 [  5%]  (Warmup) 
Chain 3 Iteration:  300 / 6000 [  5%]  (Warmup) 
Chain 1 Iteration:  400 / 6000 [  6%]  (Warmup) 
Chain 4 Iteration:  300 / 6000 [  5%]  (Warmup) 
Chain 2 Iteration:  400 / 6000 [  6%]  (Warmup) 
Chain 3 Iteration:  400 / 6000 [  6%]  (Warmup) 
Chain 4 Iteration:  400 / 6000 [  6%]  (Warmup) 
Chain 1 Iteration:  500 / 6000 [  8%]  (Warmup) 
Chain 2 Iteration:  500 / 6000 [  8%]  (Warmup) 
Chain 3 Iteration:  500 / 6000 [  8%]  (Warmup) 
Chain 1 Iteration:  600 / 6000 [ 10%]  (Warmup) 
Chain 4 Iteration:  500 / 6000 [  8%]  (Warmup) 
Chain 2 Iteration:  600 / 6000 [ 10%]  (Warmup) 
Chain 3 Iteration:  600 / 6000 [ 10%]  (Warmup) 
Chain 1 Iteration:  700 / 6000 [ 11%]  (Warmup) 
Chain 4 Iteration:  600 / 6000 [ 10%]  (Warmup) 
Chain 2 Iteration:  700 / 6000 [ 11%]  (Warmup) 
Chain 3 Iteration:  700 / 6000 [ 11%]  (Warmup) 
Chain 1 Iteration:  800 / 6000 [ 13%]  (Warmup) 
Chain 4 Iteration:  700 / 6000 [ 11%]  (Warmup) 
Chain 2 Iteration:  800 / 6000 [ 13%]  (Warmup) 
Chain 3 Iteration:  800 / 6000 [ 13%]  (Warmup) 
Chain 1 Iteration:  900 / 6000 [ 15%]  (Warmup) 
Chain 4 Iteration:  800 / 6000 [ 13%]  (Warmup) 
Chain 2 Iteration:  900 / 6000 [ 15%]  (Warmup) 
Chain 3 Iteration:  900 / 6000 [ 15%]  (Warmup) 
Chain 4 Iteration:  900 / 6000 [ 15%]  (Warmup) 
Chain 1 Iteration: 1000 / 6000 [ 16%]  (Warmup) 
Chain 1 Iteration: 1001 / 6000 [ 16%]  (Sampling) 
Chain 2 Iteration: 1000 / 6000 [ 16%]  (Warmup) 
Chain 2 Iteration: 1001 / 6000 [ 16%]  (Sampling) 
Chain 3 Iteration: 1000 / 6000 [ 16%]  (Warmup) 
Chain 3 Iteration: 1001 / 6000 [ 16%]  (Sampling) 
Chain 4 Iteration: 1000 / 6000 [ 16%]  (Warmup) 
Chain 4 Iteration: 1001 / 6000 [ 16%]  (Sampling) 
Chain 1 Iteration: 1100 / 6000 [ 18%]  (Sampling) 
Chain 2 Iteration: 1100 / 6000 [ 18%]  (Sampling) 
Chain 3 Iteration: 1100 / 6000 [ 18%]  (Sampling) 
Chain 4 Iteration: 1100 / 6000 [ 18%]  (Sampling) 
Chain 1 Iteration: 1200 / 6000 [ 20%]  (Sampling) 
Chain 2 Iteration: 1200 / 6000 [ 20%]  (Sampling) 
Chain 3 Iteration: 1200 / 6000 [ 20%]  (Sampling) 
Chain 4 Iteration: 1200 / 6000 [ 20%]  (Sampling) 
Chain 1 Iteration: 1300 / 6000 [ 21%]  (Sampling) 
Chain 2 Iteration: 1300 / 6000 [ 21%]  (Sampling) 
Chain 3 Iteration: 1300 / 6000 [ 21%]  (Sampling) 
Chain 4 Iteration: 1300 / 6000 [ 21%]  (Sampling) 
Chain 1 Iteration: 1400 / 6000 [ 23%]  (Sampling) 
Chain 2 Iteration: 1400 / 6000 [ 23%]  (Sampling) 
Chain 3 Iteration: 1400 / 6000 [ 23%]  (Sampling) 
Chain 4 Iteration: 1400 / 6000 [ 23%]  (Sampling) 
Chain 1 Iteration: 1500 / 6000 [ 25%]  (Sampling) 
Chain 2 Iteration: 1500 / 6000 [ 25%]  (Sampling) 
Chain 3 Iteration: 1500 / 6000 [ 25%]  (Sampling) 
Chain 4 Iteration: 1500 / 6000 [ 25%]  (Sampling) 
Chain 1 Iteration: 1600 / 6000 [ 26%]  (Sampling) 
Chain 2 Iteration: 1600 / 6000 [ 26%]  (Sampling) 
Chain 3 Iteration: 1600 / 6000 [ 26%]  (Sampling) 
Chain 4 Iteration: 1600 / 6000 [ 26%]  (Sampling) 
Chain 1 Iteration: 1700 / 6000 [ 28%]  (Sampling) 
Chain 2 Iteration: 1700 / 6000 [ 28%]  (Sampling) 
Chain 3 Iteration: 1700 / 6000 [ 28%]  (Sampling) 
Chain 4 Iteration: 1700 / 6000 [ 28%]  (Sampling) 
Chain 1 Iteration: 1800 / 6000 [ 30%]  (Sampling) 
Chain 2 Iteration: 1800 / 6000 [ 30%]  (Sampling) 
Chain 3 Iteration: 1800 / 6000 [ 30%]  (Sampling) 
Chain 4 Iteration: 1800 / 6000 [ 30%]  (Sampling) 
Chain 1 Iteration: 1900 / 6000 [ 31%]  (Sampling) 
Chain 2 Iteration: 1900 / 6000 [ 31%]  (Sampling) 
Chain 3 Iteration: 1900 / 6000 [ 31%]  (Sampling) 
Chain 4 Iteration: 1900 / 6000 [ 31%]  (Sampling) 
Chain 1 Iteration: 2000 / 6000 [ 33%]  (Sampling) 
Chain 3 Iteration: 2000 / 6000 [ 33%]  (Sampling) 
Chain 2 Iteration: 2000 / 6000 [ 33%]  (Sampling) 
Chain 4 Iteration: 2000 / 6000 [ 33%]  (Sampling) 
Chain 1 Iteration: 2100 / 6000 [ 35%]  (Sampling) 
Chain 3 Iteration: 2100 / 6000 [ 35%]  (Sampling) 
Chain 2 Iteration: 2100 / 6000 [ 35%]  (Sampling) 
Chain 4 Iteration: 2100 / 6000 [ 35%]  (Sampling) 
Chain 1 Iteration: 2200 / 6000 [ 36%]  (Sampling) 
Chain 3 Iteration: 2200 / 6000 [ 36%]  (Sampling) 
Chain 2 Iteration: 2200 / 6000 [ 36%]  (Sampling) 
Chain 4 Iteration: 2200 / 6000 [ 36%]  (Sampling) 
Chain 1 Iteration: 2300 / 6000 [ 38%]  (Sampling) 
Chain 3 Iteration: 2300 / 6000 [ 38%]  (Sampling) 
Chain 2 Iteration: 2300 / 6000 [ 38%]  (Sampling) 
Chain 4 Iteration: 2300 / 6000 [ 38%]  (Sampling) 
Chain 1 Iteration: 2400 / 6000 [ 40%]  (Sampling) 
Chain 3 Iteration: 2400 / 6000 [ 40%]  (Sampling) 
Chain 2 Iteration: 2400 / 6000 [ 40%]  (Sampling) 
Chain 4 Iteration: 2400 / 6000 [ 40%]  (Sampling) 
Chain 1 Iteration: 2500 / 6000 [ 41%]  (Sampling) 
Chain 3 Iteration: 2500 / 6000 [ 41%]  (Sampling) 
Chain 2 Iteration: 2500 / 6000 [ 41%]  (Sampling) 
Chain 4 Iteration: 2500 / 6000 [ 41%]  (Sampling) 
Chain 1 Iteration: 2600 / 6000 [ 43%]  (Sampling) 
Chain 3 Iteration: 2600 / 6000 [ 43%]  (Sampling) 
Chain 2 Iteration: 2600 / 6000 [ 43%]  (Sampling) 
Chain 4 Iteration: 2600 / 6000 [ 43%]  (Sampling) 
Chain 1 Iteration: 2700 / 6000 [ 45%]  (Sampling) 
Chain 3 Iteration: 2700 / 6000 [ 45%]  (Sampling) 
Chain 2 Iteration: 2700 / 6000 [ 45%]  (Sampling) 
Chain 4 Iteration: 2700 / 6000 [ 45%]  (Sampling) 
Chain 1 Iteration: 2800 / 6000 [ 46%]  (Sampling) 
Chain 3 Iteration: 2800 / 6000 [ 46%]  (Sampling) 
Chain 2 Iteration: 2800 / 6000 [ 46%]  (Sampling) 
Chain 4 Iteration: 2800 / 6000 [ 46%]  (Sampling) 
Chain 1 Iteration: 2900 / 6000 [ 48%]  (Sampling) 
Chain 3 Iteration: 2900 / 6000 [ 48%]  (Sampling) 
Chain 2 Iteration: 2900 / 6000 [ 48%]  (Sampling) 
Chain 4 Iteration: 2900 / 6000 [ 48%]  (Sampling) 
Chain 1 Iteration: 3000 / 6000 [ 50%]  (Sampling) 
Chain 3 Iteration: 3000 / 6000 [ 50%]  (Sampling) 
Chain 2 Iteration: 3000 / 6000 [ 50%]  (Sampling) 
Chain 4 Iteration: 3000 / 6000 [ 50%]  (Sampling) 
Chain 1 Iteration: 3100 / 6000 [ 51%]  (Sampling) 
Chain 3 Iteration: 3100 / 6000 [ 51%]  (Sampling) 
Chain 2 Iteration: 3100 / 6000 [ 51%]  (Sampling) 
Chain 4 Iteration: 3100 / 6000 [ 51%]  (Sampling) 
Chain 1 Iteration: 3200 / 6000 [ 53%]  (Sampling) 
Chain 3 Iteration: 3200 / 6000 [ 53%]  (Sampling) 
Chain 2 Iteration: 3200 / 6000 [ 53%]  (Sampling) 
Chain 4 Iteration: 3200 / 6000 [ 53%]  (Sampling) 
Chain 1 Iteration: 3300 / 6000 [ 55%]  (Sampling) 
Chain 3 Iteration: 3300 / 6000 [ 55%]  (Sampling) 
Chain 2 Iteration: 3300 / 6000 [ 55%]  (Sampling) 
Chain 4 Iteration: 3300 / 6000 [ 55%]  (Sampling) 
Chain 1 Iteration: 3400 / 6000 [ 56%]  (Sampling) 
Chain 3 Iteration: 3400 / 6000 [ 56%]  (Sampling) 
Chain 2 Iteration: 3400 / 6000 [ 56%]  (Sampling) 
Chain 4 Iteration: 3400 / 6000 [ 56%]  (Sampling) 
Chain 1 Iteration: 3500 / 6000 [ 58%]  (Sampling) 
Chain 3 Iteration: 3500 / 6000 [ 58%]  (Sampling) 
Chain 2 Iteration: 3500 / 6000 [ 58%]  (Sampling) 
Chain 4 Iteration: 3500 / 6000 [ 58%]  (Sampling) 
Chain 1 Iteration: 3600 / 6000 [ 60%]  (Sampling) 
Chain 3 Iteration: 3600 / 6000 [ 60%]  (Sampling) 
Chain 2 Iteration: 3600 / 6000 [ 60%]  (Sampling) 
Chain 4 Iteration: 3600 / 6000 [ 60%]  (Sampling) 
Chain 1 Iteration: 3700 / 6000 [ 61%]  (Sampling) 
Chain 3 Iteration: 3700 / 6000 [ 61%]  (Sampling) 
Chain 2 Iteration: 3700 / 6000 [ 61%]  (Sampling) 
Chain 4 Iteration: 3700 / 6000 [ 61%]  (Sampling) 
Chain 1 Iteration: 3800 / 6000 [ 63%]  (Sampling) 
Chain 3 Iteration: 3800 / 6000 [ 63%]  (Sampling) 
Chain 2 Iteration: 3800 / 6000 [ 63%]  (Sampling) 
Chain 4 Iteration: 3800 / 6000 [ 63%]  (Sampling) 
Chain 1 Iteration: 3900 / 6000 [ 65%]  (Sampling) 
Chain 3 Iteration: 3900 / 6000 [ 65%]  (Sampling) 
Chain 2 Iteration: 3900 / 6000 [ 65%]  (Sampling) 
Chain 4 Iteration: 3900 / 6000 [ 65%]  (Sampling) 
Chain 1 Iteration: 4000 / 6000 [ 66%]  (Sampling) 
Chain 3 Iteration: 4000 / 6000 [ 66%]  (Sampling) 
Chain 4 Iteration: 4000 / 6000 [ 66%]  (Sampling) 
Chain 2 Iteration: 4000 / 6000 [ 66%]  (Sampling) 
Chain 1 Iteration: 4100 / 6000 [ 68%]  (Sampling) 
Chain 3 Iteration: 4100 / 6000 [ 68%]  (Sampling) 
Chain 4 Iteration: 4100 / 6000 [ 68%]  (Sampling) 
Chain 2 Iteration: 4100 / 6000 [ 68%]  (Sampling) 
Chain 1 Iteration: 4200 / 6000 [ 70%]  (Sampling) 
Chain 3 Iteration: 4200 / 6000 [ 70%]  (Sampling) 
Chain 4 Iteration: 4200 / 6000 [ 70%]  (Sampling) 
Chain 2 Iteration: 4200 / 6000 [ 70%]  (Sampling) 
Chain 1 Iteration: 4300 / 6000 [ 71%]  (Sampling) 
Chain 3 Iteration: 4300 / 6000 [ 71%]  (Sampling) 
Chain 4 Iteration: 4300 / 6000 [ 71%]  (Sampling) 
Chain 2 Iteration: 4300 / 6000 [ 71%]  (Sampling) 
Chain 1 Iteration: 4400 / 6000 [ 73%]  (Sampling) 
Chain 3 Iteration: 4400 / 6000 [ 73%]  (Sampling) 
Chain 4 Iteration: 4400 / 6000 [ 73%]  (Sampling) 
Chain 2 Iteration: 4400 / 6000 [ 73%]  (Sampling) 
Chain 1 Iteration: 4500 / 6000 [ 75%]  (Sampling) 
Chain 3 Iteration: 4500 / 6000 [ 75%]  (Sampling) 
Chain 4 Iteration: 4500 / 6000 [ 75%]  (Sampling) 
Chain 2 Iteration: 4500 / 6000 [ 75%]  (Sampling) 
Chain 1 Iteration: 4600 / 6000 [ 76%]  (Sampling) 
Chain 3 Iteration: 4600 / 6000 [ 76%]  (Sampling) 
Chain 4 Iteration: 4600 / 6000 [ 76%]  (Sampling) 
Chain 2 Iteration: 4600 / 6000 [ 76%]  (Sampling) 
Chain 1 Iteration: 4700 / 6000 [ 78%]  (Sampling) 
Chain 3 Iteration: 4700 / 6000 [ 78%]  (Sampling) 
Chain 4 Iteration: 4700 / 6000 [ 78%]  (Sampling) 
Chain 2 Iteration: 4700 / 6000 [ 78%]  (Sampling) 
Chain 1 Iteration: 4800 / 6000 [ 80%]  (Sampling) 
Chain 3 Iteration: 4800 / 6000 [ 80%]  (Sampling) 
Chain 4 Iteration: 4800 / 6000 [ 80%]  (Sampling) 
Chain 2 Iteration: 4800 / 6000 [ 80%]  (Sampling) 
Chain 1 Iteration: 4900 / 6000 [ 81%]  (Sampling) 
Chain 3 Iteration: 4900 / 6000 [ 81%]  (Sampling) 
Chain 4 Iteration: 4900 / 6000 [ 81%]  (Sampling) 
Chain 2 Iteration: 4900 / 6000 [ 81%]  (Sampling) 
Chain 1 Iteration: 5000 / 6000 [ 83%]  (Sampling) 
Chain 3 Iteration: 5000 / 6000 [ 83%]  (Sampling) 
Chain 4 Iteration: 5000 / 6000 [ 83%]  (Sampling) 
Chain 2 Iteration: 5000 / 6000 [ 83%]  (Sampling) 
Chain 1 Iteration: 5100 / 6000 [ 85%]  (Sampling) 
Chain 3 Iteration: 5100 / 6000 [ 85%]  (Sampling) 
Chain 4 Iteration: 5100 / 6000 [ 85%]  (Sampling) 
Chain 2 Iteration: 5100 / 6000 [ 85%]  (Sampling) 
Chain 1 Iteration: 5200 / 6000 [ 86%]  (Sampling) 
Chain 3 Iteration: 5200 / 6000 [ 86%]  (Sampling) 
Chain 4 Iteration: 5200 / 6000 [ 86%]  (Sampling) 
Chain 2 Iteration: 5200 / 6000 [ 86%]  (Sampling) 
Chain 1 Iteration: 5300 / 6000 [ 88%]  (Sampling) 
Chain 3 Iteration: 5300 / 6000 [ 88%]  (Sampling) 
Chain 4 Iteration: 5300 / 6000 [ 88%]  (Sampling) 
Chain 2 Iteration: 5300 / 6000 [ 88%]  (Sampling) 
Chain 1 Iteration: 5400 / 6000 [ 90%]  (Sampling) 
Chain 3 Iteration: 5400 / 6000 [ 90%]  (Sampling) 
Chain 4 Iteration: 5400 / 6000 [ 90%]  (Sampling) 
Chain 2 Iteration: 5400 / 6000 [ 90%]  (Sampling) 
Chain 1 Iteration: 5500 / 6000 [ 91%]  (Sampling) 
Chain 3 Iteration: 5500 / 6000 [ 91%]  (Sampling) 
Chain 4 Iteration: 5500 / 6000 [ 91%]  (Sampling) 
Chain 2 Iteration: 5500 / 6000 [ 91%]  (Sampling) 
Chain 1 Iteration: 5600 / 6000 [ 93%]  (Sampling) 
Chain 3 Iteration: 5600 / 6000 [ 93%]  (Sampling) 
Chain 4 Iteration: 5600 / 6000 [ 93%]  (Sampling) 
Chain 2 Iteration: 5600 / 6000 [ 93%]  (Sampling) 
Chain 1 Iteration: 5700 / 6000 [ 95%]  (Sampling) 
Chain 3 Iteration: 5700 / 6000 [ 95%]  (Sampling) 
Chain 4 Iteration: 5700 / 6000 [ 95%]  (Sampling) 
Chain 2 Iteration: 5700 / 6000 [ 95%]  (Sampling) 
Chain 1 Iteration: 5800 / 6000 [ 96%]  (Sampling) 
Chain 3 Iteration: 5800 / 6000 [ 96%]  (Sampling) 
Chain 4 Iteration: 5800 / 6000 [ 96%]  (Sampling) 
Chain 2 Iteration: 5800 / 6000 [ 96%]  (Sampling) 
Chain 1 Iteration: 5900 / 6000 [ 98%]  (Sampling) 
Chain 3 Iteration: 5900 / 6000 [ 98%]  (Sampling) 
Chain 4 Iteration: 5900 / 6000 [ 98%]  (Sampling) 
Chain 2 Iteration: 5900 / 6000 [ 98%]  (Sampling) 
Chain 1 Iteration: 6000 / 6000 [100%]  (Sampling) 
Chain 1 finished in 1456.1 seconds.
Chain 3 Iteration: 6000 / 6000 [100%]  (Sampling) 
Chain 3 finished in 1463.7 seconds.
Chain 4 Iteration: 6000 / 6000 [100%]  (Sampling) 
Chain 4 finished in 1470.8 seconds.
Chain 2 Iteration: 6000 / 6000 [100%]  (Sampling) 
Chain 2 finished in 1477.0 seconds.

All 4 chains finished successfully.
Mean chain execution time: 1466.9 seconds.
Total execution time: 1477.5 seconds.

[1] "Processing draws 1 to 100"
[1] "Chunk time = 53.5670526027679"
[1] "Processing draws 101 to 200"
[1] "Chunk time = 18.1885452270508"
[1] "Processing draws 201 to 300"
[1] "Chunk time = 17.654972076416"
[1] "Processing draws 301 to 400"
[1] "Chunk time = 18.051483631134"
[1] "Processing draws 401 to 500"
[1] "Chunk time = 17.3337595462799"
[1] "Processing draws 501 to 600"
[1] "Chunk time = 17.916398525238"
[1] "Processing draws 601 to 700"
[1] "Chunk time = 17.3492650985718"
[1] "Processing draws 701 to 800"
[1] "Chunk time = 17.6998918056488"
[1] "Processing draws 801 to 900"
[1] "Chunk time = 17.3471596240997"
[1] "Processing draws 901 to 1000"
[1] "Chunk time = 17.5870318412781"
[1] "Processing draws 1001 to 1100"
[1] "Chunk time = 17.7571592330933"
[1] "Processing draws 1101 to 1200"
[1] "Chunk time = 17.5102870464325"
[1] "Processing draws 1201 to 1300"
[1] "Chunk time = 19.6339821815491"
[1] "Processing draws 1301 to 1400"
[1] "Chunk time = 19.490128993988"
[1] "Processing draws 1401 to 1500"
[1] "Chunk time = 17.8412942886353"
[1] "Processing draws 1501 to 1600"
[1] "Chunk time = 17.4837870597839"
[1] "Processing draws 1601 to 1700"
[1] "Chunk time = 17.6381664276123"
[1] "Processing draws 1701 to 1800"
[1] "Chunk time = 17.6430897712708"
[1] "Processing draws 1801 to 1900"
[1] "Chunk time = 17.5574460029602"
[1] "Processing draws 1901 to 2000"
[1] "Chunk time = 17.6071326732635"
[1] "Processing draws 2001 to 2100"
[1] "Chunk time = 17.8707959651947"
[1] "Processing draws 2101 to 2200"
[1] "Chunk time = 17.7607519626617"
[1] "Processing draws 2201 to 2300"
[1] "Chunk time = 17.7548282146454"
[1] "Processing draws 2301 to 2400"
[1] "Chunk time = 17.7324261665344"
[1] "Processing draws 2401 to 2500"
[1] "Chunk time = 17.6442930698395"
[1] "Processing draws 2501 to 2600"
[1] "Chunk time = 17.735319852829"
[1] "Processing draws 2601 to 2700"
[1] "Chunk time = 17.4977645874023"
[1] "Processing draws 2701 to 2800"
[1] "Chunk time = 17.758131980896"
[1] "Processing draws 2801 to 2900"
[1] "Chunk time = 17.4992847442627"
[1] "Processing draws 2901 to 3000"
[1] "Chunk time = 18.1790158748627"
[1] "Processing draws 3001 to 3100"
[1] "Chunk time = 17.5954694747925"
[1] "Processing draws 3101 to 3200"
[1] "Chunk time = 17.880542755127"
[1] "Processing draws 3201 to 3300"
[1] "Chunk time = 17.9776976108551"
[1] "Processing draws 3301 to 3400"
[1] "Chunk time = 17.5335092544556"
[1] "Processing draws 3401 to 3500"
[1] "Chunk time = 17.9754078388214"
[1] "Processing draws 3501 to 3600"
[1] "Chunk time = 17.3929278850555"
[1] "Processing draws 3601 to 3700"
[1] "Chunk time = 17.978410243988"
[1] "Processing draws 3701 to 3800"
[1] "Chunk time = 17.380863904953"
[1] "Processing draws 3801 to 3900"
[1] "Chunk time = 17.8274412155151"
[1] "Processing draws 3901 to 4000"
[1] "Chunk time = 17.8966710567474"
[1] "Processing draws 4001 to 4100"
[1] "Chunk time = 17.9254381656647"
[1] "Processing draws 4101 to 4200"
[1] "Chunk time = 17.5872533321381"
[1] "Processing draws 4201 to 4300"
[1] "Chunk time = 17.4678032398224"
[1] "Processing draws 4301 to 4400"
[1] "Chunk time = 17.7019665241241"
[1] "Processing draws 4401 to 4500"
[1] "Chunk time = 17.6689779758453"
[1] "Processing draws 4501 to 4600"
[1] "Chunk time = 17.8284683227539"
[1] "Processing draws 4601 to 4700"
[1] "Chunk time = 17.573704957962"
[1] "Processing draws 4701 to 4800"
[1] "Chunk time = 17.4905707836151"
[1] "Processing draws 4801 to 4900"
[1] "Chunk time = 17.5277075767517"
[1] "Processing draws 4901 to 5000"
[1] "Chunk time = 17.5646860599518"
[1] "Processing draws 5001 to 5100"
[1] "Chunk time = 17.4301466941833"
[1] "Processing draws 5101 to 5200"
[1] "Chunk time = 17.1564135551453"
[1] "Processing draws 5201 to 5300"
[1] "Chunk time = 17.3945634365082"
[1] "Processing draws 5301 to 5400"
[1] "Chunk time = 17.1170687675476"
[1] "Processing draws 5401 to 5500"
[1] "Chunk time = 17.6142001152039"
[1] "Processing draws 5501 to 5600"
[1] "Chunk time = 17.2829489707947"
[1] "Processing draws 5601 to 5700"
[1] "Chunk time = 17.6057639122009"
[1] "Processing draws 5701 to 5800"
[1] "Chunk time = 17.5343406200409"
[1] "Processing draws 5801 to 5900"
[1] "Chunk time = 17.667051076889"
[1] "Processing draws 5901 to 6000"
[1] "Chunk time = 17.64226603508"
[1] "Processing draws 6001 to 6100"
[1] "Chunk time = 17.3993833065033"
[1] "Processing draws 6101 to 6200"
[1] "Chunk time = 17.5957026481628"
[1] "Processing draws 6201 to 6300"
[1] "Chunk time = 17.3648085594177"
[1] "Processing draws 6301 to 6400"
[1] "Chunk time = 17.6668245792389"
[1] "Processing draws 6401 to 6500"
[1] "Chunk time = 17.4153852462769"
[1] "Processing draws 6501 to 6600"
[1] "Chunk time = 17.7515940666199"
[1] "Processing draws 6601 to 6700"
[1] "Chunk time = 17.809668302536"
[1] "Processing draws 6701 to 6800"
[1] "Chunk time = 17.6619806289673"
[1] "Processing draws 6801 to 6900"
[1] "Chunk time = 17.6511521339417"
[1] "Processing draws 6901 to 7000"
[1] "Chunk time = 17.4906733036041"
[1] "Processing draws 7001 to 7100"
[1] "Chunk time = 17.794510602951"
[1] "Processing draws 7101 to 7200"
[1] "Chunk time = 17.4431822299957"
[1] "Processing draws 7201 to 7300"
[1] "Chunk time = 17.618533372879"
[1] "Processing draws 7301 to 7400"
[1] "Chunk time = 17.3165776729584"
[1] "Processing draws 7401 to 7500"
[1] "Chunk time = 17.6825487613678"
[1] "Processing draws 7501 to 7600"
[1] "Chunk time = 17.7326490879059"
[1] "Processing draws 7601 to 7700"
[1] "Chunk time = 17.8934576511383"
[1] "Processing draws 7701 to 7800"
[1] "Chunk time = 18.0051019191742"
[1] "Processing draws 7801 to 7900"
[1] "Chunk time = 17.7410132884979"
[1] "Processing draws 7901 to 8000"
[1] "Chunk time = 18.0990860462189"
[1] "Processing draws 8001 to 8100"
[1] "Chunk time = 17.815224647522"
[1] "Processing draws 8101 to 8200"
[1] "Chunk time = 18.136251449585"
[1] "Processing draws 8201 to 8300"
[1] "Chunk time = 17.7504382133484"
[1] "Processing draws 8301 to 8400"
[1] "Chunk time = 17.9868834018707"
[1] "Processing draws 8401 to 8500"
[1] "Chunk time = 17.9880530834198"
[1] "Processing draws 8501 to 8600"
[1] "Chunk time = 18.0255265235901"
[1] "Processing draws 8601 to 8700"
[1] "Chunk time = 17.9172105789185"
[1] "Processing draws 8701 to 8800"
[1] "Chunk time = 17.8507459163666"
[1] "Processing draws 8801 to 8900"
[1] "Chunk time = 18.4575538635254"
[1] "Processing draws 8901 to 9000"
[1] "Chunk time = 18.0474243164062"
[1] "Processing draws 9001 to 9100"
[1] "Chunk time = 18.3285586833954"
[1] "Processing draws 9101 to 9200"
[1] "Chunk time = 17.9180021286011"
[1] "Processing draws 9201 to 9300"
[1] "Chunk time = 17.9381875991821"
[1] "Processing draws 9301 to 9400"
[1] "Chunk time = 18.1013383865356"
[1] "Processing draws 9401 to 9500"
[1] "Chunk time = 18.0284564495087"
[1] "Processing draws 9501 to 9600"
[1] "Chunk time = 18.0533440113068"
[1] "Processing draws 9601 to 9700"
[1] "Chunk time = 17.9376516342163"
[1] "Processing draws 9701 to 9800"
[1] "Chunk time = 17.867397069931"
[1] "Processing draws 9801 to 9900"
[1] "Chunk time = 17.5514495372772"
[1] "Processing draws 9901 to 10000"
[1] "Chunk time = 17.9394025802612"
[1] "Processing draws 10001 to 10100"
[1] "Chunk time = 17.6881542205811"
[1] "Processing draws 10101 to 10200"
[1] "Chunk time = 17.8584940433502"
[1] "Processing draws 10201 to 10300"
[1] "Chunk time = 18.0352721214294"
[1] "Processing draws 10301 to 10400"
[1] "Chunk time = 17.9949588775635"
[1] "Processing draws 10401 to 10500"
[1] "Chunk time = 17.8948400020599"
[1] "Processing draws 10501 to 10600"
[1] "Chunk time = 17.7876207828522"
[1] "Processing draws 10601 to 10700"
[1] "Chunk time = 18.0484244823456"
[1] "Processing draws 10701 to 10800"
[1] "Chunk time = 17.8982253074646"
[1] "Processing draws 10801 to 10900"
[1] "Chunk time = 18.1161880493164"
[1] "Processing draws 10901 to 11000"
[1] "Chunk time = 17.7839789390564"
[1] "Processing draws 11001 to 11100"
[1] "Chunk time = 17.7956547737122"
[1] "Processing draws 11101 to 11200"
[1] "Chunk time = 18.1113438606262"
[1] "Processing draws 11201 to 11300"
[1] "Chunk time = 18.1059532165527"
[1] "Processing draws 11301 to 11400"
[1] "Chunk time = 18.129504442215"
[1] "Processing draws 11401 to 11500"
[1] "Chunk time = 17.8968503475189"
[1] "Processing draws 11501 to 11600"
[1] "Chunk time = 18.0909752845764"
[1] "Processing draws 11601 to 11700"
[1] "Chunk time = 17.8302938938141"
[1] "Processing draws 11701 to 11800"
[1] "Chunk time = 18.0754010677338"
[1] "Processing draws 11801 to 11900"
[1] "Chunk time = 17.817485332489"
[1] "Processing draws 11901 to 12000"
[1] "Chunk time = 18.0065355300903"
[1] "Processing draws 12001 to 12100"
[1] "Chunk time = 18.3104951381683"
[1] "Processing draws 12101 to 12200"
[1] "Chunk time = 18.2448704242706"
[1] "Processing draws 12201 to 12300"
[1] "Chunk time = 18.2338201999664"
[1] "Processing draws 12301 to 12400"
[1] "Chunk time = 17.8613579273224"
[1] "Processing draws 12401 to 12500"
[1] "Chunk time = 18.1979944705963"
[1] "Processing draws 12501 to 12600"
[1] "Chunk time = 18.181746006012"
[1] "Processing draws 12601 to 12700"
[1] "Chunk time = 18.3576602935791"
[1] "Processing draws 12701 to 12800"
[1] "Chunk time = 18.1643009185791"
[1] "Processing draws 12801 to 12900"
[1] "Chunk time = 18.1076486110687"
[1] "Processing draws 12901 to 13000"
[1] "Chunk time = 18.2881255149841"
[1] "Processing draws 13001 to 13100"
[1] "Chunk time = 17.9268474578857"
[1] "Processing draws 13101 to 13200"
[1] "Chunk time = 18.2427060604095"
[1] "Processing draws 13201 to 13300"
[1] "Chunk time = 17.9427118301392"
[1] "Processing draws 13301 to 13400"
[1] "Chunk time = 18.0799012184143"
[1] "Processing draws 13401 to 13500"
[1] "Chunk time = 17.8947396278381"
[1] "Processing draws 13501 to 13600"
[1] "Chunk time = 18.2311792373657"
[1] "Processing draws 13601 to 13700"
[1] "Chunk time = 17.436366558075"
[1] "Processing draws 13701 to 13800"
[1] "Chunk time = 17.5639655590057"
[1] "Processing draws 13801 to 13900"
[1] "Chunk time = 17.8500316143036"
[1] "Processing draws 13901 to 14000"
[1] "Chunk time = 17.7795307636261"
[1] "Processing draws 14001 to 14100"
[1] "Chunk time = 17.8747804164886"
[1] "Processing draws 14101 to 14200"
[1] "Chunk time = 17.6056253910065"
[1] "Processing draws 14201 to 14300"
[1] "Chunk time = 17.77219581604"
[1] "Processing draws 14301 to 14400"
[1] "Chunk time = 17.6254613399506"
[1] "Processing draws 14401 to 14500"
[1] "Chunk time = 17.927661895752"
[1] "Processing draws 14501 to 14600"
[1] "Chunk time = 17.5123450756073"
[1] "Processing draws 14601 to 14700"
[1] "Chunk time = 17.7659912109375"
[1] "Processing draws 14701 to 14800"
[1] "Chunk time = 17.98286485672"
[1] "Processing draws 14801 to 14900"
[1] "Chunk time = 18.0009343624115"
[1] "Processing draws 14901 to 15000"
[1] "Chunk time = 17.9213848114014"
[1] "Processing draws 15001 to 15100"
[1] "Chunk time = 17.7485477924347"
[1] "Processing draws 15101 to 15200"
[1] "Chunk time = 18.4621896743774"
[1] "Processing draws 15201 to 15300"
[1] "Chunk time = 17.7766616344452"
[1] "Processing draws 15301 to 15400"
[1] "Chunk time = 18.1717238426208"
[1] "Processing draws 15401 to 15500"
[1] "Chunk time = 17.7141761779785"
[1] "Processing draws 15501 to 15600"
[1] "Chunk time = 17.8390638828278"
[1] "Processing draws 15601 to 15700"
[1] "Chunk time = 17.9775457382202"
[1] "Processing draws 15701 to 15800"
[1] "Chunk time = 18.0481805801392"
[1] "Processing draws 15801 to 15900"
[1] "Chunk time = 18.1617085933685"
[1] "Processing draws 15901 to 16000"
[1] "Chunk time = 17.8296680450439"
[1] "Processing draws 16001 to 16100"
[1] "Chunk time = 18.0290923118591"
[1] "Processing draws 16101 to 16200"
[1] "Chunk time = 17.7934587001801"
[1] "Processing draws 16201 to 16300"
[1] "Chunk time = 18.0999128818512"
[1] "Processing draws 16301 to 16400"
[1] "Chunk time = 17.6886444091797"
[1] "Processing draws 16401 to 16500"
[1] "Chunk time = 17.8999671936035"
[1] "Processing draws 16501 to 16600"
[1] "Chunk time = 18.1382675170898"
[1] "Processing draws 16601 to 16700"
[1] "Chunk time = 18.1392257213593"
[1] "Processing draws 16701 to 16800"
[1] "Chunk time = 18.1196098327637"
[1] "Processing draws 16801 to 16900"
[1] "Chunk time = 18.0341701507568"
[1] "Processing draws 16901 to 17000"
[1] "Chunk time = 18.0231823921204"
[1] "Processing draws 17001 to 17100"
[1] "Chunk time = 17.9448850154877"
[1] "Processing draws 17101 to 17200"
[1] "Chunk time = 18.2192533016205"
[1] "Processing draws 17201 to 17300"
[1] "Chunk time = 17.7625739574432"
[1] "Processing draws 17301 to 17400"
[1] "Chunk time = 18.0273849964142"
[1] "Processing draws 17401 to 17500"
[1] "Chunk time = 18.2846591472626"
[1] "Processing draws 17501 to 17600"
[1] "Chunk time = 18.1232557296753"
[1] "Processing draws 17601 to 17700"
[1] "Chunk time = 17.9603807926178"
[1] "Processing draws 17701 to 17800"
[1] "Chunk time = 17.9174571037292"
[1] "Processing draws 17801 to 17900"
[1] "Chunk time = 18.0784633159637"
[1] "Processing draws 17901 to 18000"
[1] "Chunk time = 17.8465240001678"
[1] "Processing draws 18001 to 18100"
[1] "Chunk time = 18.1456849575043"
[1] "Processing draws 18101 to 18200"
[1] "Chunk time = 17.5685625076294"
[1] "Processing draws 18201 to 18300"
[1] "Chunk time = 17.6979596614838"
[1] "Processing draws 18301 to 18400"
[1] "Chunk time = 17.8821318149567"
[1] "Processing draws 18401 to 18500"
[1] "Chunk time = 17.8577847480774"
[1] "Processing draws 18501 to 18600"
[1] "Chunk time = 17.863356590271"
[1] "Processing draws 18601 to 18700"
[1] "Chunk time = 17.7653858661652"
[1] "Processing draws 18701 to 18800"
[1] "Chunk time = 17.9006853103638"
[1] "Processing draws 18801 to 18900"
[1] "Chunk time = 17.7523267269135"
[1] "Processing draws 18901 to 19000"
[1] "Chunk time = 18.0245013237"
[1] "Processing draws 19001 to 19100"
[1] "Chunk time = 17.6835660934448"
[1] "Processing draws 19101 to 19200"
[1] "Chunk time = 17.8622660636902"
[1] "Processing draws 19201 to 19300"
[1] "Chunk time = 18.0287675857544"
[1] "Processing draws 19301 to 19400"
[1] "Chunk time = 17.9360809326172"
[1] "Processing draws 19401 to 19500"
[1] "Chunk time = 18.0291082859039"
[1] "Processing draws 19501 to 19600"
[1] "Chunk time = 17.8896899223328"
[1] "Processing draws 19601 to 19700"
[1] "Chunk time = 17.9633734226227"
[1] "Processing draws 19701 to 19800"
[1] "Chunk time = 17.754043340683"
[1] "Processing draws 19801 to 19900"
[1] "Chunk time = 18.0620718002319"
[1] "Processing draws 19901 to 20000"
[1] "Chunk time = 17.7967495918274"
[1] "done lapplying"
[1] "Saving current params"
[1] "Saving params to output.rds"
[1] TRUE
