[1] "Starting sampling."
Running MCMC with 4 parallel chains, with 4 thread(s) per chain...

Chain 1 Iteration:    1 / 6000 [  0%]  (Warmup) 
Chain 2 Iteration:    1 / 6000 [  0%]  (Warmup) 
Chain 3 Iteration:    1 / 6000 [  0%]  (Warmup) 
Chain 4 Iteration:    1 / 6000 [  0%]  (Warmup) 
Chain 3 Iteration:  100 / 6000 [  1%]  (Warmup) 
Chain 4 Iteration:  100 / 6000 [  1%]  (Warmup) 
Chain 2 Iteration:  100 / 6000 [  1%]  (Warmup) 
Chain 1 Iteration:  100 / 6000 [  1%]  (Warmup) 
Chain 4 Iteration:  200 / 6000 [  3%]  (Warmup) 
Chain 3 Iteration:  200 / 6000 [  3%]  (Warmup) 
Chain 1 Iteration:  200 / 6000 [  3%]  (Warmup) 
Chain 2 Iteration:  200 / 6000 [  3%]  (Warmup) 
Chain 4 Iteration:  300 / 6000 [  5%]  (Warmup) 
Chain 3 Iteration:  300 / 6000 [  5%]  (Warmup) 
Chain 1 Iteration:  300 / 6000 [  5%]  (Warmup) 
Chain 2 Iteration:  300 / 6000 [  5%]  (Warmup) 
Chain 4 Iteration:  400 / 6000 [  6%]  (Warmup) 
Chain 3 Iteration:  400 / 6000 [  6%]  (Warmup) 
Chain 1 Iteration:  400 / 6000 [  6%]  (Warmup) 
Chain 2 Iteration:  400 / 6000 [  6%]  (Warmup) 
Chain 4 Iteration:  500 / 6000 [  8%]  (Warmup) 
Chain 1 Iteration:  500 / 6000 [  8%]  (Warmup) 
Chain 3 Iteration:  500 / 6000 [  8%]  (Warmup) 
Chain 2 Iteration:  500 / 6000 [  8%]  (Warmup) 
Chain 4 Iteration:  600 / 6000 [ 10%]  (Warmup) 
Chain 3 Iteration:  600 / 6000 [ 10%]  (Warmup) 
Chain 1 Iteration:  600 / 6000 [ 10%]  (Warmup) 
Chain 2 Iteration:  600 / 6000 [ 10%]  (Warmup) 
Chain 4 Iteration:  700 / 6000 [ 11%]  (Warmup) 
Chain 3 Iteration:  700 / 6000 [ 11%]  (Warmup) 
Chain 1 Iteration:  700 / 6000 [ 11%]  (Warmup) 
Chain 2 Iteration:  700 / 6000 [ 11%]  (Warmup) 
Chain 4 Iteration:  800 / 6000 [ 13%]  (Warmup) 
Chain 3 Iteration:  800 / 6000 [ 13%]  (Warmup) 
Chain 1 Iteration:  800 / 6000 [ 13%]  (Warmup) 
Chain 2 Iteration:  800 / 6000 [ 13%]  (Warmup) 
Chain 4 Iteration:  900 / 6000 [ 15%]  (Warmup) 
Chain 3 Iteration:  900 / 6000 [ 15%]  (Warmup) 
Chain 1 Iteration:  900 / 6000 [ 15%]  (Warmup) 
Chain 2 Iteration:  900 / 6000 [ 15%]  (Warmup) 
Chain 4 Iteration: 1000 / 6000 [ 16%]  (Warmup) 
Chain 4 Iteration: 1001 / 6000 [ 16%]  (Sampling) 
Chain 3 Iteration: 1000 / 6000 [ 16%]  (Warmup) 
Chain 3 Iteration: 1001 / 6000 [ 16%]  (Sampling) 
Chain 1 Iteration: 1000 / 6000 [ 16%]  (Warmup) 
Chain 1 Iteration: 1001 / 6000 [ 16%]  (Sampling) 
Chain 2 Iteration: 1000 / 6000 [ 16%]  (Warmup) 
Chain 2 Iteration: 1001 / 6000 [ 16%]  (Sampling) 
Chain 4 Iteration: 1100 / 6000 [ 18%]  (Sampling) 
Chain 3 Iteration: 1100 / 6000 [ 18%]  (Sampling) 
Chain 1 Iteration: 1100 / 6000 [ 18%]  (Sampling) 
Chain 2 Iteration: 1100 / 6000 [ 18%]  (Sampling) 
Chain 4 Iteration: 1200 / 6000 [ 20%]  (Sampling) 
Chain 1 Iteration: 1200 / 6000 [ 20%]  (Sampling) 
Chain 3 Iteration: 1200 / 6000 [ 20%]  (Sampling) 
Chain 2 Iteration: 1200 / 6000 [ 20%]  (Sampling) 
Chain 4 Iteration: 1300 / 6000 [ 21%]  (Sampling) 
Chain 1 Iteration: 1300 / 6000 [ 21%]  (Sampling) 
Chain 3 Iteration: 1300 / 6000 [ 21%]  (Sampling) 
Chain 2 Iteration: 1300 / 6000 [ 21%]  (Sampling) 
Chain 4 Iteration: 1400 / 6000 [ 23%]  (Sampling) 
Chain 1 Iteration: 1400 / 6000 [ 23%]  (Sampling) 
Chain 3 Iteration: 1400 / 6000 [ 23%]  (Sampling) 
Chain 2 Iteration: 1400 / 6000 [ 23%]  (Sampling) 
Chain 4 Iteration: 1500 / 6000 [ 25%]  (Sampling) 
Chain 1 Iteration: 1500 / 6000 [ 25%]  (Sampling) 
Chain 3 Iteration: 1500 / 6000 [ 25%]  (Sampling) 
Chain 2 Iteration: 1500 / 6000 [ 25%]  (Sampling) 
Chain 4 Iteration: 1600 / 6000 [ 26%]  (Sampling) 
Chain 1 Iteration: 1600 / 6000 [ 26%]  (Sampling) 
Chain 3 Iteration: 1600 / 6000 [ 26%]  (Sampling) 
Chain 2 Iteration: 1600 / 6000 [ 26%]  (Sampling) 
Chain 4 Iteration: 1700 / 6000 [ 28%]  (Sampling) 
Chain 1 Iteration: 1700 / 6000 [ 28%]  (Sampling) 
Chain 3 Iteration: 1700 / 6000 [ 28%]  (Sampling) 
Chain 2 Iteration: 1700 / 6000 [ 28%]  (Sampling) 
Chain 4 Iteration: 1800 / 6000 [ 30%]  (Sampling) 
Chain 1 Iteration: 1800 / 6000 [ 30%]  (Sampling) 
Chain 3 Iteration: 1800 / 6000 [ 30%]  (Sampling) 
Chain 2 Iteration: 1800 / 6000 [ 30%]  (Sampling) 
Chain 4 Iteration: 1900 / 6000 [ 31%]  (Sampling) 
Chain 1 Iteration: 1900 / 6000 [ 31%]  (Sampling) 
Chain 3 Iteration: 1900 / 6000 [ 31%]  (Sampling) 
Chain 2 Iteration: 1900 / 6000 [ 31%]  (Sampling) 
Chain 4 Iteration: 2000 / 6000 [ 33%]  (Sampling) 
Chain 1 Iteration: 2000 / 6000 [ 33%]  (Sampling) 
Chain 3 Iteration: 2000 / 6000 [ 33%]  (Sampling) 
Chain 2 Iteration: 2000 / 6000 [ 33%]  (Sampling) 
Chain 4 Iteration: 2100 / 6000 [ 35%]  (Sampling) 
Chain 1 Iteration: 2100 / 6000 [ 35%]  (Sampling) 
Chain 3 Iteration: 2100 / 6000 [ 35%]  (Sampling) 
Chain 2 Iteration: 2100 / 6000 [ 35%]  (Sampling) 
Chain 4 Iteration: 2200 / 6000 [ 36%]  (Sampling) 
Chain 1 Iteration: 2200 / 6000 [ 36%]  (Sampling) 
Chain 3 Iteration: 2200 / 6000 [ 36%]  (Sampling) 
Chain 2 Iteration: 2200 / 6000 [ 36%]  (Sampling) 
Chain 4 Iteration: 2300 / 6000 [ 38%]  (Sampling) 
Chain 1 Iteration: 2300 / 6000 [ 38%]  (Sampling) 
Chain 3 Iteration: 2300 / 6000 [ 38%]  (Sampling) 
Chain 2 Iteration: 2300 / 6000 [ 38%]  (Sampling) 
Chain 4 Iteration: 2400 / 6000 [ 40%]  (Sampling) 
Chain 1 Iteration: 2400 / 6000 [ 40%]  (Sampling) 
Chain 3 Iteration: 2400 / 6000 [ 40%]  (Sampling) 
Chain 2 Iteration: 2400 / 6000 [ 40%]  (Sampling) 
Chain 4 Iteration: 2500 / 6000 [ 41%]  (Sampling) 
Chain 1 Iteration: 2500 / 6000 [ 41%]  (Sampling) 
Chain 3 Iteration: 2500 / 6000 [ 41%]  (Sampling) 
Chain 2 Iteration: 2500 / 6000 [ 41%]  (Sampling) 
Chain 4 Iteration: 2600 / 6000 [ 43%]  (Sampling) 
Chain 1 Iteration: 2600 / 6000 [ 43%]  (Sampling) 
Chain 2 Iteration: 2600 / 6000 [ 43%]  (Sampling) 
Chain 3 Iteration: 2600 / 6000 [ 43%]  (Sampling) 
Chain 4 Iteration: 2700 / 6000 [ 45%]  (Sampling) 
Chain 2 Iteration: 2700 / 6000 [ 45%]  (Sampling) 
Chain 1 Iteration: 2700 / 6000 [ 45%]  (Sampling) 
Chain 3 Iteration: 2700 / 6000 [ 45%]  (Sampling) 
Chain 2 Iteration: 2800 / 6000 [ 46%]  (Sampling) 
Chain 4 Iteration: 2800 / 6000 [ 46%]  (Sampling) 
Chain 1 Iteration: 2800 / 6000 [ 46%]  (Sampling) 
Chain 3 Iteration: 2800 / 6000 [ 46%]  (Sampling) 
Chain 2 Iteration: 2900 / 6000 [ 48%]  (Sampling) 
Chain 4 Iteration: 2900 / 6000 [ 48%]  (Sampling) 
Chain 1 Iteration: 2900 / 6000 [ 48%]  (Sampling) 
Chain 3 Iteration: 2900 / 6000 [ 48%]  (Sampling) 
Chain 2 Iteration: 3000 / 6000 [ 50%]  (Sampling) 
Chain 4 Iteration: 3000 / 6000 [ 50%]  (Sampling) 
Chain 1 Iteration: 3000 / 6000 [ 50%]  (Sampling) 
Chain 3 Iteration: 3000 / 6000 [ 50%]  (Sampling) 
Chain 2 Iteration: 3100 / 6000 [ 51%]  (Sampling) 
Chain 4 Iteration: 3100 / 6000 [ 51%]  (Sampling) 
Chain 2 Iteration: 3200 / 6000 [ 53%]  (Sampling) 
Chain 1 Iteration: 3100 / 6000 [ 51%]  (Sampling) 
Chain 3 Iteration: 3100 / 6000 [ 51%]  (Sampling) 
Chain 2 Iteration: 3300 / 6000 [ 55%]  (Sampling) 
Chain 4 Iteration: 3200 / 6000 [ 53%]  (Sampling) 
Chain 1 Iteration: 3200 / 6000 [ 53%]  (Sampling) 
Chain 3 Iteration: 3200 / 6000 [ 53%]  (Sampling) 
Chain 2 Iteration: 3400 / 6000 [ 56%]  (Sampling) 
Chain 4 Iteration: 3300 / 6000 [ 55%]  (Sampling) 
Chain 1 Iteration: 3300 / 6000 [ 55%]  (Sampling) 
Chain 3 Iteration: 3300 / 6000 [ 55%]  (Sampling) 
Chain 2 Iteration: 3500 / 6000 [ 58%]  (Sampling) 
Chain 4 Iteration: 3400 / 6000 [ 56%]  (Sampling) 
Chain 1 Iteration: 3400 / 6000 [ 56%]  (Sampling) 
Chain 3 Iteration: 3400 / 6000 [ 56%]  (Sampling) 
Chain 2 Iteration: 3600 / 6000 [ 60%]  (Sampling) 
Chain 4 Iteration: 3500 / 6000 [ 58%]  (Sampling) 
Chain 1 Iteration: 3500 / 6000 [ 58%]  (Sampling) 
Chain 2 Iteration: 3700 / 6000 [ 61%]  (Sampling) 
Chain 3 Iteration: 3500 / 6000 [ 58%]  (Sampling) 
Chain 2 Iteration: 3800 / 6000 [ 63%]  (Sampling) 
Chain 4 Iteration: 3600 / 6000 [ 60%]  (Sampling) 
Chain 1 Iteration: 3600 / 6000 [ 60%]  (Sampling) 
Chain 3 Iteration: 3600 / 6000 [ 60%]  (Sampling) 
Chain 2 Iteration: 3900 / 6000 [ 65%]  (Sampling) 
Chain 4 Iteration: 3700 / 6000 [ 61%]  (Sampling) 
Chain 1 Iteration: 3700 / 6000 [ 61%]  (Sampling) 
Chain 3 Iteration: 3700 / 6000 [ 61%]  (Sampling) 
Chain 2 Iteration: 4000 / 6000 [ 66%]  (Sampling) 
Chain 4 Iteration: 3800 / 6000 [ 63%]  (Sampling) 
Chain 1 Iteration: 3800 / 6000 [ 63%]  (Sampling) 
Chain 3 Iteration: 3800 / 6000 [ 63%]  (Sampling) 
Chain 2 Iteration: 4100 / 6000 [ 68%]  (Sampling) 
Chain 4 Iteration: 3900 / 6000 [ 65%]  (Sampling) 
Chain 1 Iteration: 3900 / 6000 [ 65%]  (Sampling) 
Chain 3 Iteration: 3900 / 6000 [ 65%]  (Sampling) 
Chain 2 Iteration: 4200 / 6000 [ 70%]  (Sampling) 
Chain 4 Iteration: 4000 / 6000 [ 66%]  (Sampling) 
Chain 1 Iteration: 4000 / 6000 [ 66%]  (Sampling) 
Chain 3 Iteration: 4000 / 6000 [ 66%]  (Sampling) 
Chain 2 Iteration: 4300 / 6000 [ 71%]  (Sampling) 
Chain 4 Iteration: 4100 / 6000 [ 68%]  (Sampling) 
Chain 3 Iteration: 4100 / 6000 [ 68%]  (Sampling) 
Chain 1 Iteration: 4100 / 6000 [ 68%]  (Sampling) 
Chain 2 Iteration: 4400 / 6000 [ 73%]  (Sampling) 
Chain 4 Iteration: 4200 / 6000 [ 70%]  (Sampling) 
Chain 1 Iteration: 4200 / 6000 [ 70%]  (Sampling) 
Chain 3 Iteration: 4200 / 6000 [ 70%]  (Sampling) 
Chain 2 Iteration: 4500 / 6000 [ 75%]  (Sampling) 
Chain 4 Iteration: 4300 / 6000 [ 71%]  (Sampling) 
Chain 1 Iteration: 4300 / 6000 [ 71%]  (Sampling) 
Chain 3 Iteration: 4300 / 6000 [ 71%]  (Sampling) 
Chain 1 Iteration: 4400 / 6000 [ 73%]  (Sampling) 
Chain 2 Iteration: 4600 / 6000 [ 76%]  (Sampling) 
Chain 4 Iteration: 4400 / 6000 [ 73%]  (Sampling) 
Chain 3 Iteration: 4400 / 6000 [ 73%]  (Sampling) 
Chain 1 Iteration: 4500 / 6000 [ 75%]  (Sampling) 
Chain 2 Iteration: 4700 / 6000 [ 78%]  (Sampling) 
Chain 4 Iteration: 4500 / 6000 [ 75%]  (Sampling) 
Chain 3 Iteration: 4500 / 6000 [ 75%]  (Sampling) 
Chain 1 Iteration: 4600 / 6000 [ 76%]  (Sampling) 
Chain 2 Iteration: 4800 / 6000 [ 80%]  (Sampling) 
Chain 4 Iteration: 4600 / 6000 [ 76%]  (Sampling) 
Chain 3 Iteration: 4600 / 6000 [ 76%]  (Sampling) 
Chain 1 Iteration: 4700 / 6000 [ 78%]  (Sampling) 
Chain 2 Iteration: 4900 / 6000 [ 81%]  (Sampling) 
Chain 4 Iteration: 4700 / 6000 [ 78%]  (Sampling) 
Chain 3 Iteration: 4700 / 6000 [ 78%]  (Sampling) 
Chain 1 Iteration: 4800 / 6000 [ 80%]  (Sampling) 
Chain 2 Iteration: 5000 / 6000 [ 83%]  (Sampling) 
Chain 4 Iteration: 4800 / 6000 [ 80%]  (Sampling) 
Chain 1 Iteration: 4900 / 6000 [ 81%]  (Sampling) 
Chain 3 Iteration: 4800 / 6000 [ 80%]  (Sampling) 
Chain 2 Iteration: 5100 / 6000 [ 85%]  (Sampling) 
Chain 4 Iteration: 4900 / 6000 [ 81%]  (Sampling) 
Chain 1 Iteration: 5000 / 6000 [ 83%]  (Sampling) 
Chain 3 Iteration: 4900 / 6000 [ 81%]  (Sampling) 
Chain 2 Iteration: 5200 / 6000 [ 86%]  (Sampling) 
Chain 4 Iteration: 5000 / 6000 [ 83%]  (Sampling) 
Chain 1 Iteration: 5100 / 6000 [ 85%]  (Sampling) 
Chain 3 Iteration: 5000 / 6000 [ 83%]  (Sampling) 
Chain 2 Iteration: 5300 / 6000 [ 88%]  (Sampling) 
Chain 3 Iteration: 5100 / 6000 [ 85%]  (Sampling) 
Chain 4 Iteration: 5100 / 6000 [ 85%]  (Sampling) 
Chain 1 Iteration: 5200 / 6000 [ 86%]  (Sampling) 
Chain 3 Iteration: 5200 / 6000 [ 86%]  (Sampling) 
Chain 2 Iteration: 5400 / 6000 [ 90%]  (Sampling) 
Chain 4 Iteration: 5200 / 6000 [ 86%]  (Sampling) 
Chain 1 Iteration: 5300 / 6000 [ 88%]  (Sampling) 
Chain 3 Iteration: 5300 / 6000 [ 88%]  (Sampling) 
Chain 2 Iteration: 5500 / 6000 [ 91%]  (Sampling) 
Chain 4 Iteration: 5300 / 6000 [ 88%]  (Sampling) 
Chain 1 Iteration: 5400 / 6000 [ 90%]  (Sampling) 
Chain 3 Iteration: 5400 / 6000 [ 90%]  (Sampling) 
Chain 2 Iteration: 5600 / 6000 [ 93%]  (Sampling) 
Chain 4 Iteration: 5400 / 6000 [ 90%]  (Sampling) 
Chain 1 Iteration: 5500 / 6000 [ 91%]  (Sampling) 
Chain 3 Iteration: 5500 / 6000 [ 91%]  (Sampling) 
Chain 2 Iteration: 5700 / 6000 [ 95%]  (Sampling) 
Chain 4 Iteration: 5500 / 6000 [ 91%]  (Sampling) 
Chain 1 Iteration: 5600 / 6000 [ 93%]  (Sampling) 
Chain 3 Iteration: 5600 / 6000 [ 93%]  (Sampling) 
Chain 2 Iteration: 5800 / 6000 [ 96%]  (Sampling) 
Chain 4 Iteration: 5600 / 6000 [ 93%]  (Sampling) 
Chain 1 Iteration: 5700 / 6000 [ 95%]  (Sampling) 
Chain 3 Iteration: 5700 / 6000 [ 95%]  (Sampling) 
Chain 2 Iteration: 5900 / 6000 [ 98%]  (Sampling) 
Chain 4 Iteration: 5700 / 6000 [ 95%]  (Sampling) 
Chain 1 Iteration: 5800 / 6000 [ 96%]  (Sampling) 
Chain 3 Iteration: 5800 / 6000 [ 96%]  (Sampling) 
Chain 2 Iteration: 6000 / 6000 [100%]  (Sampling) 
Chain 2 finished in 70850.3 seconds.
Chain 4 Iteration: 5800 / 6000 [ 96%]  (Sampling) 
Chain 1 Iteration: 5900 / 6000 [ 98%]  (Sampling) 
Chain 3 Iteration: 5900 / 6000 [ 98%]  (Sampling) 
Chain 4 Iteration: 5900 / 6000 [ 98%]  (Sampling) 
Chain 1 Iteration: 6000 / 6000 [100%]  (Sampling) 
Chain 1 finished in 72369.9 seconds.
Chain 3 Iteration: 6000 / 6000 [100%]  (Sampling) 
Chain 3 finished in 72669.6 seconds.
Chain 4 Iteration: 6000 / 6000 [100%]  (Sampling) 
Chain 4 finished in 73284.7 seconds.

All 4 chains finished successfully.
Mean chain execution time: 72293.6 seconds.
Total execution time: 73285.7 seconds.

[1] "Processing draws 1 to 100"
[1] "Chunk time = 3.21050547758738"
[1] "Processing draws 101 to 200"
[1] "Chunk time = 2.32770438194275"
[1] "Processing draws 201 to 300"
[1] "Chunk time = 2.51148799657822"
[1] "Processing draws 301 to 400"
[1] "Chunk time = 2.08028531471888"
[1] "Processing draws 401 to 500"
[1] "Chunk time = 1.98720695575078"
[1] "Processing draws 501 to 600"
[1] "Chunk time = 1.98777223030726"
[1] "Processing draws 601 to 700"
[1] "Chunk time = 2.02209245363871"
[1] "Processing draws 701 to 800"
[1] "Chunk time = 2.13501957257589"
[1] "Processing draws 801 to 900"
[1] "Chunk time = 2.00737542311351"
[1] "Processing draws 901 to 1000"
[1] "Chunk time = 2.04403964281082"
[1] "Processing draws 1001 to 1100"
[1] "Chunk time = 2.01172467867533"
[1] "Processing draws 1101 to 1200"
[1] "Chunk time = 2.01107920805613"
[1] "Processing draws 1201 to 1300"
[1] "Chunk time = 1.99793220758438"
[1] "Processing draws 1301 to 1400"
[1] "Chunk time = 1.97281774282455"
[1] "Processing draws 1401 to 1500"
[1] "Chunk time = 1.99355461994807"
[1] "Processing draws 1501 to 1600"
[1] "Chunk time = 2.03395037651062"
[1] "Processing draws 1601 to 1700"
[1] "Chunk time = 1.98159274260203"
[1] "Processing draws 1701 to 1800"
[1] "Chunk time = 1.97266877492269"
[1] "Processing draws 1801 to 1900"
[1] "Chunk time = 1.99354108969371"
[1] "Processing draws 1901 to 2000"
[1] "Chunk time = 2.01113316615423"
[1] "Processing draws 2001 to 2100"
[1] "Chunk time = 1.96469550132751"
[1] "Processing draws 2101 to 2200"
[1] "Chunk time = 1.99753872553507"
[1] "Processing draws 2201 to 2300"
[1] "Chunk time = 2.02350378831228"
[1] "Processing draws 2301 to 2400"
[1] "Chunk time = 2.01534071763357"
[1] "Processing draws 2401 to 2500"
[1] "Chunk time = 1.94563714265823"
[1] "Processing draws 2501 to 2600"
[1] "Chunk time = 1.97263871033986"
[1] "Processing draws 2601 to 2700"
[1] "Chunk time = 1.97051464716593"
[1] "Processing draws 2701 to 2800"
[1] "Chunk time = 2.06640498638153"
[1] "Processing draws 2801 to 2900"
[1] "Chunk time = 1.87736787001292"
[1] "Processing draws 2901 to 3000"
[1] "Chunk time = 1.85023723840714"
[1] "Processing draws 3001 to 3100"
[1] "Chunk time = 1.9298277815183"
[1] "Processing draws 3101 to 3200"
[1] "Chunk time = 1.98524097998937"
[1] "Processing draws 3201 to 3300"
[1] "Chunk time = 1.94812732140223"
[1] "Processing draws 3301 to 3400"
[1] "Chunk time = 1.968614590168"
[1] "Processing draws 3401 to 3500"
[1] "Chunk time = 1.89353687763214"
[1] "Processing draws 3501 to 3600"
[1] "Chunk time = 2.01969805955887"
[1] "Processing draws 3601 to 3700"
[1] "Chunk time = 2.03064708312353"
[1] "Processing draws 3701 to 3800"
[1] "Chunk time = 1.97897984584173"
[1] "Processing draws 3801 to 3900"
[1] "Chunk time = 1.87245385249456"
[1] "Processing draws 3901 to 4000"
[1] "Chunk time = 2.02000290155411"
[1] "Processing draws 4001 to 4100"
[1] "Chunk time = 1.89803581635157"
[1] "Processing draws 4101 to 4200"
[1] "Chunk time = 1.95995355049769"
[1] "Processing draws 4201 to 4300"
[1] "Chunk time = 1.9873259305954"
[1] "Processing draws 4301 to 4400"
[1] "Chunk time = 2.00019329388936"
[1] "Processing draws 4401 to 4500"
[1] "Chunk time = 1.89240979353587"
[1] "Processing draws 4501 to 4600"
[1] "Chunk time = 1.92484825054804"
[1] "Processing draws 4601 to 4700"
[1] "Chunk time = 1.93018511533737"
[1] "Processing draws 4701 to 4800"
[1] "Chunk time = 2.0162165760994"
[1] "Processing draws 4801 to 4900"
[1] "Chunk time = 2.01798290014267"
[1] "Processing draws 4901 to 5000"
[1] "Chunk time = 1.95061819553375"
[1] "Processing draws 5001 to 5100"
[1] "Chunk time = 1.85739316145579"
[1] "Processing draws 5101 to 5200"
[1] "Chunk time = 1.99346594810486"
[1] "Processing draws 5201 to 5300"
[1] "Chunk time = 1.93774563074112"
[1] "Processing draws 5301 to 5400"
[1] "Chunk time = 1.94245794614156"
[1] "Processing draws 5401 to 5500"
[1] "Chunk time = 1.97188128232956"
[1] "Processing draws 5501 to 5600"
[1] "Chunk time = 1.99824426968892"
[1] "Processing draws 5601 to 5700"
[1] "Chunk time = 1.86297156016032"
[1] "Processing draws 5701 to 5800"
[1] "Chunk time = 2.00554639101028"
[1] "Processing draws 5801 to 5900"
[1] "Chunk time = 1.89364335934321"
[1] "Processing draws 5901 to 6000"
[1] "Chunk time = 2.12887624899546"
[1] "Processing draws 6001 to 6100"
[1] "Chunk time = 1.95422534942627"
[1] "Processing draws 6101 to 6200"
[1] "Chunk time = 1.95510812997818"
[1] "Processing draws 6201 to 6300"
[1] "Chunk time = 1.92449396848679"
[1] "Processing draws 6301 to 6400"
[1] "Chunk time = 1.98100955088933"
[1] "Processing draws 6401 to 6500"
[1] "Chunk time = 1.93258751233419"
[1] "Processing draws 6501 to 6600"
[1] "Chunk time = 1.85682248274485"
[1] "Processing draws 6601 to 6700"
[1] "Chunk time = 1.8910790959994"
[1] "Processing draws 6701 to 6800"
[1] "Chunk time = 1.99152766466141"
[1] "Processing draws 6801 to 6900"
[1] "Chunk time = 1.93920655647914"
[1] "Processing draws 6901 to 7000"
[1] "Chunk time = 1.96150832176209"
[1] "Processing draws 7001 to 7100"
[1] "Chunk time = 1.85556545654933"
[1] "Processing draws 7101 to 7200"
[1] "Chunk time = 1.99296226501465"
[1] "Processing draws 7201 to 7300"
[1] "Chunk time = 1.89872411886851"
[1] "Processing draws 7301 to 7400"
[1] "Chunk time = 1.94386151234309"
[1] "Processing draws 7401 to 7500"
[1] "Chunk time = 1.88733305136363"
[1] "Processing draws 7501 to 7600"
[1] "Chunk time = 2.13915348052979"
[1] "Processing draws 7601 to 7700"
[1] "Chunk time = 1.90460925896962"
[1] "Processing draws 7701 to 7800"
[1] "Chunk time = 1.95068099498749"
[1] "Processing draws 7801 to 7900"
[1] "Chunk time = 1.91850361426671"
[1] "Processing draws 7901 to 8000"
[1] "Chunk time = 1.97762044668198"
[1] "Processing draws 8001 to 8100"
[1] "Chunk time = 1.94069534540176"
[1] "Processing draws 8101 to 8200"
[1] "Chunk time = 1.96036828756332"
[1] "Processing draws 8201 to 8300"
[1] "Chunk time = 1.96164330244064"
[1] "Processing draws 8301 to 8400"
[1] "Chunk time = 2.12024504343669"
[1] "Processing draws 8401 to 8500"
[1] "Chunk time = 1.97078207731247"
[1] "Processing draws 8501 to 8600"
[1] "Chunk time = 1.95576356252035"
[1] "Processing draws 8601 to 8700"
[1] "Chunk time = 1.95192495187124"
[1] "Processing draws 8701 to 8800"
[1] "Chunk time = 1.98473719358444"
[1] "Processing draws 8801 to 8900"
[1] "Chunk time = 1.9923148949941"
[1] "Processing draws 8901 to 9000"
[1] "Chunk time = 2.00592854420344"
[1] "Processing draws 9001 to 9100"
[1] "Chunk time = 1.96581076383591"
[1] "Processing draws 9101 to 9200"
[1] "Chunk time = 2.0239644408226"
[1] "Processing draws 9201 to 9300"
[1] "Chunk time = 1.9701616803805"
[1] "Processing draws 9301 to 9400"
[1] "Chunk time = 2.13849083979925"
[1] "Processing draws 9401 to 9500"
[1] "Chunk time = 1.90341382424037"
[1] "Processing draws 9501 to 9600"
[1] "Chunk time = 2.00219759146372"
[1] "Processing draws 9601 to 9700"
[1] "Chunk time = 1.98462840716044"
[1] "Processing draws 9701 to 9800"
[1] "Chunk time = 2.00388187964757"
[1] "Processing draws 9801 to 9900"
[1] "Chunk time = 1.90537667274475"
[1] "Processing draws 9901 to 10000"
[1] "Chunk time = 2.00321736335754"
[1] "Processing draws 10001 to 10100"
[1] "Chunk time = 1.91224920749664"
[1] "Processing draws 10101 to 10200"
[1] "Chunk time = 2.02388095855713"
[1] "Processing draws 10201 to 10300"
[1] "Chunk time = 1.98216285705566"
[1] "Processing draws 10301 to 10400"
[1] "Chunk time = 2.01049551566442"
[1] "Processing draws 10401 to 10500"
[1] "Chunk time = 1.90447340408961"
[1] "Processing draws 10501 to 10600"
[1] "Chunk time = 1.99695885181427"
[1] "Processing draws 10601 to 10700"
[1] "Chunk time = 1.90514515240987"
[1] "Processing draws 10701 to 10800"
[1] "Chunk time = 2.10179634888967"
[1] "Processing draws 10801 to 10900"
[1] "Chunk time = 1.9626274784406"
[1] "Processing draws 10901 to 11000"
[1] "Chunk time = 2.1040044426918"
[1] "Processing draws 11001 to 11100"
[1] "Chunk time = 1.99435590108236"
[1] "Processing draws 11101 to 11200"
[1] "Chunk time = 2.01108903487523"
[1] "Processing draws 11201 to 11300"
[1] "Chunk time = 1.90630095799764"
[1] "Processing draws 11301 to 11400"
[1] "Chunk time = 1.99712097247442"
[1] "Processing draws 11401 to 11500"
[1] "Chunk time = 1.89608690738678"
[1] "Processing draws 11501 to 11600"
[1] "Chunk time = 2.00097357829412"
[1] "Processing draws 11601 to 11700"
[1] "Chunk time = 1.97344348033269"
[1] "Processing draws 11701 to 11800"
[1] "Chunk time = 1.9968825340271"
[1] "Processing draws 11801 to 11900"
[1] "Chunk time = 1.92838285366694"
[1] "Processing draws 11901 to 12000"
[1] "Chunk time = 2.00159272352854"
[1] "Processing draws 12001 to 12100"
[1] "Chunk time = 1.89651123285294"
[1] "Processing draws 12101 to 12200"
[1] "Chunk time = 1.98853234450022"
[1] "Processing draws 12201 to 12300"
[1] "Chunk time = 1.94577548106511"
[1] "Processing draws 12301 to 12400"
[1] "Chunk time = 2.01264342069626"
[1] "Processing draws 12401 to 12500"
[1] "Chunk time = 1.98453868627548"
[1] "Processing draws 12501 to 12600"
[1] "Chunk time = 2.0089275042216"
[1] "Processing draws 12601 to 12700"
[1] "Chunk time = 1.90584089756012"
[1] "Processing draws 12701 to 12800"
[1] "Chunk time = 2.01756927967072"
[1] "Processing draws 12801 to 12900"
[1] "Chunk time = 1.89512751102448"
[1] "Processing draws 12901 to 13000"
[1] "Chunk time = 1.93743682305018"
[1] "Processing draws 13001 to 13100"
[1] "Chunk time = 1.9847648580869"
[1] "Processing draws 13101 to 13200"
[1] "Chunk time = 2.01777499914169"
[1] "Processing draws 13201 to 13300"
[1] "Chunk time = 1.90309692621231"
[1] "Processing draws 13301 to 13400"
[1] "Chunk time = 1.93757764895757"
[1] "Processing draws 13401 to 13500"
[1] "Chunk time = 1.91821807225545"
[1] "Processing draws 13501 to 13600"
[1] "Chunk time = 2.01457079648972"
[1] "Processing draws 13601 to 13700"
[1] "Chunk time = 1.90392855405808"
[1] "Processing draws 13701 to 13800"
[1] "Chunk time = 2.0011351386706"
[1] "Processing draws 13801 to 13900"
[1] "Chunk time = 1.99754210710526"
[1] "Processing draws 13901 to 14000"
[1] "Chunk time = 2.00315076112747"
[1] "Processing draws 14001 to 14100"
[1] "Chunk time = 1.92170428435008"
[1] "Processing draws 14101 to 14200"
[1] "Chunk time = 2.01505174239477"
[1] "Processing draws 14201 to 14300"
[1] "Chunk time = 1.91076751550039"
[1] "Processing draws 14301 to 14400"
[1] "Chunk time = 2.09086989959081"
[1] "Processing draws 14401 to 14500"
[1] "Chunk time = 1.94034949143728"
[1] "Processing draws 14501 to 14600"
[1] "Chunk time = 1.98411394755046"
[1] "Processing draws 14601 to 14700"
[1] "Chunk time = 1.90480149586995"
[1] "Processing draws 14701 to 14800"
[1] "Chunk time = 2.00273800293605"
[1] "Processing draws 14801 to 14900"
[1] "Chunk time = 1.90607019662857"
[1] "Processing draws 14901 to 15000"
[1] "Chunk time = 1.99200292825699"
[1] "Processing draws 15001 to 15100"
[1] "Chunk time = 1.92102419137955"
[1] "Processing draws 15101 to 15200"
[1] "Chunk time = 2.00302372773488"
[1] "Processing draws 15201 to 15300"
[1] "Chunk time = 1.99243802626928"
[1] "Processing draws 15301 to 15400"
[1] "Chunk time = 1.91284370024999"
[1] "Processing draws 15401 to 15500"
[1] "Chunk time = 1.91118807792664"
[1] "Processing draws 15501 to 15600"
[1] "Chunk time = 2.06301940282186"
[1] "Processing draws 15601 to 15700"
[1] "Chunk time = 1.95488067070643"
[1] "Processing draws 15701 to 15800"
[1] "Chunk time = 1.90938054720561"
[1] "Processing draws 15801 to 15900"
[1] "Chunk time = 1.92687609990438"
[1] "Processing draws 15901 to 16000"
[1] "Chunk time = 2.02263386249542"
[1] "Processing draws 16001 to 16100"
[1] "Chunk time = 1.95219493707021"
[1] "Processing draws 16101 to 16200"
[1] "Chunk time = 2.02108443975449"
[1] "Processing draws 16201 to 16300"
[1] "Chunk time = 1.94993153413137"
[1] "Processing draws 16301 to 16400"
[1] "Chunk time = 2.02116941610972"
[1] "Processing draws 16401 to 16500"
[1] "Chunk time = 1.90002504984538"
[1] "Processing draws 16501 to 16600"
[1] "Chunk time = 2.00347967942556"
[1] "Processing draws 16601 to 16700"
[1] "Chunk time = 1.98751663764318"
[1] "Processing draws 16701 to 16800"
[1] "Chunk time = 2.02441881100337"
[1] "Processing draws 16801 to 16900"
[1] "Chunk time = 1.94941844145457"
[1] "Processing draws 16901 to 17000"
[1] "Chunk time = 2.007792365551"
[1] "Processing draws 17001 to 17100"
[1] "Chunk time = 1.98807091315587"
[1] "Processing draws 17101 to 17200"
[1] "Chunk time = 2.0236191312472"
[1] "Processing draws 17201 to 17300"
[1] "Chunk time = 1.92989954153697"
[1] "Processing draws 17301 to 17400"
[1] "Chunk time = 1.98901702562968"
[1] "Processing draws 17401 to 17500"
[1] "Chunk time = 1.96996136506399"
[1] "Processing draws 17501 to 17600"
[1] "Chunk time = 2.11845870812734"
[1] "Processing draws 17601 to 17700"
[1] "Chunk time = 1.94430550734202"
[1] "Processing draws 17701 to 17800"
[1] "Chunk time = 1.94470907847087"
[1] "Processing draws 17801 to 17900"
[1] "Chunk time = 1.9686641852061"
[1] "Processing draws 17901 to 18000"
[1] "Chunk time = 2.01657009124756"
[1] "Processing draws 18001 to 18100"
[1] "Chunk time = 1.97918662627538"
[1] "Processing draws 18101 to 18200"
[1] "Chunk time = 1.99457366069158"
[1] "Processing draws 18201 to 18300"
[1] "Chunk time = 1.97149962186813"
[1] "Processing draws 18301 to 18400"
[1] "Chunk time = 2.01678393681844"
[1] "Processing draws 18401 to 18500"
[1] "Chunk time = 1.89474641084671"
[1] "Processing draws 18501 to 18600"
[1] "Chunk time = 2.07807557185491"
[1] "Processing draws 18601 to 18700"
[1] "Chunk time = 1.97286523580551"
[1] "Processing draws 18701 to 18800"
[1] "Chunk time = 2.0123708764712"
[1] "Processing draws 18801 to 18900"
[1] "Chunk time = 1.94665633042653"
[1] "Processing draws 18901 to 19000"
[1] "Chunk time = 1.99117532968521"
[1] "Processing draws 19001 to 19100"
[1] "Chunk time = 1.96179218292236"
[1] "Processing draws 19101 to 19200"
[1] "Chunk time = 2.01757829189301"
[1] "Processing draws 19201 to 19300"
[1] "Chunk time = 1.99577865203222"
[1] "Processing draws 19301 to 19400"
[1] "Chunk time = 1.97361753781637"
[1] "Processing draws 19401 to 19500"
[1] "Chunk time = 1.97796068986257"
[1] "Processing draws 19501 to 19600"
[1] "Chunk time = 2.02733470598857"
[1] "Processing draws 19601 to 19700"
[1] "Chunk time = 1.9317612250646"
[1] "Processing draws 19701 to 19800"
[1] "Chunk time = 1.95179640054703"
[1] "Processing draws 19801 to 19900"
[1] "Chunk time = 1.98527824481328"
[1] "Processing draws 19901 to 20000"
[1] "Chunk time = 2.11690648794174"
[1] "done lapplying"
[1] "Saving current params"
[1] "Saving params to output.rds"
[1] TRUE
[1] "Time for modelling:"
[1] "2025-07-02 17:41:45 EDT"
[1] "Time for posterior computations:"
Time difference of 6.635862 hours
[1] "Total time:"
[1] "2025-07-03 00:19:54 EDT"
