[1] "Starting sampling."
Running MCMC with 4 parallel chains, with 4 thread(s) per chain...

Chain 1 Iteration:    1 / 6000 [  0%]  (Warmup) 
Chain 2 Iteration:    1 / 6000 [  0%]  (Warmup) 
Chain 4 Iteration:    1 / 6000 [  0%]  (Warmup) 
Chain 3 Iteration:    1 / 6000 [  0%]  (Warmup) 
Chain 2 Iteration:  100 / 6000 [  1%]  (Warmup) 
Chain 4 Iteration:  100 / 6000 [  1%]  (Warmup) 
Chain 3 Iteration:  100 / 6000 [  1%]  (Warmup) 
Chain 1 Iteration:  100 / 6000 [  1%]  (Warmup) 
Chain 2 Iteration:  200 / 6000 [  3%]  (Warmup) 
Chain 4 Iteration:  200 / 6000 [  3%]  (Warmup) 
Chain 3 Iteration:  200 / 6000 [  3%]  (Warmup) 
Chain 1 Iteration:  200 / 6000 [  3%]  (Warmup) 
Chain 2 Iteration:  300 / 6000 [  5%]  (Warmup) 
Chain 4 Iteration:  300 / 6000 [  5%]  (Warmup) 
Chain 1 Iteration:  300 / 6000 [  5%]  (Warmup) 
Chain 3 Iteration:  300 / 6000 [  5%]  (Warmup) 
Chain 2 Iteration:  400 / 6000 [  6%]  (Warmup) 
Chain 4 Iteration:  400 / 6000 [  6%]  (Warmup) 
Chain 3 Iteration:  400 / 6000 [  6%]  (Warmup) 
Chain 1 Iteration:  400 / 6000 [  6%]  (Warmup) 
Chain 2 Iteration:  500 / 6000 [  8%]  (Warmup) 
Chain 4 Iteration:  500 / 6000 [  8%]  (Warmup) 
Chain 1 Iteration:  500 / 6000 [  8%]  (Warmup) 
Chain 2 Iteration:  600 / 6000 [ 10%]  (Warmup) 
Chain 3 Iteration:  500 / 6000 [  8%]  (Warmup) 
Chain 2 Iteration:  700 / 6000 [ 11%]  (Warmup) 
Chain 4 Iteration:  600 / 6000 [ 10%]  (Warmup) 
Chain 1 Iteration:  600 / 6000 [ 10%]  (Warmup) 
Chain 3 Iteration:  600 / 6000 [ 10%]  (Warmup) 
Chain 2 Iteration:  800 / 6000 [ 13%]  (Warmup) 
Chain 4 Iteration:  700 / 6000 [ 11%]  (Warmup) 
Chain 3 Iteration:  700 / 6000 [ 11%]  (Warmup) 
Chain 1 Iteration:  700 / 6000 [ 11%]  (Warmup) 
Chain 2 Iteration:  900 / 6000 [ 15%]  (Warmup) 
Chain 4 Iteration:  800 / 6000 [ 13%]  (Warmup) 
Chain 3 Iteration:  800 / 6000 [ 13%]  (Warmup) 
Chain 1 Iteration:  800 / 6000 [ 13%]  (Warmup) 
Chain 2 Iteration: 1000 / 6000 [ 16%]  (Warmup) 
Chain 2 Iteration: 1001 / 6000 [ 16%]  (Sampling) 
Chain 4 Iteration:  900 / 6000 [ 15%]  (Warmup) 
Chain 3 Iteration:  900 / 6000 [ 15%]  (Warmup) 
Chain 1 Iteration:  900 / 6000 [ 15%]  (Warmup) 
Chain 4 Iteration: 1000 / 6000 [ 16%]  (Warmup) 
Chain 4 Iteration: 1001 / 6000 [ 16%]  (Sampling) 
Chain 2 Iteration: 1100 / 6000 [ 18%]  (Sampling) 
Chain 1 Iteration: 1000 / 6000 [ 16%]  (Warmup) 
Chain 1 Iteration: 1001 / 6000 [ 16%]  (Sampling) 
Chain 3 Iteration: 1000 / 6000 [ 16%]  (Warmup) 
Chain 3 Iteration: 1001 / 6000 [ 16%]  (Sampling) 
Chain 1 Iteration: 1100 / 6000 [ 18%]  (Sampling) 
Chain 4 Iteration: 1100 / 6000 [ 18%]  (Sampling) 
Chain 2 Iteration: 1200 / 6000 [ 20%]  (Sampling) 
Chain 1 Iteration: 1200 / 6000 [ 20%]  (Sampling) 
Chain 3 Iteration: 1100 / 6000 [ 18%]  (Sampling) 
Chain 1 Iteration: 1300 / 6000 [ 21%]  (Sampling) 
Chain 2 Iteration: 1300 / 6000 [ 21%]  (Sampling) 
Chain 4 Iteration: 1200 / 6000 [ 20%]  (Sampling) 
Chain 1 Iteration: 1400 / 6000 [ 23%]  (Sampling) 
Chain 3 Iteration: 1200 / 6000 [ 20%]  (Sampling) 
Chain 1 Iteration: 1500 / 6000 [ 25%]  (Sampling) 
Chain 2 Iteration: 1400 / 6000 [ 23%]  (Sampling) 
Chain 4 Iteration: 1300 / 6000 [ 21%]  (Sampling) 
Chain 1 Iteration: 1600 / 6000 [ 26%]  (Sampling) 
Chain 3 Iteration: 1300 / 6000 [ 21%]  (Sampling) 
Chain 2 Iteration: 1500 / 6000 [ 25%]  (Sampling) 
Chain 1 Iteration: 1700 / 6000 [ 28%]  (Sampling) 
Chain 4 Iteration: 1400 / 6000 [ 23%]  (Sampling) 
Chain 1 Iteration: 1800 / 6000 [ 30%]  (Sampling) 
Chain 3 Iteration: 1400 / 6000 [ 23%]  (Sampling) 
Chain 2 Iteration: 1600 / 6000 [ 26%]  (Sampling) 
Chain 1 Iteration: 1900 / 6000 [ 31%]  (Sampling) 
Chain 4 Iteration: 1500 / 6000 [ 25%]  (Sampling) 
Chain 1 Iteration: 2000 / 6000 [ 33%]  (Sampling) 
Chain 3 Iteration: 1500 / 6000 [ 25%]  (Sampling) 
Chain 2 Iteration: 1700 / 6000 [ 28%]  (Sampling) 
Chain 1 Iteration: 2100 / 6000 [ 35%]  (Sampling) 
Chain 4 Iteration: 1600 / 6000 [ 26%]  (Sampling) 
Chain 1 Iteration: 2200 / 6000 [ 36%]  (Sampling) 
Chain 3 Iteration: 1600 / 6000 [ 26%]  (Sampling) 
Chain 2 Iteration: 1800 / 6000 [ 30%]  (Sampling) 
Chain 1 Iteration: 2300 / 6000 [ 38%]  (Sampling) 
Chain 4 Iteration: 1700 / 6000 [ 28%]  (Sampling) 
Chain 1 Iteration: 2400 / 6000 [ 40%]  (Sampling) 
Chain 3 Iteration: 1700 / 6000 [ 28%]  (Sampling) 
Chain 2 Iteration: 1900 / 6000 [ 31%]  (Sampling) 
Chain 1 Iteration: 2500 / 6000 [ 41%]  (Sampling) 
Chain 4 Iteration: 1800 / 6000 [ 30%]  (Sampling) 
Chain 1 Iteration: 2600 / 6000 [ 43%]  (Sampling) 
Chain 3 Iteration: 1800 / 6000 [ 30%]  (Sampling) 
Chain 2 Iteration: 2000 / 6000 [ 33%]  (Sampling) 
Chain 1 Iteration: 2700 / 6000 [ 45%]  (Sampling) 
Chain 4 Iteration: 1900 / 6000 [ 31%]  (Sampling) 
Chain 1 Iteration: 2800 / 6000 [ 46%]  (Sampling) 
Chain 3 Iteration: 1900 / 6000 [ 31%]  (Sampling) 
Chain 2 Iteration: 2100 / 6000 [ 35%]  (Sampling) 
Chain 1 Iteration: 2900 / 6000 [ 48%]  (Sampling) 
Chain 4 Iteration: 2000 / 6000 [ 33%]  (Sampling) 
Chain 1 Iteration: 3000 / 6000 [ 50%]  (Sampling) 
Chain 3 Iteration: 2000 / 6000 [ 33%]  (Sampling) 
Chain 2 Iteration: 2200 / 6000 [ 36%]  (Sampling) 
Chain 1 Iteration: 3100 / 6000 [ 51%]  (Sampling) 
Chain 4 Iteration: 2100 / 6000 [ 35%]  (Sampling) 
Chain 1 Iteration: 3200 / 6000 [ 53%]  (Sampling) 
Chain 3 Iteration: 2100 / 6000 [ 35%]  (Sampling) 
Chain 2 Iteration: 2300 / 6000 [ 38%]  (Sampling) 
Chain 1 Iteration: 3300 / 6000 [ 55%]  (Sampling) 
Chain 4 Iteration: 2200 / 6000 [ 36%]  (Sampling) 
Chain 1 Iteration: 3400 / 6000 [ 56%]  (Sampling) 
Chain 3 Iteration: 2200 / 6000 [ 36%]  (Sampling) 
Chain 2 Iteration: 2400 / 6000 [ 40%]  (Sampling) 
Chain 1 Iteration: 3500 / 6000 [ 58%]  (Sampling) 
Chain 4 Iteration: 2300 / 6000 [ 38%]  (Sampling) 
Chain 1 Iteration: 3600 / 6000 [ 60%]  (Sampling) 
Chain 3 Iteration: 2300 / 6000 [ 38%]  (Sampling) 
Chain 2 Iteration: 2500 / 6000 [ 41%]  (Sampling) 
Chain 1 Iteration: 3700 / 6000 [ 61%]  (Sampling) 
Chain 4 Iteration: 2400 / 6000 [ 40%]  (Sampling) 
Chain 1 Iteration: 3800 / 6000 [ 63%]  (Sampling) 
Chain 3 Iteration: 2400 / 6000 [ 40%]  (Sampling) 
Chain 2 Iteration: 2600 / 6000 [ 43%]  (Sampling) 
Chain 1 Iteration: 3900 / 6000 [ 65%]  (Sampling) 
Chain 4 Iteration: 2500 / 6000 [ 41%]  (Sampling) 
Chain 2 Iteration: 2700 / 6000 [ 45%]  (Sampling) 
Chain 1 Iteration: 4000 / 6000 [ 66%]  (Sampling) 
Chain 3 Iteration: 2500 / 6000 [ 41%]  (Sampling) 
Chain 1 Iteration: 4100 / 6000 [ 68%]  (Sampling) 
Chain 4 Iteration: 2600 / 6000 [ 43%]  (Sampling) 
Chain 2 Iteration: 2800 / 6000 [ 46%]  (Sampling) 
Chain 1 Iteration: 4200 / 6000 [ 70%]  (Sampling) 
Chain 3 Iteration: 2600 / 6000 [ 43%]  (Sampling) 
Chain 1 Iteration: 4300 / 6000 [ 71%]  (Sampling) 
Chain 4 Iteration: 2700 / 6000 [ 45%]  (Sampling) 
Chain 2 Iteration: 2900 / 6000 [ 48%]  (Sampling) 
Chain 1 Iteration: 4400 / 6000 [ 73%]  (Sampling) 
Chain 3 Iteration: 2700 / 6000 [ 45%]  (Sampling) 
Chain 1 Iteration: 4500 / 6000 [ 75%]  (Sampling) 
Chain 2 Iteration: 3000 / 6000 [ 50%]  (Sampling) 
Chain 4 Iteration: 2800 / 6000 [ 46%]  (Sampling) 
Chain 1 Iteration: 4600 / 6000 [ 76%]  (Sampling) 
Chain 3 Iteration: 2800 / 6000 [ 46%]  (Sampling) 
Chain 1 Iteration: 4700 / 6000 [ 78%]  (Sampling) 
Chain 2 Iteration: 3100 / 6000 [ 51%]  (Sampling) 
Chain 4 Iteration: 2900 / 6000 [ 48%]  (Sampling) 
Chain 3 Iteration: 2900 / 6000 [ 48%]  (Sampling) 
Chain 1 Iteration: 4800 / 6000 [ 80%]  (Sampling) 
Chain 1 Iteration: 4900 / 6000 [ 81%]  (Sampling) 
Chain 2 Iteration: 3200 / 6000 [ 53%]  (Sampling) 
Chain 4 Iteration: 3000 / 6000 [ 50%]  (Sampling) 
Chain 1 Iteration: 5000 / 6000 [ 83%]  (Sampling) 
Chain 3 Iteration: 3000 / 6000 [ 50%]  (Sampling) 
Chain 2 Iteration: 3300 / 6000 [ 55%]  (Sampling) 
Chain 1 Iteration: 5100 / 6000 [ 85%]  (Sampling) 
Chain 4 Iteration: 3100 / 6000 [ 51%]  (Sampling) 
Chain 3 Iteration: 3100 / 6000 [ 51%]  (Sampling) 
Chain 1 Iteration: 5200 / 6000 [ 86%]  (Sampling) 
Chain 2 Iteration: 3400 / 6000 [ 56%]  (Sampling) 
Chain 1 Iteration: 5300 / 6000 [ 88%]  (Sampling) 
Chain 4 Iteration: 3200 / 6000 [ 53%]  (Sampling) 
Chain 3 Iteration: 3200 / 6000 [ 53%]  (Sampling) 
Chain 1 Iteration: 5400 / 6000 [ 90%]  (Sampling) 
Chain 2 Iteration: 3500 / 6000 [ 58%]  (Sampling) 
Chain 1 Iteration: 5500 / 6000 [ 91%]  (Sampling) 
Chain 4 Iteration: 3300 / 6000 [ 55%]  (Sampling) 
Chain 2 Iteration: 3600 / 6000 [ 60%]  (Sampling) 
Chain 3 Iteration: 3300 / 6000 [ 55%]  (Sampling) 
Chain 1 Iteration: 5600 / 6000 [ 93%]  (Sampling) 
Chain 1 Iteration: 5700 / 6000 [ 95%]  (Sampling) 
Chain 2 Iteration: 3700 / 6000 [ 61%]  (Sampling) 
Chain 4 Iteration: 3400 / 6000 [ 56%]  (Sampling) 
Chain 3 Iteration: 3400 / 6000 [ 56%]  (Sampling) 
Chain 1 Iteration: 5800 / 6000 [ 96%]  (Sampling) 
Chain 1 Iteration: 5900 / 6000 [ 98%]  (Sampling) 
Chain 2 Iteration: 3800 / 6000 [ 63%]  (Sampling) 
Chain 4 Iteration: 3500 / 6000 [ 58%]  (Sampling) 
Chain 3 Iteration: 3500 / 6000 [ 58%]  (Sampling) 
Chain 1 Iteration: 6000 / 6000 [100%]  (Sampling) 
Chain 1 finished in 43101.3 seconds.
Chain 2 Iteration: 3900 / 6000 [ 65%]  (Sampling) 
Chain 4 Iteration: 3600 / 6000 [ 60%]  (Sampling) 
Chain 3 Iteration: 3600 / 6000 [ 60%]  (Sampling) 
Chain 2 Iteration: 4000 / 6000 [ 66%]  (Sampling) 
Chain 4 Iteration: 3700 / 6000 [ 61%]  (Sampling) 
Chain 3 Iteration: 3700 / 6000 [ 61%]  (Sampling) 
Chain 2 Iteration: 4100 / 6000 [ 68%]  (Sampling) 
Chain 4 Iteration: 3800 / 6000 [ 63%]  (Sampling) 
Chain 3 Iteration: 3800 / 6000 [ 63%]  (Sampling) 
Chain 2 Iteration: 4200 / 6000 [ 70%]  (Sampling) 
Chain 4 Iteration: 3900 / 6000 [ 65%]  (Sampling) 
Chain 3 Iteration: 3900 / 6000 [ 65%]  (Sampling) 
Chain 2 Iteration: 4300 / 6000 [ 71%]  (Sampling) 
Chain 4 Iteration: 4000 / 6000 [ 66%]  (Sampling) 
Chain 3 Iteration: 4000 / 6000 [ 66%]  (Sampling) 
Chain 2 Iteration: 4400 / 6000 [ 73%]  (Sampling) 
Chain 4 Iteration: 4100 / 6000 [ 68%]  (Sampling) 
Chain 3 Iteration: 4100 / 6000 [ 68%]  (Sampling) 
Chain 2 Iteration: 4500 / 6000 [ 75%]  (Sampling) 
Chain 4 Iteration: 4200 / 6000 [ 70%]  (Sampling) 
Chain 3 Iteration: 4200 / 6000 [ 70%]  (Sampling) 
Chain 2 Iteration: 4600 / 6000 [ 76%]  (Sampling) 
Chain 4 Iteration: 4300 / 6000 [ 71%]  (Sampling) 
Chain 3 Iteration: 4300 / 6000 [ 71%]  (Sampling) 
Chain 2 Iteration: 4700 / 6000 [ 78%]  (Sampling) 
Chain 4 Iteration: 4400 / 6000 [ 73%]  (Sampling) 
Chain 3 Iteration: 4400 / 6000 [ 73%]  (Sampling) 
Chain 2 Iteration: 4800 / 6000 [ 80%]  (Sampling) 
Chain 4 Iteration: 4500 / 6000 [ 75%]  (Sampling) 
Chain 3 Iteration: 4500 / 6000 [ 75%]  (Sampling) 
Chain 2 Iteration: 4900 / 6000 [ 81%]  (Sampling) 
Chain 4 Iteration: 4600 / 6000 [ 76%]  (Sampling) 
Chain 3 Iteration: 4600 / 6000 [ 76%]  (Sampling) 
Chain 2 Iteration: 5000 / 6000 [ 83%]  (Sampling) 
Chain 4 Iteration: 4700 / 6000 [ 78%]  (Sampling) 
Chain 3 Iteration: 4700 / 6000 [ 78%]  (Sampling) 
Chain 2 Iteration: 5100 / 6000 [ 85%]  (Sampling) 
Chain 4 Iteration: 4800 / 6000 [ 80%]  (Sampling) 
Chain 3 Iteration: 4800 / 6000 [ 80%]  (Sampling) 
Chain 2 Iteration: 5200 / 6000 [ 86%]  (Sampling) 
Chain 3 Iteration: 4900 / 6000 [ 81%]  (Sampling) 
Chain 4 Iteration: 4900 / 6000 [ 81%]  (Sampling) 
Chain 2 Iteration: 5300 / 6000 [ 88%]  (Sampling) 
Chain 3 Iteration: 5000 / 6000 [ 83%]  (Sampling) 
Chain 4 Iteration: 5000 / 6000 [ 83%]  (Sampling) 
Chain 2 Iteration: 5400 / 6000 [ 90%]  (Sampling) 
Chain 3 Iteration: 5100 / 6000 [ 85%]  (Sampling) 
Chain 4 Iteration: 5100 / 6000 [ 85%]  (Sampling) 
Chain 2 Iteration: 5500 / 6000 [ 91%]  (Sampling) 
Chain 3 Iteration: 5200 / 6000 [ 86%]  (Sampling) 
Chain 4 Iteration: 5200 / 6000 [ 86%]  (Sampling) 
Chain 2 Iteration: 5600 / 6000 [ 93%]  (Sampling) 
Chain 3 Iteration: 5300 / 6000 [ 88%]  (Sampling) 
Chain 4 Iteration: 5300 / 6000 [ 88%]  (Sampling) 
Chain 2 Iteration: 5700 / 6000 [ 95%]  (Sampling) 
Chain 3 Iteration: 5400 / 6000 [ 90%]  (Sampling) 
Chain 4 Iteration: 5400 / 6000 [ 90%]  (Sampling) 
Chain 2 Iteration: 5800 / 6000 [ 96%]  (Sampling) 
Chain 3 Iteration: 5500 / 6000 [ 91%]  (Sampling) 
Chain 4 Iteration: 5500 / 6000 [ 91%]  (Sampling) 
Chain 2 Iteration: 5900 / 6000 [ 98%]  (Sampling) 
Chain 3 Iteration: 5600 / 6000 [ 93%]  (Sampling) 
Chain 4 Iteration: 5600 / 6000 [ 93%]  (Sampling) 
Chain 2 Iteration: 6000 / 6000 [100%]  (Sampling) 
Chain 2 finished in 67337.8 seconds.
Chain 3 Iteration: 5700 / 6000 [ 95%]  (Sampling) 
Chain 4 Iteration: 5700 / 6000 [ 95%]  (Sampling) 
Chain 3 Iteration: 5800 / 6000 [ 96%]  (Sampling) 
Chain 4 Iteration: 5800 / 6000 [ 96%]  (Sampling) 
Chain 3 Iteration: 5900 / 6000 [ 98%]  (Sampling) 
Chain 4 Iteration: 5900 / 6000 [ 98%]  (Sampling) 
Chain 3 Iteration: 6000 / 6000 [100%]  (Sampling) 
Chain 3 finished in 71230.1 seconds.
Chain 4 Iteration: 6000 / 6000 [100%]  (Sampling) 
Chain 4 finished in 71441.4 seconds.

All 4 chains finished successfully.
Mean chain execution time: 63277.7 seconds.
Total execution time: 71442.1 seconds.

[1] "Processing draws 1 to 100"
[1] "Chunk time = 3.26727113723755"
[1] "Processing draws 101 to 200"
[1] "Chunk time = 2.21283501784007"
[1] "Processing draws 201 to 300"
[1] "Chunk time = 2.41560906171799"
[1] "Processing draws 301 to 400"
[1] "Chunk time = 2.12181627353032"
[1] "Processing draws 401 to 500"
[1] "Chunk time = 2.01806471745173"
[1] "Processing draws 501 to 600"
[1] "Chunk time = 2.02429474194845"
[1] "Processing draws 601 to 700"
[1] "Chunk time = 2.07625816663106"
[1] "Processing draws 701 to 800"
[1] "Chunk time = 2.17138997713725"
[1] "Processing draws 801 to 900"
[1] "Chunk time = 2.0028822461764"
[1] "Processing draws 901 to 1000"
[1] "Chunk time = 2.043008685112"
[1] "Processing draws 1001 to 1100"
[1] "Chunk time = 2.01313959757487"
[1] "Processing draws 1101 to 1200"
[1] "Chunk time = 2.03945070107778"
[1] "Processing draws 1201 to 1300"
[1] "Chunk time = 2.01726171573003"
[1] "Processing draws 1301 to 1400"
[1] "Chunk time = 1.9710032860438"
[1] "Processing draws 1401 to 1500"
[1] "Chunk time = 1.98010042508443"
[1] "Processing draws 1501 to 1600"
[1] "Chunk time = 2.00947096347809"
[1] "Processing draws 1601 to 1700"
[1] "Chunk time = 1.94274787505468"
[1] "Processing draws 1701 to 1800"
[1] "Chunk time = 1.95367291371028"
[1] "Processing draws 1801 to 1900"
[1] "Chunk time = 1.96635707616806"
[1] "Processing draws 1901 to 2000"
[1] "Chunk time = 1.99955698251724"
[1] "Processing draws 2001 to 2100"
[1] "Chunk time = 1.95921170314153"
[1] "Processing draws 2101 to 2200"
[1] "Chunk time = 2.0265988389651"
[1] "Processing draws 2201 to 2300"
[1] "Chunk time = 1.94720342159271"
[1] "Processing draws 2301 to 2400"
[1] "Chunk time = 2.01741610368093"
[1] "Processing draws 2401 to 2500"
[1] "Chunk time = 1.97334365049998"
[1] "Processing draws 2501 to 2600"
[1] "Chunk time = 1.99168440103531"
[1] "Processing draws 2601 to 2700"
[1] "Chunk time = 1.96403045654297"
[1] "Processing draws 2701 to 2800"
[1] "Chunk time = 2.09918864568075"
[1] "Processing draws 2801 to 2900"
[1] "Chunk time = 2.01024273236593"
[1] "Processing draws 2901 to 3000"
[1] "Chunk time = 1.99432555039724"
[1] "Processing draws 3001 to 3100"
[1] "Chunk time = 2.01830567121506"
[1] "Processing draws 3101 to 3200"
[1] "Chunk time = 2.04256498018901"
[1] "Processing draws 3201 to 3300"
[1] "Chunk time = 1.98694252173106"
[1] "Processing draws 3301 to 3400"
[1] "Chunk time = 2.00731126467387"
[1] "Processing draws 3401 to 3500"
[1] "Chunk time = 1.95428878466288"
[1] "Processing draws 3501 to 3600"
[1] "Chunk time = 2.02914878924688"
[1] "Processing draws 3601 to 3700"
[1] "Chunk time = 1.98467014233271"
[1] "Processing draws 3701 to 3800"
[1] "Chunk time = 1.9312384724617"
[1] "Processing draws 3801 to 3900"
[1] "Chunk time = 1.92711145877838"
[1] "Processing draws 3901 to 4000"
[1] "Chunk time = 2.05324705839157"
[1] "Processing draws 4001 to 4100"
[1] "Chunk time = 2.08393926620483"
[1] "Processing draws 4101 to 4200"
[1] "Chunk time = 1.94172398249308"
[1] "Processing draws 4201 to 4300"
[1] "Chunk time = 1.98459777434667"
[1] "Processing draws 4301 to 4400"
[1] "Chunk time = 2.0385033249855"
[1] "Processing draws 4401 to 4500"
[1] "Chunk time = 1.94042886892955"
[1] "Processing draws 4501 to 4600"
[1] "Chunk time = 2.04213903347651"
[1] "Processing draws 4601 to 4700"
[1] "Chunk time = 2.01566619078318"
[1] "Processing draws 4701 to 4800"
[1] "Chunk time = 2.0242268482844"
[1] "Processing draws 4801 to 4900"
[1] "Chunk time = 1.94699629545212"
[1] "Processing draws 4901 to 5000"
[1] "Chunk time = 1.95750224987666"
[1] "Processing draws 5001 to 5100"
[1] "Chunk time = 1.90144155025482"
[1] "Processing draws 5101 to 5200"
[1] "Chunk time = 2.01686551570892"
[1] "Processing draws 5201 to 5300"
[1] "Chunk time = 1.94855720599492"
[1] "Processing draws 5301 to 5400"
[1] "Chunk time = 1.98134144544601"
[1] "Processing draws 5401 to 5500"
[1] "Chunk time = 2.04264386494954"
[1] "Processing draws 5501 to 5600"
[1] "Chunk time = 2.04302328427633"
[1] "Processing draws 5601 to 5700"
[1] "Chunk time = 1.88660304546356"
[1] "Processing draws 5701 to 5800"
[1] "Chunk time = 1.95990827083588"
[1] "Processing draws 5801 to 5900"
[1] "Chunk time = 1.91102433602015"
[1] "Processing draws 5901 to 6000"
[1] "Chunk time = 2.02873928149541"
[1] "Processing draws 6001 to 6100"
[1] "Chunk time = 1.9792257030805"
[1] "Processing draws 6101 to 6200"
[1] "Chunk time = 1.92755185365677"
[1] "Processing draws 6201 to 6300"
[1] "Chunk time = 1.88542960484823"
[1] "Processing draws 6301 to 6400"
[1] "Chunk time = 2.02130026817322"
[1] "Processing draws 6401 to 6500"
[1] "Chunk time = 1.93218861420949"
[1] "Processing draws 6501 to 6600"
[1] "Chunk time = 1.95738872687022"
[1] "Processing draws 6601 to 6700"
[1] "Chunk time = 2.07924116055171"
[1] "Processing draws 6701 to 6800"
[1] "Chunk time = 2.02807153463364"
[1] "Processing draws 6801 to 6900"
[1] "Chunk time = 2.02769283453623"
[1] "Processing draws 6901 to 7000"
[1] "Chunk time = 1.95700902541478"
[1] "Processing draws 7001 to 7100"
[1] "Chunk time = 1.92968707084656"
[1] "Processing draws 7101 to 7200"
[1] "Chunk time = 2.01100821097692"
[1] "Processing draws 7201 to 7300"
[1] "Chunk time = 1.95710429350535"
[1] "Processing draws 7301 to 7400"
[1] "Chunk time = 2.01757049560547"
[1] "Processing draws 7401 to 7500"
[1] "Chunk time = 2.03390693664551"
[1] "Processing draws 7501 to 7600"
[1] "Chunk time = 2.03497379223506"
[1] "Processing draws 7601 to 7700"
[1] "Chunk time = 1.91878842512767"
[1] "Processing draws 7701 to 7800"
[1] "Chunk time = 1.93682409127553"
[1] "Processing draws 7801 to 7900"
[1] "Chunk time = 1.95786882638931"
[1] "Processing draws 7901 to 8000"
[1] "Chunk time = 2.02544382413228"
[1] "Processing draws 8001 to 8100"
[1] "Chunk time = 2.00844412644704"
[1] "Processing draws 8101 to 8200"
[1] "Chunk time = 2.05303074121475"
[1] "Processing draws 8201 to 8300"
[1] "Chunk time = 2.02136586507161"
[1] "Processing draws 8301 to 8400"
[1] "Chunk time = 2.00236502885818"
[1] "Processing draws 8401 to 8500"
[1] "Chunk time = 1.95259914795558"
[1] "Processing draws 8501 to 8600"
[1] "Chunk time = 1.97619761228561"
[1] "Processing draws 8601 to 8700"
[1] "Chunk time = 1.93622565666835"
[1] "Processing draws 8701 to 8800"
[1] "Chunk time = 2.06747669776281"
[1] "Processing draws 8801 to 8900"
[1] "Chunk time = 2.13386798699697"
[1] "Processing draws 8901 to 9000"
[1] "Chunk time = 2.06377672751745"
[1] "Processing draws 9001 to 9100"
[1] "Chunk time = 2.02020737330119"
[1] "Processing draws 9101 to 9200"
[1] "Chunk time = 2.07084296147029"
[1] "Processing draws 9201 to 9300"
[1] "Chunk time = 1.91795159180959"
[1] "Processing draws 9301 to 9400"
[1] "Chunk time = 2.00900810162226"
[1] "Processing draws 9401 to 9500"
[1] "Chunk time = 2.0492241581281"
[1] "Processing draws 9501 to 9600"
[1] "Chunk time = 2.08104834953944"
[1] "Processing draws 9601 to 9700"
[1] "Chunk time = 2.04635000228882"
[1] "Processing draws 9701 to 9800"
[1] "Chunk time = 2.00517417192459"
[1] "Processing draws 9801 to 9900"
[1] "Chunk time = 1.93545473814011"
[1] "Processing draws 9901 to 10000"
[1] "Chunk time = 2.05758916536967"
[1] "Processing draws 10001 to 10100"
[1] "Chunk time = 1.96395293076833"
[1] "Processing draws 10101 to 10200"
[1] "Chunk time = 2.06264505783717"
[1] "Processing draws 10201 to 10300"
[1] "Chunk time = 2.08330819606781"
[1] "Processing draws 10301 to 10400"
[1] "Chunk time = 2.0748243411382"
[1] "Processing draws 10401 to 10500"
[1] "Chunk time = 1.95831152200699"
[1] "Processing draws 10501 to 10600"
[1] "Chunk time = 2.01946932474772"
[1] "Processing draws 10601 to 10700"
[1] "Chunk time = 1.94791075785955"
[1] "Processing draws 10701 to 10800"
[1] "Chunk time = 2.0854140162468"
[1] "Processing draws 10801 to 10900"
[1] "Chunk time = 2.02519234021505"
[1] "Processing draws 10901 to 11000"
[1] "Chunk time = 2.07097046375275"
[1] "Processing draws 11001 to 11100"
[1] "Chunk time = 2.06639226277669"
[1] "Processing draws 11101 to 11200"
[1] "Chunk time = 2.07610158125559"
[1] "Processing draws 11201 to 11300"
[1] "Chunk time = 1.95036862293879"
[1] "Processing draws 11301 to 11400"
[1] "Chunk time = 1.9729368964831"
[1] "Processing draws 11401 to 11500"
[1] "Chunk time = 2.0223819454511"
[1] "Processing draws 11501 to 11600"
[1] "Chunk time = 2.0922355333964"
[1] "Processing draws 11601 to 11700"
[1] "Chunk time = 2.09666615724564"
[1] "Processing draws 11701 to 11800"
[1] "Chunk time = 2.07536126772563"
[1] "Processing draws 11801 to 11900"
[1] "Chunk time = 1.96268435319265"
[1] "Processing draws 11901 to 12000"
[1] "Chunk time = 2.0614371975263"
[1] "Processing draws 12001 to 12100"
[1] "Chunk time = 2.0059664885203"
[1] "Processing draws 12101 to 12200"
[1] "Chunk time = 1.98829550345739"
[1] "Processing draws 12201 to 12300"
[1] "Chunk time = 2.07919384638468"
[1] "Processing draws 12301 to 12400"
[1] "Chunk time = 2.06285375356674"
[1] "Processing draws 12401 to 12500"
[1] "Chunk time = 2.04883986314138"
[1] "Processing draws 12501 to 12600"
[1] "Chunk time = 1.97465337514877"
[1] "Processing draws 12601 to 12700"
[1] "Chunk time = 2.0076408068339"
[1] "Processing draws 12701 to 12800"
[1] "Chunk time = 2.06611911853155"
[1] "Processing draws 12801 to 12900"
[1] "Chunk time = 1.92002335786819"
[1] "Processing draws 12901 to 13000"
[1] "Chunk time = 1.99777258634567"
[1] "Processing draws 13001 to 13100"
[1] "Chunk time = 1.98769257863363"
[1] "Processing draws 13101 to 13200"
[1] "Chunk time = 2.06335278749466"
[1] "Processing draws 13201 to 13300"
[1] "Chunk time = 2.00322714646657"
[1] "Processing draws 13301 to 13400"
[1] "Chunk time = 1.95968745946884"
[1] "Processing draws 13401 to 13500"
[1] "Chunk time = 1.9419181783994"
[1] "Processing draws 13501 to 13600"
[1] "Chunk time = 2.07808023293813"
[1] "Processing draws 13601 to 13700"
[1] "Chunk time = 2.015747098128"
[1] "Processing draws 13701 to 13800"
[1] "Chunk time = 2.04528943697611"
[1] "Processing draws 13801 to 13900"
[1] "Chunk time = 2.08320154349009"
[1] "Processing draws 13901 to 14000"
[1] "Chunk time = 2.08375986417135"
[1] "Processing draws 14001 to 14100"
[1] "Chunk time = 1.95164688428243"
[1] "Processing draws 14101 to 14200"
[1] "Chunk time = 1.98327450354894"
[1] "Processing draws 14201 to 14300"
[1] "Chunk time = 1.95879666805267"
[1] "Processing draws 14301 to 14400"
[1] "Chunk time = 2.08050442934036"
[1] "Processing draws 14401 to 14500"
[1] "Chunk time = 2.09713503519694"
[1] "Processing draws 14501 to 14600"
[1] "Chunk time = 2.05370457569758"
[1] "Processing draws 14601 to 14700"
[1] "Chunk time = 1.95717533826828"
[1] "Processing draws 14701 to 14800"
[1] "Chunk time = 2.0979053179423"
[1] "Processing draws 14801 to 14900"
[1] "Chunk time = 1.9588344891866"
[1] "Processing draws 14901 to 15000"
[1] "Chunk time = 2.00737726688385"
[1] "Processing draws 15001 to 15100"
[1] "Chunk time = 2.00685842434565"
[1] "Processing draws 15101 to 15200"
[1] "Chunk time = 2.1188564101855"
[1] "Processing draws 15201 to 15300"
[1] "Chunk time = 2.05310646692912"
[1] "Processing draws 15301 to 15400"
[1] "Chunk time = 2.01298543612162"
[1] "Processing draws 15401 to 15500"
[1] "Chunk time = 1.97886954943339"
[1] "Processing draws 15501 to 15600"
[1] "Chunk time = 2.07148548762004"
[1] "Processing draws 15601 to 15700"
[1] "Chunk time = 2.01237088839213"
[1] "Processing draws 15701 to 15800"
[1] "Chunk time = 2.03961845239004"
[1] "Processing draws 15801 to 15900"
[1] "Chunk time = 2.08176606893539"
[1] "Processing draws 15901 to 16000"
[1] "Chunk time = 2.10677972634633"
[1] "Processing draws 16001 to 16100"
[1] "Chunk time = 1.9365861694018"
[1] "Processing draws 16101 to 16200"
[1] "Chunk time = 1.92134603261948"
[1] "Processing draws 16201 to 16300"
[1] "Chunk time = 2.01949808597565"
[1] "Processing draws 16301 to 16400"
[1] "Chunk time = 2.08046363989512"
[1] "Processing draws 16401 to 16500"
[1] "Chunk time = 2.07849765221278"
[1] "Processing draws 16501 to 16600"
[1] "Chunk time = 2.1250128865242"
[1] "Processing draws 16601 to 16700"
[1] "Chunk time = 2.09292795658112"
[1] "Processing draws 16701 to 16800"
[1] "Chunk time = 2.06315021117528"
[1] "Processing draws 16801 to 16900"
[1] "Chunk time = 2.01024700005849"
[1] "Processing draws 16901 to 17000"
[1] "Chunk time = 1.97107679843903"
[1] "Processing draws 17001 to 17100"
[1] "Chunk time = 1.94577294985453"
[1] "Processing draws 17101 to 17200"
[1] "Chunk time = 2.08901532491048"
[1] "Processing draws 17201 to 17300"
[1] "Chunk time = 2.08352595965068"
[1] "Processing draws 17301 to 17400"
[1] "Chunk time = 2.06234609683355"
[1] "Processing draws 17401 to 17500"
[1] "Chunk time = 1.99449563026428"
[1] "Processing draws 17501 to 17600"
[1] "Chunk time = 2.08684236208598"
[1] "Processing draws 17601 to 17700"
[1] "Chunk time = 1.91593430042267"
[1] "Processing draws 17701 to 17800"
[1] "Chunk time = 2.0061946551005"
[1] "Processing draws 17801 to 17900"
[1] "Chunk time = 1.97246678670247"
[1] "Processing draws 17901 to 18000"
[1] "Chunk time = 2.08488278388977"
[1] "Processing draws 18001 to 18100"
[1] "Chunk time = 1.98809542655945"
[1] "Processing draws 18101 to 18200"
[1] "Chunk time = 2.00220107237498"
[1] "Processing draws 18201 to 18300"
[1] "Chunk time = 1.9349702835083"
[1] "Processing draws 18301 to 18400"
[1] "Chunk time = 2.06027349233627"
[1] "Processing draws 18401 to 18500"
[1] "Chunk time = 1.95727534691493"
[1] "Processing draws 18501 to 18600"
[1] "Chunk time = 1.9657689054807"
[1] "Processing draws 18601 to 18700"
[1] "Chunk time = 1.99213298559189"
[1] "Processing draws 18701 to 18800"
[1] "Chunk time = 2.06419878005981"
[1] "Processing draws 18801 to 18900"
[1] "Chunk time = 1.88196868896484"
[1] "Processing draws 18901 to 19000"
[1] "Chunk time = 1.97974114815394"
[1] "Processing draws 19001 to 19100"
[1] "Chunk time = 1.95083277225494"
[1] "Processing draws 19101 to 19200"
[1] "Chunk time = 2.07708235581716"
[1] "Processing draws 19201 to 19300"
[1] "Chunk time = 1.98142772515615"
[1] "Processing draws 19301 to 19400"
[1] "Chunk time = 1.95379514694214"
[1] "Processing draws 19401 to 19500"
[1] "Chunk time = 1.9623401761055"
[1] "Processing draws 19501 to 19600"
[1] "Chunk time = 2.00839174191157"
[1] "Processing draws 19601 to 19700"
[1] "Chunk time = 1.9358336965243"
[1] "Processing draws 19701 to 19800"
[1] "Chunk time = 1.90968132813772"
[1] "Processing draws 19801 to 19900"
[1] "Chunk time = 1.98314905961355"
[1] "Processing draws 19901 to 20000"
[1] "Chunk time = 1.96147380272547"
[1] "done lapplying"
[1] "Saving current params"
[1] "Saving params to output.rds"
[1] TRUE
[1] "Time for modelling:"
[1] "2025-07-02 16:59:20 EDT"
[1] "Time for posterior computations:"
Time difference of 6.748668 hours
[1] "Total time:"
[1] "2025-07-02 23:44:15 EDT"
