[1] "Starting sampling."
Running MCMC with 4 parallel chains, with 4 thread(s) per chain...

Chain 1 Iteration:    1 / 6000 [  0%]  (Warmup) 
Chain 2 Iteration:    1 / 6000 [  0%]  (Warmup) 
Chain 3 Iteration:    1 / 6000 [  0%]  (Warmup) 
Chain 4 Iteration:    1 / 6000 [  0%]  (Warmup) 
Chain 1 Iteration:  100 / 6000 [  1%]  (Warmup) 
Chain 2 Iteration:  100 / 6000 [  1%]  (Warmup) 
Chain 3 Iteration:  100 / 6000 [  1%]  (Warmup) 
Chain 4 Iteration:  100 / 6000 [  1%]  (Warmup) 
Chain 1 Iteration:  200 / 6000 [  3%]  (Warmup) 
Chain 2 Iteration:  200 / 6000 [  3%]  (Warmup) 
Chain 3 Iteration:  200 / 6000 [  3%]  (Warmup) 
Chain 1 Iteration:  300 / 6000 [  5%]  (Warmup) 
Chain 4 Iteration:  200 / 6000 [  3%]  (Warmup) 
Chain 1 Iteration:  400 / 6000 [  6%]  (Warmup) 
Chain 2 Iteration:  300 / 6000 [  5%]  (Warmup) 
Chain 3 Iteration:  300 / 6000 [  5%]  (Warmup) 
Chain 4 Iteration:  300 / 6000 [  5%]  (Warmup) 
Chain 2 Iteration:  400 / 6000 [  6%]  (Warmup) 
Chain 1 Iteration:  500 / 6000 [  8%]  (Warmup) 
Chain 3 Iteration:  400 / 6000 [  6%]  (Warmup) 
Chain 4 Iteration:  400 / 6000 [  6%]  (Warmup) 
Chain 1 Iteration:  600 / 6000 [ 10%]  (Warmup) 
Chain 3 Iteration:  500 / 6000 [  8%]  (Warmup) 
Chain 2 Iteration:  500 / 6000 [  8%]  (Warmup) 
Chain 4 Iteration:  500 / 6000 [  8%]  (Warmup) 
Chain 3 Iteration:  600 / 6000 [ 10%]  (Warmup) 
Chain 1 Iteration:  700 / 6000 [ 11%]  (Warmup) 
Chain 2 Iteration:  600 / 6000 [ 10%]  (Warmup) 
Chain 4 Iteration:  600 / 6000 [ 10%]  (Warmup) 
Chain 2 Iteration:  700 / 6000 [ 11%]  (Warmup) 
Chain 3 Iteration:  700 / 6000 [ 11%]  (Warmup) 
Chain 1 Iteration:  800 / 6000 [ 13%]  (Warmup) 
Chain 4 Iteration:  700 / 6000 [ 11%]  (Warmup) 
Chain 2 Iteration:  800 / 6000 [ 13%]  (Warmup) 
Chain 3 Iteration:  800 / 6000 [ 13%]  (Warmup) 
Chain 1 Iteration:  900 / 6000 [ 15%]  (Warmup) 
Chain 4 Iteration:  800 / 6000 [ 13%]  (Warmup) 
Chain 2 Iteration:  900 / 6000 [ 15%]  (Warmup) 
Chain 3 Iteration:  900 / 6000 [ 15%]  (Warmup) 
Chain 1 Iteration: 1000 / 6000 [ 16%]  (Warmup) 
Chain 1 Iteration: 1001 / 6000 [ 16%]  (Sampling) 
Chain 4 Iteration:  900 / 6000 [ 15%]  (Warmup) 
Chain 2 Iteration: 1000 / 6000 [ 16%]  (Warmup) 
Chain 2 Iteration: 1001 / 6000 [ 16%]  (Sampling) 
Chain 3 Iteration: 1000 / 6000 [ 16%]  (Warmup) 
Chain 3 Iteration: 1001 / 6000 [ 16%]  (Sampling) 
Chain 1 Iteration: 1100 / 6000 [ 18%]  (Sampling) 
Chain 2 Iteration: 1100 / 6000 [ 18%]  (Sampling) 
Chain 4 Iteration: 1000 / 6000 [ 16%]  (Warmup) 
Chain 4 Iteration: 1001 / 6000 [ 16%]  (Sampling) 
Chain 2 Iteration: 1200 / 6000 [ 20%]  (Sampling) 
Chain 3 Iteration: 1100 / 6000 [ 18%]  (Sampling) 
Chain 1 Iteration: 1200 / 6000 [ 20%]  (Sampling) 
Chain 2 Iteration: 1300 / 6000 [ 21%]  (Sampling) 
Chain 2 Iteration: 1400 / 6000 [ 23%]  (Sampling) 
Chain 4 Iteration: 1100 / 6000 [ 18%]  (Sampling) 
Chain 3 Iteration: 1200 / 6000 [ 20%]  (Sampling) 
Chain 1 Iteration: 1300 / 6000 [ 21%]  (Sampling) 
Chain 2 Iteration: 1500 / 6000 [ 25%]  (Sampling) 
Chain 2 Iteration: 1600 / 6000 [ 26%]  (Sampling) 
Chain 4 Iteration: 1200 / 6000 [ 20%]  (Sampling) 
Chain 3 Iteration: 1300 / 6000 [ 21%]  (Sampling) 
Chain 1 Iteration: 1400 / 6000 [ 23%]  (Sampling) 
Chain 2 Iteration: 1700 / 6000 [ 28%]  (Sampling) 
Chain 2 Iteration: 1800 / 6000 [ 30%]  (Sampling) 
Chain 4 Iteration: 1300 / 6000 [ 21%]  (Sampling) 
Chain 3 Iteration: 1400 / 6000 [ 23%]  (Sampling) 
Chain 1 Iteration: 1500 / 6000 [ 25%]  (Sampling) 
Chain 2 Iteration: 1900 / 6000 [ 31%]  (Sampling) 
Chain 2 Iteration: 2000 / 6000 [ 33%]  (Sampling) 
Chain 4 Iteration: 1400 / 6000 [ 23%]  (Sampling) 
Chain 3 Iteration: 1500 / 6000 [ 25%]  (Sampling) 
Chain 1 Iteration: 1600 / 6000 [ 26%]  (Sampling) 
Chain 2 Iteration: 2100 / 6000 [ 35%]  (Sampling) 
Chain 2 Iteration: 2200 / 6000 [ 36%]  (Sampling) 
Chain 4 Iteration: 1500 / 6000 [ 25%]  (Sampling) 
Chain 3 Iteration: 1600 / 6000 [ 26%]  (Sampling) 
Chain 1 Iteration: 1700 / 6000 [ 28%]  (Sampling) 
Chain 2 Iteration: 2300 / 6000 [ 38%]  (Sampling) 
Chain 2 Iteration: 2400 / 6000 [ 40%]  (Sampling) 
Chain 4 Iteration: 1600 / 6000 [ 26%]  (Sampling) 
Chain 3 Iteration: 1700 / 6000 [ 28%]  (Sampling) 
Chain 1 Iteration: 1800 / 6000 [ 30%]  (Sampling) 
Chain 2 Iteration: 2500 / 6000 [ 41%]  (Sampling) 
Chain 2 Iteration: 2600 / 6000 [ 43%]  (Sampling) 
Chain 4 Iteration: 1700 / 6000 [ 28%]  (Sampling) 
Chain 3 Iteration: 1800 / 6000 [ 30%]  (Sampling) 
Chain 1 Iteration: 1900 / 6000 [ 31%]  (Sampling) 
Chain 2 Iteration: 2700 / 6000 [ 45%]  (Sampling) 
Chain 2 Iteration: 2800 / 6000 [ 46%]  (Sampling) 
Chain 4 Iteration: 1800 / 6000 [ 30%]  (Sampling) 
Chain 3 Iteration: 1900 / 6000 [ 31%]  (Sampling) 
Chain 1 Iteration: 2000 / 6000 [ 33%]  (Sampling) 
Chain 2 Iteration: 2900 / 6000 [ 48%]  (Sampling) 
Chain 2 Iteration: 3000 / 6000 [ 50%]  (Sampling) 
Chain 3 Iteration: 2000 / 6000 [ 33%]  (Sampling) 
Chain 4 Iteration: 1900 / 6000 [ 31%]  (Sampling) 
Chain 1 Iteration: 2100 / 6000 [ 35%]  (Sampling) 
Chain 2 Iteration: 3100 / 6000 [ 51%]  (Sampling) 
Chain 2 Iteration: 3200 / 6000 [ 53%]  (Sampling) 
Chain 3 Iteration: 2100 / 6000 [ 35%]  (Sampling) 
Chain 4 Iteration: 2000 / 6000 [ 33%]  (Sampling) 
Chain 1 Iteration: 2200 / 6000 [ 36%]  (Sampling) 
Chain 2 Iteration: 3300 / 6000 [ 55%]  (Sampling) 
Chain 2 Iteration: 3400 / 6000 [ 56%]  (Sampling) 
Chain 3 Iteration: 2200 / 6000 [ 36%]  (Sampling) 
Chain 4 Iteration: 2100 / 6000 [ 35%]  (Sampling) 
Chain 1 Iteration: 2300 / 6000 [ 38%]  (Sampling) 
Chain 2 Iteration: 3500 / 6000 [ 58%]  (Sampling) 
Chain 2 Iteration: 3600 / 6000 [ 60%]  (Sampling) 
Chain 3 Iteration: 2300 / 6000 [ 38%]  (Sampling) 
Chain 4 Iteration: 2200 / 6000 [ 36%]  (Sampling) 
Chain 1 Iteration: 2400 / 6000 [ 40%]  (Sampling) 
Chain 2 Iteration: 3700 / 6000 [ 61%]  (Sampling) 
Chain 2 Iteration: 3800 / 6000 [ 63%]  (Sampling) 
Chain 3 Iteration: 2400 / 6000 [ 40%]  (Sampling) 
Chain 4 Iteration: 2300 / 6000 [ 38%]  (Sampling) 
Chain 1 Iteration: 2500 / 6000 [ 41%]  (Sampling) 
Chain 2 Iteration: 3900 / 6000 [ 65%]  (Sampling) 
Chain 2 Iteration: 4000 / 6000 [ 66%]  (Sampling) 
Chain 3 Iteration: 2500 / 6000 [ 41%]  (Sampling) 
Chain 4 Iteration: 2400 / 6000 [ 40%]  (Sampling) 
Chain 1 Iteration: 2600 / 6000 [ 43%]  (Sampling) 
Chain 2 Iteration: 4100 / 6000 [ 68%]  (Sampling) 
Chain 2 Iteration: 4200 / 6000 [ 70%]  (Sampling) 
Chain 3 Iteration: 2600 / 6000 [ 43%]  (Sampling) 
Chain 4 Iteration: 2500 / 6000 [ 41%]  (Sampling) 
Chain 1 Iteration: 2700 / 6000 [ 45%]  (Sampling) 
Chain 2 Iteration: 4300 / 6000 [ 71%]  (Sampling) 
Chain 2 Iteration: 4400 / 6000 [ 73%]  (Sampling) 
Chain 3 Iteration: 2700 / 6000 [ 45%]  (Sampling) 
Chain 4 Iteration: 2600 / 6000 [ 43%]  (Sampling) 
Chain 1 Iteration: 2800 / 6000 [ 46%]  (Sampling) 
Chain 2 Iteration: 4500 / 6000 [ 75%]  (Sampling) 
Chain 2 Iteration: 4600 / 6000 [ 76%]  (Sampling) 
Chain 3 Iteration: 2800 / 6000 [ 46%]  (Sampling) 
Chain 4 Iteration: 2700 / 6000 [ 45%]  (Sampling) 
Chain 1 Iteration: 2900 / 6000 [ 48%]  (Sampling) 
Chain 2 Iteration: 4700 / 6000 [ 78%]  (Sampling) 
Chain 2 Iteration: 4800 / 6000 [ 80%]  (Sampling) 
Chain 3 Iteration: 2900 / 6000 [ 48%]  (Sampling) 
Chain 4 Iteration: 2800 / 6000 [ 46%]  (Sampling) 
Chain 1 Iteration: 3000 / 6000 [ 50%]  (Sampling) 
Chain 2 Iteration: 4900 / 6000 [ 81%]  (Sampling) 
Chain 2 Iteration: 5000 / 6000 [ 83%]  (Sampling) 
Chain 3 Iteration: 3000 / 6000 [ 50%]  (Sampling) 
Chain 4 Iteration: 2900 / 6000 [ 48%]  (Sampling) 
Chain 1 Iteration: 3100 / 6000 [ 51%]  (Sampling) 
Chain 2 Iteration: 5100 / 6000 [ 85%]  (Sampling) 
Chain 2 Iteration: 5200 / 6000 [ 86%]  (Sampling) 
Chain 3 Iteration: 3100 / 6000 [ 51%]  (Sampling) 
Chain 1 Iteration: 3200 / 6000 [ 53%]  (Sampling) 
Chain 4 Iteration: 3000 / 6000 [ 50%]  (Sampling) 
Chain 2 Iteration: 5300 / 6000 [ 88%]  (Sampling) 
Chain 2 Iteration: 5400 / 6000 [ 90%]  (Sampling) 
Chain 3 Iteration: 3200 / 6000 [ 53%]  (Sampling) 
Chain 1 Iteration: 3300 / 6000 [ 55%]  (Sampling) 
Chain 4 Iteration: 3100 / 6000 [ 51%]  (Sampling) 
Chain 2 Iteration: 5500 / 6000 [ 91%]  (Sampling) 
Chain 2 Iteration: 5600 / 6000 [ 93%]  (Sampling) 
Chain 3 Iteration: 3300 / 6000 [ 55%]  (Sampling) 
Chain 1 Iteration: 3400 / 6000 [ 56%]  (Sampling) 
Chain 4 Iteration: 3200 / 6000 [ 53%]  (Sampling) 
Chain 2 Iteration: 5700 / 6000 [ 95%]  (Sampling) 
Chain 2 Iteration: 5800 / 6000 [ 96%]  (Sampling) 
Chain 3 Iteration: 3400 / 6000 [ 56%]  (Sampling) 
Chain 1 Iteration: 3500 / 6000 [ 58%]  (Sampling) 
Chain 4 Iteration: 3300 / 6000 [ 55%]  (Sampling) 
Chain 2 Iteration: 5900 / 6000 [ 98%]  (Sampling) 
Chain 2 Iteration: 6000 / 6000 [100%]  (Sampling) 
Chain 2 finished in 1785.9 seconds.
Chain 3 Iteration: 3500 / 6000 [ 58%]  (Sampling) 
Chain 1 Iteration: 3600 / 6000 [ 60%]  (Sampling) 
Chain 4 Iteration: 3400 / 6000 [ 56%]  (Sampling) 
Chain 3 Iteration: 3600 / 6000 [ 60%]  (Sampling) 
Chain 1 Iteration: 3700 / 6000 [ 61%]  (Sampling) 
Chain 4 Iteration: 3500 / 6000 [ 58%]  (Sampling) 
Chain 3 Iteration: 3700 / 6000 [ 61%]  (Sampling) 
Chain 1 Iteration: 3800 / 6000 [ 63%]  (Sampling) 
Chain 4 Iteration: 3600 / 6000 [ 60%]  (Sampling) 
Chain 3 Iteration: 3800 / 6000 [ 63%]  (Sampling) 
Chain 1 Iteration: 3900 / 6000 [ 65%]  (Sampling) 
Chain 4 Iteration: 3700 / 6000 [ 61%]  (Sampling) 
Chain 3 Iteration: 3900 / 6000 [ 65%]  (Sampling) 
Chain 1 Iteration: 4000 / 6000 [ 66%]  (Sampling) 
Chain 4 Iteration: 3800 / 6000 [ 63%]  (Sampling) 
Chain 3 Iteration: 4000 / 6000 [ 66%]  (Sampling) 
Chain 1 Iteration: 4100 / 6000 [ 68%]  (Sampling) 
Chain 4 Iteration: 3900 / 6000 [ 65%]  (Sampling) 
Chain 3 Iteration: 4100 / 6000 [ 68%]  (Sampling) 
Chain 1 Iteration: 4200 / 6000 [ 70%]  (Sampling) 
Chain 4 Iteration: 4000 / 6000 [ 66%]  (Sampling) 
Chain 3 Iteration: 4200 / 6000 [ 70%]  (Sampling) 
Chain 1 Iteration: 4300 / 6000 [ 71%]  (Sampling) 
Chain 4 Iteration: 4100 / 6000 [ 68%]  (Sampling) 
Chain 3 Iteration: 4300 / 6000 [ 71%]  (Sampling) 
Chain 1 Iteration: 4400 / 6000 [ 73%]  (Sampling) 
Chain 4 Iteration: 4200 / 6000 [ 70%]  (Sampling) 
Chain 3 Iteration: 4400 / 6000 [ 73%]  (Sampling) 
Chain 1 Iteration: 4500 / 6000 [ 75%]  (Sampling) 
Chain 4 Iteration: 4300 / 6000 [ 71%]  (Sampling) 
Chain 3 Iteration: 4500 / 6000 [ 75%]  (Sampling) 
Chain 1 Iteration: 4600 / 6000 [ 76%]  (Sampling) 
Chain 4 Iteration: 4400 / 6000 [ 73%]  (Sampling) 
Chain 3 Iteration: 4600 / 6000 [ 76%]  (Sampling) 
Chain 1 Iteration: 4700 / 6000 [ 78%]  (Sampling) 
Chain 4 Iteration: 4500 / 6000 [ 75%]  (Sampling) 
Chain 3 Iteration: 4700 / 6000 [ 78%]  (Sampling) 
Chain 1 Iteration: 4800 / 6000 [ 80%]  (Sampling) 
Chain 4 Iteration: 4600 / 6000 [ 76%]  (Sampling) 
Chain 3 Iteration: 4800 / 6000 [ 80%]  (Sampling) 
Chain 1 Iteration: 4900 / 6000 [ 81%]  (Sampling) 
Chain 4 Iteration: 4700 / 6000 [ 78%]  (Sampling) 
Chain 3 Iteration: 4900 / 6000 [ 81%]  (Sampling) 
Chain 1 Iteration: 5000 / 6000 [ 83%]  (Sampling) 
Chain 4 Iteration: 4800 / 6000 [ 80%]  (Sampling) 
Chain 3 Iteration: 5000 / 6000 [ 83%]  (Sampling) 
Chain 1 Iteration: 5100 / 6000 [ 85%]  (Sampling) 
Chain 4 Iteration: 4900 / 6000 [ 81%]  (Sampling) 
Chain 3 Iteration: 5100 / 6000 [ 85%]  (Sampling) 
Chain 1 Iteration: 5200 / 6000 [ 86%]  (Sampling) 
Chain 4 Iteration: 5000 / 6000 [ 83%]  (Sampling) 
Chain 3 Iteration: 5200 / 6000 [ 86%]  (Sampling) 
Chain 1 Iteration: 5300 / 6000 [ 88%]  (Sampling) 
Chain 4 Iteration: 5100 / 6000 [ 85%]  (Sampling) 
Chain 3 Iteration: 5300 / 6000 [ 88%]  (Sampling) 
Chain 1 Iteration: 5400 / 6000 [ 90%]  (Sampling) 
Chain 4 Iteration: 5200 / 6000 [ 86%]  (Sampling) 
Chain 3 Iteration: 5400 / 6000 [ 90%]  (Sampling) 
Chain 1 Iteration: 5500 / 6000 [ 91%]  (Sampling) 
Chain 4 Iteration: 5300 / 6000 [ 88%]  (Sampling) 
Chain 3 Iteration: 5500 / 6000 [ 91%]  (Sampling) 
Chain 1 Iteration: 5600 / 6000 [ 93%]  (Sampling) 
Chain 4 Iteration: 5400 / 6000 [ 90%]  (Sampling) 
Chain 3 Iteration: 5600 / 6000 [ 93%]  (Sampling) 
Chain 1 Iteration: 5700 / 6000 [ 95%]  (Sampling) 
Chain 4 Iteration: 5500 / 6000 [ 91%]  (Sampling) 
Chain 3 Iteration: 5700 / 6000 [ 95%]  (Sampling) 
Chain 1 Iteration: 5800 / 6000 [ 96%]  (Sampling) 
Chain 3 Iteration: 5800 / 6000 [ 96%]  (Sampling) 
Chain 4 Iteration: 5600 / 6000 [ 93%]  (Sampling) 
Chain 1 Iteration: 5900 / 6000 [ 98%]  (Sampling) 
Chain 3 Iteration: 5900 / 6000 [ 98%]  (Sampling) 
Chain 4 Iteration: 5700 / 6000 [ 95%]  (Sampling) 
Chain 1 Iteration: 6000 / 6000 [100%]  (Sampling) 
Chain 1 finished in 2857.1 seconds.
Chain 3 Iteration: 6000 / 6000 [100%]  (Sampling) 
Chain 3 finished in 2883.8 seconds.
Chain 4 Iteration: 5800 / 6000 [ 96%]  (Sampling) 
Chain 4 Iteration: 5900 / 6000 [ 98%]  (Sampling) 
Chain 4 Iteration: 6000 / 6000 [100%]  (Sampling) 
Chain 4 finished in 2963.1 seconds.

All 4 chains finished successfully.
Mean chain execution time: 2622.5 seconds.
Total execution time: 2963.5 seconds.

[1] "Processing draws 1 to 100"
[1] "Chunk time = 51.5791757106781"
[1] "Processing draws 101 to 200"
[1] "Chunk time = 18.0437331199646"
[1] "Processing draws 201 to 300"
[1] "Chunk time = 17.6062598228455"
[1] "Processing draws 301 to 400"
[1] "Chunk time = 17.6219844818115"
[1] "Processing draws 401 to 500"
[1] "Chunk time = 17.102876663208"
[1] "Processing draws 501 to 600"
[1] "Chunk time = 17.2630243301392"
[1] "Processing draws 601 to 700"
[1] "Chunk time = 17.1968588829041"
[1] "Processing draws 701 to 800"
[1] "Chunk time = 16.8172500133514"
[1] "Processing draws 801 to 900"
[1] "Chunk time = 17.0786969661713"
[1] "Processing draws 901 to 1000"
[1] "Chunk time = 16.8938558101654"
[1] "Processing draws 1001 to 1100"
[1] "Chunk time = 17.5183870792389"
[1] "Processing draws 1101 to 1200"
[1] "Chunk time = 16.9752514362335"
[1] "Processing draws 1201 to 1300"
[1] "Chunk time = 17.0141005516052"
[1] "Processing draws 1301 to 1400"
[1] "Chunk time = 16.9550566673279"
[1] "Processing draws 1401 to 1500"
[1] "Chunk time = 16.896461725235"
[1] "Processing draws 1501 to 1600"
[1] "Chunk time = 16.9312009811401"
[1] "Processing draws 1601 to 1700"
[1] "Chunk time = 16.710428237915"
[1] "Processing draws 1701 to 1800"
[1] "Chunk time = 16.5545811653137"
[1] "Processing draws 1801 to 1900"
[1] "Chunk time = 16.9002692699432"
[1] "Processing draws 1901 to 2000"
[1] "Chunk time = 16.8206288814545"
[1] "Processing draws 2001 to 2100"
[1] "Chunk time = 16.8973631858826"
[1] "Processing draws 2101 to 2200"
[1] "Chunk time = 17.0606899261475"
[1] "Processing draws 2201 to 2300"
[1] "Chunk time = 16.8674948215485"
[1] "Processing draws 2301 to 2400"
[1] "Chunk time = 17.1180737018585"
[1] "Processing draws 2401 to 2500"
[1] "Chunk time = 16.8723607063293"
[1] "Processing draws 2501 to 2600"
[1] "Chunk time = 16.8869633674622"
[1] "Processing draws 2601 to 2700"
[1] "Chunk time = 16.6269376277924"
[1] "Processing draws 2701 to 2800"
[1] "Chunk time = 16.9506843090057"
[1] "Processing draws 2801 to 2900"
[1] "Chunk time = 16.8296315670013"
[1] "Processing draws 2901 to 3000"
[1] "Chunk time = 16.8441343307495"
[1] "Processing draws 3001 to 3100"
[1] "Chunk time = 16.9656023979187"
[1] "Processing draws 3101 to 3200"
[1] "Chunk time = 16.8121857643127"
[1] "Processing draws 3201 to 3300"
[1] "Chunk time = 17.1560945510864"
[1] "Processing draws 3301 to 3400"
[1] "Chunk time = 16.8304932117462"
[1] "Processing draws 3401 to 3500"
[1] "Chunk time = 17.0038506984711"
[1] "Processing draws 3501 to 3600"
[1] "Chunk time = 16.5537934303284"
[1] "Processing draws 3601 to 3700"
[1] "Chunk time = 16.6880877017975"
[1] "Processing draws 3701 to 3800"
[1] "Chunk time = 16.8163251876831"
[1] "Processing draws 3801 to 3900"
[1] "Chunk time = 16.4132449626923"
[1] "Processing draws 3901 to 4000"
[1] "Chunk time = 16.7180726528168"
[1] "Processing draws 4001 to 4100"
[1] "Chunk time = 16.6229779720306"
[1] "Processing draws 4101 to 4200"
[1] "Chunk time = 16.4793920516968"
[1] "Processing draws 4201 to 4300"
[1] "Chunk time = 16.9204514026642"
[1] "Processing draws 4301 to 4400"
[1] "Chunk time = 16.6457753181458"
[1] "Processing draws 4401 to 4500"
[1] "Chunk time = 17.0209448337555"
[1] "Processing draws 4501 to 4600"
[1] "Chunk time = 16.7392065525055"
[1] "Processing draws 4601 to 4700"
[1] "Chunk time = 17.1664741039276"
[1] "Processing draws 4701 to 4800"
[1] "Chunk time = 17.0379509925842"
[1] "Processing draws 4801 to 4900"
[1] "Chunk time = 16.5294399261475"
[1] "Processing draws 4901 to 5000"
[1] "Chunk time = 17.0652623176575"
[1] "Processing draws 5001 to 5100"
[1] "Chunk time = 16.6814467906952"
[1] "Processing draws 5101 to 5200"
[1] "Chunk time = 17.0577974319458"
[1] "Processing draws 5201 to 5300"
[1] "Chunk time = 16.880601644516"
[1] "Processing draws 5301 to 5400"
[1] "Chunk time = 16.7819163799286"
[1] "Processing draws 5401 to 5500"
[1] "Chunk time = 17.0390250682831"
[1] "Processing draws 5501 to 5600"
[1] "Chunk time = 16.8106336593628"
[1] "Processing draws 5601 to 5700"
[1] "Chunk time = 17.1906487941742"
[1] "Processing draws 5701 to 5800"
[1] "Chunk time = 16.8071672916412"
[1] "Processing draws 5801 to 5900"
[1] "Chunk time = 17.3211758136749"
[1] "Processing draws 5901 to 6000"
[1] "Chunk time = 16.840256690979"
[1] "Processing draws 6001 to 6100"
[1] "Chunk time = 17.2591013908386"
[1] "Processing draws 6101 to 6200"
[1] "Chunk time = 17.0763301849365"
[1] "Processing draws 6201 to 6300"
[1] "Chunk time = 16.8879158496857"
[1] "Processing draws 6301 to 6400"
[1] "Chunk time = 17.193897485733"
[1] "Processing draws 6401 to 6500"
[1] "Chunk time = 17.0017874240875"
[1] "Processing draws 6501 to 6600"
[1] "Chunk time = 17.0005705356598"
[1] "Processing draws 6601 to 6700"
[1] "Chunk time = 17.2939057350159"
[1] "Processing draws 6701 to 6800"
[1] "Chunk time = 16.9365825653076"
[1] "Processing draws 6801 to 6900"
[1] "Chunk time = 17.0814242362976"
[1] "Processing draws 6901 to 7000"
[1] "Chunk time = 16.8255262374878"
[1] "Processing draws 7001 to 7100"
[1] "Chunk time = 17.2067513465881"
[1] "Processing draws 7101 to 7200"
[1] "Chunk time = 17.0167119503021"
[1] "Processing draws 7201 to 7300"
[1] "Chunk time = 17.3291621208191"
[1] "Processing draws 7301 to 7400"
[1] "Chunk time = 17.1209697723389"
[1] "Processing draws 7401 to 7500"
[1] "Chunk time = 16.862640619278"
[1] "Processing draws 7501 to 7600"
[1] "Chunk time = 17.1262576580048"
[1] "Processing draws 7601 to 7700"
[1] "Chunk time = 16.9099595546722"
[1] "Processing draws 7701 to 7800"
[1] "Chunk time = 17.2423408031464"
[1] "Processing draws 7801 to 7900"
[1] "Chunk time = 17.1832275390625"
[1] "Processing draws 7901 to 8000"
[1] "Chunk time = 16.793892621994"
[1] "Processing draws 8001 to 8100"
[1] "Chunk time = 16.7821021080017"
[1] "Processing draws 8101 to 8200"
[1] "Chunk time = 16.6627299785614"
[1] "Processing draws 8201 to 8300"
[1] "Chunk time = 16.8403544425964"
[1] "Processing draws 8301 to 8400"
[1] "Chunk time = 16.8111670017242"
[1] "Processing draws 8401 to 8500"
[1] "Chunk time = 16.5607953071594"
[1] "Processing draws 8501 to 8600"
[1] "Chunk time = 16.7532827854156"
[1] "Processing draws 8601 to 8700"
[1] "Chunk time = 16.601781129837"
[1] "Processing draws 8701 to 8800"
[1] "Chunk time = 16.8682894706726"
[1] "Processing draws 8801 to 8900"
[1] "Chunk time = 17.0801775455475"
[1] "Processing draws 8901 to 9000"
[1] "Chunk time = 17.1737906932831"
[1] "Processing draws 9001 to 9100"
[1] "Chunk time = 17.2386634349823"
[1] "Processing draws 9101 to 9200"
[1] "Chunk time = 17.0237402915955"
[1] "Processing draws 9201 to 9300"
[1] "Chunk time = 17.2785079479218"
[1] "Processing draws 9301 to 9400"
[1] "Chunk time = 17.0889315605164"
[1] "Processing draws 9401 to 9500"
[1] "Chunk time = 17.2766652107239"
[1] "Processing draws 9501 to 9600"
[1] "Chunk time = 17.1966755390167"
[1] "Processing draws 9601 to 9700"
[1] "Chunk time = 17.3966600894928"
[1] "Processing draws 9701 to 9800"
[1] "Chunk time = 17.3841440677643"
[1] "Processing draws 9801 to 9900"
[1] "Chunk time = 16.9487764835358"
[1] "Processing draws 9901 to 10000"
[1] "Chunk time = 17.4505250453949"
[1] "Processing draws 10001 to 10100"
[1] "Chunk time = 17.0179808139801"
[1] "Processing draws 10101 to 10200"
[1] "Chunk time = 17.3810992240906"
[1] "Processing draws 10201 to 10300"
[1] "Chunk time = 17.268946647644"
[1] "Processing draws 10301 to 10400"
[1] "Chunk time = 17.396635055542"
[1] "Processing draws 10401 to 10500"
[1] "Chunk time = 17.1370675563812"
[1] "Processing draws 10501 to 10600"
[1] "Chunk time = 17.0363683700562"
[1] "Processing draws 10601 to 10700"
[1] "Chunk time = 17.2862598896027"
[1] "Processing draws 10701 to 10800"
[1] "Chunk time = 17.1440393924713"
[1] "Processing draws 10801 to 10900"
[1] "Chunk time = 17.3961713314056"
[1] "Processing draws 10901 to 11000"
[1] "Chunk time = 17.2786309719086"
[1] "Processing draws 11001 to 11100"
[1] "Chunk time = 17.7851326465607"
[1] "Processing draws 11101 to 11200"
[1] "Chunk time = 17.4328846931458"
[1] "Processing draws 11201 to 11300"
[1] "Chunk time = 17.2109048366547"
[1] "Processing draws 11301 to 11400"
[1] "Chunk time = 17.5774722099304"
[1] "Processing draws 11401 to 11500"
[1] "Chunk time = 17.0851078033447"
[1] "Processing draws 11501 to 11600"
[1] "Chunk time = 17.6471433639526"
[1] "Processing draws 11601 to 11700"
[1] "Chunk time = 17.3095893859863"
[1] "Processing draws 11701 to 11800"
[1] "Chunk time = 17.5859394073486"
[1] "Processing draws 11801 to 11900"
[1] "Chunk time = 17.4417552947998"
[1] "Processing draws 11901 to 12000"
[1] "Chunk time = 17.2636144161224"
[1] "Processing draws 12001 to 12100"
[1] "Chunk time = 17.3271477222443"
[1] "Processing draws 12101 to 12200"
[1] "Chunk time = 17.2507970333099"
[1] "Processing draws 12201 to 12300"
[1] "Chunk time = 17.5861914157867"
[1] "Processing draws 12301 to 12400"
[1] "Chunk time = 17.3538320064545"
[1] "Processing draws 12401 to 12500"
[1] "Chunk time = 17.8156020641327"
[1] "Processing draws 12501 to 12600"
[1] "Chunk time = 17.1005156040192"
[1] "Processing draws 12601 to 12700"
[1] "Chunk time = 16.8292782306671"
[1] "Processing draws 12701 to 12800"
[1] "Chunk time = 17.1897883415222"
[1] "Processing draws 12801 to 12900"
[1] "Chunk time = 16.8372867107391"
[1] "Processing draws 12901 to 13000"
[1] "Chunk time = 17.4025452136993"
[1] "Processing draws 13001 to 13100"
[1] "Chunk time = 16.9436564445496"
[1] "Processing draws 13101 to 13200"
[1] "Chunk time = 17.511971950531"
[1] "Processing draws 13201 to 13300"
[1] "Chunk time = 17.2444205284119"
[1] "Processing draws 13301 to 13400"
[1] "Chunk time = 16.9313576221466"
[1] "Processing draws 13401 to 13500"
[1] "Chunk time = 17.4923965930939"
[1] "Processing draws 13501 to 13600"
[1] "Chunk time = 17.0109825134277"
[1] "Processing draws 13601 to 13700"
[1] "Chunk time = 17.4982409477234"
[1] "Processing draws 13701 to 13800"
[1] "Chunk time = 17.1271877288818"
[1] "Processing draws 13801 to 13900"
[1] "Chunk time = 17.7096540927887"
[1] "Processing draws 13901 to 14000"
[1] "Chunk time = 17.2885601520538"
[1] "Processing draws 14001 to 14100"
[1] "Chunk time = 17.1480576992035"
[1] "Processing draws 14101 to 14200"
[1] "Chunk time = 17.4214239120483"
[1] "Processing draws 14201 to 14300"
[1] "Chunk time = 17.0859892368317"
[1] "Processing draws 14301 to 14400"
[1] "Chunk time = 17.5706729888916"
[1] "Processing draws 14401 to 14500"
[1] "Chunk time = 17.2554473876953"
[1] "Processing draws 14501 to 14600"
[1] "Chunk time = 17.6993892192841"
[1] "Processing draws 14601 to 14700"
[1] "Chunk time = 17.3970901966095"
[1] "Processing draws 14701 to 14800"
[1] "Chunk time = 17.0510613918304"
[1] "Processing draws 14801 to 14900"
[1] "Chunk time = 17.4316546916962"
[1] "Processing draws 14901 to 15000"
[1] "Chunk time = 17.175505399704"
[1] "Processing draws 15001 to 15100"
[1] "Chunk time = 17.6661641597748"
[1] "Processing draws 15101 to 15200"
[1] "Chunk time = 17.2743945121765"
[1] "Processing draws 15201 to 15300"
[1] "Chunk time = 17.6253883838654"
[1] "Processing draws 15301 to 15400"
[1] "Chunk time = 17.2977249622345"
[1] "Processing draws 15401 to 15500"
[1] "Chunk time = 17.1315290927887"
[1] "Processing draws 15501 to 15600"
[1] "Chunk time = 17.5953121185303"
[1] "Processing draws 15601 to 15700"
[1] "Chunk time = 17.235696554184"
[1] "Processing draws 15701 to 15800"
[1] "Chunk time = 17.4993467330933"
[1] "Processing draws 15801 to 15900"
[1] "Chunk time = 17.2613301277161"
[1] "Processing draws 15901 to 16000"
[1] "Chunk time = 17.5252256393433"
[1] "Processing draws 16001 to 16100"
[1] "Chunk time = 17.4861779212952"
[1] "Processing draws 16101 to 16200"
[1] "Chunk time = 17.1913645267487"
[1] "Processing draws 16201 to 16300"
[1] "Chunk time = 17.4582314491272"
[1] "Processing draws 16301 to 16400"
[1] "Chunk time = 17.0536715984344"
[1] "Processing draws 16401 to 16500"
[1] "Chunk time = 17.6967051029205"
[1] "Processing draws 16501 to 16600"
[1] "Chunk time = 17.3884415626526"
[1] "Processing draws 16601 to 16700"
[1] "Chunk time = 17.6403362751007"
[1] "Processing draws 16701 to 16800"
[1] "Chunk time = 17.4328474998474"
[1] "Processing draws 16801 to 16900"
[1] "Chunk time = 17.1699714660645"
[1] "Processing draws 16901 to 17000"
[1] "Chunk time = 17.3725626468658"
[1] "Processing draws 17001 to 17100"
[1] "Chunk time = 16.8981845378876"
[1] "Processing draws 17101 to 17200"
[1] "Chunk time = 17.3768470287323"
[1] "Processing draws 17201 to 17300"
[1] "Chunk time = 17.0424950122833"
[1] "Processing draws 17301 to 17400"
[1] "Chunk time = 17.3495767116547"
[1] "Processing draws 17401 to 17500"
[1] "Chunk time = 17.1233146190643"
[1] "Processing draws 17501 to 17600"
[1] "Chunk time = 16.8109705448151"
[1] "Processing draws 17601 to 17700"
[1] "Chunk time = 17.1583857536316"
[1] "Processing draws 17701 to 17800"
[1] "Chunk time = 17.0270874500275"
[1] "Processing draws 17801 to 17900"
[1] "Chunk time = 17.3545069694519"
[1] "Processing draws 17901 to 18000"
[1] "Chunk time = 17.1235892772675"
[1] "Processing draws 18001 to 18100"
[1] "Chunk time = 17.2991480827332"
[1] "Processing draws 18101 to 18200"
[1] "Chunk time = 17.2295498847961"
[1] "Processing draws 18201 to 18300"
[1] "Chunk time = 17.0720648765564"
[1] "Processing draws 18301 to 18400"
[1] "Chunk time = 17.2546744346619"
[1] "Processing draws 18401 to 18500"
[1] "Chunk time = 17.0123293399811"
[1] "Processing draws 18501 to 18600"
[1] "Chunk time = 17.3086779117584"
[1] "Processing draws 18601 to 18700"
[1] "Chunk time = 17.3983464241028"
[1] "Processing draws 18701 to 18800"
[1] "Chunk time = 17.4480631351471"
[1] "Processing draws 18801 to 18900"
[1] "Chunk time = 17.3719828128815"
[1] "Processing draws 18901 to 19000"
[1] "Chunk time = 16.9739520549774"
[1] "Processing draws 19001 to 19100"
[1] "Chunk time = 17.3359413146973"
[1] "Processing draws 19101 to 19200"
[1] "Chunk time = 17.0369908809662"
[1] "Processing draws 19201 to 19300"
[1] "Chunk time = 17.5210053920746"
[1] "Processing draws 19301 to 19400"
[1] "Chunk time = 17.2657339572906"
[1] "Processing draws 19401 to 19500"
[1] "Chunk time = 17.5500686168671"
[1] "Processing draws 19501 to 19600"
[1] "Chunk time = 17.3743894100189"
[1] "Processing draws 19601 to 19700"
[1] "Chunk time = 17.1785917282104"
[1] "Processing draws 19701 to 19800"
[1] "Chunk time = 17.3715679645538"
[1] "Processing draws 19801 to 19900"
[1] "Chunk time = 17.1437027454376"
[1] "Processing draws 19901 to 20000"
[1] "Chunk time = 17.4643595218658"
[1] "done lapplying"
[1] "Saving current params"
[1] "Saving params to output.rds"
[1] TRUE
