[1] "Starting sampling."
Running MCMC with 4 parallel chains, with 4 thread(s) per chain...

Chain 1 Iteration:    1 / 6000 [  0%]  (Warmup) 
Chain 3 Iteration:    1 / 6000 [  0%]  (Warmup) 
Chain 2 Iteration:    1 / 6000 [  0%]  (Warmup) 
Chain 4 Iteration:    1 / 6000 [  0%]  (Warmup) 
Chain 3 Iteration:  100 / 6000 [  1%]  (Warmup) 
Chain 4 Iteration:  100 / 6000 [  1%]  (Warmup) 
Chain 2 Iteration:  100 / 6000 [  1%]  (Warmup) 
Chain 1 Iteration:  100 / 6000 [  1%]  (Warmup) 
Chain 4 Iteration:  200 / 6000 [  3%]  (Warmup) 
Chain 3 Iteration:  200 / 6000 [  3%]  (Warmup) 
Chain 2 Iteration:  200 / 6000 [  3%]  (Warmup) 
Chain 1 Iteration:  200 / 6000 [  3%]  (Warmup) 
Chain 4 Iteration:  300 / 6000 [  5%]  (Warmup) 
Chain 3 Iteration:  300 / 6000 [  5%]  (Warmup) 
Chain 2 Iteration:  300 / 6000 [  5%]  (Warmup) 
Chain 1 Iteration:  300 / 6000 [  5%]  (Warmup) 
Chain 4 Iteration:  400 / 6000 [  6%]  (Warmup) 
Chain 3 Iteration:  400 / 6000 [  6%]  (Warmup) 
Chain 2 Iteration:  400 / 6000 [  6%]  (Warmup) 
Chain 1 Iteration:  400 / 6000 [  6%]  (Warmup) 
Chain 4 Iteration:  500 / 6000 [  8%]  (Warmup) 
Chain 3 Iteration:  500 / 6000 [  8%]  (Warmup) 
Chain 2 Iteration:  500 / 6000 [  8%]  (Warmup) 
Chain 1 Iteration:  500 / 6000 [  8%]  (Warmup) 
Chain 4 Iteration:  600 / 6000 [ 10%]  (Warmup) 
Chain 3 Iteration:  600 / 6000 [ 10%]  (Warmup) 
Chain 2 Iteration:  600 / 6000 [ 10%]  (Warmup) 
Chain 1 Iteration:  600 / 6000 [ 10%]  (Warmup) 
Chain 4 Iteration:  700 / 6000 [ 11%]  (Warmup) 
Chain 3 Iteration:  700 / 6000 [ 11%]  (Warmup) 
Chain 2 Iteration:  700 / 6000 [ 11%]  (Warmup) 
Chain 1 Iteration:  700 / 6000 [ 11%]  (Warmup) 
Chain 4 Iteration:  800 / 6000 [ 13%]  (Warmup) 
Chain 2 Iteration:  800 / 6000 [ 13%]  (Warmup) 
Chain 3 Iteration:  800 / 6000 [ 13%]  (Warmup) 
Chain 1 Iteration:  800 / 6000 [ 13%]  (Warmup) 
Chain 4 Iteration:  900 / 6000 [ 15%]  (Warmup) 
Chain 2 Iteration:  900 / 6000 [ 15%]  (Warmup) 
Chain 3 Iteration:  900 / 6000 [ 15%]  (Warmup) 
Chain 1 Iteration:  900 / 6000 [ 15%]  (Warmup) 
Chain 2 Iteration: 1000 / 6000 [ 16%]  (Warmup) 
Chain 2 Iteration: 1001 / 6000 [ 16%]  (Sampling) 
Chain 4 Iteration: 1000 / 6000 [ 16%]  (Warmup) 
Chain 4 Iteration: 1001 / 6000 [ 16%]  (Sampling) 
Chain 3 Iteration: 1000 / 6000 [ 16%]  (Warmup) 
Chain 3 Iteration: 1001 / 6000 [ 16%]  (Sampling) 
Chain 1 Iteration: 1000 / 6000 [ 16%]  (Warmup) 
Chain 1 Iteration: 1001 / 6000 [ 16%]  (Sampling) 
Chain 4 Iteration: 1100 / 6000 [ 18%]  (Sampling) 
Chain 2 Iteration: 1100 / 6000 [ 18%]  (Sampling) 
Chain 3 Iteration: 1100 / 6000 [ 18%]  (Sampling) 
Chain 1 Iteration: 1100 / 6000 [ 18%]  (Sampling) 
Chain 4 Iteration: 1200 / 6000 [ 20%]  (Sampling) 
Chain 2 Iteration: 1200 / 6000 [ 20%]  (Sampling) 
Chain 3 Iteration: 1200 / 6000 [ 20%]  (Sampling) 
Chain 1 Iteration: 1200 / 6000 [ 20%]  (Sampling) 
Chain 4 Iteration: 1300 / 6000 [ 21%]  (Sampling) 
Chain 2 Iteration: 1300 / 6000 [ 21%]  (Sampling) 
Chain 3 Iteration: 1300 / 6000 [ 21%]  (Sampling) 
Chain 1 Iteration: 1300 / 6000 [ 21%]  (Sampling) 
Chain 4 Iteration: 1400 / 6000 [ 23%]  (Sampling) 
Chain 2 Iteration: 1400 / 6000 [ 23%]  (Sampling) 
Chain 3 Iteration: 1400 / 6000 [ 23%]  (Sampling) 
Chain 1 Iteration: 1400 / 6000 [ 23%]  (Sampling) 
Chain 4 Iteration: 1500 / 6000 [ 25%]  (Sampling) 
Chain 2 Iteration: 1500 / 6000 [ 25%]  (Sampling) 
Chain 3 Iteration: 1500 / 6000 [ 25%]  (Sampling) 
Chain 1 Iteration: 1500 / 6000 [ 25%]  (Sampling) 
Chain 4 Iteration: 1600 / 6000 [ 26%]  (Sampling) 
Chain 2 Iteration: 1600 / 6000 [ 26%]  (Sampling) 
Chain 3 Iteration: 1600 / 6000 [ 26%]  (Sampling) 
Chain 1 Iteration: 1600 / 6000 [ 26%]  (Sampling) 
Chain 4 Iteration: 1700 / 6000 [ 28%]  (Sampling) 
Chain 3 Iteration: 1700 / 6000 [ 28%]  (Sampling) 
Chain 2 Iteration: 1700 / 6000 [ 28%]  (Sampling) 
Chain 1 Iteration: 1700 / 6000 [ 28%]  (Sampling) 
Chain 4 Iteration: 1800 / 6000 [ 30%]  (Sampling) 
Chain 3 Iteration: 1800 / 6000 [ 30%]  (Sampling) 
Chain 2 Iteration: 1800 / 6000 [ 30%]  (Sampling) 
Chain 1 Iteration: 1800 / 6000 [ 30%]  (Sampling) 
Chain 4 Iteration: 1900 / 6000 [ 31%]  (Sampling) 
Chain 3 Iteration: 1900 / 6000 [ 31%]  (Sampling) 
Chain 2 Iteration: 1900 / 6000 [ 31%]  (Sampling) 
Chain 1 Iteration: 1900 / 6000 [ 31%]  (Sampling) 
Chain 3 Iteration: 2000 / 6000 [ 33%]  (Sampling) 
Chain 4 Iteration: 2000 / 6000 [ 33%]  (Sampling) 
Chain 2 Iteration: 2000 / 6000 [ 33%]  (Sampling) 
Chain 1 Iteration: 2000 / 6000 [ 33%]  (Sampling) 
Chain 3 Iteration: 2100 / 6000 [ 35%]  (Sampling) 
Chain 4 Iteration: 2100 / 6000 [ 35%]  (Sampling) 
Chain 2 Iteration: 2100 / 6000 [ 35%]  (Sampling) 
Chain 1 Iteration: 2100 / 6000 [ 35%]  (Sampling) 
Chain 4 Iteration: 2200 / 6000 [ 36%]  (Sampling) 
Chain 3 Iteration: 2200 / 6000 [ 36%]  (Sampling) 
Chain 2 Iteration: 2200 / 6000 [ 36%]  (Sampling) 
Chain 1 Iteration: 2200 / 6000 [ 36%]  (Sampling) 
Chain 4 Iteration: 2300 / 6000 [ 38%]  (Sampling) 
Chain 3 Iteration: 2300 / 6000 [ 38%]  (Sampling) 
Chain 2 Iteration: 2300 / 6000 [ 38%]  (Sampling) 
Chain 3 Iteration: 2400 / 6000 [ 40%]  (Sampling) 
Chain 1 Iteration: 2300 / 6000 [ 38%]  (Sampling) 
Chain 4 Iteration: 2400 / 6000 [ 40%]  (Sampling) 
Chain 2 Iteration: 2400 / 6000 [ 40%]  (Sampling) 
Chain 3 Iteration: 2500 / 6000 [ 41%]  (Sampling) 
Chain 1 Iteration: 2400 / 6000 [ 40%]  (Sampling) 
Chain 4 Iteration: 2500 / 6000 [ 41%]  (Sampling) 
Chain 2 Iteration: 2500 / 6000 [ 41%]  (Sampling) 
Chain 3 Iteration: 2600 / 6000 [ 43%]  (Sampling) 
Chain 1 Iteration: 2500 / 6000 [ 41%]  (Sampling) 
Chain 4 Iteration: 2600 / 6000 [ 43%]  (Sampling) 
Chain 2 Iteration: 2600 / 6000 [ 43%]  (Sampling) 
Chain 3 Iteration: 2700 / 6000 [ 45%]  (Sampling) 
Chain 1 Iteration: 2600 / 6000 [ 43%]  (Sampling) 
Chain 4 Iteration: 2700 / 6000 [ 45%]  (Sampling) 
Chain 2 Iteration: 2700 / 6000 [ 45%]  (Sampling) 
Chain 3 Iteration: 2800 / 6000 [ 46%]  (Sampling) 
Chain 1 Iteration: 2700 / 6000 [ 45%]  (Sampling) 
Chain 4 Iteration: 2800 / 6000 [ 46%]  (Sampling) 
Chain 2 Iteration: 2800 / 6000 [ 46%]  (Sampling) 
Chain 3 Iteration: 2900 / 6000 [ 48%]  (Sampling) 
Chain 1 Iteration: 2800 / 6000 [ 46%]  (Sampling) 
Chain 4 Iteration: 2900 / 6000 [ 48%]  (Sampling) 
Chain 2 Iteration: 2900 / 6000 [ 48%]  (Sampling) 
Chain 3 Iteration: 3000 / 6000 [ 50%]  (Sampling) 
Chain 1 Iteration: 2900 / 6000 [ 48%]  (Sampling) 
Chain 4 Iteration: 3000 / 6000 [ 50%]  (Sampling) 
Chain 2 Iteration: 3000 / 6000 [ 50%]  (Sampling) 
Chain 3 Iteration: 3100 / 6000 [ 51%]  (Sampling) 
Chain 1 Iteration: 3000 / 6000 [ 50%]  (Sampling) 
Chain 4 Iteration: 3100 / 6000 [ 51%]  (Sampling) 
Chain 2 Iteration: 3100 / 6000 [ 51%]  (Sampling) 
Chain 3 Iteration: 3200 / 6000 [ 53%]  (Sampling) 
Chain 1 Iteration: 3100 / 6000 [ 51%]  (Sampling) 
Chain 4 Iteration: 3200 / 6000 [ 53%]  (Sampling) 
Chain 2 Iteration: 3200 / 6000 [ 53%]  (Sampling) 
Chain 1 Iteration: 3200 / 6000 [ 53%]  (Sampling) 
Chain 3 Iteration: 3300 / 6000 [ 55%]  (Sampling) 
Chain 4 Iteration: 3300 / 6000 [ 55%]  (Sampling) 
Chain 2 Iteration: 3300 / 6000 [ 55%]  (Sampling) 
Chain 1 Iteration: 3300 / 6000 [ 55%]  (Sampling) 
Chain 3 Iteration: 3400 / 6000 [ 56%]  (Sampling) 
Chain 4 Iteration: 3400 / 6000 [ 56%]  (Sampling) 
Chain 2 Iteration: 3400 / 6000 [ 56%]  (Sampling) 
Chain 1 Iteration: 3400 / 6000 [ 56%]  (Sampling) 
Chain 3 Iteration: 3500 / 6000 [ 58%]  (Sampling) 
Chain 4 Iteration: 3500 / 6000 [ 58%]  (Sampling) 
Chain 2 Iteration: 3500 / 6000 [ 58%]  (Sampling) 
Chain 1 Iteration: 3500 / 6000 [ 58%]  (Sampling) 
Chain 3 Iteration: 3600 / 6000 [ 60%]  (Sampling) 
Chain 4 Iteration: 3600 / 6000 [ 60%]  (Sampling) 
Chain 2 Iteration: 3600 / 6000 [ 60%]  (Sampling) 
Chain 1 Iteration: 3600 / 6000 [ 60%]  (Sampling) 
Chain 3 Iteration: 3700 / 6000 [ 61%]  (Sampling) 
Chain 4 Iteration: 3700 / 6000 [ 61%]  (Sampling) 
Chain 2 Iteration: 3700 / 6000 [ 61%]  (Sampling) 
Chain 1 Iteration: 3700 / 6000 [ 61%]  (Sampling) 
Chain 3 Iteration: 3800 / 6000 [ 63%]  (Sampling) 
Chain 4 Iteration: 3800 / 6000 [ 63%]  (Sampling) 
Chain 1 Iteration: 3800 / 6000 [ 63%]  (Sampling) 
Chain 2 Iteration: 3800 / 6000 [ 63%]  (Sampling) 
Chain 3 Iteration: 3900 / 6000 [ 65%]  (Sampling) 
Chain 4 Iteration: 3900 / 6000 [ 65%]  (Sampling) 
Chain 1 Iteration: 3900 / 6000 [ 65%]  (Sampling) 
Chain 2 Iteration: 3900 / 6000 [ 65%]  (Sampling) 
Chain 3 Iteration: 4000 / 6000 [ 66%]  (Sampling) 
Chain 4 Iteration: 4000 / 6000 [ 66%]  (Sampling) 
Chain 1 Iteration: 4000 / 6000 [ 66%]  (Sampling) 
Chain 2 Iteration: 4000 / 6000 [ 66%]  (Sampling) 
Chain 3 Iteration: 4100 / 6000 [ 68%]  (Sampling) 
Chain 4 Iteration: 4100 / 6000 [ 68%]  (Sampling) 
Chain 1 Iteration: 4100 / 6000 [ 68%]  (Sampling) 
Chain 2 Iteration: 4100 / 6000 [ 68%]  (Sampling) 
Chain 3 Iteration: 4200 / 6000 [ 70%]  (Sampling) 
Chain 1 Iteration: 4200 / 6000 [ 70%]  (Sampling) 
Chain 4 Iteration: 4200 / 6000 [ 70%]  (Sampling) 
Chain 2 Iteration: 4200 / 6000 [ 70%]  (Sampling) 
Chain 3 Iteration: 4300 / 6000 [ 71%]  (Sampling) 
Chain 1 Iteration: 4300 / 6000 [ 71%]  (Sampling) 
Chain 4 Iteration: 4300 / 6000 [ 71%]  (Sampling) 
Chain 2 Iteration: 4300 / 6000 [ 71%]  (Sampling) 
Chain 3 Iteration: 4400 / 6000 [ 73%]  (Sampling) 
Chain 1 Iteration: 4400 / 6000 [ 73%]  (Sampling) 
Chain 4 Iteration: 4400 / 6000 [ 73%]  (Sampling) 
Chain 2 Iteration: 4400 / 6000 [ 73%]  (Sampling) 
Chain 3 Iteration: 4500 / 6000 [ 75%]  (Sampling) 
Chain 1 Iteration: 4500 / 6000 [ 75%]  (Sampling) 
Chain 4 Iteration: 4500 / 6000 [ 75%]  (Sampling) 
Chain 2 Iteration: 4500 / 6000 [ 75%]  (Sampling) 
Chain 3 Iteration: 4600 / 6000 [ 76%]  (Sampling) 
Chain 1 Iteration: 4600 / 6000 [ 76%]  (Sampling) 
Chain 4 Iteration: 4600 / 6000 [ 76%]  (Sampling) 
Chain 2 Iteration: 4600 / 6000 [ 76%]  (Sampling) 
Chain 1 Iteration: 4700 / 6000 [ 78%]  (Sampling) 
Chain 3 Iteration: 4700 / 6000 [ 78%]  (Sampling) 
Chain 4 Iteration: 4700 / 6000 [ 78%]  (Sampling) 
Chain 2 Iteration: 4700 / 6000 [ 78%]  (Sampling) 
Chain 1 Iteration: 4800 / 6000 [ 80%]  (Sampling) 
Chain 3 Iteration: 4800 / 6000 [ 80%]  (Sampling) 
Chain 4 Iteration: 4800 / 6000 [ 80%]  (Sampling) 
Chain 2 Iteration: 4800 / 6000 [ 80%]  (Sampling) 
Chain 1 Iteration: 4900 / 6000 [ 81%]  (Sampling) 
Chain 3 Iteration: 4900 / 6000 [ 81%]  (Sampling) 
Chain 4 Iteration: 4900 / 6000 [ 81%]  (Sampling) 
Chain 2 Iteration: 4900 / 6000 [ 81%]  (Sampling) 
Chain 1 Iteration: 5000 / 6000 [ 83%]  (Sampling) 
Chain 3 Iteration: 5000 / 6000 [ 83%]  (Sampling) 
Chain 4 Iteration: 5000 / 6000 [ 83%]  (Sampling) 
Chain 2 Iteration: 5000 / 6000 [ 83%]  (Sampling) 
Chain 1 Iteration: 5100 / 6000 [ 85%]  (Sampling) 
Chain 3 Iteration: 5100 / 6000 [ 85%]  (Sampling) 
Chain 4 Iteration: 5100 / 6000 [ 85%]  (Sampling) 
Chain 2 Iteration: 5100 / 6000 [ 85%]  (Sampling) 
Chain 1 Iteration: 5200 / 6000 [ 86%]  (Sampling) 
Chain 3 Iteration: 5200 / 6000 [ 86%]  (Sampling) 
Chain 4 Iteration: 5200 / 6000 [ 86%]  (Sampling) 
Chain 1 Iteration: 5300 / 6000 [ 88%]  (Sampling) 
Chain 2 Iteration: 5200 / 6000 [ 86%]  (Sampling) 
Chain 3 Iteration: 5300 / 6000 [ 88%]  (Sampling) 
Chain 4 Iteration: 5300 / 6000 [ 88%]  (Sampling) 
Chain 1 Iteration: 5400 / 6000 [ 90%]  (Sampling) 
Chain 2 Iteration: 5300 / 6000 [ 88%]  (Sampling) 
Chain 3 Iteration: 5400 / 6000 [ 90%]  (Sampling) 
Chain 4 Iteration: 5400 / 6000 [ 90%]  (Sampling) 
Chain 1 Iteration: 5500 / 6000 [ 91%]  (Sampling) 
Chain 2 Iteration: 5400 / 6000 [ 90%]  (Sampling) 
Chain 3 Iteration: 5500 / 6000 [ 91%]  (Sampling) 
Chain 4 Iteration: 5500 / 6000 [ 91%]  (Sampling) 
Chain 1 Iteration: 5600 / 6000 [ 93%]  (Sampling) 
Chain 2 Iteration: 5500 / 6000 [ 91%]  (Sampling) 
Chain 3 Iteration: 5600 / 6000 [ 93%]  (Sampling) 
Chain 4 Iteration: 5600 / 6000 [ 93%]  (Sampling) 
Chain 1 Iteration: 5700 / 6000 [ 95%]  (Sampling) 
Chain 2 Iteration: 5600 / 6000 [ 93%]  (Sampling) 
Chain 3 Iteration: 5700 / 6000 [ 95%]  (Sampling) 
Chain 4 Iteration: 5700 / 6000 [ 95%]  (Sampling) 
Chain 1 Iteration: 5800 / 6000 [ 96%]  (Sampling) 
Chain 2 Iteration: 5700 / 6000 [ 95%]  (Sampling) 
Chain 3 Iteration: 5800 / 6000 [ 96%]  (Sampling) 
Chain 4 Iteration: 5800 / 6000 [ 96%]  (Sampling) 
Chain 1 Iteration: 5900 / 6000 [ 98%]  (Sampling) 
Chain 2 Iteration: 5800 / 6000 [ 96%]  (Sampling) 
Chain 3 Iteration: 5900 / 6000 [ 98%]  (Sampling) 
Chain 4 Iteration: 5900 / 6000 [ 98%]  (Sampling) 
Chain 1 Iteration: 6000 / 6000 [100%]  (Sampling) 
Chain 1 finished in 18098.2 seconds.
Chain 2 Iteration: 5900 / 6000 [ 98%]  (Sampling) 
Chain 3 Iteration: 6000 / 6000 [100%]  (Sampling) 
Chain 3 finished in 18279.3 seconds.
Chain 4 Iteration: 6000 / 6000 [100%]  (Sampling) 
Chain 4 finished in 18307.0 seconds.
Chain 2 Iteration: 6000 / 6000 [100%]  (Sampling) 
Chain 2 finished in 18417.3 seconds.

All 4 chains finished successfully.
Mean chain execution time: 18275.4 seconds.
Total execution time: 18418.1 seconds.

[1] "Processing draws 1 to 100"
[1] "Chunk time = 3.23465759356817"
[1] "Processing draws 101 to 200"
[1] "Chunk time = 2.33180374701818"
[1] "Processing draws 201 to 300"
[1] "Chunk time = 2.44867608944575"
[1] "Processing draws 301 to 400"
[1] "Chunk time = 2.08399444421132"
[1] "Processing draws 401 to 500"
[1] "Chunk time = 2.00762528975805"
[1] "Processing draws 501 to 600"
[1] "Chunk time = 2.01002838611603"
[1] "Processing draws 601 to 700"
[1] "Chunk time = 2.02972087065379"
[1] "Processing draws 701 to 800"
[1] "Chunk time = 2.14837260246277"
[1] "Processing draws 801 to 900"
[1] "Chunk time = 1.97867180903753"
[1] "Processing draws 901 to 1000"
[1] "Chunk time = 2.12389097213745"
[1] "Processing draws 1001 to 1100"
[1] "Chunk time = 2.00504678090413"
[1] "Processing draws 1101 to 1200"
[1] "Chunk time = 1.99528324604034"
[1] "Processing draws 1201 to 1300"
[1] "Chunk time = 2.15902288754781"
[1] "Processing draws 1301 to 1400"
[1] "Chunk time = 1.98669627110163"
[1] "Processing draws 1401 to 1500"
[1] "Chunk time = 1.99002039432526"
[1] "Processing draws 1501 to 1600"
[1] "Chunk time = 2.13342672983805"
[1] "Processing draws 1601 to 1700"
[1] "Chunk time = 1.96426241000493"
[1] "Processing draws 1701 to 1800"
[1] "Chunk time = 1.95376591682434"
[1] "Processing draws 1801 to 1900"
[1] "Chunk time = 2.171664194266"
[1] "Processing draws 1901 to 2000"
[1] "Chunk time = 1.973721575737"
[1] "Processing draws 2001 to 2100"
[1] "Chunk time = 1.97724479834239"
[1] "Processing draws 2101 to 2200"
[1] "Chunk time = 2.14173209269841"
[1] "Processing draws 2201 to 2300"
[1] "Chunk time = 1.9756006081899"
[1] "Processing draws 2301 to 2400"
[1] "Chunk time = 1.97537794113159"
[1] "Processing draws 2401 to 2500"
[1] "Chunk time = 2.12198459704717"
[1] "Processing draws 2501 to 2600"
[1] "Chunk time = 1.91257940530777"
[1] "Processing draws 2601 to 2700"
[1] "Chunk time = 1.88464496533076"
[1] "Processing draws 2701 to 2800"
[1] "Chunk time = 2.09677683909734"
[1] "Processing draws 2801 to 2900"
[1] "Chunk time = 1.95371266206106"
[1] "Processing draws 2901 to 3000"
[1] "Chunk time = 1.87331125338872"
[1] "Processing draws 3001 to 3100"
[1] "Chunk time = 2.09230941534042"
[1] "Processing draws 3101 to 3200"
[1] "Chunk time = 1.9621630748113"
[1] "Processing draws 3201 to 3300"
[1] "Chunk time = 1.87108250459035"
[1] "Processing draws 3301 to 3400"
[1] "Chunk time = 2.11467061837514"
[1] "Processing draws 3401 to 3500"
[1] "Chunk time = 1.92895656824112"
[1] "Processing draws 3501 to 3600"
[1] "Chunk time = 1.8874353369077"
[1] "Processing draws 3601 to 3700"
[1] "Chunk time = 2.16276191870372"
[1] "Processing draws 3701 to 3800"
[1] "Chunk time = 1.94120078484217"
[1] "Processing draws 3801 to 3900"
[1] "Chunk time = 1.93920230865479"
[1] "Processing draws 3901 to 4000"
[1] "Chunk time = 2.10626485745112"
[1] "Processing draws 4001 to 4100"
[1] "Chunk time = 2.00103928645452"
[1] "Processing draws 4101 to 4200"
[1] "Chunk time = 1.9216690937678"
[1] "Processing draws 4201 to 4300"
[1] "Chunk time = 2.12397151788076"
[1] "Processing draws 4301 to 4400"
[1] "Chunk time = 1.97499262491862"
[1] "Processing draws 4401 to 4500"
[1] "Chunk time = 1.91884918610255"
[1] "Processing draws 4501 to 4600"
[1] "Chunk time = 2.14522563616435"
[1] "Processing draws 4601 to 4700"
[1] "Chunk time = 1.97652116219203"
[1] "Processing draws 4701 to 4800"
[1] "Chunk time = 1.92509605884552"
[1] "Processing draws 4801 to 4900"
[1] "Chunk time = 2.10440370639165"
[1] "Processing draws 4901 to 5000"
[1] "Chunk time = 1.96083099842072"
[1] "Processing draws 5001 to 5100"
[1] "Chunk time = 1.93787210782369"
[1] "Processing draws 5101 to 5200"
[1] "Chunk time = 2.1170333425204"
[1] "Processing draws 5201 to 5300"
[1] "Chunk time = 1.97634894450506"
[1] "Processing draws 5301 to 5400"
[1] "Chunk time = 1.97985024054845"
[1] "Processing draws 5401 to 5500"
[1] "Chunk time = 2.1114256978035"
[1] "Processing draws 5501 to 5600"
[1] "Chunk time = 2.02465393940608"
[1] "Processing draws 5601 to 5700"
[1] "Chunk time = 1.97004644473394"
[1] "Processing draws 5701 to 5800"
[1] "Chunk time = 2.10701834360758"
[1] "Processing draws 5801 to 5900"
[1] "Chunk time = 2.02778721650441"
[1] "Processing draws 5901 to 6000"
[1] "Chunk time = 1.92888427575429"
[1] "Processing draws 6001 to 6100"
[1] "Chunk time = 2.12599305311839"
[1] "Processing draws 6101 to 6200"
[1] "Chunk time = 1.98063215017319"
[1] "Processing draws 6201 to 6300"
[1] "Chunk time = 1.94346428712209"
[1] "Processing draws 6301 to 6400"
[1] "Chunk time = 2.12670335769653"
[1] "Processing draws 6401 to 6500"
[1] "Chunk time = 1.96535580555598"
[1] "Processing draws 6501 to 6600"
[1] "Chunk time = 1.93390967051188"
[1] "Processing draws 6601 to 6700"
[1] "Chunk time = 2.09851169586182"
[1] "Processing draws 6701 to 6800"
[1] "Chunk time = 1.93871570030848"
[1] "Processing draws 6801 to 6900"
[1] "Chunk time = 1.9166458884875"
[1] "Processing draws 6901 to 7000"
[1] "Chunk time = 2.09160857995351"
[1] "Processing draws 7001 to 7100"
[1] "Chunk time = 1.94228010177612"
[1] "Processing draws 7101 to 7200"
[1] "Chunk time = 1.91970889568329"
[1] "Processing draws 7201 to 7300"
[1] "Chunk time = 2.10472434361776"
[1] "Processing draws 7301 to 7400"
[1] "Chunk time = 1.96572518348694"
[1] "Processing draws 7401 to 7500"
[1] "Chunk time = 1.9470182855924"
[1] "Processing draws 7501 to 7600"
[1] "Chunk time = 2.09644821484884"
[1] "Processing draws 7601 to 7700"
[1] "Chunk time = 1.94651518662771"
[1] "Processing draws 7701 to 7800"
[1] "Chunk time = 1.88575910329819"
[1] "Processing draws 7801 to 7900"
[1] "Chunk time = 2.05202055374781"
[1] "Processing draws 7901 to 8000"
[1] "Chunk time = 1.92421596447627"
[1] "Processing draws 8001 to 8100"
[1] "Chunk time = 1.93824545145035"
[1] "Processing draws 8101 to 8200"
[1] "Chunk time = 2.04113173087438"
[1] "Processing draws 8201 to 8300"
[1] "Chunk time = 1.97052040100098"
[1] "Processing draws 8301 to 8400"
[1] "Chunk time = 1.97551816701889"
[1] "Processing draws 8401 to 8500"
[1] "Chunk time = 2.16689510742823"
[1] "Processing draws 8501 to 8600"
[1] "Chunk time = 1.96438652276993"
[1] "Processing draws 8601 to 8700"
[1] "Chunk time = 1.93898010253906"
[1] "Processing draws 8701 to 8800"
[1] "Chunk time = 2.06216003497442"
[1] "Processing draws 8801 to 8900"
[1] "Chunk time = 1.93248797655106"
[1] "Processing draws 8901 to 9000"
[1] "Chunk time = 1.96258996327718"
[1] "Processing draws 9001 to 9100"
[1] "Chunk time = 2.03672746817271"
[1] "Processing draws 9101 to 9200"
[1] "Chunk time = 1.93995560805003"
[1] "Processing draws 9201 to 9300"
[1] "Chunk time = 1.93268014589945"
[1] "Processing draws 9301 to 9400"
[1] "Chunk time = 2.01858750184377"
[1] "Processing draws 9401 to 9500"
[1] "Chunk time = 1.94784407615662"
[1] "Processing draws 9501 to 9600"
[1] "Chunk time = 1.94466654459635"
[1] "Processing draws 9601 to 9700"
[1] "Chunk time = 2.0199765364329"
[1] "Processing draws 9701 to 9800"
[1] "Chunk time = 1.97541740735372"
[1] "Processing draws 9801 to 9900"
[1] "Chunk time = 1.9434802532196"
[1] "Processing draws 9901 to 10000"
[1] "Chunk time = 2.06586459477743"
[1] "Processing draws 10001 to 10100"
[1] "Chunk time = 1.96824135780334"
[1] "Processing draws 10101 to 10200"
[1] "Chunk time = 1.91714420318604"
[1] "Processing draws 10201 to 10300"
[1] "Chunk time = 2.09149101177851"
[1] "Processing draws 10301 to 10400"
[1] "Chunk time = 1.97156013647715"
[1] "Processing draws 10401 to 10500"
[1] "Chunk time = 1.93377571900686"
[1] "Processing draws 10501 to 10600"
[1] "Chunk time = 2.03753982385"
[1] "Processing draws 10601 to 10700"
[1] "Chunk time = 1.94491649866104"
[1] "Processing draws 10701 to 10800"
[1] "Chunk time = 1.93707799911499"
[1] "Processing draws 10801 to 10900"
[1] "Chunk time = 1.98279846509298"
[1] "Processing draws 10901 to 11000"
[1] "Chunk time = 1.92763410806656"
[1] "Processing draws 11001 to 11100"
[1] "Chunk time = 1.9478955745697"
[1] "Processing draws 11101 to 11200"
[1] "Chunk time = 2.02313033342361"
[1] "Processing draws 11201 to 11300"
[1] "Chunk time = 1.94958897829056"
[1] "Processing draws 11301 to 11400"
[1] "Chunk time = 1.925625928243"
[1] "Processing draws 11401 to 11500"
[1] "Chunk time = 2.02084624369939"
[1] "Processing draws 11501 to 11600"
[1] "Chunk time = 1.94783453543981"
[1] "Processing draws 11601 to 11700"
[1] "Chunk time = 1.94256432056427"
[1] "Processing draws 11701 to 11800"
[1] "Chunk time = 2.02196838458379"
[1] "Processing draws 11801 to 11900"
[1] "Chunk time = 1.99079509576162"
[1] "Processing draws 11901 to 12000"
[1] "Chunk time = 1.97787117560705"
[1] "Processing draws 12001 to 12100"
[1] "Chunk time = 2.15952739715576"
[1] "Processing draws 12101 to 12200"
[1] "Chunk time = 1.99391508499781"
[1] "Processing draws 12201 to 12300"
[1] "Chunk time = 1.97641727129618"
[1] "Processing draws 12301 to 12400"
[1] "Chunk time = 2.20582832892736"
[1] "Processing draws 12401 to 12500"
[1] "Chunk time = 2.02761958042781"
[1] "Processing draws 12501 to 12600"
[1] "Chunk time = 1.9622384707133"
[1] "Processing draws 12601 to 12700"
[1] "Chunk time = 2.14460603793462"
[1] "Processing draws 12701 to 12800"
[1] "Chunk time = 2.06383182207743"
[1] "Processing draws 12801 to 12900"
[1] "Chunk time = 1.95928638776143"
[1] "Processing draws 12901 to 13000"
[1] "Chunk time = 2.16213001807531"
[1] "Processing draws 13001 to 13100"
[1] "Chunk time = 1.96183704137802"
[1] "Processing draws 13101 to 13200"
[1] "Chunk time = 1.96330161889394"
[1] "Processing draws 13201 to 13300"
[1] "Chunk time = 2.06518319447835"
[1] "Processing draws 13301 to 13400"
[1] "Chunk time = 1.99592762788137"
[1] "Processing draws 13401 to 13500"
[1] "Chunk time = 1.97834640343984"
[1] "Processing draws 13501 to 13600"
[1] "Chunk time = 2.09635299444199"
[1] "Processing draws 13601 to 13700"
[1] "Chunk time = 1.99495989878972"
[1] "Processing draws 13701 to 13800"
[1] "Chunk time = 1.94607299168905"
[1] "Processing draws 13801 to 13900"
[1] "Chunk time = 2.16092549959819"
[1] "Processing draws 13901 to 14000"
[1] "Chunk time = 2.02123425006866"
[1] "Processing draws 14001 to 14100"
[1] "Chunk time = 1.98918918768565"
[1] "Processing draws 14101 to 14200"
[1] "Chunk time = 2.16655041774114"
[1] "Processing draws 14201 to 14300"
[1] "Chunk time = 1.99126608371735"
[1] "Processing draws 14301 to 14400"
[1] "Chunk time = 1.94426818291346"
[1] "Processing draws 14401 to 14500"
[1] "Chunk time = 2.13548367818197"
[1] "Processing draws 14501 to 14600"
[1] "Chunk time = 1.99949943621953"
[1] "Processing draws 14601 to 14700"
[1] "Chunk time = 1.94539317687353"
[1] "Processing draws 14701 to 14800"
[1] "Chunk time = 2.15210998455683"
[1] "Processing draws 14801 to 14900"
[1] "Chunk time = 1.98770150343577"
[1] "Processing draws 14901 to 15000"
[1] "Chunk time = 1.93912421067556"
[1] "Processing draws 15001 to 15100"
[1] "Chunk time = 2.1639236330986"
[1] "Processing draws 15101 to 15200"
[1] "Chunk time = 2.04816540082296"
[1] "Processing draws 15201 to 15300"
[1] "Chunk time = 2.00259946584702"
[1] "Processing draws 15301 to 15400"
[1] "Chunk time = 2.14986993074417"
[1] "Processing draws 15401 to 15500"
[1] "Chunk time = 2.01610858837763"
[1] "Processing draws 15501 to 15600"
[1] "Chunk time = 1.95227618614833"
[1] "Processing draws 15601 to 15700"
[1] "Chunk time = 2.1891917626063"
[1] "Processing draws 15701 to 15800"
[1] "Chunk time = 2.00969834327698"
[1] "Processing draws 15801 to 15900"
[1] "Chunk time = 1.98220020135244"
[1] "Processing draws 15901 to 16000"
[1] "Chunk time = 2.14084777434667"
[1] "Processing draws 16001 to 16100"
[1] "Chunk time = 2.02195450862249"
[1] "Processing draws 16101 to 16200"
[1] "Chunk time = 1.98630842367808"
[1] "Processing draws 16201 to 16300"
[1] "Chunk time = 2.12708687782288"
[1] "Processing draws 16301 to 16400"
[1] "Chunk time = 2.00050639708837"
[1] "Processing draws 16401 to 16500"
[1] "Chunk time = 1.9718531648318"
[1] "Processing draws 16501 to 16600"
[1] "Chunk time = 2.13639655510585"
[1] "Processing draws 16601 to 16700"
[1] "Chunk time = 1.981984603405"
[1] "Processing draws 16701 to 16800"
[1] "Chunk time = 1.97042826016744"
[1] "Processing draws 16801 to 16900"
[1] "Chunk time = 2.18175152937571"
[1] "Processing draws 16901 to 17000"
[1] "Chunk time = 2.00545531908671"
[1] "Processing draws 17001 to 17100"
[1] "Chunk time = 1.94298279682795"
[1] "Processing draws 17101 to 17200"
[1] "Chunk time = 2.15891292889913"
[1] "Processing draws 17201 to 17300"
[1] "Chunk time = 1.98348141908646"
[1] "Processing draws 17301 to 17400"
[1] "Chunk time = 1.94803411563238"
[1] "Processing draws 17401 to 17500"
[1] "Chunk time = 2.14570090770721"
[1] "Processing draws 17501 to 17600"
[1] "Chunk time = 2.02028390566508"
[1] "Processing draws 17601 to 17700"
[1] "Chunk time = 1.96625294287999"
[1] "Processing draws 17701 to 17800"
[1] "Chunk time = 2.12628290255864"
[1] "Processing draws 17801 to 17900"
[1] "Chunk time = 2.00429184436798"
[1] "Processing draws 17901 to 18000"
[1] "Chunk time = 1.96024965445201"
[1] "Processing draws 18001 to 18100"
[1] "Chunk time = 2.16683044036229"
[1] "Processing draws 18101 to 18200"
[1] "Chunk time = 1.97418090502421"
[1] "Processing draws 18201 to 18300"
[1] "Chunk time = 1.91586803992589"
[1] "Processing draws 18301 to 18400"
[1] "Chunk time = 2.1242923339208"
[1] "Processing draws 18401 to 18500"
[1] "Chunk time = 1.97265501817067"
[1] "Processing draws 18501 to 18600"
[1] "Chunk time = 1.97591020266215"
[1] "Processing draws 18601 to 18700"
[1] "Chunk time = 2.15477717320124"
[1] "Processing draws 18701 to 18800"
[1] "Chunk time = 1.95993644793828"
[1] "Processing draws 18801 to 18900"
[1] "Chunk time = 1.9056250890096"
[1] "Processing draws 18901 to 19000"
[1] "Chunk time = 2.13005700906118"
[1] "Processing draws 19001 to 19100"
[1] "Chunk time = 1.99257698456446"
[1] "Processing draws 19101 to 19200"
[1] "Chunk time = 1.94046337207158"
[1] "Processing draws 19201 to 19300"
[1] "Chunk time = 2.12575742403666"
[1] "Processing draws 19301 to 19400"
[1] "Chunk time = 1.98482724030813"
[1] "Processing draws 19401 to 19500"
[1] "Chunk time = 1.95904121398926"
[1] "Processing draws 19501 to 19600"
[1] "Chunk time = 2.1252454161644"
[1] "Processing draws 19601 to 19700"
[1] "Chunk time = 1.99029515981674"
[1] "Processing draws 19701 to 19800"
[1] "Chunk time = 1.93575529257456"
[1] "Processing draws 19801 to 19900"
[1] "Chunk time = 2.13308526674906"
[1] "Processing draws 19901 to 20000"
[1] "Chunk time = 1.99993404547373"
[1] "done lapplying"
[1] "Saving current params"
[1] "Saving params to output.rds"
[1] TRUE
[1] "Time for modelling:"
[1] "2025-07-03 00:57:38 EDT"
[1] "Time for posterior computations:"
Time difference of 6.769766 hours
[1] "Total time:"
[1] "2025-07-03 07:43:49 EDT"
