[1] "Starting sampling."
Running MCMC with 4 parallel chains, with 4 thread(s) per chain...

Chain 2 Iteration:    1 / 6000 [  0%]  (Warmup) 
Chain 3 Iteration:    1 / 6000 [  0%]  (Warmup) 
Chain 4 Iteration:    1 / 6000 [  0%]  (Warmup) 
Chain 1 Iteration:    1 / 6000 [  0%]  (Warmup) 
Chain 2 Iteration:  100 / 6000 [  1%]  (Warmup) 
Chain 3 Iteration:  100 / 6000 [  1%]  (Warmup) 
Chain 1 Iteration:  100 / 6000 [  1%]  (Warmup) 
Chain 2 Iteration:  200 / 6000 [  3%]  (Warmup) 
Chain 4 Iteration:  100 / 6000 [  1%]  (Warmup) 
Chain 3 Iteration:  200 / 6000 [  3%]  (Warmup) 
Chain 1 Iteration:  200 / 6000 [  3%]  (Warmup) 
Chain 2 Iteration:  300 / 6000 [  5%]  (Warmup) 
Chain 3 Iteration:  300 / 6000 [  5%]  (Warmup) 
Chain 4 Iteration:  200 / 6000 [  3%]  (Warmup) 
Chain 1 Iteration:  300 / 6000 [  5%]  (Warmup) 
Chain 2 Iteration:  400 / 6000 [  6%]  (Warmup) 
Chain 3 Iteration:  400 / 6000 [  6%]  (Warmup) 
Chain 4 Iteration:  300 / 6000 [  5%]  (Warmup) 
Chain 1 Iteration:  400 / 6000 [  6%]  (Warmup) 
Chain 3 Iteration:  500 / 6000 [  8%]  (Warmup) 
Chain 2 Iteration:  500 / 6000 [  8%]  (Warmup) 
Chain 4 Iteration:  400 / 6000 [  6%]  (Warmup) 
Chain 1 Iteration:  500 / 6000 [  8%]  (Warmup) 
Chain 2 Iteration:  600 / 6000 [ 10%]  (Warmup) 
Chain 3 Iteration:  600 / 6000 [ 10%]  (Warmup) 
Chain 4 Iteration:  500 / 6000 [  8%]  (Warmup) 
Chain 1 Iteration:  600 / 6000 [ 10%]  (Warmup) 
Chain 2 Iteration:  700 / 6000 [ 11%]  (Warmup) 
Chain 3 Iteration:  700 / 6000 [ 11%]  (Warmup) 
Chain 1 Iteration:  700 / 6000 [ 11%]  (Warmup) 
Chain 4 Iteration:  600 / 6000 [ 10%]  (Warmup) 
Chain 2 Iteration:  800 / 6000 [ 13%]  (Warmup) 
Chain 3 Iteration:  800 / 6000 [ 13%]  (Warmup) 
Chain 1 Iteration:  800 / 6000 [ 13%]  (Warmup) 
Chain 4 Iteration:  700 / 6000 [ 11%]  (Warmup) 
Chain 2 Iteration:  900 / 6000 [ 15%]  (Warmup) 
Chain 3 Iteration:  900 / 6000 [ 15%]  (Warmup) 
Chain 1 Iteration:  900 / 6000 [ 15%]  (Warmup) 
Chain 4 Iteration:  800 / 6000 [ 13%]  (Warmup) 
Chain 2 Iteration: 1000 / 6000 [ 16%]  (Warmup) 
Chain 2 Iteration: 1001 / 6000 [ 16%]  (Sampling) 
Chain 3 Iteration: 1000 / 6000 [ 16%]  (Warmup) 
Chain 3 Iteration: 1001 / 6000 [ 16%]  (Sampling) 
Chain 4 Iteration:  900 / 6000 [ 15%]  (Warmup) 
Chain 1 Iteration: 1000 / 6000 [ 16%]  (Warmup) 
Chain 1 Iteration: 1001 / 6000 [ 16%]  (Sampling) 
Chain 2 Iteration: 1100 / 6000 [ 18%]  (Sampling) 
Chain 3 Iteration: 1100 / 6000 [ 18%]  (Sampling) 
Chain 4 Iteration: 1000 / 6000 [ 16%]  (Warmup) 
Chain 4 Iteration: 1001 / 6000 [ 16%]  (Sampling) 
Chain 1 Iteration: 1100 / 6000 [ 18%]  (Sampling) 
Chain 2 Iteration: 1200 / 6000 [ 20%]  (Sampling) 
Chain 3 Iteration: 1200 / 6000 [ 20%]  (Sampling) 
Chain 4 Iteration: 1100 / 6000 [ 18%]  (Sampling) 
Chain 2 Iteration: 1300 / 6000 [ 21%]  (Sampling) 
Chain 1 Iteration: 1200 / 6000 [ 20%]  (Sampling) 
Chain 3 Iteration: 1300 / 6000 [ 21%]  (Sampling) 
Chain 4 Iteration: 1200 / 6000 [ 20%]  (Sampling) 
Chain 2 Iteration: 1400 / 6000 [ 23%]  (Sampling) 
Chain 1 Iteration: 1300 / 6000 [ 21%]  (Sampling) 
Chain 3 Iteration: 1400 / 6000 [ 23%]  (Sampling) 
Chain 2 Iteration: 1500 / 6000 [ 25%]  (Sampling) 
Chain 4 Iteration: 1300 / 6000 [ 21%]  (Sampling) 
Chain 3 Iteration: 1500 / 6000 [ 25%]  (Sampling) 
Chain 1 Iteration: 1400 / 6000 [ 23%]  (Sampling) 
Chain 2 Iteration: 1600 / 6000 [ 26%]  (Sampling) 
Chain 3 Iteration: 1600 / 6000 [ 26%]  (Sampling) 
Chain 4 Iteration: 1400 / 6000 [ 23%]  (Sampling) 
Chain 1 Iteration: 1500 / 6000 [ 25%]  (Sampling) 
Chain 2 Iteration: 1700 / 6000 [ 28%]  (Sampling) 
Chain 3 Iteration: 1700 / 6000 [ 28%]  (Sampling) 
Chain 4 Iteration: 1500 / 6000 [ 25%]  (Sampling) 
Chain 1 Iteration: 1600 / 6000 [ 26%]  (Sampling) 
Chain 2 Iteration: 1800 / 6000 [ 30%]  (Sampling) 
Chain 3 Iteration: 1800 / 6000 [ 30%]  (Sampling) 
Chain 4 Iteration: 1600 / 6000 [ 26%]  (Sampling) 
Chain 1 Iteration: 1700 / 6000 [ 28%]  (Sampling) 
Chain 2 Iteration: 1900 / 6000 [ 31%]  (Sampling) 
Chain 3 Iteration: 1900 / 6000 [ 31%]  (Sampling) 
Chain 4 Iteration: 1700 / 6000 [ 28%]  (Sampling) 
Chain 1 Iteration: 1800 / 6000 [ 30%]  (Sampling) 
Chain 2 Iteration: 2000 / 6000 [ 33%]  (Sampling) 
Chain 3 Iteration: 2000 / 6000 [ 33%]  (Sampling) 
Chain 4 Iteration: 1800 / 6000 [ 30%]  (Sampling) 
Chain 1 Iteration: 1900 / 6000 [ 31%]  (Sampling) 
Chain 2 Iteration: 2100 / 6000 [ 35%]  (Sampling) 
Chain 3 Iteration: 2100 / 6000 [ 35%]  (Sampling) 
Chain 4 Iteration: 1900 / 6000 [ 31%]  (Sampling) 
Chain 1 Iteration: 2000 / 6000 [ 33%]  (Sampling) 
Chain 2 Iteration: 2200 / 6000 [ 36%]  (Sampling) 
Chain 3 Iteration: 2200 / 6000 [ 36%]  (Sampling) 
Chain 4 Iteration: 2000 / 6000 [ 33%]  (Sampling) 
Chain 1 Iteration: 2100 / 6000 [ 35%]  (Sampling) 
Chain 2 Iteration: 2300 / 6000 [ 38%]  (Sampling) 
Chain 3 Iteration: 2300 / 6000 [ 38%]  (Sampling) 
Chain 4 Iteration: 2100 / 6000 [ 35%]  (Sampling) 
Chain 1 Iteration: 2200 / 6000 [ 36%]  (Sampling) 
Chain 2 Iteration: 2400 / 6000 [ 40%]  (Sampling) 
Chain 3 Iteration: 2400 / 6000 [ 40%]  (Sampling) 
Chain 4 Iteration: 2200 / 6000 [ 36%]  (Sampling) 
Chain 1 Iteration: 2300 / 6000 [ 38%]  (Sampling) 
Chain 2 Iteration: 2500 / 6000 [ 41%]  (Sampling) 
Chain 3 Iteration: 2500 / 6000 [ 41%]  (Sampling) 
Chain 1 Iteration: 2400 / 6000 [ 40%]  (Sampling) 
Chain 4 Iteration: 2300 / 6000 [ 38%]  (Sampling) 
Chain 2 Iteration: 2600 / 6000 [ 43%]  (Sampling) 
Chain 3 Iteration: 2600 / 6000 [ 43%]  (Sampling) 
Chain 1 Iteration: 2500 / 6000 [ 41%]  (Sampling) 
Chain 4 Iteration: 2400 / 6000 [ 40%]  (Sampling) 
Chain 2 Iteration: 2700 / 6000 [ 45%]  (Sampling) 
Chain 3 Iteration: 2700 / 6000 [ 45%]  (Sampling) 
Chain 1 Iteration: 2600 / 6000 [ 43%]  (Sampling) 
Chain 4 Iteration: 2500 / 6000 [ 41%]  (Sampling) 
Chain 2 Iteration: 2800 / 6000 [ 46%]  (Sampling) 
Chain 3 Iteration: 2800 / 6000 [ 46%]  (Sampling) 
Chain 1 Iteration: 2700 / 6000 [ 45%]  (Sampling) 
Chain 4 Iteration: 2600 / 6000 [ 43%]  (Sampling) 
Chain 2 Iteration: 2900 / 6000 [ 48%]  (Sampling) 
Chain 3 Iteration: 2900 / 6000 [ 48%]  (Sampling) 
Chain 1 Iteration: 2800 / 6000 [ 46%]  (Sampling) 
Chain 4 Iteration: 2700 / 6000 [ 45%]  (Sampling) 
Chain 2 Iteration: 3000 / 6000 [ 50%]  (Sampling) 
Chain 3 Iteration: 3000 / 6000 [ 50%]  (Sampling) 
Chain 1 Iteration: 2900 / 6000 [ 48%]  (Sampling) 
Chain 4 Iteration: 2800 / 6000 [ 46%]  (Sampling) 
Chain 2 Iteration: 3100 / 6000 [ 51%]  (Sampling) 
Chain 3 Iteration: 3100 / 6000 [ 51%]  (Sampling) 
Chain 1 Iteration: 3000 / 6000 [ 50%]  (Sampling) 
Chain 4 Iteration: 2900 / 6000 [ 48%]  (Sampling) 
Chain 2 Iteration: 3200 / 6000 [ 53%]  (Sampling) 
Chain 3 Iteration: 3200 / 6000 [ 53%]  (Sampling) 
Chain 1 Iteration: 3100 / 6000 [ 51%]  (Sampling) 
Chain 4 Iteration: 3000 / 6000 [ 50%]  (Sampling) 
Chain 2 Iteration: 3300 / 6000 [ 55%]  (Sampling) 
Chain 3 Iteration: 3300 / 6000 [ 55%]  (Sampling) 
Chain 1 Iteration: 3200 / 6000 [ 53%]  (Sampling) 
Chain 4 Iteration: 3100 / 6000 [ 51%]  (Sampling) 
Chain 2 Iteration: 3400 / 6000 [ 56%]  (Sampling) 
Chain 3 Iteration: 3400 / 6000 [ 56%]  (Sampling) 
Chain 1 Iteration: 3300 / 6000 [ 55%]  (Sampling) 
Chain 2 Iteration: 3500 / 6000 [ 58%]  (Sampling) 
Chain 4 Iteration: 3200 / 6000 [ 53%]  (Sampling) 
Chain 3 Iteration: 3500 / 6000 [ 58%]  (Sampling) 
Chain 2 Iteration: 3600 / 6000 [ 60%]  (Sampling) 
Chain 1 Iteration: 3400 / 6000 [ 56%]  (Sampling) 
Chain 4 Iteration: 3300 / 6000 [ 55%]  (Sampling) 
Chain 3 Iteration: 3600 / 6000 [ 60%]  (Sampling) 
Chain 2 Iteration: 3700 / 6000 [ 61%]  (Sampling) 
Chain 1 Iteration: 3500 / 6000 [ 58%]  (Sampling) 
Chain 4 Iteration: 3400 / 6000 [ 56%]  (Sampling) 
Chain 3 Iteration: 3700 / 6000 [ 61%]  (Sampling) 
Chain 2 Iteration: 3800 / 6000 [ 63%]  (Sampling) 
Chain 1 Iteration: 3600 / 6000 [ 60%]  (Sampling) 
Chain 4 Iteration: 3500 / 6000 [ 58%]  (Sampling) 
Chain 3 Iteration: 3800 / 6000 [ 63%]  (Sampling) 
Chain 2 Iteration: 3900 / 6000 [ 65%]  (Sampling) 
Chain 1 Iteration: 3700 / 6000 [ 61%]  (Sampling) 
Chain 3 Iteration: 3900 / 6000 [ 65%]  (Sampling) 
Chain 4 Iteration: 3600 / 6000 [ 60%]  (Sampling) 
Chain 2 Iteration: 4000 / 6000 [ 66%]  (Sampling) 
Chain 3 Iteration: 4000 / 6000 [ 66%]  (Sampling) 
Chain 1 Iteration: 3800 / 6000 [ 63%]  (Sampling) 
Chain 4 Iteration: 3700 / 6000 [ 61%]  (Sampling) 
Chain 2 Iteration: 4100 / 6000 [ 68%]  (Sampling) 
Chain 3 Iteration: 4100 / 6000 [ 68%]  (Sampling) 
Chain 1 Iteration: 3900 / 6000 [ 65%]  (Sampling) 
Chain 4 Iteration: 3800 / 6000 [ 63%]  (Sampling) 
Chain 2 Iteration: 4200 / 6000 [ 70%]  (Sampling) 
Chain 3 Iteration: 4200 / 6000 [ 70%]  (Sampling) 
Chain 1 Iteration: 4000 / 6000 [ 66%]  (Sampling) 
Chain 4 Iteration: 3900 / 6000 [ 65%]  (Sampling) 
Chain 2 Iteration: 4300 / 6000 [ 71%]  (Sampling) 
Chain 3 Iteration: 4300 / 6000 [ 71%]  (Sampling) 
Chain 1 Iteration: 4100 / 6000 [ 68%]  (Sampling) 
Chain 4 Iteration: 4000 / 6000 [ 66%]  (Sampling) 
Chain 2 Iteration: 4400 / 6000 [ 73%]  (Sampling) 
Chain 3 Iteration: 4400 / 6000 [ 73%]  (Sampling) 
Chain 1 Iteration: 4200 / 6000 [ 70%]  (Sampling) 
Chain 4 Iteration: 4100 / 6000 [ 68%]  (Sampling) 
Chain 2 Iteration: 4500 / 6000 [ 75%]  (Sampling) 
Chain 3 Iteration: 4500 / 6000 [ 75%]  (Sampling) 
Chain 1 Iteration: 4300 / 6000 [ 71%]  (Sampling) 
Chain 4 Iteration: 4200 / 6000 [ 70%]  (Sampling) 
Chain 2 Iteration: 4600 / 6000 [ 76%]  (Sampling) 
Chain 3 Iteration: 4600 / 6000 [ 76%]  (Sampling) 
Chain 1 Iteration: 4400 / 6000 [ 73%]  (Sampling) 
Chain 4 Iteration: 4300 / 6000 [ 71%]  (Sampling) 
Chain 2 Iteration: 4700 / 6000 [ 78%]  (Sampling) 
Chain 3 Iteration: 4700 / 6000 [ 78%]  (Sampling) 
Chain 1 Iteration: 4500 / 6000 [ 75%]  (Sampling) 
Chain 4 Iteration: 4400 / 6000 [ 73%]  (Sampling) 
Chain 2 Iteration: 4800 / 6000 [ 80%]  (Sampling) 
Chain 3 Iteration: 4800 / 6000 [ 80%]  (Sampling) 
Chain 1 Iteration: 4600 / 6000 [ 76%]  (Sampling) 
Chain 4 Iteration: 4500 / 6000 [ 75%]  (Sampling) 
Chain 2 Iteration: 4900 / 6000 [ 81%]  (Sampling) 
Chain 3 Iteration: 4900 / 6000 [ 81%]  (Sampling) 
Chain 1 Iteration: 4700 / 6000 [ 78%]  (Sampling) 
Chain 4 Iteration: 4600 / 6000 [ 76%]  (Sampling) 
Chain 2 Iteration: 5000 / 6000 [ 83%]  (Sampling) 
Chain 3 Iteration: 5000 / 6000 [ 83%]  (Sampling) 
Chain 1 Iteration: 4800 / 6000 [ 80%]  (Sampling) 
Chain 4 Iteration: 4700 / 6000 [ 78%]  (Sampling) 
Chain 2 Iteration: 5100 / 6000 [ 85%]  (Sampling) 
Chain 3 Iteration: 5100 / 6000 [ 85%]  (Sampling) 
Chain 4 Iteration: 4800 / 6000 [ 80%]  (Sampling) 
Chain 1 Iteration: 4900 / 6000 [ 81%]  (Sampling) 
Chain 2 Iteration: 5200 / 6000 [ 86%]  (Sampling) 
Chain 3 Iteration: 5200 / 6000 [ 86%]  (Sampling) 
Chain 4 Iteration: 4900 / 6000 [ 81%]  (Sampling) 
Chain 1 Iteration: 5000 / 6000 [ 83%]  (Sampling) 
Chain 2 Iteration: 5300 / 6000 [ 88%]  (Sampling) 
Chain 3 Iteration: 5300 / 6000 [ 88%]  (Sampling) 
Chain 4 Iteration: 5000 / 6000 [ 83%]  (Sampling) 
Chain 1 Iteration: 5100 / 6000 [ 85%]  (Sampling) 
Chain 2 Iteration: 5400 / 6000 [ 90%]  (Sampling) 
Chain 3 Iteration: 5400 / 6000 [ 90%]  (Sampling) 
Chain 4 Iteration: 5100 / 6000 [ 85%]  (Sampling) 
Chain 1 Iteration: 5200 / 6000 [ 86%]  (Sampling) 
Chain 2 Iteration: 5500 / 6000 [ 91%]  (Sampling) 
Chain 3 Iteration: 5500 / 6000 [ 91%]  (Sampling) 
Chain 4 Iteration: 5200 / 6000 [ 86%]  (Sampling) 
Chain 1 Iteration: 5300 / 6000 [ 88%]  (Sampling) 
Chain 2 Iteration: 5600 / 6000 [ 93%]  (Sampling) 
Chain 3 Iteration: 5600 / 6000 [ 93%]  (Sampling) 
Chain 4 Iteration: 5300 / 6000 [ 88%]  (Sampling) 
Chain 2 Iteration: 5700 / 6000 [ 95%]  (Sampling) 
Chain 1 Iteration: 5400 / 6000 [ 90%]  (Sampling) 
Chain 3 Iteration: 5700 / 6000 [ 95%]  (Sampling) 
Chain 2 Iteration: 5800 / 6000 [ 96%]  (Sampling) 
Chain 4 Iteration: 5400 / 6000 [ 90%]  (Sampling) 
Chain 1 Iteration: 5500 / 6000 [ 91%]  (Sampling) 
Chain 3 Iteration: 5800 / 6000 [ 96%]  (Sampling) 
Chain 2 Iteration: 5900 / 6000 [ 98%]  (Sampling) 
Chain 4 Iteration: 5500 / 6000 [ 91%]  (Sampling) 
Chain 1 Iteration: 5600 / 6000 [ 93%]  (Sampling) 
Chain 3 Iteration: 5900 / 6000 [ 98%]  (Sampling) 
Chain 2 Iteration: 6000 / 6000 [100%]  (Sampling) 
Chain 2 finished in 10376.1 seconds.
Chain 4 Iteration: 5600 / 6000 [ 93%]  (Sampling) 
Chain 1 Iteration: 5700 / 6000 [ 95%]  (Sampling) 
Chain 3 Iteration: 6000 / 6000 [100%]  (Sampling) 
Chain 3 finished in 10421.6 seconds.
Chain 4 Iteration: 5700 / 6000 [ 95%]  (Sampling) 
Chain 1 Iteration: 5800 / 6000 [ 96%]  (Sampling) 
Chain 4 Iteration: 5800 / 6000 [ 96%]  (Sampling) 
Chain 1 Iteration: 5900 / 6000 [ 98%]  (Sampling) 
Chain 4 Iteration: 5900 / 6000 [ 98%]  (Sampling) 
Chain 1 Iteration: 6000 / 6000 [100%]  (Sampling) 
Chain 1 finished in 10829.7 seconds.
Chain 4 Iteration: 6000 / 6000 [100%]  (Sampling) 
Chain 4 finished in 10958.0 seconds.

All 4 chains finished successfully.
Mean chain execution time: 10646.4 seconds.
Total execution time: 10959.0 seconds.

[1] "Processing draws 1 to 100"
[1] "Chunk time = 3.15730642477671"
[1] "Processing draws 101 to 200"
[1] "Chunk time = 2.30088748931885"
[1] "Processing draws 201 to 300"
[1] "Chunk time = 2.40731164216995"
[1] "Processing draws 301 to 400"
[1] "Chunk time = 2.07600508928299"
[1] "Processing draws 401 to 500"
[1] "Chunk time = 1.97891395886739"
[1] "Processing draws 501 to 600"
[1] "Chunk time = 1.99601966142654"
[1] "Processing draws 601 to 700"
[1] "Chunk time = 2.0786257982254"
[1] "Processing draws 701 to 800"
[1] "Chunk time = 2.15521970589956"
[1] "Processing draws 801 to 900"
[1] "Chunk time = 1.97841610908508"
[1] "Processing draws 901 to 1000"
[1] "Chunk time = 2.12589888175329"
[1] "Processing draws 1001 to 1100"
[1] "Chunk time = 2.0031020561854"
[1] "Processing draws 1101 to 1200"
[1] "Chunk time = 1.97864522139231"
[1] "Processing draws 1201 to 1300"
[1] "Chunk time = 2.10787769556046"
[1] "Processing draws 1301 to 1400"
[1] "Chunk time = 2.02007171710332"
[1] "Processing draws 1401 to 1500"
[1] "Chunk time = 2.02018578052521"
[1] "Processing draws 1501 to 1600"
[1] "Chunk time = 2.11540478467941"
[1] "Processing draws 1601 to 1700"
[1] "Chunk time = 1.96902865171432"
[1] "Processing draws 1701 to 1800"
[1] "Chunk time = 1.95327970584234"
[1] "Processing draws 1801 to 1900"
[1] "Chunk time = 2.10970987876256"
[1] "Processing draws 1901 to 2000"
[1] "Chunk time = 2.03158733447393"
[1] "Processing draws 2001 to 2100"
[1] "Chunk time = 1.9802508354187"
[1] "Processing draws 2101 to 2200"
[1] "Chunk time = 2.15620317459106"
[1] "Processing draws 2201 to 2300"
[1] "Chunk time = 1.9893196384112"
[1] "Processing draws 2301 to 2400"
[1] "Chunk time = 2.06364347537359"
[1] "Processing draws 2401 to 2500"
[1] "Chunk time = 2.06441390514374"
[1] "Processing draws 2501 to 2600"
[1] "Chunk time = 1.96475037336349"
[1] "Processing draws 2601 to 2700"
[1] "Chunk time = 2.00356379747391"
[1] "Processing draws 2701 to 2800"
[1] "Chunk time = 2.14111696879069"
[1] "Processing draws 2801 to 2900"
[1] "Chunk time = 1.99660821755727"
[1] "Processing draws 2901 to 3000"
[1] "Chunk time = 1.96059408982595"
[1] "Processing draws 3001 to 3100"
[1] "Chunk time = 2.09016106923421"
[1] "Processing draws 3101 to 3200"
[1] "Chunk time = 2.0768004099528"
[1] "Processing draws 3201 to 3300"
[1] "Chunk time = 1.99514119625092"
[1] "Processing draws 3301 to 3400"
[1] "Chunk time = 2.10421568950017"
[1] "Processing draws 3401 to 3500"
[1] "Chunk time = 2.00235071579615"
[1] "Processing draws 3501 to 3600"
[1] "Chunk time = 2.00301126241684"
[1] "Processing draws 3601 to 3700"
[1] "Chunk time = 2.14384791056315"
[1] "Processing draws 3701 to 3800"
[1] "Chunk time = 2.02757063706716"
[1] "Processing draws 3801 to 3900"
[1] "Chunk time = 1.96238128741582"
[1] "Processing draws 3901 to 4000"
[1] "Chunk time = 2.11864718596141"
[1] "Processing draws 4001 to 4100"
[1] "Chunk time = 2.091004494826"
[1] "Processing draws 4101 to 4200"
[1] "Chunk time = 1.97118937174479"
[1] "Processing draws 4201 to 4300"
[1] "Chunk time = 2.09316310882568"
[1] "Processing draws 4301 to 4400"
[1] "Chunk time = 2.03563043673833"
[1] "Processing draws 4401 to 4500"
[1] "Chunk time = 1.99110220273336"
[1] "Processing draws 4501 to 4600"
[1] "Chunk time = 2.10288681983948"
[1] "Processing draws 4601 to 4700"
[1] "Chunk time = 2.06428434054057"
[1] "Processing draws 4701 to 4800"
[1] "Chunk time = 2.07580669323603"
[1] "Processing draws 4801 to 4900"
[1] "Chunk time = 2.14818860292435"
[1] "Processing draws 4901 to 5000"
[1] "Chunk time = 2.04693906704585"
[1] "Processing draws 5001 to 5100"
[1] "Chunk time = 1.97310270865758"
[1] "Processing draws 5101 to 5200"
[1] "Chunk time = 2.14088587363561"
[1] "Processing draws 5201 to 5300"
[1] "Chunk time = 2.08055255413055"
[1] "Processing draws 5301 to 5400"
[1] "Chunk time = 2.06601559321086"
[1] "Processing draws 5401 to 5500"
[1] "Chunk time = 2.0861118555069"
[1] "Processing draws 5501 to 5600"
[1] "Chunk time = 2.00401887098948"
[1] "Processing draws 5601 to 5700"
[1] "Chunk time = 1.96078037818273"
[1] "Processing draws 5701 to 5800"
[1] "Chunk time = 2.07872003714244"
[1] "Processing draws 5801 to 5900"
[1] "Chunk time = 1.98563765287399"
[1] "Processing draws 5901 to 6000"
[1] "Chunk time = 2.02808618545532"
[1] "Processing draws 6001 to 6100"
[1] "Chunk time = 2.08846986691157"
[1] "Processing draws 6101 to 6200"
[1] "Chunk time = 2.04436367750168"
[1] "Processing draws 6201 to 6300"
[1] "Chunk time = 2.03641155560811"
[1] "Processing draws 6301 to 6400"
[1] "Chunk time = 2.107921286424"
[1] "Processing draws 6401 to 6500"
[1] "Chunk time = 2.06464856465658"
[1] "Processing draws 6501 to 6600"
[1] "Chunk time = 2.0224888642629"
[1] "Processing draws 6601 to 6700"
[1] "Chunk time = 2.08623019854228"
[1] "Processing draws 6701 to 6800"
[1] "Chunk time = 2.01851151386897"
[1] "Processing draws 6801 to 6900"
[1] "Chunk time = 2.00798988342285"
[1] "Processing draws 6901 to 7000"
[1] "Chunk time = 2.08735103607178"
[1] "Processing draws 7001 to 7100"
[1] "Chunk time = 1.99417468309402"
[1] "Processing draws 7101 to 7200"
[1] "Chunk time = 2.01119046608607"
[1] "Processing draws 7201 to 7300"
[1] "Chunk time = 2.07302286227544"
[1] "Processing draws 7301 to 7400"
[1] "Chunk time = 2.10795186360677"
[1] "Processing draws 7401 to 7500"
[1] "Chunk time = 2.0070530017217"
[1] "Processing draws 7501 to 7600"
[1] "Chunk time = 2.09038730859756"
[1] "Processing draws 7601 to 7700"
[1] "Chunk time = 2.0097190062205"
[1] "Processing draws 7701 to 7800"
[1] "Chunk time = 2.02479175726573"
[1] "Processing draws 7801 to 7900"
[1] "Chunk time = 2.08941692908605"
[1] "Processing draws 7901 to 8000"
[1] "Chunk time = 2.03047576745351"
[1] "Processing draws 8001 to 8100"
[1] "Chunk time = 1.99119068781535"
[1] "Processing draws 8101 to 8200"
[1] "Chunk time = 2.08850807348887"
[1] "Processing draws 8201 to 8300"
[1] "Chunk time = 2.00154962937037"
[1] "Processing draws 8301 to 8400"
[1] "Chunk time = 2.00836339394252"
[1] "Processing draws 8401 to 8500"
[1] "Chunk time = 2.07673810720444"
[1] "Processing draws 8501 to 8600"
[1] "Chunk time = 1.95782250165939"
[1] "Processing draws 8601 to 8700"
[1] "Chunk time = 2.02954424619675"
[1] "Processing draws 8701 to 8800"
[1] "Chunk time = 2.09166610638301"
[1] "Processing draws 8801 to 8900"
[1] "Chunk time = 2.03736849625905"
[1] "Processing draws 8901 to 9000"
[1] "Chunk time = 2.03948671023051"
[1] "Processing draws 9001 to 9100"
[1] "Chunk time = 2.12190204461416"
[1] "Processing draws 9101 to 9200"
[1] "Chunk time = 2.02752248446147"
[1] "Processing draws 9201 to 9300"
[1] "Chunk time = 1.9995711684227"
[1] "Processing draws 9301 to 9400"
[1] "Chunk time = 2.12569610675176"
[1] "Processing draws 9401 to 9500"
[1] "Chunk time = 2.02679055134455"
[1] "Processing draws 9501 to 9600"
[1] "Chunk time = 2.03171211878459"
[1] "Processing draws 9601 to 9700"
[1] "Chunk time = 2.11892062822978"
[1] "Processing draws 9701 to 9800"
[1] "Chunk time = 2.00546137491862"
[1] "Processing draws 9801 to 9900"
[1] "Chunk time = 1.97092957894007"
[1] "Processing draws 9901 to 10000"
[1] "Chunk time = 2.11931876341502"
[1] "Processing draws 10001 to 10100"
[1] "Chunk time = 2.00372450351715"
[1] "Processing draws 10101 to 10200"
[1] "Chunk time = 1.93907711108526"
[1] "Processing draws 10201 to 10300"
[1] "Chunk time = 2.06650317907333"
[1] "Processing draws 10301 to 10400"
[1] "Chunk time = 2.03873285849889"
[1] "Processing draws 10401 to 10500"
[1] "Chunk time = 1.92075225512187"
[1] "Processing draws 10501 to 10600"
[1] "Chunk time = 2.03356515169144"
[1] "Processing draws 10601 to 10700"
[1] "Chunk time = 1.91699852546056"
[1] "Processing draws 10701 to 10800"
[1] "Chunk time = 1.95334780613581"
[1] "Processing draws 10801 to 10900"
[1] "Chunk time = 2.04409396648407"
[1] "Processing draws 10901 to 11000"
[1] "Chunk time = 1.99118800560633"
[1] "Processing draws 11001 to 11100"
[1] "Chunk time = 1.98921037912369"
[1] "Processing draws 11101 to 11200"
[1] "Chunk time = 2.03909172217051"
[1] "Processing draws 11201 to 11300"
[1] "Chunk time = 1.89972940683365"
[1] "Processing draws 11301 to 11400"
[1] "Chunk time = 1.91082739830017"
[1] "Processing draws 11401 to 11500"
[1] "Chunk time = 2.03710173765818"
[1] "Processing draws 11501 to 11600"
[1] "Chunk time = 1.99002003272374"
[1] "Processing draws 11601 to 11700"
[1] "Chunk time = 2.05117570161819"
[1] "Processing draws 11701 to 11800"
[1] "Chunk time = 2.03604165712992"
[1] "Processing draws 11801 to 11900"
[1] "Chunk time = 1.93017330169678"
[1] "Processing draws 11901 to 12000"
[1] "Chunk time = 1.96390555699666"
[1] "Processing draws 12001 to 12100"
[1] "Chunk time = 2.02856569290161"
[1] "Processing draws 12101 to 12200"
[1] "Chunk time = 1.90892190933228"
[1] "Processing draws 12201 to 12300"
[1] "Chunk time = 1.92675403356552"
[1] "Processing draws 12301 to 12400"
[1] "Chunk time = 2.03886215289434"
[1] "Processing draws 12401 to 12500"
[1] "Chunk time = 1.95403774182002"
[1] "Processing draws 12501 to 12600"
[1] "Chunk time = 1.92554577191671"
[1] "Processing draws 12601 to 12700"
[1] "Chunk time = 2.04278913338979"
[1] "Processing draws 12701 to 12800"
[1] "Chunk time = 1.95389378070831"
[1] "Processing draws 12801 to 12900"
[1] "Chunk time = 1.91511873801549"
[1] "Processing draws 12901 to 13000"
[1] "Chunk time = 2.04181085427602"
[1] "Processing draws 13001 to 13100"
[1] "Chunk time = 1.97643882830938"
[1] "Processing draws 13101 to 13200"
[1] "Chunk time = 1.96891600290934"
[1] "Processing draws 13201 to 13300"
[1] "Chunk time = 2.054252521197"
[1] "Processing draws 13301 to 13400"
[1] "Chunk time = 1.9924081325531"
[1] "Processing draws 13401 to 13500"
[1] "Chunk time = 1.92357616424561"
[1] "Processing draws 13501 to 13600"
[1] "Chunk time = 2.04996666113536"
[1] "Processing draws 13601 to 13700"
[1] "Chunk time = 1.92783084313075"
[1] "Processing draws 13701 to 13800"
[1] "Chunk time = 1.98930526971817"
[1] "Processing draws 13801 to 13900"
[1] "Chunk time = 1.98778443336487"
[1] "Processing draws 13901 to 14000"
[1] "Chunk time = 1.9562494913737"
[1] "Processing draws 14001 to 14100"
[1] "Chunk time = 1.90787576834361"
[1] "Processing draws 14101 to 14200"
[1] "Chunk time = 2.05639605522156"
[1] "Processing draws 14201 to 14300"
[1] "Chunk time = 1.92711456219355"
[1] "Processing draws 14301 to 14400"
[1] "Chunk time = 1.97773981889089"
[1] "Processing draws 14401 to 14500"
[1] "Chunk time = 2.05394177834193"
[1] "Processing draws 14501 to 14600"
[1] "Chunk time = 1.96818786859512"
[1] "Processing draws 14601 to 14700"
[1] "Chunk time = 1.90261520147324"
[1] "Processing draws 14701 to 14800"
[1] "Chunk time = 2.0747043689092"
[1] "Processing draws 14801 to 14900"
[1] "Chunk time = 1.9025625983874"
[1] "Processing draws 14901 to 15000"
[1] "Chunk time = 1.91226106087367"
[1] "Processing draws 15001 to 15100"
[1] "Chunk time = 2.04011651674906"
[1] "Processing draws 15101 to 15200"
[1] "Chunk time = 1.98332145611445"
[1] "Processing draws 15201 to 15300"
[1] "Chunk time = 1.96527664661407"
[1] "Processing draws 15301 to 15400"
[1] "Chunk time = 2.05982624689738"
[1] "Processing draws 15401 to 15500"
[1] "Chunk time = 1.92235808372498"
[1] "Processing draws 15501 to 15600"
[1] "Chunk time = 1.939253505071"
[1] "Processing draws 15601 to 15700"
[1] "Chunk time = 2.03734794457753"
[1] "Processing draws 15701 to 15800"
[1] "Chunk time = 1.91898888349533"
[1] "Processing draws 15801 to 15900"
[1] "Chunk time = 1.94955435593923"
[1] "Processing draws 15901 to 16000"
[1] "Chunk time = 2.05248193740845"
[1] "Processing draws 16001 to 16100"
[1] "Chunk time = 1.9395793000857"
[1] "Processing draws 16101 to 16200"
[1] "Chunk time = 1.89098549683889"
[1] "Processing draws 16201 to 16300"
[1] "Chunk time = 2.04231837193171"
[1] "Processing draws 16301 to 16400"
[1] "Chunk time = 1.95234600305557"
[1] "Processing draws 16401 to 16500"
[1] "Chunk time = 1.93085421721141"
[1] "Processing draws 16501 to 16600"
[1] "Chunk time = 2.07774601777395"
[1] "Processing draws 16601 to 16700"
[1] "Chunk time = 1.9869497179985"
[1] "Processing draws 16701 to 16800"
[1] "Chunk time = 1.97258740663528"
[1] "Processing draws 16801 to 16900"
[1] "Chunk time = 2.08984167178472"
[1] "Processing draws 16901 to 17000"
[1] "Chunk time = 1.92005047400792"
[1] "Processing draws 17001 to 17100"
[1] "Chunk time = 1.90094624757767"
[1] "Processing draws 17101 to 17200"
[1] "Chunk time = 2.0357838789622"
[1] "Processing draws 17201 to 17300"
[1] "Chunk time = 1.96564942200979"
[1] "Processing draws 17301 to 17400"
[1] "Chunk time = 1.97599976857503"
[1] "Processing draws 17401 to 17500"
[1] "Chunk time = 2.00296836296717"
[1] "Processing draws 17501 to 17600"
[1] "Chunk time = 2.00534544388453"
[1] "Processing draws 17601 to 17700"
[1] "Chunk time = 1.91064023176829"
[1] "Processing draws 17701 to 17800"
[1] "Chunk time = 1.95373200972875"
[1] "Processing draws 17801 to 17900"
[1] "Chunk time = 1.96648672819138"
[1] "Processing draws 17901 to 18000"
[1] "Chunk time = 2.00722508827845"
[1] "Processing draws 18001 to 18100"
[1] "Chunk time = 1.99030326207479"
[1] "Processing draws 18101 to 18200"
[1] "Chunk time = 1.90432908535004"
[1] "Processing draws 18201 to 18300"
[1] "Chunk time = 1.92412724892298"
[1] "Processing draws 18301 to 18400"
[1] "Chunk time = 2.08551375071208"
[1] "Processing draws 18401 to 18500"
[1] "Chunk time = 1.91424321333567"
[1] "Processing draws 18501 to 18600"
[1] "Chunk time = 1.96100181738536"
[1] "Processing draws 18601 to 18700"
[1] "Chunk time = 2.06471980810165"
[1] "Processing draws 18701 to 18800"
[1] "Chunk time = 1.98732339938482"
[1] "Processing draws 18801 to 18900"
[1] "Chunk time = 1.93185038566589"
[1] "Processing draws 18901 to 19000"
[1] "Chunk time = 2.0672464688619"
[1] "Processing draws 19001 to 19100"
[1] "Chunk time = 1.94570382436117"
[1] "Processing draws 19101 to 19200"
[1] "Chunk time = 1.96413892904917"
[1] "Processing draws 19201 to 19300"
[1] "Chunk time = 2.04828368028005"
[1] "Processing draws 19301 to 19400"
[1] "Chunk time = 2.04498268763224"
[1] "Processing draws 19401 to 19500"
[1] "Chunk time = 1.98608738978704"
[1] "Processing draws 19501 to 19600"
[1] "Chunk time = 2.07651074727376"
[1] "Processing draws 19601 to 19700"
[1] "Chunk time = 1.91402930816015"
[1] "Processing draws 19701 to 19800"
[1] "Chunk time = 1.91383081674576"
[1] "Processing draws 19801 to 19900"
[1] "Chunk time = 2.05491681496302"
[1] "Processing draws 19901 to 20000"
[1] "Chunk time = 1.95313798189163"
[1] "done lapplying"
[1] "Saving current params"
[1] "Saving params to output.rds"
[1] TRUE
[1] "Time for modelling:"
[1] "2025-07-02 02:32:38 EDT"
[1] "Time for posterior computations:"
Time difference of 6.76126 hours
[1] "Total time:"
[1] "2025-07-02 09:18:19 EDT"
