[1] "Starting sampling."
Running MCMC with 4 parallel chains, with 4 thread(s) per chain...

Chain 1 Iteration:    1 / 6000 [  0%]  (Warmup) 
Chain 2 Iteration:    1 / 6000 [  0%]  (Warmup) 
Chain 3 Iteration:    1 / 6000 [  0%]  (Warmup) 
Chain 4 Iteration:    1 / 6000 [  0%]  (Warmup) 
Chain 3 Iteration:  100 / 6000 [  1%]  (Warmup) 
Chain 1 Iteration:  100 / 6000 [  1%]  (Warmup) 
Chain 4 Iteration:  100 / 6000 [  1%]  (Warmup) 
Chain 2 Iteration:  100 / 6000 [  1%]  (Warmup) 
Chain 3 Iteration:  200 / 6000 [  3%]  (Warmup) 
Chain 1 Iteration:  200 / 6000 [  3%]  (Warmup) 
Chain 4 Iteration:  200 / 6000 [  3%]  (Warmup) 
Chain 2 Iteration:  200 / 6000 [  3%]  (Warmup) 
Chain 1 Iteration:  300 / 6000 [  5%]  (Warmup) 
Chain 3 Iteration:  300 / 6000 [  5%]  (Warmup) 
Chain 4 Iteration:  300 / 6000 [  5%]  (Warmup) 
Chain 2 Iteration:  300 / 6000 [  5%]  (Warmup) 
Chain 3 Iteration:  400 / 6000 [  6%]  (Warmup) 
Chain 1 Iteration:  400 / 6000 [  6%]  (Warmup) 
Chain 4 Iteration:  400 / 6000 [  6%]  (Warmup) 
Chain 2 Iteration:  400 / 6000 [  6%]  (Warmup) 
Chain 3 Iteration:  500 / 6000 [  8%]  (Warmup) 
Chain 1 Iteration:  500 / 6000 [  8%]  (Warmup) 
Chain 4 Iteration:  500 / 6000 [  8%]  (Warmup) 
Chain 2 Iteration:  500 / 6000 [  8%]  (Warmup) 
Chain 3 Iteration:  600 / 6000 [ 10%]  (Warmup) 
Chain 1 Iteration:  600 / 6000 [ 10%]  (Warmup) 
Chain 4 Iteration:  600 / 6000 [ 10%]  (Warmup) 
Chain 3 Iteration:  700 / 6000 [ 11%]  (Warmup) 
Chain 2 Iteration:  600 / 6000 [ 10%]  (Warmup) 
Chain 1 Iteration:  700 / 6000 [ 11%]  (Warmup) 
Chain 4 Iteration:  700 / 6000 [ 11%]  (Warmup) 
Chain 3 Iteration:  800 / 6000 [ 13%]  (Warmup) 
Chain 2 Iteration:  700 / 6000 [ 11%]  (Warmup) 
Chain 1 Iteration:  800 / 6000 [ 13%]  (Warmup) 
Chain 4 Iteration:  800 / 6000 [ 13%]  (Warmup) 
Chain 3 Iteration:  900 / 6000 [ 15%]  (Warmup) 
Chain 2 Iteration:  800 / 6000 [ 13%]  (Warmup) 
Chain 1 Iteration:  900 / 6000 [ 15%]  (Warmup) 
Chain 4 Iteration:  900 / 6000 [ 15%]  (Warmup) 
Chain 2 Iteration:  900 / 6000 [ 15%]  (Warmup) 
Chain 3 Iteration: 1000 / 6000 [ 16%]  (Warmup) 
Chain 3 Iteration: 1001 / 6000 [ 16%]  (Sampling) 
Chain 1 Iteration: 1000 / 6000 [ 16%]  (Warmup) 
Chain 1 Iteration: 1001 / 6000 [ 16%]  (Sampling) 
Chain 4 Iteration: 1000 / 6000 [ 16%]  (Warmup) 
Chain 4 Iteration: 1001 / 6000 [ 16%]  (Sampling) 
Chain 3 Iteration: 1100 / 6000 [ 18%]  (Sampling) 
Chain 2 Iteration: 1000 / 6000 [ 16%]  (Warmup) 
Chain 2 Iteration: 1001 / 6000 [ 16%]  (Sampling) 
Chain 1 Iteration: 1100 / 6000 [ 18%]  (Sampling) 
Chain 4 Iteration: 1100 / 6000 [ 18%]  (Sampling) 
Chain 3 Iteration: 1200 / 6000 [ 20%]  (Sampling) 
Chain 2 Iteration: 1100 / 6000 [ 18%]  (Sampling) 
Chain 1 Iteration: 1200 / 6000 [ 20%]  (Sampling) 
Chain 4 Iteration: 1200 / 6000 [ 20%]  (Sampling) 
Chain 3 Iteration: 1300 / 6000 [ 21%]  (Sampling) 
Chain 2 Iteration: 1200 / 6000 [ 20%]  (Sampling) 
Chain 1 Iteration: 1300 / 6000 [ 21%]  (Sampling) 
Chain 4 Iteration: 1300 / 6000 [ 21%]  (Sampling) 
Chain 3 Iteration: 1400 / 6000 [ 23%]  (Sampling) 
Chain 2 Iteration: 1300 / 6000 [ 21%]  (Sampling) 
Chain 1 Iteration: 1400 / 6000 [ 23%]  (Sampling) 
Chain 4 Iteration: 1400 / 6000 [ 23%]  (Sampling) 
Chain 3 Iteration: 1500 / 6000 [ 25%]  (Sampling) 
Chain 2 Iteration: 1400 / 6000 [ 23%]  (Sampling) 
Chain 1 Iteration: 1500 / 6000 [ 25%]  (Sampling) 
Chain 4 Iteration: 1500 / 6000 [ 25%]  (Sampling) 
Chain 3 Iteration: 1600 / 6000 [ 26%]  (Sampling) 
Chain 2 Iteration: 1500 / 6000 [ 25%]  (Sampling) 
Chain 1 Iteration: 1600 / 6000 [ 26%]  (Sampling) 
Chain 4 Iteration: 1600 / 6000 [ 26%]  (Sampling) 
Chain 3 Iteration: 1700 / 6000 [ 28%]  (Sampling) 
Chain 2 Iteration: 1600 / 6000 [ 26%]  (Sampling) 
Chain 1 Iteration: 1700 / 6000 [ 28%]  (Sampling) 
Chain 4 Iteration: 1700 / 6000 [ 28%]  (Sampling) 
Chain 3 Iteration: 1800 / 6000 [ 30%]  (Sampling) 
Chain 2 Iteration: 1700 / 6000 [ 28%]  (Sampling) 
Chain 1 Iteration: 1800 / 6000 [ 30%]  (Sampling) 
Chain 4 Iteration: 1800 / 6000 [ 30%]  (Sampling) 
Chain 3 Iteration: 1900 / 6000 [ 31%]  (Sampling) 
Chain 2 Iteration: 1800 / 6000 [ 30%]  (Sampling) 
Chain 1 Iteration: 1900 / 6000 [ 31%]  (Sampling) 
Chain 4 Iteration: 1900 / 6000 [ 31%]  (Sampling) 
Chain 3 Iteration: 2000 / 6000 [ 33%]  (Sampling) 
Chain 2 Iteration: 1900 / 6000 [ 31%]  (Sampling) 
Chain 1 Iteration: 2000 / 6000 [ 33%]  (Sampling) 
Chain 4 Iteration: 2000 / 6000 [ 33%]  (Sampling) 
Chain 3 Iteration: 2100 / 6000 [ 35%]  (Sampling) 
Chain 2 Iteration: 2000 / 6000 [ 33%]  (Sampling) 
Chain 1 Iteration: 2100 / 6000 [ 35%]  (Sampling) 
Chain 4 Iteration: 2100 / 6000 [ 35%]  (Sampling) 
Chain 3 Iteration: 2200 / 6000 [ 36%]  (Sampling) 
Chain 2 Iteration: 2100 / 6000 [ 35%]  (Sampling) 
Chain 1 Iteration: 2200 / 6000 [ 36%]  (Sampling) 
Chain 4 Iteration: 2200 / 6000 [ 36%]  (Sampling) 
Chain 3 Iteration: 2300 / 6000 [ 38%]  (Sampling) 
Chain 2 Iteration: 2200 / 6000 [ 36%]  (Sampling) 
Chain 1 Iteration: 2300 / 6000 [ 38%]  (Sampling) 
Chain 4 Iteration: 2300 / 6000 [ 38%]  (Sampling) 
Chain 3 Iteration: 2400 / 6000 [ 40%]  (Sampling) 
Chain 2 Iteration: 2300 / 6000 [ 38%]  (Sampling) 
Chain 1 Iteration: 2400 / 6000 [ 40%]  (Sampling) 
Chain 4 Iteration: 2400 / 6000 [ 40%]  (Sampling) 
Chain 3 Iteration: 2500 / 6000 [ 41%]  (Sampling) 
Chain 2 Iteration: 2400 / 6000 [ 40%]  (Sampling) 
Chain 1 Iteration: 2500 / 6000 [ 41%]  (Sampling) 
Chain 4 Iteration: 2500 / 6000 [ 41%]  (Sampling) 
Chain 3 Iteration: 2600 / 6000 [ 43%]  (Sampling) 
Chain 2 Iteration: 2500 / 6000 [ 41%]  (Sampling) 
Chain 1 Iteration: 2600 / 6000 [ 43%]  (Sampling) 
Chain 4 Iteration: 2600 / 6000 [ 43%]  (Sampling) 
Chain 3 Iteration: 2700 / 6000 [ 45%]  (Sampling) 
Chain 2 Iteration: 2600 / 6000 [ 43%]  (Sampling) 
Chain 1 Iteration: 2700 / 6000 [ 45%]  (Sampling) 
Chain 4 Iteration: 2700 / 6000 [ 45%]  (Sampling) 
Chain 3 Iteration: 2800 / 6000 [ 46%]  (Sampling) 
Chain 2 Iteration: 2700 / 6000 [ 45%]  (Sampling) 
Chain 1 Iteration: 2800 / 6000 [ 46%]  (Sampling) 
Chain 4 Iteration: 2800 / 6000 [ 46%]  (Sampling) 
Chain 3 Iteration: 2900 / 6000 [ 48%]  (Sampling) 
Chain 2 Iteration: 2800 / 6000 [ 46%]  (Sampling) 
Chain 1 Iteration: 2900 / 6000 [ 48%]  (Sampling) 
Chain 4 Iteration: 2900 / 6000 [ 48%]  (Sampling) 
Chain 3 Iteration: 3000 / 6000 [ 50%]  (Sampling) 
Chain 2 Iteration: 2900 / 6000 [ 48%]  (Sampling) 
Chain 1 Iteration: 3000 / 6000 [ 50%]  (Sampling) 
Chain 4 Iteration: 3000 / 6000 [ 50%]  (Sampling) 
Chain 3 Iteration: 3100 / 6000 [ 51%]  (Sampling) 
Chain 2 Iteration: 3000 / 6000 [ 50%]  (Sampling) 
Chain 1 Iteration: 3100 / 6000 [ 51%]  (Sampling) 
Chain 4 Iteration: 3100 / 6000 [ 51%]  (Sampling) 
Chain 3 Iteration: 3200 / 6000 [ 53%]  (Sampling) 
Chain 2 Iteration: 3100 / 6000 [ 51%]  (Sampling) 
Chain 1 Iteration: 3200 / 6000 [ 53%]  (Sampling) 
Chain 4 Iteration: 3200 / 6000 [ 53%]  (Sampling) 
Chain 3 Iteration: 3300 / 6000 [ 55%]  (Sampling) 
Chain 2 Iteration: 3200 / 6000 [ 53%]  (Sampling) 
Chain 1 Iteration: 3300 / 6000 [ 55%]  (Sampling) 
Chain 4 Iteration: 3300 / 6000 [ 55%]  (Sampling) 
Chain 3 Iteration: 3400 / 6000 [ 56%]  (Sampling) 
Chain 2 Iteration: 3300 / 6000 [ 55%]  (Sampling) 
Chain 1 Iteration: 3400 / 6000 [ 56%]  (Sampling) 
Chain 4 Iteration: 3400 / 6000 [ 56%]  (Sampling) 
Chain 3 Iteration: 3500 / 6000 [ 58%]  (Sampling) 
Chain 2 Iteration: 3400 / 6000 [ 56%]  (Sampling) 
Chain 1 Iteration: 3500 / 6000 [ 58%]  (Sampling) 
Chain 4 Iteration: 3500 / 6000 [ 58%]  (Sampling) 
Chain 3 Iteration: 3600 / 6000 [ 60%]  (Sampling) 
Chain 2 Iteration: 3500 / 6000 [ 58%]  (Sampling) 
Chain 1 Iteration: 3600 / 6000 [ 60%]  (Sampling) 
Chain 4 Iteration: 3600 / 6000 [ 60%]  (Sampling) 
Chain 3 Iteration: 3700 / 6000 [ 61%]  (Sampling) 
Chain 2 Iteration: 3600 / 6000 [ 60%]  (Sampling) 
Chain 1 Iteration: 3700 / 6000 [ 61%]  (Sampling) 
Chain 4 Iteration: 3700 / 6000 [ 61%]  (Sampling) 
Chain 3 Iteration: 3800 / 6000 [ 63%]  (Sampling) 
Chain 2 Iteration: 3700 / 6000 [ 61%]  (Sampling) 
Chain 1 Iteration: 3800 / 6000 [ 63%]  (Sampling) 
Chain 3 Iteration: 3900 / 6000 [ 65%]  (Sampling) 
Chain 4 Iteration: 3800 / 6000 [ 63%]  (Sampling) 
Chain 2 Iteration: 3800 / 6000 [ 63%]  (Sampling) 
Chain 1 Iteration: 3900 / 6000 [ 65%]  (Sampling) 
Chain 3 Iteration: 4000 / 6000 [ 66%]  (Sampling) 
Chain 4 Iteration: 3900 / 6000 [ 65%]  (Sampling) 
Chain 2 Iteration: 3900 / 6000 [ 65%]  (Sampling) 
Chain 1 Iteration: 4000 / 6000 [ 66%]  (Sampling) 
Chain 3 Iteration: 4100 / 6000 [ 68%]  (Sampling) 
Chain 4 Iteration: 4000 / 6000 [ 66%]  (Sampling) 
Chain 2 Iteration: 4000 / 6000 [ 66%]  (Sampling) 
Chain 1 Iteration: 4100 / 6000 [ 68%]  (Sampling) 
Chain 3 Iteration: 4200 / 6000 [ 70%]  (Sampling) 
Chain 4 Iteration: 4100 / 6000 [ 68%]  (Sampling) 
Chain 2 Iteration: 4100 / 6000 [ 68%]  (Sampling) 
Chain 1 Iteration: 4200 / 6000 [ 70%]  (Sampling) 
Chain 3 Iteration: 4300 / 6000 [ 71%]  (Sampling) 
Chain 4 Iteration: 4200 / 6000 [ 70%]  (Sampling) 
Chain 2 Iteration: 4200 / 6000 [ 70%]  (Sampling) 
Chain 1 Iteration: 4300 / 6000 [ 71%]  (Sampling) 
Chain 3 Iteration: 4400 / 6000 [ 73%]  (Sampling) 
Chain 4 Iteration: 4300 / 6000 [ 71%]  (Sampling) 
Chain 2 Iteration: 4300 / 6000 [ 71%]  (Sampling) 
Chain 1 Iteration: 4400 / 6000 [ 73%]  (Sampling) 
Chain 3 Iteration: 4500 / 6000 [ 75%]  (Sampling) 
Chain 4 Iteration: 4400 / 6000 [ 73%]  (Sampling) 
Chain 2 Iteration: 4400 / 6000 [ 73%]  (Sampling) 
Chain 1 Iteration: 4500 / 6000 [ 75%]  (Sampling) 
Chain 3 Iteration: 4600 / 6000 [ 76%]  (Sampling) 
Chain 4 Iteration: 4500 / 6000 [ 75%]  (Sampling) 
Chain 2 Iteration: 4500 / 6000 [ 75%]  (Sampling) 
Chain 1 Iteration: 4600 / 6000 [ 76%]  (Sampling) 
Chain 3 Iteration: 4700 / 6000 [ 78%]  (Sampling) 
Chain 4 Iteration: 4600 / 6000 [ 76%]  (Sampling) 
Chain 2 Iteration: 4600 / 6000 [ 76%]  (Sampling) 
Chain 1 Iteration: 4700 / 6000 [ 78%]  (Sampling) 
Chain 3 Iteration: 4800 / 6000 [ 80%]  (Sampling) 
Chain 4 Iteration: 4700 / 6000 [ 78%]  (Sampling) 
Chain 2 Iteration: 4700 / 6000 [ 78%]  (Sampling) 
Chain 1 Iteration: 4800 / 6000 [ 80%]  (Sampling) 
Chain 3 Iteration: 4900 / 6000 [ 81%]  (Sampling) 
Chain 4 Iteration: 4800 / 6000 [ 80%]  (Sampling) 
Chain 2 Iteration: 4800 / 6000 [ 80%]  (Sampling) 
Chain 1 Iteration: 4900 / 6000 [ 81%]  (Sampling) 
Chain 3 Iteration: 5000 / 6000 [ 83%]  (Sampling) 
Chain 4 Iteration: 4900 / 6000 [ 81%]  (Sampling) 
Chain 2 Iteration: 4900 / 6000 [ 81%]  (Sampling) 
Chain 1 Iteration: 5000 / 6000 [ 83%]  (Sampling) 
Chain 3 Iteration: 5100 / 6000 [ 85%]  (Sampling) 
Chain 4 Iteration: 5000 / 6000 [ 83%]  (Sampling) 
Chain 2 Iteration: 5000 / 6000 [ 83%]  (Sampling) 
Chain 1 Iteration: 5100 / 6000 [ 85%]  (Sampling) 
Chain 3 Iteration: 5200 / 6000 [ 86%]  (Sampling) 
Chain 4 Iteration: 5100 / 6000 [ 85%]  (Sampling) 
Chain 2 Iteration: 5100 / 6000 [ 85%]  (Sampling) 
Chain 3 Iteration: 5300 / 6000 [ 88%]  (Sampling) 
Chain 1 Iteration: 5200 / 6000 [ 86%]  (Sampling) 
Chain 4 Iteration: 5200 / 6000 [ 86%]  (Sampling) 
Chain 2 Iteration: 5200 / 6000 [ 86%]  (Sampling) 
Chain 3 Iteration: 5400 / 6000 [ 90%]  (Sampling) 
Chain 4 Iteration: 5300 / 6000 [ 88%]  (Sampling) 
Chain 1 Iteration: 5300 / 6000 [ 88%]  (Sampling) 
Chain 2 Iteration: 5300 / 6000 [ 88%]  (Sampling) 
Chain 3 Iteration: 5500 / 6000 [ 91%]  (Sampling) 
Chain 4 Iteration: 5400 / 6000 [ 90%]  (Sampling) 
Chain 1 Iteration: 5400 / 6000 [ 90%]  (Sampling) 
Chain 2 Iteration: 5400 / 6000 [ 90%]  (Sampling) 
Chain 3 Iteration: 5600 / 6000 [ 93%]  (Sampling) 
Chain 4 Iteration: 5500 / 6000 [ 91%]  (Sampling) 
Chain 1 Iteration: 5500 / 6000 [ 91%]  (Sampling) 
Chain 2 Iteration: 5500 / 6000 [ 91%]  (Sampling) 
Chain 3 Iteration: 5700 / 6000 [ 95%]  (Sampling) 
Chain 4 Iteration: 5600 / 6000 [ 93%]  (Sampling) 
Chain 1 Iteration: 5600 / 6000 [ 93%]  (Sampling) 
Chain 2 Iteration: 5600 / 6000 [ 93%]  (Sampling) 
Chain 3 Iteration: 5800 / 6000 [ 96%]  (Sampling) 
Chain 4 Iteration: 5700 / 6000 [ 95%]  (Sampling) 
Chain 1 Iteration: 5700 / 6000 [ 95%]  (Sampling) 
Chain 2 Iteration: 5700 / 6000 [ 95%]  (Sampling) 
Chain 3 Iteration: 5900 / 6000 [ 98%]  (Sampling) 
Chain 4 Iteration: 5800 / 6000 [ 96%]  (Sampling) 
Chain 1 Iteration: 5800 / 6000 [ 96%]  (Sampling) 
Chain 2 Iteration: 5800 / 6000 [ 96%]  (Sampling) 
Chain 3 Iteration: 6000 / 6000 [100%]  (Sampling) 
Chain 4 Iteration: 5900 / 6000 [ 98%]  (Sampling) 
Chain 3 finished in 1555.2 seconds.
Chain 2 Iteration: 5900 / 6000 [ 98%]  (Sampling) 
Chain 1 Iteration: 5900 / 6000 [ 98%]  (Sampling) 
Chain 4 Iteration: 6000 / 6000 [100%]  (Sampling) 
Chain 4 finished in 1578.0 seconds.
Chain 2 Iteration: 6000 / 6000 [100%]  (Sampling) 
Chain 2 finished in 1579.3 seconds.
Chain 1 Iteration: 6000 / 6000 [100%]  (Sampling) 
Chain 1 finished in 1579.9 seconds.

All 4 chains finished successfully.
Mean chain execution time: 1573.1 seconds.
Total execution time: 1580.1 seconds.

[1] "Processing draws 1 to 100"
[1] "Chunk time = 51.9800221920013"
[1] "Processing draws 101 to 200"
[1] "Chunk time = 17.8595407009125"
[1] "Processing draws 201 to 300"
[1] "Chunk time = 17.0644924640656"
[1] "Processing draws 301 to 400"
[1] "Chunk time = 17.3504383563995"
[1] "Processing draws 401 to 500"
[1] "Chunk time = 16.9463911056519"
[1] "Processing draws 501 to 600"
[1] "Chunk time = 17.3440179824829"
[1] "Processing draws 601 to 700"
[1] "Chunk time = 17.1264958381653"
[1] "Processing draws 701 to 800"
[1] "Chunk time = 17.0049216747284"
[1] "Processing draws 801 to 900"
[1] "Chunk time = 17.0453975200653"
[1] "Processing draws 901 to 1000"
[1] "Chunk time = 17.0075745582581"
[1] "Processing draws 1001 to 1100"
[1] "Chunk time = 17.1080965995789"
[1] "Processing draws 1101 to 1200"
[1] "Chunk time = 17.2448418140411"
[1] "Processing draws 1201 to 1300"
[1] "Chunk time = 17.4730787277222"
[1] "Processing draws 1301 to 1400"
[1] "Chunk time = 17.2832922935486"
[1] "Processing draws 1401 to 1500"
[1] "Chunk time = 17.443421125412"
[1] "Processing draws 1501 to 1600"
[1] "Chunk time = 17.2142541408539"
[1] "Processing draws 1601 to 1700"
[1] "Chunk time = 17.2992324829102"
[1] "Processing draws 1701 to 1800"
[1] "Chunk time = 16.9672949314117"
[1] "Processing draws 1801 to 1900"
[1] "Chunk time = 17.0929863452911"
[1] "Processing draws 1901 to 2000"
[1] "Chunk time = 17.4233386516571"
[1] "Processing draws 2001 to 2100"
[1] "Chunk time = 17.179078578949"
[1] "Processing draws 2101 to 2200"
[1] "Chunk time = 17.7003517150879"
[1] "Processing draws 2201 to 2300"
[1] "Chunk time = 17.1504998207092"
[1] "Processing draws 2301 to 2400"
[1] "Chunk time = 17.2143659591675"
[1] "Processing draws 2401 to 2500"
[1] "Chunk time = 17.1049747467041"
[1] "Processing draws 2501 to 2600"
[1] "Chunk time = 17.0914423465729"
[1] "Processing draws 2601 to 2700"
[1] "Chunk time = 17.303117275238"
[1] "Processing draws 2701 to 2800"
[1] "Chunk time = 17.1493830680847"
[1] "Processing draws 2801 to 2900"
[1] "Chunk time = 17.0996377468109"
[1] "Processing draws 2901 to 3000"
[1] "Chunk time = 17.0256452560425"
[1] "Processing draws 3001 to 3100"
[1] "Chunk time = 17.1763415336609"
[1] "Processing draws 3101 to 3200"
[1] "Chunk time = 17.1009905338287"
[1] "Processing draws 3201 to 3300"
[1] "Chunk time = 17.161568403244"
[1] "Processing draws 3301 to 3400"
[1] "Chunk time = 17.0673086643219"
[1] "Processing draws 3401 to 3500"
[1] "Chunk time = 17.5142307281494"
[1] "Processing draws 3501 to 3600"
[1] "Chunk time = 17.1741213798523"
[1] "Processing draws 3601 to 3700"
[1] "Chunk time = 17.2062592506409"
[1] "Processing draws 3701 to 3800"
[1] "Chunk time = 17.4194271564484"
[1] "Processing draws 3801 to 3900"
[1] "Chunk time = 17.3291194438934"
[1] "Processing draws 3901 to 4000"
[1] "Chunk time = 17.4749290943146"
[1] "Processing draws 4001 to 4100"
[1] "Chunk time = 17.5042884349823"
[1] "Processing draws 4101 to 4200"
[1] "Chunk time = 17.3261368274689"
[1] "Processing draws 4201 to 4300"
[1] "Chunk time = 17.1367363929749"
[1] "Processing draws 4301 to 4400"
[1] "Chunk time = 17.2448356151581"
[1] "Processing draws 4401 to 4500"
[1] "Chunk time = 17.1267294883728"
[1] "Processing draws 4501 to 4600"
[1] "Chunk time = 17.2298891544342"
[1] "Processing draws 4601 to 4700"
[1] "Chunk time = 17.36208319664"
[1] "Processing draws 4701 to 4800"
[1] "Chunk time = 16.8225247859955"
[1] "Processing draws 4801 to 4900"
[1] "Chunk time = 17.2872507572174"
[1] "Processing draws 4901 to 5000"
[1] "Chunk time = 16.951681137085"
[1] "Processing draws 5001 to 5100"
[1] "Chunk time = 17.0744783878326"
[1] "Processing draws 5101 to 5200"
[1] "Chunk time = 16.9605379104614"
[1] "Processing draws 5201 to 5300"
[1] "Chunk time = 17.045357465744"
[1] "Processing draws 5301 to 5400"
[1] "Chunk time = 16.6055135726929"
[1] "Processing draws 5401 to 5500"
[1] "Chunk time = 17.0322027206421"
[1] "Processing draws 5501 to 5600"
[1] "Chunk time = 16.9060642719269"
[1] "Processing draws 5601 to 5700"
[1] "Chunk time = 17.5049231052399"
[1] "Processing draws 5701 to 5800"
[1] "Chunk time = 17.2028276920319"
[1] "Processing draws 5801 to 5900"
[1] "Chunk time = 17.4476461410522"
[1] "Processing draws 5901 to 6000"
[1] "Chunk time = 17.7832450866699"
[1] "Processing draws 6001 to 6100"
[1] "Chunk time = 17.3488903045654"
[1] "Processing draws 6101 to 6200"
[1] "Chunk time = 17.7729861736298"
[1] "Processing draws 6201 to 6300"
[1] "Chunk time = 17.5554251670837"
[1] "Processing draws 6301 to 6400"
[1] "Chunk time = 17.8092737197876"
[1] "Processing draws 6401 to 6500"
[1] "Chunk time = 17.4614670276642"
[1] "Processing draws 6501 to 6600"
[1] "Chunk time = 17.5823254585266"
[1] "Processing draws 6601 to 6700"
[1] "Chunk time = 17.5385940074921"
[1] "Processing draws 6701 to 6800"
[1] "Chunk time = 17.4346046447754"
[1] "Processing draws 6801 to 6900"
[1] "Chunk time = 17.2814693450928"
[1] "Processing draws 6901 to 7000"
[1] "Chunk time = 17.4144163131714"
[1] "Processing draws 7001 to 7100"
[1] "Chunk time = 17.6022212505341"
[1] "Processing draws 7101 to 7200"
[1] "Chunk time = 17.4586124420166"
[1] "Processing draws 7201 to 7300"
[1] "Chunk time = 17.5850756168365"
[1] "Processing draws 7301 to 7400"
[1] "Chunk time = 17.4014484882355"
[1] "Processing draws 7401 to 7500"
[1] "Chunk time = 17.7245674133301"
[1] "Processing draws 7501 to 7600"
[1] "Chunk time = 17.3412804603577"
[1] "Processing draws 7601 to 7700"
[1] "Chunk time = 17.9047238826752"
[1] "Processing draws 7701 to 7800"
[1] "Chunk time = 17.6291103363037"
[1] "Processing draws 7801 to 7900"
[1] "Chunk time = 17.6340947151184"
[1] "Processing draws 7901 to 8000"
[1] "Chunk time = 17.5161497592926"
[1] "Processing draws 8001 to 8100"
[1] "Chunk time = 17.7684054374695"
[1] "Processing draws 8101 to 8200"
[1] "Chunk time = 17.5473024845123"
[1] "Processing draws 8201 to 8300"
[1] "Chunk time = 17.8969435691833"
[1] "Processing draws 8301 to 8400"
[1] "Chunk time = 17.9561219215393"
[1] "Processing draws 8401 to 8500"
[1] "Chunk time = 17.5077896118164"
[1] "Processing draws 8501 to 8600"
[1] "Chunk time = 17.8291282653809"
[1] "Processing draws 8601 to 8700"
[1] "Chunk time = 17.6497378349304"
[1] "Processing draws 8701 to 8800"
[1] "Chunk time = 17.9865493774414"
[1] "Processing draws 8801 to 8900"
[1] "Chunk time = 18.1859850883484"
[1] "Processing draws 8901 to 9000"
[1] "Chunk time = 18.3109636306763"
[1] "Processing draws 9001 to 9100"
[1] "Chunk time = 18.154655456543"
[1] "Processing draws 9101 to 9200"
[1] "Chunk time = 18.1523406505585"
[1] "Processing draws 9201 to 9300"
[1] "Chunk time = 17.7497932910919"
[1] "Processing draws 9301 to 9400"
[1] "Chunk time = 17.8767371177673"
[1] "Processing draws 9401 to 9500"
[1] "Chunk time = 17.8976604938507"
[1] "Processing draws 9501 to 9600"
[1] "Chunk time = 17.648291349411"
[1] "Processing draws 9601 to 9700"
[1] "Chunk time = 17.613840341568"
[1] "Processing draws 9701 to 9800"
[1] "Chunk time = 17.6659896373749"
[1] "Processing draws 9801 to 9900"
[1] "Chunk time = 17.998833656311"
[1] "Processing draws 9901 to 10000"
[1] "Chunk time = 17.7960045337677"
[1] "Processing draws 10001 to 10100"
[1] "Chunk time = 17.9521863460541"
[1] "Processing draws 10101 to 10200"
[1] "Chunk time = 17.7554910182953"
[1] "Processing draws 10201 to 10300"
[1] "Chunk time = 18.0664248466492"
[1] "Processing draws 10301 to 10400"
[1] "Chunk time = 17.8288488388062"
[1] "Processing draws 10401 to 10500"
[1] "Chunk time = 17.902978181839"
[1] "Processing draws 10501 to 10600"
[1] "Chunk time = 17.7746953964233"
[1] "Processing draws 10601 to 10700"
[1] "Chunk time = 17.8989157676697"
[1] "Processing draws 10701 to 10800"
[1] "Chunk time = 18.1331117153168"
[1] "Processing draws 10801 to 10900"
[1] "Chunk time = 17.7208642959595"
[1] "Processing draws 10901 to 11000"
[1] "Chunk time = 18.1455600261688"
[1] "Processing draws 11001 to 11100"
[1] "Chunk time = 17.8664638996124"
[1] "Processing draws 11101 to 11200"
[1] "Chunk time = 17.9592657089233"
[1] "Processing draws 11201 to 11300"
[1] "Chunk time = 17.862117767334"
[1] "Processing draws 11301 to 11400"
[1] "Chunk time = 18.1276190280914"
[1] "Processing draws 11401 to 11500"
[1] "Chunk time = 17.9344062805176"
[1] "Processing draws 11501 to 11600"
[1] "Chunk time = 18.0148327350616"
[1] "Processing draws 11601 to 11700"
[1] "Chunk time = 17.9590203762054"
[1] "Processing draws 11701 to 11800"
[1] "Chunk time = 18.2857739925385"
[1] "Processing draws 11801 to 11900"
[1] "Chunk time = 17.9598832130432"
[1] "Processing draws 11901 to 12000"
[1] "Chunk time = 17.8060114383698"
[1] "Processing draws 12001 to 12100"
[1] "Chunk time = 18.2298321723938"
[1] "Processing draws 12101 to 12200"
[1] "Chunk time = 17.7497544288635"
[1] "Processing draws 12201 to 12300"
[1] "Chunk time = 18.0789403915405"
[1] "Processing draws 12301 to 12400"
[1] "Chunk time = 17.8038222789764"
[1] "Processing draws 12401 to 12500"
[1] "Chunk time = 18.1009285449982"
[1] "Processing draws 12501 to 12600"
[1] "Chunk time = 17.7084584236145"
[1] "Processing draws 12601 to 12700"
[1] "Chunk time = 17.8426072597504"
[1] "Processing draws 12701 to 12800"
[1] "Chunk time = 17.4729223251343"
[1] "Processing draws 12801 to 12900"
[1] "Chunk time = 17.9820432662964"
[1] "Processing draws 12901 to 13000"
[1] "Chunk time = 17.4208722114563"
[1] "Processing draws 13001 to 13100"
[1] "Chunk time = 18.0172636508942"
[1] "Processing draws 13101 to 13200"
[1] "Chunk time = 17.7744708061218"
[1] "Processing draws 13201 to 13300"
[1] "Chunk time = 17.9689090251923"
[1] "Processing draws 13301 to 13400"
[1] "Chunk time = 18.0120596885681"
[1] "Processing draws 13401 to 13500"
[1] "Chunk time = 17.892641544342"
[1] "Processing draws 13501 to 13600"
[1] "Chunk time = 17.7480525970459"
[1] "Processing draws 13601 to 13700"
[1] "Chunk time = 17.472235918045"
[1] "Processing draws 13701 to 13800"
[1] "Chunk time = 17.7444403171539"
[1] "Processing draws 13801 to 13900"
[1] "Chunk time = 17.4226973056793"
[1] "Processing draws 13901 to 14000"
[1] "Chunk time = 17.5491359233856"
[1] "Processing draws 14001 to 14100"
[1] "Chunk time = 17.5972874164581"
[1] "Processing draws 14101 to 14200"
[1] "Chunk time = 17.4183716773987"
[1] "Processing draws 14201 to 14300"
[1] "Chunk time = 17.6073892116547"
[1] "Processing draws 14301 to 14400"
[1] "Chunk time = 17.6673274040222"
[1] "Processing draws 14401 to 14500"
[1] "Chunk time = 17.7052457332611"
[1] "Processing draws 14501 to 14600"
[1] "Chunk time = 17.6195447444916"
[1] "Processing draws 14601 to 14700"
[1] "Chunk time = 17.8402314186096"
[1] "Processing draws 14701 to 14800"
[1] "Chunk time = 17.5407102108002"
[1] "Processing draws 14801 to 14900"
[1] "Chunk time = 17.8552272319794"
[1] "Processing draws 14901 to 15000"
[1] "Chunk time = 17.6223304271698"
[1] "Processing draws 15001 to 15100"
[1] "Chunk time = 17.3854365348816"
[1] "Processing draws 15101 to 15200"
[1] "Chunk time = 17.7053184509277"
[1] "Processing draws 15201 to 15300"
[1] "Chunk time = 17.6388120651245"
[1] "Processing draws 15301 to 15400"
[1] "Chunk time = 17.634211063385"
[1] "Processing draws 15401 to 15500"
[1] "Chunk time = 17.7596318721771"
[1] "Processing draws 15501 to 15600"
[1] "Chunk time = 17.717794418335"
[1] "Processing draws 15601 to 15700"
[1] "Chunk time = 17.5692961215973"
[1] "Processing draws 15701 to 15800"
[1] "Chunk time = 17.8771359920502"
[1] "Processing draws 15801 to 15900"
[1] "Chunk time = 17.5344350337982"
[1] "Processing draws 15901 to 16000"
[1] "Chunk time = 17.7095282077789"
[1] "Processing draws 16001 to 16100"
[1] "Chunk time = 17.7557783126831"
[1] "Processing draws 16101 to 16200"
[1] "Chunk time = 17.7570791244507"
[1] "Processing draws 16201 to 16300"
[1] "Chunk time = 17.5370008945465"
[1] "Processing draws 16301 to 16400"
[1] "Chunk time = 17.4439392089844"
[1] "Processing draws 16401 to 16500"
[1] "Chunk time = 17.8749387264252"
[1] "Processing draws 16501 to 16600"
[1] "Chunk time = 18.1893177032471"
[1] "Processing draws 16601 to 16700"
[1] "Chunk time = 18.0795783996582"
[1] "Processing draws 16701 to 16800"
[1] "Chunk time = 17.6178424358368"
[1] "Processing draws 16801 to 16900"
[1] "Chunk time = 18.2551593780518"
[1] "Processing draws 16901 to 17000"
[1] "Chunk time = 17.7594923973083"
[1] "Processing draws 17001 to 17100"
[1] "Chunk time = 17.843784570694"
[1] "Processing draws 17101 to 17200"
[1] "Chunk time = 17.6085526943207"
[1] "Processing draws 17201 to 17300"
[1] "Chunk time = 18.0730378627777"
[1] "Processing draws 17301 to 17400"
[1] "Chunk time = 17.5801160335541"
[1] "Processing draws 17401 to 17500"
[1] "Chunk time = 17.9720408916473"
[1] "Processing draws 17501 to 17600"
[1] "Chunk time = 17.7367458343506"
[1] "Processing draws 17601 to 17700"
[1] "Chunk time = 17.7525374889374"
[1] "Processing draws 17701 to 17800"
[1] "Chunk time = 17.6649067401886"
[1] "Processing draws 17801 to 17900"
[1] "Chunk time = 17.7994954586029"
[1] "Processing draws 17901 to 18000"
[1] "Chunk time = 17.5472135543823"
[1] "Processing draws 18001 to 18100"
[1] "Chunk time = 17.1166212558746"
[1] "Processing draws 18101 to 18200"
[1] "Chunk time = 17.2752840518951"
[1] "Processing draws 18201 to 18300"
[1] "Chunk time = 17.0494096279144"
[1] "Processing draws 18301 to 18400"
[1] "Chunk time = 17.0550656318665"
[1] "Processing draws 18401 to 18500"
[1] "Chunk time = 16.9553549289703"
[1] "Processing draws 18501 to 18600"
[1] "Chunk time = 16.9955701828003"
[1] "Processing draws 18601 to 18700"
[1] "Chunk time = 16.7004759311676"
[1] "Processing draws 18701 to 18800"
[1] "Chunk time = 17.1426250934601"
[1] "Processing draws 18801 to 18900"
[1] "Chunk time = 17.1181216239929"
[1] "Processing draws 18901 to 19000"
[1] "Chunk time = 17.1228985786438"
[1] "Processing draws 19001 to 19100"
[1] "Chunk time = 17.1798045635223"
[1] "Processing draws 19101 to 19200"
[1] "Chunk time = 17.0725340843201"
[1] "Processing draws 19201 to 19300"
[1] "Chunk time = 17.0963788032532"
[1] "Processing draws 19301 to 19400"
[1] "Chunk time = 16.9982478618622"
[1] "Processing draws 19401 to 19500"
[1] "Chunk time = 17.3520467281342"
[1] "Processing draws 19501 to 19600"
[1] "Chunk time = 16.8842217922211"
[1] "Processing draws 19601 to 19700"
[1] "Chunk time = 17.1170830726624"
[1] "Processing draws 19701 to 19800"
[1] "Chunk time = 17.1424582004547"
[1] "Processing draws 19801 to 19900"
[1] "Chunk time = 17.1243042945862"
[1] "Processing draws 19901 to 20000"
[1] "Chunk time = 17.0972864627838"
[1] "done lapplying"
[1] "Saving current params"
[1] "Saving params to output.rds"
[1] TRUE
