[1] "Starting sampling."
Running MCMC with 4 parallel chains, with 4 thread(s) per chain...

Chain 2 Iteration:    1 / 6000 [  0%]  (Warmup) 
Chain 3 Iteration:    1 / 6000 [  0%]  (Warmup) 
Chain 4 Iteration:    1 / 6000 [  0%]  (Warmup) 
Chain 1 Iteration:    1 / 6000 [  0%]  (Warmup) 
Chain 1 Iteration:  100 / 6000 [  1%]  (Warmup) 
Chain 3 Iteration:  100 / 6000 [  1%]  (Warmup) 
Chain 2 Iteration:  100 / 6000 [  1%]  (Warmup) 
Chain 4 Iteration:  100 / 6000 [  1%]  (Warmup) 
Chain 1 Iteration:  200 / 6000 [  3%]  (Warmup) 
Chain 3 Iteration:  200 / 6000 [  3%]  (Warmup) 
Chain 2 Iteration:  200 / 6000 [  3%]  (Warmup) 
Chain 4 Iteration:  200 / 6000 [  3%]  (Warmup) 
Chain 1 Iteration:  300 / 6000 [  5%]  (Warmup) 
Chain 3 Iteration:  300 / 6000 [  5%]  (Warmup) 
Chain 2 Iteration:  300 / 6000 [  5%]  (Warmup) 
Chain 1 Iteration:  400 / 6000 [  6%]  (Warmup) 
Chain 4 Iteration:  300 / 6000 [  5%]  (Warmup) 
Chain 3 Iteration:  400 / 6000 [  6%]  (Warmup) 
Chain 2 Iteration:  400 / 6000 [  6%]  (Warmup) 
Chain 1 Iteration:  500 / 6000 [  8%]  (Warmup) 
Chain 4 Iteration:  400 / 6000 [  6%]  (Warmup) 
Chain 3 Iteration:  500 / 6000 [  8%]  (Warmup) 
Chain 1 Iteration:  600 / 6000 [ 10%]  (Warmup) 
Chain 2 Iteration:  500 / 6000 [  8%]  (Warmup) 
Chain 4 Iteration:  500 / 6000 [  8%]  (Warmup) 
Chain 3 Iteration:  600 / 6000 [ 10%]  (Warmup) 
Chain 1 Iteration:  700 / 6000 [ 11%]  (Warmup) 
Chain 2 Iteration:  600 / 6000 [ 10%]  (Warmup) 
Chain 4 Iteration:  600 / 6000 [ 10%]  (Warmup) 
Chain 3 Iteration:  700 / 6000 [ 11%]  (Warmup) 
Chain 2 Iteration:  700 / 6000 [ 11%]  (Warmup) 
Chain 1 Iteration:  800 / 6000 [ 13%]  (Warmup) 
Chain 4 Iteration:  700 / 6000 [ 11%]  (Warmup) 
Chain 3 Iteration:  800 / 6000 [ 13%]  (Warmup) 
Chain 2 Iteration:  800 / 6000 [ 13%]  (Warmup) 
Chain 1 Iteration:  900 / 6000 [ 15%]  (Warmup) 
Chain 4 Iteration:  800 / 6000 [ 13%]  (Warmup) 
Chain 3 Iteration:  900 / 6000 [ 15%]  (Warmup) 
Chain 2 Iteration:  900 / 6000 [ 15%]  (Warmup) 
Chain 1 Iteration: 1000 / 6000 [ 16%]  (Warmup) 
Chain 1 Iteration: 1001 / 6000 [ 16%]  (Sampling) 
Chain 4 Iteration:  900 / 6000 [ 15%]  (Warmup) 
Chain 3 Iteration: 1000 / 6000 [ 16%]  (Warmup) 
Chain 3 Iteration: 1001 / 6000 [ 16%]  (Sampling) 
Chain 2 Iteration: 1000 / 6000 [ 16%]  (Warmup) 
Chain 2 Iteration: 1001 / 6000 [ 16%]  (Sampling) 
Chain 1 Iteration: 1100 / 6000 [ 18%]  (Sampling) 
Chain 4 Iteration: 1000 / 6000 [ 16%]  (Warmup) 
Chain 4 Iteration: 1001 / 6000 [ 16%]  (Sampling) 
Chain 3 Iteration: 1100 / 6000 [ 18%]  (Sampling) 
Chain 2 Iteration: 1100 / 6000 [ 18%]  (Sampling) 
Chain 1 Iteration: 1200 / 6000 [ 20%]  (Sampling) 
Chain 4 Iteration: 1100 / 6000 [ 18%]  (Sampling) 
Chain 3 Iteration: 1200 / 6000 [ 20%]  (Sampling) 
Chain 2 Iteration: 1200 / 6000 [ 20%]  (Sampling) 
Chain 4 Iteration: 1200 / 6000 [ 20%]  (Sampling) 
Chain 1 Iteration: 1300 / 6000 [ 21%]  (Sampling) 
Chain 3 Iteration: 1300 / 6000 [ 21%]  (Sampling) 
Chain 2 Iteration: 1300 / 6000 [ 21%]  (Sampling) 
Chain 4 Iteration: 1300 / 6000 [ 21%]  (Sampling) 
Chain 1 Iteration: 1400 / 6000 [ 23%]  (Sampling) 
Chain 3 Iteration: 1400 / 6000 [ 23%]  (Sampling) 
Chain 2 Iteration: 1400 / 6000 [ 23%]  (Sampling) 
Chain 4 Iteration: 1400 / 6000 [ 23%]  (Sampling) 
Chain 1 Iteration: 1500 / 6000 [ 25%]  (Sampling) 
Chain 2 Iteration: 1500 / 6000 [ 25%]  (Sampling) 
Chain 3 Iteration: 1500 / 6000 [ 25%]  (Sampling) 
Chain 4 Iteration: 1500 / 6000 [ 25%]  (Sampling) 
Chain 1 Iteration: 1600 / 6000 [ 26%]  (Sampling) 
Chain 4 Iteration: 1600 / 6000 [ 26%]  (Sampling) 
Chain 2 Iteration: 1600 / 6000 [ 26%]  (Sampling) 
Chain 3 Iteration: 1600 / 6000 [ 26%]  (Sampling) 
Chain 1 Iteration: 1700 / 6000 [ 28%]  (Sampling) 
Chain 4 Iteration: 1700 / 6000 [ 28%]  (Sampling) 
Chain 2 Iteration: 1700 / 6000 [ 28%]  (Sampling) 
Chain 3 Iteration: 1700 / 6000 [ 28%]  (Sampling) 
Chain 1 Iteration: 1800 / 6000 [ 30%]  (Sampling) 
Chain 4 Iteration: 1800 / 6000 [ 30%]  (Sampling) 
Chain 2 Iteration: 1800 / 6000 [ 30%]  (Sampling) 
Chain 1 Iteration: 1900 / 6000 [ 31%]  (Sampling) 
Chain 3 Iteration: 1800 / 6000 [ 30%]  (Sampling) 
Chain 4 Iteration: 1900 / 6000 [ 31%]  (Sampling) 
Chain 2 Iteration: 1900 / 6000 [ 31%]  (Sampling) 
Chain 1 Iteration: 2000 / 6000 [ 33%]  (Sampling) 
Chain 3 Iteration: 1900 / 6000 [ 31%]  (Sampling) 
Chain 4 Iteration: 2000 / 6000 [ 33%]  (Sampling) 
Chain 2 Iteration: 2000 / 6000 [ 33%]  (Sampling) 
Chain 1 Iteration: 2100 / 6000 [ 35%]  (Sampling) 
Chain 3 Iteration: 2000 / 6000 [ 33%]  (Sampling) 
Chain 4 Iteration: 2100 / 6000 [ 35%]  (Sampling) 
Chain 2 Iteration: 2100 / 6000 [ 35%]  (Sampling) 
Chain 1 Iteration: 2200 / 6000 [ 36%]  (Sampling) 
Chain 3 Iteration: 2100 / 6000 [ 35%]  (Sampling) 
Chain 4 Iteration: 2200 / 6000 [ 36%]  (Sampling) 
Chain 1 Iteration: 2300 / 6000 [ 38%]  (Sampling) 
Chain 2 Iteration: 2200 / 6000 [ 36%]  (Sampling) 
Chain 3 Iteration: 2200 / 6000 [ 36%]  (Sampling) 
Chain 4 Iteration: 2300 / 6000 [ 38%]  (Sampling) 
Chain 1 Iteration: 2400 / 6000 [ 40%]  (Sampling) 
Chain 2 Iteration: 2300 / 6000 [ 38%]  (Sampling) 
Chain 3 Iteration: 2300 / 6000 [ 38%]  (Sampling) 
Chain 4 Iteration: 2400 / 6000 [ 40%]  (Sampling) 
Chain 1 Iteration: 2500 / 6000 [ 41%]  (Sampling) 
Chain 2 Iteration: 2400 / 6000 [ 40%]  (Sampling) 
Chain 3 Iteration: 2400 / 6000 [ 40%]  (Sampling) 
Chain 4 Iteration: 2500 / 6000 [ 41%]  (Sampling) 
Chain 1 Iteration: 2600 / 6000 [ 43%]  (Sampling) 
Chain 2 Iteration: 2500 / 6000 [ 41%]  (Sampling) 
Chain 4 Iteration: 2600 / 6000 [ 43%]  (Sampling) 
Chain 3 Iteration: 2500 / 6000 [ 41%]  (Sampling) 
Chain 1 Iteration: 2700 / 6000 [ 45%]  (Sampling) 
Chain 2 Iteration: 2600 / 6000 [ 43%]  (Sampling) 
Chain 4 Iteration: 2700 / 6000 [ 45%]  (Sampling) 
Chain 3 Iteration: 2600 / 6000 [ 43%]  (Sampling) 
Chain 1 Iteration: 2800 / 6000 [ 46%]  (Sampling) 
Chain 2 Iteration: 2700 / 6000 [ 45%]  (Sampling) 
Chain 4 Iteration: 2800 / 6000 [ 46%]  (Sampling) 
Chain 3 Iteration: 2700 / 6000 [ 45%]  (Sampling) 
Chain 1 Iteration: 2900 / 6000 [ 48%]  (Sampling) 
Chain 2 Iteration: 2800 / 6000 [ 46%]  (Sampling) 
Chain 4 Iteration: 2900 / 6000 [ 48%]  (Sampling) 
Chain 3 Iteration: 2800 / 6000 [ 46%]  (Sampling) 
Chain 1 Iteration: 3000 / 6000 [ 50%]  (Sampling) 
Chain 2 Iteration: 2900 / 6000 [ 48%]  (Sampling) 
Chain 4 Iteration: 3000 / 6000 [ 50%]  (Sampling) 
Chain 3 Iteration: 2900 / 6000 [ 48%]  (Sampling) 
Chain 1 Iteration: 3100 / 6000 [ 51%]  (Sampling) 
Chain 2 Iteration: 3000 / 6000 [ 50%]  (Sampling) 
Chain 4 Iteration: 3100 / 6000 [ 51%]  (Sampling) 
Chain 3 Iteration: 3000 / 6000 [ 50%]  (Sampling) 
Chain 1 Iteration: 3200 / 6000 [ 53%]  (Sampling) 
Chain 4 Iteration: 3200 / 6000 [ 53%]  (Sampling) 
Chain 2 Iteration: 3100 / 6000 [ 51%]  (Sampling) 
Chain 3 Iteration: 3100 / 6000 [ 51%]  (Sampling) 
Chain 1 Iteration: 3300 / 6000 [ 55%]  (Sampling) 
Chain 4 Iteration: 3300 / 6000 [ 55%]  (Sampling) 
Chain 2 Iteration: 3200 / 6000 [ 53%]  (Sampling) 
Chain 3 Iteration: 3200 / 6000 [ 53%]  (Sampling) 
Chain 1 Iteration: 3400 / 6000 [ 56%]  (Sampling) 
Chain 4 Iteration: 3400 / 6000 [ 56%]  (Sampling) 
Chain 2 Iteration: 3300 / 6000 [ 55%]  (Sampling) 
Chain 3 Iteration: 3300 / 6000 [ 55%]  (Sampling) 
Chain 1 Iteration: 3500 / 6000 [ 58%]  (Sampling) 
Chain 4 Iteration: 3500 / 6000 [ 58%]  (Sampling) 
Chain 2 Iteration: 3400 / 6000 [ 56%]  (Sampling) 
Chain 3 Iteration: 3400 / 6000 [ 56%]  (Sampling) 
Chain 4 Iteration: 3600 / 6000 [ 60%]  (Sampling) 
Chain 1 Iteration: 3600 / 6000 [ 60%]  (Sampling) 
Chain 2 Iteration: 3500 / 6000 [ 58%]  (Sampling) 
Chain 3 Iteration: 3500 / 6000 [ 58%]  (Sampling) 
Chain 4 Iteration: 3700 / 6000 [ 61%]  (Sampling) 
Chain 1 Iteration: 3700 / 6000 [ 61%]  (Sampling) 
Chain 2 Iteration: 3600 / 6000 [ 60%]  (Sampling) 
Chain 4 Iteration: 3800 / 6000 [ 63%]  (Sampling) 
Chain 3 Iteration: 3600 / 6000 [ 60%]  (Sampling) 
Chain 1 Iteration: 3800 / 6000 [ 63%]  (Sampling) 
Chain 2 Iteration: 3700 / 6000 [ 61%]  (Sampling) 
Chain 4 Iteration: 3900 / 6000 [ 65%]  (Sampling) 
Chain 1 Iteration: 3900 / 6000 [ 65%]  (Sampling) 
Chain 3 Iteration: 3700 / 6000 [ 61%]  (Sampling) 
Chain 2 Iteration: 3800 / 6000 [ 63%]  (Sampling) 
Chain 4 Iteration: 4000 / 6000 [ 66%]  (Sampling) 
Chain 1 Iteration: 4000 / 6000 [ 66%]  (Sampling) 
Chain 3 Iteration: 3800 / 6000 [ 63%]  (Sampling) 
Chain 2 Iteration: 3900 / 6000 [ 65%]  (Sampling) 
Chain 4 Iteration: 4100 / 6000 [ 68%]  (Sampling) 
Chain 1 Iteration: 4100 / 6000 [ 68%]  (Sampling) 
Chain 3 Iteration: 3900 / 6000 [ 65%]  (Sampling) 
Chain 2 Iteration: 4000 / 6000 [ 66%]  (Sampling) 
Chain 4 Iteration: 4200 / 6000 [ 70%]  (Sampling) 
Chain 1 Iteration: 4200 / 6000 [ 70%]  (Sampling) 
Chain 3 Iteration: 4000 / 6000 [ 66%]  (Sampling) 
Chain 2 Iteration: 4100 / 6000 [ 68%]  (Sampling) 
Chain 4 Iteration: 4300 / 6000 [ 71%]  (Sampling) 
Chain 1 Iteration: 4300 / 6000 [ 71%]  (Sampling) 
Chain 3 Iteration: 4100 / 6000 [ 68%]  (Sampling) 
Chain 2 Iteration: 4200 / 6000 [ 70%]  (Sampling) 
Chain 4 Iteration: 4400 / 6000 [ 73%]  (Sampling) 
Chain 1 Iteration: 4400 / 6000 [ 73%]  (Sampling) 
Chain 3 Iteration: 4200 / 6000 [ 70%]  (Sampling) 
Chain 2 Iteration: 4300 / 6000 [ 71%]  (Sampling) 
Chain 4 Iteration: 4500 / 6000 [ 75%]  (Sampling) 
Chain 1 Iteration: 4500 / 6000 [ 75%]  (Sampling) 
Chain 3 Iteration: 4300 / 6000 [ 71%]  (Sampling) 
Chain 2 Iteration: 4400 / 6000 [ 73%]  (Sampling) 
Chain 4 Iteration: 4600 / 6000 [ 76%]  (Sampling) 
Chain 1 Iteration: 4600 / 6000 [ 76%]  (Sampling) 
Chain 3 Iteration: 4400 / 6000 [ 73%]  (Sampling) 
Chain 2 Iteration: 4500 / 6000 [ 75%]  (Sampling) 
Chain 4 Iteration: 4700 / 6000 [ 78%]  (Sampling) 
Chain 1 Iteration: 4700 / 6000 [ 78%]  (Sampling) 
Chain 3 Iteration: 4500 / 6000 [ 75%]  (Sampling) 
Chain 4 Iteration: 4800 / 6000 [ 80%]  (Sampling) 
Chain 2 Iteration: 4600 / 6000 [ 76%]  (Sampling) 
Chain 1 Iteration: 4800 / 6000 [ 80%]  (Sampling) 
Chain 4 Iteration: 4900 / 6000 [ 81%]  (Sampling) 
Chain 3 Iteration: 4600 / 6000 [ 76%]  (Sampling) 
Chain 2 Iteration: 4700 / 6000 [ 78%]  (Sampling) 
Chain 1 Iteration: 4900 / 6000 [ 81%]  (Sampling) 
Chain 4 Iteration: 5000 / 6000 [ 83%]  (Sampling) 
Chain 3 Iteration: 4700 / 6000 [ 78%]  (Sampling) 
Chain 2 Iteration: 4800 / 6000 [ 80%]  (Sampling) 
Chain 1 Iteration: 5000 / 6000 [ 83%]  (Sampling) 
Chain 4 Iteration: 5100 / 6000 [ 85%]  (Sampling) 
Chain 3 Iteration: 4800 / 6000 [ 80%]  (Sampling) 
Chain 2 Iteration: 4900 / 6000 [ 81%]  (Sampling) 
Chain 1 Iteration: 5100 / 6000 [ 85%]  (Sampling) 
Chain 4 Iteration: 5200 / 6000 [ 86%]  (Sampling) 
Chain 2 Iteration: 5000 / 6000 [ 83%]  (Sampling) 
Chain 3 Iteration: 4900 / 6000 [ 81%]  (Sampling) 
Chain 1 Iteration: 5200 / 6000 [ 86%]  (Sampling) 
Chain 4 Iteration: 5300 / 6000 [ 88%]  (Sampling) 
Chain 2 Iteration: 5100 / 6000 [ 85%]  (Sampling) 
Chain 3 Iteration: 5000 / 6000 [ 83%]  (Sampling) 
Chain 1 Iteration: 5300 / 6000 [ 88%]  (Sampling) 
Chain 4 Iteration: 5400 / 6000 [ 90%]  (Sampling) 
Chain 2 Iteration: 5200 / 6000 [ 86%]  (Sampling) 
Chain 3 Iteration: 5100 / 6000 [ 85%]  (Sampling) 
Chain 1 Iteration: 5400 / 6000 [ 90%]  (Sampling) 
Chain 4 Iteration: 5500 / 6000 [ 91%]  (Sampling) 
Chain 2 Iteration: 5300 / 6000 [ 88%]  (Sampling) 
Chain 3 Iteration: 5200 / 6000 [ 86%]  (Sampling) 
Chain 1 Iteration: 5500 / 6000 [ 91%]  (Sampling) 
Chain 4 Iteration: 5600 / 6000 [ 93%]  (Sampling) 
Chain 2 Iteration: 5400 / 6000 [ 90%]  (Sampling) 
Chain 3 Iteration: 5300 / 6000 [ 88%]  (Sampling) 
Chain 1 Iteration: 5600 / 6000 [ 93%]  (Sampling) 
Chain 4 Iteration: 5700 / 6000 [ 95%]  (Sampling) 
Chain 2 Iteration: 5500 / 6000 [ 91%]  (Sampling) 
Chain 3 Iteration: 5400 / 6000 [ 90%]  (Sampling) 
Chain 1 Iteration: 5700 / 6000 [ 95%]  (Sampling) 
Chain 4 Iteration: 5800 / 6000 [ 96%]  (Sampling) 
Chain 2 Iteration: 5600 / 6000 [ 93%]  (Sampling) 
Chain 3 Iteration: 5500 / 6000 [ 91%]  (Sampling) 
Chain 4 Iteration: 5900 / 6000 [ 98%]  (Sampling) 
Chain 1 Iteration: 5800 / 6000 [ 96%]  (Sampling) 
Chain 2 Iteration: 5700 / 6000 [ 95%]  (Sampling) 
Chain 4 Iteration: 6000 / 6000 [100%]  (Sampling) 
Chain 4 finished in 1248.4 seconds.
Chain 3 Iteration: 5600 / 6000 [ 93%]  (Sampling) 
Chain 1 Iteration: 5900 / 6000 [ 98%]  (Sampling) 
Chain 2 Iteration: 5800 / 6000 [ 96%]  (Sampling) 
Chain 1 Iteration: 6000 / 6000 [100%]  (Sampling) 
Chain 1 finished in 1266.6 seconds.
Chain 3 Iteration: 5700 / 6000 [ 95%]  (Sampling) 
Chain 2 Iteration: 5900 / 6000 [ 98%]  (Sampling) 
Chain 3 Iteration: 5800 / 6000 [ 96%]  (Sampling) 
Chain 2 Iteration: 6000 / 6000 [100%]  (Sampling) 
Chain 2 finished in 1298.7 seconds.
Chain 3 Iteration: 5900 / 6000 [ 98%]  (Sampling) 
Chain 3 Iteration: 6000 / 6000 [100%]  (Sampling) 
Chain 3 finished in 1320.9 seconds.

All 4 chains finished successfully.
Mean chain execution time: 1283.6 seconds.
Total execution time: 1321.3 seconds.

[1] "Processing draws 1 to 100"
[1] "Chunk time = 49.7468965053558"
[1] "Processing draws 101 to 200"
[1] "Chunk time = 15.307966709137"
[1] "Processing draws 201 to 300"
[1] "Chunk time = 14.1171638965607"
[1] "Processing draws 301 to 400"
[1] "Chunk time = 14.6308970451355"
[1] "Processing draws 401 to 500"
[1] "Chunk time = 14.3510944843292"
[1] "Processing draws 501 to 600"
[1] "Chunk time = 14.4919865131378"
[1] "Processing draws 601 to 700"
[1] "Chunk time = 14.9779207706451"
[1] "Processing draws 701 to 800"
[1] "Chunk time = 14.6628925800323"
[1] "Processing draws 801 to 900"
[1] "Chunk time = 14.7922353744507"
[1] "Processing draws 901 to 1000"
[1] "Chunk time = 14.827250957489"
[1] "Processing draws 1001 to 1100"
[1] "Chunk time = 14.8276889324188"
[1] "Processing draws 1101 to 1200"
[1] "Chunk time = 14.8567833900452"
[1] "Processing draws 1201 to 1300"
[1] "Chunk time = 14.7988088130951"
[1] "Processing draws 1301 to 1400"
[1] "Chunk time = 14.8873128890991"
[1] "Processing draws 1401 to 1500"
[1] "Chunk time = 14.7892155647278"
[1] "Processing draws 1501 to 1600"
[1] "Chunk time = 14.6518876552582"
[1] "Processing draws 1601 to 1700"
[1] "Chunk time = 14.6443808078766"
[1] "Processing draws 1701 to 1800"
[1] "Chunk time = 14.8433344364166"
[1] "Processing draws 1801 to 1900"
[1] "Chunk time = 14.634405374527"
[1] "Processing draws 1901 to 2000"
[1] "Chunk time = 14.6391143798828"
[1] "Processing draws 2001 to 2100"
[1] "Chunk time = 14.6807479858398"
[1] "Processing draws 2101 to 2200"
[1] "Chunk time = 14.4268567562103"
[1] "Processing draws 2201 to 2300"
[1] "Chunk time = 14.6688952445984"
[1] "Processing draws 2301 to 2400"
[1] "Chunk time = 14.4764242172241"
[1] "Processing draws 2401 to 2500"
[1] "Chunk time = 14.7053236961365"
[1] "Processing draws 2501 to 2600"
[1] "Chunk time = 14.6728382110596"
[1] "Processing draws 2601 to 2700"
[1] "Chunk time = 14.3183989524841"
[1] "Processing draws 2701 to 2800"
[1] "Chunk time = 14.6730971336365"
[1] "Processing draws 2801 to 2900"
[1] "Chunk time = 14.9117588996887"
[1] "Processing draws 2901 to 3000"
[1] "Chunk time = 14.253931760788"
[1] "Processing draws 3001 to 3100"
[1] "Chunk time = 14.4064571857452"
[1] "Processing draws 3101 to 3200"
[1] "Chunk time = 14.8069665431976"
[1] "Processing draws 3201 to 3300"
[1] "Chunk time = 15.1078305244446"
[1] "Processing draws 3301 to 3400"
[1] "Chunk time = 14.4432272911072"
[1] "Processing draws 3401 to 3500"
[1] "Chunk time = 14.5266742706299"
[1] "Processing draws 3501 to 3600"
[1] "Chunk time = 14.9420456886292"
[1] "Processing draws 3601 to 3700"
[1] "Chunk time = 14.4697127342224"
[1] "Processing draws 3701 to 3800"
[1] "Chunk time = 14.6671345233917"
[1] "Processing draws 3801 to 3900"
[1] "Chunk time = 14.5877752304077"
[1] "Processing draws 3901 to 4000"
[1] "Chunk time = 14.5997939109802"
[1] "Processing draws 4001 to 4100"
[1] "Chunk time = 14.7092626094818"
[1] "Processing draws 4101 to 4200"
[1] "Chunk time = 14.4970371723175"
[1] "Processing draws 4201 to 4300"
[1] "Chunk time = 14.4344811439514"
[1] "Processing draws 4301 to 4400"
[1] "Chunk time = 14.4084966182709"
[1] "Processing draws 4401 to 4500"
[1] "Chunk time = 14.5409545898438"
[1] "Processing draws 4501 to 4600"
[1] "Chunk time = 14.7052137851715"
[1] "Processing draws 4601 to 4700"
[1] "Chunk time = 14.4922659397125"
[1] "Processing draws 4701 to 4800"
[1] "Chunk time = 14.5409409999847"
[1] "Processing draws 4801 to 4900"
[1] "Chunk time = 14.5641345977783"
[1] "Processing draws 4901 to 5000"
[1] "Chunk time = 14.5711014270782"
[1] "Processing draws 5001 to 5100"
[1] "Chunk time = 14.5908923149109"
[1] "Processing draws 5101 to 5200"
[1] "Chunk time = 14.4740087985992"
[1] "Processing draws 5201 to 5300"
[1] "Chunk time = 14.7377712726593"
[1] "Processing draws 5301 to 5400"
[1] "Chunk time = 14.3996217250824"
[1] "Processing draws 5401 to 5500"
[1] "Chunk time = 14.2298665046692"
[1] "Processing draws 5501 to 5600"
[1] "Chunk time = 14.1501519680023"
[1] "Processing draws 5601 to 5700"
[1] "Chunk time = 14.0260787010193"
[1] "Processing draws 5701 to 5800"
[1] "Chunk time = 13.9520478248596"
[1] "Processing draws 5801 to 5900"
[1] "Chunk time = 13.9684867858887"
[1] "Processing draws 5901 to 6000"
[1] "Chunk time = 13.9047431945801"
[1] "Processing draws 6001 to 6100"
[1] "Chunk time = 14.2717664241791"
[1] "Processing draws 6101 to 6200"
[1] "Chunk time = 14.066427230835"
[1] "Processing draws 6201 to 6300"
[1] "Chunk time = 13.7904844284058"
[1] "Processing draws 6301 to 6400"
[1] "Chunk time = 13.934494972229"
[1] "Processing draws 6401 to 6500"
[1] "Chunk time = 14.0868625640869"
[1] "Processing draws 6501 to 6600"
[1] "Chunk time = 14.1937611103058"
[1] "Processing draws 6601 to 6700"
[1] "Chunk time = 13.9682438373566"
[1] "Processing draws 6701 to 6800"
[1] "Chunk time = 14.0805702209473"
[1] "Processing draws 6801 to 6900"
[1] "Chunk time = 14.1539347171783"
[1] "Processing draws 6901 to 7000"
[1] "Chunk time = 13.9271011352539"
[1] "Processing draws 7001 to 7100"
[1] "Chunk time = 14.205687046051"
[1] "Processing draws 7101 to 7200"
[1] "Chunk time = 14.0610949993134"
[1] "Processing draws 7201 to 7300"
[1] "Chunk time = 14.1930019855499"
[1] "Processing draws 7301 to 7400"
[1] "Chunk time = 14.371659040451"
[1] "Processing draws 7401 to 7500"
[1] "Chunk time = 14.5056986808777"
[1] "Processing draws 7501 to 7600"
[1] "Chunk time = 14.7328953742981"
[1] "Processing draws 7601 to 7700"
[1] "Chunk time = 14.8700888156891"
[1] "Processing draws 7701 to 7800"
[1] "Chunk time = 14.8791286945343"
[1] "Processing draws 7801 to 7900"
[1] "Chunk time = 14.6890590190887"
[1] "Processing draws 7901 to 8000"
[1] "Chunk time = 14.6108491420746"
[1] "Processing draws 8001 to 8100"
[1] "Chunk time = 15.2393946647644"
[1] "Processing draws 8101 to 8200"
[1] "Chunk time = 14.9009599685669"
[1] "Processing draws 8201 to 8300"
[1] "Chunk time = 14.7619845867157"
[1] "Processing draws 8301 to 8400"
[1] "Chunk time = 14.7102546691895"
[1] "Processing draws 8401 to 8500"
[1] "Chunk time = 14.6115865707397"
[1] "Processing draws 8501 to 8600"
[1] "Chunk time = 15.3210616111755"
[1] "Processing draws 8601 to 8700"
[1] "Chunk time = 14.8841533660889"
[1] "Processing draws 8701 to 8800"
[1] "Chunk time = 14.8144333362579"
[1] "Processing draws 8801 to 8900"
[1] "Chunk time = 15.2785246372223"
[1] "Processing draws 8901 to 9000"
[1] "Chunk time = 14.7040462493896"
[1] "Processing draws 9001 to 9100"
[1] "Chunk time = 15.3235940933228"
[1] "Processing draws 9101 to 9200"
[1] "Chunk time = 15.2135422229767"
[1] "Processing draws 9201 to 9300"
[1] "Chunk time = 15.0792889595032"
[1] "Processing draws 9301 to 9400"
[1] "Chunk time = 15.2322337627411"
[1] "Processing draws 9401 to 9500"
[1] "Chunk time = 14.9956777095795"
[1] "Processing draws 9501 to 9600"
[1] "Chunk time = 15.3331739902496"
[1] "Processing draws 9601 to 9700"
[1] "Chunk time = 15.3190886974335"
[1] "Processing draws 9701 to 9800"
[1] "Chunk time = 15.3679211139679"
[1] "Processing draws 9801 to 9900"
[1] "Chunk time = 15.0987484455109"
[1] "Processing draws 9901 to 10000"
[1] "Chunk time = 15.1293313503265"
[1] "Processing draws 10001 to 10100"
[1] "Chunk time = 15.6250092983246"
[1] "Processing draws 10101 to 10200"
[1] "Chunk time = 15.3234014511108"
[1] "Processing draws 10201 to 10300"
[1] "Chunk time = 14.9313938617706"
[1] "Processing draws 10301 to 10400"
[1] "Chunk time = 15.0240681171417"
[1] "Processing draws 10401 to 10500"
[1] "Chunk time = 15.0847656726837"
[1] "Processing draws 10501 to 10600"
[1] "Chunk time = 15.2352242469788"
[1] "Processing draws 10601 to 10700"
[1] "Chunk time = 14.9276175498962"
[1] "Processing draws 10701 to 10800"
[1] "Chunk time = 14.986533164978"
[1] "Processing draws 10801 to 10900"
[1] "Chunk time = 15.1575262546539"
[1] "Processing draws 10901 to 11000"
[1] "Chunk time = 15.075169801712"
[1] "Processing draws 11001 to 11100"
[1] "Chunk time = 14.7171862125397"
[1] "Processing draws 11101 to 11200"
[1] "Chunk time = 15.0434579849243"
[1] "Processing draws 11201 to 11300"
[1] "Chunk time = 15.234459400177"
[1] "Processing draws 11301 to 11400"
[1] "Chunk time = 15.0501177310944"
[1] "Processing draws 11401 to 11500"
[1] "Chunk time = 15.2312386035919"
[1] "Processing draws 11501 to 11600"
[1] "Chunk time = 15.2820768356323"
[1] "Processing draws 11601 to 11700"
[1] "Chunk time = 15.1233737468719"
[1] "Processing draws 11701 to 11800"
[1] "Chunk time = 15.1788158416748"
[1] "Processing draws 11801 to 11900"
[1] "Chunk time = 14.8919603824615"
[1] "Processing draws 11901 to 12000"
[1] "Chunk time = 15.1275119781494"
[1] "Processing draws 12001 to 12100"
[1] "Chunk time = 15.4164257049561"
[1] "Processing draws 12101 to 12200"
[1] "Chunk time = 15.1869840621948"
[1] "Processing draws 12201 to 12300"
[1] "Chunk time = 15.0895903110504"
[1] "Processing draws 12301 to 12400"
[1] "Chunk time = 15.2085883617401"
[1] "Processing draws 12401 to 12500"
[1] "Chunk time = 15.3063986301422"
[1] "Processing draws 12501 to 12600"
[1] "Chunk time = 15.658355474472"
[1] "Processing draws 12601 to 12700"
[1] "Chunk time = 15.3086452484131"
[1] "Processing draws 12701 to 12800"
[1] "Chunk time = 15.2598912715912"
[1] "Processing draws 12801 to 12900"
[1] "Chunk time = 15.4803900718689"
[1] "Processing draws 12901 to 13000"
[1] "Chunk time = 15.2482101917267"
[1] "Processing draws 13001 to 13100"
[1] "Chunk time = 15.4180729389191"
[1] "Processing draws 13101 to 13200"
[1] "Chunk time = 15.3819773197174"
[1] "Processing draws 13201 to 13300"
[1] "Chunk time = 15.373251914978"
[1] "Processing draws 13301 to 13400"
[1] "Chunk time = 15.4997408390045"
[1] "Processing draws 13401 to 13500"
[1] "Chunk time = 15.2919981479645"
[1] "Processing draws 13501 to 13600"
[1] "Chunk time = 15.511424779892"
[1] "Processing draws 13601 to 13700"
[1] "Chunk time = 15.4644336700439"
[1] "Processing draws 13701 to 13800"
[1] "Chunk time = 15.3277328014374"
[1] "Processing draws 13801 to 13900"
[1] "Chunk time = 15.3446455001831"
[1] "Processing draws 13901 to 14000"
[1] "Chunk time = 15.4091453552246"
[1] "Processing draws 14001 to 14100"
[1] "Chunk time = 15.6410975456238"
[1] "Processing draws 14101 to 14200"
[1] "Chunk time = 15.356885433197"
[1] "Processing draws 14201 to 14300"
[1] "Chunk time = 15.3363664150238"
[1] "Processing draws 14301 to 14400"
[1] "Chunk time = 15.4317247867584"
[1] "Processing draws 14401 to 14500"
[1] "Chunk time = 15.3533143997192"
[1] "Processing draws 14501 to 14600"
[1] "Chunk time = 15.6941990852356"
[1] "Processing draws 14601 to 14700"
[1] "Chunk time = 15.4632315635681"
[1] "Processing draws 14701 to 14800"
[1] "Chunk time = 15.2729992866516"
[1] "Processing draws 14801 to 14900"
[1] "Chunk time = 15.5055711269379"
[1] "Processing draws 14901 to 15000"
[1] "Chunk time = 15.1624898910522"
[1] "Processing draws 15001 to 15100"
[1] "Chunk time = 15.2748599052429"
[1] "Processing draws 15101 to 15200"
[1] "Chunk time = 15.0794365406036"
[1] "Processing draws 15201 to 15300"
[1] "Chunk time = 15.344048500061"
[1] "Processing draws 15301 to 15400"
[1] "Chunk time = 15.307665348053"
[1] "Processing draws 15401 to 15500"
[1] "Chunk time = 15.0012998580933"
[1] "Processing draws 15501 to 15600"
[1] "Chunk time = 15.3362324237823"
[1] "Processing draws 15601 to 15700"
[1] "Chunk time = 15.2828643321991"
[1] "Processing draws 15701 to 15800"
[1] "Chunk time = 15.2492485046387"
[1] "Processing draws 15801 to 15900"
[1] "Chunk time = 15.3192503452301"
[1] "Processing draws 15901 to 16000"
[1] "Chunk time = 15.1338052749634"
[1] "Processing draws 16001 to 16100"
[1] "Chunk time = 15.5108103752136"
[1] "Processing draws 16101 to 16200"
[1] "Chunk time = 15.2901425361633"
[1] "Processing draws 16201 to 16300"
[1] "Chunk time = 15.2476143836975"
[1] "Processing draws 16301 to 16400"
[1] "Chunk time = 15.1723651885986"
[1] "Processing draws 16401 to 16500"
[1] "Chunk time = 15.3549160957336"
[1] "Processing draws 16501 to 16600"
[1] "Chunk time = 15.2937853336334"
[1] "Processing draws 16601 to 16700"
[1] "Chunk time = 15.340475320816"
[1] "Processing draws 16701 to 16800"
[1] "Chunk time = 15.2316653728485"
[1] "Processing draws 16801 to 16900"
[1] "Chunk time = 15.2226316928864"
[1] "Processing draws 16901 to 17000"
[1] "Chunk time = 15.2372553348541"
[1] "Processing draws 17001 to 17100"
[1] "Chunk time = 15.184558391571"
[1] "Processing draws 17101 to 17200"
[1] "Chunk time = 15.2837789058685"
[1] "Processing draws 17201 to 17300"
[1] "Chunk time = 15.3753941059113"
[1] "Processing draws 17301 to 17400"
[1] "Chunk time = 15.3931832313538"
[1] "Processing draws 17401 to 17500"
[1] "Chunk time = 15.436208486557"
[1] "Processing draws 17501 to 17600"
[1] "Chunk time = 15.2477960586548"
[1] "Processing draws 17601 to 17700"
[1] "Chunk time = 15.3771016597748"
[1] "Processing draws 17701 to 17800"
[1] "Chunk time = 15.4189059734344"
[1] "Processing draws 17801 to 17900"
[1] "Chunk time = 15.4307746887207"
[1] "Processing draws 17901 to 18000"
[1] "Chunk time = 15.232935667038"
[1] "Processing draws 18001 to 18100"
[1] "Chunk time = 15.3581705093384"
[1] "Processing draws 18101 to 18200"
[1] "Chunk time = 15.4161431789398"
[1] "Processing draws 18201 to 18300"
[1] "Chunk time = 15.4814367294312"
[1] "Processing draws 18301 to 18400"
[1] "Chunk time = 15.3057861328125"
[1] "Processing draws 18401 to 18500"
[1] "Chunk time = 15.3672432899475"
[1] "Processing draws 18501 to 18600"
[1] "Chunk time = 15.3432199954987"
[1] "Processing draws 18601 to 18700"
[1] "Chunk time = 15.2778263092041"
[1] "Processing draws 18701 to 18800"
[1] "Chunk time = 15.592015504837"
[1] "Processing draws 18801 to 18900"
[1] "Chunk time = 15.4214639663696"
[1] "Processing draws 18901 to 19000"
[1] "Chunk time = 15.5072944164276"
[1] "Processing draws 19001 to 19100"
[1] "Chunk time = 15.4747290611267"
[1] "Processing draws 19101 to 19200"
[1] "Chunk time = 15.3987302780151"
[1] "Processing draws 19201 to 19300"
[1] "Chunk time = 15.8021790981293"
[1] "Processing draws 19301 to 19400"
[1] "Chunk time = 15.5492050647736"
[1] "Processing draws 19401 to 19500"
[1] "Chunk time = 15.4915795326233"
[1] "Processing draws 19501 to 19600"
[1] "Chunk time = 15.527722120285"
[1] "Processing draws 19601 to 19700"
[1] "Chunk time = 15.150444984436"
[1] "Processing draws 19701 to 19800"
[1] "Chunk time = 15.491730928421"
[1] "Processing draws 19801 to 19900"
[1] "Chunk time = 15.2215135097504"
[1] "Processing draws 19901 to 20000"
[1] "Chunk time = 15.0919098854065"
[1] "done lapplying"
[1] "Saving current params"
[1] "Saving params to output.rds"
[1] TRUE
