[1] "Starting sampling."
Running MCMC with 4 parallel chains, with 4 thread(s) per chain...

Chain 1 Iteration:    1 / 6000 [  0%]  (Warmup) 
Chain 2 Iteration:    1 / 6000 [  0%]  (Warmup) 
Chain 3 Iteration:    1 / 6000 [  0%]  (Warmup) 
Chain 4 Iteration:    1 / 6000 [  0%]  (Warmup) 
Chain 1 Iteration:  100 / 6000 [  1%]  (Warmup) 
Chain 4 Iteration:  100 / 6000 [  1%]  (Warmup) 
Chain 2 Iteration:  100 / 6000 [  1%]  (Warmup) 
Chain 3 Iteration:  100 / 6000 [  1%]  (Warmup) 
Chain 1 Iteration:  200 / 6000 [  3%]  (Warmup) 
Chain 2 Iteration:  200 / 6000 [  3%]  (Warmup) 
Chain 3 Iteration:  200 / 6000 [  3%]  (Warmup) 
Chain 4 Iteration:  200 / 6000 [  3%]  (Warmup) 
Chain 1 Iteration:  300 / 6000 [  5%]  (Warmup) 
Chain 2 Iteration:  300 / 6000 [  5%]  (Warmup) 
Chain 3 Iteration:  300 / 6000 [  5%]  (Warmup) 
Chain 4 Iteration:  300 / 6000 [  5%]  (Warmup) 
Chain 1 Iteration:  400 / 6000 [  6%]  (Warmup) 
Chain 2 Iteration:  400 / 6000 [  6%]  (Warmup) 
Chain 4 Iteration:  400 / 6000 [  6%]  (Warmup) 
Chain 3 Iteration:  400 / 6000 [  6%]  (Warmup) 
Chain 1 Iteration:  500 / 6000 [  8%]  (Warmup) 
Chain 2 Iteration:  500 / 6000 [  8%]  (Warmup) 
Chain 4 Iteration:  500 / 6000 [  8%]  (Warmup) 
Chain 3 Iteration:  500 / 6000 [  8%]  (Warmup) 
Chain 1 Iteration:  600 / 6000 [ 10%]  (Warmup) 
Chain 2 Iteration:  600 / 6000 [ 10%]  (Warmup) 
Chain 3 Iteration:  600 / 6000 [ 10%]  (Warmup) 
Chain 4 Iteration:  600 / 6000 [ 10%]  (Warmup) 
Chain 1 Iteration:  700 / 6000 [ 11%]  (Warmup) 
Chain 2 Iteration:  700 / 6000 [ 11%]  (Warmup) 
Chain 4 Iteration:  700 / 6000 [ 11%]  (Warmup) 
Chain 3 Iteration:  700 / 6000 [ 11%]  (Warmup) 
Chain 1 Iteration:  800 / 6000 [ 13%]  (Warmup) 
Chain 2 Iteration:  800 / 6000 [ 13%]  (Warmup) 
Chain 4 Iteration:  800 / 6000 [ 13%]  (Warmup) 
Chain 3 Iteration:  800 / 6000 [ 13%]  (Warmup) 
Chain 1 Iteration:  900 / 6000 [ 15%]  (Warmup) 
Chain 2 Iteration:  900 / 6000 [ 15%]  (Warmup) 
Chain 3 Iteration:  900 / 6000 [ 15%]  (Warmup) 
Chain 4 Iteration:  900 / 6000 [ 15%]  (Warmup) 
Chain 1 Iteration: 1000 / 6000 [ 16%]  (Warmup) 
Chain 1 Iteration: 1001 / 6000 [ 16%]  (Sampling) 
Chain 2 Iteration: 1000 / 6000 [ 16%]  (Warmup) 
Chain 2 Iteration: 1001 / 6000 [ 16%]  (Sampling) 
Chain 3 Iteration: 1000 / 6000 [ 16%]  (Warmup) 
Chain 3 Iteration: 1001 / 6000 [ 16%]  (Sampling) 
Chain 4 Iteration: 1000 / 6000 [ 16%]  (Warmup) 
Chain 4 Iteration: 1001 / 6000 [ 16%]  (Sampling) 
Chain 1 Iteration: 1100 / 6000 [ 18%]  (Sampling) 
Chain 2 Iteration: 1100 / 6000 [ 18%]  (Sampling) 
Chain 3 Iteration: 1100 / 6000 [ 18%]  (Sampling) 
Chain 4 Iteration: 1100 / 6000 [ 18%]  (Sampling) 
Chain 1 Iteration: 1200 / 6000 [ 20%]  (Sampling) 
Chain 2 Iteration: 1200 / 6000 [ 20%]  (Sampling) 
Chain 3 Iteration: 1200 / 6000 [ 20%]  (Sampling) 
Chain 4 Iteration: 1200 / 6000 [ 20%]  (Sampling) 
Chain 1 Iteration: 1300 / 6000 [ 21%]  (Sampling) 
Chain 2 Iteration: 1300 / 6000 [ 21%]  (Sampling) 
Chain 3 Iteration: 1300 / 6000 [ 21%]  (Sampling) 
Chain 4 Iteration: 1300 / 6000 [ 21%]  (Sampling) 
Chain 1 Iteration: 1400 / 6000 [ 23%]  (Sampling) 
Chain 2 Iteration: 1400 / 6000 [ 23%]  (Sampling) 
Chain 3 Iteration: 1400 / 6000 [ 23%]  (Sampling) 
Chain 4 Iteration: 1400 / 6000 [ 23%]  (Sampling) 
Chain 1 Iteration: 1500 / 6000 [ 25%]  (Sampling) 
Chain 2 Iteration: 1500 / 6000 [ 25%]  (Sampling) 
Chain 3 Iteration: 1500 / 6000 [ 25%]  (Sampling) 
Chain 4 Iteration: 1500 / 6000 [ 25%]  (Sampling) 
Chain 1 Iteration: 1600 / 6000 [ 26%]  (Sampling) 
Chain 2 Iteration: 1600 / 6000 [ 26%]  (Sampling) 
Chain 3 Iteration: 1600 / 6000 [ 26%]  (Sampling) 
Chain 4 Iteration: 1600 / 6000 [ 26%]  (Sampling) 
Chain 1 Iteration: 1700 / 6000 [ 28%]  (Sampling) 
Chain 2 Iteration: 1700 / 6000 [ 28%]  (Sampling) 
Chain 3 Iteration: 1700 / 6000 [ 28%]  (Sampling) 
Chain 4 Iteration: 1700 / 6000 [ 28%]  (Sampling) 
Chain 1 Iteration: 1800 / 6000 [ 30%]  (Sampling) 
Chain 2 Iteration: 1800 / 6000 [ 30%]  (Sampling) 
Chain 3 Iteration: 1800 / 6000 [ 30%]  (Sampling) 
Chain 4 Iteration: 1800 / 6000 [ 30%]  (Sampling) 
Chain 1 Iteration: 1900 / 6000 [ 31%]  (Sampling) 
Chain 2 Iteration: 1900 / 6000 [ 31%]  (Sampling) 
Chain 3 Iteration: 1900 / 6000 [ 31%]  (Sampling) 
Chain 4 Iteration: 1900 / 6000 [ 31%]  (Sampling) 
Chain 1 Iteration: 2000 / 6000 [ 33%]  (Sampling) 
Chain 2 Iteration: 2000 / 6000 [ 33%]  (Sampling) 
Chain 3 Iteration: 2000 / 6000 [ 33%]  (Sampling) 
Chain 4 Iteration: 2000 / 6000 [ 33%]  (Sampling) 
Chain 1 Iteration: 2100 / 6000 [ 35%]  (Sampling) 
Chain 2 Iteration: 2100 / 6000 [ 35%]  (Sampling) 
Chain 3 Iteration: 2100 / 6000 [ 35%]  (Sampling) 
Chain 4 Iteration: 2100 / 6000 [ 35%]  (Sampling) 
Chain 1 Iteration: 2200 / 6000 [ 36%]  (Sampling) 
Chain 2 Iteration: 2200 / 6000 [ 36%]  (Sampling) 
Chain 3 Iteration: 2200 / 6000 [ 36%]  (Sampling) 
Chain 4 Iteration: 2200 / 6000 [ 36%]  (Sampling) 
Chain 1 Iteration: 2300 / 6000 [ 38%]  (Sampling) 
Chain 2 Iteration: 2300 / 6000 [ 38%]  (Sampling) 
Chain 3 Iteration: 2300 / 6000 [ 38%]  (Sampling) 
Chain 4 Iteration: 2300 / 6000 [ 38%]  (Sampling) 
Chain 1 Iteration: 2400 / 6000 [ 40%]  (Sampling) 
Chain 2 Iteration: 2400 / 6000 [ 40%]  (Sampling) 
Chain 3 Iteration: 2400 / 6000 [ 40%]  (Sampling) 
Chain 4 Iteration: 2400 / 6000 [ 40%]  (Sampling) 
Chain 1 Iteration: 2500 / 6000 [ 41%]  (Sampling) 
Chain 2 Iteration: 2500 / 6000 [ 41%]  (Sampling) 
Chain 3 Iteration: 2500 / 6000 [ 41%]  (Sampling) 
Chain 4 Iteration: 2500 / 6000 [ 41%]  (Sampling) 
Chain 1 Iteration: 2600 / 6000 [ 43%]  (Sampling) 
Chain 2 Iteration: 2600 / 6000 [ 43%]  (Sampling) 
Chain 3 Iteration: 2600 / 6000 [ 43%]  (Sampling) 
Chain 4 Iteration: 2600 / 6000 [ 43%]  (Sampling) 
Chain 1 Iteration: 2700 / 6000 [ 45%]  (Sampling) 
Chain 2 Iteration: 2700 / 6000 [ 45%]  (Sampling) 
Chain 3 Iteration: 2700 / 6000 [ 45%]  (Sampling) 
Chain 4 Iteration: 2700 / 6000 [ 45%]  (Sampling) 
Chain 1 Iteration: 2800 / 6000 [ 46%]  (Sampling) 
Chain 2 Iteration: 2800 / 6000 [ 46%]  (Sampling) 
Chain 3 Iteration: 2800 / 6000 [ 46%]  (Sampling) 
Chain 4 Iteration: 2800 / 6000 [ 46%]  (Sampling) 
Chain 1 Iteration: 2900 / 6000 [ 48%]  (Sampling) 
Chain 2 Iteration: 2900 / 6000 [ 48%]  (Sampling) 
Chain 3 Iteration: 2900 / 6000 [ 48%]  (Sampling) 
Chain 4 Iteration: 2900 / 6000 [ 48%]  (Sampling) 
Chain 1 Iteration: 3000 / 6000 [ 50%]  (Sampling) 
Chain 2 Iteration: 3000 / 6000 [ 50%]  (Sampling) 
Chain 3 Iteration: 3000 / 6000 [ 50%]  (Sampling) 
Chain 4 Iteration: 3000 / 6000 [ 50%]  (Sampling) 
Chain 1 Iteration: 3100 / 6000 [ 51%]  (Sampling) 
Chain 2 Iteration: 3100 / 6000 [ 51%]  (Sampling) 
Chain 3 Iteration: 3100 / 6000 [ 51%]  (Sampling) 
Chain 4 Iteration: 3100 / 6000 [ 51%]  (Sampling) 
Chain 1 Iteration: 3200 / 6000 [ 53%]  (Sampling) 
Chain 2 Iteration: 3200 / 6000 [ 53%]  (Sampling) 
Chain 3 Iteration: 3200 / 6000 [ 53%]  (Sampling) 
Chain 4 Iteration: 3200 / 6000 [ 53%]  (Sampling) 
Chain 1 Iteration: 3300 / 6000 [ 55%]  (Sampling) 
Chain 2 Iteration: 3300 / 6000 [ 55%]  (Sampling) 
Chain 3 Iteration: 3300 / 6000 [ 55%]  (Sampling) 
Chain 4 Iteration: 3300 / 6000 [ 55%]  (Sampling) 
Chain 1 Iteration: 3400 / 6000 [ 56%]  (Sampling) 
Chain 2 Iteration: 3400 / 6000 [ 56%]  (Sampling) 
Chain 3 Iteration: 3400 / 6000 [ 56%]  (Sampling) 
Chain 4 Iteration: 3400 / 6000 [ 56%]  (Sampling) 
Chain 1 Iteration: 3500 / 6000 [ 58%]  (Sampling) 
Chain 2 Iteration: 3500 / 6000 [ 58%]  (Sampling) 
Chain 3 Iteration: 3500 / 6000 [ 58%]  (Sampling) 
Chain 4 Iteration: 3500 / 6000 [ 58%]  (Sampling) 
Chain 1 Iteration: 3600 / 6000 [ 60%]  (Sampling) 
Chain 2 Iteration: 3600 / 6000 [ 60%]  (Sampling) 
Chain 3 Iteration: 3600 / 6000 [ 60%]  (Sampling) 
Chain 4 Iteration: 3600 / 6000 [ 60%]  (Sampling) 
Chain 2 Iteration: 3700 / 6000 [ 61%]  (Sampling) 
Chain 1 Iteration: 3700 / 6000 [ 61%]  (Sampling) 
Chain 3 Iteration: 3700 / 6000 [ 61%]  (Sampling) 
Chain 4 Iteration: 3700 / 6000 [ 61%]  (Sampling) 
Chain 2 Iteration: 3800 / 6000 [ 63%]  (Sampling) 
Chain 1 Iteration: 3800 / 6000 [ 63%]  (Sampling) 
Chain 3 Iteration: 3800 / 6000 [ 63%]  (Sampling) 
Chain 4 Iteration: 3800 / 6000 [ 63%]  (Sampling) 
Chain 2 Iteration: 3900 / 6000 [ 65%]  (Sampling) 
Chain 1 Iteration: 3900 / 6000 [ 65%]  (Sampling) 
Chain 3 Iteration: 3900 / 6000 [ 65%]  (Sampling) 
Chain 4 Iteration: 3900 / 6000 [ 65%]  (Sampling) 
Chain 2 Iteration: 4000 / 6000 [ 66%]  (Sampling) 
Chain 1 Iteration: 4000 / 6000 [ 66%]  (Sampling) 
Chain 3 Iteration: 4000 / 6000 [ 66%]  (Sampling) 
Chain 2 Iteration: 4100 / 6000 [ 68%]  (Sampling) 
Chain 4 Iteration: 4000 / 6000 [ 66%]  (Sampling) 
Chain 1 Iteration: 4100 / 6000 [ 68%]  (Sampling) 
Chain 3 Iteration: 4100 / 6000 [ 68%]  (Sampling) 
Chain 2 Iteration: 4200 / 6000 [ 70%]  (Sampling) 
Chain 1 Iteration: 4200 / 6000 [ 70%]  (Sampling) 
Chain 4 Iteration: 4100 / 6000 [ 68%]  (Sampling) 
Chain 3 Iteration: 4200 / 6000 [ 70%]  (Sampling) 
Chain 2 Iteration: 4300 / 6000 [ 71%]  (Sampling) 
Chain 1 Iteration: 4300 / 6000 [ 71%]  (Sampling) 
Chain 4 Iteration: 4200 / 6000 [ 70%]  (Sampling) 
Chain 3 Iteration: 4300 / 6000 [ 71%]  (Sampling) 
Chain 2 Iteration: 4400 / 6000 [ 73%]  (Sampling) 
Chain 1 Iteration: 4400 / 6000 [ 73%]  (Sampling) 
Chain 4 Iteration: 4300 / 6000 [ 71%]  (Sampling) 
Chain 3 Iteration: 4400 / 6000 [ 73%]  (Sampling) 
Chain 2 Iteration: 4500 / 6000 [ 75%]  (Sampling) 
Chain 1 Iteration: 4500 / 6000 [ 75%]  (Sampling) 
Chain 4 Iteration: 4400 / 6000 [ 73%]  (Sampling) 
Chain 3 Iteration: 4500 / 6000 [ 75%]  (Sampling) 
Chain 2 Iteration: 4600 / 6000 [ 76%]  (Sampling) 
Chain 1 Iteration: 4600 / 6000 [ 76%]  (Sampling) 
Chain 4 Iteration: 4500 / 6000 [ 75%]  (Sampling) 
Chain 3 Iteration: 4600 / 6000 [ 76%]  (Sampling) 
Chain 2 Iteration: 4700 / 6000 [ 78%]  (Sampling) 
Chain 1 Iteration: 4700 / 6000 [ 78%]  (Sampling) 
Chain 4 Iteration: 4600 / 6000 [ 76%]  (Sampling) 
Chain 3 Iteration: 4700 / 6000 [ 78%]  (Sampling) 
Chain 2 Iteration: 4800 / 6000 [ 80%]  (Sampling) 
Chain 1 Iteration: 4800 / 6000 [ 80%]  (Sampling) 
Chain 4 Iteration: 4700 / 6000 [ 78%]  (Sampling) 
Chain 3 Iteration: 4800 / 6000 [ 80%]  (Sampling) 
Chain 2 Iteration: 4900 / 6000 [ 81%]  (Sampling) 
Chain 1 Iteration: 4900 / 6000 [ 81%]  (Sampling) 
Chain 4 Iteration: 4800 / 6000 [ 80%]  (Sampling) 
Chain 3 Iteration: 4900 / 6000 [ 81%]  (Sampling) 
Chain 2 Iteration: 5000 / 6000 [ 83%]  (Sampling) 
Chain 1 Iteration: 5000 / 6000 [ 83%]  (Sampling) 
Chain 4 Iteration: 4900 / 6000 [ 81%]  (Sampling) 
Chain 3 Iteration: 5000 / 6000 [ 83%]  (Sampling) 
Chain 2 Iteration: 5100 / 6000 [ 85%]  (Sampling) 
Chain 1 Iteration: 5100 / 6000 [ 85%]  (Sampling) 
Chain 4 Iteration: 5000 / 6000 [ 83%]  (Sampling) 
Chain 3 Iteration: 5100 / 6000 [ 85%]  (Sampling) 
Chain 2 Iteration: 5200 / 6000 [ 86%]  (Sampling) 
Chain 1 Iteration: 5200 / 6000 [ 86%]  (Sampling) 
Chain 4 Iteration: 5100 / 6000 [ 85%]  (Sampling) 
Chain 3 Iteration: 5200 / 6000 [ 86%]  (Sampling) 
Chain 2 Iteration: 5300 / 6000 [ 88%]  (Sampling) 
Chain 1 Iteration: 5300 / 6000 [ 88%]  (Sampling) 
Chain 4 Iteration: 5200 / 6000 [ 86%]  (Sampling) 
Chain 2 Iteration: 5400 / 6000 [ 90%]  (Sampling) 
Chain 3 Iteration: 5300 / 6000 [ 88%]  (Sampling) 
Chain 1 Iteration: 5400 / 6000 [ 90%]  (Sampling) 
Chain 4 Iteration: 5300 / 6000 [ 88%]  (Sampling) 
Chain 2 Iteration: 5500 / 6000 [ 91%]  (Sampling) 
Chain 3 Iteration: 5400 / 6000 [ 90%]  (Sampling) 
Chain 1 Iteration: 5500 / 6000 [ 91%]  (Sampling) 
Chain 4 Iteration: 5400 / 6000 [ 90%]  (Sampling) 
Chain 2 Iteration: 5600 / 6000 [ 93%]  (Sampling) 
Chain 3 Iteration: 5500 / 6000 [ 91%]  (Sampling) 
Chain 1 Iteration: 5600 / 6000 [ 93%]  (Sampling) 
Chain 4 Iteration: 5500 / 6000 [ 91%]  (Sampling) 
Chain 2 Iteration: 5700 / 6000 [ 95%]  (Sampling) 
Chain 1 Iteration: 5700 / 6000 [ 95%]  (Sampling) 
Chain 3 Iteration: 5600 / 6000 [ 93%]  (Sampling) 
Chain 4 Iteration: 5600 / 6000 [ 93%]  (Sampling) 
Chain 2 Iteration: 5800 / 6000 [ 96%]  (Sampling) 
Chain 1 Iteration: 5800 / 6000 [ 96%]  (Sampling) 
Chain 3 Iteration: 5700 / 6000 [ 95%]  (Sampling) 
Chain 4 Iteration: 5700 / 6000 [ 95%]  (Sampling) 
Chain 2 Iteration: 5900 / 6000 [ 98%]  (Sampling) 
Chain 1 Iteration: 5900 / 6000 [ 98%]  (Sampling) 
Chain 3 Iteration: 5800 / 6000 [ 96%]  (Sampling) 
Chain 4 Iteration: 5800 / 6000 [ 96%]  (Sampling) 
Chain 2 Iteration: 6000 / 6000 [100%]  (Sampling) 
Chain 2 finished in 68198.2 seconds.
Chain 1 Iteration: 6000 / 6000 [100%]  (Sampling) 
Chain 1 finished in 68286.6 seconds.
Chain 3 Iteration: 5900 / 6000 [ 98%]  (Sampling) 
Chain 4 Iteration: 5900 / 6000 [ 98%]  (Sampling) 
Chain 3 Iteration: 6000 / 6000 [100%]  (Sampling) 
Chain 3 finished in 69457.0 seconds.
Chain 4 Iteration: 6000 / 6000 [100%]  (Sampling) 
Chain 4 finished in 69723.6 seconds.

All 4 chains finished successfully.
Mean chain execution time: 68916.4 seconds.
Total execution time: 69724.5 seconds.

[1] "Processing draws 1 to 100"
[1] "Chunk time = 3.30447998444239"
[1] "Processing draws 101 to 200"
[1] "Chunk time = 2.32588287989299"
[1] "Processing draws 201 to 300"
[1] "Chunk time = 2.46022080977758"
[1] "Processing draws 301 to 400"
[1] "Chunk time = 2.09148539304733"
[1] "Processing draws 401 to 500"
[1] "Chunk time = 2.00044778585434"
[1] "Processing draws 501 to 600"
[1] "Chunk time = 1.98169955015182"
[1] "Processing draws 601 to 700"
[1] "Chunk time = 2.07671843369802"
[1] "Processing draws 701 to 800"
[1] "Chunk time = 2.18950392802556"
[1] "Processing draws 801 to 900"
[1] "Chunk time = 2.02233639955521"
[1] "Processing draws 901 to 1000"
[1] "Chunk time = 2.12520990371704"
[1] "Processing draws 1001 to 1100"
[1] "Chunk time = 1.99687088727951"
[1] "Processing draws 1101 to 1200"
[1] "Chunk time = 1.98121837377548"
[1] "Processing draws 1201 to 1300"
[1] "Chunk time = 2.16364063421885"
[1] "Processing draws 1301 to 1400"
[1] "Chunk time = 1.99260394573212"
[1] "Processing draws 1401 to 1500"
[1] "Chunk time = 1.97692907651265"
[1] "Processing draws 1501 to 1600"
[1] "Chunk time = 2.0358619650205"
[1] "Processing draws 1601 to 1700"
[1] "Chunk time = 1.94096547365189"
[1] "Processing draws 1701 to 1800"
[1] "Chunk time = 1.9383814851443"
[1] "Processing draws 1801 to 1900"
[1] "Chunk time = 2.12878238757451"
[1] "Processing draws 1901 to 2000"
[1] "Chunk time = 1.95072788397471"
[1] "Processing draws 2001 to 2100"
[1] "Chunk time = 1.93350305954615"
[1] "Processing draws 2101 to 2200"
[1] "Chunk time = 2.05897909402847"
[1] "Processing draws 2201 to 2300"
[1] "Chunk time = 1.92591067949931"
[1] "Processing draws 2301 to 2400"
[1] "Chunk time = 1.90349344412486"
[1] "Processing draws 2401 to 2500"
[1] "Chunk time = 2.04694689909617"
[1] "Processing draws 2501 to 2600"
[1] "Chunk time = 1.92331485748291"
[1] "Processing draws 2601 to 2700"
[1] "Chunk time = 1.87323325872421"
[1] "Processing draws 2701 to 2800"
[1] "Chunk time = 2.0465282201767"
[1] "Processing draws 2801 to 2900"
[1] "Chunk time = 1.89314495722453"
[1] "Processing draws 2901 to 3000"
[1] "Chunk time = 1.85560438235601"
[1] "Processing draws 3001 to 3100"
[1] "Chunk time = 2.06932995716731"
[1] "Processing draws 3101 to 3200"
[1] "Chunk time = 1.92337981462479"
[1] "Processing draws 3201 to 3300"
[1] "Chunk time = 1.86899958451589"
[1] "Processing draws 3301 to 3400"
[1] "Chunk time = 2.04665463765462"
[1] "Processing draws 3401 to 3500"
[1] "Chunk time = 1.9200278321902"
[1] "Processing draws 3501 to 3600"
[1] "Chunk time = 1.90344005028407"
[1] "Processing draws 3601 to 3700"
[1] "Chunk time = 2.04419175386429"
[1] "Processing draws 3701 to 3800"
[1] "Chunk time = 1.8917473077774"
[1] "Processing draws 3801 to 3900"
[1] "Chunk time = 1.89997475147247"
[1] "Processing draws 3901 to 4000"
[1] "Chunk time = 2.05660111109416"
[1] "Processing draws 4001 to 4100"
[1] "Chunk time = 1.89525864919027"
[1] "Processing draws 4101 to 4200"
[1] "Chunk time = 1.90736115773519"
[1] "Processing draws 4201 to 4300"
[1] "Chunk time = 2.04981279770533"
[1] "Processing draws 4301 to 4400"
[1] "Chunk time = 1.91890689531962"
[1] "Processing draws 4401 to 4500"
[1] "Chunk time = 1.88784478505452"
[1] "Processing draws 4501 to 4600"
[1] "Chunk time = 2.06430691878001"
[1] "Processing draws 4601 to 4700"
[1] "Chunk time = 1.90583163499832"
[1] "Processing draws 4701 to 4800"
[1] "Chunk time = 1.87774164279302"
[1] "Processing draws 4801 to 4900"
[1] "Chunk time = 1.97364512681961"
[1] "Processing draws 4901 to 5000"
[1] "Chunk time = 1.91915735403697"
[1] "Processing draws 5001 to 5100"
[1] "Chunk time = 1.86604758103689"
[1] "Processing draws 5101 to 5200"
[1] "Chunk time = 2.05637183189392"
[1] "Processing draws 5201 to 5300"
[1] "Chunk time = 1.89598622322083"
[1] "Processing draws 5301 to 5400"
[1] "Chunk time = 1.85891084671021"
[1] "Processing draws 5401 to 5500"
[1] "Chunk time = 1.99161740144094"
[1] "Processing draws 5501 to 5600"
[1] "Chunk time = 1.89262997706731"
[1] "Processing draws 5601 to 5700"
[1] "Chunk time = 1.86532076597214"
[1] "Processing draws 5701 to 5800"
[1] "Chunk time = 2.0451810280482"
[1] "Processing draws 5801 to 5900"
[1] "Chunk time = 1.87303297917048"
[1] "Processing draws 5901 to 6000"
[1] "Chunk time = 1.91818073193232"
[1] "Processing draws 6001 to 6100"
[1] "Chunk time = 2.04286898374558"
[1] "Processing draws 6101 to 6200"
[1] "Chunk time = 1.88545894622803"
[1] "Processing draws 6201 to 6300"
[1] "Chunk time = 1.85574104388555"
[1] "Processing draws 6301 to 6400"
[1] "Chunk time = 2.0462267835935"
[1] "Processing draws 6401 to 6500"
[1] "Chunk time = 1.8844563404719"
[1] "Processing draws 6501 to 6600"
[1] "Chunk time = 1.89908630450567"
[1] "Processing draws 6601 to 6700"
[1] "Chunk time = 2.05266833702723"
[1] "Processing draws 6701 to 6800"
[1] "Chunk time = 1.88831368287404"
[1] "Processing draws 6801 to 6900"
[1] "Chunk time = 1.90133565664291"
[1] "Processing draws 6901 to 7000"
[1] "Chunk time = 2.03985205491384"
[1] "Processing draws 7001 to 7100"
[1] "Chunk time = 1.88708803653717"
[1] "Processing draws 7101 to 7200"
[1] "Chunk time = 1.87396823565165"
[1] "Processing draws 7201 to 7300"
[1] "Chunk time = 2.05300153891246"
[1] "Processing draws 7301 to 7400"
[1] "Chunk time = 1.91228483517965"
[1] "Processing draws 7401 to 7500"
[1] "Chunk time = 1.92236390511195"
[1] "Processing draws 7501 to 7600"
[1] "Chunk time = 1.96314511299133"
[1] "Processing draws 7601 to 7700"
[1] "Chunk time = 1.88477455774943"
[1] "Processing draws 7701 to 7800"
[1] "Chunk time = 1.84960075219472"
[1] "Processing draws 7801 to 7900"
[1] "Chunk time = 2.03832857211431"
[1] "Processing draws 7901 to 8000"
[1] "Chunk time = 1.89357374111811"
[1] "Processing draws 8001 to 8100"
[1] "Chunk time = 1.89683599472046"
[1] "Processing draws 8101 to 8200"
[1] "Chunk time = 2.03683801492055"
[1] "Processing draws 8201 to 8300"
[1] "Chunk time = 1.94535037279129"
[1] "Processing draws 8301 to 8400"
[1] "Chunk time = 1.87151361306508"
[1] "Processing draws 8401 to 8500"
[1] "Chunk time = 2.06441580057144"
[1] "Processing draws 8501 to 8600"
[1] "Chunk time = 1.91232940355937"
[1] "Processing draws 8601 to 8700"
[1] "Chunk time = 1.85602362950643"
[1] "Processing draws 8701 to 8800"
[1] "Chunk time = 2.0409609357516"
[1] "Processing draws 8801 to 8900"
[1] "Chunk time = 1.96271364688873"
[1] "Processing draws 8901 to 9000"
[1] "Chunk time = 1.9788748383522"
[1] "Processing draws 9001 to 9100"
[1] "Chunk time = 2.07329088846842"
[1] "Processing draws 9101 to 9200"
[1] "Chunk time = 1.95077252785365"
[1] "Processing draws 9201 to 9300"
[1] "Chunk time = 1.90090308984121"
[1] "Processing draws 9301 to 9400"
[1] "Chunk time = 2.08121594985326"
[1] "Processing draws 9401 to 9500"
[1] "Chunk time = 1.93242441813151"
[1] "Processing draws 9501 to 9600"
[1] "Chunk time = 1.96084088087082"
[1] "Processing draws 9601 to 9700"
[1] "Chunk time = 2.07096176544825"
[1] "Processing draws 9701 to 9800"
[1] "Chunk time = 1.94907265504201"
[1] "Processing draws 9801 to 9900"
[1] "Chunk time = 1.90804473161697"
[1] "Processing draws 9901 to 10000"
[1] "Chunk time = 2.07496805588404"
[1] "Processing draws 10001 to 10100"
[1] "Chunk time = 1.9223859945933"
[1] "Processing draws 10101 to 10200"
[1] "Chunk time = 1.94688795407613"
[1] "Processing draws 10201 to 10300"
[1] "Chunk time = 2.06730393966039"
[1] "Processing draws 10301 to 10400"
[1] "Chunk time = 1.96516145467758"
[1] "Processing draws 10401 to 10500"
[1] "Chunk time = 1.91127704779307"
[1] "Processing draws 10501 to 10600"
[1] "Chunk time = 2.07831163803736"
[1] "Processing draws 10601 to 10700"
[1] "Chunk time = 1.95297948122025"
[1] "Processing draws 10701 to 10800"
[1] "Chunk time = 1.93278751373291"
[1] "Processing draws 10801 to 10900"
[1] "Chunk time = 2.07400237719218"
[1] "Processing draws 10901 to 11000"
[1] "Chunk time = 1.94772760073344"
[1] "Processing draws 11001 to 11100"
[1] "Chunk time = 1.95558118422826"
[1] "Processing draws 11101 to 11200"
[1] "Chunk time = 2.06892668008804"
[1] "Processing draws 11201 to 11300"
[1] "Chunk time = 1.91927594343821"
[1] "Processing draws 11301 to 11400"
[1] "Chunk time = 1.92237212657928"
[1] "Processing draws 11401 to 11500"
[1] "Chunk time = 2.06627164284388"
[1] "Processing draws 11501 to 11600"
[1] "Chunk time = 1.9217559059461"
[1] "Processing draws 11601 to 11700"
[1] "Chunk time = 1.89914204676946"
[1] "Processing draws 11701 to 11800"
[1] "Chunk time = 2.07833740711212"
[1] "Processing draws 11801 to 11900"
[1] "Chunk time = 1.91974392731984"
[1] "Processing draws 11901 to 12000"
[1] "Chunk time = 1.9253301580747"
[1] "Processing draws 12001 to 12100"
[1] "Chunk time = 2.08176565965017"
[1] "Processing draws 12101 to 12200"
[1] "Chunk time = 1.91733199357986"
[1] "Processing draws 12201 to 12300"
[1] "Chunk time = 1.9239786028862"
[1] "Processing draws 12301 to 12400"
[1] "Chunk time = 2.08528939088186"
[1] "Processing draws 12401 to 12500"
[1] "Chunk time = 1.97143099308014"
[1] "Processing draws 12501 to 12600"
[1] "Chunk time = 1.89145402113597"
[1] "Processing draws 12601 to 12700"
[1] "Chunk time = 1.9645934065183"
[1] "Processing draws 12701 to 12800"
[1] "Chunk time = 1.89862318833669"
[1] "Processing draws 12801 to 12900"
[1] "Chunk time = 1.9004279534022"
[1] "Processing draws 12901 to 13000"
[1] "Chunk time = 1.93683120409648"
[1] "Processing draws 13001 to 13100"
[1] "Chunk time = 1.93795107603073"
[1] "Processing draws 13101 to 13200"
[1] "Chunk time = 1.97106345097224"
[1] "Processing draws 13201 to 13300"
[1] "Chunk time = 1.91325841347377"
[1] "Processing draws 13301 to 13400"
[1] "Chunk time = 1.90247340599696"
[1] "Processing draws 13401 to 13500"
[1] "Chunk time = 1.88490423758825"
[1] "Processing draws 13501 to 13600"
[1] "Chunk time = 1.95100905100505"
[1] "Processing draws 13601 to 13700"
[1] "Chunk time = 1.9074945251147"
[1] "Processing draws 13701 to 13800"
[1] "Chunk time = 1.89173144896825"
[1] "Processing draws 13801 to 13900"
[1] "Chunk time = 1.98502451578776"
[1] "Processing draws 13901 to 14000"
[1] "Chunk time = 1.92476937770844"
[1] "Processing draws 14001 to 14100"
[1] "Chunk time = 1.90231040716171"
[1] "Processing draws 14101 to 14200"
[1] "Chunk time = 2.02037739356359"
[1] "Processing draws 14201 to 14300"
[1] "Chunk time = 1.92486029863358"
[1] "Processing draws 14301 to 14400"
[1] "Chunk time = 1.9210567633311"
[1] "Processing draws 14401 to 14500"
[1] "Chunk time = 2.05468750794729"
[1] "Processing draws 14501 to 14600"
[1] "Chunk time = 1.98003115653992"
[1] "Processing draws 14601 to 14700"
[1] "Chunk time = 1.89745604594549"
[1] "Processing draws 14701 to 14800"
[1] "Chunk time = 2.05737503767014"
[1] "Processing draws 14801 to 14900"
[1] "Chunk time = 1.96599942445755"
[1] "Processing draws 14901 to 15000"
[1] "Chunk time = 1.93340198198954"
[1] "Processing draws 15001 to 15100"
[1] "Chunk time = 2.07823454936345"
[1] "Processing draws 15101 to 15200"
[1] "Chunk time = 1.95103729168574"
[1] "Processing draws 15201 to 15300"
[1] "Chunk time = 1.94970390796661"
[1] "Processing draws 15301 to 15400"
[1] "Chunk time = 1.96043830712636"
[1] "Processing draws 15401 to 15500"
[1] "Chunk time = 1.91099470853806"
[1] "Processing draws 15501 to 15600"
[1] "Chunk time = 1.95527388254801"
[1] "Processing draws 15601 to 15700"
[1] "Chunk time = 2.02956003745397"
[1] "Processing draws 15701 to 15800"
[1] "Chunk time = 1.94181257883708"
[1] "Processing draws 15801 to 15900"
[1] "Chunk time = 1.95863234202067"
[1] "Processing draws 15901 to 16000"
[1] "Chunk time = 2.03500058253606"
[1] "Processing draws 16001 to 16100"
[1] "Chunk time = 1.89991785287857"
[1] "Processing draws 16101 to 16200"
[1] "Chunk time = 1.89800962607066"
[1] "Processing draws 16201 to 16300"
[1] "Chunk time = 2.07228762308757"
[1] "Processing draws 16301 to 16400"
[1] "Chunk time = 1.92026203870773"
[1] "Processing draws 16401 to 16500"
[1] "Chunk time = 1.93021360238393"
[1] "Processing draws 16501 to 16600"
[1] "Chunk time = 2.08032939434052"
[1] "Processing draws 16601 to 16700"
[1] "Chunk time = 1.96301876703898"
[1] "Processing draws 16701 to 16800"
[1] "Chunk time = 1.89931851625443"
[1] "Processing draws 16801 to 16900"
[1] "Chunk time = 1.9534850358963"
[1] "Processing draws 16901 to 17000"
[1] "Chunk time = 1.92104649146398"
[1] "Processing draws 17001 to 17100"
[1] "Chunk time = 1.88660870790482"
[1] "Processing draws 17101 to 17200"
[1] "Chunk time = 2.01834130684535"
[1] "Processing draws 17201 to 17300"
[1] "Chunk time = 1.90709555149078"
[1] "Processing draws 17301 to 17400"
[1] "Chunk time = 1.96282379229863"
[1] "Processing draws 17401 to 17500"
[1] "Chunk time = 1.91390811999639"
[1] "Processing draws 17501 to 17600"
[1] "Chunk time = 1.89321927229563"
[1] "Processing draws 17601 to 17700"
[1] "Chunk time = 1.88994422356288"
[1] "Processing draws 17701 to 17800"
[1] "Chunk time = 1.91780587832133"
[1] "Processing draws 17801 to 17900"
[1] "Chunk time = 1.95750068028768"
[1] "Processing draws 17901 to 18000"
[1] "Chunk time = 1.9370642542839"
[1] "Processing draws 18001 to 18100"
[1] "Chunk time = 2.1005326072375"
[1] "Processing draws 18101 to 18200"
[1] "Chunk time = 1.93940905332565"
[1] "Processing draws 18201 to 18300"
[1] "Chunk time = 1.89212003946304"
[1] "Processing draws 18301 to 18400"
[1] "Chunk time = 2.06068378686905"
[1] "Processing draws 18401 to 18500"
[1] "Chunk time = 1.91031395196915"
[1] "Processing draws 18501 to 18600"
[1] "Chunk time = 1.96927371025085"
[1] "Processing draws 18601 to 18700"
[1] "Chunk time = 2.06574223438899"
[1] "Processing draws 18701 to 18800"
[1] "Chunk time = 1.96368239720662"
[1] "Processing draws 18801 to 18900"
[1] "Chunk time = 1.90037526686986"
[1] "Processing draws 18901 to 19000"
[1] "Chunk time = 2.08522642453512"
[1] "Processing draws 19001 to 19100"
[1] "Chunk time = 1.9180312037468"
[1] "Processing draws 19101 to 19200"
[1] "Chunk time = 1.91153468688329"
[1] "Processing draws 19201 to 19300"
[1] "Chunk time = 1.9797767718633"
[1] "Processing draws 19301 to 19400"
[1] "Chunk time = 1.88728080193202"
[1] "Processing draws 19401 to 19500"
[1] "Chunk time = 1.95691273609797"
[1] "Processing draws 19501 to 19600"
[1] "Chunk time = 2.07913438081741"
[1] "Processing draws 19601 to 19700"
[1] "Chunk time = 1.92031018336614"
[1] "Processing draws 19701 to 19800"
[1] "Chunk time = 1.91710475683212"
[1] "Processing draws 19801 to 19900"
[1] "Chunk time = 2.0608469525973"
[1] "Processing draws 19901 to 20000"
[1] "Chunk time = 1.91754733324051"
[1] "done lapplying"
[1] "Saving current params"
[1] "Saving params to output.rds"
[1] TRUE
[1] "Time for modelling:"
[1] "2025-07-02 16:38:28 EDT"
[1] "Time for posterior computations:"
Time difference of 6.595325 hours
[1] "Total time:"
[1] "2025-07-02 23:14:11 EDT"
