[1] "Starting sampling."
Running MCMC with 4 parallel chains, with 4 thread(s) per chain...

Chain 1 Iteration:    1 / 6000 [  0%]  (Warmup) 
Chain 2 Iteration:    1 / 6000 [  0%]  (Warmup) 
Chain 4 Iteration:    1 / 6000 [  0%]  (Warmup) 
Chain 3 Iteration:    1 / 6000 [  0%]  (Warmup) 
Chain 3 Iteration:  100 / 6000 [  1%]  (Warmup) 
Chain 1 Iteration:  100 / 6000 [  1%]  (Warmup) 
Chain 2 Iteration:  100 / 6000 [  1%]  (Warmup) 
Chain 4 Iteration:  100 / 6000 [  1%]  (Warmup) 
Chain 3 Iteration:  200 / 6000 [  3%]  (Warmup) 
Chain 2 Iteration:  200 / 6000 [  3%]  (Warmup) 
Chain 1 Iteration:  200 / 6000 [  3%]  (Warmup) 
Chain 4 Iteration:  200 / 6000 [  3%]  (Warmup) 
Chain 2 Iteration:  300 / 6000 [  5%]  (Warmup) 
Chain 3 Iteration:  300 / 6000 [  5%]  (Warmup) 
Chain 1 Iteration:  300 / 6000 [  5%]  (Warmup) 
Chain 4 Iteration:  300 / 6000 [  5%]  (Warmup) 
Chain 2 Iteration:  400 / 6000 [  6%]  (Warmup) 
Chain 3 Iteration:  400 / 6000 [  6%]  (Warmup) 
Chain 1 Iteration:  400 / 6000 [  6%]  (Warmup) 
Chain 4 Iteration:  400 / 6000 [  6%]  (Warmup) 
Chain 2 Iteration:  500 / 6000 [  8%]  (Warmup) 
Chain 3 Iteration:  500 / 6000 [  8%]  (Warmup) 
Chain 1 Iteration:  500 / 6000 [  8%]  (Warmup) 
Chain 4 Iteration:  500 / 6000 [  8%]  (Warmup) 
Chain 2 Iteration:  600 / 6000 [ 10%]  (Warmup) 
Chain 3 Iteration:  600 / 6000 [ 10%]  (Warmup) 
Chain 1 Iteration:  600 / 6000 [ 10%]  (Warmup) 
Chain 4 Iteration:  600 / 6000 [ 10%]  (Warmup) 
Chain 2 Iteration:  700 / 6000 [ 11%]  (Warmup) 
Chain 3 Iteration:  700 / 6000 [ 11%]  (Warmup) 
Chain 1 Iteration:  700 / 6000 [ 11%]  (Warmup) 
Chain 4 Iteration:  700 / 6000 [ 11%]  (Warmup) 
Chain 2 Iteration:  800 / 6000 [ 13%]  (Warmup) 
Chain 3 Iteration:  800 / 6000 [ 13%]  (Warmup) 
Chain 1 Iteration:  800 / 6000 [ 13%]  (Warmup) 
Chain 4 Iteration:  800 / 6000 [ 13%]  (Warmup) 
Chain 2 Iteration:  900 / 6000 [ 15%]  (Warmup) 
Chain 3 Iteration:  900 / 6000 [ 15%]  (Warmup) 
Chain 1 Iteration:  900 / 6000 [ 15%]  (Warmup) 
Chain 4 Iteration:  900 / 6000 [ 15%]  (Warmup) 
Chain 3 Iteration: 1000 / 6000 [ 16%]  (Warmup) 
Chain 2 Iteration: 1000 / 6000 [ 16%]  (Warmup) 
Chain 3 Iteration: 1001 / 6000 [ 16%]  (Sampling) 
Chain 2 Iteration: 1001 / 6000 [ 16%]  (Sampling) 
Chain 1 Iteration: 1000 / 6000 [ 16%]  (Warmup) 
Chain 1 Iteration: 1001 / 6000 [ 16%]  (Sampling) 
Chain 4 Iteration: 1000 / 6000 [ 16%]  (Warmup) 
Chain 4 Iteration: 1001 / 6000 [ 16%]  (Sampling) 
Chain 3 Iteration: 1100 / 6000 [ 18%]  (Sampling) 
Chain 2 Iteration: 1100 / 6000 [ 18%]  (Sampling) 
Chain 1 Iteration: 1100 / 6000 [ 18%]  (Sampling) 
Chain 4 Iteration: 1100 / 6000 [ 18%]  (Sampling) 
Chain 3 Iteration: 1200 / 6000 [ 20%]  (Sampling) 
Chain 2 Iteration: 1200 / 6000 [ 20%]  (Sampling) 
Chain 1 Iteration: 1200 / 6000 [ 20%]  (Sampling) 
Chain 4 Iteration: 1200 / 6000 [ 20%]  (Sampling) 
Chain 3 Iteration: 1300 / 6000 [ 21%]  (Sampling) 
Chain 2 Iteration: 1300 / 6000 [ 21%]  (Sampling) 
Chain 1 Iteration: 1300 / 6000 [ 21%]  (Sampling) 
Chain 4 Iteration: 1300 / 6000 [ 21%]  (Sampling) 
Chain 3 Iteration: 1400 / 6000 [ 23%]  (Sampling) 
Chain 2 Iteration: 1400 / 6000 [ 23%]  (Sampling) 
Chain 1 Iteration: 1400 / 6000 [ 23%]  (Sampling) 
Chain 4 Iteration: 1400 / 6000 [ 23%]  (Sampling) 
Chain 3 Iteration: 1500 / 6000 [ 25%]  (Sampling) 
Chain 2 Iteration: 1500 / 6000 [ 25%]  (Sampling) 
Chain 1 Iteration: 1500 / 6000 [ 25%]  (Sampling) 
Chain 4 Iteration: 1500 / 6000 [ 25%]  (Sampling) 
Chain 3 Iteration: 1600 / 6000 [ 26%]  (Sampling) 
Chain 2 Iteration: 1600 / 6000 [ 26%]  (Sampling) 
Chain 1 Iteration: 1600 / 6000 [ 26%]  (Sampling) 
Chain 4 Iteration: 1600 / 6000 [ 26%]  (Sampling) 
Chain 3 Iteration: 1700 / 6000 [ 28%]  (Sampling) 
Chain 2 Iteration: 1700 / 6000 [ 28%]  (Sampling) 
Chain 1 Iteration: 1700 / 6000 [ 28%]  (Sampling) 
Chain 4 Iteration: 1700 / 6000 [ 28%]  (Sampling) 
Chain 3 Iteration: 1800 / 6000 [ 30%]  (Sampling) 
Chain 2 Iteration: 1800 / 6000 [ 30%]  (Sampling) 
Chain 1 Iteration: 1800 / 6000 [ 30%]  (Sampling) 
Chain 4 Iteration: 1800 / 6000 [ 30%]  (Sampling) 
Chain 2 Iteration: 1900 / 6000 [ 31%]  (Sampling) 
Chain 3 Iteration: 1900 / 6000 [ 31%]  (Sampling) 
Chain 1 Iteration: 1900 / 6000 [ 31%]  (Sampling) 
Chain 4 Iteration: 1900 / 6000 [ 31%]  (Sampling) 
Chain 3 Iteration: 2000 / 6000 [ 33%]  (Sampling) 
Chain 2 Iteration: 2000 / 6000 [ 33%]  (Sampling) 
Chain 1 Iteration: 2000 / 6000 [ 33%]  (Sampling) 
Chain 4 Iteration: 2000 / 6000 [ 33%]  (Sampling) 
Chain 2 Iteration: 2100 / 6000 [ 35%]  (Sampling) 
Chain 3 Iteration: 2100 / 6000 [ 35%]  (Sampling) 
Chain 1 Iteration: 2100 / 6000 [ 35%]  (Sampling) 
Chain 4 Iteration: 2100 / 6000 [ 35%]  (Sampling) 
Chain 2 Iteration: 2200 / 6000 [ 36%]  (Sampling) 
Chain 3 Iteration: 2200 / 6000 [ 36%]  (Sampling) 
Chain 1 Iteration: 2200 / 6000 [ 36%]  (Sampling) 
Chain 2 Iteration: 2300 / 6000 [ 38%]  (Sampling) 
Chain 3 Iteration: 2300 / 6000 [ 38%]  (Sampling) 
Chain 4 Iteration: 2200 / 6000 [ 36%]  (Sampling) 
Chain 1 Iteration: 2300 / 6000 [ 38%]  (Sampling) 
Chain 2 Iteration: 2400 / 6000 [ 40%]  (Sampling) 
Chain 3 Iteration: 2400 / 6000 [ 40%]  (Sampling) 
Chain 4 Iteration: 2300 / 6000 [ 38%]  (Sampling) 
Chain 1 Iteration: 2400 / 6000 [ 40%]  (Sampling) 
Chain 2 Iteration: 2500 / 6000 [ 41%]  (Sampling) 
Chain 3 Iteration: 2500 / 6000 [ 41%]  (Sampling) 
Chain 4 Iteration: 2400 / 6000 [ 40%]  (Sampling) 
Chain 1 Iteration: 2500 / 6000 [ 41%]  (Sampling) 
Chain 2 Iteration: 2600 / 6000 [ 43%]  (Sampling) 
Chain 3 Iteration: 2600 / 6000 [ 43%]  (Sampling) 
Chain 4 Iteration: 2500 / 6000 [ 41%]  (Sampling) 
Chain 1 Iteration: 2600 / 6000 [ 43%]  (Sampling) 
Chain 2 Iteration: 2700 / 6000 [ 45%]  (Sampling) 
Chain 3 Iteration: 2700 / 6000 [ 45%]  (Sampling) 
Chain 4 Iteration: 2600 / 6000 [ 43%]  (Sampling) 
Chain 2 Iteration: 2800 / 6000 [ 46%]  (Sampling) 
Chain 1 Iteration: 2700 / 6000 [ 45%]  (Sampling) 
Chain 3 Iteration: 2800 / 6000 [ 46%]  (Sampling) 
Chain 4 Iteration: 2700 / 6000 [ 45%]  (Sampling) 
Chain 2 Iteration: 2900 / 6000 [ 48%]  (Sampling) 
Chain 1 Iteration: 2800 / 6000 [ 46%]  (Sampling) 
Chain 3 Iteration: 2900 / 6000 [ 48%]  (Sampling) 
Chain 4 Iteration: 2800 / 6000 [ 46%]  (Sampling) 
Chain 2 Iteration: 3000 / 6000 [ 50%]  (Sampling) 
Chain 3 Iteration: 3000 / 6000 [ 50%]  (Sampling) 
Chain 1 Iteration: 2900 / 6000 [ 48%]  (Sampling) 
Chain 4 Iteration: 2900 / 6000 [ 48%]  (Sampling) 
Chain 2 Iteration: 3100 / 6000 [ 51%]  (Sampling) 
Chain 3 Iteration: 3100 / 6000 [ 51%]  (Sampling) 
Chain 1 Iteration: 3000 / 6000 [ 50%]  (Sampling) 
Chain 4 Iteration: 3000 / 6000 [ 50%]  (Sampling) 
Chain 2 Iteration: 3200 / 6000 [ 53%]  (Sampling) 
Chain 3 Iteration: 3200 / 6000 [ 53%]  (Sampling) 
Chain 1 Iteration: 3100 / 6000 [ 51%]  (Sampling) 
Chain 4 Iteration: 3100 / 6000 [ 51%]  (Sampling) 
Chain 2 Iteration: 3300 / 6000 [ 55%]  (Sampling) 
Chain 1 Iteration: 3200 / 6000 [ 53%]  (Sampling) 
Chain 3 Iteration: 3300 / 6000 [ 55%]  (Sampling) 
Chain 4 Iteration: 3200 / 6000 [ 53%]  (Sampling) 
Chain 1 Iteration: 3300 / 6000 [ 55%]  (Sampling) 
Chain 2 Iteration: 3400 / 6000 [ 56%]  (Sampling) 
Chain 3 Iteration: 3400 / 6000 [ 56%]  (Sampling) 
Chain 4 Iteration: 3300 / 6000 [ 55%]  (Sampling) 
Chain 1 Iteration: 3400 / 6000 [ 56%]  (Sampling) 
Chain 2 Iteration: 3500 / 6000 [ 58%]  (Sampling) 
Chain 3 Iteration: 3500 / 6000 [ 58%]  (Sampling) 
Chain 4 Iteration: 3400 / 6000 [ 56%]  (Sampling) 
Chain 1 Iteration: 3500 / 6000 [ 58%]  (Sampling) 
Chain 2 Iteration: 3600 / 6000 [ 60%]  (Sampling) 
Chain 3 Iteration: 3600 / 6000 [ 60%]  (Sampling) 
Chain 4 Iteration: 3500 / 6000 [ 58%]  (Sampling) 
Chain 1 Iteration: 3600 / 6000 [ 60%]  (Sampling) 
Chain 2 Iteration: 3700 / 6000 [ 61%]  (Sampling) 
Chain 3 Iteration: 3700 / 6000 [ 61%]  (Sampling) 
Chain 1 Iteration: 3700 / 6000 [ 61%]  (Sampling) 
Chain 4 Iteration: 3600 / 6000 [ 60%]  (Sampling) 
Chain 2 Iteration: 3800 / 6000 [ 63%]  (Sampling) 
Chain 1 Iteration: 3800 / 6000 [ 63%]  (Sampling) 
Chain 3 Iteration: 3800 / 6000 [ 63%]  (Sampling) 
Chain 4 Iteration: 3700 / 6000 [ 61%]  (Sampling) 
Chain 2 Iteration: 3900 / 6000 [ 65%]  (Sampling) 
Chain 1 Iteration: 3900 / 6000 [ 65%]  (Sampling) 
Chain 3 Iteration: 3900 / 6000 [ 65%]  (Sampling) 
Chain 4 Iteration: 3800 / 6000 [ 63%]  (Sampling) 
Chain 2 Iteration: 4000 / 6000 [ 66%]  (Sampling) 
Chain 1 Iteration: 4000 / 6000 [ 66%]  (Sampling) 
Chain 3 Iteration: 4000 / 6000 [ 66%]  (Sampling) 
Chain 4 Iteration: 3900 / 6000 [ 65%]  (Sampling) 
Chain 1 Iteration: 4100 / 6000 [ 68%]  (Sampling) 
Chain 2 Iteration: 4100 / 6000 [ 68%]  (Sampling) 
Chain 3 Iteration: 4100 / 6000 [ 68%]  (Sampling) 
Chain 4 Iteration: 4000 / 6000 [ 66%]  (Sampling) 
Chain 1 Iteration: 4200 / 6000 [ 70%]  (Sampling) 
Chain 2 Iteration: 4200 / 6000 [ 70%]  (Sampling) 
Chain 3 Iteration: 4200 / 6000 [ 70%]  (Sampling) 
Chain 4 Iteration: 4100 / 6000 [ 68%]  (Sampling) 
Chain 1 Iteration: 4300 / 6000 [ 71%]  (Sampling) 
Chain 2 Iteration: 4300 / 6000 [ 71%]  (Sampling) 
Chain 3 Iteration: 4300 / 6000 [ 71%]  (Sampling) 
Chain 4 Iteration: 4200 / 6000 [ 70%]  (Sampling) 
Chain 1 Iteration: 4400 / 6000 [ 73%]  (Sampling) 
Chain 2 Iteration: 4400 / 6000 [ 73%]  (Sampling) 
Chain 3 Iteration: 4400 / 6000 [ 73%]  (Sampling) 
Chain 1 Iteration: 4500 / 6000 [ 75%]  (Sampling) 
Chain 4 Iteration: 4300 / 6000 [ 71%]  (Sampling) 
Chain 2 Iteration: 4500 / 6000 [ 75%]  (Sampling) 
Chain 1 Iteration: 4600 / 6000 [ 76%]  (Sampling) 
Chain 3 Iteration: 4500 / 6000 [ 75%]  (Sampling) 
Chain 4 Iteration: 4400 / 6000 [ 73%]  (Sampling) 
Chain 2 Iteration: 4600 / 6000 [ 76%]  (Sampling) 
Chain 1 Iteration: 4700 / 6000 [ 78%]  (Sampling) 
Chain 3 Iteration: 4600 / 6000 [ 76%]  (Sampling) 
Chain 4 Iteration: 4500 / 6000 [ 75%]  (Sampling) 
Chain 2 Iteration: 4700 / 6000 [ 78%]  (Sampling) 
Chain 1 Iteration: 4800 / 6000 [ 80%]  (Sampling) 
Chain 3 Iteration: 4700 / 6000 [ 78%]  (Sampling) 
Chain 4 Iteration: 4600 / 6000 [ 76%]  (Sampling) 
Chain 1 Iteration: 4900 / 6000 [ 81%]  (Sampling) 
Chain 2 Iteration: 4800 / 6000 [ 80%]  (Sampling) 
Chain 3 Iteration: 4800 / 6000 [ 80%]  (Sampling) 
Chain 4 Iteration: 4700 / 6000 [ 78%]  (Sampling) 
Chain 1 Iteration: 5000 / 6000 [ 83%]  (Sampling) 
Chain 2 Iteration: 4900 / 6000 [ 81%]  (Sampling) 
Chain 3 Iteration: 4900 / 6000 [ 81%]  (Sampling) 
Chain 4 Iteration: 4800 / 6000 [ 80%]  (Sampling) 
Chain 1 Iteration: 5100 / 6000 [ 85%]  (Sampling) 
Chain 2 Iteration: 5000 / 6000 [ 83%]  (Sampling) 
Chain 3 Iteration: 5000 / 6000 [ 83%]  (Sampling) 
Chain 4 Iteration: 4900 / 6000 [ 81%]  (Sampling) 
Chain 1 Iteration: 5200 / 6000 [ 86%]  (Sampling) 
Chain 2 Iteration: 5100 / 6000 [ 85%]  (Sampling) 
Chain 3 Iteration: 5100 / 6000 [ 85%]  (Sampling) 
Chain 4 Iteration: 5000 / 6000 [ 83%]  (Sampling) 
Chain 1 Iteration: 5300 / 6000 [ 88%]  (Sampling) 
Chain 2 Iteration: 5200 / 6000 [ 86%]  (Sampling) 
Chain 1 Iteration: 5400 / 6000 [ 90%]  (Sampling) 
Chain 3 Iteration: 5200 / 6000 [ 86%]  (Sampling) 
Chain 4 Iteration: 5100 / 6000 [ 85%]  (Sampling) 
Chain 2 Iteration: 5300 / 6000 [ 88%]  (Sampling) 
Chain 1 Iteration: 5500 / 6000 [ 91%]  (Sampling) 
Chain 4 Iteration: 5200 / 6000 [ 86%]  (Sampling) 
Chain 3 Iteration: 5300 / 6000 [ 88%]  (Sampling) 
Chain 2 Iteration: 5400 / 6000 [ 90%]  (Sampling) 
Chain 1 Iteration: 5600 / 6000 [ 93%]  (Sampling) 
Chain 4 Iteration: 5300 / 6000 [ 88%]  (Sampling) 
Chain 3 Iteration: 5400 / 6000 [ 90%]  (Sampling) 
Chain 2 Iteration: 5500 / 6000 [ 91%]  (Sampling) 
Chain 1 Iteration: 5700 / 6000 [ 95%]  (Sampling) 
Chain 4 Iteration: 5400 / 6000 [ 90%]  (Sampling) 
Chain 3 Iteration: 5500 / 6000 [ 91%]  (Sampling) 
Chain 2 Iteration: 5600 / 6000 [ 93%]  (Sampling) 
Chain 1 Iteration: 5800 / 6000 [ 96%]  (Sampling) 
Chain 4 Iteration: 5500 / 6000 [ 91%]  (Sampling) 
Chain 3 Iteration: 5600 / 6000 [ 93%]  (Sampling) 
Chain 1 Iteration: 5900 / 6000 [ 98%]  (Sampling) 
Chain 2 Iteration: 5700 / 6000 [ 95%]  (Sampling) 
Chain 4 Iteration: 5600 / 6000 [ 93%]  (Sampling) 
Chain 3 Iteration: 5700 / 6000 [ 95%]  (Sampling) 
Chain 1 Iteration: 6000 / 6000 [100%]  (Sampling) 
Chain 1 finished in 41125.3 seconds.
Chain 2 Iteration: 5800 / 6000 [ 96%]  (Sampling) 
Chain 4 Iteration: 5700 / 6000 [ 95%]  (Sampling) 
Chain 3 Iteration: 5800 / 6000 [ 96%]  (Sampling) 
Chain 2 Iteration: 5900 / 6000 [ 98%]  (Sampling) 
Chain 4 Iteration: 5800 / 6000 [ 96%]  (Sampling) 
Chain 3 Iteration: 5900 / 6000 [ 98%]  (Sampling) 
Chain 2 Iteration: 6000 / 6000 [100%]  (Sampling) 
Chain 2 finished in 42535.8 seconds.
Chain 4 Iteration: 5900 / 6000 [ 98%]  (Sampling) 
Chain 3 Iteration: 6000 / 6000 [100%]  (Sampling) 
Chain 3 finished in 42928.1 seconds.
Chain 4 Iteration: 6000 / 6000 [100%]  (Sampling) 
Chain 4 finished in 43424.3 seconds.

All 4 chains finished successfully.
Mean chain execution time: 42503.4 seconds.
Total execution time: 43425.2 seconds.

[1] "Processing draws 1 to 100"
[1] "Chunk time = 3.16999997695287"
[1] "Processing draws 101 to 200"
[1] "Chunk time = 2.33322952191035"
[1] "Processing draws 201 to 300"
[1] "Chunk time = 2.42850919167201"
[1] "Processing draws 301 to 400"
[1] "Chunk time = 2.09225833813349"
[1] "Processing draws 401 to 500"
[1] "Chunk time = 2.01555326382319"
[1] "Processing draws 501 to 600"
[1] "Chunk time = 2.02669195334117"
[1] "Processing draws 601 to 700"
[1] "Chunk time = 2.08212401866913"
[1] "Processing draws 701 to 800"
[1] "Chunk time = 2.19071062803268"
[1] "Processing draws 801 to 900"
[1] "Chunk time = 2.02404787143072"
[1] "Processing draws 901 to 1000"
[1] "Chunk time = 2.12311298847199"
[1] "Processing draws 1001 to 1100"
[1] "Chunk time = 2.0079939087232"
[1] "Processing draws 1101 to 1200"
[1] "Chunk time = 2.07671345472336"
[1] "Processing draws 1201 to 1300"
[1] "Chunk time = 2.13236339489619"
[1] "Processing draws 1301 to 1400"
[1] "Chunk time = 2.03740195830663"
[1] "Processing draws 1401 to 1500"
[1] "Chunk time = 2.02905019521713"
[1] "Processing draws 1501 to 1600"
[1] "Chunk time = 2.14226602713267"
[1] "Processing draws 1601 to 1700"
[1] "Chunk time = 1.98852833112081"
[1] "Processing draws 1701 to 1800"
[1] "Chunk time = 1.98086707592011"
[1] "Processing draws 1801 to 1900"
[1] "Chunk time = 2.1331448674202"
[1] "Processing draws 1901 to 2000"
[1] "Chunk time = 2.01246484518051"
[1] "Processing draws 2001 to 2100"
[1] "Chunk time = 1.99746662378311"
[1] "Processing draws 2101 to 2200"
[1] "Chunk time = 2.17833542426427"
[1] "Processing draws 2201 to 2300"
[1] "Chunk time = 2.00697509050369"
[1] "Processing draws 2301 to 2400"
[1] "Chunk time = 2.09899697701136"
[1] "Processing draws 2401 to 2500"
[1] "Chunk time = 2.1388333717982"
[1] "Processing draws 2501 to 2600"
[1] "Chunk time = 2.0091500600179"
[1] "Processing draws 2601 to 2700"
[1] "Chunk time = 1.99099016984304"
[1] "Processing draws 2701 to 2800"
[1] "Chunk time = 2.1297621289889"
[1] "Processing draws 2801 to 2900"
[1] "Chunk time = 2.03483703533808"
[1] "Processing draws 2901 to 3000"
[1] "Chunk time = 2.01616505781809"
[1] "Processing draws 3001 to 3100"
[1] "Chunk time = 2.1264944434166"
[1] "Processing draws 3101 to 3200"
[1] "Chunk time = 2.04140339692434"
[1] "Processing draws 3201 to 3300"
[1] "Chunk time = 2.00115715265274"
[1] "Processing draws 3301 to 3400"
[1] "Chunk time = 2.09656769831975"
[1] "Processing draws 3401 to 3500"
[1] "Chunk time = 2.00450032949448"
[1] "Processing draws 3501 to 3600"
[1] "Chunk time = 2.03768490552902"
[1] "Processing draws 3601 to 3700"
[1] "Chunk time = 2.12244559923808"
[1] "Processing draws 3701 to 3800"
[1] "Chunk time = 2.0569344441096"
[1] "Processing draws 3801 to 3900"
[1] "Chunk time = 1.96659728686015"
[1] "Processing draws 3901 to 4000"
[1] "Chunk time = 2.14991635084152"
[1] "Processing draws 4001 to 4100"
[1] "Chunk time = 1.97700574795405"
[1] "Processing draws 4101 to 4200"
[1] "Chunk time = 2.00813136895498"
[1] "Processing draws 4201 to 4300"
[1] "Chunk time = 2.14915739297867"
[1] "Processing draws 4301 to 4400"
[1] "Chunk time = 2.02931378682454"
[1] "Processing draws 4401 to 4500"
[1] "Chunk time = 1.97975823879242"
[1] "Processing draws 4501 to 4600"
[1] "Chunk time = 2.18895355065664"
[1] "Processing draws 4601 to 4700"
[1] "Chunk time = 1.98594640493393"
[1] "Processing draws 4701 to 4800"
[1] "Chunk time = 2.02295370101929"
[1] "Processing draws 4801 to 4900"
[1] "Chunk time = 2.14672049681346"
[1] "Processing draws 4901 to 5000"
[1] "Chunk time = 2.08776987393697"
[1] "Processing draws 5001 to 5100"
[1] "Chunk time = 2.01552582581838"
[1] "Processing draws 5101 to 5200"
[1] "Chunk time = 2.11792029937108"
[1] "Processing draws 5201 to 5300"
[1] "Chunk time = 1.98346693913142"
[1] "Processing draws 5301 to 5400"
[1] "Chunk time = 2.09643716812134"
[1] "Processing draws 5401 to 5500"
[1] "Chunk time = 2.06881777048111"
[1] "Processing draws 5501 to 5600"
[1] "Chunk time = 2.02982121706009"
[1] "Processing draws 5601 to 5700"
[1] "Chunk time = 2.06681528488795"
[1] "Processing draws 5701 to 5800"
[1] "Chunk time = 2.12721861600876"
[1] "Processing draws 5801 to 5900"
[1] "Chunk time = 2.00078816016515"
[1] "Processing draws 5901 to 6000"
[1] "Chunk time = 2.07112449804942"
[1] "Processing draws 6001 to 6100"
[1] "Chunk time = 2.12091997067134"
[1] "Processing draws 6101 to 6200"
[1] "Chunk time = 2.06072717905045"
[1] "Processing draws 6201 to 6300"
[1] "Chunk time = 1.99881007671356"
[1] "Processing draws 6301 to 6400"
[1] "Chunk time = 2.18155378103256"
[1] "Processing draws 6401 to 6500"
[1] "Chunk time = 2.01303670803706"
[1] "Processing draws 6501 to 6600"
[1] "Chunk time = 2.07674421469371"
[1] "Processing draws 6601 to 6700"
[1] "Chunk time = 2.10975539684296"
[1] "Processing draws 6701 to 6800"
[1] "Chunk time = 2.08022165298462"
[1] "Processing draws 6801 to 6900"
[1] "Chunk time = 2.01881213188171"
[1] "Processing draws 6901 to 7000"
[1] "Chunk time = 2.12772946357727"
[1] "Processing draws 7001 to 7100"
[1] "Chunk time = 1.99056529601415"
[1] "Processing draws 7101 to 7200"
[1] "Chunk time = 2.02532956997553"
[1] "Processing draws 7201 to 7300"
[1] "Chunk time = 2.14987387259801"
[1] "Processing draws 7301 to 7400"
[1] "Chunk time = 2.07483427127202"
[1] "Processing draws 7401 to 7500"
[1] "Chunk time = 2.0298979640007"
[1] "Processing draws 7501 to 7600"
[1] "Chunk time = 2.12926173210144"
[1] "Processing draws 7601 to 7700"
[1] "Chunk time = 1.99535661935806"
[1] "Processing draws 7701 to 7800"
[1] "Chunk time = 1.96253941853841"
[1] "Processing draws 7801 to 7900"
[1] "Chunk time = 2.12749433517456"
[1] "Processing draws 7901 to 8000"
[1] "Chunk time = 2.0002236088117"
[1] "Processing draws 8001 to 8100"
[1] "Chunk time = 2.02928746938705"
[1] "Processing draws 8101 to 8200"
[1] "Chunk time = 2.16309535900752"
[1] "Processing draws 8201 to 8300"
[1] "Chunk time = 2.06162573893865"
[1] "Processing draws 8301 to 8400"
[1] "Chunk time = 2.02111984888713"
[1] "Processing draws 8401 to 8500"
[1] "Chunk time = 2.08855803807577"
[1] "Processing draws 8501 to 8600"
[1] "Chunk time = 1.95155340035756"
[1] "Processing draws 8601 to 8700"
[1] "Chunk time = 1.90735233227412"
[1] "Processing draws 8701 to 8800"
[1] "Chunk time = 2.11538041830063"
[1] "Processing draws 8801 to 8900"
[1] "Chunk time = 1.96987773974737"
[1] "Processing draws 8901 to 9000"
[1] "Chunk time = 2.00778747797012"
[1] "Processing draws 9001 to 9100"
[1] "Chunk time = 2.01522669792175"
[1] "Processing draws 9101 to 9200"
[1] "Chunk time = 1.97064324617386"
[1] "Processing draws 9201 to 9300"
[1] "Chunk time = 1.91361981630325"
[1] "Processing draws 9301 to 9400"
[1] "Chunk time = 2.07529585758845"
[1] "Processing draws 9401 to 9500"
[1] "Chunk time = 1.97514760891596"
[1] "Processing draws 9501 to 9600"
[1] "Chunk time = 1.9879688779513"
[1] "Processing draws 9601 to 9700"
[1] "Chunk time = 2.10035315752029"
[1] "Processing draws 9701 to 9800"
[1] "Chunk time = 1.98024101257324"
[1] "Processing draws 9801 to 9900"
[1] "Chunk time = 1.97490624984105"
[1] "Processing draws 9901 to 10000"
[1] "Chunk time = 2.14443982839584"
[1] "Processing draws 10001 to 10100"
[1] "Chunk time = 2.00289802153905"
[1] "Processing draws 10101 to 10200"
[1] "Chunk time = 1.99133317073186"
[1] "Processing draws 10201 to 10300"
[1] "Chunk time = 2.14530197779338"
[1] "Processing draws 10301 to 10400"
[1] "Chunk time = 1.99723250468572"
[1] "Processing draws 10401 to 10500"
[1] "Chunk time = 1.98674516677856"
[1] "Processing draws 10501 to 10600"
[1] "Chunk time = 2.14498727321625"
[1] "Processing draws 10601 to 10700"
[1] "Chunk time = 1.99269127051036"
[1] "Processing draws 10701 to 10800"
[1] "Chunk time = 1.95319155852"
[1] "Processing draws 10801 to 10900"
[1] "Chunk time = 2.10797870556513"
[1] "Processing draws 10901 to 11000"
[1] "Chunk time = 1.98875029484431"
[1] "Processing draws 11001 to 11100"
[1] "Chunk time = 1.97987182935079"
[1] "Processing draws 11101 to 11200"
[1] "Chunk time = 2.1497531692187"
[1] "Processing draws 11201 to 11300"
[1] "Chunk time = 1.98745237588882"
[1] "Processing draws 11301 to 11400"
[1] "Chunk time = 1.96270771026611"
[1] "Processing draws 11401 to 11500"
[1] "Chunk time = 2.09964222113291"
[1] "Processing draws 11501 to 11600"
[1] "Chunk time = 1.98811041911443"
[1] "Processing draws 11601 to 11700"
[1] "Chunk time = 1.96272904078166"
[1] "Processing draws 11701 to 11800"
[1] "Chunk time = 2.10359819332759"
[1] "Processing draws 11801 to 11900"
[1] "Chunk time = 1.96966086626053"
[1] "Processing draws 11901 to 12000"
[1] "Chunk time = 1.96257158120473"
[1] "Processing draws 12001 to 12100"
[1] "Chunk time = 2.08885867993037"
[1] "Processing draws 12101 to 12200"
[1] "Chunk time = 1.94039902289708"
[1] "Processing draws 12201 to 12300"
[1] "Chunk time = 1.89117807149887"
[1] "Processing draws 12301 to 12400"
[1] "Chunk time = 2.09739458163579"
[1] "Processing draws 12401 to 12500"
[1] "Chunk time = 1.96338018973668"
[1] "Processing draws 12501 to 12600"
[1] "Chunk time = 1.93611569007238"
[1] "Processing draws 12601 to 12700"
[1] "Chunk time = 2.1156924366951"
[1] "Processing draws 12701 to 12800"
[1] "Chunk time = 1.98307532469432"
[1] "Processing draws 12801 to 12900"
[1] "Chunk time = 1.90282015800476"
[1] "Processing draws 12901 to 13000"
[1] "Chunk time = 2.11842999458313"
[1] "Processing draws 13001 to 13100"
[1] "Chunk time = 1.97520544528961"
[1] "Processing draws 13101 to 13200"
[1] "Chunk time = 1.96497025887171"
[1] "Processing draws 13201 to 13300"
[1] "Chunk time = 2.13418326377869"
[1] "Processing draws 13301 to 13400"
[1] "Chunk time = 2.00811919768651"
[1] "Processing draws 13401 to 13500"
[1] "Chunk time = 1.90559348662694"
[1] "Processing draws 13501 to 13600"
[1] "Chunk time = 2.06587146917979"
[1] "Processing draws 13601 to 13700"
[1] "Chunk time = 1.92146119276683"
[1] "Processing draws 13701 to 13800"
[1] "Chunk time = 1.9230075041453"
[1] "Processing draws 13801 to 13900"
[1] "Chunk time = 2.06889487107595"
[1] "Processing draws 13901 to 14000"
[1] "Chunk time = 1.98191694021225"
[1] "Processing draws 14001 to 14100"
[1] "Chunk time = 1.88555101156235"
[1] "Processing draws 14101 to 14200"
[1] "Chunk time = 1.9716844479243"
[1] "Processing draws 14201 to 14300"
[1] "Chunk time = 1.90176612536112"
[1] "Processing draws 14301 to 14400"
[1] "Chunk time = 1.96604116757711"
[1] "Processing draws 14401 to 14500"
[1] "Chunk time = 1.97420247395833"
[1] "Processing draws 14501 to 14600"
[1] "Chunk time = 1.96913288434347"
[1] "Processing draws 14601 to 14700"
[1] "Chunk time = 1.89351261059443"
[1] "Processing draws 14701 to 14800"
[1] "Chunk time = 1.97921369473139"
[1] "Processing draws 14801 to 14900"
[1] "Chunk time = 1.93212800820669"
[1] "Processing draws 14901 to 15000"
[1] "Chunk time = 1.96897699832916"
[1] "Processing draws 15001 to 15100"
[1] "Chunk time = 2.11312793890635"
[1] "Processing draws 15101 to 15200"
[1] "Chunk time = 1.9813623547554"
[1] "Processing draws 15201 to 15300"
[1] "Chunk time = 1.95900291999181"
[1] "Processing draws 15301 to 15400"
[1] "Chunk time = 2.13068431218465"
[1] "Processing draws 15401 to 15500"
[1] "Chunk time = 1.95878811279933"
[1] "Processing draws 15501 to 15600"
[1] "Chunk time = 1.96230102380117"
[1] "Processing draws 15601 to 15700"
[1] "Chunk time = 2.13767196734746"
[1] "Processing draws 15701 to 15800"
[1] "Chunk time = 1.96866696278254"
[1] "Processing draws 15801 to 15900"
[1] "Chunk time = 1.97601786851883"
[1] "Processing draws 15901 to 16000"
[1] "Chunk time = 2.11706792910894"
[1] "Processing draws 16001 to 16100"
[1] "Chunk time = 1.98982749382655"
[1] "Processing draws 16101 to 16200"
[1] "Chunk time = 1.93844799995422"
[1] "Processing draws 16201 to 16300"
[1] "Chunk time = 2.08530548810959"
[1] "Processing draws 16301 to 16400"
[1] "Chunk time = 2.00716654459635"
[1] "Processing draws 16401 to 16500"
[1] "Chunk time = 1.95902663469315"
[1] "Processing draws 16501 to 16600"
[1] "Chunk time = 2.11390084425608"
[1] "Processing draws 16601 to 16700"
[1] "Chunk time = 1.95156032641729"
[1] "Processing draws 16701 to 16800"
[1] "Chunk time = 1.95490595499674"
[1] "Processing draws 16801 to 16900"
[1] "Chunk time = 2.08329217831294"
[1] "Processing draws 16901 to 17000"
[1] "Chunk time = 1.95766866207123"
[1] "Processing draws 17001 to 17100"
[1] "Chunk time = 1.95072274605433"
[1] "Processing draws 17101 to 17200"
[1] "Chunk time = 2.11044524510702"
[1] "Processing draws 17201 to 17300"
[1] "Chunk time = 1.94984338283539"
[1] "Processing draws 17301 to 17400"
[1] "Chunk time = 1.95177934567134"
[1] "Processing draws 17401 to 17500"
[1] "Chunk time = 2.0885648171107"
[1] "Processing draws 17501 to 17600"
[1] "Chunk time = 1.97797082265218"
[1] "Processing draws 17601 to 17700"
[1] "Chunk time = 1.91142582893372"
[1] "Processing draws 17701 to 17800"
[1] "Chunk time = 2.09226171970367"
[1] "Processing draws 17801 to 17900"
[1] "Chunk time = 1.97147303024928"
[1] "Processing draws 17901 to 18000"
[1] "Chunk time = 1.96348955233892"
[1] "Processing draws 18001 to 18100"
[1] "Chunk time = 2.09082358678182"
[1] "Processing draws 18101 to 18200"
[1] "Chunk time = 1.95735790729523"
[1] "Processing draws 18201 to 18300"
[1] "Chunk time = 1.91214203437169"
[1] "Processing draws 18301 to 18400"
[1] "Chunk time = 2.09963497320811"
[1] "Processing draws 18401 to 18500"
[1] "Chunk time = 1.94934343496958"
[1] "Processing draws 18501 to 18600"
[1] "Chunk time = 1.95507542689641"
[1] "Processing draws 18601 to 18700"
[1] "Chunk time = 2.09059547185898"
[1] "Processing draws 18701 to 18800"
[1] "Chunk time = 1.97673106988271"
[1] "Processing draws 18801 to 18900"
[1] "Chunk time = 1.94145182768504"
[1] "Processing draws 18901 to 19000"
[1] "Chunk time = 2.0907700419426"
[1] "Processing draws 19001 to 19100"
[1] "Chunk time = 1.96449389457703"
[1] "Processing draws 19101 to 19200"
[1] "Chunk time = 1.97409767707189"
[1] "Processing draws 19201 to 19300"
[1] "Chunk time = 2.10470804770788"
[1] "Processing draws 19301 to 19400"
[1] "Chunk time = 1.99160814682643"
[1] "Processing draws 19401 to 19500"
[1] "Chunk time = 1.9913337469101"
[1] "Processing draws 19501 to 19600"
[1] "Chunk time = 2.10772664546967"
[1] "Processing draws 19601 to 19700"
[1] "Chunk time = 1.9503763516744"
[1] "Processing draws 19701 to 19800"
[1] "Chunk time = 1.92010111411413"
[1] "Processing draws 19801 to 19900"
[1] "Chunk time = 2.07726660966873"
[1] "Processing draws 19901 to 20000"
[1] "Chunk time = 1.96901752154032"
[1] "done lapplying"
[1] "Saving current params"
[1] "Saving params to output.rds"
[1] TRUE
[1] "Time for modelling:"
[1] "2025-07-02 07:43:22 EDT"
[1] "Time for posterior computations:"
Time difference of 6.809424 hours
[1] "Total time:"
[1] "2025-07-02 14:31:56 EDT"
