[1] "Starting sampling."
Running MCMC with 4 parallel chains, with 4 thread(s) per chain...

Chain 1 Iteration:    1 / 6000 [  0%]  (Warmup) 
Chain 2 Iteration:    1 / 6000 [  0%]  (Warmup) 
Chain 3 Iteration:    1 / 6000 [  0%]  (Warmup) 
Chain 4 Iteration:    1 / 6000 [  0%]  (Warmup) 
Chain 2 Iteration:  100 / 6000 [  1%]  (Warmup) 
Chain 4 Iteration:  100 / 6000 [  1%]  (Warmup) 
Chain 3 Iteration:  100 / 6000 [  1%]  (Warmup) 
Chain 1 Iteration:  100 / 6000 [  1%]  (Warmup) 
Chain 2 Iteration:  200 / 6000 [  3%]  (Warmup) 
Chain 4 Iteration:  200 / 6000 [  3%]  (Warmup) 
Chain 3 Iteration:  200 / 6000 [  3%]  (Warmup) 
Chain 2 Iteration:  300 / 6000 [  5%]  (Warmup) 
Chain 1 Iteration:  200 / 6000 [  3%]  (Warmup) 
Chain 4 Iteration:  300 / 6000 [  5%]  (Warmup) 
Chain 3 Iteration:  300 / 6000 [  5%]  (Warmup) 
Chain 2 Iteration:  400 / 6000 [  6%]  (Warmup) 
Chain 1 Iteration:  300 / 6000 [  5%]  (Warmup) 
Chain 4 Iteration:  400 / 6000 [  6%]  (Warmup) 
Chain 3 Iteration:  400 / 6000 [  6%]  (Warmup) 
Chain 2 Iteration:  500 / 6000 [  8%]  (Warmup) 
Chain 1 Iteration:  400 / 6000 [  6%]  (Warmup) 
Chain 4 Iteration:  500 / 6000 [  8%]  (Warmup) 
Chain 3 Iteration:  500 / 6000 [  8%]  (Warmup) 
Chain 2 Iteration:  600 / 6000 [ 10%]  (Warmup) 
Chain 4 Iteration:  600 / 6000 [ 10%]  (Warmup) 
Chain 1 Iteration:  500 / 6000 [  8%]  (Warmup) 
Chain 3 Iteration:  600 / 6000 [ 10%]  (Warmup) 
Chain 2 Iteration:  700 / 6000 [ 11%]  (Warmup) 
Chain 4 Iteration:  700 / 6000 [ 11%]  (Warmup) 
Chain 1 Iteration:  600 / 6000 [ 10%]  (Warmup) 
Chain 3 Iteration:  700 / 6000 [ 11%]  (Warmup) 
Chain 2 Iteration:  800 / 6000 [ 13%]  (Warmup) 
Chain 4 Iteration:  800 / 6000 [ 13%]  (Warmup) 
Chain 1 Iteration:  700 / 6000 [ 11%]  (Warmup) 
Chain 3 Iteration:  800 / 6000 [ 13%]  (Warmup) 
Chain 2 Iteration:  900 / 6000 [ 15%]  (Warmup) 
Chain 4 Iteration:  900 / 6000 [ 15%]  (Warmup) 
Chain 1 Iteration:  800 / 6000 [ 13%]  (Warmup) 
Chain 3 Iteration:  900 / 6000 [ 15%]  (Warmup) 
Chain 2 Iteration: 1000 / 6000 [ 16%]  (Warmup) 
Chain 2 Iteration: 1001 / 6000 [ 16%]  (Sampling) 
Chain 4 Iteration: 1000 / 6000 [ 16%]  (Warmup) 
Chain 4 Iteration: 1001 / 6000 [ 16%]  (Sampling) 
Chain 1 Iteration:  900 / 6000 [ 15%]  (Warmup) 
Chain 3 Iteration: 1000 / 6000 [ 16%]  (Warmup) 
Chain 3 Iteration: 1001 / 6000 [ 16%]  (Sampling) 
Chain 2 Iteration: 1100 / 6000 [ 18%]  (Sampling) 
Chain 4 Iteration: 1100 / 6000 [ 18%]  (Sampling) 
Chain 1 Iteration: 1000 / 6000 [ 16%]  (Warmup) 
Chain 1 Iteration: 1001 / 6000 [ 16%]  (Sampling) 
Chain 3 Iteration: 1100 / 6000 [ 18%]  (Sampling) 
Chain 2 Iteration: 1200 / 6000 [ 20%]  (Sampling) 
Chain 4 Iteration: 1200 / 6000 [ 20%]  (Sampling) 
Chain 1 Iteration: 1100 / 6000 [ 18%]  (Sampling) 
Chain 3 Iteration: 1200 / 6000 [ 20%]  (Sampling) 
Chain 2 Iteration: 1300 / 6000 [ 21%]  (Sampling) 
Chain 4 Iteration: 1300 / 6000 [ 21%]  (Sampling) 
Chain 1 Iteration: 1200 / 6000 [ 20%]  (Sampling) 
Chain 3 Iteration: 1300 / 6000 [ 21%]  (Sampling) 
Chain 2 Iteration: 1400 / 6000 [ 23%]  (Sampling) 
Chain 4 Iteration: 1400 / 6000 [ 23%]  (Sampling) 
Chain 1 Iteration: 1300 / 6000 [ 21%]  (Sampling) 
Chain 3 Iteration: 1400 / 6000 [ 23%]  (Sampling) 
Chain 2 Iteration: 1500 / 6000 [ 25%]  (Sampling) 
Chain 4 Iteration: 1500 / 6000 [ 25%]  (Sampling) 
Chain 1 Iteration: 1400 / 6000 [ 23%]  (Sampling) 
Chain 3 Iteration: 1500 / 6000 [ 25%]  (Sampling) 
Chain 2 Iteration: 1600 / 6000 [ 26%]  (Sampling) 
Chain 4 Iteration: 1600 / 6000 [ 26%]  (Sampling) 
Chain 1 Iteration: 1500 / 6000 [ 25%]  (Sampling) 
Chain 3 Iteration: 1600 / 6000 [ 26%]  (Sampling) 
Chain 2 Iteration: 1700 / 6000 [ 28%]  (Sampling) 
Chain 4 Iteration: 1700 / 6000 [ 28%]  (Sampling) 
Chain 1 Iteration: 1600 / 6000 [ 26%]  (Sampling) 
Chain 3 Iteration: 1700 / 6000 [ 28%]  (Sampling) 
Chain 2 Iteration: 1800 / 6000 [ 30%]  (Sampling) 
Chain 4 Iteration: 1800 / 6000 [ 30%]  (Sampling) 
Chain 1 Iteration: 1700 / 6000 [ 28%]  (Sampling) 
Chain 3 Iteration: 1800 / 6000 [ 30%]  (Sampling) 
Chain 2 Iteration: 1900 / 6000 [ 31%]  (Sampling) 
Chain 4 Iteration: 1900 / 6000 [ 31%]  (Sampling) 
Chain 1 Iteration: 1800 / 6000 [ 30%]  (Sampling) 
Chain 3 Iteration: 1900 / 6000 [ 31%]  (Sampling) 
Chain 2 Iteration: 2000 / 6000 [ 33%]  (Sampling) 
Chain 4 Iteration: 2000 / 6000 [ 33%]  (Sampling) 
Chain 1 Iteration: 1900 / 6000 [ 31%]  (Sampling) 
Chain 3 Iteration: 2000 / 6000 [ 33%]  (Sampling) 
Chain 2 Iteration: 2100 / 6000 [ 35%]  (Sampling) 
Chain 4 Iteration: 2100 / 6000 [ 35%]  (Sampling) 
Chain 1 Iteration: 2000 / 6000 [ 33%]  (Sampling) 
Chain 3 Iteration: 2100 / 6000 [ 35%]  (Sampling) 
Chain 2 Iteration: 2200 / 6000 [ 36%]  (Sampling) 
Chain 4 Iteration: 2200 / 6000 [ 36%]  (Sampling) 
Chain 1 Iteration: 2100 / 6000 [ 35%]  (Sampling) 
Chain 3 Iteration: 2200 / 6000 [ 36%]  (Sampling) 
Chain 2 Iteration: 2300 / 6000 [ 38%]  (Sampling) 
Chain 4 Iteration: 2300 / 6000 [ 38%]  (Sampling) 
Chain 1 Iteration: 2200 / 6000 [ 36%]  (Sampling) 
Chain 3 Iteration: 2300 / 6000 [ 38%]  (Sampling) 
Chain 2 Iteration: 2400 / 6000 [ 40%]  (Sampling) 
Chain 4 Iteration: 2400 / 6000 [ 40%]  (Sampling) 
Chain 1 Iteration: 2300 / 6000 [ 38%]  (Sampling) 
Chain 3 Iteration: 2400 / 6000 [ 40%]  (Sampling) 
Chain 2 Iteration: 2500 / 6000 [ 41%]  (Sampling) 
Chain 4 Iteration: 2500 / 6000 [ 41%]  (Sampling) 
Chain 1 Iteration: 2400 / 6000 [ 40%]  (Sampling) 
Chain 3 Iteration: 2500 / 6000 [ 41%]  (Sampling) 
Chain 2 Iteration: 2600 / 6000 [ 43%]  (Sampling) 
Chain 4 Iteration: 2600 / 6000 [ 43%]  (Sampling) 
Chain 1 Iteration: 2500 / 6000 [ 41%]  (Sampling) 
Chain 3 Iteration: 2600 / 6000 [ 43%]  (Sampling) 
Chain 2 Iteration: 2700 / 6000 [ 45%]  (Sampling) 
Chain 4 Iteration: 2700 / 6000 [ 45%]  (Sampling) 
Chain 1 Iteration: 2600 / 6000 [ 43%]  (Sampling) 
Chain 3 Iteration: 2700 / 6000 [ 45%]  (Sampling) 
Chain 2 Iteration: 2800 / 6000 [ 46%]  (Sampling) 
Chain 4 Iteration: 2800 / 6000 [ 46%]  (Sampling) 
Chain 1 Iteration: 2700 / 6000 [ 45%]  (Sampling) 
Chain 3 Iteration: 2800 / 6000 [ 46%]  (Sampling) 
Chain 2 Iteration: 2900 / 6000 [ 48%]  (Sampling) 
Chain 4 Iteration: 2900 / 6000 [ 48%]  (Sampling) 
Chain 1 Iteration: 2800 / 6000 [ 46%]  (Sampling) 
Chain 3 Iteration: 2900 / 6000 [ 48%]  (Sampling) 
Chain 2 Iteration: 3000 / 6000 [ 50%]  (Sampling) 
Chain 4 Iteration: 3000 / 6000 [ 50%]  (Sampling) 
Chain 1 Iteration: 2900 / 6000 [ 48%]  (Sampling) 
Chain 3 Iteration: 3000 / 6000 [ 50%]  (Sampling) 
Chain 2 Iteration: 3100 / 6000 [ 51%]  (Sampling) 
Chain 4 Iteration: 3100 / 6000 [ 51%]  (Sampling) 
Chain 1 Iteration: 3000 / 6000 [ 50%]  (Sampling) 
Chain 3 Iteration: 3100 / 6000 [ 51%]  (Sampling) 
Chain 2 Iteration: 3200 / 6000 [ 53%]  (Sampling) 
Chain 4 Iteration: 3200 / 6000 [ 53%]  (Sampling) 
Chain 1 Iteration: 3100 / 6000 [ 51%]  (Sampling) 
Chain 3 Iteration: 3200 / 6000 [ 53%]  (Sampling) 
Chain 2 Iteration: 3300 / 6000 [ 55%]  (Sampling) 
Chain 4 Iteration: 3300 / 6000 [ 55%]  (Sampling) 
Chain 1 Iteration: 3200 / 6000 [ 53%]  (Sampling) 
Chain 3 Iteration: 3300 / 6000 [ 55%]  (Sampling) 
Chain 2 Iteration: 3400 / 6000 [ 56%]  (Sampling) 
Chain 4 Iteration: 3400 / 6000 [ 56%]  (Sampling) 
Chain 1 Iteration: 3300 / 6000 [ 55%]  (Sampling) 
Chain 3 Iteration: 3400 / 6000 [ 56%]  (Sampling) 
Chain 2 Iteration: 3500 / 6000 [ 58%]  (Sampling) 
Chain 4 Iteration: 3500 / 6000 [ 58%]  (Sampling) 
Chain 1 Iteration: 3400 / 6000 [ 56%]  (Sampling) 
Chain 3 Iteration: 3500 / 6000 [ 58%]  (Sampling) 
Chain 2 Iteration: 3600 / 6000 [ 60%]  (Sampling) 
Chain 4 Iteration: 3600 / 6000 [ 60%]  (Sampling) 
Chain 1 Iteration: 3500 / 6000 [ 58%]  (Sampling) 
Chain 3 Iteration: 3600 / 6000 [ 60%]  (Sampling) 
Chain 2 Iteration: 3700 / 6000 [ 61%]  (Sampling) 
Chain 4 Iteration: 3700 / 6000 [ 61%]  (Sampling) 
Chain 1 Iteration: 3600 / 6000 [ 60%]  (Sampling) 
Chain 3 Iteration: 3700 / 6000 [ 61%]  (Sampling) 
Chain 2 Iteration: 3800 / 6000 [ 63%]  (Sampling) 
Chain 4 Iteration: 3800 / 6000 [ 63%]  (Sampling) 
Chain 1 Iteration: 3700 / 6000 [ 61%]  (Sampling) 
Chain 3 Iteration: 3800 / 6000 [ 63%]  (Sampling) 
Chain 2 Iteration: 3900 / 6000 [ 65%]  (Sampling) 
Chain 1 Iteration: 3800 / 6000 [ 63%]  (Sampling) 
Chain 4 Iteration: 3900 / 6000 [ 65%]  (Sampling) 
Chain 3 Iteration: 3900 / 6000 [ 65%]  (Sampling) 
Chain 2 Iteration: 4000 / 6000 [ 66%]  (Sampling) 
Chain 1 Iteration: 3900 / 6000 [ 65%]  (Sampling) 
Chain 4 Iteration: 4000 / 6000 [ 66%]  (Sampling) 
Chain 3 Iteration: 4000 / 6000 [ 66%]  (Sampling) 
Chain 2 Iteration: 4100 / 6000 [ 68%]  (Sampling) 
Chain 4 Iteration: 4100 / 6000 [ 68%]  (Sampling) 
Chain 1 Iteration: 4000 / 6000 [ 66%]  (Sampling) 
Chain 3 Iteration: 4100 / 6000 [ 68%]  (Sampling) 
Chain 2 Iteration: 4200 / 6000 [ 70%]  (Sampling) 
Chain 4 Iteration: 4200 / 6000 [ 70%]  (Sampling) 
Chain 1 Iteration: 4100 / 6000 [ 68%]  (Sampling) 
Chain 3 Iteration: 4200 / 6000 [ 70%]  (Sampling) 
Chain 2 Iteration: 4300 / 6000 [ 71%]  (Sampling) 
Chain 4 Iteration: 4300 / 6000 [ 71%]  (Sampling) 
Chain 1 Iteration: 4200 / 6000 [ 70%]  (Sampling) 
Chain 3 Iteration: 4300 / 6000 [ 71%]  (Sampling) 
Chain 2 Iteration: 4400 / 6000 [ 73%]  (Sampling) 
Chain 4 Iteration: 4400 / 6000 [ 73%]  (Sampling) 
Chain 1 Iteration: 4300 / 6000 [ 71%]  (Sampling) 
Chain 3 Iteration: 4400 / 6000 [ 73%]  (Sampling) 
Chain 2 Iteration: 4500 / 6000 [ 75%]  (Sampling) 
Chain 4 Iteration: 4500 / 6000 [ 75%]  (Sampling) 
Chain 1 Iteration: 4400 / 6000 [ 73%]  (Sampling) 
Chain 3 Iteration: 4500 / 6000 [ 75%]  (Sampling) 
Chain 2 Iteration: 4600 / 6000 [ 76%]  (Sampling) 
Chain 4 Iteration: 4600 / 6000 [ 76%]  (Sampling) 
Chain 1 Iteration: 4500 / 6000 [ 75%]  (Sampling) 
Chain 3 Iteration: 4600 / 6000 [ 76%]  (Sampling) 
Chain 2 Iteration: 4700 / 6000 [ 78%]  (Sampling) 
Chain 4 Iteration: 4700 / 6000 [ 78%]  (Sampling) 
Chain 1 Iteration: 4600 / 6000 [ 76%]  (Sampling) 
Chain 3 Iteration: 4700 / 6000 [ 78%]  (Sampling) 
Chain 2 Iteration: 4800 / 6000 [ 80%]  (Sampling) 
Chain 4 Iteration: 4800 / 6000 [ 80%]  (Sampling) 
Chain 1 Iteration: 4700 / 6000 [ 78%]  (Sampling) 
Chain 3 Iteration: 4800 / 6000 [ 80%]  (Sampling) 
Chain 2 Iteration: 4900 / 6000 [ 81%]  (Sampling) 
Chain 4 Iteration: 4900 / 6000 [ 81%]  (Sampling) 
Chain 1 Iteration: 4800 / 6000 [ 80%]  (Sampling) 
Chain 3 Iteration: 4900 / 6000 [ 81%]  (Sampling) 
Chain 2 Iteration: 5000 / 6000 [ 83%]  (Sampling) 
Chain 4 Iteration: 5000 / 6000 [ 83%]  (Sampling) 
Chain 1 Iteration: 4900 / 6000 [ 81%]  (Sampling) 
Chain 3 Iteration: 5000 / 6000 [ 83%]  (Sampling) 
Chain 2 Iteration: 5100 / 6000 [ 85%]  (Sampling) 
Chain 1 Iteration: 5000 / 6000 [ 83%]  (Sampling) 
Chain 4 Iteration: 5100 / 6000 [ 85%]  (Sampling) 
Chain 3 Iteration: 5100 / 6000 [ 85%]  (Sampling) 
Chain 2 Iteration: 5200 / 6000 [ 86%]  (Sampling) 
Chain 1 Iteration: 5100 / 6000 [ 85%]  (Sampling) 
Chain 4 Iteration: 5200 / 6000 [ 86%]  (Sampling) 
Chain 3 Iteration: 5200 / 6000 [ 86%]  (Sampling) 
Chain 2 Iteration: 5300 / 6000 [ 88%]  (Sampling) 
Chain 1 Iteration: 5200 / 6000 [ 86%]  (Sampling) 
Chain 4 Iteration: 5300 / 6000 [ 88%]  (Sampling) 
Chain 3 Iteration: 5300 / 6000 [ 88%]  (Sampling) 
Chain 2 Iteration: 5400 / 6000 [ 90%]  (Sampling) 
Chain 1 Iteration: 5300 / 6000 [ 88%]  (Sampling) 
Chain 4 Iteration: 5400 / 6000 [ 90%]  (Sampling) 
Chain 3 Iteration: 5400 / 6000 [ 90%]  (Sampling) 
Chain 2 Iteration: 5500 / 6000 [ 91%]  (Sampling) 
Chain 1 Iteration: 5400 / 6000 [ 90%]  (Sampling) 
Chain 4 Iteration: 5500 / 6000 [ 91%]  (Sampling) 
Chain 3 Iteration: 5500 / 6000 [ 91%]  (Sampling) 
Chain 2 Iteration: 5600 / 6000 [ 93%]  (Sampling) 
Chain 1 Iteration: 5500 / 6000 [ 91%]  (Sampling) 
Chain 4 Iteration: 5600 / 6000 [ 93%]  (Sampling) 
Chain 3 Iteration: 5600 / 6000 [ 93%]  (Sampling) 
Chain 2 Iteration: 5700 / 6000 [ 95%]  (Sampling) 
Chain 1 Iteration: 5600 / 6000 [ 93%]  (Sampling) 
Chain 4 Iteration: 5700 / 6000 [ 95%]  (Sampling) 
Chain 3 Iteration: 5700 / 6000 [ 95%]  (Sampling) 
Chain 2 Iteration: 5800 / 6000 [ 96%]  (Sampling) 
Chain 1 Iteration: 5700 / 6000 [ 95%]  (Sampling) 
Chain 4 Iteration: 5800 / 6000 [ 96%]  (Sampling) 
Chain 3 Iteration: 5800 / 6000 [ 96%]  (Sampling) 
Chain 2 Iteration: 5900 / 6000 [ 98%]  (Sampling) 
Chain 1 Iteration: 5800 / 6000 [ 96%]  (Sampling) 
Chain 4 Iteration: 5900 / 6000 [ 98%]  (Sampling) 
Chain 3 Iteration: 5900 / 6000 [ 98%]  (Sampling) 
Chain 2 Iteration: 6000 / 6000 [100%]  (Sampling) 
Chain 2 finished in 11422.3 seconds.
Chain 1 Iteration: 5900 / 6000 [ 98%]  (Sampling) 
Chain 4 Iteration: 6000 / 6000 [100%]  (Sampling) 
Chain 4 finished in 11499.2 seconds.
Chain 3 Iteration: 6000 / 6000 [100%]  (Sampling) 
Chain 3 finished in 11557.2 seconds.
Chain 1 Iteration: 6000 / 6000 [100%]  (Sampling) 
Chain 1 finished in 11624.2 seconds.

All 4 chains finished successfully.
Mean chain execution time: 11525.7 seconds.
Total execution time: 11625.0 seconds.

[1] "Processing draws 1 to 100"
[1] "Chunk time = 3.27363949219386"
[1] "Processing draws 101 to 200"
[1] "Chunk time = 2.27588134209315"
[1] "Processing draws 201 to 300"
[1] "Chunk time = 2.40466720660528"
[1] "Processing draws 301 to 400"
[1] "Chunk time = 2.07708055178324"
[1] "Processing draws 401 to 500"
[1] "Chunk time = 1.96865598360697"
[1] "Processing draws 501 to 600"
[1] "Chunk time = 1.96086743275324"
[1] "Processing draws 601 to 700"
[1] "Chunk time = 1.98196770350138"
[1] "Processing draws 701 to 800"
[1] "Chunk time = 2.01409137248993"
[1] "Processing draws 801 to 900"
[1] "Chunk time = 1.96206033627192"
[1] "Processing draws 901 to 1000"
[1] "Chunk time = 1.98583654562632"
[1] "Processing draws 1001 to 1100"
[1] "Chunk time = 1.96374766429265"
[1] "Processing draws 1101 to 1200"
[1] "Chunk time = 2.00717124541601"
[1] "Processing draws 1201 to 1300"
[1] "Chunk time = 1.99363433122635"
[1] "Processing draws 1301 to 1400"
[1] "Chunk time = 1.99114078680674"
[1] "Processing draws 1401 to 1500"
[1] "Chunk time = 1.95496966441472"
[1] "Processing draws 1501 to 1600"
[1] "Chunk time = 1.99896986484528"
[1] "Processing draws 1601 to 1700"
[1] "Chunk time = 1.93233263492584"
[1] "Processing draws 1701 to 1800"
[1] "Chunk time = 1.93848688205083"
[1] "Processing draws 1801 to 1900"
[1] "Chunk time = 1.99501216808955"
[1] "Processing draws 1901 to 2000"
[1] "Chunk time = 1.98319388628006"
[1] "Processing draws 2001 to 2100"
[1] "Chunk time = 1.94154724677404"
[1] "Processing draws 2101 to 2200"
[1] "Chunk time = 2.03644358317057"
[1] "Processing draws 2201 to 2300"
[1] "Chunk time = 1.9391762415568"
[1] "Processing draws 2301 to 2400"
[1] "Chunk time = 1.9746950229009"
[1] "Processing draws 2401 to 2500"
[1] "Chunk time = 1.95998789072037"
[1] "Processing draws 2501 to 2600"
[1] "Chunk time = 1.93731595675151"
[1] "Processing draws 2601 to 2700"
[1] "Chunk time = 1.93666948874791"
[1] "Processing draws 2701 to 2800"
[1] "Chunk time = 2.04030117193858"
[1] "Processing draws 2801 to 2900"
[1] "Chunk time = 1.94263472954432"
[1] "Processing draws 2901 to 3000"
[1] "Chunk time = 1.96214198271434"
[1] "Processing draws 3001 to 3100"
[1] "Chunk time = 1.95853397846222"
[1] "Processing draws 3101 to 3200"
[1] "Chunk time = 2.02220062017441"
[1] "Processing draws 3201 to 3300"
[1] "Chunk time = 1.94181458155314"
[1] "Processing draws 3301 to 3400"
[1] "Chunk time = 1.96095221439997"
[1] "Processing draws 3401 to 3500"
[1] "Chunk time = 1.94728492101034"
[1] "Processing draws 3501 to 3600"
[1] "Chunk time = 1.96887346903483"
[1] "Processing draws 3601 to 3700"
[1] "Chunk time = 1.97943369547526"
[1] "Processing draws 3701 to 3800"
[1] "Chunk time = 1.96053982575734"
[1] "Processing draws 3801 to 3900"
[1] "Chunk time = 1.94766874710719"
[1] "Processing draws 3901 to 4000"
[1] "Chunk time = 1.98060483932495"
[1] "Processing draws 4001 to 4100"
[1] "Chunk time = 2.02684970696767"
[1] "Processing draws 4101 to 4200"
[1] "Chunk time = 1.94687603314718"
[1] "Processing draws 4201 to 4300"
[1] "Chunk time = 1.96641957759857"
[1] "Processing draws 4301 to 4400"
[1] "Chunk time = 1.98111162980398"
[1] "Processing draws 4401 to 4500"
[1] "Chunk time = 1.94669127861659"
[1] "Processing draws 4501 to 4600"
[1] "Chunk time = 1.96950344244639"
[1] "Processing draws 4601 to 4700"
[1] "Chunk time = 2.00108969211578"
[1] "Processing draws 4701 to 4800"
[1] "Chunk time = 1.98247140645981"
[1] "Processing draws 4801 to 4900"
[1] "Chunk time = 1.97162563800812"
[1] "Processing draws 4901 to 5000"
[1] "Chunk time = 1.97373145421346"
[1] "Processing draws 5001 to 5100"
[1] "Chunk time = 1.94887296358744"
[1] "Processing draws 5101 to 5200"
[1] "Chunk time = 1.97878422339757"
[1] "Processing draws 5201 to 5300"
[1] "Chunk time = 1.95457519292831"
[1] "Processing draws 5301 to 5400"
[1] "Chunk time = 1.97728265523911"
[1] "Processing draws 5401 to 5500"
[1] "Chunk time = 1.97642420530319"
[1] "Processing draws 5501 to 5600"
[1] "Chunk time = 1.98248420953751"
[1] "Processing draws 5601 to 5700"
[1] "Chunk time = 1.95470254421234"
[1] "Processing draws 5701 to 5800"
[1] "Chunk time = 1.97171777089437"
[1] "Processing draws 5801 to 5900"
[1] "Chunk time = 1.95035130580266"
[1] "Processing draws 5901 to 6000"
[1] "Chunk time = 1.97307011286418"
[1] "Processing draws 6001 to 6100"
[1] "Chunk time = 1.97638988097509"
[1] "Processing draws 6101 to 6200"
[1] "Chunk time = 1.98443795839945"
[1] "Processing draws 6201 to 6300"
[1] "Chunk time = 1.95713916619619"
[1] "Processing draws 6301 to 6400"
[1] "Chunk time = 1.98224490086238"
[1] "Processing draws 6401 to 6500"
[1] "Chunk time = 1.95447802941004"
[1] "Processing draws 6501 to 6600"
[1] "Chunk time = 1.96253532965978"
[1] "Processing draws 6601 to 6700"
[1] "Chunk time = 1.9738695581754"
[1] "Processing draws 6701 to 6800"
[1] "Chunk time = 1.98056179682414"
[1] "Processing draws 6801 to 6900"
[1] "Chunk time = 1.9667861421903"
[1] "Processing draws 6901 to 7000"
[1] "Chunk time = 1.98703324794769"
[1] "Processing draws 7001 to 7100"
[1] "Chunk time = 1.95452897548676"
[1] "Processing draws 7101 to 7200"
[1] "Chunk time = 1.98013895352681"
[1] "Processing draws 7201 to 7300"
[1] "Chunk time = 1.97475816011429"
[1] "Processing draws 7301 to 7400"
[1] "Chunk time = 1.9490506529808"
[1] "Processing draws 7401 to 7500"
[1] "Chunk time = 1.89977658589681"
[1] "Processing draws 7501 to 7600"
[1] "Chunk time = 1.99949849843979"
[1] "Processing draws 7601 to 7700"
[1] "Chunk time = 1.85467168092728"
[1] "Processing draws 7701 to 7800"
[1] "Chunk time = 1.9755640745163"
[1] "Processing draws 7801 to 7900"
[1] "Chunk time = 1.88119727373123"
[1] "Processing draws 7901 to 8000"
[1] "Chunk time = 1.98221464157104"
[1] "Processing draws 8001 to 8100"
[1] "Chunk time = 1.89798681338628"
[1] "Processing draws 8101 to 8200"
[1] "Chunk time = 1.98081578413645"
[1] "Processing draws 8201 to 8300"
[1] "Chunk time = 1.95294694900513"
[1] "Processing draws 8301 to 8400"
[1] "Chunk time = 1.97970150709152"
[1] "Processing draws 8401 to 8500"
[1] "Chunk time = 1.87672781944275"
[1] "Processing draws 8501 to 8600"
[1] "Chunk time = 1.89498734474182"
[1] "Processing draws 8601 to 8700"
[1] "Chunk time = 1.86918113629023"
[1] "Processing draws 8701 to 8800"
[1] "Chunk time = 1.92505487600962"
[1] "Processing draws 8801 to 8900"
[1] "Chunk time = 1.93955771525701"
[1] "Processing draws 8901 to 9000"
[1] "Chunk time = 2.0133696158727"
[1] "Processing draws 9001 to 9100"
[1] "Chunk time = 1.91376524766286"
[1] "Processing draws 9101 to 9200"
[1] "Chunk time = 1.93651447693507"
[1] "Processing draws 9201 to 9300"
[1] "Chunk time = 1.9164867122968"
[1] "Processing draws 9301 to 9400"
[1] "Chunk time = 1.9253219127655"
[1] "Processing draws 9401 to 9500"
[1] "Chunk time = 2.00471314191818"
[1] "Processing draws 9501 to 9600"
[1] "Chunk time = 2.00262426137924"
[1] "Processing draws 9601 to 9700"
[1] "Chunk time = 2.02942358255386"
[1] "Processing draws 9701 to 9800"
[1] "Chunk time = 1.91019500494003"
[1] "Processing draws 9801 to 9900"
[1] "Chunk time = 1.90143246650696"
[1] "Processing draws 9901 to 10000"
[1] "Chunk time = 1.92484203577042"
[1] "Processing draws 10001 to 10100"
[1] "Chunk time = 1.88856867154439"
[1] "Processing draws 10101 to 10200"
[1] "Chunk time = 1.94944276014964"
[1] "Processing draws 10201 to 10300"
[1] "Chunk time = 1.92978212038676"
[1] "Processing draws 10301 to 10400"
[1] "Chunk time = 1.99392164548238"
[1] "Processing draws 10401 to 10500"
[1] "Chunk time = 1.88532430330912"
[1] "Processing draws 10501 to 10600"
[1] "Chunk time = 1.90783587694168"
[1] "Processing draws 10601 to 10700"
[1] "Chunk time = 1.89235186974208"
[1] "Processing draws 10701 to 10800"
[1] "Chunk time = 2.00875930786133"
[1] "Processing draws 10801 to 10900"
[1] "Chunk time = 1.94476499557495"
[1] "Processing draws 10901 to 11000"
[1] "Chunk time = 1.93063175678253"
[1] "Processing draws 11001 to 11100"
[1] "Chunk time = 1.997860399882"
[1] "Processing draws 11101 to 11200"
[1] "Chunk time = 1.93390003442764"
[1] "Processing draws 11201 to 11300"
[1] "Chunk time = 1.88527950445811"
[1] "Processing draws 11301 to 11400"
[1] "Chunk time = 1.88938287099202"
[1] "Processing draws 11401 to 11500"
[1] "Chunk time = 1.90728516976039"
[1] "Processing draws 11501 to 11600"
[1] "Chunk time = 1.95304729143778"
[1] "Processing draws 11601 to 11700"
[1] "Chunk time = 1.99948217471441"
[1] "Processing draws 11701 to 11800"
[1] "Chunk time = 2.03316884835561"
[1] "Processing draws 11801 to 11900"
[1] "Chunk time = 1.88955193360647"
[1] "Processing draws 11901 to 12000"
[1] "Chunk time = 1.95105125109355"
[1] "Processing draws 12001 to 12100"
[1] "Chunk time = 1.90650590260824"
[1] "Processing draws 12101 to 12200"
[1] "Chunk time = 1.88587202628454"
[1] "Processing draws 12201 to 12300"
[1] "Chunk time = 1.99728521108627"
[1] "Processing draws 12301 to 12400"
[1] "Chunk time = 2.01597454150518"
[1] "Processing draws 12401 to 12500"
[1] "Chunk time = 1.99664426247279"
[1] "Processing draws 12501 to 12600"
[1] "Chunk time = 1.89329745372136"
[1] "Processing draws 12601 to 12700"
[1] "Chunk time = 1.91808910369873"
[1] "Processing draws 12701 to 12800"
[1] "Chunk time = 1.95507699251175"
[1] "Processing draws 12801 to 12900"
[1] "Chunk time = 1.89004613558451"
[1] "Processing draws 12901 to 13000"
[1] "Chunk time = 1.92735653320948"
[1] "Processing draws 13001 to 13100"
[1] "Chunk time = 1.91982586781184"
[1] "Processing draws 13101 to 13200"
[1] "Chunk time = 2.00235939820608"
[1] "Processing draws 13201 to 13300"
[1] "Chunk time = 1.92535979747772"
[1] "Processing draws 13301 to 13400"
[1] "Chunk time = 1.94822707176208"
[1] "Processing draws 13401 to 13500"
[1] "Chunk time = 1.89569360812505"
[1] "Processing draws 13501 to 13600"
[1] "Chunk time = 1.95935096740723"
[1] "Processing draws 13601 to 13700"
[1] "Chunk time = 1.97410359382629"
[1] "Processing draws 13701 to 13800"
[1] "Chunk time = 2.00264108975728"
[1] "Processing draws 13801 to 13900"
[1] "Chunk time = 1.99851850271225"
[1] "Processing draws 13901 to 14000"
[1] "Chunk time = 1.92591635783513"
[1] "Processing draws 14001 to 14100"
[1] "Chunk time = 1.88181446790695"
[1] "Processing draws 14101 to 14200"
[1] "Chunk time = 1.91659138202667"
[1] "Processing draws 14201 to 14300"
[1] "Chunk time = 1.90152328411738"
[1] "Processing draws 14301 to 14400"
[1] "Chunk time = 1.95311642885208"
[1] "Processing draws 14401 to 14500"
[1] "Chunk time = 1.941299589475"
[1] "Processing draws 14501 to 14600"
[1] "Chunk time = 1.99997005462646"
[1] "Processing draws 14601 to 14700"
[1] "Chunk time = 1.90136367877324"
[1] "Processing draws 14701 to 14800"
[1] "Chunk time = 1.9396711508433"
[1] "Processing draws 14801 to 14900"
[1] "Chunk time = 1.90381904840469"
[1] "Processing draws 14901 to 15000"
[1] "Chunk time = 1.92600999673208"
[1] "Processing draws 15001 to 15100"
[1] "Chunk time = 2.00569997231166"
[1] "Processing draws 15101 to 15200"
[1] "Chunk time = 2.02494090000788"
[1] "Processing draws 15201 to 15300"
[1] "Chunk time = 2.00909069776535"
[1] "Processing draws 15301 to 15400"
[1] "Chunk time = 1.92665212949117"
[1] "Processing draws 15401 to 15500"
[1] "Chunk time = 1.8911834637324"
[1] "Processing draws 15501 to 15600"
[1] "Chunk time = 1.93459702332815"
[1] "Processing draws 15601 to 15700"
[1] "Chunk time = 1.92555016279221"
[1] "Processing draws 15701 to 15800"
[1] "Chunk time = 1.94410174687703"
[1] "Processing draws 15801 to 15900"
[1] "Chunk time = 1.94153455893199"
[1] "Processing draws 15901 to 16000"
[1] "Chunk time = 2.01172217528025"
[1] "Processing draws 16001 to 16100"
[1] "Chunk time = 1.92860027154287"
[1] "Processing draws 16101 to 16200"
[1] "Chunk time = 1.91660929123561"
[1] "Processing draws 16201 to 16300"
[1] "Chunk time = 1.92748058636983"
[1] "Processing draws 16301 to 16400"
[1] "Chunk time = 1.93602518637975"
[1] "Processing draws 16401 to 16500"
[1] "Chunk time = 1.96626151800156"
[1] "Processing draws 16501 to 16600"
[1] "Chunk time = 1.96279240051905"
[1] "Processing draws 16601 to 16700"
[1] "Chunk time = 2.02617317040761"
[1] "Processing draws 16701 to 16800"
[1] "Chunk time = 1.93872572580973"
[1] "Processing draws 16801 to 16900"
[1] "Chunk time = 1.92873217264811"
[1] "Processing draws 16901 to 17000"
[1] "Chunk time = 1.93103534380595"
[1] "Processing draws 17001 to 17100"
[1] "Chunk time = 1.91492744684219"
[1] "Processing draws 17101 to 17200"
[1] "Chunk time = 1.94466653664907"
[1] "Processing draws 17201 to 17300"
[1] "Chunk time = 1.94141905705134"
[1] "Processing draws 17301 to 17400"
[1] "Chunk time = 2.0110200881958"
[1] "Processing draws 17401 to 17500"
[1] "Chunk time = 1.92833174864451"
[1] "Processing draws 17501 to 17600"
[1] "Chunk time = 1.93689841032028"
[1] "Processing draws 17601 to 17700"
[1] "Chunk time = 1.91247698465983"
[1] "Processing draws 17701 to 17800"
[1] "Chunk time = 1.93410940567652"
[1] "Processing draws 17801 to 17900"
[1] "Chunk time = 1.9360940694809"
[1] "Processing draws 17901 to 18000"
[1] "Chunk time = 1.93618415196737"
[1] "Processing draws 18001 to 18100"
[1] "Chunk time = 2.00337788263957"
[1] "Processing draws 18101 to 18200"
[1] "Chunk time = 1.90777291059494"
[1] "Processing draws 18201 to 18300"
[1] "Chunk time = 1.90232578516006"
[1] "Processing draws 18301 to 18400"
[1] "Chunk time = 1.94672675530116"
[1] "Processing draws 18401 to 18500"
[1] "Chunk time = 1.91907176574071"
[1] "Processing draws 18501 to 18600"
[1] "Chunk time = 1.94508744080861"
[1] "Processing draws 18601 to 18700"
[1] "Chunk time = 1.94096596638362"
[1] "Processing draws 18701 to 18800"
[1] "Chunk time = 2.01092247168223"
[1] "Processing draws 18801 to 18900"
[1] "Chunk time = 1.8999307513237"
[1] "Processing draws 18901 to 19000"
[1] "Chunk time = 1.91385523875554"
[1] "Processing draws 19001 to 19100"
[1] "Chunk time = 1.9116445461909"
[1] "Processing draws 19101 to 19200"
[1] "Chunk time = 1.93585594097773"
[1] "Processing draws 19201 to 19300"
[1] "Chunk time = 1.95973383585612"
[1] "Processing draws 19301 to 19400"
[1] "Chunk time = 1.95467661619186"
[1] "Processing draws 19401 to 19500"
[1] "Chunk time = 2.00966132084529"
[1] "Processing draws 19501 to 19600"
[1] "Chunk time = 1.93912548224131"
[1] "Processing draws 19601 to 19700"
[1] "Chunk time = 1.89789659976959"
[1] "Processing draws 19701 to 19800"
[1] "Chunk time = 1.90237280527751"
[1] "Processing draws 19801 to 19900"
[1] "Chunk time = 1.91376719474792"
[1] "Processing draws 19901 to 20000"
[1] "Chunk time = 1.93861332734426"
[1] "done lapplying"
[1] "Saving current params"
[1] "Saving params to output.rds"
[1] TRUE
[1] "Time for modelling:"
[1] "2025-07-02 03:51:01 EDT"
[1] "Time for posterior computations:"
Time difference of 6.56081 hours
[1] "Total time:"
[1] "2025-07-02 10:24:40 EDT"
