[1] "Starting sampling."
Running MCMC with 4 parallel chains, with 4 thread(s) per chain...

Chain 1 Iteration:    1 / 6000 [  0%]  (Warmup) 
Chain 2 Iteration:    1 / 6000 [  0%]  (Warmup) 
Chain 3 Iteration:    1 / 6000 [  0%]  (Warmup) 
Chain 4 Iteration:    1 / 6000 [  0%]  (Warmup) 
Chain 3 Iteration:  100 / 6000 [  1%]  (Warmup) 
Chain 1 Iteration:  100 / 6000 [  1%]  (Warmup) 
Chain 2 Iteration:  100 / 6000 [  1%]  (Warmup) 
Chain 4 Iteration:  100 / 6000 [  1%]  (Warmup) 
Chain 3 Iteration:  200 / 6000 [  3%]  (Warmup) 
Chain 2 Iteration:  200 / 6000 [  3%]  (Warmup) 
Chain 1 Iteration:  200 / 6000 [  3%]  (Warmup) 
Chain 4 Iteration:  200 / 6000 [  3%]  (Warmup) 
Chain 3 Iteration:  300 / 6000 [  5%]  (Warmup) 
Chain 2 Iteration:  300 / 6000 [  5%]  (Warmup) 
Chain 1 Iteration:  300 / 6000 [  5%]  (Warmup) 
Chain 4 Iteration:  300 / 6000 [  5%]  (Warmup) 
Chain 3 Iteration:  400 / 6000 [  6%]  (Warmup) 
Chain 2 Iteration:  400 / 6000 [  6%]  (Warmup) 
Chain 1 Iteration:  400 / 6000 [  6%]  (Warmup) 
Chain 4 Iteration:  400 / 6000 [  6%]  (Warmup) 
Chain 3 Iteration:  500 / 6000 [  8%]  (Warmup) 
Chain 1 Iteration:  500 / 6000 [  8%]  (Warmup) 
Chain 2 Iteration:  500 / 6000 [  8%]  (Warmup) 
Chain 4 Iteration:  500 / 6000 [  8%]  (Warmup) 
Chain 3 Iteration:  600 / 6000 [ 10%]  (Warmup) 
Chain 4 Iteration:  600 / 6000 [ 10%]  (Warmup) 
Chain 2 Iteration:  600 / 6000 [ 10%]  (Warmup) 
Chain 1 Iteration:  600 / 6000 [ 10%]  (Warmup) 
Chain 3 Iteration:  700 / 6000 [ 11%]  (Warmup) 
Chain 4 Iteration:  700 / 6000 [ 11%]  (Warmup) 
Chain 1 Iteration:  700 / 6000 [ 11%]  (Warmup) 
Chain 2 Iteration:  700 / 6000 [ 11%]  (Warmup) 
Chain 4 Iteration:  800 / 6000 [ 13%]  (Warmup) 
Chain 3 Iteration:  800 / 6000 [ 13%]  (Warmup) 
Chain 1 Iteration:  800 / 6000 [ 13%]  (Warmup) 
Chain 2 Iteration:  800 / 6000 [ 13%]  (Warmup) 
Chain 4 Iteration:  900 / 6000 [ 15%]  (Warmup) 
Chain 3 Iteration:  900 / 6000 [ 15%]  (Warmup) 
Chain 1 Iteration:  900 / 6000 [ 15%]  (Warmup) 
Chain 2 Iteration:  900 / 6000 [ 15%]  (Warmup) 
Chain 4 Iteration: 1000 / 6000 [ 16%]  (Warmup) 
Chain 3 Iteration: 1000 / 6000 [ 16%]  (Warmup) 
Chain 4 Iteration: 1001 / 6000 [ 16%]  (Sampling) 
Chain 3 Iteration: 1001 / 6000 [ 16%]  (Sampling) 
Chain 1 Iteration: 1000 / 6000 [ 16%]  (Warmup) 
Chain 1 Iteration: 1001 / 6000 [ 16%]  (Sampling) 
Chain 2 Iteration: 1000 / 6000 [ 16%]  (Warmup) 
Chain 2 Iteration: 1001 / 6000 [ 16%]  (Sampling) 
Chain 3 Iteration: 1100 / 6000 [ 18%]  (Sampling) 
Chain 1 Iteration: 1100 / 6000 [ 18%]  (Sampling) 
Chain 4 Iteration: 1100 / 6000 [ 18%]  (Sampling) 
Chain 2 Iteration: 1100 / 6000 [ 18%]  (Sampling) 
Chain 1 Iteration: 1200 / 6000 [ 20%]  (Sampling) 
Chain 3 Iteration: 1200 / 6000 [ 20%]  (Sampling) 
Chain 4 Iteration: 1200 / 6000 [ 20%]  (Sampling) 
Chain 2 Iteration: 1200 / 6000 [ 20%]  (Sampling) 
Chain 1 Iteration: 1300 / 6000 [ 21%]  (Sampling) 
Chain 3 Iteration: 1300 / 6000 [ 21%]  (Sampling) 
Chain 4 Iteration: 1300 / 6000 [ 21%]  (Sampling) 
Chain 1 Iteration: 1400 / 6000 [ 23%]  (Sampling) 
Chain 2 Iteration: 1300 / 6000 [ 21%]  (Sampling) 
Chain 3 Iteration: 1400 / 6000 [ 23%]  (Sampling) 
Chain 4 Iteration: 1400 / 6000 [ 23%]  (Sampling) 
Chain 1 Iteration: 1500 / 6000 [ 25%]  (Sampling) 
Chain 2 Iteration: 1400 / 6000 [ 23%]  (Sampling) 
Chain 3 Iteration: 1500 / 6000 [ 25%]  (Sampling) 
Chain 4 Iteration: 1500 / 6000 [ 25%]  (Sampling) 
Chain 1 Iteration: 1600 / 6000 [ 26%]  (Sampling) 
Chain 2 Iteration: 1500 / 6000 [ 25%]  (Sampling) 
Chain 3 Iteration: 1600 / 6000 [ 26%]  (Sampling) 
Chain 4 Iteration: 1600 / 6000 [ 26%]  (Sampling) 
Chain 1 Iteration: 1700 / 6000 [ 28%]  (Sampling) 
Chain 2 Iteration: 1600 / 6000 [ 26%]  (Sampling) 
Chain 3 Iteration: 1700 / 6000 [ 28%]  (Sampling) 
Chain 4 Iteration: 1700 / 6000 [ 28%]  (Sampling) 
Chain 1 Iteration: 1800 / 6000 [ 30%]  (Sampling) 
Chain 2 Iteration: 1700 / 6000 [ 28%]  (Sampling) 
Chain 1 Iteration: 1900 / 6000 [ 31%]  (Sampling) 
Chain 3 Iteration: 1800 / 6000 [ 30%]  (Sampling) 
Chain 4 Iteration: 1800 / 6000 [ 30%]  (Sampling) 
Chain 2 Iteration: 1800 / 6000 [ 30%]  (Sampling) 
Chain 1 Iteration: 2000 / 6000 [ 33%]  (Sampling) 
Chain 3 Iteration: 1900 / 6000 [ 31%]  (Sampling) 
Chain 4 Iteration: 1900 / 6000 [ 31%]  (Sampling) 
Chain 1 Iteration: 2100 / 6000 [ 35%]  (Sampling) 
Chain 2 Iteration: 1900 / 6000 [ 31%]  (Sampling) 
Chain 3 Iteration: 2000 / 6000 [ 33%]  (Sampling) 
Chain 4 Iteration: 2000 / 6000 [ 33%]  (Sampling) 
Chain 1 Iteration: 2200 / 6000 [ 36%]  (Sampling) 
Chain 2 Iteration: 2000 / 6000 [ 33%]  (Sampling) 
Chain 3 Iteration: 2100 / 6000 [ 35%]  (Sampling) 
Chain 4 Iteration: 2100 / 6000 [ 35%]  (Sampling) 
Chain 1 Iteration: 2300 / 6000 [ 38%]  (Sampling) 
Chain 2 Iteration: 2100 / 6000 [ 35%]  (Sampling) 
Chain 3 Iteration: 2200 / 6000 [ 36%]  (Sampling) 
Chain 4 Iteration: 2200 / 6000 [ 36%]  (Sampling) 
Chain 1 Iteration: 2400 / 6000 [ 40%]  (Sampling) 
Chain 2 Iteration: 2200 / 6000 [ 36%]  (Sampling) 
Chain 3 Iteration: 2300 / 6000 [ 38%]  (Sampling) 
Chain 4 Iteration: 2300 / 6000 [ 38%]  (Sampling) 
Chain 1 Iteration: 2500 / 6000 [ 41%]  (Sampling) 
Chain 2 Iteration: 2300 / 6000 [ 38%]  (Sampling) 
Chain 3 Iteration: 2400 / 6000 [ 40%]  (Sampling) 
Chain 4 Iteration: 2400 / 6000 [ 40%]  (Sampling) 
Chain 1 Iteration: 2600 / 6000 [ 43%]  (Sampling) 
Chain 2 Iteration: 2400 / 6000 [ 40%]  (Sampling) 
Chain 3 Iteration: 2500 / 6000 [ 41%]  (Sampling) 
Chain 1 Iteration: 2700 / 6000 [ 45%]  (Sampling) 
Chain 4 Iteration: 2500 / 6000 [ 41%]  (Sampling) 
Chain 2 Iteration: 2500 / 6000 [ 41%]  (Sampling) 
Chain 1 Iteration: 2800 / 6000 [ 46%]  (Sampling) 
Chain 3 Iteration: 2600 / 6000 [ 43%]  (Sampling) 
Chain 4 Iteration: 2600 / 6000 [ 43%]  (Sampling) 
Chain 2 Iteration: 2600 / 6000 [ 43%]  (Sampling) 
Chain 1 Iteration: 2900 / 6000 [ 48%]  (Sampling) 
Chain 3 Iteration: 2700 / 6000 [ 45%]  (Sampling) 
Chain 4 Iteration: 2700 / 6000 [ 45%]  (Sampling) 
Chain 1 Iteration: 3000 / 6000 [ 50%]  (Sampling) 
Chain 2 Iteration: 2700 / 6000 [ 45%]  (Sampling) 
Chain 3 Iteration: 2800 / 6000 [ 46%]  (Sampling) 
Chain 4 Iteration: 2800 / 6000 [ 46%]  (Sampling) 
Chain 1 Iteration: 3100 / 6000 [ 51%]  (Sampling) 
Chain 2 Iteration: 2800 / 6000 [ 46%]  (Sampling) 
Chain 3 Iteration: 2900 / 6000 [ 48%]  (Sampling) 
Chain 4 Iteration: 2900 / 6000 [ 48%]  (Sampling) 
Chain 1 Iteration: 3200 / 6000 [ 53%]  (Sampling) 
Chain 2 Iteration: 2900 / 6000 [ 48%]  (Sampling) 
Chain 3 Iteration: 3000 / 6000 [ 50%]  (Sampling) 
Chain 4 Iteration: 3000 / 6000 [ 50%]  (Sampling) 
Chain 1 Iteration: 3300 / 6000 [ 55%]  (Sampling) 
Chain 2 Iteration: 3000 / 6000 [ 50%]  (Sampling) 
Chain 3 Iteration: 3100 / 6000 [ 51%]  (Sampling) 
Chain 4 Iteration: 3100 / 6000 [ 51%]  (Sampling) 
Chain 1 Iteration: 3400 / 6000 [ 56%]  (Sampling) 
Chain 2 Iteration: 3100 / 6000 [ 51%]  (Sampling) 
Chain 3 Iteration: 3200 / 6000 [ 53%]  (Sampling) 
Chain 1 Iteration: 3500 / 6000 [ 58%]  (Sampling) 
Chain 4 Iteration: 3200 / 6000 [ 53%]  (Sampling) 
Chain 2 Iteration: 3200 / 6000 [ 53%]  (Sampling) 
Chain 1 Iteration: 3600 / 6000 [ 60%]  (Sampling) 
Chain 3 Iteration: 3300 / 6000 [ 55%]  (Sampling) 
Chain 4 Iteration: 3300 / 6000 [ 55%]  (Sampling) 
Chain 2 Iteration: 3300 / 6000 [ 55%]  (Sampling) 
Chain 1 Iteration: 3700 / 6000 [ 61%]  (Sampling) 
Chain 3 Iteration: 3400 / 6000 [ 56%]  (Sampling) 
Chain 4 Iteration: 3400 / 6000 [ 56%]  (Sampling) 
Chain 2 Iteration: 3400 / 6000 [ 56%]  (Sampling) 
Chain 1 Iteration: 3800 / 6000 [ 63%]  (Sampling) 
Chain 3 Iteration: 3500 / 6000 [ 58%]  (Sampling) 
Chain 4 Iteration: 3500 / 6000 [ 58%]  (Sampling) 
Chain 2 Iteration: 3500 / 6000 [ 58%]  (Sampling) 
Chain 1 Iteration: 3900 / 6000 [ 65%]  (Sampling) 
Chain 3 Iteration: 3600 / 6000 [ 60%]  (Sampling) 
Chain 4 Iteration: 3600 / 6000 [ 60%]  (Sampling) 
Chain 2 Iteration: 3600 / 6000 [ 60%]  (Sampling) 
Chain 1 Iteration: 4000 / 6000 [ 66%]  (Sampling) 
Chain 3 Iteration: 3700 / 6000 [ 61%]  (Sampling) 
Chain 4 Iteration: 3700 / 6000 [ 61%]  (Sampling) 
Chain 2 Iteration: 3700 / 6000 [ 61%]  (Sampling) 
Chain 1 Iteration: 4100 / 6000 [ 68%]  (Sampling) 
Chain 3 Iteration: 3800 / 6000 [ 63%]  (Sampling) 
Chain 4 Iteration: 3800 / 6000 [ 63%]  (Sampling) 
Chain 2 Iteration: 3800 / 6000 [ 63%]  (Sampling) 
Chain 1 Iteration: 4200 / 6000 [ 70%]  (Sampling) 
Chain 3 Iteration: 3900 / 6000 [ 65%]  (Sampling) 
Chain 4 Iteration: 3900 / 6000 [ 65%]  (Sampling) 
Chain 2 Iteration: 3900 / 6000 [ 65%]  (Sampling) 
Chain 1 Iteration: 4300 / 6000 [ 71%]  (Sampling) 
Chain 4 Iteration: 4000 / 6000 [ 66%]  (Sampling) 
Chain 3 Iteration: 4000 / 6000 [ 66%]  (Sampling) 
Chain 2 Iteration: 4000 / 6000 [ 66%]  (Sampling) 
Chain 1 Iteration: 4400 / 6000 [ 73%]  (Sampling) 
Chain 4 Iteration: 4100 / 6000 [ 68%]  (Sampling) 
Chain 3 Iteration: 4100 / 6000 [ 68%]  (Sampling) 
Chain 4 Iteration: 4200 / 6000 [ 70%]  (Sampling) 
Chain 2 Iteration: 4100 / 6000 [ 68%]  (Sampling) 
Chain 1 Iteration: 4500 / 6000 [ 75%]  (Sampling) 
Chain 3 Iteration: 4200 / 6000 [ 70%]  (Sampling) 
Chain 4 Iteration: 4300 / 6000 [ 71%]  (Sampling) 
Chain 2 Iteration: 4200 / 6000 [ 70%]  (Sampling) 
Chain 1 Iteration: 4600 / 6000 [ 76%]  (Sampling) 
Chain 3 Iteration: 4300 / 6000 [ 71%]  (Sampling) 
Chain 4 Iteration: 4400 / 6000 [ 73%]  (Sampling) 
Chain 2 Iteration: 4300 / 6000 [ 71%]  (Sampling) 
Chain 1 Iteration: 4700 / 6000 [ 78%]  (Sampling) 
Chain 3 Iteration: 4400 / 6000 [ 73%]  (Sampling) 
Chain 4 Iteration: 4500 / 6000 [ 75%]  (Sampling) 
Chain 2 Iteration: 4400 / 6000 [ 73%]  (Sampling) 
Chain 1 Iteration: 4800 / 6000 [ 80%]  (Sampling) 
Chain 3 Iteration: 4500 / 6000 [ 75%]  (Sampling) 
Chain 4 Iteration: 4600 / 6000 [ 76%]  (Sampling) 
Chain 2 Iteration: 4500 / 6000 [ 75%]  (Sampling) 
Chain 1 Iteration: 4900 / 6000 [ 81%]  (Sampling) 
Chain 3 Iteration: 4600 / 6000 [ 76%]  (Sampling) 
Chain 4 Iteration: 4700 / 6000 [ 78%]  (Sampling) 
Chain 3 Iteration: 4700 / 6000 [ 78%]  (Sampling) 
Chain 2 Iteration: 4600 / 6000 [ 76%]  (Sampling) 
Chain 1 Iteration: 5000 / 6000 [ 83%]  (Sampling) 
Chain 3 Iteration: 4800 / 6000 [ 80%]  (Sampling) 
Chain 4 Iteration: 4800 / 6000 [ 80%]  (Sampling) 
Chain 2 Iteration: 4700 / 6000 [ 78%]  (Sampling) 
Chain 1 Iteration: 5100 / 6000 [ 85%]  (Sampling) 
Chain 3 Iteration: 4900 / 6000 [ 81%]  (Sampling) 
Chain 4 Iteration: 4900 / 6000 [ 81%]  (Sampling) 
Chain 2 Iteration: 4800 / 6000 [ 80%]  (Sampling) 
Chain 1 Iteration: 5200 / 6000 [ 86%]  (Sampling) 
Chain 3 Iteration: 5000 / 6000 [ 83%]  (Sampling) 
Chain 4 Iteration: 5000 / 6000 [ 83%]  (Sampling) 
Chain 2 Iteration: 4900 / 6000 [ 81%]  (Sampling) 
Chain 1 Iteration: 5300 / 6000 [ 88%]  (Sampling) 
Chain 3 Iteration: 5100 / 6000 [ 85%]  (Sampling) 
Chain 4 Iteration: 5100 / 6000 [ 85%]  (Sampling) 
Chain 2 Iteration: 5000 / 6000 [ 83%]  (Sampling) 
Chain 1 Iteration: 5400 / 6000 [ 90%]  (Sampling) 
Chain 3 Iteration: 5200 / 6000 [ 86%]  (Sampling) 
Chain 4 Iteration: 5200 / 6000 [ 86%]  (Sampling) 
Chain 2 Iteration: 5100 / 6000 [ 85%]  (Sampling) 
Chain 1 Iteration: 5500 / 6000 [ 91%]  (Sampling) 
Chain 3 Iteration: 5300 / 6000 [ 88%]  (Sampling) 
Chain 4 Iteration: 5300 / 6000 [ 88%]  (Sampling) 
Chain 2 Iteration: 5200 / 6000 [ 86%]  (Sampling) 
Chain 1 Iteration: 5600 / 6000 [ 93%]  (Sampling) 
Chain 3 Iteration: 5400 / 6000 [ 90%]  (Sampling) 
Chain 4 Iteration: 5400 / 6000 [ 90%]  (Sampling) 
Chain 2 Iteration: 5300 / 6000 [ 88%]  (Sampling) 
Chain 3 Iteration: 5500 / 6000 [ 91%]  (Sampling) 
Chain 1 Iteration: 5700 / 6000 [ 95%]  (Sampling) 
Chain 4 Iteration: 5500 / 6000 [ 91%]  (Sampling) 
Chain 3 Iteration: 5600 / 6000 [ 93%]  (Sampling) 
Chain 2 Iteration: 5400 / 6000 [ 90%]  (Sampling) 
Chain 1 Iteration: 5800 / 6000 [ 96%]  (Sampling) 
Chain 4 Iteration: 5600 / 6000 [ 93%]  (Sampling) 
Chain 3 Iteration: 5700 / 6000 [ 95%]  (Sampling) 
Chain 2 Iteration: 5500 / 6000 [ 91%]  (Sampling) 
Chain 1 Iteration: 5900 / 6000 [ 98%]  (Sampling) 
Chain 3 Iteration: 5800 / 6000 [ 96%]  (Sampling) 
Chain 4 Iteration: 5700 / 6000 [ 95%]  (Sampling) 
Chain 2 Iteration: 5600 / 6000 [ 93%]  (Sampling) 
Chain 1 Iteration: 6000 / 6000 [100%]  (Sampling) 
Chain 1 finished in 42118.5 seconds.
Chain 3 Iteration: 5900 / 6000 [ 98%]  (Sampling) 
Chain 4 Iteration: 5800 / 6000 [ 96%]  (Sampling) 
Chain 2 Iteration: 5700 / 6000 [ 95%]  (Sampling) 
Chain 4 Iteration: 5900 / 6000 [ 98%]  (Sampling) 
Chain 3 Iteration: 6000 / 6000 [100%]  (Sampling) 
Chain 3 finished in 43196.7 seconds.
Chain 2 Iteration: 5800 / 6000 [ 96%]  (Sampling) 
Chain 4 Iteration: 6000 / 6000 [100%]  (Sampling) 
Chain 4 finished in 43761.2 seconds.
Chain 2 Iteration: 5900 / 6000 [ 98%]  (Sampling) 
Chain 2 Iteration: 6000 / 6000 [100%]  (Sampling) 
Chain 2 finished in 44380.3 seconds.

All 4 chains finished successfully.
Mean chain execution time: 43364.2 seconds.
Total execution time: 44381.1 seconds.

[1] "Processing draws 1 to 100"
[1] "Chunk time = 3.19916898409526"
[1] "Processing draws 101 to 200"
[1] "Chunk time = 2.4909957965215"
[1] "Processing draws 201 to 300"
[1] "Chunk time = 2.5942524433136"
[1] "Processing draws 301 to 400"
[1] "Chunk time = 2.14458089272181"
[1] "Processing draws 401 to 500"
[1] "Chunk time = 2.03569893042246"
[1] "Processing draws 501 to 600"
[1] "Chunk time = 2.03406111399333"
[1] "Processing draws 601 to 700"
[1] "Chunk time = 2.05278358062108"
[1] "Processing draws 701 to 800"
[1] "Chunk time = 2.24393008947372"
[1] "Processing draws 801 to 900"
[1] "Chunk time = 2.06532690127691"
[1] "Processing draws 901 to 1000"
[1] "Chunk time = 2.15629015366236"
[1] "Processing draws 1001 to 1100"
[1] "Chunk time = 2.02463510433833"
[1] "Processing draws 1101 to 1200"
[1] "Chunk time = 2.0919792731603"
[1] "Processing draws 1201 to 1300"
[1] "Chunk time = 2.13647926648458"
[1] "Processing draws 1301 to 1400"
[1] "Chunk time = 2.03871620893478"
[1] "Processing draws 1401 to 1500"
[1] "Chunk time = 2.05365803639094"
[1] "Processing draws 1501 to 1600"
[1] "Chunk time = 2.12271018425624"
[1] "Processing draws 1601 to 1700"
[1] "Chunk time = 2.03831272522608"
[1] "Processing draws 1701 to 1800"
[1] "Chunk time = 2.01104187170664"
[1] "Processing draws 1801 to 1900"
[1] "Chunk time = 2.13055367469788"
[1] "Processing draws 1901 to 2000"
[1] "Chunk time = 2.07453133662542"
[1] "Processing draws 2001 to 2100"
[1] "Chunk time = 2.02392402092616"
[1] "Processing draws 2101 to 2200"
[1] "Chunk time = 2.10976616938909"
[1] "Processing draws 2201 to 2300"
[1] "Chunk time = 2.09700384537379"
[1] "Processing draws 2301 to 2400"
[1] "Chunk time = 2.06529401938121"
[1] "Processing draws 2401 to 2500"
[1] "Chunk time = 2.03729036251704"
[1] "Processing draws 2501 to 2600"
[1] "Chunk time = 2.03454056183497"
[1] "Processing draws 2601 to 2700"
[1] "Chunk time = 1.99127456744512"
[1] "Processing draws 2701 to 2800"
[1] "Chunk time = 2.12946783701579"
[1] "Processing draws 2801 to 2900"
[1] "Chunk time = 1.97536687056224"
[1] "Processing draws 2901 to 3000"
[1] "Chunk time = 2.06710442304611"
[1] "Processing draws 3001 to 3100"
[1] "Chunk time = 2.10801653464635"
[1] "Processing draws 3101 to 3200"
[1] "Chunk time = 2.06226958036423"
[1] "Processing draws 3201 to 3300"
[1] "Chunk time = 1.97978246212006"
[1] "Processing draws 3301 to 3400"
[1] "Chunk time = 2.13708296616872"
[1] "Processing draws 3401 to 3500"
[1] "Chunk time = 2.0773254553477"
[1] "Processing draws 3501 to 3600"
[1] "Chunk time = 2.09376909335454"
[1] "Processing draws 3601 to 3700"
[1] "Chunk time = 2.11112320423126"
[1] "Processing draws 3701 to 3800"
[1] "Chunk time = 1.9691817522049"
[1] "Processing draws 3801 to 3900"
[1] "Chunk time = 1.95750064452489"
[1] "Processing draws 3901 to 4000"
[1] "Chunk time = 2.11515479485194"
[1] "Processing draws 4001 to 4100"
[1] "Chunk time = 2.1373459259669"
[1] "Processing draws 4101 to 4200"
[1] "Chunk time = 1.97791797717412"
[1] "Processing draws 4201 to 4300"
[1] "Chunk time = 2.13591076533"
[1] "Processing draws 4301 to 4400"
[1] "Chunk time = 1.99799242019653"
[1] "Processing draws 4401 to 4500"
[1] "Chunk time = 1.90176616112391"
[1] "Processing draws 4501 to 4600"
[1] "Chunk time = 2.08211266199748"
[1] "Processing draws 4601 to 4700"
[1] "Chunk time = 1.97564833164215"
[1] "Processing draws 4701 to 4800"
[1] "Chunk time = 1.99112421274185"
[1] "Processing draws 4801 to 4900"
[1] "Chunk time = 2.1317494392395"
[1] "Processing draws 4901 to 5000"
[1] "Chunk time = 1.9756920337677"
[1] "Processing draws 5001 to 5100"
[1] "Chunk time = 1.96770778894424"
[1] "Processing draws 5101 to 5200"
[1] "Chunk time = 2.12445100943247"
[1] "Processing draws 5201 to 5300"
[1] "Chunk time = 1.96808448235194"
[1] "Processing draws 5301 to 5400"
[1] "Chunk time = 1.97959558169047"
[1] "Processing draws 5401 to 5500"
[1] "Chunk time = 2.09993501106898"
[1] "Processing draws 5501 to 5600"
[1] "Chunk time = 1.99123854239782"
[1] "Processing draws 5601 to 5700"
[1] "Chunk time = 1.92106108268102"
[1] "Processing draws 5701 to 5800"
[1] "Chunk time = 2.11290469964345"
[1] "Processing draws 5801 to 5900"
[1] "Chunk time = 1.9839914838473"
[1] "Processing draws 5901 to 6000"
[1] "Chunk time = 1.95449111859004"
[1] "Processing draws 6001 to 6100"
[1] "Chunk time = 2.10774918397268"
[1] "Processing draws 6101 to 6200"
[1] "Chunk time = 1.98104048967361"
[1] "Processing draws 6201 to 6300"
[1] "Chunk time = 1.95425763924917"
[1] "Processing draws 6301 to 6400"
[1] "Chunk time = 2.11125173171361"
[1] "Processing draws 6401 to 6500"
[1] "Chunk time = 1.99551026821136"
[1] "Processing draws 6501 to 6600"
[1] "Chunk time = 1.95611393451691"
[1] "Processing draws 6601 to 6700"
[1] "Chunk time = 2.11601095994314"
[1] "Processing draws 6701 to 6800"
[1] "Chunk time = 1.98228172461192"
[1] "Processing draws 6801 to 6900"
[1] "Chunk time = 1.9735812385877"
[1] "Processing draws 6901 to 7000"
[1] "Chunk time = 2.11097705761592"
[1] "Processing draws 7001 to 7100"
[1] "Chunk time = 1.94922523498535"
[1] "Processing draws 7101 to 7200"
[1] "Chunk time = 1.96857310533524"
[1] "Processing draws 7201 to 7300"
[1] "Chunk time = 2.10986902713776"
[1] "Processing draws 7301 to 7400"
[1] "Chunk time = 1.98260273536046"
[1] "Processing draws 7401 to 7500"
[1] "Chunk time = 1.96313253243764"
[1] "Processing draws 7501 to 7600"
[1] "Chunk time = 2.12128743330638"
[1] "Processing draws 7601 to 7700"
[1] "Chunk time = 1.98046802679698"
[1] "Processing draws 7701 to 7800"
[1] "Chunk time = 1.92898463408152"
[1] "Processing draws 7801 to 7900"
[1] "Chunk time = 2.09285270770391"
[1] "Processing draws 7901 to 8000"
[1] "Chunk time = 1.96959499915441"
[1] "Processing draws 8001 to 8100"
[1] "Chunk time = 1.92765627304713"
[1] "Processing draws 8101 to 8200"
[1] "Chunk time = 2.09181594053904"
[1] "Processing draws 8201 to 8300"
[1] "Chunk time = 1.96825810670853"
[1] "Processing draws 8301 to 8400"
[1] "Chunk time = 1.95056685209274"
[1] "Processing draws 8401 to 8500"
[1] "Chunk time = 2.1069463968277"
[1] "Processing draws 8501 to 8600"
[1] "Chunk time = 1.94449808597565"
[1] "Processing draws 8601 to 8700"
[1] "Chunk time = 1.89671491384506"
[1] "Processing draws 8701 to 8800"
[1] "Chunk time = 2.11527904272079"
[1] "Processing draws 8801 to 8900"
[1] "Chunk time = 2.01257811784744"
[1] "Processing draws 8901 to 9000"
[1] "Chunk time = 2.00341967741648"
[1] "Processing draws 9001 to 9100"
[1] "Chunk time = 2.14966280460358"
[1] "Processing draws 9101 to 9200"
[1] "Chunk time = 1.98946055173874"
[1] "Processing draws 9201 to 9300"
[1] "Chunk time = 1.96564722855886"
[1] "Processing draws 9301 to 9400"
[1] "Chunk time = 2.14043968915939"
[1] "Processing draws 9401 to 9500"
[1] "Chunk time = 2.0145342985789"
[1] "Processing draws 9501 to 9600"
[1] "Chunk time = 2.00869525273641"
[1] "Processing draws 9601 to 9700"
[1] "Chunk time = 2.13836840391159"
[1] "Processing draws 9701 to 9800"
[1] "Chunk time = 2.01538895368576"
[1] "Processing draws 9801 to 9900"
[1] "Chunk time = 1.96749463478724"
[1] "Processing draws 9901 to 10000"
[1] "Chunk time = 2.14276595513026"
[1] "Processing draws 10001 to 10100"
[1] "Chunk time = 1.9895933787028"
[1] "Processing draws 10101 to 10200"
[1] "Chunk time = 1.99506330490112"
[1] "Processing draws 10201 to 10300"
[1] "Chunk time = 2.1446674823761"
[1] "Processing draws 10301 to 10400"
[1] "Chunk time = 2.00779684384664"
[1] "Processing draws 10401 to 10500"
[1] "Chunk time = 1.99494517246882"
[1] "Processing draws 10501 to 10600"
[1] "Chunk time = 2.14449414809545"
[1] "Processing draws 10601 to 10700"
[1] "Chunk time = 1.98227491776148"
[1] "Processing draws 10701 to 10800"
[1] "Chunk time = 2.00358261267344"
[1] "Processing draws 10801 to 10900"
[1] "Chunk time = 2.14692802031835"
[1] "Processing draws 10901 to 11000"
[1] "Chunk time = 2.0216192483902"
[1] "Processing draws 11001 to 11100"
[1] "Chunk time = 2.00237356026967"
[1] "Processing draws 11101 to 11200"
[1] "Chunk time = 2.14057890176773"
[1] "Processing draws 11201 to 11300"
[1] "Chunk time = 1.97368345657984"
[1] "Processing draws 11301 to 11400"
[1] "Chunk time = 1.9358881354332"
[1] "Processing draws 11401 to 11500"
[1] "Chunk time = 2.13178768157959"
[1] "Processing draws 11501 to 11600"
[1] "Chunk time = 1.98001823425293"
[1] "Processing draws 11601 to 11700"
[1] "Chunk time = 1.97677587668101"
[1] "Processing draws 11701 to 11800"
[1] "Chunk time = 2.13963050047557"
[1] "Processing draws 11801 to 11900"
[1] "Chunk time = 1.98253452380498"
[1] "Processing draws 11901 to 12000"
[1] "Chunk time = 1.98792652289073"
[1] "Processing draws 12001 to 12100"
[1] "Chunk time = 2.13331362406413"
[1] "Processing draws 12101 to 12200"
[1] "Chunk time = 2.00305209159851"
[1] "Processing draws 12201 to 12300"
[1] "Chunk time = 1.9514684677124"
[1] "Processing draws 12301 to 12400"
[1] "Chunk time = 2.13830075263977"
[1] "Processing draws 12401 to 12500"
[1] "Chunk time = 1.98804303407669"
[1] "Processing draws 12501 to 12600"
[1] "Chunk time = 1.99304705063502"
[1] "Processing draws 12601 to 12700"
[1] "Chunk time = 2.13805501063665"
[1] "Processing draws 12701 to 12800"
[1] "Chunk time = 1.99175720214844"
[1] "Processing draws 12801 to 12900"
[1] "Chunk time = 1.97900409301122"
[1] "Processing draws 12901 to 13000"
[1] "Chunk time = 2.13344761133194"
[1] "Processing draws 13001 to 13100"
[1] "Chunk time = 1.97588934501012"
[1] "Processing draws 13101 to 13200"
[1] "Chunk time = 1.986965183417"
[1] "Processing draws 13201 to 13300"
[1] "Chunk time = 2.12934361298879"
[1] "Processing draws 13301 to 13400"
[1] "Chunk time = 1.97203494707743"
[1] "Processing draws 13401 to 13500"
[1] "Chunk time = 1.9814576069514"
[1] "Processing draws 13501 to 13600"
[1] "Chunk time = 2.13969573179881"
[1] "Processing draws 13601 to 13700"
[1] "Chunk time = 1.9701512336731"
[1] "Processing draws 13701 to 13800"
[1] "Chunk time = 1.98493243058523"
[1] "Processing draws 13801 to 13900"
[1] "Chunk time = 2.1313463807106"
[1] "Processing draws 13901 to 14000"
[1] "Chunk time = 1.98141630093257"
[1] "Processing draws 14001 to 14100"
[1] "Chunk time = 1.98659291664759"
[1] "Processing draws 14101 to 14200"
[1] "Chunk time = 2.12931718031565"
[1] "Processing draws 14201 to 14300"
[1] "Chunk time = 2.00193041960398"
[1] "Processing draws 14301 to 14400"
[1] "Chunk time = 1.98079387346903"
[1] "Processing draws 14401 to 14500"
[1] "Chunk time = 2.12612349192301"
[1] "Processing draws 14501 to 14600"
[1] "Chunk time = 1.97983345190684"
[1] "Processing draws 14601 to 14700"
[1] "Chunk time = 1.97908989985784"
[1] "Processing draws 14701 to 14800"
[1] "Chunk time = 2.13843405644099"
[1] "Processing draws 14801 to 14900"
[1] "Chunk time = 1.97396057446798"
[1] "Processing draws 14901 to 15000"
[1] "Chunk time = 1.91849341392517"
[1] "Processing draws 15001 to 15100"
[1] "Chunk time = 2.12608774900436"
[1] "Processing draws 15101 to 15200"
[1] "Chunk time = 1.9791354060173"
[1] "Processing draws 15201 to 15300"
[1] "Chunk time = 1.98593732118607"
[1] "Processing draws 15301 to 15400"
[1] "Chunk time = 2.12909285227458"
[1] "Processing draws 15401 to 15500"
[1] "Chunk time = 2.00805931488673"
[1] "Processing draws 15501 to 15600"
[1] "Chunk time = 1.98169227043788"
[1] "Processing draws 15601 to 15700"
[1] "Chunk time = 2.12486295700073"
[1] "Processing draws 15701 to 15800"
[1] "Chunk time = 1.96812338431676"
[1] "Processing draws 15801 to 15900"
[1] "Chunk time = 1.97700482606888"
[1] "Processing draws 15901 to 16000"
[1] "Chunk time = 2.12061543464661"
[1] "Processing draws 16001 to 16100"
[1] "Chunk time = 1.97922953367233"
[1] "Processing draws 16101 to 16200"
[1] "Chunk time = 1.983775695165"
[1] "Processing draws 16201 to 16300"
[1] "Chunk time = 2.11519032716751"
[1] "Processing draws 16301 to 16400"
[1] "Chunk time = 1.9779985109965"
[1] "Processing draws 16401 to 16500"
[1] "Chunk time = 1.99271121819814"
[1] "Processing draws 16501 to 16600"
[1] "Chunk time = 2.14054859479268"
[1] "Processing draws 16601 to 16700"
[1] "Chunk time = 1.98493685722351"
[1] "Processing draws 16701 to 16800"
[1] "Chunk time = 1.99256792068481"
[1] "Processing draws 16801 to 16900"
[1] "Chunk time = 2.141745865345"
[1] "Processing draws 16901 to 17000"
[1] "Chunk time = 2.00927221775055"
[1] "Processing draws 17001 to 17100"
[1] "Chunk time = 1.95648003816605"
[1] "Processing draws 17101 to 17200"
[1] "Chunk time = 2.1484233935674"
[1] "Processing draws 17201 to 17300"
[1] "Chunk time = 1.97750284671783"
[1] "Processing draws 17301 to 17400"
[1] "Chunk time = 1.98849976857503"
[1] "Processing draws 17401 to 17500"
[1] "Chunk time = 2.134173087279"
[1] "Processing draws 17501 to 17600"
[1] "Chunk time = 1.98328313032786"
[1] "Processing draws 17601 to 17700"
[1] "Chunk time = 1.9249515414238"
[1] "Processing draws 17701 to 17800"
[1] "Chunk time = 2.13143491744995"
[1] "Processing draws 17801 to 17900"
[1] "Chunk time = 1.97662167549133"
[1] "Processing draws 17901 to 18000"
[1] "Chunk time = 1.98004543781281"
[1] "Processing draws 18001 to 18100"
[1] "Chunk time = 2.13723535935084"
[1] "Processing draws 18101 to 18200"
[1] "Chunk time = 2.01034566164017"
[1] "Processing draws 18201 to 18300"
[1] "Chunk time = 1.98344591061274"
[1] "Processing draws 18301 to 18400"
[1] "Chunk time = 2.1393541097641"
[1] "Processing draws 18401 to 18500"
[1] "Chunk time = 1.96977341175079"
[1] "Processing draws 18501 to 18600"
[1] "Chunk time = 1.91529780228933"
[1] "Processing draws 18601 to 18700"
[1] "Chunk time = 2.06918546358744"
[1] "Processing draws 18701 to 18800"
[1] "Chunk time = 1.98182113567988"
[1] "Processing draws 18801 to 18900"
[1] "Chunk time = 1.94689931074778"
[1] "Processing draws 18901 to 19000"
[1] "Chunk time = 2.12263459364573"
[1] "Processing draws 19001 to 19100"
[1] "Chunk time = 1.97539632320404"
[1] "Processing draws 19101 to 19200"
[1] "Chunk time = 1.98106925090154"
[1] "Processing draws 19201 to 19300"
[1] "Chunk time = 2.124238773187"
[1] "Processing draws 19301 to 19400"
[1] "Chunk time = 1.99591326713562"
[1] "Processing draws 19401 to 19500"
[1] "Chunk time = 1.98988916079203"
[1] "Processing draws 19501 to 19600"
[1] "Chunk time = 2.14160999457041"
[1] "Processing draws 19601 to 19700"
[1] "Chunk time = 1.97754419247309"
[1] "Processing draws 19701 to 19800"
[1] "Chunk time = 1.99256911277771"
[1] "Processing draws 19801 to 19900"
[1] "Chunk time = 2.13056882222494"
[1] "Processing draws 19901 to 20000"
[1] "Chunk time = 1.98384041786194"
[1] "done lapplying"
[1] "Saving current params"
[1] "Saving params to output.rds"
[1] TRUE
[1] "Time for modelling:"
[1] "2025-07-02 08:07:37 EDT"
[1] "Time for posterior computations:"
Time difference of 6.840902 hours
[1] "Total time:"
[1] "2025-07-02 14:58:04 EDT"
