[1] "Starting sampling."
Running MCMC with 4 parallel chains, with 4 thread(s) per chain...

Chain 1 Iteration:    1 / 6000 [  0%]  (Warmup) 
Chain 2 Iteration:    1 / 6000 [  0%]  (Warmup) 
Chain 3 Iteration:    1 / 6000 [  0%]  (Warmup) 
Chain 4 Iteration:    1 / 6000 [  0%]  (Warmup) 
Chain 3 Iteration:  100 / 6000 [  1%]  (Warmup) 
Chain 1 Iteration:  100 / 6000 [  1%]  (Warmup) 
Chain 4 Iteration:  100 / 6000 [  1%]  (Warmup) 
Chain 2 Iteration:  100 / 6000 [  1%]  (Warmup) 
Chain 3 Iteration:  200 / 6000 [  3%]  (Warmup) 
Chain 2 Iteration:  200 / 6000 [  3%]  (Warmup) 
Chain 4 Iteration:  200 / 6000 [  3%]  (Warmup) 
Chain 1 Iteration:  200 / 6000 [  3%]  (Warmup) 
Chain 3 Iteration:  300 / 6000 [  5%]  (Warmup) 
Chain 4 Iteration:  300 / 6000 [  5%]  (Warmup) 
Chain 2 Iteration:  300 / 6000 [  5%]  (Warmup) 
Chain 1 Iteration:  300 / 6000 [  5%]  (Warmup) 
Chain 3 Iteration:  400 / 6000 [  6%]  (Warmup) 
Chain 4 Iteration:  400 / 6000 [  6%]  (Warmup) 
Chain 2 Iteration:  400 / 6000 [  6%]  (Warmup) 
Chain 1 Iteration:  400 / 6000 [  6%]  (Warmup) 
Chain 3 Iteration:  500 / 6000 [  8%]  (Warmup) 
Chain 4 Iteration:  500 / 6000 [  8%]  (Warmup) 
Chain 1 Iteration:  500 / 6000 [  8%]  (Warmup) 
Chain 2 Iteration:  500 / 6000 [  8%]  (Warmup) 
Chain 3 Iteration:  600 / 6000 [ 10%]  (Warmup) 
Chain 4 Iteration:  600 / 6000 [ 10%]  (Warmup) 
Chain 1 Iteration:  600 / 6000 [ 10%]  (Warmup) 
Chain 2 Iteration:  600 / 6000 [ 10%]  (Warmup) 
Chain 3 Iteration:  700 / 6000 [ 11%]  (Warmup) 
Chain 4 Iteration:  700 / 6000 [ 11%]  (Warmup) 
Chain 1 Iteration:  700 / 6000 [ 11%]  (Warmup) 
Chain 2 Iteration:  700 / 6000 [ 11%]  (Warmup) 
Chain 3 Iteration:  800 / 6000 [ 13%]  (Warmup) 
Chain 4 Iteration:  800 / 6000 [ 13%]  (Warmup) 
Chain 1 Iteration:  800 / 6000 [ 13%]  (Warmup) 
Chain 2 Iteration:  800 / 6000 [ 13%]  (Warmup) 
Chain 3 Iteration:  900 / 6000 [ 15%]  (Warmup) 
Chain 4 Iteration:  900 / 6000 [ 15%]  (Warmup) 
Chain 1 Iteration:  900 / 6000 [ 15%]  (Warmup) 
Chain 2 Iteration:  900 / 6000 [ 15%]  (Warmup) 
Chain 3 Iteration: 1000 / 6000 [ 16%]  (Warmup) 
Chain 3 Iteration: 1001 / 6000 [ 16%]  (Sampling) 
Chain 4 Iteration: 1000 / 6000 [ 16%]  (Warmup) 
Chain 4 Iteration: 1001 / 6000 [ 16%]  (Sampling) 
Chain 1 Iteration: 1000 / 6000 [ 16%]  (Warmup) 
Chain 1 Iteration: 1001 / 6000 [ 16%]  (Sampling) 
Chain 2 Iteration: 1000 / 6000 [ 16%]  (Warmup) 
Chain 2 Iteration: 1001 / 6000 [ 16%]  (Sampling) 
Chain 3 Iteration: 1100 / 6000 [ 18%]  (Sampling) 
Chain 4 Iteration: 1100 / 6000 [ 18%]  (Sampling) 
Chain 1 Iteration: 1100 / 6000 [ 18%]  (Sampling) 
Chain 2 Iteration: 1100 / 6000 [ 18%]  (Sampling) 
Chain 3 Iteration: 1200 / 6000 [ 20%]  (Sampling) 
Chain 4 Iteration: 1200 / 6000 [ 20%]  (Sampling) 
Chain 1 Iteration: 1200 / 6000 [ 20%]  (Sampling) 
Chain 2 Iteration: 1200 / 6000 [ 20%]  (Sampling) 
Chain 3 Iteration: 1300 / 6000 [ 21%]  (Sampling) 
Chain 4 Iteration: 1300 / 6000 [ 21%]  (Sampling) 
Chain 1 Iteration: 1300 / 6000 [ 21%]  (Sampling) 
Chain 2 Iteration: 1300 / 6000 [ 21%]  (Sampling) 
Chain 3 Iteration: 1400 / 6000 [ 23%]  (Sampling) 
Chain 4 Iteration: 1400 / 6000 [ 23%]  (Sampling) 
Chain 1 Iteration: 1400 / 6000 [ 23%]  (Sampling) 
Chain 2 Iteration: 1400 / 6000 [ 23%]  (Sampling) 
Chain 3 Iteration: 1500 / 6000 [ 25%]  (Sampling) 
Chain 4 Iteration: 1500 / 6000 [ 25%]  (Sampling) 
Chain 1 Iteration: 1500 / 6000 [ 25%]  (Sampling) 
Chain 2 Iteration: 1500 / 6000 [ 25%]  (Sampling) 
Chain 3 Iteration: 1600 / 6000 [ 26%]  (Sampling) 
Chain 4 Iteration: 1600 / 6000 [ 26%]  (Sampling) 
Chain 1 Iteration: 1600 / 6000 [ 26%]  (Sampling) 
Chain 2 Iteration: 1600 / 6000 [ 26%]  (Sampling) 
Chain 3 Iteration: 1700 / 6000 [ 28%]  (Sampling) 
Chain 4 Iteration: 1700 / 6000 [ 28%]  (Sampling) 
Chain 1 Iteration: 1700 / 6000 [ 28%]  (Sampling) 
Chain 2 Iteration: 1700 / 6000 [ 28%]  (Sampling) 
Chain 3 Iteration: 1800 / 6000 [ 30%]  (Sampling) 
Chain 1 Iteration: 1800 / 6000 [ 30%]  (Sampling) 
Chain 4 Iteration: 1800 / 6000 [ 30%]  (Sampling) 
Chain 2 Iteration: 1800 / 6000 [ 30%]  (Sampling) 
Chain 3 Iteration: 1900 / 6000 [ 31%]  (Sampling) 
Chain 1 Iteration: 1900 / 6000 [ 31%]  (Sampling) 
Chain 4 Iteration: 1900 / 6000 [ 31%]  (Sampling) 
Chain 2 Iteration: 1900 / 6000 [ 31%]  (Sampling) 
Chain 3 Iteration: 2000 / 6000 [ 33%]  (Sampling) 
Chain 1 Iteration: 2000 / 6000 [ 33%]  (Sampling) 
Chain 4 Iteration: 2000 / 6000 [ 33%]  (Sampling) 
Chain 2 Iteration: 2000 / 6000 [ 33%]  (Sampling) 
Chain 3 Iteration: 2100 / 6000 [ 35%]  (Sampling) 
Chain 1 Iteration: 2100 / 6000 [ 35%]  (Sampling) 
Chain 4 Iteration: 2100 / 6000 [ 35%]  (Sampling) 
Chain 2 Iteration: 2100 / 6000 [ 35%]  (Sampling) 
Chain 3 Iteration: 2200 / 6000 [ 36%]  (Sampling) 
Chain 1 Iteration: 2200 / 6000 [ 36%]  (Sampling) 
Chain 4 Iteration: 2200 / 6000 [ 36%]  (Sampling) 
Chain 2 Iteration: 2200 / 6000 [ 36%]  (Sampling) 
Chain 3 Iteration: 2300 / 6000 [ 38%]  (Sampling) 
Chain 1 Iteration: 2300 / 6000 [ 38%]  (Sampling) 
Chain 4 Iteration: 2300 / 6000 [ 38%]  (Sampling) 
Chain 2 Iteration: 2300 / 6000 [ 38%]  (Sampling) 
Chain 1 Iteration: 2400 / 6000 [ 40%]  (Sampling) 
Chain 3 Iteration: 2400 / 6000 [ 40%]  (Sampling) 
Chain 4 Iteration: 2400 / 6000 [ 40%]  (Sampling) 
Chain 2 Iteration: 2400 / 6000 [ 40%]  (Sampling) 
Chain 3 Iteration: 2500 / 6000 [ 41%]  (Sampling) 
Chain 1 Iteration: 2500 / 6000 [ 41%]  (Sampling) 
Chain 4 Iteration: 2500 / 6000 [ 41%]  (Sampling) 
Chain 2 Iteration: 2500 / 6000 [ 41%]  (Sampling) 
Chain 3 Iteration: 2600 / 6000 [ 43%]  (Sampling) 
Chain 1 Iteration: 2600 / 6000 [ 43%]  (Sampling) 
Chain 4 Iteration: 2600 / 6000 [ 43%]  (Sampling) 
Chain 2 Iteration: 2600 / 6000 [ 43%]  (Sampling) 
Chain 1 Iteration: 2700 / 6000 [ 45%]  (Sampling) 
Chain 3 Iteration: 2700 / 6000 [ 45%]  (Sampling) 
Chain 4 Iteration: 2700 / 6000 [ 45%]  (Sampling) 
Chain 2 Iteration: 2700 / 6000 [ 45%]  (Sampling) 
Chain 1 Iteration: 2800 / 6000 [ 46%]  (Sampling) 
Chain 3 Iteration: 2800 / 6000 [ 46%]  (Sampling) 
Chain 4 Iteration: 2800 / 6000 [ 46%]  (Sampling) 
Chain 1 Iteration: 2900 / 6000 [ 48%]  (Sampling) 
Chain 2 Iteration: 2800 / 6000 [ 46%]  (Sampling) 
Chain 3 Iteration: 2900 / 6000 [ 48%]  (Sampling) 
Chain 4 Iteration: 2900 / 6000 [ 48%]  (Sampling) 
Chain 1 Iteration: 3000 / 6000 [ 50%]  (Sampling) 
Chain 2 Iteration: 2900 / 6000 [ 48%]  (Sampling) 
Chain 3 Iteration: 3000 / 6000 [ 50%]  (Sampling) 
Chain 4 Iteration: 3000 / 6000 [ 50%]  (Sampling) 
Chain 1 Iteration: 3100 / 6000 [ 51%]  (Sampling) 
Chain 3 Iteration: 3100 / 6000 [ 51%]  (Sampling) 
Chain 2 Iteration: 3000 / 6000 [ 50%]  (Sampling) 
Chain 4 Iteration: 3100 / 6000 [ 51%]  (Sampling) 
Chain 3 Iteration: 3200 / 6000 [ 53%]  (Sampling) 
Chain 2 Iteration: 3100 / 6000 [ 51%]  (Sampling) 
Chain 1 Iteration: 3200 / 6000 [ 53%]  (Sampling) 
Chain 4 Iteration: 3200 / 6000 [ 53%]  (Sampling) 
Chain 2 Iteration: 3200 / 6000 [ 53%]  (Sampling) 
Chain 3 Iteration: 3300 / 6000 [ 55%]  (Sampling) 
Chain 1 Iteration: 3300 / 6000 [ 55%]  (Sampling) 
Chain 4 Iteration: 3300 / 6000 [ 55%]  (Sampling) 
Chain 2 Iteration: 3300 / 6000 [ 55%]  (Sampling) 
Chain 3 Iteration: 3400 / 6000 [ 56%]  (Sampling) 
Chain 1 Iteration: 3400 / 6000 [ 56%]  (Sampling) 
Chain 4 Iteration: 3400 / 6000 [ 56%]  (Sampling) 
Chain 2 Iteration: 3400 / 6000 [ 56%]  (Sampling) 
Chain 3 Iteration: 3500 / 6000 [ 58%]  (Sampling) 
Chain 1 Iteration: 3500 / 6000 [ 58%]  (Sampling) 
Chain 4 Iteration: 3500 / 6000 [ 58%]  (Sampling) 
Chain 2 Iteration: 3500 / 6000 [ 58%]  (Sampling) 
Chain 3 Iteration: 3600 / 6000 [ 60%]  (Sampling) 
Chain 1 Iteration: 3600 / 6000 [ 60%]  (Sampling) 
Chain 4 Iteration: 3600 / 6000 [ 60%]  (Sampling) 
Chain 2 Iteration: 3600 / 6000 [ 60%]  (Sampling) 
Chain 3 Iteration: 3700 / 6000 [ 61%]  (Sampling) 
Chain 1 Iteration: 3700 / 6000 [ 61%]  (Sampling) 
Chain 4 Iteration: 3700 / 6000 [ 61%]  (Sampling) 
Chain 2 Iteration: 3700 / 6000 [ 61%]  (Sampling) 
Chain 3 Iteration: 3800 / 6000 [ 63%]  (Sampling) 
Chain 1 Iteration: 3800 / 6000 [ 63%]  (Sampling) 
Chain 4 Iteration: 3800 / 6000 [ 63%]  (Sampling) 
Chain 2 Iteration: 3800 / 6000 [ 63%]  (Sampling) 
Chain 3 Iteration: 3900 / 6000 [ 65%]  (Sampling) 
Chain 1 Iteration: 3900 / 6000 [ 65%]  (Sampling) 
Chain 4 Iteration: 3900 / 6000 [ 65%]  (Sampling) 
Chain 2 Iteration: 3900 / 6000 [ 65%]  (Sampling) 
Chain 3 Iteration: 4000 / 6000 [ 66%]  (Sampling) 
Chain 1 Iteration: 4000 / 6000 [ 66%]  (Sampling) 
Chain 4 Iteration: 4000 / 6000 [ 66%]  (Sampling) 
Chain 2 Iteration: 4000 / 6000 [ 66%]  (Sampling) 
Chain 3 Iteration: 4100 / 6000 [ 68%]  (Sampling) 
Chain 1 Iteration: 4100 / 6000 [ 68%]  (Sampling) 
Chain 4 Iteration: 4100 / 6000 [ 68%]  (Sampling) 
Chain 3 Iteration: 4200 / 6000 [ 70%]  (Sampling) 
Chain 2 Iteration: 4100 / 6000 [ 68%]  (Sampling) 
Chain 1 Iteration: 4200 / 6000 [ 70%]  (Sampling) 
Chain 4 Iteration: 4200 / 6000 [ 70%]  (Sampling) 
Chain 3 Iteration: 4300 / 6000 [ 71%]  (Sampling) 
Chain 2 Iteration: 4200 / 6000 [ 70%]  (Sampling) 
Chain 1 Iteration: 4300 / 6000 [ 71%]  (Sampling) 
Chain 4 Iteration: 4300 / 6000 [ 71%]  (Sampling) 
Chain 3 Iteration: 4400 / 6000 [ 73%]  (Sampling) 
Chain 2 Iteration: 4300 / 6000 [ 71%]  (Sampling) 
Chain 1 Iteration: 4400 / 6000 [ 73%]  (Sampling) 
Chain 4 Iteration: 4400 / 6000 [ 73%]  (Sampling) 
Chain 3 Iteration: 4500 / 6000 [ 75%]  (Sampling) 
Chain 2 Iteration: 4400 / 6000 [ 73%]  (Sampling) 
Chain 1 Iteration: 4500 / 6000 [ 75%]  (Sampling) 
Chain 4 Iteration: 4500 / 6000 [ 75%]  (Sampling) 
Chain 1 Iteration: 4600 / 6000 [ 76%]  (Sampling) 
Chain 3 Iteration: 4600 / 6000 [ 76%]  (Sampling) 
Chain 2 Iteration: 4500 / 6000 [ 75%]  (Sampling) 
Chain 4 Iteration: 4600 / 6000 [ 76%]  (Sampling) 
Chain 1 Iteration: 4700 / 6000 [ 78%]  (Sampling) 
Chain 3 Iteration: 4700 / 6000 [ 78%]  (Sampling) 
Chain 2 Iteration: 4600 / 6000 [ 76%]  (Sampling) 
Chain 4 Iteration: 4700 / 6000 [ 78%]  (Sampling) 
Chain 1 Iteration: 4800 / 6000 [ 80%]  (Sampling) 
Chain 3 Iteration: 4800 / 6000 [ 80%]  (Sampling) 
Chain 2 Iteration: 4700 / 6000 [ 78%]  (Sampling) 
Chain 4 Iteration: 4800 / 6000 [ 80%]  (Sampling) 
Chain 1 Iteration: 4900 / 6000 [ 81%]  (Sampling) 
Chain 3 Iteration: 4900 / 6000 [ 81%]  (Sampling) 
Chain 2 Iteration: 4800 / 6000 [ 80%]  (Sampling) 
Chain 4 Iteration: 4900 / 6000 [ 81%]  (Sampling) 
Chain 1 Iteration: 5000 / 6000 [ 83%]  (Sampling) 
Chain 3 Iteration: 5000 / 6000 [ 83%]  (Sampling) 
Chain 2 Iteration: 4900 / 6000 [ 81%]  (Sampling) 
Chain 4 Iteration: 5000 / 6000 [ 83%]  (Sampling) 
Chain 1 Iteration: 5100 / 6000 [ 85%]  (Sampling) 
Chain 3 Iteration: 5100 / 6000 [ 85%]  (Sampling) 
Chain 2 Iteration: 5000 / 6000 [ 83%]  (Sampling) 
Chain 4 Iteration: 5100 / 6000 [ 85%]  (Sampling) 
Chain 1 Iteration: 5200 / 6000 [ 86%]  (Sampling) 
Chain 3 Iteration: 5200 / 6000 [ 86%]  (Sampling) 
Chain 4 Iteration: 5200 / 6000 [ 86%]  (Sampling) 
Chain 2 Iteration: 5100 / 6000 [ 85%]  (Sampling) 
Chain 1 Iteration: 5300 / 6000 [ 88%]  (Sampling) 
Chain 3 Iteration: 5300 / 6000 [ 88%]  (Sampling) 
Chain 4 Iteration: 5300 / 6000 [ 88%]  (Sampling) 
Chain 2 Iteration: 5200 / 6000 [ 86%]  (Sampling) 
Chain 1 Iteration: 5400 / 6000 [ 90%]  (Sampling) 
Chain 3 Iteration: 5400 / 6000 [ 90%]  (Sampling) 
Chain 4 Iteration: 5400 / 6000 [ 90%]  (Sampling) 
Chain 2 Iteration: 5300 / 6000 [ 88%]  (Sampling) 
Chain 1 Iteration: 5500 / 6000 [ 91%]  (Sampling) 
Chain 3 Iteration: 5500 / 6000 [ 91%]  (Sampling) 
Chain 4 Iteration: 5500 / 6000 [ 91%]  (Sampling) 
Chain 2 Iteration: 5400 / 6000 [ 90%]  (Sampling) 
Chain 1 Iteration: 5600 / 6000 [ 93%]  (Sampling) 
Chain 3 Iteration: 5600 / 6000 [ 93%]  (Sampling) 
Chain 4 Iteration: 5600 / 6000 [ 93%]  (Sampling) 
Chain 2 Iteration: 5500 / 6000 [ 91%]  (Sampling) 
Chain 3 Iteration: 5700 / 6000 [ 95%]  (Sampling) 
Chain 1 Iteration: 5700 / 6000 [ 95%]  (Sampling) 
Chain 4 Iteration: 5700 / 6000 [ 95%]  (Sampling) 
Chain 2 Iteration: 5600 / 6000 [ 93%]  (Sampling) 
Chain 3 Iteration: 5800 / 6000 [ 96%]  (Sampling) 
Chain 1 Iteration: 5800 / 6000 [ 96%]  (Sampling) 
Chain 4 Iteration: 5800 / 6000 [ 96%]  (Sampling) 
Chain 2 Iteration: 5700 / 6000 [ 95%]  (Sampling) 
Chain 3 Iteration: 5900 / 6000 [ 98%]  (Sampling) 
Chain 1 Iteration: 5900 / 6000 [ 98%]  (Sampling) 
Chain 4 Iteration: 5900 / 6000 [ 98%]  (Sampling) 
Chain 2 Iteration: 5800 / 6000 [ 96%]  (Sampling) 
Chain 3 Iteration: 6000 / 6000 [100%]  (Sampling) 
Chain 3 finished in 142928.0 seconds.
Chain 1 Iteration: 6000 / 6000 [100%]  (Sampling) 
Chain 1 finished in 143140.0 seconds.
Chain 4 Iteration: 6000 / 6000 [100%]  (Sampling) 
Chain 4 finished in 143988.0 seconds.
Chain 2 Iteration: 5900 / 6000 [ 98%]  (Sampling) 
Chain 2 Iteration: 6000 / 6000 [100%]  (Sampling) 
Chain 2 finished in 146569.0 seconds.

All 4 chains finished successfully.
Mean chain execution time: 144156.2 seconds.
Total execution time: 146569.5 seconds.

[1] "Processing draws 1 to 100"
[1] "Chunk time = 3.20636112689972"
[1] "Processing draws 101 to 200"
[1] "Chunk time = 2.35726266304652"
[1] "Processing draws 201 to 300"
[1] "Chunk time = 2.45982290506363"
[1] "Processing draws 301 to 400"
[1] "Chunk time = 2.14387038151423"
[1] "Processing draws 401 to 500"
[1] "Chunk time = 2.12719091176987"
[1] "Processing draws 501 to 600"
[1] "Chunk time = 2.06442248821259"
[1] "Processing draws 601 to 700"
[1] "Chunk time = 2.0792230685552"
[1] "Processing draws 701 to 800"
[1] "Chunk time = 2.18424541552862"
[1] "Processing draws 801 to 900"
[1] "Chunk time = 2.13875536521276"
[1] "Processing draws 901 to 1000"
[1] "Chunk time = 2.17765931685766"
[1] "Processing draws 1001 to 1100"
[1] "Chunk time = 2.0383435289065"
[1] "Processing draws 1101 to 1200"
[1] "Chunk time = 2.08346183697383"
[1] "Processing draws 1201 to 1300"
[1] "Chunk time = 2.13186197280884"
[1] "Processing draws 1301 to 1400"
[1] "Chunk time = 2.10268482764562"
[1] "Processing draws 1401 to 1500"
[1] "Chunk time = 2.01261153618495"
[1] "Processing draws 1501 to 1600"
[1] "Chunk time = 2.13109683990479"
[1] "Processing draws 1601 to 1700"
[1] "Chunk time = 1.9800661166509"
[1] "Processing draws 1701 to 1800"
[1] "Chunk time = 1.99568585952123"
[1] "Processing draws 1801 to 1900"
[1] "Chunk time = 2.05943963527679"
[1] "Processing draws 1901 to 2000"
[1] "Chunk time = 2.00898338158925"
[1] "Processing draws 2001 to 2100"
[1] "Chunk time = 2.01187649170558"
[1] "Processing draws 2101 to 2200"
[1] "Chunk time = 2.08701966206233"
[1] "Processing draws 2201 to 2300"
[1] "Chunk time = 2.01054515043894"
[1] "Processing draws 2301 to 2400"
[1] "Chunk time = 2.02694892088572"
[1] "Processing draws 2401 to 2500"
[1] "Chunk time = 2.10035034418106"
[1] "Processing draws 2501 to 2600"
[1] "Chunk time = 2.04645902315776"
[1] "Processing draws 2601 to 2700"
[1] "Chunk time = 2.06705657243729"
[1] "Processing draws 2701 to 2800"
[1] "Chunk time = 2.1257738272349"
[1] "Processing draws 2801 to 2900"
[1] "Chunk time = 2.01517597436905"
[1] "Processing draws 2901 to 3000"
[1] "Chunk time = 2.06896513700485"
[1] "Processing draws 3001 to 3100"
[1] "Chunk time = 2.12233942349752"
[1] "Processing draws 3101 to 3200"
[1] "Chunk time = 2.0945592880249"
[1] "Processing draws 3201 to 3300"
[1] "Chunk time = 2.02821606794993"
[1] "Processing draws 3301 to 3400"
[1] "Chunk time = 2.09531532526016"
[1] "Processing draws 3401 to 3500"
[1] "Chunk time = 2.06290951569875"
[1] "Processing draws 3501 to 3600"
[1] "Chunk time = 2.03737205664317"
[1] "Processing draws 3601 to 3700"
[1] "Chunk time = 2.14612547556559"
[1] "Processing draws 3701 to 3800"
[1] "Chunk time = 2.06216868956884"
[1] "Processing draws 3801 to 3900"
[1] "Chunk time = 1.98480438391368"
[1] "Processing draws 3901 to 4000"
[1] "Chunk time = 2.12410492102305"
[1] "Processing draws 4001 to 4100"
[1] "Chunk time = 2.05862984259923"
[1] "Processing draws 4101 to 4200"
[1] "Chunk time = 1.98852329651515"
[1] "Processing draws 4201 to 4300"
[1] "Chunk time = 2.08703699509303"
[1] "Processing draws 4301 to 4400"
[1] "Chunk time = 2.08006207545598"
[1] "Processing draws 4401 to 4500"
[1] "Chunk time = 2.07637500365575"
[1] "Processing draws 4501 to 4600"
[1] "Chunk time = 2.10138168732325"
[1] "Processing draws 4601 to 4700"
[1] "Chunk time = 2.03969852129618"
[1] "Processing draws 4701 to 4800"
[1] "Chunk time = 2.00650370915731"
[1] "Processing draws 4801 to 4900"
[1] "Chunk time = 2.10769707361857"
[1] "Processing draws 4901 to 5000"
[1] "Chunk time = 1.97377326488495"
[1] "Processing draws 5001 to 5100"
[1] "Chunk time = 1.98946854273478"
[1] "Processing draws 5101 to 5200"
[1] "Chunk time = 2.12125123739243"
[1] "Processing draws 5201 to 5300"
[1] "Chunk time = 1.97981619437536"
[1] "Processing draws 5301 to 5400"
[1] "Chunk time = 1.97834318478902"
[1] "Processing draws 5401 to 5500"
[1] "Chunk time = 2.09029200077057"
[1] "Processing draws 5501 to 5600"
[1] "Chunk time = 1.99167902469635"
[1] "Processing draws 5601 to 5700"
[1] "Chunk time = 1.97293285926183"
[1] "Processing draws 5701 to 5800"
[1] "Chunk time = 2.0836835304896"
[1] "Processing draws 5801 to 5900"
[1] "Chunk time = 1.9829754392306"
[1] "Processing draws 5901 to 6000"
[1] "Chunk time = 2.07392157713572"
[1] "Processing draws 6001 to 6100"
[1] "Chunk time = 2.093534664313"
[1] "Processing draws 6101 to 6200"
[1] "Chunk time = 2.08514201641083"
[1] "Processing draws 6201 to 6300"
[1] "Chunk time = 1.98056421279907"
[1] "Processing draws 6301 to 6400"
[1] "Chunk time = 2.12826512654622"
[1] "Processing draws 6401 to 6500"
[1] "Chunk time = 1.98995453516642"
[1] "Processing draws 6501 to 6600"
[1] "Chunk time = 1.9906881848971"
[1] "Processing draws 6601 to 6700"
[1] "Chunk time = 2.07829993565877"
[1] "Processing draws 6701 to 6800"
[1] "Chunk time = 2.00008139212926"
[1] "Processing draws 6801 to 6900"
[1] "Chunk time = 2.02122325499852"
[1] "Processing draws 6901 to 7000"
[1] "Chunk time = 2.10168560743332"
[1] "Processing draws 7001 to 7100"
[1] "Chunk time = 2.00673789978027"
[1] "Processing draws 7101 to 7200"
[1] "Chunk time = 2.07394318580627"
[1] "Processing draws 7201 to 7300"
[1] "Chunk time = 2.12016561031342"
[1] "Processing draws 7301 to 7400"
[1] "Chunk time = 1.99751241604487"
[1] "Processing draws 7401 to 7500"
[1] "Chunk time = 1.99127193291982"
[1] "Processing draws 7501 to 7600"
[1] "Chunk time = 2.12668486833572"
[1] "Processing draws 7601 to 7700"
[1] "Chunk time = 1.97231978575389"
[1] "Processing draws 7701 to 7800"
[1] "Chunk time = 2.03266129096349"
[1] "Processing draws 7801 to 7900"
[1] "Chunk time = 2.11785620848338"
[1] "Processing draws 7901 to 8000"
[1] "Chunk time = 2.01592372655869"
[1] "Processing draws 8001 to 8100"
[1] "Chunk time = 2.01019439299901"
[1] "Processing draws 8101 to 8200"
[1] "Chunk time = 2.13485787709554"
[1] "Processing draws 8201 to 8300"
[1] "Chunk time = 2.02805503209432"
[1] "Processing draws 8301 to 8400"
[1] "Chunk time = 1.9929408788681"
[1] "Processing draws 8401 to 8500"
[1] "Chunk time = 2.24180796543757"
[1] "Processing draws 8501 to 8600"
[1] "Chunk time = 1.99583054383596"
[1] "Processing draws 8601 to 8700"
[1] "Chunk time = 1.97996789216995"
[1] "Processing draws 8701 to 8800"
[1] "Chunk time = 2.10495230754217"
[1] "Processing draws 8801 to 8900"
[1] "Chunk time = 2.04598836898804"
[1] "Processing draws 8901 to 9000"
[1] "Chunk time = 2.08812469244003"
[1] "Processing draws 9001 to 9100"
[1] "Chunk time = 2.16030034224192"
[1] "Processing draws 9101 to 9200"
[1] "Chunk time = 2.04849228064219"
[1] "Processing draws 9201 to 9300"
[1] "Chunk time = 1.94074386358261"
[1] "Processing draws 9301 to 9400"
[1] "Chunk time = 2.13977446953456"
[1] "Processing draws 9401 to 9500"
[1] "Chunk time = 1.98409756819407"
[1] "Processing draws 9501 to 9600"
[1] "Chunk time = 1.95647111733754"
[1] "Processing draws 9601 to 9700"
[1] "Chunk time = 2.11881310542425"
[1] "Processing draws 9701 to 9800"
[1] "Chunk time = 1.96574255625407"
[1] "Processing draws 9801 to 9900"
[1] "Chunk time = 1.92631493806839"
[1] "Processing draws 9901 to 10000"
[1] "Chunk time = 2.06672124067942"
[1] "Processing draws 10001 to 10100"
[1] "Chunk time = 1.95624585946401"
[1] "Processing draws 10101 to 10200"
[1] "Chunk time = 1.9755159497261"
[1] "Processing draws 10201 to 10300"
[1] "Chunk time = 2.14655178785324"
[1] "Processing draws 10301 to 10400"
[1] "Chunk time = 1.96592904726664"
[1] "Processing draws 10401 to 10500"
[1] "Chunk time = 1.9057146469752"
[1] "Processing draws 10501 to 10600"
[1] "Chunk time = 2.13234214385351"
[1] "Processing draws 10601 to 10700"
[1] "Chunk time = 1.97487808068593"
[1] "Processing draws 10701 to 10800"
[1] "Chunk time = 2.00243945519129"
[1] "Processing draws 10801 to 10900"
[1] "Chunk time = 2.15287162065506"
[1] "Processing draws 10901 to 11000"
[1] "Chunk time = 2.01996832291285"
[1] "Processing draws 11001 to 11100"
[1] "Chunk time = 1.98311678965886"
[1] "Processing draws 11101 to 11200"
[1] "Chunk time = 2.12389012972514"
[1] "Processing draws 11201 to 11300"
[1] "Chunk time = 1.96851007938385"
[1] "Processing draws 11301 to 11400"
[1] "Chunk time = 1.91771514018377"
[1] "Processing draws 11401 to 11500"
[1] "Chunk time = 2.07448601325353"
[1] "Processing draws 11501 to 11600"
[1] "Chunk time = 1.97193920612335"
[1] "Processing draws 11601 to 11700"
[1] "Chunk time = 1.90448771715164"
[1] "Processing draws 11701 to 11800"
[1] "Chunk time = 2.07470431725184"
[1] "Processing draws 11801 to 11900"
[1] "Chunk time = 1.96797162691752"
[1] "Processing draws 11901 to 12000"
[1] "Chunk time = 2.00913709402084"
[1] "Processing draws 12001 to 12100"
[1] "Chunk time = 2.10284111102422"
[1] "Processing draws 12101 to 12200"
[1] "Chunk time = 1.9521201690038"
[1] "Processing draws 12201 to 12300"
[1] "Chunk time = 1.92824117342631"
[1] "Processing draws 12301 to 12400"
[1] "Chunk time = 2.01474924882253"
[1] "Processing draws 12401 to 12500"
[1] "Chunk time = 1.96632826725642"
[1] "Processing draws 12501 to 12600"
[1] "Chunk time = 1.90262498855591"
[1] "Processing draws 12601 to 12700"
[1] "Chunk time = 2.1202207605044"
[1] "Processing draws 12701 to 12800"
[1] "Chunk time = 1.97734063863754"
[1] "Processing draws 12801 to 12900"
[1] "Chunk time = 1.92157255013784"
[1] "Processing draws 12901 to 13000"
[1] "Chunk time = 2.14478634993235"
[1] "Processing draws 13001 to 13100"
[1] "Chunk time = 1.98800847530365"
[1] "Processing draws 13101 to 13200"
[1] "Chunk time = 1.99304582675298"
[1] "Processing draws 13201 to 13300"
[1] "Chunk time = 2.15539035002391"
[1] "Processing draws 13301 to 13400"
[1] "Chunk time = 1.99221349159877"
[1] "Processing draws 13401 to 13500"
[1] "Chunk time = 1.99922038316727"
[1] "Processing draws 13501 to 13600"
[1] "Chunk time = 2.16281555493673"
[1] "Processing draws 13601 to 13700"
[1] "Chunk time = 2.08691560824712"
[1] "Processing draws 13701 to 13800"
[1] "Chunk time = 1.96205657720566"
[1] "Processing draws 13801 to 13900"
[1] "Chunk time = 2.15995911359787"
[1] "Processing draws 13901 to 14000"
[1] "Chunk time = 1.98974635203679"
[1] "Processing draws 14001 to 14100"
[1] "Chunk time = 2.00699713627497"
[1] "Processing draws 14101 to 14200"
[1] "Chunk time = 2.132732685407"
[1] "Processing draws 14201 to 14300"
[1] "Chunk time = 1.97040772040685"
[1] "Processing draws 14301 to 14400"
[1] "Chunk time = 2.00110888083776"
[1] "Processing draws 14401 to 14500"
[1] "Chunk time = 2.14154813687007"
[1] "Processing draws 14501 to 14600"
[1] "Chunk time = 1.97975296974182"
[1] "Processing draws 14601 to 14700"
[1] "Chunk time = 1.99683151245117"
[1] "Processing draws 14701 to 14800"
[1] "Chunk time = 2.13822836081187"
[1] "Processing draws 14801 to 14900"
[1] "Chunk time = 1.9815022389094"
[1] "Processing draws 14901 to 15000"
[1] "Chunk time = 1.91310370763143"
[1] "Processing draws 15001 to 15100"
[1] "Chunk time = 2.10927050908407"
[1] "Processing draws 15101 to 15200"
[1] "Chunk time = 1.96454133192698"
[1] "Processing draws 15201 to 15300"
[1] "Chunk time = 1.97505175669988"
[1] "Processing draws 15301 to 15400"
[1] "Chunk time = 2.14784088929494"
[1] "Processing draws 15401 to 15500"
[1] "Chunk time = 1.95601422389348"
[1] "Processing draws 15501 to 15600"
[1] "Chunk time = 1.94667678674062"
[1] "Processing draws 15601 to 15700"
[1] "Chunk time = 2.05612440506617"
[1] "Processing draws 15701 to 15800"
[1] "Chunk time = 1.92412396272024"
[1] "Processing draws 15801 to 15900"
[1] "Chunk time = 1.97065823078156"
[1] "Processing draws 15901 to 16000"
[1] "Chunk time = 2.06302287181218"
[1] "Processing draws 16001 to 16100"
[1] "Chunk time = 1.92325295209885"
[1] "Processing draws 16101 to 16200"
[1] "Chunk time = 1.9425909002622"
[1] "Processing draws 16201 to 16300"
[1] "Chunk time = 2.07572539250056"
[1] "Processing draws 16301 to 16400"
[1] "Chunk time = 1.98636629978816"
[1] "Processing draws 16401 to 16500"
[1] "Chunk time = 1.93252236843109"
[1] "Processing draws 16501 to 16600"
[1] "Chunk time = 2.13373725016912"
[1] "Processing draws 16601 to 16700"
[1] "Chunk time = 2.00995580752691"
[1] "Processing draws 16701 to 16800"
[1] "Chunk time = 2.0230966091156"
[1] "Processing draws 16801 to 16900"
[1] "Chunk time = 2.13306485811869"
[1] "Processing draws 16901 to 17000"
[1] "Chunk time = 1.99645127058029"
[1] "Processing draws 17001 to 17100"
[1] "Chunk time = 1.93161302407583"
[1] "Processing draws 17101 to 17200"
[1] "Chunk time = 2.13910527626673"
[1] "Processing draws 17201 to 17300"
[1] "Chunk time = 2.01097460985184"
[1] "Processing draws 17301 to 17400"
[1] "Chunk time = 1.97776226997375"
[1] "Processing draws 17401 to 17500"
[1] "Chunk time = 2.13363133271535"
[1] "Processing draws 17501 to 17600"
[1] "Chunk time = 1.98467883268992"
[1] "Processing draws 17601 to 17700"
[1] "Chunk time = 1.92081096967061"
[1] "Processing draws 17701 to 17800"
[1] "Chunk time = 2.15670521656672"
[1] "Processing draws 17801 to 17900"
[1] "Chunk time = 2.03323839108149"
[1] "Processing draws 17901 to 18000"
[1] "Chunk time = 1.97416426340739"
[1] "Processing draws 18001 to 18100"
[1] "Chunk time = 2.13330505688985"
[1] "Processing draws 18101 to 18200"
[1] "Chunk time = 1.9630396882693"
[1] "Processing draws 18201 to 18300"
[1] "Chunk time = 1.97218281428019"
[1] "Processing draws 18301 to 18400"
[1] "Chunk time = 2.12988659143448"
[1] "Processing draws 18401 to 18500"
[1] "Chunk time = 1.99051818450292"
[1] "Processing draws 18501 to 18600"
[1] "Chunk time = 1.96638040145238"
[1] "Processing draws 18601 to 18700"
[1] "Chunk time = 2.12300357023875"
[1] "Processing draws 18701 to 18800"
[1] "Chunk time = 2.00693666934967"
[1] "Processing draws 18801 to 18900"
[1] "Chunk time = 2.03484439452489"
[1] "Processing draws 18901 to 19000"
[1] "Chunk time = 2.16007090806961"
[1] "Processing draws 19001 to 19100"
[1] "Chunk time = 1.97459755738576"
[1] "Processing draws 19101 to 19200"
[1] "Chunk time = 1.97842338085175"
[1] "Processing draws 19201 to 19300"
[1] "Chunk time = 2.13779383500417"
[1] "Processing draws 19301 to 19400"
[1] "Chunk time = 1.97023870150248"
[1] "Processing draws 19401 to 19500"
[1] "Chunk time = 1.98199228048325"
[1] "Processing draws 19501 to 19600"
[1] "Chunk time = 2.06819681326548"
[1] "Processing draws 19601 to 19700"
[1] "Chunk time = 1.97261738379796"
[1] "Processing draws 19701 to 19800"
[1] "Chunk time = 1.96577385266622"
[1] "Processing draws 19801 to 19900"
[1] "Chunk time = 2.07841990788778"
[1] "Processing draws 19901 to 20000"
[1] "Chunk time = 1.96810510953267"
[1] "done lapplying"
[1] "Saving current params"
[1] "Saving params to output.rds"
[1] TRUE
[1] "Time for modelling:"
[1] "2025-07-03 12:54:21 EDT"
[1] "Time for posterior computations:"
Time difference of 6.84329 hours
[1] "Total time:"
[1] "2025-07-03 19:44:57 EDT"
