[1] "Starting sampling."
Running MCMC with 4 parallel chains, with 4 thread(s) per chain...

Chain 1 Iteration:    1 / 6000 [  0%]  (Warmup) 
Chain 2 Iteration:    1 / 6000 [  0%]  (Warmup) 
Chain 3 Iteration:    1 / 6000 [  0%]  (Warmup) 
Chain 4 Iteration:    1 / 6000 [  0%]  (Warmup) 
Chain 3 Iteration:  100 / 6000 [  1%]  (Warmup) 
Chain 2 Iteration:  100 / 6000 [  1%]  (Warmup) 
Chain 1 Iteration:  100 / 6000 [  1%]  (Warmup) 
Chain 4 Iteration:  100 / 6000 [  1%]  (Warmup) 
Chain 2 Iteration:  200 / 6000 [  3%]  (Warmup) 
Chain 4 Iteration:  200 / 6000 [  3%]  (Warmup) 
Chain 2 Iteration:  300 / 6000 [  5%]  (Warmup) 
Chain 3 Iteration:  200 / 6000 [  3%]  (Warmup) 
Chain 4 Iteration:  300 / 6000 [  5%]  (Warmup) 
Chain 2 Iteration:  400 / 6000 [  6%]  (Warmup) 
Chain 1 Iteration:  200 / 6000 [  3%]  (Warmup) 
Chain 4 Iteration:  400 / 6000 [  6%]  (Warmup) 
Chain 2 Iteration:  500 / 6000 [  8%]  (Warmup) 
Chain 1 Iteration:  300 / 6000 [  5%]  (Warmup) 
Chain 3 Iteration:  300 / 6000 [  5%]  (Warmup) 
Chain 4 Iteration:  500 / 6000 [  8%]  (Warmup) 
Chain 2 Iteration:  600 / 6000 [ 10%]  (Warmup) 
Chain 1 Iteration:  400 / 6000 [  6%]  (Warmup) 
Chain 4 Iteration:  600 / 6000 [ 10%]  (Warmup) 
Chain 3 Iteration:  400 / 6000 [  6%]  (Warmup) 
Chain 4 Iteration:  700 / 6000 [ 11%]  (Warmup) 
Chain 1 Iteration:  500 / 6000 [  8%]  (Warmup) 
Chain 2 Iteration:  700 / 6000 [ 11%]  (Warmup) 
Chain 4 Iteration:  800 / 6000 [ 13%]  (Warmup) 
Chain 1 Iteration:  600 / 6000 [ 10%]  (Warmup) 
Chain 2 Iteration:  800 / 6000 [ 13%]  (Warmup) 
Chain 4 Iteration:  900 / 6000 [ 15%]  (Warmup) 
Chain 3 Iteration:  500 / 6000 [  8%]  (Warmup) 
Chain 1 Iteration:  700 / 6000 [ 11%]  (Warmup) 
Chain 2 Iteration:  900 / 6000 [ 15%]  (Warmup) 
Chain 1 Iteration:  800 / 6000 [ 13%]  (Warmup) 
Chain 3 Iteration:  600 / 6000 [ 10%]  (Warmup) 
Chain 4 Iteration: 1000 / 6000 [ 16%]  (Warmup) 
Chain 4 Iteration: 1001 / 6000 [ 16%]  (Sampling) 
Chain 1 Iteration:  900 / 6000 [ 15%]  (Warmup) 
Chain 2 Iteration: 1000 / 6000 [ 16%]  (Warmup) 
Chain 2 Iteration: 1001 / 6000 [ 16%]  (Sampling) 
Chain 3 Iteration:  700 / 6000 [ 11%]  (Warmup) 
Chain 1 Iteration: 1000 / 6000 [ 16%]  (Warmup) 
Chain 1 Iteration: 1001 / 6000 [ 16%]  (Sampling) 
Chain 4 Iteration: 1100 / 6000 [ 18%]  (Sampling) 
Chain 3 Iteration:  800 / 6000 [ 13%]  (Warmup) 
Chain 1 Iteration: 1100 / 6000 [ 18%]  (Sampling) 
Chain 2 Iteration: 1100 / 6000 [ 18%]  (Sampling) 
Chain 4 Iteration: 1200 / 6000 [ 20%]  (Sampling) 
Chain 1 Iteration: 1200 / 6000 [ 20%]  (Sampling) 
Chain 3 Iteration:  900 / 6000 [ 15%]  (Warmup) 
Chain 2 Iteration: 1200 / 6000 [ 20%]  (Sampling) 
Chain 1 Iteration: 1300 / 6000 [ 21%]  (Sampling) 
Chain 3 Iteration: 1000 / 6000 [ 16%]  (Warmup) 
Chain 3 Iteration: 1001 / 6000 [ 16%]  (Sampling) 
Chain 4 Iteration: 1300 / 6000 [ 21%]  (Sampling) 
Chain 1 Iteration: 1400 / 6000 [ 23%]  (Sampling) 
Chain 3 Iteration: 1100 / 6000 [ 18%]  (Sampling) 
Chain 2 Iteration: 1300 / 6000 [ 21%]  (Sampling) 
Chain 1 Iteration: 1500 / 6000 [ 25%]  (Sampling) 
Chain 3 Iteration: 1200 / 6000 [ 20%]  (Sampling) 
Chain 4 Iteration: 1400 / 6000 [ 23%]  (Sampling) 
Chain 1 Iteration: 1600 / 6000 [ 26%]  (Sampling) 
Chain 3 Iteration: 1300 / 6000 [ 21%]  (Sampling) 
Chain 2 Iteration: 1400 / 6000 [ 23%]  (Sampling) 
Chain 1 Iteration: 1700 / 6000 [ 28%]  (Sampling) 
Chain 3 Iteration: 1400 / 6000 [ 23%]  (Sampling) 
Chain 4 Iteration: 1500 / 6000 [ 25%]  (Sampling) 
Chain 3 Iteration: 1500 / 6000 [ 25%]  (Sampling) 
Chain 1 Iteration: 1800 / 6000 [ 30%]  (Sampling) 
Chain 2 Iteration: 1500 / 6000 [ 25%]  (Sampling) 
Chain 3 Iteration: 1600 / 6000 [ 26%]  (Sampling) 
Chain 4 Iteration: 1600 / 6000 [ 26%]  (Sampling) 
Chain 1 Iteration: 1900 / 6000 [ 31%]  (Sampling) 
Chain 3 Iteration: 1700 / 6000 [ 28%]  (Sampling) 
Chain 2 Iteration: 1600 / 6000 [ 26%]  (Sampling) 
Chain 1 Iteration: 2000 / 6000 [ 33%]  (Sampling) 
Chain 3 Iteration: 1800 / 6000 [ 30%]  (Sampling) 
Chain 4 Iteration: 1700 / 6000 [ 28%]  (Sampling) 
Chain 1 Iteration: 2100 / 6000 [ 35%]  (Sampling) 
Chain 3 Iteration: 1900 / 6000 [ 31%]  (Sampling) 
Chain 2 Iteration: 1700 / 6000 [ 28%]  (Sampling) 
Chain 1 Iteration: 2200 / 6000 [ 36%]  (Sampling) 
Chain 3 Iteration: 2000 / 6000 [ 33%]  (Sampling) 
Chain 4 Iteration: 1800 / 6000 [ 30%]  (Sampling) 
Chain 1 Iteration: 2300 / 6000 [ 38%]  (Sampling) 
Chain 3 Iteration: 2100 / 6000 [ 35%]  (Sampling) 
Chain 2 Iteration: 1800 / 6000 [ 30%]  (Sampling) 
Chain 1 Iteration: 2400 / 6000 [ 40%]  (Sampling) 
Chain 3 Iteration: 2200 / 6000 [ 36%]  (Sampling) 
Chain 4 Iteration: 1900 / 6000 [ 31%]  (Sampling) 
Chain 1 Iteration: 2500 / 6000 [ 41%]  (Sampling) 
Chain 3 Iteration: 2300 / 6000 [ 38%]  (Sampling) 
Chain 2 Iteration: 1900 / 6000 [ 31%]  (Sampling) 
Chain 3 Iteration: 2400 / 6000 [ 40%]  (Sampling) 
Chain 1 Iteration: 2600 / 6000 [ 43%]  (Sampling) 
Chain 4 Iteration: 2000 / 6000 [ 33%]  (Sampling) 
Chain 2 Iteration: 2000 / 6000 [ 33%]  (Sampling) 
Chain 3 Iteration: 2500 / 6000 [ 41%]  (Sampling) 
Chain 1 Iteration: 2700 / 6000 [ 45%]  (Sampling) 
Chain 3 Iteration: 2600 / 6000 [ 43%]  (Sampling) 
Chain 4 Iteration: 2100 / 6000 [ 35%]  (Sampling) 
Chain 1 Iteration: 2800 / 6000 [ 46%]  (Sampling) 
Chain 2 Iteration: 2100 / 6000 [ 35%]  (Sampling) 
Chain 3 Iteration: 2700 / 6000 [ 45%]  (Sampling) 
Chain 1 Iteration: 2900 / 6000 [ 48%]  (Sampling) 
Chain 3 Iteration: 2800 / 6000 [ 46%]  (Sampling) 
Chain 4 Iteration: 2200 / 6000 [ 36%]  (Sampling) 
Chain 1 Iteration: 3000 / 6000 [ 50%]  (Sampling) 
Chain 2 Iteration: 2200 / 6000 [ 36%]  (Sampling) 
Chain 3 Iteration: 2900 / 6000 [ 48%]  (Sampling) 
Chain 1 Iteration: 3100 / 6000 [ 51%]  (Sampling) 
Chain 3 Iteration: 3000 / 6000 [ 50%]  (Sampling) 
Chain 4 Iteration: 2300 / 6000 [ 38%]  (Sampling) 
Chain 1 Iteration: 3200 / 6000 [ 53%]  (Sampling) 
Chain 2 Iteration: 2300 / 6000 [ 38%]  (Sampling) 
Chain 3 Iteration: 3100 / 6000 [ 51%]  (Sampling) 
Chain 1 Iteration: 3300 / 6000 [ 55%]  (Sampling) 
Chain 3 Iteration: 3200 / 6000 [ 53%]  (Sampling) 
Chain 4 Iteration: 2400 / 6000 [ 40%]  (Sampling) 
Chain 2 Iteration: 2400 / 6000 [ 40%]  (Sampling) 
Chain 3 Iteration: 3300 / 6000 [ 55%]  (Sampling) 
Chain 1 Iteration: 3400 / 6000 [ 56%]  (Sampling) 
Chain 3 Iteration: 3400 / 6000 [ 56%]  (Sampling) 
Chain 4 Iteration: 2500 / 6000 [ 41%]  (Sampling) 
Chain 1 Iteration: 3500 / 6000 [ 58%]  (Sampling) 
Chain 2 Iteration: 2500 / 6000 [ 41%]  (Sampling) 
Chain 3 Iteration: 3500 / 6000 [ 58%]  (Sampling) 
Chain 1 Iteration: 3600 / 6000 [ 60%]  (Sampling) 
Chain 3 Iteration: 3600 / 6000 [ 60%]  (Sampling) 
Chain 4 Iteration: 2600 / 6000 [ 43%]  (Sampling) 
Chain 1 Iteration: 3700 / 6000 [ 61%]  (Sampling) 
Chain 2 Iteration: 2600 / 6000 [ 43%]  (Sampling) 
Chain 3 Iteration: 3700 / 6000 [ 61%]  (Sampling) 
Chain 1 Iteration: 3800 / 6000 [ 63%]  (Sampling) 
Chain 3 Iteration: 3800 / 6000 [ 63%]  (Sampling) 
Chain 4 Iteration: 2700 / 6000 [ 45%]  (Sampling) 
Chain 1 Iteration: 3900 / 6000 [ 65%]  (Sampling) 
Chain 2 Iteration: 2700 / 6000 [ 45%]  (Sampling) 
Chain 3 Iteration: 3900 / 6000 [ 65%]  (Sampling) 
Chain 1 Iteration: 4000 / 6000 [ 66%]  (Sampling) 
Chain 3 Iteration: 4000 / 6000 [ 66%]  (Sampling) 
Chain 4 Iteration: 2800 / 6000 [ 46%]  (Sampling) 
Chain 2 Iteration: 2800 / 6000 [ 46%]  (Sampling) 
Chain 1 Iteration: 4100 / 6000 [ 68%]  (Sampling) 
Chain 3 Iteration: 4100 / 6000 [ 68%]  (Sampling) 
Chain 3 Iteration: 4200 / 6000 [ 70%]  (Sampling) 
Chain 4 Iteration: 2900 / 6000 [ 48%]  (Sampling) 
Chain 1 Iteration: 4200 / 6000 [ 70%]  (Sampling) 
Chain 2 Iteration: 2900 / 6000 [ 48%]  (Sampling) 
Chain 3 Iteration: 4300 / 6000 [ 71%]  (Sampling) 
Chain 1 Iteration: 4300 / 6000 [ 71%]  (Sampling) 
Chain 3 Iteration: 4400 / 6000 [ 73%]  (Sampling) 
Chain 4 Iteration: 3000 / 6000 [ 50%]  (Sampling) 
Chain 1 Iteration: 4400 / 6000 [ 73%]  (Sampling) 
Chain 2 Iteration: 3000 / 6000 [ 50%]  (Sampling) 
Chain 3 Iteration: 4500 / 6000 [ 75%]  (Sampling) 
Chain 1 Iteration: 4500 / 6000 [ 75%]  (Sampling) 
Chain 3 Iteration: 4600 / 6000 [ 76%]  (Sampling) 
Chain 4 Iteration: 3100 / 6000 [ 51%]  (Sampling) 
Chain 1 Iteration: 4600 / 6000 [ 76%]  (Sampling) 
Chain 2 Iteration: 3100 / 6000 [ 51%]  (Sampling) 
Chain 3 Iteration: 4700 / 6000 [ 78%]  (Sampling) 
Chain 1 Iteration: 4700 / 6000 [ 78%]  (Sampling) 
Chain 4 Iteration: 3200 / 6000 [ 53%]  (Sampling) 
Chain 3 Iteration: 4800 / 6000 [ 80%]  (Sampling) 
Chain 1 Iteration: 4800 / 6000 [ 80%]  (Sampling) 
Chain 2 Iteration: 3200 / 6000 [ 53%]  (Sampling) 
Chain 3 Iteration: 4900 / 6000 [ 81%]  (Sampling) 
Chain 1 Iteration: 4900 / 6000 [ 81%]  (Sampling) 
Chain 4 Iteration: 3300 / 6000 [ 55%]  (Sampling) 
Chain 3 Iteration: 5000 / 6000 [ 83%]  (Sampling) 
Chain 2 Iteration: 3300 / 6000 [ 55%]  (Sampling) 
Chain 3 Iteration: 5100 / 6000 [ 85%]  (Sampling) 
Chain 1 Iteration: 5000 / 6000 [ 83%]  (Sampling) 
Chain 4 Iteration: 3400 / 6000 [ 56%]  (Sampling) 
Chain 3 Iteration: 5200 / 6000 [ 86%]  (Sampling) 
Chain 1 Iteration: 5100 / 6000 [ 85%]  (Sampling) 
Chain 2 Iteration: 3400 / 6000 [ 56%]  (Sampling) 
Chain 3 Iteration: 5300 / 6000 [ 88%]  (Sampling) 
Chain 1 Iteration: 5200 / 6000 [ 86%]  (Sampling) 
Chain 4 Iteration: 3500 / 6000 [ 58%]  (Sampling) 
Chain 3 Iteration: 5400 / 6000 [ 90%]  (Sampling) 
Chain 1 Iteration: 5300 / 6000 [ 88%]  (Sampling) 
Chain 2 Iteration: 3500 / 6000 [ 58%]  (Sampling) 
Chain 3 Iteration: 5500 / 6000 [ 91%]  (Sampling) 
Chain 1 Iteration: 5400 / 6000 [ 90%]  (Sampling) 
Chain 4 Iteration: 3600 / 6000 [ 60%]  (Sampling) 
Chain 3 Iteration: 5600 / 6000 [ 93%]  (Sampling) 
Chain 1 Iteration: 5500 / 6000 [ 91%]  (Sampling) 
Chain 2 Iteration: 3600 / 6000 [ 60%]  (Sampling) 
Chain 3 Iteration: 5700 / 6000 [ 95%]  (Sampling) 
Chain 1 Iteration: 5600 / 6000 [ 93%]  (Sampling) 
Chain 4 Iteration: 3700 / 6000 [ 61%]  (Sampling) 
Chain 3 Iteration: 5800 / 6000 [ 96%]  (Sampling) 
Chain 2 Iteration: 3700 / 6000 [ 61%]  (Sampling) 
Chain 1 Iteration: 5700 / 6000 [ 95%]  (Sampling) 
Chain 3 Iteration: 5900 / 6000 [ 98%]  (Sampling) 
Chain 4 Iteration: 3800 / 6000 [ 63%]  (Sampling) 
Chain 3 Iteration: 6000 / 6000 [100%]  (Sampling) 
Chain 3 finished in 1317.5 seconds.
Chain 1 Iteration: 5800 / 6000 [ 96%]  (Sampling) 
Chain 2 Iteration: 3800 / 6000 [ 63%]  (Sampling) 
Chain 1 Iteration: 5900 / 6000 [ 98%]  (Sampling) 
Chain 4 Iteration: 3900 / 6000 [ 65%]  (Sampling) 
Chain 1 Iteration: 6000 / 6000 [100%]  (Sampling) 
Chain 1 finished in 1356.1 seconds.
Chain 2 Iteration: 3900 / 6000 [ 65%]  (Sampling) 
Chain 4 Iteration: 4000 / 6000 [ 66%]  (Sampling) 
Chain 2 Iteration: 4000 / 6000 [ 66%]  (Sampling) 
Chain 4 Iteration: 4100 / 6000 [ 68%]  (Sampling) 
Chain 2 Iteration: 4100 / 6000 [ 68%]  (Sampling) 
Chain 4 Iteration: 4200 / 6000 [ 70%]  (Sampling) 
Chain 2 Iteration: 4200 / 6000 [ 70%]  (Sampling) 
Chain 4 Iteration: 4300 / 6000 [ 71%]  (Sampling) 
Chain 2 Iteration: 4300 / 6000 [ 71%]  (Sampling) 
Chain 4 Iteration: 4400 / 6000 [ 73%]  (Sampling) 
Chain 2 Iteration: 4400 / 6000 [ 73%]  (Sampling) 
Chain 4 Iteration: 4500 / 6000 [ 75%]  (Sampling) 
Chain 2 Iteration: 4500 / 6000 [ 75%]  (Sampling) 
Chain 4 Iteration: 4600 / 6000 [ 76%]  (Sampling) 
Chain 2 Iteration: 4600 / 6000 [ 76%]  (Sampling) 
Chain 4 Iteration: 4700 / 6000 [ 78%]  (Sampling) 
Chain 2 Iteration: 4700 / 6000 [ 78%]  (Sampling) 
Chain 4 Iteration: 4800 / 6000 [ 80%]  (Sampling) 
Chain 2 Iteration: 4800 / 6000 [ 80%]  (Sampling) 
Chain 4 Iteration: 4900 / 6000 [ 81%]  (Sampling) 
Chain 2 Iteration: 4900 / 6000 [ 81%]  (Sampling) 
Chain 4 Iteration: 5000 / 6000 [ 83%]  (Sampling) 
Chain 2 Iteration: 5000 / 6000 [ 83%]  (Sampling) 
Chain 4 Iteration: 5100 / 6000 [ 85%]  (Sampling) 
Chain 2 Iteration: 5100 / 6000 [ 85%]  (Sampling) 
Chain 4 Iteration: 5200 / 6000 [ 86%]  (Sampling) 
Chain 2 Iteration: 5200 / 6000 [ 86%]  (Sampling) 
Chain 4 Iteration: 5300 / 6000 [ 88%]  (Sampling) 
Chain 2 Iteration: 5300 / 6000 [ 88%]  (Sampling) 
Chain 4 Iteration: 5400 / 6000 [ 90%]  (Sampling) 
Chain 2 Iteration: 5400 / 6000 [ 90%]  (Sampling) 
Chain 4 Iteration: 5500 / 6000 [ 91%]  (Sampling) 
Chain 2 Iteration: 5500 / 6000 [ 91%]  (Sampling) 
Chain 4 Iteration: 5600 / 6000 [ 93%]  (Sampling) 
Chain 2 Iteration: 5600 / 6000 [ 93%]  (Sampling) 
Chain 4 Iteration: 5700 / 6000 [ 95%]  (Sampling) 
Chain 2 Iteration: 5700 / 6000 [ 95%]  (Sampling) 
Chain 4 Iteration: 5800 / 6000 [ 96%]  (Sampling) 
Chain 2 Iteration: 5800 / 6000 [ 96%]  (Sampling) 
Chain 4 Iteration: 5900 / 6000 [ 98%]  (Sampling) 
Chain 2 Iteration: 5900 / 6000 [ 98%]  (Sampling) 
Chain 4 Iteration: 6000 / 6000 [100%]  (Sampling) 
Chain 4 finished in 2080.8 seconds.
Chain 2 Iteration: 6000 / 6000 [100%]  (Sampling) 
Chain 2 finished in 2095.4 seconds.

All 4 chains finished successfully.
Mean chain execution time: 1712.5 seconds.
Total execution time: 2095.6 seconds.

[1] "Processing draws 1 to 100"
[1] "Chunk time = 57.4030656814575"
[1] "Processing draws 101 to 200"
[1] "Chunk time = 16.6744985580444"
[1] "Processing draws 201 to 300"
[1] "Chunk time = 16.1320490837097"
[1] "Processing draws 301 to 400"
[1] "Chunk time = 16.811539888382"
[1] "Processing draws 401 to 500"
[1] "Chunk time = 16.5362572669983"
[1] "Processing draws 501 to 600"
[1] "Chunk time = 15.431529045105"
[1] "Processing draws 601 to 700"
[1] "Chunk time = 16.5734179019928"
[1] "Processing draws 701 to 800"
[1] "Chunk time = 16.1169991493225"
[1] "Processing draws 801 to 900"
[1] "Chunk time = 16.0592277050018"
[1] "Processing draws 901 to 1000"
[1] "Chunk time = 16.4363286495209"
[1] "Processing draws 1001 to 1100"
[1] "Chunk time = 16.0728027820587"
[1] "Processing draws 1101 to 1200"
[1] "Chunk time = 15.8922958374023"
[1] "Processing draws 1201 to 1300"
[1] "Chunk time = 16.3350760936737"
[1] "Processing draws 1301 to 1400"
[1] "Chunk time = 16.3154063224792"
[1] "Processing draws 1401 to 1500"
[1] "Chunk time = 16.1626403331757"
[1] "Processing draws 1501 to 1600"
[1] "Chunk time = 16.0651316642761"
[1] "Processing draws 1601 to 1700"
[1] "Chunk time = 16.0431056022644"
[1] "Processing draws 1701 to 1800"
[1] "Chunk time = 16.6294045448303"
[1] "Processing draws 1801 to 1900"
[1] "Chunk time = 16.0257861614227"
[1] "Processing draws 1901 to 2000"
[1] "Chunk time = 16.214706659317"
[1] "Processing draws 2001 to 2100"
[1] "Chunk time = 16.2867534160614"
[1] "Processing draws 2101 to 2200"
[1] "Chunk time = 16.0491011142731"
[1] "Processing draws 2201 to 2300"
[1] "Chunk time = 16.3010184764862"
[1] "Processing draws 2301 to 2400"
[1] "Chunk time = 16.3920595645905"
[1] "Processing draws 2401 to 2500"
[1] "Chunk time = 16.0639109611511"
[1] "Processing draws 2501 to 2600"
[1] "Chunk time = 15.9512445926666"
[1] "Processing draws 2601 to 2700"
[1] "Chunk time = 16.1943507194519"
[1] "Processing draws 2701 to 2800"
[1] "Chunk time = 15.8617963790894"
[1] "Processing draws 2801 to 2900"
[1] "Chunk time = 16.3263146877289"
[1] "Processing draws 2901 to 3000"
[1] "Chunk time = 15.961284160614"
[1] "Processing draws 3001 to 3100"
[1] "Chunk time = 16.5681512355804"
[1] "Processing draws 3101 to 3200"
[1] "Chunk time = 16.3910534381866"
[1] "Processing draws 3201 to 3300"
[1] "Chunk time = 16.4513652324677"
[1] "Processing draws 3301 to 3400"
[1] "Chunk time = 16.2884590625763"
[1] "Processing draws 3401 to 3500"
[1] "Chunk time = 16.27583360672"
[1] "Processing draws 3501 to 3600"
[1] "Chunk time = 15.8648889064789"
[1] "Processing draws 3601 to 3700"
[1] "Chunk time = 16.1027226448059"
[1] "Processing draws 3701 to 3800"
[1] "Chunk time = 16.9521250724792"
[1] "Processing draws 3801 to 3900"
[1] "Chunk time = 16.5258769989014"
[1] "Processing draws 3901 to 4000"
[1] "Chunk time = 16.2993817329407"
[1] "Processing draws 4001 to 4100"
[1] "Chunk time = 16.110827922821"
[1] "Processing draws 4101 to 4200"
[1] "Chunk time = 15.9568862915039"
[1] "Processing draws 4201 to 4300"
[1] "Chunk time = 15.7937998771667"
[1] "Processing draws 4301 to 4400"
[1] "Chunk time = 15.9373090267181"
[1] "Processing draws 4401 to 4500"
[1] "Chunk time = 15.9727077484131"
[1] "Processing draws 4501 to 4600"
[1] "Chunk time = 15.9615712165833"
[1] "Processing draws 4601 to 4700"
[1] "Chunk time = 16.2370028495789"
[1] "Processing draws 4701 to 4800"
[1] "Chunk time = 16.3998391628265"
[1] "Processing draws 4801 to 4900"
[1] "Chunk time = 16.4132142066956"
[1] "Processing draws 4901 to 5000"
[1] "Chunk time = 15.9123394489288"
[1] "Processing draws 5001 to 5100"
[1] "Chunk time = 16.0528509616852"
[1] "Processing draws 5101 to 5200"
[1] "Chunk time = 16.7543566226959"
[1] "Processing draws 5201 to 5300"
[1] "Chunk time = 15.8979144096375"
[1] "Processing draws 5301 to 5400"
[1] "Chunk time = 15.8011646270752"
[1] "Processing draws 5401 to 5500"
[1] "Chunk time = 15.8490536212921"
[1] "Processing draws 5501 to 5600"
[1] "Chunk time = 15.8535270690918"
[1] "Processing draws 5601 to 5700"
[1] "Chunk time = 16.5822811126709"
[1] "Processing draws 5701 to 5800"
[1] "Chunk time = 16.1679646968842"
[1] "Processing draws 5801 to 5900"
[1] "Chunk time = 15.8003990650177"
[1] "Processing draws 5901 to 6000"
[1] "Chunk time = 16.2478134632111"
[1] "Processing draws 6001 to 6100"
[1] "Chunk time = 15.9469122886658"
[1] "Processing draws 6101 to 6200"
[1] "Chunk time = 16.5823042392731"
[1] "Processing draws 6201 to 6300"
[1] "Chunk time = 16.4995746612549"
[1] "Processing draws 6301 to 6400"
[1] "Chunk time = 15.9325058460236"
[1] "Processing draws 6401 to 6500"
[1] "Chunk time = 16.0313892364502"
[1] "Processing draws 6501 to 6600"
[1] "Chunk time = 15.8719182014465"
[1] "Processing draws 6601 to 6700"
[1] "Chunk time = 15.8442299365997"
[1] "Processing draws 6701 to 6800"
[1] "Chunk time = 15.9604291915894"
[1] "Processing draws 6801 to 6900"
[1] "Chunk time = 16.1422443389893"
[1] "Processing draws 6901 to 7000"
[1] "Chunk time = 15.86003947258"
[1] "Processing draws 7001 to 7100"
[1] "Chunk time = 16.4721851348877"
[1] "Processing draws 7101 to 7200"
[1] "Chunk time = 15.9040639400482"
[1] "Processing draws 7201 to 7300"
[1] "Chunk time = 15.6729121208191"
[1] "Processing draws 7301 to 7400"
[1] "Chunk time = 16.307493686676"
[1] "Processing draws 7401 to 7500"
[1] "Chunk time = 15.9244713783264"
[1] "Processing draws 7501 to 7600"
[1] "Chunk time = 15.9976258277893"
[1] "Processing draws 7601 to 7700"
[1] "Chunk time = 16.3632652759552"
[1] "Processing draws 7701 to 7800"
[1] "Chunk time = 15.9503481388092"
[1] "Processing draws 7801 to 7900"
[1] "Chunk time = 15.6510350704193"
[1] "Processing draws 7901 to 8000"
[1] "Chunk time = 16.2100255489349"
[1] "Processing draws 8001 to 8100"
[1] "Chunk time = 16.0360143184662"
[1] "Processing draws 8101 to 8200"
[1] "Chunk time = 16.1599128246307"
[1] "Processing draws 8201 to 8300"
[1] "Chunk time = 16.2718572616577"
[1] "Processing draws 8301 to 8400"
[1] "Chunk time = 15.9589560031891"
[1] "Processing draws 8401 to 8500"
[1] "Chunk time = 16.6810014247894"
[1] "Processing draws 8501 to 8600"
[1] "Chunk time = 15.8689384460449"
[1] "Processing draws 8601 to 8700"
[1] "Chunk time = 16.2468936443329"
[1] "Processing draws 8701 to 8800"
[1] "Chunk time = 16.3970813751221"
[1] "Processing draws 8801 to 8900"
[1] "Chunk time = 16.2164790630341"
[1] "Processing draws 8901 to 9000"
[1] "Chunk time = 16.3838171958923"
[1] "Processing draws 9001 to 9100"
[1] "Chunk time = 17.0676207542419"
[1] "Processing draws 9101 to 9200"
[1] "Chunk time = 17.1862978935242"
[1] "Processing draws 9201 to 9300"
[1] "Chunk time = 16.7164645195007"
[1] "Processing draws 9301 to 9400"
[1] "Chunk time = 16.5403900146484"
[1] "Processing draws 9401 to 9500"
[1] "Chunk time = 16.5672521591187"
[1] "Processing draws 9501 to 9600"
[1] "Chunk time = 16.4283323287964"
[1] "Processing draws 9601 to 9700"
[1] "Chunk time = 16.3963723182678"
[1] "Processing draws 9701 to 9800"
[1] "Chunk time = 16.6037237644196"
[1] "Processing draws 9801 to 9900"
[1] "Chunk time = 16.8838477134705"
[1] "Processing draws 9901 to 10000"
[1] "Chunk time = 16.2484891414642"
[1] "Processing draws 10001 to 10100"
[1] "Chunk time = 16.1354477405548"
[1] "Processing draws 10101 to 10200"
[1] "Chunk time = 16.4620831012726"
[1] "Processing draws 10201 to 10300"
[1] "Chunk time = 16.5848743915558"
[1] "Processing draws 10301 to 10400"
[1] "Chunk time = 16.1193358898163"
[1] "Processing draws 10401 to 10500"
[1] "Chunk time = 16.5240833759308"
[1] "Processing draws 10501 to 10600"
[1] "Chunk time = 16.5016877651215"
[1] "Processing draws 10601 to 10700"
[1] "Chunk time = 16.2285635471344"
[1] "Processing draws 10701 to 10800"
[1] "Chunk time = 16.1881186962128"
[1] "Processing draws 10801 to 10900"
[1] "Chunk time = 16.4080739021301"
[1] "Processing draws 10901 to 11000"
[1] "Chunk time = 16.2869629859924"
[1] "Processing draws 11001 to 11100"
[1] "Chunk time = 16.3057899475098"
[1] "Processing draws 11101 to 11200"
[1] "Chunk time = 16.322172164917"
[1] "Processing draws 11201 to 11300"
[1] "Chunk time = 16.5764031410217"
[1] "Processing draws 11301 to 11400"
[1] "Chunk time = 16.5808699131012"
[1] "Processing draws 11401 to 11500"
[1] "Chunk time = 16.6266424655914"
[1] "Processing draws 11501 to 11600"
[1] "Chunk time = 17.1420545578003"
[1] "Processing draws 11601 to 11700"
[1] "Chunk time = 16.3321182727814"
[1] "Processing draws 11701 to 11800"
[1] "Chunk time = 16.355854511261"
[1] "Processing draws 11801 to 11900"
[1] "Chunk time = 16.2094423770905"
[1] "Processing draws 11901 to 12000"
[1] "Chunk time = 16.3151676654816"
[1] "Processing draws 12001 to 12100"
[1] "Chunk time = 16.4703466892242"
[1] "Processing draws 12101 to 12200"
[1] "Chunk time = 16.7315516471863"
[1] "Processing draws 12201 to 12300"
[1] "Chunk time = 16.7207279205322"
[1] "Processing draws 12301 to 12400"
[1] "Chunk time = 16.6761958599091"
[1] "Processing draws 12401 to 12500"
[1] "Chunk time = 16.6233186721802"
[1] "Processing draws 12501 to 12600"
[1] "Chunk time = 16.6088695526123"
[1] "Processing draws 12601 to 12700"
[1] "Chunk time = 16.6550211906433"
[1] "Processing draws 12701 to 12800"
[1] "Chunk time = 16.527202129364"
[1] "Processing draws 12801 to 12900"
[1] "Chunk time = 16.5094819068909"
[1] "Processing draws 12901 to 13000"
[1] "Chunk time = 16.8041989803314"
[1] "Processing draws 13001 to 13100"
[1] "Chunk time = 16.2421300411224"
[1] "Processing draws 13101 to 13200"
[1] "Chunk time = 16.6264555454254"
[1] "Processing draws 13201 to 13300"
[1] "Chunk time = 16.8504683971405"
[1] "Processing draws 13301 to 13400"
[1] "Chunk time = 16.5373094081879"
[1] "Processing draws 13401 to 13500"
[1] "Chunk time = 16.5366516113281"
[1] "Processing draws 13501 to 13600"
[1] "Chunk time = 16.825742483139"
[1] "Processing draws 13601 to 13700"
[1] "Chunk time = 16.6079571247101"
[1] "Processing draws 13701 to 13800"
[1] "Chunk time = 16.4578459262848"
[1] "Processing draws 13801 to 13900"
[1] "Chunk time = 16.9612052440643"
[1] "Processing draws 13901 to 14000"
[1] "Chunk time = 16.5071268081665"
[1] "Processing draws 14001 to 14100"
[1] "Chunk time = 16.6879572868347"
[1] "Processing draws 14101 to 14200"
[1] "Chunk time = 16.4006552696228"
[1] "Processing draws 14201 to 14300"
[1] "Chunk time = 16.5514419078827"
[1] "Processing draws 14301 to 14400"
[1] "Chunk time = 16.5773606300354"
[1] "Processing draws 14401 to 14500"
[1] "Chunk time = 16.6948461532593"
[1] "Processing draws 14501 to 14600"
[1] "Chunk time = 16.318666934967"
[1] "Processing draws 14601 to 14700"
[1] "Chunk time = 16.4951999187469"
[1] "Processing draws 14701 to 14800"
[1] "Chunk time = 16.1141355037689"
[1] "Processing draws 14801 to 14900"
[1] "Chunk time = 16.1336281299591"
[1] "Processing draws 14901 to 15000"
[1] "Chunk time = 16.6044843196869"
[1] "Processing draws 15001 to 15100"
[1] "Chunk time = 16.5901095867157"
[1] "Processing draws 15101 to 15200"
[1] "Chunk time = 16.4677042961121"
[1] "Processing draws 15201 to 15300"
[1] "Chunk time = 17.0808460712433"
[1] "Processing draws 15301 to 15400"
[1] "Chunk time = 16.4875476360321"
[1] "Processing draws 15401 to 15500"
[1] "Chunk time = 17.0456335544586"
[1] "Processing draws 15501 to 15600"
[1] "Chunk time = 16.1755924224854"
[1] "Processing draws 15601 to 15700"
[1] "Chunk time = 16.4336199760437"
[1] "Processing draws 15701 to 15800"
[1] "Chunk time = 16.8852534294128"
[1] "Processing draws 15801 to 15900"
[1] "Chunk time = 16.4531807899475"
[1] "Processing draws 15901 to 16000"
[1] "Chunk time = 16.4159512519836"
[1] "Processing draws 16001 to 16100"
[1] "Chunk time = 16.8069529533386"
[1] "Processing draws 16101 to 16200"
[1] "Chunk time = 16.2661964893341"
[1] "Processing draws 16201 to 16300"
[1] "Chunk time = 16.1619856357574"
[1] "Processing draws 16301 to 16400"
[1] "Chunk time = 16.5656759738922"
[1] "Processing draws 16401 to 16500"
[1] "Chunk time = 16.3068814277649"
[1] "Processing draws 16501 to 16600"
[1] "Chunk time = 16.3559195995331"
[1] "Processing draws 16601 to 16700"
[1] "Chunk time = 16.8759925365448"
[1] "Processing draws 16701 to 16800"
[1] "Chunk time = 16.4630699157715"
[1] "Processing draws 16801 to 16900"
[1] "Chunk time = 16.56138920784"
[1] "Processing draws 16901 to 17000"
[1] "Chunk time = 16.3500075340271"
[1] "Processing draws 17001 to 17100"
[1] "Chunk time = 16.2865090370178"
[1] "Processing draws 17101 to 17200"
[1] "Chunk time = 16.8368985652924"
[1] "Processing draws 17201 to 17300"
[1] "Chunk time = 16.358519077301"
[1] "Processing draws 17301 to 17400"
[1] "Chunk time = 16.6740047931671"
[1] "Processing draws 17401 to 17500"
[1] "Chunk time = 17.003956079483"
[1] "Processing draws 17501 to 17600"
[1] "Chunk time = 16.2385399341583"
[1] "Processing draws 17601 to 17700"
[1] "Chunk time = 16.4807245731354"
[1] "Processing draws 17701 to 17800"
[1] "Chunk time = 16.787534236908"
[1] "Processing draws 17801 to 17900"
[1] "Chunk time = 16.376293182373"
[1] "Processing draws 17901 to 18000"
[1] "Chunk time = 16.4130132198334"
[1] "Processing draws 18001 to 18100"
[1] "Chunk time = 16.5222115516663"
[1] "Processing draws 18101 to 18200"
[1] "Chunk time = 16.8069550991058"
[1] "Processing draws 18201 to 18300"
[1] "Chunk time = 16.5835974216461"
[1] "Processing draws 18301 to 18400"
[1] "Chunk time = 16.3567192554474"
[1] "Processing draws 18401 to 18500"
[1] "Chunk time = 16.7295422554016"
[1] "Processing draws 18501 to 18600"
[1] "Chunk time = 17.3488388061523"
[1] "Processing draws 18601 to 18700"
[1] "Chunk time = 16.9821660518646"
[1] "Processing draws 18701 to 18800"
[1] "Chunk time = 16.6420121192932"
[1] "Processing draws 18801 to 18900"
[1] "Chunk time = 16.9601662158966"
[1] "Processing draws 18901 to 19000"
[1] "Chunk time = 16.4264812469482"
[1] "Processing draws 19001 to 19100"
[1] "Chunk time = 16.3419070243835"
[1] "Processing draws 19101 to 19200"
[1] "Chunk time = 16.3446271419525"
[1] "Processing draws 19201 to 19300"
[1] "Chunk time = 16.4248907566071"
[1] "Processing draws 19301 to 19400"
[1] "Chunk time = 16.139062166214"
[1] "Processing draws 19401 to 19500"
[1] "Chunk time = 16.3036448955536"
[1] "Processing draws 19501 to 19600"
[1] "Chunk time = 16.2678310871124"
[1] "Processing draws 19601 to 19700"
[1] "Chunk time = 16.2427251338959"
[1] "Processing draws 19701 to 19800"
[1] "Chunk time = 16.1114947795868"
[1] "Processing draws 19801 to 19900"
[1] "Chunk time = 15.974179983139"
[1] "Processing draws 19901 to 20000"
[1] "Chunk time = 16.0804169178009"
[1] "done lapplying"
[1] "Saving current params"
[1] "Saving params to output.rds"
[1] TRUE
