[1] "Starting sampling."
Running MCMC with 4 parallel chains, with 4 thread(s) per chain...

Chain 1 Iteration:    1 / 6000 [  0%]  (Warmup) 
Chain 2 Iteration:    1 / 6000 [  0%]  (Warmup) 
Chain 3 Iteration:    1 / 6000 [  0%]  (Warmup) 
Chain 4 Iteration:    1 / 6000 [  0%]  (Warmup) 
Chain 4 Iteration:  100 / 6000 [  1%]  (Warmup) 
Chain 1 Iteration:  100 / 6000 [  1%]  (Warmup) 
Chain 3 Iteration:  100 / 6000 [  1%]  (Warmup) 
Chain 2 Iteration:  100 / 6000 [  1%]  (Warmup) 
Chain 4 Iteration:  200 / 6000 [  3%]  (Warmup) 
Chain 1 Iteration:  200 / 6000 [  3%]  (Warmup) 
Chain 3 Iteration:  200 / 6000 [  3%]  (Warmup) 
Chain 2 Iteration:  200 / 6000 [  3%]  (Warmup) 
Chain 4 Iteration:  300 / 6000 [  5%]  (Warmup) 
Chain 1 Iteration:  300 / 6000 [  5%]  (Warmup) 
Chain 3 Iteration:  300 / 6000 [  5%]  (Warmup) 
Chain 2 Iteration:  300 / 6000 [  5%]  (Warmup) 
Chain 4 Iteration:  400 / 6000 [  6%]  (Warmup) 
Chain 1 Iteration:  400 / 6000 [  6%]  (Warmup) 
Chain 3 Iteration:  400 / 6000 [  6%]  (Warmup) 
Chain 2 Iteration:  400 / 6000 [  6%]  (Warmup) 
Chain 4 Iteration:  500 / 6000 [  8%]  (Warmup) 
Chain 1 Iteration:  500 / 6000 [  8%]  (Warmup) 
Chain 3 Iteration:  500 / 6000 [  8%]  (Warmup) 
Chain 4 Iteration:  600 / 6000 [ 10%]  (Warmup) 
Chain 2 Iteration:  500 / 6000 [  8%]  (Warmup) 
Chain 1 Iteration:  600 / 6000 [ 10%]  (Warmup) 
Chain 3 Iteration:  600 / 6000 [ 10%]  (Warmup) 
Chain 4 Iteration:  700 / 6000 [ 11%]  (Warmup) 
Chain 2 Iteration:  600 / 6000 [ 10%]  (Warmup) 
Chain 1 Iteration:  700 / 6000 [ 11%]  (Warmup) 
Chain 3 Iteration:  700 / 6000 [ 11%]  (Warmup) 
Chain 4 Iteration:  800 / 6000 [ 13%]  (Warmup) 
Chain 2 Iteration:  700 / 6000 [ 11%]  (Warmup) 
Chain 1 Iteration:  800 / 6000 [ 13%]  (Warmup) 
Chain 3 Iteration:  800 / 6000 [ 13%]  (Warmup) 
Chain 4 Iteration:  900 / 6000 [ 15%]  (Warmup) 
Chain 2 Iteration:  800 / 6000 [ 13%]  (Warmup) 
Chain 1 Iteration:  900 / 6000 [ 15%]  (Warmup) 
Chain 3 Iteration:  900 / 6000 [ 15%]  (Warmup) 
Chain 2 Iteration:  900 / 6000 [ 15%]  (Warmup) 
Chain 4 Iteration: 1000 / 6000 [ 16%]  (Warmup) 
Chain 4 Iteration: 1001 / 6000 [ 16%]  (Sampling) 
Chain 1 Iteration: 1000 / 6000 [ 16%]  (Warmup) 
Chain 1 Iteration: 1001 / 6000 [ 16%]  (Sampling) 
Chain 3 Iteration: 1000 / 6000 [ 16%]  (Warmup) 
Chain 3 Iteration: 1001 / 6000 [ 16%]  (Sampling) 
Chain 2 Iteration: 1000 / 6000 [ 16%]  (Warmup) 
Chain 2 Iteration: 1001 / 6000 [ 16%]  (Sampling) 
Chain 4 Iteration: 1100 / 6000 [ 18%]  (Sampling) 
Chain 1 Iteration: 1100 / 6000 [ 18%]  (Sampling) 
Chain 3 Iteration: 1100 / 6000 [ 18%]  (Sampling) 
Chain 2 Iteration: 1100 / 6000 [ 18%]  (Sampling) 
Chain 4 Iteration: 1200 / 6000 [ 20%]  (Sampling) 
Chain 1 Iteration: 1200 / 6000 [ 20%]  (Sampling) 
Chain 3 Iteration: 1200 / 6000 [ 20%]  (Sampling) 
Chain 2 Iteration: 1200 / 6000 [ 20%]  (Sampling) 
Chain 4 Iteration: 1300 / 6000 [ 21%]  (Sampling) 
Chain 1 Iteration: 1300 / 6000 [ 21%]  (Sampling) 
Chain 3 Iteration: 1300 / 6000 [ 21%]  (Sampling) 
Chain 2 Iteration: 1300 / 6000 [ 21%]  (Sampling) 
Chain 4 Iteration: 1400 / 6000 [ 23%]  (Sampling) 
Chain 1 Iteration: 1400 / 6000 [ 23%]  (Sampling) 
Chain 3 Iteration: 1400 / 6000 [ 23%]  (Sampling) 
Chain 2 Iteration: 1400 / 6000 [ 23%]  (Sampling) 
Chain 4 Iteration: 1500 / 6000 [ 25%]  (Sampling) 
Chain 1 Iteration: 1500 / 6000 [ 25%]  (Sampling) 
Chain 3 Iteration: 1500 / 6000 [ 25%]  (Sampling) 
Chain 2 Iteration: 1500 / 6000 [ 25%]  (Sampling) 
Chain 4 Iteration: 1600 / 6000 [ 26%]  (Sampling) 
Chain 1 Iteration: 1600 / 6000 [ 26%]  (Sampling) 
Chain 3 Iteration: 1600 / 6000 [ 26%]  (Sampling) 
Chain 2 Iteration: 1600 / 6000 [ 26%]  (Sampling) 
Chain 4 Iteration: 1700 / 6000 [ 28%]  (Sampling) 
Chain 1 Iteration: 1700 / 6000 [ 28%]  (Sampling) 
Chain 2 Iteration: 1700 / 6000 [ 28%]  (Sampling) 
Chain 3 Iteration: 1700 / 6000 [ 28%]  (Sampling) 
Chain 4 Iteration: 1800 / 6000 [ 30%]  (Sampling) 
Chain 1 Iteration: 1800 / 6000 [ 30%]  (Sampling) 
Chain 2 Iteration: 1800 / 6000 [ 30%]  (Sampling) 
Chain 3 Iteration: 1800 / 6000 [ 30%]  (Sampling) 
Chain 4 Iteration: 1900 / 6000 [ 31%]  (Sampling) 
Chain 1 Iteration: 1900 / 6000 [ 31%]  (Sampling) 
Chain 2 Iteration: 1900 / 6000 [ 31%]  (Sampling) 
Chain 3 Iteration: 1900 / 6000 [ 31%]  (Sampling) 
Chain 4 Iteration: 2000 / 6000 [ 33%]  (Sampling) 
Chain 1 Iteration: 2000 / 6000 [ 33%]  (Sampling) 
Chain 2 Iteration: 2000 / 6000 [ 33%]  (Sampling) 
Chain 3 Iteration: 2000 / 6000 [ 33%]  (Sampling) 
Chain 4 Iteration: 2100 / 6000 [ 35%]  (Sampling) 
Chain 1 Iteration: 2100 / 6000 [ 35%]  (Sampling) 
Chain 2 Iteration: 2100 / 6000 [ 35%]  (Sampling) 
Chain 3 Iteration: 2100 / 6000 [ 35%]  (Sampling) 
Chain 4 Iteration: 2200 / 6000 [ 36%]  (Sampling) 
Chain 1 Iteration: 2200 / 6000 [ 36%]  (Sampling) 
Chain 2 Iteration: 2200 / 6000 [ 36%]  (Sampling) 
Chain 4 Iteration: 2300 / 6000 [ 38%]  (Sampling) 
Chain 3 Iteration: 2200 / 6000 [ 36%]  (Sampling) 
Chain 1 Iteration: 2300 / 6000 [ 38%]  (Sampling) 
Chain 2 Iteration: 2300 / 6000 [ 38%]  (Sampling) 
Chain 4 Iteration: 2400 / 6000 [ 40%]  (Sampling) 
Chain 3 Iteration: 2300 / 6000 [ 38%]  (Sampling) 
Chain 1 Iteration: 2400 / 6000 [ 40%]  (Sampling) 
Chain 2 Iteration: 2400 / 6000 [ 40%]  (Sampling) 
Chain 4 Iteration: 2500 / 6000 [ 41%]  (Sampling) 
Chain 3 Iteration: 2400 / 6000 [ 40%]  (Sampling) 
Chain 1 Iteration: 2500 / 6000 [ 41%]  (Sampling) 
Chain 2 Iteration: 2500 / 6000 [ 41%]  (Sampling) 
Chain 4 Iteration: 2600 / 6000 [ 43%]  (Sampling) 
Chain 3 Iteration: 2500 / 6000 [ 41%]  (Sampling) 
Chain 1 Iteration: 2600 / 6000 [ 43%]  (Sampling) 
Chain 2 Iteration: 2600 / 6000 [ 43%]  (Sampling) 
Chain 4 Iteration: 2700 / 6000 [ 45%]  (Sampling) 
Chain 3 Iteration: 2600 / 6000 [ 43%]  (Sampling) 
Chain 1 Iteration: 2700 / 6000 [ 45%]  (Sampling) 
Chain 2 Iteration: 2700 / 6000 [ 45%]  (Sampling) 
Chain 4 Iteration: 2800 / 6000 [ 46%]  (Sampling) 
Chain 3 Iteration: 2700 / 6000 [ 45%]  (Sampling) 
Chain 1 Iteration: 2800 / 6000 [ 46%]  (Sampling) 
Chain 2 Iteration: 2800 / 6000 [ 46%]  (Sampling) 
Chain 4 Iteration: 2900 / 6000 [ 48%]  (Sampling) 
Chain 3 Iteration: 2800 / 6000 [ 46%]  (Sampling) 
Chain 1 Iteration: 2900 / 6000 [ 48%]  (Sampling) 
Chain 2 Iteration: 2900 / 6000 [ 48%]  (Sampling) 
Chain 4 Iteration: 3000 / 6000 [ 50%]  (Sampling) 
Chain 3 Iteration: 2900 / 6000 [ 48%]  (Sampling) 
Chain 2 Iteration: 3000 / 6000 [ 50%]  (Sampling) 
Chain 1 Iteration: 3000 / 6000 [ 50%]  (Sampling) 
Chain 2 Iteration: 3100 / 6000 [ 51%]  (Sampling) 
Chain 4 Iteration: 3100 / 6000 [ 51%]  (Sampling) 
Chain 3 Iteration: 3000 / 6000 [ 50%]  (Sampling) 
Chain 1 Iteration: 3100 / 6000 [ 51%]  (Sampling) 
Chain 2 Iteration: 3200 / 6000 [ 53%]  (Sampling) 
Chain 4 Iteration: 3200 / 6000 [ 53%]  (Sampling) 
Chain 3 Iteration: 3100 / 6000 [ 51%]  (Sampling) 
Chain 1 Iteration: 3200 / 6000 [ 53%]  (Sampling) 
Chain 2 Iteration: 3300 / 6000 [ 55%]  (Sampling) 
Chain 1 Iteration: 3300 / 6000 [ 55%]  (Sampling) 
Chain 3 Iteration: 3200 / 6000 [ 53%]  (Sampling) 
Chain 4 Iteration: 3300 / 6000 [ 55%]  (Sampling) 
Chain 2 Iteration: 3400 / 6000 [ 56%]  (Sampling) 
Chain 1 Iteration: 3400 / 6000 [ 56%]  (Sampling) 
Chain 3 Iteration: 3300 / 6000 [ 55%]  (Sampling) 
Chain 4 Iteration: 3400 / 6000 [ 56%]  (Sampling) 
Chain 2 Iteration: 3500 / 6000 [ 58%]  (Sampling) 
Chain 1 Iteration: 3500 / 6000 [ 58%]  (Sampling) 
Chain 3 Iteration: 3400 / 6000 [ 56%]  (Sampling) 
Chain 4 Iteration: 3500 / 6000 [ 58%]  (Sampling) 
Chain 2 Iteration: 3600 / 6000 [ 60%]  (Sampling) 
Chain 1 Iteration: 3600 / 6000 [ 60%]  (Sampling) 
Chain 3 Iteration: 3500 / 6000 [ 58%]  (Sampling) 
Chain 4 Iteration: 3600 / 6000 [ 60%]  (Sampling) 
Chain 2 Iteration: 3700 / 6000 [ 61%]  (Sampling) 
Chain 1 Iteration: 3700 / 6000 [ 61%]  (Sampling) 
Chain 3 Iteration: 3600 / 6000 [ 60%]  (Sampling) 
Chain 4 Iteration: 3700 / 6000 [ 61%]  (Sampling) 
Chain 2 Iteration: 3800 / 6000 [ 63%]  (Sampling) 
Chain 1 Iteration: 3800 / 6000 [ 63%]  (Sampling) 
Chain 2 Iteration: 3900 / 6000 [ 65%]  (Sampling) 
Chain 3 Iteration: 3700 / 6000 [ 61%]  (Sampling) 
Chain 4 Iteration: 3800 / 6000 [ 63%]  (Sampling) 
Chain 2 Iteration: 4000 / 6000 [ 66%]  (Sampling) 
Chain 1 Iteration: 3900 / 6000 [ 65%]  (Sampling) 
Chain 3 Iteration: 3800 / 6000 [ 63%]  (Sampling) 
Chain 4 Iteration: 3900 / 6000 [ 65%]  (Sampling) 
Chain 2 Iteration: 4100 / 6000 [ 68%]  (Sampling) 
Chain 1 Iteration: 4000 / 6000 [ 66%]  (Sampling) 
Chain 3 Iteration: 3900 / 6000 [ 65%]  (Sampling) 
Chain 4 Iteration: 4000 / 6000 [ 66%]  (Sampling) 
Chain 2 Iteration: 4200 / 6000 [ 70%]  (Sampling) 
Chain 1 Iteration: 4100 / 6000 [ 68%]  (Sampling) 
Chain 3 Iteration: 4000 / 6000 [ 66%]  (Sampling) 
Chain 4 Iteration: 4100 / 6000 [ 68%]  (Sampling) 
Chain 2 Iteration: 4300 / 6000 [ 71%]  (Sampling) 
Chain 1 Iteration: 4200 / 6000 [ 70%]  (Sampling) 
Chain 3 Iteration: 4100 / 6000 [ 68%]  (Sampling) 
Chain 4 Iteration: 4200 / 6000 [ 70%]  (Sampling) 
Chain 2 Iteration: 4400 / 6000 [ 73%]  (Sampling) 
Chain 1 Iteration: 4300 / 6000 [ 71%]  (Sampling) 
Chain 3 Iteration: 4200 / 6000 [ 70%]  (Sampling) 
Chain 4 Iteration: 4300 / 6000 [ 71%]  (Sampling) 
Chain 2 Iteration: 4500 / 6000 [ 75%]  (Sampling) 
Chain 1 Iteration: 4400 / 6000 [ 73%]  (Sampling) 
Chain 3 Iteration: 4300 / 6000 [ 71%]  (Sampling) 
Chain 2 Iteration: 4600 / 6000 [ 76%]  (Sampling) 
Chain 4 Iteration: 4400 / 6000 [ 73%]  (Sampling) 
Chain 1 Iteration: 4500 / 6000 [ 75%]  (Sampling) 
Chain 2 Iteration: 4700 / 6000 [ 78%]  (Sampling) 
Chain 3 Iteration: 4400 / 6000 [ 73%]  (Sampling) 
Chain 4 Iteration: 4500 / 6000 [ 75%]  (Sampling) 
Chain 1 Iteration: 4600 / 6000 [ 76%]  (Sampling) 
Chain 2 Iteration: 4800 / 6000 [ 80%]  (Sampling) 
Chain 3 Iteration: 4500 / 6000 [ 75%]  (Sampling) 
Chain 4 Iteration: 4600 / 6000 [ 76%]  (Sampling) 
Chain 2 Iteration: 4900 / 6000 [ 81%]  (Sampling) 
Chain 1 Iteration: 4700 / 6000 [ 78%]  (Sampling) 
Chain 3 Iteration: 4600 / 6000 [ 76%]  (Sampling) 
Chain 4 Iteration: 4700 / 6000 [ 78%]  (Sampling) 
Chain 2 Iteration: 5000 / 6000 [ 83%]  (Sampling) 
Chain 1 Iteration: 4800 / 6000 [ 80%]  (Sampling) 
Chain 3 Iteration: 4700 / 6000 [ 78%]  (Sampling) 
Chain 4 Iteration: 4800 / 6000 [ 80%]  (Sampling) 
Chain 2 Iteration: 5100 / 6000 [ 85%]  (Sampling) 
Chain 1 Iteration: 4900 / 6000 [ 81%]  (Sampling) 
Chain 3 Iteration: 4800 / 6000 [ 80%]  (Sampling) 
Chain 4 Iteration: 4900 / 6000 [ 81%]  (Sampling) 
Chain 2 Iteration: 5200 / 6000 [ 86%]  (Sampling) 
Chain 1 Iteration: 5000 / 6000 [ 83%]  (Sampling) 
Chain 3 Iteration: 4900 / 6000 [ 81%]  (Sampling) 
Chain 4 Iteration: 5000 / 6000 [ 83%]  (Sampling) 
Chain 2 Iteration: 5300 / 6000 [ 88%]  (Sampling) 
Chain 1 Iteration: 5100 / 6000 [ 85%]  (Sampling) 
Chain 3 Iteration: 5000 / 6000 [ 83%]  (Sampling) 
Chain 2 Iteration: 5400 / 6000 [ 90%]  (Sampling) 
Chain 4 Iteration: 5100 / 6000 [ 85%]  (Sampling) 
Chain 1 Iteration: 5200 / 6000 [ 86%]  (Sampling) 
Chain 2 Iteration: 5500 / 6000 [ 91%]  (Sampling) 
Chain 3 Iteration: 5100 / 6000 [ 85%]  (Sampling) 
Chain 4 Iteration: 5200 / 6000 [ 86%]  (Sampling) 
Chain 1 Iteration: 5300 / 6000 [ 88%]  (Sampling) 
Chain 2 Iteration: 5600 / 6000 [ 93%]  (Sampling) 
Chain 3 Iteration: 5200 / 6000 [ 86%]  (Sampling) 
Chain 4 Iteration: 5300 / 6000 [ 88%]  (Sampling) 
Chain 1 Iteration: 5400 / 6000 [ 90%]  (Sampling) 
Chain 2 Iteration: 5700 / 6000 [ 95%]  (Sampling) 
Chain 3 Iteration: 5300 / 6000 [ 88%]  (Sampling) 
Chain 4 Iteration: 5400 / 6000 [ 90%]  (Sampling) 
Chain 1 Iteration: 5500 / 6000 [ 91%]  (Sampling) 
Chain 2 Iteration: 5800 / 6000 [ 96%]  (Sampling) 
Chain 3 Iteration: 5400 / 6000 [ 90%]  (Sampling) 
Chain 4 Iteration: 5500 / 6000 [ 91%]  (Sampling) 
Chain 1 Iteration: 5600 / 6000 [ 93%]  (Sampling) 
Chain 2 Iteration: 5900 / 6000 [ 98%]  (Sampling) 
Chain 3 Iteration: 5500 / 6000 [ 91%]  (Sampling) 
Chain 4 Iteration: 5600 / 6000 [ 93%]  (Sampling) 
Chain 2 Iteration: 6000 / 6000 [100%]  (Sampling) 
Chain 2 finished in 1687.2 seconds.
Chain 1 Iteration: 5700 / 6000 [ 95%]  (Sampling) 
Chain 3 Iteration: 5600 / 6000 [ 93%]  (Sampling) 
Chain 4 Iteration: 5700 / 6000 [ 95%]  (Sampling) 
Chain 1 Iteration: 5800 / 6000 [ 96%]  (Sampling) 
Chain 3 Iteration: 5700 / 6000 [ 95%]  (Sampling) 
Chain 4 Iteration: 5800 / 6000 [ 96%]  (Sampling) 
Chain 1 Iteration: 5900 / 6000 [ 98%]  (Sampling) 
Chain 3 Iteration: 5800 / 6000 [ 96%]  (Sampling) 
Chain 4 Iteration: 5900 / 6000 [ 98%]  (Sampling) 
Chain 1 Iteration: 6000 / 6000 [100%]  (Sampling) 
Chain 1 finished in 1763.2 seconds.
Chain 3 Iteration: 5900 / 6000 [ 98%]  (Sampling) 
Chain 4 Iteration: 6000 / 6000 [100%]  (Sampling) 
Chain 4 finished in 1780.2 seconds.
Chain 3 Iteration: 6000 / 6000 [100%]  (Sampling) 
Chain 3 finished in 1800.9 seconds.

All 4 chains finished successfully.
Mean chain execution time: 1757.9 seconds.
Total execution time: 1801.3 seconds.

[1] "Processing draws 1 to 100"
[1] "Chunk time = 1.03543033599854"
[1] "Processing draws 101 to 200"
[1] "Chunk time = 20.5845637321472"
[1] "Processing draws 201 to 300"
[1] "Chunk time = 20.7008812427521"
[1] "Processing draws 301 to 400"
[1] "Chunk time = 21.245831489563"
[1] "Processing draws 401 to 500"
[1] "Chunk time = 20.8934745788574"
[1] "Processing draws 501 to 600"
[1] "Chunk time = 21.386816740036"
[1] "Processing draws 601 to 700"
[1] "Chunk time = 20.1864714622498"
[1] "Processing draws 701 to 800"
[1] "Chunk time = 20.9281466007233"
[1] "Processing draws 801 to 900"
[1] "Chunk time = 20.7601199150085"
[1] "Processing draws 901 to 1000"
[1] "Chunk time = 21.017662525177"
[1] "Processing draws 1001 to 1100"
[1] "Chunk time = 20.351621389389"
[1] "Processing draws 1101 to 1200"
[1] "Chunk time = 21.9134032726288"
[1] "Processing draws 1201 to 1300"
[1] "Chunk time = 19.7518994808197"
[1] "Processing draws 1301 to 1400"
[1] "Chunk time = 21.4556453227997"
[1] "Processing draws 1401 to 1500"
[1] "Chunk time = 21.431236743927"
[1] "Processing draws 1501 to 1600"
[1] "Chunk time = 20.3268074989319"
[1] "Processing draws 1601 to 1700"
[1] "Chunk time = 21.1898577213287"
[1] "Processing draws 1701 to 1800"
[1] "Chunk time = 19.3037779331207"
[1] "Processing draws 1801 to 1900"
[1] "Chunk time = 20.9929256439209"
[1] "Processing draws 1901 to 2000"
[1] "Chunk time = 21.0097141265869"
[1] "Processing draws 2001 to 2100"
[1] "Chunk time = 20.6280856132507"
[1] "Processing draws 2101 to 2200"
[1] "Chunk time = 20.2952282428741"
[1] "Processing draws 2201 to 2300"
[1] "Chunk time = 20.8767993450165"
[1] "Processing draws 2301 to 2400"
[1] "Chunk time = 20.9923288822174"
[1] "Processing draws 2401 to 2500"
[1] "Chunk time = 19.7385768890381"
[1] "Processing draws 2501 to 2600"
[1] "Chunk time = 21.0504212379456"
[1] "Processing draws 2601 to 2700"
[1] "Chunk time = 18.8472084999084"
[1] "Processing draws 2701 to 2800"
[1] "Chunk time = 21.1164927482605"
[1] "Processing draws 2801 to 2900"
[1] "Chunk time = 21.4091317653656"
[1] "Processing draws 2901 to 3000"
[1] "Chunk time = 20.906126499176"
[1] "Processing draws 3001 to 3100"
[1] "Chunk time = 20.7698841094971"
[1] "Processing draws 3101 to 3200"
[1] "Chunk time = 20.0578162670135"
[1] "Processing draws 3201 to 3300"
[1] "Chunk time = 20.6243779659271"
[1] "Processing draws 3301 to 3400"
[1] "Chunk time = 21.0293946266174"
[1] "Processing draws 3401 to 3500"
[1] "Chunk time = 20.9153594970703"
[1] "Processing draws 3501 to 3600"
[1] "Chunk time = 20.4207983016968"
[1] "Processing draws 3601 to 3700"
[1] "Chunk time = 20.3887178897858"
[1] "Processing draws 3701 to 3800"
[1] "Chunk time = 19.7060496807098"
[1] "Processing draws 3801 to 3900"
[1] "Chunk time = 20.5273785591125"
[1] "Processing draws 3901 to 4000"
[1] "Chunk time = 20.3842468261719"
[1] "Processing draws 4001 to 4100"
[1] "Chunk time = 20.5009384155273"
[1] "Processing draws 4101 to 4200"
[1] "Chunk time = 21.0633971691132"
[1] "Processing draws 4201 to 4300"
[1] "Chunk time = 19.4832758903503"
[1] "Processing draws 4301 to 4400"
[1] "Chunk time = 20.7925755977631"
[1] "Processing draws 4401 to 4500"
[1] "Chunk time = 20.8602564334869"
[1] "Processing draws 4501 to 4600"
[1] "Chunk time = 21.0348711013794"
[1] "Processing draws 4601 to 4700"
[1] "Chunk time = 20.2838945388794"
[1] "Processing draws 4701 to 4800"
[1] "Chunk time = 20.3307116031647"
[1] "Processing draws 4801 to 4900"
[1] "Chunk time = 20.6956880092621"
[1] "Processing draws 4901 to 5000"
[1] "Chunk time = 20.9787502288818"
[1] "Processing draws 5001 to 5100"
[1] "Chunk time = 20.8231661319733"
[1] "Processing draws 5101 to 5200"
[1] "Chunk time = 21.1568486690521"
[1] "Processing draws 5201 to 5300"
[1] "Chunk time = 21.2517106533051"
[1] "Processing draws 5301 to 5400"
[1] "Chunk time = 19.3032529354095"
[1] "Processing draws 5401 to 5500"
[1] "Chunk time = 21.200053691864"
[1] "Processing draws 5501 to 5600"
[1] "Chunk time = 20.7843165397644"
[1] "Processing draws 5601 to 5700"
[1] "Chunk time = 20.7130651473999"
[1] "Processing draws 5701 to 5800"
[1] "Chunk time = 21.0306396484375"
[1] "Processing draws 5801 to 5900"
[1] "Chunk time = 19.6736559867859"
[1] "Processing draws 5901 to 6000"
[1] "Chunk time = 21.0728719234467"
[1] "Processing draws 6001 to 6100"
[1] "Chunk time = 21.5720267295837"
[1] "Processing draws 6101 to 6200"
[1] "Chunk time = 21.148815870285"
[1] "Processing draws 6201 to 6300"
[1] "Chunk time = 21.1539721488953"
[1] "Processing draws 6301 to 6400"
[1] "Chunk time = 20.4315361976624"
[1] "Processing draws 6401 to 6500"
[1] "Chunk time = 20.1020407676697"
[1] "Processing draws 6501 to 6600"
[1] "Chunk time = 20.7407503128052"
[1] "Processing draws 6601 to 6700"
[1] "Chunk time = 20.8813128471375"
[1] "Processing draws 6701 to 6800"
[1] "Chunk time = 20.5453033447266"
[1] "Processing draws 6801 to 6900"
[1] "Chunk time = 21.1321995258331"
[1] "Processing draws 6901 to 7000"
[1] "Chunk time = 20.0680296421051"
[1] "Processing draws 7001 to 7100"
[1] "Chunk time = 21.5995709896088"
[1] "Processing draws 7101 to 7200"
[1] "Chunk time = 21.6841325759888"
[1] "Processing draws 7201 to 7300"
[1] "Chunk time = 19.7628376483917"
[1] "Processing draws 7301 to 7400"
[1] "Chunk time = 21.081823348999"
[1] "Processing draws 7401 to 7500"
[1] "Chunk time = 20.7949578762054"
[1] "Processing draws 7501 to 7600"
[1] "Chunk time = 21.904678106308"
[1] "Processing draws 7601 to 7700"
[1] "Chunk time = 21.4080789089203"
[1] "Processing draws 7701 to 7800"
[1] "Chunk time = 21.0741531848907"
[1] "Processing draws 7801 to 7900"
[1] "Chunk time = 20.7889497280121"
[1] "Processing draws 7901 to 8000"
[1] "Chunk time = 21.1483776569366"
[1] "Processing draws 8001 to 8100"
[1] "Chunk time = 19.883672952652"
[1] "Processing draws 8101 to 8200"
[1] "Chunk time = 21.4482200145721"
[1] "Processing draws 8201 to 8300"
[1] "Chunk time = 21.2790863513947"
[1] "Processing draws 8301 to 8400"
[1] "Chunk time = 21.1523811817169"
[1] "Processing draws 8401 to 8500"
[1] "Chunk time = 21.677093744278"
[1] "Processing draws 8501 to 8600"
[1] "Chunk time = 19.3581891059875"
[1] "Processing draws 8601 to 8700"
[1] "Chunk time = 21.4691700935364"
[1] "Processing draws 8701 to 8800"
[1] "Chunk time = 21.1366715431213"
[1] "Processing draws 8801 to 8900"
[1] "Chunk time = 21.3829975128174"
[1] "Processing draws 8901 to 9000"
[1] "Chunk time = 21.0821549892426"
[1] "Processing draws 9001 to 9100"
[1] "Chunk time = 21.4443633556366"
[1] "Processing draws 9101 to 9200"
[1] "Chunk time = 21.5085422992706"
[1] "Processing draws 9201 to 9300"
[1] "Chunk time = 21.1665427684784"
[1] "Processing draws 9301 to 9400"
[1] "Chunk time = 20.7279019355774"
[1] "Processing draws 9401 to 9500"
[1] "Chunk time = 21.7133378982544"
[1] "Processing draws 9501 to 9600"
[1] "Chunk time = 21.6188023090363"
[1] "Processing draws 9601 to 9700"
[1] "Chunk time = 21.5184497833252"
[1] "Processing draws 9701 to 9800"
[1] "Chunk time = 21.0758380889893"
[1] "Processing draws 9801 to 9900"
[1] "Chunk time = 22.0735116004944"
[1] "Processing draws 9901 to 10000"
[1] "Chunk time = 21.119579076767"
[1] "Processing draws 10001 to 10100"
[1] "Chunk time = 21.7108087539673"
[1] "Processing draws 10101 to 10200"
[1] "Chunk time = 20.8805842399597"
[1] "Processing draws 10201 to 10300"
[1] "Chunk time = 21.3421704769135"
[1] "Processing draws 10301 to 10400"
[1] "Chunk time = 21.5248637199402"
[1] "Processing draws 10401 to 10500"
[1] "Chunk time = 21.2778315544128"
[1] "Processing draws 10501 to 10600"
[1] "Chunk time = 20.7810938358307"
[1] "Processing draws 10601 to 10700"
[1] "Chunk time = 21.2060253620148"
[1] "Processing draws 10701 to 10800"
[1] "Chunk time = 21.4686787128448"
[1] "Processing draws 10801 to 10900"
[1] "Chunk time = 21.3276922702789"
[1] "Processing draws 10901 to 11000"
[1] "Chunk time = 21.2353751659393"
[1] "Processing draws 11001 to 11100"
[1] "Chunk time = 21.3627579212189"
[1] "Processing draws 11101 to 11200"
[1] "Chunk time = 21.4869284629822"
[1] "Processing draws 11201 to 11300"
[1] "Chunk time = 20.4435982704163"
[1] "Processing draws 11301 to 11400"
[1] "Chunk time = 21.9729895591736"
[1] "Processing draws 11401 to 11500"
[1] "Chunk time = 21.343738079071"
[1] "Processing draws 11501 to 11600"
[1] "Chunk time = 21.5038204193115"
[1] "Processing draws 11601 to 11700"
[1] "Chunk time = 20.4423134326935"
[1] "Processing draws 11701 to 11800"
[1] "Chunk time = 21.6470074653625"
[1] "Processing draws 11801 to 11900"
[1] "Chunk time = 20.6936771869659"
[1] "Processing draws 11901 to 12000"
[1] "Chunk time = 21.2544188499451"
[1] "Processing draws 12001 to 12100"
[1] "Chunk time = 21.4492702484131"
[1] "Processing draws 12101 to 12200"
[1] "Chunk time = 21.7363367080688"
[1] "Processing draws 12201 to 12300"
[1] "Chunk time = 21.0868165493011"
[1] "Processing draws 12301 to 12400"
[1] "Chunk time = 20.5699787139893"
[1] "Processing draws 12401 to 12500"
[1] "Chunk time = 21.2361085414886"
[1] "Processing draws 12501 to 12600"
[1] "Chunk time = 21.2088980674744"
[1] "Processing draws 12601 to 12700"
[1] "Chunk time = 20.8434195518494"
[1] "Processing draws 12701 to 12800"
[1] "Chunk time = 20.289918422699"
[1] "Processing draws 12801 to 12900"
[1] "Chunk time = 21.6351487636566"
[1] "Processing draws 12901 to 13000"
[1] "Chunk time = 21.4091503620148"
[1] "Processing draws 13001 to 13100"
[1] "Chunk time = 21.3088595867157"
[1] "Processing draws 13101 to 13200"
[1] "Chunk time = 21.1148202419281"
[1] "Processing draws 13201 to 13300"
[1] "Chunk time = 21.6591396331787"
[1] "Processing draws 13301 to 13400"
[1] "Chunk time = 21.2964358329773"
[1] "Processing draws 13401 to 13500"
[1] "Chunk time = 21.0069375038147"
[1] "Processing draws 13501 to 13600"
[1] "Chunk time = 21.2764914035797"
[1] "Processing draws 13601 to 13700"
[1] "Chunk time = 21.2174274921417"
[1] "Processing draws 13701 to 13800"
[1] "Chunk time = 21.2184081077576"
[1] "Processing draws 13801 to 13900"
[1] "Chunk time = 21.0849628448486"
[1] "Processing draws 13901 to 14000"
[1] "Chunk time = 21.2958264350891"
[1] "Processing draws 14001 to 14100"
[1] "Chunk time = 20.4007942676544"
[1] "Processing draws 14101 to 14200"
[1] "Chunk time = 21.5170192718506"
[1] "Processing draws 14201 to 14300"
[1] "Chunk time = 21.8547306060791"
[1] "Processing draws 14301 to 14400"
[1] "Chunk time = 21.1487965583801"
[1] "Processing draws 14401 to 14500"
[1] "Chunk time = 21.4194798469543"
[1] "Processing draws 14501 to 14600"
[1] "Chunk time = 22.0215716362"
[1] "Processing draws 14601 to 14700"
[1] "Chunk time = 21.3698143959045"
[1] "Processing draws 14701 to 14800"
[1] "Chunk time = 21.0516092777252"
[1] "Processing draws 14801 to 14900"
[1] "Chunk time = 21.8451538085938"
[1] "Processing draws 14901 to 15000"
[1] "Chunk time = 21.9727048873901"
[1] "Processing draws 15001 to 15100"
[1] "Chunk time = 21.6012284755707"
[1] "Processing draws 15101 to 15200"
[1] "Chunk time = 21.5447251796722"
[1] "Processing draws 15201 to 15300"
[1] "Chunk time = 21.652083158493"
[1] "Processing draws 15301 to 15400"
[1] "Chunk time = 21.4768793582916"
[1] "Processing draws 15401 to 15500"
[1] "Chunk time = 20.5445263385773"
[1] "Processing draws 15501 to 15600"
[1] "Chunk time = 21.4282720088959"
[1] "Processing draws 15601 to 15700"
[1] "Chunk time = 20.9835979938507"
[1] "Processing draws 15701 to 15800"
[1] "Chunk time = 21.2629144191742"
[1] "Processing draws 15801 to 15900"
[1] "Chunk time = 20.1934807300568"
[1] "Processing draws 15901 to 16000"
[1] "Chunk time = 20.8222386837006"
[1] "Processing draws 16001 to 16100"
[1] "Chunk time = 21.4085576534271"
[1] "Processing draws 16101 to 16200"
[1] "Chunk time = 22.3758089542389"
[1] "Processing draws 16201 to 16300"
[1] "Chunk time = 22.2501022815704"
[1] "Processing draws 16301 to 16400"
[1] "Chunk time = 22.4317102432251"
[1] "Processing draws 16401 to 16500"
[1] "Chunk time = 22.2663505077362"
[1] "Processing draws 16501 to 16600"
[1] "Chunk time = 21.4923841953278"
[1] "Processing draws 16601 to 16700"
[1] "Chunk time = 22.4483184814453"
[1] "Processing draws 16701 to 16800"
[1] "Chunk time = 22.6389043331146"
[1] "Processing draws 16801 to 16900"
[1] "Chunk time = 22.2795951366425"
[1] "Processing draws 16901 to 17000"
[1] "Chunk time = 21.7836816310883"
[1] "Processing draws 17001 to 17100"
[1] "Chunk time = 22.9949929714203"
[1] "Processing draws 17101 to 17200"
[1] "Chunk time = 22.9187009334564"
[1] "Processing draws 17201 to 17300"
[1] "Chunk time = 20.9999017715454"
[1] "Processing draws 17301 to 17400"
[1] "Chunk time = 21.0564742088318"
[1] "Processing draws 17401 to 17500"
[1] "Chunk time = 20.8028147220612"
[1] "Processing draws 17501 to 17600"
[1] "Chunk time = 21.9279205799103"
[1] "Processing draws 17601 to 17700"
[1] "Chunk time = 21.5057370662689"
[1] "Processing draws 17701 to 17800"
[1] "Chunk time = 21.1592617034912"
[1] "Processing draws 17801 to 17900"
[1] "Chunk time = 21.2837665081024"
[1] "Processing draws 17901 to 18000"
[1] "Chunk time = 21.5739710330963"
[1] "Processing draws 18001 to 18100"
[1] "Chunk time = 20.9006533622742"
[1] "Processing draws 18101 to 18200"
[1] "Chunk time = 21.170934677124"
[1] "Processing draws 18201 to 18300"
[1] "Chunk time = 20.867297410965"
[1] "Processing draws 18301 to 18400"
[1] "Chunk time = 21.6493873596191"
[1] "Processing draws 18401 to 18500"
[1] "Chunk time = 21.3249683380127"
[1] "Processing draws 18501 to 18600"
[1] "Chunk time = 21.2651908397675"
[1] "Processing draws 18601 to 18700"
[1] "Chunk time = 21.6572861671448"
[1] "Processing draws 18701 to 18800"
[1] "Chunk time = 22.1574013233185"
[1] "Processing draws 18801 to 18900"
[1] "Chunk time = 20.9277896881104"
[1] "Processing draws 18901 to 19000"
[1] "Chunk time = 21.1432030200958"
[1] "Processing draws 19001 to 19100"
[1] "Chunk time = 21.6107022762299"
[1] "Processing draws 19101 to 19200"
[1] "Chunk time = 22.0399231910706"
[1] "Processing draws 19201 to 19300"
[1] "Chunk time = 21.0025882720947"
[1] "Processing draws 19301 to 19400"
[1] "Chunk time = 20.6509442329407"
[1] "Processing draws 19401 to 19500"
[1] "Chunk time = 20.8973951339722"
[1] "Processing draws 19501 to 19600"
[1] "Chunk time = 20.2631735801697"
[1] "Processing draws 19601 to 19700"
[1] "Chunk time = 18.9022767543793"
[1] "Processing draws 19701 to 19800"
[1] "Chunk time = 20.7002012729645"
[1] "Processing draws 19801 to 19900"
[1] "Chunk time = 21.4456672668457"
[1] "Processing draws 19901 to 20000"
[1] "Chunk time = 21.6177127361298"
[1] "done lapplying"
[1] "Saving current params"
[1] "Saving params to output.rds"
[1] TRUE
