[1] "Starting sampling."
Running MCMC with 4 parallel chains, with 4 thread(s) per chain...

Chain 1 Iteration:    1 / 6000 [  0%]  (Warmup) 
Chain 2 Iteration:    1 / 6000 [  0%]  (Warmup) 
Chain 3 Iteration:    1 / 6000 [  0%]  (Warmup) 
Chain 4 Iteration:    1 / 6000 [  0%]  (Warmup) 
Chain 3 Iteration:  100 / 6000 [  1%]  (Warmup) 
Chain 2 Iteration:  100 / 6000 [  1%]  (Warmup) 
Chain 4 Iteration:  100 / 6000 [  1%]  (Warmup) 
Chain 1 Iteration:  100 / 6000 [  1%]  (Warmup) 
Chain 3 Iteration:  200 / 6000 [  3%]  (Warmup) 
Chain 2 Iteration:  200 / 6000 [  3%]  (Warmup) 
Chain 4 Iteration:  200 / 6000 [  3%]  (Warmup) 
Chain 1 Iteration:  200 / 6000 [  3%]  (Warmup) 
Chain 4 Iteration:  300 / 6000 [  5%]  (Warmup) 
Chain 3 Iteration:  300 / 6000 [  5%]  (Warmup) 
Chain 2 Iteration:  300 / 6000 [  5%]  (Warmup) 
Chain 4 Iteration:  400 / 6000 [  6%]  (Warmup) 
Chain 1 Iteration:  300 / 6000 [  5%]  (Warmup) 
Chain 4 Iteration:  500 / 6000 [  8%]  (Warmup) 
Chain 4 Iteration:  600 / 6000 [ 10%]  (Warmup) 
Chain 4 Iteration:  700 / 6000 [ 11%]  (Warmup) 
Chain 2 Iteration:  400 / 6000 [  6%]  (Warmup) 
Chain 4 Iteration:  800 / 6000 [ 13%]  (Warmup) 
Chain 4 Iteration:  900 / 6000 [ 15%]  (Warmup) 
Chain 3 Iteration:  400 / 6000 [  6%]  (Warmup) 
Chain 4 Iteration: 1000 / 6000 [ 16%]  (Warmup) 
Chain 4 Iteration: 1001 / 6000 [ 16%]  (Sampling) 
Chain 1 Iteration:  400 / 6000 [  6%]  (Warmup) 
Chain 2 Iteration:  500 / 6000 [  8%]  (Warmup) 
Chain 4 Iteration: 1100 / 6000 [ 18%]  (Sampling) 
Chain 4 Iteration: 1200 / 6000 [ 20%]  (Sampling) 
Chain 2 Iteration:  600 / 6000 [ 10%]  (Warmup) 
Chain 4 Iteration: 1300 / 6000 [ 21%]  (Sampling) 
Chain 1 Iteration:  500 / 6000 [  8%]  (Warmup) 
Chain 4 Iteration: 1400 / 6000 [ 23%]  (Sampling) 
Chain 2 Iteration:  700 / 6000 [ 11%]  (Warmup) 
Chain 3 Iteration:  500 / 6000 [  8%]  (Warmup) 
Chain 4 Iteration: 1500 / 6000 [ 25%]  (Sampling) 
Chain 2 Iteration:  800 / 6000 [ 13%]  (Warmup) 
Chain 1 Iteration:  600 / 6000 [ 10%]  (Warmup) 
Chain 4 Iteration: 1600 / 6000 [ 26%]  (Sampling) 
Chain 4 Iteration: 1700 / 6000 [ 28%]  (Sampling) 
Chain 2 Iteration:  900 / 6000 [ 15%]  (Warmup) 
Chain 1 Iteration:  700 / 6000 [ 11%]  (Warmup) 
Chain 4 Iteration: 1800 / 6000 [ 30%]  (Sampling) 
Chain 2 Iteration: 1000 / 6000 [ 16%]  (Warmup) 
Chain 3 Iteration:  600 / 6000 [ 10%]  (Warmup) 
Chain 2 Iteration: 1001 / 6000 [ 16%]  (Sampling) 
Chain 1 Iteration:  800 / 6000 [ 13%]  (Warmup) 
Chain 4 Iteration: 1900 / 6000 [ 31%]  (Sampling) 
Chain 2 Iteration: 1100 / 6000 [ 18%]  (Sampling) 
Chain 4 Iteration: 2000 / 6000 [ 33%]  (Sampling) 
Chain 2 Iteration: 1200 / 6000 [ 20%]  (Sampling) 
Chain 1 Iteration:  900 / 6000 [ 15%]  (Warmup) 
Chain 4 Iteration: 2100 / 6000 [ 35%]  (Sampling) 
Chain 2 Iteration: 1300 / 6000 [ 21%]  (Sampling) 
Chain 3 Iteration:  700 / 6000 [ 11%]  (Warmup) 
Chain 1 Iteration: 1000 / 6000 [ 16%]  (Warmup) 
Chain 1 Iteration: 1001 / 6000 [ 16%]  (Sampling) 
Chain 4 Iteration: 2200 / 6000 [ 36%]  (Sampling) 
Chain 2 Iteration: 1400 / 6000 [ 23%]  (Sampling) 
Chain 1 Iteration: 1100 / 6000 [ 18%]  (Sampling) 
Chain 4 Iteration: 2300 / 6000 [ 38%]  (Sampling) 
Chain 2 Iteration: 1500 / 6000 [ 25%]  (Sampling) 
Chain 4 Iteration: 2400 / 6000 [ 40%]  (Sampling) 
Chain 1 Iteration: 1200 / 6000 [ 20%]  (Sampling) 
Chain 2 Iteration: 1600 / 6000 [ 26%]  (Sampling) 
Chain 4 Iteration: 2500 / 6000 [ 41%]  (Sampling) 
Chain 1 Iteration: 1300 / 6000 [ 21%]  (Sampling) 
Chain 3 Iteration:  800 / 6000 [ 13%]  (Warmup) 
Chain 2 Iteration: 1700 / 6000 [ 28%]  (Sampling) 
Chain 4 Iteration: 2600 / 6000 [ 43%]  (Sampling) 
Chain 1 Iteration: 1400 / 6000 [ 23%]  (Sampling) 
Chain 2 Iteration: 1800 / 6000 [ 30%]  (Sampling) 
Chain 1 Iteration: 1500 / 6000 [ 25%]  (Sampling) 
Chain 4 Iteration: 2700 / 6000 [ 45%]  (Sampling) 
Chain 2 Iteration: 1900 / 6000 [ 31%]  (Sampling) 
Chain 1 Iteration: 1600 / 6000 [ 26%]  (Sampling) 
Chain 4 Iteration: 2800 / 6000 [ 46%]  (Sampling) 
Chain 3 Iteration:  900 / 6000 [ 15%]  (Warmup) 
Chain 2 Iteration: 2000 / 6000 [ 33%]  (Sampling) 
Chain 1 Iteration: 1700 / 6000 [ 28%]  (Sampling) 
Chain 4 Iteration: 2900 / 6000 [ 48%]  (Sampling) 
Chain 2 Iteration: 2100 / 6000 [ 35%]  (Sampling) 
Chain 1 Iteration: 1800 / 6000 [ 30%]  (Sampling) 
Chain 4 Iteration: 3000 / 6000 [ 50%]  (Sampling) 
Chain 3 Iteration: 1000 / 6000 [ 16%]  (Warmup) 
Chain 3 Iteration: 1001 / 6000 [ 16%]  (Sampling) 
Chain 2 Iteration: 2200 / 6000 [ 36%]  (Sampling) 
Chain 3 Iteration: 1100 / 6000 [ 18%]  (Sampling) 
Chain 1 Iteration: 1900 / 6000 [ 31%]  (Sampling) 
Chain 4 Iteration: 3100 / 6000 [ 51%]  (Sampling) 
Chain 2 Iteration: 2300 / 6000 [ 38%]  (Sampling) 
Chain 3 Iteration: 1200 / 6000 [ 20%]  (Sampling) 
Chain 1 Iteration: 2000 / 6000 [ 33%]  (Sampling) 
Chain 4 Iteration: 3200 / 6000 [ 53%]  (Sampling) 
Chain 2 Iteration: 2400 / 6000 [ 40%]  (Sampling) 
Chain 3 Iteration: 1300 / 6000 [ 21%]  (Sampling) 
Chain 1 Iteration: 2100 / 6000 [ 35%]  (Sampling) 
Chain 4 Iteration: 3300 / 6000 [ 55%]  (Sampling) 
Chain 2 Iteration: 2500 / 6000 [ 41%]  (Sampling) 
Chain 3 Iteration: 1400 / 6000 [ 23%]  (Sampling) 
Chain 1 Iteration: 2200 / 6000 [ 36%]  (Sampling) 
Chain 2 Iteration: 2600 / 6000 [ 43%]  (Sampling) 
Chain 4 Iteration: 3400 / 6000 [ 56%]  (Sampling) 
Chain 3 Iteration: 1500 / 6000 [ 25%]  (Sampling) 
Chain 3 Iteration: 1600 / 6000 [ 26%]  (Sampling) 
Chain 1 Iteration: 2300 / 6000 [ 38%]  (Sampling) 
Chain 2 Iteration: 2700 / 6000 [ 45%]  (Sampling) 
Chain 4 Iteration: 3500 / 6000 [ 58%]  (Sampling) 
Chain 3 Iteration: 1700 / 6000 [ 28%]  (Sampling) 
Chain 1 Iteration: 2400 / 6000 [ 40%]  (Sampling) 
Chain 2 Iteration: 2800 / 6000 [ 46%]  (Sampling) 
Chain 4 Iteration: 3600 / 6000 [ 60%]  (Sampling) 
Chain 3 Iteration: 1800 / 6000 [ 30%]  (Sampling) 
Chain 1 Iteration: 2500 / 6000 [ 41%]  (Sampling) 
Chain 2 Iteration: 2900 / 6000 [ 48%]  (Sampling) 
Chain 4 Iteration: 3700 / 6000 [ 61%]  (Sampling) 
Chain 3 Iteration: 1900 / 6000 [ 31%]  (Sampling) 
Chain 2 Iteration: 3000 / 6000 [ 50%]  (Sampling) 
Chain 1 Iteration: 2600 / 6000 [ 43%]  (Sampling) 
Chain 4 Iteration: 3800 / 6000 [ 63%]  (Sampling) 
Chain 3 Iteration: 2000 / 6000 [ 33%]  (Sampling) 
Chain 2 Iteration: 3100 / 6000 [ 51%]  (Sampling) 
Chain 1 Iteration: 2700 / 6000 [ 45%]  (Sampling) 
Chain 4 Iteration: 3900 / 6000 [ 65%]  (Sampling) 
Chain 3 Iteration: 2100 / 6000 [ 35%]  (Sampling) 
Chain 3 Iteration: 2200 / 6000 [ 36%]  (Sampling) 
Chain 2 Iteration: 3200 / 6000 [ 53%]  (Sampling) 
Chain 1 Iteration: 2800 / 6000 [ 46%]  (Sampling) 
Chain 4 Iteration: 4000 / 6000 [ 66%]  (Sampling) 
Chain 3 Iteration: 2300 / 6000 [ 38%]  (Sampling) 
Chain 2 Iteration: 3300 / 6000 [ 55%]  (Sampling) 
Chain 1 Iteration: 2900 / 6000 [ 48%]  (Sampling) 
Chain 4 Iteration: 4100 / 6000 [ 68%]  (Sampling) 
Chain 3 Iteration: 2400 / 6000 [ 40%]  (Sampling) 
Chain 2 Iteration: 3400 / 6000 [ 56%]  (Sampling) 
Chain 1 Iteration: 3000 / 6000 [ 50%]  (Sampling) 
Chain 4 Iteration: 4200 / 6000 [ 70%]  (Sampling) 
Chain 3 Iteration: 2500 / 6000 [ 41%]  (Sampling) 
Chain 2 Iteration: 3500 / 6000 [ 58%]  (Sampling) 
Chain 1 Iteration: 3100 / 6000 [ 51%]  (Sampling) 
Chain 4 Iteration: 4300 / 6000 [ 71%]  (Sampling) 
Chain 3 Iteration: 2600 / 6000 [ 43%]  (Sampling) 
Chain 2 Iteration: 3600 / 6000 [ 60%]  (Sampling) 
Chain 1 Iteration: 3200 / 6000 [ 53%]  (Sampling) 
Chain 3 Iteration: 2700 / 6000 [ 45%]  (Sampling) 
Chain 4 Iteration: 4400 / 6000 [ 73%]  (Sampling) 
Chain 2 Iteration: 3700 / 6000 [ 61%]  (Sampling) 
Chain 1 Iteration: 3300 / 6000 [ 55%]  (Sampling) 
Chain 3 Iteration: 2800 / 6000 [ 46%]  (Sampling) 
Chain 4 Iteration: 4500 / 6000 [ 75%]  (Sampling) 
Chain 2 Iteration: 3800 / 6000 [ 63%]  (Sampling) 
Chain 3 Iteration: 2900 / 6000 [ 48%]  (Sampling) 
Chain 1 Iteration: 3400 / 6000 [ 56%]  (Sampling) 
Chain 4 Iteration: 4600 / 6000 [ 76%]  (Sampling) 
Chain 3 Iteration: 3000 / 6000 [ 50%]  (Sampling) 
Chain 2 Iteration: 3900 / 6000 [ 65%]  (Sampling) 
Chain 1 Iteration: 3500 / 6000 [ 58%]  (Sampling) 
Chain 4 Iteration: 4700 / 6000 [ 78%]  (Sampling) 
Chain 3 Iteration: 3100 / 6000 [ 51%]  (Sampling) 
Chain 2 Iteration: 4000 / 6000 [ 66%]  (Sampling) 
Chain 1 Iteration: 3600 / 6000 [ 60%]  (Sampling) 
Chain 4 Iteration: 4800 / 6000 [ 80%]  (Sampling) 
Chain 3 Iteration: 3200 / 6000 [ 53%]  (Sampling) 
Chain 2 Iteration: 4100 / 6000 [ 68%]  (Sampling) 
Chain 1 Iteration: 3700 / 6000 [ 61%]  (Sampling) 
Chain 3 Iteration: 3300 / 6000 [ 55%]  (Sampling) 
Chain 4 Iteration: 4900 / 6000 [ 81%]  (Sampling) 
Chain 2 Iteration: 4200 / 6000 [ 70%]  (Sampling) 
Chain 3 Iteration: 3400 / 6000 [ 56%]  (Sampling) 
Chain 1 Iteration: 3800 / 6000 [ 63%]  (Sampling) 
Chain 4 Iteration: 5000 / 6000 [ 83%]  (Sampling) 
Chain 3 Iteration: 3500 / 6000 [ 58%]  (Sampling) 
Chain 2 Iteration: 4300 / 6000 [ 71%]  (Sampling) 
Chain 1 Iteration: 3900 / 6000 [ 65%]  (Sampling) 
Chain 4 Iteration: 5100 / 6000 [ 85%]  (Sampling) 
Chain 3 Iteration: 3600 / 6000 [ 60%]  (Sampling) 
Chain 2 Iteration: 4400 / 6000 [ 73%]  (Sampling) 
Chain 1 Iteration: 4000 / 6000 [ 66%]  (Sampling) 
Chain 4 Iteration: 5200 / 6000 [ 86%]  (Sampling) 
Chain 3 Iteration: 3700 / 6000 [ 61%]  (Sampling) 
Chain 2 Iteration: 4500 / 6000 [ 75%]  (Sampling) 
Chain 1 Iteration: 4100 / 6000 [ 68%]  (Sampling) 
Chain 3 Iteration: 3800 / 6000 [ 63%]  (Sampling) 
Chain 4 Iteration: 5300 / 6000 [ 88%]  (Sampling) 
Chain 2 Iteration: 4600 / 6000 [ 76%]  (Sampling) 
Chain 3 Iteration: 3900 / 6000 [ 65%]  (Sampling) 
Chain 1 Iteration: 4200 / 6000 [ 70%]  (Sampling) 
Chain 4 Iteration: 5400 / 6000 [ 90%]  (Sampling) 
Chain 2 Iteration: 4700 / 6000 [ 78%]  (Sampling) 
Chain 3 Iteration: 4000 / 6000 [ 66%]  (Sampling) 
Chain 1 Iteration: 4300 / 6000 [ 71%]  (Sampling) 
Chain 4 Iteration: 5500 / 6000 [ 91%]  (Sampling) 
Chain 3 Iteration: 4100 / 6000 [ 68%]  (Sampling) 
Chain 2 Iteration: 4800 / 6000 [ 80%]  (Sampling) 
Chain 1 Iteration: 4400 / 6000 [ 73%]  (Sampling) 
Chain 4 Iteration: 5600 / 6000 [ 93%]  (Sampling) 
Chain 3 Iteration: 4200 / 6000 [ 70%]  (Sampling) 
Chain 2 Iteration: 4900 / 6000 [ 81%]  (Sampling) 
Chain 1 Iteration: 4500 / 6000 [ 75%]  (Sampling) 
Chain 3 Iteration: 4300 / 6000 [ 71%]  (Sampling) 
Chain 4 Iteration: 5700 / 6000 [ 95%]  (Sampling) 
Chain 2 Iteration: 5000 / 6000 [ 83%]  (Sampling) 
Chain 3 Iteration: 4400 / 6000 [ 73%]  (Sampling) 
Chain 1 Iteration: 4600 / 6000 [ 76%]  (Sampling) 
Chain 4 Iteration: 5800 / 6000 [ 96%]  (Sampling) 
Chain 2 Iteration: 5100 / 6000 [ 85%]  (Sampling) 
Chain 3 Iteration: 4500 / 6000 [ 75%]  (Sampling) 
Chain 1 Iteration: 4700 / 6000 [ 78%]  (Sampling) 
Chain 4 Iteration: 5900 / 6000 [ 98%]  (Sampling) 
Chain 3 Iteration: 4600 / 6000 [ 76%]  (Sampling) 
Chain 2 Iteration: 5200 / 6000 [ 86%]  (Sampling) 
Chain 1 Iteration: 4800 / 6000 [ 80%]  (Sampling) 
Chain 4 Iteration: 6000 / 6000 [100%]  (Sampling) 
Chain 4 finished in 1415.9 seconds.
Chain 3 Iteration: 4700 / 6000 [ 78%]  (Sampling) 
Chain 2 Iteration: 5300 / 6000 [ 88%]  (Sampling) 
Chain 1 Iteration: 4900 / 6000 [ 81%]  (Sampling) 
Chain 3 Iteration: 4800 / 6000 [ 80%]  (Sampling) 
Chain 2 Iteration: 5400 / 6000 [ 90%]  (Sampling) 
Chain 1 Iteration: 5000 / 6000 [ 83%]  (Sampling) 
Chain 3 Iteration: 4900 / 6000 [ 81%]  (Sampling) 
Chain 2 Iteration: 5500 / 6000 [ 91%]  (Sampling) 
Chain 3 Iteration: 5000 / 6000 [ 83%]  (Sampling) 
Chain 1 Iteration: 5100 / 6000 [ 85%]  (Sampling) 
Chain 2 Iteration: 5600 / 6000 [ 93%]  (Sampling) 
Chain 3 Iteration: 5100 / 6000 [ 85%]  (Sampling) 
Chain 1 Iteration: 5200 / 6000 [ 86%]  (Sampling) 
Chain 2 Iteration: 5700 / 6000 [ 95%]  (Sampling) 
Chain 3 Iteration: 5200 / 6000 [ 86%]  (Sampling) 
Chain 1 Iteration: 5300 / 6000 [ 88%]  (Sampling) 
Chain 2 Iteration: 5800 / 6000 [ 96%]  (Sampling) 
Chain 3 Iteration: 5300 / 6000 [ 88%]  (Sampling) 
Chain 1 Iteration: 5400 / 6000 [ 90%]  (Sampling) 
Chain 3 Iteration: 5400 / 6000 [ 90%]  (Sampling) 
Chain 2 Iteration: 5900 / 6000 [ 98%]  (Sampling) 
Chain 1 Iteration: 5500 / 6000 [ 91%]  (Sampling) 
Chain 3 Iteration: 5500 / 6000 [ 91%]  (Sampling) 
Chain 2 Iteration: 6000 / 6000 [100%]  (Sampling) 
Chain 2 finished in 1530.8 seconds.
Chain 1 Iteration: 5600 / 6000 [ 93%]  (Sampling) 
Chain 3 Iteration: 5600 / 6000 [ 93%]  (Sampling) 
Chain 1 Iteration: 5700 / 6000 [ 95%]  (Sampling) 
Chain 3 Iteration: 5700 / 6000 [ 95%]  (Sampling) 
Chain 1 Iteration: 5800 / 6000 [ 96%]  (Sampling) 
Chain 3 Iteration: 5800 / 6000 [ 96%]  (Sampling) 
Chain 1 Iteration: 5900 / 6000 [ 98%]  (Sampling) 
Chain 3 Iteration: 5900 / 6000 [ 98%]  (Sampling) 
Chain 1 Iteration: 6000 / 6000 [100%]  (Sampling) 
Chain 1 finished in 1596.2 seconds.
Chain 3 Iteration: 6000 / 6000 [100%]  (Sampling) 
Chain 3 finished in 1598.0 seconds.

All 4 chains finished successfully.
Mean chain execution time: 1535.2 seconds.
Total execution time: 1598.2 seconds.

[1] "Processing draws 1 to 100"
[1] "Chunk time = 47.6255676746368"
[1] "Processing draws 101 to 200"
[1] "Chunk time = 13.3481709957123"
[1] "Processing draws 201 to 300"
[1] "Chunk time = 15.1565606594086"
[1] "Processing draws 301 to 400"
[1] "Chunk time = 15.2700181007385"
[1] "Processing draws 401 to 500"
[1] "Chunk time = 15.1429615020752"
[1] "Processing draws 501 to 600"
[1] "Chunk time = 14.8030676841736"
[1] "Processing draws 601 to 700"
[1] "Chunk time = 19.5986762046814"
[1] "Processing draws 701 to 800"
[1] "Chunk time = 15.6825768947601"
[1] "Processing draws 801 to 900"
[1] "Chunk time = 15.5442931652069"
[1] "Processing draws 901 to 1000"
[1] "Chunk time = 15.5751867294312"
[1] "Processing draws 1001 to 1100"
[1] "Chunk time = 15.6053802967072"
[1] "Processing draws 1101 to 1200"
[1] "Chunk time = 15.4848077297211"
[1] "Processing draws 1201 to 1300"
[1] "Chunk time = 15.3658335208893"
[1] "Processing draws 1301 to 1400"
[1] "Chunk time = 15.9891548156738"
[1] "Processing draws 1401 to 1500"
[1] "Chunk time = 15.6406979560852"
[1] "Processing draws 1501 to 1600"
[1] "Chunk time = 15.6210052967072"
[1] "Processing draws 1601 to 1700"
[1] "Chunk time = 15.7049517631531"
[1] "Processing draws 1701 to 1800"
[1] "Chunk time = 15.6896328926086"
[1] "Processing draws 1801 to 1900"
[1] "Chunk time = 15.5391607284546"
[1] "Processing draws 1901 to 2000"
[1] "Chunk time = 15.7458770275116"
[1] "Processing draws 2001 to 2100"
[1] "Chunk time = 15.6294391155243"
[1] "Processing draws 2101 to 2200"
[1] "Chunk time = 20.464124917984"
[1] "Processing draws 2201 to 2300"
[1] "Chunk time = 20.1292576789856"
[1] "Processing draws 2301 to 2400"
[1] "Chunk time = 17.6015038490295"
[1] "Processing draws 2401 to 2500"
[1] "Chunk time = 15.3779807090759"
[1] "Processing draws 2501 to 2600"
[1] "Chunk time = 14.4305937290192"
[1] "Processing draws 2601 to 2700"
[1] "Chunk time = 14.7236571311951"
[1] "Processing draws 2701 to 2800"
[1] "Chunk time = 16.1866312026978"
[1] "Processing draws 2801 to 2900"
[1] "Chunk time = 15.5973989963531"
[1] "Processing draws 2901 to 3000"
[1] "Chunk time = 20.153736114502"
[1] "Processing draws 3001 to 3100"
[1] "Chunk time = 20.3843805789948"
[1] "Processing draws 3101 to 3200"
[1] "Chunk time = 19.9596207141876"
[1] "Processing draws 3201 to 3300"
[1] "Chunk time = 20.0858752727509"
[1] "Processing draws 3301 to 3400"
[1] "Chunk time = 20.9692952632904"
[1] "Processing draws 3401 to 3500"
[1] "Chunk time = 19.929652929306"
[1] "Processing draws 3501 to 3600"
[1] "Chunk time = 19.4548106193542"
[1] "Processing draws 3601 to 3700"
[1] "Chunk time = 20.5746326446533"
[1] "Processing draws 3701 to 3800"
[1] "Chunk time = 20.1092340946198"
[1] "Processing draws 3801 to 3900"
[1] "Chunk time = 20.174427986145"
[1] "Processing draws 3901 to 4000"
[1] "Chunk time = 19.341849565506"
[1] "Processing draws 4001 to 4100"
[1] "Chunk time = 17.6609199047089"
[1] "Processing draws 4101 to 4200"
[1] "Chunk time = 18.4899706840515"
[1] "Processing draws 4201 to 4300"
[1] "Chunk time = 19.3591301441193"
[1] "Processing draws 4301 to 4400"
[1] "Chunk time = 20.7108166217804"
[1] "Processing draws 4401 to 4500"
[1] "Chunk time = 19.8691310882568"
[1] "Processing draws 4501 to 4600"
[1] "Chunk time = 20.7617719173431"
[1] "Processing draws 4601 to 4700"
[1] "Chunk time = 19.1882703304291"
[1] "Processing draws 4701 to 4800"
[1] "Chunk time = 19.060476064682"
[1] "Processing draws 4801 to 4900"
[1] "Chunk time = 14.3996963500977"
[1] "Processing draws 4901 to 5000"
[1] "Chunk time = 14.2531845569611"
[1] "Processing draws 5001 to 5100"
[1] "Chunk time = 15.962512254715"
[1] "Processing draws 5101 to 5200"
[1] "Chunk time = 15.0763647556305"
[1] "Processing draws 5201 to 5300"
[1] "Chunk time = 19.8800241947174"
[1] "Processing draws 5301 to 5400"
[1] "Chunk time = 20.068856716156"
[1] "Processing draws 5401 to 5500"
[1] "Chunk time = 14.5695109367371"
[1] "Processing draws 5501 to 5600"
[1] "Chunk time = 14.1185629367828"
[1] "Processing draws 5601 to 5700"
[1] "Chunk time = 14.9572868347168"
[1] "Processing draws 5701 to 5800"
[1] "Chunk time = 14.5899569988251"
[1] "Processing draws 5801 to 5900"
[1] "Chunk time = 14.7722947597504"
[1] "Processing draws 5901 to 6000"
[1] "Chunk time = 14.4264962673187"
[1] "Processing draws 6001 to 6100"
[1] "Chunk time = 14.2817225456238"
[1] "Processing draws 6101 to 6200"
[1] "Chunk time = 14.2234795093536"
[1] "Processing draws 6201 to 6300"
[1] "Chunk time = 16.7288684844971"
[1] "Processing draws 6301 to 6400"
[1] "Chunk time = 15.1639142036438"
[1] "Processing draws 6401 to 6500"
[1] "Chunk time = 14.5944595336914"
[1] "Processing draws 6501 to 6600"
[1] "Chunk time = 14.905308008194"
[1] "Processing draws 6601 to 6700"
[1] "Chunk time = 14.9475402832031"
[1] "Processing draws 6701 to 6800"
[1] "Chunk time = 17.729095697403"
[1] "Processing draws 6801 to 6900"
[1] "Chunk time = 15.3020262718201"
[1] "Processing draws 6901 to 7000"
[1] "Chunk time = 14.1537680625916"
[1] "Processing draws 7001 to 7100"
[1] "Chunk time = 14.6248977184296"
[1] "Processing draws 7101 to 7200"
[1] "Chunk time = 14.7133824825287"
[1] "Processing draws 7201 to 7300"
[1] "Chunk time = 14.3695321083069"
[1] "Processing draws 7301 to 7400"
[1] "Chunk time = 14.0467925071716"
[1] "Processing draws 7401 to 7500"
[1] "Chunk time = 14.4409415721893"
[1] "Processing draws 7501 to 7600"
[1] "Chunk time = 14.0887258052826"
[1] "Processing draws 7601 to 7700"
[1] "Chunk time = 14.2823448181152"
[1] "Processing draws 7701 to 7800"
[1] "Chunk time = 13.9683470726013"
[1] "Processing draws 7801 to 7900"
[1] "Chunk time = 14.3264131546021"
[1] "Processing draws 7901 to 8000"
[1] "Chunk time = 14.5041084289551"
[1] "Processing draws 8001 to 8100"
[1] "Chunk time = 14.2273809909821"
[1] "Processing draws 8101 to 8200"
[1] "Chunk time = 14.3317964076996"
[1] "Processing draws 8201 to 8300"
[1] "Chunk time = 14.3566966056824"
[1] "Processing draws 8301 to 8400"
[1] "Chunk time = 13.9886810779572"
[1] "Processing draws 8401 to 8500"
[1] "Chunk time = 12.9577839374542"
[1] "Processing draws 8501 to 8600"
[1] "Chunk time = 12.4922070503235"
[1] "Processing draws 8601 to 8700"
[1] "Chunk time = 12.6484076976776"
[1] "Processing draws 8701 to 8800"
[1] "Chunk time = 12.5377087593079"
[1] "Processing draws 8801 to 8900"
[1] "Chunk time = 12.8090808391571"
[1] "Processing draws 8901 to 9000"
[1] "Chunk time = 13.0847201347351"
[1] "Processing draws 9001 to 9100"
[1] "Chunk time = 12.6970970630646"
[1] "Processing draws 9101 to 9200"
[1] "Chunk time = 12.8047451972961"
[1] "Processing draws 9201 to 9300"
[1] "Chunk time = 12.9972913265228"
[1] "Processing draws 9301 to 9400"
[1] "Chunk time = 12.6407315731049"
[1] "Processing draws 9401 to 9500"
[1] "Chunk time = 13.3401899337769"
[1] "Processing draws 9501 to 9600"
[1] "Chunk time = 12.8047227859497"
[1] "Processing draws 9601 to 9700"
[1] "Chunk time = 12.9944994449615"
[1] "Processing draws 9701 to 9800"
[1] "Chunk time = 13.2489945888519"
[1] "Processing draws 9801 to 9900"
[1] "Chunk time = 12.9905114173889"
[1] "Processing draws 9901 to 10000"
[1] "Chunk time = 12.7039241790771"
[1] "Processing draws 10001 to 10100"
[1] "Chunk time = 12.9769294261932"
[1] "Processing draws 10101 to 10200"
[1] "Chunk time = 12.4929580688477"
[1] "Processing draws 10201 to 10300"
[1] "Chunk time = 12.8634250164032"
[1] "Processing draws 10301 to 10400"
[1] "Chunk time = 13.2004704475403"
[1] "Processing draws 10401 to 10500"
[1] "Chunk time = 12.5352869033813"
[1] "Processing draws 10501 to 10600"
[1] "Chunk time = 12.855327129364"
[1] "Processing draws 10601 to 10700"
[1] "Chunk time = 12.9633364677429"
[1] "Processing draws 10701 to 10800"
[1] "Chunk time = 12.8417479991913"
[1] "Processing draws 10801 to 10900"
[1] "Chunk time = 13.2070348262787"
[1] "Processing draws 10901 to 11000"
[1] "Chunk time = 12.9234454631805"
[1] "Processing draws 11001 to 11100"
[1] "Chunk time = 12.5619180202484"
[1] "Processing draws 11101 to 11200"
[1] "Chunk time = 12.9723267555237"
[1] "Processing draws 11201 to 11300"
[1] "Chunk time = 13.1491725444794"
[1] "Processing draws 11301 to 11400"
[1] "Chunk time = 12.8257985115051"
[1] "Processing draws 11401 to 11500"
[1] "Chunk time = 12.847608089447"
[1] "Processing draws 11501 to 11600"
[1] "Chunk time = 12.7552473545074"
[1] "Processing draws 11601 to 11700"
[1] "Chunk time = 12.8021755218506"
[1] "Processing draws 11701 to 11800"
[1] "Chunk time = 12.9815258979797"
[1] "Processing draws 11801 to 11900"
[1] "Chunk time = 12.9199502468109"
[1] "Processing draws 11901 to 12000"
[1] "Chunk time = 13.3266549110413"
[1] "Processing draws 12001 to 12100"
[1] "Chunk time = 13.12526512146"
[1] "Processing draws 12101 to 12200"
[1] "Chunk time = 13.0808160305023"
[1] "Processing draws 12201 to 12300"
[1] "Chunk time = 13.1002962589264"
[1] "Processing draws 12301 to 12400"
[1] "Chunk time = 13.2595541477203"
[1] "Processing draws 12401 to 12500"
[1] "Chunk time = 13.4383845329285"
[1] "Processing draws 12501 to 12600"
[1] "Chunk time = 13.2966690063477"
[1] "Processing draws 12601 to 12700"
[1] "Chunk time = 13.0218605995178"
[1] "Processing draws 12701 to 12800"
[1] "Chunk time = 12.8708484172821"
[1] "Processing draws 12801 to 12900"
[1] "Chunk time = 12.9554364681244"
[1] "Processing draws 12901 to 13000"
[1] "Chunk time = 13.0285537242889"
[1] "Processing draws 13001 to 13100"
[1] "Chunk time = 12.760555267334"
[1] "Processing draws 13101 to 13200"
[1] "Chunk time = 13.4200859069824"
[1] "Processing draws 13201 to 13300"
[1] "Chunk time = 13.0815379619598"
[1] "Processing draws 13301 to 13400"
[1] "Chunk time = 13.2687971591949"
[1] "Processing draws 13401 to 13500"
[1] "Chunk time = 13.5426070690155"
[1] "Processing draws 13501 to 13600"
[1] "Chunk time = 13.2102031707764"
[1] "Processing draws 13601 to 13700"
[1] "Chunk time = 13.5147390365601"
[1] "Processing draws 13701 to 13800"
[1] "Chunk time = 13.2469391822815"
[1] "Processing draws 13801 to 13900"
[1] "Chunk time = 13.4541771411896"
[1] "Processing draws 13901 to 14000"
[1] "Chunk time = 13.0405497550964"
[1] "Processing draws 14001 to 14100"
[1] "Chunk time = 13.5608897209167"
[1] "Processing draws 14101 to 14200"
[1] "Chunk time = 12.7116184234619"
[1] "Processing draws 14201 to 14300"
[1] "Chunk time = 13.0738015174866"
[1] "Processing draws 14301 to 14400"
[1] "Chunk time = 13.19158411026"
[1] "Processing draws 14401 to 14500"
[1] "Chunk time = 13.3942029476166"
[1] "Processing draws 14501 to 14600"
[1] "Chunk time = 13.1570630073547"
[1] "Processing draws 14601 to 14700"
[1] "Chunk time = 13.5131928920746"
[1] "Processing draws 14701 to 14800"
[1] "Chunk time = 13.1364514827728"
[1] "Processing draws 14801 to 14900"
[1] "Chunk time = 13.5234160423279"
[1] "Processing draws 14901 to 15000"
[1] "Chunk time = 13.0108606815338"
[1] "Processing draws 15001 to 15100"
[1] "Chunk time = 12.9440109729767"
[1] "Processing draws 15101 to 15200"
[1] "Chunk time = 12.9548261165619"
[1] "Processing draws 15201 to 15300"
[1] "Chunk time = 12.59326171875"
[1] "Processing draws 15301 to 15400"
[1] "Chunk time = 12.6154766082764"
[1] "Processing draws 15401 to 15500"
[1] "Chunk time = 13.0387926101685"
[1] "Processing draws 15501 to 15600"
[1] "Chunk time = 13.6237652301788"
[1] "Processing draws 15601 to 15700"
[1] "Chunk time = 13.6587707996368"
[1] "Processing draws 15701 to 15800"
[1] "Chunk time = 13.2271463871002"
[1] "Processing draws 15801 to 15900"
[1] "Chunk time = 12.8589205741882"
[1] "Processing draws 15901 to 16000"
[1] "Chunk time = 13.1658451557159"
[1] "Processing draws 16001 to 16100"
[1] "Chunk time = 13.4842205047607"
[1] "Processing draws 16101 to 16200"
[1] "Chunk time = 13.5073020458221"
[1] "Processing draws 16201 to 16300"
[1] "Chunk time = 13.5599610805511"
[1] "Processing draws 16301 to 16400"
[1] "Chunk time = 13.4301211833954"
[1] "Processing draws 16401 to 16500"
[1] "Chunk time = 12.949681520462"
[1] "Processing draws 16501 to 16600"
[1] "Chunk time = 13.7024462223053"
[1] "Processing draws 16601 to 16700"
[1] "Chunk time = 12.7914969921112"
[1] "Processing draws 16701 to 16800"
[1] "Chunk time = 12.900997877121"
[1] "Processing draws 16801 to 16900"
[1] "Chunk time = 13.4556102752686"
[1] "Processing draws 16901 to 17000"
[1] "Chunk time = 12.9594798088074"
[1] "Processing draws 17001 to 17100"
[1] "Chunk time = 13.1373107433319"
[1] "Processing draws 17101 to 17200"
[1] "Chunk time = 13.0377373695374"
[1] "Processing draws 17201 to 17300"
[1] "Chunk time = 12.8022661209106"
[1] "Processing draws 17301 to 17400"
[1] "Chunk time = 12.8306953907013"
[1] "Processing draws 17401 to 17500"
[1] "Chunk time = 13.2705683708191"
[1] "Processing draws 17501 to 17600"
[1] "Chunk time = 12.8858716487885"
[1] "Processing draws 17601 to 17700"
[1] "Chunk time = 12.7837150096893"
[1] "Processing draws 17701 to 17800"
[1] "Chunk time = 13.4690628051758"
[1] "Processing draws 17801 to 17900"
[1] "Chunk time = 13.3831808567047"
[1] "Processing draws 17901 to 18000"
[1] "Chunk time = 13.8379714488983"
[1] "Processing draws 18001 to 18100"
[1] "Chunk time = 13.8473970890045"
[1] "Processing draws 18101 to 18200"
[1] "Chunk time = 13.8330645561218"
[1] "Processing draws 18201 to 18300"
[1] "Chunk time = 13.6206414699554"
[1] "Processing draws 18301 to 18400"
[1] "Chunk time = 13.0277757644653"
[1] "Processing draws 18401 to 18500"
[1] "Chunk time = 13.4151146411896"
[1] "Processing draws 18501 to 18600"
[1] "Chunk time = 13.4205086231232"
[1] "Processing draws 18601 to 18700"
[1] "Chunk time = 13.6033806800842"
[1] "Processing draws 18701 to 18800"
[1] "Chunk time = 13.7546815872192"
[1] "Processing draws 18801 to 18900"
[1] "Chunk time = 13.6118531227112"
[1] "Processing draws 18901 to 19000"
[1] "Chunk time = 13.7749075889587"
[1] "Processing draws 19001 to 19100"
[1] "Chunk time = 13.5723013877869"
[1] "Processing draws 19101 to 19200"
[1] "Chunk time = 13.2802014350891"
[1] "Processing draws 19201 to 19300"
[1] "Chunk time = 13.5074992179871"
[1] "Processing draws 19301 to 19400"
[1] "Chunk time = 13.1342988014221"
[1] "Processing draws 19401 to 19500"
[1] "Chunk time = 13.4752204418182"
[1] "Processing draws 19501 to 19600"
[1] "Chunk time = 12.9679989814758"
[1] "Processing draws 19601 to 19700"
[1] "Chunk time = 13.7287831306458"
[1] "Processing draws 19701 to 19800"
[1] "Chunk time = 13.4365019798279"
[1] "Processing draws 19801 to 19900"
[1] "Chunk time = 13.1332130432129"
[1] "Processing draws 19901 to 20000"
[1] "Chunk time = 13.8740768432617"
[1] "done lapplying"
[1] "Saving current params"
[1] "Saving params to output.rds"
[1] TRUE
