[1] "Starting sampling."
Running MCMC with 4 parallel chains, with 4 thread(s) per chain...

Chain 1 Iteration:    1 / 6000 [  0%]  (Warmup) 
Chain 2 Iteration:    1 / 6000 [  0%]  (Warmup) 
Chain 3 Iteration:    1 / 6000 [  0%]  (Warmup) 
Chain 4 Iteration:    1 / 6000 [  0%]  (Warmup) 
Chain 4 Iteration:  100 / 6000 [  1%]  (Warmup) 
Chain 1 Iteration:  100 / 6000 [  1%]  (Warmup) 
Chain 3 Iteration:  100 / 6000 [  1%]  (Warmup) 
Chain 2 Iteration:  100 / 6000 [  1%]  (Warmup) 
Chain 4 Iteration:  200 / 6000 [  3%]  (Warmup) 
Chain 3 Iteration:  200 / 6000 [  3%]  (Warmup) 
Chain 1 Iteration:  200 / 6000 [  3%]  (Warmup) 
Chain 2 Iteration:  200 / 6000 [  3%]  (Warmup) 
Chain 4 Iteration:  300 / 6000 [  5%]  (Warmup) 
Chain 3 Iteration:  300 / 6000 [  5%]  (Warmup) 
Chain 1 Iteration:  300 / 6000 [  5%]  (Warmup) 
Chain 4 Iteration:  400 / 6000 [  6%]  (Warmup) 
Chain 2 Iteration:  300 / 6000 [  5%]  (Warmup) 
Chain 3 Iteration:  400 / 6000 [  6%]  (Warmup) 
Chain 1 Iteration:  400 / 6000 [  6%]  (Warmup) 
Chain 4 Iteration:  500 / 6000 [  8%]  (Warmup) 
Chain 2 Iteration:  400 / 6000 [  6%]  (Warmup) 
Chain 3 Iteration:  500 / 6000 [  8%]  (Warmup) 
Chain 4 Iteration:  600 / 6000 [ 10%]  (Warmup) 
Chain 1 Iteration:  500 / 6000 [  8%]  (Warmup) 
Chain 2 Iteration:  500 / 6000 [  8%]  (Warmup) 
Chain 3 Iteration:  600 / 6000 [ 10%]  (Warmup) 
Chain 4 Iteration:  700 / 6000 [ 11%]  (Warmup) 
Chain 1 Iteration:  600 / 6000 [ 10%]  (Warmup) 
Chain 2 Iteration:  600 / 6000 [ 10%]  (Warmup) 
Chain 4 Iteration:  800 / 6000 [ 13%]  (Warmup) 
Chain 3 Iteration:  700 / 6000 [ 11%]  (Warmup) 
Chain 1 Iteration:  700 / 6000 [ 11%]  (Warmup) 
Chain 2 Iteration:  700 / 6000 [ 11%]  (Warmup) 
Chain 4 Iteration:  900 / 6000 [ 15%]  (Warmup) 
Chain 3 Iteration:  800 / 6000 [ 13%]  (Warmup) 
Chain 1 Iteration:  800 / 6000 [ 13%]  (Warmup) 
Chain 2 Iteration:  800 / 6000 [ 13%]  (Warmup) 
Chain 3 Iteration:  900 / 6000 [ 15%]  (Warmup) 
Chain 4 Iteration: 1000 / 6000 [ 16%]  (Warmup) 
Chain 4 Iteration: 1001 / 6000 [ 16%]  (Sampling) 
Chain 1 Iteration:  900 / 6000 [ 15%]  (Warmup) 
Chain 2 Iteration:  900 / 6000 [ 15%]  (Warmup) 
Chain 3 Iteration: 1000 / 6000 [ 16%]  (Warmup) 
Chain 3 Iteration: 1001 / 6000 [ 16%]  (Sampling) 
Chain 4 Iteration: 1100 / 6000 [ 18%]  (Sampling) 
Chain 1 Iteration: 1000 / 6000 [ 16%]  (Warmup) 
Chain 1 Iteration: 1001 / 6000 [ 16%]  (Sampling) 
Chain 2 Iteration: 1000 / 6000 [ 16%]  (Warmup) 
Chain 2 Iteration: 1001 / 6000 [ 16%]  (Sampling) 
Chain 3 Iteration: 1100 / 6000 [ 18%]  (Sampling) 
Chain 4 Iteration: 1200 / 6000 [ 20%]  (Sampling) 
Chain 1 Iteration: 1100 / 6000 [ 18%]  (Sampling) 
Chain 2 Iteration: 1100 / 6000 [ 18%]  (Sampling) 
Chain 4 Iteration: 1300 / 6000 [ 21%]  (Sampling) 
Chain 3 Iteration: 1200 / 6000 [ 20%]  (Sampling) 
Chain 1 Iteration: 1200 / 6000 [ 20%]  (Sampling) 
Chain 2 Iteration: 1200 / 6000 [ 20%]  (Sampling) 
Chain 4 Iteration: 1400 / 6000 [ 23%]  (Sampling) 
Chain 3 Iteration: 1300 / 6000 [ 21%]  (Sampling) 
Chain 1 Iteration: 1300 / 6000 [ 21%]  (Sampling) 
Chain 2 Iteration: 1300 / 6000 [ 21%]  (Sampling) 
Chain 4 Iteration: 1500 / 6000 [ 25%]  (Sampling) 
Chain 3 Iteration: 1400 / 6000 [ 23%]  (Sampling) 
Chain 1 Iteration: 1400 / 6000 [ 23%]  (Sampling) 
Chain 2 Iteration: 1400 / 6000 [ 23%]  (Sampling) 
Chain 4 Iteration: 1600 / 6000 [ 26%]  (Sampling) 
Chain 3 Iteration: 1500 / 6000 [ 25%]  (Sampling) 
Chain 1 Iteration: 1500 / 6000 [ 25%]  (Sampling) 
Chain 2 Iteration: 1500 / 6000 [ 25%]  (Sampling) 
Chain 4 Iteration: 1700 / 6000 [ 28%]  (Sampling) 
Chain 3 Iteration: 1600 / 6000 [ 26%]  (Sampling) 
Chain 1 Iteration: 1600 / 6000 [ 26%]  (Sampling) 
Chain 2 Iteration: 1600 / 6000 [ 26%]  (Sampling) 
Chain 4 Iteration: 1800 / 6000 [ 30%]  (Sampling) 
Chain 3 Iteration: 1700 / 6000 [ 28%]  (Sampling) 
Chain 1 Iteration: 1700 / 6000 [ 28%]  (Sampling) 
Chain 2 Iteration: 1700 / 6000 [ 28%]  (Sampling) 
Chain 4 Iteration: 1900 / 6000 [ 31%]  (Sampling) 
Chain 3 Iteration: 1800 / 6000 [ 30%]  (Sampling) 
Chain 1 Iteration: 1800 / 6000 [ 30%]  (Sampling) 
Chain 2 Iteration: 1800 / 6000 [ 30%]  (Sampling) 
Chain 4 Iteration: 2000 / 6000 [ 33%]  (Sampling) 
Chain 3 Iteration: 1900 / 6000 [ 31%]  (Sampling) 
Chain 1 Iteration: 1900 / 6000 [ 31%]  (Sampling) 
Chain 2 Iteration: 1900 / 6000 [ 31%]  (Sampling) 
Chain 4 Iteration: 2100 / 6000 [ 35%]  (Sampling) 
Chain 3 Iteration: 2000 / 6000 [ 33%]  (Sampling) 
Chain 1 Iteration: 2000 / 6000 [ 33%]  (Sampling) 
Chain 2 Iteration: 2000 / 6000 [ 33%]  (Sampling) 
Chain 4 Iteration: 2200 / 6000 [ 36%]  (Sampling) 
Chain 3 Iteration: 2100 / 6000 [ 35%]  (Sampling) 
Chain 1 Iteration: 2100 / 6000 [ 35%]  (Sampling) 
Chain 2 Iteration: 2100 / 6000 [ 35%]  (Sampling) 
Chain 4 Iteration: 2300 / 6000 [ 38%]  (Sampling) 
Chain 3 Iteration: 2200 / 6000 [ 36%]  (Sampling) 
Chain 1 Iteration: 2200 / 6000 [ 36%]  (Sampling) 
Chain 2 Iteration: 2200 / 6000 [ 36%]  (Sampling) 
Chain 4 Iteration: 2400 / 6000 [ 40%]  (Sampling) 
Chain 3 Iteration: 2300 / 6000 [ 38%]  (Sampling) 
Chain 1 Iteration: 2300 / 6000 [ 38%]  (Sampling) 
Chain 2 Iteration: 2300 / 6000 [ 38%]  (Sampling) 
Chain 4 Iteration: 2500 / 6000 [ 41%]  (Sampling) 
Chain 3 Iteration: 2400 / 6000 [ 40%]  (Sampling) 
Chain 1 Iteration: 2400 / 6000 [ 40%]  (Sampling) 
Chain 2 Iteration: 2400 / 6000 [ 40%]  (Sampling) 
Chain 4 Iteration: 2600 / 6000 [ 43%]  (Sampling) 
Chain 3 Iteration: 2500 / 6000 [ 41%]  (Sampling) 
Chain 1 Iteration: 2500 / 6000 [ 41%]  (Sampling) 
Chain 2 Iteration: 2500 / 6000 [ 41%]  (Sampling) 
Chain 4 Iteration: 2700 / 6000 [ 45%]  (Sampling) 
Chain 3 Iteration: 2600 / 6000 [ 43%]  (Sampling) 
Chain 1 Iteration: 2600 / 6000 [ 43%]  (Sampling) 
Chain 2 Iteration: 2600 / 6000 [ 43%]  (Sampling) 
Chain 4 Iteration: 2800 / 6000 [ 46%]  (Sampling) 
Chain 3 Iteration: 2700 / 6000 [ 45%]  (Sampling) 
Chain 1 Iteration: 2700 / 6000 [ 45%]  (Sampling) 
Chain 2 Iteration: 2700 / 6000 [ 45%]  (Sampling) 
Chain 4 Iteration: 2900 / 6000 [ 48%]  (Sampling) 
Chain 3 Iteration: 2800 / 6000 [ 46%]  (Sampling) 
Chain 1 Iteration: 2800 / 6000 [ 46%]  (Sampling) 
Chain 2 Iteration: 2800 / 6000 [ 46%]  (Sampling) 
Chain 4 Iteration: 3000 / 6000 [ 50%]  (Sampling) 
Chain 3 Iteration: 2900 / 6000 [ 48%]  (Sampling) 
Chain 2 Iteration: 2900 / 6000 [ 48%]  (Sampling) 
Chain 1 Iteration: 2900 / 6000 [ 48%]  (Sampling) 
Chain 4 Iteration: 3100 / 6000 [ 51%]  (Sampling) 
Chain 3 Iteration: 3000 / 6000 [ 50%]  (Sampling) 
Chain 2 Iteration: 3000 / 6000 [ 50%]  (Sampling) 
Chain 4 Iteration: 3200 / 6000 [ 53%]  (Sampling) 
Chain 1 Iteration: 3000 / 6000 [ 50%]  (Sampling) 
Chain 3 Iteration: 3100 / 6000 [ 51%]  (Sampling) 
Chain 4 Iteration: 3300 / 6000 [ 55%]  (Sampling) 
Chain 2 Iteration: 3100 / 6000 [ 51%]  (Sampling) 
Chain 1 Iteration: 3100 / 6000 [ 51%]  (Sampling) 
Chain 3 Iteration: 3200 / 6000 [ 53%]  (Sampling) 
Chain 4 Iteration: 3400 / 6000 [ 56%]  (Sampling) 
Chain 2 Iteration: 3200 / 6000 [ 53%]  (Sampling) 
Chain 1 Iteration: 3200 / 6000 [ 53%]  (Sampling) 
Chain 3 Iteration: 3300 / 6000 [ 55%]  (Sampling) 
Chain 4 Iteration: 3500 / 6000 [ 58%]  (Sampling) 
Chain 2 Iteration: 3300 / 6000 [ 55%]  (Sampling) 
Chain 1 Iteration: 3300 / 6000 [ 55%]  (Sampling) 
Chain 3 Iteration: 3400 / 6000 [ 56%]  (Sampling) 
Chain 4 Iteration: 3600 / 6000 [ 60%]  (Sampling) 
Chain 2 Iteration: 3400 / 6000 [ 56%]  (Sampling) 
Chain 1 Iteration: 3400 / 6000 [ 56%]  (Sampling) 
Chain 3 Iteration: 3500 / 6000 [ 58%]  (Sampling) 
Chain 4 Iteration: 3700 / 6000 [ 61%]  (Sampling) 
Chain 2 Iteration: 3500 / 6000 [ 58%]  (Sampling) 
Chain 1 Iteration: 3500 / 6000 [ 58%]  (Sampling) 
Chain 3 Iteration: 3600 / 6000 [ 60%]  (Sampling) 
Chain 4 Iteration: 3800 / 6000 [ 63%]  (Sampling) 
Chain 2 Iteration: 3600 / 6000 [ 60%]  (Sampling) 
Chain 1 Iteration: 3600 / 6000 [ 60%]  (Sampling) 
Chain 3 Iteration: 3700 / 6000 [ 61%]  (Sampling) 
Chain 4 Iteration: 3900 / 6000 [ 65%]  (Sampling) 
Chain 2 Iteration: 3700 / 6000 [ 61%]  (Sampling) 
Chain 1 Iteration: 3700 / 6000 [ 61%]  (Sampling) 
Chain 3 Iteration: 3800 / 6000 [ 63%]  (Sampling) 
Chain 4 Iteration: 4000 / 6000 [ 66%]  (Sampling) 
Chain 2 Iteration: 3800 / 6000 [ 63%]  (Sampling) 
Chain 1 Iteration: 3800 / 6000 [ 63%]  (Sampling) 
Chain 3 Iteration: 3900 / 6000 [ 65%]  (Sampling) 
Chain 4 Iteration: 4100 / 6000 [ 68%]  (Sampling) 
Chain 2 Iteration: 3900 / 6000 [ 65%]  (Sampling) 
Chain 1 Iteration: 3900 / 6000 [ 65%]  (Sampling) 
Chain 3 Iteration: 4000 / 6000 [ 66%]  (Sampling) 
Chain 4 Iteration: 4200 / 6000 [ 70%]  (Sampling) 
Chain 2 Iteration: 4000 / 6000 [ 66%]  (Sampling) 
Chain 1 Iteration: 4000 / 6000 [ 66%]  (Sampling) 
Chain 4 Iteration: 4300 / 6000 [ 71%]  (Sampling) 
Chain 3 Iteration: 4100 / 6000 [ 68%]  (Sampling) 
Chain 2 Iteration: 4100 / 6000 [ 68%]  (Sampling) 
Chain 1 Iteration: 4100 / 6000 [ 68%]  (Sampling) 
Chain 4 Iteration: 4400 / 6000 [ 73%]  (Sampling) 
Chain 3 Iteration: 4200 / 6000 [ 70%]  (Sampling) 
Chain 2 Iteration: 4200 / 6000 [ 70%]  (Sampling) 
Chain 1 Iteration: 4200 / 6000 [ 70%]  (Sampling) 
Chain 4 Iteration: 4500 / 6000 [ 75%]  (Sampling) 
Chain 3 Iteration: 4300 / 6000 [ 71%]  (Sampling) 
Chain 2 Iteration: 4300 / 6000 [ 71%]  (Sampling) 
Chain 1 Iteration: 4300 / 6000 [ 71%]  (Sampling) 
Chain 4 Iteration: 4600 / 6000 [ 76%]  (Sampling) 
Chain 3 Iteration: 4400 / 6000 [ 73%]  (Sampling) 
Chain 2 Iteration: 4400 / 6000 [ 73%]  (Sampling) 
Chain 1 Iteration: 4400 / 6000 [ 73%]  (Sampling) 
Chain 4 Iteration: 4700 / 6000 [ 78%]  (Sampling) 
Chain 2 Iteration: 4500 / 6000 [ 75%]  (Sampling) 
Chain 3 Iteration: 4500 / 6000 [ 75%]  (Sampling) 
Chain 1 Iteration: 4500 / 6000 [ 75%]  (Sampling) 
Chain 4 Iteration: 4800 / 6000 [ 80%]  (Sampling) 
Chain 2 Iteration: 4600 / 6000 [ 76%]  (Sampling) 
Chain 3 Iteration: 4600 / 6000 [ 76%]  (Sampling) 
Chain 1 Iteration: 4600 / 6000 [ 76%]  (Sampling) 
Chain 4 Iteration: 4900 / 6000 [ 81%]  (Sampling) 
Chain 2 Iteration: 4700 / 6000 [ 78%]  (Sampling) 
Chain 3 Iteration: 4700 / 6000 [ 78%]  (Sampling) 
Chain 1 Iteration: 4700 / 6000 [ 78%]  (Sampling) 
Chain 4 Iteration: 5000 / 6000 [ 83%]  (Sampling) 
Chain 2 Iteration: 4800 / 6000 [ 80%]  (Sampling) 
Chain 3 Iteration: 4800 / 6000 [ 80%]  (Sampling) 
Chain 1 Iteration: 4800 / 6000 [ 80%]  (Sampling) 
Chain 4 Iteration: 5100 / 6000 [ 85%]  (Sampling) 
Chain 2 Iteration: 4900 / 6000 [ 81%]  (Sampling) 
Chain 3 Iteration: 4900 / 6000 [ 81%]  (Sampling) 
Chain 1 Iteration: 4900 / 6000 [ 81%]  (Sampling) 
Chain 4 Iteration: 5200 / 6000 [ 86%]  (Sampling) 
Chain 2 Iteration: 5000 / 6000 [ 83%]  (Sampling) 
Chain 3 Iteration: 5000 / 6000 [ 83%]  (Sampling) 
Chain 1 Iteration: 5000 / 6000 [ 83%]  (Sampling) 
Chain 4 Iteration: 5300 / 6000 [ 88%]  (Sampling) 
Chain 2 Iteration: 5100 / 6000 [ 85%]  (Sampling) 
Chain 3 Iteration: 5100 / 6000 [ 85%]  (Sampling) 
Chain 4 Iteration: 5400 / 6000 [ 90%]  (Sampling) 
Chain 1 Iteration: 5100 / 6000 [ 85%]  (Sampling) 
Chain 2 Iteration: 5200 / 6000 [ 86%]  (Sampling) 
Chain 3 Iteration: 5200 / 6000 [ 86%]  (Sampling) 
Chain 4 Iteration: 5500 / 6000 [ 91%]  (Sampling) 
Chain 1 Iteration: 5200 / 6000 [ 86%]  (Sampling) 
Chain 2 Iteration: 5300 / 6000 [ 88%]  (Sampling) 
Chain 3 Iteration: 5300 / 6000 [ 88%]  (Sampling) 
Chain 4 Iteration: 5600 / 6000 [ 93%]  (Sampling) 
Chain 1 Iteration: 5300 / 6000 [ 88%]  (Sampling) 
Chain 2 Iteration: 5400 / 6000 [ 90%]  (Sampling) 
Chain 3 Iteration: 5400 / 6000 [ 90%]  (Sampling) 
Chain 4 Iteration: 5700 / 6000 [ 95%]  (Sampling) 
Chain 1 Iteration: 5400 / 6000 [ 90%]  (Sampling) 
Chain 2 Iteration: 5500 / 6000 [ 91%]  (Sampling) 
Chain 3 Iteration: 5500 / 6000 [ 91%]  (Sampling) 
Chain 4 Iteration: 5800 / 6000 [ 96%]  (Sampling) 
Chain 2 Iteration: 5600 / 6000 [ 93%]  (Sampling) 
Chain 1 Iteration: 5500 / 6000 [ 91%]  (Sampling) 
Chain 3 Iteration: 5600 / 6000 [ 93%]  (Sampling) 
Chain 4 Iteration: 5900 / 6000 [ 98%]  (Sampling) 
Chain 2 Iteration: 5700 / 6000 [ 95%]  (Sampling) 
Chain 1 Iteration: 5600 / 6000 [ 93%]  (Sampling) 
Chain 3 Iteration: 5700 / 6000 [ 95%]  (Sampling) 
Chain 4 Iteration: 6000 / 6000 [100%]  (Sampling) 
Chain 4 finished in 1038.3 seconds.
Chain 2 Iteration: 5800 / 6000 [ 96%]  (Sampling) 
Chain 1 Iteration: 5700 / 6000 [ 95%]  (Sampling) 
Chain 3 Iteration: 5800 / 6000 [ 96%]  (Sampling) 
Chain 2 Iteration: 5900 / 6000 [ 98%]  (Sampling) 
Chain 1 Iteration: 5800 / 6000 [ 96%]  (Sampling) 
Chain 3 Iteration: 5900 / 6000 [ 98%]  (Sampling) 
Chain 2 Iteration: 6000 / 6000 [100%]  (Sampling) 
Chain 2 finished in 1070.1 seconds.
Chain 1 Iteration: 5900 / 6000 [ 98%]  (Sampling) 
Chain 3 Iteration: 6000 / 6000 [100%]  (Sampling) 
Chain 3 finished in 1075.2 seconds.
Chain 1 Iteration: 6000 / 6000 [100%]  (Sampling) 
Chain 1 finished in 1090.0 seconds.

All 4 chains finished successfully.
Mean chain execution time: 1068.4 seconds.
Total execution time: 1090.4 seconds.

[1] "Processing draws 1 to 100"
[1] "Chunk time = 1.15606927871704"
[1] "Processing draws 101 to 200"
[1] "Chunk time = 25.1681215763092"
[1] "Processing draws 201 to 300"
[1] "Chunk time = 24.6445088386536"
[1] "Processing draws 301 to 400"
[1] "Chunk time = 25.0045011043549"
[1] "Processing draws 401 to 500"
[1] "Chunk time = 24.6965534687042"
[1] "Processing draws 501 to 600"
[1] "Chunk time = 24.8616409301758"
[1] "Processing draws 601 to 700"
[1] "Chunk time = 24.58851146698"
[1] "Processing draws 701 to 800"
[1] "Chunk time = 24.4964847564697"
[1] "Processing draws 801 to 900"
[1] "Chunk time = 25.7347586154938"
[1] "Processing draws 901 to 1000"
[1] "Chunk time = 24.2919745445251"
[1] "Processing draws 1001 to 1100"
[1] "Chunk time = 24.9344465732574"
[1] "Processing draws 1101 to 1200"
[1] "Chunk time = 24.3250460624695"
[1] "Processing draws 1201 to 1300"
[1] "Chunk time = 24.8339176177979"
[1] "Processing draws 1301 to 1400"
[1] "Chunk time = 24.6317226886749"
[1] "Processing draws 1401 to 1500"
[1] "Chunk time = 25.0968301296234"
[1] "Processing draws 1501 to 1600"
[1] "Chunk time = 24.0830500125885"
[1] "Processing draws 1601 to 1700"
[1] "Chunk time = 24.5980987548828"
[1] "Processing draws 1701 to 1800"
[1] "Chunk time = 24.7991082668304"
[1] "Processing draws 1801 to 1900"
[1] "Chunk time = 24.1787638664246"
[1] "Processing draws 1901 to 2000"
[1] "Chunk time = 24.9803295135498"
[1] "Processing draws 2001 to 2100"
[1] "Chunk time = 24.514214515686"
[1] "Processing draws 2101 to 2200"
[1] "Chunk time = 24.6681997776031"
[1] "Processing draws 2201 to 2300"
[1] "Chunk time = 24.5779647827148"
[1] "Processing draws 2301 to 2400"
[1] "Chunk time = 24.6763336658478"
[1] "Processing draws 2401 to 2500"
[1] "Chunk time = 24.9615273475647"
[1] "Processing draws 2501 to 2600"
[1] "Chunk time = 24.4274990558624"
[1] "Processing draws 2601 to 2700"
[1] "Chunk time = 24.8622634410858"
[1] "Processing draws 2701 to 2800"
[1] "Chunk time = 24.4600493907928"
[1] "Processing draws 2801 to 2900"
[1] "Chunk time = 24.6600377559662"
[1] "Processing draws 2901 to 3000"
[1] "Chunk time = 24.7381339073181"
[1] "Processing draws 3001 to 3100"
[1] "Chunk time = 24.9703233242035"
[1] "Processing draws 3101 to 3200"
[1] "Chunk time = 24.1726009845734"
[1] "Processing draws 3201 to 3300"
[1] "Chunk time = 24.0420958995819"
[1] "Processing draws 3301 to 3400"
[1] "Chunk time = 24.3699388504028"
[1] "Processing draws 3401 to 3500"
[1] "Chunk time = 23.9534471035004"
[1] "Processing draws 3501 to 3600"
[1] "Chunk time = 24.3014130592346"
[1] "Processing draws 3601 to 3700"
[1] "Chunk time = 24.04811668396"
[1] "Processing draws 3701 to 3800"
[1] "Chunk time = 24.3801701068878"
[1] "Processing draws 3801 to 3900"
[1] "Chunk time = 24.0440890789032"
[1] "Processing draws 3901 to 4000"
[1] "Chunk time = 24.1037545204163"
[1] "Processing draws 4001 to 4100"
[1] "Chunk time = 24.499103307724"
[1] "Processing draws 4101 to 4200"
[1] "Chunk time = 24.1355333328247"
[1] "Processing draws 4201 to 4300"
[1] "Chunk time = 24.3830628395081"
[1] "Processing draws 4301 to 4400"
[1] "Chunk time = 24.0994966030121"
[1] "Processing draws 4401 to 4500"
[1] "Chunk time = 24.1812734603882"
[1] "Processing draws 4501 to 4600"
[1] "Chunk time = 24.3748481273651"
[1] "Processing draws 4601 to 4700"
[1] "Chunk time = 24.5052266120911"
[1] "Processing draws 4701 to 4800"
[1] "Chunk time = 24.2452700138092"
[1] "Processing draws 4801 to 4900"
[1] "Chunk time = 24.5131514072418"
[1] "Processing draws 4901 to 5000"
[1] "Chunk time = 24.598114490509"
[1] "Processing draws 5001 to 5100"
[1] "Chunk time = 24.3893394470215"
[1] "Processing draws 5101 to 5200"
[1] "Chunk time = 24.4940567016602"
[1] "Processing draws 5201 to 5300"
[1] "Chunk time = 24.1965618133545"
[1] "Processing draws 5301 to 5400"
[1] "Chunk time = 24.8891830444336"
[1] "Processing draws 5401 to 5500"
[1] "Chunk time = 24.2191069126129"
[1] "Processing draws 5501 to 5600"
[1] "Chunk time = 24.9508416652679"
[1] "Processing draws 5601 to 5700"
[1] "Chunk time = 24.4930601119995"
[1] "Processing draws 5701 to 5800"
[1] "Chunk time = 24.5086667537689"
[1] "Processing draws 5801 to 5900"
[1] "Chunk time = 24.9329566955566"
[1] "Processing draws 5901 to 6000"
[1] "Chunk time = 24.0827331542969"
[1] "Processing draws 6001 to 6100"
[1] "Chunk time = 24.5197865962982"
[1] "Processing draws 6101 to 6200"
[1] "Chunk time = 24.0959014892578"
[1] "Processing draws 6201 to 6300"
[1] "Chunk time = 24.4085838794708"
[1] "Processing draws 6301 to 6400"
[1] "Chunk time = 24.0241820812225"
[1] "Processing draws 6401 to 6500"
[1] "Chunk time = 24.135000705719"
[1] "Processing draws 6501 to 6600"
[1] "Chunk time = 24.6817352771759"
[1] "Processing draws 6601 to 6700"
[1] "Chunk time = 24.0724837779999"
[1] "Processing draws 6701 to 6800"
[1] "Chunk time = 24.3771567344666"
[1] "Processing draws 6801 to 6900"
[1] "Chunk time = 24.1629974842072"
[1] "Processing draws 6901 to 7000"
[1] "Chunk time = 24.3653035163879"
[1] "Processing draws 7001 to 7100"
[1] "Chunk time = 24.4695687294006"
[1] "Processing draws 7101 to 7200"
[1] "Chunk time = 24.6371011734009"
[1] "Processing draws 7201 to 7300"
[1] "Chunk time = 25.0925242900848"
[1] "Processing draws 7301 to 7400"
[1] "Chunk time = 24.3794915676117"
[1] "Processing draws 7401 to 7500"
[1] "Chunk time = 24.5439357757568"
[1] "Processing draws 7501 to 7600"
[1] "Chunk time = 24.3969748020172"
[1] "Processing draws 7601 to 7700"
[1] "Chunk time = 24.658358335495"
[1] "Processing draws 7701 to 7800"
[1] "Chunk time = 24.2229330539703"
[1] "Processing draws 7801 to 7900"
[1] "Chunk time = 24.677971124649"
[1] "Processing draws 7901 to 8000"
[1] "Chunk time = 24.518116235733"
[1] "Processing draws 8001 to 8100"
[1] "Chunk time = 24.4516956806183"
[1] "Processing draws 8101 to 8200"
[1] "Chunk time = 24.5999503135681"
[1] "Processing draws 8201 to 8300"
[1] "Chunk time = 24.4691529273987"
[1] "Processing draws 8301 to 8400"
[1] "Chunk time = 24.872837305069"
[1] "Processing draws 8401 to 8500"
[1] "Chunk time = 24.1992423534393"
[1] "Processing draws 8501 to 8600"
[1] "Chunk time = 24.6093964576721"
[1] "Processing draws 8601 to 8700"
[1] "Chunk time = 24.4070954322815"
[1] "Processing draws 8701 to 8800"
[1] "Chunk time = 24.3668208122253"
[1] "Processing draws 8801 to 8900"
[1] "Chunk time = 24.61585521698"
[1] "Processing draws 8901 to 9000"
[1] "Chunk time = 24.7056345939636"
[1] "Processing draws 9001 to 9100"
[1] "Chunk time = 24.8250217437744"
[1] "Processing draws 9101 to 9200"
[1] "Chunk time = 24.7284133434296"
[1] "Processing draws 9201 to 9300"
[1] "Chunk time = 24.8861129283905"
[1] "Processing draws 9301 to 9400"
[1] "Chunk time = 24.6471340656281"
[1] "Processing draws 9401 to 9500"
[1] "Chunk time = 25.0097131729126"
[1] "Processing draws 9501 to 9600"
[1] "Chunk time = 24.77445936203"
[1] "Processing draws 9601 to 9700"
[1] "Chunk time = 24.5560963153839"
[1] "Processing draws 9701 to 9800"
[1] "Chunk time = 24.9039776325226"
[1] "Processing draws 9801 to 9900"
[1] "Chunk time = 24.7222657203674"
[1] "Processing draws 9901 to 10000"
[1] "Chunk time = 24.8164176940918"
[1] "Processing draws 10001 to 10100"
[1] "Chunk time = 24.6260328292847"
[1] "Processing draws 10101 to 10200"
[1] "Chunk time = 24.9767272472382"
[1] "Processing draws 10201 to 10300"
[1] "Chunk time = 25.0161180496216"
[1] "Processing draws 10301 to 10400"
[1] "Chunk time = 25.1203584671021"
[1] "Processing draws 10401 to 10500"
[1] "Chunk time = 24.7980434894562"
[1] "Processing draws 10501 to 10600"
[1] "Chunk time = 24.6612954139709"
[1] "Processing draws 10601 to 10700"
[1] "Chunk time = 24.8752098083496"
[1] "Processing draws 10701 to 10800"
[1] "Chunk time = 24.9477972984314"
[1] "Processing draws 10801 to 10900"
[1] "Chunk time = 25.1942422389984"
[1] "Processing draws 10901 to 11000"
[1] "Chunk time = 25.0734162330627"
[1] "Processing draws 11001 to 11100"
[1] "Chunk time = 25.1771767139435"
[1] "Processing draws 11101 to 11200"
[1] "Chunk time = 24.7951283454895"
[1] "Processing draws 11201 to 11300"
[1] "Chunk time = 25.1005284786224"
[1] "Processing draws 11301 to 11400"
[1] "Chunk time = 24.7142412662506"
[1] "Processing draws 11401 to 11500"
[1] "Chunk time = 24.4820823669434"
[1] "Processing draws 11501 to 11600"
[1] "Chunk time = 24.7862441539764"
[1] "Processing draws 11601 to 11700"
[1] "Chunk time = 24.6187825202942"
[1] "Processing draws 11701 to 11800"
[1] "Chunk time = 24.8343684673309"
[1] "Processing draws 11801 to 11900"
[1] "Chunk time = 24.4873175621033"
[1] "Processing draws 11901 to 12000"
[1] "Chunk time = 24.9061894416809"
[1] "Processing draws 12001 to 12100"
[1] "Chunk time = 24.4564044475555"
[1] "Processing draws 12101 to 12200"
[1] "Chunk time = 25.1105599403381"
[1] "Processing draws 12201 to 12300"
[1] "Chunk time = 24.701238155365"
[1] "Processing draws 12301 to 12400"
[1] "Chunk time = 24.8238067626953"
[1] "Processing draws 12401 to 12500"
[1] "Chunk time = 25.1793744564056"
[1] "Processing draws 12501 to 12600"
[1] "Chunk time = 24.6255247592926"
[1] "Processing draws 12601 to 12700"
[1] "Chunk time = 25.1435039043427"
[1] "Processing draws 12701 to 12800"
[1] "Chunk time = 24.3723921775818"
[1] "Processing draws 12801 to 12900"
[1] "Chunk time = 24.9578051567078"
[1] "Processing draws 12901 to 13000"
[1] "Chunk time = 24.5149397850037"
[1] "Processing draws 13001 to 13100"
[1] "Chunk time = 24.7605063915253"
[1] "Processing draws 13101 to 13200"
[1] "Chunk time = 24.2340986728668"
[1] "Processing draws 13201 to 13300"
[1] "Chunk time = 25.2276949882507"
[1] "Processing draws 13301 to 13400"
[1] "Chunk time = 25.1524531841278"
[1] "Processing draws 13401 to 13500"
[1] "Chunk time = 24.2006194591522"
[1] "Processing draws 13501 to 13600"
[1] "Chunk time = 24.3074960708618"
[1] "Processing draws 13601 to 13700"
[1] "Chunk time = 24.0276486873627"
[1] "Processing draws 13701 to 13800"
[1] "Chunk time = 24.2508733272552"
[1] "Processing draws 13801 to 13900"
[1] "Chunk time = 24.0891005992889"
[1] "Processing draws 13901 to 14000"
[1] "Chunk time = 24.3341538906097"
[1] "Processing draws 14001 to 14100"
[1] "Chunk time = 23.9599447250366"
[1] "Processing draws 14101 to 14200"
[1] "Chunk time = 24.1309912204742"
[1] "Processing draws 14201 to 14300"
[1] "Chunk time = 23.5348682403564"
[1] "Processing draws 14301 to 14400"
[1] "Chunk time = 23.8246166706085"
[1] "Processing draws 14401 to 14500"
[1] "Chunk time = 23.5872755050659"
[1] "Processing draws 14501 to 14600"
[1] "Chunk time = 23.5021033287048"
[1] "Processing draws 14601 to 14700"
[1] "Chunk time = 23.7443814277649"
[1] "Processing draws 14701 to 14800"
[1] "Chunk time = 23.5428929328918"
[1] "Processing draws 14801 to 14900"
[1] "Chunk time = 23.8732316493988"
[1] "Processing draws 14901 to 15000"
[1] "Chunk time = 23.6244821548462"
[1] "Processing draws 15001 to 15100"
[1] "Chunk time = 23.7586622238159"
[1] "Processing draws 15101 to 15200"
[1] "Chunk time = 23.6641390323639"
[1] "Processing draws 15201 to 15300"
[1] "Chunk time = 23.6012663841248"
[1] "Processing draws 15301 to 15400"
[1] "Chunk time = 23.8429145812988"
[1] "Processing draws 15401 to 15500"
[1] "Chunk time = 23.7203876972198"
[1] "Processing draws 15501 to 15600"
[1] "Chunk time = 23.8664433956146"
[1] "Processing draws 15601 to 15700"
[1] "Chunk time = 23.8180248737335"
[1] "Processing draws 15701 to 15800"
[1] "Chunk time = 23.8352348804474"
[1] "Processing draws 15801 to 15900"
[1] "Chunk time = 23.6756463050842"
[1] "Processing draws 15901 to 16000"
[1] "Chunk time = 23.9703006744385"
[1] "Processing draws 16001 to 16100"
[1] "Chunk time = 23.7954094409943"
[1] "Processing draws 16101 to 16200"
[1] "Chunk time = 23.7778882980347"
[1] "Processing draws 16201 to 16300"
[1] "Chunk time = 23.9141871929169"
[1] "Processing draws 16301 to 16400"
[1] "Chunk time = 23.7154278755188"
[1] "Processing draws 16401 to 16500"
[1] "Chunk time = 24.0880906581879"
[1] "Processing draws 16501 to 16600"
[1] "Chunk time = 23.8174040317535"
[1] "Processing draws 16601 to 16700"
[1] "Chunk time = 24.1170072555542"
[1] "Processing draws 16701 to 16800"
[1] "Chunk time = 23.916032075882"
[1] "Processing draws 16801 to 16900"
[1] "Chunk time = 23.8461935520172"
[1] "Processing draws 16901 to 17000"
[1] "Chunk time = 24.0771973133087"
[1] "Processing draws 17001 to 17100"
[1] "Chunk time = 23.6617450714111"
[1] "Processing draws 17101 to 17200"
[1] "Chunk time = 23.6891479492188"
[1] "Processing draws 17201 to 17300"
[1] "Chunk time = 23.5288560390472"
[1] "Processing draws 17301 to 17400"
[1] "Chunk time = 23.726719379425"
[1] "Processing draws 17401 to 17500"
[1] "Chunk time = 23.4360995292664"
[1] "Processing draws 17501 to 17600"
[1] "Chunk time = 23.5702970027924"
[1] "Processing draws 17601 to 17700"
[1] "Chunk time = 23.806715965271"
[1] "Processing draws 17701 to 17800"
[1] "Chunk time = 23.5156173706055"
[1] "Processing draws 17801 to 17900"
[1] "Chunk time = 23.7952210903168"
[1] "Processing draws 17901 to 18000"
[1] "Chunk time = 23.5954756736755"
[1] "Processing draws 18001 to 18100"
[1] "Chunk time = 23.7280015945435"
[1] "Processing draws 18101 to 18200"
[1] "Chunk time = 23.6936686038971"
[1] "Processing draws 18201 to 18300"
[1] "Chunk time = 23.817215681076"
[1] "Processing draws 18301 to 18400"
[1] "Chunk time = 23.63210105896"
[1] "Processing draws 18401 to 18500"
[1] "Chunk time = 23.9696795940399"
[1] "Processing draws 18501 to 18600"
[1] "Chunk time = 23.68323969841"
[1] "Processing draws 18601 to 18700"
[1] "Chunk time = 23.6801795959473"
[1] "Processing draws 18701 to 18800"
[1] "Chunk time = 23.8274867534637"
[1] "Processing draws 18801 to 18900"
[1] "Chunk time = 23.7815842628479"
[1] "Processing draws 18901 to 19000"
[1] "Chunk time = 23.9508152008057"
[1] "Processing draws 19001 to 19100"
[1] "Chunk time = 23.7884297370911"
[1] "Processing draws 19101 to 19200"
[1] "Chunk time = 23.9675796031952"
[1] "Processing draws 19201 to 19300"
[1] "Chunk time = 23.9380867481232"
[1] "Processing draws 19301 to 19400"
[1] "Chunk time = 23.8316121101379"
[1] "Processing draws 19401 to 19500"
[1] "Chunk time = 24.0390729904175"
[1] "Processing draws 19501 to 19600"
[1] "Chunk time = 23.8958683013916"
[1] "Processing draws 19601 to 19700"
[1] "Chunk time = 24.343761920929"
[1] "Processing draws 19701 to 19800"
[1] "Chunk time = 23.8617906570435"
[1] "Processing draws 19801 to 19900"
[1] "Chunk time = 23.6695561408997"
[1] "Processing draws 19901 to 20000"
[1] "Chunk time = 23.4915540218353"
[1] "done lapplying"
[1] "Saving current params"
[1] "Saving params to output.rds"
[1] TRUE
