[1] "Starting sampling."
Running MCMC with 4 parallel chains, with 4 thread(s) per chain...

Chain 1 Iteration:    1 / 6000 [  0%]  (Warmup) 
Chain 2 Iteration:    1 / 6000 [  0%]  (Warmup) 
Chain 3 Iteration:    1 / 6000 [  0%]  (Warmup) 
Chain 4 Iteration:    1 / 6000 [  0%]  (Warmup) 
Chain 4 Iteration:  100 / 6000 [  1%]  (Warmup) 
Chain 3 Iteration:  100 / 6000 [  1%]  (Warmup) 
Chain 2 Iteration:  100 / 6000 [  1%]  (Warmup) 
Chain 1 Iteration:  100 / 6000 [  1%]  (Warmup) 
Chain 4 Iteration:  200 / 6000 [  3%]  (Warmup) 
Chain 4 Iteration:  300 / 6000 [  5%]  (Warmup) 
Chain 2 Iteration:  200 / 6000 [  3%]  (Warmup) 
Chain 3 Iteration:  200 / 6000 [  3%]  (Warmup) 
Chain 1 Iteration:  200 / 6000 [  3%]  (Warmup) 
Chain 4 Iteration:  400 / 6000 [  6%]  (Warmup) 
Chain 2 Iteration:  300 / 6000 [  5%]  (Warmup) 
Chain 1 Iteration:  300 / 6000 [  5%]  (Warmup) 
Chain 3 Iteration:  300 / 6000 [  5%]  (Warmup) 
Chain 4 Iteration:  500 / 6000 [  8%]  (Warmup) 
Chain 2 Iteration:  400 / 6000 [  6%]  (Warmup) 
Chain 3 Iteration:  400 / 6000 [  6%]  (Warmup) 
Chain 1 Iteration:  400 / 6000 [  6%]  (Warmup) 
Chain 4 Iteration:  600 / 6000 [ 10%]  (Warmup) 
Chain 3 Iteration:  500 / 6000 [  8%]  (Warmup) 
Chain 4 Iteration:  700 / 6000 [ 11%]  (Warmup) 
Chain 2 Iteration:  500 / 6000 [  8%]  (Warmup) 
Chain 1 Iteration:  500 / 6000 [  8%]  (Warmup) 
Chain 4 Iteration:  800 / 6000 [ 13%]  (Warmup) 
Chain 3 Iteration:  600 / 6000 [ 10%]  (Warmup) 
Chain 2 Iteration:  600 / 6000 [ 10%]  (Warmup) 
Chain 1 Iteration:  600 / 6000 [ 10%]  (Warmup) 
Chain 3 Iteration:  700 / 6000 [ 11%]  (Warmup) 
Chain 4 Iteration:  900 / 6000 [ 15%]  (Warmup) 
Chain 2 Iteration:  700 / 6000 [ 11%]  (Warmup) 
Chain 1 Iteration:  700 / 6000 [ 11%]  (Warmup) 
Chain 3 Iteration:  800 / 6000 [ 13%]  (Warmup) 
Chain 2 Iteration:  800 / 6000 [ 13%]  (Warmup) 
Chain 4 Iteration: 1000 / 6000 [ 16%]  (Warmup) 
Chain 4 Iteration: 1001 / 6000 [ 16%]  (Sampling) 
Chain 1 Iteration:  800 / 6000 [ 13%]  (Warmup) 
Chain 3 Iteration:  900 / 6000 [ 15%]  (Warmup) 
Chain 2 Iteration:  900 / 6000 [ 15%]  (Warmup) 
Chain 1 Iteration:  900 / 6000 [ 15%]  (Warmup) 
Chain 4 Iteration: 1100 / 6000 [ 18%]  (Sampling) 
Chain 3 Iteration: 1000 / 6000 [ 16%]  (Warmup) 
Chain 3 Iteration: 1001 / 6000 [ 16%]  (Sampling) 
Chain 2 Iteration: 1000 / 6000 [ 16%]  (Warmup) 
Chain 2 Iteration: 1001 / 6000 [ 16%]  (Sampling) 
Chain 1 Iteration: 1000 / 6000 [ 16%]  (Warmup) 
Chain 1 Iteration: 1001 / 6000 [ 16%]  (Sampling) 
Chain 4 Iteration: 1200 / 6000 [ 20%]  (Sampling) 
Chain 3 Iteration: 1100 / 6000 [ 18%]  (Sampling) 
Chain 2 Iteration: 1100 / 6000 [ 18%]  (Sampling) 
Chain 1 Iteration: 1100 / 6000 [ 18%]  (Sampling) 
Chain 4 Iteration: 1300 / 6000 [ 21%]  (Sampling) 
Chain 3 Iteration: 1200 / 6000 [ 20%]  (Sampling) 
Chain 2 Iteration: 1200 / 6000 [ 20%]  (Sampling) 
Chain 1 Iteration: 1200 / 6000 [ 20%]  (Sampling) 
Chain 4 Iteration: 1400 / 6000 [ 23%]  (Sampling) 
Chain 3 Iteration: 1300 / 6000 [ 21%]  (Sampling) 
Chain 2 Iteration: 1300 / 6000 [ 21%]  (Sampling) 
Chain 1 Iteration: 1300 / 6000 [ 21%]  (Sampling) 
Chain 4 Iteration: 1500 / 6000 [ 25%]  (Sampling) 
Chain 3 Iteration: 1400 / 6000 [ 23%]  (Sampling) 
Chain 2 Iteration: 1400 / 6000 [ 23%]  (Sampling) 
Chain 1 Iteration: 1400 / 6000 [ 23%]  (Sampling) 
Chain 4 Iteration: 1600 / 6000 [ 26%]  (Sampling) 
Chain 3 Iteration: 1500 / 6000 [ 25%]  (Sampling) 
Chain 2 Iteration: 1500 / 6000 [ 25%]  (Sampling) 
Chain 1 Iteration: 1500 / 6000 [ 25%]  (Sampling) 
Chain 4 Iteration: 1700 / 6000 [ 28%]  (Sampling) 
Chain 3 Iteration: 1600 / 6000 [ 26%]  (Sampling) 
Chain 2 Iteration: 1600 / 6000 [ 26%]  (Sampling) 
Chain 1 Iteration: 1600 / 6000 [ 26%]  (Sampling) 
Chain 4 Iteration: 1800 / 6000 [ 30%]  (Sampling) 
Chain 3 Iteration: 1700 / 6000 [ 28%]  (Sampling) 
Chain 2 Iteration: 1700 / 6000 [ 28%]  (Sampling) 
Chain 1 Iteration: 1700 / 6000 [ 28%]  (Sampling) 
Chain 4 Iteration: 1900 / 6000 [ 31%]  (Sampling) 
Chain 3 Iteration: 1800 / 6000 [ 30%]  (Sampling) 
Chain 2 Iteration: 1800 / 6000 [ 30%]  (Sampling) 
Chain 1 Iteration: 1800 / 6000 [ 30%]  (Sampling) 
Chain 4 Iteration: 2000 / 6000 [ 33%]  (Sampling) 
Chain 3 Iteration: 1900 / 6000 [ 31%]  (Sampling) 
Chain 2 Iteration: 1900 / 6000 [ 31%]  (Sampling) 
Chain 1 Iteration: 1900 / 6000 [ 31%]  (Sampling) 
Chain 4 Iteration: 2100 / 6000 [ 35%]  (Sampling) 
Chain 3 Iteration: 2000 / 6000 [ 33%]  (Sampling) 
Chain 2 Iteration: 2000 / 6000 [ 33%]  (Sampling) 
Chain 1 Iteration: 2000 / 6000 [ 33%]  (Sampling) 
Chain 4 Iteration: 2200 / 6000 [ 36%]  (Sampling) 
Chain 3 Iteration: 2100 / 6000 [ 35%]  (Sampling) 
Chain 2 Iteration: 2100 / 6000 [ 35%]  (Sampling) 
Chain 1 Iteration: 2100 / 6000 [ 35%]  (Sampling) 
Chain 4 Iteration: 2300 / 6000 [ 38%]  (Sampling) 
Chain 3 Iteration: 2200 / 6000 [ 36%]  (Sampling) 
Chain 2 Iteration: 2200 / 6000 [ 36%]  (Sampling) 
Chain 1 Iteration: 2200 / 6000 [ 36%]  (Sampling) 
Chain 4 Iteration: 2400 / 6000 [ 40%]  (Sampling) 
Chain 3 Iteration: 2300 / 6000 [ 38%]  (Sampling) 
Chain 2 Iteration: 2300 / 6000 [ 38%]  (Sampling) 
Chain 1 Iteration: 2300 / 6000 [ 38%]  (Sampling) 
Chain 4 Iteration: 2500 / 6000 [ 41%]  (Sampling) 
Chain 3 Iteration: 2400 / 6000 [ 40%]  (Sampling) 
Chain 2 Iteration: 2400 / 6000 [ 40%]  (Sampling) 
Chain 1 Iteration: 2400 / 6000 [ 40%]  (Sampling) 
Chain 4 Iteration: 2600 / 6000 [ 43%]  (Sampling) 
Chain 3 Iteration: 2500 / 6000 [ 41%]  (Sampling) 
Chain 2 Iteration: 2500 / 6000 [ 41%]  (Sampling) 
Chain 1 Iteration: 2500 / 6000 [ 41%]  (Sampling) 
Chain 4 Iteration: 2700 / 6000 [ 45%]  (Sampling) 
Chain 3 Iteration: 2600 / 6000 [ 43%]  (Sampling) 
Chain 2 Iteration: 2600 / 6000 [ 43%]  (Sampling) 
Chain 1 Iteration: 2600 / 6000 [ 43%]  (Sampling) 
Chain 4 Iteration: 2800 / 6000 [ 46%]  (Sampling) 
Chain 3 Iteration: 2700 / 6000 [ 45%]  (Sampling) 
Chain 2 Iteration: 2700 / 6000 [ 45%]  (Sampling) 
Chain 1 Iteration: 2700 / 6000 [ 45%]  (Sampling) 
Chain 4 Iteration: 2900 / 6000 [ 48%]  (Sampling) 
Chain 3 Iteration: 2800 / 6000 [ 46%]  (Sampling) 
Chain 2 Iteration: 2800 / 6000 [ 46%]  (Sampling) 
Chain 1 Iteration: 2800 / 6000 [ 46%]  (Sampling) 
Chain 3 Iteration: 2900 / 6000 [ 48%]  (Sampling) 
Chain 4 Iteration: 3000 / 6000 [ 50%]  (Sampling) 
Chain 2 Iteration: 2900 / 6000 [ 48%]  (Sampling) 
Chain 1 Iteration: 2900 / 6000 [ 48%]  (Sampling) 
Chain 3 Iteration: 3000 / 6000 [ 50%]  (Sampling) 
Chain 4 Iteration: 3100 / 6000 [ 51%]  (Sampling) 
Chain 2 Iteration: 3000 / 6000 [ 50%]  (Sampling) 
Chain 1 Iteration: 3000 / 6000 [ 50%]  (Sampling) 
Chain 3 Iteration: 3100 / 6000 [ 51%]  (Sampling) 
Chain 4 Iteration: 3200 / 6000 [ 53%]  (Sampling) 
Chain 2 Iteration: 3100 / 6000 [ 51%]  (Sampling) 
Chain 3 Iteration: 3200 / 6000 [ 53%]  (Sampling) 
Chain 1 Iteration: 3100 / 6000 [ 51%]  (Sampling) 
Chain 4 Iteration: 3300 / 6000 [ 55%]  (Sampling) 
Chain 3 Iteration: 3300 / 6000 [ 55%]  (Sampling) 
Chain 2 Iteration: 3200 / 6000 [ 53%]  (Sampling) 
Chain 1 Iteration: 3200 / 6000 [ 53%]  (Sampling) 
Chain 4 Iteration: 3400 / 6000 [ 56%]  (Sampling) 
Chain 3 Iteration: 3400 / 6000 [ 56%]  (Sampling) 
Chain 2 Iteration: 3300 / 6000 [ 55%]  (Sampling) 
Chain 1 Iteration: 3300 / 6000 [ 55%]  (Sampling) 
Chain 4 Iteration: 3500 / 6000 [ 58%]  (Sampling) 
Chain 3 Iteration: 3500 / 6000 [ 58%]  (Sampling) 
Chain 2 Iteration: 3400 / 6000 [ 56%]  (Sampling) 
Chain 1 Iteration: 3400 / 6000 [ 56%]  (Sampling) 
Chain 4 Iteration: 3600 / 6000 [ 60%]  (Sampling) 
Chain 3 Iteration: 3600 / 6000 [ 60%]  (Sampling) 
Chain 2 Iteration: 3500 / 6000 [ 58%]  (Sampling) 
Chain 1 Iteration: 3500 / 6000 [ 58%]  (Sampling) 
Chain 4 Iteration: 3700 / 6000 [ 61%]  (Sampling) 
Chain 3 Iteration: 3700 / 6000 [ 61%]  (Sampling) 
Chain 2 Iteration: 3600 / 6000 [ 60%]  (Sampling) 
Chain 1 Iteration: 3600 / 6000 [ 60%]  (Sampling) 
Chain 3 Iteration: 3800 / 6000 [ 63%]  (Sampling) 
Chain 4 Iteration: 3800 / 6000 [ 63%]  (Sampling) 
Chain 2 Iteration: 3700 / 6000 [ 61%]  (Sampling) 
Chain 3 Iteration: 3900 / 6000 [ 65%]  (Sampling) 
Chain 1 Iteration: 3700 / 6000 [ 61%]  (Sampling) 
Chain 4 Iteration: 3900 / 6000 [ 65%]  (Sampling) 
Chain 3 Iteration: 4000 / 6000 [ 66%]  (Sampling) 
Chain 2 Iteration: 3800 / 6000 [ 63%]  (Sampling) 
Chain 1 Iteration: 3800 / 6000 [ 63%]  (Sampling) 
Chain 4 Iteration: 4000 / 6000 [ 66%]  (Sampling) 
Chain 3 Iteration: 4100 / 6000 [ 68%]  (Sampling) 
Chain 2 Iteration: 3900 / 6000 [ 65%]  (Sampling) 
Chain 1 Iteration: 3900 / 6000 [ 65%]  (Sampling) 
Chain 4 Iteration: 4100 / 6000 [ 68%]  (Sampling) 
Chain 3 Iteration: 4200 / 6000 [ 70%]  (Sampling) 
Chain 2 Iteration: 4000 / 6000 [ 66%]  (Sampling) 
Chain 1 Iteration: 4000 / 6000 [ 66%]  (Sampling) 
Chain 4 Iteration: 4200 / 6000 [ 70%]  (Sampling) 
Chain 3 Iteration: 4300 / 6000 [ 71%]  (Sampling) 
Chain 2 Iteration: 4100 / 6000 [ 68%]  (Sampling) 
Chain 1 Iteration: 4100 / 6000 [ 68%]  (Sampling) 
Chain 3 Iteration: 4400 / 6000 [ 73%]  (Sampling) 
Chain 4 Iteration: 4300 / 6000 [ 71%]  (Sampling) 
Chain 2 Iteration: 4200 / 6000 [ 70%]  (Sampling) 
Chain 3 Iteration: 4500 / 6000 [ 75%]  (Sampling) 
Chain 1 Iteration: 4200 / 6000 [ 70%]  (Sampling) 
Chain 4 Iteration: 4400 / 6000 [ 73%]  (Sampling) 
Chain 3 Iteration: 4600 / 6000 [ 76%]  (Sampling) 
Chain 2 Iteration: 4300 / 6000 [ 71%]  (Sampling) 
Chain 1 Iteration: 4300 / 6000 [ 71%]  (Sampling) 
Chain 4 Iteration: 4500 / 6000 [ 75%]  (Sampling) 
Chain 3 Iteration: 4700 / 6000 [ 78%]  (Sampling) 
Chain 2 Iteration: 4400 / 6000 [ 73%]  (Sampling) 
Chain 1 Iteration: 4400 / 6000 [ 73%]  (Sampling) 
Chain 4 Iteration: 4600 / 6000 [ 76%]  (Sampling) 
Chain 3 Iteration: 4800 / 6000 [ 80%]  (Sampling) 
Chain 2 Iteration: 4500 / 6000 [ 75%]  (Sampling) 
Chain 1 Iteration: 4500 / 6000 [ 75%]  (Sampling) 
Chain 4 Iteration: 4700 / 6000 [ 78%]  (Sampling) 
Chain 3 Iteration: 4900 / 6000 [ 81%]  (Sampling) 
Chain 2 Iteration: 4600 / 6000 [ 76%]  (Sampling) 
Chain 1 Iteration: 4600 / 6000 [ 76%]  (Sampling) 
Chain 4 Iteration: 4800 / 6000 [ 80%]  (Sampling) 
Chain 3 Iteration: 5000 / 6000 [ 83%]  (Sampling) 
Chain 2 Iteration: 4700 / 6000 [ 78%]  (Sampling) 
Chain 1 Iteration: 4700 / 6000 [ 78%]  (Sampling) 
Chain 4 Iteration: 4900 / 6000 [ 81%]  (Sampling) 
Chain 3 Iteration: 5100 / 6000 [ 85%]  (Sampling) 
Chain 2 Iteration: 4800 / 6000 [ 80%]  (Sampling) 
Chain 3 Iteration: 5200 / 6000 [ 86%]  (Sampling) 
Chain 1 Iteration: 4800 / 6000 [ 80%]  (Sampling) 
Chain 4 Iteration: 5000 / 6000 [ 83%]  (Sampling) 
Chain 2 Iteration: 4900 / 6000 [ 81%]  (Sampling) 
Chain 3 Iteration: 5300 / 6000 [ 88%]  (Sampling) 
Chain 1 Iteration: 4900 / 6000 [ 81%]  (Sampling) 
Chain 4 Iteration: 5100 / 6000 [ 85%]  (Sampling) 
Chain 3 Iteration: 5400 / 6000 [ 90%]  (Sampling) 
Chain 2 Iteration: 5000 / 6000 [ 83%]  (Sampling) 
Chain 1 Iteration: 5000 / 6000 [ 83%]  (Sampling) 
Chain 4 Iteration: 5200 / 6000 [ 86%]  (Sampling) 
Chain 3 Iteration: 5500 / 6000 [ 91%]  (Sampling) 
Chain 2 Iteration: 5100 / 6000 [ 85%]  (Sampling) 
Chain 1 Iteration: 5100 / 6000 [ 85%]  (Sampling) 
Chain 4 Iteration: 5300 / 6000 [ 88%]  (Sampling) 
Chain 3 Iteration: 5600 / 6000 [ 93%]  (Sampling) 
Chain 2 Iteration: 5200 / 6000 [ 86%]  (Sampling) 
Chain 1 Iteration: 5200 / 6000 [ 86%]  (Sampling) 
Chain 4 Iteration: 5400 / 6000 [ 90%]  (Sampling) 
Chain 3 Iteration: 5700 / 6000 [ 95%]  (Sampling) 
Chain 2 Iteration: 5300 / 6000 [ 88%]  (Sampling) 
Chain 1 Iteration: 5300 / 6000 [ 88%]  (Sampling) 
Chain 3 Iteration: 5800 / 6000 [ 96%]  (Sampling) 
Chain 4 Iteration: 5500 / 6000 [ 91%]  (Sampling) 
Chain 2 Iteration: 5400 / 6000 [ 90%]  (Sampling) 
Chain 3 Iteration: 5900 / 6000 [ 98%]  (Sampling) 
Chain 1 Iteration: 5400 / 6000 [ 90%]  (Sampling) 
Chain 4 Iteration: 5600 / 6000 [ 93%]  (Sampling) 
Chain 3 Iteration: 6000 / 6000 [100%]  (Sampling) 
Chain 3 finished in 76360.5 seconds.
Chain 2 Iteration: 5500 / 6000 [ 91%]  (Sampling) 
Chain 1 Iteration: 5500 / 6000 [ 91%]  (Sampling) 
Chain 4 Iteration: 5700 / 6000 [ 95%]  (Sampling) 
Chain 2 Iteration: 5600 / 6000 [ 93%]  (Sampling) 
Chain 1 Iteration: 5600 / 6000 [ 93%]  (Sampling) 
Chain 4 Iteration: 5800 / 6000 [ 96%]  (Sampling) 
Chain 2 Iteration: 5700 / 6000 [ 95%]  (Sampling) 
Chain 1 Iteration: 5700 / 6000 [ 95%]  (Sampling) 
Chain 4 Iteration: 5900 / 6000 [ 98%]  (Sampling) 
Chain 1 Iteration: 5800 / 6000 [ 96%]  (Sampling) 
Chain 2 Iteration: 5800 / 6000 [ 96%]  (Sampling) 
Chain 4 Iteration: 6000 / 6000 [100%]  (Sampling) 
Chain 4 finished in 80731.2 seconds.
Chain 1 Iteration: 5900 / 6000 [ 98%]  (Sampling) 
Chain 2 Iteration: 5900 / 6000 [ 98%]  (Sampling) 
Chain 1 Iteration: 6000 / 6000 [100%]  (Sampling) 
Chain 1 finished in 82819.1 seconds.
Chain 2 Iteration: 6000 / 6000 [100%]  (Sampling) 
Chain 2 finished in 82849.4 seconds.

All 4 chains finished successfully.
Mean chain execution time: 80690.0 seconds.
Total execution time: 82850.4 seconds.

[1] "Processing draws 1 to 100"
[1] "Chunk time = 3.24685635169347"
[1] "Processing draws 101 to 200"
[1] "Chunk time = 2.28485029935837"
[1] "Processing draws 201 to 300"
[1] "Chunk time = 2.36695780754089"
[1] "Processing draws 301 to 400"
[1] "Chunk time = 2.18190772533417"
[1] "Processing draws 401 to 500"
[1] "Chunk time = 2.11230288743973"
[1] "Processing draws 501 to 600"
[1] "Chunk time = 2.03166528542837"
[1] "Processing draws 601 to 700"
[1] "Chunk time = 2.12789481480916"
[1] "Processing draws 701 to 800"
[1] "Chunk time = 2.11178297996521"
[1] "Processing draws 801 to 900"
[1] "Chunk time = 2.05347239971161"
[1] "Processing draws 901 to 1000"
[1] "Chunk time = 2.06148508787155"
[1] "Processing draws 1001 to 1100"
[1] "Chunk time = 1.97414304812749"
[1] "Processing draws 1101 to 1200"
[1] "Chunk time = 2.09505426883698"
[1] "Processing draws 1201 to 1300"
[1] "Chunk time = 2.06428249677022"
[1] "Processing draws 1301 to 1400"
[1] "Chunk time = 2.01731805404027"
[1] "Processing draws 1401 to 1500"
[1] "Chunk time = 2.0212238073349"
[1] "Processing draws 1501 to 1600"
[1] "Chunk time = 2.0454142888387"
[1] "Processing draws 1601 to 1700"
[1] "Chunk time = 1.98336000839869"
[1] "Processing draws 1701 to 1800"
[1] "Chunk time = 1.93667912085851"
[1] "Processing draws 1801 to 1900"
[1] "Chunk time = 2.07429804801941"
[1] "Processing draws 1901 to 2000"
[1] "Chunk time = 2.04989892641703"
[1] "Processing draws 2001 to 2100"
[1] "Chunk time = 1.99226438204447"
[1] "Processing draws 2101 to 2200"
[1] "Chunk time = 2.01320064862569"
[1] "Processing draws 2201 to 2300"
[1] "Chunk time = 1.98263633648554"
[1] "Processing draws 2301 to 2400"
[1] "Chunk time = 2.04011004368464"
[1] "Processing draws 2401 to 2500"
[1] "Chunk time = 2.05791909694672"
[1] "Processing draws 2501 to 2600"
[1] "Chunk time = 1.95387465556463"
[1] "Processing draws 2601 to 2700"
[1] "Chunk time = 1.97230960528056"
[1] "Processing draws 2701 to 2800"
[1] "Chunk time = 2.07834935188293"
[1] "Processing draws 2801 to 2900"
[1] "Chunk time = 2.0602441350619"
[1] "Processing draws 2901 to 3000"
[1] "Chunk time = 1.95646936496099"
[1] "Processing draws 3001 to 3100"
[1] "Chunk time = 2.06774175564448"
[1] "Processing draws 3101 to 3200"
[1] "Chunk time = 2.02156347433726"
[1] "Processing draws 3201 to 3300"
[1] "Chunk time = 1.93987834453583"
[1] "Processing draws 3301 to 3400"
[1] "Chunk time = 2.05486512978872"
[1] "Processing draws 3401 to 3500"
[1] "Chunk time = 1.98667937517166"
[1] "Processing draws 3501 to 3600"
[1] "Chunk time = 2.0216012040774"
[1] "Processing draws 3601 to 3700"
[1] "Chunk time = 2.05534182389577"
[1] "Processing draws 3701 to 3800"
[1] "Chunk time = 1.93724139928818"
[1] "Processing draws 3801 to 3900"
[1] "Chunk time = 1.92127088705699"
[1] "Processing draws 3901 to 4000"
[1] "Chunk time = 2.06458005905151"
[1] "Processing draws 4001 to 4100"
[1] "Chunk time = 2.00338116486867"
[1] "Processing draws 4101 to 4200"
[1] "Chunk time = 1.92317794164022"
[1] "Processing draws 4201 to 4300"
[1] "Chunk time = 2.0587773958842"
[1] "Processing draws 4301 to 4400"
[1] "Chunk time = 2.06011702617009"
[1] "Processing draws 4401 to 4500"
[1] "Chunk time = 1.95379630724589"
[1] "Processing draws 4501 to 4600"
[1] "Chunk time = 2.04769244591395"
[1] "Processing draws 4601 to 4700"
[1] "Chunk time = 1.93392109076182"
[1] "Processing draws 4701 to 4800"
[1] "Chunk time = 2.06751064856847"
[1] "Processing draws 4801 to 4900"
[1] "Chunk time = 2.05736418962479"
[1] "Processing draws 4901 to 5000"
[1] "Chunk time = 1.96060122648875"
[1] "Processing draws 5001 to 5100"
[1] "Chunk time = 1.987522315979"
[1] "Processing draws 5101 to 5200"
[1] "Chunk time = 2.07705064614614"
[1] "Processing draws 5201 to 5300"
[1] "Chunk time = 1.97281883557638"
[1] "Processing draws 5301 to 5400"
[1] "Chunk time = 1.95360826253891"
[1] "Processing draws 5401 to 5500"
[1] "Chunk time = 2.0680775642395"
[1] "Processing draws 5501 to 5600"
[1] "Chunk time = 1.9878406047821"
[1] "Processing draws 5601 to 5700"
[1] "Chunk time = 1.91602053244909"
[1] "Processing draws 5701 to 5800"
[1] "Chunk time = 2.04353795448939"
[1] "Processing draws 5801 to 5900"
[1] "Chunk time = 1.909361632665"
[1] "Processing draws 5901 to 6000"
[1] "Chunk time = 1.98735732634862"
[1] "Processing draws 6001 to 6100"
[1] "Chunk time = 2.0410427570343"
[1] "Processing draws 6101 to 6200"
[1] "Chunk time = 1.94521490335464"
[1] "Processing draws 6201 to 6300"
[1] "Chunk time = 1.91392778555552"
[1] "Processing draws 6301 to 6400"
[1] "Chunk time = 2.04787338972092"
[1] "Processing draws 6401 to 6500"
[1] "Chunk time = 1.91158953507741"
[1] "Processing draws 6501 to 6600"
[1] "Chunk time = 1.91155687967936"
[1] "Processing draws 6601 to 6700"
[1] "Chunk time = 2.05239813327789"
[1] "Processing draws 6701 to 6800"
[1] "Chunk time = 1.9956428527832"
[1] "Processing draws 6801 to 6900"
[1] "Chunk time = 1.96519931554794"
[1] "Processing draws 6901 to 7000"
[1] "Chunk time = 2.04820667505264"
[1] "Processing draws 7001 to 7100"
[1] "Chunk time = 1.91076316038767"
[1] "Processing draws 7101 to 7200"
[1] "Chunk time = 1.99388902982076"
[1] "Processing draws 7201 to 7300"
[1] "Chunk time = 2.05677537123362"
[1] "Processing draws 7301 to 7400"
[1] "Chunk time = 1.91244173049927"
[1] "Processing draws 7401 to 7500"
[1] "Chunk time = 1.92928522030512"
[1] "Processing draws 7501 to 7600"
[1] "Chunk time = 2.05590395132701"
[1] "Processing draws 7601 to 7700"
[1] "Chunk time = 1.90915044148763"
[1] "Processing draws 7701 to 7800"
[1] "Chunk time = 1.90903315146764"
[1] "Processing draws 7801 to 7900"
[1] "Chunk time = 2.03670851786931"
[1] "Processing draws 7901 to 8000"
[1] "Chunk time = 1.99741904735565"
[1] "Processing draws 8001 to 8100"
[1] "Chunk time = 1.91317809422811"
[1] "Processing draws 8101 to 8200"
[1] "Chunk time = 2.04940824508667"
[1] "Processing draws 8201 to 8300"
[1] "Chunk time = 1.92927220662435"
[1] "Processing draws 8301 to 8400"
[1] "Chunk time = 1.99698049227397"
[1] "Processing draws 8401 to 8500"
[1] "Chunk time = 2.04247459570567"
[1] "Processing draws 8501 to 8600"
[1] "Chunk time = 1.90832360188166"
[1] "Processing draws 8601 to 8700"
[1] "Chunk time = 1.90501667658488"
[1] "Processing draws 8701 to 8800"
[1] "Chunk time = 2.05059465567271"
[1] "Processing draws 8801 to 8900"
[1] "Chunk time = 1.94349104960759"
[1] "Processing draws 8901 to 9000"
[1] "Chunk time = 1.98231143156687"
[1] "Processing draws 9001 to 9100"
[1] "Chunk time = 2.0675940990448"
[1] "Processing draws 9101 to 9200"
[1] "Chunk time = 2.02565064032873"
[1] "Processing draws 9201 to 9300"
[1] "Chunk time = 1.94576766888301"
[1] "Processing draws 9301 to 9400"
[1] "Chunk time = 2.05746872822444"
[1] "Processing draws 9401 to 9500"
[1] "Chunk time = 1.93670401573181"
[1] "Processing draws 9501 to 9600"
[1] "Chunk time = 2.02838077545166"
[1] "Processing draws 9601 to 9700"
[1] "Chunk time = 2.06190743048986"
[1] "Processing draws 9701 to 9800"
[1] "Chunk time = 1.93040876785914"
[1] "Processing draws 9801 to 9900"
[1] "Chunk time = 1.93766252597173"
[1] "Processing draws 9901 to 10000"
[1] "Chunk time = 2.06939194202423"
[1] "Processing draws 10001 to 10100"
[1] "Chunk time = 1.94174271821976"
[1] "Processing draws 10101 to 10200"
[1] "Chunk time = 1.9325009504954"
[1] "Processing draws 10201 to 10300"
[1] "Chunk time = 2.05654922326406"
[1] "Processing draws 10301 to 10400"
[1] "Chunk time = 2.02498104572296"
[1] "Processing draws 10401 to 10500"
[1] "Chunk time = 1.9395018696785"
[1] "Processing draws 10501 to 10600"
[1] "Chunk time = 2.06039260228475"
[1] "Processing draws 10601 to 10700"
[1] "Chunk time = 1.93789168596268"
[1] "Processing draws 10701 to 10800"
[1] "Chunk time = 2.02587720950445"
[1] "Processing draws 10801 to 10900"
[1] "Chunk time = 2.05244433482488"
[1] "Processing draws 10901 to 11000"
[1] "Chunk time = 1.95086917479833"
[1] "Processing draws 11001 to 11100"
[1] "Chunk time = 1.97313206195831"
[1] "Processing draws 11101 to 11200"
[1] "Chunk time = 2.07402538855871"
[1] "Processing draws 11201 to 11300"
[1] "Chunk time = 1.94110066095988"
[1] "Processing draws 11301 to 11400"
[1] "Chunk time = 1.92901740868886"
[1] "Processing draws 11401 to 11500"
[1] "Chunk time = 2.06783590714137"
[1] "Processing draws 11501 to 11600"
[1] "Chunk time = 2.02418843905131"
[1] "Processing draws 11601 to 11700"
[1] "Chunk time = 1.93197441895803"
[1] "Processing draws 11701 to 11800"
[1] "Chunk time = 2.06433614492416"
[1] "Processing draws 11801 to 11900"
[1] "Chunk time = 1.94340004523595"
[1] "Processing draws 11901 to 12000"
[1] "Chunk time = 2.03875643014908"
[1] "Processing draws 12001 to 12100"
[1] "Chunk time = 2.06930130720139"
[1] "Processing draws 12101 to 12200"
[1] "Chunk time = 1.95095948775609"
[1] "Processing draws 12201 to 12300"
[1] "Chunk time = 1.93908488750458"
[1] "Processing draws 12301 to 12400"
[1] "Chunk time = 2.0684011777242"
[1] "Processing draws 12401 to 12500"
[1] "Chunk time = 1.96647851069768"
[1] "Processing draws 12501 to 12600"
[1] "Chunk time = 1.95270855426788"
[1] "Processing draws 12601 to 12700"
[1] "Chunk time = 2.06806836525599"
[1] "Processing draws 12701 to 12800"
[1] "Chunk time = 2.04269216458003"
[1] "Processing draws 12801 to 12900"
[1] "Chunk time = 1.94528001149495"
[1] "Processing draws 12901 to 13000"
[1] "Chunk time = 2.06973363558451"
[1] "Processing draws 13001 to 13100"
[1] "Chunk time = 1.93579332033793"
[1] "Processing draws 13101 to 13200"
[1] "Chunk time = 2.02091937462489"
[1] "Processing draws 13201 to 13300"
[1] "Chunk time = 2.06597922643026"
[1] "Processing draws 13301 to 13400"
[1] "Chunk time = 1.95201103289922"
[1] "Processing draws 13401 to 13500"
[1] "Chunk time = 1.94639216264089"
[1] "Processing draws 13501 to 13600"
[1] "Chunk time = 2.08023886283239"
[1] "Processing draws 13601 to 13700"
[1] "Chunk time = 1.96455859740575"
[1] "Processing draws 13701 to 13800"
[1] "Chunk time = 1.99303534825643"
[1] "Processing draws 13801 to 13900"
[1] "Chunk time = 2.0648962299029"
[1] "Processing draws 13901 to 14000"
[1] "Chunk time = 2.02888332207998"
[1] "Processing draws 14001 to 14100"
[1] "Chunk time = 1.92366937398911"
[1] "Processing draws 14101 to 14200"
[1] "Chunk time = 2.07388439973195"
[1] "Processing draws 14201 to 14300"
[1] "Chunk time = 1.91621797084808"
[1] "Processing draws 14301 to 14400"
[1] "Chunk time = 2.03599166472753"
[1] "Processing draws 14401 to 14500"
[1] "Chunk time = 2.07473741372426"
[1] "Processing draws 14501 to 14600"
[1] "Chunk time = 1.98517303069433"
[1] "Processing draws 14601 to 14700"
[1] "Chunk time = 1.92570426464081"
[1] "Processing draws 14701 to 14800"
[1] "Chunk time = 2.07775579293569"
[1] "Processing draws 14801 to 14900"
[1] "Chunk time = 1.91768684784571"
[1] "Processing draws 14901 to 15000"
[1] "Chunk time = 1.92899477084478"
[1] "Processing draws 15001 to 15100"
[1] "Chunk time = 2.07027055025101"
[1] "Processing draws 15101 to 15200"
[1] "Chunk time = 2.0283412138621"
[1] "Processing draws 15201 to 15300"
[1] "Chunk time = 1.99630933205287"
[1] "Processing draws 15301 to 15400"
[1] "Chunk time = 2.07961937189102"
[1] "Processing draws 15401 to 15500"
[1] "Chunk time = 1.94749926328659"
[1] "Processing draws 15501 to 15600"
[1] "Chunk time = 1.94880010286967"
[1] "Processing draws 15601 to 15700"
[1] "Chunk time = 2.07231683333715"
[1] "Processing draws 15701 to 15800"
[1] "Chunk time = 1.94752651055654"
[1] "Processing draws 15801 to 15900"
[1] "Chunk time = 1.96602994600932"
[1] "Processing draws 15901 to 16000"
[1] "Chunk time = 2.06603115399679"
[1] "Processing draws 16001 to 16100"
[1] "Chunk time = 1.90755902528763"
[1] "Processing draws 16101 to 16200"
[1] "Chunk time = 1.92807310024897"
[1] "Processing draws 16201 to 16300"
[1] "Chunk time = 2.06470386187235"
[1] "Processing draws 16301 to 16400"
[1] "Chunk time = 1.95035738547643"
[1] "Processing draws 16401 to 16500"
[1] "Chunk time = 1.96123739083608"
[1] "Processing draws 16501 to 16600"
[1] "Chunk time = 2.06660654942195"
[1] "Processing draws 16601 to 16700"
[1] "Chunk time = 1.98602459828059"
[1] "Processing draws 16701 to 16800"
[1] "Chunk time = 1.94450683991114"
[1] "Processing draws 16801 to 16900"
[1] "Chunk time = 2.06821841398875"
[1] "Processing draws 16901 to 17000"
[1] "Chunk time = 1.94115045070648"
[1] "Processing draws 17001 to 17100"
[1] "Chunk time = 1.88601583639781"
[1] "Processing draws 17101 to 17200"
[1] "Chunk time = 2.06737589836121"
[1] "Processing draws 17201 to 17300"
[1] "Chunk time = 1.97609057823817"
[1] "Processing draws 17301 to 17400"
[1] "Chunk time = 1.98883200089137"
[1] "Processing draws 17401 to 17500"
[1] "Chunk time = 2.06939089695613"
[1] "Processing draws 17501 to 17600"
[1] "Chunk time = 1.94871127208074"
[1] "Processing draws 17601 to 17700"
[1] "Chunk time = 1.89848233858744"
[1] "Processing draws 17701 to 17800"
[1] "Chunk time = 2.07069062391917"
[1] "Processing draws 17801 to 17900"
[1] "Chunk time = 1.99853444496791"
[1] "Processing draws 17901 to 18000"
[1] "Chunk time = 1.98333380222321"
[1] "Processing draws 18001 to 18100"
[1] "Chunk time = 2.06304924090703"
[1] "Processing draws 18101 to 18200"
[1] "Chunk time = 1.93188000917435"
[1] "Processing draws 18201 to 18300"
[1] "Chunk time = 1.94250569343567"
[1] "Processing draws 18301 to 18400"
[1] "Chunk time = 2.08659027417501"
[1] "Processing draws 18401 to 18500"
[1] "Chunk time = 1.91092442671458"
[1] "Processing draws 18501 to 18600"
[1] "Chunk time = 1.98129879236221"
[1] "Processing draws 18601 to 18700"
[1] "Chunk time = 2.06085079113642"
[1] "Processing draws 18701 to 18800"
[1] "Chunk time = 1.99554048379262"
[1] "Processing draws 18801 to 18900"
[1] "Chunk time = 1.92844719489415"
[1] "Processing draws 18901 to 19000"
[1] "Chunk time = 2.06437890132268"
[1] "Processing draws 19001 to 19100"
[1] "Chunk time = 1.94556773503621"
[1] "Processing draws 19101 to 19200"
[1] "Chunk time = 1.95955414374669"
[1] "Processing draws 19201 to 19300"
[1] "Chunk time = 2.07561586697896"
[1] "Processing draws 19301 to 19400"
[1] "Chunk time = 1.91185685396194"
[1] "Processing draws 19401 to 19500"
[1] "Chunk time = 1.98628838459651"
[1] "Processing draws 19501 to 19600"
[1] "Chunk time = 2.06454600095749"
[1] "Processing draws 19601 to 19700"
[1] "Chunk time = 1.92522919178009"
[1] "Processing draws 19701 to 19800"
[1] "Chunk time = 1.92016026178996"
[1] "Processing draws 19801 to 19900"
[1] "Chunk time = 2.07329255342484"
[1] "Processing draws 19901 to 20000"
[1] "Chunk time = 1.9603706518809"
[1] "done lapplying"
[1] "Saving current params"
[1] "Saving params to output.rds"
[1] TRUE
[1] "Time for modelling:"
[1] "2025-07-02 18:40:28 EDT"
[1] "Time for posterior computations:"
Time difference of 6.715526 hours
[1] "Total time:"
[1] "2025-07-03 01:23:24 EDT"
