[1] "Starting sampling."
Running MCMC with 4 parallel chains, with 4 thread(s) per chain...

Chain 1 Iteration:    1 / 6000 [  0%]  (Warmup) 
Chain 2 Iteration:    1 / 6000 [  0%]  (Warmup) 
Chain 3 Iteration:    1 / 6000 [  0%]  (Warmup) 
Chain 4 Iteration:    1 / 6000 [  0%]  (Warmup) 
Chain 4 Iteration:  100 / 6000 [  1%]  (Warmup) 
Chain 2 Iteration:  100 / 6000 [  1%]  (Warmup) 
Chain 3 Iteration:  100 / 6000 [  1%]  (Warmup) 
Chain 1 Iteration:  100 / 6000 [  1%]  (Warmup) 
Chain 4 Iteration:  200 / 6000 [  3%]  (Warmup) 
Chain 2 Iteration:  200 / 6000 [  3%]  (Warmup) 
Chain 3 Iteration:  200 / 6000 [  3%]  (Warmup) 
Chain 1 Iteration:  200 / 6000 [  3%]  (Warmup) 
Chain 4 Iteration:  300 / 6000 [  5%]  (Warmup) 
Chain 3 Iteration:  300 / 6000 [  5%]  (Warmup) 
Chain 2 Iteration:  300 / 6000 [  5%]  (Warmup) 
Chain 1 Iteration:  300 / 6000 [  5%]  (Warmup) 
Chain 4 Iteration:  400 / 6000 [  6%]  (Warmup) 
Chain 3 Iteration:  400 / 6000 [  6%]  (Warmup) 
Chain 2 Iteration:  400 / 6000 [  6%]  (Warmup) 
Chain 1 Iteration:  400 / 6000 [  6%]  (Warmup) 
Chain 4 Iteration:  500 / 6000 [  8%]  (Warmup) 
Chain 3 Iteration:  500 / 6000 [  8%]  (Warmup) 
Chain 2 Iteration:  500 / 6000 [  8%]  (Warmup) 
Chain 1 Iteration:  500 / 6000 [  8%]  (Warmup) 
Chain 4 Iteration:  600 / 6000 [ 10%]  (Warmup) 
Chain 2 Iteration:  600 / 6000 [ 10%]  (Warmup) 
Chain 3 Iteration:  600 / 6000 [ 10%]  (Warmup) 
Chain 1 Iteration:  600 / 6000 [ 10%]  (Warmup) 
Chain 4 Iteration:  700 / 6000 [ 11%]  (Warmup) 
Chain 3 Iteration:  700 / 6000 [ 11%]  (Warmup) 
Chain 1 Iteration:  700 / 6000 [ 11%]  (Warmup) 
Chain 2 Iteration:  700 / 6000 [ 11%]  (Warmup) 
Chain 4 Iteration:  800 / 6000 [ 13%]  (Warmup) 
Chain 3 Iteration:  800 / 6000 [ 13%]  (Warmup) 
Chain 1 Iteration:  800 / 6000 [ 13%]  (Warmup) 
Chain 4 Iteration:  900 / 6000 [ 15%]  (Warmup) 
Chain 2 Iteration:  800 / 6000 [ 13%]  (Warmup) 
Chain 3 Iteration:  900 / 6000 [ 15%]  (Warmup) 
Chain 1 Iteration:  900 / 6000 [ 15%]  (Warmup) 
Chain 2 Iteration:  900 / 6000 [ 15%]  (Warmup) 
Chain 4 Iteration: 1000 / 6000 [ 16%]  (Warmup) 
Chain 4 Iteration: 1001 / 6000 [ 16%]  (Sampling) 
Chain 3 Iteration: 1000 / 6000 [ 16%]  (Warmup) 
Chain 3 Iteration: 1001 / 6000 [ 16%]  (Sampling) 
Chain 1 Iteration: 1000 / 6000 [ 16%]  (Warmup) 
Chain 1 Iteration: 1001 / 6000 [ 16%]  (Sampling) 
Chain 4 Iteration: 1100 / 6000 [ 18%]  (Sampling) 
Chain 2 Iteration: 1000 / 6000 [ 16%]  (Warmup) 
Chain 2 Iteration: 1001 / 6000 [ 16%]  (Sampling) 
Chain 3 Iteration: 1100 / 6000 [ 18%]  (Sampling) 
Chain 1 Iteration: 1100 / 6000 [ 18%]  (Sampling) 
Chain 4 Iteration: 1200 / 6000 [ 20%]  (Sampling) 
Chain 2 Iteration: 1100 / 6000 [ 18%]  (Sampling) 
Chain 3 Iteration: 1200 / 6000 [ 20%]  (Sampling) 
Chain 1 Iteration: 1200 / 6000 [ 20%]  (Sampling) 
Chain 4 Iteration: 1300 / 6000 [ 21%]  (Sampling) 
Chain 2 Iteration: 1200 / 6000 [ 20%]  (Sampling) 
Chain 3 Iteration: 1300 / 6000 [ 21%]  (Sampling) 
Chain 1 Iteration: 1300 / 6000 [ 21%]  (Sampling) 
Chain 4 Iteration: 1400 / 6000 [ 23%]  (Sampling) 
Chain 2 Iteration: 1300 / 6000 [ 21%]  (Sampling) 
Chain 3 Iteration: 1400 / 6000 [ 23%]  (Sampling) 
Chain 1 Iteration: 1400 / 6000 [ 23%]  (Sampling) 
Chain 4 Iteration: 1500 / 6000 [ 25%]  (Sampling) 
Chain 2 Iteration: 1400 / 6000 [ 23%]  (Sampling) 
Chain 3 Iteration: 1500 / 6000 [ 25%]  (Sampling) 
Chain 1 Iteration: 1500 / 6000 [ 25%]  (Sampling) 
Chain 4 Iteration: 1600 / 6000 [ 26%]  (Sampling) 
Chain 2 Iteration: 1500 / 6000 [ 25%]  (Sampling) 
Chain 3 Iteration: 1600 / 6000 [ 26%]  (Sampling) 
Chain 1 Iteration: 1600 / 6000 [ 26%]  (Sampling) 
Chain 4 Iteration: 1700 / 6000 [ 28%]  (Sampling) 
Chain 2 Iteration: 1600 / 6000 [ 26%]  (Sampling) 
Chain 3 Iteration: 1700 / 6000 [ 28%]  (Sampling) 
Chain 1 Iteration: 1700 / 6000 [ 28%]  (Sampling) 
Chain 4 Iteration: 1800 / 6000 [ 30%]  (Sampling) 
Chain 2 Iteration: 1700 / 6000 [ 28%]  (Sampling) 
Chain 3 Iteration: 1800 / 6000 [ 30%]  (Sampling) 
Chain 1 Iteration: 1800 / 6000 [ 30%]  (Sampling) 
Chain 4 Iteration: 1900 / 6000 [ 31%]  (Sampling) 
Chain 2 Iteration: 1800 / 6000 [ 30%]  (Sampling) 
Chain 3 Iteration: 1900 / 6000 [ 31%]  (Sampling) 
Chain 1 Iteration: 1900 / 6000 [ 31%]  (Sampling) 
Chain 4 Iteration: 2000 / 6000 [ 33%]  (Sampling) 
Chain 2 Iteration: 1900 / 6000 [ 31%]  (Sampling) 
Chain 3 Iteration: 2000 / 6000 [ 33%]  (Sampling) 
Chain 1 Iteration: 2000 / 6000 [ 33%]  (Sampling) 
Chain 4 Iteration: 2100 / 6000 [ 35%]  (Sampling) 
Chain 2 Iteration: 2000 / 6000 [ 33%]  (Sampling) 
Chain 3 Iteration: 2100 / 6000 [ 35%]  (Sampling) 
Chain 1 Iteration: 2100 / 6000 [ 35%]  (Sampling) 
Chain 4 Iteration: 2200 / 6000 [ 36%]  (Sampling) 
Chain 2 Iteration: 2100 / 6000 [ 35%]  (Sampling) 
Chain 3 Iteration: 2200 / 6000 [ 36%]  (Sampling) 
Chain 4 Iteration: 2300 / 6000 [ 38%]  (Sampling) 
Chain 2 Iteration: 2200 / 6000 [ 36%]  (Sampling) 
Chain 1 Iteration: 2200 / 6000 [ 36%]  (Sampling) 
Chain 3 Iteration: 2300 / 6000 [ 38%]  (Sampling) 
Chain 4 Iteration: 2400 / 6000 [ 40%]  (Sampling) 
Chain 2 Iteration: 2300 / 6000 [ 38%]  (Sampling) 
Chain 1 Iteration: 2300 / 6000 [ 38%]  (Sampling) 
Chain 3 Iteration: 2400 / 6000 [ 40%]  (Sampling) 
Chain 4 Iteration: 2500 / 6000 [ 41%]  (Sampling) 
Chain 2 Iteration: 2400 / 6000 [ 40%]  (Sampling) 
Chain 1 Iteration: 2400 / 6000 [ 40%]  (Sampling) 
Chain 3 Iteration: 2500 / 6000 [ 41%]  (Sampling) 
Chain 4 Iteration: 2600 / 6000 [ 43%]  (Sampling) 
Chain 2 Iteration: 2500 / 6000 [ 41%]  (Sampling) 
Chain 1 Iteration: 2500 / 6000 [ 41%]  (Sampling) 
Chain 3 Iteration: 2600 / 6000 [ 43%]  (Sampling) 
Chain 4 Iteration: 2700 / 6000 [ 45%]  (Sampling) 
Chain 2 Iteration: 2600 / 6000 [ 43%]  (Sampling) 
Chain 1 Iteration: 2600 / 6000 [ 43%]  (Sampling) 
Chain 3 Iteration: 2700 / 6000 [ 45%]  (Sampling) 
Chain 2 Iteration: 2700 / 6000 [ 45%]  (Sampling) 
Chain 4 Iteration: 2800 / 6000 [ 46%]  (Sampling) 
Chain 1 Iteration: 2700 / 6000 [ 45%]  (Sampling) 
Chain 3 Iteration: 2800 / 6000 [ 46%]  (Sampling) 
Chain 2 Iteration: 2800 / 6000 [ 46%]  (Sampling) 
Chain 4 Iteration: 2900 / 6000 [ 48%]  (Sampling) 
Chain 1 Iteration: 2800 / 6000 [ 46%]  (Sampling) 
Chain 3 Iteration: 2900 / 6000 [ 48%]  (Sampling) 
Chain 2 Iteration: 2900 / 6000 [ 48%]  (Sampling) 
Chain 4 Iteration: 3000 / 6000 [ 50%]  (Sampling) 
Chain 1 Iteration: 2900 / 6000 [ 48%]  (Sampling) 
Chain 3 Iteration: 3000 / 6000 [ 50%]  (Sampling) 
Chain 2 Iteration: 3000 / 6000 [ 50%]  (Sampling) 
Chain 4 Iteration: 3100 / 6000 [ 51%]  (Sampling) 
Chain 1 Iteration: 3000 / 6000 [ 50%]  (Sampling) 
Chain 3 Iteration: 3100 / 6000 [ 51%]  (Sampling) 
Chain 2 Iteration: 3100 / 6000 [ 51%]  (Sampling) 
Chain 4 Iteration: 3200 / 6000 [ 53%]  (Sampling) 
Chain 1 Iteration: 3100 / 6000 [ 51%]  (Sampling) 
Chain 3 Iteration: 3200 / 6000 [ 53%]  (Sampling) 
Chain 2 Iteration: 3200 / 6000 [ 53%]  (Sampling) 
Chain 4 Iteration: 3300 / 6000 [ 55%]  (Sampling) 
Chain 1 Iteration: 3200 / 6000 [ 53%]  (Sampling) 
Chain 3 Iteration: 3300 / 6000 [ 55%]  (Sampling) 
Chain 2 Iteration: 3300 / 6000 [ 55%]  (Sampling) 
Chain 4 Iteration: 3400 / 6000 [ 56%]  (Sampling) 
Chain 1 Iteration: 3300 / 6000 [ 55%]  (Sampling) 
Chain 3 Iteration: 3400 / 6000 [ 56%]  (Sampling) 
Chain 2 Iteration: 3400 / 6000 [ 56%]  (Sampling) 
Chain 4 Iteration: 3500 / 6000 [ 58%]  (Sampling) 
Chain 1 Iteration: 3400 / 6000 [ 56%]  (Sampling) 
Chain 3 Iteration: 3500 / 6000 [ 58%]  (Sampling) 
Chain 2 Iteration: 3500 / 6000 [ 58%]  (Sampling) 
Chain 4 Iteration: 3600 / 6000 [ 60%]  (Sampling) 
Chain 1 Iteration: 3500 / 6000 [ 58%]  (Sampling) 
Chain 3 Iteration: 3600 / 6000 [ 60%]  (Sampling) 
Chain 2 Iteration: 3600 / 6000 [ 60%]  (Sampling) 
Chain 4 Iteration: 3700 / 6000 [ 61%]  (Sampling) 
Chain 1 Iteration: 3600 / 6000 [ 60%]  (Sampling) 
Chain 3 Iteration: 3700 / 6000 [ 61%]  (Sampling) 
Chain 2 Iteration: 3700 / 6000 [ 61%]  (Sampling) 
Chain 4 Iteration: 3800 / 6000 [ 63%]  (Sampling) 
Chain 1 Iteration: 3700 / 6000 [ 61%]  (Sampling) 
Chain 3 Iteration: 3800 / 6000 [ 63%]  (Sampling) 
Chain 2 Iteration: 3800 / 6000 [ 63%]  (Sampling) 
Chain 4 Iteration: 3900 / 6000 [ 65%]  (Sampling) 
Chain 1 Iteration: 3800 / 6000 [ 63%]  (Sampling) 
Chain 3 Iteration: 3900 / 6000 [ 65%]  (Sampling) 
Chain 2 Iteration: 3900 / 6000 [ 65%]  (Sampling) 
Chain 4 Iteration: 4000 / 6000 [ 66%]  (Sampling) 
Chain 1 Iteration: 3900 / 6000 [ 65%]  (Sampling) 
Chain 3 Iteration: 4000 / 6000 [ 66%]  (Sampling) 
Chain 2 Iteration: 4000 / 6000 [ 66%]  (Sampling) 
Chain 4 Iteration: 4100 / 6000 [ 68%]  (Sampling) 
Chain 1 Iteration: 4000 / 6000 [ 66%]  (Sampling) 
Chain 3 Iteration: 4100 / 6000 [ 68%]  (Sampling) 
Chain 2 Iteration: 4100 / 6000 [ 68%]  (Sampling) 
Chain 4 Iteration: 4200 / 6000 [ 70%]  (Sampling) 
Chain 1 Iteration: 4100 / 6000 [ 68%]  (Sampling) 
Chain 3 Iteration: 4200 / 6000 [ 70%]  (Sampling) 
Chain 2 Iteration: 4200 / 6000 [ 70%]  (Sampling) 
Chain 4 Iteration: 4300 / 6000 [ 71%]  (Sampling) 
Chain 1 Iteration: 4200 / 6000 [ 70%]  (Sampling) 
Chain 2 Iteration: 4300 / 6000 [ 71%]  (Sampling) 
Chain 3 Iteration: 4300 / 6000 [ 71%]  (Sampling) 
Chain 4 Iteration: 4400 / 6000 [ 73%]  (Sampling) 
Chain 1 Iteration: 4300 / 6000 [ 71%]  (Sampling) 
Chain 2 Iteration: 4400 / 6000 [ 73%]  (Sampling) 
Chain 3 Iteration: 4400 / 6000 [ 73%]  (Sampling) 
Chain 4 Iteration: 4500 / 6000 [ 75%]  (Sampling) 
Chain 1 Iteration: 4400 / 6000 [ 73%]  (Sampling) 
Chain 2 Iteration: 4500 / 6000 [ 75%]  (Sampling) 
Chain 3 Iteration: 4500 / 6000 [ 75%]  (Sampling) 
Chain 4 Iteration: 4600 / 6000 [ 76%]  (Sampling) 
Chain 1 Iteration: 4500 / 6000 [ 75%]  (Sampling) 
Chain 2 Iteration: 4600 / 6000 [ 76%]  (Sampling) 
Chain 4 Iteration: 4700 / 6000 [ 78%]  (Sampling) 
Chain 3 Iteration: 4600 / 6000 [ 76%]  (Sampling) 
Chain 1 Iteration: 4600 / 6000 [ 76%]  (Sampling) 
Chain 2 Iteration: 4700 / 6000 [ 78%]  (Sampling) 
Chain 4 Iteration: 4800 / 6000 [ 80%]  (Sampling) 
Chain 3 Iteration: 4700 / 6000 [ 78%]  (Sampling) 
Chain 1 Iteration: 4700 / 6000 [ 78%]  (Sampling) 
Chain 2 Iteration: 4800 / 6000 [ 80%]  (Sampling) 
Chain 4 Iteration: 4900 / 6000 [ 81%]  (Sampling) 
Chain 3 Iteration: 4800 / 6000 [ 80%]  (Sampling) 
Chain 1 Iteration: 4800 / 6000 [ 80%]  (Sampling) 
Chain 2 Iteration: 4900 / 6000 [ 81%]  (Sampling) 
Chain 4 Iteration: 5000 / 6000 [ 83%]  (Sampling) 
Chain 3 Iteration: 4900 / 6000 [ 81%]  (Sampling) 
Chain 1 Iteration: 4900 / 6000 [ 81%]  (Sampling) 
Chain 2 Iteration: 5000 / 6000 [ 83%]  (Sampling) 
Chain 4 Iteration: 5100 / 6000 [ 85%]  (Sampling) 
Chain 3 Iteration: 5000 / 6000 [ 83%]  (Sampling) 
Chain 1 Iteration: 5000 / 6000 [ 83%]  (Sampling) 
Chain 2 Iteration: 5100 / 6000 [ 85%]  (Sampling) 
Chain 4 Iteration: 5200 / 6000 [ 86%]  (Sampling) 
Chain 3 Iteration: 5100 / 6000 [ 85%]  (Sampling) 
Chain 1 Iteration: 5100 / 6000 [ 85%]  (Sampling) 
Chain 2 Iteration: 5200 / 6000 [ 86%]  (Sampling) 
Chain 4 Iteration: 5300 / 6000 [ 88%]  (Sampling) 
Chain 3 Iteration: 5200 / 6000 [ 86%]  (Sampling) 
Chain 1 Iteration: 5200 / 6000 [ 86%]  (Sampling) 
Chain 2 Iteration: 5300 / 6000 [ 88%]  (Sampling) 
Chain 4 Iteration: 5400 / 6000 [ 90%]  (Sampling) 
Chain 3 Iteration: 5300 / 6000 [ 88%]  (Sampling) 
Chain 1 Iteration: 5300 / 6000 [ 88%]  (Sampling) 
Chain 2 Iteration: 5400 / 6000 [ 90%]  (Sampling) 
Chain 4 Iteration: 5500 / 6000 [ 91%]  (Sampling) 
Chain 3 Iteration: 5400 / 6000 [ 90%]  (Sampling) 
Chain 1 Iteration: 5400 / 6000 [ 90%]  (Sampling) 
Chain 2 Iteration: 5500 / 6000 [ 91%]  (Sampling) 
Chain 4 Iteration: 5600 / 6000 [ 93%]  (Sampling) 
Chain 3 Iteration: 5500 / 6000 [ 91%]  (Sampling) 
Chain 1 Iteration: 5500 / 6000 [ 91%]  (Sampling) 
Chain 2 Iteration: 5600 / 6000 [ 93%]  (Sampling) 
Chain 4 Iteration: 5700 / 6000 [ 95%]  (Sampling) 
Chain 3 Iteration: 5600 / 6000 [ 93%]  (Sampling) 
Chain 1 Iteration: 5600 / 6000 [ 93%]  (Sampling) 
Chain 2 Iteration: 5700 / 6000 [ 95%]  (Sampling) 
Chain 4 Iteration: 5800 / 6000 [ 96%]  (Sampling) 
Chain 3 Iteration: 5700 / 6000 [ 95%]  (Sampling) 
Chain 1 Iteration: 5700 / 6000 [ 95%]  (Sampling) 
Chain 2 Iteration: 5800 / 6000 [ 96%]  (Sampling) 
Chain 4 Iteration: 5900 / 6000 [ 98%]  (Sampling) 
Chain 3 Iteration: 5800 / 6000 [ 96%]  (Sampling) 
Chain 1 Iteration: 5800 / 6000 [ 96%]  (Sampling) 
Chain 2 Iteration: 5900 / 6000 [ 98%]  (Sampling) 
Chain 4 Iteration: 6000 / 6000 [100%]  (Sampling) 
Chain 4 finished in 1833.1 seconds.
Chain 3 Iteration: 5900 / 6000 [ 98%]  (Sampling) 
Chain 1 Iteration: 5900 / 6000 [ 98%]  (Sampling) 
Chain 2 Iteration: 6000 / 6000 [100%]  (Sampling) 
Chain 2 finished in 1858.0 seconds.
Chain 3 Iteration: 6000 / 6000 [100%]  (Sampling) 
Chain 3 finished in 1861.5 seconds.
Chain 1 Iteration: 6000 / 6000 [100%]  (Sampling) 
Chain 1 finished in 1864.8 seconds.

All 4 chains finished successfully.
Mean chain execution time: 1854.4 seconds.
Total execution time: 1865.0 seconds.

[1] "Processing draws 1 to 100"
[1] "Chunk time = 51.3695578575134"
[1] "Processing draws 101 to 200"
[1] "Chunk time = 17.5333168506622"
[1] "Processing draws 201 to 300"
[1] "Chunk time = 16.8739376068115"
[1] "Processing draws 301 to 400"
[1] "Chunk time = 17.1164231300354"
[1] "Processing draws 401 to 500"
[1] "Chunk time = 17.0949149131775"
[1] "Processing draws 501 to 600"
[1] "Chunk time = 16.829822063446"
[1] "Processing draws 601 to 700"
[1] "Chunk time = 17.1942322254181"
[1] "Processing draws 701 to 800"
[1] "Chunk time = 18.1927280426025"
[1] "Processing draws 801 to 900"
[1] "Chunk time = 18.1899173259735"
[1] "Processing draws 901 to 1000"
[1] "Chunk time = 17.791757106781"
[1] "Processing draws 1001 to 1100"
[1] "Chunk time = 17.6976590156555"
[1] "Processing draws 1101 to 1200"
[1] "Chunk time = 17.7966034412384"
[1] "Processing draws 1201 to 1300"
[1] "Chunk time = 17.6016321182251"
[1] "Processing draws 1301 to 1400"
[1] "Chunk time = 17.8657114505768"
[1] "Processing draws 1401 to 1500"
[1] "Chunk time = 17.6891560554504"
[1] "Processing draws 1501 to 1600"
[1] "Chunk time = 18.396959066391"
[1] "Processing draws 1601 to 1700"
[1] "Chunk time = 17.4102165699005"
[1] "Processing draws 1701 to 1800"
[1] "Chunk time = 17.495964050293"
[1] "Processing draws 1801 to 1900"
[1] "Chunk time = 17.4111216068268"
[1] "Processing draws 1901 to 2000"
[1] "Chunk time = 17.2572636604309"
[1] "Processing draws 2001 to 2100"
[1] "Chunk time = 18.0689179897308"
[1] "Processing draws 2101 to 2200"
[1] "Chunk time = 18.021430015564"
[1] "Processing draws 2201 to 2300"
[1] "Chunk time = 17.5448460578918"
[1] "Processing draws 2301 to 2400"
[1] "Chunk time = 17.8262312412262"
[1] "Processing draws 2401 to 2500"
[1] "Chunk time = 17.4444506168365"
[1] "Processing draws 2501 to 2600"
[1] "Chunk time = 17.8247277736664"
[1] "Processing draws 2601 to 2700"
[1] "Chunk time = 17.7186362743378"
[1] "Processing draws 2701 to 2800"
[1] "Chunk time = 17.4400296211243"
[1] "Processing draws 2801 to 2900"
[1] "Chunk time = 17.8565213680267"
[1] "Processing draws 2901 to 3000"
[1] "Chunk time = 17.5505385398865"
[1] "Processing draws 3001 to 3100"
[1] "Chunk time = 17.6743569374084"
[1] "Processing draws 3101 to 3200"
[1] "Chunk time = 17.726078748703"
[1] "Processing draws 3201 to 3300"
[1] "Chunk time = 17.414799451828"
[1] "Processing draws 3301 to 3400"
[1] "Chunk time = 17.3647131919861"
[1] "Processing draws 3401 to 3500"
[1] "Chunk time = 17.3308217525482"
[1] "Processing draws 3501 to 3600"
[1] "Chunk time = 17.9630546569824"
[1] "Processing draws 3601 to 3700"
[1] "Chunk time = 17.6101005077362"
[1] "Processing draws 3701 to 3800"
[1] "Chunk time = 17.2870099544525"
[1] "Processing draws 3801 to 3900"
[1] "Chunk time = 17.5018730163574"
[1] "Processing draws 3901 to 4000"
[1] "Chunk time = 17.3994805812836"
[1] "Processing draws 4001 to 4100"
[1] "Chunk time = 17.9331872463226"
[1] "Processing draws 4101 to 4200"
[1] "Chunk time = 17.523779630661"
[1] "Processing draws 4201 to 4300"
[1] "Chunk time = 17.3404152393341"
[1] "Processing draws 4301 to 4400"
[1] "Chunk time = 17.5058097839355"
[1] "Processing draws 4401 to 4500"
[1] "Chunk time = 17.5314192771912"
[1] "Processing draws 4501 to 4600"
[1] "Chunk time = 17.81849360466"
[1] "Processing draws 4601 to 4700"
[1] "Chunk time = 17.6679675579071"
[1] "Processing draws 4701 to 4800"
[1] "Chunk time = 17.2345726490021"
[1] "Processing draws 4801 to 4900"
[1] "Chunk time = 17.6063637733459"
[1] "Processing draws 4901 to 5000"
[1] "Chunk time = 17.6088507175446"
[1] "Processing draws 5001 to 5100"
[1] "Chunk time = 17.6548266410828"
[1] "Processing draws 5101 to 5200"
[1] "Chunk time = 17.6473071575165"
[1] "Processing draws 5201 to 5300"
[1] "Chunk time = 17.3014705181122"
[1] "Processing draws 5301 to 5400"
[1] "Chunk time = 17.7607727050781"
[1] "Processing draws 5401 to 5500"
[1] "Chunk time = 17.2710630893707"
[1] "Processing draws 5501 to 5600"
[1] "Chunk time = 17.8946943283081"
[1] "Processing draws 5601 to 5700"
[1] "Chunk time = 17.7435185909271"
[1] "Processing draws 5701 to 5800"
[1] "Chunk time = 17.4315779209137"
[1] "Processing draws 5801 to 5900"
[1] "Chunk time = 17.739413022995"
[1] "Processing draws 5901 to 6000"
[1] "Chunk time = 17.3700358867645"
[1] "Processing draws 6001 to 6100"
[1] "Chunk time = 17.7358605861664"
[1] "Processing draws 6101 to 6200"
[1] "Chunk time = 17.8074178695679"
[1] "Processing draws 6201 to 6300"
[1] "Chunk time = 17.482054233551"
[1] "Processing draws 6301 to 6400"
[1] "Chunk time = 18.0686490535736"
[1] "Processing draws 6401 to 6500"
[1] "Chunk time = 17.610235452652"
[1] "Processing draws 6501 to 6600"
[1] "Chunk time = 17.7482919692993"
[1] "Processing draws 6601 to 6700"
[1] "Chunk time = 17.617518901825"
[1] "Processing draws 6701 to 6800"
[1] "Chunk time = 17.6399445533752"
[1] "Processing draws 6801 to 6900"
[1] "Chunk time = 17.7192158699036"
[1] "Processing draws 6901 to 7000"
[1] "Chunk time = 17.491126537323"
[1] "Processing draws 7001 to 7100"
[1] "Chunk time = 17.8620109558105"
[1] "Processing draws 7101 to 7200"
[1] "Chunk time = 17.7832112312317"
[1] "Processing draws 7201 to 7300"
[1] "Chunk time = 17.6920077800751"
[1] "Processing draws 7301 to 7400"
[1] "Chunk time = 18.1194863319397"
[1] "Processing draws 7401 to 7500"
[1] "Chunk time = 17.9283440113068"
[1] "Processing draws 7501 to 7600"
[1] "Chunk time = 18.0736105442047"
[1] "Processing draws 7601 to 7700"
[1] "Chunk time = 17.8229470252991"
[1] "Processing draws 7701 to 7800"
[1] "Chunk time = 17.8002061843872"
[1] "Processing draws 7801 to 7900"
[1] "Chunk time = 17.6493811607361"
[1] "Processing draws 7901 to 8000"
[1] "Chunk time = 17.6206872463226"
[1] "Processing draws 8001 to 8100"
[1] "Chunk time = 17.6595418453217"
[1] "Processing draws 8101 to 8200"
[1] "Chunk time = 17.5975449085236"
[1] "Processing draws 8201 to 8300"
[1] "Chunk time = 17.3706169128418"
[1] "Processing draws 8301 to 8400"
[1] "Chunk time = 17.4356999397278"
[1] "Processing draws 8401 to 8500"
[1] "Chunk time = 17.2064192295074"
[1] "Processing draws 8501 to 8600"
[1] "Chunk time = 17.643737077713"
[1] "Processing draws 8601 to 8700"
[1] "Chunk time = 17.6926662921906"
[1] "Processing draws 8701 to 8800"
[1] "Chunk time = 17.2920482158661"
[1] "Processing draws 8801 to 8900"
[1] "Chunk time = 18.1029796600342"
[1] "Processing draws 8901 to 9000"
[1] "Chunk time = 17.5936172008514"
[1] "Processing draws 9001 to 9100"
[1] "Chunk time = 18.1251528263092"
[1] "Processing draws 9101 to 9200"
[1] "Chunk time = 18.155280828476"
[1] "Processing draws 9201 to 9300"
[1] "Chunk time = 17.7116689682007"
[1] "Processing draws 9301 to 9400"
[1] "Chunk time = 17.9818534851074"
[1] "Processing draws 9401 to 9500"
[1] "Chunk time = 17.6955327987671"
[1] "Processing draws 9501 to 9600"
[1] "Chunk time = 17.9300541877747"
[1] "Processing draws 9601 to 9700"
[1] "Chunk time = 17.7709913253784"
[1] "Processing draws 9701 to 9800"
[1] "Chunk time = 17.6151211261749"
[1] "Processing draws 9801 to 9900"
[1] "Chunk time = 17.7836129665375"
[1] "Processing draws 9901 to 10000"
[1] "Chunk time = 17.5427250862122"
[1] "Processing draws 10001 to 10100"
[1] "Chunk time = 18.0471723079681"
[1] "Processing draws 10101 to 10200"
[1] "Chunk time = 17.6956143379211"
[1] "Processing draws 10201 to 10300"
[1] "Chunk time = 17.6060385704041"
[1] "Processing draws 10301 to 10400"
[1] "Chunk time = 17.4047513008118"
[1] "Processing draws 10401 to 10500"
[1] "Chunk time = 17.5012574195862"
[1] "Processing draws 10501 to 10600"
[1] "Chunk time = 17.6299591064453"
[1] "Processing draws 10601 to 10700"
[1] "Chunk time = 17.4804275035858"
[1] "Processing draws 10701 to 10800"
[1] "Chunk time = 17.5708131790161"
[1] "Processing draws 10801 to 10900"
[1] "Chunk time = 17.5923111438751"
[1] "Processing draws 10901 to 11000"
[1] "Chunk time = 17.5516366958618"
[1] "Processing draws 11001 to 11100"
[1] "Chunk time = 17.8620135784149"
[1] "Processing draws 11101 to 11200"
[1] "Chunk time = 17.4806942939758"
[1] "Processing draws 11201 to 11300"
[1] "Chunk time = 17.4917106628418"
[1] "Processing draws 11301 to 11400"
[1] "Chunk time = 17.55024933815"
[1] "Processing draws 11401 to 11500"
[1] "Chunk time = 17.3255548477173"
[1] "Processing draws 11501 to 11600"
[1] "Chunk time = 17.6420052051544"
[1] "Processing draws 11601 to 11700"
[1] "Chunk time = 17.4313814640045"
[1] "Processing draws 11701 to 11800"
[1] "Chunk time = 17.3736143112183"
[1] "Processing draws 11801 to 11900"
[1] "Chunk time = 17.5915288925171"
[1] "Processing draws 11901 to 12000"
[1] "Chunk time = 17.8897986412048"
[1] "Processing draws 12001 to 12100"
[1] "Chunk time = 17.6296181678772"
[1] "Processing draws 12101 to 12200"
[1] "Chunk time = 17.3013858795166"
[1] "Processing draws 12201 to 12300"
[1] "Chunk time = 17.5295488834381"
[1] "Processing draws 12301 to 12400"
[1] "Chunk time = 17.7678244113922"
[1] "Processing draws 12401 to 12500"
[1] "Chunk time = 17.3759579658508"
[1] "Processing draws 12501 to 12600"
[1] "Chunk time = 17.8061265945435"
[1] "Processing draws 12601 to 12700"
[1] "Chunk time = 17.4828753471375"
[1] "Processing draws 12701 to 12800"
[1] "Chunk time = 17.39781498909"
[1] "Processing draws 12801 to 12900"
[1] "Chunk time = 17.4153900146484"
[1] "Processing draws 12901 to 13000"
[1] "Chunk time = 17.531956911087"
[1] "Processing draws 13001 to 13100"
[1] "Chunk time = 17.5983464717865"
[1] "Processing draws 13101 to 13200"
[1] "Chunk time = 17.536728143692"
[1] "Processing draws 13201 to 13300"
[1] "Chunk time = 17.5703315734863"
[1] "Processing draws 13301 to 13400"
[1] "Chunk time = 17.6088201999664"
[1] "Processing draws 13401 to 13500"
[1] "Chunk time = 17.3085360527039"
[1] "Processing draws 13501 to 13600"
[1] "Chunk time = 17.3536896705627"
[1] "Processing draws 13601 to 13700"
[1] "Chunk time = 17.57830286026"
[1] "Processing draws 13701 to 13800"
[1] "Chunk time = 17.5991945266724"
[1] "Processing draws 13801 to 13900"
[1] "Chunk time = 17.3798649311066"
[1] "Processing draws 13901 to 14000"
[1] "Chunk time = 17.2691905498505"
[1] "Processing draws 14001 to 14100"
[1] "Chunk time = 17.5002293586731"
[1] "Processing draws 14101 to 14200"
[1] "Chunk time = 17.3446764945984"
[1] "Processing draws 14201 to 14300"
[1] "Chunk time = 17.4049620628357"
[1] "Processing draws 14301 to 14400"
[1] "Chunk time = 17.7016468048096"
[1] "Processing draws 14401 to 14500"
[1] "Chunk time = 17.501077413559"
[1] "Processing draws 14501 to 14600"
[1] "Chunk time = 17.5402402877808"
[1] "Processing draws 14601 to 14700"
[1] "Chunk time = 17.5467751026154"
[1] "Processing draws 14701 to 14800"
[1] "Chunk time = 17.735874414444"
[1] "Processing draws 14801 to 14900"
[1] "Chunk time = 17.6145837306976"
[1] "Processing draws 14901 to 15000"
[1] "Chunk time = 17.4509167671204"
[1] "Processing draws 15001 to 15100"
[1] "Chunk time = 17.4036288261414"
[1] "Processing draws 15101 to 15200"
[1] "Chunk time = 17.4711906909943"
[1] "Processing draws 15201 to 15300"
[1] "Chunk time = 17.7151463031769"
[1] "Processing draws 15301 to 15400"
[1] "Chunk time = 17.5041000843048"
[1] "Processing draws 15401 to 15500"
[1] "Chunk time = 17.4079818725586"
[1] "Processing draws 15501 to 15600"
[1] "Chunk time = 17.6610717773438"
[1] "Processing draws 15601 to 15700"
[1] "Chunk time = 17.4599461555481"
[1] "Processing draws 15701 to 15800"
[1] "Chunk time = 17.4059367179871"
[1] "Processing draws 15801 to 15900"
[1] "Chunk time = 17.6223394870758"
[1] "Processing draws 15901 to 16000"
[1] "Chunk time = 17.5654256343842"
[1] "Processing draws 16001 to 16100"
[1] "Chunk time = 17.5416569709778"
[1] "Processing draws 16101 to 16200"
[1] "Chunk time = 17.7281820774078"
[1] "Processing draws 16201 to 16300"
[1] "Chunk time = 17.4526100158691"
[1] "Processing draws 16301 to 16400"
[1] "Chunk time = 17.4701926708221"
[1] "Processing draws 16401 to 16500"
[1] "Chunk time = 17.6250858306885"
[1] "Processing draws 16501 to 16600"
[1] "Chunk time = 17.990660905838"
[1] "Processing draws 16601 to 16700"
[1] "Chunk time = 17.589147567749"
[1] "Processing draws 16701 to 16800"
[1] "Chunk time = 17.5899484157562"
[1] "Processing draws 16801 to 16900"
[1] "Chunk time = 17.5598983764648"
[1] "Processing draws 16901 to 17000"
[1] "Chunk time = 17.4610140323639"
[1] "Processing draws 17001 to 17100"
[1] "Chunk time = 17.6774497032166"
[1] "Processing draws 17101 to 17200"
[1] "Chunk time = 17.4879002571106"
[1] "Processing draws 17201 to 17300"
[1] "Chunk time = 17.4198684692383"
[1] "Processing draws 17301 to 17400"
[1] "Chunk time = 17.3891358375549"
[1] "Processing draws 17401 to 17500"
[1] "Chunk time = 17.4417510032654"
[1] "Processing draws 17501 to 17600"
[1] "Chunk time = 17.4832038879395"
[1] "Processing draws 17601 to 17700"
[1] "Chunk time = 17.3299198150635"
[1] "Processing draws 17701 to 17800"
[1] "Chunk time = 17.596266746521"
[1] "Processing draws 17801 to 17900"
[1] "Chunk time = 17.402795791626"
[1] "Processing draws 17901 to 18000"
[1] "Chunk time = 17.6187434196472"
[1] "Processing draws 18001 to 18100"
[1] "Chunk time = 17.590380191803"
[1] "Processing draws 18101 to 18200"
[1] "Chunk time = 17.3079781532288"
[1] "Processing draws 18201 to 18300"
[1] "Chunk time = 17.4788236618042"
[1] "Processing draws 18301 to 18400"
[1] "Chunk time = 17.5508773326874"
[1] "Processing draws 18401 to 18500"
[1] "Chunk time = 17.4300851821899"
[1] "Processing draws 18501 to 18600"
[1] "Chunk time = 17.4069254398346"
[1] "Processing draws 18601 to 18700"
[1] "Chunk time = 17.6057505607605"
[1] "Processing draws 18701 to 18800"
[1] "Chunk time = 17.2711367607117"
[1] "Processing draws 18801 to 18900"
[1] "Chunk time = 17.4776380062103"
[1] "Processing draws 18901 to 19000"
[1] "Chunk time = 17.6021502017975"
[1] "Processing draws 19001 to 19100"
[1] "Chunk time = 17.9607679843903"
[1] "Processing draws 19101 to 19200"
[1] "Chunk time = 17.3670516014099"
[1] "Processing draws 19201 to 19300"
[1] "Chunk time = 17.4820036888123"
[1] "Processing draws 19301 to 19400"
[1] "Chunk time = 17.5816633701324"
[1] "Processing draws 19401 to 19500"
[1] "Chunk time = 17.526186466217"
[1] "Processing draws 19501 to 19600"
[1] "Chunk time = 17.681262254715"
[1] "Processing draws 19601 to 19700"
[1] "Chunk time = 17.329626083374"
[1] "Processing draws 19701 to 19800"
[1] "Chunk time = 17.2571349143982"
[1] "Processing draws 19801 to 19900"
[1] "Chunk time = 17.2755584716797"
[1] "Processing draws 19901 to 20000"
[1] "Chunk time = 17.1558063030243"
[1] "done lapplying"
[1] "Saving current params"
[1] "Saving params to output.rds"
[1] TRUE
