[1] "Starting sampling."
Running MCMC with 4 parallel chains, with 4 thread(s) per chain...

Chain 1 Iteration:    1 / 6000 [  0%]  (Warmup) 
Chain 2 Iteration:    1 / 6000 [  0%]  (Warmup) 
Chain 4 Iteration:    1 / 6000 [  0%]  (Warmup) 
Chain 3 Iteration:    1 / 6000 [  0%]  (Warmup) 
Chain 1 Iteration:  100 / 6000 [  1%]  (Warmup) 
Chain 4 Iteration:  100 / 6000 [  1%]  (Warmup) 
Chain 2 Iteration:  100 / 6000 [  1%]  (Warmup) 
Chain 3 Iteration:  100 / 6000 [  1%]  (Warmup) 
Chain 1 Iteration:  200 / 6000 [  3%]  (Warmup) 
Chain 4 Iteration:  200 / 6000 [  3%]  (Warmup) 
Chain 3 Iteration:  200 / 6000 [  3%]  (Warmup) 
Chain 2 Iteration:  200 / 6000 [  3%]  (Warmup) 
Chain 1 Iteration:  300 / 6000 [  5%]  (Warmup) 
Chain 4 Iteration:  300 / 6000 [  5%]  (Warmup) 
Chain 2 Iteration:  300 / 6000 [  5%]  (Warmup) 
Chain 3 Iteration:  300 / 6000 [  5%]  (Warmup) 
Chain 1 Iteration:  400 / 6000 [  6%]  (Warmup) 
Chain 4 Iteration:  400 / 6000 [  6%]  (Warmup) 
Chain 2 Iteration:  400 / 6000 [  6%]  (Warmup) 
Chain 3 Iteration:  400 / 6000 [  6%]  (Warmup) 
Chain 1 Iteration:  500 / 6000 [  8%]  (Warmup) 
Chain 4 Iteration:  500 / 6000 [  8%]  (Warmup) 
Chain 2 Iteration:  500 / 6000 [  8%]  (Warmup) 
Chain 3 Iteration:  500 / 6000 [  8%]  (Warmup) 
Chain 4 Iteration:  600 / 6000 [ 10%]  (Warmup) 
Chain 1 Iteration:  600 / 6000 [ 10%]  (Warmup) 
Chain 2 Iteration:  600 / 6000 [ 10%]  (Warmup) 
Chain 3 Iteration:  600 / 6000 [ 10%]  (Warmup) 
Chain 4 Iteration:  700 / 6000 [ 11%]  (Warmup) 
Chain 1 Iteration:  700 / 6000 [ 11%]  (Warmup) 
Chain 3 Iteration:  700 / 6000 [ 11%]  (Warmup) 
Chain 2 Iteration:  700 / 6000 [ 11%]  (Warmup) 
Chain 4 Iteration:  800 / 6000 [ 13%]  (Warmup) 
Chain 1 Iteration:  800 / 6000 [ 13%]  (Warmup) 
Chain 3 Iteration:  800 / 6000 [ 13%]  (Warmup) 
Chain 2 Iteration:  800 / 6000 [ 13%]  (Warmup) 
Chain 4 Iteration:  900 / 6000 [ 15%]  (Warmup) 
Chain 1 Iteration:  900 / 6000 [ 15%]  (Warmup) 
Chain 3 Iteration:  900 / 6000 [ 15%]  (Warmup) 
Chain 2 Iteration:  900 / 6000 [ 15%]  (Warmup) 
Chain 4 Iteration: 1000 / 6000 [ 16%]  (Warmup) 
Chain 4 Iteration: 1001 / 6000 [ 16%]  (Sampling) 
Chain 1 Iteration: 1000 / 6000 [ 16%]  (Warmup) 
Chain 1 Iteration: 1001 / 6000 [ 16%]  (Sampling) 
Chain 2 Iteration: 1000 / 6000 [ 16%]  (Warmup) 
Chain 2 Iteration: 1001 / 6000 [ 16%]  (Sampling) 
Chain 3 Iteration: 1000 / 6000 [ 16%]  (Warmup) 
Chain 3 Iteration: 1001 / 6000 [ 16%]  (Sampling) 
Chain 4 Iteration: 1100 / 6000 [ 18%]  (Sampling) 
Chain 1 Iteration: 1100 / 6000 [ 18%]  (Sampling) 
Chain 2 Iteration: 1100 / 6000 [ 18%]  (Sampling) 
Chain 3 Iteration: 1100 / 6000 [ 18%]  (Sampling) 
Chain 4 Iteration: 1200 / 6000 [ 20%]  (Sampling) 
Chain 1 Iteration: 1200 / 6000 [ 20%]  (Sampling) 
Chain 2 Iteration: 1200 / 6000 [ 20%]  (Sampling) 
Chain 3 Iteration: 1200 / 6000 [ 20%]  (Sampling) 
Chain 4 Iteration: 1300 / 6000 [ 21%]  (Sampling) 
Chain 1 Iteration: 1300 / 6000 [ 21%]  (Sampling) 
Chain 2 Iteration: 1300 / 6000 [ 21%]  (Sampling) 
Chain 3 Iteration: 1300 / 6000 [ 21%]  (Sampling) 
Chain 4 Iteration: 1400 / 6000 [ 23%]  (Sampling) 
Chain 1 Iteration: 1400 / 6000 [ 23%]  (Sampling) 
Chain 2 Iteration: 1400 / 6000 [ 23%]  (Sampling) 
Chain 3 Iteration: 1400 / 6000 [ 23%]  (Sampling) 
Chain 4 Iteration: 1500 / 6000 [ 25%]  (Sampling) 
Chain 1 Iteration: 1500 / 6000 [ 25%]  (Sampling) 
Chain 2 Iteration: 1500 / 6000 [ 25%]  (Sampling) 
Chain 3 Iteration: 1500 / 6000 [ 25%]  (Sampling) 
Chain 4 Iteration: 1600 / 6000 [ 26%]  (Sampling) 
Chain 1 Iteration: 1600 / 6000 [ 26%]  (Sampling) 
Chain 2 Iteration: 1600 / 6000 [ 26%]  (Sampling) 
Chain 3 Iteration: 1600 / 6000 [ 26%]  (Sampling) 
Chain 4 Iteration: 1700 / 6000 [ 28%]  (Sampling) 
Chain 1 Iteration: 1700 / 6000 [ 28%]  (Sampling) 
Chain 2 Iteration: 1700 / 6000 [ 28%]  (Sampling) 
Chain 3 Iteration: 1700 / 6000 [ 28%]  (Sampling) 
Chain 4 Iteration: 1800 / 6000 [ 30%]  (Sampling) 
Chain 1 Iteration: 1800 / 6000 [ 30%]  (Sampling) 
Chain 3 Iteration: 1800 / 6000 [ 30%]  (Sampling) 
Chain 2 Iteration: 1800 / 6000 [ 30%]  (Sampling) 
Chain 4 Iteration: 1900 / 6000 [ 31%]  (Sampling) 
Chain 1 Iteration: 1900 / 6000 [ 31%]  (Sampling) 
Chain 3 Iteration: 1900 / 6000 [ 31%]  (Sampling) 
Chain 2 Iteration: 1900 / 6000 [ 31%]  (Sampling) 
Chain 4 Iteration: 2000 / 6000 [ 33%]  (Sampling) 
Chain 1 Iteration: 2000 / 6000 [ 33%]  (Sampling) 
Chain 3 Iteration: 2000 / 6000 [ 33%]  (Sampling) 
Chain 2 Iteration: 2000 / 6000 [ 33%]  (Sampling) 
Chain 4 Iteration: 2100 / 6000 [ 35%]  (Sampling) 
Chain 1 Iteration: 2100 / 6000 [ 35%]  (Sampling) 
Chain 3 Iteration: 2100 / 6000 [ 35%]  (Sampling) 
Chain 2 Iteration: 2100 / 6000 [ 35%]  (Sampling) 
Chain 4 Iteration: 2200 / 6000 [ 36%]  (Sampling) 
Chain 1 Iteration: 2200 / 6000 [ 36%]  (Sampling) 
Chain 3 Iteration: 2200 / 6000 [ 36%]  (Sampling) 
Chain 2 Iteration: 2200 / 6000 [ 36%]  (Sampling) 
Chain 4 Iteration: 2300 / 6000 [ 38%]  (Sampling) 
Chain 1 Iteration: 2300 / 6000 [ 38%]  (Sampling) 
Chain 3 Iteration: 2300 / 6000 [ 38%]  (Sampling) 
Chain 2 Iteration: 2300 / 6000 [ 38%]  (Sampling) 
Chain 4 Iteration: 2400 / 6000 [ 40%]  (Sampling) 
Chain 1 Iteration: 2400 / 6000 [ 40%]  (Sampling) 
Chain 3 Iteration: 2400 / 6000 [ 40%]  (Sampling) 
Chain 2 Iteration: 2400 / 6000 [ 40%]  (Sampling) 
Chain 4 Iteration: 2500 / 6000 [ 41%]  (Sampling) 
Chain 1 Iteration: 2500 / 6000 [ 41%]  (Sampling) 
Chain 2 Iteration: 2500 / 6000 [ 41%]  (Sampling) 
Chain 3 Iteration: 2500 / 6000 [ 41%]  (Sampling) 
Chain 4 Iteration: 2600 / 6000 [ 43%]  (Sampling) 
Chain 1 Iteration: 2600 / 6000 [ 43%]  (Sampling) 
Chain 2 Iteration: 2600 / 6000 [ 43%]  (Sampling) 
Chain 3 Iteration: 2600 / 6000 [ 43%]  (Sampling) 
Chain 4 Iteration: 2700 / 6000 [ 45%]  (Sampling) 
Chain 1 Iteration: 2700 / 6000 [ 45%]  (Sampling) 
Chain 2 Iteration: 2700 / 6000 [ 45%]  (Sampling) 
Chain 3 Iteration: 2700 / 6000 [ 45%]  (Sampling) 
Chain 4 Iteration: 2800 / 6000 [ 46%]  (Sampling) 
Chain 1 Iteration: 2800 / 6000 [ 46%]  (Sampling) 
Chain 2 Iteration: 2800 / 6000 [ 46%]  (Sampling) 
Chain 3 Iteration: 2800 / 6000 [ 46%]  (Sampling) 
Chain 4 Iteration: 2900 / 6000 [ 48%]  (Sampling) 
Chain 1 Iteration: 2900 / 6000 [ 48%]  (Sampling) 
Chain 2 Iteration: 2900 / 6000 [ 48%]  (Sampling) 
Chain 3 Iteration: 2900 / 6000 [ 48%]  (Sampling) 
Chain 4 Iteration: 3000 / 6000 [ 50%]  (Sampling) 
Chain 1 Iteration: 3000 / 6000 [ 50%]  (Sampling) 
Chain 2 Iteration: 3000 / 6000 [ 50%]  (Sampling) 
Chain 3 Iteration: 3000 / 6000 [ 50%]  (Sampling) 
Chain 4 Iteration: 3100 / 6000 [ 51%]  (Sampling) 
Chain 1 Iteration: 3100 / 6000 [ 51%]  (Sampling) 
Chain 2 Iteration: 3100 / 6000 [ 51%]  (Sampling) 
Chain 3 Iteration: 3100 / 6000 [ 51%]  (Sampling) 
Chain 4 Iteration: 3200 / 6000 [ 53%]  (Sampling) 
Chain 1 Iteration: 3200 / 6000 [ 53%]  (Sampling) 
Chain 2 Iteration: 3200 / 6000 [ 53%]  (Sampling) 
Chain 3 Iteration: 3200 / 6000 [ 53%]  (Sampling) 
Chain 4 Iteration: 3300 / 6000 [ 55%]  (Sampling) 
Chain 1 Iteration: 3300 / 6000 [ 55%]  (Sampling) 
Chain 2 Iteration: 3300 / 6000 [ 55%]  (Sampling) 
Chain 3 Iteration: 3300 / 6000 [ 55%]  (Sampling) 
Chain 4 Iteration: 3400 / 6000 [ 56%]  (Sampling) 
Chain 1 Iteration: 3400 / 6000 [ 56%]  (Sampling) 
Chain 2 Iteration: 3400 / 6000 [ 56%]  (Sampling) 
Chain 3 Iteration: 3400 / 6000 [ 56%]  (Sampling) 
Chain 4 Iteration: 3500 / 6000 [ 58%]  (Sampling) 
Chain 1 Iteration: 3500 / 6000 [ 58%]  (Sampling) 
Chain 3 Iteration: 3500 / 6000 [ 58%]  (Sampling) 
Chain 2 Iteration: 3500 / 6000 [ 58%]  (Sampling) 
Chain 4 Iteration: 3600 / 6000 [ 60%]  (Sampling) 
Chain 1 Iteration: 3600 / 6000 [ 60%]  (Sampling) 
Chain 3 Iteration: 3600 / 6000 [ 60%]  (Sampling) 
Chain 2 Iteration: 3600 / 6000 [ 60%]  (Sampling) 
Chain 4 Iteration: 3700 / 6000 [ 61%]  (Sampling) 
Chain 1 Iteration: 3700 / 6000 [ 61%]  (Sampling) 
Chain 3 Iteration: 3700 / 6000 [ 61%]  (Sampling) 
Chain 2 Iteration: 3700 / 6000 [ 61%]  (Sampling) 
Chain 4 Iteration: 3800 / 6000 [ 63%]  (Sampling) 
Chain 1 Iteration: 3800 / 6000 [ 63%]  (Sampling) 
Chain 3 Iteration: 3800 / 6000 [ 63%]  (Sampling) 
Chain 2 Iteration: 3800 / 6000 [ 63%]  (Sampling) 
Chain 4 Iteration: 3900 / 6000 [ 65%]  (Sampling) 
Chain 1 Iteration: 3900 / 6000 [ 65%]  (Sampling) 
Chain 3 Iteration: 3900 / 6000 [ 65%]  (Sampling) 
Chain 2 Iteration: 3900 / 6000 [ 65%]  (Sampling) 
Chain 4 Iteration: 4000 / 6000 [ 66%]  (Sampling) 
Chain 1 Iteration: 4000 / 6000 [ 66%]  (Sampling) 
Chain 3 Iteration: 4000 / 6000 [ 66%]  (Sampling) 
Chain 2 Iteration: 4000 / 6000 [ 66%]  (Sampling) 
Chain 4 Iteration: 4100 / 6000 [ 68%]  (Sampling) 
Chain 1 Iteration: 4100 / 6000 [ 68%]  (Sampling) 
Chain 3 Iteration: 4100 / 6000 [ 68%]  (Sampling) 
Chain 2 Iteration: 4100 / 6000 [ 68%]  (Sampling) 
Chain 4 Iteration: 4200 / 6000 [ 70%]  (Sampling) 
Chain 1 Iteration: 4200 / 6000 [ 70%]  (Sampling) 
Chain 3 Iteration: 4200 / 6000 [ 70%]  (Sampling) 
Chain 2 Iteration: 4200 / 6000 [ 70%]  (Sampling) 
Chain 4 Iteration: 4300 / 6000 [ 71%]  (Sampling) 
Chain 1 Iteration: 4300 / 6000 [ 71%]  (Sampling) 
Chain 3 Iteration: 4300 / 6000 [ 71%]  (Sampling) 
Chain 2 Iteration: 4300 / 6000 [ 71%]  (Sampling) 
Chain 4 Iteration: 4400 / 6000 [ 73%]  (Sampling) 
Chain 1 Iteration: 4400 / 6000 [ 73%]  (Sampling) 
Chain 3 Iteration: 4400 / 6000 [ 73%]  (Sampling) 
Chain 2 Iteration: 4400 / 6000 [ 73%]  (Sampling) 
Chain 4 Iteration: 4500 / 6000 [ 75%]  (Sampling) 
Chain 1 Iteration: 4500 / 6000 [ 75%]  (Sampling) 
Chain 3 Iteration: 4500 / 6000 [ 75%]  (Sampling) 
Chain 2 Iteration: 4500 / 6000 [ 75%]  (Sampling) 
Chain 4 Iteration: 4600 / 6000 [ 76%]  (Sampling) 
Chain 1 Iteration: 4600 / 6000 [ 76%]  (Sampling) 
Chain 3 Iteration: 4600 / 6000 [ 76%]  (Sampling) 
Chain 2 Iteration: 4600 / 6000 [ 76%]  (Sampling) 
Chain 4 Iteration: 4700 / 6000 [ 78%]  (Sampling) 
Chain 1 Iteration: 4700 / 6000 [ 78%]  (Sampling) 
Chain 3 Iteration: 4700 / 6000 [ 78%]  (Sampling) 
Chain 2 Iteration: 4700 / 6000 [ 78%]  (Sampling) 
Chain 4 Iteration: 4800 / 6000 [ 80%]  (Sampling) 
Chain 1 Iteration: 4800 / 6000 [ 80%]  (Sampling) 
Chain 3 Iteration: 4800 / 6000 [ 80%]  (Sampling) 
Chain 2 Iteration: 4800 / 6000 [ 80%]  (Sampling) 
Chain 4 Iteration: 4900 / 6000 [ 81%]  (Sampling) 
Chain 1 Iteration: 4900 / 6000 [ 81%]  (Sampling) 
Chain 3 Iteration: 4900 / 6000 [ 81%]  (Sampling) 
Chain 2 Iteration: 4900 / 6000 [ 81%]  (Sampling) 
Chain 4 Iteration: 5000 / 6000 [ 83%]  (Sampling) 
Chain 1 Iteration: 5000 / 6000 [ 83%]  (Sampling) 
Chain 3 Iteration: 5000 / 6000 [ 83%]  (Sampling) 
Chain 4 Iteration: 5100 / 6000 [ 85%]  (Sampling) 
Chain 2 Iteration: 5000 / 6000 [ 83%]  (Sampling) 
Chain 1 Iteration: 5100 / 6000 [ 85%]  (Sampling) 
Chain 3 Iteration: 5100 / 6000 [ 85%]  (Sampling) 
Chain 4 Iteration: 5200 / 6000 [ 86%]  (Sampling) 
Chain 2 Iteration: 5100 / 6000 [ 85%]  (Sampling) 
Chain 1 Iteration: 5200 / 6000 [ 86%]  (Sampling) 
Chain 3 Iteration: 5200 / 6000 [ 86%]  (Sampling) 
Chain 4 Iteration: 5300 / 6000 [ 88%]  (Sampling) 
Chain 2 Iteration: 5200 / 6000 [ 86%]  (Sampling) 
Chain 1 Iteration: 5300 / 6000 [ 88%]  (Sampling) 
Chain 3 Iteration: 5300 / 6000 [ 88%]  (Sampling) 
Chain 4 Iteration: 5400 / 6000 [ 90%]  (Sampling) 
Chain 2 Iteration: 5300 / 6000 [ 88%]  (Sampling) 
Chain 1 Iteration: 5400 / 6000 [ 90%]  (Sampling) 
Chain 3 Iteration: 5400 / 6000 [ 90%]  (Sampling) 
Chain 4 Iteration: 5500 / 6000 [ 91%]  (Sampling) 
Chain 2 Iteration: 5400 / 6000 [ 90%]  (Sampling) 
Chain 1 Iteration: 5500 / 6000 [ 91%]  (Sampling) 
Chain 3 Iteration: 5500 / 6000 [ 91%]  (Sampling) 
Chain 4 Iteration: 5600 / 6000 [ 93%]  (Sampling) 
Chain 2 Iteration: 5500 / 6000 [ 91%]  (Sampling) 
Chain 1 Iteration: 5600 / 6000 [ 93%]  (Sampling) 
Chain 3 Iteration: 5600 / 6000 [ 93%]  (Sampling) 
Chain 4 Iteration: 5700 / 6000 [ 95%]  (Sampling) 
Chain 2 Iteration: 5600 / 6000 [ 93%]  (Sampling) 
Chain 1 Iteration: 5700 / 6000 [ 95%]  (Sampling) 
Chain 3 Iteration: 5700 / 6000 [ 95%]  (Sampling) 
Chain 4 Iteration: 5800 / 6000 [ 96%]  (Sampling) 
Chain 2 Iteration: 5700 / 6000 [ 95%]  (Sampling) 
Chain 1 Iteration: 5800 / 6000 [ 96%]  (Sampling) 
Chain 3 Iteration: 5800 / 6000 [ 96%]  (Sampling) 
Chain 4 Iteration: 5900 / 6000 [ 98%]  (Sampling) 
Chain 2 Iteration: 5800 / 6000 [ 96%]  (Sampling) 
Chain 1 Iteration: 5900 / 6000 [ 98%]  (Sampling) 
Chain 3 Iteration: 5900 / 6000 [ 98%]  (Sampling) 
Chain 4 Iteration: 6000 / 6000 [100%]  (Sampling) 
Chain 4 finished in 139943.0 seconds.
Chain 2 Iteration: 5900 / 6000 [ 98%]  (Sampling) 
Chain 1 Iteration: 6000 / 6000 [100%]  (Sampling) 
Chain 1 finished in 140607.0 seconds.
Chain 3 Iteration: 6000 / 6000 [100%]  (Sampling) 
Chain 3 finished in 141266.0 seconds.
Chain 2 Iteration: 6000 / 6000 [100%]  (Sampling) 
Chain 2 finished in 142458.0 seconds.

All 4 chains finished successfully.
Mean chain execution time: 141068.5 seconds.
Total execution time: 142458.5 seconds.

[1] "Processing draws 1 to 100"
[1] "Chunk time = 3.23127542336782"
[1] "Processing draws 101 to 200"
[1] "Chunk time = 2.31464095115662"
[1] "Processing draws 201 to 300"
[1] "Chunk time = 2.42688213586807"
[1] "Processing draws 301 to 400"
[1] "Chunk time = 2.10227687358856"
[1] "Processing draws 401 to 500"
[1] "Chunk time = 1.99047608375549"
[1] "Processing draws 501 to 600"
[1] "Chunk time = 2.00877549648285"
[1] "Processing draws 601 to 700"
[1] "Chunk time = 2.00726881424586"
[1] "Processing draws 701 to 800"
[1] "Chunk time = 2.12348260482152"
[1] "Processing draws 801 to 900"
[1] "Chunk time = 1.99430833657583"
[1] "Processing draws 901 to 1000"
[1] "Chunk time = 2.02024615605672"
[1] "Processing draws 1001 to 1100"
[1] "Chunk time = 1.98181635936101"
[1] "Processing draws 1101 to 1200"
[1] "Chunk time = 2.01976474920909"
[1] "Processing draws 1201 to 1300"
[1] "Chunk time = 1.9962663213412"
[1] "Processing draws 1301 to 1400"
[1] "Chunk time = 2.07080464760462"
[1] "Processing draws 1401 to 1500"
[1] "Chunk time = 1.995618724823"
[1] "Processing draws 1501 to 1600"
[1] "Chunk time = 2.03478815952937"
[1] "Processing draws 1601 to 1700"
[1] "Chunk time = 1.98230588833491"
[1] "Processing draws 1701 to 1800"
[1] "Chunk time = 1.9843234817187"
[1] "Processing draws 1801 to 1900"
[1] "Chunk time = 1.99925909837087"
[1] "Processing draws 1901 to 2000"
[1] "Chunk time = 2.00039857228597"
[1] "Processing draws 2001 to 2100"
[1] "Chunk time = 1.98624793688456"
[1] "Processing draws 2101 to 2200"
[1] "Chunk time = 2.03757343689601"
[1] "Processing draws 2201 to 2300"
[1] "Chunk time = 1.96974508364995"
[1] "Processing draws 2301 to 2400"
[1] "Chunk time = 1.98954985936483"
[1] "Processing draws 2401 to 2500"
[1] "Chunk time = 2.0632083495458"
[1] "Processing draws 2501 to 2600"
[1] "Chunk time = 1.99007393916448"
[1] "Processing draws 2601 to 2700"
[1] "Chunk time = 1.9922981540362"
[1] "Processing draws 2701 to 2800"
[1] "Chunk time = 2.10793195962906"
[1] "Processing draws 2801 to 2900"
[1] "Chunk time = 1.97030463218689"
[1] "Processing draws 2901 to 3000"
[1] "Chunk time = 2.03098547458649"
[1] "Processing draws 3001 to 3100"
[1] "Chunk time = 2.11278499364853"
[1] "Processing draws 3101 to 3200"
[1] "Chunk time = 1.97529934247335"
[1] "Processing draws 3201 to 3300"
[1] "Chunk time = 1.93705947399139"
[1] "Processing draws 3301 to 3400"
[1] "Chunk time = 2.05263332525889"
[1] "Processing draws 3401 to 3500"
[1] "Chunk time = 1.89109012285868"
[1] "Processing draws 3501 to 3600"
[1] "Chunk time = 1.94028975168864"
[1] "Processing draws 3601 to 3700"
[1] "Chunk time = 2.04677988290787"
[1] "Processing draws 3701 to 3800"
[1] "Chunk time = 1.88716371456782"
[1] "Processing draws 3801 to 3900"
[1] "Chunk time = 1.86889042456945"
[1] "Processing draws 3901 to 4000"
[1] "Chunk time = 2.08839464187622"
[1] "Processing draws 4001 to 4100"
[1] "Chunk time = 1.98165936867396"
[1] "Processing draws 4101 to 4200"
[1] "Chunk time = 1.87869546016057"
[1] "Processing draws 4201 to 4300"
[1] "Chunk time = 2.04487638870875"
[1] "Processing draws 4301 to 4400"
[1] "Chunk time = 1.93419828812281"
[1] "Processing draws 4401 to 4500"
[1] "Chunk time = 1.87950582901637"
[1] "Processing draws 4501 to 4600"
[1] "Chunk time = 2.05624822378159"
[1] "Processing draws 4601 to 4700"
[1] "Chunk time = 1.92664186954498"
[1] "Processing draws 4701 to 4800"
[1] "Chunk time = 1.96684883038203"
[1] "Processing draws 4801 to 4900"
[1] "Chunk time = 2.05611514647802"
[1] "Processing draws 4901 to 5000"
[1] "Chunk time = 1.93046904404958"
[1] "Processing draws 5001 to 5100"
[1] "Chunk time = 1.86755507787069"
[1] "Processing draws 5101 to 5200"
[1] "Chunk time = 2.06055322885513"
[1] "Processing draws 5201 to 5300"
[1] "Chunk time = 1.91396122376124"
[1] "Processing draws 5301 to 5400"
[1] "Chunk time = 1.94925994475683"
[1] "Processing draws 5401 to 5500"
[1] "Chunk time = 2.04874926805496"
[1] "Processing draws 5501 to 5600"
[1] "Chunk time = 1.9339964667956"
[1] "Processing draws 5601 to 5700"
[1] "Chunk time = 1.88619382778804"
[1] "Processing draws 5701 to 5800"
[1] "Chunk time = 2.0518893400828"
[1] "Processing draws 5801 to 5900"
[1] "Chunk time = 1.92859816948573"
[1] "Processing draws 5901 to 6000"
[1] "Chunk time = 1.92075440486272"
[1] "Processing draws 6001 to 6100"
[1] "Chunk time = 2.05115140279134"
[1] "Processing draws 6101 to 6200"
[1] "Chunk time = 1.95929079055786"
[1] "Processing draws 6201 to 6300"
[1] "Chunk time = 1.90645509163539"
[1] "Processing draws 6301 to 6400"
[1] "Chunk time = 2.07021909952164"
[1] "Processing draws 6401 to 6500"
[1] "Chunk time = 1.93636374870936"
[1] "Processing draws 6501 to 6600"
[1] "Chunk time = 1.90626937150955"
[1] "Processing draws 6601 to 6700"
[1] "Chunk time = 2.05931770006816"
[1] "Processing draws 6701 to 6800"
[1] "Chunk time = 1.96913885275523"
[1] "Processing draws 6801 to 6900"
[1] "Chunk time = 1.93741639057795"
[1] "Processing draws 6901 to 7000"
[1] "Chunk time = 2.02122933467229"
[1] "Processing draws 7001 to 7100"
[1] "Chunk time = 1.88080417315165"
[1] "Processing draws 7101 to 7200"
[1] "Chunk time = 1.9771380742391"
[1] "Processing draws 7201 to 7300"
[1] "Chunk time = 2.01231232881546"
[1] "Processing draws 7301 to 7400"
[1] "Chunk time = 1.89303879737854"
[1] "Processing draws 7401 to 7500"
[1] "Chunk time = 1.94624826510747"
[1] "Processing draws 7501 to 7600"
[1] "Chunk time = 2.07025359869003"
[1] "Processing draws 7601 to 7700"
[1] "Chunk time = 1.91762268145879"
[1] "Processing draws 7701 to 7800"
[1] "Chunk time = 1.88069286346436"
[1] "Processing draws 7801 to 7900"
[1] "Chunk time = 2.05576711893082"
[1] "Processing draws 7901 to 8000"
[1] "Chunk time = 1.90511116186778"
[1] "Processing draws 8001 to 8100"
[1] "Chunk time = 1.897232401371"
[1] "Processing draws 8101 to 8200"
[1] "Chunk time = 2.04963966608047"
[1] "Processing draws 8201 to 8300"
[1] "Chunk time = 1.94119112491608"
[1] "Processing draws 8301 to 8400"
[1] "Chunk time = 1.89371807177862"
[1] "Processing draws 8401 to 8500"
[1] "Chunk time = 2.04842156966527"
[1] "Processing draws 8501 to 8600"
[1] "Chunk time = 1.94349112510681"
[1] "Processing draws 8601 to 8700"
[1] "Chunk time = 1.9128911336263"
[1] "Processing draws 8701 to 8800"
[1] "Chunk time = 2.08263996442159"
[1] "Processing draws 8801 to 8900"
[1] "Chunk time = 1.95058933496475"
[1] "Processing draws 8901 to 9000"
[1] "Chunk time = 1.97065706650416"
[1] "Processing draws 9001 to 9100"
[1] "Chunk time = 2.07593041261037"
[1] "Processing draws 9101 to 9200"
[1] "Chunk time = 1.93553524812063"
[1] "Processing draws 9201 to 9300"
[1] "Chunk time = 1.95915925502777"
[1] "Processing draws 9301 to 9400"
[1] "Chunk time = 2.07763404051463"
[1] "Processing draws 9401 to 9500"
[1] "Chunk time = 1.95098889271418"
[1] "Processing draws 9501 to 9600"
[1] "Chunk time = 1.98138910531998"
[1] "Processing draws 9601 to 9700"
[1] "Chunk time = 2.07993580897649"
[1] "Processing draws 9701 to 9800"
[1] "Chunk time = 1.97725403706233"
[1] "Processing draws 9801 to 9900"
[1] "Chunk time = 1.91656023263931"
[1] "Processing draws 9901 to 10000"
[1] "Chunk time = 2.09561866124471"
[1] "Processing draws 10001 to 10100"
[1] "Chunk time = 1.96028825839361"
[1] "Processing draws 10101 to 10200"
[1] "Chunk time = 1.93661520878474"
[1] "Processing draws 10201 to 10300"
[1] "Chunk time = 2.09408857425054"
[1] "Processing draws 10301 to 10400"
[1] "Chunk time = 1.97856301466624"
[1] "Processing draws 10401 to 10500"
[1] "Chunk time = 1.89481183290482"
[1] "Processing draws 10501 to 10600"
[1] "Chunk time = 2.08921046654383"
[1] "Processing draws 10601 to 10700"
[1] "Chunk time = 1.93648034731547"
[1] "Processing draws 10701 to 10800"
[1] "Chunk time = 1.94957996606827"
[1] "Processing draws 10801 to 10900"
[1] "Chunk time = 2.08327921231588"
[1] "Processing draws 10901 to 11000"
[1] "Chunk time = 1.97628121773402"
[1] "Processing draws 11001 to 11100"
[1] "Chunk time = 1.96325693925222"
[1] "Processing draws 11101 to 11200"
[1] "Chunk time = 2.09747314055761"
[1] "Processing draws 11201 to 11300"
[1] "Chunk time = 1.96207338571548"
[1] "Processing draws 11301 to 11400"
[1] "Chunk time = 1.99333104689916"
[1] "Processing draws 11401 to 11500"
[1] "Chunk time = 2.08755640983582"
[1] "Processing draws 11501 to 11600"
[1] "Chunk time = 1.95074424743652"
[1] "Processing draws 11601 to 11700"
[1] "Chunk time = 1.94622701803843"
[1] "Processing draws 11701 to 11800"
[1] "Chunk time = 2.09075344006221"
[1] "Processing draws 11801 to 11900"
[1] "Chunk time = 1.92882359027863"
[1] "Processing draws 11901 to 12000"
[1] "Chunk time = 1.93440500497818"
[1] "Processing draws 12001 to 12100"
[1] "Chunk time = 2.1153701265653"
[1] "Processing draws 12101 to 12200"
[1] "Chunk time = 1.98640973567963"
[1] "Processing draws 12201 to 12300"
[1] "Chunk time = 1.92582896947861"
[1] "Processing draws 12301 to 12400"
[1] "Chunk time = 2.11561638116837"
[1] "Processing draws 12401 to 12500"
[1] "Chunk time = 1.96654861370722"
[1] "Processing draws 12501 to 12600"
[1] "Chunk time = 1.9189702073733"
[1] "Processing draws 12601 to 12700"
[1] "Chunk time = 2.09230775435766"
[1] "Processing draws 12701 to 12800"
[1] "Chunk time = 1.93343604008357"
[1] "Processing draws 12801 to 12900"
[1] "Chunk time = 1.91043098370234"
[1] "Processing draws 12901 to 13000"
[1] "Chunk time = 2.10194521347682"
[1] "Processing draws 13001 to 13100"
[1] "Chunk time = 1.96675197680791"
[1] "Processing draws 13101 to 13200"
[1] "Chunk time = 1.96723184982936"
[1] "Processing draws 13201 to 13300"
[1] "Chunk time = 2.09626969099045"
[1] "Processing draws 13301 to 13400"
[1] "Chunk time = 1.95299490292867"
[1] "Processing draws 13401 to 13500"
[1] "Chunk time = 1.90320463180542"
[1] "Processing draws 13501 to 13600"
[1] "Chunk time = 2.10930639902751"
[1] "Processing draws 13601 to 13700"
[1] "Chunk time = 1.96834103266398"
[1] "Processing draws 13701 to 13800"
[1] "Chunk time = 1.97031247615814"
[1] "Processing draws 13801 to 13900"
[1] "Chunk time = 2.09227768182755"
[1] "Processing draws 13901 to 14000"
[1] "Chunk time = 1.94901142120361"
[1] "Processing draws 14001 to 14100"
[1] "Chunk time = 1.95074667533239"
[1] "Processing draws 14101 to 14200"
[1] "Chunk time = 2.09547967116038"
[1] "Processing draws 14201 to 14300"
[1] "Chunk time = 1.94057555198669"
[1] "Processing draws 14301 to 14400"
[1] "Chunk time = 1.94636286099752"
[1] "Processing draws 14401 to 14500"
[1] "Chunk time = 2.09607722759247"
[1] "Processing draws 14501 to 14600"
[1] "Chunk time = 1.96708668073018"
[1] "Processing draws 14601 to 14700"
[1] "Chunk time = 1.9530281106631"
[1] "Processing draws 14701 to 14800"
[1] "Chunk time = 2.10744243860245"
[1] "Processing draws 14801 to 14900"
[1] "Chunk time = 1.92671375672023"
[1] "Processing draws 14901 to 15000"
[1] "Chunk time = 1.99586120843887"
[1] "Processing draws 15001 to 15100"
[1] "Chunk time = 2.08753917614619"
[1] "Processing draws 15101 to 15200"
[1] "Chunk time = 1.955621834596"
[1] "Processing draws 15201 to 15300"
[1] "Chunk time = 1.9693926970164"
[1] "Processing draws 15301 to 15400"
[1] "Chunk time = 2.08605372905731"
[1] "Processing draws 15401 to 15500"
[1] "Chunk time = 1.95236183007558"
[1] "Processing draws 15501 to 15600"
[1] "Chunk time = 1.92995372613271"
[1] "Processing draws 15601 to 15700"
[1] "Chunk time = 2.07459410031637"
[1] "Processing draws 15701 to 15800"
[1] "Chunk time = 1.99070262114207"
[1] "Processing draws 15801 to 15900"
[1] "Chunk time = 1.95870027542114"
[1] "Processing draws 15901 to 16000"
[1] "Chunk time = 2.08542807896932"
[1] "Processing draws 16001 to 16100"
[1] "Chunk time = 1.95185331900915"
[1] "Processing draws 16101 to 16200"
[1] "Chunk time = 1.91267304023107"
[1] "Processing draws 16201 to 16300"
[1] "Chunk time = 2.0940765897433"
[1] "Processing draws 16301 to 16400"
[1] "Chunk time = 1.921535273393"
[1] "Processing draws 16401 to 16500"
[1] "Chunk time = 1.95893442233404"
[1] "Processing draws 16501 to 16600"
[1] "Chunk time = 2.03540440400442"
[1] "Processing draws 16601 to 16700"
[1] "Chunk time = 1.981471935908"
[1] "Processing draws 16701 to 16800"
[1] "Chunk time = 1.92135969003042"
[1] "Processing draws 16801 to 16900"
[1] "Chunk time = 2.10207273165385"
[1] "Processing draws 16901 to 17000"
[1] "Chunk time = 1.95030788183212"
[1] "Processing draws 17001 to 17100"
[1] "Chunk time = 1.89739538431168"
[1] "Processing draws 17101 to 17200"
[1] "Chunk time = 2.08256376187007"
[1] "Processing draws 17201 to 17300"
[1] "Chunk time = 1.9859211842219"
[1] "Processing draws 17301 to 17400"
[1] "Chunk time = 1.96552090247472"
[1] "Processing draws 17401 to 17500"
[1] "Chunk time = 2.08273775180181"
[1] "Processing draws 17501 to 17600"
[1] "Chunk time = 1.92715369860331"
[1] "Processing draws 17601 to 17700"
[1] "Chunk time = 1.88891221682231"
[1] "Processing draws 17701 to 17800"
[1] "Chunk time = 2.0934637705485"
[1] "Processing draws 17801 to 17900"
[1] "Chunk time = 1.96017579634984"
[1] "Processing draws 17901 to 18000"
[1] "Chunk time = 1.92686889966329"
[1] "Processing draws 18001 to 18100"
[1] "Chunk time = 2.07887543837229"
[1] "Processing draws 18101 to 18200"
[1] "Chunk time = 1.97065987586975"
[1] "Processing draws 18201 to 18300"
[1] "Chunk time = 1.91541718641917"
[1] "Processing draws 18301 to 18400"
[1] "Chunk time = 2.08213716745377"
[1] "Processing draws 18401 to 18500"
[1] "Chunk time = 1.92652605374654"
[1] "Processing draws 18501 to 18600"
[1] "Chunk time = 1.9275585214297"
[1] "Processing draws 18601 to 18700"
[1] "Chunk time = 2.0178945740064"
[1] "Processing draws 18701 to 18800"
[1] "Chunk time = 1.98341268698374"
[1] "Processing draws 18801 to 18900"
[1] "Chunk time = 1.90593555768331"
[1] "Processing draws 18901 to 19000"
[1] "Chunk time = 2.07284645239512"
[1] "Processing draws 19001 to 19100"
[1] "Chunk time = 1.96529715061188"
[1] "Processing draws 19101 to 19200"
[1] "Chunk time = 1.92798082033793"
[1] "Processing draws 19201 to 19300"
[1] "Chunk time = 2.08506953318914"
[1] "Processing draws 19301 to 19400"
[1] "Chunk time = 1.93971703449885"
[1] "Processing draws 19401 to 19500"
[1] "Chunk time = 2.00224393606186"
[1] "Processing draws 19501 to 19600"
[1] "Chunk time = 2.07272724310557"
[1] "Processing draws 19601 to 19700"
[1] "Chunk time = 1.946495505174"
[1] "Processing draws 19701 to 19800"
[1] "Chunk time = 1.92973261674245"
[1] "Processing draws 19801 to 19900"
[1] "Chunk time = 2.0816179672877"
[1] "Processing draws 19901 to 20000"
[1] "Chunk time = 1.96680425008138"
[1] "done lapplying"
[1] "Saving current params"
[1] "Saving params to output.rds"
[1] TRUE
[1] "Time for modelling:"
[1] "2025-07-03 11:55:17 EDT"
[1] "Time for posterior computations:"
Time difference of 6.686885 hours
[1] "Total time:"
[1] "2025-07-03 18:36:30 EDT"
