[1] "Starting sampling."
Running MCMC with 4 parallel chains, with 4 thread(s) per chain...

Chain 1 Iteration:    1 / 6000 [  0%]  (Warmup) 
Chain 2 Iteration:    1 / 6000 [  0%]  (Warmup) 
Chain 3 Iteration:    1 / 6000 [  0%]  (Warmup) 
Chain 4 Iteration:    1 / 6000 [  0%]  (Warmup) 
Chain 3 Iteration:  100 / 6000 [  1%]  (Warmup) 
Chain 2 Iteration:  100 / 6000 [  1%]  (Warmup) 
Chain 4 Iteration:  100 / 6000 [  1%]  (Warmup) 
Chain 3 Iteration:  200 / 6000 [  3%]  (Warmup) 
Chain 1 Iteration:  100 / 6000 [  1%]  (Warmup) 
Chain 2 Iteration:  200 / 6000 [  3%]  (Warmup) 
Chain 4 Iteration:  200 / 6000 [  3%]  (Warmup) 
Chain 3 Iteration:  300 / 6000 [  5%]  (Warmup) 
Chain 2 Iteration:  300 / 6000 [  5%]  (Warmup) 
Chain 1 Iteration:  200 / 6000 [  3%]  (Warmup) 
Chain 4 Iteration:  300 / 6000 [  5%]  (Warmup) 
Chain 3 Iteration:  400 / 6000 [  6%]  (Warmup) 
Chain 2 Iteration:  400 / 6000 [  6%]  (Warmup) 
Chain 1 Iteration:  300 / 6000 [  5%]  (Warmup) 
Chain 4 Iteration:  400 / 6000 [  6%]  (Warmup) 
Chain 3 Iteration:  500 / 6000 [  8%]  (Warmup) 
Chain 2 Iteration:  500 / 6000 [  8%]  (Warmup) 
Chain 1 Iteration:  400 / 6000 [  6%]  (Warmup) 
Chain 3 Iteration:  600 / 6000 [ 10%]  (Warmup) 
Chain 4 Iteration:  500 / 6000 [  8%]  (Warmup) 
Chain 2 Iteration:  600 / 6000 [ 10%]  (Warmup) 
Chain 3 Iteration:  700 / 6000 [ 11%]  (Warmup) 
Chain 1 Iteration:  500 / 6000 [  8%]  (Warmup) 
Chain 2 Iteration:  700 / 6000 [ 11%]  (Warmup) 
Chain 4 Iteration:  600 / 6000 [ 10%]  (Warmup) 
Chain 3 Iteration:  800 / 6000 [ 13%]  (Warmup) 
Chain 1 Iteration:  600 / 6000 [ 10%]  (Warmup) 
Chain 2 Iteration:  800 / 6000 [ 13%]  (Warmup) 
Chain 4 Iteration:  700 / 6000 [ 11%]  (Warmup) 
Chain 3 Iteration:  900 / 6000 [ 15%]  (Warmup) 
Chain 2 Iteration:  900 / 6000 [ 15%]  (Warmup) 
Chain 1 Iteration:  700 / 6000 [ 11%]  (Warmup) 
Chain 3 Iteration: 1000 / 6000 [ 16%]  (Warmup) 
Chain 3 Iteration: 1001 / 6000 [ 16%]  (Sampling) 
Chain 4 Iteration:  800 / 6000 [ 13%]  (Warmup) 
Chain 2 Iteration: 1000 / 6000 [ 16%]  (Warmup) 
Chain 2 Iteration: 1001 / 6000 [ 16%]  (Sampling) 
Chain 1 Iteration:  800 / 6000 [ 13%]  (Warmup) 
Chain 3 Iteration: 1100 / 6000 [ 18%]  (Sampling) 
Chain 4 Iteration:  900 / 6000 [ 15%]  (Warmup) 
Chain 2 Iteration: 1100 / 6000 [ 18%]  (Sampling) 
Chain 1 Iteration:  900 / 6000 [ 15%]  (Warmup) 
Chain 3 Iteration: 1200 / 6000 [ 20%]  (Sampling) 
Chain 4 Iteration: 1000 / 6000 [ 16%]  (Warmup) 
Chain 4 Iteration: 1001 / 6000 [ 16%]  (Sampling) 
Chain 2 Iteration: 1200 / 6000 [ 20%]  (Sampling) 
Chain 3 Iteration: 1300 / 6000 [ 21%]  (Sampling) 
Chain 1 Iteration: 1000 / 6000 [ 16%]  (Warmup) 
Chain 1 Iteration: 1001 / 6000 [ 16%]  (Sampling) 
Chain 2 Iteration: 1300 / 6000 [ 21%]  (Sampling) 
Chain 4 Iteration: 1100 / 6000 [ 18%]  (Sampling) 
Chain 3 Iteration: 1400 / 6000 [ 23%]  (Sampling) 
Chain 1 Iteration: 1100 / 6000 [ 18%]  (Sampling) 
Chain 2 Iteration: 1400 / 6000 [ 23%]  (Sampling) 
Chain 4 Iteration: 1200 / 6000 [ 20%]  (Sampling) 
Chain 3 Iteration: 1500 / 6000 [ 25%]  (Sampling) 
Chain 2 Iteration: 1500 / 6000 [ 25%]  (Sampling) 
Chain 1 Iteration: 1200 / 6000 [ 20%]  (Sampling) 
Chain 4 Iteration: 1300 / 6000 [ 21%]  (Sampling) 
Chain 3 Iteration: 1600 / 6000 [ 26%]  (Sampling) 
Chain 2 Iteration: 1600 / 6000 [ 26%]  (Sampling) 
Chain 1 Iteration: 1300 / 6000 [ 21%]  (Sampling) 
Chain 3 Iteration: 1700 / 6000 [ 28%]  (Sampling) 
Chain 4 Iteration: 1400 / 6000 [ 23%]  (Sampling) 
Chain 2 Iteration: 1700 / 6000 [ 28%]  (Sampling) 
Chain 1 Iteration: 1400 / 6000 [ 23%]  (Sampling) 
Chain 3 Iteration: 1800 / 6000 [ 30%]  (Sampling) 
Chain 2 Iteration: 1800 / 6000 [ 30%]  (Sampling) 
Chain 4 Iteration: 1500 / 6000 [ 25%]  (Sampling) 
Chain 3 Iteration: 1900 / 6000 [ 31%]  (Sampling) 
Chain 1 Iteration: 1500 / 6000 [ 25%]  (Sampling) 
Chain 2 Iteration: 1900 / 6000 [ 31%]  (Sampling) 
Chain 4 Iteration: 1600 / 6000 [ 26%]  (Sampling) 
Chain 3 Iteration: 2000 / 6000 [ 33%]  (Sampling) 
Chain 1 Iteration: 1600 / 6000 [ 26%]  (Sampling) 
Chain 2 Iteration: 2000 / 6000 [ 33%]  (Sampling) 
Chain 4 Iteration: 1700 / 6000 [ 28%]  (Sampling) 
Chain 3 Iteration: 2100 / 6000 [ 35%]  (Sampling) 
Chain 2 Iteration: 2100 / 6000 [ 35%]  (Sampling) 
Chain 1 Iteration: 1700 / 6000 [ 28%]  (Sampling) 
Chain 3 Iteration: 2200 / 6000 [ 36%]  (Sampling) 
Chain 4 Iteration: 1800 / 6000 [ 30%]  (Sampling) 
Chain 2 Iteration: 2200 / 6000 [ 36%]  (Sampling) 
Chain 1 Iteration: 1800 / 6000 [ 30%]  (Sampling) 
Chain 3 Iteration: 2300 / 6000 [ 38%]  (Sampling) 
Chain 4 Iteration: 1900 / 6000 [ 31%]  (Sampling) 
Chain 2 Iteration: 2300 / 6000 [ 38%]  (Sampling) 
Chain 3 Iteration: 2400 / 6000 [ 40%]  (Sampling) 
Chain 1 Iteration: 1900 / 6000 [ 31%]  (Sampling) 
Chain 2 Iteration: 2400 / 6000 [ 40%]  (Sampling) 
Chain 4 Iteration: 2000 / 6000 [ 33%]  (Sampling) 
Chain 3 Iteration: 2500 / 6000 [ 41%]  (Sampling) 
Chain 1 Iteration: 2000 / 6000 [ 33%]  (Sampling) 
Chain 2 Iteration: 2500 / 6000 [ 41%]  (Sampling) 
Chain 4 Iteration: 2100 / 6000 [ 35%]  (Sampling) 
Chain 3 Iteration: 2600 / 6000 [ 43%]  (Sampling) 
Chain 1 Iteration: 2100 / 6000 [ 35%]  (Sampling) 
Chain 2 Iteration: 2600 / 6000 [ 43%]  (Sampling) 
Chain 3 Iteration: 2700 / 6000 [ 45%]  (Sampling) 
Chain 4 Iteration: 2200 / 6000 [ 36%]  (Sampling) 
Chain 2 Iteration: 2700 / 6000 [ 45%]  (Sampling) 
Chain 1 Iteration: 2200 / 6000 [ 36%]  (Sampling) 
Chain 3 Iteration: 2800 / 6000 [ 46%]  (Sampling) 
Chain 4 Iteration: 2300 / 6000 [ 38%]  (Sampling) 
Chain 2 Iteration: 2800 / 6000 [ 46%]  (Sampling) 
Chain 3 Iteration: 2900 / 6000 [ 48%]  (Sampling) 
Chain 1 Iteration: 2300 / 6000 [ 38%]  (Sampling) 
Chain 4 Iteration: 2400 / 6000 [ 40%]  (Sampling) 
Chain 2 Iteration: 2900 / 6000 [ 48%]  (Sampling) 
Chain 3 Iteration: 3000 / 6000 [ 50%]  (Sampling) 
Chain 1 Iteration: 2400 / 6000 [ 40%]  (Sampling) 
Chain 2 Iteration: 3000 / 6000 [ 50%]  (Sampling) 
Chain 4 Iteration: 2500 / 6000 [ 41%]  (Sampling) 
Chain 3 Iteration: 3100 / 6000 [ 51%]  (Sampling) 
Chain 1 Iteration: 2500 / 6000 [ 41%]  (Sampling) 
Chain 2 Iteration: 3100 / 6000 [ 51%]  (Sampling) 
Chain 3 Iteration: 3200 / 6000 [ 53%]  (Sampling) 
Chain 4 Iteration: 2600 / 6000 [ 43%]  (Sampling) 
Chain 2 Iteration: 3200 / 6000 [ 53%]  (Sampling) 
Chain 1 Iteration: 2600 / 6000 [ 43%]  (Sampling) 
Chain 3 Iteration: 3300 / 6000 [ 55%]  (Sampling) 
Chain 4 Iteration: 2700 / 6000 [ 45%]  (Sampling) 
Chain 2 Iteration: 3300 / 6000 [ 55%]  (Sampling) 
Chain 3 Iteration: 3400 / 6000 [ 56%]  (Sampling) 
Chain 1 Iteration: 2700 / 6000 [ 45%]  (Sampling) 
Chain 4 Iteration: 2800 / 6000 [ 46%]  (Sampling) 
Chain 2 Iteration: 3400 / 6000 [ 56%]  (Sampling) 
Chain 3 Iteration: 3500 / 6000 [ 58%]  (Sampling) 
Chain 1 Iteration: 2800 / 6000 [ 46%]  (Sampling) 
Chain 4 Iteration: 2900 / 6000 [ 48%]  (Sampling) 
Chain 2 Iteration: 3500 / 6000 [ 58%]  (Sampling) 
Chain 3 Iteration: 3600 / 6000 [ 60%]  (Sampling) 
Chain 1 Iteration: 2900 / 6000 [ 48%]  (Sampling) 
Chain 2 Iteration: 3600 / 6000 [ 60%]  (Sampling) 
Chain 4 Iteration: 3000 / 6000 [ 50%]  (Sampling) 
Chain 3 Iteration: 3700 / 6000 [ 61%]  (Sampling) 
Chain 1 Iteration: 3000 / 6000 [ 50%]  (Sampling) 
Chain 2 Iteration: 3700 / 6000 [ 61%]  (Sampling) 
Chain 3 Iteration: 3800 / 6000 [ 63%]  (Sampling) 
Chain 4 Iteration: 3100 / 6000 [ 51%]  (Sampling) 
Chain 2 Iteration: 3800 / 6000 [ 63%]  (Sampling) 
Chain 1 Iteration: 3100 / 6000 [ 51%]  (Sampling) 
Chain 3 Iteration: 3900 / 6000 [ 65%]  (Sampling) 
Chain 4 Iteration: 3200 / 6000 [ 53%]  (Sampling) 
Chain 2 Iteration: 3900 / 6000 [ 65%]  (Sampling) 
Chain 3 Iteration: 4000 / 6000 [ 66%]  (Sampling) 
Chain 1 Iteration: 3200 / 6000 [ 53%]  (Sampling) 
Chain 4 Iteration: 3300 / 6000 [ 55%]  (Sampling) 
Chain 2 Iteration: 4000 / 6000 [ 66%]  (Sampling) 
Chain 3 Iteration: 4100 / 6000 [ 68%]  (Sampling) 
Chain 1 Iteration: 3300 / 6000 [ 55%]  (Sampling) 
Chain 4 Iteration: 3400 / 6000 [ 56%]  (Sampling) 
Chain 3 Iteration: 4200 / 6000 [ 70%]  (Sampling) 
Chain 2 Iteration: 4100 / 6000 [ 68%]  (Sampling) 
Chain 1 Iteration: 3400 / 6000 [ 56%]  (Sampling) 
Chain 3 Iteration: 4300 / 6000 [ 71%]  (Sampling) 
Chain 2 Iteration: 4200 / 6000 [ 70%]  (Sampling) 
Chain 4 Iteration: 3500 / 6000 [ 58%]  (Sampling) 
Chain 1 Iteration: 3500 / 6000 [ 58%]  (Sampling) 
Chain 3 Iteration: 4400 / 6000 [ 73%]  (Sampling) 
Chain 2 Iteration: 4300 / 6000 [ 71%]  (Sampling) 
Chain 4 Iteration: 3600 / 6000 [ 60%]  (Sampling) 
Chain 3 Iteration: 4500 / 6000 [ 75%]  (Sampling) 
Chain 2 Iteration: 4400 / 6000 [ 73%]  (Sampling) 
Chain 1 Iteration: 3600 / 6000 [ 60%]  (Sampling) 
Chain 4 Iteration: 3700 / 6000 [ 61%]  (Sampling) 
Chain 3 Iteration: 4600 / 6000 [ 76%]  (Sampling) 
Chain 2 Iteration: 4500 / 6000 [ 75%]  (Sampling) 
Chain 1 Iteration: 3700 / 6000 [ 61%]  (Sampling) 
Chain 4 Iteration: 3800 / 6000 [ 63%]  (Sampling) 
Chain 3 Iteration: 4700 / 6000 [ 78%]  (Sampling) 
Chain 2 Iteration: 4600 / 6000 [ 76%]  (Sampling) 
Chain 1 Iteration: 3800 / 6000 [ 63%]  (Sampling) 
Chain 4 Iteration: 3900 / 6000 [ 65%]  (Sampling) 
Chain 3 Iteration: 4800 / 6000 [ 80%]  (Sampling) 
Chain 2 Iteration: 4700 / 6000 [ 78%]  (Sampling) 
Chain 1 Iteration: 3900 / 6000 [ 65%]  (Sampling) 
Chain 3 Iteration: 4900 / 6000 [ 81%]  (Sampling) 
Chain 2 Iteration: 4800 / 6000 [ 80%]  (Sampling) 
Chain 4 Iteration: 4000 / 6000 [ 66%]  (Sampling) 
Chain 1 Iteration: 4000 / 6000 [ 66%]  (Sampling) 
Chain 3 Iteration: 5000 / 6000 [ 83%]  (Sampling) 
Chain 2 Iteration: 4900 / 6000 [ 81%]  (Sampling) 
Chain 4 Iteration: 4100 / 6000 [ 68%]  (Sampling) 
Chain 1 Iteration: 4100 / 6000 [ 68%]  (Sampling) 
Chain 3 Iteration: 5100 / 6000 [ 85%]  (Sampling) 
Chain 2 Iteration: 5000 / 6000 [ 83%]  (Sampling) 
Chain 4 Iteration: 4200 / 6000 [ 70%]  (Sampling) 
Chain 1 Iteration: 4200 / 6000 [ 70%]  (Sampling) 
Chain 2 Iteration: 5100 / 6000 [ 85%]  (Sampling) 
Chain 3 Iteration: 5200 / 6000 [ 86%]  (Sampling) 
Chain 4 Iteration: 4300 / 6000 [ 71%]  (Sampling) 
Chain 2 Iteration: 5200 / 6000 [ 86%]  (Sampling) 
Chain 3 Iteration: 5300 / 6000 [ 88%]  (Sampling) 
Chain 1 Iteration: 4300 / 6000 [ 71%]  (Sampling) 
Chain 4 Iteration: 4400 / 6000 [ 73%]  (Sampling) 
Chain 2 Iteration: 5300 / 6000 [ 88%]  (Sampling) 
Chain 3 Iteration: 5400 / 6000 [ 90%]  (Sampling) 
Chain 1 Iteration: 4400 / 6000 [ 73%]  (Sampling) 
Chain 4 Iteration: 4500 / 6000 [ 75%]  (Sampling) 
Chain 2 Iteration: 5400 / 6000 [ 90%]  (Sampling) 
Chain 3 Iteration: 5500 / 6000 [ 91%]  (Sampling) 
Chain 1 Iteration: 4500 / 6000 [ 75%]  (Sampling) 
Chain 4 Iteration: 4600 / 6000 [ 76%]  (Sampling) 
Chain 3 Iteration: 5600 / 6000 [ 93%]  (Sampling) 
Chain 2 Iteration: 5500 / 6000 [ 91%]  (Sampling) 
Chain 1 Iteration: 4600 / 6000 [ 76%]  (Sampling) 
Chain 2 Iteration: 5600 / 6000 [ 93%]  (Sampling) 
Chain 3 Iteration: 5700 / 6000 [ 95%]  (Sampling) 
Chain 4 Iteration: 4700 / 6000 [ 78%]  (Sampling) 
Chain 1 Iteration: 4700 / 6000 [ 78%]  (Sampling) 
Chain 2 Iteration: 5700 / 6000 [ 95%]  (Sampling) 
Chain 3 Iteration: 5800 / 6000 [ 96%]  (Sampling) 
Chain 4 Iteration: 4800 / 6000 [ 80%]  (Sampling) 
Chain 1 Iteration: 4800 / 6000 [ 80%]  (Sampling) 
Chain 2 Iteration: 5800 / 6000 [ 96%]  (Sampling) 
Chain 3 Iteration: 5900 / 6000 [ 98%]  (Sampling) 
Chain 4 Iteration: 4900 / 6000 [ 81%]  (Sampling) 
Chain 2 Iteration: 5900 / 6000 [ 98%]  (Sampling) 
Chain 1 Iteration: 4900 / 6000 [ 81%]  (Sampling) 
Chain 3 Iteration: 6000 / 6000 [100%]  (Sampling) 
Chain 3 finished in 1300.7 seconds.
Chain 4 Iteration: 5000 / 6000 [ 83%]  (Sampling) 
Chain 2 Iteration: 6000 / 6000 [100%]  (Sampling) 
Chain 2 finished in 1317.8 seconds.
Chain 1 Iteration: 5000 / 6000 [ 83%]  (Sampling) 
Chain 4 Iteration: 5100 / 6000 [ 85%]  (Sampling) 
Chain 1 Iteration: 5100 / 6000 [ 85%]  (Sampling) 
Chain 4 Iteration: 5200 / 6000 [ 86%]  (Sampling) 
Chain 4 Iteration: 5300 / 6000 [ 88%]  (Sampling) 
Chain 1 Iteration: 5200 / 6000 [ 86%]  (Sampling) 
Chain 4 Iteration: 5400 / 6000 [ 90%]  (Sampling) 
Chain 1 Iteration: 5300 / 6000 [ 88%]  (Sampling) 
Chain 4 Iteration: 5500 / 6000 [ 91%]  (Sampling) 
Chain 1 Iteration: 5400 / 6000 [ 90%]  (Sampling) 
Chain 4 Iteration: 5600 / 6000 [ 93%]  (Sampling) 
Chain 4 Iteration: 5700 / 6000 [ 95%]  (Sampling) 
Chain 1 Iteration: 5500 / 6000 [ 91%]  (Sampling) 
Chain 4 Iteration: 5800 / 6000 [ 96%]  (Sampling) 
Chain 1 Iteration: 5600 / 6000 [ 93%]  (Sampling) 
Chain 4 Iteration: 5900 / 6000 [ 98%]  (Sampling) 
Chain 1 Iteration: 5700 / 6000 [ 95%]  (Sampling) 
Chain 4 Iteration: 6000 / 6000 [100%]  (Sampling) 
Chain 4 finished in 1485.5 seconds.
Chain 1 Iteration: 5800 / 6000 [ 96%]  (Sampling) 
Chain 1 Iteration: 5900 / 6000 [ 98%]  (Sampling) 
Chain 1 Iteration: 6000 / 6000 [100%]  (Sampling) 
Chain 1 finished in 1537.9 seconds.

All 4 chains finished successfully.
Mean chain execution time: 1410.5 seconds.
Total execution time: 1538.2 seconds.

[1] "Processing draws 1 to 100"
[1] "Chunk time = 1.07314233382543"
[1] "Processing draws 101 to 200"
[1] "Chunk time = 20.1361074447632"
[1] "Processing draws 201 to 300"
[1] "Chunk time = 20.0083668231964"
[1] "Processing draws 301 to 400"
[1] "Chunk time = 19.6219611167908"
[1] "Processing draws 401 to 500"
[1] "Chunk time = 19.1289758682251"
[1] "Processing draws 501 to 600"
[1] "Chunk time = 19.3269667625427"
[1] "Processing draws 601 to 700"
[1] "Chunk time = 19.5877454280853"
[1] "Processing draws 701 to 800"
[1] "Chunk time = 19.2888145446777"
[1] "Processing draws 801 to 900"
[1] "Chunk time = 19.6519892215729"
[1] "Processing draws 901 to 1000"
[1] "Chunk time = 19.6529459953308"
[1] "Processing draws 1001 to 1100"
[1] "Chunk time = 19.482542514801"
[1] "Processing draws 1101 to 1200"
[1] "Chunk time = 18.9402315616608"
[1] "Processing draws 1201 to 1300"
[1] "Chunk time = 19.0012834072113"
[1] "Processing draws 1301 to 1400"
[1] "Chunk time = 18.7503724098206"
[1] "Processing draws 1401 to 1500"
[1] "Chunk time = 18.8928389549255"
[1] "Processing draws 1501 to 1600"
[1] "Chunk time = 18.7001044750214"
[1] "Processing draws 1601 to 1700"
[1] "Chunk time = 18.6622474193573"
[1] "Processing draws 1701 to 1800"
[1] "Chunk time = 18.0401699542999"
[1] "Processing draws 1801 to 1900"
[1] "Chunk time = 17.3844888210297"
[1] "Processing draws 1901 to 2000"
[1] "Chunk time = 17.6887872219086"
[1] "Processing draws 2001 to 2100"
[1] "Chunk time = 17.1704452037811"
[1] "Processing draws 2101 to 2200"
[1] "Chunk time = 17.7074856758118"
[1] "Processing draws 2201 to 2300"
[1] "Chunk time = 17.2041175365448"
[1] "Processing draws 2301 to 2400"
[1] "Chunk time = 17.6442399024963"
[1] "Processing draws 2401 to 2500"
[1] "Chunk time = 17.304646730423"
[1] "Processing draws 2501 to 2600"
[1] "Chunk time = 17.7265205383301"
[1] "Processing draws 2601 to 2700"
[1] "Chunk time = 17.5248782634735"
[1] "Processing draws 2701 to 2800"
[1] "Chunk time = 17.3027324676514"
[1] "Processing draws 2801 to 2900"
[1] "Chunk time = 17.4165053367615"
[1] "Processing draws 2901 to 3000"
[1] "Chunk time = 17.5875568389893"
[1] "Processing draws 3001 to 3100"
[1] "Chunk time = 17.6553521156311"
[1] "Processing draws 3101 to 3200"
[1] "Chunk time = 17.6921684741974"
[1] "Processing draws 3201 to 3300"
[1] "Chunk time = 17.9222164154053"
[1] "Processing draws 3301 to 3400"
[1] "Chunk time = 18.2017319202423"
[1] "Processing draws 3401 to 3500"
[1] "Chunk time = 17.9482786655426"
[1] "Processing draws 3501 to 3600"
[1] "Chunk time = 18.2886514663696"
[1] "Processing draws 3601 to 3700"
[1] "Chunk time = 17.8310179710388"
[1] "Processing draws 3701 to 3800"
[1] "Chunk time = 18.3202528953552"
[1] "Processing draws 3801 to 3900"
[1] "Chunk time = 17.4224815368652"
[1] "Processing draws 3901 to 4000"
[1] "Chunk time = 17.7553997039795"
[1] "Processing draws 4001 to 4100"
[1] "Chunk time = 17.7714867591858"
[1] "Processing draws 4101 to 4200"
[1] "Chunk time = 17.0968682765961"
[1] "Processing draws 4201 to 4300"
[1] "Chunk time = 14.5463922023773"
[1] "Processing draws 4301 to 4400"
[1] "Chunk time = 14.831285238266"
[1] "Processing draws 4401 to 4500"
[1] "Chunk time = 14.2639482021332"
[1] "Processing draws 4501 to 4600"
[1] "Chunk time = 13.7491250038147"
[1] "Processing draws 4601 to 4700"
[1] "Chunk time = 13.8823509216309"
[1] "Processing draws 4701 to 4800"
[1] "Chunk time = 14.6097600460052"
[1] "Processing draws 4801 to 4900"
[1] "Chunk time = 14.0955452919006"
[1] "Processing draws 4901 to 5000"
[1] "Chunk time = 13.5321083068848"
[1] "Processing draws 5001 to 5100"
[1] "Chunk time = 14.9299039840698"
[1] "Processing draws 5101 to 5200"
[1] "Chunk time = 15.2326397895813"
[1] "Processing draws 5201 to 5300"
[1] "Chunk time = 15.2974262237549"
[1] "Processing draws 5301 to 5400"
[1] "Chunk time = 15.3406498432159"
[1] "Processing draws 5401 to 5500"
[1] "Chunk time = 15.7552382946014"
[1] "Processing draws 5501 to 5600"
[1] "Chunk time = 16.6795833110809"
[1] "Processing draws 5601 to 5700"
[1] "Chunk time = 15.9269540309906"
[1] "Processing draws 5701 to 5800"
[1] "Chunk time = 16.3128879070282"
[1] "Processing draws 5801 to 5900"
[1] "Chunk time = 16.2760324478149"
[1] "Processing draws 5901 to 6000"
[1] "Chunk time = 15.888500213623"
[1] "Processing draws 6001 to 6100"
[1] "Chunk time = 16.4077925682068"
[1] "Processing draws 6101 to 6200"
[1] "Chunk time = 16.1726529598236"
[1] "Processing draws 6201 to 6300"
[1] "Chunk time = 16.3658516407013"
[1] "Processing draws 6301 to 6400"
[1] "Chunk time = 16.4273164272308"
[1] "Processing draws 6401 to 6500"
[1] "Chunk time = 16.1422436237335"
[1] "Processing draws 6501 to 6600"
[1] "Chunk time = 16.3323802947998"
[1] "Processing draws 6601 to 6700"
[1] "Chunk time = 16.2312462329865"
[1] "Processing draws 6701 to 6800"
[1] "Chunk time = 16.3339188098907"
[1] "Processing draws 6801 to 6900"
[1] "Chunk time = 16.6431741714478"
[1] "Processing draws 6901 to 7000"
[1] "Chunk time = 16.4664585590363"
[1] "Processing draws 7001 to 7100"
[1] "Chunk time = 16.7737231254578"
[1] "Processing draws 7101 to 7200"
[1] "Chunk time = 16.9960730075836"
[1] "Processing draws 7201 to 7300"
[1] "Chunk time = 16.6941096782684"
[1] "Processing draws 7301 to 7400"
[1] "Chunk time = 16.4878551959991"
[1] "Processing draws 7401 to 7500"
[1] "Chunk time = 16.5058579444885"
[1] "Processing draws 7501 to 7600"
[1] "Chunk time = 16.5644946098328"
[1] "Processing draws 7601 to 7700"
[1] "Chunk time = 16.2905650138855"
[1] "Processing draws 7701 to 7800"
[1] "Chunk time = 16.6066429615021"
[1] "Processing draws 7801 to 7900"
[1] "Chunk time = 16.6853725910187"
[1] "Processing draws 7901 to 8000"
[1] "Chunk time = 16.9887042045593"
[1] "Processing draws 8001 to 8100"
[1] "Chunk time = 16.5464799404144"
[1] "Processing draws 8101 to 8200"
[1] "Chunk time = 16.7267270088196"
[1] "Processing draws 8201 to 8300"
[1] "Chunk time = 16.7743949890137"
[1] "Processing draws 8301 to 8400"
[1] "Chunk time = 16.3863151073456"
[1] "Processing draws 8401 to 8500"
[1] "Chunk time = 16.566294670105"
[1] "Processing draws 8501 to 8600"
[1] "Chunk time = 16.3535346984863"
[1] "Processing draws 8601 to 8700"
[1] "Chunk time = 16.2154161930084"
[1] "Processing draws 8701 to 8800"
[1] "Chunk time = 16.0856690406799"
[1] "Processing draws 8801 to 8900"
[1] "Chunk time = 16.9400932788849"
[1] "Processing draws 8901 to 9000"
[1] "Chunk time = 16.8874156475067"
[1] "Processing draws 9001 to 9100"
[1] "Chunk time = 16.9360501766205"
[1] "Processing draws 9101 to 9200"
[1] "Chunk time = 17.0640814304352"
[1] "Processing draws 9201 to 9300"
[1] "Chunk time = 17.2904007434845"
[1] "Processing draws 9301 to 9400"
[1] "Chunk time = 17.3150668144226"
[1] "Processing draws 9401 to 9500"
[1] "Chunk time = 17.2383925914764"
[1] "Processing draws 9501 to 9600"
[1] "Chunk time = 17.2923028469086"
[1] "Processing draws 9601 to 9700"
[1] "Chunk time = 17.1769077777863"
[1] "Processing draws 9701 to 9800"
[1] "Chunk time = 16.6683838367462"
[1] "Processing draws 9801 to 9900"
[1] "Chunk time = 16.5228729248047"
[1] "Processing draws 9901 to 10000"
[1] "Chunk time = 16.4208703041077"
[1] "Processing draws 10001 to 10100"
[1] "Chunk time = 16.3236367702484"
[1] "Processing draws 10101 to 10200"
[1] "Chunk time = 16.0784969329834"
[1] "Processing draws 10201 to 10300"
[1] "Chunk time = 16.319540977478"
[1] "Processing draws 10301 to 10400"
[1] "Chunk time = 16.3008382320404"
[1] "Processing draws 10401 to 10500"
[1] "Chunk time = 16.280068397522"
[1] "Processing draws 10501 to 10600"
[1] "Chunk time = 16.1788136959076"
[1] "Processing draws 10601 to 10700"
[1] "Chunk time = 16.1014831066132"
[1] "Processing draws 10701 to 10800"
[1] "Chunk time = 15.9373292922974"
[1] "Processing draws 10801 to 10900"
[1] "Chunk time = 16.2071852684021"
[1] "Processing draws 10901 to 11000"
[1] "Chunk time = 15.822437286377"
[1] "Processing draws 11001 to 11100"
[1] "Chunk time = 16.1025996208191"
[1] "Processing draws 11101 to 11200"
[1] "Chunk time = 16.1531488895416"
[1] "Processing draws 11201 to 11300"
[1] "Chunk time = 16.0759038925171"
[1] "Processing draws 11301 to 11400"
[1] "Chunk time = 16.30047082901"
[1] "Processing draws 11401 to 11500"
[1] "Chunk time = 16.164302110672"
[1] "Processing draws 11501 to 11600"
[1] "Chunk time = 16.4514605998993"
[1] "Processing draws 11601 to 11700"
[1] "Chunk time = 16.6268277168274"
[1] "Processing draws 11701 to 11800"
[1] "Chunk time = 16.7982566356659"
[1] "Processing draws 11801 to 11900"
[1] "Chunk time = 16.8901677131653"
[1] "Processing draws 11901 to 12000"
[1] "Chunk time = 16.4237377643585"
[1] "Processing draws 12001 to 12100"
[1] "Chunk time = 16.3234031200409"
[1] "Processing draws 12101 to 12200"
[1] "Chunk time = 16.3268277645111"
[1] "Processing draws 12201 to 12300"
[1] "Chunk time = 16.1879901885986"
[1] "Processing draws 12301 to 12400"
[1] "Chunk time = 16.2662603855133"
[1] "Processing draws 12401 to 12500"
[1] "Chunk time = 16.2710654735565"
[1] "Processing draws 12501 to 12600"
[1] "Chunk time = 16.4132170677185"
[1] "Processing draws 12601 to 12700"
[1] "Chunk time = 16.1474320888519"
[1] "Processing draws 12701 to 12800"
[1] "Chunk time = 16.6439530849457"
[1] "Processing draws 12801 to 12900"
[1] "Chunk time = 16.4792995452881"
[1] "Processing draws 12901 to 13000"
[1] "Chunk time = 16.5460922718048"
[1] "Processing draws 13001 to 13100"
[1] "Chunk time = 16.7191298007965"
[1] "Processing draws 13101 to 13200"
[1] "Chunk time = 16.2746398448944"
[1] "Processing draws 13201 to 13300"
[1] "Chunk time = 16.3117473125458"
[1] "Processing draws 13301 to 13400"
[1] "Chunk time = 16.5306854248047"
[1] "Processing draws 13401 to 13500"
[1] "Chunk time = 16.5962769985199"
[1] "Processing draws 13501 to 13600"
[1] "Chunk time = 16.9060571193695"
[1] "Processing draws 13601 to 13700"
[1] "Chunk time = 16.7108137607574"
[1] "Processing draws 13701 to 13800"
[1] "Chunk time = 16.4074950218201"
[1] "Processing draws 13801 to 13900"
[1] "Chunk time = 16.9254086017609"
[1] "Processing draws 13901 to 14000"
[1] "Chunk time = 16.5655045509338"
[1] "Processing draws 14001 to 14100"
[1] "Chunk time = 15.7668013572693"
[1] "Processing draws 14101 to 14200"
[1] "Chunk time = 16.0847141742706"
[1] "Processing draws 14201 to 14300"
[1] "Chunk time = 16.1118693351746"
[1] "Processing draws 14301 to 14400"
[1] "Chunk time = 15.0114974975586"
[1] "Processing draws 14401 to 14500"
[1] "Chunk time = 15.4423151016235"
[1] "Processing draws 14501 to 14600"
[1] "Chunk time = 16.6258850097656"
[1] "Processing draws 14601 to 14700"
[1] "Chunk time = 16.4084656238556"
[1] "Processing draws 14701 to 14800"
[1] "Chunk time = 16.1200258731842"
[1] "Processing draws 14801 to 14900"
[1] "Chunk time = 15.9956367015839"
[1] "Processing draws 14901 to 15000"
[1] "Chunk time = 16.4461410045624"
[1] "Processing draws 15001 to 15100"
[1] "Chunk time = 15.9459960460663"
[1] "Processing draws 15101 to 15200"
[1] "Chunk time = 16.1027219295502"
[1] "Processing draws 15201 to 15300"
[1] "Chunk time = 16.2638013362885"
[1] "Processing draws 15301 to 15400"
[1] "Chunk time = 15.856908082962"
[1] "Processing draws 15401 to 15500"
[1] "Chunk time = 16.2226579189301"
[1] "Processing draws 15501 to 15600"
[1] "Chunk time = 16.3328890800476"
[1] "Processing draws 15601 to 15700"
[1] "Chunk time = 16.0906856060028"
[1] "Processing draws 15701 to 15800"
[1] "Chunk time = 16.2919719219208"
[1] "Processing draws 15801 to 15900"
[1] "Chunk time = 16.8736310005188"
[1] "Processing draws 15901 to 16000"
[1] "Chunk time = 16.391774892807"
[1] "Processing draws 16001 to 16100"
[1] "Chunk time = 16.1592807769775"
[1] "Processing draws 16101 to 16200"
[1] "Chunk time = 16.223304271698"
[1] "Processing draws 16201 to 16300"
[1] "Chunk time = 16.2295446395874"
[1] "Processing draws 16301 to 16400"
[1] "Chunk time = 16.4625232219696"
[1] "Processing draws 16401 to 16500"
[1] "Chunk time = 16.4225933551788"
[1] "Processing draws 16501 to 16600"
[1] "Chunk time = 17.0297224521637"
[1] "Processing draws 16601 to 16700"
[1] "Chunk time = 16.4981813430786"
[1] "Processing draws 16701 to 16800"
[1] "Chunk time = 16.5629305839539"
[1] "Processing draws 16801 to 16900"
[1] "Chunk time = 16.6983654499054"
[1] "Processing draws 16901 to 17000"
[1] "Chunk time = 16.4495842456818"
[1] "Processing draws 17001 to 17100"
[1] "Chunk time = 16.6932082176208"
[1] "Processing draws 17101 to 17200"
[1] "Chunk time = 16.2408299446106"
[1] "Processing draws 17201 to 17300"
[1] "Chunk time = 16.0432825088501"
[1] "Processing draws 17301 to 17400"
[1] "Chunk time = 16.3498206138611"
[1] "Processing draws 17401 to 17500"
[1] "Chunk time = 16.1697251796722"
[1] "Processing draws 17501 to 17600"
[1] "Chunk time = 16.3115434646606"
[1] "Processing draws 17601 to 17700"
[1] "Chunk time = 16.2550537586212"
[1] "Processing draws 17701 to 17800"
[1] "Chunk time = 16.1643245220184"
[1] "Processing draws 17801 to 17900"
[1] "Chunk time = 16.3808708190918"
[1] "Processing draws 17901 to 18000"
[1] "Chunk time = 16.7839217185974"
[1] "Processing draws 18001 to 18100"
[1] "Chunk time = 16.5802254676819"
[1] "Processing draws 18101 to 18200"
[1] "Chunk time = 16.7842063903809"
[1] "Processing draws 18201 to 18300"
[1] "Chunk time = 16.5344951152802"
[1] "Processing draws 18301 to 18400"
[1] "Chunk time = 16.5492043495178"
[1] "Processing draws 18401 to 18500"
[1] "Chunk time = 16.2834601402283"
[1] "Processing draws 18501 to 18600"
[1] "Chunk time = 16.6825828552246"
[1] "Processing draws 18601 to 18700"
[1] "Chunk time = 16.3237588405609"
[1] "Processing draws 18701 to 18800"
[1] "Chunk time = 16.5613613128662"
[1] "Processing draws 18801 to 18900"
[1] "Chunk time = 16.3119585514069"
[1] "Processing draws 18901 to 19000"
[1] "Chunk time = 16.466783285141"
[1] "Processing draws 19001 to 19100"
[1] "Chunk time = 16.5895748138428"
[1] "Processing draws 19101 to 19200"
[1] "Chunk time = 16.4523730278015"
[1] "Processing draws 19201 to 19300"
[1] "Chunk time = 16.2452938556671"
[1] "Processing draws 19301 to 19400"
[1] "Chunk time = 16.92631316185"
[1] "Processing draws 19401 to 19500"
[1] "Chunk time = 16.5915975570679"
[1] "Processing draws 19501 to 19600"
[1] "Chunk time = 16.7227079868317"
[1] "Processing draws 19601 to 19700"
[1] "Chunk time = 16.437620639801"
[1] "Processing draws 19701 to 19800"
[1] "Chunk time = 16.1828699111938"
[1] "Processing draws 19801 to 19900"
[1] "Chunk time = 16.0206763744354"
[1] "Processing draws 19901 to 20000"
[1] "Chunk time = 16.0585751533508"
[1] "done lapplying"
[1] "Saving current params"
[1] "Saving params to output.rds"
[1] TRUE
