[1] "Starting sampling."
Running MCMC with 4 parallel chains, with 4 thread(s) per chain...

Chain 2 Iteration:    1 / 6000 [  0%]  (Warmup) 
Chain 1 Iteration:    1 / 6000 [  0%]  (Warmup) 
Chain 4 Iteration:    1 / 6000 [  0%]  (Warmup) 
Chain 3 Iteration:    1 / 6000 [  0%]  (Warmup) 
Chain 1 Iteration:  100 / 6000 [  1%]  (Warmup) 
Chain 2 Iteration:  100 / 6000 [  1%]  (Warmup) 
Chain 3 Iteration:  100 / 6000 [  1%]  (Warmup) 
Chain 4 Iteration:  100 / 6000 [  1%]  (Warmup) 
Chain 1 Iteration:  200 / 6000 [  3%]  (Warmup) 
Chain 2 Iteration:  200 / 6000 [  3%]  (Warmup) 
Chain 3 Iteration:  200 / 6000 [  3%]  (Warmup) 
Chain 4 Iteration:  200 / 6000 [  3%]  (Warmup) 
Chain 1 Iteration:  300 / 6000 [  5%]  (Warmup) 
Chain 2 Iteration:  300 / 6000 [  5%]  (Warmup) 
Chain 3 Iteration:  300 / 6000 [  5%]  (Warmup) 
Chain 4 Iteration:  300 / 6000 [  5%]  (Warmup) 
Chain 1 Iteration:  400 / 6000 [  6%]  (Warmup) 
Chain 2 Iteration:  400 / 6000 [  6%]  (Warmup) 
Chain 3 Iteration:  400 / 6000 [  6%]  (Warmup) 
Chain 4 Iteration:  400 / 6000 [  6%]  (Warmup) 
Chain 1 Iteration:  500 / 6000 [  8%]  (Warmup) 
Chain 2 Iteration:  500 / 6000 [  8%]  (Warmup) 
Chain 3 Iteration:  500 / 6000 [  8%]  (Warmup) 
Chain 4 Iteration:  500 / 6000 [  8%]  (Warmup) 
Chain 1 Iteration:  600 / 6000 [ 10%]  (Warmup) 
Chain 2 Iteration:  600 / 6000 [ 10%]  (Warmup) 
Chain 3 Iteration:  600 / 6000 [ 10%]  (Warmup) 
Chain 4 Iteration:  600 / 6000 [ 10%]  (Warmup) 
Chain 1 Iteration:  700 / 6000 [ 11%]  (Warmup) 
Chain 2 Iteration:  700 / 6000 [ 11%]  (Warmup) 
Chain 3 Iteration:  700 / 6000 [ 11%]  (Warmup) 
Chain 4 Iteration:  700 / 6000 [ 11%]  (Warmup) 
Chain 1 Iteration:  800 / 6000 [ 13%]  (Warmup) 
Chain 2 Iteration:  800 / 6000 [ 13%]  (Warmup) 
Chain 4 Iteration:  800 / 6000 [ 13%]  (Warmup) 
Chain 3 Iteration:  800 / 6000 [ 13%]  (Warmup) 
Chain 1 Iteration:  900 / 6000 [ 15%]  (Warmup) 
Chain 2 Iteration:  900 / 6000 [ 15%]  (Warmup) 
Chain 3 Iteration:  900 / 6000 [ 15%]  (Warmup) 
Chain 4 Iteration:  900 / 6000 [ 15%]  (Warmup) 
Chain 1 Iteration: 1000 / 6000 [ 16%]  (Warmup) 
Chain 1 Iteration: 1001 / 6000 [ 16%]  (Sampling) 
Chain 2 Iteration: 1000 / 6000 [ 16%]  (Warmup) 
Chain 2 Iteration: 1001 / 6000 [ 16%]  (Sampling) 
Chain 4 Iteration: 1000 / 6000 [ 16%]  (Warmup) 
Chain 4 Iteration: 1001 / 6000 [ 16%]  (Sampling) 
Chain 3 Iteration: 1000 / 6000 [ 16%]  (Warmup) 
Chain 3 Iteration: 1001 / 6000 [ 16%]  (Sampling) 
Chain 1 Iteration: 1100 / 6000 [ 18%]  (Sampling) 
Chain 2 Iteration: 1100 / 6000 [ 18%]  (Sampling) 
Chain 4 Iteration: 1100 / 6000 [ 18%]  (Sampling) 
Chain 3 Iteration: 1100 / 6000 [ 18%]  (Sampling) 
Chain 1 Iteration: 1200 / 6000 [ 20%]  (Sampling) 
Chain 2 Iteration: 1200 / 6000 [ 20%]  (Sampling) 
Chain 4 Iteration: 1200 / 6000 [ 20%]  (Sampling) 
Chain 3 Iteration: 1200 / 6000 [ 20%]  (Sampling) 
Chain 1 Iteration: 1300 / 6000 [ 21%]  (Sampling) 
Chain 2 Iteration: 1300 / 6000 [ 21%]  (Sampling) 
Chain 4 Iteration: 1300 / 6000 [ 21%]  (Sampling) 
Chain 3 Iteration: 1300 / 6000 [ 21%]  (Sampling) 
Chain 1 Iteration: 1400 / 6000 [ 23%]  (Sampling) 
Chain 2 Iteration: 1400 / 6000 [ 23%]  (Sampling) 
Chain 4 Iteration: 1400 / 6000 [ 23%]  (Sampling) 
Chain 3 Iteration: 1400 / 6000 [ 23%]  (Sampling) 
Chain 1 Iteration: 1500 / 6000 [ 25%]  (Sampling) 
Chain 2 Iteration: 1500 / 6000 [ 25%]  (Sampling) 
Chain 4 Iteration: 1500 / 6000 [ 25%]  (Sampling) 
Chain 3 Iteration: 1500 / 6000 [ 25%]  (Sampling) 
Chain 1 Iteration: 1600 / 6000 [ 26%]  (Sampling) 
Chain 2 Iteration: 1600 / 6000 [ 26%]  (Sampling) 
Chain 4 Iteration: 1600 / 6000 [ 26%]  (Sampling) 
Chain 3 Iteration: 1600 / 6000 [ 26%]  (Sampling) 
Chain 1 Iteration: 1700 / 6000 [ 28%]  (Sampling) 
Chain 2 Iteration: 1700 / 6000 [ 28%]  (Sampling) 
Chain 4 Iteration: 1700 / 6000 [ 28%]  (Sampling) 
Chain 3 Iteration: 1700 / 6000 [ 28%]  (Sampling) 
Chain 1 Iteration: 1800 / 6000 [ 30%]  (Sampling) 
Chain 2 Iteration: 1800 / 6000 [ 30%]  (Sampling) 
Chain 4 Iteration: 1800 / 6000 [ 30%]  (Sampling) 
Chain 3 Iteration: 1800 / 6000 [ 30%]  (Sampling) 
Chain 1 Iteration: 1900 / 6000 [ 31%]  (Sampling) 
Chain 2 Iteration: 1900 / 6000 [ 31%]  (Sampling) 
Chain 4 Iteration: 1900 / 6000 [ 31%]  (Sampling) 
Chain 3 Iteration: 1900 / 6000 [ 31%]  (Sampling) 
Chain 1 Iteration: 2000 / 6000 [ 33%]  (Sampling) 
Chain 2 Iteration: 2000 / 6000 [ 33%]  (Sampling) 
Chain 4 Iteration: 2000 / 6000 [ 33%]  (Sampling) 
Chain 3 Iteration: 2000 / 6000 [ 33%]  (Sampling) 
Chain 1 Iteration: 2100 / 6000 [ 35%]  (Sampling) 
Chain 2 Iteration: 2100 / 6000 [ 35%]  (Sampling) 
Chain 4 Iteration: 2100 / 6000 [ 35%]  (Sampling) 
Chain 3 Iteration: 2100 / 6000 [ 35%]  (Sampling) 
Chain 1 Iteration: 2200 / 6000 [ 36%]  (Sampling) 
Chain 2 Iteration: 2200 / 6000 [ 36%]  (Sampling) 
Chain 4 Iteration: 2200 / 6000 [ 36%]  (Sampling) 
Chain 3 Iteration: 2200 / 6000 [ 36%]  (Sampling) 
Chain 1 Iteration: 2300 / 6000 [ 38%]  (Sampling) 
Chain 2 Iteration: 2300 / 6000 [ 38%]  (Sampling) 
Chain 4 Iteration: 2300 / 6000 [ 38%]  (Sampling) 
Chain 3 Iteration: 2300 / 6000 [ 38%]  (Sampling) 
Chain 1 Iteration: 2400 / 6000 [ 40%]  (Sampling) 
Chain 2 Iteration: 2400 / 6000 [ 40%]  (Sampling) 
Chain 4 Iteration: 2400 / 6000 [ 40%]  (Sampling) 
Chain 3 Iteration: 2400 / 6000 [ 40%]  (Sampling) 
Chain 1 Iteration: 2500 / 6000 [ 41%]  (Sampling) 
Chain 2 Iteration: 2500 / 6000 [ 41%]  (Sampling) 
Chain 4 Iteration: 2500 / 6000 [ 41%]  (Sampling) 
Chain 3 Iteration: 2500 / 6000 [ 41%]  (Sampling) 
Chain 1 Iteration: 2600 / 6000 [ 43%]  (Sampling) 
Chain 2 Iteration: 2600 / 6000 [ 43%]  (Sampling) 
Chain 3 Iteration: 2600 / 6000 [ 43%]  (Sampling) 
Chain 4 Iteration: 2600 / 6000 [ 43%]  (Sampling) 
Chain 1 Iteration: 2700 / 6000 [ 45%]  (Sampling) 
Chain 2 Iteration: 2700 / 6000 [ 45%]  (Sampling) 
Chain 3 Iteration: 2700 / 6000 [ 45%]  (Sampling) 
Chain 4 Iteration: 2700 / 6000 [ 45%]  (Sampling) 
Chain 1 Iteration: 2800 / 6000 [ 46%]  (Sampling) 
Chain 2 Iteration: 2800 / 6000 [ 46%]  (Sampling) 
Chain 3 Iteration: 2800 / 6000 [ 46%]  (Sampling) 
Chain 4 Iteration: 2800 / 6000 [ 46%]  (Sampling) 
Chain 1 Iteration: 2900 / 6000 [ 48%]  (Sampling) 
Chain 2 Iteration: 2900 / 6000 [ 48%]  (Sampling) 
Chain 4 Iteration: 2900 / 6000 [ 48%]  (Sampling) 
Chain 3 Iteration: 2900 / 6000 [ 48%]  (Sampling) 
Chain 1 Iteration: 3000 / 6000 [ 50%]  (Sampling) 
Chain 2 Iteration: 3000 / 6000 [ 50%]  (Sampling) 
Chain 4 Iteration: 3000 / 6000 [ 50%]  (Sampling) 
Chain 3 Iteration: 3000 / 6000 [ 50%]  (Sampling) 
Chain 1 Iteration: 3100 / 6000 [ 51%]  (Sampling) 
Chain 2 Iteration: 3100 / 6000 [ 51%]  (Sampling) 
Chain 3 Iteration: 3100 / 6000 [ 51%]  (Sampling) 
Chain 4 Iteration: 3100 / 6000 [ 51%]  (Sampling) 
Chain 1 Iteration: 3200 / 6000 [ 53%]  (Sampling) 
Chain 2 Iteration: 3200 / 6000 [ 53%]  (Sampling) 
Chain 3 Iteration: 3200 / 6000 [ 53%]  (Sampling) 
Chain 4 Iteration: 3200 / 6000 [ 53%]  (Sampling) 
Chain 1 Iteration: 3300 / 6000 [ 55%]  (Sampling) 
Chain 2 Iteration: 3300 / 6000 [ 55%]  (Sampling) 
Chain 1 Iteration: 3400 / 6000 [ 56%]  (Sampling) 
Chain 3 Iteration: 3300 / 6000 [ 55%]  (Sampling) 
Chain 4 Iteration: 3300 / 6000 [ 55%]  (Sampling) 
Chain 2 Iteration: 3400 / 6000 [ 56%]  (Sampling) 
Chain 1 Iteration: 3500 / 6000 [ 58%]  (Sampling) 
Chain 3 Iteration: 3400 / 6000 [ 56%]  (Sampling) 
Chain 4 Iteration: 3400 / 6000 [ 56%]  (Sampling) 
Chain 2 Iteration: 3500 / 6000 [ 58%]  (Sampling) 
Chain 1 Iteration: 3600 / 6000 [ 60%]  (Sampling) 
Chain 3 Iteration: 3500 / 6000 [ 58%]  (Sampling) 
Chain 4 Iteration: 3500 / 6000 [ 58%]  (Sampling) 
Chain 2 Iteration: 3600 / 6000 [ 60%]  (Sampling) 
Chain 1 Iteration: 3700 / 6000 [ 61%]  (Sampling) 
Chain 3 Iteration: 3600 / 6000 [ 60%]  (Sampling) 
Chain 4 Iteration: 3600 / 6000 [ 60%]  (Sampling) 
Chain 2 Iteration: 3700 / 6000 [ 61%]  (Sampling) 
Chain 1 Iteration: 3800 / 6000 [ 63%]  (Sampling) 
Chain 3 Iteration: 3700 / 6000 [ 61%]  (Sampling) 
Chain 4 Iteration: 3700 / 6000 [ 61%]  (Sampling) 
Chain 2 Iteration: 3800 / 6000 [ 63%]  (Sampling) 
Chain 1 Iteration: 3900 / 6000 [ 65%]  (Sampling) 
Chain 4 Iteration: 3800 / 6000 [ 63%]  (Sampling) 
Chain 3 Iteration: 3800 / 6000 [ 63%]  (Sampling) 
Chain 2 Iteration: 3900 / 6000 [ 65%]  (Sampling) 
Chain 1 Iteration: 4000 / 6000 [ 66%]  (Sampling) 
Chain 3 Iteration: 3900 / 6000 [ 65%]  (Sampling) 
Chain 4 Iteration: 3900 / 6000 [ 65%]  (Sampling) 
Chain 2 Iteration: 4000 / 6000 [ 66%]  (Sampling) 
Chain 1 Iteration: 4100 / 6000 [ 68%]  (Sampling) 
Chain 4 Iteration: 4000 / 6000 [ 66%]  (Sampling) 
Chain 3 Iteration: 4000 / 6000 [ 66%]  (Sampling) 
Chain 2 Iteration: 4100 / 6000 [ 68%]  (Sampling) 
Chain 1 Iteration: 4200 / 6000 [ 70%]  (Sampling) 
Chain 4 Iteration: 4100 / 6000 [ 68%]  (Sampling) 
Chain 3 Iteration: 4100 / 6000 [ 68%]  (Sampling) 
Chain 2 Iteration: 4200 / 6000 [ 70%]  (Sampling) 
Chain 1 Iteration: 4300 / 6000 [ 71%]  (Sampling) 
Chain 4 Iteration: 4200 / 6000 [ 70%]  (Sampling) 
Chain 3 Iteration: 4200 / 6000 [ 70%]  (Sampling) 
Chain 2 Iteration: 4300 / 6000 [ 71%]  (Sampling) 
Chain 1 Iteration: 4400 / 6000 [ 73%]  (Sampling) 
Chain 4 Iteration: 4300 / 6000 [ 71%]  (Sampling) 
Chain 3 Iteration: 4300 / 6000 [ 71%]  (Sampling) 
Chain 2 Iteration: 4400 / 6000 [ 73%]  (Sampling) 
Chain 1 Iteration: 4500 / 6000 [ 75%]  (Sampling) 
Chain 3 Iteration: 4400 / 6000 [ 73%]  (Sampling) 
Chain 4 Iteration: 4400 / 6000 [ 73%]  (Sampling) 
Chain 2 Iteration: 4500 / 6000 [ 75%]  (Sampling) 
Chain 1 Iteration: 4600 / 6000 [ 76%]  (Sampling) 
Chain 4 Iteration: 4500 / 6000 [ 75%]  (Sampling) 
Chain 3 Iteration: 4500 / 6000 [ 75%]  (Sampling) 
Chain 2 Iteration: 4600 / 6000 [ 76%]  (Sampling) 
Chain 1 Iteration: 4700 / 6000 [ 78%]  (Sampling) 
Chain 4 Iteration: 4600 / 6000 [ 76%]  (Sampling) 
Chain 3 Iteration: 4600 / 6000 [ 76%]  (Sampling) 
Chain 2 Iteration: 4700 / 6000 [ 78%]  (Sampling) 
Chain 1 Iteration: 4800 / 6000 [ 80%]  (Sampling) 
Chain 4 Iteration: 4700 / 6000 [ 78%]  (Sampling) 
Chain 3 Iteration: 4700 / 6000 [ 78%]  (Sampling) 
Chain 2 Iteration: 4800 / 6000 [ 80%]  (Sampling) 
Chain 1 Iteration: 4900 / 6000 [ 81%]  (Sampling) 
Chain 4 Iteration: 4800 / 6000 [ 80%]  (Sampling) 
Chain 3 Iteration: 4800 / 6000 [ 80%]  (Sampling) 
Chain 2 Iteration: 4900 / 6000 [ 81%]  (Sampling) 
Chain 1 Iteration: 5000 / 6000 [ 83%]  (Sampling) 
Chain 4 Iteration: 4900 / 6000 [ 81%]  (Sampling) 
Chain 3 Iteration: 4900 / 6000 [ 81%]  (Sampling) 
Chain 2 Iteration: 5000 / 6000 [ 83%]  (Sampling) 
Chain 1 Iteration: 5100 / 6000 [ 85%]  (Sampling) 
Chain 4 Iteration: 5000 / 6000 [ 83%]  (Sampling) 
Chain 3 Iteration: 5000 / 6000 [ 83%]  (Sampling) 
Chain 2 Iteration: 5100 / 6000 [ 85%]  (Sampling) 
Chain 1 Iteration: 5200 / 6000 [ 86%]  (Sampling) 
Chain 4 Iteration: 5100 / 6000 [ 85%]  (Sampling) 
Chain 3 Iteration: 5100 / 6000 [ 85%]  (Sampling) 
Chain 2 Iteration: 5200 / 6000 [ 86%]  (Sampling) 
Chain 1 Iteration: 5300 / 6000 [ 88%]  (Sampling) 
Chain 4 Iteration: 5200 / 6000 [ 86%]  (Sampling) 
Chain 3 Iteration: 5200 / 6000 [ 86%]  (Sampling) 
Chain 2 Iteration: 5300 / 6000 [ 88%]  (Sampling) 
Chain 1 Iteration: 5400 / 6000 [ 90%]  (Sampling) 
Chain 4 Iteration: 5300 / 6000 [ 88%]  (Sampling) 
Chain 3 Iteration: 5300 / 6000 [ 88%]  (Sampling) 
Chain 2 Iteration: 5400 / 6000 [ 90%]  (Sampling) 
Chain 1 Iteration: 5500 / 6000 [ 91%]  (Sampling) 
Chain 2 Iteration: 5500 / 6000 [ 91%]  (Sampling) 
Chain 4 Iteration: 5400 / 6000 [ 90%]  (Sampling) 
Chain 3 Iteration: 5400 / 6000 [ 90%]  (Sampling) 
Chain 1 Iteration: 5600 / 6000 [ 93%]  (Sampling) 
Chain 4 Iteration: 5500 / 6000 [ 91%]  (Sampling) 
Chain 2 Iteration: 5600 / 6000 [ 93%]  (Sampling) 
Chain 3 Iteration: 5500 / 6000 [ 91%]  (Sampling) 
Chain 1 Iteration: 5700 / 6000 [ 95%]  (Sampling) 
Chain 4 Iteration: 5600 / 6000 [ 93%]  (Sampling) 
Chain 2 Iteration: 5700 / 6000 [ 95%]  (Sampling) 
Chain 3 Iteration: 5600 / 6000 [ 93%]  (Sampling) 
Chain 1 Iteration: 5800 / 6000 [ 96%]  (Sampling) 
Chain 2 Iteration: 5800 / 6000 [ 96%]  (Sampling) 
Chain 4 Iteration: 5700 / 6000 [ 95%]  (Sampling) 
Chain 3 Iteration: 5700 / 6000 [ 95%]  (Sampling) 
Chain 1 Iteration: 5900 / 6000 [ 98%]  (Sampling) 
Chain 2 Iteration: 5900 / 6000 [ 98%]  (Sampling) 
Chain 4 Iteration: 5800 / 6000 [ 96%]  (Sampling) 
Chain 3 Iteration: 5800 / 6000 [ 96%]  (Sampling) 
Chain 1 Iteration: 6000 / 6000 [100%]  (Sampling) 
Chain 1 finished in 11103.5 seconds.
Chain 2 Iteration: 6000 / 6000 [100%]  (Sampling) 
Chain 2 finished in 11136.7 seconds.
Chain 4 Iteration: 5900 / 6000 [ 98%]  (Sampling) 
Chain 3 Iteration: 5900 / 6000 [ 98%]  (Sampling) 
Chain 4 Iteration: 6000 / 6000 [100%]  (Sampling) 
Chain 4 finished in 11291.9 seconds.
Chain 3 Iteration: 6000 / 6000 [100%]  (Sampling) 
Chain 3 finished in 11301.1 seconds.

All 4 chains finished successfully.
Mean chain execution time: 11208.3 seconds.
Total execution time: 11302.1 seconds.

[1] "Processing draws 1 to 100"
[1] "Chunk time = 3.1728767712911"
[1] "Processing draws 101 to 200"
[1] "Chunk time = 2.32257472674052"
[1] "Processing draws 201 to 300"
[1] "Chunk time = 2.45343734820684"
[1] "Processing draws 301 to 400"
[1] "Chunk time = 2.10443805058797"
[1] "Processing draws 401 to 500"
[1] "Chunk time = 2.02401390075684"
[1] "Processing draws 501 to 600"
[1] "Chunk time = 2.00910349289576"
[1] "Processing draws 601 to 700"
[1] "Chunk time = 2.05393465360006"
[1] "Processing draws 701 to 800"
[1] "Chunk time = 2.15715918540955"
[1] "Processing draws 801 to 900"
[1] "Chunk time = 2.01314483086268"
[1] "Processing draws 901 to 1000"
[1] "Chunk time = 2.12407206694285"
[1] "Processing draws 1001 to 1100"
[1] "Chunk time = 2.0113366206487"
[1] "Processing draws 1101 to 1200"
[1] "Chunk time = 2.01277087132136"
[1] "Processing draws 1201 to 1300"
[1] "Chunk time = 2.14631609519323"
[1] "Processing draws 1301 to 1400"
[1] "Chunk time = 2.00346282323201"
[1] "Processing draws 1401 to 1500"
[1] "Chunk time = 2.01656524340312"
[1] "Processing draws 1501 to 1600"
[1] "Chunk time = 2.17234854300817"
[1] "Processing draws 1601 to 1700"
[1] "Chunk time = 1.98480186859767"
[1] "Processing draws 1701 to 1800"
[1] "Chunk time = 1.98777188857396"
[1] "Processing draws 1801 to 1900"
[1] "Chunk time = 2.1401541352272"
[1] "Processing draws 1901 to 2000"
[1] "Chunk time = 2.0506626089414"
[1] "Processing draws 2001 to 2100"
[1] "Chunk time = 1.9959299882253"
[1] "Processing draws 2101 to 2200"
[1] "Chunk time = 2.09752418597539"
[1] "Processing draws 2201 to 2300"
[1] "Chunk time = 1.97428205808004"
[1] "Processing draws 2301 to 2400"
[1] "Chunk time = 2.00561220645905"
[1] "Processing draws 2401 to 2500"
[1] "Chunk time = 2.11686840454737"
[1] "Processing draws 2501 to 2600"
[1] "Chunk time = 1.99333312908808"
[1] "Processing draws 2601 to 2700"
[1] "Chunk time = 2.02286712328593"
[1] "Processing draws 2701 to 2800"
[1] "Chunk time = 2.14474571545919"
[1] "Processing draws 2801 to 2900"
[1] "Chunk time = 1.99578265746435"
[1] "Processing draws 2901 to 3000"
[1] "Chunk time = 1.99821680386861"
[1] "Processing draws 3001 to 3100"
[1] "Chunk time = 2.14547707637151"
[1] "Processing draws 3101 to 3200"
[1] "Chunk time = 2.04258538484573"
[1] "Processing draws 3201 to 3300"
[1] "Chunk time = 2.01067393620809"
[1] "Processing draws 3301 to 3400"
[1] "Chunk time = 2.14594272375107"
[1] "Processing draws 3401 to 3500"
[1] "Chunk time = 2.01452903350194"
[1] "Processing draws 3501 to 3600"
[1] "Chunk time = 2.06016135215759"
[1] "Processing draws 3601 to 3700"
[1] "Chunk time = 2.13688081900279"
[1] "Processing draws 3701 to 3800"
[1] "Chunk time = 2.00576107899348"
[1] "Processing draws 3801 to 3900"
[1] "Chunk time = 2.01445676883062"
[1] "Processing draws 3901 to 4000"
[1] "Chunk time = 2.15325246651967"
[1] "Processing draws 4001 to 4100"
[1] "Chunk time = 2.03780997594198"
[1] "Processing draws 4101 to 4200"
[1] "Chunk time = 2.00124131043752"
[1] "Processing draws 4201 to 4300"
[1] "Chunk time = 2.14031541744868"
[1] "Processing draws 4301 to 4400"
[1] "Chunk time = 2.03449855248133"
[1] "Processing draws 4401 to 4500"
[1] "Chunk time = 2.0204372604688"
[1] "Processing draws 4501 to 4600"
[1] "Chunk time = 2.13896301984787"
[1] "Processing draws 4601 to 4700"
[1] "Chunk time = 2.00905816555023"
[1] "Processing draws 4701 to 4800"
[1] "Chunk time = 2.03710331916809"
[1] "Processing draws 4801 to 4900"
[1] "Chunk time = 2.14509793917338"
[1] "Processing draws 4901 to 5000"
[1] "Chunk time = 2.00408019622167"
[1] "Processing draws 5001 to 5100"
[1] "Chunk time = 2.01012185811996"
[1] "Processing draws 5101 to 5200"
[1] "Chunk time = 2.16644201676051"
[1] "Processing draws 5201 to 5300"
[1] "Chunk time = 2.00128157536189"
[1] "Processing draws 5301 to 5400"
[1] "Chunk time = 2.01293736696243"
[1] "Processing draws 5401 to 5500"
[1] "Chunk time = 2.15550126632055"
[1] "Processing draws 5501 to 5600"
[1] "Chunk time = 2.02531024217606"
[1] "Processing draws 5601 to 5700"
[1] "Chunk time = 2.00705156723658"
[1] "Processing draws 5701 to 5800"
[1] "Chunk time = 2.02264144420624"
[1] "Processing draws 5801 to 5900"
[1] "Chunk time = 1.99962479273478"
[1] "Processing draws 5901 to 6000"
[1] "Chunk time = 2.02796277999878"
[1] "Processing draws 6001 to 6100"
[1] "Chunk time = 2.14965445200602"
[1] "Processing draws 6101 to 6200"
[1] "Chunk time = 2.02074565092723"
[1] "Processing draws 6201 to 6300"
[1] "Chunk time = 2.00383372306824"
[1] "Processing draws 6301 to 6400"
[1] "Chunk time = 2.13710518678029"
[1] "Processing draws 6401 to 6500"
[1] "Chunk time = 1.99761648575465"
[1] "Processing draws 6501 to 6600"
[1] "Chunk time = 1.99605866670609"
[1] "Processing draws 6601 to 6700"
[1] "Chunk time = 2.12486308415731"
[1] "Processing draws 6701 to 6800"
[1] "Chunk time = 2.03356371720632"
[1] "Processing draws 6801 to 6900"
[1] "Chunk time = 2.00725943644842"
[1] "Processing draws 6901 to 7000"
[1] "Chunk time = 2.12128038803736"
[1] "Processing draws 7001 to 7100"
[1] "Chunk time = 1.98849621216456"
[1] "Processing draws 7101 to 7200"
[1] "Chunk time = 2.01490633090337"
[1] "Processing draws 7201 to 7300"
[1] "Chunk time = 2.11798092126846"
[1] "Processing draws 7301 to 7400"
[1] "Chunk time = 1.99155824184418"
[1] "Processing draws 7401 to 7500"
[1] "Chunk time = 1.99645846287409"
[1] "Processing draws 7501 to 7600"
[1] "Chunk time = 2.12564907471339"
[1] "Processing draws 7601 to 7700"
[1] "Chunk time = 2.00441954135895"
[1] "Processing draws 7701 to 7800"
[1] "Chunk time = 1.9840704202652"
[1] "Processing draws 7801 to 7900"
[1] "Chunk time = 2.14812996784846"
[1] "Processing draws 7901 to 8000"
[1] "Chunk time = 2.00729658603668"
[1] "Processing draws 8001 to 8100"
[1] "Chunk time = 1.99044862190882"
[1] "Processing draws 8101 to 8200"
[1] "Chunk time = 2.15661149024963"
[1] "Processing draws 8201 to 8300"
[1] "Chunk time = 2.01578603585561"
[1] "Processing draws 8301 to 8400"
[1] "Chunk time = 1.99998236099879"
[1] "Processing draws 8401 to 8500"
[1] "Chunk time = 2.14110218683879"
[1] "Processing draws 8501 to 8600"
[1] "Chunk time = 2.01268513600032"
[1] "Processing draws 8601 to 8700"
[1] "Chunk time = 1.98616547187169"
[1] "Processing draws 8701 to 8800"
[1] "Chunk time = 2.15684208869934"
[1] "Processing draws 8801 to 8900"
[1] "Chunk time = 2.05031071503957"
[1] "Processing draws 8901 to 9000"
[1] "Chunk time = 2.05814073085785"
[1] "Processing draws 9001 to 9100"
[1] "Chunk time = 2.18354171514511"
[1] "Processing draws 9101 to 9200"
[1] "Chunk time = 2.05446311235428"
[1] "Processing draws 9201 to 9300"
[1] "Chunk time = 2.03328802188238"
[1] "Processing draws 9301 to 9400"
[1] "Chunk time = 2.15641770362854"
[1] "Processing draws 9401 to 9500"
[1] "Chunk time = 2.06309548219045"
[1] "Processing draws 9501 to 9600"
[1] "Chunk time = 2.07027916113536"
[1] "Processing draws 9601 to 9700"
[1] "Chunk time = 2.21712381839752"
[1] "Processing draws 9701 to 9800"
[1] "Chunk time = 2.0327153523763"
[1] "Processing draws 9801 to 9900"
[1] "Chunk time = 2.02830810944239"
[1] "Processing draws 9901 to 10000"
[1] "Chunk time = 2.15337320566177"
[1] "Processing draws 10001 to 10100"
[1] "Chunk time = 2.02981454133987"
[1] "Processing draws 10101 to 10200"
[1] "Chunk time = 2.05456955830256"
[1] "Processing draws 10201 to 10300"
[1] "Chunk time = 2.17308680613836"
[1] "Processing draws 10301 to 10400"
[1] "Chunk time = 2.06480235258738"
[1] "Processing draws 10401 to 10500"
[1] "Chunk time = 2.05011664231618"
[1] "Processing draws 10501 to 10600"
[1] "Chunk time = 2.17881091833115"
[1] "Processing draws 10601 to 10700"
[1] "Chunk time = 2.02889883915583"
[1] "Processing draws 10701 to 10800"
[1] "Chunk time = 2.04095206658045"
[1] "Processing draws 10801 to 10900"
[1] "Chunk time = 2.21587855418523"
[1] "Processing draws 10901 to 11000"
[1] "Chunk time = 2.05276168584824"
[1] "Processing draws 11001 to 11100"
[1] "Chunk time = 2.06588435173035"
[1] "Processing draws 11101 to 11200"
[1] "Chunk time = 2.14936312039693"
[1] "Processing draws 11201 to 11300"
[1] "Chunk time = 2.0348748366038"
[1] "Processing draws 11301 to 11400"
[1] "Chunk time = 2.02556304136912"
[1] "Processing draws 11401 to 11500"
[1] "Chunk time = 2.16423747936885"
[1] "Processing draws 11501 to 11600"
[1] "Chunk time = 2.05107971032461"
[1] "Processing draws 11601 to 11700"
[1] "Chunk time = 2.05702823797862"
[1] "Processing draws 11701 to 11800"
[1] "Chunk time = 2.14851043224335"
[1] "Processing draws 11801 to 11900"
[1] "Chunk time = 1.99466331005096"
[1] "Processing draws 11901 to 12000"
[1] "Chunk time = 2.04986409743627"
[1] "Processing draws 12001 to 12100"
[1] "Chunk time = 2.1534507115682"
[1] "Processing draws 12101 to 12200"
[1] "Chunk time = 2.0265532374382"
[1] "Processing draws 12201 to 12300"
[1] "Chunk time = 1.97856884002686"
[1] "Processing draws 12301 to 12400"
[1] "Chunk time = 2.16906176010768"
[1] "Processing draws 12401 to 12500"
[1] "Chunk time = 2.01900881926219"
[1] "Processing draws 12501 to 12600"
[1] "Chunk time = 1.9591578801473"
[1] "Processing draws 12601 to 12700"
[1] "Chunk time = 2.15929078261058"
[1] "Processing draws 12701 to 12800"
[1] "Chunk time = 2.03391419649124"
[1] "Processing draws 12801 to 12900"
[1] "Chunk time = 1.97691139380137"
[1] "Processing draws 12901 to 13000"
[1] "Chunk time = 2.12468514839808"
[1] "Processing draws 13001 to 13100"
[1] "Chunk time = 2.00822414954503"
[1] "Processing draws 13101 to 13200"
[1] "Chunk time = 1.99353630145391"
[1] "Processing draws 13201 to 13300"
[1] "Chunk time = 2.14460404713949"
[1] "Processing draws 13301 to 13400"
[1] "Chunk time = 1.99851708809535"
[1] "Processing draws 13401 to 13500"
[1] "Chunk time = 2.0250461101532"
[1] "Processing draws 13501 to 13600"
[1] "Chunk time = 2.15030127763748"
[1] "Processing draws 13601 to 13700"
[1] "Chunk time = 2.02945643663406"
[1] "Processing draws 13701 to 13800"
[1] "Chunk time = 1.97233822743098"
[1] "Processing draws 13801 to 13900"
[1] "Chunk time = 2.13564452330271"
[1] "Processing draws 13901 to 14000"
[1] "Chunk time = 1.99890157381694"
[1] "Processing draws 14001 to 14100"
[1] "Chunk time = 1.96410690148671"
[1] "Processing draws 14101 to 14200"
[1] "Chunk time = 2.1435030579567"
[1] "Processing draws 14201 to 14300"
[1] "Chunk time = 1.99294647375743"
[1] "Processing draws 14301 to 14400"
[1] "Chunk time = 2.02313711643219"
[1] "Processing draws 14401 to 14500"
[1] "Chunk time = 2.13977967898051"
[1] "Processing draws 14501 to 14600"
[1] "Chunk time = 1.97508024772008"
[1] "Processing draws 14601 to 14700"
[1] "Chunk time = 2.02365104754766"
[1] "Processing draws 14701 to 14800"
[1] "Chunk time = 2.16909887393316"
[1] "Processing draws 14801 to 14900"
[1] "Chunk time = 2.02895248730977"
[1] "Processing draws 14901 to 15000"
[1] "Chunk time = 1.95998875697454"
[1] "Processing draws 15001 to 15100"
[1] "Chunk time = 2.14486801624298"
[1] "Processing draws 15101 to 15200"
[1] "Chunk time = 2.00952527523041"
[1] "Processing draws 15201 to 15300"
[1] "Chunk time = 1.99566879272461"
[1] "Processing draws 15301 to 15400"
[1] "Chunk time = 2.15985488494237"
[1] "Processing draws 15401 to 15500"
[1] "Chunk time = 2.00264291365941"
[1] "Processing draws 15501 to 15600"
[1] "Chunk time = 2.06058979034424"
[1] "Processing draws 15601 to 15700"
[1] "Chunk time = 2.18145588636398"
[1] "Processing draws 15701 to 15800"
[1] "Chunk time = 2.02649892568588"
[1] "Processing draws 15801 to 15900"
[1] "Chunk time = 1.96530737479528"
[1] "Processing draws 15901 to 16000"
[1] "Chunk time = 2.14398770332336"
[1] "Processing draws 16001 to 16100"
[1] "Chunk time = 1.97306164503098"
[1] "Processing draws 16101 to 16200"
[1] "Chunk time = 1.96858978668849"
[1] "Processing draws 16201 to 16300"
[1] "Chunk time = 2.14751274585724"
[1] "Processing draws 16301 to 16400"
[1] "Chunk time = 1.97979403734207"
[1] "Processing draws 16401 to 16500"
[1] "Chunk time = 2.00469624996185"
[1] "Processing draws 16501 to 16600"
[1] "Chunk time = 2.14019156694412"
[1] "Processing draws 16601 to 16700"
[1] "Chunk time = 2.01362907091777"
[1] "Processing draws 16701 to 16800"
[1] "Chunk time = 2.00087263584137"
[1] "Processing draws 16801 to 16900"
[1] "Chunk time = 2.13296070098877"
[1] "Processing draws 16901 to 17000"
[1] "Chunk time = 2.00007844765981"
[1] "Processing draws 17001 to 17100"
[1] "Chunk time = 1.95166087150574"
[1] "Processing draws 17101 to 17200"
[1] "Chunk time = 2.1565104842186"
[1] "Processing draws 17201 to 17300"
[1] "Chunk time = 1.97156898578008"
[1] "Processing draws 17301 to 17400"
[1] "Chunk time = 2.01008680661519"
[1] "Processing draws 17401 to 17500"
[1] "Chunk time = 2.13978414932887"
[1] "Processing draws 17501 to 17600"
[1] "Chunk time = 2.02561530272166"
[1] "Processing draws 17601 to 17700"
[1] "Chunk time = 1.99865301847458"
[1] "Processing draws 17701 to 17800"
[1] "Chunk time = 2.17601250807444"
[1] "Processing draws 17801 to 17900"
[1] "Chunk time = 1.98684477011363"
[1] "Processing draws 17901 to 18000"
[1] "Chunk time = 1.99972536563873"
[1] "Processing draws 18001 to 18100"
[1] "Chunk time = 2.17277400096258"
[1] "Processing draws 18101 to 18200"
[1] "Chunk time = 2.00198932091395"
[1] "Processing draws 18201 to 18300"
[1] "Chunk time = 2.01721524000168"
[1] "Processing draws 18301 to 18400"
[1] "Chunk time = 2.16603489716848"
[1] "Processing draws 18401 to 18500"
[1] "Chunk time = 1.98195339043935"
[1] "Processing draws 18501 to 18600"
[1] "Chunk time = 1.94426924784978"
[1] "Processing draws 18601 to 18700"
[1] "Chunk time = 2.15101378758748"
[1] "Processing draws 18701 to 18800"
[1] "Chunk time = 1.97275227308273"
[1] "Processing draws 18801 to 18900"
[1] "Chunk time = 2.00118987162908"
[1] "Processing draws 18901 to 19000"
[1] "Chunk time = 2.14210087855657"
[1] "Processing draws 19001 to 19100"
[1] "Chunk time = 1.97765064636866"
[1] "Processing draws 19101 to 19200"
[1] "Chunk time = 1.99557082653046"
[1] "Processing draws 19201 to 19300"
[1] "Chunk time = 2.14907842477163"
[1] "Processing draws 19301 to 19400"
[1] "Chunk time = 1.97871857086817"
[1] "Processing draws 19401 to 19500"
[1] "Chunk time = 1.99960579872131"
[1] "Processing draws 19501 to 19600"
[1] "Chunk time = 2.13945720990499"
[1] "Processing draws 19601 to 19700"
[1] "Chunk time = 1.97641109625498"
[1] "Processing draws 19701 to 19800"
[1] "Chunk time = 1.9084711710612"
[1] "Processing draws 19801 to 19900"
[1] "Chunk time = 2.14933817386627"
[1] "Processing draws 19901 to 20000"
[1] "Chunk time = 1.97888331015905"
[1] "done lapplying"
[1] "Saving current params"
[1] "Saving params to output.rds"
[1] TRUE
[1] "Time for modelling:"
[1] "2025-07-02 02:34:37 EDT"
[1] "Time for posterior computations:"
Time difference of 6.899208 hours
[1] "Total time:"
[1] "2025-07-02 09:28:34 EDT"
