[1] "Starting sampling."
Running MCMC with 4 parallel chains, with 4 thread(s) per chain...

Chain 2 Iteration:    1 / 6000 [  0%]  (Warmup) 
Chain 4 Iteration:    1 / 6000 [  0%]  (Warmup) 
Chain 1 Iteration:    1 / 6000 [  0%]  (Warmup) 
Chain 3 Iteration:    1 / 6000 [  0%]  (Warmup) 
Chain 1 Iteration:  100 / 6000 [  1%]  (Warmup) 
Chain 3 Iteration:  100 / 6000 [  1%]  (Warmup) 
Chain 4 Iteration:  100 / 6000 [  1%]  (Warmup) 
Chain 2 Iteration:  100 / 6000 [  1%]  (Warmup) 
Chain 1 Iteration:  200 / 6000 [  3%]  (Warmup) 
Chain 3 Iteration:  200 / 6000 [  3%]  (Warmup) 
Chain 4 Iteration:  200 / 6000 [  3%]  (Warmup) 
Chain 1 Iteration:  300 / 6000 [  5%]  (Warmup) 
Chain 2 Iteration:  200 / 6000 [  3%]  (Warmup) 
Chain 3 Iteration:  300 / 6000 [  5%]  (Warmup) 
Chain 4 Iteration:  300 / 6000 [  5%]  (Warmup) 
Chain 1 Iteration:  400 / 6000 [  6%]  (Warmup) 
Chain 2 Iteration:  300 / 6000 [  5%]  (Warmup) 
Chain 3 Iteration:  400 / 6000 [  6%]  (Warmup) 
Chain 4 Iteration:  400 / 6000 [  6%]  (Warmup) 
Chain 1 Iteration:  500 / 6000 [  8%]  (Warmup) 
Chain 2 Iteration:  400 / 6000 [  6%]  (Warmup) 
Chain 3 Iteration:  500 / 6000 [  8%]  (Warmup) 
Chain 4 Iteration:  500 / 6000 [  8%]  (Warmup) 
Chain 1 Iteration:  600 / 6000 [ 10%]  (Warmup) 
Chain 2 Iteration:  500 / 6000 [  8%]  (Warmup) 
Chain 3 Iteration:  600 / 6000 [ 10%]  (Warmup) 
Chain 4 Iteration:  600 / 6000 [ 10%]  (Warmup) 
Chain 1 Iteration:  700 / 6000 [ 11%]  (Warmup) 
Chain 2 Iteration:  600 / 6000 [ 10%]  (Warmup) 
Chain 3 Iteration:  700 / 6000 [ 11%]  (Warmup) 
Chain 1 Iteration:  800 / 6000 [ 13%]  (Warmup) 
Chain 4 Iteration:  700 / 6000 [ 11%]  (Warmup) 
Chain 2 Iteration:  700 / 6000 [ 11%]  (Warmup) 
Chain 1 Iteration:  900 / 6000 [ 15%]  (Warmup) 
Chain 3 Iteration:  800 / 6000 [ 13%]  (Warmup) 
Chain 4 Iteration:  800 / 6000 [ 13%]  (Warmup) 
Chain 2 Iteration:  800 / 6000 [ 13%]  (Warmup) 
Chain 3 Iteration:  900 / 6000 [ 15%]  (Warmup) 
Chain 1 Iteration: 1000 / 6000 [ 16%]  (Warmup) 
Chain 4 Iteration:  900 / 6000 [ 15%]  (Warmup) 
Chain 1 Iteration: 1001 / 6000 [ 16%]  (Sampling) 
Chain 2 Iteration:  900 / 6000 [ 15%]  (Warmup) 
Chain 4 Iteration: 1000 / 6000 [ 16%]  (Warmup) 
Chain 4 Iteration: 1001 / 6000 [ 16%]  (Sampling) 
Chain 3 Iteration: 1000 / 6000 [ 16%]  (Warmup) 
Chain 3 Iteration: 1001 / 6000 [ 16%]  (Sampling) 
Chain 1 Iteration: 1100 / 6000 [ 18%]  (Sampling) 
Chain 2 Iteration: 1000 / 6000 [ 16%]  (Warmup) 
Chain 2 Iteration: 1001 / 6000 [ 16%]  (Sampling) 
Chain 4 Iteration: 1100 / 6000 [ 18%]  (Sampling) 
Chain 3 Iteration: 1100 / 6000 [ 18%]  (Sampling) 
Chain 1 Iteration: 1200 / 6000 [ 20%]  (Sampling) 
Chain 2 Iteration: 1100 / 6000 [ 18%]  (Sampling) 
Chain 4 Iteration: 1200 / 6000 [ 20%]  (Sampling) 
Chain 3 Iteration: 1200 / 6000 [ 20%]  (Sampling) 
Chain 1 Iteration: 1300 / 6000 [ 21%]  (Sampling) 
Chain 2 Iteration: 1200 / 6000 [ 20%]  (Sampling) 
Chain 4 Iteration: 1300 / 6000 [ 21%]  (Sampling) 
Chain 3 Iteration: 1300 / 6000 [ 21%]  (Sampling) 
Chain 1 Iteration: 1400 / 6000 [ 23%]  (Sampling) 
Chain 2 Iteration: 1300 / 6000 [ 21%]  (Sampling) 
Chain 4 Iteration: 1400 / 6000 [ 23%]  (Sampling) 
Chain 3 Iteration: 1400 / 6000 [ 23%]  (Sampling) 
Chain 1 Iteration: 1500 / 6000 [ 25%]  (Sampling) 
Chain 2 Iteration: 1400 / 6000 [ 23%]  (Sampling) 
Chain 4 Iteration: 1500 / 6000 [ 25%]  (Sampling) 
Chain 3 Iteration: 1500 / 6000 [ 25%]  (Sampling) 
Chain 1 Iteration: 1600 / 6000 [ 26%]  (Sampling) 
Chain 2 Iteration: 1500 / 6000 [ 25%]  (Sampling) 
Chain 4 Iteration: 1600 / 6000 [ 26%]  (Sampling) 
Chain 3 Iteration: 1600 / 6000 [ 26%]  (Sampling) 
Chain 1 Iteration: 1700 / 6000 [ 28%]  (Sampling) 
Chain 2 Iteration: 1600 / 6000 [ 26%]  (Sampling) 
Chain 4 Iteration: 1700 / 6000 [ 28%]  (Sampling) 
Chain 3 Iteration: 1700 / 6000 [ 28%]  (Sampling) 
Chain 1 Iteration: 1800 / 6000 [ 30%]  (Sampling) 
Chain 2 Iteration: 1700 / 6000 [ 28%]  (Sampling) 
Chain 4 Iteration: 1800 / 6000 [ 30%]  (Sampling) 
Chain 3 Iteration: 1800 / 6000 [ 30%]  (Sampling) 
Chain 1 Iteration: 1900 / 6000 [ 31%]  (Sampling) 
Chain 2 Iteration: 1800 / 6000 [ 30%]  (Sampling) 
Chain 4 Iteration: 1900 / 6000 [ 31%]  (Sampling) 
Chain 3 Iteration: 1900 / 6000 [ 31%]  (Sampling) 
Chain 1 Iteration: 2000 / 6000 [ 33%]  (Sampling) 
Chain 2 Iteration: 1900 / 6000 [ 31%]  (Sampling) 
Chain 4 Iteration: 2000 / 6000 [ 33%]  (Sampling) 
Chain 3 Iteration: 2000 / 6000 [ 33%]  (Sampling) 
Chain 1 Iteration: 2100 / 6000 [ 35%]  (Sampling) 
Chain 2 Iteration: 2000 / 6000 [ 33%]  (Sampling) 
Chain 4 Iteration: 2100 / 6000 [ 35%]  (Sampling) 
Chain 3 Iteration: 2100 / 6000 [ 35%]  (Sampling) 
Chain 1 Iteration: 2200 / 6000 [ 36%]  (Sampling) 
Chain 2 Iteration: 2100 / 6000 [ 35%]  (Sampling) 
Chain 4 Iteration: 2200 / 6000 [ 36%]  (Sampling) 
Chain 3 Iteration: 2200 / 6000 [ 36%]  (Sampling) 
Chain 1 Iteration: 2300 / 6000 [ 38%]  (Sampling) 
Chain 2 Iteration: 2200 / 6000 [ 36%]  (Sampling) 
Chain 4 Iteration: 2300 / 6000 [ 38%]  (Sampling) 
Chain 3 Iteration: 2300 / 6000 [ 38%]  (Sampling) 
Chain 1 Iteration: 2400 / 6000 [ 40%]  (Sampling) 
Chain 2 Iteration: 2300 / 6000 [ 38%]  (Sampling) 
Chain 4 Iteration: 2400 / 6000 [ 40%]  (Sampling) 
Chain 3 Iteration: 2400 / 6000 [ 40%]  (Sampling) 
Chain 1 Iteration: 2500 / 6000 [ 41%]  (Sampling) 
Chain 2 Iteration: 2400 / 6000 [ 40%]  (Sampling) 
Chain 4 Iteration: 2500 / 6000 [ 41%]  (Sampling) 
Chain 3 Iteration: 2500 / 6000 [ 41%]  (Sampling) 
Chain 1 Iteration: 2600 / 6000 [ 43%]  (Sampling) 
Chain 2 Iteration: 2500 / 6000 [ 41%]  (Sampling) 
Chain 4 Iteration: 2600 / 6000 [ 43%]  (Sampling) 
Chain 3 Iteration: 2600 / 6000 [ 43%]  (Sampling) 
Chain 1 Iteration: 2700 / 6000 [ 45%]  (Sampling) 
Chain 2 Iteration: 2600 / 6000 [ 43%]  (Sampling) 
Chain 4 Iteration: 2700 / 6000 [ 45%]  (Sampling) 
Chain 3 Iteration: 2700 / 6000 [ 45%]  (Sampling) 
Chain 1 Iteration: 2800 / 6000 [ 46%]  (Sampling) 
Chain 2 Iteration: 2700 / 6000 [ 45%]  (Sampling) 
Chain 4 Iteration: 2800 / 6000 [ 46%]  (Sampling) 
Chain 3 Iteration: 2800 / 6000 [ 46%]  (Sampling) 
Chain 1 Iteration: 2900 / 6000 [ 48%]  (Sampling) 
Chain 2 Iteration: 2800 / 6000 [ 46%]  (Sampling) 
Chain 4 Iteration: 2900 / 6000 [ 48%]  (Sampling) 
Chain 3 Iteration: 2900 / 6000 [ 48%]  (Sampling) 
Chain 1 Iteration: 3000 / 6000 [ 50%]  (Sampling) 
Chain 2 Iteration: 2900 / 6000 [ 48%]  (Sampling) 
Chain 4 Iteration: 3000 / 6000 [ 50%]  (Sampling) 
Chain 3 Iteration: 3000 / 6000 [ 50%]  (Sampling) 
Chain 1 Iteration: 3100 / 6000 [ 51%]  (Sampling) 
Chain 2 Iteration: 3000 / 6000 [ 50%]  (Sampling) 
Chain 4 Iteration: 3100 / 6000 [ 51%]  (Sampling) 
Chain 3 Iteration: 3100 / 6000 [ 51%]  (Sampling) 
Chain 1 Iteration: 3200 / 6000 [ 53%]  (Sampling) 
Chain 2 Iteration: 3100 / 6000 [ 51%]  (Sampling) 
Chain 4 Iteration: 3200 / 6000 [ 53%]  (Sampling) 
Chain 3 Iteration: 3200 / 6000 [ 53%]  (Sampling) 
Chain 2 Iteration: 3200 / 6000 [ 53%]  (Sampling) 
Chain 1 Iteration: 3300 / 6000 [ 55%]  (Sampling) 
Chain 4 Iteration: 3300 / 6000 [ 55%]  (Sampling) 
Chain 3 Iteration: 3300 / 6000 [ 55%]  (Sampling) 
Chain 2 Iteration: 3300 / 6000 [ 55%]  (Sampling) 
Chain 1 Iteration: 3400 / 6000 [ 56%]  (Sampling) 
Chain 4 Iteration: 3400 / 6000 [ 56%]  (Sampling) 
Chain 3 Iteration: 3400 / 6000 [ 56%]  (Sampling) 
Chain 2 Iteration: 3400 / 6000 [ 56%]  (Sampling) 
Chain 1 Iteration: 3500 / 6000 [ 58%]  (Sampling) 
Chain 4 Iteration: 3500 / 6000 [ 58%]  (Sampling) 
Chain 3 Iteration: 3500 / 6000 [ 58%]  (Sampling) 
Chain 2 Iteration: 3500 / 6000 [ 58%]  (Sampling) 
Chain 1 Iteration: 3600 / 6000 [ 60%]  (Sampling) 
Chain 4 Iteration: 3600 / 6000 [ 60%]  (Sampling) 
Chain 3 Iteration: 3600 / 6000 [ 60%]  (Sampling) 
Chain 2 Iteration: 3600 / 6000 [ 60%]  (Sampling) 
Chain 1 Iteration: 3700 / 6000 [ 61%]  (Sampling) 
Chain 4 Iteration: 3700 / 6000 [ 61%]  (Sampling) 
Chain 3 Iteration: 3700 / 6000 [ 61%]  (Sampling) 
Chain 1 Iteration: 3800 / 6000 [ 63%]  (Sampling) 
Chain 2 Iteration: 3700 / 6000 [ 61%]  (Sampling) 
Chain 4 Iteration: 3800 / 6000 [ 63%]  (Sampling) 
Chain 3 Iteration: 3800 / 6000 [ 63%]  (Sampling) 
Chain 1 Iteration: 3900 / 6000 [ 65%]  (Sampling) 
Chain 2 Iteration: 3800 / 6000 [ 63%]  (Sampling) 
Chain 4 Iteration: 3900 / 6000 [ 65%]  (Sampling) 
Chain 3 Iteration: 3900 / 6000 [ 65%]  (Sampling) 
Chain 1 Iteration: 4000 / 6000 [ 66%]  (Sampling) 
Chain 2 Iteration: 3900 / 6000 [ 65%]  (Sampling) 
Chain 4 Iteration: 4000 / 6000 [ 66%]  (Sampling) 
Chain 3 Iteration: 4000 / 6000 [ 66%]  (Sampling) 
Chain 1 Iteration: 4100 / 6000 [ 68%]  (Sampling) 
Chain 2 Iteration: 4000 / 6000 [ 66%]  (Sampling) 
Chain 4 Iteration: 4100 / 6000 [ 68%]  (Sampling) 
Chain 3 Iteration: 4100 / 6000 [ 68%]  (Sampling) 
Chain 1 Iteration: 4200 / 6000 [ 70%]  (Sampling) 
Chain 2 Iteration: 4100 / 6000 [ 68%]  (Sampling) 
Chain 4 Iteration: 4200 / 6000 [ 70%]  (Sampling) 
Chain 3 Iteration: 4200 / 6000 [ 70%]  (Sampling) 
Chain 1 Iteration: 4300 / 6000 [ 71%]  (Sampling) 
Chain 2 Iteration: 4200 / 6000 [ 70%]  (Sampling) 
Chain 4 Iteration: 4300 / 6000 [ 71%]  (Sampling) 
Chain 3 Iteration: 4300 / 6000 [ 71%]  (Sampling) 
Chain 1 Iteration: 4400 / 6000 [ 73%]  (Sampling) 
Chain 2 Iteration: 4300 / 6000 [ 71%]  (Sampling) 
Chain 4 Iteration: 4400 / 6000 [ 73%]  (Sampling) 
Chain 3 Iteration: 4400 / 6000 [ 73%]  (Sampling) 
Chain 2 Iteration: 4400 / 6000 [ 73%]  (Sampling) 
Chain 1 Iteration: 4500 / 6000 [ 75%]  (Sampling) 
Chain 4 Iteration: 4500 / 6000 [ 75%]  (Sampling) 
Chain 3 Iteration: 4500 / 6000 [ 75%]  (Sampling) 
Chain 2 Iteration: 4500 / 6000 [ 75%]  (Sampling) 
Chain 1 Iteration: 4600 / 6000 [ 76%]  (Sampling) 
Chain 4 Iteration: 4600 / 6000 [ 76%]  (Sampling) 
Chain 3 Iteration: 4600 / 6000 [ 76%]  (Sampling) 
Chain 2 Iteration: 4600 / 6000 [ 76%]  (Sampling) 
Chain 1 Iteration: 4700 / 6000 [ 78%]  (Sampling) 
Chain 4 Iteration: 4700 / 6000 [ 78%]  (Sampling) 
Chain 3 Iteration: 4700 / 6000 [ 78%]  (Sampling) 
Chain 2 Iteration: 4700 / 6000 [ 78%]  (Sampling) 
Chain 1 Iteration: 4800 / 6000 [ 80%]  (Sampling) 
Chain 4 Iteration: 4800 / 6000 [ 80%]  (Sampling) 
Chain 3 Iteration: 4800 / 6000 [ 80%]  (Sampling) 
Chain 2 Iteration: 4800 / 6000 [ 80%]  (Sampling) 
Chain 1 Iteration: 4900 / 6000 [ 81%]  (Sampling) 
Chain 4 Iteration: 4900 / 6000 [ 81%]  (Sampling) 
Chain 3 Iteration: 4900 / 6000 [ 81%]  (Sampling) 
Chain 2 Iteration: 4900 / 6000 [ 81%]  (Sampling) 
Chain 1 Iteration: 5000 / 6000 [ 83%]  (Sampling) 
Chain 4 Iteration: 5000 / 6000 [ 83%]  (Sampling) 
Chain 3 Iteration: 5000 / 6000 [ 83%]  (Sampling) 
Chain 2 Iteration: 5000 / 6000 [ 83%]  (Sampling) 
Chain 1 Iteration: 5100 / 6000 [ 85%]  (Sampling) 
Chain 4 Iteration: 5100 / 6000 [ 85%]  (Sampling) 
Chain 3 Iteration: 5100 / 6000 [ 85%]  (Sampling) 
Chain 2 Iteration: 5100 / 6000 [ 85%]  (Sampling) 
Chain 1 Iteration: 5200 / 6000 [ 86%]  (Sampling) 
Chain 4 Iteration: 5200 / 6000 [ 86%]  (Sampling) 
Chain 3 Iteration: 5200 / 6000 [ 86%]  (Sampling) 
Chain 2 Iteration: 5200 / 6000 [ 86%]  (Sampling) 
Chain 1 Iteration: 5300 / 6000 [ 88%]  (Sampling) 
Chain 4 Iteration: 5300 / 6000 [ 88%]  (Sampling) 
Chain 3 Iteration: 5300 / 6000 [ 88%]  (Sampling) 
Chain 2 Iteration: 5300 / 6000 [ 88%]  (Sampling) 
Chain 1 Iteration: 5400 / 6000 [ 90%]  (Sampling) 
Chain 4 Iteration: 5400 / 6000 [ 90%]  (Sampling) 
Chain 3 Iteration: 5400 / 6000 [ 90%]  (Sampling) 
Chain 2 Iteration: 5400 / 6000 [ 90%]  (Sampling) 
Chain 1 Iteration: 5500 / 6000 [ 91%]  (Sampling) 
Chain 4 Iteration: 5500 / 6000 [ 91%]  (Sampling) 
Chain 3 Iteration: 5500 / 6000 [ 91%]  (Sampling) 
Chain 2 Iteration: 5500 / 6000 [ 91%]  (Sampling) 
Chain 1 Iteration: 5600 / 6000 [ 93%]  (Sampling) 
Chain 4 Iteration: 5600 / 6000 [ 93%]  (Sampling) 
Chain 3 Iteration: 5600 / 6000 [ 93%]  (Sampling) 
Chain 2 Iteration: 5600 / 6000 [ 93%]  (Sampling) 
Chain 1 Iteration: 5700 / 6000 [ 95%]  (Sampling) 
Chain 4 Iteration: 5700 / 6000 [ 95%]  (Sampling) 
Chain 3 Iteration: 5700 / 6000 [ 95%]  (Sampling) 
Chain 2 Iteration: 5700 / 6000 [ 95%]  (Sampling) 
Chain 1 Iteration: 5800 / 6000 [ 96%]  (Sampling) 
Chain 4 Iteration: 5800 / 6000 [ 96%]  (Sampling) 
Chain 3 Iteration: 5800 / 6000 [ 96%]  (Sampling) 
Chain 2 Iteration: 5800 / 6000 [ 96%]  (Sampling) 
Chain 1 Iteration: 5900 / 6000 [ 98%]  (Sampling) 
Chain 4 Iteration: 5900 / 6000 [ 98%]  (Sampling) 
Chain 3 Iteration: 5900 / 6000 [ 98%]  (Sampling) 
Chain 2 Iteration: 5900 / 6000 [ 98%]  (Sampling) 
Chain 1 Iteration: 6000 / 6000 [100%]  (Sampling) 
Chain 1 finished in 12140.5 seconds.
Chain 4 Iteration: 6000 / 6000 [100%]  (Sampling) 
Chain 4 finished in 12225.5 seconds.
Chain 3 Iteration: 6000 / 6000 [100%]  (Sampling) 
Chain 3 finished in 12241.1 seconds.
Chain 2 Iteration: 6000 / 6000 [100%]  (Sampling) 
Chain 2 finished in 12280.5 seconds.

All 4 chains finished successfully.
Mean chain execution time: 12221.9 seconds.
Total execution time: 12281.3 seconds.

[1] "Processing draws 1 to 100"
[1] "Chunk time = 3.13380331993103"
[1] "Processing draws 101 to 200"
[1] "Chunk time = 2.24610047340393"
[1] "Processing draws 201 to 300"
[1] "Chunk time = 2.44063929716746"
[1] "Processing draws 301 to 400"
[1] "Chunk time = 2.09785538911819"
[1] "Processing draws 401 to 500"
[1] "Chunk time = 2.02420579592387"
[1] "Processing draws 501 to 600"
[1] "Chunk time = 2.00917315483093"
[1] "Processing draws 601 to 700"
[1] "Chunk time = 2.07766339381536"
[1] "Processing draws 701 to 800"
[1] "Chunk time = 2.1287150700887"
[1] "Processing draws 801 to 900"
[1] "Chunk time = 1.98716274102529"
[1] "Processing draws 901 to 1000"
[1] "Chunk time = 2.00201365947723"
[1] "Processing draws 1001 to 1100"
[1] "Chunk time = 1.98044157028198"
[1] "Processing draws 1101 to 1200"
[1] "Chunk time = 2.0084073026975"
[1] "Processing draws 1201 to 1300"
[1] "Chunk time = 2.17146565914154"
[1] "Processing draws 1301 to 1400"
[1] "Chunk time = 1.99376583894094"
[1] "Processing draws 1401 to 1500"
[1] "Chunk time = 2.0022314230601"
[1] "Processing draws 1501 to 1600"
[1] "Chunk time = 2.03912859757741"
[1] "Processing draws 1601 to 1700"
[1] "Chunk time = 1.98332960605621"
[1] "Processing draws 1701 to 1800"
[1] "Chunk time = 1.98227675755819"
[1] "Processing draws 1801 to 1900"
[1] "Chunk time = 2.06303112109502"
[1] "Processing draws 1901 to 2000"
[1] "Chunk time = 1.98129507700602"
[1] "Processing draws 2001 to 2100"
[1] "Chunk time = 1.97970315615336"
[1] "Processing draws 2101 to 2200"
[1] "Chunk time = 2.06342962185542"
[1] "Processing draws 2201 to 2300"
[1] "Chunk time = 1.97841377258301"
[1] "Processing draws 2301 to 2400"
[1] "Chunk time = 1.98606010278066"
[1] "Processing draws 2401 to 2500"
[1] "Chunk time = 2.07287968794505"
[1] "Processing draws 2501 to 2600"
[1] "Chunk time = 2.00941546360652"
[1] "Processing draws 2601 to 2700"
[1] "Chunk time = 1.97515779733658"
[1] "Processing draws 2701 to 2800"
[1] "Chunk time = 2.06865108013153"
[1] "Processing draws 2801 to 2900"
[1] "Chunk time = 1.98327552080154"
[1] "Processing draws 2901 to 3000"
[1] "Chunk time = 1.97792379061381"
[1] "Processing draws 3001 to 3100"
[1] "Chunk time = 2.06500043869019"
[1] "Processing draws 3101 to 3200"
[1] "Chunk time = 1.98426797389984"
[1] "Processing draws 3201 to 3300"
[1] "Chunk time = 1.98085264364878"
[1] "Processing draws 3301 to 3400"
[1] "Chunk time = 2.13009756803513"
[1] "Processing draws 3401 to 3500"
[1] "Chunk time = 1.98260783354441"
[1] "Processing draws 3501 to 3600"
[1] "Chunk time = 2.03172568480174"
[1] "Processing draws 3601 to 3700"
[1] "Chunk time = 2.1086509068807"
[1] "Processing draws 3701 to 3800"
[1] "Chunk time = 1.99904970725377"
[1] "Processing draws 3801 to 3900"
[1] "Chunk time = 1.97903454701106"
[1] "Processing draws 3901 to 4000"
[1] "Chunk time = 2.14839198986689"
[1] "Processing draws 4001 to 4100"
[1] "Chunk time = 2.04626187880834"
[1] "Processing draws 4101 to 4200"
[1] "Chunk time = 1.9657777984937"
[1] "Processing draws 4201 to 4300"
[1] "Chunk time = 2.11926592985789"
[1] "Processing draws 4301 to 4400"
[1] "Chunk time = 2.0132958650589"
[1] "Processing draws 4401 to 4500"
[1] "Chunk time = 1.96278047561646"
[1] "Processing draws 4501 to 4600"
[1] "Chunk time = 2.10753252108892"
[1] "Processing draws 4601 to 4700"
[1] "Chunk time = 2.01036880016327"
[1] "Processing draws 4701 to 4800"
[1] "Chunk time = 1.99719491799672"
[1] "Processing draws 4801 to 4900"
[1] "Chunk time = 2.11846265792847"
[1] "Processing draws 4901 to 5000"
[1] "Chunk time = 1.97904636065165"
[1] "Processing draws 5001 to 5100"
[1] "Chunk time = 1.97136982282003"
[1] "Processing draws 5101 to 5200"
[1] "Chunk time = 2.13789054552714"
[1] "Processing draws 5201 to 5300"
[1] "Chunk time = 1.97769258419673"
[1] "Processing draws 5301 to 5400"
[1] "Chunk time = 1.99215478102366"
[1] "Processing draws 5401 to 5500"
[1] "Chunk time = 2.13264263470968"
[1] "Processing draws 5501 to 5600"
[1] "Chunk time = 1.97996768554052"
[1] "Processing draws 5601 to 5700"
[1] "Chunk time = 1.97988308668137"
[1] "Processing draws 5701 to 5800"
[1] "Chunk time = 2.1064359386762"
[1] "Processing draws 5801 to 5900"
[1] "Chunk time = 1.97509022553762"
[1] "Processing draws 5901 to 6000"
[1] "Chunk time = 1.97801093260447"
[1] "Processing draws 6001 to 6100"
[1] "Chunk time = 2.12616863648097"
[1] "Processing draws 6101 to 6200"
[1] "Chunk time = 1.99838009675344"
[1] "Processing draws 6201 to 6300"
[1] "Chunk time = 1.97685149908066"
[1] "Processing draws 6301 to 6400"
[1] "Chunk time = 2.11982678572337"
[1] "Processing draws 6401 to 6500"
[1] "Chunk time = 1.99344367583593"
[1] "Processing draws 6501 to 6600"
[1] "Chunk time = 1.98285564184189"
[1] "Processing draws 6601 to 6700"
[1] "Chunk time = 2.13586433331172"
[1] "Processing draws 6701 to 6800"
[1] "Chunk time = 2.00704185962677"
[1] "Processing draws 6801 to 6900"
[1] "Chunk time = 1.99455280701319"
[1] "Processing draws 6901 to 7000"
[1] "Chunk time = 2.11679233709971"
[1] "Processing draws 7001 to 7100"
[1] "Chunk time = 1.99567281802495"
[1] "Processing draws 7101 to 7200"
[1] "Chunk time = 1.98679240942001"
[1] "Processing draws 7201 to 7300"
[1] "Chunk time = 2.11470947265625"
[1] "Processing draws 7301 to 7400"
[1] "Chunk time = 1.9953516403834"
[1] "Processing draws 7401 to 7500"
[1] "Chunk time = 1.98548839092255"
[1] "Processing draws 7501 to 7600"
[1] "Chunk time = 2.11484614610672"
[1] "Processing draws 7601 to 7700"
[1] "Chunk time = 1.97999258041382"
[1] "Processing draws 7701 to 7800"
[1] "Chunk time = 1.98963743448257"
[1] "Processing draws 7801 to 7900"
[1] "Chunk time = 2.11192011038462"
[1] "Processing draws 7901 to 8000"
[1] "Chunk time = 1.9768929084142"
[1] "Processing draws 8001 to 8100"
[1] "Chunk time = 1.97452581723531"
[1] "Processing draws 8101 to 8200"
[1] "Chunk time = 2.12111515204112"
[1] "Processing draws 8201 to 8300"
[1] "Chunk time = 1.99106102784475"
[1] "Processing draws 8301 to 8400"
[1] "Chunk time = 1.97966194947561"
[1] "Processing draws 8401 to 8500"
[1] "Chunk time = 2.12159781455994"
[1] "Processing draws 8501 to 8600"
[1] "Chunk time = 1.97457329034805"
[1] "Processing draws 8601 to 8700"
[1] "Chunk time = 1.97889425754547"
[1] "Processing draws 8701 to 8800"
[1] "Chunk time = 2.12833919127782"
[1] "Processing draws 8801 to 8900"
[1] "Chunk time = 2.01055903037389"
[1] "Processing draws 8901 to 9000"
[1] "Chunk time = 2.03423777421315"
[1] "Processing draws 9001 to 9100"
[1] "Chunk time = 2.1564521074295"
[1] "Processing draws 9101 to 9200"
[1] "Chunk time = 2.01857664585114"
[1] "Processing draws 9201 to 9300"
[1] "Chunk time = 2.00840095678965"
[1] "Processing draws 9301 to 9400"
[1] "Chunk time = 2.14195409615835"
[1] "Processing draws 9401 to 9500"
[1] "Chunk time = 2.0182884812355"
[1] "Processing draws 9501 to 9600"
[1] "Chunk time = 2.00923014084498"
[1] "Processing draws 9601 to 9700"
[1] "Chunk time = 2.15814912716548"
[1] "Processing draws 9701 to 9800"
[1] "Chunk time = 2.01093422174454"
[1] "Processing draws 9801 to 9900"
[1] "Chunk time = 2.01479684909185"
[1] "Processing draws 9901 to 10000"
[1] "Chunk time = 2.16359934012095"
[1] "Processing draws 10001 to 10100"
[1] "Chunk time = 2.00742778778076"
[1] "Processing draws 10101 to 10200"
[1] "Chunk time = 2.03278286059697"
[1] "Processing draws 10201 to 10300"
[1] "Chunk time = 2.15247103770574"
[1] "Processing draws 10301 to 10400"
[1] "Chunk time = 2.02454039653142"
[1] "Processing draws 10401 to 10500"
[1] "Chunk time = 2.01296511888504"
[1] "Processing draws 10501 to 10600"
[1] "Chunk time = 2.17469821373622"
[1] "Processing draws 10601 to 10700"
[1] "Chunk time = 2.02859849532445"
[1] "Processing draws 10701 to 10800"
[1] "Chunk time = 2.00847976605097"
[1] "Processing draws 10801 to 10900"
[1] "Chunk time = 2.16101243893305"
[1] "Processing draws 10901 to 11000"
[1] "Chunk time = 2.0545697927475"
[1] "Processing draws 11001 to 11100"
[1] "Chunk time = 2.01898548205694"
[1] "Processing draws 11101 to 11200"
[1] "Chunk time = 2.17609107891719"
[1] "Processing draws 11201 to 11300"
[1] "Chunk time = 2.00950349966685"
[1] "Processing draws 11301 to 11400"
[1] "Chunk time = 2.0097404718399"
[1] "Processing draws 11401 to 11500"
[1] "Chunk time = 2.14844601154327"
[1] "Processing draws 11501 to 11600"
[1] "Chunk time = 2.02002960443497"
[1] "Processing draws 11601 to 11700"
[1] "Chunk time = 2.00818871657054"
[1] "Processing draws 11701 to 11800"
[1] "Chunk time = 2.16113073428472"
[1] "Processing draws 11801 to 11900"
[1] "Chunk time = 2.02749645312627"
[1] "Processing draws 11901 to 12000"
[1] "Chunk time = 2.00991526842117"
[1] "Processing draws 12001 to 12100"
[1] "Chunk time = 2.15407395362854"
[1] "Processing draws 12101 to 12200"
[1] "Chunk time = 2.0465512752533"
[1] "Processing draws 12201 to 12300"
[1] "Chunk time = 2.03850912253062"
[1] "Processing draws 12301 to 12400"
[1] "Chunk time = 2.15771155754725"
[1] "Processing draws 12401 to 12500"
[1] "Chunk time = 2.05501122077306"
[1] "Processing draws 12501 to 12600"
[1] "Chunk time = 2.0128120581309"
[1] "Processing draws 12601 to 12700"
[1] "Chunk time = 2.14464848041534"
[1] "Processing draws 12701 to 12800"
[1] "Chunk time = 2.05490053097407"
[1] "Processing draws 12801 to 12900"
[1] "Chunk time = 2.00376533667247"
[1] "Processing draws 12901 to 13000"
[1] "Chunk time = 2.15376660823822"
[1] "Processing draws 13001 to 13100"
[1] "Chunk time = 2.03996069033941"
[1] "Processing draws 13101 to 13200"
[1] "Chunk time = 2.04814811547597"
[1] "Processing draws 13201 to 13300"
[1] "Chunk time = 2.14254036347071"
[1] "Processing draws 13301 to 13400"
[1] "Chunk time = 2.01490492423375"
[1] "Processing draws 13401 to 13500"
[1] "Chunk time = 1.98636519908905"
[1] "Processing draws 13501 to 13600"
[1] "Chunk time = 2.09678544998169"
[1] "Processing draws 13601 to 13700"
[1] "Chunk time = 2.04042969544729"
[1] "Processing draws 13701 to 13800"
[1] "Chunk time = 2.04355397224426"
[1] "Processing draws 13801 to 13900"
[1] "Chunk time = 2.17157363096873"
[1] "Processing draws 13901 to 14000"
[1] "Chunk time = 2.02300074497859"
[1] "Processing draws 14001 to 14100"
[1] "Chunk time = 1.94205986261368"
[1] "Processing draws 14101 to 14200"
[1] "Chunk time = 2.15806992848714"
[1] "Processing draws 14201 to 14300"
[1] "Chunk time = 2.02863436539968"
[1] "Processing draws 14301 to 14400"
[1] "Chunk time = 1.99826888243357"
[1] "Processing draws 14401 to 14500"
[1] "Chunk time = 2.15188692808151"
[1] "Processing draws 14501 to 14600"
[1] "Chunk time = 2.04342985550563"
[1] "Processing draws 14601 to 14700"
[1] "Chunk time = 1.9681498726209"
[1] "Processing draws 14701 to 14800"
[1] "Chunk time = 2.14676048358281"
[1] "Processing draws 14801 to 14900"
[1] "Chunk time = 1.99796885251999"
[1] "Processing draws 14901 to 15000"
[1] "Chunk time = 1.97365557750066"
[1] "Processing draws 15001 to 15100"
[1] "Chunk time = 2.14404947360357"
[1] "Processing draws 15101 to 15200"
[1] "Chunk time = 2.01975668271383"
[1] "Processing draws 15201 to 15300"
[1] "Chunk time = 1.98005024592082"
[1] "Processing draws 15301 to 15400"
[1] "Chunk time = 2.08165560166041"
[1] "Processing draws 15401 to 15500"
[1] "Chunk time = 1.92180381218592"
[1] "Processing draws 15501 to 15600"
[1] "Chunk time = 1.95290782054265"
[1] "Processing draws 15601 to 15700"
[1] "Chunk time = 2.09721661011378"
[1] "Processing draws 15701 to 15800"
[1] "Chunk time = 2.01838802893956"
[1] "Processing draws 15801 to 15900"
[1] "Chunk time = 1.90653165578842"
[1] "Processing draws 15901 to 16000"
[1] "Chunk time = 2.10367997487386"
[1] "Processing draws 16001 to 16100"
[1] "Chunk time = 1.94396897157033"
[1] "Processing draws 16101 to 16200"
[1] "Chunk time = 1.98792972167333"
[1] "Processing draws 16201 to 16300"
[1] "Chunk time = 2.10064810911814"
[1] "Processing draws 16301 to 16400"
[1] "Chunk time = 1.96954043308894"
[1] "Processing draws 16401 to 16500"
[1] "Chunk time = 1.96420633792877"
[1] "Processing draws 16501 to 16600"
[1] "Chunk time = 2.09659739335378"
[1] "Processing draws 16601 to 16700"
[1] "Chunk time = 1.98206632534663"
[1] "Processing draws 16701 to 16800"
[1] "Chunk time = 1.97465846538544"
[1] "Processing draws 16801 to 16900"
[1] "Chunk time = 2.09634857177734"
[1] "Processing draws 16901 to 17000"
[1] "Chunk time = 1.96883534590403"
[1] "Processing draws 17001 to 17100"
[1] "Chunk time = 1.88804318507512"
[1] "Processing draws 17101 to 17200"
[1] "Chunk time = 2.08105166355769"
[1] "Processing draws 17201 to 17300"
[1] "Chunk time = 1.98514912525813"
[1] "Processing draws 17301 to 17400"
[1] "Chunk time = 1.97981573740641"
[1] "Processing draws 17401 to 17500"
[1] "Chunk time = 2.08015655676524"
[1] "Processing draws 17501 to 17600"
[1] "Chunk time = 1.97255481481552"
[1] "Processing draws 17601 to 17700"
[1] "Chunk time = 1.92610214948654"
[1] "Processing draws 17701 to 17800"
[1] "Chunk time = 2.0782546877861"
[1] "Processing draws 17801 to 17900"
[1] "Chunk time = 1.93018282254537"
[1] "Processing draws 17901 to 18000"
[1] "Chunk time = 1.95735704104106"
[1] "Processing draws 18001 to 18100"
[1] "Chunk time = 2.09511726697286"
[1] "Processing draws 18101 to 18200"
[1] "Chunk time = 1.97183410724004"
[1] "Processing draws 18201 to 18300"
[1] "Chunk time = 1.89148158629735"
[1] "Processing draws 18301 to 18400"
[1] "Chunk time = 1.97496829430262"
[1] "Processing draws 18401 to 18500"
[1] "Chunk time = 1.90220520893733"
[1] "Processing draws 18501 to 18600"
[1] "Chunk time = 2.0034517566363"
[1] "Processing draws 18601 to 18700"
[1] "Chunk time = 2.09883107741674"
[1] "Processing draws 18701 to 18800"
[1] "Chunk time = 1.98679763476054"
[1] "Processing draws 18801 to 18900"
[1] "Chunk time = 2.02738662163417"
[1] "Processing draws 18901 to 19000"
[1] "Chunk time = 2.09233046770096"
[1] "Processing draws 19001 to 19100"
[1] "Chunk time = 1.92798502047857"
[1] "Processing draws 19101 to 19200"
[1] "Chunk time = 1.95739733775457"
[1] "Processing draws 19201 to 19300"
[1] "Chunk time = 2.07997794946035"
[1] "Processing draws 19301 to 19400"
[1] "Chunk time = 1.95686188936234"
[1] "Processing draws 19401 to 19500"
[1] "Chunk time = 1.9811067700386"
[1] "Processing draws 19501 to 19600"
[1] "Chunk time = 2.10431655248006"
[1] "Processing draws 19601 to 19700"
[1] "Chunk time = 1.93661747773488"
[1] "Processing draws 19701 to 19800"
[1] "Chunk time = 1.95291077295939"
[1] "Processing draws 19801 to 19900"
[1] "Chunk time = 1.98687115907669"
[1] "Processing draws 19901 to 20000"
[1] "Chunk time = 1.96117959817251"
[1] "done lapplying"
[1] "Saving current params"
[1] "Saving params to output.rds"
[1] TRUE
[1] "Time for modelling:"
[1] "2025-07-02 22:03:47 EDT"
[1] "Time for posterior computations:"
Time difference of 6.821515 hours
[1] "Total time:"
[1] "2025-07-03 04:53:04 EDT"
