[1] "Starting sampling."
Running MCMC with 4 parallel chains, with 4 thread(s) per chain...

Chain 1 Iteration:    1 / 6000 [  0%]  (Warmup) 
Chain 2 Iteration:    1 / 6000 [  0%]  (Warmup) 
Chain 4 Iteration:    1 / 6000 [  0%]  (Warmup) 
Chain 3 Iteration:    1 / 6000 [  0%]  (Warmup) 
Chain 1 Iteration:  100 / 6000 [  1%]  (Warmup) 
Chain 3 Iteration:  100 / 6000 [  1%]  (Warmup) 
Chain 2 Iteration:  100 / 6000 [  1%]  (Warmup) 
Chain 4 Iteration:  100 / 6000 [  1%]  (Warmup) 
Chain 1 Iteration:  200 / 6000 [  3%]  (Warmup) 
Chain 3 Iteration:  200 / 6000 [  3%]  (Warmup) 
Chain 4 Iteration:  200 / 6000 [  3%]  (Warmup) 
Chain 2 Iteration:  200 / 6000 [  3%]  (Warmup) 
Chain 1 Iteration:  300 / 6000 [  5%]  (Warmup) 
Chain 3 Iteration:  300 / 6000 [  5%]  (Warmup) 
Chain 4 Iteration:  300 / 6000 [  5%]  (Warmup) 
Chain 2 Iteration:  300 / 6000 [  5%]  (Warmup) 
Chain 1 Iteration:  400 / 6000 [  6%]  (Warmup) 
Chain 3 Iteration:  400 / 6000 [  6%]  (Warmup) 
Chain 4 Iteration:  400 / 6000 [  6%]  (Warmup) 
Chain 2 Iteration:  400 / 6000 [  6%]  (Warmup) 
Chain 1 Iteration:  500 / 6000 [  8%]  (Warmup) 
Chain 4 Iteration:  500 / 6000 [  8%]  (Warmup) 
Chain 3 Iteration:  500 / 6000 [  8%]  (Warmup) 
Chain 2 Iteration:  500 / 6000 [  8%]  (Warmup) 
Chain 1 Iteration:  600 / 6000 [ 10%]  (Warmup) 
Chain 4 Iteration:  600 / 6000 [ 10%]  (Warmup) 
Chain 3 Iteration:  600 / 6000 [ 10%]  (Warmup) 
Chain 2 Iteration:  600 / 6000 [ 10%]  (Warmup) 
Chain 1 Iteration:  700 / 6000 [ 11%]  (Warmup) 
Chain 4 Iteration:  700 / 6000 [ 11%]  (Warmup) 
Chain 3 Iteration:  700 / 6000 [ 11%]  (Warmup) 
Chain 2 Iteration:  700 / 6000 [ 11%]  (Warmup) 
Chain 1 Iteration:  800 / 6000 [ 13%]  (Warmup) 
Chain 4 Iteration:  800 / 6000 [ 13%]  (Warmup) 
Chain 2 Iteration:  800 / 6000 [ 13%]  (Warmup) 
Chain 3 Iteration:  800 / 6000 [ 13%]  (Warmup) 
Chain 1 Iteration:  900 / 6000 [ 15%]  (Warmup) 
Chain 4 Iteration:  900 / 6000 [ 15%]  (Warmup) 
Chain 3 Iteration:  900 / 6000 [ 15%]  (Warmup) 
Chain 2 Iteration:  900 / 6000 [ 15%]  (Warmup) 
Chain 1 Iteration: 1000 / 6000 [ 16%]  (Warmup) 
Chain 1 Iteration: 1001 / 6000 [ 16%]  (Sampling) 
Chain 4 Iteration: 1000 / 6000 [ 16%]  (Warmup) 
Chain 4 Iteration: 1001 / 6000 [ 16%]  (Sampling) 
Chain 3 Iteration: 1000 / 6000 [ 16%]  (Warmup) 
Chain 3 Iteration: 1001 / 6000 [ 16%]  (Sampling) 
Chain 2 Iteration: 1000 / 6000 [ 16%]  (Warmup) 
Chain 2 Iteration: 1001 / 6000 [ 16%]  (Sampling) 
Chain 1 Iteration: 1100 / 6000 [ 18%]  (Sampling) 
Chain 4 Iteration: 1100 / 6000 [ 18%]  (Sampling) 
Chain 3 Iteration: 1100 / 6000 [ 18%]  (Sampling) 
Chain 2 Iteration: 1100 / 6000 [ 18%]  (Sampling) 
Chain 1 Iteration: 1200 / 6000 [ 20%]  (Sampling) 
Chain 4 Iteration: 1200 / 6000 [ 20%]  (Sampling) 
Chain 3 Iteration: 1200 / 6000 [ 20%]  (Sampling) 
Chain 2 Iteration: 1200 / 6000 [ 20%]  (Sampling) 
Chain 1 Iteration: 1300 / 6000 [ 21%]  (Sampling) 
Chain 4 Iteration: 1300 / 6000 [ 21%]  (Sampling) 
Chain 3 Iteration: 1300 / 6000 [ 21%]  (Sampling) 
Chain 2 Iteration: 1300 / 6000 [ 21%]  (Sampling) 
Chain 1 Iteration: 1400 / 6000 [ 23%]  (Sampling) 
Chain 4 Iteration: 1400 / 6000 [ 23%]  (Sampling) 
Chain 3 Iteration: 1400 / 6000 [ 23%]  (Sampling) 
Chain 2 Iteration: 1400 / 6000 [ 23%]  (Sampling) 
Chain 1 Iteration: 1500 / 6000 [ 25%]  (Sampling) 
Chain 4 Iteration: 1500 / 6000 [ 25%]  (Sampling) 
Chain 3 Iteration: 1500 / 6000 [ 25%]  (Sampling) 
Chain 2 Iteration: 1500 / 6000 [ 25%]  (Sampling) 
Chain 1 Iteration: 1600 / 6000 [ 26%]  (Sampling) 
Chain 4 Iteration: 1600 / 6000 [ 26%]  (Sampling) 
Chain 3 Iteration: 1600 / 6000 [ 26%]  (Sampling) 
Chain 2 Iteration: 1600 / 6000 [ 26%]  (Sampling) 
Chain 1 Iteration: 1700 / 6000 [ 28%]  (Sampling) 
Chain 4 Iteration: 1700 / 6000 [ 28%]  (Sampling) 
Chain 3 Iteration: 1700 / 6000 [ 28%]  (Sampling) 
Chain 2 Iteration: 1700 / 6000 [ 28%]  (Sampling) 
Chain 1 Iteration: 1800 / 6000 [ 30%]  (Sampling) 
Chain 4 Iteration: 1800 / 6000 [ 30%]  (Sampling) 
Chain 3 Iteration: 1800 / 6000 [ 30%]  (Sampling) 
Chain 2 Iteration: 1800 / 6000 [ 30%]  (Sampling) 
Chain 1 Iteration: 1900 / 6000 [ 31%]  (Sampling) 
Chain 4 Iteration: 1900 / 6000 [ 31%]  (Sampling) 
Chain 3 Iteration: 1900 / 6000 [ 31%]  (Sampling) 
Chain 2 Iteration: 1900 / 6000 [ 31%]  (Sampling) 
Chain 1 Iteration: 2000 / 6000 [ 33%]  (Sampling) 
Chain 4 Iteration: 2000 / 6000 [ 33%]  (Sampling) 
Chain 3 Iteration: 2000 / 6000 [ 33%]  (Sampling) 
Chain 2 Iteration: 2000 / 6000 [ 33%]  (Sampling) 
Chain 1 Iteration: 2100 / 6000 [ 35%]  (Sampling) 
Chain 4 Iteration: 2100 / 6000 [ 35%]  (Sampling) 
Chain 3 Iteration: 2100 / 6000 [ 35%]  (Sampling) 
Chain 2 Iteration: 2100 / 6000 [ 35%]  (Sampling) 
Chain 1 Iteration: 2200 / 6000 [ 36%]  (Sampling) 
Chain 4 Iteration: 2200 / 6000 [ 36%]  (Sampling) 
Chain 3 Iteration: 2200 / 6000 [ 36%]  (Sampling) 
Chain 2 Iteration: 2200 / 6000 [ 36%]  (Sampling) 
Chain 1 Iteration: 2300 / 6000 [ 38%]  (Sampling) 
Chain 4 Iteration: 2300 / 6000 [ 38%]  (Sampling) 
Chain 3 Iteration: 2300 / 6000 [ 38%]  (Sampling) 
Chain 2 Iteration: 2300 / 6000 [ 38%]  (Sampling) 
Chain 1 Iteration: 2400 / 6000 [ 40%]  (Sampling) 
Chain 4 Iteration: 2400 / 6000 [ 40%]  (Sampling) 
Chain 3 Iteration: 2400 / 6000 [ 40%]  (Sampling) 
Chain 2 Iteration: 2400 / 6000 [ 40%]  (Sampling) 
Chain 1 Iteration: 2500 / 6000 [ 41%]  (Sampling) 
Chain 4 Iteration: 2500 / 6000 [ 41%]  (Sampling) 
Chain 3 Iteration: 2500 / 6000 [ 41%]  (Sampling) 
Chain 2 Iteration: 2500 / 6000 [ 41%]  (Sampling) 
Chain 1 Iteration: 2600 / 6000 [ 43%]  (Sampling) 
Chain 4 Iteration: 2600 / 6000 [ 43%]  (Sampling) 
Chain 3 Iteration: 2600 / 6000 [ 43%]  (Sampling) 
Chain 2 Iteration: 2600 / 6000 [ 43%]  (Sampling) 
Chain 1 Iteration: 2700 / 6000 [ 45%]  (Sampling) 
Chain 4 Iteration: 2700 / 6000 [ 45%]  (Sampling) 
Chain 3 Iteration: 2700 / 6000 [ 45%]  (Sampling) 
Chain 2 Iteration: 2700 / 6000 [ 45%]  (Sampling) 
Chain 1 Iteration: 2800 / 6000 [ 46%]  (Sampling) 
Chain 4 Iteration: 2800 / 6000 [ 46%]  (Sampling) 
Chain 3 Iteration: 2800 / 6000 [ 46%]  (Sampling) 
Chain 2 Iteration: 2800 / 6000 [ 46%]  (Sampling) 
Chain 1 Iteration: 2900 / 6000 [ 48%]  (Sampling) 
Chain 4 Iteration: 2900 / 6000 [ 48%]  (Sampling) 
Chain 3 Iteration: 2900 / 6000 [ 48%]  (Sampling) 
Chain 1 Iteration: 3000 / 6000 [ 50%]  (Sampling) 
Chain 2 Iteration: 2900 / 6000 [ 48%]  (Sampling) 
Chain 4 Iteration: 3000 / 6000 [ 50%]  (Sampling) 
Chain 3 Iteration: 3000 / 6000 [ 50%]  (Sampling) 
Chain 1 Iteration: 3100 / 6000 [ 51%]  (Sampling) 
Chain 2 Iteration: 3000 / 6000 [ 50%]  (Sampling) 
Chain 4 Iteration: 3100 / 6000 [ 51%]  (Sampling) 
Chain 3 Iteration: 3100 / 6000 [ 51%]  (Sampling) 
Chain 1 Iteration: 3200 / 6000 [ 53%]  (Sampling) 
Chain 2 Iteration: 3100 / 6000 [ 51%]  (Sampling) 
Chain 4 Iteration: 3200 / 6000 [ 53%]  (Sampling) 
Chain 3 Iteration: 3200 / 6000 [ 53%]  (Sampling) 
Chain 1 Iteration: 3300 / 6000 [ 55%]  (Sampling) 
Chain 2 Iteration: 3200 / 6000 [ 53%]  (Sampling) 
Chain 4 Iteration: 3300 / 6000 [ 55%]  (Sampling) 
Chain 3 Iteration: 3300 / 6000 [ 55%]  (Sampling) 
Chain 1 Iteration: 3400 / 6000 [ 56%]  (Sampling) 
Chain 2 Iteration: 3300 / 6000 [ 55%]  (Sampling) 
Chain 4 Iteration: 3400 / 6000 [ 56%]  (Sampling) 
Chain 3 Iteration: 3400 / 6000 [ 56%]  (Sampling) 
Chain 1 Iteration: 3500 / 6000 [ 58%]  (Sampling) 
Chain 2 Iteration: 3400 / 6000 [ 56%]  (Sampling) 
Chain 4 Iteration: 3500 / 6000 [ 58%]  (Sampling) 
Chain 3 Iteration: 3500 / 6000 [ 58%]  (Sampling) 
Chain 1 Iteration: 3600 / 6000 [ 60%]  (Sampling) 
Chain 2 Iteration: 3500 / 6000 [ 58%]  (Sampling) 
Chain 4 Iteration: 3600 / 6000 [ 60%]  (Sampling) 
Chain 3 Iteration: 3600 / 6000 [ 60%]  (Sampling) 
Chain 1 Iteration: 3700 / 6000 [ 61%]  (Sampling) 
Chain 4 Iteration: 3700 / 6000 [ 61%]  (Sampling) 
Chain 2 Iteration: 3600 / 6000 [ 60%]  (Sampling) 
Chain 3 Iteration: 3700 / 6000 [ 61%]  (Sampling) 
Chain 1 Iteration: 3800 / 6000 [ 63%]  (Sampling) 
Chain 4 Iteration: 3800 / 6000 [ 63%]  (Sampling) 
Chain 2 Iteration: 3700 / 6000 [ 61%]  (Sampling) 
Chain 3 Iteration: 3800 / 6000 [ 63%]  (Sampling) 
Chain 1 Iteration: 3900 / 6000 [ 65%]  (Sampling) 
Chain 4 Iteration: 3900 / 6000 [ 65%]  (Sampling) 
Chain 2 Iteration: 3800 / 6000 [ 63%]  (Sampling) 
Chain 3 Iteration: 3900 / 6000 [ 65%]  (Sampling) 
Chain 1 Iteration: 4000 / 6000 [ 66%]  (Sampling) 
Chain 4 Iteration: 4000 / 6000 [ 66%]  (Sampling) 
Chain 2 Iteration: 3900 / 6000 [ 65%]  (Sampling) 
Chain 3 Iteration: 4000 / 6000 [ 66%]  (Sampling) 
Chain 1 Iteration: 4100 / 6000 [ 68%]  (Sampling) 
Chain 4 Iteration: 4100 / 6000 [ 68%]  (Sampling) 
Chain 2 Iteration: 4000 / 6000 [ 66%]  (Sampling) 
Chain 3 Iteration: 4100 / 6000 [ 68%]  (Sampling) 
Chain 1 Iteration: 4200 / 6000 [ 70%]  (Sampling) 
Chain 4 Iteration: 4200 / 6000 [ 70%]  (Sampling) 
Chain 2 Iteration: 4100 / 6000 [ 68%]  (Sampling) 
Chain 3 Iteration: 4200 / 6000 [ 70%]  (Sampling) 
Chain 1 Iteration: 4300 / 6000 [ 71%]  (Sampling) 
Chain 4 Iteration: 4300 / 6000 [ 71%]  (Sampling) 
Chain 2 Iteration: 4200 / 6000 [ 70%]  (Sampling) 
Chain 3 Iteration: 4300 / 6000 [ 71%]  (Sampling) 
Chain 1 Iteration: 4400 / 6000 [ 73%]  (Sampling) 
Chain 4 Iteration: 4400 / 6000 [ 73%]  (Sampling) 
Chain 2 Iteration: 4300 / 6000 [ 71%]  (Sampling) 
Chain 3 Iteration: 4400 / 6000 [ 73%]  (Sampling) 
Chain 1 Iteration: 4500 / 6000 [ 75%]  (Sampling) 
Chain 4 Iteration: 4500 / 6000 [ 75%]  (Sampling) 
Chain 2 Iteration: 4400 / 6000 [ 73%]  (Sampling) 
Chain 3 Iteration: 4500 / 6000 [ 75%]  (Sampling) 
Chain 1 Iteration: 4600 / 6000 [ 76%]  (Sampling) 
Chain 4 Iteration: 4600 / 6000 [ 76%]  (Sampling) 
Chain 2 Iteration: 4500 / 6000 [ 75%]  (Sampling) 
Chain 3 Iteration: 4600 / 6000 [ 76%]  (Sampling) 
Chain 1 Iteration: 4700 / 6000 [ 78%]  (Sampling) 
Chain 4 Iteration: 4700 / 6000 [ 78%]  (Sampling) 
Chain 3 Iteration: 4700 / 6000 [ 78%]  (Sampling) 
Chain 2 Iteration: 4600 / 6000 [ 76%]  (Sampling) 
Chain 1 Iteration: 4800 / 6000 [ 80%]  (Sampling) 
Chain 4 Iteration: 4800 / 6000 [ 80%]  (Sampling) 
Chain 3 Iteration: 4800 / 6000 [ 80%]  (Sampling) 
Chain 2 Iteration: 4700 / 6000 [ 78%]  (Sampling) 
Chain 1 Iteration: 4900 / 6000 [ 81%]  (Sampling) 
Chain 4 Iteration: 4900 / 6000 [ 81%]  (Sampling) 
Chain 3 Iteration: 4900 / 6000 [ 81%]  (Sampling) 
Chain 2 Iteration: 4800 / 6000 [ 80%]  (Sampling) 
Chain 1 Iteration: 5000 / 6000 [ 83%]  (Sampling) 
Chain 4 Iteration: 5000 / 6000 [ 83%]  (Sampling) 
Chain 3 Iteration: 5000 / 6000 [ 83%]  (Sampling) 
Chain 2 Iteration: 4900 / 6000 [ 81%]  (Sampling) 
Chain 1 Iteration: 5100 / 6000 [ 85%]  (Sampling) 
Chain 4 Iteration: 5100 / 6000 [ 85%]  (Sampling) 
Chain 3 Iteration: 5100 / 6000 [ 85%]  (Sampling) 
Chain 2 Iteration: 5000 / 6000 [ 83%]  (Sampling) 
Chain 1 Iteration: 5200 / 6000 [ 86%]  (Sampling) 
Chain 4 Iteration: 5200 / 6000 [ 86%]  (Sampling) 
Chain 3 Iteration: 5200 / 6000 [ 86%]  (Sampling) 
Chain 2 Iteration: 5100 / 6000 [ 85%]  (Sampling) 
Chain 1 Iteration: 5300 / 6000 [ 88%]  (Sampling) 
Chain 4 Iteration: 5300 / 6000 [ 88%]  (Sampling) 
Chain 3 Iteration: 5300 / 6000 [ 88%]  (Sampling) 
Chain 2 Iteration: 5200 / 6000 [ 86%]  (Sampling) 
Chain 1 Iteration: 5400 / 6000 [ 90%]  (Sampling) 
Chain 4 Iteration: 5400 / 6000 [ 90%]  (Sampling) 
Chain 3 Iteration: 5400 / 6000 [ 90%]  (Sampling) 
Chain 2 Iteration: 5300 / 6000 [ 88%]  (Sampling) 
Chain 1 Iteration: 5500 / 6000 [ 91%]  (Sampling) 
Chain 4 Iteration: 5500 / 6000 [ 91%]  (Sampling) 
Chain 3 Iteration: 5500 / 6000 [ 91%]  (Sampling) 
Chain 2 Iteration: 5400 / 6000 [ 90%]  (Sampling) 
Chain 1 Iteration: 5600 / 6000 [ 93%]  (Sampling) 
Chain 4 Iteration: 5600 / 6000 [ 93%]  (Sampling) 
Chain 3 Iteration: 5600 / 6000 [ 93%]  (Sampling) 
Chain 2 Iteration: 5500 / 6000 [ 91%]  (Sampling) 
Chain 1 Iteration: 5700 / 6000 [ 95%]  (Sampling) 
Chain 4 Iteration: 5700 / 6000 [ 95%]  (Sampling) 
Chain 3 Iteration: 5700 / 6000 [ 95%]  (Sampling) 
Chain 2 Iteration: 5600 / 6000 [ 93%]  (Sampling) 
Chain 1 Iteration: 5800 / 6000 [ 96%]  (Sampling) 
Chain 4 Iteration: 5800 / 6000 [ 96%]  (Sampling) 
Chain 3 Iteration: 5800 / 6000 [ 96%]  (Sampling) 
Chain 2 Iteration: 5700 / 6000 [ 95%]  (Sampling) 
Chain 1 Iteration: 5900 / 6000 [ 98%]  (Sampling) 
Chain 4 Iteration: 5900 / 6000 [ 98%]  (Sampling) 
Chain 3 Iteration: 5900 / 6000 [ 98%]  (Sampling) 
Chain 2 Iteration: 5800 / 6000 [ 96%]  (Sampling) 
Chain 1 Iteration: 6000 / 6000 [100%]  (Sampling) 
Chain 1 finished in 84375.1 seconds.
Chain 4 Iteration: 6000 / 6000 [100%]  (Sampling) 
Chain 4 finished in 84505.6 seconds.
Chain 3 Iteration: 6000 / 6000 [100%]  (Sampling) 
Chain 3 finished in 84969.4 seconds.
Chain 2 Iteration: 5900 / 6000 [ 98%]  (Sampling) 
Chain 2 Iteration: 6000 / 6000 [100%]  (Sampling) 
Chain 2 finished in 86356.4 seconds.

All 4 chains finished successfully.
Mean chain execution time: 85051.6 seconds.
Total execution time: 86357.1 seconds.

[1] "Processing draws 1 to 100"
[1] "Chunk time = 3.13260968923569"
[1] "Processing draws 101 to 200"
[1] "Chunk time = 2.28639767567317"
[1] "Processing draws 201 to 300"
[1] "Chunk time = 2.44730921586355"
[1] "Processing draws 301 to 400"
[1] "Chunk time = 2.04516562620799"
[1] "Processing draws 401 to 500"
[1] "Chunk time = 1.96873337825139"
[1] "Processing draws 501 to 600"
[1] "Chunk time = 1.96706043481827"
[1] "Processing draws 601 to 700"
[1] "Chunk time = 2.0306157430013"
[1] "Processing draws 701 to 800"
[1] "Chunk time = 2.12344695329666"
[1] "Processing draws 801 to 900"
[1] "Chunk time = 1.9582328637441"
[1] "Processing draws 901 to 1000"
[1] "Chunk time = 2.08410375912984"
[1] "Processing draws 1001 to 1100"
[1] "Chunk time = 1.96931428909302"
[1] "Processing draws 1101 to 1200"
[1] "Chunk time = 1.98270971377691"
[1] "Processing draws 1201 to 1300"
[1] "Chunk time = 2.09332269430161"
[1] "Processing draws 1301 to 1400"
[1] "Chunk time = 2.00625696182251"
[1] "Processing draws 1401 to 1500"
[1] "Chunk time = 1.99691996971766"
[1] "Processing draws 1501 to 1600"
[1] "Chunk time = 2.10941044489543"
[1] "Processing draws 1601 to 1700"
[1] "Chunk time = 1.95525153080622"
[1] "Processing draws 1701 to 1800"
[1] "Chunk time = 1.99803997278213"
[1] "Processing draws 1801 to 1900"
[1] "Chunk time = 2.0313972512881"
[1] "Processing draws 1901 to 2000"
[1] "Chunk time = 1.9855678319931"
[1] "Processing draws 2001 to 2100"
[1] "Chunk time = 1.95612943569819"
[1] "Processing draws 2101 to 2200"
[1] "Chunk time = 2.08659819364548"
[1] "Processing draws 2201 to 2300"
[1] "Chunk time = 1.95969405174255"
[1] "Processing draws 2301 to 2400"
[1] "Chunk time = 1.98583755890528"
[1] "Processing draws 2401 to 2500"
[1] "Chunk time = 2.07821253935496"
[1] "Processing draws 2501 to 2600"
[1] "Chunk time = 1.93866362571716"
[1] "Processing draws 2601 to 2700"
[1] "Chunk time = 1.94879589875539"
[1] "Processing draws 2701 to 2800"
[1] "Chunk time = 2.07386593023936"
[1] "Processing draws 2801 to 2900"
[1] "Chunk time = 1.94854201475779"
[1] "Processing draws 2901 to 3000"
[1] "Chunk time = 1.94802109400431"
[1] "Processing draws 3001 to 3100"
[1] "Chunk time = 2.07620371580124"
[1] "Processing draws 3101 to 3200"
[1] "Chunk time = 1.97523812850316"
[1] "Processing draws 3201 to 3300"
[1] "Chunk time = 1.94916923046112"
[1] "Processing draws 3301 to 3400"
[1] "Chunk time = 2.07254841327667"
[1] "Processing draws 3401 to 3500"
[1] "Chunk time = 1.94805762370427"
[1] "Processing draws 3501 to 3600"
[1] "Chunk time = 1.99339299996694"
[1] "Processing draws 3601 to 3700"
[1] "Chunk time = 2.09575758377711"
[1] "Processing draws 3701 to 3800"
[1] "Chunk time = 2.01252852678299"
[1] "Processing draws 3801 to 3900"
[1] "Chunk time = 1.95210590759913"
[1] "Processing draws 3901 to 4000"
[1] "Chunk time = 2.10852144956589"
[1] "Processing draws 4001 to 4100"
[1] "Chunk time = 2.02979236841202"
[1] "Processing draws 4101 to 4200"
[1] "Chunk time = 1.95699205795924"
[1] "Processing draws 4201 to 4300"
[1] "Chunk time = 2.09066415627797"
[1] "Processing draws 4301 to 4400"
[1] "Chunk time = 1.99633379379908"
[1] "Processing draws 4401 to 4500"
[1] "Chunk time = 1.94849116007487"
[1] "Processing draws 4501 to 4600"
[1] "Chunk time = 2.09195962746938"
[1] "Processing draws 4601 to 4700"
[1] "Chunk time = 1.96356362899144"
[1] "Processing draws 4701 to 4800"
[1] "Chunk time = 1.9975856423378"
[1] "Processing draws 4801 to 4900"
[1] "Chunk time = 2.06574668089549"
[1] "Processing draws 4901 to 5000"
[1] "Chunk time = 2.0415926416715"
[1] "Processing draws 5001 to 5100"
[1] "Chunk time = 1.94840088685354"
[1] "Processing draws 5101 to 5200"
[1] "Chunk time = 2.08016587495804"
[1] "Processing draws 5201 to 5300"
[1] "Chunk time = 2.00470097462336"
[1] "Processing draws 5301 to 5400"
[1] "Chunk time = 2.05188308954239"
[1] "Processing draws 5401 to 5500"
[1] "Chunk time = 2.07633848587672"
[1] "Processing draws 5501 to 5600"
[1] "Chunk time = 1.99463855822881"
[1] "Processing draws 5601 to 5700"
[1] "Chunk time = 1.96037135918935"
[1] "Processing draws 5701 to 5800"
[1] "Chunk time = 2.04813391764959"
[1] "Processing draws 5801 to 5900"
[1] "Chunk time = 1.95545017321905"
[1] "Processing draws 5901 to 6000"
[1] "Chunk time = 1.99905540943146"
[1] "Processing draws 6001 to 6100"
[1] "Chunk time = 2.09804340600967"
[1] "Processing draws 6101 to 6200"
[1] "Chunk time = 2.06301152308782"
[1] "Processing draws 6201 to 6300"
[1] "Chunk time = 1.95875504811605"
[1] "Processing draws 6301 to 6400"
[1] "Chunk time = 2.0816221276919"
[1] "Processing draws 6401 to 6500"
[1] "Chunk time = 1.96026099522909"
[1] "Processing draws 6501 to 6600"
[1] "Chunk time = 1.95142038265864"
[1] "Processing draws 6601 to 6700"
[1] "Chunk time = 2.11080842415492"
[1] "Processing draws 6701 to 6800"
[1] "Chunk time = 1.99423127174377"
[1] "Processing draws 6801 to 6900"
[1] "Chunk time = 1.98867026964823"
[1] "Processing draws 6901 to 7000"
[1] "Chunk time = 2.0704417904218"
[1] "Processing draws 7001 to 7100"
[1] "Chunk time = 1.95796895821889"
[1] "Processing draws 7101 to 7200"
[1] "Chunk time = 1.97793810367584"
[1] "Processing draws 7201 to 7300"
[1] "Chunk time = 2.09039345979691"
[1] "Processing draws 7301 to 7400"
[1] "Chunk time = 2.03955085674922"
[1] "Processing draws 7401 to 7500"
[1] "Chunk time = 2.00734184185664"
[1] "Processing draws 7501 to 7600"
[1] "Chunk time = 2.07997502883275"
[1] "Processing draws 7601 to 7700"
[1] "Chunk time = 1.95528387626012"
[1] "Processing draws 7701 to 7800"
[1] "Chunk time = 1.94630505641301"
[1] "Processing draws 7801 to 7900"
[1] "Chunk time = 2.07080451250076"
[1] "Processing draws 7901 to 8000"
[1] "Chunk time = 1.96090087493261"
[1] "Processing draws 8001 to 8100"
[1] "Chunk time = 1.9890806277593"
[1] "Processing draws 8101 to 8200"
[1] "Chunk time = 2.10926262140274"
[1] "Processing draws 8201 to 8300"
[1] "Chunk time = 2.01326617002487"
[1] "Processing draws 8301 to 8400"
[1] "Chunk time = 1.98200341860453"
[1] "Processing draws 8401 to 8500"
[1] "Chunk time = 2.0771316130956"
[1] "Processing draws 8501 to 8600"
[1] "Chunk time = 1.95012758970261"
[1] "Processing draws 8601 to 8700"
[1] "Chunk time = 1.94436322848002"
[1] "Processing draws 8701 to 8800"
[1] "Chunk time = 2.08477594455083"
[1] "Processing draws 8801 to 8900"
[1] "Chunk time = 2.03449929157893"
[1] "Processing draws 8901 to 9000"
[1] "Chunk time = 2.0346568107605"
[1] "Processing draws 9001 to 9100"
[1] "Chunk time = 2.10116328398387"
[1] "Processing draws 9101 to 9200"
[1] "Chunk time = 2.0155743598938"
[1] "Processing draws 9201 to 9300"
[1] "Chunk time = 1.99469702641169"
[1] "Processing draws 9301 to 9400"
[1] "Chunk time = 2.11362965106964"
[1] "Processing draws 9401 to 9500"
[1] "Chunk time = 2.00387108723323"
[1] "Processing draws 9501 to 9600"
[1] "Chunk time = 2.01406248013179"
[1] "Processing draws 9601 to 9700"
[1] "Chunk time = 2.11522861719131"
[1] "Processing draws 9701 to 9800"
[1] "Chunk time = 2.00242790778478"
[1] "Processing draws 9801 to 9900"
[1] "Chunk time = 2.00553481181463"
[1] "Processing draws 9901 to 10000"
[1] "Chunk time = 2.1237752477328"
[1] "Processing draws 10001 to 10100"
[1] "Chunk time = 1.99362366199493"
[1] "Processing draws 10101 to 10200"
[1] "Chunk time = 1.99549974600474"
[1] "Processing draws 10201 to 10300"
[1] "Chunk time = 2.13576099872589"
[1] "Processing draws 10301 to 10400"
[1] "Chunk time = 2.03186084429423"
[1] "Processing draws 10401 to 10500"
[1] "Chunk time = 1.96547977924347"
[1] "Processing draws 10501 to 10600"
[1] "Chunk time = 2.09922670125961"
[1] "Processing draws 10601 to 10700"
[1] "Chunk time = 1.96047611633937"
[1] "Processing draws 10701 to 10800"
[1] "Chunk time = 2.03044488430023"
[1] "Processing draws 10801 to 10900"
[1] "Chunk time = 2.08767215410868"
[1] "Processing draws 10901 to 11000"
[1] "Chunk time = 2.08376888036728"
[1] "Processing draws 11001 to 11100"
[1] "Chunk time = 1.99860391219457"
[1] "Processing draws 11101 to 11200"
[1] "Chunk time = 2.0786985596021"
[1] "Processing draws 11201 to 11300"
[1] "Chunk time = 1.97096095879873"
[1] "Processing draws 11301 to 11400"
[1] "Chunk time = 1.95703033606211"
[1] "Processing draws 11401 to 11500"
[1] "Chunk time = 2.104745221138"
[1] "Processing draws 11501 to 11600"
[1] "Chunk time = 2.02386469443639"
[1] "Processing draws 11601 to 11700"
[1] "Chunk time = 1.9715415040652"
[1] "Processing draws 11701 to 11800"
[1] "Chunk time = 2.08775343497594"
[1] "Processing draws 11801 to 11900"
[1] "Chunk time = 1.95971080859502"
[1] "Processing draws 11901 to 12000"
[1] "Chunk time = 1.96726349194845"
[1] "Processing draws 12001 to 12100"
[1] "Chunk time = 2.11651575962702"
[1] "Processing draws 12101 to 12200"
[1] "Chunk time = 1.94674963553747"
[1] "Processing draws 12201 to 12300"
[1] "Chunk time = 1.94396500587463"
[1] "Processing draws 12301 to 12400"
[1] "Chunk time = 2.10115360418955"
[1] "Processing draws 12401 to 12500"
[1] "Chunk time = 1.96785520712535"
[1] "Processing draws 12501 to 12600"
[1] "Chunk time = 1.90753127336502"
[1] "Processing draws 12601 to 12700"
[1] "Chunk time = 2.06609620650609"
[1] "Processing draws 12701 to 12800"
[1] "Chunk time = 1.94154715538025"
[1] "Processing draws 12801 to 12900"
[1] "Chunk time = 1.92779508829117"
[1] "Processing draws 12901 to 13000"
[1] "Chunk time = 2.08761595884959"
[1] "Processing draws 13001 to 13100"
[1] "Chunk time = 1.93575656414032"
[1] "Processing draws 13101 to 13200"
[1] "Chunk time = 1.96620151201884"
[1] "Processing draws 13201 to 13300"
[1] "Chunk time = 2.06590424378713"
[1] "Processing draws 13301 to 13400"
[1] "Chunk time = 1.98300441900889"
[1] "Processing draws 13401 to 13500"
[1] "Chunk time = 1.8862068772316"
[1] "Processing draws 13501 to 13600"
[1] "Chunk time = 2.08654907941818"
[1] "Processing draws 13601 to 13700"
[1] "Chunk time = 1.96594816843669"
[1] "Processing draws 13701 to 13800"
[1] "Chunk time = 1.95297112464905"
[1] "Processing draws 13801 to 13900"
[1] "Chunk time = 2.10344604253769"
[1] "Processing draws 13901 to 14000"
[1] "Chunk time = 1.96608526309331"
[1] "Processing draws 14001 to 14100"
[1] "Chunk time = 1.95034641027451"
[1] "Processing draws 14101 to 14200"
[1] "Chunk time = 2.09701678355535"
[1] "Processing draws 14201 to 14300"
[1] "Chunk time = 1.96415588061015"
[1] "Processing draws 14301 to 14400"
[1] "Chunk time = 1.9448325475057"
[1] "Processing draws 14401 to 14500"
[1] "Chunk time = 2.06731576522191"
[1] "Processing draws 14501 to 14600"
[1] "Chunk time = 1.96491640806198"
[1] "Processing draws 14601 to 14700"
[1] "Chunk time = 1.89743237892787"
[1] "Processing draws 14701 to 14800"
[1] "Chunk time = 2.11827097733816"
[1] "Processing draws 14801 to 14900"
[1] "Chunk time = 1.96635056336721"
[1] "Processing draws 14901 to 15000"
[1] "Chunk time = 1.89524446725845"
[1] "Processing draws 15001 to 15100"
[1] "Chunk time = 2.07125275532405"
[1] "Processing draws 15101 to 15200"
[1] "Chunk time = 1.95248718659083"
[1] "Processing draws 15201 to 15300"
[1] "Chunk time = 1.96645222504934"
[1] "Processing draws 15301 to 15400"
[1] "Chunk time = 2.07813960313797"
[1] "Processing draws 15401 to 15500"
[1] "Chunk time = 1.93702311118444"
[1] "Processing draws 15501 to 15600"
[1] "Chunk time = 1.94245913028717"
[1] "Processing draws 15601 to 15700"
[1] "Chunk time = 2.08461993932724"
[1] "Processing draws 15701 to 15800"
[1] "Chunk time = 1.96452533404032"
[1] "Processing draws 15801 to 15900"
[1] "Chunk time = 1.94853818416595"
[1] "Processing draws 15901 to 16000"
[1] "Chunk time = 2.09958572387695"
[1] "Processing draws 16001 to 16100"
[1] "Chunk time = 1.94331311384837"
[1] "Processing draws 16101 to 16200"
[1] "Chunk time = 1.87596697012583"
[1] "Processing draws 16201 to 16300"
[1] "Chunk time = 2.07899473110835"
[1] "Processing draws 16301 to 16400"
[1] "Chunk time = 1.94477167129517"
[1] "Processing draws 16401 to 16500"
[1] "Chunk time = 1.94138578971227"
[1] "Processing draws 16501 to 16600"
[1] "Chunk time = 2.07652538220088"
[1] "Processing draws 16601 to 16700"
[1] "Chunk time = 1.98795161247253"
[1] "Processing draws 16701 to 16800"
[1] "Chunk time = 1.94583405653636"
[1] "Processing draws 16801 to 16900"
[1] "Chunk time = 2.08174237410227"
[1] "Processing draws 16901 to 17000"
[1] "Chunk time = 1.92045457363129"
[1] "Processing draws 17001 to 17100"
[1] "Chunk time = 1.91875349680583"
[1] "Processing draws 17101 to 17200"
[1] "Chunk time = 2.07981952031453"
[1] "Processing draws 17201 to 17300"
[1] "Chunk time = 1.95197616020838"
[1] "Processing draws 17301 to 17400"
[1] "Chunk time = 1.97962811390559"
[1] "Processing draws 17401 to 17500"
[1] "Chunk time = 2.02580979267756"
[1] "Processing draws 17501 to 17600"
[1] "Chunk time = 1.94637395938238"
[1] "Processing draws 17601 to 17700"
[1] "Chunk time = 1.87740852038066"
[1] "Processing draws 17701 to 17800"
[1] "Chunk time = 2.06237435738246"
[1] "Processing draws 17801 to 17900"
[1] "Chunk time = 1.9729429602623"
[1] "Processing draws 17901 to 18000"
[1] "Chunk time = 1.96562992334366"
[1] "Processing draws 18001 to 18100"
[1] "Chunk time = 2.07133701642354"
[1] "Processing draws 18101 to 18200"
[1] "Chunk time = 1.95317056179047"
[1] "Processing draws 18201 to 18300"
[1] "Chunk time = 1.92252089977264"
[1] "Processing draws 18301 to 18400"
[1] "Chunk time = 2.09680296977361"
[1] "Processing draws 18401 to 18500"
[1] "Chunk time = 1.92588226795197"
[1] "Processing draws 18501 to 18600"
[1] "Chunk time = 1.986328013738"
[1] "Processing draws 18601 to 18700"
[1] "Chunk time = 2.0715566277504"
[1] "Processing draws 18701 to 18800"
[1] "Chunk time = 1.98711314598719"
[1] "Processing draws 18801 to 18900"
[1] "Chunk time = 1.87838567097982"
[1] "Processing draws 18901 to 19000"
[1] "Chunk time = 2.06397889852524"
[1] "Processing draws 19001 to 19100"
[1] "Chunk time = 1.92087002197901"
[1] "Processing draws 19101 to 19200"
[1] "Chunk time = 1.94460193713506"
[1] "Processing draws 19201 to 19300"
[1] "Chunk time = 2.0640339811643"
[1] "Processing draws 19301 to 19400"
[1] "Chunk time = 1.99304623603821"
[1] "Processing draws 19401 to 19500"
[1] "Chunk time = 1.99100094238917"
[1] "Processing draws 19501 to 19600"
[1] "Chunk time = 2.07070831457774"
[1] "Processing draws 19601 to 19700"
[1] "Chunk time = 1.92971577644348"
[1] "Processing draws 19701 to 19800"
[1] "Chunk time = 1.87589708566666"
[1] "Processing draws 19801 to 19900"
[1] "Chunk time = 2.09008238712947"
[1] "Processing draws 19901 to 20000"
[1] "Chunk time = 1.98274861971537"
[1] "done lapplying"
[1] "Saving current params"
[1] "Saving params to output.rds"
[1] TRUE
[1] "Time for modelling:"
[1] "2025-07-02 21:19:33 EDT"
[1] "Time for posterior computations:"
Time difference of 6.738338 hours
[1] "Total time:"
[1] "2025-07-03 04:03:51 EDT"
