[1] "Starting sampling."
Running MCMC with 4 parallel chains, with 4 thread(s) per chain...

Chain 1 Iteration:    1 / 6000 [  0%]  (Warmup) 
Chain 2 Iteration:    1 / 6000 [  0%]  (Warmup) 
Chain 3 Iteration:    1 / 6000 [  0%]  (Warmup) 
Chain 4 Iteration:    1 / 6000 [  0%]  (Warmup) 
Chain 4 Iteration:  100 / 6000 [  1%]  (Warmup) 
Chain 1 Iteration:  100 / 6000 [  1%]  (Warmup) 
Chain 3 Iteration:  100 / 6000 [  1%]  (Warmup) 
Chain 2 Iteration:  100 / 6000 [  1%]  (Warmup) 
Chain 4 Iteration:  200 / 6000 [  3%]  (Warmup) 
Chain 1 Iteration:  200 / 6000 [  3%]  (Warmup) 
Chain 3 Iteration:  200 / 6000 [  3%]  (Warmup) 
Chain 2 Iteration:  200 / 6000 [  3%]  (Warmup) 
Chain 4 Iteration:  300 / 6000 [  5%]  (Warmup) 
Chain 1 Iteration:  300 / 6000 [  5%]  (Warmup) 
Chain 3 Iteration:  300 / 6000 [  5%]  (Warmup) 
Chain 2 Iteration:  300 / 6000 [  5%]  (Warmup) 
Chain 4 Iteration:  400 / 6000 [  6%]  (Warmup) 
Chain 1 Iteration:  400 / 6000 [  6%]  (Warmup) 
Chain 3 Iteration:  400 / 6000 [  6%]  (Warmup) 
Chain 2 Iteration:  400 / 6000 [  6%]  (Warmup) 
Chain 4 Iteration:  500 / 6000 [  8%]  (Warmup) 
Chain 1 Iteration:  500 / 6000 [  8%]  (Warmup) 
Chain 3 Iteration:  500 / 6000 [  8%]  (Warmup) 
Chain 2 Iteration:  500 / 6000 [  8%]  (Warmup) 
Chain 4 Iteration:  600 / 6000 [ 10%]  (Warmup) 
Chain 1 Iteration:  600 / 6000 [ 10%]  (Warmup) 
Chain 3 Iteration:  600 / 6000 [ 10%]  (Warmup) 
Chain 2 Iteration:  600 / 6000 [ 10%]  (Warmup) 
Chain 4 Iteration:  700 / 6000 [ 11%]  (Warmup) 
Chain 1 Iteration:  700 / 6000 [ 11%]  (Warmup) 
Chain 3 Iteration:  700 / 6000 [ 11%]  (Warmup) 
Chain 2 Iteration:  700 / 6000 [ 11%]  (Warmup) 
Chain 4 Iteration:  800 / 6000 [ 13%]  (Warmup) 
Chain 1 Iteration:  800 / 6000 [ 13%]  (Warmup) 
Chain 3 Iteration:  800 / 6000 [ 13%]  (Warmup) 
Chain 2 Iteration:  800 / 6000 [ 13%]  (Warmup) 
Chain 4 Iteration:  900 / 6000 [ 15%]  (Warmup) 
Chain 1 Iteration:  900 / 6000 [ 15%]  (Warmup) 
Chain 3 Iteration:  900 / 6000 [ 15%]  (Warmup) 
Chain 2 Iteration:  900 / 6000 [ 15%]  (Warmup) 
Chain 4 Iteration: 1000 / 6000 [ 16%]  (Warmup) 
Chain 4 Iteration: 1001 / 6000 [ 16%]  (Sampling) 
Chain 1 Iteration: 1000 / 6000 [ 16%]  (Warmup) 
Chain 1 Iteration: 1001 / 6000 [ 16%]  (Sampling) 
Chain 3 Iteration: 1000 / 6000 [ 16%]  (Warmup) 
Chain 3 Iteration: 1001 / 6000 [ 16%]  (Sampling) 
Chain 2 Iteration: 1000 / 6000 [ 16%]  (Warmup) 
Chain 2 Iteration: 1001 / 6000 [ 16%]  (Sampling) 
Chain 3 Iteration: 1100 / 6000 [ 18%]  (Sampling) 
Chain 4 Iteration: 1100 / 6000 [ 18%]  (Sampling) 
Chain 1 Iteration: 1100 / 6000 [ 18%]  (Sampling) 
Chain 3 Iteration: 1200 / 6000 [ 20%]  (Sampling) 
Chain 2 Iteration: 1100 / 6000 [ 18%]  (Sampling) 
Chain 3 Iteration: 1300 / 6000 [ 21%]  (Sampling) 
Chain 4 Iteration: 1200 / 6000 [ 20%]  (Sampling) 
Chain 1 Iteration: 1200 / 6000 [ 20%]  (Sampling) 
Chain 3 Iteration: 1400 / 6000 [ 23%]  (Sampling) 
Chain 2 Iteration: 1200 / 6000 [ 20%]  (Sampling) 
Chain 3 Iteration: 1500 / 6000 [ 25%]  (Sampling) 
Chain 4 Iteration: 1300 / 6000 [ 21%]  (Sampling) 
Chain 1 Iteration: 1300 / 6000 [ 21%]  (Sampling) 
Chain 3 Iteration: 1600 / 6000 [ 26%]  (Sampling) 
Chain 2 Iteration: 1300 / 6000 [ 21%]  (Sampling) 
Chain 3 Iteration: 1700 / 6000 [ 28%]  (Sampling) 
Chain 4 Iteration: 1400 / 6000 [ 23%]  (Sampling) 
Chain 1 Iteration: 1400 / 6000 [ 23%]  (Sampling) 
Chain 2 Iteration: 1400 / 6000 [ 23%]  (Sampling) 
Chain 3 Iteration: 1800 / 6000 [ 30%]  (Sampling) 
Chain 3 Iteration: 1900 / 6000 [ 31%]  (Sampling) 
Chain 4 Iteration: 1500 / 6000 [ 25%]  (Sampling) 
Chain 1 Iteration: 1500 / 6000 [ 25%]  (Sampling) 
Chain 2 Iteration: 1500 / 6000 [ 25%]  (Sampling) 
Chain 3 Iteration: 2000 / 6000 [ 33%]  (Sampling) 
Chain 3 Iteration: 2100 / 6000 [ 35%]  (Sampling) 
Chain 4 Iteration: 1600 / 6000 [ 26%]  (Sampling) 
Chain 1 Iteration: 1600 / 6000 [ 26%]  (Sampling) 
Chain 2 Iteration: 1600 / 6000 [ 26%]  (Sampling) 
Chain 3 Iteration: 2200 / 6000 [ 36%]  (Sampling) 
Chain 3 Iteration: 2300 / 6000 [ 38%]  (Sampling) 
Chain 4 Iteration: 1700 / 6000 [ 28%]  (Sampling) 
Chain 1 Iteration: 1700 / 6000 [ 28%]  (Sampling) 
Chain 2 Iteration: 1700 / 6000 [ 28%]  (Sampling) 
Chain 3 Iteration: 2400 / 6000 [ 40%]  (Sampling) 
Chain 4 Iteration: 1800 / 6000 [ 30%]  (Sampling) 
Chain 3 Iteration: 2500 / 6000 [ 41%]  (Sampling) 
Chain 1 Iteration: 1800 / 6000 [ 30%]  (Sampling) 
Chain 2 Iteration: 1800 / 6000 [ 30%]  (Sampling) 
Chain 3 Iteration: 2600 / 6000 [ 43%]  (Sampling) 
Chain 4 Iteration: 1900 / 6000 [ 31%]  (Sampling) 
Chain 3 Iteration: 2700 / 6000 [ 45%]  (Sampling) 
Chain 1 Iteration: 1900 / 6000 [ 31%]  (Sampling) 
Chain 2 Iteration: 1900 / 6000 [ 31%]  (Sampling) 
Chain 3 Iteration: 2800 / 6000 [ 46%]  (Sampling) 
Chain 4 Iteration: 2000 / 6000 [ 33%]  (Sampling) 
Chain 3 Iteration: 2900 / 6000 [ 48%]  (Sampling) 
Chain 1 Iteration: 2000 / 6000 [ 33%]  (Sampling) 
Chain 2 Iteration: 2000 / 6000 [ 33%]  (Sampling) 
Chain 3 Iteration: 3000 / 6000 [ 50%]  (Sampling) 
Chain 4 Iteration: 2100 / 6000 [ 35%]  (Sampling) 
Chain 3 Iteration: 3100 / 6000 [ 51%]  (Sampling) 
Chain 1 Iteration: 2100 / 6000 [ 35%]  (Sampling) 
Chain 2 Iteration: 2100 / 6000 [ 35%]  (Sampling) 
Chain 3 Iteration: 3200 / 6000 [ 53%]  (Sampling) 
Chain 4 Iteration: 2200 / 6000 [ 36%]  (Sampling) 
Chain 3 Iteration: 3300 / 6000 [ 55%]  (Sampling) 
Chain 1 Iteration: 2200 / 6000 [ 36%]  (Sampling) 
Chain 2 Iteration: 2200 / 6000 [ 36%]  (Sampling) 
Chain 3 Iteration: 3400 / 6000 [ 56%]  (Sampling) 
Chain 4 Iteration: 2300 / 6000 [ 38%]  (Sampling) 
Chain 3 Iteration: 3500 / 6000 [ 58%]  (Sampling) 
Chain 1 Iteration: 2300 / 6000 [ 38%]  (Sampling) 
Chain 2 Iteration: 2300 / 6000 [ 38%]  (Sampling) 
Chain 3 Iteration: 3600 / 6000 [ 60%]  (Sampling) 
Chain 4 Iteration: 2400 / 6000 [ 40%]  (Sampling) 
Chain 2 Iteration: 2400 / 6000 [ 40%]  (Sampling) 
Chain 1 Iteration: 2400 / 6000 [ 40%]  (Sampling) 
Chain 3 Iteration: 3700 / 6000 [ 61%]  (Sampling) 
Chain 3 Iteration: 3800 / 6000 [ 63%]  (Sampling) 
Chain 4 Iteration: 2500 / 6000 [ 41%]  (Sampling) 
Chain 2 Iteration: 2500 / 6000 [ 41%]  (Sampling) 
Chain 1 Iteration: 2500 / 6000 [ 41%]  (Sampling) 
Chain 3 Iteration: 3900 / 6000 [ 65%]  (Sampling) 
Chain 3 Iteration: 4000 / 6000 [ 66%]  (Sampling) 
Chain 4 Iteration: 2600 / 6000 [ 43%]  (Sampling) 
Chain 2 Iteration: 2600 / 6000 [ 43%]  (Sampling) 
Chain 1 Iteration: 2600 / 6000 [ 43%]  (Sampling) 
Chain 3 Iteration: 4100 / 6000 [ 68%]  (Sampling) 
Chain 3 Iteration: 4200 / 6000 [ 70%]  (Sampling) 
Chain 4 Iteration: 2700 / 6000 [ 45%]  (Sampling) 
Chain 2 Iteration: 2700 / 6000 [ 45%]  (Sampling) 
Chain 1 Iteration: 2700 / 6000 [ 45%]  (Sampling) 
Chain 3 Iteration: 4300 / 6000 [ 71%]  (Sampling) 
Chain 3 Iteration: 4400 / 6000 [ 73%]  (Sampling) 
Chain 4 Iteration: 2800 / 6000 [ 46%]  (Sampling) 
Chain 2 Iteration: 2800 / 6000 [ 46%]  (Sampling) 
Chain 1 Iteration: 2800 / 6000 [ 46%]  (Sampling) 
Chain 3 Iteration: 4500 / 6000 [ 75%]  (Sampling) 
Chain 4 Iteration: 2900 / 6000 [ 48%]  (Sampling) 
Chain 3 Iteration: 4600 / 6000 [ 76%]  (Sampling) 
Chain 2 Iteration: 2900 / 6000 [ 48%]  (Sampling) 
Chain 1 Iteration: 2900 / 6000 [ 48%]  (Sampling) 
Chain 3 Iteration: 4700 / 6000 [ 78%]  (Sampling) 
Chain 2 Iteration: 3000 / 6000 [ 50%]  (Sampling) 
Chain 4 Iteration: 3000 / 6000 [ 50%]  (Sampling) 
Chain 3 Iteration: 4800 / 6000 [ 80%]  (Sampling) 
Chain 1 Iteration: 3000 / 6000 [ 50%]  (Sampling) 
Chain 3 Iteration: 4900 / 6000 [ 81%]  (Sampling) 
Chain 2 Iteration: 3100 / 6000 [ 51%]  (Sampling) 
Chain 4 Iteration: 3100 / 6000 [ 51%]  (Sampling) 
Chain 3 Iteration: 5000 / 6000 [ 83%]  (Sampling) 
Chain 1 Iteration: 3100 / 6000 [ 51%]  (Sampling) 
Chain 3 Iteration: 5100 / 6000 [ 85%]  (Sampling) 
Chain 2 Iteration: 3200 / 6000 [ 53%]  (Sampling) 
Chain 4 Iteration: 3200 / 6000 [ 53%]  (Sampling) 
Chain 3 Iteration: 5200 / 6000 [ 86%]  (Sampling) 
Chain 1 Iteration: 3200 / 6000 [ 53%]  (Sampling) 
Chain 3 Iteration: 5300 / 6000 [ 88%]  (Sampling) 
Chain 2 Iteration: 3300 / 6000 [ 55%]  (Sampling) 
Chain 4 Iteration: 3300 / 6000 [ 55%]  (Sampling) 
Chain 3 Iteration: 5400 / 6000 [ 90%]  (Sampling) 
Chain 1 Iteration: 3300 / 6000 [ 55%]  (Sampling) 
Chain 3 Iteration: 5500 / 6000 [ 91%]  (Sampling) 
Chain 2 Iteration: 3400 / 6000 [ 56%]  (Sampling) 
Chain 4 Iteration: 3400 / 6000 [ 56%]  (Sampling) 
Chain 3 Iteration: 5600 / 6000 [ 93%]  (Sampling) 
Chain 1 Iteration: 3400 / 6000 [ 56%]  (Sampling) 
Chain 3 Iteration: 5700 / 6000 [ 95%]  (Sampling) 
Chain 2 Iteration: 3500 / 6000 [ 58%]  (Sampling) 
Chain 4 Iteration: 3500 / 6000 [ 58%]  (Sampling) 
Chain 3 Iteration: 5800 / 6000 [ 96%]  (Sampling) 
Chain 1 Iteration: 3500 / 6000 [ 58%]  (Sampling) 
Chain 2 Iteration: 3600 / 6000 [ 60%]  (Sampling) 
Chain 3 Iteration: 5900 / 6000 [ 98%]  (Sampling) 
Chain 4 Iteration: 3600 / 6000 [ 60%]  (Sampling) 
Chain 3 Iteration: 6000 / 6000 [100%]  (Sampling) 
Chain 3 finished in 1050.0 seconds.
Chain 1 Iteration: 3600 / 6000 [ 60%]  (Sampling) 
Chain 2 Iteration: 3700 / 6000 [ 61%]  (Sampling) 
Chain 4 Iteration: 3700 / 6000 [ 61%]  (Sampling) 
Chain 1 Iteration: 3700 / 6000 [ 61%]  (Sampling) 
Chain 2 Iteration: 3800 / 6000 [ 63%]  (Sampling) 
Chain 4 Iteration: 3800 / 6000 [ 63%]  (Sampling) 
Chain 1 Iteration: 3800 / 6000 [ 63%]  (Sampling) 
Chain 2 Iteration: 3900 / 6000 [ 65%]  (Sampling) 
Chain 4 Iteration: 3900 / 6000 [ 65%]  (Sampling) 
Chain 1 Iteration: 3900 / 6000 [ 65%]  (Sampling) 
Chain 2 Iteration: 4000 / 6000 [ 66%]  (Sampling) 
Chain 4 Iteration: 4000 / 6000 [ 66%]  (Sampling) 
Chain 1 Iteration: 4000 / 6000 [ 66%]  (Sampling) 
Chain 2 Iteration: 4100 / 6000 [ 68%]  (Sampling) 
Chain 4 Iteration: 4100 / 6000 [ 68%]  (Sampling) 
Chain 1 Iteration: 4100 / 6000 [ 68%]  (Sampling) 
Chain 2 Iteration: 4200 / 6000 [ 70%]  (Sampling) 
Chain 4 Iteration: 4200 / 6000 [ 70%]  (Sampling) 
Chain 1 Iteration: 4200 / 6000 [ 70%]  (Sampling) 
Chain 2 Iteration: 4300 / 6000 [ 71%]  (Sampling) 
Chain 4 Iteration: 4300 / 6000 [ 71%]  (Sampling) 
Chain 1 Iteration: 4300 / 6000 [ 71%]  (Sampling) 
Chain 2 Iteration: 4400 / 6000 [ 73%]  (Sampling) 
Chain 4 Iteration: 4400 / 6000 [ 73%]  (Sampling) 
Chain 1 Iteration: 4400 / 6000 [ 73%]  (Sampling) 
Chain 2 Iteration: 4500 / 6000 [ 75%]  (Sampling) 
Chain 4 Iteration: 4500 / 6000 [ 75%]  (Sampling) 
Chain 1 Iteration: 4500 / 6000 [ 75%]  (Sampling) 
Chain 2 Iteration: 4600 / 6000 [ 76%]  (Sampling) 
Chain 4 Iteration: 4600 / 6000 [ 76%]  (Sampling) 
Chain 1 Iteration: 4600 / 6000 [ 76%]  (Sampling) 
Chain 2 Iteration: 4700 / 6000 [ 78%]  (Sampling) 
Chain 4 Iteration: 4700 / 6000 [ 78%]  (Sampling) 
Chain 1 Iteration: 4700 / 6000 [ 78%]  (Sampling) 
Chain 2 Iteration: 4800 / 6000 [ 80%]  (Sampling) 
Chain 4 Iteration: 4800 / 6000 [ 80%]  (Sampling) 
Chain 1 Iteration: 4800 / 6000 [ 80%]  (Sampling) 
Chain 2 Iteration: 4900 / 6000 [ 81%]  (Sampling) 
Chain 4 Iteration: 4900 / 6000 [ 81%]  (Sampling) 
Chain 1 Iteration: 4900 / 6000 [ 81%]  (Sampling) 
Chain 2 Iteration: 5000 / 6000 [ 83%]  (Sampling) 
Chain 4 Iteration: 5000 / 6000 [ 83%]  (Sampling) 
Chain 1 Iteration: 5000 / 6000 [ 83%]  (Sampling) 
Chain 2 Iteration: 5100 / 6000 [ 85%]  (Sampling) 
Chain 4 Iteration: 5100 / 6000 [ 85%]  (Sampling) 
Chain 1 Iteration: 5100 / 6000 [ 85%]  (Sampling) 
Chain 2 Iteration: 5200 / 6000 [ 86%]  (Sampling) 
Chain 4 Iteration: 5200 / 6000 [ 86%]  (Sampling) 
Chain 1 Iteration: 5200 / 6000 [ 86%]  (Sampling) 
Chain 2 Iteration: 5300 / 6000 [ 88%]  (Sampling) 
Chain 4 Iteration: 5300 / 6000 [ 88%]  (Sampling) 
Chain 1 Iteration: 5300 / 6000 [ 88%]  (Sampling) 
Chain 2 Iteration: 5400 / 6000 [ 90%]  (Sampling) 
Chain 4 Iteration: 5400 / 6000 [ 90%]  (Sampling) 
Chain 1 Iteration: 5400 / 6000 [ 90%]  (Sampling) 
Chain 2 Iteration: 5500 / 6000 [ 91%]  (Sampling) 
Chain 4 Iteration: 5500 / 6000 [ 91%]  (Sampling) 
Chain 1 Iteration: 5500 / 6000 [ 91%]  (Sampling) 
Chain 2 Iteration: 5600 / 6000 [ 93%]  (Sampling) 
Chain 4 Iteration: 5600 / 6000 [ 93%]  (Sampling) 
Chain 1 Iteration: 5600 / 6000 [ 93%]  (Sampling) 
Chain 2 Iteration: 5700 / 6000 [ 95%]  (Sampling) 
Chain 4 Iteration: 5700 / 6000 [ 95%]  (Sampling) 
Chain 1 Iteration: 5700 / 6000 [ 95%]  (Sampling) 
Chain 2 Iteration: 5800 / 6000 [ 96%]  (Sampling) 
Chain 4 Iteration: 5800 / 6000 [ 96%]  (Sampling) 
Chain 1 Iteration: 5800 / 6000 [ 96%]  (Sampling) 
Chain 2 Iteration: 5900 / 6000 [ 98%]  (Sampling) 
Chain 4 Iteration: 5900 / 6000 [ 98%]  (Sampling) 
Chain 1 Iteration: 5900 / 6000 [ 98%]  (Sampling) 
Chain 2 Iteration: 6000 / 6000 [100%]  (Sampling) 
Chain 2 finished in 1638.5 seconds.
Chain 4 Iteration: 6000 / 6000 [100%]  (Sampling) 
Chain 4 finished in 1640.4 seconds.
Chain 1 Iteration: 6000 / 6000 [100%]  (Sampling) 
Chain 1 finished in 1656.2 seconds.

All 4 chains finished successfully.
Mean chain execution time: 1496.3 seconds.
Total execution time: 1656.5 seconds.

[1] "Processing draws 1 to 100"
[1] "Chunk time = 55.9815933704376"
[1] "Processing draws 101 to 200"
[1] "Chunk time = 20.8490133285522"
[1] "Processing draws 201 to 300"
[1] "Chunk time = 20.4199600219727"
[1] "Processing draws 301 to 400"
[1] "Chunk time = 20.1113033294678"
[1] "Processing draws 401 to 500"
[1] "Chunk time = 19.7874536514282"
[1] "Processing draws 501 to 600"
[1] "Chunk time = 20.3171412944794"
[1] "Processing draws 601 to 700"
[1] "Chunk time = 19.7561469078064"
[1] "Processing draws 701 to 800"
[1] "Chunk time = 19.9155902862549"
[1] "Processing draws 801 to 900"
[1] "Chunk time = 19.7306489944458"
[1] "Processing draws 901 to 1000"
[1] "Chunk time = 19.8755161762238"
[1] "Processing draws 1001 to 1100"
[1] "Chunk time = 19.9473526477814"
[1] "Processing draws 1101 to 1200"
[1] "Chunk time = 19.9099404811859"
[1] "Processing draws 1201 to 1300"
[1] "Chunk time = 19.8267431259155"
[1] "Processing draws 1301 to 1400"
[1] "Chunk time = 19.8540246486664"
[1] "Processing draws 1401 to 1500"
[1] "Chunk time = 20.0371315479279"
[1] "Processing draws 1501 to 1600"
[1] "Chunk time = 19.5960626602173"
[1] "Processing draws 1601 to 1700"
[1] "Chunk time = 19.8884670734406"
[1] "Processing draws 1701 to 1800"
[1] "Chunk time = 20.3296835422516"
[1] "Processing draws 1801 to 1900"
[1] "Chunk time = 20.8187553882599"
[1] "Processing draws 1901 to 2000"
[1] "Chunk time = 20.2822508811951"
[1] "Processing draws 2001 to 2100"
[1] "Chunk time = 20.7367157936096"
[1] "Processing draws 2101 to 2200"
[1] "Chunk time = 19.8136613368988"
[1] "Processing draws 2201 to 2300"
[1] "Chunk time = 20.1115870475769"
[1] "Processing draws 2301 to 2400"
[1] "Chunk time = 19.9794192314148"
[1] "Processing draws 2401 to 2500"
[1] "Chunk time = 20.4656653404236"
[1] "Processing draws 2501 to 2600"
[1] "Chunk time = 19.5725870132446"
[1] "Processing draws 2601 to 2700"
[1] "Chunk time = 20.1225583553314"
[1] "Processing draws 2701 to 2800"
[1] "Chunk time = 19.9822046756744"
[1] "Processing draws 2801 to 2900"
[1] "Chunk time = 20.7771527767181"
[1] "Processing draws 2901 to 3000"
[1] "Chunk time = 19.8109490871429"
[1] "Processing draws 3001 to 3100"
[1] "Chunk time = 20.164966583252"
[1] "Processing draws 3101 to 3200"
[1] "Chunk time = 20.1518127918243"
[1] "Processing draws 3201 to 3300"
[1] "Chunk time = 20.767676115036"
[1] "Processing draws 3301 to 3400"
[1] "Chunk time = 19.7053060531616"
[1] "Processing draws 3401 to 3500"
[1] "Chunk time = 20.0437223911285"
[1] "Processing draws 3501 to 3600"
[1] "Chunk time = 19.8473215103149"
[1] "Processing draws 3601 to 3700"
[1] "Chunk time = 20.9414641857147"
[1] "Processing draws 3701 to 3800"
[1] "Chunk time = 19.7161257266998"
[1] "Processing draws 3801 to 3900"
[1] "Chunk time = 20.2628924846649"
[1] "Processing draws 3901 to 4000"
[1] "Chunk time = 20.1152667999268"
[1] "Processing draws 4001 to 4100"
[1] "Chunk time = 20.886620759964"
[1] "Processing draws 4101 to 4200"
[1] "Chunk time = 19.6082763671875"
[1] "Processing draws 4201 to 4300"
[1] "Chunk time = 20.0109462738037"
[1] "Processing draws 4301 to 4400"
[1] "Chunk time = 19.8464331626892"
[1] "Processing draws 4401 to 4500"
[1] "Chunk time = 20.1312561035156"
[1] "Processing draws 4501 to 4600"
[1] "Chunk time = 19.5536093711853"
[1] "Processing draws 4601 to 4700"
[1] "Chunk time = 20.0966873168945"
[1] "Processing draws 4701 to 4800"
[1] "Chunk time = 20.1748459339142"
[1] "Processing draws 4801 to 4900"
[1] "Chunk time = 20.4663376808167"
[1] "Processing draws 4901 to 5000"
[1] "Chunk time = 19.5223741531372"
[1] "Processing draws 5001 to 5100"
[1] "Chunk time = 19.878653049469"
[1] "Processing draws 5101 to 5200"
[1] "Chunk time = 19.5334198474884"
[1] "Processing draws 5201 to 5300"
[1] "Chunk time = 20.3820948600769"
[1] "Processing draws 5301 to 5400"
[1] "Chunk time = 19.5568096637726"
[1] "Processing draws 5401 to 5500"
[1] "Chunk time = 20.0747334957123"
[1] "Processing draws 5501 to 5600"
[1] "Chunk time = 19.6976282596588"
[1] "Processing draws 5601 to 5700"
[1] "Chunk time = 20.7946496009827"
[1] "Processing draws 5701 to 5800"
[1] "Chunk time = 19.9625453948975"
[1] "Processing draws 5801 to 5900"
[1] "Chunk time = 20.1422164440155"
[1] "Processing draws 5901 to 6000"
[1] "Chunk time = 19.7346243858337"
[1] "Processing draws 6001 to 6100"
[1] "Chunk time = 20.542952299118"
[1] "Processing draws 6101 to 6200"
[1] "Chunk time = 19.6936056613922"
[1] "Processing draws 6201 to 6300"
[1] "Chunk time = 20.0766179561615"
[1] "Processing draws 6301 to 6400"
[1] "Chunk time = 20.1942472457886"
[1] "Processing draws 6401 to 6500"
[1] "Chunk time = 20.8426659107208"
[1] "Processing draws 6501 to 6600"
[1] "Chunk time = 19.734307050705"
[1] "Processing draws 6601 to 6700"
[1] "Chunk time = 20.0929474830627"
[1] "Processing draws 6701 to 6800"
[1] "Chunk time = 19.8809428215027"
[1] "Processing draws 6801 to 6900"
[1] "Chunk time = 20.6049318313599"
[1] "Processing draws 6901 to 7000"
[1] "Chunk time = 19.6008563041687"
[1] "Processing draws 7001 to 7100"
[1] "Chunk time = 19.974024772644"
[1] "Processing draws 7101 to 7200"
[1] "Chunk time = 20.1017556190491"
[1] "Processing draws 7201 to 7300"
[1] "Chunk time = 20.4852206707001"
[1] "Processing draws 7301 to 7400"
[1] "Chunk time = 19.9696629047394"
[1] "Processing draws 7401 to 7500"
[1] "Chunk time = 19.8555569648743"
[1] "Processing draws 7501 to 7600"
[1] "Chunk time = 19.7451639175415"
[1] "Processing draws 7601 to 7700"
[1] "Chunk time = 20.3920409679413"
[1] "Processing draws 7701 to 7800"
[1] "Chunk time = 20.1893084049225"
[1] "Processing draws 7801 to 7900"
[1] "Chunk time = 20.2860691547394"
[1] "Processing draws 7901 to 8000"
[1] "Chunk time = 20.2878992557526"
[1] "Processing draws 8001 to 8100"
[1] "Chunk time = 20.7641117572784"
[1] "Processing draws 8101 to 8200"
[1] "Chunk time = 19.5602259635925"
[1] "Processing draws 8201 to 8300"
[1] "Chunk time = 20.1120295524597"
[1] "Processing draws 8301 to 8400"
[1] "Chunk time = 20.0254688262939"
[1] "Processing draws 8401 to 8500"
[1] "Chunk time = 20.643679857254"
[1] "Processing draws 8501 to 8600"
[1] "Chunk time = 19.583598613739"
[1] "Processing draws 8601 to 8700"
[1] "Chunk time = 20.0592269897461"
[1] "Processing draws 8701 to 8800"
[1] "Chunk time = 19.701071023941"
[1] "Processing draws 8801 to 8900"
[1] "Chunk time = 21.0759646892548"
[1] "Processing draws 8901 to 9000"
[1] "Chunk time = 20.1457295417786"
[1] "Processing draws 9001 to 9100"
[1] "Chunk time = 20.3387892246246"
[1] "Processing draws 9101 to 9200"
[1] "Chunk time = 20.6511733531952"
[1] "Processing draws 9201 to 9300"
[1] "Chunk time = 21.4085507392883"
[1] "Processing draws 9301 to 9400"
[1] "Chunk time = 20.2037055492401"
[1] "Processing draws 9401 to 9500"
[1] "Chunk time = 20.6079623699188"
[1] "Processing draws 9501 to 9600"
[1] "Chunk time = 20.5803534984589"
[1] "Processing draws 9601 to 9700"
[1] "Chunk time = 21.1714234352112"
[1] "Processing draws 9701 to 9800"
[1] "Chunk time = 20.664947271347"
[1] "Processing draws 9801 to 9900"
[1] "Chunk time = 20.97185587883"
[1] "Processing draws 9901 to 10000"
[1] "Chunk time = 20.3658862113953"
[1] "Processing draws 10001 to 10100"
[1] "Chunk time = 21.3900029659271"
[1] "Processing draws 10101 to 10200"
[1] "Chunk time = 20.090568780899"
[1] "Processing draws 10201 to 10300"
[1] "Chunk time = 20.8041698932648"
[1] "Processing draws 10301 to 10400"
[1] "Chunk time = 20.6340866088867"
[1] "Processing draws 10401 to 10500"
[1] "Chunk time = 21.0933620929718"
[1] "Processing draws 10501 to 10600"
[1] "Chunk time = 20.8085875511169"
[1] "Processing draws 10601 to 10700"
[1] "Chunk time = 21.2341406345367"
[1] "Processing draws 10701 to 10800"
[1] "Chunk time = 21.0119144916534"
[1] "Processing draws 10801 to 10900"
[1] "Chunk time = 21.4844789505005"
[1] "Processing draws 10901 to 11000"
[1] "Chunk time = 20.2683675289154"
[1] "Processing draws 11001 to 11100"
[1] "Chunk time = 20.8065497875214"
[1] "Processing draws 11101 to 11200"
[1] "Chunk time = 20.4249765872955"
[1] "Processing draws 11201 to 11300"
[1] "Chunk time = 21.2119352817535"
[1] "Processing draws 11301 to 11400"
[1] "Chunk time = 20.227127790451"
[1] "Processing draws 11401 to 11500"
[1] "Chunk time = 20.5852189064026"
[1] "Processing draws 11501 to 11600"
[1] "Chunk time = 20.535786151886"
[1] "Processing draws 11601 to 11700"
[1] "Chunk time = 20.9963276386261"
[1] "Processing draws 11701 to 11800"
[1] "Chunk time = 20.2725710868835"
[1] "Processing draws 11801 to 11900"
[1] "Chunk time = 20.7137088775635"
[1] "Processing draws 11901 to 12000"
[1] "Chunk time = 20.8083214759827"
[1] "Processing draws 12001 to 12100"
[1] "Chunk time = 21.3041372299194"
[1] "Processing draws 12101 to 12200"
[1] "Chunk time = 20.3435199260712"
[1] "Processing draws 12201 to 12300"
[1] "Chunk time = 20.5900740623474"
[1] "Processing draws 12301 to 12400"
[1] "Chunk time = 20.2744624614716"
[1] "Processing draws 12401 to 12500"
[1] "Chunk time = 21.2212314605713"
[1] "Processing draws 12501 to 12600"
[1] "Chunk time = 20.285765171051"
[1] "Processing draws 12601 to 12700"
[1] "Chunk time = 20.6305181980133"
[1] "Processing draws 12701 to 12800"
[1] "Chunk time = 20.7083747386932"
[1] "Processing draws 12801 to 12900"
[1] "Chunk time = 21.2883484363556"
[1] "Processing draws 12901 to 13000"
[1] "Chunk time = 20.279524564743"
[1] "Processing draws 13001 to 13100"
[1] "Chunk time = 20.4779100418091"
[1] "Processing draws 13101 to 13200"
[1] "Chunk time = 20.4248945713043"
[1] "Processing draws 13201 to 13300"
[1] "Chunk time = 21.1794364452362"
[1] "Processing draws 13301 to 13400"
[1] "Chunk time = 20.4102857112885"
[1] "Processing draws 13401 to 13500"
[1] "Chunk time = 20.5853276252747"
[1] "Processing draws 13501 to 13600"
[1] "Chunk time = 20.9011311531067"
[1] "Processing draws 13601 to 13700"
[1] "Chunk time = 20.9995830059052"
[1] "Processing draws 13701 to 13800"
[1] "Chunk time = 20.135261297226"
[1] "Processing draws 13801 to 13900"
[1] "Chunk time = 20.5255739688873"
[1] "Processing draws 13901 to 14000"
[1] "Chunk time = 20.2361452579498"
[1] "Processing draws 14001 to 14100"
[1] "Chunk time = 20.8120896816254"
[1] "Processing draws 14101 to 14200"
[1] "Chunk time = 20.7483355998993"
[1] "Processing draws 14201 to 14300"
[1] "Chunk time = 20.7178144454956"
[1] "Processing draws 14301 to 14400"
[1] "Chunk time = 20.3145532608032"
[1] "Processing draws 14401 to 14500"
[1] "Chunk time = 20.8871605396271"
[1] "Processing draws 14501 to 14600"
[1] "Chunk time = 20.6452617645264"
[1] "Processing draws 14601 to 14700"
[1] "Chunk time = 20.851681470871"
[1] "Processing draws 14701 to 14800"
[1] "Chunk time = 20.4845929145813"
[1] "Processing draws 14801 to 14900"
[1] "Chunk time = 21.2775094509125"
[1] "Processing draws 14901 to 15000"
[1] "Chunk time = 20.6742808818817"
[1] "Processing draws 15001 to 15100"
[1] "Chunk time = 21.1167738437653"
[1] "Processing draws 15101 to 15200"
[1] "Chunk time = 20.7126595973969"
[1] "Processing draws 15201 to 15300"
[1] "Chunk time = 21.2671031951904"
[1] "Processing draws 15301 to 15400"
[1] "Chunk time = 20.505407333374"
[1] "Processing draws 15401 to 15500"
[1] "Chunk time = 20.7562038898468"
[1] "Processing draws 15501 to 15600"
[1] "Chunk time = 20.5792014598846"
[1] "Processing draws 15601 to 15700"
[1] "Chunk time = 21.133439540863"
[1] "Processing draws 15701 to 15800"
[1] "Chunk time = 20.032546043396"
[1] "Processing draws 15801 to 15900"
[1] "Chunk time = 20.5504488945007"
[1] "Processing draws 15901 to 16000"
[1] "Chunk time = 20.7813296318054"
[1] "Processing draws 16001 to 16100"
[1] "Chunk time = 21.3119413852692"
[1] "Processing draws 16101 to 16200"
[1] "Chunk time = 20.3839454650879"
[1] "Processing draws 16201 to 16300"
[1] "Chunk time = 20.6141290664673"
[1] "Processing draws 16301 to 16400"
[1] "Chunk time = 20.6404929161072"
[1] "Processing draws 16401 to 16500"
[1] "Chunk time = 21.5335767269135"
[1] "Processing draws 16501 to 16600"
[1] "Chunk time = 20.5088288784027"
[1] "Processing draws 16601 to 16700"
[1] "Chunk time = 20.8093993663788"
[1] "Processing draws 16701 to 16800"
[1] "Chunk time = 20.1396954059601"
[1] "Processing draws 16801 to 16900"
[1] "Chunk time = 21.0290842056274"
[1] "Processing draws 16901 to 17000"
[1] "Chunk time = 20.0369038581848"
[1] "Processing draws 17001 to 17100"
[1] "Chunk time = 20.5160250663757"
[1] "Processing draws 17101 to 17200"
[1] "Chunk time = 20.6976869106293"
[1] "Processing draws 17201 to 17300"
[1] "Chunk time = 21.2247023582458"
[1] "Processing draws 17301 to 17400"
[1] "Chunk time = 20.0935010910034"
[1] "Processing draws 17401 to 17500"
[1] "Chunk time = 20.505072593689"
[1] "Processing draws 17501 to 17600"
[1] "Chunk time = 20.3107268810272"
[1] "Processing draws 17601 to 17700"
[1] "Chunk time = 21.4704067707062"
[1] "Processing draws 17701 to 17800"
[1] "Chunk time = 20.480429649353"
[1] "Processing draws 17801 to 17900"
[1] "Chunk time = 20.7691864967346"
[1] "Processing draws 17901 to 18000"
[1] "Chunk time = 20.1501262187958"
[1] "Processing draws 18001 to 18100"
[1] "Chunk time = 20.4635939598083"
[1] "Processing draws 18101 to 18200"
[1] "Chunk time = 20.2722942829132"
[1] "Processing draws 18201 to 18300"
[1] "Chunk time = 19.8796861171722"
[1] "Processing draws 18301 to 18400"
[1] "Chunk time = 20.1610479354858"
[1] "Processing draws 18401 to 18500"
[1] "Chunk time = 20.009889125824"
[1] "Processing draws 18501 to 18600"
[1] "Chunk time = 20.2680110931396"
[1] "Processing draws 18601 to 18700"
[1] "Chunk time = 20.4320859909058"
[1] "Processing draws 18701 to 18800"
[1] "Chunk time = 20.0044260025024"
[1] "Processing draws 18801 to 18900"
[1] "Chunk time = 20.143602848053"
[1] "Processing draws 18901 to 19000"
[1] "Chunk time = 19.9527728557587"
[1] "Processing draws 19001 to 19100"
[1] "Chunk time = 20.0882477760315"
[1] "Processing draws 19101 to 19200"
[1] "Chunk time = 19.9527254104614"
[1] "Processing draws 19201 to 19300"
[1] "Chunk time = 20.1764035224915"
[1] "Processing draws 19301 to 19400"
[1] "Chunk time = 19.9761462211609"
[1] "Processing draws 19401 to 19500"
[1] "Chunk time = 20.4033756256104"
[1] "Processing draws 19501 to 19600"
[1] "Chunk time = 20.1403901576996"
[1] "Processing draws 19601 to 19700"
[1] "Chunk time = 20.3099520206451"
[1] "Processing draws 19701 to 19800"
[1] "Chunk time = 20.5138213634491"
[1] "Processing draws 19801 to 19900"
[1] "Chunk time = 20.0173537731171"
[1] "Processing draws 19901 to 20000"
[1] "Chunk time = 20.235497713089"
[1] "done lapplying"
[1] "Saving current params"
[1] "Saving params to output.rds"
[1] TRUE
