[1] "Starting sampling."
Running MCMC with 4 parallel chains, with 4 thread(s) per chain...

Chain 1 Iteration:    1 / 6000 [  0%]  (Warmup) 
Chain 2 Iteration:    1 / 6000 [  0%]  (Warmup) 
Chain 3 Iteration:    1 / 6000 [  0%]  (Warmup) 
Chain 4 Iteration:    1 / 6000 [  0%]  (Warmup) 
Chain 1 Iteration:  100 / 6000 [  1%]  (Warmup) 
Chain 2 Iteration:  100 / 6000 [  1%]  (Warmup) 
Chain 4 Iteration:  100 / 6000 [  1%]  (Warmup) 
Chain 3 Iteration:  100 / 6000 [  1%]  (Warmup) 
Chain 1 Iteration:  200 / 6000 [  3%]  (Warmup) 
Chain 4 Iteration:  200 / 6000 [  3%]  (Warmup) 
Chain 2 Iteration:  200 / 6000 [  3%]  (Warmup) 
Chain 3 Iteration:  200 / 6000 [  3%]  (Warmup) 
Chain 1 Iteration:  300 / 6000 [  5%]  (Warmup) 
Chain 4 Iteration:  300 / 6000 [  5%]  (Warmup) 
Chain 2 Iteration:  300 / 6000 [  5%]  (Warmup) 
Chain 3 Iteration:  300 / 6000 [  5%]  (Warmup) 
Chain 1 Iteration:  400 / 6000 [  6%]  (Warmup) 
Chain 4 Iteration:  400 / 6000 [  6%]  (Warmup) 
Chain 2 Iteration:  400 / 6000 [  6%]  (Warmup) 
Chain 3 Iteration:  400 / 6000 [  6%]  (Warmup) 
Chain 1 Iteration:  500 / 6000 [  8%]  (Warmup) 
Chain 2 Iteration:  500 / 6000 [  8%]  (Warmup) 
Chain 4 Iteration:  500 / 6000 [  8%]  (Warmup) 
Chain 3 Iteration:  500 / 6000 [  8%]  (Warmup) 
Chain 2 Iteration:  600 / 6000 [ 10%]  (Warmup) 
Chain 1 Iteration:  600 / 6000 [ 10%]  (Warmup) 
Chain 4 Iteration:  600 / 6000 [ 10%]  (Warmup) 
Chain 3 Iteration:  600 / 6000 [ 10%]  (Warmup) 
Chain 2 Iteration:  700 / 6000 [ 11%]  (Warmup) 
Chain 1 Iteration:  700 / 6000 [ 11%]  (Warmup) 
Chain 4 Iteration:  700 / 6000 [ 11%]  (Warmup) 
Chain 3 Iteration:  700 / 6000 [ 11%]  (Warmup) 
Chain 2 Iteration:  800 / 6000 [ 13%]  (Warmup) 
Chain 4 Iteration:  800 / 6000 [ 13%]  (Warmup) 
Chain 3 Iteration:  800 / 6000 [ 13%]  (Warmup) 
Chain 1 Iteration:  800 / 6000 [ 13%]  (Warmup) 
Chain 2 Iteration:  900 / 6000 [ 15%]  (Warmup) 
Chain 4 Iteration:  900 / 6000 [ 15%]  (Warmup) 
Chain 1 Iteration:  900 / 6000 [ 15%]  (Warmup) 
Chain 3 Iteration:  900 / 6000 [ 15%]  (Warmup) 
Chain 4 Iteration: 1000 / 6000 [ 16%]  (Warmup) 
Chain 4 Iteration: 1001 / 6000 [ 16%]  (Sampling) 
Chain 2 Iteration: 1000 / 6000 [ 16%]  (Warmup) 
Chain 2 Iteration: 1001 / 6000 [ 16%]  (Sampling) 
Chain 1 Iteration: 1000 / 6000 [ 16%]  (Warmup) 
Chain 1 Iteration: 1001 / 6000 [ 16%]  (Sampling) 
Chain 3 Iteration: 1000 / 6000 [ 16%]  (Warmup) 
Chain 3 Iteration: 1001 / 6000 [ 16%]  (Sampling) 
Chain 4 Iteration: 1100 / 6000 [ 18%]  (Sampling) 
Chain 2 Iteration: 1100 / 6000 [ 18%]  (Sampling) 
Chain 1 Iteration: 1100 / 6000 [ 18%]  (Sampling) 
Chain 3 Iteration: 1100 / 6000 [ 18%]  (Sampling) 
Chain 4 Iteration: 1200 / 6000 [ 20%]  (Sampling) 
Chain 2 Iteration: 1200 / 6000 [ 20%]  (Sampling) 
Chain 1 Iteration: 1200 / 6000 [ 20%]  (Sampling) 
Chain 3 Iteration: 1200 / 6000 [ 20%]  (Sampling) 
Chain 4 Iteration: 1300 / 6000 [ 21%]  (Sampling) 
Chain 2 Iteration: 1300 / 6000 [ 21%]  (Sampling) 
Chain 1 Iteration: 1300 / 6000 [ 21%]  (Sampling) 
Chain 3 Iteration: 1300 / 6000 [ 21%]  (Sampling) 
Chain 4 Iteration: 1400 / 6000 [ 23%]  (Sampling) 
Chain 2 Iteration: 1400 / 6000 [ 23%]  (Sampling) 
Chain 1 Iteration: 1400 / 6000 [ 23%]  (Sampling) 
Chain 3 Iteration: 1400 / 6000 [ 23%]  (Sampling) 
Chain 4 Iteration: 1500 / 6000 [ 25%]  (Sampling) 
Chain 1 Iteration: 1500 / 6000 [ 25%]  (Sampling) 
Chain 2 Iteration: 1500 / 6000 [ 25%]  (Sampling) 
Chain 3 Iteration: 1500 / 6000 [ 25%]  (Sampling) 
Chain 4 Iteration: 1600 / 6000 [ 26%]  (Sampling) 
Chain 1 Iteration: 1600 / 6000 [ 26%]  (Sampling) 
Chain 2 Iteration: 1600 / 6000 [ 26%]  (Sampling) 
Chain 3 Iteration: 1600 / 6000 [ 26%]  (Sampling) 
Chain 4 Iteration: 1700 / 6000 [ 28%]  (Sampling) 
Chain 1 Iteration: 1700 / 6000 [ 28%]  (Sampling) 
Chain 2 Iteration: 1700 / 6000 [ 28%]  (Sampling) 
Chain 3 Iteration: 1700 / 6000 [ 28%]  (Sampling) 
Chain 4 Iteration: 1800 / 6000 [ 30%]  (Sampling) 
Chain 1 Iteration: 1800 / 6000 [ 30%]  (Sampling) 
Chain 2 Iteration: 1800 / 6000 [ 30%]  (Sampling) 
Chain 3 Iteration: 1800 / 6000 [ 30%]  (Sampling) 
Chain 4 Iteration: 1900 / 6000 [ 31%]  (Sampling) 
Chain 2 Iteration: 1900 / 6000 [ 31%]  (Sampling) 
Chain 1 Iteration: 1900 / 6000 [ 31%]  (Sampling) 
Chain 3 Iteration: 1900 / 6000 [ 31%]  (Sampling) 
Chain 4 Iteration: 2000 / 6000 [ 33%]  (Sampling) 
Chain 2 Iteration: 2000 / 6000 [ 33%]  (Sampling) 
Chain 1 Iteration: 2000 / 6000 [ 33%]  (Sampling) 
Chain 3 Iteration: 2000 / 6000 [ 33%]  (Sampling) 
Chain 4 Iteration: 2100 / 6000 [ 35%]  (Sampling) 
Chain 1 Iteration: 2100 / 6000 [ 35%]  (Sampling) 
Chain 2 Iteration: 2100 / 6000 [ 35%]  (Sampling) 
Chain 3 Iteration: 2100 / 6000 [ 35%]  (Sampling) 
Chain 4 Iteration: 2200 / 6000 [ 36%]  (Sampling) 
Chain 1 Iteration: 2200 / 6000 [ 36%]  (Sampling) 
Chain 2 Iteration: 2200 / 6000 [ 36%]  (Sampling) 
Chain 3 Iteration: 2200 / 6000 [ 36%]  (Sampling) 
Chain 4 Iteration: 2300 / 6000 [ 38%]  (Sampling) 
Chain 1 Iteration: 2300 / 6000 [ 38%]  (Sampling) 
Chain 2 Iteration: 2300 / 6000 [ 38%]  (Sampling) 
Chain 3 Iteration: 2300 / 6000 [ 38%]  (Sampling) 
Chain 4 Iteration: 2400 / 6000 [ 40%]  (Sampling) 
Chain 1 Iteration: 2400 / 6000 [ 40%]  (Sampling) 
Chain 2 Iteration: 2400 / 6000 [ 40%]  (Sampling) 
Chain 3 Iteration: 2400 / 6000 [ 40%]  (Sampling) 
Chain 4 Iteration: 2500 / 6000 [ 41%]  (Sampling) 
Chain 1 Iteration: 2500 / 6000 [ 41%]  (Sampling) 
Chain 2 Iteration: 2500 / 6000 [ 41%]  (Sampling) 
Chain 3 Iteration: 2500 / 6000 [ 41%]  (Sampling) 
Chain 4 Iteration: 2600 / 6000 [ 43%]  (Sampling) 
Chain 2 Iteration: 2600 / 6000 [ 43%]  (Sampling) 
Chain 1 Iteration: 2600 / 6000 [ 43%]  (Sampling) 
Chain 3 Iteration: 2600 / 6000 [ 43%]  (Sampling) 
Chain 4 Iteration: 2700 / 6000 [ 45%]  (Sampling) 
Chain 2 Iteration: 2700 / 6000 [ 45%]  (Sampling) 
Chain 1 Iteration: 2700 / 6000 [ 45%]  (Sampling) 
Chain 3 Iteration: 2700 / 6000 [ 45%]  (Sampling) 
Chain 4 Iteration: 2800 / 6000 [ 46%]  (Sampling) 
Chain 1 Iteration: 2800 / 6000 [ 46%]  (Sampling) 
Chain 2 Iteration: 2800 / 6000 [ 46%]  (Sampling) 
Chain 3 Iteration: 2800 / 6000 [ 46%]  (Sampling) 
Chain 4 Iteration: 2900 / 6000 [ 48%]  (Sampling) 
Chain 1 Iteration: 2900 / 6000 [ 48%]  (Sampling) 
Chain 2 Iteration: 2900 / 6000 [ 48%]  (Sampling) 
Chain 3 Iteration: 2900 / 6000 [ 48%]  (Sampling) 
Chain 4 Iteration: 3000 / 6000 [ 50%]  (Sampling) 
Chain 1 Iteration: 3000 / 6000 [ 50%]  (Sampling) 
Chain 2 Iteration: 3000 / 6000 [ 50%]  (Sampling) 
Chain 3 Iteration: 3000 / 6000 [ 50%]  (Sampling) 
Chain 4 Iteration: 3100 / 6000 [ 51%]  (Sampling) 
Chain 1 Iteration: 3100 / 6000 [ 51%]  (Sampling) 
Chain 2 Iteration: 3100 / 6000 [ 51%]  (Sampling) 
Chain 3 Iteration: 3100 / 6000 [ 51%]  (Sampling) 
Chain 4 Iteration: 3200 / 6000 [ 53%]  (Sampling) 
Chain 1 Iteration: 3200 / 6000 [ 53%]  (Sampling) 
Chain 2 Iteration: 3200 / 6000 [ 53%]  (Sampling) 
Chain 3 Iteration: 3200 / 6000 [ 53%]  (Sampling) 
Chain 4 Iteration: 3300 / 6000 [ 55%]  (Sampling) 
Chain 1 Iteration: 3300 / 6000 [ 55%]  (Sampling) 
Chain 2 Iteration: 3300 / 6000 [ 55%]  (Sampling) 
Chain 3 Iteration: 3300 / 6000 [ 55%]  (Sampling) 
Chain 4 Iteration: 3400 / 6000 [ 56%]  (Sampling) 
Chain 1 Iteration: 3400 / 6000 [ 56%]  (Sampling) 
Chain 2 Iteration: 3400 / 6000 [ 56%]  (Sampling) 
Chain 3 Iteration: 3400 / 6000 [ 56%]  (Sampling) 
Chain 4 Iteration: 3500 / 6000 [ 58%]  (Sampling) 
Chain 1 Iteration: 3500 / 6000 [ 58%]  (Sampling) 
Chain 2 Iteration: 3500 / 6000 [ 58%]  (Sampling) 
Chain 3 Iteration: 3500 / 6000 [ 58%]  (Sampling) 
Chain 4 Iteration: 3600 / 6000 [ 60%]  (Sampling) 
Chain 1 Iteration: 3600 / 6000 [ 60%]  (Sampling) 
Chain 2 Iteration: 3600 / 6000 [ 60%]  (Sampling) 
Chain 3 Iteration: 3600 / 6000 [ 60%]  (Sampling) 
Chain 4 Iteration: 3700 / 6000 [ 61%]  (Sampling) 
Chain 1 Iteration: 3700 / 6000 [ 61%]  (Sampling) 
Chain 2 Iteration: 3700 / 6000 [ 61%]  (Sampling) 
Chain 3 Iteration: 3700 / 6000 [ 61%]  (Sampling) 
Chain 4 Iteration: 3800 / 6000 [ 63%]  (Sampling) 
Chain 1 Iteration: 3800 / 6000 [ 63%]  (Sampling) 
Chain 2 Iteration: 3800 / 6000 [ 63%]  (Sampling) 
Chain 3 Iteration: 3800 / 6000 [ 63%]  (Sampling) 
Chain 4 Iteration: 3900 / 6000 [ 65%]  (Sampling) 
Chain 1 Iteration: 3900 / 6000 [ 65%]  (Sampling) 
Chain 2 Iteration: 3900 / 6000 [ 65%]  (Sampling) 
Chain 3 Iteration: 3900 / 6000 [ 65%]  (Sampling) 
Chain 4 Iteration: 4000 / 6000 [ 66%]  (Sampling) 
Chain 1 Iteration: 4000 / 6000 [ 66%]  (Sampling) 
Chain 2 Iteration: 4000 / 6000 [ 66%]  (Sampling) 
Chain 3 Iteration: 4000 / 6000 [ 66%]  (Sampling) 
Chain 4 Iteration: 4100 / 6000 [ 68%]  (Sampling) 
Chain 2 Iteration: 4100 / 6000 [ 68%]  (Sampling) 
Chain 1 Iteration: 4100 / 6000 [ 68%]  (Sampling) 
Chain 3 Iteration: 4100 / 6000 [ 68%]  (Sampling) 
Chain 4 Iteration: 4200 / 6000 [ 70%]  (Sampling) 
Chain 1 Iteration: 4200 / 6000 [ 70%]  (Sampling) 
Chain 2 Iteration: 4200 / 6000 [ 70%]  (Sampling) 
Chain 3 Iteration: 4200 / 6000 [ 70%]  (Sampling) 
Chain 4 Iteration: 4300 / 6000 [ 71%]  (Sampling) 
Chain 1 Iteration: 4300 / 6000 [ 71%]  (Sampling) 
Chain 2 Iteration: 4300 / 6000 [ 71%]  (Sampling) 
Chain 3 Iteration: 4300 / 6000 [ 71%]  (Sampling) 
Chain 4 Iteration: 4400 / 6000 [ 73%]  (Sampling) 
Chain 1 Iteration: 4400 / 6000 [ 73%]  (Sampling) 
Chain 2 Iteration: 4400 / 6000 [ 73%]  (Sampling) 
Chain 3 Iteration: 4400 / 6000 [ 73%]  (Sampling) 
Chain 4 Iteration: 4500 / 6000 [ 75%]  (Sampling) 
Chain 2 Iteration: 4500 / 6000 [ 75%]  (Sampling) 
Chain 1 Iteration: 4500 / 6000 [ 75%]  (Sampling) 
Chain 3 Iteration: 4500 / 6000 [ 75%]  (Sampling) 
Chain 4 Iteration: 4600 / 6000 [ 76%]  (Sampling) 
Chain 2 Iteration: 4600 / 6000 [ 76%]  (Sampling) 
Chain 3 Iteration: 4600 / 6000 [ 76%]  (Sampling) 
Chain 1 Iteration: 4600 / 6000 [ 76%]  (Sampling) 
Chain 4 Iteration: 4700 / 6000 [ 78%]  (Sampling) 
Chain 2 Iteration: 4700 / 6000 [ 78%]  (Sampling) 
Chain 3 Iteration: 4700 / 6000 [ 78%]  (Sampling) 
Chain 1 Iteration: 4700 / 6000 [ 78%]  (Sampling) 
Chain 4 Iteration: 4800 / 6000 [ 80%]  (Sampling) 
Chain 3 Iteration: 4800 / 6000 [ 80%]  (Sampling) 
Chain 2 Iteration: 4800 / 6000 [ 80%]  (Sampling) 
Chain 1 Iteration: 4800 / 6000 [ 80%]  (Sampling) 
Chain 4 Iteration: 4900 / 6000 [ 81%]  (Sampling) 
Chain 3 Iteration: 4900 / 6000 [ 81%]  (Sampling) 
Chain 2 Iteration: 4900 / 6000 [ 81%]  (Sampling) 
Chain 1 Iteration: 4900 / 6000 [ 81%]  (Sampling) 
Chain 4 Iteration: 5000 / 6000 [ 83%]  (Sampling) 
Chain 2 Iteration: 5000 / 6000 [ 83%]  (Sampling) 
Chain 3 Iteration: 5000 / 6000 [ 83%]  (Sampling) 
Chain 1 Iteration: 5000 / 6000 [ 83%]  (Sampling) 
Chain 4 Iteration: 5100 / 6000 [ 85%]  (Sampling) 
Chain 2 Iteration: 5100 / 6000 [ 85%]  (Sampling) 
Chain 3 Iteration: 5100 / 6000 [ 85%]  (Sampling) 
Chain 1 Iteration: 5100 / 6000 [ 85%]  (Sampling) 
Chain 4 Iteration: 5200 / 6000 [ 86%]  (Sampling) 
Chain 2 Iteration: 5200 / 6000 [ 86%]  (Sampling) 
Chain 3 Iteration: 5200 / 6000 [ 86%]  (Sampling) 
Chain 1 Iteration: 5200 / 6000 [ 86%]  (Sampling) 
Chain 4 Iteration: 5300 / 6000 [ 88%]  (Sampling) 
Chain 3 Iteration: 5300 / 6000 [ 88%]  (Sampling) 
Chain 2 Iteration: 5300 / 6000 [ 88%]  (Sampling) 
Chain 1 Iteration: 5300 / 6000 [ 88%]  (Sampling) 
Chain 4 Iteration: 5400 / 6000 [ 90%]  (Sampling) 
Chain 3 Iteration: 5400 / 6000 [ 90%]  (Sampling) 
Chain 1 Iteration: 5400 / 6000 [ 90%]  (Sampling) 
Chain 2 Iteration: 5400 / 6000 [ 90%]  (Sampling) 
Chain 3 Iteration: 5500 / 6000 [ 91%]  (Sampling) 
Chain 4 Iteration: 5500 / 6000 [ 91%]  (Sampling) 
Chain 1 Iteration: 5500 / 6000 [ 91%]  (Sampling) 
Chain 2 Iteration: 5500 / 6000 [ 91%]  (Sampling) 
Chain 3 Iteration: 5600 / 6000 [ 93%]  (Sampling) 
Chain 4 Iteration: 5600 / 6000 [ 93%]  (Sampling) 
Chain 1 Iteration: 5600 / 6000 [ 93%]  (Sampling) 
Chain 2 Iteration: 5600 / 6000 [ 93%]  (Sampling) 
Chain 3 Iteration: 5700 / 6000 [ 95%]  (Sampling) 
Chain 4 Iteration: 5700 / 6000 [ 95%]  (Sampling) 
Chain 1 Iteration: 5700 / 6000 [ 95%]  (Sampling) 
Chain 2 Iteration: 5700 / 6000 [ 95%]  (Sampling) 
Chain 3 Iteration: 5800 / 6000 [ 96%]  (Sampling) 
Chain 4 Iteration: 5800 / 6000 [ 96%]  (Sampling) 
Chain 1 Iteration: 5800 / 6000 [ 96%]  (Sampling) 
Chain 2 Iteration: 5800 / 6000 [ 96%]  (Sampling) 
Chain 3 Iteration: 5900 / 6000 [ 98%]  (Sampling) 
Chain 4 Iteration: 5900 / 6000 [ 98%]  (Sampling) 
Chain 1 Iteration: 5900 / 6000 [ 98%]  (Sampling) 
Chain 2 Iteration: 5900 / 6000 [ 98%]  (Sampling) 
Chain 3 Iteration: 6000 / 6000 [100%]  (Sampling) 
Chain 3 finished in 1330.1 seconds.
Chain 4 Iteration: 6000 / 6000 [100%]  (Sampling) 
Chain 4 finished in 1330.8 seconds.
Chain 1 Iteration: 6000 / 6000 [100%]  (Sampling) 
Chain 2 Iteration: 6000 / 6000 [100%]  (Sampling) 
Chain 1 finished in 1331.3 seconds.
Chain 2 finished in 1331.4 seconds.

All 4 chains finished successfully.
Mean chain execution time: 1330.9 seconds.
Total execution time: 1331.6 seconds.

[1] "Processing draws 1 to 100"
[1] "Chunk time = 39.7027893066406"
[1] "Processing draws 101 to 200"
[1] "Chunk time = 14.391220331192"
[1] "Processing draws 201 to 300"
[1] "Chunk time = 13.6648373603821"
[1] "Processing draws 301 to 400"
[1] "Chunk time = 13.7616367340088"
[1] "Processing draws 401 to 500"
[1] "Chunk time = 13.5064122676849"
[1] "Processing draws 501 to 600"
[1] "Chunk time = 13.6032111644745"
[1] "Processing draws 601 to 700"
[1] "Chunk time = 13.6494863033295"
[1] "Processing draws 701 to 800"
[1] "Chunk time = 13.3380603790283"
[1] "Processing draws 801 to 900"
[1] "Chunk time = 13.6689841747284"
[1] "Processing draws 901 to 1000"
[1] "Chunk time = 13.5353012084961"
[1] "Processing draws 1001 to 1100"
[1] "Chunk time = 13.3896341323853"
[1] "Processing draws 1101 to 1200"
[1] "Chunk time = 13.827122926712"
[1] "Processing draws 1201 to 1300"
[1] "Chunk time = 13.9031054973602"
[1] "Processing draws 1301 to 1400"
[1] "Chunk time = 13.3949820995331"
[1] "Processing draws 1401 to 1500"
[1] "Chunk time = 14.2675130367279"
[1] "Processing draws 1501 to 1600"
[1] "Chunk time = 13.2603092193604"
[1] "Processing draws 1601 to 1700"
[1] "Chunk time = 13.2350106239319"
[1] "Processing draws 1701 to 1800"
[1] "Chunk time = 13.4309267997742"
[1] "Processing draws 1801 to 1900"
[1] "Chunk time = 13.3619749546051"
[1] "Processing draws 1901 to 2000"
[1] "Chunk time = 13.4402134418488"
[1] "Processing draws 2001 to 2100"
[1] "Chunk time = 13.3308522701263"
[1] "Processing draws 2101 to 2200"
[1] "Chunk time = 13.463497877121"
[1] "Processing draws 2201 to 2300"
[1] "Chunk time = 13.3060042858124"
[1] "Processing draws 2301 to 2400"
[1] "Chunk time = 13.5337867736816"
[1] "Processing draws 2401 to 2500"
[1] "Chunk time = 13.2475934028625"
[1] "Processing draws 2501 to 2600"
[1] "Chunk time = 13.3123481273651"
[1] "Processing draws 2601 to 2700"
[1] "Chunk time = 13.5354909896851"
[1] "Processing draws 2701 to 2800"
[1] "Chunk time = 13.3636577129364"
[1] "Processing draws 2801 to 2900"
[1] "Chunk time = 13.5894451141357"
[1] "Processing draws 2901 to 3000"
[1] "Chunk time = 13.429573059082"
[1] "Processing draws 3001 to 3100"
[1] "Chunk time = 13.5403771400452"
[1] "Processing draws 3101 to 3200"
[1] "Chunk time = 13.6829361915588"
[1] "Processing draws 3201 to 3300"
[1] "Chunk time = 13.5245754718781"
[1] "Processing draws 3301 to 3400"
[1] "Chunk time = 13.288054227829"
[1] "Processing draws 3401 to 3500"
[1] "Chunk time = 13.4760758876801"
[1] "Processing draws 3501 to 3600"
[1] "Chunk time = 13.9780986309052"
[1] "Processing draws 3601 to 3700"
[1] "Chunk time = 13.421706199646"
[1] "Processing draws 3701 to 3800"
[1] "Chunk time = 13.5665855407715"
[1] "Processing draws 3801 to 3900"
[1] "Chunk time = 13.3592555522919"
[1] "Processing draws 3901 to 4000"
[1] "Chunk time = 13.4906992912292"
[1] "Processing draws 4001 to 4100"
[1] "Chunk time = 13.3067405223846"
[1] "Processing draws 4101 to 4200"
[1] "Chunk time = 13.4954736232758"
[1] "Processing draws 4201 to 4300"
[1] "Chunk time = 13.2815020084381"
[1] "Processing draws 4301 to 4400"
[1] "Chunk time = 13.3002867698669"
[1] "Processing draws 4401 to 4500"
[1] "Chunk time = 13.7411720752716"
[1] "Processing draws 4501 to 4600"
[1] "Chunk time = 13.5024008750916"
[1] "Processing draws 4601 to 4700"
[1] "Chunk time = 13.6818566322327"
[1] "Processing draws 4701 to 4800"
[1] "Chunk time = 13.5360805988312"
[1] "Processing draws 4801 to 4900"
[1] "Chunk time = 13.5738980770111"
[1] "Processing draws 4901 to 5000"
[1] "Chunk time = 13.4496867656708"
[1] "Processing draws 5001 to 5100"
[1] "Chunk time = 13.5614764690399"
[1] "Processing draws 5101 to 5200"
[1] "Chunk time = 13.4580748081207"
[1] "Processing draws 5201 to 5300"
[1] "Chunk time = 13.3896362781525"
[1] "Processing draws 5301 to 5400"
[1] "Chunk time = 13.5857374668121"
[1] "Processing draws 5401 to 5500"
[1] "Chunk time = 13.2853655815125"
[1] "Processing draws 5501 to 5600"
[1] "Chunk time = 13.4247436523438"
[1] "Processing draws 5601 to 5700"
[1] "Chunk time = 13.2707285881042"
[1] "Processing draws 5701 to 5800"
[1] "Chunk time = 13.4149210453033"
[1] "Processing draws 5801 to 5900"
[1] "Chunk time = 13.23774933815"
[1] "Processing draws 5901 to 6000"
[1] "Chunk time = 13.4808897972107"
[1] "Processing draws 6001 to 6100"
[1] "Chunk time = 13.4136207103729"
[1] "Processing draws 6101 to 6200"
[1] "Chunk time = 13.2751641273499"
[1] "Processing draws 6201 to 6300"
[1] "Chunk time = 13.5372543334961"
[1] "Processing draws 6301 to 6400"
[1] "Chunk time = 13.3054988384247"
[1] "Processing draws 6401 to 6500"
[1] "Chunk time = 13.3950970172882"
[1] "Processing draws 6501 to 6600"
[1] "Chunk time = 13.3250336647034"
[1] "Processing draws 6601 to 6700"
[1] "Chunk time = 13.4315798282623"
[1] "Processing draws 6701 to 6800"
[1] "Chunk time = 13.4291150569916"
[1] "Processing draws 6801 to 6900"
[1] "Chunk time = 13.4705622196198"
[1] "Processing draws 6901 to 7000"
[1] "Chunk time = 13.2704238891602"
[1] "Processing draws 7001 to 7100"
[1] "Chunk time = 13.4484372138977"
[1] "Processing draws 7101 to 7200"
[1] "Chunk time = 13.4521234035492"
[1] "Processing draws 7201 to 7300"
[1] "Chunk time = 13.5162622928619"
[1] "Processing draws 7301 to 7400"
[1] "Chunk time = 13.4642360210419"
[1] "Processing draws 7401 to 7500"
[1] "Chunk time = 13.4164712429047"
[1] "Processing draws 7501 to 7600"
[1] "Chunk time = 13.5565485954285"
[1] "Processing draws 7601 to 7700"
[1] "Chunk time = 13.3801410198212"
[1] "Processing draws 7701 to 7800"
[1] "Chunk time = 13.4916989803314"
[1] "Processing draws 7801 to 7900"
[1] "Chunk time = 13.4048986434937"
[1] "Processing draws 7901 to 8000"
[1] "Chunk time = 13.5312399864197"
[1] "Processing draws 8001 to 8100"
[1] "Chunk time = 13.5127782821655"
[1] "Processing draws 8101 to 8200"
[1] "Chunk time = 13.5804336071014"
[1] "Processing draws 8201 to 8300"
[1] "Chunk time = 13.6524314880371"
[1] "Processing draws 8301 to 8400"
[1] "Chunk time = 13.4349672794342"
[1] "Processing draws 8401 to 8500"
[1] "Chunk time = 13.6687862873077"
[1] "Processing draws 8501 to 8600"
[1] "Chunk time = 13.5675039291382"
[1] "Processing draws 8601 to 8700"
[1] "Chunk time = 13.7986605167389"
[1] "Processing draws 8701 to 8800"
[1] "Chunk time = 13.4960219860077"
[1] "Processing draws 8801 to 8900"
[1] "Chunk time = 13.7513465881348"
[1] "Processing draws 8901 to 9000"
[1] "Chunk time = 13.794091463089"
[1] "Processing draws 9001 to 9100"
[1] "Chunk time = 13.7361907958984"
[1] "Processing draws 9101 to 9200"
[1] "Chunk time = 14.1246955394745"
[1] "Processing draws 9201 to 9300"
[1] "Chunk time = 13.6058435440063"
[1] "Processing draws 9301 to 9400"
[1] "Chunk time = 13.9402136802673"
[1] "Processing draws 9401 to 9500"
[1] "Chunk time = 13.8388409614563"
[1] "Processing draws 9501 to 9600"
[1] "Chunk time = 13.6247041225433"
[1] "Processing draws 9601 to 9700"
[1] "Chunk time = 13.9490995407104"
[1] "Processing draws 9701 to 9800"
[1] "Chunk time = 13.7663974761963"
[1] "Processing draws 9801 to 9900"
[1] "Chunk time = 13.8739161491394"
[1] "Processing draws 9901 to 10000"
[1] "Chunk time = 13.5848832130432"
[1] "Processing draws 10001 to 10100"
[1] "Chunk time = 13.5625791549683"
[1] "Processing draws 10101 to 10200"
[1] "Chunk time = 13.4296114444733"
[1] "Processing draws 10201 to 10300"
[1] "Chunk time = 13.5433678627014"
[1] "Processing draws 10301 to 10400"
[1] "Chunk time = 13.5186107158661"
[1] "Processing draws 10401 to 10500"
[1] "Chunk time = 13.615519285202"
[1] "Processing draws 10501 to 10600"
[1] "Chunk time = 13.3595132827759"
[1] "Processing draws 10601 to 10700"
[1] "Chunk time = 13.4762842655182"
[1] "Processing draws 10701 to 10800"
[1] "Chunk time = 13.6295268535614"
[1] "Processing draws 10801 to 10900"
[1] "Chunk time = 13.5534672737122"
[1] "Processing draws 10901 to 11000"
[1] "Chunk time = 13.798323392868"
[1] "Processing draws 11001 to 11100"
[1] "Chunk time = 13.6748077869415"
[1] "Processing draws 11101 to 11200"
[1] "Chunk time = 13.7655386924744"
[1] "Processing draws 11201 to 11300"
[1] "Chunk time = 13.4130430221558"
[1] "Processing draws 11301 to 11400"
[1] "Chunk time = 13.6660032272339"
[1] "Processing draws 11401 to 11500"
[1] "Chunk time = 13.5001406669617"
[1] "Processing draws 11501 to 11600"
[1] "Chunk time = 13.3916869163513"
[1] "Processing draws 11601 to 11700"
[1] "Chunk time = 13.7424614429474"
[1] "Processing draws 11701 to 11800"
[1] "Chunk time = 13.4538974761963"
[1] "Processing draws 11801 to 11900"
[1] "Chunk time = 13.5223994255066"
[1] "Processing draws 11901 to 12000"
[1] "Chunk time = 13.4716532230377"
[1] "Processing draws 12001 to 12100"
[1] "Chunk time = 13.7966723442078"
[1] "Processing draws 12101 to 12200"
[1] "Chunk time = 13.4291069507599"
[1] "Processing draws 12201 to 12300"
[1] "Chunk time = 13.8601319789886"
[1] "Processing draws 12301 to 12400"
[1] "Chunk time = 13.6219418048859"
[1] "Processing draws 12401 to 12500"
[1] "Chunk time = 13.6049818992615"
[1] "Processing draws 12501 to 12600"
[1] "Chunk time = 13.8969488143921"
[1] "Processing draws 12601 to 12700"
[1] "Chunk time = 13.4693183898926"
[1] "Processing draws 12701 to 12800"
[1] "Chunk time = 13.818101644516"
[1] "Processing draws 12801 to 12900"
[1] "Chunk time = 13.5073232650757"
[1] "Processing draws 12901 to 13000"
[1] "Chunk time = 13.6854319572449"
[1] "Processing draws 13001 to 13100"
[1] "Chunk time = 15.5580542087555"
[1] "Processing draws 13101 to 13200"
[1] "Chunk time = 13.8255472183228"
[1] "Processing draws 13201 to 13300"
[1] "Chunk time = 13.7738873958588"
[1] "Processing draws 13301 to 13400"
[1] "Chunk time = 13.6300220489502"
[1] "Processing draws 13401 to 13500"
[1] "Chunk time = 13.7365658283234"
[1] "Processing draws 13501 to 13600"
[1] "Chunk time = 13.5105335712433"
[1] "Processing draws 13601 to 13700"
[1] "Chunk time = 13.9360501766205"
[1] "Processing draws 13701 to 13800"
[1] "Chunk time = 13.7052276134491"
[1] "Processing draws 13801 to 13900"
[1] "Chunk time = 13.6640837192535"
[1] "Processing draws 13901 to 14000"
[1] "Chunk time = 13.5581455230713"
[1] "Processing draws 14001 to 14100"
[1] "Chunk time = 13.9194798469543"
[1] "Processing draws 14101 to 14200"
[1] "Chunk time = 13.7422258853912"
[1] "Processing draws 14201 to 14300"
[1] "Chunk time = 13.9257156848907"
[1] "Processing draws 14301 to 14400"
[1] "Chunk time = 13.8046069145203"
[1] "Processing draws 14401 to 14500"
[1] "Chunk time = 13.7651042938232"
[1] "Processing draws 14501 to 14600"
[1] "Chunk time = 13.9593062400818"
[1] "Processing draws 14601 to 14700"
[1] "Chunk time = 13.5145330429077"
[1] "Processing draws 14701 to 14800"
[1] "Chunk time = 13.7976698875427"
[1] "Processing draws 14801 to 14900"
[1] "Chunk time = 13.6377205848694"
[1] "Processing draws 14901 to 15000"
[1] "Chunk time = 13.8033771514893"
[1] "Processing draws 15001 to 15100"
[1] "Chunk time = 13.4404318332672"
[1] "Processing draws 15101 to 15200"
[1] "Chunk time = 13.3454253673553"
[1] "Processing draws 15201 to 15300"
[1] "Chunk time = 13.750860452652"
[1] "Processing draws 15301 to 15400"
[1] "Chunk time = 13.4438188076019"
[1] "Processing draws 15401 to 15500"
[1] "Chunk time = 13.6463439464569"
[1] "Processing draws 15501 to 15600"
[1] "Chunk time = 13.4267365932465"
[1] "Processing draws 15601 to 15700"
[1] "Chunk time = 13.6498572826385"
[1] "Processing draws 15701 to 15800"
[1] "Chunk time = 13.4074115753174"
[1] "Processing draws 15801 to 15900"
[1] "Chunk time = 13.8851273059845"
[1] "Processing draws 15901 to 16000"
[1] "Chunk time = 13.7074184417725"
[1] "Processing draws 16001 to 16100"
[1] "Chunk time = 13.4221084117889"
[1] "Processing draws 16101 to 16200"
[1] "Chunk time = 13.6002895832062"
[1] "Processing draws 16201 to 16300"
[1] "Chunk time = 13.4220836162567"
[1] "Processing draws 16301 to 16400"
[1] "Chunk time = 13.5827586650848"
[1] "Processing draws 16401 to 16500"
[1] "Chunk time = 13.7555289268494"
[1] "Processing draws 16501 to 16600"
[1] "Chunk time = 13.6636774539948"
[1] "Processing draws 16601 to 16700"
[1] "Chunk time = 13.4626476764679"
[1] "Processing draws 16701 to 16800"
[1] "Chunk time = 13.7390949726105"
[1] "Processing draws 16801 to 16900"
[1] "Chunk time = 13.3844680786133"
[1] "Processing draws 16901 to 17000"
[1] "Chunk time = 13.5228645801544"
[1] "Processing draws 17001 to 17100"
[1] "Chunk time = 13.8926565647125"
[1] "Processing draws 17101 to 17200"
[1] "Chunk time = 13.6208913326263"
[1] "Processing draws 17201 to 17300"
[1] "Chunk time = 13.9028215408325"
[1] "Processing draws 17301 to 17400"
[1] "Chunk time = 13.6979372501373"
[1] "Processing draws 17401 to 17500"
[1] "Chunk time = 13.7547428607941"
[1] "Processing draws 17501 to 17600"
[1] "Chunk time = 13.7035875320435"
[1] "Processing draws 17601 to 17700"
[1] "Chunk time = 13.9522161483765"
[1] "Processing draws 17701 to 17800"
[1] "Chunk time = 13.6748208999634"
[1] "Processing draws 17801 to 17900"
[1] "Chunk time = 13.7493271827698"
[1] "Processing draws 17901 to 18000"
[1] "Chunk time = 13.9001431465149"
[1] "Processing draws 18001 to 18100"
[1] "Chunk time = 13.9301280975342"
[1] "Processing draws 18101 to 18200"
[1] "Chunk time = 13.7317662239075"
[1] "Processing draws 18201 to 18300"
[1] "Chunk time = 13.630601644516"
[1] "Processing draws 18301 to 18400"
[1] "Chunk time = 13.8160061836243"
[1] "Processing draws 18401 to 18500"
[1] "Chunk time = 13.6070244312286"
[1] "Processing draws 18501 to 18600"
[1] "Chunk time = 13.8280041217804"
[1] "Processing draws 18601 to 18700"
[1] "Chunk time = 13.5043222904205"
[1] "Processing draws 18701 to 18800"
[1] "Chunk time = 13.6861591339111"
[1] "Processing draws 18801 to 18900"
[1] "Chunk time = 13.9775485992432"
[1] "Processing draws 18901 to 19000"
[1] "Chunk time = 13.8438067436218"
[1] "Processing draws 19001 to 19100"
[1] "Chunk time = 13.5670113563538"
[1] "Processing draws 19101 to 19200"
[1] "Chunk time = 13.5498485565186"
[1] "Processing draws 19201 to 19300"
[1] "Chunk time = 14.00697016716"
[1] "Processing draws 19301 to 19400"
[1] "Chunk time = 13.5180261135101"
[1] "Processing draws 19401 to 19500"
[1] "Chunk time = 13.7916269302368"
[1] "Processing draws 19501 to 19600"
[1] "Chunk time = 13.3332297801971"
[1] "Processing draws 19601 to 19700"
[1] "Chunk time = 13.6947343349457"
[1] "Processing draws 19701 to 19800"
[1] "Chunk time = 13.5732135772705"
[1] "Processing draws 19801 to 19900"
[1] "Chunk time = 13.5266575813293"
[1] "Processing draws 19901 to 20000"
[1] "Chunk time = 13.6655457019806"
[1] "done lapplying"
[1] "Saving current params"
[1] "Saving params to output.rds"
[1] TRUE
