[1] "Starting sampling."
Running MCMC with 4 parallel chains, with 4 thread(s) per chain...

Chain 1 Iteration:    1 / 6000 [  0%]  (Warmup) 
Chain 2 Iteration:    1 / 6000 [  0%]  (Warmup) 
Chain 3 Iteration:    1 / 6000 [  0%]  (Warmup) 
Chain 4 Iteration:    1 / 6000 [  0%]  (Warmup) 
Chain 3 Iteration:  100 / 6000 [  1%]  (Warmup) 
Chain 2 Iteration:  100 / 6000 [  1%]  (Warmup) 
Chain 1 Iteration:  100 / 6000 [  1%]  (Warmup) 
Chain 4 Iteration:  100 / 6000 [  1%]  (Warmup) 
Chain 3 Iteration:  200 / 6000 [  3%]  (Warmup) 
Chain 1 Iteration:  200 / 6000 [  3%]  (Warmup) 
Chain 2 Iteration:  200 / 6000 [  3%]  (Warmup) 
Chain 4 Iteration:  200 / 6000 [  3%]  (Warmup) 
Chain 3 Iteration:  300 / 6000 [  5%]  (Warmup) 
Chain 1 Iteration:  300 / 6000 [  5%]  (Warmup) 
Chain 2 Iteration:  300 / 6000 [  5%]  (Warmup) 
Chain 4 Iteration:  300 / 6000 [  5%]  (Warmup) 
Chain 3 Iteration:  400 / 6000 [  6%]  (Warmup) 
Chain 2 Iteration:  400 / 6000 [  6%]  (Warmup) 
Chain 1 Iteration:  400 / 6000 [  6%]  (Warmup) 
Chain 4 Iteration:  400 / 6000 [  6%]  (Warmup) 
Chain 3 Iteration:  500 / 6000 [  8%]  (Warmup) 
Chain 2 Iteration:  500 / 6000 [  8%]  (Warmup) 
Chain 1 Iteration:  500 / 6000 [  8%]  (Warmup) 
Chain 4 Iteration:  500 / 6000 [  8%]  (Warmup) 
Chain 3 Iteration:  600 / 6000 [ 10%]  (Warmup) 
Chain 2 Iteration:  600 / 6000 [ 10%]  (Warmup) 
Chain 1 Iteration:  600 / 6000 [ 10%]  (Warmup) 
Chain 3 Iteration:  700 / 6000 [ 11%]  (Warmup) 
Chain 4 Iteration:  600 / 6000 [ 10%]  (Warmup) 
Chain 2 Iteration:  700 / 6000 [ 11%]  (Warmup) 
Chain 1 Iteration:  700 / 6000 [ 11%]  (Warmup) 
Chain 3 Iteration:  800 / 6000 [ 13%]  (Warmup) 
Chain 4 Iteration:  700 / 6000 [ 11%]  (Warmup) 
Chain 3 Iteration:  900 / 6000 [ 15%]  (Warmup) 
Chain 2 Iteration:  800 / 6000 [ 13%]  (Warmup) 
Chain 1 Iteration:  800 / 6000 [ 13%]  (Warmup) 
Chain 4 Iteration:  800 / 6000 [ 13%]  (Warmup) 
Chain 3 Iteration: 1000 / 6000 [ 16%]  (Warmup) 
Chain 3 Iteration: 1001 / 6000 [ 16%]  (Sampling) 
Chain 2 Iteration:  900 / 6000 [ 15%]  (Warmup) 
Chain 1 Iteration:  900 / 6000 [ 15%]  (Warmup) 
Chain 3 Iteration: 1100 / 6000 [ 18%]  (Sampling) 
Chain 2 Iteration: 1000 / 6000 [ 16%]  (Warmup) 
Chain 4 Iteration:  900 / 6000 [ 15%]  (Warmup) 
Chain 2 Iteration: 1001 / 6000 [ 16%]  (Sampling) 
Chain 1 Iteration: 1000 / 6000 [ 16%]  (Warmup) 
Chain 1 Iteration: 1001 / 6000 [ 16%]  (Sampling) 
Chain 3 Iteration: 1200 / 6000 [ 20%]  (Sampling) 
Chain 2 Iteration: 1100 / 6000 [ 18%]  (Sampling) 
Chain 4 Iteration: 1000 / 6000 [ 16%]  (Warmup) 
Chain 4 Iteration: 1001 / 6000 [ 16%]  (Sampling) 
Chain 1 Iteration: 1100 / 6000 [ 18%]  (Sampling) 
Chain 3 Iteration: 1300 / 6000 [ 21%]  (Sampling) 
Chain 2 Iteration: 1200 / 6000 [ 20%]  (Sampling) 
Chain 4 Iteration: 1100 / 6000 [ 18%]  (Sampling) 
Chain 1 Iteration: 1200 / 6000 [ 20%]  (Sampling) 
Chain 3 Iteration: 1400 / 6000 [ 23%]  (Sampling) 
Chain 2 Iteration: 1300 / 6000 [ 21%]  (Sampling) 
Chain 4 Iteration: 1200 / 6000 [ 20%]  (Sampling) 
Chain 3 Iteration: 1500 / 6000 [ 25%]  (Sampling) 
Chain 1 Iteration: 1300 / 6000 [ 21%]  (Sampling) 
Chain 2 Iteration: 1400 / 6000 [ 23%]  (Sampling) 
Chain 4 Iteration: 1300 / 6000 [ 21%]  (Sampling) 
Chain 3 Iteration: 1600 / 6000 [ 26%]  (Sampling) 
Chain 1 Iteration: 1400 / 6000 [ 23%]  (Sampling) 
Chain 2 Iteration: 1500 / 6000 [ 25%]  (Sampling) 
Chain 4 Iteration: 1400 / 6000 [ 23%]  (Sampling) 
Chain 3 Iteration: 1700 / 6000 [ 28%]  (Sampling) 
Chain 1 Iteration: 1500 / 6000 [ 25%]  (Sampling) 
Chain 2 Iteration: 1600 / 6000 [ 26%]  (Sampling) 
Chain 4 Iteration: 1500 / 6000 [ 25%]  (Sampling) 
Chain 3 Iteration: 1800 / 6000 [ 30%]  (Sampling) 
Chain 1 Iteration: 1600 / 6000 [ 26%]  (Sampling) 
Chain 2 Iteration: 1700 / 6000 [ 28%]  (Sampling) 
Chain 4 Iteration: 1600 / 6000 [ 26%]  (Sampling) 
Chain 3 Iteration: 1900 / 6000 [ 31%]  (Sampling) 
Chain 1 Iteration: 1700 / 6000 [ 28%]  (Sampling) 
Chain 2 Iteration: 1800 / 6000 [ 30%]  (Sampling) 
Chain 4 Iteration: 1700 / 6000 [ 28%]  (Sampling) 
Chain 3 Iteration: 2000 / 6000 [ 33%]  (Sampling) 
Chain 1 Iteration: 1800 / 6000 [ 30%]  (Sampling) 
Chain 2 Iteration: 1900 / 6000 [ 31%]  (Sampling) 
Chain 3 Iteration: 2100 / 6000 [ 35%]  (Sampling) 
Chain 4 Iteration: 1800 / 6000 [ 30%]  (Sampling) 
Chain 1 Iteration: 1900 / 6000 [ 31%]  (Sampling) 
Chain 2 Iteration: 2000 / 6000 [ 33%]  (Sampling) 
Chain 3 Iteration: 2200 / 6000 [ 36%]  (Sampling) 
Chain 4 Iteration: 1900 / 6000 [ 31%]  (Sampling) 
Chain 1 Iteration: 2000 / 6000 [ 33%]  (Sampling) 
Chain 3 Iteration: 2300 / 6000 [ 38%]  (Sampling) 
Chain 2 Iteration: 2100 / 6000 [ 35%]  (Sampling) 
Chain 4 Iteration: 2000 / 6000 [ 33%]  (Sampling) 
Chain 1 Iteration: 2100 / 6000 [ 35%]  (Sampling) 
Chain 3 Iteration: 2400 / 6000 [ 40%]  (Sampling) 
Chain 2 Iteration: 2200 / 6000 [ 36%]  (Sampling) 
Chain 4 Iteration: 2100 / 6000 [ 35%]  (Sampling) 
Chain 1 Iteration: 2200 / 6000 [ 36%]  (Sampling) 
Chain 3 Iteration: 2500 / 6000 [ 41%]  (Sampling) 
Chain 2 Iteration: 2300 / 6000 [ 38%]  (Sampling) 
Chain 4 Iteration: 2200 / 6000 [ 36%]  (Sampling) 
Chain 1 Iteration: 2300 / 6000 [ 38%]  (Sampling) 
Chain 3 Iteration: 2600 / 6000 [ 43%]  (Sampling) 
Chain 2 Iteration: 2400 / 6000 [ 40%]  (Sampling) 
Chain 4 Iteration: 2300 / 6000 [ 38%]  (Sampling) 
Chain 1 Iteration: 2400 / 6000 [ 40%]  (Sampling) 
Chain 3 Iteration: 2700 / 6000 [ 45%]  (Sampling) 
Chain 2 Iteration: 2500 / 6000 [ 41%]  (Sampling) 
Chain 4 Iteration: 2400 / 6000 [ 40%]  (Sampling) 
Chain 1 Iteration: 2500 / 6000 [ 41%]  (Sampling) 
Chain 3 Iteration: 2800 / 6000 [ 46%]  (Sampling) 
Chain 2 Iteration: 2600 / 6000 [ 43%]  (Sampling) 
Chain 4 Iteration: 2500 / 6000 [ 41%]  (Sampling) 
Chain 1 Iteration: 2600 / 6000 [ 43%]  (Sampling) 
Chain 3 Iteration: 2900 / 6000 [ 48%]  (Sampling) 
Chain 2 Iteration: 2700 / 6000 [ 45%]  (Sampling) 
Chain 4 Iteration: 2600 / 6000 [ 43%]  (Sampling) 
Chain 1 Iteration: 2700 / 6000 [ 45%]  (Sampling) 
Chain 3 Iteration: 3000 / 6000 [ 50%]  (Sampling) 
Chain 2 Iteration: 2800 / 6000 [ 46%]  (Sampling) 
Chain 4 Iteration: 2700 / 6000 [ 45%]  (Sampling) 
Chain 1 Iteration: 2800 / 6000 [ 46%]  (Sampling) 
Chain 3 Iteration: 3100 / 6000 [ 51%]  (Sampling) 
Chain 2 Iteration: 2900 / 6000 [ 48%]  (Sampling) 
Chain 4 Iteration: 2800 / 6000 [ 46%]  (Sampling) 
Chain 3 Iteration: 3200 / 6000 [ 53%]  (Sampling) 
Chain 1 Iteration: 2900 / 6000 [ 48%]  (Sampling) 
Chain 2 Iteration: 3000 / 6000 [ 50%]  (Sampling) 
Chain 4 Iteration: 2900 / 6000 [ 48%]  (Sampling) 
Chain 3 Iteration: 3300 / 6000 [ 55%]  (Sampling) 
Chain 1 Iteration: 3000 / 6000 [ 50%]  (Sampling) 
Chain 2 Iteration: 3100 / 6000 [ 51%]  (Sampling) 
Chain 4 Iteration: 3000 / 6000 [ 50%]  (Sampling) 
Chain 3 Iteration: 3400 / 6000 [ 56%]  (Sampling) 
Chain 1 Iteration: 3100 / 6000 [ 51%]  (Sampling) 
Chain 2 Iteration: 3200 / 6000 [ 53%]  (Sampling) 
Chain 4 Iteration: 3100 / 6000 [ 51%]  (Sampling) 
Chain 3 Iteration: 3500 / 6000 [ 58%]  (Sampling) 
Chain 1 Iteration: 3200 / 6000 [ 53%]  (Sampling) 
Chain 2 Iteration: 3300 / 6000 [ 55%]  (Sampling) 
Chain 4 Iteration: 3200 / 6000 [ 53%]  (Sampling) 
Chain 3 Iteration: 3600 / 6000 [ 60%]  (Sampling) 
Chain 1 Iteration: 3300 / 6000 [ 55%]  (Sampling) 
Chain 2 Iteration: 3400 / 6000 [ 56%]  (Sampling) 
Chain 4 Iteration: 3300 / 6000 [ 55%]  (Sampling) 
Chain 3 Iteration: 3700 / 6000 [ 61%]  (Sampling) 
Chain 1 Iteration: 3400 / 6000 [ 56%]  (Sampling) 
Chain 2 Iteration: 3500 / 6000 [ 58%]  (Sampling) 
Chain 3 Iteration: 3800 / 6000 [ 63%]  (Sampling) 
Chain 4 Iteration: 3400 / 6000 [ 56%]  (Sampling) 
Chain 1 Iteration: 3500 / 6000 [ 58%]  (Sampling) 
Chain 2 Iteration: 3600 / 6000 [ 60%]  (Sampling) 
Chain 3 Iteration: 3900 / 6000 [ 65%]  (Sampling) 
Chain 4 Iteration: 3500 / 6000 [ 58%]  (Sampling) 
Chain 1 Iteration: 3600 / 6000 [ 60%]  (Sampling) 
Chain 2 Iteration: 3700 / 6000 [ 61%]  (Sampling) 
Chain 3 Iteration: 4000 / 6000 [ 66%]  (Sampling) 
Chain 4 Iteration: 3600 / 6000 [ 60%]  (Sampling) 
Chain 1 Iteration: 3700 / 6000 [ 61%]  (Sampling) 
Chain 3 Iteration: 4100 / 6000 [ 68%]  (Sampling) 
Chain 2 Iteration: 3800 / 6000 [ 63%]  (Sampling) 
Chain 4 Iteration: 3700 / 6000 [ 61%]  (Sampling) 
Chain 1 Iteration: 3800 / 6000 [ 63%]  (Sampling) 
Chain 3 Iteration: 4200 / 6000 [ 70%]  (Sampling) 
Chain 2 Iteration: 3900 / 6000 [ 65%]  (Sampling) 
Chain 4 Iteration: 3800 / 6000 [ 63%]  (Sampling) 
Chain 1 Iteration: 3900 / 6000 [ 65%]  (Sampling) 
Chain 3 Iteration: 4300 / 6000 [ 71%]  (Sampling) 
Chain 2 Iteration: 4000 / 6000 [ 66%]  (Sampling) 
Chain 4 Iteration: 3900 / 6000 [ 65%]  (Sampling) 
Chain 1 Iteration: 4000 / 6000 [ 66%]  (Sampling) 
Chain 3 Iteration: 4400 / 6000 [ 73%]  (Sampling) 
Chain 2 Iteration: 4100 / 6000 [ 68%]  (Sampling) 
Chain 4 Iteration: 4000 / 6000 [ 66%]  (Sampling) 
Chain 1 Iteration: 4100 / 6000 [ 68%]  (Sampling) 
Chain 3 Iteration: 4500 / 6000 [ 75%]  (Sampling) 
Chain 2 Iteration: 4200 / 6000 [ 70%]  (Sampling) 
Chain 4 Iteration: 4100 / 6000 [ 68%]  (Sampling) 
Chain 1 Iteration: 4200 / 6000 [ 70%]  (Sampling) 
Chain 3 Iteration: 4600 / 6000 [ 76%]  (Sampling) 
Chain 2 Iteration: 4300 / 6000 [ 71%]  (Sampling) 
Chain 4 Iteration: 4200 / 6000 [ 70%]  (Sampling) 
Chain 3 Iteration: 4700 / 6000 [ 78%]  (Sampling) 
Chain 1 Iteration: 4300 / 6000 [ 71%]  (Sampling) 
Chain 2 Iteration: 4400 / 6000 [ 73%]  (Sampling) 
Chain 4 Iteration: 4300 / 6000 [ 71%]  (Sampling) 
Chain 3 Iteration: 4800 / 6000 [ 80%]  (Sampling) 
Chain 1 Iteration: 4400 / 6000 [ 73%]  (Sampling) 
Chain 2 Iteration: 4500 / 6000 [ 75%]  (Sampling) 
Chain 4 Iteration: 4400 / 6000 [ 73%]  (Sampling) 
Chain 3 Iteration: 4900 / 6000 [ 81%]  (Sampling) 
Chain 1 Iteration: 4500 / 6000 [ 75%]  (Sampling) 
Chain 2 Iteration: 4600 / 6000 [ 76%]  (Sampling) 
Chain 4 Iteration: 4500 / 6000 [ 75%]  (Sampling) 
Chain 3 Iteration: 5000 / 6000 [ 83%]  (Sampling) 
Chain 1 Iteration: 4600 / 6000 [ 76%]  (Sampling) 
Chain 2 Iteration: 4700 / 6000 [ 78%]  (Sampling) 
Chain 4 Iteration: 4600 / 6000 [ 76%]  (Sampling) 
Chain 3 Iteration: 5100 / 6000 [ 85%]  (Sampling) 
Chain 1 Iteration: 4700 / 6000 [ 78%]  (Sampling) 
Chain 2 Iteration: 4800 / 6000 [ 80%]  (Sampling) 
Chain 3 Iteration: 5200 / 6000 [ 86%]  (Sampling) 
Chain 4 Iteration: 4700 / 6000 [ 78%]  (Sampling) 
Chain 1 Iteration: 4800 / 6000 [ 80%]  (Sampling) 
Chain 2 Iteration: 4900 / 6000 [ 81%]  (Sampling) 
Chain 3 Iteration: 5300 / 6000 [ 88%]  (Sampling) 
Chain 4 Iteration: 4800 / 6000 [ 80%]  (Sampling) 
Chain 1 Iteration: 4900 / 6000 [ 81%]  (Sampling) 
Chain 3 Iteration: 5400 / 6000 [ 90%]  (Sampling) 
Chain 2 Iteration: 5000 / 6000 [ 83%]  (Sampling) 
Chain 4 Iteration: 4900 / 6000 [ 81%]  (Sampling) 
Chain 1 Iteration: 5000 / 6000 [ 83%]  (Sampling) 
Chain 3 Iteration: 5500 / 6000 [ 91%]  (Sampling) 
Chain 2 Iteration: 5100 / 6000 [ 85%]  (Sampling) 
Chain 4 Iteration: 5000 / 6000 [ 83%]  (Sampling) 
Chain 1 Iteration: 5100 / 6000 [ 85%]  (Sampling) 
Chain 3 Iteration: 5600 / 6000 [ 93%]  (Sampling) 
Chain 2 Iteration: 5200 / 6000 [ 86%]  (Sampling) 
Chain 4 Iteration: 5100 / 6000 [ 85%]  (Sampling) 
Chain 1 Iteration: 5200 / 6000 [ 86%]  (Sampling) 
Chain 3 Iteration: 5700 / 6000 [ 95%]  (Sampling) 
Chain 2 Iteration: 5300 / 6000 [ 88%]  (Sampling) 
Chain 4 Iteration: 5200 / 6000 [ 86%]  (Sampling) 
Chain 1 Iteration: 5300 / 6000 [ 88%]  (Sampling) 
Chain 3 Iteration: 5800 / 6000 [ 96%]  (Sampling) 
Chain 2 Iteration: 5400 / 6000 [ 90%]  (Sampling) 
Chain 4 Iteration: 5300 / 6000 [ 88%]  (Sampling) 
Chain 1 Iteration: 5400 / 6000 [ 90%]  (Sampling) 
Chain 3 Iteration: 5900 / 6000 [ 98%]  (Sampling) 
Chain 2 Iteration: 5500 / 6000 [ 91%]  (Sampling) 
Chain 4 Iteration: 5400 / 6000 [ 90%]  (Sampling) 
Chain 1 Iteration: 5500 / 6000 [ 91%]  (Sampling) 
Chain 3 Iteration: 6000 / 6000 [100%]  (Sampling) 
Chain 3 finished in 19490.2 seconds.
Chain 2 Iteration: 5600 / 6000 [ 93%]  (Sampling) 
Chain 4 Iteration: 5500 / 6000 [ 91%]  (Sampling) 
Chain 1 Iteration: 5600 / 6000 [ 93%]  (Sampling) 
Chain 2 Iteration: 5700 / 6000 [ 95%]  (Sampling) 
Chain 4 Iteration: 5600 / 6000 [ 93%]  (Sampling) 
Chain 1 Iteration: 5700 / 6000 [ 95%]  (Sampling) 
Chain 2 Iteration: 5800 / 6000 [ 96%]  (Sampling) 
Chain 4 Iteration: 5700 / 6000 [ 95%]  (Sampling) 
Chain 1 Iteration: 5800 / 6000 [ 96%]  (Sampling) 
Chain 2 Iteration: 5900 / 6000 [ 98%]  (Sampling) 
Chain 4 Iteration: 5800 / 6000 [ 96%]  (Sampling) 
Chain 1 Iteration: 5900 / 6000 [ 98%]  (Sampling) 
Chain 2 Iteration: 6000 / 6000 [100%]  (Sampling) 
Chain 2 finished in 20814.0 seconds.
Chain 4 Iteration: 5900 / 6000 [ 98%]  (Sampling) 
Chain 1 Iteration: 6000 / 6000 [100%]  (Sampling) 
Chain 1 finished in 20916.2 seconds.
Chain 4 Iteration: 6000 / 6000 [100%]  (Sampling) 
Chain 4 finished in 21104.8 seconds.

All 4 chains finished successfully.
Mean chain execution time: 20581.3 seconds.
Total execution time: 21105.7 seconds.

[1] "Processing draws 1 to 100"
[1] "Chunk time = 3.26485691467921"
[1] "Processing draws 101 to 200"
[1] "Chunk time = 2.38177923758825"
[1] "Processing draws 201 to 300"
[1] "Chunk time = 2.47234360376994"
[1] "Processing draws 301 to 400"
[1] "Chunk time = 2.17321606079737"
[1] "Processing draws 401 to 500"
[1] "Chunk time = 2.06043457190196"
[1] "Processing draws 501 to 600"
[1] "Chunk time = 2.03354088465373"
[1] "Processing draws 601 to 700"
[1] "Chunk time = 2.06946288744609"
[1] "Processing draws 701 to 800"
[1] "Chunk time = 2.2283621986707"
[1] "Processing draws 801 to 900"
[1] "Chunk time = 2.08169721762339"
[1] "Processing draws 901 to 1000"
[1] "Chunk time = 2.13583798805873"
[1] "Processing draws 1001 to 1100"
[1] "Chunk time = 2.0601824482282"
[1] "Processing draws 1101 to 1200"
[1] "Chunk time = 2.09165708223979"
[1] "Processing draws 1201 to 1300"
[1] "Chunk time = 2.14177757898966"
[1] "Processing draws 1301 to 1400"
[1] "Chunk time = 2.02995076974233"
[1] "Processing draws 1401 to 1500"
[1] "Chunk time = 2.06820853948593"
[1] "Processing draws 1501 to 1600"
[1] "Chunk time = 2.14336470365524"
[1] "Processing draws 1601 to 1700"
[1] "Chunk time = 2.03995523055394"
[1] "Processing draws 1701 to 1800"
[1] "Chunk time = 2.12525843381882"
[1] "Processing draws 1801 to 1900"
[1] "Chunk time = 2.15346097548803"
[1] "Processing draws 1901 to 2000"
[1] "Chunk time = 1.99863179922104"
[1] "Processing draws 2001 to 2100"
[1] "Chunk time = 2.06626179615657"
[1] "Processing draws 2101 to 2200"
[1] "Chunk time = 2.1395837465922"
[1] "Processing draws 2201 to 2300"
[1] "Chunk time = 1.97245140473048"
[1] "Processing draws 2301 to 2400"
[1] "Chunk time = 2.04244052569071"
[1] "Processing draws 2401 to 2500"
[1] "Chunk time = 2.14324974219004"
[1] "Processing draws 2501 to 2600"
[1] "Chunk time = 2.21833477020264"
[1] "Processing draws 2601 to 2700"
[1] "Chunk time = 2.10804927746455"
[1] "Processing draws 2701 to 2800"
[1] "Chunk time = 2.07879658142726"
[1] "Processing draws 2801 to 2900"
[1] "Chunk time = 1.99410709142685"
[1] "Processing draws 2901 to 3000"
[1] "Chunk time = 2.02484236160914"
[1] "Processing draws 3001 to 3100"
[1] "Chunk time = 2.07214221159617"
[1] "Processing draws 3101 to 3200"
[1] "Chunk time = 2.00989131132762"
[1] "Processing draws 3201 to 3300"
[1] "Chunk time = 1.98528182903926"
[1] "Processing draws 3301 to 3400"
[1] "Chunk time = 2.07503456672033"
[1] "Processing draws 3401 to 3500"
[1] "Chunk time = 1.99811458985011"
[1] "Processing draws 3501 to 3600"
[1] "Chunk time = 2.0131614724795"
[1] "Processing draws 3601 to 3700"
[1] "Chunk time = 2.05021973450979"
[1] "Processing draws 3701 to 3800"
[1] "Chunk time = 2.05183842579524"
[1] "Processing draws 3801 to 3900"
[1] "Chunk time = 2.10402164061864"
[1] "Processing draws 3901 to 4000"
[1] "Chunk time = 2.03636690775553"
[1] "Processing draws 4001 to 4100"
[1] "Chunk time = 1.99602890809377"
[1] "Processing draws 4101 to 4200"
[1] "Chunk time = 2.00122004350026"
[1] "Processing draws 4201 to 4300"
[1] "Chunk time = 2.12705906629562"
[1] "Processing draws 4301 to 4400"
[1] "Chunk time = 2.02413611014684"
[1] "Processing draws 4401 to 4500"
[1] "Chunk time = 2.00424534479777"
[1] "Processing draws 4501 to 4600"
[1] "Chunk time = 2.13033128579458"
[1] "Processing draws 4601 to 4700"
[1] "Chunk time = 2.02548027833303"
[1] "Processing draws 4701 to 4800"
[1] "Chunk time = 2.10079749822617"
[1] "Processing draws 4801 to 4900"
[1] "Chunk time = 2.12930690447489"
[1] "Processing draws 4901 to 5000"
[1] "Chunk time = 2.08441107670466"
[1] "Processing draws 5001 to 5100"
[1] "Chunk time = 1.9709912776947"
[1] "Processing draws 5101 to 5200"
[1] "Chunk time = 2.14821096261342"
[1] "Processing draws 5201 to 5300"
[1] "Chunk time = 2.02418870925903"
[1] "Processing draws 5301 to 5400"
[1] "Chunk time = 2.02643829186757"
[1] "Processing draws 5401 to 5500"
[1] "Chunk time = 2.13038858175278"
[1] "Processing draws 5501 to 5600"
[1] "Chunk time = 2.00828665494919"
[1] "Processing draws 5601 to 5700"
[1] "Chunk time = 1.97348371744156"
[1] "Processing draws 5701 to 5800"
[1] "Chunk time = 2.12274994850159"
[1] "Processing draws 5801 to 5900"
[1] "Chunk time = 2.00316867431005"
[1] "Processing draws 5901 to 6000"
[1] "Chunk time = 2.01991732120514"
[1] "Processing draws 6001 to 6100"
[1] "Chunk time = 2.13115626176198"
[1] "Processing draws 6101 to 6200"
[1] "Chunk time = 2.00503546396891"
[1] "Processing draws 6201 to 6300"
[1] "Chunk time = 2.13067143758138"
[1] "Processing draws 6301 to 6400"
[1] "Chunk time = 2.14985100825628"
[1] "Processing draws 6401 to 6500"
[1] "Chunk time = 2.09428496758143"
[1] "Processing draws 6501 to 6600"
[1] "Chunk time = 1.99447439511617"
[1] "Processing draws 6601 to 6700"
[1] "Chunk time = 2.14086628754934"
[1] "Processing draws 6701 to 6800"
[1] "Chunk time = 2.11328212022781"
[1] "Processing draws 6801 to 6900"
[1] "Chunk time = 2.11462795734406"
[1] "Processing draws 6901 to 7000"
[1] "Chunk time = 2.12391948302587"
[1] "Processing draws 7001 to 7100"
[1] "Chunk time = 2.07746638059616"
[1] "Processing draws 7101 to 7200"
[1] "Chunk time = 2.12124741872152"
[1] "Processing draws 7201 to 7300"
[1] "Chunk time = 2.12601215839386"
[1] "Processing draws 7301 to 7400"
[1] "Chunk time = 2.13025734821955"
[1] "Processing draws 7401 to 7500"
[1] "Chunk time = 2.119193816185"
[1] "Processing draws 7501 to 7600"
[1] "Chunk time = 2.1370668609937"
[1] "Processing draws 7601 to 7700"
[1] "Chunk time = 2.07139617204666"
[1] "Processing draws 7701 to 7800"
[1] "Chunk time = 2.02738590240479"
[1] "Processing draws 7801 to 7900"
[1] "Chunk time = 2.14780766566594"
[1] "Processing draws 7901 to 8000"
[1] "Chunk time = 2.036532274882"
[1] "Processing draws 8001 to 8100"
[1] "Chunk time = 1.99796590407689"
[1] "Processing draws 8101 to 8200"
[1] "Chunk time = 2.11215400695801"
[1] "Processing draws 8201 to 8300"
[1] "Chunk time = 2.07024224599202"
[1] "Processing draws 8301 to 8400"
[1] "Chunk time = 2.02662635644277"
[1] "Processing draws 8401 to 8500"
[1] "Chunk time = 2.11805685758591"
[1] "Processing draws 8501 to 8600"
[1] "Chunk time = 2.00612061818441"
[1] "Processing draws 8601 to 8700"
[1] "Chunk time = 1.99154946009318"
[1] "Processing draws 8701 to 8800"
[1] "Chunk time = 2.12872120141983"
[1] "Processing draws 8801 to 8900"
[1] "Chunk time = 2.02633647521337"
[1] "Processing draws 8901 to 9000"
[1] "Chunk time = 2.07737832466761"
[1] "Processing draws 9001 to 9100"
[1] "Chunk time = 2.13303601741791"
[1] "Processing draws 9101 to 9200"
[1] "Chunk time = 2.06910670200984"
[1] "Processing draws 9201 to 9300"
[1] "Chunk time = 2.02924576997757"
[1] "Processing draws 9301 to 9400"
[1] "Chunk time = 2.17093927065531"
[1] "Processing draws 9401 to 9500"
[1] "Chunk time = 2.04662815729777"
[1] "Processing draws 9501 to 9600"
[1] "Chunk time = 2.05153183142344"
[1] "Processing draws 9601 to 9700"
[1] "Chunk time = 2.13808417320251"
[1] "Processing draws 9701 to 9800"
[1] "Chunk time = 2.01881808439891"
[1] "Processing draws 9801 to 9900"
[1] "Chunk time = 2.05123344262441"
[1] "Processing draws 9901 to 10000"
[1] "Chunk time = 2.16029456059138"
[1] "Processing draws 10001 to 10100"
[1] "Chunk time = 2.04110296169917"
[1] "Processing draws 10101 to 10200"
[1] "Chunk time = 2.0831371307373"
[1] "Processing draws 10201 to 10300"
[1] "Chunk time = 2.15416386524836"
[1] "Processing draws 10301 to 10400"
[1] "Chunk time = 2.08227355877558"
[1] "Processing draws 10401 to 10500"
[1] "Chunk time = 2.01721682151159"
[1] "Processing draws 10501 to 10600"
[1] "Chunk time = 2.07674971024195"
[1] "Processing draws 10601 to 10700"
[1] "Chunk time = 2.04321842988332"
[1] "Processing draws 10701 to 10800"
[1] "Chunk time = 2.07516847054164"
[1] "Processing draws 10801 to 10900"
[1] "Chunk time = 2.06693000793457"
[1] "Processing draws 10901 to 11000"
[1] "Chunk time = 2.01876388788223"
[1] "Processing draws 11001 to 11100"
[1] "Chunk time = 2.08367190758387"
[1] "Processing draws 11101 to 11200"
[1] "Chunk time = 2.0956823627154"
[1] "Processing draws 11201 to 11300"
[1] "Chunk time = 2.09142042795817"
[1] "Processing draws 11301 to 11400"
[1] "Chunk time = 2.07200903495153"
[1] "Processing draws 11401 to 11500"
[1] "Chunk time = 2.09846975406011"
[1] "Processing draws 11501 to 11600"
[1] "Chunk time = 2.08031727472941"
[1] "Processing draws 11601 to 11700"
[1] "Chunk time = 2.0825281103452"
[1] "Processing draws 11701 to 11800"
[1] "Chunk time = 2.08036694526672"
[1] "Processing draws 11801 to 11900"
[1] "Chunk time = 2.01024964253108"
[1] "Processing draws 11901 to 12000"
[1] "Chunk time = 2.07817210356394"
[1] "Processing draws 12001 to 12100"
[1] "Chunk time = 2.02786441246668"
[1] "Processing draws 12101 to 12200"
[1] "Chunk time = 2.03665045499802"
[1] "Processing draws 12201 to 12300"
[1] "Chunk time = 2.03894780476888"
[1] "Processing draws 12301 to 12400"
[1] "Chunk time = 2.09502105712891"
[1] "Processing draws 12401 to 12500"
[1] "Chunk time = 2.0920415798823"
[1] "Processing draws 12501 to 12600"
[1] "Chunk time = 2.04075683752696"
[1] "Processing draws 12601 to 12700"
[1] "Chunk time = 2.07907903989156"
[1] "Processing draws 12701 to 12800"
[1] "Chunk time = 2.1130798737208"
[1] "Processing draws 12801 to 12900"
[1] "Chunk time = 2.02756116390228"
[1] "Processing draws 12901 to 13000"
[1] "Chunk time = 2.09241633415222"
[1] "Processing draws 13001 to 13100"
[1] "Chunk time = 2.03660655419032"
[1] "Processing draws 13101 to 13200"
[1] "Chunk time = 2.07033030589422"
[1] "Processing draws 13201 to 13300"
[1] "Chunk time = 2.15003484090169"
[1] "Processing draws 13301 to 13400"
[1] "Chunk time = 2.06179260015488"
[1] "Processing draws 13401 to 13500"
[1] "Chunk time = 2.02479506333669"
[1] "Processing draws 13501 to 13600"
[1] "Chunk time = 2.15775666236877"
[1] "Processing draws 13601 to 13700"
[1] "Chunk time = 2.03008783658346"
[1] "Processing draws 13701 to 13800"
[1] "Chunk time = 2.06275802453359"
[1] "Processing draws 13801 to 13900"
[1] "Chunk time = 2.14781895875931"
[1] "Processing draws 13901 to 14000"
[1] "Chunk time = 2.12822119792302"
[1] "Processing draws 14001 to 14100"
[1] "Chunk time = 2.01075095733007"
[1] "Processing draws 14101 to 14200"
[1] "Chunk time = 2.17045712073644"
[1] "Processing draws 14201 to 14300"
[1] "Chunk time = 2.04700932900111"
[1] "Processing draws 14301 to 14400"
[1] "Chunk time = 2.04559502204259"
[1] "Processing draws 14401 to 14500"
[1] "Chunk time = 2.15282566944758"
[1] "Processing draws 14501 to 14600"
[1] "Chunk time = 2.07295280297597"
[1] "Processing draws 14601 to 14700"
[1] "Chunk time = 2.0136386235555"
[1] "Processing draws 14701 to 14800"
[1] "Chunk time = 2.05151045322418"
[1] "Processing draws 14801 to 14900"
[1] "Chunk time = 2.01698352495829"
[1] "Processing draws 14901 to 15000"
[1] "Chunk time = 2.03873275121053"
[1] "Processing draws 15001 to 15100"
[1] "Chunk time = 2.03255605697632"
[1] "Processing draws 15101 to 15200"
[1] "Chunk time = 2.0257231593132"
[1] "Processing draws 15201 to 15300"
[1] "Chunk time = 2.07910956541697"
[1] "Processing draws 15301 to 15400"
[1] "Chunk time = 2.09550204674403"
[1] "Processing draws 15401 to 15500"
[1] "Chunk time = 2.00593902667363"
[1] "Processing draws 15501 to 15600"
[1] "Chunk time = 2.04799582560857"
[1] "Processing draws 15601 to 15700"
[1] "Chunk time = 2.10452035665512"
[1] "Processing draws 15701 to 15800"
[1] "Chunk time = 2.01938113768895"
[1] "Processing draws 15801 to 15900"
[1] "Chunk time = 2.01610924005508"
[1] "Processing draws 15901 to 16000"
[1] "Chunk time = 2.17980841398239"
[1] "Processing draws 16001 to 16100"
[1] "Chunk time = 2.00557510455449"
[1] "Processing draws 16101 to 16200"
[1] "Chunk time = 2.01843241453171"
[1] "Processing draws 16201 to 16300"
[1] "Chunk time = 2.15075856844584"
[1] "Processing draws 16301 to 16400"
[1] "Chunk time = 2.11160732507706"
[1] "Processing draws 16401 to 16500"
[1] "Chunk time = 2.03032705783844"
[1] "Processing draws 16501 to 16600"
[1] "Chunk time = 2.16452203989029"
[1] "Processing draws 16601 to 16700"
[1] "Chunk time = 2.12040098905563"
[1] "Processing draws 16701 to 16800"
[1] "Chunk time = 2.05252474546432"
[1] "Processing draws 16801 to 16900"
[1] "Chunk time = 2.13604667981466"
[1] "Processing draws 16901 to 17000"
[1] "Chunk time = 2.02882006168365"
[1] "Processing draws 17001 to 17100"
[1] "Chunk time = 2.01270946661631"
[1] "Processing draws 17101 to 17200"
[1] "Chunk time = 2.14591120084127"
[1] "Processing draws 17201 to 17300"
[1] "Chunk time = 2.10030440886815"
[1] "Processing draws 17301 to 17400"
[1] "Chunk time = 2.07337371110916"
[1] "Processing draws 17401 to 17500"
[1] "Chunk time = 2.19702407519023"
[1] "Processing draws 17501 to 17600"
[1] "Chunk time = 2.05367826223373"
[1] "Processing draws 17601 to 17700"
[1] "Chunk time = 2.01211264133453"
[1] "Processing draws 17701 to 17800"
[1] "Chunk time = 2.16054518222809"
[1] "Processing draws 17801 to 17900"
[1] "Chunk time = 2.07504632870356"
[1] "Processing draws 17901 to 18000"
[1] "Chunk time = 2.10703842242559"
[1] "Processing draws 18001 to 18100"
[1] "Chunk time = 2.1583664615949"
[1] "Processing draws 18101 to 18200"
[1] "Chunk time = 2.02684627771378"
[1] "Processing draws 18201 to 18300"
[1] "Chunk time = 2.07752316792806"
[1] "Processing draws 18301 to 18400"
[1] "Chunk time = 2.16787618398666"
[1] "Processing draws 18401 to 18500"
[1] "Chunk time = 2.0133664170901"
[1] "Processing draws 18501 to 18600"
[1] "Chunk time = 2.08117407957713"
[1] "Processing draws 18601 to 18700"
[1] "Chunk time = 2.14431587060293"
[1] "Processing draws 18701 to 18800"
[1] "Chunk time = 2.06471159855525"
[1] "Processing draws 18801 to 18900"
[1] "Chunk time = 2.01985701322556"
[1] "Processing draws 18901 to 19000"
[1] "Chunk time = 2.13663340012232"
[1] "Processing draws 19001 to 19100"
[1] "Chunk time = 2.03586242993673"
[1] "Processing draws 19101 to 19200"
[1] "Chunk time = 2.07016934156418"
[1] "Processing draws 19201 to 19300"
[1] "Chunk time = 2.17073974609375"
[1] "Processing draws 19301 to 19400"
[1] "Chunk time = 2.11263218720754"
[1] "Processing draws 19401 to 19500"
[1] "Chunk time = 2.08128663698832"
[1] "Processing draws 19501 to 19600"
[1] "Chunk time = 2.15877409776052"
[1] "Processing draws 19601 to 19700"
[1] "Chunk time = 2.01715133587519"
[1] "Processing draws 19701 to 19800"
[1] "Chunk time = 2.03223156134288"
[1] "Processing draws 19801 to 19900"
[1] "Chunk time = 2.17239217360814"
[1] "Processing draws 19901 to 20000"
[1] "Chunk time = 2.0360577861468"
[1] "done lapplying"
[1] "Saving current params"
[1] "Saving params to output.rds"
[1] TRUE
[1] "Time for modelling:"
[1] "2025-07-03 01:19:22 EDT"
[1] "Time for posterior computations:"
Time difference of 6.979747 hours
[1] "Total time:"
[1] "2025-07-03 08:18:09 EDT"
