[1] "Starting sampling."
Running MCMC with 4 parallel chains, with 4 thread(s) per chain...

Chain 1 Iteration:    1 / 6000 [  0%]  (Warmup) 
Chain 2 Iteration:    1 / 6000 [  0%]  (Warmup) 
Chain 3 Iteration:    1 / 6000 [  0%]  (Warmup) 
Chain 4 Iteration:    1 / 6000 [  0%]  (Warmup) 
Chain 3 Iteration:  100 / 6000 [  1%]  (Warmup) 
Chain 4 Iteration:  100 / 6000 [  1%]  (Warmup) 
Chain 1 Iteration:  100 / 6000 [  1%]  (Warmup) 
Chain 2 Iteration:  100 / 6000 [  1%]  (Warmup) 
Chain 3 Iteration:  200 / 6000 [  3%]  (Warmup) 
Chain 1 Iteration:  200 / 6000 [  3%]  (Warmup) 
Chain 4 Iteration:  200 / 6000 [  3%]  (Warmup) 
Chain 2 Iteration:  200 / 6000 [  3%]  (Warmup) 
Chain 3 Iteration:  300 / 6000 [  5%]  (Warmup) 
Chain 2 Iteration:  300 / 6000 [  5%]  (Warmup) 
Chain 1 Iteration:  300 / 6000 [  5%]  (Warmup) 
Chain 4 Iteration:  300 / 6000 [  5%]  (Warmup) 
Chain 3 Iteration:  400 / 6000 [  6%]  (Warmup) 
Chain 1 Iteration:  400 / 6000 [  6%]  (Warmup) 
Chain 2 Iteration:  400 / 6000 [  6%]  (Warmup) 
Chain 4 Iteration:  400 / 6000 [  6%]  (Warmup) 
Chain 3 Iteration:  500 / 6000 [  8%]  (Warmup) 
Chain 2 Iteration:  500 / 6000 [  8%]  (Warmup) 
Chain 1 Iteration:  500 / 6000 [  8%]  (Warmup) 
Chain 4 Iteration:  500 / 6000 [  8%]  (Warmup) 
Chain 3 Iteration:  600 / 6000 [ 10%]  (Warmup) 
Chain 2 Iteration:  600 / 6000 [ 10%]  (Warmup) 
Chain 1 Iteration:  600 / 6000 [ 10%]  (Warmup) 
Chain 4 Iteration:  600 / 6000 [ 10%]  (Warmup) 
Chain 2 Iteration:  700 / 6000 [ 11%]  (Warmup) 
Chain 3 Iteration:  700 / 6000 [ 11%]  (Warmup) 
Chain 1 Iteration:  700 / 6000 [ 11%]  (Warmup) 
Chain 4 Iteration:  700 / 6000 [ 11%]  (Warmup) 
Chain 2 Iteration:  800 / 6000 [ 13%]  (Warmup) 
Chain 3 Iteration:  800 / 6000 [ 13%]  (Warmup) 
Chain 1 Iteration:  800 / 6000 [ 13%]  (Warmup) 
Chain 4 Iteration:  800 / 6000 [ 13%]  (Warmup) 
Chain 2 Iteration:  900 / 6000 [ 15%]  (Warmup) 
Chain 3 Iteration:  900 / 6000 [ 15%]  (Warmup) 
Chain 1 Iteration:  900 / 6000 [ 15%]  (Warmup) 
Chain 4 Iteration:  900 / 6000 [ 15%]  (Warmup) 
Chain 3 Iteration: 1000 / 6000 [ 16%]  (Warmup) 
Chain 3 Iteration: 1001 / 6000 [ 16%]  (Sampling) 
Chain 2 Iteration: 1000 / 6000 [ 16%]  (Warmup) 
Chain 2 Iteration: 1001 / 6000 [ 16%]  (Sampling) 
Chain 1 Iteration: 1000 / 6000 [ 16%]  (Warmup) 
Chain 1 Iteration: 1001 / 6000 [ 16%]  (Sampling) 
Chain 4 Iteration: 1000 / 6000 [ 16%]  (Warmup) 
Chain 4 Iteration: 1001 / 6000 [ 16%]  (Sampling) 
Chain 3 Iteration: 1100 / 6000 [ 18%]  (Sampling) 
Chain 2 Iteration: 1100 / 6000 [ 18%]  (Sampling) 
Chain 1 Iteration: 1100 / 6000 [ 18%]  (Sampling) 
Chain 4 Iteration: 1100 / 6000 [ 18%]  (Sampling) 
Chain 2 Iteration: 1200 / 6000 [ 20%]  (Sampling) 
Chain 3 Iteration: 1200 / 6000 [ 20%]  (Sampling) 
Chain 1 Iteration: 1200 / 6000 [ 20%]  (Sampling) 
Chain 4 Iteration: 1200 / 6000 [ 20%]  (Sampling) 
Chain 2 Iteration: 1300 / 6000 [ 21%]  (Sampling) 
Chain 3 Iteration: 1300 / 6000 [ 21%]  (Sampling) 
Chain 1 Iteration: 1300 / 6000 [ 21%]  (Sampling) 
Chain 4 Iteration: 1300 / 6000 [ 21%]  (Sampling) 
Chain 2 Iteration: 1400 / 6000 [ 23%]  (Sampling) 
Chain 3 Iteration: 1400 / 6000 [ 23%]  (Sampling) 
Chain 1 Iteration: 1400 / 6000 [ 23%]  (Sampling) 
Chain 4 Iteration: 1400 / 6000 [ 23%]  (Sampling) 
Chain 2 Iteration: 1500 / 6000 [ 25%]  (Sampling) 
Chain 3 Iteration: 1500 / 6000 [ 25%]  (Sampling) 
Chain 1 Iteration: 1500 / 6000 [ 25%]  (Sampling) 
Chain 4 Iteration: 1500 / 6000 [ 25%]  (Sampling) 
Chain 2 Iteration: 1600 / 6000 [ 26%]  (Sampling) 
Chain 1 Iteration: 1600 / 6000 [ 26%]  (Sampling) 
Chain 3 Iteration: 1600 / 6000 [ 26%]  (Sampling) 
Chain 4 Iteration: 1600 / 6000 [ 26%]  (Sampling) 
Chain 2 Iteration: 1700 / 6000 [ 28%]  (Sampling) 
Chain 1 Iteration: 1700 / 6000 [ 28%]  (Sampling) 
Chain 3 Iteration: 1700 / 6000 [ 28%]  (Sampling) 
Chain 4 Iteration: 1700 / 6000 [ 28%]  (Sampling) 
Chain 2 Iteration: 1800 / 6000 [ 30%]  (Sampling) 
Chain 1 Iteration: 1800 / 6000 [ 30%]  (Sampling) 
Chain 4 Iteration: 1800 / 6000 [ 30%]  (Sampling) 
Chain 3 Iteration: 1800 / 6000 [ 30%]  (Sampling) 
Chain 2 Iteration: 1900 / 6000 [ 31%]  (Sampling) 
Chain 1 Iteration: 1900 / 6000 [ 31%]  (Sampling) 
Chain 4 Iteration: 1900 / 6000 [ 31%]  (Sampling) 
Chain 3 Iteration: 1900 / 6000 [ 31%]  (Sampling) 
Chain 2 Iteration: 2000 / 6000 [ 33%]  (Sampling) 
Chain 1 Iteration: 2000 / 6000 [ 33%]  (Sampling) 
Chain 4 Iteration: 2000 / 6000 [ 33%]  (Sampling) 
Chain 3 Iteration: 2000 / 6000 [ 33%]  (Sampling) 
Chain 2 Iteration: 2100 / 6000 [ 35%]  (Sampling) 
Chain 1 Iteration: 2100 / 6000 [ 35%]  (Sampling) 
Chain 4 Iteration: 2100 / 6000 [ 35%]  (Sampling) 
Chain 2 Iteration: 2200 / 6000 [ 36%]  (Sampling) 
Chain 3 Iteration: 2100 / 6000 [ 35%]  (Sampling) 
Chain 1 Iteration: 2200 / 6000 [ 36%]  (Sampling) 
Chain 4 Iteration: 2200 / 6000 [ 36%]  (Sampling) 
Chain 2 Iteration: 2300 / 6000 [ 38%]  (Sampling) 
Chain 3 Iteration: 2200 / 6000 [ 36%]  (Sampling) 
Chain 1 Iteration: 2300 / 6000 [ 38%]  (Sampling) 
Chain 4 Iteration: 2300 / 6000 [ 38%]  (Sampling) 
Chain 2 Iteration: 2400 / 6000 [ 40%]  (Sampling) 
Chain 3 Iteration: 2300 / 6000 [ 38%]  (Sampling) 
Chain 1 Iteration: 2400 / 6000 [ 40%]  (Sampling) 
Chain 4 Iteration: 2400 / 6000 [ 40%]  (Sampling) 
Chain 2 Iteration: 2500 / 6000 [ 41%]  (Sampling) 
Chain 3 Iteration: 2400 / 6000 [ 40%]  (Sampling) 
Chain 1 Iteration: 2500 / 6000 [ 41%]  (Sampling) 
Chain 4 Iteration: 2500 / 6000 [ 41%]  (Sampling) 
Chain 2 Iteration: 2600 / 6000 [ 43%]  (Sampling) 
Chain 1 Iteration: 2600 / 6000 [ 43%]  (Sampling) 
Chain 4 Iteration: 2600 / 6000 [ 43%]  (Sampling) 
Chain 3 Iteration: 2500 / 6000 [ 41%]  (Sampling) 
Chain 2 Iteration: 2700 / 6000 [ 45%]  (Sampling) 
Chain 1 Iteration: 2700 / 6000 [ 45%]  (Sampling) 
Chain 4 Iteration: 2700 / 6000 [ 45%]  (Sampling) 
Chain 3 Iteration: 2600 / 6000 [ 43%]  (Sampling) 
Chain 2 Iteration: 2800 / 6000 [ 46%]  (Sampling) 
Chain 1 Iteration: 2800 / 6000 [ 46%]  (Sampling) 
Chain 4 Iteration: 2800 / 6000 [ 46%]  (Sampling) 
Chain 2 Iteration: 2900 / 6000 [ 48%]  (Sampling) 
Chain 3 Iteration: 2700 / 6000 [ 45%]  (Sampling) 
Chain 4 Iteration: 2900 / 6000 [ 48%]  (Sampling) 
Chain 1 Iteration: 2900 / 6000 [ 48%]  (Sampling) 
Chain 2 Iteration: 3000 / 6000 [ 50%]  (Sampling) 
Chain 3 Iteration: 2800 / 6000 [ 46%]  (Sampling) 
Chain 4 Iteration: 3000 / 6000 [ 50%]  (Sampling) 
Chain 1 Iteration: 3000 / 6000 [ 50%]  (Sampling) 
Chain 2 Iteration: 3100 / 6000 [ 51%]  (Sampling) 
Chain 3 Iteration: 2900 / 6000 [ 48%]  (Sampling) 
Chain 4 Iteration: 3100 / 6000 [ 51%]  (Sampling) 
Chain 1 Iteration: 3100 / 6000 [ 51%]  (Sampling) 
Chain 2 Iteration: 3200 / 6000 [ 53%]  (Sampling) 
Chain 4 Iteration: 3200 / 6000 [ 53%]  (Sampling) 
Chain 3 Iteration: 3000 / 6000 [ 50%]  (Sampling) 
Chain 1 Iteration: 3200 / 6000 [ 53%]  (Sampling) 
Chain 2 Iteration: 3300 / 6000 [ 55%]  (Sampling) 
Chain 4 Iteration: 3300 / 6000 [ 55%]  (Sampling) 
Chain 3 Iteration: 3100 / 6000 [ 51%]  (Sampling) 
Chain 1 Iteration: 3300 / 6000 [ 55%]  (Sampling) 
Chain 2 Iteration: 3400 / 6000 [ 56%]  (Sampling) 
Chain 4 Iteration: 3400 / 6000 [ 56%]  (Sampling) 
Chain 1 Iteration: 3400 / 6000 [ 56%]  (Sampling) 
Chain 3 Iteration: 3200 / 6000 [ 53%]  (Sampling) 
Chain 2 Iteration: 3500 / 6000 [ 58%]  (Sampling) 
Chain 4 Iteration: 3500 / 6000 [ 58%]  (Sampling) 
Chain 1 Iteration: 3500 / 6000 [ 58%]  (Sampling) 
Chain 3 Iteration: 3300 / 6000 [ 55%]  (Sampling) 
Chain 2 Iteration: 3600 / 6000 [ 60%]  (Sampling) 
Chain 4 Iteration: 3600 / 6000 [ 60%]  (Sampling) 
Chain 1 Iteration: 3600 / 6000 [ 60%]  (Sampling) 
Chain 3 Iteration: 3400 / 6000 [ 56%]  (Sampling) 
Chain 2 Iteration: 3700 / 6000 [ 61%]  (Sampling) 
Chain 4 Iteration: 3700 / 6000 [ 61%]  (Sampling) 
Chain 1 Iteration: 3700 / 6000 [ 61%]  (Sampling) 
Chain 2 Iteration: 3800 / 6000 [ 63%]  (Sampling) 
Chain 3 Iteration: 3500 / 6000 [ 58%]  (Sampling) 
Chain 4 Iteration: 3800 / 6000 [ 63%]  (Sampling) 
Chain 2 Iteration: 3900 / 6000 [ 65%]  (Sampling) 
Chain 1 Iteration: 3800 / 6000 [ 63%]  (Sampling) 
Chain 3 Iteration: 3600 / 6000 [ 60%]  (Sampling) 
Chain 4 Iteration: 3900 / 6000 [ 65%]  (Sampling) 
Chain 2 Iteration: 4000 / 6000 [ 66%]  (Sampling) 
Chain 1 Iteration: 3900 / 6000 [ 65%]  (Sampling) 
Chain 3 Iteration: 3700 / 6000 [ 61%]  (Sampling) 
Chain 4 Iteration: 4000 / 6000 [ 66%]  (Sampling) 
Chain 2 Iteration: 4100 / 6000 [ 68%]  (Sampling) 
Chain 1 Iteration: 4000 / 6000 [ 66%]  (Sampling) 
Chain 3 Iteration: 3800 / 6000 [ 63%]  (Sampling) 
Chain 4 Iteration: 4100 / 6000 [ 68%]  (Sampling) 
Chain 2 Iteration: 4200 / 6000 [ 70%]  (Sampling) 
Chain 1 Iteration: 4100 / 6000 [ 68%]  (Sampling) 
Chain 3 Iteration: 3900 / 6000 [ 65%]  (Sampling) 
Chain 4 Iteration: 4200 / 6000 [ 70%]  (Sampling) 
Chain 2 Iteration: 4300 / 6000 [ 71%]  (Sampling) 
Chain 1 Iteration: 4200 / 6000 [ 70%]  (Sampling) 
Chain 3 Iteration: 4000 / 6000 [ 66%]  (Sampling) 
Chain 4 Iteration: 4300 / 6000 [ 71%]  (Sampling) 
Chain 2 Iteration: 4400 / 6000 [ 73%]  (Sampling) 
Chain 1 Iteration: 4300 / 6000 [ 71%]  (Sampling) 
Chain 3 Iteration: 4100 / 6000 [ 68%]  (Sampling) 
Chain 4 Iteration: 4400 / 6000 [ 73%]  (Sampling) 
Chain 2 Iteration: 4500 / 6000 [ 75%]  (Sampling) 
Chain 1 Iteration: 4400 / 6000 [ 73%]  (Sampling) 
Chain 3 Iteration: 4200 / 6000 [ 70%]  (Sampling) 
Chain 4 Iteration: 4500 / 6000 [ 75%]  (Sampling) 
Chain 2 Iteration: 4600 / 6000 [ 76%]  (Sampling) 
Chain 1 Iteration: 4500 / 6000 [ 75%]  (Sampling) 
Chain 3 Iteration: 4300 / 6000 [ 71%]  (Sampling) 
Chain 4 Iteration: 4600 / 6000 [ 76%]  (Sampling) 
Chain 2 Iteration: 4700 / 6000 [ 78%]  (Sampling) 
Chain 1 Iteration: 4600 / 6000 [ 76%]  (Sampling) 
Chain 3 Iteration: 4400 / 6000 [ 73%]  (Sampling) 
Chain 4 Iteration: 4700 / 6000 [ 78%]  (Sampling) 
Chain 2 Iteration: 4800 / 6000 [ 80%]  (Sampling) 
Chain 1 Iteration: 4700 / 6000 [ 78%]  (Sampling) 
Chain 3 Iteration: 4500 / 6000 [ 75%]  (Sampling) 
Chain 4 Iteration: 4800 / 6000 [ 80%]  (Sampling) 
Chain 2 Iteration: 4900 / 6000 [ 81%]  (Sampling) 
Chain 1 Iteration: 4800 / 6000 [ 80%]  (Sampling) 
Chain 3 Iteration: 4600 / 6000 [ 76%]  (Sampling) 
Chain 4 Iteration: 4900 / 6000 [ 81%]  (Sampling) 
Chain 2 Iteration: 5000 / 6000 [ 83%]  (Sampling) 
Chain 1 Iteration: 4900 / 6000 [ 81%]  (Sampling) 
Chain 3 Iteration: 4700 / 6000 [ 78%]  (Sampling) 
Chain 4 Iteration: 5000 / 6000 [ 83%]  (Sampling) 
Chain 2 Iteration: 5100 / 6000 [ 85%]  (Sampling) 
Chain 1 Iteration: 5000 / 6000 [ 83%]  (Sampling) 
Chain 3 Iteration: 4800 / 6000 [ 80%]  (Sampling) 
Chain 4 Iteration: 5100 / 6000 [ 85%]  (Sampling) 
Chain 2 Iteration: 5200 / 6000 [ 86%]  (Sampling) 
Chain 1 Iteration: 5100 / 6000 [ 85%]  (Sampling) 
Chain 3 Iteration: 4900 / 6000 [ 81%]  (Sampling) 
Chain 4 Iteration: 5200 / 6000 [ 86%]  (Sampling) 
Chain 2 Iteration: 5300 / 6000 [ 88%]  (Sampling) 
Chain 1 Iteration: 5200 / 6000 [ 86%]  (Sampling) 
Chain 3 Iteration: 5000 / 6000 [ 83%]  (Sampling) 
Chain 4 Iteration: 5300 / 6000 [ 88%]  (Sampling) 
Chain 2 Iteration: 5400 / 6000 [ 90%]  (Sampling) 
Chain 3 Iteration: 5100 / 6000 [ 85%]  (Sampling) 
Chain 1 Iteration: 5300 / 6000 [ 88%]  (Sampling) 
Chain 4 Iteration: 5400 / 6000 [ 90%]  (Sampling) 
Chain 2 Iteration: 5500 / 6000 [ 91%]  (Sampling) 
Chain 3 Iteration: 5200 / 6000 [ 86%]  (Sampling) 
Chain 1 Iteration: 5400 / 6000 [ 90%]  (Sampling) 
Chain 4 Iteration: 5500 / 6000 [ 91%]  (Sampling) 
Chain 2 Iteration: 5600 / 6000 [ 93%]  (Sampling) 
Chain 3 Iteration: 5300 / 6000 [ 88%]  (Sampling) 
Chain 1 Iteration: 5500 / 6000 [ 91%]  (Sampling) 
Chain 4 Iteration: 5600 / 6000 [ 93%]  (Sampling) 
Chain 2 Iteration: 5700 / 6000 [ 95%]  (Sampling) 
Chain 3 Iteration: 5400 / 6000 [ 90%]  (Sampling) 
Chain 1 Iteration: 5600 / 6000 [ 93%]  (Sampling) 
Chain 4 Iteration: 5700 / 6000 [ 95%]  (Sampling) 
Chain 2 Iteration: 5800 / 6000 [ 96%]  (Sampling) 
Chain 3 Iteration: 5500 / 6000 [ 91%]  (Sampling) 
Chain 1 Iteration: 5700 / 6000 [ 95%]  (Sampling) 
Chain 4 Iteration: 5800 / 6000 [ 96%]  (Sampling) 
Chain 2 Iteration: 5900 / 6000 [ 98%]  (Sampling) 
Chain 3 Iteration: 5600 / 6000 [ 93%]  (Sampling) 
Chain 1 Iteration: 5800 / 6000 [ 96%]  (Sampling) 
Chain 4 Iteration: 5900 / 6000 [ 98%]  (Sampling) 
Chain 3 Iteration: 5700 / 6000 [ 95%]  (Sampling) 
Chain 2 Iteration: 6000 / 6000 [100%]  (Sampling) 
Chain 2 finished in 2783.0 seconds.
Chain 1 Iteration: 5900 / 6000 [ 98%]  (Sampling) 
Chain 3 Iteration: 5800 / 6000 [ 96%]  (Sampling) 
Chain 4 Iteration: 6000 / 6000 [100%]  (Sampling) 
Chain 4 finished in 2815.0 seconds.
Chain 1 Iteration: 6000 / 6000 [100%]  (Sampling) 
Chain 1 finished in 2850.2 seconds.
Chain 3 Iteration: 5900 / 6000 [ 98%]  (Sampling) 
Chain 3 Iteration: 6000 / 6000 [100%]  (Sampling) 
Chain 3 finished in 2892.2 seconds.

All 4 chains finished successfully.
Mean chain execution time: 2835.1 seconds.
Total execution time: 2892.5 seconds.

[1] "Processing draws 1 to 100"
[1] "Chunk time = 57.1766474246979"
[1] "Processing draws 101 to 200"
[1] "Chunk time = 20.7481830120087"
[1] "Processing draws 201 to 300"
[1] "Chunk time = 19.3693437576294"
[1] "Processing draws 301 to 400"
[1] "Chunk time = 20.0169999599457"
[1] "Processing draws 401 to 500"
[1] "Chunk time = 19.5194897651672"
[1] "Processing draws 501 to 600"
[1] "Chunk time = 19.3689496517181"
[1] "Processing draws 601 to 700"
[1] "Chunk time = 19.364068031311"
[1] "Processing draws 701 to 800"
[1] "Chunk time = 19.7881224155426"
[1] "Processing draws 801 to 900"
[1] "Chunk time = 20.1535005569458"
[1] "Processing draws 901 to 1000"
[1] "Chunk time = 19.8263292312622"
[1] "Processing draws 1001 to 1100"
[1] "Chunk time = 19.7349336147308"
[1] "Processing draws 1101 to 1200"
[1] "Chunk time = 19.8485596179962"
[1] "Processing draws 1201 to 1300"
[1] "Chunk time = 19.2840070724487"
[1] "Processing draws 1301 to 1400"
[1] "Chunk time = 19.5814650058746"
[1] "Processing draws 1401 to 1500"
[1] "Chunk time = 19.6703090667725"
[1] "Processing draws 1501 to 1600"
[1] "Chunk time = 18.9907088279724"
[1] "Processing draws 1601 to 1700"
[1] "Chunk time = 19.9277176856995"
[1] "Processing draws 1701 to 1800"
[1] "Chunk time = 19.7315406799316"
[1] "Processing draws 1801 to 1900"
[1] "Chunk time = 19.6021614074707"
[1] "Processing draws 1901 to 2000"
[1] "Chunk time = 19.8130161762238"
[1] "Processing draws 2001 to 2100"
[1] "Chunk time = 19.9876093864441"
[1] "Processing draws 2101 to 2200"
[1] "Chunk time = 20.2128760814667"
[1] "Processing draws 2201 to 2300"
[1] "Chunk time = 19.5824220180511"
[1] "Processing draws 2301 to 2400"
[1] "Chunk time = 19.5956823825836"
[1] "Processing draws 2401 to 2500"
[1] "Chunk time = 19.7374219894409"
[1] "Processing draws 2501 to 2600"
[1] "Chunk time = 19.6608617305756"
[1] "Processing draws 2601 to 2700"
[1] "Chunk time = 19.4617214202881"
[1] "Processing draws 2701 to 2800"
[1] "Chunk time = 19.5573546886444"
[1] "Processing draws 2801 to 2900"
[1] "Chunk time = 19.3275136947632"
[1] "Processing draws 2901 to 3000"
[1] "Chunk time = 19.571834564209"
[1] "Processing draws 3001 to 3100"
[1] "Chunk time = 19.493218421936"
[1] "Processing draws 3101 to 3200"
[1] "Chunk time = 19.2953815460205"
[1] "Processing draws 3201 to 3300"
[1] "Chunk time = 19.723872423172"
[1] "Processing draws 3301 to 3400"
[1] "Chunk time = 19.5631802082062"
[1] "Processing draws 3401 to 3500"
[1] "Chunk time = 19.4545481204987"
[1] "Processing draws 3501 to 3600"
[1] "Chunk time = 19.6060562133789"
[1] "Processing draws 3601 to 3700"
[1] "Chunk time = 19.9130911827087"
[1] "Processing draws 3701 to 3800"
[1] "Chunk time = 19.5551087856293"
[1] "Processing draws 3801 to 3900"
[1] "Chunk time = 19.533118724823"
[1] "Processing draws 3901 to 4000"
[1] "Chunk time = 19.1418750286102"
[1] "Processing draws 4001 to 4100"
[1] "Chunk time = 19.6280434131622"
[1] "Processing draws 4101 to 4200"
[1] "Chunk time = 19.418848991394"
[1] "Processing draws 4201 to 4300"
[1] "Chunk time = 19.5396404266357"
[1] "Processing draws 4301 to 4400"
[1] "Chunk time = 19.1668746471405"
[1] "Processing draws 4401 to 4500"
[1] "Chunk time = 19.7182116508484"
[1] "Processing draws 4501 to 4600"
[1] "Chunk time = 19.4207444190979"
[1] "Processing draws 4601 to 4700"
[1] "Chunk time = 20.0745058059692"
[1] "Processing draws 4701 to 4800"
[1] "Chunk time = 19.8018097877502"
[1] "Processing draws 4801 to 4900"
[1] "Chunk time = 19.1778681278229"
[1] "Processing draws 4901 to 5000"
[1] "Chunk time = 19.7854657173157"
[1] "Processing draws 5001 to 5100"
[1] "Chunk time = 19.9918248653412"
[1] "Processing draws 5101 to 5200"
[1] "Chunk time = 19.8214943408966"
[1] "Processing draws 5201 to 5300"
[1] "Chunk time = 19.8179450035095"
[1] "Processing draws 5301 to 5400"
[1] "Chunk time = 19.2857694625854"
[1] "Processing draws 5401 to 5500"
[1] "Chunk time = 19.8406331539154"
[1] "Processing draws 5501 to 5600"
[1] "Chunk time = 19.3923604488373"
[1] "Processing draws 5601 to 5700"
[1] "Chunk time = 19.7118196487427"
[1] "Processing draws 5701 to 5800"
[1] "Chunk time = 19.6470429897308"
[1] "Processing draws 5801 to 5900"
[1] "Chunk time = 19.4967572689056"
[1] "Processing draws 5901 to 6000"
[1] "Chunk time = 19.915228843689"
[1] "Processing draws 6001 to 6100"
[1] "Chunk time = 19.3418164253235"
[1] "Processing draws 6101 to 6200"
[1] "Chunk time = 19.87757563591"
[1] "Processing draws 6201 to 6300"
[1] "Chunk time = 19.9528367519379"
[1] "Processing draws 6301 to 6400"
[1] "Chunk time = 19.5419924259186"
[1] "Processing draws 6401 to 6500"
[1] "Chunk time = 20.1267745494843"
[1] "Processing draws 6501 to 6600"
[1] "Chunk time = 19.4600069522858"
[1] "Processing draws 6601 to 6700"
[1] "Chunk time = 20.0049974918365"
[1] "Processing draws 6701 to 6800"
[1] "Chunk time = 19.8361055850983"
[1] "Processing draws 6801 to 6900"
[1] "Chunk time = 19.4251823425293"
[1] "Processing draws 6901 to 7000"
[1] "Chunk time = 19.6902163028717"
[1] "Processing draws 7001 to 7100"
[1] "Chunk time = 19.237756729126"
[1] "Processing draws 7101 to 7200"
[1] "Chunk time = 19.8668105602264"
[1] "Processing draws 7201 to 7300"
[1] "Chunk time = 19.5362894535065"
[1] "Processing draws 7301 to 7400"
[1] "Chunk time = 19.163916349411"
[1] "Processing draws 7401 to 7500"
[1] "Chunk time = 19.7940921783447"
[1] "Processing draws 7501 to 7600"
[1] "Chunk time = 19.2275991439819"
[1] "Processing draws 7601 to 7700"
[1] "Chunk time = 20.0328691005707"
[1] "Processing draws 7701 to 7800"
[1] "Chunk time = 19.4401533603668"
[1] "Processing draws 7801 to 7900"
[1] "Chunk time = 19.7291586399078"
[1] "Processing draws 7901 to 8000"
[1] "Chunk time = 19.6427729129791"
[1] "Processing draws 8001 to 8100"
[1] "Chunk time = 19.3916668891907"
[1] "Processing draws 8101 to 8200"
[1] "Chunk time = 20.2086536884308"
[1] "Processing draws 8201 to 8300"
[1] "Chunk time = 19.2139155864716"
[1] "Processing draws 8301 to 8400"
[1] "Chunk time = 19.904593706131"
[1] "Processing draws 8401 to 8500"
[1] "Chunk time = 19.5525393486023"
[1] "Processing draws 8501 to 8600"
[1] "Chunk time = 19.2516067028046"
[1] "Processing draws 8601 to 8700"
[1] "Chunk time = 19.6266806125641"
[1] "Processing draws 8701 to 8800"
[1] "Chunk time = 19.4808135032654"
[1] "Processing draws 8801 to 8900"
[1] "Chunk time = 20.1761467456818"
[1] "Processing draws 8901 to 9000"
[1] "Chunk time = 20.3138394355774"
[1] "Processing draws 9001 to 9100"
[1] "Chunk time = 19.5886631011963"
[1] "Processing draws 9101 to 9200"
[1] "Chunk time = 20.0317525863647"
[1] "Processing draws 9201 to 9300"
[1] "Chunk time = 19.812992811203"
[1] "Processing draws 9301 to 9400"
[1] "Chunk time = 20.7606840133667"
[1] "Processing draws 9401 to 9500"
[1] "Chunk time = 20.2587485313416"
[1] "Processing draws 9501 to 9600"
[1] "Chunk time = 20.8338050842285"
[1] "Processing draws 9601 to 9700"
[1] "Chunk time = 20.2466909885406"
[1] "Processing draws 9701 to 9800"
[1] "Chunk time = 19.9339940547943"
[1] "Processing draws 9801 to 9900"
[1] "Chunk time = 20.8674781322479"
[1] "Processing draws 9901 to 10000"
[1] "Chunk time = 20.0626420974731"
[1] "Processing draws 10001 to 10100"
[1] "Chunk time = 20.2566034793854"
[1] "Processing draws 10101 to 10200"
[1] "Chunk time = 21.0663840770721"
[1] "Processing draws 10201 to 10300"
[1] "Chunk time = 20.342227935791"
[1] "Processing draws 10301 to 10400"
[1] "Chunk time = 20.716646194458"
[1] "Processing draws 10401 to 10500"
[1] "Chunk time = 20.5624225139618"
[1] "Processing draws 10501 to 10600"
[1] "Chunk time = 20.8625063896179"
[1] "Processing draws 10601 to 10700"
[1] "Chunk time = 20.4550697803497"
[1] "Processing draws 10701 to 10800"
[1] "Chunk time = 20.343677520752"
[1] "Processing draws 10801 to 10900"
[1] "Chunk time = 20.4509785175323"
[1] "Processing draws 10901 to 11000"
[1] "Chunk time = 20.8181521892548"
[1] "Processing draws 11001 to 11100"
[1] "Chunk time = 21.0199148654938"
[1] "Processing draws 11101 to 11200"
[1] "Chunk time = 20.0285179615021"
[1] "Processing draws 11201 to 11300"
[1] "Chunk time = 20.653716802597"
[1] "Processing draws 11301 to 11400"
[1] "Chunk time = 20.5760734081268"
[1] "Processing draws 11401 to 11500"
[1] "Chunk time = 20.0616204738617"
[1] "Processing draws 11501 to 11600"
[1] "Chunk time = 20.2787945270538"
[1] "Processing draws 11601 to 11700"
[1] "Chunk time = 20.1607060432434"
[1] "Processing draws 11701 to 11800"
[1] "Chunk time = 20.9013304710388"
[1] "Processing draws 11801 to 11900"
[1] "Chunk time = 20.7151229381561"
[1] "Processing draws 11901 to 12000"
[1] "Chunk time = 20.4675419330597"
[1] "Processing draws 12001 to 12100"
[1] "Chunk time = 20.5224685668945"
[1] "Processing draws 12101 to 12200"
[1] "Chunk time = 20.4940617084503"
[1] "Processing draws 12201 to 12300"
[1] "Chunk time = 21.2526407241821"
[1] "Processing draws 12301 to 12400"
[1] "Chunk time = 20.6656997203827"
[1] "Processing draws 12401 to 12500"
[1] "Chunk time = 20.1805307865143"
[1] "Processing draws 12501 to 12600"
[1] "Chunk time = 20.7744445800781"
[1] "Processing draws 12601 to 12700"
[1] "Chunk time = 20.3963351249695"
[1] "Processing draws 12701 to 12800"
[1] "Chunk time = 20.9594624042511"
[1] "Processing draws 12801 to 12900"
[1] "Chunk time = 20.4650905132294"
[1] "Processing draws 12901 to 13000"
[1] "Chunk time = 20.8218154907227"
[1] "Processing draws 13001 to 13100"
[1] "Chunk time = 20.9032845497131"
[1] "Processing draws 13101 to 13200"
[1] "Chunk time = 20.2641911506653"
[1] "Processing draws 13201 to 13300"
[1] "Chunk time = 20.7164621353149"
[1] "Processing draws 13301 to 13400"
[1] "Chunk time = 20.2587912082672"
[1] "Processing draws 13401 to 13500"
[1] "Chunk time = 20.4723188877106"
[1] "Processing draws 13501 to 13600"
[1] "Chunk time = 20.5852196216583"
[1] "Processing draws 13601 to 13700"
[1] "Chunk time = 20.2403655052185"
[1] "Processing draws 13701 to 13800"
[1] "Chunk time = 20.5808129310608"
[1] "Processing draws 13801 to 13900"
[1] "Chunk time = 20.4855105876923"
[1] "Processing draws 13901 to 14000"
[1] "Chunk time = 20.90811419487"
[1] "Processing draws 14001 to 14100"
[1] "Chunk time = 20.567417383194"
[1] "Processing draws 14101 to 14200"
[1] "Chunk time = 20.1394746303558"
[1] "Processing draws 14201 to 14300"
[1] "Chunk time = 20.3157527446747"
[1] "Processing draws 14301 to 14400"
[1] "Chunk time = 20.3225922584534"
[1] "Processing draws 14401 to 14500"
[1] "Chunk time = 21.2514781951904"
[1] "Processing draws 14501 to 14600"
[1] "Chunk time = 20.4485931396484"
[1] "Processing draws 14601 to 14700"
[1] "Chunk time = 21.1527490615845"
[1] "Processing draws 14701 to 14800"
[1] "Chunk time = 20.5663733482361"
[1] "Processing draws 14801 to 14900"
[1] "Chunk time = 20.3342447280884"
[1] "Processing draws 14901 to 15000"
[1] "Chunk time = 20.7652144432068"
[1] "Processing draws 15001 to 15100"
[1] "Chunk time = 20.3763699531555"
[1] "Processing draws 15101 to 15200"
[1] "Chunk time = 20.3555331230164"
[1] "Processing draws 15201 to 15300"
[1] "Chunk time = 20.7069029808044"
[1] "Processing draws 15301 to 15400"
[1] "Chunk time = 20.4732389450073"
[1] "Processing draws 15401 to 15500"
[1] "Chunk time = 20.2997920513153"
[1] "Processing draws 15501 to 15600"
[1] "Chunk time = 20.3715722560883"
[1] "Processing draws 15601 to 15700"
[1] "Chunk time = 20.9169220924377"
[1] "Processing draws 15701 to 15800"
[1] "Chunk time = 20.4662709236145"
[1] "Processing draws 15801 to 15900"
[1] "Chunk time = 20.415411233902"
[1] "Processing draws 15901 to 16000"
[1] "Chunk time = 20.7217719554901"
[1] "Processing draws 16001 to 16100"
[1] "Chunk time = 20.0369141101837"
[1] "Processing draws 16101 to 16200"
[1] "Chunk time = 21.211977481842"
[1] "Processing draws 16201 to 16300"
[1] "Chunk time = 20.3327567577362"
[1] "Processing draws 16301 to 16400"
[1] "Chunk time = 20.8781006336212"
[1] "Processing draws 16401 to 16500"
[1] "Chunk time = 20.7470889091492"
[1] "Processing draws 16501 to 16600"
[1] "Chunk time = 20.1636958122253"
[1] "Processing draws 16601 to 16700"
[1] "Chunk time = 20.8232362270355"
[1] "Processing draws 16701 to 16800"
[1] "Chunk time = 20.5237510204315"
[1] "Processing draws 16801 to 16900"
[1] "Chunk time = 20.459920167923"
[1] "Processing draws 16901 to 17000"
[1] "Chunk time = 20.6050460338593"
[1] "Processing draws 17001 to 17100"
[1] "Chunk time = 20.3233664035797"
[1] "Processing draws 17101 to 17200"
[1] "Chunk time = 20.4898190498352"
[1] "Processing draws 17201 to 17300"
[1] "Chunk time = 20.3340964317322"
[1] "Processing draws 17301 to 17400"
[1] "Chunk time = 21.1124150753021"
[1] "Processing draws 17401 to 17500"
[1] "Chunk time = 20.529700756073"
[1] "Processing draws 17501 to 17600"
[1] "Chunk time = 20.4445054531097"
[1] "Processing draws 17601 to 17700"
[1] "Chunk time = 20.8379943370819"
[1] "Processing draws 17701 to 17800"
[1] "Chunk time = 20.6531665325165"
[1] "Processing draws 17801 to 17900"
[1] "Chunk time = 21.2090909481049"
[1] "Processing draws 17901 to 18000"
[1] "Chunk time = 20.6987800598145"
[1] "Processing draws 18001 to 18100"
[1] "Chunk time = 21.1368138790131"
[1] "Processing draws 18101 to 18200"
[1] "Chunk time = 20.8695552349091"
[1] "Processing draws 18201 to 18300"
[1] "Chunk time = 20.3307650089264"
[1] "Processing draws 18301 to 18400"
[1] "Chunk time = 21.0859124660492"
[1] "Processing draws 18401 to 18500"
[1] "Chunk time = 20.4165267944336"
[1] "Processing draws 18501 to 18600"
[1] "Chunk time = 20.9106152057648"
[1] "Processing draws 18601 to 18700"
[1] "Chunk time = 20.7997462749481"
[1] "Processing draws 18701 to 18800"
[1] "Chunk time = 20.2853605747223"
[1] "Processing draws 18801 to 18900"
[1] "Chunk time = 20.7315826416016"
[1] "Processing draws 18901 to 19000"
[1] "Chunk time = 20.4807035923004"
[1] "Processing draws 19001 to 19100"
[1] "Chunk time = 20.8045425415039"
[1] "Processing draws 19101 to 19200"
[1] "Chunk time = 21.065256357193"
[1] "Processing draws 19201 to 19300"
[1] "Chunk time = 20.5727643966675"
[1] "Processing draws 19301 to 19400"
[1] "Chunk time = 20.6755871772766"
[1] "Processing draws 19401 to 19500"
[1] "Chunk time = 20.4868085384369"
[1] "Processing draws 19501 to 19600"
[1] "Chunk time = 21.0148196220398"
[1] "Processing draws 19601 to 19700"
[1] "Chunk time = 20.6022770404816"
[1] "Processing draws 19701 to 19800"
[1] "Chunk time = 20.0503656864166"
[1] "Processing draws 19801 to 19900"
[1] "Chunk time = 20.0112206935883"
[1] "Processing draws 19901 to 20000"
[1] "Chunk time = 20.0996932983398"
[1] "done lapplying"
[1] "Saving current params"
[1] "Saving params to output.rds"
[1] TRUE
