[1] "Starting sampling."
Running MCMC with 4 parallel chains, with 4 thread(s) per chain...

Chain 1 Iteration:    1 / 6000 [  0%]  (Warmup) 
Chain 2 Iteration:    1 / 6000 [  0%]  (Warmup) 
Chain 3 Iteration:    1 / 6000 [  0%]  (Warmup) 
Chain 4 Iteration:    1 / 6000 [  0%]  (Warmup) 
Chain 3 Iteration:  100 / 6000 [  1%]  (Warmup) 
Chain 4 Iteration:  100 / 6000 [  1%]  (Warmup) 
Chain 1 Iteration:  100 / 6000 [  1%]  (Warmup) 
Chain 2 Iteration:  100 / 6000 [  1%]  (Warmup) 
Chain 1 Iteration:  200 / 6000 [  3%]  (Warmup) 
Chain 4 Iteration:  200 / 6000 [  3%]  (Warmup) 
Chain 3 Iteration:  200 / 6000 [  3%]  (Warmup) 
Chain 2 Iteration:  200 / 6000 [  3%]  (Warmup) 
Chain 1 Iteration:  300 / 6000 [  5%]  (Warmup) 
Chain 3 Iteration:  300 / 6000 [  5%]  (Warmup) 
Chain 4 Iteration:  300 / 6000 [  5%]  (Warmup) 
Chain 2 Iteration:  300 / 6000 [  5%]  (Warmup) 
Chain 1 Iteration:  400 / 6000 [  6%]  (Warmup) 
Chain 3 Iteration:  400 / 6000 [  6%]  (Warmup) 
Chain 4 Iteration:  400 / 6000 [  6%]  (Warmup) 
Chain 2 Iteration:  400 / 6000 [  6%]  (Warmup) 
Chain 1 Iteration:  500 / 6000 [  8%]  (Warmup) 
Chain 3 Iteration:  500 / 6000 [  8%]  (Warmup) 
Chain 4 Iteration:  500 / 6000 [  8%]  (Warmup) 
Chain 2 Iteration:  500 / 6000 [  8%]  (Warmup) 
Chain 1 Iteration:  600 / 6000 [ 10%]  (Warmup) 
Chain 4 Iteration:  600 / 6000 [ 10%]  (Warmup) 
Chain 3 Iteration:  600 / 6000 [ 10%]  (Warmup) 
Chain 2 Iteration:  600 / 6000 [ 10%]  (Warmup) 
Chain 1 Iteration:  700 / 6000 [ 11%]  (Warmup) 
Chain 4 Iteration:  700 / 6000 [ 11%]  (Warmup) 
Chain 3 Iteration:  700 / 6000 [ 11%]  (Warmup) 
Chain 2 Iteration:  700 / 6000 [ 11%]  (Warmup) 
Chain 4 Iteration:  800 / 6000 [ 13%]  (Warmup) 
Chain 1 Iteration:  800 / 6000 [ 13%]  (Warmup) 
Chain 3 Iteration:  800 / 6000 [ 13%]  (Warmup) 
Chain 2 Iteration:  800 / 6000 [ 13%]  (Warmup) 
Chain 4 Iteration:  900 / 6000 [ 15%]  (Warmup) 
Chain 1 Iteration:  900 / 6000 [ 15%]  (Warmup) 
Chain 3 Iteration:  900 / 6000 [ 15%]  (Warmup) 
Chain 2 Iteration:  900 / 6000 [ 15%]  (Warmup) 
Chain 4 Iteration: 1000 / 6000 [ 16%]  (Warmup) 
Chain 4 Iteration: 1001 / 6000 [ 16%]  (Sampling) 
Chain 3 Iteration: 1000 / 6000 [ 16%]  (Warmup) 
Chain 3 Iteration: 1001 / 6000 [ 16%]  (Sampling) 
Chain 1 Iteration: 1000 / 6000 [ 16%]  (Warmup) 
Chain 1 Iteration: 1001 / 6000 [ 16%]  (Sampling) 
Chain 2 Iteration: 1000 / 6000 [ 16%]  (Warmup) 
Chain 2 Iteration: 1001 / 6000 [ 16%]  (Sampling) 
Chain 4 Iteration: 1100 / 6000 [ 18%]  (Sampling) 
Chain 3 Iteration: 1100 / 6000 [ 18%]  (Sampling) 
Chain 1 Iteration: 1100 / 6000 [ 18%]  (Sampling) 
Chain 2 Iteration: 1100 / 6000 [ 18%]  (Sampling) 
Chain 4 Iteration: 1200 / 6000 [ 20%]  (Sampling) 
Chain 3 Iteration: 1200 / 6000 [ 20%]  (Sampling) 
Chain 1 Iteration: 1200 / 6000 [ 20%]  (Sampling) 
Chain 2 Iteration: 1200 / 6000 [ 20%]  (Sampling) 
Chain 4 Iteration: 1300 / 6000 [ 21%]  (Sampling) 
Chain 1 Iteration: 1300 / 6000 [ 21%]  (Sampling) 
Chain 3 Iteration: 1300 / 6000 [ 21%]  (Sampling) 
Chain 2 Iteration: 1300 / 6000 [ 21%]  (Sampling) 
Chain 4 Iteration: 1400 / 6000 [ 23%]  (Sampling) 
Chain 1 Iteration: 1400 / 6000 [ 23%]  (Sampling) 
Chain 2 Iteration: 1400 / 6000 [ 23%]  (Sampling) 
Chain 3 Iteration: 1400 / 6000 [ 23%]  (Sampling) 
Chain 4 Iteration: 1500 / 6000 [ 25%]  (Sampling) 
Chain 2 Iteration: 1500 / 6000 [ 25%]  (Sampling) 
Chain 1 Iteration: 1500 / 6000 [ 25%]  (Sampling) 
Chain 3 Iteration: 1500 / 6000 [ 25%]  (Sampling) 
Chain 2 Iteration: 1600 / 6000 [ 26%]  (Sampling) 
Chain 4 Iteration: 1600 / 6000 [ 26%]  (Sampling) 
Chain 1 Iteration: 1600 / 6000 [ 26%]  (Sampling) 
Chain 3 Iteration: 1600 / 6000 [ 26%]  (Sampling) 
Chain 2 Iteration: 1700 / 6000 [ 28%]  (Sampling) 
Chain 4 Iteration: 1700 / 6000 [ 28%]  (Sampling) 
Chain 3 Iteration: 1700 / 6000 [ 28%]  (Sampling) 
Chain 1 Iteration: 1700 / 6000 [ 28%]  (Sampling) 
Chain 2 Iteration: 1800 / 6000 [ 30%]  (Sampling) 
Chain 4 Iteration: 1800 / 6000 [ 30%]  (Sampling) 
Chain 3 Iteration: 1800 / 6000 [ 30%]  (Sampling) 
Chain 1 Iteration: 1800 / 6000 [ 30%]  (Sampling) 
Chain 2 Iteration: 1900 / 6000 [ 31%]  (Sampling) 
Chain 4 Iteration: 1900 / 6000 [ 31%]  (Sampling) 
Chain 3 Iteration: 1900 / 6000 [ 31%]  (Sampling) 
Chain 2 Iteration: 2000 / 6000 [ 33%]  (Sampling) 
Chain 1 Iteration: 1900 / 6000 [ 31%]  (Sampling) 
Chain 4 Iteration: 2000 / 6000 [ 33%]  (Sampling) 
Chain 3 Iteration: 2000 / 6000 [ 33%]  (Sampling) 
Chain 2 Iteration: 2100 / 6000 [ 35%]  (Sampling) 
Chain 1 Iteration: 2000 / 6000 [ 33%]  (Sampling) 
Chain 4 Iteration: 2100 / 6000 [ 35%]  (Sampling) 
Chain 2 Iteration: 2200 / 6000 [ 36%]  (Sampling) 
Chain 3 Iteration: 2100 / 6000 [ 35%]  (Sampling) 
Chain 1 Iteration: 2100 / 6000 [ 35%]  (Sampling) 
Chain 4 Iteration: 2200 / 6000 [ 36%]  (Sampling) 
Chain 2 Iteration: 2300 / 6000 [ 38%]  (Sampling) 
Chain 3 Iteration: 2200 / 6000 [ 36%]  (Sampling) 
Chain 1 Iteration: 2200 / 6000 [ 36%]  (Sampling) 
Chain 4 Iteration: 2300 / 6000 [ 38%]  (Sampling) 
Chain 2 Iteration: 2400 / 6000 [ 40%]  (Sampling) 
Chain 3 Iteration: 2300 / 6000 [ 38%]  (Sampling) 
Chain 1 Iteration: 2300 / 6000 [ 38%]  (Sampling) 
Chain 2 Iteration: 2500 / 6000 [ 41%]  (Sampling) 
Chain 4 Iteration: 2400 / 6000 [ 40%]  (Sampling) 
Chain 3 Iteration: 2400 / 6000 [ 40%]  (Sampling) 
Chain 1 Iteration: 2400 / 6000 [ 40%]  (Sampling) 
Chain 2 Iteration: 2600 / 6000 [ 43%]  (Sampling) 
Chain 4 Iteration: 2500 / 6000 [ 41%]  (Sampling) 
Chain 3 Iteration: 2500 / 6000 [ 41%]  (Sampling) 
Chain 1 Iteration: 2500 / 6000 [ 41%]  (Sampling) 
Chain 2 Iteration: 2700 / 6000 [ 45%]  (Sampling) 
Chain 4 Iteration: 2600 / 6000 [ 43%]  (Sampling) 
Chain 3 Iteration: 2600 / 6000 [ 43%]  (Sampling) 
Chain 2 Iteration: 2800 / 6000 [ 46%]  (Sampling) 
Chain 1 Iteration: 2600 / 6000 [ 43%]  (Sampling) 
Chain 4 Iteration: 2700 / 6000 [ 45%]  (Sampling) 
Chain 3 Iteration: 2700 / 6000 [ 45%]  (Sampling) 
Chain 2 Iteration: 2900 / 6000 [ 48%]  (Sampling) 
Chain 1 Iteration: 2700 / 6000 [ 45%]  (Sampling) 
Chain 4 Iteration: 2800 / 6000 [ 46%]  (Sampling) 
Chain 3 Iteration: 2800 / 6000 [ 46%]  (Sampling) 
Chain 2 Iteration: 3000 / 6000 [ 50%]  (Sampling) 
Chain 1 Iteration: 2800 / 6000 [ 46%]  (Sampling) 
Chain 3 Iteration: 2900 / 6000 [ 48%]  (Sampling) 
Chain 4 Iteration: 2900 / 6000 [ 48%]  (Sampling) 
Chain 2 Iteration: 3100 / 6000 [ 51%]  (Sampling) 
Chain 1 Iteration: 2900 / 6000 [ 48%]  (Sampling) 
Chain 4 Iteration: 3000 / 6000 [ 50%]  (Sampling) 
Chain 3 Iteration: 3000 / 6000 [ 50%]  (Sampling) 
Chain 2 Iteration: 3200 / 6000 [ 53%]  (Sampling) 
Chain 1 Iteration: 3000 / 6000 [ 50%]  (Sampling) 
Chain 2 Iteration: 3300 / 6000 [ 55%]  (Sampling) 
Chain 4 Iteration: 3100 / 6000 [ 51%]  (Sampling) 
Chain 3 Iteration: 3100 / 6000 [ 51%]  (Sampling) 
Chain 1 Iteration: 3100 / 6000 [ 51%]  (Sampling) 
Chain 2 Iteration: 3400 / 6000 [ 56%]  (Sampling) 
Chain 3 Iteration: 3200 / 6000 [ 53%]  (Sampling) 
Chain 4 Iteration: 3200 / 6000 [ 53%]  (Sampling) 
Chain 1 Iteration: 3200 / 6000 [ 53%]  (Sampling) 
Chain 2 Iteration: 3500 / 6000 [ 58%]  (Sampling) 
Chain 4 Iteration: 3300 / 6000 [ 55%]  (Sampling) 
Chain 3 Iteration: 3300 / 6000 [ 55%]  (Sampling) 
Chain 1 Iteration: 3300 / 6000 [ 55%]  (Sampling) 
Chain 2 Iteration: 3600 / 6000 [ 60%]  (Sampling) 
Chain 3 Iteration: 3400 / 6000 [ 56%]  (Sampling) 
Chain 4 Iteration: 3400 / 6000 [ 56%]  (Sampling) 
Chain 2 Iteration: 3700 / 6000 [ 61%]  (Sampling) 
Chain 1 Iteration: 3400 / 6000 [ 56%]  (Sampling) 
Chain 3 Iteration: 3500 / 6000 [ 58%]  (Sampling) 
Chain 4 Iteration: 3500 / 6000 [ 58%]  (Sampling) 
Chain 2 Iteration: 3800 / 6000 [ 63%]  (Sampling) 
Chain 1 Iteration: 3500 / 6000 [ 58%]  (Sampling) 
Chain 3 Iteration: 3600 / 6000 [ 60%]  (Sampling) 
Chain 4 Iteration: 3600 / 6000 [ 60%]  (Sampling) 
Chain 2 Iteration: 3900 / 6000 [ 65%]  (Sampling) 
Chain 1 Iteration: 3600 / 6000 [ 60%]  (Sampling) 
Chain 3 Iteration: 3700 / 6000 [ 61%]  (Sampling) 
Chain 4 Iteration: 3700 / 6000 [ 61%]  (Sampling) 
Chain 2 Iteration: 4000 / 6000 [ 66%]  (Sampling) 
Chain 1 Iteration: 3700 / 6000 [ 61%]  (Sampling) 
Chain 2 Iteration: 4100 / 6000 [ 68%]  (Sampling) 
Chain 3 Iteration: 3800 / 6000 [ 63%]  (Sampling) 
Chain 4 Iteration: 3800 / 6000 [ 63%]  (Sampling) 
Chain 1 Iteration: 3800 / 6000 [ 63%]  (Sampling) 
Chain 2 Iteration: 4200 / 6000 [ 70%]  (Sampling) 
Chain 3 Iteration: 3900 / 6000 [ 65%]  (Sampling) 
Chain 4 Iteration: 3900 / 6000 [ 65%]  (Sampling) 
Chain 1 Iteration: 3900 / 6000 [ 65%]  (Sampling) 
Chain 2 Iteration: 4300 / 6000 [ 71%]  (Sampling) 
Chain 3 Iteration: 4000 / 6000 [ 66%]  (Sampling) 
Chain 4 Iteration: 4000 / 6000 [ 66%]  (Sampling) 
Chain 1 Iteration: 4000 / 6000 [ 66%]  (Sampling) 
Chain 2 Iteration: 4400 / 6000 [ 73%]  (Sampling) 
Chain 3 Iteration: 4100 / 6000 [ 68%]  (Sampling) 
Chain 4 Iteration: 4100 / 6000 [ 68%]  (Sampling) 
Chain 1 Iteration: 4100 / 6000 [ 68%]  (Sampling) 
Chain 2 Iteration: 4500 / 6000 [ 75%]  (Sampling) 
Chain 3 Iteration: 4200 / 6000 [ 70%]  (Sampling) 
Chain 4 Iteration: 4200 / 6000 [ 70%]  (Sampling) 
Chain 1 Iteration: 4200 / 6000 [ 70%]  (Sampling) 
Chain 2 Iteration: 4600 / 6000 [ 76%]  (Sampling) 
Chain 3 Iteration: 4300 / 6000 [ 71%]  (Sampling) 
Chain 1 Iteration: 4300 / 6000 [ 71%]  (Sampling) 
Chain 4 Iteration: 4300 / 6000 [ 71%]  (Sampling) 
Chain 2 Iteration: 4700 / 6000 [ 78%]  (Sampling) 
Chain 3 Iteration: 4400 / 6000 [ 73%]  (Sampling) 
Chain 1 Iteration: 4400 / 6000 [ 73%]  (Sampling) 
Chain 4 Iteration: 4400 / 6000 [ 73%]  (Sampling) 
Chain 2 Iteration: 4800 / 6000 [ 80%]  (Sampling) 
Chain 3 Iteration: 4500 / 6000 [ 75%]  (Sampling) 
Chain 1 Iteration: 4500 / 6000 [ 75%]  (Sampling) 
Chain 4 Iteration: 4500 / 6000 [ 75%]  (Sampling) 
Chain 2 Iteration: 4900 / 6000 [ 81%]  (Sampling) 
Chain 3 Iteration: 4600 / 6000 [ 76%]  (Sampling) 
Chain 1 Iteration: 4600 / 6000 [ 76%]  (Sampling) 
Chain 2 Iteration: 5000 / 6000 [ 83%]  (Sampling) 
Chain 4 Iteration: 4600 / 6000 [ 76%]  (Sampling) 
Chain 3 Iteration: 4700 / 6000 [ 78%]  (Sampling) 
Chain 2 Iteration: 5100 / 6000 [ 85%]  (Sampling) 
Chain 1 Iteration: 4700 / 6000 [ 78%]  (Sampling) 
Chain 4 Iteration: 4700 / 6000 [ 78%]  (Sampling) 
Chain 3 Iteration: 4800 / 6000 [ 80%]  (Sampling) 
Chain 2 Iteration: 5200 / 6000 [ 86%]  (Sampling) 
Chain 1 Iteration: 4800 / 6000 [ 80%]  (Sampling) 
Chain 4 Iteration: 4800 / 6000 [ 80%]  (Sampling) 
Chain 2 Iteration: 5300 / 6000 [ 88%]  (Sampling) 
Chain 3 Iteration: 4900 / 6000 [ 81%]  (Sampling) 
Chain 1 Iteration: 4900 / 6000 [ 81%]  (Sampling) 
Chain 4 Iteration: 4900 / 6000 [ 81%]  (Sampling) 
Chain 2 Iteration: 5400 / 6000 [ 90%]  (Sampling) 
Chain 3 Iteration: 5000 / 6000 [ 83%]  (Sampling) 
Chain 1 Iteration: 5000 / 6000 [ 83%]  (Sampling) 
Chain 4 Iteration: 5000 / 6000 [ 83%]  (Sampling) 
Chain 2 Iteration: 5500 / 6000 [ 91%]  (Sampling) 
Chain 3 Iteration: 5100 / 6000 [ 85%]  (Sampling) 
Chain 1 Iteration: 5100 / 6000 [ 85%]  (Sampling) 
Chain 4 Iteration: 5100 / 6000 [ 85%]  (Sampling) 
Chain 2 Iteration: 5600 / 6000 [ 93%]  (Sampling) 
Chain 3 Iteration: 5200 / 6000 [ 86%]  (Sampling) 
Chain 2 Iteration: 5700 / 6000 [ 95%]  (Sampling) 
Chain 4 Iteration: 5200 / 6000 [ 86%]  (Sampling) 
Chain 1 Iteration: 5200 / 6000 [ 86%]  (Sampling) 
Chain 3 Iteration: 5300 / 6000 [ 88%]  (Sampling) 
Chain 2 Iteration: 5800 / 6000 [ 96%]  (Sampling) 
Chain 4 Iteration: 5300 / 6000 [ 88%]  (Sampling) 
Chain 1 Iteration: 5300 / 6000 [ 88%]  (Sampling) 
Chain 3 Iteration: 5400 / 6000 [ 90%]  (Sampling) 
Chain 2 Iteration: 5900 / 6000 [ 98%]  (Sampling) 
Chain 4 Iteration: 5400 / 6000 [ 90%]  (Sampling) 
Chain 3 Iteration: 5500 / 6000 [ 91%]  (Sampling) 
Chain 1 Iteration: 5400 / 6000 [ 90%]  (Sampling) 
Chain 2 Iteration: 6000 / 6000 [100%]  (Sampling) 
Chain 2 finished in 2163.0 seconds.
Chain 4 Iteration: 5500 / 6000 [ 91%]  (Sampling) 
Chain 3 Iteration: 5600 / 6000 [ 93%]  (Sampling) 
Chain 1 Iteration: 5500 / 6000 [ 91%]  (Sampling) 
Chain 4 Iteration: 5600 / 6000 [ 93%]  (Sampling) 
Chain 3 Iteration: 5700 / 6000 [ 95%]  (Sampling) 
Chain 1 Iteration: 5600 / 6000 [ 93%]  (Sampling) 
Chain 4 Iteration: 5700 / 6000 [ 95%]  (Sampling) 
Chain 1 Iteration: 5700 / 6000 [ 95%]  (Sampling) 
Chain 3 Iteration: 5800 / 6000 [ 96%]  (Sampling) 
Chain 4 Iteration: 5800 / 6000 [ 96%]  (Sampling) 
Chain 1 Iteration: 5800 / 6000 [ 96%]  (Sampling) 
Chain 3 Iteration: 5900 / 6000 [ 98%]  (Sampling) 
Chain 4 Iteration: 5900 / 6000 [ 98%]  (Sampling) 
Chain 1 Iteration: 5900 / 6000 [ 98%]  (Sampling) 
Chain 3 Iteration: 6000 / 6000 [100%]  (Sampling) 
Chain 3 finished in 2327.6 seconds.
Chain 4 Iteration: 6000 / 6000 [100%]  (Sampling) 
Chain 4 finished in 2347.4 seconds.
Chain 1 Iteration: 6000 / 6000 [100%]  (Sampling) 
Chain 1 finished in 2357.5 seconds.

All 4 chains finished successfully.
Mean chain execution time: 2298.9 seconds.
Total execution time: 2357.8 seconds.

[1] "Processing draws 1 to 100"
[1] "Chunk time = 52.5657513141632"
[1] "Processing draws 101 to 200"
[1] "Chunk time = 23.7255747318268"
[1] "Processing draws 201 to 300"
[1] "Chunk time = 18.1931056976318"
[1] "Processing draws 301 to 400"
[1] "Chunk time = 19.7033746242523"
[1] "Processing draws 401 to 500"
[1] "Chunk time = 23.429939031601"
[1] "Processing draws 501 to 600"
[1] "Chunk time = 18.1691906452179"
[1] "Processing draws 601 to 700"
[1] "Chunk time = 16.5231511592865"
[1] "Processing draws 701 to 800"
[1] "Chunk time = 21.4330458641052"
[1] "Processing draws 801 to 900"
[1] "Chunk time = 16.2551648616791"
[1] "Processing draws 901 to 1000"
[1] "Chunk time = 16.6844751834869"
[1] "Processing draws 1001 to 1100"
[1] "Chunk time = 15.9149413108826"
[1] "Processing draws 1101 to 1200"
[1] "Chunk time = 16.2144784927368"
[1] "Processing draws 1201 to 1300"
[1] "Chunk time = 16.1095995903015"
[1] "Processing draws 1301 to 1400"
[1] "Chunk time = 15.953010559082"
[1] "Processing draws 1401 to 1500"
[1] "Chunk time = 16.8394610881805"
[1] "Processing draws 1501 to 1600"
[1] "Chunk time = 21.3115067481995"
[1] "Processing draws 1601 to 1700"
[1] "Chunk time = 16.7181317806244"
[1] "Processing draws 1701 to 1800"
[1] "Chunk time = 15.8033740520477"
[1] "Processing draws 1801 to 1900"
[1] "Chunk time = 16.0722057819366"
[1] "Processing draws 1901 to 2000"
[1] "Chunk time = 17.1836578845978"
[1] "Processing draws 2001 to 2100"
[1] "Chunk time = 16.3433256149292"
[1] "Processing draws 2101 to 2200"
[1] "Chunk time = 15.3740205764771"
[1] "Processing draws 2201 to 2300"
[1] "Chunk time = 16.0076069831848"
[1] "Processing draws 2301 to 2400"
[1] "Chunk time = 16.4428219795227"
[1] "Processing draws 2401 to 2500"
[1] "Chunk time = 17.1032083034515"
[1] "Processing draws 2501 to 2600"
[1] "Chunk time = 16.7440979480743"
[1] "Processing draws 2601 to 2700"
[1] "Chunk time = 17.0082573890686"
[1] "Processing draws 2701 to 2800"
[1] "Chunk time = 16.9036962985992"
[1] "Processing draws 2801 to 2900"
[1] "Chunk time = 16.2603464126587"
[1] "Processing draws 2901 to 3000"
[1] "Chunk time = 16.4241278171539"
[1] "Processing draws 3001 to 3100"
[1] "Chunk time = 16.2286279201508"
[1] "Processing draws 3101 to 3200"
[1] "Chunk time = 17.1766991615295"
[1] "Processing draws 3201 to 3300"
[1] "Chunk time = 17.1188790798187"
[1] "Processing draws 3301 to 3400"
[1] "Chunk time = 21.0856347084045"
[1] "Processing draws 3401 to 3500"
[1] "Chunk time = 16.4691159725189"
[1] "Processing draws 3501 to 3600"
[1] "Chunk time = 16.4722762107849"
[1] "Processing draws 3601 to 3700"
[1] "Chunk time = 16.4656946659088"
[1] "Processing draws 3701 to 3800"
[1] "Chunk time = 17.0916204452515"
[1] "Processing draws 3801 to 3900"
[1] "Chunk time = 16.6501529216766"
[1] "Processing draws 3901 to 4000"
[1] "Chunk time = 16.9517593383789"
[1] "Processing draws 4001 to 4100"
[1] "Chunk time = 16.4391479492188"
[1] "Processing draws 4101 to 4200"
[1] "Chunk time = 17.0574021339417"
[1] "Processing draws 4201 to 4300"
[1] "Chunk time = 16.6978180408478"
[1] "Processing draws 4301 to 4400"
[1] "Chunk time = 16.059116601944"
[1] "Processing draws 4401 to 4500"
[1] "Chunk time = 16.5951516628265"
[1] "Processing draws 4501 to 4600"
[1] "Chunk time = 16.4079308509827"
[1] "Processing draws 4601 to 4700"
[1] "Chunk time = 17.4329946041107"
[1] "Processing draws 4701 to 4800"
[1] "Chunk time = 16.896815776825"
[1] "Processing draws 4801 to 4900"
[1] "Chunk time = 16.8024303913116"
[1] "Processing draws 4901 to 5000"
[1] "Chunk time = 16.6687097549438"
[1] "Processing draws 5001 to 5100"
[1] "Chunk time = 16.6655738353729"
[1] "Processing draws 5101 to 5200"
[1] "Chunk time = 16.5204954147339"
[1] "Processing draws 5201 to 5300"
[1] "Chunk time = 16.7231290340424"
[1] "Processing draws 5301 to 5400"
[1] "Chunk time = 16.2087705135345"
[1] "Processing draws 5401 to 5500"
[1] "Chunk time = 16.8370702266693"
[1] "Processing draws 5501 to 5600"
[1] "Chunk time = 22.6585810184479"
[1] "Processing draws 5601 to 5700"
[1] "Chunk time = 19.6007554531097"
[1] "Processing draws 5701 to 5800"
[1] "Chunk time = 16.6282024383545"
[1] "Processing draws 5801 to 5900"
[1] "Chunk time = 17.1623611450195"
[1] "Processing draws 5901 to 6000"
[1] "Chunk time = 17.3698725700378"
[1] "Processing draws 6001 to 6100"
[1] "Chunk time = 16.8527071475983"
[1] "Processing draws 6101 to 6200"
[1] "Chunk time = 16.2503569126129"
[1] "Processing draws 6201 to 6300"
[1] "Chunk time = 16.1111371517181"
[1] "Processing draws 6301 to 6400"
[1] "Chunk time = 16.5733227729797"
[1] "Processing draws 6401 to 6500"
[1] "Chunk time = 16.1983664035797"
[1] "Processing draws 6501 to 6600"
[1] "Chunk time = 16.6977119445801"
[1] "Processing draws 6601 to 6700"
[1] "Chunk time = 16.3380510807037"
[1] "Processing draws 6701 to 6800"
[1] "Chunk time = 16.7400121688843"
[1] "Processing draws 6801 to 6900"
[1] "Chunk time = 16.1660339832306"
[1] "Processing draws 6901 to 7000"
[1] "Chunk time = 16.5775992870331"
[1] "Processing draws 7001 to 7100"
[1] "Chunk time = 16.2544379234314"
[1] "Processing draws 7101 to 7200"
[1] "Chunk time = 16.824933052063"
[1] "Processing draws 7201 to 7300"
[1] "Chunk time = 16.7595303058624"
[1] "Processing draws 7301 to 7400"
[1] "Chunk time = 16.2647716999054"
[1] "Processing draws 7401 to 7500"
[1] "Chunk time = 16.5695970058441"
[1] "Processing draws 7501 to 7600"
[1] "Chunk time = 16.3442311286926"
[1] "Processing draws 7601 to 7700"
[1] "Chunk time = 16.6040444374084"
[1] "Processing draws 7701 to 7800"
[1] "Chunk time = 16.401505947113"
[1] "Processing draws 7801 to 7900"
[1] "Chunk time = 16.2513773441315"
[1] "Processing draws 7901 to 8000"
[1] "Chunk time = 16.1096320152283"
[1] "Processing draws 8001 to 8100"
[1] "Chunk time = 16.3828732967377"
[1] "Processing draws 8101 to 8200"
[1] "Chunk time = 16.3671927452087"
[1] "Processing draws 8201 to 8300"
[1] "Chunk time = 16.3029551506042"
[1] "Processing draws 8301 to 8400"
[1] "Chunk time = 16.1622848510742"
[1] "Processing draws 8401 to 8500"
[1] "Chunk time = 16.1417067050934"
[1] "Processing draws 8501 to 8600"
[1] "Chunk time = 16.0247485637665"
[1] "Processing draws 8601 to 8700"
[1] "Chunk time = 16.3835761547089"
[1] "Processing draws 8701 to 8800"
[1] "Chunk time = 16.3126444816589"
[1] "Processing draws 8801 to 8900"
[1] "Chunk time = 16.349524974823"
[1] "Processing draws 8901 to 9000"
[1] "Chunk time = 16.8307330608368"
[1] "Processing draws 9001 to 9100"
[1] "Chunk time = 16.6066098213196"
[1] "Processing draws 9101 to 9200"
[1] "Chunk time = 16.7870926856995"
[1] "Processing draws 9201 to 9300"
[1] "Chunk time = 16.3409004211426"
[1] "Processing draws 9301 to 9400"
[1] "Chunk time = 16.7250163555145"
[1] "Processing draws 9401 to 9500"
[1] "Chunk time = 16.5570776462555"
[1] "Processing draws 9501 to 9600"
[1] "Chunk time = 16.8414659500122"
[1] "Processing draws 9601 to 9700"
[1] "Chunk time = 16.5151436328888"
[1] "Processing draws 9701 to 9800"
[1] "Chunk time = 16.7084503173828"
[1] "Processing draws 9801 to 9900"
[1] "Chunk time = 16.3502612113953"
[1] "Processing draws 9901 to 10000"
[1] "Chunk time = 17.045520067215"
[1] "Processing draws 10001 to 10100"
[1] "Chunk time = 16.0915331840515"
[1] "Processing draws 10101 to 10200"
[1] "Chunk time = 16.4243590831757"
[1] "Processing draws 10201 to 10300"
[1] "Chunk time = 16.7588136196136"
[1] "Processing draws 10301 to 10400"
[1] "Chunk time = 16.4081699848175"
[1] "Processing draws 10401 to 10500"
[1] "Chunk time = 16.842805147171"
[1] "Processing draws 10501 to 10600"
[1] "Chunk time = 16.1840932369232"
[1] "Processing draws 10601 to 10700"
[1] "Chunk time = 16.0291125774384"
[1] "Processing draws 10701 to 10800"
[1] "Chunk time = 15.9944615364075"
[1] "Processing draws 10801 to 10900"
[1] "Chunk time = 15.9906549453735"
[1] "Processing draws 10901 to 11000"
[1] "Chunk time = 16.1158840656281"
[1] "Processing draws 11001 to 11100"
[1] "Chunk time = 16.3298919200897"
[1] "Processing draws 11101 to 11200"
[1] "Chunk time = 16.5327372550964"
[1] "Processing draws 11201 to 11300"
[1] "Chunk time = 17.044811964035"
[1] "Processing draws 11301 to 11400"
[1] "Chunk time = 16.5026259422302"
[1] "Processing draws 11401 to 11500"
[1] "Chunk time = 16.7769963741302"
[1] "Processing draws 11501 to 11600"
[1] "Chunk time = 16.4825999736786"
[1] "Processing draws 11601 to 11700"
[1] "Chunk time = 16.873024225235"
[1] "Processing draws 11701 to 11800"
[1] "Chunk time = 17.0322802066803"
[1] "Processing draws 11801 to 11900"
[1] "Chunk time = 16.8204646110535"
[1] "Processing draws 11901 to 12000"
[1] "Chunk time = 17.1062762737274"
[1] "Processing draws 12001 to 12100"
[1] "Chunk time = 16.2658956050873"
[1] "Processing draws 12101 to 12200"
[1] "Chunk time = 16.8286409378052"
[1] "Processing draws 12201 to 12300"
[1] "Chunk time = 16.2468326091766"
[1] "Processing draws 12301 to 12400"
[1] "Chunk time = 16.3539640903473"
[1] "Processing draws 12401 to 12500"
[1] "Chunk time = 16.0771899223328"
[1] "Processing draws 12501 to 12600"
[1] "Chunk time = 16.6471362113953"
[1] "Processing draws 12601 to 12700"
[1] "Chunk time = 16.6182339191437"
[1] "Processing draws 12701 to 12800"
[1] "Chunk time = 16.6999254226685"
[1] "Processing draws 12801 to 12900"
[1] "Chunk time = 16.3232290744781"
[1] "Processing draws 12901 to 13000"
[1] "Chunk time = 17.0851891040802"
[1] "Processing draws 13001 to 13100"
[1] "Chunk time = 15.9024305343628"
[1] "Processing draws 13101 to 13200"
[1] "Chunk time = 16.8825142383575"
[1] "Processing draws 13201 to 13300"
[1] "Chunk time = 16.7803618907928"
[1] "Processing draws 13301 to 13400"
[1] "Chunk time = 16.498072385788"
[1] "Processing draws 13401 to 13500"
[1] "Chunk time = 16.8183779716492"
[1] "Processing draws 13501 to 13600"
[1] "Chunk time = 16.5464649200439"
[1] "Processing draws 13601 to 13700"
[1] "Chunk time = 16.6963639259338"
[1] "Processing draws 13701 to 13800"
[1] "Chunk time = 16.3828907012939"
[1] "Processing draws 13801 to 13900"
[1] "Chunk time = 16.7738633155823"
[1] "Processing draws 13901 to 14000"
[1] "Chunk time = 16.3347368240356"
[1] "Processing draws 14001 to 14100"
[1] "Chunk time = 16.6834461688995"
[1] "Processing draws 14101 to 14200"
[1] "Chunk time = 16.4393181800842"
[1] "Processing draws 14201 to 14300"
[1] "Chunk time = 16.4174296855927"
[1] "Processing draws 14301 to 14400"
[1] "Chunk time = 16.2208592891693"
[1] "Processing draws 14401 to 14500"
[1] "Chunk time = 16.1207585334778"
[1] "Processing draws 14501 to 14600"
[1] "Chunk time = 16.1001484394073"
[1] "Processing draws 14601 to 14700"
[1] "Chunk time = 16.1365141868591"
[1] "Processing draws 14701 to 14800"
[1] "Chunk time = 16.1534929275513"
[1] "Processing draws 14801 to 14900"
[1] "Chunk time = 16.4707980155945"
[1] "Processing draws 14901 to 15000"
[1] "Chunk time = 16.998633146286"
[1] "Processing draws 15001 to 15100"
[1] "Chunk time = 16.4185132980347"
[1] "Processing draws 15101 to 15200"
[1] "Chunk time = 16.8390176296234"
[1] "Processing draws 15201 to 15300"
[1] "Chunk time = 16.1131603717804"
[1] "Processing draws 15301 to 15400"
[1] "Chunk time = 16.3983225822449"
[1] "Processing draws 15401 to 15500"
[1] "Chunk time = 16.0461442470551"
[1] "Processing draws 15501 to 15600"
[1] "Chunk time = 16.2391893863678"
[1] "Processing draws 15601 to 15700"
[1] "Chunk time = 15.9010472297668"
[1] "Processing draws 15701 to 15800"
[1] "Chunk time = 16.2221882343292"
[1] "Processing draws 15801 to 15900"
[1] "Chunk time = 16.5617344379425"
[1] "Processing draws 15901 to 16000"
[1] "Chunk time = 17.0897347927094"
[1] "Processing draws 16001 to 16100"
[1] "Chunk time = 16.4320034980774"
[1] "Processing draws 16101 to 16200"
[1] "Chunk time = 16.1926352977753"
[1] "Processing draws 16201 to 16300"
[1] "Chunk time = 16.2394630908966"
[1] "Processing draws 16301 to 16400"
[1] "Chunk time = 16.3026266098022"
[1] "Processing draws 16401 to 16500"
[1] "Chunk time = 16.4739584922791"
[1] "Processing draws 16501 to 16600"
[1] "Chunk time = 16.2363092899323"
[1] "Processing draws 16601 to 16700"
[1] "Chunk time = 16.6232173442841"
[1] "Processing draws 16701 to 16800"
[1] "Chunk time = 16.5353174209595"
[1] "Processing draws 16801 to 16900"
[1] "Chunk time = 16.6879777908325"
[1] "Processing draws 16901 to 17000"
[1] "Chunk time = 16.6667120456696"
[1] "Processing draws 17001 to 17100"
[1] "Chunk time = 16.68674659729"
[1] "Processing draws 17101 to 17200"
[1] "Chunk time = 16.6910057067871"
[1] "Processing draws 17201 to 17300"
[1] "Chunk time = 16.7376053333282"
[1] "Processing draws 17301 to 17400"
[1] "Chunk time = 16.2652881145477"
[1] "Processing draws 17401 to 17500"
[1] "Chunk time = 16.8351018428802"
[1] "Processing draws 17501 to 17600"
[1] "Chunk time = 16.123340845108"
[1] "Processing draws 17601 to 17700"
[1] "Chunk time = 16.926607131958"
[1] "Processing draws 17701 to 17800"
[1] "Chunk time = 16.9378921985626"
[1] "Processing draws 17801 to 17900"
[1] "Chunk time = 16.7320032119751"
[1] "Processing draws 17901 to 18000"
[1] "Chunk time = 16.9363698959351"
[1] "Processing draws 18001 to 18100"
[1] "Chunk time = 16.7121653556824"
[1] "Processing draws 18101 to 18200"
[1] "Chunk time = 16.8615672588348"
[1] "Processing draws 18201 to 18300"
[1] "Chunk time = 16.585428237915"
[1] "Processing draws 18301 to 18400"
[1] "Chunk time = 16.6941339969635"
[1] "Processing draws 18401 to 18500"
[1] "Chunk time = 16.4054002761841"
[1] "Processing draws 18501 to 18600"
[1] "Chunk time = 16.9058787822723"
[1] "Processing draws 18601 to 18700"
[1] "Chunk time = 16.4547684192657"
[1] "Processing draws 18701 to 18800"
[1] "Chunk time = 16.8386857509613"
[1] "Processing draws 18801 to 18900"
[1] "Chunk time = 16.6476888656616"
[1] "Processing draws 18901 to 19000"
[1] "Chunk time = 17.0199086666107"
[1] "Processing draws 19001 to 19100"
[1] "Chunk time = 16.2267441749573"
[1] "Processing draws 19101 to 19200"
[1] "Chunk time = 16.7680020332336"
[1] "Processing draws 19201 to 19300"
[1] "Chunk time = 16.9423875808716"
[1] "Processing draws 19301 to 19400"
[1] "Chunk time = 16.5556495189667"
[1] "Processing draws 19401 to 19500"
[1] "Chunk time = 16.8545258045197"
[1] "Processing draws 19501 to 19600"
[1] "Chunk time = 16.7911252975464"
[1] "Processing draws 19601 to 19700"
[1] "Chunk time = 16.9869801998138"
[1] "Processing draws 19701 to 19800"
[1] "Chunk time = 16.7217252254486"
[1] "Processing draws 19801 to 19900"
[1] "Chunk time = 16.8824803829193"
[1] "Processing draws 19901 to 20000"
[1] "Chunk time = 16.8137774467468"
[1] "done lapplying"
[1] "Saving current params"
[1] "Saving params to output.rds"
[1] TRUE
