[1] "Starting sampling."
Running MCMC with 4 parallel chains, with 4 thread(s) per chain...

Chain 2 Iteration:    1 / 6000 [  0%]  (Warmup) 
Chain 1 Iteration:    1 / 6000 [  0%]  (Warmup) 
Chain 3 Iteration:    1 / 6000 [  0%]  (Warmup) 
Chain 4 Iteration:    1 / 6000 [  0%]  (Warmup) 
Chain 1 Iteration:  100 / 6000 [  1%]  (Warmup) 
Chain 2 Iteration:  100 / 6000 [  1%]  (Warmup) 
Chain 4 Iteration:  100 / 6000 [  1%]  (Warmup) 
Chain 3 Iteration:  100 / 6000 [  1%]  (Warmup) 
Chain 1 Iteration:  200 / 6000 [  3%]  (Warmup) 
Chain 3 Iteration:  200 / 6000 [  3%]  (Warmup) 
Chain 2 Iteration:  200 / 6000 [  3%]  (Warmup) 
Chain 4 Iteration:  200 / 6000 [  3%]  (Warmup) 
Chain 2 Iteration:  300 / 6000 [  5%]  (Warmup) 
Chain 1 Iteration:  300 / 6000 [  5%]  (Warmup) 
Chain 3 Iteration:  300 / 6000 [  5%]  (Warmup) 
Chain 4 Iteration:  300 / 6000 [  5%]  (Warmup) 
Chain 2 Iteration:  400 / 6000 [  6%]  (Warmup) 
Chain 1 Iteration:  400 / 6000 [  6%]  (Warmup) 
Chain 4 Iteration:  400 / 6000 [  6%]  (Warmup) 
Chain 3 Iteration:  400 / 6000 [  6%]  (Warmup) 
Chain 2 Iteration:  500 / 6000 [  8%]  (Warmup) 
Chain 1 Iteration:  500 / 6000 [  8%]  (Warmup) 
Chain 4 Iteration:  500 / 6000 [  8%]  (Warmup) 
Chain 3 Iteration:  500 / 6000 [  8%]  (Warmup) 
Chain 2 Iteration:  600 / 6000 [ 10%]  (Warmup) 
Chain 4 Iteration:  600 / 6000 [ 10%]  (Warmup) 
Chain 1 Iteration:  600 / 6000 [ 10%]  (Warmup) 
Chain 3 Iteration:  600 / 6000 [ 10%]  (Warmup) 
Chain 2 Iteration:  700 / 6000 [ 11%]  (Warmup) 
Chain 1 Iteration:  700 / 6000 [ 11%]  (Warmup) 
Chain 4 Iteration:  700 / 6000 [ 11%]  (Warmup) 
Chain 3 Iteration:  700 / 6000 [ 11%]  (Warmup) 
Chain 2 Iteration:  800 / 6000 [ 13%]  (Warmup) 
Chain 4 Iteration:  800 / 6000 [ 13%]  (Warmup) 
Chain 1 Iteration:  800 / 6000 [ 13%]  (Warmup) 
Chain 3 Iteration:  800 / 6000 [ 13%]  (Warmup) 
Chain 4 Iteration:  900 / 6000 [ 15%]  (Warmup) 
Chain 2 Iteration:  900 / 6000 [ 15%]  (Warmup) 
Chain 1 Iteration:  900 / 6000 [ 15%]  (Warmup) 
Chain 3 Iteration:  900 / 6000 [ 15%]  (Warmup) 
Chain 1 Iteration: 1000 / 6000 [ 16%]  (Warmup) 
Chain 1 Iteration: 1001 / 6000 [ 16%]  (Sampling) 
Chain 4 Iteration: 1000 / 6000 [ 16%]  (Warmup) 
Chain 4 Iteration: 1001 / 6000 [ 16%]  (Sampling) 
Chain 2 Iteration: 1000 / 6000 [ 16%]  (Warmup) 
Chain 2 Iteration: 1001 / 6000 [ 16%]  (Sampling) 
Chain 3 Iteration: 1000 / 6000 [ 16%]  (Warmup) 
Chain 3 Iteration: 1001 / 6000 [ 16%]  (Sampling) 
Chain 1 Iteration: 1100 / 6000 [ 18%]  (Sampling) 
Chain 4 Iteration: 1100 / 6000 [ 18%]  (Sampling) 
Chain 3 Iteration: 1100 / 6000 [ 18%]  (Sampling) 
Chain 2 Iteration: 1100 / 6000 [ 18%]  (Sampling) 
Chain 1 Iteration: 1200 / 6000 [ 20%]  (Sampling) 
Chain 4 Iteration: 1200 / 6000 [ 20%]  (Sampling) 
Chain 3 Iteration: 1200 / 6000 [ 20%]  (Sampling) 
Chain 2 Iteration: 1200 / 6000 [ 20%]  (Sampling) 
Chain 1 Iteration: 1300 / 6000 [ 21%]  (Sampling) 
Chain 4 Iteration: 1300 / 6000 [ 21%]  (Sampling) 
Chain 3 Iteration: 1300 / 6000 [ 21%]  (Sampling) 
Chain 2 Iteration: 1300 / 6000 [ 21%]  (Sampling) 
Chain 1 Iteration: 1400 / 6000 [ 23%]  (Sampling) 
Chain 4 Iteration: 1400 / 6000 [ 23%]  (Sampling) 
Chain 3 Iteration: 1400 / 6000 [ 23%]  (Sampling) 
Chain 1 Iteration: 1500 / 6000 [ 25%]  (Sampling) 
Chain 4 Iteration: 1500 / 6000 [ 25%]  (Sampling) 
Chain 2 Iteration: 1400 / 6000 [ 23%]  (Sampling) 
Chain 3 Iteration: 1500 / 6000 [ 25%]  (Sampling) 
Chain 1 Iteration: 1600 / 6000 [ 26%]  (Sampling) 
Chain 4 Iteration: 1600 / 6000 [ 26%]  (Sampling) 
Chain 3 Iteration: 1600 / 6000 [ 26%]  (Sampling) 
Chain 2 Iteration: 1500 / 6000 [ 25%]  (Sampling) 
Chain 1 Iteration: 1700 / 6000 [ 28%]  (Sampling) 
Chain 4 Iteration: 1700 / 6000 [ 28%]  (Sampling) 
Chain 3 Iteration: 1700 / 6000 [ 28%]  (Sampling) 
Chain 2 Iteration: 1600 / 6000 [ 26%]  (Sampling) 
Chain 1 Iteration: 1800 / 6000 [ 30%]  (Sampling) 
Chain 4 Iteration: 1800 / 6000 [ 30%]  (Sampling) 
Chain 3 Iteration: 1800 / 6000 [ 30%]  (Sampling) 
Chain 2 Iteration: 1700 / 6000 [ 28%]  (Sampling) 
Chain 1 Iteration: 1900 / 6000 [ 31%]  (Sampling) 
Chain 4 Iteration: 1900 / 6000 [ 31%]  (Sampling) 
Chain 3 Iteration: 1900 / 6000 [ 31%]  (Sampling) 
Chain 2 Iteration: 1800 / 6000 [ 30%]  (Sampling) 
Chain 1 Iteration: 2000 / 6000 [ 33%]  (Sampling) 
Chain 4 Iteration: 2000 / 6000 [ 33%]  (Sampling) 
Chain 3 Iteration: 2000 / 6000 [ 33%]  (Sampling) 
Chain 1 Iteration: 2100 / 6000 [ 35%]  (Sampling) 
Chain 4 Iteration: 2100 / 6000 [ 35%]  (Sampling) 
Chain 3 Iteration: 2100 / 6000 [ 35%]  (Sampling) 
Chain 2 Iteration: 1900 / 6000 [ 31%]  (Sampling) 
Chain 1 Iteration: 2200 / 6000 [ 36%]  (Sampling) 
Chain 4 Iteration: 2200 / 6000 [ 36%]  (Sampling) 
Chain 3 Iteration: 2200 / 6000 [ 36%]  (Sampling) 
Chain 2 Iteration: 2000 / 6000 [ 33%]  (Sampling) 
Chain 1 Iteration: 2300 / 6000 [ 38%]  (Sampling) 
Chain 4 Iteration: 2300 / 6000 [ 38%]  (Sampling) 
Chain 3 Iteration: 2300 / 6000 [ 38%]  (Sampling) 
Chain 2 Iteration: 2100 / 6000 [ 35%]  (Sampling) 
Chain 1 Iteration: 2400 / 6000 [ 40%]  (Sampling) 
Chain 4 Iteration: 2400 / 6000 [ 40%]  (Sampling) 
Chain 3 Iteration: 2400 / 6000 [ 40%]  (Sampling) 
Chain 1 Iteration: 2500 / 6000 [ 41%]  (Sampling) 
Chain 4 Iteration: 2500 / 6000 [ 41%]  (Sampling) 
Chain 2 Iteration: 2200 / 6000 [ 36%]  (Sampling) 
Chain 3 Iteration: 2500 / 6000 [ 41%]  (Sampling) 
Chain 2 Iteration: 2300 / 6000 [ 38%]  (Sampling) 
Chain 1 Iteration: 2600 / 6000 [ 43%]  (Sampling) 
Chain 4 Iteration: 2600 / 6000 [ 43%]  (Sampling) 
Chain 3 Iteration: 2600 / 6000 [ 43%]  (Sampling) 
Chain 2 Iteration: 2400 / 6000 [ 40%]  (Sampling) 
Chain 1 Iteration: 2700 / 6000 [ 45%]  (Sampling) 
Chain 4 Iteration: 2700 / 6000 [ 45%]  (Sampling) 
Chain 3 Iteration: 2700 / 6000 [ 45%]  (Sampling) 
Chain 2 Iteration: 2500 / 6000 [ 41%]  (Sampling) 
Chain 1 Iteration: 2800 / 6000 [ 46%]  (Sampling) 
Chain 4 Iteration: 2800 / 6000 [ 46%]  (Sampling) 
Chain 3 Iteration: 2800 / 6000 [ 46%]  (Sampling) 
Chain 2 Iteration: 2600 / 6000 [ 43%]  (Sampling) 
Chain 1 Iteration: 2900 / 6000 [ 48%]  (Sampling) 
Chain 4 Iteration: 2900 / 6000 [ 48%]  (Sampling) 
Chain 3 Iteration: 2900 / 6000 [ 48%]  (Sampling) 
Chain 2 Iteration: 2700 / 6000 [ 45%]  (Sampling) 
Chain 1 Iteration: 3000 / 6000 [ 50%]  (Sampling) 
Chain 4 Iteration: 3000 / 6000 [ 50%]  (Sampling) 
Chain 2 Iteration: 2800 / 6000 [ 46%]  (Sampling) 
Chain 3 Iteration: 3000 / 6000 [ 50%]  (Sampling) 
Chain 1 Iteration: 3100 / 6000 [ 51%]  (Sampling) 
Chain 4 Iteration: 3100 / 6000 [ 51%]  (Sampling) 
Chain 2 Iteration: 2900 / 6000 [ 48%]  (Sampling) 
Chain 3 Iteration: 3100 / 6000 [ 51%]  (Sampling) 
Chain 1 Iteration: 3200 / 6000 [ 53%]  (Sampling) 
Chain 2 Iteration: 3000 / 6000 [ 50%]  (Sampling) 
Chain 4 Iteration: 3200 / 6000 [ 53%]  (Sampling) 
Chain 3 Iteration: 3200 / 6000 [ 53%]  (Sampling) 
Chain 2 Iteration: 3100 / 6000 [ 51%]  (Sampling) 
Chain 1 Iteration: 3300 / 6000 [ 55%]  (Sampling) 
Chain 4 Iteration: 3300 / 6000 [ 55%]  (Sampling) 
Chain 3 Iteration: 3300 / 6000 [ 55%]  (Sampling) 
Chain 2 Iteration: 3200 / 6000 [ 53%]  (Sampling) 
Chain 1 Iteration: 3400 / 6000 [ 56%]  (Sampling) 
Chain 4 Iteration: 3400 / 6000 [ 56%]  (Sampling) 
Chain 3 Iteration: 3400 / 6000 [ 56%]  (Sampling) 
Chain 2 Iteration: 3300 / 6000 [ 55%]  (Sampling) 
Chain 1 Iteration: 3500 / 6000 [ 58%]  (Sampling) 
Chain 4 Iteration: 3500 / 6000 [ 58%]  (Sampling) 
Chain 3 Iteration: 3500 / 6000 [ 58%]  (Sampling) 
Chain 2 Iteration: 3400 / 6000 [ 56%]  (Sampling) 
Chain 1 Iteration: 3600 / 6000 [ 60%]  (Sampling) 
Chain 4 Iteration: 3600 / 6000 [ 60%]  (Sampling) 
Chain 2 Iteration: 3500 / 6000 [ 58%]  (Sampling) 
Chain 3 Iteration: 3600 / 6000 [ 60%]  (Sampling) 
Chain 1 Iteration: 3700 / 6000 [ 61%]  (Sampling) 
Chain 4 Iteration: 3700 / 6000 [ 61%]  (Sampling) 
Chain 2 Iteration: 3600 / 6000 [ 60%]  (Sampling) 
Chain 3 Iteration: 3700 / 6000 [ 61%]  (Sampling) 
Chain 2 Iteration: 3700 / 6000 [ 61%]  (Sampling) 
Chain 1 Iteration: 3800 / 6000 [ 63%]  (Sampling) 
Chain 4 Iteration: 3800 / 6000 [ 63%]  (Sampling) 
Chain 3 Iteration: 3800 / 6000 [ 63%]  (Sampling) 
Chain 2 Iteration: 3800 / 6000 [ 63%]  (Sampling) 
Chain 1 Iteration: 3900 / 6000 [ 65%]  (Sampling) 
Chain 4 Iteration: 3900 / 6000 [ 65%]  (Sampling) 
Chain 3 Iteration: 3900 / 6000 [ 65%]  (Sampling) 
Chain 2 Iteration: 3900 / 6000 [ 65%]  (Sampling) 
Chain 1 Iteration: 4000 / 6000 [ 66%]  (Sampling) 
Chain 4 Iteration: 4000 / 6000 [ 66%]  (Sampling) 
Chain 3 Iteration: 4000 / 6000 [ 66%]  (Sampling) 
Chain 2 Iteration: 4000 / 6000 [ 66%]  (Sampling) 
Chain 1 Iteration: 4100 / 6000 [ 68%]  (Sampling) 
Chain 4 Iteration: 4100 / 6000 [ 68%]  (Sampling) 
Chain 3 Iteration: 4100 / 6000 [ 68%]  (Sampling) 
Chain 2 Iteration: 4100 / 6000 [ 68%]  (Sampling) 
Chain 1 Iteration: 4200 / 6000 [ 70%]  (Sampling) 
Chain 4 Iteration: 4200 / 6000 [ 70%]  (Sampling) 
Chain 2 Iteration: 4200 / 6000 [ 70%]  (Sampling) 
Chain 3 Iteration: 4200 / 6000 [ 70%]  (Sampling) 
Chain 1 Iteration: 4300 / 6000 [ 71%]  (Sampling) 
Chain 2 Iteration: 4300 / 6000 [ 71%]  (Sampling) 
Chain 4 Iteration: 4300 / 6000 [ 71%]  (Sampling) 
Chain 3 Iteration: 4300 / 6000 [ 71%]  (Sampling) 
Chain 2 Iteration: 4400 / 6000 [ 73%]  (Sampling) 
Chain 1 Iteration: 4400 / 6000 [ 73%]  (Sampling) 
Chain 4 Iteration: 4400 / 6000 [ 73%]  (Sampling) 
Chain 3 Iteration: 4400 / 6000 [ 73%]  (Sampling) 
Chain 2 Iteration: 4500 / 6000 [ 75%]  (Sampling) 
Chain 1 Iteration: 4500 / 6000 [ 75%]  (Sampling) 
Chain 4 Iteration: 4500 / 6000 [ 75%]  (Sampling) 
Chain 3 Iteration: 4500 / 6000 [ 75%]  (Sampling) 
Chain 2 Iteration: 4600 / 6000 [ 76%]  (Sampling) 
Chain 1 Iteration: 4600 / 6000 [ 76%]  (Sampling) 
Chain 4 Iteration: 4600 / 6000 [ 76%]  (Sampling) 
Chain 2 Iteration: 4700 / 6000 [ 78%]  (Sampling) 
Chain 3 Iteration: 4600 / 6000 [ 76%]  (Sampling) 
Chain 1 Iteration: 4700 / 6000 [ 78%]  (Sampling) 
Chain 2 Iteration: 4800 / 6000 [ 80%]  (Sampling) 
Chain 4 Iteration: 4700 / 6000 [ 78%]  (Sampling) 
Chain 3 Iteration: 4700 / 6000 [ 78%]  (Sampling) 
Chain 2 Iteration: 4900 / 6000 [ 81%]  (Sampling) 
Chain 1 Iteration: 4800 / 6000 [ 80%]  (Sampling) 
Chain 4 Iteration: 4800 / 6000 [ 80%]  (Sampling) 
Chain 3 Iteration: 4800 / 6000 [ 80%]  (Sampling) 
Chain 2 Iteration: 5000 / 6000 [ 83%]  (Sampling) 
Chain 1 Iteration: 4900 / 6000 [ 81%]  (Sampling) 
Chain 4 Iteration: 4900 / 6000 [ 81%]  (Sampling) 
Chain 3 Iteration: 4900 / 6000 [ 81%]  (Sampling) 
Chain 2 Iteration: 5100 / 6000 [ 85%]  (Sampling) 
Chain 1 Iteration: 5000 / 6000 [ 83%]  (Sampling) 
Chain 4 Iteration: 5000 / 6000 [ 83%]  (Sampling) 
Chain 2 Iteration: 5200 / 6000 [ 86%]  (Sampling) 
Chain 3 Iteration: 5000 / 6000 [ 83%]  (Sampling) 
Chain 1 Iteration: 5100 / 6000 [ 85%]  (Sampling) 
Chain 4 Iteration: 5100 / 6000 [ 85%]  (Sampling) 
Chain 2 Iteration: 5300 / 6000 [ 88%]  (Sampling) 
Chain 3 Iteration: 5100 / 6000 [ 85%]  (Sampling) 
Chain 1 Iteration: 5200 / 6000 [ 86%]  (Sampling) 
Chain 2 Iteration: 5400 / 6000 [ 90%]  (Sampling) 
Chain 4 Iteration: 5200 / 6000 [ 86%]  (Sampling) 
Chain 3 Iteration: 5200 / 6000 [ 86%]  (Sampling) 
Chain 1 Iteration: 5300 / 6000 [ 88%]  (Sampling) 
Chain 2 Iteration: 5500 / 6000 [ 91%]  (Sampling) 
Chain 4 Iteration: 5300 / 6000 [ 88%]  (Sampling) 
Chain 3 Iteration: 5300 / 6000 [ 88%]  (Sampling) 
Chain 1 Iteration: 5400 / 6000 [ 90%]  (Sampling) 
Chain 2 Iteration: 5600 / 6000 [ 93%]  (Sampling) 
Chain 4 Iteration: 5400 / 6000 [ 90%]  (Sampling) 
Chain 3 Iteration: 5400 / 6000 [ 90%]  (Sampling) 
Chain 2 Iteration: 5700 / 6000 [ 95%]  (Sampling) 
Chain 1 Iteration: 5500 / 6000 [ 91%]  (Sampling) 
Chain 4 Iteration: 5500 / 6000 [ 91%]  (Sampling) 
Chain 3 Iteration: 5500 / 6000 [ 91%]  (Sampling) 
Chain 2 Iteration: 5800 / 6000 [ 96%]  (Sampling) 
Chain 1 Iteration: 5600 / 6000 [ 93%]  (Sampling) 
Chain 4 Iteration: 5600 / 6000 [ 93%]  (Sampling) 
Chain 3 Iteration: 5600 / 6000 [ 93%]  (Sampling) 
Chain 2 Iteration: 5900 / 6000 [ 98%]  (Sampling) 
Chain 1 Iteration: 5700 / 6000 [ 95%]  (Sampling) 
Chain 4 Iteration: 5700 / 6000 [ 95%]  (Sampling) 
Chain 3 Iteration: 5700 / 6000 [ 95%]  (Sampling) 
Chain 2 Iteration: 6000 / 6000 [100%]  (Sampling) 
Chain 2 finished in 131057.0 seconds.
Chain 1 Iteration: 5800 / 6000 [ 96%]  (Sampling) 
Chain 4 Iteration: 5800 / 6000 [ 96%]  (Sampling) 
Chain 3 Iteration: 5800 / 6000 [ 96%]  (Sampling) 
Chain 1 Iteration: 5900 / 6000 [ 98%]  (Sampling) 
Chain 4 Iteration: 5900 / 6000 [ 98%]  (Sampling) 
Chain 3 Iteration: 5900 / 6000 [ 98%]  (Sampling) 
Chain 1 Iteration: 6000 / 6000 [100%]  (Sampling) 
Chain 4 Iteration: 6000 / 6000 [100%]  (Sampling) 
Chain 1 finished in 136398.0 seconds.
Chain 4 finished in 136400.0 seconds.
Chain 3 Iteration: 6000 / 6000 [100%]  (Sampling) 
Chain 3 finished in 137387.0 seconds.

All 4 chains finished successfully.
Mean chain execution time: 135310.5 seconds.
Total execution time: 137388.0 seconds.

[1] "Processing draws 1 to 100"
[1] "Chunk time = 3.195210313797"
[1] "Processing draws 101 to 200"
[1] "Chunk time = 2.29876025120417"
[1] "Processing draws 201 to 300"
[1] "Chunk time = 2.41063695351283"
[1] "Processing draws 301 to 400"
[1] "Chunk time = 2.05567010243734"
[1] "Processing draws 401 to 500"
[1] "Chunk time = 1.97266635497411"
[1] "Processing draws 501 to 600"
[1] "Chunk time = 2.01249685287476"
[1] "Processing draws 601 to 700"
[1] "Chunk time = 1.99088425238927"
[1] "Processing draws 701 to 800"
[1] "Chunk time = 2.13649388551712"
[1] "Processing draws 801 to 900"
[1] "Chunk time = 1.98026279211044"
[1] "Processing draws 901 to 1000"
[1] "Chunk time = 2.07089592615763"
[1] "Processing draws 1001 to 1100"
[1] "Chunk time = 2.02084197600683"
[1] "Processing draws 1101 to 1200"
[1] "Chunk time = 2.01435118913651"
[1] "Processing draws 1201 to 1300"
[1] "Chunk time = 2.08019421497981"
[1] "Processing draws 1301 to 1400"
[1] "Chunk time = 1.96701044241587"
[1] "Processing draws 1401 to 1500"
[1] "Chunk time = 1.98840705951055"
[1] "Processing draws 1501 to 1600"
[1] "Chunk time = 2.08301893472672"
[1] "Processing draws 1601 to 1700"
[1] "Chunk time = 1.9522076010704"
[1] "Processing draws 1701 to 1800"
[1] "Chunk time = 1.94748036066691"
[1] "Processing draws 1801 to 1900"
[1] "Chunk time = 2.05657322804133"
[1] "Processing draws 1901 to 2000"
[1] "Chunk time = 1.99277407725652"
[1] "Processing draws 2001 to 2100"
[1] "Chunk time = 2.01262363195419"
[1] "Processing draws 2101 to 2200"
[1] "Chunk time = 2.07418903112411"
[1] "Processing draws 2201 to 2300"
[1] "Chunk time = 2.01320003668467"
[1] "Processing draws 2301 to 2400"
[1] "Chunk time = 2.04071258703868"
[1] "Processing draws 2401 to 2500"
[1] "Chunk time = 2.08134216467539"
[1] "Processing draws 2501 to 2600"
[1] "Chunk time = 1.98150245745977"
[1] "Processing draws 2601 to 2700"
[1] "Chunk time = 1.95478318134944"
[1] "Processing draws 2701 to 2800"
[1] "Chunk time = 2.08423686027527"
[1] "Processing draws 2801 to 2900"
[1] "Chunk time = 1.96065276066462"
[1] "Processing draws 2901 to 3000"
[1] "Chunk time = 1.95103494723638"
[1] "Processing draws 3001 to 3100"
[1] "Chunk time = 2.08282539844513"
[1] "Processing draws 3101 to 3200"
[1] "Chunk time = 2.01851400534312"
[1] "Processing draws 3201 to 3300"
[1] "Chunk time = 1.95617916186651"
[1] "Processing draws 3301 to 3400"
[1] "Chunk time = 2.06788436571757"
[1] "Processing draws 3401 to 3500"
[1] "Chunk time = 1.94766161044439"
[1] "Processing draws 3501 to 3600"
[1] "Chunk time = 2.03036658763885"
[1] "Processing draws 3601 to 3700"
[1] "Chunk time = 2.07212333281835"
[1] "Processing draws 3701 to 3800"
[1] "Chunk time = 1.9669118086497"
[1] "Processing draws 3801 to 3900"
[1] "Chunk time = 1.98806946674983"
[1] "Processing draws 3901 to 4000"
[1] "Chunk time = 2.10211569865545"
[1] "Processing draws 4001 to 4100"
[1] "Chunk time = 2.05429771343867"
[1] "Processing draws 4101 to 4200"
[1] "Chunk time = 1.97289833227793"
[1] "Processing draws 4201 to 4300"
[1] "Chunk time = 2.08866202433904"
[1] "Processing draws 4301 to 4400"
[1] "Chunk time = 2.07780697743098"
[1] "Processing draws 4401 to 4500"
[1] "Chunk time = 2.10140380859375"
[1] "Processing draws 4501 to 4600"
[1] "Chunk time = 2.076589179039"
[1] "Processing draws 4601 to 4700"
[1] "Chunk time = 1.98912305831909"
[1] "Processing draws 4701 to 4800"
[1] "Chunk time = 2.04115640719732"
[1] "Processing draws 4801 to 4900"
[1] "Chunk time = 2.09656041463216"
[1] "Processing draws 4901 to 5000"
[1] "Chunk time = 1.98013461828232"
[1] "Processing draws 5001 to 5100"
[1] "Chunk time = 1.95170109272003"
[1] "Processing draws 5101 to 5200"
[1] "Chunk time = 2.09378938674927"
[1] "Processing draws 5201 to 5300"
[1] "Chunk time = 1.99449965953827"
[1] "Processing draws 5301 to 5400"
[1] "Chunk time = 2.01035381158193"
[1] "Processing draws 5401 to 5500"
[1] "Chunk time = 2.08035177389781"
[1] "Processing draws 5501 to 5600"
[1] "Chunk time = 2.05716279745102"
[1] "Processing draws 5601 to 5700"
[1] "Chunk time = 1.96409320433935"
[1] "Processing draws 5701 to 5800"
[1] "Chunk time = 2.09610336224238"
[1] "Processing draws 5801 to 5900"
[1] "Chunk time = 1.96521077156067"
[1] "Processing draws 5901 to 6000"
[1] "Chunk time = 2.04329793453217"
[1] "Processing draws 6001 to 6100"
[1] "Chunk time = 2.09583679835002"
[1] "Processing draws 6101 to 6200"
[1] "Chunk time = 2.05100166002909"
[1] "Processing draws 6201 to 6300"
[1] "Chunk time = 2.02529730002085"
[1] "Processing draws 6301 to 6400"
[1] "Chunk time = 2.31399638255437"
[1] "Processing draws 6401 to 6500"
[1] "Chunk time = 2.17755713860194"
[1] "Processing draws 6501 to 6600"
[1] "Chunk time = 1.95174252589544"
[1] "Processing draws 6601 to 6700"
[1] "Chunk time = 2.0873818675677"
[1] "Processing draws 6701 to 6800"
[1] "Chunk time = 2.07390936215719"
[1] "Processing draws 6801 to 6900"
[1] "Chunk time = 1.9982540845871"
[1] "Processing draws 6901 to 7000"
[1] "Chunk time = 2.0693506360054"
[1] "Processing draws 7001 to 7100"
[1] "Chunk time = 1.95401175022125"
[1] "Processing draws 7101 to 7200"
[1] "Chunk time = 1.99926131169001"
[1] "Processing draws 7201 to 7300"
[1] "Chunk time = 2.10347845554352"
[1] "Processing draws 7301 to 7400"
[1] "Chunk time = 2.00633859634399"
[1] "Processing draws 7401 to 7500"
[1] "Chunk time = 2.0281352241834"
[1] "Processing draws 7501 to 7600"
[1] "Chunk time = 2.03947072029114"
[1] "Processing draws 7601 to 7700"
[1] "Chunk time = 1.95964836676915"
[1] "Processing draws 7701 to 7800"
[1] "Chunk time = 1.95081079403559"
[1] "Processing draws 7801 to 7900"
[1] "Chunk time = 2.04548075596492"
[1] "Processing draws 7901 to 8000"
[1] "Chunk time = 1.99195005098979"
[1] "Processing draws 8001 to 8100"
[1] "Chunk time = 1.9519749879837"
[1] "Processing draws 8101 to 8200"
[1] "Chunk time = 2.0300758600235"
[1] "Processing draws 8201 to 8300"
[1] "Chunk time = 1.95032268365224"
[1] "Processing draws 8301 to 8400"
[1] "Chunk time = 1.98173881371816"
[1] "Processing draws 8401 to 8500"
[1] "Chunk time = 2.03594381014506"
[1] "Processing draws 8501 to 8600"
[1] "Chunk time = 1.95287223656972"
[1] "Processing draws 8601 to 8700"
[1] "Chunk time = 1.93004890282949"
[1] "Processing draws 8701 to 8800"
[1] "Chunk time = 2.03716010252635"
[1] "Processing draws 8801 to 8900"
[1] "Chunk time = 1.96669555902481"
[1] "Processing draws 8901 to 9000"
[1] "Chunk time = 1.9564013838768"
[1] "Processing draws 9001 to 9100"
[1] "Chunk time = 2.04041778643926"
[1] "Processing draws 9101 to 9200"
[1] "Chunk time = 1.9410538037618"
[1] "Processing draws 9201 to 9300"
[1] "Chunk time = 1.91259119113286"
[1] "Processing draws 9301 to 9400"
[1] "Chunk time = 2.09750346740087"
[1] "Processing draws 9401 to 9500"
[1] "Chunk time = 1.91383904616038"
[1] "Processing draws 9501 to 9600"
[1] "Chunk time = 1.94732404152552"
[1] "Processing draws 9601 to 9700"
[1] "Chunk time = 2.03980499903361"
[1] "Processing draws 9701 to 9800"
[1] "Chunk time = 1.95522328217824"
[1] "Processing draws 9801 to 9900"
[1] "Chunk time = 1.88621956110001"
[1] "Processing draws 9901 to 10000"
[1] "Chunk time = 2.09731806516647"
[1] "Processing draws 10001 to 10100"
[1] "Chunk time = 1.91629695892334"
[1] "Processing draws 10101 to 10200"
[1] "Chunk time = 1.88069903453191"
[1] "Processing draws 10201 to 10300"
[1] "Chunk time = 2.05662703514099"
[1] "Processing draws 10301 to 10400"
[1] "Chunk time = 1.96137768427531"
[1] "Processing draws 10401 to 10500"
[1] "Chunk time = 1.92123310168584"
[1] "Processing draws 10501 to 10600"
[1] "Chunk time = 2.04774859746297"
[1] "Processing draws 10601 to 10700"
[1] "Chunk time = 1.88975813786189"
[1] "Processing draws 10701 to 10800"
[1] "Chunk time = 1.9527826944987"
[1] "Processing draws 10801 to 10900"
[1] "Chunk time = 2.04903690020243"
[1] "Processing draws 10901 to 11000"
[1] "Chunk time = 1.90000969966253"
[1] "Processing draws 11001 to 11100"
[1] "Chunk time = 1.95641508897146"
[1] "Processing draws 11101 to 11200"
[1] "Chunk time = 2.08095256090164"
[1] "Processing draws 11201 to 11300"
[1] "Chunk time = 1.90285780032476"
[1] "Processing draws 11301 to 11400"
[1] "Chunk time = 1.90050611893336"
[1] "Processing draws 11401 to 11500"
[1] "Chunk time = 2.0506888349851"
[1] "Processing draws 11501 to 11600"
[1] "Chunk time = 1.94679276148478"
[1] "Processing draws 11601 to 11700"
[1] "Chunk time = 1.87373202244441"
[1] "Processing draws 11701 to 11800"
[1] "Chunk time = 2.04412572383881"
[1] "Processing draws 11801 to 11900"
[1] "Chunk time = 1.90253615379333"
[1] "Processing draws 11901 to 12000"
[1] "Chunk time = 1.949398402373"
[1] "Processing draws 12001 to 12100"
[1] "Chunk time = 2.04477673371633"
[1] "Processing draws 12101 to 12200"
[1] "Chunk time = 1.89764715035756"
[1] "Processing draws 12201 to 12300"
[1] "Chunk time = 1.92247579097748"
[1] "Processing draws 12301 to 12400"
[1] "Chunk time = 2.07046709060669"
[1] "Processing draws 12401 to 12500"
[1] "Chunk time = 1.950013367335"
[1] "Processing draws 12501 to 12600"
[1] "Chunk time = 1.86886896689733"
[1] "Processing draws 12601 to 12700"
[1] "Chunk time = 1.99195883274078"
[1] "Processing draws 12701 to 12800"
