[1] "Starting sampling."
Running MCMC with 4 parallel chains, with 4 thread(s) per chain...

Chain 1 Iteration:    1 / 6000 [  0%]  (Warmup) 
Chain 2 Iteration:    1 / 6000 [  0%]  (Warmup) 
Chain 3 Iteration:    1 / 6000 [  0%]  (Warmup) 
Chain 4 Iteration:    1 / 6000 [  0%]  (Warmup) 
Chain 1 Iteration:  100 / 6000 [  1%]  (Warmup) 
Chain 2 Iteration:  100 / 6000 [  1%]  (Warmup) 
Chain 4 Iteration:  100 / 6000 [  1%]  (Warmup) 
Chain 3 Iteration:  100 / 6000 [  1%]  (Warmup) 
Chain 1 Iteration:  200 / 6000 [  3%]  (Warmup) 
Chain 2 Iteration:  200 / 6000 [  3%]  (Warmup) 
Chain 4 Iteration:  200 / 6000 [  3%]  (Warmup) 
Chain 1 Iteration:  300 / 6000 [  5%]  (Warmup) 
Chain 2 Iteration:  300 / 6000 [  5%]  (Warmup) 
Chain 3 Iteration:  200 / 6000 [  3%]  (Warmup) 
Chain 4 Iteration:  300 / 6000 [  5%]  (Warmup) 
Chain 1 Iteration:  400 / 6000 [  6%]  (Warmup) 
Chain 2 Iteration:  400 / 6000 [  6%]  (Warmup) 
Chain 4 Iteration:  400 / 6000 [  6%]  (Warmup) 
Chain 3 Iteration:  300 / 6000 [  5%]  (Warmup) 
Chain 4 Iteration:  500 / 6000 [  8%]  (Warmup) 
Chain 2 Iteration:  500 / 6000 [  8%]  (Warmup) 
Chain 1 Iteration:  500 / 6000 [  8%]  (Warmup) 
Chain 3 Iteration:  400 / 6000 [  6%]  (Warmup) 
Chain 4 Iteration:  600 / 6000 [ 10%]  (Warmup) 
Chain 2 Iteration:  600 / 6000 [ 10%]  (Warmup) 
Chain 1 Iteration:  600 / 6000 [ 10%]  (Warmup) 
Chain 3 Iteration:  500 / 6000 [  8%]  (Warmup) 
Chain 4 Iteration:  700 / 6000 [ 11%]  (Warmup) 
Chain 2 Iteration:  700 / 6000 [ 11%]  (Warmup) 
Chain 1 Iteration:  700 / 6000 [ 11%]  (Warmup) 
Chain 4 Iteration:  800 / 6000 [ 13%]  (Warmup) 
Chain 3 Iteration:  600 / 6000 [ 10%]  (Warmup) 
Chain 2 Iteration:  800 / 6000 [ 13%]  (Warmup) 
Chain 1 Iteration:  800 / 6000 [ 13%]  (Warmup) 
Chain 4 Iteration:  900 / 6000 [ 15%]  (Warmup) 
Chain 3 Iteration:  700 / 6000 [ 11%]  (Warmup) 
Chain 2 Iteration:  900 / 6000 [ 15%]  (Warmup) 
Chain 1 Iteration:  900 / 6000 [ 15%]  (Warmup) 
Chain 4 Iteration: 1000 / 6000 [ 16%]  (Warmup) 
Chain 4 Iteration: 1001 / 6000 [ 16%]  (Sampling) 
Chain 3 Iteration:  800 / 6000 [ 13%]  (Warmup) 
Chain 4 Iteration: 1100 / 6000 [ 18%]  (Sampling) 
Chain 2 Iteration: 1000 / 6000 [ 16%]  (Warmup) 
Chain 2 Iteration: 1001 / 6000 [ 16%]  (Sampling) 
Chain 1 Iteration: 1000 / 6000 [ 16%]  (Warmup) 
Chain 1 Iteration: 1001 / 6000 [ 16%]  (Sampling) 
Chain 4 Iteration: 1200 / 6000 [ 20%]  (Sampling) 
Chain 3 Iteration:  900 / 6000 [ 15%]  (Warmup) 
Chain 4 Iteration: 1300 / 6000 [ 21%]  (Sampling) 
Chain 2 Iteration: 1100 / 6000 [ 18%]  (Sampling) 
Chain 1 Iteration: 1100 / 6000 [ 18%]  (Sampling) 
Chain 3 Iteration: 1000 / 6000 [ 16%]  (Warmup) 
Chain 3 Iteration: 1001 / 6000 [ 16%]  (Sampling) 
Chain 4 Iteration: 1400 / 6000 [ 23%]  (Sampling) 
Chain 4 Iteration: 1500 / 6000 [ 25%]  (Sampling) 
Chain 2 Iteration: 1200 / 6000 [ 20%]  (Sampling) 
Chain 1 Iteration: 1200 / 6000 [ 20%]  (Sampling) 
Chain 4 Iteration: 1600 / 6000 [ 26%]  (Sampling) 
Chain 3 Iteration: 1100 / 6000 [ 18%]  (Sampling) 
Chain 4 Iteration: 1700 / 6000 [ 28%]  (Sampling) 
Chain 2 Iteration: 1300 / 6000 [ 21%]  (Sampling) 
Chain 1 Iteration: 1300 / 6000 [ 21%]  (Sampling) 
Chain 4 Iteration: 1800 / 6000 [ 30%]  (Sampling) 
Chain 3 Iteration: 1200 / 6000 [ 20%]  (Sampling) 
Chain 4 Iteration: 1900 / 6000 [ 31%]  (Sampling) 
Chain 2 Iteration: 1400 / 6000 [ 23%]  (Sampling) 
Chain 1 Iteration: 1400 / 6000 [ 23%]  (Sampling) 
Chain 4 Iteration: 2000 / 6000 [ 33%]  (Sampling) 
Chain 3 Iteration: 1300 / 6000 [ 21%]  (Sampling) 
Chain 4 Iteration: 2100 / 6000 [ 35%]  (Sampling) 
Chain 2 Iteration: 1500 / 6000 [ 25%]  (Sampling) 
Chain 1 Iteration: 1500 / 6000 [ 25%]  (Sampling) 
Chain 4 Iteration: 2200 / 6000 [ 36%]  (Sampling) 
Chain 3 Iteration: 1400 / 6000 [ 23%]  (Sampling) 
Chain 4 Iteration: 2300 / 6000 [ 38%]  (Sampling) 
Chain 2 Iteration: 1600 / 6000 [ 26%]  (Sampling) 
Chain 1 Iteration: 1600 / 6000 [ 26%]  (Sampling) 
Chain 4 Iteration: 2400 / 6000 [ 40%]  (Sampling) 
Chain 3 Iteration: 1500 / 6000 [ 25%]  (Sampling) 
Chain 4 Iteration: 2500 / 6000 [ 41%]  (Sampling) 
Chain 2 Iteration: 1700 / 6000 [ 28%]  (Sampling) 
Chain 4 Iteration: 2600 / 6000 [ 43%]  (Sampling) 
Chain 1 Iteration: 1700 / 6000 [ 28%]  (Sampling) 
Chain 3 Iteration: 1600 / 6000 [ 26%]  (Sampling) 
Chain 4 Iteration: 2700 / 6000 [ 45%]  (Sampling) 
Chain 2 Iteration: 1800 / 6000 [ 30%]  (Sampling) 
Chain 4 Iteration: 2800 / 6000 [ 46%]  (Sampling) 
Chain 1 Iteration: 1800 / 6000 [ 30%]  (Sampling) 
Chain 4 Iteration: 2900 / 6000 [ 48%]  (Sampling) 
Chain 3 Iteration: 1700 / 6000 [ 28%]  (Sampling) 
Chain 4 Iteration: 3000 / 6000 [ 50%]  (Sampling) 
Chain 2 Iteration: 1900 / 6000 [ 31%]  (Sampling) 
Chain 1 Iteration: 1900 / 6000 [ 31%]  (Sampling) 
Chain 4 Iteration: 3100 / 6000 [ 51%]  (Sampling) 
Chain 3 Iteration: 1800 / 6000 [ 30%]  (Sampling) 
Chain 4 Iteration: 3200 / 6000 [ 53%]  (Sampling) 
Chain 2 Iteration: 2000 / 6000 [ 33%]  (Sampling) 
Chain 1 Iteration: 2000 / 6000 [ 33%]  (Sampling) 
Chain 4 Iteration: 3300 / 6000 [ 55%]  (Sampling) 
Chain 3 Iteration: 1900 / 6000 [ 31%]  (Sampling) 
Chain 4 Iteration: 3400 / 6000 [ 56%]  (Sampling) 
Chain 2 Iteration: 2100 / 6000 [ 35%]  (Sampling) 
Chain 4 Iteration: 3500 / 6000 [ 58%]  (Sampling) 
Chain 1 Iteration: 2100 / 6000 [ 35%]  (Sampling) 
Chain 4 Iteration: 3600 / 6000 [ 60%]  (Sampling) 
Chain 3 Iteration: 2000 / 6000 [ 33%]  (Sampling) 
Chain 2 Iteration: 2200 / 6000 [ 36%]  (Sampling) 
Chain 4 Iteration: 3700 / 6000 [ 61%]  (Sampling) 
Chain 1 Iteration: 2200 / 6000 [ 36%]  (Sampling) 
Chain 4 Iteration: 3800 / 6000 [ 63%]  (Sampling) 
Chain 3 Iteration: 2100 / 6000 [ 35%]  (Sampling) 
Chain 4 Iteration: 3900 / 6000 [ 65%]  (Sampling) 
Chain 2 Iteration: 2300 / 6000 [ 38%]  (Sampling) 
Chain 1 Iteration: 2300 / 6000 [ 38%]  (Sampling) 
Chain 4 Iteration: 4000 / 6000 [ 66%]  (Sampling) 
Chain 3 Iteration: 2200 / 6000 [ 36%]  (Sampling) 
Chain 4 Iteration: 4100 / 6000 [ 68%]  (Sampling) 
Chain 2 Iteration: 2400 / 6000 [ 40%]  (Sampling) 
Chain 1 Iteration: 2400 / 6000 [ 40%]  (Sampling) 
Chain 4 Iteration: 4200 / 6000 [ 70%]  (Sampling) 
Chain 4 Iteration: 4300 / 6000 [ 71%]  (Sampling) 
Chain 3 Iteration: 2300 / 6000 [ 38%]  (Sampling) 
Chain 2 Iteration: 2500 / 6000 [ 41%]  (Sampling) 
Chain 4 Iteration: 4400 / 6000 [ 73%]  (Sampling) 
Chain 1 Iteration: 2500 / 6000 [ 41%]  (Sampling) 
Chain 4 Iteration: 4500 / 6000 [ 75%]  (Sampling) 
Chain 3 Iteration: 2400 / 6000 [ 40%]  (Sampling) 
Chain 4 Iteration: 4600 / 6000 [ 76%]  (Sampling) 
Chain 2 Iteration: 2600 / 6000 [ 43%]  (Sampling) 
Chain 1 Iteration: 2600 / 6000 [ 43%]  (Sampling) 
Chain 4 Iteration: 4700 / 6000 [ 78%]  (Sampling) 
Chain 3 Iteration: 2500 / 6000 [ 41%]  (Sampling) 
Chain 4 Iteration: 4800 / 6000 [ 80%]  (Sampling) 
Chain 2 Iteration: 2700 / 6000 [ 45%]  (Sampling) 
Chain 1 Iteration: 2700 / 6000 [ 45%]  (Sampling) 
Chain 4 Iteration: 4900 / 6000 [ 81%]  (Sampling) 
Chain 3 Iteration: 2600 / 6000 [ 43%]  (Sampling) 
Chain 4 Iteration: 5000 / 6000 [ 83%]  (Sampling) 
Chain 2 Iteration: 2800 / 6000 [ 46%]  (Sampling) 
Chain 1 Iteration: 2800 / 6000 [ 46%]  (Sampling) 
Chain 4 Iteration: 5100 / 6000 [ 85%]  (Sampling) 
Chain 4 Iteration: 5200 / 6000 [ 86%]  (Sampling) 
Chain 3 Iteration: 2700 / 6000 [ 45%]  (Sampling) 
Chain 2 Iteration: 2900 / 6000 [ 48%]  (Sampling) 
Chain 4 Iteration: 5300 / 6000 [ 88%]  (Sampling) 
Chain 1 Iteration: 2900 / 6000 [ 48%]  (Sampling) 
Chain 4 Iteration: 5400 / 6000 [ 90%]  (Sampling) 
Chain 3 Iteration: 2800 / 6000 [ 46%]  (Sampling) 
Chain 4 Iteration: 5500 / 6000 [ 91%]  (Sampling) 
Chain 2 Iteration: 3000 / 6000 [ 50%]  (Sampling) 
Chain 1 Iteration: 3000 / 6000 [ 50%]  (Sampling) 
Chain 4 Iteration: 5600 / 6000 [ 93%]  (Sampling) 
Chain 4 Iteration: 5700 / 6000 [ 95%]  (Sampling) 
Chain 3 Iteration: 2900 / 6000 [ 48%]  (Sampling) 
Chain 2 Iteration: 3100 / 6000 [ 51%]  (Sampling) 
Chain 4 Iteration: 5800 / 6000 [ 96%]  (Sampling) 
Chain 1 Iteration: 3100 / 6000 [ 51%]  (Sampling) 
Chain 4 Iteration: 5900 / 6000 [ 98%]  (Sampling) 
Chain 3 Iteration: 3000 / 6000 [ 50%]  (Sampling) 
Chain 2 Iteration: 3200 / 6000 [ 53%]  (Sampling) 
Chain 4 Iteration: 6000 / 6000 [100%]  (Sampling) 
Chain 4 finished in 722.4 seconds.
Chain 1 Iteration: 3200 / 6000 [ 53%]  (Sampling) 
Chain 3 Iteration: 3100 / 6000 [ 51%]  (Sampling) 
Chain 2 Iteration: 3300 / 6000 [ 55%]  (Sampling) 
Chain 1 Iteration: 3300 / 6000 [ 55%]  (Sampling) 
Chain 3 Iteration: 3200 / 6000 [ 53%]  (Sampling) 
Chain 2 Iteration: 3400 / 6000 [ 56%]  (Sampling) 
Chain 1 Iteration: 3400 / 6000 [ 56%]  (Sampling) 
Chain 3 Iteration: 3300 / 6000 [ 55%]  (Sampling) 
Chain 2 Iteration: 3500 / 6000 [ 58%]  (Sampling) 
Chain 1 Iteration: 3500 / 6000 [ 58%]  (Sampling) 
Chain 3 Iteration: 3400 / 6000 [ 56%]  (Sampling) 
Chain 2 Iteration: 3600 / 6000 [ 60%]  (Sampling) 
Chain 1 Iteration: 3600 / 6000 [ 60%]  (Sampling) 
Chain 3 Iteration: 3500 / 6000 [ 58%]  (Sampling) 
Chain 2 Iteration: 3700 / 6000 [ 61%]  (Sampling) 
Chain 1 Iteration: 3700 / 6000 [ 61%]  (Sampling) 
Chain 3 Iteration: 3600 / 6000 [ 60%]  (Sampling) 
Chain 2 Iteration: 3800 / 6000 [ 63%]  (Sampling) 
Chain 1 Iteration: 3800 / 6000 [ 63%]  (Sampling) 
Chain 3 Iteration: 3700 / 6000 [ 61%]  (Sampling) 
Chain 2 Iteration: 3900 / 6000 [ 65%]  (Sampling) 
Chain 1 Iteration: 3900 / 6000 [ 65%]  (Sampling) 
Chain 3 Iteration: 3800 / 6000 [ 63%]  (Sampling) 
Chain 2 Iteration: 4000 / 6000 [ 66%]  (Sampling) 
Chain 1 Iteration: 4000 / 6000 [ 66%]  (Sampling) 
Chain 3 Iteration: 3900 / 6000 [ 65%]  (Sampling) 
Chain 2 Iteration: 4100 / 6000 [ 68%]  (Sampling) 
Chain 1 Iteration: 4100 / 6000 [ 68%]  (Sampling) 
Chain 3 Iteration: 4000 / 6000 [ 66%]  (Sampling) 
Chain 2 Iteration: 4200 / 6000 [ 70%]  (Sampling) 
Chain 1 Iteration: 4200 / 6000 [ 70%]  (Sampling) 
Chain 3 Iteration: 4100 / 6000 [ 68%]  (Sampling) 
Chain 2 Iteration: 4300 / 6000 [ 71%]  (Sampling) 
Chain 1 Iteration: 4300 / 6000 [ 71%]  (Sampling) 
Chain 3 Iteration: 4200 / 6000 [ 70%]  (Sampling) 
Chain 2 Iteration: 4400 / 6000 [ 73%]  (Sampling) 
Chain 1 Iteration: 4400 / 6000 [ 73%]  (Sampling) 
Chain 3 Iteration: 4300 / 6000 [ 71%]  (Sampling) 
Chain 2 Iteration: 4500 / 6000 [ 75%]  (Sampling) 
Chain 1 Iteration: 4500 / 6000 [ 75%]  (Sampling) 
Chain 3 Iteration: 4400 / 6000 [ 73%]  (Sampling) 
Chain 2 Iteration: 4600 / 6000 [ 76%]  (Sampling) 
Chain 1 Iteration: 4600 / 6000 [ 76%]  (Sampling) 
Chain 3 Iteration: 4500 / 6000 [ 75%]  (Sampling) 
Chain 2 Iteration: 4700 / 6000 [ 78%]  (Sampling) 
Chain 1 Iteration: 4700 / 6000 [ 78%]  (Sampling) 
Chain 3 Iteration: 4600 / 6000 [ 76%]  (Sampling) 
Chain 2 Iteration: 4800 / 6000 [ 80%]  (Sampling) 
Chain 1 Iteration: 4800 / 6000 [ 80%]  (Sampling) 
Chain 2 Iteration: 4900 / 6000 [ 81%]  (Sampling) 
Chain 3 Iteration: 4700 / 6000 [ 78%]  (Sampling) 
Chain 1 Iteration: 4900 / 6000 [ 81%]  (Sampling) 
Chain 3 Iteration: 4800 / 6000 [ 80%]  (Sampling) 
Chain 2 Iteration: 5000 / 6000 [ 83%]  (Sampling) 
Chain 1 Iteration: 5000 / 6000 [ 83%]  (Sampling) 
Chain 3 Iteration: 4900 / 6000 [ 81%]  (Sampling) 
Chain 2 Iteration: 5100 / 6000 [ 85%]  (Sampling) 
Chain 1 Iteration: 5100 / 6000 [ 85%]  (Sampling) 
Chain 3 Iteration: 5000 / 6000 [ 83%]  (Sampling) 
Chain 2 Iteration: 5200 / 6000 [ 86%]  (Sampling) 
Chain 1 Iteration: 5200 / 6000 [ 86%]  (Sampling) 
Chain 3 Iteration: 5100 / 6000 [ 85%]  (Sampling) 
Chain 2 Iteration: 5300 / 6000 [ 88%]  (Sampling) 
Chain 1 Iteration: 5300 / 6000 [ 88%]  (Sampling) 
Chain 3 Iteration: 5200 / 6000 [ 86%]  (Sampling) 
Chain 2 Iteration: 5400 / 6000 [ 90%]  (Sampling) 
Chain 1 Iteration: 5400 / 6000 [ 90%]  (Sampling) 
Chain 3 Iteration: 5300 / 6000 [ 88%]  (Sampling) 
Chain 2 Iteration: 5500 / 6000 [ 91%]  (Sampling) 
Chain 1 Iteration: 5500 / 6000 [ 91%]  (Sampling) 
Chain 3 Iteration: 5400 / 6000 [ 90%]  (Sampling) 
Chain 2 Iteration: 5600 / 6000 [ 93%]  (Sampling) 
Chain 1 Iteration: 5600 / 6000 [ 93%]  (Sampling) 
Chain 3 Iteration: 5500 / 6000 [ 91%]  (Sampling) 
Chain 2 Iteration: 5700 / 6000 [ 95%]  (Sampling) 
Chain 1 Iteration: 5700 / 6000 [ 95%]  (Sampling) 
Chain 3 Iteration: 5600 / 6000 [ 93%]  (Sampling) 
Chain 2 Iteration: 5800 / 6000 [ 96%]  (Sampling) 
Chain 1 Iteration: 5800 / 6000 [ 96%]  (Sampling) 
Chain 3 Iteration: 5700 / 6000 [ 95%]  (Sampling) 
Chain 2 Iteration: 5900 / 6000 [ 98%]  (Sampling) 
Chain 1 Iteration: 5900 / 6000 [ 98%]  (Sampling) 
Chain 3 Iteration: 5800 / 6000 [ 96%]  (Sampling) 
Chain 2 Iteration: 6000 / 6000 [100%]  (Sampling) 
Chain 2 finished in 1238.1 seconds.
Chain 1 Iteration: 6000 / 6000 [100%]  (Sampling) 
Chain 1 finished in 1239.1 seconds.
Chain 3 Iteration: 5900 / 6000 [ 98%]  (Sampling) 
Chain 3 Iteration: 6000 / 6000 [100%]  (Sampling) 
Chain 3 finished in 1263.8 seconds.

All 4 chains finished successfully.
Mean chain execution time: 1115.9 seconds.
Total execution time: 1264.1 seconds.

[1] "Processing draws 1 to 100"
[1] "Chunk time = 48.5929098129272"
[1] "Processing draws 101 to 200"
[1] "Chunk time = 14.7821655273438"
[1] "Processing draws 201 to 300"
[1] "Chunk time = 14.5405757427216"
[1] "Processing draws 301 to 400"
[1] "Chunk time = 14.7962727546692"
[1] "Processing draws 401 to 500"
[1] "Chunk time = 15.5425837039948"
[1] "Processing draws 501 to 600"
[1] "Chunk time = 15.1777942180634"
[1] "Processing draws 601 to 700"
[1] "Chunk time = 15.3488686084747"
[1] "Processing draws 701 to 800"
[1] "Chunk time = 15.1138541698456"
[1] "Processing draws 801 to 900"
[1] "Chunk time = 15.2745876312256"
[1] "Processing draws 901 to 1000"
[1] "Chunk time = 14.5175096988678"
[1] "Processing draws 1001 to 1100"
[1] "Chunk time = 14.6835119724274"
[1] "Processing draws 1101 to 1200"
[1] "Chunk time = 14.6024959087372"
[1] "Processing draws 1201 to 1300"
[1] "Chunk time = 14.6156489849091"
[1] "Processing draws 1301 to 1400"
[1] "Chunk time = 14.7373871803284"
[1] "Processing draws 1401 to 1500"
[1] "Chunk time = 14.8122396469116"
[1] "Processing draws 1501 to 1600"
[1] "Chunk time = 14.420333147049"
[1] "Processing draws 1601 to 1700"
[1] "Chunk time = 14.4334421157837"
[1] "Processing draws 1701 to 1800"
[1] "Chunk time = 14.4491527080536"
[1] "Processing draws 1801 to 1900"
[1] "Chunk time = 14.7934486865997"
[1] "Processing draws 1901 to 2000"
[1] "Chunk time = 15.0018792152405"
[1] "Processing draws 2001 to 2100"
[1] "Chunk time = 15.3738057613373"
[1] "Processing draws 2101 to 2200"
[1] "Chunk time = 15.0170247554779"
[1] "Processing draws 2201 to 2300"
[1] "Chunk time = 15.1924192905426"
[1] "Processing draws 2301 to 2400"
[1] "Chunk time = 14.8546271324158"
[1] "Processing draws 2401 to 2500"
[1] "Chunk time = 14.7314813137054"
[1] "Processing draws 2501 to 2600"
[1] "Chunk time = 14.5829980373383"
[1] "Processing draws 2601 to 2700"
[1] "Chunk time = 14.9498448371887"
[1] "Processing draws 2701 to 2800"
[1] "Chunk time = 14.8760676383972"
[1] "Processing draws 2801 to 2900"
[1] "Chunk time = 14.892915725708"
[1] "Processing draws 2901 to 3000"
[1] "Chunk time = 14.7695512771606"
[1] "Processing draws 3001 to 3100"
[1] "Chunk time = 14.8653299808502"
[1] "Processing draws 3101 to 3200"
[1] "Chunk time = 14.6194970607758"
[1] "Processing draws 3201 to 3300"
[1] "Chunk time = 14.5318305492401"
[1] "Processing draws 3301 to 3400"
[1] "Chunk time = 14.6660013198853"
[1] "Processing draws 3401 to 3500"
[1] "Chunk time = 14.7185232639313"
[1] "Processing draws 3501 to 3600"
[1] "Chunk time = 14.4860939979553"
[1] "Processing draws 3601 to 3700"
[1] "Chunk time = 15.3007831573486"
[1] "Processing draws 3701 to 3800"
[1] "Chunk time = 15.2682859897614"
[1] "Processing draws 3801 to 3900"
[1] "Chunk time = 15.4169223308563"
[1] "Processing draws 3901 to 4000"
[1] "Chunk time = 14.9446277618408"
[1] "Processing draws 4001 to 4100"
[1] "Chunk time = 15.0549871921539"
[1] "Processing draws 4101 to 4200"
[1] "Chunk time = 14.8571388721466"
[1] "Processing draws 4201 to 4300"
[1] "Chunk time = 14.9663231372833"
[1] "Processing draws 4301 to 4400"
[1] "Chunk time = 14.7884387969971"
[1] "Processing draws 4401 to 4500"
[1] "Chunk time = 14.8086268901825"
[1] "Processing draws 4501 to 4600"
[1] "Chunk time = 14.5831186771393"
[1] "Processing draws 4601 to 4700"
[1] "Chunk time = 14.6677358150482"
[1] "Processing draws 4701 to 4800"
[1] "Chunk time = 14.652946472168"
[1] "Processing draws 4801 to 4900"
[1] "Chunk time = 14.6282377243042"
[1] "Processing draws 4901 to 5000"
[1] "Chunk time = 14.6158585548401"
[1] "Processing draws 5001 to 5100"
[1] "Chunk time = 14.7787747383118"
[1] "Processing draws 5101 to 5200"
[1] "Chunk time = 14.8449895381927"
[1] "Processing draws 5201 to 5300"
[1] "Chunk time = 14.9111671447754"
[1] "Processing draws 5301 to 5400"
[1] "Chunk time = 14.5509257316589"
[1] "Processing draws 5401 to 5500"
[1] "Chunk time = 15.0840227603912"
[1] "Processing draws 5501 to 5600"
[1] "Chunk time = 14.8703055381775"
[1] "Processing draws 5601 to 5700"
[1] "Chunk time = 14.8944582939148"
[1] "Processing draws 5701 to 5800"
[1] "Chunk time = 14.6299936771393"
[1] "Processing draws 5801 to 5900"
[1] "Chunk time = 14.8805856704712"
[1] "Processing draws 5901 to 6000"
[1] "Chunk time = 14.8347671031952"
[1] "Processing draws 6001 to 6100"
[1] "Chunk time = 14.776340007782"
[1] "Processing draws 6101 to 6200"
[1] "Chunk time = 14.77197265625"
[1] "Processing draws 6201 to 6300"
[1] "Chunk time = 14.7673215866089"
[1] "Processing draws 6301 to 6400"
[1] "Chunk time = 14.6522839069366"
[1] "Processing draws 6401 to 6500"
[1] "Chunk time = 14.7126641273499"
[1] "Processing draws 6501 to 6600"
[1] "Chunk time = 14.426097869873"
[1] "Processing draws 6601 to 6700"
[1] "Chunk time = 14.5331032276154"
[1] "Processing draws 6701 to 6800"
[1] "Chunk time = 14.3769710063934"
[1] "Processing draws 6801 to 6900"
[1] "Chunk time = 14.483957529068"
[1] "Processing draws 6901 to 7000"
[1] "Chunk time = 14.6334941387177"
[1] "Processing draws 7001 to 7100"
[1] "Chunk time = 14.7671217918396"
[1] "Processing draws 7101 to 7200"
[1] "Chunk time = 15.0816452503204"
[1] "Processing draws 7201 to 7300"
[1] "Chunk time = 15.3541586399078"
[1] "Processing draws 7301 to 7400"
[1] "Chunk time = 15.0304164886475"
[1] "Processing draws 7401 to 7500"
[1] "Chunk time = 15.2387027740479"
[1] "Processing draws 7501 to 7600"
[1] "Chunk time = 14.5721211433411"
[1] "Processing draws 7601 to 7700"
[1] "Chunk time = 14.9244067668915"
[1] "Processing draws 7701 to 7800"
[1] "Chunk time = 14.6253745555878"
[1] "Processing draws 7801 to 7900"
[1] "Chunk time = 14.8200685977936"
[1] "Processing draws 7901 to 8000"
[1] "Chunk time = 14.7706456184387"
[1] "Processing draws 8001 to 8100"
[1] "Chunk time = 14.6652634143829"
[1] "Processing draws 8101 to 8200"
[1] "Chunk time = 14.7473835945129"
[1] "Processing draws 8201 to 8300"
[1] "Chunk time = 14.7496891021729"
[1] "Processing draws 8301 to 8400"
[1] "Chunk time = 14.459890127182"
[1] "Processing draws 8401 to 8500"
[1] "Chunk time = 14.6306359767914"
[1] "Processing draws 8501 to 8600"
[1] "Chunk time = 14.4507384300232"
[1] "Processing draws 8601 to 8700"
[1] "Chunk time = 14.6699047088623"
[1] "Processing draws 8701 to 8800"
[1] "Chunk time = 14.552919626236"
[1] "Processing draws 8801 to 8900"
[1] "Chunk time = 15.0814683437347"
[1] "Processing draws 8901 to 9000"
[1] "Chunk time = 15.1135911941528"
[1] "Processing draws 9001 to 9100"
[1] "Chunk time = 15.4618074893951"
[1] "Processing draws 9101 to 9200"
[1] "Chunk time = 15.5657019615173"
[1] "Processing draws 9201 to 9300"
[1] "Chunk time = 15.6640152931213"
[1] "Processing draws 9301 to 9400"
[1] "Chunk time = 15.4873111248016"
[1] "Processing draws 9401 to 9500"
[1] "Chunk time = 15.5968186855316"
[1] "Processing draws 9501 to 9600"
[1] "Chunk time = 15.3529832363129"
[1] "Processing draws 9601 to 9700"
[1] "Chunk time = 15.3018629550934"
[1] "Processing draws 9701 to 9800"
[1] "Chunk time = 15.067619562149"
[1] "Processing draws 9801 to 9900"
[1] "Chunk time = 15.2624931335449"
[1] "Processing draws 9901 to 10000"
[1] "Chunk time = 14.8357079029083"
[1] "Processing draws 10001 to 10100"
[1] "Chunk time = 15.2141175270081"
[1] "Processing draws 10101 to 10200"
[1] "Chunk time = 15.0991604328156"
[1] "Processing draws 10201 to 10300"
[1] "Chunk time = 14.8129670619965"
[1] "Processing draws 10301 to 10400"
[1] "Chunk time = 14.6862313747406"
[1] "Processing draws 10401 to 10500"
[1] "Chunk time = 14.8710956573486"
[1] "Processing draws 10501 to 10600"
[1] "Chunk time = 14.7216420173645"
[1] "Processing draws 10601 to 10700"
[1] "Chunk time = 15.4105257987976"
[1] "Processing draws 10701 to 10800"
[1] "Chunk time = 15.3483996391296"
[1] "Processing draws 10801 to 10900"
[1] "Chunk time = 15.2615432739258"
[1] "Processing draws 10901 to 11000"
[1] "Chunk time = 15.0997841358185"
[1] "Processing draws 11001 to 11100"
[1] "Chunk time = 15.3481681346893"
[1] "Processing draws 11101 to 11200"
[1] "Chunk time = 15.3130700588226"
[1] "Processing draws 11201 to 11300"
[1] "Chunk time = 15.6921577453613"
[1] "Processing draws 11301 to 11400"
[1] "Chunk time = 15.3397240638733"
[1] "Processing draws 11401 to 11500"
[1] "Chunk time = 15.7504978179932"
[1] "Processing draws 11501 to 11600"
[1] "Chunk time = 15.4048619270325"
[1] "Processing draws 11601 to 11700"
[1] "Chunk time = 15.5366461277008"
[1] "Processing draws 11701 to 11800"
[1] "Chunk time = 15.5438256263733"
[1] "Processing draws 11801 to 11900"
[1] "Chunk time = 15.6644375324249"
[1] "Processing draws 11901 to 12000"
[1] "Chunk time = 15.6712327003479"
[1] "Processing draws 12001 to 12100"
[1] "Chunk time = 15.7165019512177"
[1] "Processing draws 12101 to 12200"
[1] "Chunk time = 15.6153070926666"
[1] "Processing draws 12201 to 12300"
[1] "Chunk time = 16.165876865387"
[1] "Processing draws 12301 to 12400"
[1] "Chunk time = 16.1322214603424"
[1] "Processing draws 12401 to 12500"
[1] "Chunk time = 16.0217995643616"
[1] "Processing draws 12501 to 12600"
[1] "Chunk time = 15.6838958263397"
[1] "Processing draws 12601 to 12700"
[1] "Chunk time = 15.78635430336"
[1] "Processing draws 12701 to 12800"
[1] "Chunk time = 15.7365629673004"
[1] "Processing draws 12801 to 12900"
[1] "Chunk time = 15.8577380180359"
[1] "Processing draws 12901 to 13000"
[1] "Chunk time = 15.6272826194763"
[1] "Processing draws 13001 to 13100"
[1] "Chunk time = 15.6367185115814"
[1] "Processing draws 13101 to 13200"
[1] "Chunk time = 15.6362030506134"
[1] "Processing draws 13201 to 13300"
[1] "Chunk time = 15.7391188144684"
[1] "Processing draws 13301 to 13400"
[1] "Chunk time = 15.6332042217255"
[1] "Processing draws 13401 to 13500"
[1] "Chunk time = 15.6517496109009"
[1] "Processing draws 13501 to 13600"
[1] "Chunk time = 15.6840369701385"
[1] "Processing draws 13601 to 13700"
[1] "Chunk time = 15.7115116119385"
[1] "Processing draws 13701 to 13800"
[1] "Chunk time = 15.8364923000336"
[1] "Processing draws 13801 to 13900"
[1] "Chunk time = 16.3253035545349"
[1] "Processing draws 13901 to 14000"
[1] "Chunk time = 16.0482792854309"
[1] "Processing draws 14001 to 14100"
[1] "Chunk time = 15.9629645347595"
[1] "Processing draws 14101 to 14200"
[1] "Chunk time = 15.9386632442474"
[1] "Processing draws 14201 to 14300"
[1] "Chunk time = 16.1469666957855"
[1] "Processing draws 14301 to 14400"
[1] "Chunk time = 15.6967434883118"
[1] "Processing draws 14401 to 14500"
[1] "Chunk time = 15.8688917160034"
[1] "Processing draws 14501 to 14600"
[1] "Chunk time = 15.7174603939056"
[1] "Processing draws 14601 to 14700"
[1] "Chunk time = 15.6193873882294"
[1] "Processing draws 14701 to 14800"
[1] "Chunk time = 15.641982793808"
[1] "Processing draws 14801 to 14900"
[1] "Chunk time = 15.8464229106903"
[1] "Processing draws 14901 to 15000"
[1] "Chunk time = 15.5997505187988"
[1] "Processing draws 15001 to 15100"
[1] "Chunk time = 15.5091712474823"
[1] "Processing draws 15101 to 15200"
[1] "Chunk time = 15.2476692199707"
[1] "Processing draws 15201 to 15300"
[1] "Chunk time = 15.4423828125"
[1] "Processing draws 15301 to 15400"
[1] "Chunk time = 15.2919859886169"
[1] "Processing draws 15401 to 15500"
[1] "Chunk time = 15.218807220459"
[1] "Processing draws 15501 to 15600"
[1] "Chunk time = 15.0577776432037"
[1] "Processing draws 15601 to 15700"
[1] "Chunk time = 15.1472446918488"
[1] "Processing draws 15701 to 15800"
[1] "Chunk time = 15.0904715061188"
[1] "Processing draws 15801 to 15900"
[1] "Chunk time = 15.3268601894379"
[1] "Processing draws 15901 to 16000"
[1] "Chunk time = 15.1427083015442"
[1] "Processing draws 16001 to 16100"
[1] "Chunk time = 15.2647368907928"
[1] "Processing draws 16101 to 16200"
[1] "Chunk time = 15.1926095485687"
[1] "Processing draws 16201 to 16300"
[1] "Chunk time = 15.4418170452118"
[1] "Processing draws 16301 to 16400"
[1] "Chunk time = 15.1353206634521"
[1] "Processing draws 16401 to 16500"
[1] "Chunk time = 15.2467575073242"
[1] "Processing draws 16501 to 16600"
[1] "Chunk time = 15.1596040725708"
[1] "Processing draws 16601 to 16700"
[1] "Chunk time = 15.2833735942841"
[1] "Processing draws 16701 to 16800"
[1] "Chunk time = 15.2518126964569"
[1] "Processing draws 16801 to 16900"
[1] "Chunk time = 15.3538711071014"
[1] "Processing draws 16901 to 17000"
[1] "Chunk time = 15.4778800010681"
[1] "Processing draws 17001 to 17100"
[1] "Chunk time = 15.6725616455078"
[1] "Processing draws 17101 to 17200"
[1] "Chunk time = 15.4146337509155"
[1] "Processing draws 17201 to 17300"
[1] "Chunk time = 15.5505406856537"
[1] "Processing draws 17301 to 17400"
[1] "Chunk time = 15.5738654136658"
[1] "Processing draws 17401 to 17500"
[1] "Chunk time = 15.419022321701"
[1] "Processing draws 17501 to 17600"
[1] "Chunk time = 15.1780762672424"
[1] "Processing draws 17601 to 17700"
[1] "Chunk time = 15.4305803775787"
[1] "Processing draws 17701 to 17800"
[1] "Chunk time = 15.3515770435333"
[1] "Processing draws 17801 to 17900"
[1] "Chunk time = 15.5305094718933"
[1] "Processing draws 17901 to 18000"
[1] "Chunk time = 15.4638919830322"
[1] "Processing draws 18001 to 18100"
[1] "Chunk time = 15.6257622241974"
[1] "Processing draws 18101 to 18200"
[1] "Chunk time = 15.7614052295685"
[1] "Processing draws 18201 to 18300"
[1] "Chunk time = 15.5452396869659"
[1] "Processing draws 18301 to 18400"
[1] "Chunk time = 15.5306088924408"
[1] "Processing draws 18401 to 18500"
[1] "Chunk time = 15.3790924549103"
[1] "Processing draws 18501 to 18600"
[1] "Chunk time = 15.2252578735352"
[1] "Processing draws 18601 to 18700"
[1] "Chunk time = 15.546516418457"
[1] "Processing draws 18701 to 18800"
[1] "Chunk time = 15.2505512237549"
[1] "Processing draws 18801 to 18900"
[1] "Chunk time = 15.5317442417145"
[1] "Processing draws 18901 to 19000"
[1] "Chunk time = 15.5334684848785"
[1] "Processing draws 19001 to 19100"
[1] "Chunk time = 15.564168214798"
[1] "Processing draws 19101 to 19200"
[1] "Chunk time = 15.5108931064606"
[1] "Processing draws 19201 to 19300"
[1] "Chunk time = 15.4220538139343"
[1] "Processing draws 19301 to 19400"
[1] "Chunk time = 15.5850622653961"
[1] "Processing draws 19401 to 19500"
[1] "Chunk time = 15.4165403842926"
[1] "Processing draws 19501 to 19600"
[1] "Chunk time = 15.2150926589966"
[1] "Processing draws 19601 to 19700"
[1] "Chunk time = 15.4174132347107"
[1] "Processing draws 19701 to 19800"
[1] "Chunk time = 15.4224984645844"
[1] "Processing draws 19801 to 19900"
[1] "Chunk time = 15.2416436672211"
[1] "Processing draws 19901 to 20000"
[1] "Chunk time = 15.1953458786011"
[1] "done lapplying"
[1] "Saving current params"
[1] "Saving params to output.rds"
[1] TRUE
