[1] "Starting sampling."
Running MCMC with 4 parallel chains, with 4 thread(s) per chain...

Chain 1 Iteration:    1 / 6000 [  0%]  (Warmup) 
Chain 2 Iteration:    1 / 6000 [  0%]  (Warmup) 
Chain 3 Iteration:    1 / 6000 [  0%]  (Warmup) 
Chain 4 Iteration:    1 / 6000 [  0%]  (Warmup) 
Chain 2 Iteration:  100 / 6000 [  1%]  (Warmup) 
Chain 1 Iteration:  100 / 6000 [  1%]  (Warmup) 
Chain 4 Iteration:  100 / 6000 [  1%]  (Warmup) 
Chain 3 Iteration:  100 / 6000 [  1%]  (Warmup) 
Chain 2 Iteration:  200 / 6000 [  3%]  (Warmup) 
Chain 4 Iteration:  200 / 6000 [  3%]  (Warmup) 
Chain 1 Iteration:  200 / 6000 [  3%]  (Warmup) 
Chain 3 Iteration:  200 / 6000 [  3%]  (Warmup) 
Chain 2 Iteration:  300 / 6000 [  5%]  (Warmup) 
Chain 4 Iteration:  300 / 6000 [  5%]  (Warmup) 
Chain 1 Iteration:  300 / 6000 [  5%]  (Warmup) 
Chain 3 Iteration:  300 / 6000 [  5%]  (Warmup) 
Chain 2 Iteration:  400 / 6000 [  6%]  (Warmup) 
Chain 4 Iteration:  400 / 6000 [  6%]  (Warmup) 
Chain 1 Iteration:  400 / 6000 [  6%]  (Warmup) 
Chain 3 Iteration:  400 / 6000 [  6%]  (Warmup) 
Chain 2 Iteration:  500 / 6000 [  8%]  (Warmup) 
Chain 4 Iteration:  500 / 6000 [  8%]  (Warmup) 
Chain 1 Iteration:  500 / 6000 [  8%]  (Warmup) 
Chain 3 Iteration:  500 / 6000 [  8%]  (Warmup) 
Chain 2 Iteration:  600 / 6000 [ 10%]  (Warmup) 
Chain 1 Iteration:  600 / 6000 [ 10%]  (Warmup) 
Chain 4 Iteration:  600 / 6000 [ 10%]  (Warmup) 
Chain 3 Iteration:  600 / 6000 [ 10%]  (Warmup) 
Chain 2 Iteration:  700 / 6000 [ 11%]  (Warmup) 
Chain 1 Iteration:  700 / 6000 [ 11%]  (Warmup) 
Chain 4 Iteration:  700 / 6000 [ 11%]  (Warmup) 
Chain 2 Iteration:  800 / 6000 [ 13%]  (Warmup) 
Chain 3 Iteration:  700 / 6000 [ 11%]  (Warmup) 
Chain 1 Iteration:  800 / 6000 [ 13%]  (Warmup) 
Chain 4 Iteration:  800 / 6000 [ 13%]  (Warmup) 
Chain 2 Iteration:  900 / 6000 [ 15%]  (Warmup) 
Chain 3 Iteration:  800 / 6000 [ 13%]  (Warmup) 
Chain 1 Iteration:  900 / 6000 [ 15%]  (Warmup) 
Chain 4 Iteration:  900 / 6000 [ 15%]  (Warmup) 
Chain 2 Iteration: 1000 / 6000 [ 16%]  (Warmup) 
Chain 2 Iteration: 1001 / 6000 [ 16%]  (Sampling) 
Chain 3 Iteration:  900 / 6000 [ 15%]  (Warmup) 
Chain 1 Iteration: 1000 / 6000 [ 16%]  (Warmup) 
Chain 1 Iteration: 1001 / 6000 [ 16%]  (Sampling) 
Chain 4 Iteration: 1000 / 6000 [ 16%]  (Warmup) 
Chain 4 Iteration: 1001 / 6000 [ 16%]  (Sampling) 
Chain 2 Iteration: 1100 / 6000 [ 18%]  (Sampling) 
Chain 3 Iteration: 1000 / 6000 [ 16%]  (Warmup) 
Chain 3 Iteration: 1001 / 6000 [ 16%]  (Sampling) 
Chain 1 Iteration: 1100 / 6000 [ 18%]  (Sampling) 
Chain 4 Iteration: 1100 / 6000 [ 18%]  (Sampling) 
Chain 2 Iteration: 1200 / 6000 [ 20%]  (Sampling) 
Chain 3 Iteration: 1100 / 6000 [ 18%]  (Sampling) 
Chain 1 Iteration: 1200 / 6000 [ 20%]  (Sampling) 
Chain 4 Iteration: 1200 / 6000 [ 20%]  (Sampling) 
Chain 2 Iteration: 1300 / 6000 [ 21%]  (Sampling) 
Chain 3 Iteration: 1200 / 6000 [ 20%]  (Sampling) 
Chain 1 Iteration: 1300 / 6000 [ 21%]  (Sampling) 
Chain 4 Iteration: 1300 / 6000 [ 21%]  (Sampling) 
Chain 2 Iteration: 1400 / 6000 [ 23%]  (Sampling) 
Chain 3 Iteration: 1300 / 6000 [ 21%]  (Sampling) 
Chain 1 Iteration: 1400 / 6000 [ 23%]  (Sampling) 
Chain 4 Iteration: 1400 / 6000 [ 23%]  (Sampling) 
Chain 2 Iteration: 1500 / 6000 [ 25%]  (Sampling) 
Chain 3 Iteration: 1400 / 6000 [ 23%]  (Sampling) 
Chain 1 Iteration: 1500 / 6000 [ 25%]  (Sampling) 
Chain 4 Iteration: 1500 / 6000 [ 25%]  (Sampling) 
Chain 2 Iteration: 1600 / 6000 [ 26%]  (Sampling) 
Chain 3 Iteration: 1500 / 6000 [ 25%]  (Sampling) 
Chain 1 Iteration: 1600 / 6000 [ 26%]  (Sampling) 
Chain 4 Iteration: 1600 / 6000 [ 26%]  (Sampling) 
Chain 2 Iteration: 1700 / 6000 [ 28%]  (Sampling) 
Chain 1 Iteration: 1700 / 6000 [ 28%]  (Sampling) 
Chain 3 Iteration: 1600 / 6000 [ 26%]  (Sampling) 
Chain 4 Iteration: 1700 / 6000 [ 28%]  (Sampling) 
Chain 2 Iteration: 1800 / 6000 [ 30%]  (Sampling) 
Chain 1 Iteration: 1800 / 6000 [ 30%]  (Sampling) 
Chain 3 Iteration: 1700 / 6000 [ 28%]  (Sampling) 
Chain 4 Iteration: 1800 / 6000 [ 30%]  (Sampling) 
Chain 2 Iteration: 1900 / 6000 [ 31%]  (Sampling) 
Chain 1 Iteration: 1900 / 6000 [ 31%]  (Sampling) 
Chain 3 Iteration: 1800 / 6000 [ 30%]  (Sampling) 
Chain 4 Iteration: 1900 / 6000 [ 31%]  (Sampling) 
Chain 2 Iteration: 2000 / 6000 [ 33%]  (Sampling) 
Chain 1 Iteration: 2000 / 6000 [ 33%]  (Sampling) 
Chain 4 Iteration: 2000 / 6000 [ 33%]  (Sampling) 
Chain 3 Iteration: 1900 / 6000 [ 31%]  (Sampling) 
Chain 2 Iteration: 2100 / 6000 [ 35%]  (Sampling) 
Chain 1 Iteration: 2100 / 6000 [ 35%]  (Sampling) 
Chain 4 Iteration: 2100 / 6000 [ 35%]  (Sampling) 
Chain 3 Iteration: 2000 / 6000 [ 33%]  (Sampling) 
Chain 2 Iteration: 2200 / 6000 [ 36%]  (Sampling) 
Chain 1 Iteration: 2200 / 6000 [ 36%]  (Sampling) 
Chain 4 Iteration: 2200 / 6000 [ 36%]  (Sampling) 
Chain 3 Iteration: 2100 / 6000 [ 35%]  (Sampling) 
Chain 2 Iteration: 2300 / 6000 [ 38%]  (Sampling) 
Chain 1 Iteration: 2300 / 6000 [ 38%]  (Sampling) 
Chain 4 Iteration: 2300 / 6000 [ 38%]  (Sampling) 
Chain 3 Iteration: 2200 / 6000 [ 36%]  (Sampling) 
Chain 2 Iteration: 2400 / 6000 [ 40%]  (Sampling) 
Chain 1 Iteration: 2400 / 6000 [ 40%]  (Sampling) 
Chain 4 Iteration: 2400 / 6000 [ 40%]  (Sampling) 
Chain 3 Iteration: 2300 / 6000 [ 38%]  (Sampling) 
Chain 2 Iteration: 2500 / 6000 [ 41%]  (Sampling) 
Chain 1 Iteration: 2500 / 6000 [ 41%]  (Sampling) 
Chain 4 Iteration: 2500 / 6000 [ 41%]  (Sampling) 
Chain 3 Iteration: 2400 / 6000 [ 40%]  (Sampling) 
Chain 2 Iteration: 2600 / 6000 [ 43%]  (Sampling) 
Chain 1 Iteration: 2600 / 6000 [ 43%]  (Sampling) 
Chain 4 Iteration: 2600 / 6000 [ 43%]  (Sampling) 
Chain 2 Iteration: 2700 / 6000 [ 45%]  (Sampling) 
Chain 3 Iteration: 2500 / 6000 [ 41%]  (Sampling) 
Chain 1 Iteration: 2700 / 6000 [ 45%]  (Sampling) 
Chain 4 Iteration: 2700 / 6000 [ 45%]  (Sampling) 
Chain 2 Iteration: 2800 / 6000 [ 46%]  (Sampling) 
Chain 3 Iteration: 2600 / 6000 [ 43%]  (Sampling) 
Chain 1 Iteration: 2800 / 6000 [ 46%]  (Sampling) 
Chain 4 Iteration: 2800 / 6000 [ 46%]  (Sampling) 
Chain 2 Iteration: 2900 / 6000 [ 48%]  (Sampling) 
Chain 3 Iteration: 2700 / 6000 [ 45%]  (Sampling) 
Chain 1 Iteration: 2900 / 6000 [ 48%]  (Sampling) 
Chain 4 Iteration: 2900 / 6000 [ 48%]  (Sampling) 
Chain 2 Iteration: 3000 / 6000 [ 50%]  (Sampling) 
Chain 3 Iteration: 2800 / 6000 [ 46%]  (Sampling) 
Chain 1 Iteration: 3000 / 6000 [ 50%]  (Sampling) 
Chain 4 Iteration: 3000 / 6000 [ 50%]  (Sampling) 
Chain 2 Iteration: 3100 / 6000 [ 51%]  (Sampling) 
Chain 3 Iteration: 2900 / 6000 [ 48%]  (Sampling) 
Chain 1 Iteration: 3100 / 6000 [ 51%]  (Sampling) 
Chain 4 Iteration: 3100 / 6000 [ 51%]  (Sampling) 
Chain 2 Iteration: 3200 / 6000 [ 53%]  (Sampling) 
Chain 3 Iteration: 3000 / 6000 [ 50%]  (Sampling) 
Chain 1 Iteration: 3200 / 6000 [ 53%]  (Sampling) 
Chain 4 Iteration: 3200 / 6000 [ 53%]  (Sampling) 
Chain 2 Iteration: 3300 / 6000 [ 55%]  (Sampling) 
Chain 3 Iteration: 3100 / 6000 [ 51%]  (Sampling) 
Chain 1 Iteration: 3300 / 6000 [ 55%]  (Sampling) 
Chain 4 Iteration: 3300 / 6000 [ 55%]  (Sampling) 
Chain 2 Iteration: 3400 / 6000 [ 56%]  (Sampling) 
Chain 3 Iteration: 3200 / 6000 [ 53%]  (Sampling) 
Chain 1 Iteration: 3400 / 6000 [ 56%]  (Sampling) 
Chain 4 Iteration: 3400 / 6000 [ 56%]  (Sampling) 
Chain 2 Iteration: 3500 / 6000 [ 58%]  (Sampling) 
Chain 3 Iteration: 3300 / 6000 [ 55%]  (Sampling) 
Chain 1 Iteration: 3500 / 6000 [ 58%]  (Sampling) 
Chain 4 Iteration: 3500 / 6000 [ 58%]  (Sampling) 
Chain 2 Iteration: 3600 / 6000 [ 60%]  (Sampling) 
Chain 3 Iteration: 3400 / 6000 [ 56%]  (Sampling) 
Chain 1 Iteration: 3600 / 6000 [ 60%]  (Sampling) 
Chain 4 Iteration: 3600 / 6000 [ 60%]  (Sampling) 
Chain 2 Iteration: 3700 / 6000 [ 61%]  (Sampling) 
Chain 1 Iteration: 3700 / 6000 [ 61%]  (Sampling) 
Chain 3 Iteration: 3500 / 6000 [ 58%]  (Sampling) 
Chain 4 Iteration: 3700 / 6000 [ 61%]  (Sampling) 
Chain 2 Iteration: 3800 / 6000 [ 63%]  (Sampling) 
Chain 1 Iteration: 3800 / 6000 [ 63%]  (Sampling) 
Chain 4 Iteration: 3800 / 6000 [ 63%]  (Sampling) 
Chain 3 Iteration: 3600 / 6000 [ 60%]  (Sampling) 
Chain 2 Iteration: 3900 / 6000 [ 65%]  (Sampling) 
Chain 1 Iteration: 3900 / 6000 [ 65%]  (Sampling) 
Chain 4 Iteration: 3900 / 6000 [ 65%]  (Sampling) 
Chain 3 Iteration: 3700 / 6000 [ 61%]  (Sampling) 
Chain 2 Iteration: 4000 / 6000 [ 66%]  (Sampling) 
Chain 1 Iteration: 4000 / 6000 [ 66%]  (Sampling) 
Chain 4 Iteration: 4000 / 6000 [ 66%]  (Sampling) 
Chain 3 Iteration: 3800 / 6000 [ 63%]  (Sampling) 
Chain 2 Iteration: 4100 / 6000 [ 68%]  (Sampling) 
Chain 1 Iteration: 4100 / 6000 [ 68%]  (Sampling) 
Chain 4 Iteration: 4100 / 6000 [ 68%]  (Sampling) 
Chain 3 Iteration: 3900 / 6000 [ 65%]  (Sampling) 
Chain 2 Iteration: 4200 / 6000 [ 70%]  (Sampling) 
Chain 1 Iteration: 4200 / 6000 [ 70%]  (Sampling) 
Chain 4 Iteration: 4200 / 6000 [ 70%]  (Sampling) 
Chain 3 Iteration: 4000 / 6000 [ 66%]  (Sampling) 
Chain 2 Iteration: 4300 / 6000 [ 71%]  (Sampling) 
Chain 1 Iteration: 4300 / 6000 [ 71%]  (Sampling) 
Chain 4 Iteration: 4300 / 6000 [ 71%]  (Sampling) 
Chain 3 Iteration: 4100 / 6000 [ 68%]  (Sampling) 
Chain 2 Iteration: 4400 / 6000 [ 73%]  (Sampling) 
Chain 1 Iteration: 4400 / 6000 [ 73%]  (Sampling) 
Chain 4 Iteration: 4400 / 6000 [ 73%]  (Sampling) 
Chain 3 Iteration: 4200 / 6000 [ 70%]  (Sampling) 
Chain 2 Iteration: 4500 / 6000 [ 75%]  (Sampling) 
Chain 1 Iteration: 4500 / 6000 [ 75%]  (Sampling) 
Chain 4 Iteration: 4500 / 6000 [ 75%]  (Sampling) 
Chain 3 Iteration: 4300 / 6000 [ 71%]  (Sampling) 
Chain 2 Iteration: 4600 / 6000 [ 76%]  (Sampling) 
Chain 1 Iteration: 4600 / 6000 [ 76%]  (Sampling) 
Chain 4 Iteration: 4600 / 6000 [ 76%]  (Sampling) 
Chain 3 Iteration: 4400 / 6000 [ 73%]  (Sampling) 
Chain 2 Iteration: 4700 / 6000 [ 78%]  (Sampling) 
Chain 1 Iteration: 4700 / 6000 [ 78%]  (Sampling) 
Chain 4 Iteration: 4700 / 6000 [ 78%]  (Sampling) 
Chain 3 Iteration: 4500 / 6000 [ 75%]  (Sampling) 
Chain 2 Iteration: 4800 / 6000 [ 80%]  (Sampling) 
Chain 4 Iteration: 4800 / 6000 [ 80%]  (Sampling) 
Chain 1 Iteration: 4800 / 6000 [ 80%]  (Sampling) 
Chain 3 Iteration: 4600 / 6000 [ 76%]  (Sampling) 
Chain 2 Iteration: 4900 / 6000 [ 81%]  (Sampling) 
Chain 4 Iteration: 4900 / 6000 [ 81%]  (Sampling) 
Chain 1 Iteration: 4900 / 6000 [ 81%]  (Sampling) 
Chain 3 Iteration: 4700 / 6000 [ 78%]  (Sampling) 
Chain 2 Iteration: 5000 / 6000 [ 83%]  (Sampling) 
Chain 4 Iteration: 5000 / 6000 [ 83%]  (Sampling) 
Chain 1 Iteration: 5000 / 6000 [ 83%]  (Sampling) 
Chain 3 Iteration: 4800 / 6000 [ 80%]  (Sampling) 
Chain 2 Iteration: 5100 / 6000 [ 85%]  (Sampling) 
Chain 4 Iteration: 5100 / 6000 [ 85%]  (Sampling) 
Chain 1 Iteration: 5100 / 6000 [ 85%]  (Sampling) 
Chain 3 Iteration: 4900 / 6000 [ 81%]  (Sampling) 
Chain 2 Iteration: 5200 / 6000 [ 86%]  (Sampling) 
Chain 4 Iteration: 5200 / 6000 [ 86%]  (Sampling) 
Chain 1 Iteration: 5200 / 6000 [ 86%]  (Sampling) 
Chain 3 Iteration: 5000 / 6000 [ 83%]  (Sampling) 
Chain 2 Iteration: 5300 / 6000 [ 88%]  (Sampling) 
Chain 4 Iteration: 5300 / 6000 [ 88%]  (Sampling) 
Chain 1 Iteration: 5300 / 6000 [ 88%]  (Sampling) 
Chain 2 Iteration: 5400 / 6000 [ 90%]  (Sampling) 
Chain 3 Iteration: 5100 / 6000 [ 85%]  (Sampling) 
Chain 4 Iteration: 5400 / 6000 [ 90%]  (Sampling) 
Chain 1 Iteration: 5400 / 6000 [ 90%]  (Sampling) 
Chain 2 Iteration: 5500 / 6000 [ 91%]  (Sampling) 
Chain 3 Iteration: 5200 / 6000 [ 86%]  (Sampling) 
Chain 4 Iteration: 5500 / 6000 [ 91%]  (Sampling) 
Chain 1 Iteration: 5500 / 6000 [ 91%]  (Sampling) 
Chain 2 Iteration: 5600 / 6000 [ 93%]  (Sampling) 
Chain 4 Iteration: 5600 / 6000 [ 93%]  (Sampling) 
Chain 1 Iteration: 5600 / 6000 [ 93%]  (Sampling) 
Chain 3 Iteration: 5300 / 6000 [ 88%]  (Sampling) 
Chain 2 Iteration: 5700 / 6000 [ 95%]  (Sampling) 
Chain 4 Iteration: 5700 / 6000 [ 95%]  (Sampling) 
Chain 1 Iteration: 5700 / 6000 [ 95%]  (Sampling) 
Chain 3 Iteration: 5400 / 6000 [ 90%]  (Sampling) 
Chain 4 Iteration: 5800 / 6000 [ 96%]  (Sampling) 
Chain 2 Iteration: 5800 / 6000 [ 96%]  (Sampling) 
Chain 1 Iteration: 5800 / 6000 [ 96%]  (Sampling) 
Chain 3 Iteration: 5500 / 6000 [ 91%]  (Sampling) 
Chain 4 Iteration: 5900 / 6000 [ 98%]  (Sampling) 
Chain 2 Iteration: 5900 / 6000 [ 98%]  (Sampling) 
Chain 1 Iteration: 5900 / 6000 [ 98%]  (Sampling) 
Chain 3 Iteration: 5600 / 6000 [ 93%]  (Sampling) 
Chain 4 Iteration: 6000 / 6000 [100%]  (Sampling) 
Chain 4 finished in 2972.2 seconds.
Chain 2 Iteration: 6000 / 6000 [100%]  (Sampling) 
Chain 2 finished in 2974.9 seconds.
Chain 1 Iteration: 6000 / 6000 [100%]  (Sampling) 
Chain 1 finished in 2975.6 seconds.
Chain 3 Iteration: 5700 / 6000 [ 95%]  (Sampling) 
Chain 3 Iteration: 5800 / 6000 [ 96%]  (Sampling) 
Chain 3 Iteration: 5900 / 6000 [ 98%]  (Sampling) 
Chain 3 Iteration: 6000 / 6000 [100%]  (Sampling) 
Chain 3 finished in 3125.7 seconds.

All 4 chains finished successfully.
Mean chain execution time: 3012.1 seconds.
Total execution time: 3126.1 seconds.

[1] "Processing draws 1 to 100"
[1] "Chunk time = 1.07878657579422"
[1] "Processing draws 101 to 200"
[1] "Chunk time = 23.196704864502"
[1] "Processing draws 201 to 300"
[1] "Chunk time = 21.9696393013"
[1] "Processing draws 301 to 400"
[1] "Chunk time = 21.177814245224"
[1] "Processing draws 401 to 500"
[1] "Chunk time = 21.4642186164856"
[1] "Processing draws 501 to 600"
[1] "Chunk time = 21.6868619918823"
[1] "Processing draws 601 to 700"
[1] "Chunk time = 21.4873595237732"
[1] "Processing draws 701 to 800"
[1] "Chunk time = 21.2886784076691"
[1] "Processing draws 801 to 900"
[1] "Chunk time = 21.3662807941437"
[1] "Processing draws 901 to 1000"
[1] "Chunk time = 21.4739112854004"
[1] "Processing draws 1001 to 1100"
[1] "Chunk time = 21.4697906970978"
[1] "Processing draws 1101 to 1200"
[1] "Chunk time = 21.2906301021576"
[1] "Processing draws 1201 to 1300"
[1] "Chunk time = 21.4155218601227"
[1] "Processing draws 1301 to 1400"
[1] "Chunk time = 22.0144033432007"
[1] "Processing draws 1401 to 1500"
[1] "Chunk time = 21.9600403308868"
[1] "Processing draws 1501 to 1600"
[1] "Chunk time = 21.5437405109406"
[1] "Processing draws 1601 to 1700"
[1] "Chunk time = 21.4297800064087"
[1] "Processing draws 1701 to 1800"
[1] "Chunk time = 21.2095859050751"
[1] "Processing draws 1801 to 1900"
[1] "Chunk time = 21.5393543243408"
[1] "Processing draws 1901 to 2000"
[1] "Chunk time = 21.0886261463165"
[1] "Processing draws 2001 to 2100"
[1] "Chunk time = 21.1609160900116"
[1] "Processing draws 2101 to 2200"
[1] "Chunk time = 20.8191089630127"
[1] "Processing draws 2201 to 2300"
[1] "Chunk time = 21.1411547660828"
[1] "Processing draws 2301 to 2400"
[1] "Chunk time = 20.9467186927795"
[1] "Processing draws 2401 to 2500"
[1] "Chunk time = 21.2266654968262"
[1] "Processing draws 2501 to 2600"
[1] "Chunk time = 21.0125658512115"
[1] "Processing draws 2601 to 2700"
[1] "Chunk time = 21.1842796802521"
[1] "Processing draws 2701 to 2800"
[1] "Chunk time = 21.1799952983856"
[1] "Processing draws 2801 to 2900"
[1] "Chunk time = 21.1724519729614"
[1] "Processing draws 2901 to 3000"
[1] "Chunk time = 21.141774892807"
[1] "Processing draws 3001 to 3100"
[1] "Chunk time = 21.4118196964264"
[1] "Processing draws 3101 to 3200"
[1] "Chunk time = 21.0737247467041"
[1] "Processing draws 3201 to 3300"
[1] "Chunk time = 21.3723938465118"
[1] "Processing draws 3301 to 3400"
[1] "Chunk time = 21.1613714694977"
[1] "Processing draws 3401 to 3500"
[1] "Chunk time = 21.3770995140076"
[1] "Processing draws 3501 to 3600"
[1] "Chunk time = 21.1964650154114"
[1] "Processing draws 3601 to 3700"
[1] "Chunk time = 21.367160320282"
[1] "Processing draws 3701 to 3800"
[1] "Chunk time = 21.2758386135101"
[1] "Processing draws 3801 to 3900"
[1] "Chunk time = 21.3101902008057"
[1] "Processing draws 3901 to 4000"
[1] "Chunk time = 21.1864452362061"
[1] "Processing draws 4001 to 4100"
[1] "Chunk time = 21.3714017868042"
[1] "Processing draws 4101 to 4200"
[1] "Chunk time = 21.206732749939"
[1] "Processing draws 4201 to 4300"
[1] "Chunk time = 21.8353288173676"
[1] "Processing draws 4301 to 4400"
[1] "Chunk time = 21.6720788478851"
[1] "Processing draws 4401 to 4500"
[1] "Chunk time = 21.8056373596191"
[1] "Processing draws 4501 to 4600"
[1] "Chunk time = 21.6864490509033"
[1] "Processing draws 4601 to 4700"
[1] "Chunk time = 21.564502954483"
[1] "Processing draws 4701 to 4800"
[1] "Chunk time = 21.3825259208679"
[1] "Processing draws 4801 to 4900"
[1] "Chunk time = 21.5695061683655"
[1] "Processing draws 4901 to 5000"
[1] "Chunk time = 21.3279554843903"
[1] "Processing draws 5001 to 5100"
[1] "Chunk time = 21.5150215625763"
[1] "Processing draws 5101 to 5200"
[1] "Chunk time = 21.2617294788361"
[1] "Processing draws 5201 to 5300"
[1] "Chunk time = 21.102662563324"
[1] "Processing draws 5301 to 5400"
[1] "Chunk time = 20.9113776683807"
[1] "Processing draws 5401 to 5500"
[1] "Chunk time = 21.1843953132629"
[1] "Processing draws 5501 to 5600"
[1] "Chunk time = 21.0255000591278"
[1] "Processing draws 5601 to 5700"
[1] "Chunk time = 21.1213338375092"
[1] "Processing draws 5701 to 5800"
[1] "Chunk time = 21.2261564731598"
[1] "Processing draws 5801 to 5900"
[1] "Chunk time = 21.1604111194611"
[1] "Processing draws 5901 to 6000"
[1] "Chunk time = 20.9978907108307"
[1] "Processing draws 6001 to 6100"
[1] "Chunk time = 21.3247067928314"
[1] "Processing draws 6101 to 6200"
[1] "Chunk time = 21.0382881164551"
[1] "Processing draws 6201 to 6300"
[1] "Chunk time = 21.3258302211761"
[1] "Processing draws 6301 to 6400"
[1] "Chunk time = 21.1380271911621"
[1] "Processing draws 6401 to 6500"
[1] "Chunk time = 21.5101149082184"
[1] "Processing draws 6501 to 6600"
[1] "Chunk time = 21.5454857349396"
[1] "Processing draws 6601 to 6700"
[1] "Chunk time = 21.6114573478699"
[1] "Processing draws 6701 to 6800"
[1] "Chunk time = 21.5455830097198"
[1] "Processing draws 6801 to 6900"
[1] "Chunk time = 21.7965922355652"
[1] "Processing draws 6901 to 7000"
[1] "Chunk time = 21.5882053375244"
[1] "Processing draws 7001 to 7100"
[1] "Chunk time = 21.7264983654022"
[1] "Processing draws 7101 to 7200"
[1] "Chunk time = 21.2817049026489"
[1] "Processing draws 7201 to 7300"
[1] "Chunk time = 21.3560435771942"
[1] "Processing draws 7301 to 7400"
[1] "Chunk time = 21.2532422542572"
[1] "Processing draws 7401 to 7500"
[1] "Chunk time = 21.4080920219421"
[1] "Processing draws 7501 to 7600"
[1] "Chunk time = 21.2847716808319"
[1] "Processing draws 7601 to 7700"
[1] "Chunk time = 21.2476403713226"
[1] "Processing draws 7701 to 7800"
[1] "Chunk time = 21.3145606517792"
[1] "Processing draws 7801 to 7900"
[1] "Chunk time = 21.3973133563995"
[1] "Processing draws 7901 to 8000"
[1] "Chunk time = 21.25084400177"
[1] "Processing draws 8001 to 8100"
[1] "Chunk time = 21.4932482242584"
[1] "Processing draws 8101 to 8200"
[1] "Chunk time = 21.4690687656403"
[1] "Processing draws 8201 to 8300"
[1] "Chunk time = 21.499641418457"
[1] "Processing draws 8301 to 8400"
[1] "Chunk time = 20.8885273933411"
[1] "Processing draws 8401 to 8500"
[1] "Chunk time = 20.9835693836212"
[1] "Processing draws 8501 to 8600"
[1] "Chunk time = 20.9878041744232"
[1] "Processing draws 8601 to 8700"
[1] "Chunk time = 21.137197971344"
[1] "Processing draws 8701 to 8800"
[1] "Chunk time = 20.9663109779358"
[1] "Processing draws 8801 to 8900"
[1] "Chunk time = 21.6293427944183"
[1] "Processing draws 8901 to 9000"
[1] "Chunk time = 21.4375922679901"
[1] "Processing draws 9001 to 9100"
[1] "Chunk time = 21.6429190635681"
[1] "Processing draws 9101 to 9200"
[1] "Chunk time = 21.4770948886871"
[1] "Processing draws 9201 to 9300"
[1] "Chunk time = 21.7008838653564"
[1] "Processing draws 9301 to 9400"
[1] "Chunk time = 21.5694460868835"
[1] "Processing draws 9401 to 9500"
[1] "Chunk time = 22.1603059768677"
[1] "Processing draws 9501 to 9600"
[1] "Chunk time = 21.9239017963409"
[1] "Processing draws 9601 to 9700"
[1] "Chunk time = 22.1314258575439"
[1] "Processing draws 9701 to 9800"
[1] "Chunk time = 22.1331560611725"
[1] "Processing draws 9801 to 9900"
[1] "Chunk time = 22.7580752372742"
[1] "Processing draws 9901 to 10000"
[1] "Chunk time = 21.7484414577484"
[1] "Processing draws 10001 to 10100"
[1] "Chunk time = 21.8278295993805"
[1] "Processing draws 10101 to 10200"
[1] "Chunk time = 21.693234205246"
[1] "Processing draws 10201 to 10300"
[1] "Chunk time = 22.0048770904541"
[1] "Processing draws 10301 to 10400"
[1] "Chunk time = 22.1029379367828"
[1] "Processing draws 10401 to 10500"
[1] "Chunk time = 22.2031235694885"
[1] "Processing draws 10501 to 10600"
[1] "Chunk time = 21.6865172386169"
[1] "Processing draws 10601 to 10700"
[1] "Chunk time = 22.3075528144836"
[1] "Processing draws 10701 to 10800"
[1] "Chunk time = 21.957897901535"
[1] "Processing draws 10801 to 10900"
[1] "Chunk time = 21.9718499183655"
[1] "Processing draws 10901 to 11000"
[1] "Chunk time = 21.8126358985901"
[1] "Processing draws 11001 to 11100"
[1] "Chunk time = 21.861989736557"
[1] "Processing draws 11101 to 11200"
[1] "Chunk time = 21.7338473796844"
[1] "Processing draws 11201 to 11300"
[1] "Chunk time = 21.907812833786"
[1] "Processing draws 11301 to 11400"
[1] "Chunk time = 21.870218038559"
[1] "Processing draws 11401 to 11500"
[1] "Chunk time = 21.482029914856"
[1] "Processing draws 11501 to 11600"
[1] "Chunk time = 21.4708442687988"
[1] "Processing draws 11601 to 11700"
[1] "Chunk time = 21.5139257907867"
[1] "Processing draws 11701 to 11800"
[1] "Chunk time = 21.3901753425598"
[1] "Processing draws 11801 to 11900"
[1] "Chunk time = 21.5862514972687"
[1] "Processing draws 11901 to 12000"
[1] "Chunk time = 21.4891226291656"
[1] "Processing draws 12001 to 12100"
[1] "Chunk time = 21.6308779716492"
[1] "Processing draws 12101 to 12200"
[1] "Chunk time = 21.5626375675201"
[1] "Processing draws 12201 to 12300"
[1] "Chunk time = 21.6643393039703"
[1] "Processing draws 12301 to 12400"
[1] "Chunk time = 21.415956735611"
[1] "Processing draws 12401 to 12500"
[1] "Chunk time = 21.5892486572266"
[1] "Processing draws 12501 to 12600"
[1] "Chunk time = 21.5985643863678"
[1] "Processing draws 12601 to 12700"
[1] "Chunk time = 21.6580953598022"
[1] "Processing draws 12701 to 12800"
[1] "Chunk time = 21.5493700504303"
[1] "Processing draws 12801 to 12900"
[1] "Chunk time = 21.7439093589783"
[1] "Processing draws 12901 to 13000"
[1] "Chunk time = 21.6524755954742"
[1] "Processing draws 13001 to 13100"
[1] "Chunk time = 21.7899072170258"
[1] "Processing draws 13101 to 13200"
[1] "Chunk time = 21.7541790008545"
[1] "Processing draws 13201 to 13300"
[1] "Chunk time = 21.8353724479675"
[1] "Processing draws 13301 to 13400"
[1] "Chunk time = 21.7833833694458"
[1] "Processing draws 13401 to 13500"
[1] "Chunk time = 21.7976694107056"
[1] "Processing draws 13501 to 13600"
[1] "Chunk time = 21.7901318073273"
[1] "Processing draws 13601 to 13700"
[1] "Chunk time = 21.8097999095917"
[1] "Processing draws 13701 to 13800"
[1] "Chunk time = 21.6447134017944"
[1] "Processing draws 13801 to 13900"
[1] "Chunk time = 21.9169764518738"
[1] "Processing draws 13901 to 14000"
[1] "Chunk time = 21.7201459407806"
[1] "Processing draws 14001 to 14100"
[1] "Chunk time = 21.8570485115051"
[1] "Processing draws 14101 to 14200"
[1] "Chunk time = 21.8103587627411"
[1] "Processing draws 14201 to 14300"
[1] "Chunk time = 21.8526499271393"
[1] "Processing draws 14301 to 14400"
[1] "Chunk time = 21.8062226772308"
[1] "Processing draws 14401 to 14500"
[1] "Chunk time = 21.8337831497192"
[1] "Processing draws 14501 to 14600"
[1] "Chunk time = 21.5471260547638"
[1] "Processing draws 14601 to 14700"
[1] "Chunk time = 21.6112594604492"
[1] "Processing draws 14701 to 14800"
[1] "Chunk time = 21.3834471702576"
[1] "Processing draws 14801 to 14900"
[1] "Chunk time = 21.720715045929"
[1] "Processing draws 14901 to 15000"
[1] "Chunk time = 21.4340291023254"
[1] "Processing draws 15001 to 15100"
[1] "Chunk time = 21.6166908740997"
[1] "Processing draws 15101 to 15200"
[1] "Chunk time = 22.3123486042023"
[1] "Processing draws 15201 to 15300"
[1] "Chunk time = 22.1842813491821"
[1] "Processing draws 15301 to 15400"
[1] "Chunk time = 22.078756570816"
[1] "Processing draws 15401 to 15500"
[1] "Chunk time = 22.2466034889221"
[1] "Processing draws 15501 to 15600"
[1] "Chunk time = 21.8879423141479"
[1] "Processing draws 15601 to 15700"
[1] "Chunk time = 22.4768486022949"
[1] "Processing draws 15701 to 15800"
[1] "Chunk time = 21.9309647083282"
[1] "Processing draws 15801 to 15900"
[1] "Chunk time = 22.1909558773041"
[1] "Processing draws 15901 to 16000"
[1] "Chunk time = 21.988853931427"
[1] "Processing draws 16001 to 16100"
[1] "Chunk time = 22.1868867874146"
[1] "Processing draws 16101 to 16200"
[1] "Chunk time = 22.681179523468"
[1] "Processing draws 16201 to 16300"
[1] "Chunk time = 22.2581689357758"
[1] "Processing draws 16301 to 16400"
[1] "Chunk time = 22.490118265152"
[1] "Processing draws 16401 to 16500"
[1] "Chunk time = 22.4379596710205"
[1] "Processing draws 16501 to 16600"
[1] "Chunk time = 22.070232629776"
[1] "Processing draws 16601 to 16700"
[1] "Chunk time = 22.1020247936249"
[1] "Processing draws 16701 to 16800"
[1] "Chunk time = 22.0158190727234"
[1] "Processing draws 16801 to 16900"
[1] "Chunk time = 21.9135203361511"
[1] "Processing draws 16901 to 17000"
[1] "Chunk time = 22.1007735729218"
[1] "Processing draws 17001 to 17100"
[1] "Chunk time = 22.2600612640381"
[1] "Processing draws 17101 to 17200"
[1] "Chunk time = 22.0735282897949"
[1] "Processing draws 17201 to 17300"
[1] "Chunk time = 22.2156858444214"
[1] "Processing draws 17301 to 17400"
[1] "Chunk time = 22.1615958213806"
[1] "Processing draws 17401 to 17500"
[1] "Chunk time = 22.3264544010162"
[1] "Processing draws 17501 to 17600"
[1] "Chunk time = 22.099071264267"
[1] "Processing draws 17601 to 17700"
[1] "Chunk time = 21.9372899532318"
[1] "Processing draws 17701 to 17800"
[1] "Chunk time = 21.6762697696686"
[1] "Processing draws 17801 to 17900"
[1] "Chunk time = 21.9230902194977"
[1] "Processing draws 17901 to 18000"
[1] "Chunk time = 21.6278035640717"
[1] "Processing draws 18001 to 18100"
[1] "Chunk time = 22.0722029209137"
[1] "Processing draws 18101 to 18200"
[1] "Chunk time = 21.7474265098572"
[1] "Processing draws 18201 to 18300"
[1] "Chunk time = 22.158465385437"
[1] "Processing draws 18301 to 18400"
[1] "Chunk time = 21.860586643219"
[1] "Processing draws 18401 to 18500"
[1] "Chunk time = 21.9067647457123"
[1] "Processing draws 18501 to 18600"
[1] "Chunk time = 21.7091720104218"
[1] "Processing draws 18601 to 18700"
[1] "Chunk time = 22.0890991687775"
[1] "Processing draws 18701 to 18800"
[1] "Chunk time = 21.873922586441"
[1] "Processing draws 18801 to 18900"
[1] "Chunk time = 22.0076575279236"
[1] "Processing draws 18901 to 19000"
[1] "Chunk time = 21.8533301353455"
[1] "Processing draws 19001 to 19100"
[1] "Chunk time = 22.2265911102295"
[1] "Processing draws 19101 to 19200"
[1] "Chunk time = 21.9113659858704"
[1] "Processing draws 19201 to 19300"
[1] "Chunk time = 21.7149264812469"
[1] "Processing draws 19301 to 19400"
[1] "Chunk time = 21.953143119812"
[1] "Processing draws 19401 to 19500"
[1] "Chunk time = 21.9388873577118"
[1] "Processing draws 19501 to 19600"
[1] "Chunk time = 21.9286048412323"
[1] "Processing draws 19601 to 19700"
[1] "Chunk time = 22.0982820987701"
[1] "Processing draws 19701 to 19800"
[1] "Chunk time = 21.90092420578"
[1] "Processing draws 19801 to 19900"
[1] "Chunk time = 22.1780560016632"
[1] "Processing draws 19901 to 20000"
[1] "Chunk time = 22.4550721645355"
[1] "done lapplying"
[1] "Saving current params"
[1] "Saving params to output.rds"
[1] TRUE
