[1] "Starting sampling."
Running MCMC with 4 parallel chains, with 4 thread(s) per chain...

Chain 1 Iteration:    1 / 6000 [  0%]  (Warmup) 
Chain 2 Iteration:    1 / 6000 [  0%]  (Warmup) 
Chain 3 Iteration:    1 / 6000 [  0%]  (Warmup) 
Chain 4 Iteration:    1 / 6000 [  0%]  (Warmup) 
Chain 4 Iteration:  100 / 6000 [  1%]  (Warmup) 
Chain 3 Iteration:  100 / 6000 [  1%]  (Warmup) 
Chain 1 Iteration:  100 / 6000 [  1%]  (Warmup) 
Chain 2 Iteration:  100 / 6000 [  1%]  (Warmup) 
Chain 4 Iteration:  200 / 6000 [  3%]  (Warmup) 
Chain 1 Iteration:  200 / 6000 [  3%]  (Warmup) 
Chain 2 Iteration:  200 / 6000 [  3%]  (Warmup) 
Chain 3 Iteration:  200 / 6000 [  3%]  (Warmup) 
Chain 4 Iteration:  300 / 6000 [  5%]  (Warmup) 
Chain 1 Iteration:  300 / 6000 [  5%]  (Warmup) 
Chain 2 Iteration:  300 / 6000 [  5%]  (Warmup) 
Chain 3 Iteration:  300 / 6000 [  5%]  (Warmup) 
Chain 4 Iteration:  400 / 6000 [  6%]  (Warmup) 
Chain 1 Iteration:  400 / 6000 [  6%]  (Warmup) 
Chain 2 Iteration:  400 / 6000 [  6%]  (Warmup) 
Chain 3 Iteration:  400 / 6000 [  6%]  (Warmup) 
Chain 4 Iteration:  500 / 6000 [  8%]  (Warmup) 
Chain 1 Iteration:  500 / 6000 [  8%]  (Warmup) 
Chain 2 Iteration:  500 / 6000 [  8%]  (Warmup) 
Chain 3 Iteration:  500 / 6000 [  8%]  (Warmup) 
Chain 4 Iteration:  600 / 6000 [ 10%]  (Warmup) 
Chain 1 Iteration:  600 / 6000 [ 10%]  (Warmup) 
Chain 2 Iteration:  600 / 6000 [ 10%]  (Warmup) 
Chain 3 Iteration:  600 / 6000 [ 10%]  (Warmup) 
Chain 4 Iteration:  700 / 6000 [ 11%]  (Warmup) 
Chain 1 Iteration:  700 / 6000 [ 11%]  (Warmup) 
Chain 3 Iteration:  700 / 6000 [ 11%]  (Warmup) 
Chain 2 Iteration:  700 / 6000 [ 11%]  (Warmup) 
Chain 4 Iteration:  800 / 6000 [ 13%]  (Warmup) 
Chain 1 Iteration:  800 / 6000 [ 13%]  (Warmup) 
Chain 2 Iteration:  800 / 6000 [ 13%]  (Warmup) 
Chain 3 Iteration:  800 / 6000 [ 13%]  (Warmup) 
Chain 4 Iteration:  900 / 6000 [ 15%]  (Warmup) 
Chain 1 Iteration:  900 / 6000 [ 15%]  (Warmup) 
Chain 3 Iteration:  900 / 6000 [ 15%]  (Warmup) 
Chain 2 Iteration:  900 / 6000 [ 15%]  (Warmup) 
Chain 4 Iteration: 1000 / 6000 [ 16%]  (Warmup) 
Chain 4 Iteration: 1001 / 6000 [ 16%]  (Sampling) 
Chain 1 Iteration: 1000 / 6000 [ 16%]  (Warmup) 
Chain 1 Iteration: 1001 / 6000 [ 16%]  (Sampling) 
Chain 3 Iteration: 1000 / 6000 [ 16%]  (Warmup) 
Chain 3 Iteration: 1001 / 6000 [ 16%]  (Sampling) 
Chain 2 Iteration: 1000 / 6000 [ 16%]  (Warmup) 
Chain 2 Iteration: 1001 / 6000 [ 16%]  (Sampling) 
Chain 4 Iteration: 1100 / 6000 [ 18%]  (Sampling) 
Chain 1 Iteration: 1100 / 6000 [ 18%]  (Sampling) 
Chain 3 Iteration: 1100 / 6000 [ 18%]  (Sampling) 
Chain 2 Iteration: 1100 / 6000 [ 18%]  (Sampling) 
Chain 4 Iteration: 1200 / 6000 [ 20%]  (Sampling) 
Chain 1 Iteration: 1200 / 6000 [ 20%]  (Sampling) 
Chain 3 Iteration: 1200 / 6000 [ 20%]  (Sampling) 
Chain 2 Iteration: 1200 / 6000 [ 20%]  (Sampling) 
Chain 4 Iteration: 1300 / 6000 [ 21%]  (Sampling) 
Chain 1 Iteration: 1300 / 6000 [ 21%]  (Sampling) 
Chain 3 Iteration: 1300 / 6000 [ 21%]  (Sampling) 
Chain 2 Iteration: 1300 / 6000 [ 21%]  (Sampling) 
Chain 4 Iteration: 1400 / 6000 [ 23%]  (Sampling) 
Chain 1 Iteration: 1400 / 6000 [ 23%]  (Sampling) 
Chain 3 Iteration: 1400 / 6000 [ 23%]  (Sampling) 
Chain 2 Iteration: 1400 / 6000 [ 23%]  (Sampling) 
Chain 4 Iteration: 1500 / 6000 [ 25%]  (Sampling) 
Chain 1 Iteration: 1500 / 6000 [ 25%]  (Sampling) 
Chain 3 Iteration: 1500 / 6000 [ 25%]  (Sampling) 
Chain 2 Iteration: 1500 / 6000 [ 25%]  (Sampling) 
Chain 4 Iteration: 1600 / 6000 [ 26%]  (Sampling) 
Chain 1 Iteration: 1600 / 6000 [ 26%]  (Sampling) 
Chain 3 Iteration: 1600 / 6000 [ 26%]  (Sampling) 
Chain 2 Iteration: 1600 / 6000 [ 26%]  (Sampling) 
Chain 4 Iteration: 1700 / 6000 [ 28%]  (Sampling) 
Chain 1 Iteration: 1700 / 6000 [ 28%]  (Sampling) 
Chain 3 Iteration: 1700 / 6000 [ 28%]  (Sampling) 
Chain 2 Iteration: 1700 / 6000 [ 28%]  (Sampling) 
Chain 4 Iteration: 1800 / 6000 [ 30%]  (Sampling) 
Chain 1 Iteration: 1800 / 6000 [ 30%]  (Sampling) 
Chain 3 Iteration: 1800 / 6000 [ 30%]  (Sampling) 
Chain 2 Iteration: 1800 / 6000 [ 30%]  (Sampling) 
Chain 4 Iteration: 1900 / 6000 [ 31%]  (Sampling) 
Chain 1 Iteration: 1900 / 6000 [ 31%]  (Sampling) 
Chain 3 Iteration: 1900 / 6000 [ 31%]  (Sampling) 
Chain 2 Iteration: 1900 / 6000 [ 31%]  (Sampling) 
Chain 4 Iteration: 2000 / 6000 [ 33%]  (Sampling) 
Chain 1 Iteration: 2000 / 6000 [ 33%]  (Sampling) 
Chain 3 Iteration: 2000 / 6000 [ 33%]  (Sampling) 
Chain 2 Iteration: 2000 / 6000 [ 33%]  (Sampling) 
Chain 4 Iteration: 2100 / 6000 [ 35%]  (Sampling) 
Chain 1 Iteration: 2100 / 6000 [ 35%]  (Sampling) 
Chain 3 Iteration: 2100 / 6000 [ 35%]  (Sampling) 
Chain 2 Iteration: 2100 / 6000 [ 35%]  (Sampling) 
Chain 4 Iteration: 2200 / 6000 [ 36%]  (Sampling) 
Chain 1 Iteration: 2200 / 6000 [ 36%]  (Sampling) 
Chain 2 Iteration: 2200 / 6000 [ 36%]  (Sampling) 
Chain 3 Iteration: 2200 / 6000 [ 36%]  (Sampling) 
Chain 4 Iteration: 2300 / 6000 [ 38%]  (Sampling) 
Chain 1 Iteration: 2300 / 6000 [ 38%]  (Sampling) 
Chain 2 Iteration: 2300 / 6000 [ 38%]  (Sampling) 
Chain 3 Iteration: 2300 / 6000 [ 38%]  (Sampling) 
Chain 4 Iteration: 2400 / 6000 [ 40%]  (Sampling) 
Chain 1 Iteration: 2400 / 6000 [ 40%]  (Sampling) 
Chain 2 Iteration: 2400 / 6000 [ 40%]  (Sampling) 
Chain 3 Iteration: 2400 / 6000 [ 40%]  (Sampling) 
Chain 4 Iteration: 2500 / 6000 [ 41%]  (Sampling) 
Chain 1 Iteration: 2500 / 6000 [ 41%]  (Sampling) 
Chain 2 Iteration: 2500 / 6000 [ 41%]  (Sampling) 
Chain 3 Iteration: 2500 / 6000 [ 41%]  (Sampling) 
Chain 4 Iteration: 2600 / 6000 [ 43%]  (Sampling) 
Chain 1 Iteration: 2600 / 6000 [ 43%]  (Sampling) 
Chain 2 Iteration: 2600 / 6000 [ 43%]  (Sampling) 
Chain 3 Iteration: 2600 / 6000 [ 43%]  (Sampling) 
Chain 4 Iteration: 2700 / 6000 [ 45%]  (Sampling) 
Chain 1 Iteration: 2700 / 6000 [ 45%]  (Sampling) 
Chain 2 Iteration: 2700 / 6000 [ 45%]  (Sampling) 
Chain 3 Iteration: 2700 / 6000 [ 45%]  (Sampling) 
Chain 4 Iteration: 2800 / 6000 [ 46%]  (Sampling) 
Chain 1 Iteration: 2800 / 6000 [ 46%]  (Sampling) 
Chain 2 Iteration: 2800 / 6000 [ 46%]  (Sampling) 
Chain 3 Iteration: 2800 / 6000 [ 46%]  (Sampling) 
Chain 4 Iteration: 2900 / 6000 [ 48%]  (Sampling) 
Chain 1 Iteration: 2900 / 6000 [ 48%]  (Sampling) 
Chain 2 Iteration: 2900 / 6000 [ 48%]  (Sampling) 
Chain 3 Iteration: 2900 / 6000 [ 48%]  (Sampling) 
Chain 4 Iteration: 3000 / 6000 [ 50%]  (Sampling) 
Chain 1 Iteration: 3000 / 6000 [ 50%]  (Sampling) 
Chain 2 Iteration: 3000 / 6000 [ 50%]  (Sampling) 
Chain 3 Iteration: 3000 / 6000 [ 50%]  (Sampling) 
Chain 4 Iteration: 3100 / 6000 [ 51%]  (Sampling) 
Chain 1 Iteration: 3100 / 6000 [ 51%]  (Sampling) 
Chain 2 Iteration: 3100 / 6000 [ 51%]  (Sampling) 
Chain 3 Iteration: 3100 / 6000 [ 51%]  (Sampling) 
Chain 4 Iteration: 3200 / 6000 [ 53%]  (Sampling) 
Chain 1 Iteration: 3200 / 6000 [ 53%]  (Sampling) 
Chain 2 Iteration: 3200 / 6000 [ 53%]  (Sampling) 
Chain 3 Iteration: 3200 / 6000 [ 53%]  (Sampling) 
Chain 4 Iteration: 3300 / 6000 [ 55%]  (Sampling) 
Chain 1 Iteration: 3300 / 6000 [ 55%]  (Sampling) 
Chain 2 Iteration: 3300 / 6000 [ 55%]  (Sampling) 
Chain 3 Iteration: 3300 / 6000 [ 55%]  (Sampling) 
Chain 4 Iteration: 3400 / 6000 [ 56%]  (Sampling) 
Chain 1 Iteration: 3400 / 6000 [ 56%]  (Sampling) 
Chain 2 Iteration: 3400 / 6000 [ 56%]  (Sampling) 
Chain 3 Iteration: 3400 / 6000 [ 56%]  (Sampling) 
Chain 4 Iteration: 3500 / 6000 [ 58%]  (Sampling) 
Chain 1 Iteration: 3500 / 6000 [ 58%]  (Sampling) 
Chain 2 Iteration: 3500 / 6000 [ 58%]  (Sampling) 
Chain 3 Iteration: 3500 / 6000 [ 58%]  (Sampling) 
Chain 4 Iteration: 3600 / 6000 [ 60%]  (Sampling) 
Chain 1 Iteration: 3600 / 6000 [ 60%]  (Sampling) 
Chain 2 Iteration: 3600 / 6000 [ 60%]  (Sampling) 
Chain 3 Iteration: 3600 / 6000 [ 60%]  (Sampling) 
Chain 4 Iteration: 3700 / 6000 [ 61%]  (Sampling) 
Chain 1 Iteration: 3700 / 6000 [ 61%]  (Sampling) 
Chain 2 Iteration: 3700 / 6000 [ 61%]  (Sampling) 
Chain 3 Iteration: 3700 / 6000 [ 61%]  (Sampling) 
Chain 4 Iteration: 3800 / 6000 [ 63%]  (Sampling) 
Chain 1 Iteration: 3800 / 6000 [ 63%]  (Sampling) 
Chain 2 Iteration: 3800 / 6000 [ 63%]  (Sampling) 
Chain 3 Iteration: 3800 / 6000 [ 63%]  (Sampling) 
Chain 4 Iteration: 3900 / 6000 [ 65%]  (Sampling) 
Chain 1 Iteration: 3900 / 6000 [ 65%]  (Sampling) 
Chain 2 Iteration: 3900 / 6000 [ 65%]  (Sampling) 
Chain 3 Iteration: 3900 / 6000 [ 65%]  (Sampling) 
Chain 4 Iteration: 4000 / 6000 [ 66%]  (Sampling) 
Chain 1 Iteration: 4000 / 6000 [ 66%]  (Sampling) 
Chain 2 Iteration: 4000 / 6000 [ 66%]  (Sampling) 
Chain 3 Iteration: 4000 / 6000 [ 66%]  (Sampling) 
Chain 4 Iteration: 4100 / 6000 [ 68%]  (Sampling) 
Chain 1 Iteration: 4100 / 6000 [ 68%]  (Sampling) 
Chain 2 Iteration: 4100 / 6000 [ 68%]  (Sampling) 
Chain 3 Iteration: 4100 / 6000 [ 68%]  (Sampling) 
Chain 4 Iteration: 4200 / 6000 [ 70%]  (Sampling) 
Chain 1 Iteration: 4200 / 6000 [ 70%]  (Sampling) 
Chain 2 Iteration: 4200 / 6000 [ 70%]  (Sampling) 
Chain 3 Iteration: 4200 / 6000 [ 70%]  (Sampling) 
Chain 4 Iteration: 4300 / 6000 [ 71%]  (Sampling) 
Chain 1 Iteration: 4300 / 6000 [ 71%]  (Sampling) 
Chain 2 Iteration: 4300 / 6000 [ 71%]  (Sampling) 
Chain 3 Iteration: 4300 / 6000 [ 71%]  (Sampling) 
Chain 4 Iteration: 4400 / 6000 [ 73%]  (Sampling) 
Chain 1 Iteration: 4400 / 6000 [ 73%]  (Sampling) 
Chain 2 Iteration: 4400 / 6000 [ 73%]  (Sampling) 
Chain 3 Iteration: 4400 / 6000 [ 73%]  (Sampling) 
Chain 4 Iteration: 4500 / 6000 [ 75%]  (Sampling) 
Chain 1 Iteration: 4500 / 6000 [ 75%]  (Sampling) 
Chain 2 Iteration: 4500 / 6000 [ 75%]  (Sampling) 
Chain 3 Iteration: 4500 / 6000 [ 75%]  (Sampling) 
Chain 4 Iteration: 4600 / 6000 [ 76%]  (Sampling) 
Chain 1 Iteration: 4600 / 6000 [ 76%]  (Sampling) 
Chain 2 Iteration: 4600 / 6000 [ 76%]  (Sampling) 
Chain 3 Iteration: 4600 / 6000 [ 76%]  (Sampling) 
Chain 4 Iteration: 4700 / 6000 [ 78%]  (Sampling) 
Chain 1 Iteration: 4700 / 6000 [ 78%]  (Sampling) 
Chain 2 Iteration: 4700 / 6000 [ 78%]  (Sampling) 
Chain 3 Iteration: 4700 / 6000 [ 78%]  (Sampling) 
Chain 4 Iteration: 4800 / 6000 [ 80%]  (Sampling) 
Chain 1 Iteration: 4800 / 6000 [ 80%]  (Sampling) 
Chain 2 Iteration: 4800 / 6000 [ 80%]  (Sampling) 
Chain 3 Iteration: 4800 / 6000 [ 80%]  (Sampling) 
Chain 4 Iteration: 4900 / 6000 [ 81%]  (Sampling) 
Chain 1 Iteration: 4900 / 6000 [ 81%]  (Sampling) 
Chain 4 Iteration: 5000 / 6000 [ 83%]  (Sampling) 
Chain 2 Iteration: 4900 / 6000 [ 81%]  (Sampling) 
Chain 3 Iteration: 4900 / 6000 [ 81%]  (Sampling) 
Chain 1 Iteration: 5000 / 6000 [ 83%]  (Sampling) 
Chain 4 Iteration: 5100 / 6000 [ 85%]  (Sampling) 
Chain 1 Iteration: 5100 / 6000 [ 85%]  (Sampling) 
Chain 2 Iteration: 5000 / 6000 [ 83%]  (Sampling) 
Chain 3 Iteration: 5000 / 6000 [ 83%]  (Sampling) 
Chain 4 Iteration: 5200 / 6000 [ 86%]  (Sampling) 
Chain 1 Iteration: 5200 / 6000 [ 86%]  (Sampling) 
Chain 2 Iteration: 5100 / 6000 [ 85%]  (Sampling) 
Chain 3 Iteration: 5100 / 6000 [ 85%]  (Sampling) 
Chain 4 Iteration: 5300 / 6000 [ 88%]  (Sampling) 
Chain 1 Iteration: 5300 / 6000 [ 88%]  (Sampling) 
Chain 2 Iteration: 5200 / 6000 [ 86%]  (Sampling) 
Chain 3 Iteration: 5200 / 6000 [ 86%]  (Sampling) 
Chain 4 Iteration: 5400 / 6000 [ 90%]  (Sampling) 
Chain 1 Iteration: 5400 / 6000 [ 90%]  (Sampling) 
Chain 2 Iteration: 5300 / 6000 [ 88%]  (Sampling) 
Chain 3 Iteration: 5300 / 6000 [ 88%]  (Sampling) 
Chain 4 Iteration: 5500 / 6000 [ 91%]  (Sampling) 
Chain 1 Iteration: 5500 / 6000 [ 91%]  (Sampling) 
Chain 2 Iteration: 5400 / 6000 [ 90%]  (Sampling) 
Chain 3 Iteration: 5400 / 6000 [ 90%]  (Sampling) 
Chain 1 Iteration: 5600 / 6000 [ 93%]  (Sampling) 
Chain 4 Iteration: 5600 / 6000 [ 93%]  (Sampling) 
Chain 2 Iteration: 5500 / 6000 [ 91%]  (Sampling) 
Chain 3 Iteration: 5500 / 6000 [ 91%]  (Sampling) 
Chain 1 Iteration: 5700 / 6000 [ 95%]  (Sampling) 
Chain 4 Iteration: 5700 / 6000 [ 95%]  (Sampling) 
Chain 3 Iteration: 5600 / 6000 [ 93%]  (Sampling) 
Chain 2 Iteration: 5600 / 6000 [ 93%]  (Sampling) 
Chain 1 Iteration: 5800 / 6000 [ 96%]  (Sampling) 
Chain 4 Iteration: 5800 / 6000 [ 96%]  (Sampling) 
Chain 3 Iteration: 5700 / 6000 [ 95%]  (Sampling) 
Chain 2 Iteration: 5700 / 6000 [ 95%]  (Sampling) 
Chain 4 Iteration: 5900 / 6000 [ 98%]  (Sampling) 
Chain 1 Iteration: 5900 / 6000 [ 98%]  (Sampling) 
Chain 2 Iteration: 5800 / 6000 [ 96%]  (Sampling) 
Chain 3 Iteration: 5800 / 6000 [ 96%]  (Sampling) 
Chain 4 Iteration: 6000 / 6000 [100%]  (Sampling) 
Chain 4 finished in 138400.0 seconds.
Chain 1 Iteration: 6000 / 6000 [100%]  (Sampling) 
Chain 1 finished in 138806.0 seconds.
Chain 2 Iteration: 5900 / 6000 [ 98%]  (Sampling) 
Chain 3 Iteration: 5900 / 6000 [ 98%]  (Sampling) 
Chain 2 Iteration: 6000 / 6000 [100%]  (Sampling) 
Chain 2 finished in 142015.0 seconds.
Chain 3 Iteration: 6000 / 6000 [100%]  (Sampling) 
Chain 3 finished in 142455.0 seconds.

All 4 chains finished successfully.
Mean chain execution time: 140419.0 seconds.
Total execution time: 142456.4 seconds.

[1] "Processing draws 1 to 100"
[1] "Chunk time = 3.36989254951477"
[1] "Processing draws 101 to 200"
[1] "Chunk time = 2.33850093285243"
[1] "Processing draws 201 to 300"
[1] "Chunk time = 2.44865089654922"
[1] "Processing draws 301 to 400"
[1] "Chunk time = 2.12951509952545"
[1] "Processing draws 401 to 500"
[1] "Chunk time = 2.00980464617411"
[1] "Processing draws 501 to 600"
[1] "Chunk time = 2.02929772933324"
[1] "Processing draws 601 to 700"
[1] "Chunk time = 2.07315718332926"
[1] "Processing draws 701 to 800"
[1] "Chunk time = 2.19450644254684"
[1] "Processing draws 801 to 900"
[1] "Chunk time = 2.01693385044734"
[1] "Processing draws 901 to 1000"
[1] "Chunk time = 2.14992208083471"
[1] "Processing draws 1001 to 1100"
[1] "Chunk time = 2.01669301191966"
[1] "Processing draws 1101 to 1200"
[1] "Chunk time = 2.02068786223729"
[1] "Processing draws 1201 to 1300"
[1] "Chunk time = 2.16183748642604"
[1] "Processing draws 1301 to 1400"
[1] "Chunk time = 2.02395882606506"
[1] "Processing draws 1401 to 1500"
[1] "Chunk time = 2.02529387871424"
[1] "Processing draws 1501 to 1600"
[1] "Chunk time = 2.14250147740046"
[1] "Processing draws 1601 to 1700"
[1] "Chunk time = 2.01195061206818"
[1] "Processing draws 1701 to 1800"
[1] "Chunk time = 2.01032557090124"
[1] "Processing draws 1801 to 1900"
[1] "Chunk time = 2.14499879280726"
[1] "Processing draws 1901 to 2000"
[1] "Chunk time = 2.01399046579997"
[1] "Processing draws 2001 to 2100"
[1] "Chunk time = 2.00766758918762"
[1] "Processing draws 2101 to 2200"
[1] "Chunk time = 2.13640905618668"
[1] "Processing draws 2201 to 2300"
[1] "Chunk time = 2.01018807093302"
[1] "Processing draws 2301 to 2400"
[1] "Chunk time = 2.00973939498266"
[1] "Processing draws 2401 to 2500"
[1] "Chunk time = 2.12752361297607"
[1] "Processing draws 2501 to 2600"
[1] "Chunk time = 2.00086391766866"
[1] "Processing draws 2601 to 2700"
[1] "Chunk time = 2.00606296062469"
[1] "Processing draws 2701 to 2800"
[1] "Chunk time = 2.14951138099035"
[1] "Processing draws 2801 to 2900"
[1] "Chunk time = 2.01669473648071"
[1] "Processing draws 2901 to 3000"
[1] "Chunk time = 2.01614717642466"
[1] "Processing draws 3001 to 3100"
[1] "Chunk time = 2.15461339553197"
[1] "Processing draws 3101 to 3200"
[1] "Chunk time = 2.00582994620005"
[1] "Processing draws 3201 to 3300"
[1] "Chunk time = 1.99133141835531"
[1] "Processing draws 3301 to 3400"
[1] "Chunk time = 2.1586496035258"
[1] "Processing draws 3401 to 3500"
[1] "Chunk time = 1.98739538987478"
[1] "Processing draws 3501 to 3600"
[1] "Chunk time = 2.00464533170064"
[1] "Processing draws 3601 to 3700"
[1] "Chunk time = 2.13823309739431"
[1] "Processing draws 3701 to 3800"
[1] "Chunk time = 1.99164695342382"
[1] "Processing draws 3801 to 3900"
[1] "Chunk time = 2.00864859422048"
[1] "Processing draws 3901 to 4000"
[1] "Chunk time = 2.12975565195084"
[1] "Processing draws 4001 to 4100"
[1] "Chunk time = 2.09736493428548"
[1] "Processing draws 4101 to 4200"
[1] "Chunk time = 1.99105837345123"
[1] "Processing draws 4201 to 4300"
[1] "Chunk time = 2.12593899170558"
[1] "Processing draws 4301 to 4400"
[1] "Chunk time = 2.01074603398641"
[1] "Processing draws 4401 to 4500"
[1] "Chunk time = 2.01754700342814"
[1] "Processing draws 4501 to 4600"
[1] "Chunk time = 2.11198766628901"
[1] "Processing draws 4601 to 4700"
[1] "Chunk time = 2.03098792235057"
[1] "Processing draws 4701 to 4800"
[1] "Chunk time = 2.02033625046412"
[1] "Processing draws 4801 to 4900"
[1] "Chunk time = 2.14537045160929"
[1] "Processing draws 4901 to 5000"
[1] "Chunk time = 2.06893311341604"
[1] "Processing draws 5001 to 5100"
[1] "Chunk time = 1.98368188540141"
[1] "Processing draws 5101 to 5200"
[1] "Chunk time = 2.12422253688176"
[1] "Processing draws 5201 to 5300"
[1] "Chunk time = 2.0178882877032"
[1] "Processing draws 5301 to 5400"
[1] "Chunk time = 1.99752252896627"
[1] "Processing draws 5401 to 5500"
[1] "Chunk time = 2.1281387090683"
[1] "Processing draws 5501 to 5600"
[1] "Chunk time = 2.00790736277898"
[1] "Processing draws 5601 to 5700"
[1] "Chunk time = 1.99467027584712"
[1] "Processing draws 5701 to 5800"
[1] "Chunk time = 2.11801866292954"
[1] "Processing draws 5801 to 5900"
[1] "Chunk time = 2.00709537665049"
[1] "Processing draws 5901 to 6000"
[1] "Chunk time = 1.99975124994914"
[1] "Processing draws 6001 to 6100"
[1] "Chunk time = 2.11484741369883"
[1] "Processing draws 6101 to 6200"
[1] "Chunk time = 1.99137932062149"
[1] "Processing draws 6201 to 6300"
[1] "Chunk time = 1.98975667953491"
[1] "Processing draws 6301 to 6400"
[1] "Chunk time = 2.14618723392487"
[1] "Processing draws 6401 to 6500"
[1] "Chunk time = 1.9967634956042"
[1] "Processing draws 6501 to 6600"
[1] "Chunk time = 2.00657842954"
[1] "Processing draws 6601 to 6700"
[1] "Chunk time = 2.12408262491226"
[1] "Processing draws 6701 to 6800"
[1] "Chunk time = 2.00402626196543"
[1] "Processing draws 6801 to 6900"
[1] "Chunk time = 2.02049920558929"
[1] "Processing draws 6901 to 7000"
[1] "Chunk time = 2.02451223532359"
[1] "Processing draws 7001 to 7100"
[1] "Chunk time = 1.98505082527796"
[1] "Processing draws 7101 to 7200"
[1] "Chunk time = 2.00561635096868"
[1] "Processing draws 7201 to 7300"
[1] "Chunk time = 2.10506412982941"
[1] "Processing draws 7301 to 7400"
[1] "Chunk time = 2.01382782061895"
[1] "Processing draws 7401 to 7500"
[1] "Chunk time = 1.99393133322398"
[1] "Processing draws 7501 to 7600"
[1] "Chunk time = 2.16331077416738"
[1] "Processing draws 7601 to 7700"
[1] "Chunk time = 1.9990477403005"
[1] "Processing draws 7701 to 7800"
[1] "Chunk time = 2.02602013746897"
[1] "Processing draws 7801 to 7900"
[1] "Chunk time = 2.127687895298"
[1] "Processing draws 7901 to 8000"
[1] "Chunk time = 2.0032367904981"
[1] "Processing draws 8001 to 8100"
[1] "Chunk time = 1.98187747001648"
[1] "Processing draws 8101 to 8200"
[1] "Chunk time = 2.12651389439901"
[1] "Processing draws 8201 to 8300"
[1] "Chunk time = 2.01755740245183"
[1] "Processing draws 8301 to 8400"
[1] "Chunk time = 2.01410539944967"
[1] "Processing draws 8401 to 8500"
[1] "Chunk time = 2.11211550633113"
[1] "Processing draws 8501 to 8600"
[1] "Chunk time = 1.99821461439133"
[1] "Processing draws 8601 to 8700"
[1] "Chunk time = 2.02190342744191"
[1] "Processing draws 8701 to 8800"
[1] "Chunk time = 2.12873100439707"
[1] "Processing draws 8801 to 8900"
[1] "Chunk time = 2.026768831412"
[1] "Processing draws 8901 to 9000"
[1] "Chunk time = 2.01411567131678"
[1] "Processing draws 9001 to 9100"
[1] "Chunk time = 2.17547519604365"
[1] "Processing draws 9101 to 9200"
[1] "Chunk time = 2.06547006766001"
[1] "Processing draws 9201 to 9300"
[1] "Chunk time = 2.03184673388799"
[1] "Processing draws 9301 to 9400"
[1] "Chunk time = 2.1895645459493"
[1] "Processing draws 9401 to 9500"
[1] "Chunk time = 2.03230890432994"
[1] "Processing draws 9501 to 9600"
[1] "Chunk time = 2.03731096585592"
[1] "Processing draws 9601 to 9700"
[1] "Chunk time = 2.07502599954605"
[1] "Processing draws 9701 to 9800"
[1] "Chunk time = 2.03242096503576"
[1] "Processing draws 9801 to 9900"
[1] "Chunk time = 2.00918595790863"
[1] "Processing draws 9901 to 10000"
[1] "Chunk time = 2.13293170531591"
[1] "Processing draws 10001 to 10100"
[1] "Chunk time = 2.04624541600545"
[1] "Processing draws 10101 to 10200"
[1] "Chunk time = 2.03666330973307"
[1] "Processing draws 10201 to 10300"
[1] "Chunk time = 2.1703942656517"
[1] "Processing draws 10301 to 10400"
[1] "Chunk time = 2.03671907186508"
[1] "Processing draws 10401 to 10500"
[1] "Chunk time = 2.0194125811259"
[1] "Processing draws 10501 to 10600"
[1] "Chunk time = 2.15950053532918"
[1] "Processing draws 10601 to 10700"
[1] "Chunk time = 2.0323633869489"
[1] "Processing draws 10701 to 10800"
[1] "Chunk time = 2.02800232966741"
[1] "Processing draws 10801 to 10900"
[1] "Chunk time = 2.16949827671051"
[1] "Processing draws 10901 to 11000"
[1] "Chunk time = 2.03544444640477"
[1] "Processing draws 11001 to 11100"
[1] "Chunk time = 2.00881500244141"
[1] "Processing draws 11101 to 11200"
[1] "Chunk time = 2.17310035626094"
[1] "Processing draws 11201 to 11300"
[1] "Chunk time = 2.02018704017003"
[1] "Processing draws 11301 to 11400"
[1] "Chunk time = 2.01320276260376"
[1] "Processing draws 11401 to 11500"
[1] "Chunk time = 2.05644852320353"
[1] "Processing draws 11501 to 11600"
[1] "Chunk time = 2.03848412036896"
[1] "Processing draws 11601 to 11700"
[1] "Chunk time = 2.03655704657237"
[1] "Processing draws 11701 to 11800"
[1] "Chunk time = 2.15696413119634"
[1] "Processing draws 11801 to 11900"
[1] "Chunk time = 2.00686080853144"
[1] "Processing draws 11901 to 12000"
[1] "Chunk time = 2.03762545188268"
[1] "Processing draws 12001 to 12100"
[1] "Chunk time = 2.1969367424647"
[1] "Processing draws 12101 to 12200"
[1] "Chunk time = 2.02182973623276"
[1] "Processing draws 12201 to 12300"
[1] "Chunk time = 2.05993582010269"
[1] "Processing draws 12301 to 12400"
[1] "Chunk time = 2.17187852064768"
[1] "Processing draws 12401 to 12500"
[1] "Chunk time = 2.03846361637115"
[1] "Processing draws 12501 to 12600"
[1] "Chunk time = 2.01794902880987"
[1] "Processing draws 12601 to 12700"
[1] "Chunk time = 2.15494385957718"
[1] "Processing draws 12701 to 12800"
[1] "Chunk time = 2.06168506542842"
[1] "Processing draws 12801 to 12900"
[1] "Chunk time = 2.02555763721466"
[1] "Processing draws 12901 to 13000"
[1] "Chunk time = 2.17923854589462"
[1] "Processing draws 13001 to 13100"
[1] "Chunk time = 2.05344669421514"
[1] "Processing draws 13101 to 13200"
[1] "Chunk time = 2.05653108755747"
[1] "Processing draws 13201 to 13300"
[1] "Chunk time = 2.18920723994573"
[1] "Processing draws 13301 to 13400"
[1] "Chunk time = 2.03525754610697"
[1] "Processing draws 13401 to 13500"
[1] "Chunk time = 2.03788766860962"
[1] "Processing draws 13501 to 13600"
[1] "Chunk time = 2.13891677459081"
[1] "Processing draws 13601 to 13700"
[1] "Chunk time = 2.02580635945002"
[1] "Processing draws 13701 to 13800"
[1] "Chunk time = 2.03355348507563"
[1] "Processing draws 13801 to 13900"
[1] "Chunk time = 2.13388885656993"
[1] "Processing draws 13901 to 14000"
[1] "Chunk time = 2.03536196947098"
[1] "Processing draws 14001 to 14100"
[1] "Chunk time = 2.02936159769694"
[1] "Processing draws 14101 to 14200"
[1] "Chunk time = 2.20237145821253"
[1] "Processing draws 14201 to 14300"
[1] "Chunk time = 2.0277551651001"
[1] "Processing draws 14301 to 14400"
[1] "Chunk time = 2.03812714020411"
[1] "Processing draws 14401 to 14500"
[1] "Chunk time = 2.18026228348414"
[1] "Processing draws 14501 to 14600"
[1] "Chunk time = 2.03811518351237"
[1] "Processing draws 14601 to 14700"
[1] "Chunk time = 2.03810201883316"
[1] "Processing draws 14701 to 14800"
[1] "Chunk time = 2.18226543267568"
[1] "Processing draws 14801 to 14900"
[1] "Chunk time = 2.03988252480825"
[1] "Processing draws 14901 to 15000"
[1] "Chunk time = 2.02341844638189"
[1] "Processing draws 15001 to 15100"
[1] "Chunk time = 2.1189940015475"
[1] "Processing draws 15101 to 15200"
[1] "Chunk time = 2.03288365602493"
[1] "Processing draws 15201 to 15300"
[1] "Chunk time = 2.04453573226929"
[1] "Processing draws 15301 to 15400"
[1] "Chunk time = 2.11503122250239"
[1] "Processing draws 15401 to 15500"
[1] "Chunk time = 2.03237127860387"
[1] "Processing draws 15501 to 15600"
[1] "Chunk time = 2.04603213071823"
[1] "Processing draws 15601 to 15700"
[1] "Chunk time = 2.11145380735397"
[1] "Processing draws 15701 to 15800"
[1] "Chunk time = 2.03428760766983"
[1] "Processing draws 15801 to 15900"
[1] "Chunk time = 2.03149228493373"
[1] "Processing draws 15901 to 16000"
[1] "Chunk time = 2.1867477496465"
[1] "Processing draws 16001 to 16100"
[1] "Chunk time = 2.02982873121897"
[1] "Processing draws 16101 to 16200"
[1] "Chunk time = 2.04481709798177"
[1] "Processing draws 16201 to 16300"
[1] "Chunk time = 2.17471752166748"
[1] "Processing draws 16301 to 16400"
[1] "Chunk time = 2.04094173510869"
[1] "Processing draws 16401 to 16500"
[1] "Chunk time = 2.05203791459401"
[1] "Processing draws 16501 to 16600"
[1] "Chunk time = 2.16780372460683"
[1] "Processing draws 16601 to 16700"
[1] "Chunk time = 2.03254936138789"
[1] "Processing draws 16701 to 16800"
[1] "Chunk time = 2.04048350254695"
[1] "Processing draws 16801 to 16900"
[1] "Chunk time = 2.11715292930603"
[1] "Processing draws 16901 to 17000"
[1] "Chunk time = 2.04624937772751"
[1] "Processing draws 17001 to 17100"
[1] "Chunk time = 2.03933301369349"
[1] "Processing draws 17101 to 17200"
[1] "Chunk time = 2.18392272790273"
[1] "Processing draws 17201 to 17300"
[1] "Chunk time = 2.04200586080551"
[1] "Processing draws 17301 to 17400"
[1] "Chunk time = 2.0292179942131"
[1] "Processing draws 17401 to 17500"
[1] "Chunk time = 2.15908546845118"
[1] "Processing draws 17501 to 17600"
[1] "Chunk time = 2.03934799830119"
[1] "Processing draws 17601 to 17700"
[1] "Chunk time = 2.02400813897451"
[1] "Processing draws 17701 to 17800"
[1] "Chunk time = 2.19675165017446"
[1] "Processing draws 17801 to 17900"
[1] "Chunk time = 2.0439865787824"
[1] "Processing draws 17901 to 18000"
[1] "Chunk time = 2.03934486707052"
[1] "Processing draws 18001 to 18100"
[1] "Chunk time = 2.030703941981"
[1] "Processing draws 18101 to 18200"
[1] "Chunk time = 2.04236416021983"
[1] "Processing draws 18201 to 18300"
[1] "Chunk time = 2.00479907194773"
[1] "Processing draws 18301 to 18400"
[1] "Chunk time = 2.04166160027186"
[1] "Processing draws 18401 to 18500"
[1] "Chunk time = 2.02487004597982"
[1] "Processing draws 18501 to 18600"
[1] "Chunk time = 2.01758372783661"
[1] "Processing draws 18601 to 18700"
[1] "Chunk time = 2.02730810642242"
[1] "Processing draws 18701 to 18800"
[1] "Chunk time = 2.03788183927536"
[1] "Processing draws 18801 to 18900"
[1] "Chunk time = 2.03281304041545"
[1] "Processing draws 18901 to 19000"
[1] "Chunk time = 2.05271173318227"
[1] "Processing draws 19001 to 19100"
[1] "Chunk time = 2.03561160167058"
[1] "Processing draws 19101 to 19200"
[1] "Chunk time = 2.06034975846608"
[1] "Processing draws 19201 to 19300"
[1] "Chunk time = 2.17854975859324"
[1] "Processing draws 19301 to 19400"
[1] "Chunk time = 2.02863009373347"
[1] "Processing draws 19401 to 19500"
[1] "Chunk time = 2.01833822727203"
[1] "Processing draws 19501 to 19600"
[1] "Chunk time = 2.12953310012817"
[1] "Processing draws 19601 to 19700"
[1] "Chunk time = 2.03595631519953"
[1] "Processing draws 19701 to 19800"
[1] "Chunk time = 2.03592343727748"
[1] "Processing draws 19801 to 19900"
[1] "Chunk time = 2.10911533435186"
[1] "Processing draws 19901 to 20000"
[1] "Chunk time = 2.03864402770996"
[1] "done lapplying"
[1] "Saving current params"
[1] "Saving params to output.rds"
[1] TRUE
[1] "Time for modelling:"
[1] "2025-07-03 11:45:49 EDT"
[1] "Time for posterior computations:"
Time difference of 6.934472 hours
[1] "Total time:"
[1] "2025-07-03 18:41:53 EDT"
