[1] "Starting sampling."
Running MCMC with 4 parallel chains, with 4 thread(s) per chain...

Chain 1 Iteration:    1 / 6000 [  0%]  (Warmup) 
Chain 2 Iteration:    1 / 6000 [  0%]  (Warmup) 
Chain 3 Iteration:    1 / 6000 [  0%]  (Warmup) 
Chain 4 Iteration:    1 / 6000 [  0%]  (Warmup) 
Chain 1 Iteration:  100 / 6000 [  1%]  (Warmup) 
Chain 3 Iteration:  100 / 6000 [  1%]  (Warmup) 
Chain 4 Iteration:  100 / 6000 [  1%]  (Warmup) 
Chain 1 Iteration:  200 / 6000 [  3%]  (Warmup) 
Chain 2 Iteration:  100 / 6000 [  1%]  (Warmup) 
Chain 3 Iteration:  200 / 6000 [  3%]  (Warmup) 
Chain 1 Iteration:  300 / 6000 [  5%]  (Warmup) 
Chain 4 Iteration:  200 / 6000 [  3%]  (Warmup) 
Chain 2 Iteration:  200 / 6000 [  3%]  (Warmup) 
Chain 3 Iteration:  300 / 6000 [  5%]  (Warmup) 
Chain 1 Iteration:  400 / 6000 [  6%]  (Warmup) 
Chain 4 Iteration:  300 / 6000 [  5%]  (Warmup) 
Chain 3 Iteration:  400 / 6000 [  6%]  (Warmup) 
Chain 1 Iteration:  500 / 6000 [  8%]  (Warmup) 
Chain 2 Iteration:  300 / 6000 [  5%]  (Warmup) 
Chain 4 Iteration:  400 / 6000 [  6%]  (Warmup) 
Chain 3 Iteration:  500 / 6000 [  8%]  (Warmup) 
Chain 1 Iteration:  600 / 6000 [ 10%]  (Warmup) 
Chain 2 Iteration:  400 / 6000 [  6%]  (Warmup) 
Chain 4 Iteration:  500 / 6000 [  8%]  (Warmup) 
Chain 3 Iteration:  600 / 6000 [ 10%]  (Warmup) 
Chain 1 Iteration:  700 / 6000 [ 11%]  (Warmup) 
Chain 2 Iteration:  500 / 6000 [  8%]  (Warmup) 
Chain 4 Iteration:  600 / 6000 [ 10%]  (Warmup) 
Chain 3 Iteration:  700 / 6000 [ 11%]  (Warmup) 
Chain 1 Iteration:  800 / 6000 [ 13%]  (Warmup) 
Chain 2 Iteration:  600 / 6000 [ 10%]  (Warmup) 
Chain 4 Iteration:  700 / 6000 [ 11%]  (Warmup) 
Chain 3 Iteration:  800 / 6000 [ 13%]  (Warmup) 
Chain 1 Iteration:  900 / 6000 [ 15%]  (Warmup) 
Chain 2 Iteration:  700 / 6000 [ 11%]  (Warmup) 
Chain 4 Iteration:  800 / 6000 [ 13%]  (Warmup) 
Chain 3 Iteration:  900 / 6000 [ 15%]  (Warmup) 
Chain 1 Iteration: 1000 / 6000 [ 16%]  (Warmup) 
Chain 1 Iteration: 1001 / 6000 [ 16%]  (Sampling) 
Chain 2 Iteration:  800 / 6000 [ 13%]  (Warmup) 
Chain 4 Iteration:  900 / 6000 [ 15%]  (Warmup) 
Chain 1 Iteration: 1100 / 6000 [ 18%]  (Sampling) 
Chain 3 Iteration: 1000 / 6000 [ 16%]  (Warmup) 
Chain 3 Iteration: 1001 / 6000 [ 16%]  (Sampling) 
Chain 2 Iteration:  900 / 6000 [ 15%]  (Warmup) 
Chain 1 Iteration: 1200 / 6000 [ 20%]  (Sampling) 
Chain 4 Iteration: 1000 / 6000 [ 16%]  (Warmup) 
Chain 4 Iteration: 1001 / 6000 [ 16%]  (Sampling) 
Chain 1 Iteration: 1300 / 6000 [ 21%]  (Sampling) 
Chain 3 Iteration: 1100 / 6000 [ 18%]  (Sampling) 
Chain 2 Iteration: 1000 / 6000 [ 16%]  (Warmup) 
Chain 2 Iteration: 1001 / 6000 [ 16%]  (Sampling) 
Chain 1 Iteration: 1400 / 6000 [ 23%]  (Sampling) 
Chain 4 Iteration: 1100 / 6000 [ 18%]  (Sampling) 
Chain 2 Iteration: 1100 / 6000 [ 18%]  (Sampling) 
Chain 1 Iteration: 1500 / 6000 [ 25%]  (Sampling) 
Chain 3 Iteration: 1200 / 6000 [ 20%]  (Sampling) 
Chain 2 Iteration: 1200 / 6000 [ 20%]  (Sampling) 
Chain 1 Iteration: 1600 / 6000 [ 26%]  (Sampling) 
Chain 4 Iteration: 1200 / 6000 [ 20%]  (Sampling) 
Chain 2 Iteration: 1300 / 6000 [ 21%]  (Sampling) 
Chain 1 Iteration: 1700 / 6000 [ 28%]  (Sampling) 
Chain 3 Iteration: 1300 / 6000 [ 21%]  (Sampling) 
Chain 2 Iteration: 1400 / 6000 [ 23%]  (Sampling) 
Chain 1 Iteration: 1800 / 6000 [ 30%]  (Sampling) 
Chain 4 Iteration: 1300 / 6000 [ 21%]  (Sampling) 
Chain 2 Iteration: 1500 / 6000 [ 25%]  (Sampling) 
Chain 1 Iteration: 1900 / 6000 [ 31%]  (Sampling) 
Chain 3 Iteration: 1400 / 6000 [ 23%]  (Sampling) 
Chain 2 Iteration: 1600 / 6000 [ 26%]  (Sampling) 
Chain 1 Iteration: 2000 / 6000 [ 33%]  (Sampling) 
Chain 4 Iteration: 1400 / 6000 [ 23%]  (Sampling) 
Chain 2 Iteration: 1700 / 6000 [ 28%]  (Sampling) 
Chain 1 Iteration: 2100 / 6000 [ 35%]  (Sampling) 
Chain 3 Iteration: 1500 / 6000 [ 25%]  (Sampling) 
Chain 2 Iteration: 1800 / 6000 [ 30%]  (Sampling) 
Chain 1 Iteration: 2200 / 6000 [ 36%]  (Sampling) 
Chain 4 Iteration: 1500 / 6000 [ 25%]  (Sampling) 
Chain 2 Iteration: 1900 / 6000 [ 31%]  (Sampling) 
Chain 1 Iteration: 2300 / 6000 [ 38%]  (Sampling) 
Chain 3 Iteration: 1600 / 6000 [ 26%]  (Sampling) 
Chain 2 Iteration: 2000 / 6000 [ 33%]  (Sampling) 
Chain 1 Iteration: 2400 / 6000 [ 40%]  (Sampling) 
Chain 4 Iteration: 1600 / 6000 [ 26%]  (Sampling) 
Chain 2 Iteration: 2100 / 6000 [ 35%]  (Sampling) 
Chain 1 Iteration: 2500 / 6000 [ 41%]  (Sampling) 
Chain 3 Iteration: 1700 / 6000 [ 28%]  (Sampling) 
Chain 2 Iteration: 2200 / 6000 [ 36%]  (Sampling) 
Chain 1 Iteration: 2600 / 6000 [ 43%]  (Sampling) 
Chain 4 Iteration: 1700 / 6000 [ 28%]  (Sampling) 
Chain 2 Iteration: 2300 / 6000 [ 38%]  (Sampling) 
Chain 1 Iteration: 2700 / 6000 [ 45%]  (Sampling) 
Chain 3 Iteration: 1800 / 6000 [ 30%]  (Sampling) 
Chain 2 Iteration: 2400 / 6000 [ 40%]  (Sampling) 
Chain 1 Iteration: 2800 / 6000 [ 46%]  (Sampling) 
Chain 4 Iteration: 1800 / 6000 [ 30%]  (Sampling) 
Chain 2 Iteration: 2500 / 6000 [ 41%]  (Sampling) 
Chain 1 Iteration: 2900 / 6000 [ 48%]  (Sampling) 
Chain 3 Iteration: 1900 / 6000 [ 31%]  (Sampling) 
Chain 2 Iteration: 2600 / 6000 [ 43%]  (Sampling) 
Chain 1 Iteration: 3000 / 6000 [ 50%]  (Sampling) 
Chain 4 Iteration: 1900 / 6000 [ 31%]  (Sampling) 
Chain 2 Iteration: 2700 / 6000 [ 45%]  (Sampling) 
Chain 1 Iteration: 3100 / 6000 [ 51%]  (Sampling) 
Chain 3 Iteration: 2000 / 6000 [ 33%]  (Sampling) 
Chain 2 Iteration: 2800 / 6000 [ 46%]  (Sampling) 
Chain 1 Iteration: 3200 / 6000 [ 53%]  (Sampling) 
Chain 4 Iteration: 2000 / 6000 [ 33%]  (Sampling) 
Chain 2 Iteration: 2900 / 6000 [ 48%]  (Sampling) 
Chain 3 Iteration: 2100 / 6000 [ 35%]  (Sampling) 
Chain 1 Iteration: 3300 / 6000 [ 55%]  (Sampling) 
Chain 2 Iteration: 3000 / 6000 [ 50%]  (Sampling) 
Chain 1 Iteration: 3400 / 6000 [ 56%]  (Sampling) 
Chain 4 Iteration: 2100 / 6000 [ 35%]  (Sampling) 
Chain 2 Iteration: 3100 / 6000 [ 51%]  (Sampling) 
Chain 3 Iteration: 2200 / 6000 [ 36%]  (Sampling) 
Chain 1 Iteration: 3500 / 6000 [ 58%]  (Sampling) 
Chain 2 Iteration: 3200 / 6000 [ 53%]  (Sampling) 
Chain 1 Iteration: 3600 / 6000 [ 60%]  (Sampling) 
Chain 4 Iteration: 2200 / 6000 [ 36%]  (Sampling) 
Chain 2 Iteration: 3300 / 6000 [ 55%]  (Sampling) 
Chain 3 Iteration: 2300 / 6000 [ 38%]  (Sampling) 
Chain 1 Iteration: 3700 / 6000 [ 61%]  (Sampling) 
Chain 2 Iteration: 3400 / 6000 [ 56%]  (Sampling) 
Chain 1 Iteration: 3800 / 6000 [ 63%]  (Sampling) 
Chain 4 Iteration: 2300 / 6000 [ 38%]  (Sampling) 
Chain 2 Iteration: 3500 / 6000 [ 58%]  (Sampling) 
Chain 3 Iteration: 2400 / 6000 [ 40%]  (Sampling) 
Chain 1 Iteration: 3900 / 6000 [ 65%]  (Sampling) 
Chain 2 Iteration: 3600 / 6000 [ 60%]  (Sampling) 
Chain 1 Iteration: 4000 / 6000 [ 66%]  (Sampling) 
Chain 4 Iteration: 2400 / 6000 [ 40%]  (Sampling) 
Chain 2 Iteration: 3700 / 6000 [ 61%]  (Sampling) 
Chain 3 Iteration: 2500 / 6000 [ 41%]  (Sampling) 
Chain 1 Iteration: 4100 / 6000 [ 68%]  (Sampling) 
Chain 2 Iteration: 3800 / 6000 [ 63%]  (Sampling) 
Chain 1 Iteration: 4200 / 6000 [ 70%]  (Sampling) 
Chain 4 Iteration: 2500 / 6000 [ 41%]  (Sampling) 
Chain 2 Iteration: 3900 / 6000 [ 65%]  (Sampling) 
Chain 3 Iteration: 2600 / 6000 [ 43%]  (Sampling) 
Chain 1 Iteration: 4300 / 6000 [ 71%]  (Sampling) 
Chain 2 Iteration: 4000 / 6000 [ 66%]  (Sampling) 
Chain 1 Iteration: 4400 / 6000 [ 73%]  (Sampling) 
Chain 4 Iteration: 2600 / 6000 [ 43%]  (Sampling) 
Chain 2 Iteration: 4100 / 6000 [ 68%]  (Sampling) 
Chain 3 Iteration: 2700 / 6000 [ 45%]  (Sampling) 
Chain 1 Iteration: 4500 / 6000 [ 75%]  (Sampling) 
Chain 2 Iteration: 4200 / 6000 [ 70%]  (Sampling) 
Chain 1 Iteration: 4600 / 6000 [ 76%]  (Sampling) 
Chain 4 Iteration: 2700 / 6000 [ 45%]  (Sampling) 
Chain 2 Iteration: 4300 / 6000 [ 71%]  (Sampling) 
Chain 3 Iteration: 2800 / 6000 [ 46%]  (Sampling) 
Chain 1 Iteration: 4700 / 6000 [ 78%]  (Sampling) 
Chain 2 Iteration: 4400 / 6000 [ 73%]  (Sampling) 
Chain 1 Iteration: 4800 / 6000 [ 80%]  (Sampling) 
Chain 4 Iteration: 2800 / 6000 [ 46%]  (Sampling) 
Chain 2 Iteration: 4500 / 6000 [ 75%]  (Sampling) 
Chain 3 Iteration: 2900 / 6000 [ 48%]  (Sampling) 
Chain 1 Iteration: 4900 / 6000 [ 81%]  (Sampling) 
Chain 2 Iteration: 4600 / 6000 [ 76%]  (Sampling) 
Chain 1 Iteration: 5000 / 6000 [ 83%]  (Sampling) 
Chain 4 Iteration: 2900 / 6000 [ 48%]  (Sampling) 
Chain 2 Iteration: 4700 / 6000 [ 78%]  (Sampling) 
Chain 3 Iteration: 3000 / 6000 [ 50%]  (Sampling) 
Chain 1 Iteration: 5100 / 6000 [ 85%]  (Sampling) 
Chain 2 Iteration: 4800 / 6000 [ 80%]  (Sampling) 
Chain 1 Iteration: 5200 / 6000 [ 86%]  (Sampling) 
Chain 4 Iteration: 3000 / 6000 [ 50%]  (Sampling) 
Chain 2 Iteration: 4900 / 6000 [ 81%]  (Sampling) 
Chain 3 Iteration: 3100 / 6000 [ 51%]  (Sampling) 
Chain 1 Iteration: 5300 / 6000 [ 88%]  (Sampling) 
Chain 2 Iteration: 5000 / 6000 [ 83%]  (Sampling) 
Chain 1 Iteration: 5400 / 6000 [ 90%]  (Sampling) 
Chain 2 Iteration: 5100 / 6000 [ 85%]  (Sampling) 
Chain 4 Iteration: 3100 / 6000 [ 51%]  (Sampling) 
Chain 3 Iteration: 3200 / 6000 [ 53%]  (Sampling) 
Chain 1 Iteration: 5500 / 6000 [ 91%]  (Sampling) 
Chain 2 Iteration: 5200 / 6000 [ 86%]  (Sampling) 
Chain 1 Iteration: 5600 / 6000 [ 93%]  (Sampling) 
Chain 2 Iteration: 5300 / 6000 [ 88%]  (Sampling) 
Chain 4 Iteration: 3200 / 6000 [ 53%]  (Sampling) 
Chain 3 Iteration: 3300 / 6000 [ 55%]  (Sampling) 
Chain 1 Iteration: 5700 / 6000 [ 95%]  (Sampling) 
Chain 2 Iteration: 5400 / 6000 [ 90%]  (Sampling) 
Chain 1 Iteration: 5800 / 6000 [ 96%]  (Sampling) 
Chain 2 Iteration: 5500 / 6000 [ 91%]  (Sampling) 
Chain 3 Iteration: 3400 / 6000 [ 56%]  (Sampling) 
Chain 4 Iteration: 3300 / 6000 [ 55%]  (Sampling) 
Chain 1 Iteration: 5900 / 6000 [ 98%]  (Sampling) 
Chain 2 Iteration: 5600 / 6000 [ 93%]  (Sampling) 
Chain 1 Iteration: 6000 / 6000 [100%]  (Sampling) 
Chain 1 finished in 7557.3 seconds.
Chain 2 Iteration: 5700 / 6000 [ 95%]  (Sampling) 
Chain 3 Iteration: 3500 / 6000 [ 58%]  (Sampling) 
Chain 4 Iteration: 3400 / 6000 [ 56%]  (Sampling) 
Chain 2 Iteration: 5800 / 6000 [ 96%]  (Sampling) 
Chain 2 Iteration: 5900 / 6000 [ 98%]  (Sampling) 
Chain 3 Iteration: 3600 / 6000 [ 60%]  (Sampling) 
Chain 4 Iteration: 3500 / 6000 [ 58%]  (Sampling) 
Chain 2 Iteration: 6000 / 6000 [100%]  (Sampling) 
Chain 2 finished in 7864.1 seconds.
Chain 3 Iteration: 3700 / 6000 [ 61%]  (Sampling) 
Chain 4 Iteration: 3600 / 6000 [ 60%]  (Sampling) 
Chain 3 Iteration: 3800 / 6000 [ 63%]  (Sampling) 
Chain 4 Iteration: 3700 / 6000 [ 61%]  (Sampling) 
Chain 3 Iteration: 3900 / 6000 [ 65%]  (Sampling) 
Chain 4 Iteration: 3800 / 6000 [ 63%]  (Sampling) 
Chain 3 Iteration: 4000 / 6000 [ 66%]  (Sampling) 
Chain 4 Iteration: 3900 / 6000 [ 65%]  (Sampling) 
Chain 3 Iteration: 4100 / 6000 [ 68%]  (Sampling) 
Chain 4 Iteration: 4000 / 6000 [ 66%]  (Sampling) 
Chain 3 Iteration: 4200 / 6000 [ 70%]  (Sampling) 
Chain 4 Iteration: 4100 / 6000 [ 68%]  (Sampling) 
Chain 3 Iteration: 4300 / 6000 [ 71%]  (Sampling) 
Chain 4 Iteration: 4200 / 6000 [ 70%]  (Sampling) 
Chain 3 Iteration: 4400 / 6000 [ 73%]  (Sampling) 
Chain 4 Iteration: 4300 / 6000 [ 71%]  (Sampling) 
Chain 3 Iteration: 4500 / 6000 [ 75%]  (Sampling) 
Chain 4 Iteration: 4400 / 6000 [ 73%]  (Sampling) 
Chain 3 Iteration: 4600 / 6000 [ 76%]  (Sampling) 
Chain 4 Iteration: 4500 / 6000 [ 75%]  (Sampling) 
Chain 3 Iteration: 4700 / 6000 [ 78%]  (Sampling) 
Chain 4 Iteration: 4600 / 6000 [ 76%]  (Sampling) 
Chain 3 Iteration: 4800 / 6000 [ 80%]  (Sampling) 
Chain 4 Iteration: 4700 / 6000 [ 78%]  (Sampling) 
Chain 3 Iteration: 4900 / 6000 [ 81%]  (Sampling) 
Chain 4 Iteration: 4800 / 6000 [ 80%]  (Sampling) 
Chain 3 Iteration: 5000 / 6000 [ 83%]  (Sampling) 
Chain 4 Iteration: 4900 / 6000 [ 81%]  (Sampling) 
Chain 3 Iteration: 5100 / 6000 [ 85%]  (Sampling) 
Chain 4 Iteration: 5000 / 6000 [ 83%]  (Sampling) 
Chain 3 Iteration: 5200 / 6000 [ 86%]  (Sampling) 
Chain 4 Iteration: 5100 / 6000 [ 85%]  (Sampling) 
Chain 3 Iteration: 5300 / 6000 [ 88%]  (Sampling) 
Chain 4 Iteration: 5200 / 6000 [ 86%]  (Sampling) 
Chain 3 Iteration: 5400 / 6000 [ 90%]  (Sampling) 
Chain 4 Iteration: 5300 / 6000 [ 88%]  (Sampling) 
Chain 3 Iteration: 5500 / 6000 [ 91%]  (Sampling) 
Chain 4 Iteration: 5400 / 6000 [ 90%]  (Sampling) 
Chain 3 Iteration: 5600 / 6000 [ 93%]  (Sampling) 
Chain 4 Iteration: 5500 / 6000 [ 91%]  (Sampling) 
Chain 3 Iteration: 5700 / 6000 [ 95%]  (Sampling) 
Chain 4 Iteration: 5600 / 6000 [ 93%]  (Sampling) 
Chain 3 Iteration: 5800 / 6000 [ 96%]  (Sampling) 
Chain 4 Iteration: 5700 / 6000 [ 95%]  (Sampling) 
Chain 3 Iteration: 5900 / 6000 [ 98%]  (Sampling) 
Chain 4 Iteration: 5800 / 6000 [ 96%]  (Sampling) 
Chain 3 Iteration: 6000 / 6000 [100%]  (Sampling) 
Chain 3 finished in 11476.2 seconds.
Chain 4 Iteration: 5900 / 6000 [ 98%]  (Sampling) 
Chain 4 Iteration: 6000 / 6000 [100%]  (Sampling) 
Chain 4 finished in 11650.8 seconds.

All 4 chains finished successfully.
Mean chain execution time: 9637.1 seconds.
Total execution time: 11651.9 seconds.

[1] "Processing draws 1 to 100"
[1] "Chunk time = 3.20828857819239"
[1] "Processing draws 101 to 200"
[1] "Chunk time = 2.35267084042231"
[1] "Processing draws 201 to 300"
[1] "Chunk time = 2.48529891967773"
[1] "Processing draws 301 to 400"
[1] "Chunk time = 2.10779931147893"
[1] "Processing draws 401 to 500"
[1] "Chunk time = 2.02306077480316"
[1] "Processing draws 501 to 600"
[1] "Chunk time = 2.00341693560282"
[1] "Processing draws 601 to 700"
[1] "Chunk time = 2.05680365165075"
[1] "Processing draws 701 to 800"
[1] "Chunk time = 2.19355334043503"
[1] "Processing draws 801 to 900"
[1] "Chunk time = 2.00314485232035"
[1] "Processing draws 901 to 1000"
[1] "Chunk time = 2.15684663057327"
[1] "Processing draws 1001 to 1100"
[1] "Chunk time = 1.99976978699366"
[1] "Processing draws 1101 to 1200"
[1] "Chunk time = 2.01676993370056"
[1] "Processing draws 1201 to 1300"
[1] "Chunk time = 2.13002296686172"
[1] "Processing draws 1301 to 1400"
[1] "Chunk time = 2.00764877398809"
[1] "Processing draws 1401 to 1500"
[1] "Chunk time = 2.02677030960719"
[1] "Processing draws 1501 to 1600"
[1] "Chunk time = 2.12514893213908"
[1] "Processing draws 1601 to 1700"
[1] "Chunk time = 1.98146896362305"
[1] "Processing draws 1701 to 1800"
[1] "Chunk time = 1.98878407080968"
[1] "Processing draws 1801 to 1900"
[1] "Chunk time = 2.13835105895996"
[1] "Processing draws 1901 to 2000"
[1] "Chunk time = 2.00261852741241"
[1] "Processing draws 2001 to 2100"
[1] "Chunk time = 1.98881759643555"
[1] "Processing draws 2101 to 2200"
[1] "Chunk time = 2.15342743794123"
[1] "Processing draws 2201 to 2300"
[1] "Chunk time = 1.99326289494832"
[1] "Processing draws 2301 to 2400"
[1] "Chunk time = 2.00779964526494"
[1] "Processing draws 2401 to 2500"
[1] "Chunk time = 2.1321361263593"
[1] "Processing draws 2501 to 2600"
[1] "Chunk time = 1.97122980356216"
[1] "Processing draws 2601 to 2700"
[1] "Chunk time = 1.97519362767537"
[1] "Processing draws 2701 to 2800"
[1] "Chunk time = 2.14887228012085"
[1] "Processing draws 2801 to 2900"
[1] "Chunk time = 1.97825137376785"
[1] "Processing draws 2901 to 3000"
[1] "Chunk time = 1.99087476730347"
[1] "Processing draws 3001 to 3100"
[1] "Chunk time = 2.11002479394277"
[1] "Processing draws 3101 to 3200"
[1] "Chunk time = 2.01034432649612"
[1] "Processing draws 3201 to 3300"
[1] "Chunk time = 2.0000146706899"
[1] "Processing draws 3301 to 3400"
[1] "Chunk time = 2.12747795581818"
[1] "Processing draws 3401 to 3500"
[1] "Chunk time = 1.986863052845"
[1] "Processing draws 3501 to 3600"
[1] "Chunk time = 2.00898868640264"
[1] "Processing draws 3601 to 3700"
[1] "Chunk time = 2.1401490688324"
[1] "Processing draws 3701 to 3800"
[1] "Chunk time = 2.00460275411606"
[1] "Processing draws 3801 to 3900"
[1] "Chunk time = 1.9949572523435"
[1] "Processing draws 3901 to 4000"
[1] "Chunk time = 2.1361399769783"
[1] "Processing draws 4001 to 4100"
[1] "Chunk time = 2.01229741175969"
[1] "Processing draws 4101 to 4200"
[1] "Chunk time = 1.98426112731298"
[1] "Processing draws 4201 to 4300"
[1] "Chunk time = 2.1576985001564"
[1] "Processing draws 4301 to 4400"
[1] "Chunk time = 2.00791427691778"
[1] "Processing draws 4401 to 4500"
[1] "Chunk time = 1.9836794535319"
[1] "Processing draws 4501 to 4600"
[1] "Chunk time = 2.1187178850174"
[1] "Processing draws 4601 to 4700"
[1] "Chunk time = 1.99370652039846"
[1] "Processing draws 4701 to 4800"
[1] "Chunk time = 2.03162180185318"
[1] "Processing draws 4801 to 4900"
[1] "Chunk time = 2.15771531661352"
[1] "Processing draws 4901 to 5000"
[1] "Chunk time = 1.99708700577418"
[1] "Processing draws 5001 to 5100"
[1] "Chunk time = 1.98517764806747"
[1] "Processing draws 5101 to 5200"
[1] "Chunk time = 2.14131773710251"
[1] "Processing draws 5201 to 5300"
[1] "Chunk time = 2.01103475491206"
[1] "Processing draws 5301 to 5400"
[1] "Chunk time = 2.03206563790639"
[1] "Processing draws 5401 to 5500"
[1] "Chunk time = 2.11211689710617"
[1] "Processing draws 5501 to 5600"
[1] "Chunk time = 2.02152986923854"
[1] "Processing draws 5601 to 5700"
[1] "Chunk time = 1.97664302984873"
[1] "Processing draws 5701 to 5800"
[1] "Chunk time = 2.11479051510493"
[1] "Processing draws 5801 to 5900"
[1] "Chunk time = 1.97894440491994"
[1] "Processing draws 5901 to 6000"
[1] "Chunk time = 2.02108459870021"
[1] "Processing draws 6001 to 6100"
[1] "Chunk time = 2.10642767747243"
[1] "Processing draws 6101 to 6200"
[1] "Chunk time = 2.02003353039424"
[1] "Processing draws 6201 to 6300"
[1] "Chunk time = 1.98530272245407"
[1] "Processing draws 6301 to 6400"
[1] "Chunk time = 2.12352295319239"
[1] "Processing draws 6401 to 6500"
[1] "Chunk time = 1.99087826410929"
[1] "Processing draws 6501 to 6600"
[1] "Chunk time = 1.98036329348882"
[1] "Processing draws 6601 to 6700"
[1] "Chunk time = 2.16721282800039"
[1] "Processing draws 6701 to 6800"
[1] "Chunk time = 2.04578838348389"
[1] "Processing draws 6801 to 6900"
[1] "Chunk time = 2.04301149050395"
[1] "Processing draws 6901 to 7000"
[1] "Chunk time = 2.15678140719732"
[1] "Processing draws 7001 to 7100"
[1] "Chunk time = 2.00027397871017"
[1] "Processing draws 7101 to 7200"
[1] "Chunk time = 2.02382187843323"
[1] "Processing draws 7201 to 7300"
[1] "Chunk time = 2.17013586362203"
[1] "Processing draws 7301 to 7400"
[1] "Chunk time = 2.01979027986526"
[1] "Processing draws 7401 to 7500"
[1] "Chunk time = 2.02942316532135"
[1] "Processing draws 7501 to 7600"
[1] "Chunk time = 2.17773481607437"
[1] "Processing draws 7601 to 7700"
[1] "Chunk time = 1.97937778631846"
[1] "Processing draws 7701 to 7800"
[1] "Chunk time = 2.02523817618688"
[1] "Processing draws 7801 to 7900"
[1] "Chunk time = 2.17849402825038"
[1] "Processing draws 7901 to 8000"
[1] "Chunk time = 2.04007792870204"
[1] "Processing draws 8001 to 8100"
[1] "Chunk time = 1.98135085900625"
[1] "Processing draws 8101 to 8200"
[1] "Chunk time = 2.17322525580724"
[1] "Processing draws 8201 to 8300"
[1] "Chunk time = 2.06548035144806"
[1] "Processing draws 8301 to 8400"
[1] "Chunk time = 2.02183099190394"
[1] "Processing draws 8401 to 8500"
[1] "Chunk time = 2.18470042149226"
[1] "Processing draws 8501 to 8600"
[1] "Chunk time = 2.00377203226089"
[1] "Processing draws 8601 to 8700"
[1] "Chunk time = 1.97360981702805"
[1] "Processing draws 8701 to 8800"
[1] "Chunk time = 2.14335647026698"
[1] "Processing draws 8801 to 8900"
[1] "Chunk time = 2.04327091773351"
[1] "Processing draws 8901 to 9000"
[1] "Chunk time = 2.0425075451533"
[1] "Processing draws 9001 to 9100"
[1] "Chunk time = 2.17699286540349"
[1] "Processing draws 9101 to 9200"
[1] "Chunk time = 2.05484743118286"
[1] "Processing draws 9201 to 9300"
[1] "Chunk time = 1.91660834948222"
[1] "Processing draws 9301 to 9400"
[1] "Chunk time = 2.18070318698883"
[1] "Processing draws 9401 to 9500"
[1] "Chunk time = 2.00301482280095"
[1] "Processing draws 9501 to 9600"
[1] "Chunk time = 2.0583278576533"
[1] "Processing draws 9601 to 9700"
[1] "Chunk time = 2.15831448237101"
[1] "Processing draws 9701 to 9800"
[1] "Chunk time = 2.02604268391927"
[1] "Processing draws 9801 to 9900"
[1] "Chunk time = 1.93450103998184"
[1] "Processing draws 9901 to 10000"
[1] "Chunk time = 2.15423044761022"
[1] "Processing draws 10001 to 10100"
[1] "Chunk time = 2.05253094832102"
[1] "Processing draws 10101 to 10200"
[1] "Chunk time = 2.02960779666901"
[1] "Processing draws 10201 to 10300"
[1] "Chunk time = 2.18276964823405"
[1] "Processing draws 10301 to 10400"
[1] "Chunk time = 2.03619960546494"
[1] "Processing draws 10401 to 10500"
[1] "Chunk time = 1.94789919455846"
[1] "Processing draws 10501 to 10600"
[1] "Chunk time = 2.17886818647385"
[1] "Processing draws 10601 to 10700"
[1] "Chunk time = 1.9996350367864"
[1] "Processing draws 10701 to 10800"
[1] "Chunk time = 2.03825290600459"
[1] "Processing draws 10801 to 10900"
[1] "Chunk time = 2.05676569143931"
[1] "Processing draws 10901 to 11000"
[1] "Chunk time = 2.03711005846659"
[1] "Processing draws 11001 to 11100"
[1] "Chunk time = 1.98627764781316"
[1] "Processing draws 11101 to 11200"
[1] "Chunk time = 2.04625720580419"
[1] "Processing draws 11201 to 11300"
[1] "Chunk time = 1.95870187282562"
[1] "Processing draws 11301 to 11400"
[1] "Chunk time = 2.0380625406901"
[1] "Processing draws 11401 to 11500"
[1] "Chunk time = 2.04720129569372"
[1] "Processing draws 11501 to 11600"
[1] "Chunk time = 2.03583702246348"
[1] "Processing draws 11601 to 11700"
[1] "Chunk time = 2.00956616004308"
[1] "Processing draws 11701 to 11800"
[1] "Chunk time = 2.16590470472972"
[1] "Processing draws 11801 to 11900"
[1] "Chunk time = 2.00446945428848"
[1] "Processing draws 11901 to 12000"
[1] "Chunk time = 2.0433515270551"
[1] "Processing draws 12001 to 12100"
[1] "Chunk time = 2.17360832691193"
[1] "Processing draws 12101 to 12200"
[1] "Chunk time = 2.03647671143214"
[1] "Processing draws 12201 to 12300"
[1] "Chunk time = 2.00131065050761"
[1] "Processing draws 12301 to 12400"
[1] "Chunk time = 2.18620504538218"
[1] "Processing draws 12401 to 12500"
[1] "Chunk time = 2.0581486026446"
[1] "Processing draws 12501 to 12600"
[1] "Chunk time = 2.04907455444336"
[1] "Processing draws 12601 to 12700"
[1] "Chunk time = 2.20385604302088"
[1] "Processing draws 12701 to 12800"
[1] "Chunk time = 2.03704682985942"
[1] "Processing draws 12801 to 12900"
[1] "Chunk time = 1.96434058745702"
[1] "Processing draws 12901 to 13000"
[1] "Chunk time = 2.191938773791"
[1] "Processing draws 13001 to 13100"
[1] "Chunk time = 2.0246551434199"
[1] "Processing draws 13101 to 13200"
[1] "Chunk time = 2.05293856064479"
[1] "Processing draws 13201 to 13300"
[1] "Chunk time = 2.16492197116216"
[1] "Processing draws 13301 to 13400"
[1] "Chunk time = 2.04614866574605"
[1] "Processing draws 13401 to 13500"
[1] "Chunk time = 2.04743157227834"
[1] "Processing draws 13501 to 13600"
[1] "Chunk time = 2.22642605304718"
[1] "Processing draws 13601 to 13700"
[1] "Chunk time = 2.03145323197047"
[1] "Processing draws 13701 to 13800"
[1] "Chunk time = 2.04973209698995"
[1] "Processing draws 13801 to 13900"
[1] "Chunk time = 2.21681585709254"
[1] "Processing draws 13901 to 14000"
[1] "Chunk time = 2.02852901617686"
[1] "Processing draws 14001 to 14100"
[1] "Chunk time = 1.92831896543503"
[1] "Processing draws 14101 to 14200"
[1] "Chunk time = 2.09669498602549"
[1] "Processing draws 14201 to 14300"
[1] "Chunk time = 1.97992493311564"
[1] "Processing draws 14301 to 14400"
[1] "Chunk time = 2.02751615444819"
[1] "Processing draws 14401 to 14500"
[1] "Chunk time = 2.13501436312993"
[1] "Processing draws 14501 to 14600"
[1] "Chunk time = 2.02257677316666"
[1] "Processing draws 14601 to 14700"
[1] "Chunk time = 1.9085414091746"
[1] "Processing draws 14701 to 14800"
[1] "Chunk time = 2.14387147426605"
[1] "Processing draws 14801 to 14900"
[1] "Chunk time = 1.97711769342422"
[1] "Processing draws 14901 to 15000"
[1] "Chunk time = 2.01605481306712"
[1] "Processing draws 15001 to 15100"
[1] "Chunk time = 2.17152088880539"
[1] "Processing draws 15101 to 15200"
[1] "Chunk time = 2.01410036881765"
[1] "Processing draws 15201 to 15300"
[1] "Chunk time = 1.96900831858317"
[1] "Processing draws 15301 to 15400"
[1] "Chunk time = 2.17959934870402"
[1] "Processing draws 15401 to 15500"
[1] "Chunk time = 1.99702919721603"
[1] "Processing draws 15501 to 15600"
[1] "Chunk time = 2.03056573073069"
[1] "Processing draws 15601 to 15700"
[1] "Chunk time = 2.09270383516947"
[1] "Processing draws 15701 to 15800"
[1] "Chunk time = 2.02835841576258"
[1] "Processing draws 15801 to 15900"
[1] "Chunk time = 1.99869216680527"
[1] "Processing draws 15901 to 16000"
[1] "Chunk time = 2.1572901169459"
[1] "Processing draws 16001 to 16100"
[1] "Chunk time = 2.01967991193136"
[1] "Processing draws 16101 to 16200"
[1] "Chunk time = 2.01218234697978"
[1] "Processing draws 16201 to 16300"
[1] "Chunk time = 2.08461330334345"
[1] "Processing draws 16301 to 16400"
[1] "Chunk time = 2.03102110624313"
[1] "Processing draws 16401 to 16500"
[1] "Chunk time = 1.96694313685099"
[1] "Processing draws 16501 to 16600"
[1] "Chunk time = 2.13563282887141"
[1] "Processing draws 16601 to 16700"
[1] "Chunk time = 1.98545051813126"
[1] "Processing draws 16701 to 16800"
[1] "Chunk time = 2.03684032360713"
[1] "Processing draws 16801 to 16900"
[1] "Chunk time = 2.16943121751149"
[1] "Processing draws 16901 to 17000"
[1] "Chunk time = 1.99112371206284"
[1] "Processing draws 17001 to 17100"
[1] "Chunk time = 2.01546077728271"
[1] "Processing draws 17101 to 17200"
[1] "Chunk time = 2.1852477033933"
[1] "Processing draws 17201 to 17300"
[1] "Chunk time = 1.99084821542104"
[1] "Processing draws 17301 to 17400"
[1] "Chunk time = 1.98451395432154"
[1] "Processing draws 17401 to 17500"
[1] "Chunk time = 2.15759503444036"
[1] "Processing draws 17501 to 17600"
[1] "Chunk time = 2.01618685722351"
[1] "Processing draws 17601 to 17700"
[1] "Chunk time = 1.94987129767736"
[1] "Processing draws 17701 to 17800"
[1] "Chunk time = 2.14962203105291"
[1] "Processing draws 17801 to 17900"
[1] "Chunk time = 2.00981064240138"
[1] "Processing draws 17901 to 18000"
[1] "Chunk time = 2.02614119052887"
[1] "Processing draws 18001 to 18100"
[1] "Chunk time = 2.13811249732971"
[1] "Processing draws 18101 to 18200"
[1] "Chunk time = 1.97609556118647"
[1] "Processing draws 18201 to 18300"
[1] "Chunk time = 1.9779202858607"
[1] "Processing draws 18301 to 18400"
[1] "Chunk time = 2.14237133661906"
[1] "Processing draws 18401 to 18500"
[1] "Chunk time = 1.97895474831263"
[1] "Processing draws 18501 to 18600"
[1] "Chunk time = 2.02049036026001"
[1] "Processing draws 18601 to 18700"
[1] "Chunk time = 2.15765209197998"
[1] "Processing draws 18701 to 18800"
[1] "Chunk time = 2.02661640246709"
[1] "Processing draws 18801 to 18900"
[1] "Chunk time = 1.97746351559957"
[1] "Processing draws 18901 to 19000"
[1] "Chunk time = 2.14426201184591"
[1] "Processing draws 19001 to 19100"
[1] "Chunk time = 1.97676159143448"
[1] "Processing draws 19101 to 19200"
[1] "Chunk time = 2.0195681810379"
[1] "Processing draws 19201 to 19300"
[1] "Chunk time = 2.14104475180308"
[1] "Processing draws 19301 to 19400"
[1] "Chunk time = 2.00789798100789"
[1] "Processing draws 19401 to 19500"
[1] "Chunk time = 1.93412050803502"
[1] "Processing draws 19501 to 19600"
[1] "Chunk time = 2.15149586995443"
[1] "Processing draws 19601 to 19700"
[1] "Chunk time = 1.97021109263102"
[1] "Processing draws 19701 to 19800"
[1] "Chunk time = 1.97847202221553"
[1] "Processing draws 19801 to 19900"
[1] "Chunk time = 2.13752522071203"
[1] "Processing draws 19901 to 20000"
[1] "Chunk time = 2.03335005442301"
[1] "done lapplying"
[1] "Saving current params"
[1] "Saving params to output.rds"
[1] TRUE
[1] "Time for modelling:"
[1] "2025-07-02 21:49:52 EDT"
[1] "Time for posterior computations:"
Time difference of 6.894507 hours
[1] "Total time:"
[1] "2025-07-03 04:43:32 EDT"
