[1] "Starting sampling."
Running MCMC with 4 parallel chains, with 4 thread(s) per chain...

Chain 1 Iteration:    1 / 6000 [  0%]  (Warmup) 
Chain 2 Iteration:    1 / 6000 [  0%]  (Warmup) 
Chain 3 Iteration:    1 / 6000 [  0%]  (Warmup) 
Chain 4 Iteration:    1 / 6000 [  0%]  (Warmup) 
Chain 4 Iteration:  100 / 6000 [  1%]  (Warmup) 
Chain 1 Iteration:  100 / 6000 [  1%]  (Warmup) 
Chain 2 Iteration:  100 / 6000 [  1%]  (Warmup) 
Chain 3 Iteration:  100 / 6000 [  1%]  (Warmup) 
Chain 4 Iteration:  200 / 6000 [  3%]  (Warmup) 
Chain 1 Iteration:  200 / 6000 [  3%]  (Warmup) 
Chain 2 Iteration:  200 / 6000 [  3%]  (Warmup) 
Chain 3 Iteration:  200 / 6000 [  3%]  (Warmup) 
Chain 4 Iteration:  300 / 6000 [  5%]  (Warmup) 
Chain 2 Iteration:  300 / 6000 [  5%]  (Warmup) 
Chain 1 Iteration:  300 / 6000 [  5%]  (Warmup) 
Chain 3 Iteration:  300 / 6000 [  5%]  (Warmup) 
Chain 4 Iteration:  400 / 6000 [  6%]  (Warmup) 
Chain 2 Iteration:  400 / 6000 [  6%]  (Warmup) 
Chain 1 Iteration:  400 / 6000 [  6%]  (Warmup) 
Chain 3 Iteration:  400 / 6000 [  6%]  (Warmup) 
Chain 4 Iteration:  500 / 6000 [  8%]  (Warmup) 
Chain 2 Iteration:  500 / 6000 [  8%]  (Warmup) 
Chain 1 Iteration:  500 / 6000 [  8%]  (Warmup) 
Chain 3 Iteration:  500 / 6000 [  8%]  (Warmup) 
Chain 4 Iteration:  600 / 6000 [ 10%]  (Warmup) 
Chain 1 Iteration:  600 / 6000 [ 10%]  (Warmup) 
Chain 2 Iteration:  600 / 6000 [ 10%]  (Warmup) 
Chain 3 Iteration:  600 / 6000 [ 10%]  (Warmup) 
Chain 4 Iteration:  700 / 6000 [ 11%]  (Warmup) 
Chain 1 Iteration:  700 / 6000 [ 11%]  (Warmup) 
Chain 2 Iteration:  700 / 6000 [ 11%]  (Warmup) 
Chain 3 Iteration:  700 / 6000 [ 11%]  (Warmup) 
Chain 4 Iteration:  800 / 6000 [ 13%]  (Warmup) 
Chain 1 Iteration:  800 / 6000 [ 13%]  (Warmup) 
Chain 2 Iteration:  800 / 6000 [ 13%]  (Warmup) 
Chain 3 Iteration:  800 / 6000 [ 13%]  (Warmup) 
Chain 4 Iteration:  900 / 6000 [ 15%]  (Warmup) 
Chain 1 Iteration:  900 / 6000 [ 15%]  (Warmup) 
Chain 2 Iteration:  900 / 6000 [ 15%]  (Warmup) 
Chain 3 Iteration:  900 / 6000 [ 15%]  (Warmup) 
Chain 1 Iteration: 1000 / 6000 [ 16%]  (Warmup) 
Chain 1 Iteration: 1001 / 6000 [ 16%]  (Sampling) 
Chain 4 Iteration: 1000 / 6000 [ 16%]  (Warmup) 
Chain 4 Iteration: 1001 / 6000 [ 16%]  (Sampling) 
Chain 2 Iteration: 1000 / 6000 [ 16%]  (Warmup) 
Chain 2 Iteration: 1001 / 6000 [ 16%]  (Sampling) 
Chain 3 Iteration: 1000 / 6000 [ 16%]  (Warmup) 
Chain 3 Iteration: 1001 / 6000 [ 16%]  (Sampling) 
Chain 1 Iteration: 1100 / 6000 [ 18%]  (Sampling) 
Chain 4 Iteration: 1100 / 6000 [ 18%]  (Sampling) 
Chain 2 Iteration: 1100 / 6000 [ 18%]  (Sampling) 
Chain 3 Iteration: 1100 / 6000 [ 18%]  (Sampling) 
Chain 1 Iteration: 1200 / 6000 [ 20%]  (Sampling) 
Chain 4 Iteration: 1200 / 6000 [ 20%]  (Sampling) 
Chain 2 Iteration: 1200 / 6000 [ 20%]  (Sampling) 
Chain 3 Iteration: 1200 / 6000 [ 20%]  (Sampling) 
Chain 1 Iteration: 1300 / 6000 [ 21%]  (Sampling) 
Chain 4 Iteration: 1300 / 6000 [ 21%]  (Sampling) 
Chain 2 Iteration: 1300 / 6000 [ 21%]  (Sampling) 
Chain 3 Iteration: 1300 / 6000 [ 21%]  (Sampling) 
Chain 1 Iteration: 1400 / 6000 [ 23%]  (Sampling) 
Chain 4 Iteration: 1400 / 6000 [ 23%]  (Sampling) 
Chain 2 Iteration: 1400 / 6000 [ 23%]  (Sampling) 
Chain 3 Iteration: 1400 / 6000 [ 23%]  (Sampling) 
Chain 1 Iteration: 1500 / 6000 [ 25%]  (Sampling) 
Chain 4 Iteration: 1500 / 6000 [ 25%]  (Sampling) 
Chain 2 Iteration: 1500 / 6000 [ 25%]  (Sampling) 
Chain 3 Iteration: 1500 / 6000 [ 25%]  (Sampling) 
Chain 1 Iteration: 1600 / 6000 [ 26%]  (Sampling) 
Chain 4 Iteration: 1600 / 6000 [ 26%]  (Sampling) 
Chain 2 Iteration: 1600 / 6000 [ 26%]  (Sampling) 
Chain 3 Iteration: 1600 / 6000 [ 26%]  (Sampling) 
Chain 1 Iteration: 1700 / 6000 [ 28%]  (Sampling) 
Chain 4 Iteration: 1700 / 6000 [ 28%]  (Sampling) 
Chain 2 Iteration: 1700 / 6000 [ 28%]  (Sampling) 
Chain 3 Iteration: 1700 / 6000 [ 28%]  (Sampling) 
Chain 1 Iteration: 1800 / 6000 [ 30%]  (Sampling) 
Chain 4 Iteration: 1800 / 6000 [ 30%]  (Sampling) 
Chain 2 Iteration: 1800 / 6000 [ 30%]  (Sampling) 
Chain 3 Iteration: 1800 / 6000 [ 30%]  (Sampling) 
Chain 1 Iteration: 1900 / 6000 [ 31%]  (Sampling) 
Chain 4 Iteration: 1900 / 6000 [ 31%]  (Sampling) 
Chain 2 Iteration: 1900 / 6000 [ 31%]  (Sampling) 
Chain 3 Iteration: 1900 / 6000 [ 31%]  (Sampling) 
Chain 1 Iteration: 2000 / 6000 [ 33%]  (Sampling) 
Chain 4 Iteration: 2000 / 6000 [ 33%]  (Sampling) 
Chain 2 Iteration: 2000 / 6000 [ 33%]  (Sampling) 
Chain 3 Iteration: 2000 / 6000 [ 33%]  (Sampling) 
Chain 1 Iteration: 2100 / 6000 [ 35%]  (Sampling) 
Chain 4 Iteration: 2100 / 6000 [ 35%]  (Sampling) 
Chain 2 Iteration: 2100 / 6000 [ 35%]  (Sampling) 
Chain 3 Iteration: 2100 / 6000 [ 35%]  (Sampling) 
Chain 1 Iteration: 2200 / 6000 [ 36%]  (Sampling) 
Chain 4 Iteration: 2200 / 6000 [ 36%]  (Sampling) 
Chain 2 Iteration: 2200 / 6000 [ 36%]  (Sampling) 
Chain 3 Iteration: 2200 / 6000 [ 36%]  (Sampling) 
Chain 1 Iteration: 2300 / 6000 [ 38%]  (Sampling) 
Chain 4 Iteration: 2300 / 6000 [ 38%]  (Sampling) 
Chain 2 Iteration: 2300 / 6000 [ 38%]  (Sampling) 
Chain 3 Iteration: 2300 / 6000 [ 38%]  (Sampling) 
Chain 1 Iteration: 2400 / 6000 [ 40%]  (Sampling) 
Chain 4 Iteration: 2400 / 6000 [ 40%]  (Sampling) 
Chain 2 Iteration: 2400 / 6000 [ 40%]  (Sampling) 
Chain 3 Iteration: 2400 / 6000 [ 40%]  (Sampling) 
Chain 1 Iteration: 2500 / 6000 [ 41%]  (Sampling) 
Chain 4 Iteration: 2500 / 6000 [ 41%]  (Sampling) 
Chain 2 Iteration: 2500 / 6000 [ 41%]  (Sampling) 
Chain 3 Iteration: 2500 / 6000 [ 41%]  (Sampling) 
Chain 1 Iteration: 2600 / 6000 [ 43%]  (Sampling) 
Chain 4 Iteration: 2600 / 6000 [ 43%]  (Sampling) 
Chain 2 Iteration: 2600 / 6000 [ 43%]  (Sampling) 
Chain 3 Iteration: 2600 / 6000 [ 43%]  (Sampling) 
Chain 1 Iteration: 2700 / 6000 [ 45%]  (Sampling) 
Chain 4 Iteration: 2700 / 6000 [ 45%]  (Sampling) 
Chain 2 Iteration: 2700 / 6000 [ 45%]  (Sampling) 
Chain 3 Iteration: 2700 / 6000 [ 45%]  (Sampling) 
Chain 1 Iteration: 2800 / 6000 [ 46%]  (Sampling) 
Chain 2 Iteration: 2800 / 6000 [ 46%]  (Sampling) 
Chain 4 Iteration: 2800 / 6000 [ 46%]  (Sampling) 
Chain 3 Iteration: 2800 / 6000 [ 46%]  (Sampling) 
Chain 1 Iteration: 2900 / 6000 [ 48%]  (Sampling) 
Chain 2 Iteration: 2900 / 6000 [ 48%]  (Sampling) 
Chain 4 Iteration: 2900 / 6000 [ 48%]  (Sampling) 
Chain 3 Iteration: 2900 / 6000 [ 48%]  (Sampling) 
Chain 1 Iteration: 3000 / 6000 [ 50%]  (Sampling) 
Chain 2 Iteration: 3000 / 6000 [ 50%]  (Sampling) 
Chain 4 Iteration: 3000 / 6000 [ 50%]  (Sampling) 
Chain 3 Iteration: 3000 / 6000 [ 50%]  (Sampling) 
Chain 1 Iteration: 3100 / 6000 [ 51%]  (Sampling) 
Chain 2 Iteration: 3100 / 6000 [ 51%]  (Sampling) 
Chain 4 Iteration: 3100 / 6000 [ 51%]  (Sampling) 
Chain 3 Iteration: 3100 / 6000 [ 51%]  (Sampling) 
Chain 1 Iteration: 3200 / 6000 [ 53%]  (Sampling) 
Chain 2 Iteration: 3200 / 6000 [ 53%]  (Sampling) 
Chain 4 Iteration: 3200 / 6000 [ 53%]  (Sampling) 
Chain 3 Iteration: 3200 / 6000 [ 53%]  (Sampling) 
Chain 1 Iteration: 3300 / 6000 [ 55%]  (Sampling) 
Chain 2 Iteration: 3300 / 6000 [ 55%]  (Sampling) 
Chain 4 Iteration: 3300 / 6000 [ 55%]  (Sampling) 
Chain 3 Iteration: 3300 / 6000 [ 55%]  (Sampling) 
Chain 1 Iteration: 3400 / 6000 [ 56%]  (Sampling) 
Chain 2 Iteration: 3400 / 6000 [ 56%]  (Sampling) 
Chain 4 Iteration: 3400 / 6000 [ 56%]  (Sampling) 
Chain 3 Iteration: 3400 / 6000 [ 56%]  (Sampling) 
Chain 1 Iteration: 3500 / 6000 [ 58%]  (Sampling) 
Chain 2 Iteration: 3500 / 6000 [ 58%]  (Sampling) 
Chain 4 Iteration: 3500 / 6000 [ 58%]  (Sampling) 
Chain 3 Iteration: 3500 / 6000 [ 58%]  (Sampling) 
Chain 1 Iteration: 3600 / 6000 [ 60%]  (Sampling) 
Chain 2 Iteration: 3600 / 6000 [ 60%]  (Sampling) 
Chain 4 Iteration: 3600 / 6000 [ 60%]  (Sampling) 
Chain 3 Iteration: 3600 / 6000 [ 60%]  (Sampling) 
Chain 1 Iteration: 3700 / 6000 [ 61%]  (Sampling) 
Chain 2 Iteration: 3700 / 6000 [ 61%]  (Sampling) 
Chain 4 Iteration: 3700 / 6000 [ 61%]  (Sampling) 
Chain 3 Iteration: 3700 / 6000 [ 61%]  (Sampling) 
Chain 1 Iteration: 3800 / 6000 [ 63%]  (Sampling) 
Chain 2 Iteration: 3800 / 6000 [ 63%]  (Sampling) 
Chain 4 Iteration: 3800 / 6000 [ 63%]  (Sampling) 
Chain 3 Iteration: 3800 / 6000 [ 63%]  (Sampling) 
Chain 1 Iteration: 3900 / 6000 [ 65%]  (Sampling) 
Chain 2 Iteration: 3900 / 6000 [ 65%]  (Sampling) 
Chain 4 Iteration: 3900 / 6000 [ 65%]  (Sampling) 
Chain 3 Iteration: 3900 / 6000 [ 65%]  (Sampling) 
Chain 1 Iteration: 4000 / 6000 [ 66%]  (Sampling) 
Chain 2 Iteration: 4000 / 6000 [ 66%]  (Sampling) 
Chain 4 Iteration: 4000 / 6000 [ 66%]  (Sampling) 
Chain 3 Iteration: 4000 / 6000 [ 66%]  (Sampling) 
Chain 1 Iteration: 4100 / 6000 [ 68%]  (Sampling) 
Chain 2 Iteration: 4100 / 6000 [ 68%]  (Sampling) 
Chain 4 Iteration: 4100 / 6000 [ 68%]  (Sampling) 
Chain 3 Iteration: 4100 / 6000 [ 68%]  (Sampling) 
Chain 1 Iteration: 4200 / 6000 [ 70%]  (Sampling) 
Chain 2 Iteration: 4200 / 6000 [ 70%]  (Sampling) 
Chain 4 Iteration: 4200 / 6000 [ 70%]  (Sampling) 
Chain 3 Iteration: 4200 / 6000 [ 70%]  (Sampling) 
Chain 2 Iteration: 4300 / 6000 [ 71%]  (Sampling) 
Chain 1 Iteration: 4300 / 6000 [ 71%]  (Sampling) 
Chain 4 Iteration: 4300 / 6000 [ 71%]  (Sampling) 
Chain 3 Iteration: 4300 / 6000 [ 71%]  (Sampling) 
Chain 2 Iteration: 4400 / 6000 [ 73%]  (Sampling) 
Chain 1 Iteration: 4400 / 6000 [ 73%]  (Sampling) 
Chain 4 Iteration: 4400 / 6000 [ 73%]  (Sampling) 
Chain 3 Iteration: 4400 / 6000 [ 73%]  (Sampling) 
Chain 2 Iteration: 4500 / 6000 [ 75%]  (Sampling) 
Chain 1 Iteration: 4500 / 6000 [ 75%]  (Sampling) 
Chain 4 Iteration: 4500 / 6000 [ 75%]  (Sampling) 
Chain 3 Iteration: 4500 / 6000 [ 75%]  (Sampling) 
Chain 2 Iteration: 4600 / 6000 [ 76%]  (Sampling) 
Chain 1 Iteration: 4600 / 6000 [ 76%]  (Sampling) 
Chain 4 Iteration: 4600 / 6000 [ 76%]  (Sampling) 
Chain 3 Iteration: 4600 / 6000 [ 76%]  (Sampling) 
Chain 2 Iteration: 4700 / 6000 [ 78%]  (Sampling) 
Chain 1 Iteration: 4700 / 6000 [ 78%]  (Sampling) 
Chain 4 Iteration: 4700 / 6000 [ 78%]  (Sampling) 
Chain 3 Iteration: 4700 / 6000 [ 78%]  (Sampling) 
Chain 2 Iteration: 4800 / 6000 [ 80%]  (Sampling) 
Chain 1 Iteration: 4800 / 6000 [ 80%]  (Sampling) 
Chain 4 Iteration: 4800 / 6000 [ 80%]  (Sampling) 
Chain 3 Iteration: 4800 / 6000 [ 80%]  (Sampling) 
Chain 2 Iteration: 4900 / 6000 [ 81%]  (Sampling) 
Chain 1 Iteration: 4900 / 6000 [ 81%]  (Sampling) 
Chain 4 Iteration: 4900 / 6000 [ 81%]  (Sampling) 
Chain 3 Iteration: 4900 / 6000 [ 81%]  (Sampling) 
Chain 2 Iteration: 5000 / 6000 [ 83%]  (Sampling) 
Chain 1 Iteration: 5000 / 6000 [ 83%]  (Sampling) 
Chain 4 Iteration: 5000 / 6000 [ 83%]  (Sampling) 
Chain 3 Iteration: 5000 / 6000 [ 83%]  (Sampling) 
Chain 2 Iteration: 5100 / 6000 [ 85%]  (Sampling) 
Chain 1 Iteration: 5100 / 6000 [ 85%]  (Sampling) 
Chain 4 Iteration: 5100 / 6000 [ 85%]  (Sampling) 
Chain 3 Iteration: 5100 / 6000 [ 85%]  (Sampling) 
Chain 2 Iteration: 5200 / 6000 [ 86%]  (Sampling) 
Chain 1 Iteration: 5200 / 6000 [ 86%]  (Sampling) 
Chain 4 Iteration: 5200 / 6000 [ 86%]  (Sampling) 
Chain 3 Iteration: 5200 / 6000 [ 86%]  (Sampling) 
Chain 2 Iteration: 5300 / 6000 [ 88%]  (Sampling) 
Chain 1 Iteration: 5300 / 6000 [ 88%]  (Sampling) 
Chain 4 Iteration: 5300 / 6000 [ 88%]  (Sampling) 
Chain 3 Iteration: 5300 / 6000 [ 88%]  (Sampling) 
Chain 2 Iteration: 5400 / 6000 [ 90%]  (Sampling) 
Chain 1 Iteration: 5400 / 6000 [ 90%]  (Sampling) 
Chain 4 Iteration: 5400 / 6000 [ 90%]  (Sampling) 
Chain 3 Iteration: 5400 / 6000 [ 90%]  (Sampling) 
Chain 2 Iteration: 5500 / 6000 [ 91%]  (Sampling) 
Chain 1 Iteration: 5500 / 6000 [ 91%]  (Sampling) 
Chain 4 Iteration: 5500 / 6000 [ 91%]  (Sampling) 
Chain 3 Iteration: 5500 / 6000 [ 91%]  (Sampling) 
Chain 2 Iteration: 5600 / 6000 [ 93%]  (Sampling) 
Chain 1 Iteration: 5600 / 6000 [ 93%]  (Sampling) 
Chain 4 Iteration: 5600 / 6000 [ 93%]  (Sampling) 
Chain 3 Iteration: 5600 / 6000 [ 93%]  (Sampling) 
Chain 2 Iteration: 5700 / 6000 [ 95%]  (Sampling) 
Chain 1 Iteration: 5700 / 6000 [ 95%]  (Sampling) 
Chain 4 Iteration: 5700 / 6000 [ 95%]  (Sampling) 
Chain 3 Iteration: 5700 / 6000 [ 95%]  (Sampling) 
Chain 2 Iteration: 5800 / 6000 [ 96%]  (Sampling) 
Chain 1 Iteration: 5800 / 6000 [ 96%]  (Sampling) 
Chain 4 Iteration: 5800 / 6000 [ 96%]  (Sampling) 
Chain 3 Iteration: 5800 / 6000 [ 96%]  (Sampling) 
Chain 2 Iteration: 5900 / 6000 [ 98%]  (Sampling) 
Chain 1 Iteration: 5900 / 6000 [ 98%]  (Sampling) 
Chain 4 Iteration: 5900 / 6000 [ 98%]  (Sampling) 
Chain 3 Iteration: 5900 / 6000 [ 98%]  (Sampling) 
Chain 2 Iteration: 6000 / 6000 [100%]  (Sampling) 
Chain 2 finished in 1697.2 seconds.
Chain 1 Iteration: 6000 / 6000 [100%]  (Sampling) 
Chain 1 finished in 1703.0 seconds.
Chain 4 Iteration: 6000 / 6000 [100%]  (Sampling) 
Chain 4 finished in 1703.4 seconds.
Chain 3 Iteration: 6000 / 6000 [100%]  (Sampling) 
Chain 3 finished in 1708.5 seconds.

All 4 chains finished successfully.
Mean chain execution time: 1703.0 seconds.
Total execution time: 1708.9 seconds.

[1] "Processing draws 1 to 100"
[1] "Chunk time = 59.8434197902679"
[1] "Processing draws 101 to 200"
[1] "Chunk time = 20.4902710914612"
[1] "Processing draws 201 to 300"
[1] "Chunk time = 19.9985129833221"
[1] "Processing draws 301 to 400"
[1] "Chunk time = 19.424152135849"
[1] "Processing draws 401 to 500"
[1] "Chunk time = 19.5884830951691"
[1] "Processing draws 501 to 600"
[1] "Chunk time = 19.5532176494598"
[1] "Processing draws 601 to 700"
[1] "Chunk time = 18.8360848426819"
[1] "Processing draws 701 to 800"
[1] "Chunk time = 20.0602214336395"
[1] "Processing draws 801 to 900"
[1] "Chunk time = 19.2943408489227"
[1] "Processing draws 901 to 1000"
[1] "Chunk time = 18.7832908630371"
[1] "Processing draws 1001 to 1100"
[1] "Chunk time = 18.9490630626678"
[1] "Processing draws 1101 to 1200"
[1] "Chunk time = 19.0252060890198"
[1] "Processing draws 1201 to 1300"
[1] "Chunk time = 19.5224497318268"
[1] "Processing draws 1301 to 1400"
[1] "Chunk time = 18.8286845684052"
[1] "Processing draws 1401 to 1500"
[1] "Chunk time = 19.2202146053314"
[1] "Processing draws 1501 to 1600"
[1] "Chunk time = 18.9482126235962"
[1] "Processing draws 1601 to 1700"
[1] "Chunk time = 18.3280234336853"
[1] "Processing draws 1701 to 1800"
[1] "Chunk time = 18.3597073554993"
[1] "Processing draws 1801 to 1900"
[1] "Chunk time = 18.754506111145"
[1] "Processing draws 1901 to 2000"
[1] "Chunk time = 18.1122097969055"
[1] "Processing draws 2001 to 2100"
[1] "Chunk time = 18.4468591213226"
[1] "Processing draws 2101 to 2200"
[1] "Chunk time = 18.4239616394043"
[1] "Processing draws 2201 to 2300"
[1] "Chunk time = 18.076468706131"
[1] "Processing draws 2301 to 2400"
[1] "Chunk time = 18.4132649898529"
[1] "Processing draws 2401 to 2500"
[1] "Chunk time = 18.3461942672729"
[1] "Processing draws 2501 to 2600"
[1] "Chunk time = 18.2018492221832"
[1] "Processing draws 2601 to 2700"
[1] "Chunk time = 18.3115048408508"
[1] "Processing draws 2701 to 2800"
[1] "Chunk time = 17.9074211120605"
[1] "Processing draws 2801 to 2900"
[1] "Chunk time = 18.3994064331055"
[1] "Processing draws 2901 to 3000"
[1] "Chunk time = 18.29425740242"
[1] "Processing draws 3001 to 3100"
[1] "Chunk time = 17.8741221427917"
[1] "Processing draws 3101 to 3200"
[1] "Chunk time = 18.2106223106384"
[1] "Processing draws 3201 to 3300"
[1] "Chunk time = 18.3693013191223"
[1] "Processing draws 3301 to 3400"
[1] "Chunk time = 18.2110862731934"
[1] "Processing draws 3401 to 3500"
[1] "Chunk time = 18.0882647037506"
[1] "Processing draws 3501 to 3600"
[1] "Chunk time = 18.0889184474945"
[1] "Processing draws 3601 to 3700"
[1] "Chunk time = 17.973911523819"
[1] "Processing draws 3701 to 3800"
[1] "Chunk time = 17.928204536438"
[1] "Processing draws 3801 to 3900"
[1] "Chunk time = 17.7601568698883"
[1] "Processing draws 3901 to 4000"
[1] "Chunk time = 17.962317943573"
[1] "Processing draws 4001 to 4100"
[1] "Chunk time = 18.1098110675812"
[1] "Processing draws 4101 to 4200"
[1] "Chunk time = 17.7369587421417"
[1] "Processing draws 4201 to 4300"
[1] "Chunk time = 18.1792619228363"
[1] "Processing draws 4301 to 4400"
[1] "Chunk time = 17.8736429214478"
[1] "Processing draws 4401 to 4500"
[1] "Chunk time = 18.2394568920135"
[1] "Processing draws 4501 to 4600"
[1] "Chunk time = 18.0945761203766"
[1] "Processing draws 4601 to 4700"
[1] "Chunk time = 17.8647449016571"
[1] "Processing draws 4701 to 4800"
[1] "Chunk time = 17.8168647289276"
[1] "Processing draws 4801 to 4900"
[1] "Chunk time = 18.1957404613495"
[1] "Processing draws 4901 to 5000"
[1] "Chunk time = 17.900886297226"
[1] "Processing draws 5001 to 5100"
[1] "Chunk time = 18.2161304950714"
[1] "Processing draws 5101 to 5200"
[1] "Chunk time = 18.1234934329987"
[1] "Processing draws 5201 to 5300"
[1] "Chunk time = 18.3608298301697"
[1] "Processing draws 5301 to 5400"
[1] "Chunk time = 17.9609146118164"
[1] "Processing draws 5401 to 5500"
[1] "Chunk time = 17.9596333503723"
[1] "Processing draws 5501 to 5600"
[1] "Chunk time = 18.0419037342072"
[1] "Processing draws 5601 to 5700"
[1] "Chunk time = 18.0846962928772"
[1] "Processing draws 5701 to 5800"
[1] "Chunk time = 18.1190695762634"
[1] "Processing draws 5801 to 5900"
[1] "Chunk time = 17.9697742462158"
[1] "Processing draws 5901 to 6000"
[1] "Chunk time = 17.9968929290771"
[1] "Processing draws 6001 to 6100"
[1] "Chunk time = 18.2643308639526"
[1] "Processing draws 6101 to 6200"
[1] "Chunk time = 17.9739556312561"
[1] "Processing draws 6201 to 6300"
[1] "Chunk time = 17.8442399501801"
[1] "Processing draws 6301 to 6400"
[1] "Chunk time = 18.1584002971649"
[1] "Processing draws 6401 to 6500"
[1] "Chunk time = 18.0087375640869"
[1] "Processing draws 6501 to 6600"
[1] "Chunk time = 17.9814987182617"
[1] "Processing draws 6601 to 6700"
[1] "Chunk time = 18.2641372680664"
[1] "Processing draws 6701 to 6800"
[1] "Chunk time = 18.1478123664856"
[1] "Processing draws 6801 to 6900"
[1] "Chunk time = 18.2989094257355"
[1] "Processing draws 6901 to 7000"
[1] "Chunk time = 18.2237939834595"
[1] "Processing draws 7001 to 7100"
[1] "Chunk time = 18.2584655284882"
[1] "Processing draws 7101 to 7200"
[1] "Chunk time = 17.9397873878479"
[1] "Processing draws 7201 to 7300"
[1] "Chunk time = 18.4363570213318"
[1] "Processing draws 7301 to 7400"
[1] "Chunk time = 18.0770890712738"
[1] "Processing draws 7401 to 7500"
[1] "Chunk time = 18.1273586750031"
[1] "Processing draws 7501 to 7600"
[1] "Chunk time = 17.9651725292206"
[1] "Processing draws 7601 to 7700"
[1] "Chunk time = 18.1573667526245"
[1] "Processing draws 7701 to 7800"
[1] "Chunk time = 18.1041140556335"
[1] "Processing draws 7801 to 7900"
[1] "Chunk time = 17.9800872802734"
[1] "Processing draws 7901 to 8000"
[1] "Chunk time = 17.9026355743408"
[1] "Processing draws 8001 to 8100"
[1] "Chunk time = 18.0156795978546"
[1] "Processing draws 8101 to 8200"
[1] "Chunk time = 17.964989900589"
[1] "Processing draws 8201 to 8300"
[1] "Chunk time = 18.1450378894806"
[1] "Processing draws 8301 to 8400"
[1] "Chunk time = 17.9473521709442"
[1] "Processing draws 8401 to 8500"
[1] "Chunk time = 17.902420759201"
[1] "Processing draws 8501 to 8600"
[1] "Chunk time = 18.1440253257751"
[1] "Processing draws 8601 to 8700"
[1] "Chunk time = 17.8279876708984"
[1] "Processing draws 8701 to 8800"
[1] "Chunk time = 18.0452291965485"
[1] "Processing draws 8801 to 8900"
[1] "Chunk time = 18.4822070598602"
[1] "Processing draws 8901 to 9000"
[1] "Chunk time = 18.3039472103119"
[1] "Processing draws 9001 to 9100"
[1] "Chunk time = 18.625458240509"
[1] "Processing draws 9101 to 9200"
[1] "Chunk time = 18.3176670074463"
[1] "Processing draws 9201 to 9300"
[1] "Chunk time = 18.7241659164429"
[1] "Processing draws 9301 to 9400"
[1] "Chunk time = 18.7441432476044"
[1] "Processing draws 9401 to 9500"
[1] "Chunk time = 18.5378818511963"
[1] "Processing draws 9501 to 9600"
[1] "Chunk time = 18.2397491931915"
[1] "Processing draws 9601 to 9700"
[1] "Chunk time = 18.5670936107635"
[1] "Processing draws 9701 to 9800"
[1] "Chunk time = 18.3700444698334"
[1] "Processing draws 9801 to 9900"
[1] "Chunk time = 18.782021522522"
[1] "Processing draws 9901 to 10000"
[1] "Chunk time = 18.3952851295471"
[1] "Processing draws 10001 to 10100"
[1] "Chunk time = 18.6217451095581"
[1] "Processing draws 10101 to 10200"
[1] "Chunk time = 18.5161874294281"
[1] "Processing draws 10201 to 10300"
[1] "Chunk time = 18.4121570587158"
[1] "Processing draws 10301 to 10400"
[1] "Chunk time = 18.4730274677277"
[1] "Processing draws 10401 to 10500"
[1] "Chunk time = 18.6648631095886"
[1] "Processing draws 10501 to 10600"
[1] "Chunk time = 18.653874874115"
[1] "Processing draws 10601 to 10700"
[1] "Chunk time = 18.6266684532166"
[1] "Processing draws 10701 to 10800"
[1] "Chunk time = 18.8353235721588"
[1] "Processing draws 10801 to 10900"
[1] "Chunk time = 18.8299314975739"
[1] "Processing draws 10901 to 11000"
[1] "Chunk time = 18.8435702323914"
[1] "Processing draws 11001 to 11100"
[1] "Chunk time = 18.4712514877319"
[1] "Processing draws 11101 to 11200"
[1] "Chunk time = 18.6171615123749"
[1] "Processing draws 11201 to 11300"
[1] "Chunk time = 18.7283110618591"
[1] "Processing draws 11301 to 11400"
[1] "Chunk time = 18.4332826137543"
[1] "Processing draws 11401 to 11500"
[1] "Chunk time = 19.0366089344025"
[1] "Processing draws 11501 to 11600"
[1] "Chunk time = 18.986070394516"
[1] "Processing draws 11601 to 11700"
[1] "Chunk time = 18.8714156150818"
[1] "Processing draws 11701 to 11800"
[1] "Chunk time = 18.9046277999878"
[1] "Processing draws 11801 to 11900"
[1] "Chunk time = 18.6936876773834"
[1] "Processing draws 11901 to 12000"
[1] "Chunk time = 18.8407409191132"
[1] "Processing draws 12001 to 12100"
[1] "Chunk time = 18.7572631835938"
[1] "Processing draws 12101 to 12200"
[1] "Chunk time = 18.6336443424225"
[1] "Processing draws 12201 to 12300"
[1] "Chunk time = 18.8314847946167"
[1] "Processing draws 12301 to 12400"
[1] "Chunk time = 18.3864858150482"
[1] "Processing draws 12401 to 12500"
[1] "Chunk time = 18.6147902011871"
[1] "Processing draws 12501 to 12600"
[1] "Chunk time = 18.4277482032776"
[1] "Processing draws 12601 to 12700"
[1] "Chunk time = 18.3003854751587"
[1] "Processing draws 12701 to 12800"
[1] "Chunk time = 18.5318522453308"
[1] "Processing draws 12801 to 12900"
[1] "Chunk time = 18.6731767654419"
[1] "Processing draws 12901 to 13000"
[1] "Chunk time = 18.6209633350372"
[1] "Processing draws 13001 to 13100"
[1] "Chunk time = 18.6105763912201"
[1] "Processing draws 13101 to 13200"
[1] "Chunk time = 18.6719660758972"
[1] "Processing draws 13201 to 13300"
[1] "Chunk time = 18.3993787765503"
[1] "Processing draws 13301 to 13400"
[1] "Chunk time = 18.5344161987305"
[1] "Processing draws 13401 to 13500"
[1] "Chunk time = 18.4362089633942"
[1] "Processing draws 13501 to 13600"
[1] "Chunk time = 18.7980868816376"
[1] "Processing draws 13601 to 13700"
[1] "Chunk time = 18.3691370487213"
[1] "Processing draws 13701 to 13800"
[1] "Chunk time = 18.2909376621246"
[1] "Processing draws 13801 to 13900"
[1] "Chunk time = 18.6620988845825"
[1] "Processing draws 13901 to 14000"
[1] "Chunk time = 18.341194152832"
[1] "Processing draws 14001 to 14100"
[1] "Chunk time = 18.6112334728241"
[1] "Processing draws 14101 to 14200"
[1] "Chunk time = 18.7690367698669"
[1] "Processing draws 14201 to 14300"
[1] "Chunk time = 18.8171720504761"
[1] "Processing draws 14301 to 14400"
[1] "Chunk time = 18.6517598628998"
[1] "Processing draws 14401 to 14500"
[1] "Chunk time = 18.7082643508911"
[1] "Processing draws 14501 to 14600"
[1] "Chunk time = 18.6887803077698"
[1] "Processing draws 14601 to 14700"
[1] "Chunk time = 18.8687582015991"
[1] "Processing draws 14701 to 14800"
[1] "Chunk time = 18.662055015564"
[1] "Processing draws 14801 to 14900"
[1] "Chunk time = 18.9400050640106"
[1] "Processing draws 14901 to 15000"
[1] "Chunk time = 18.7328426837921"
[1] "Processing draws 15001 to 15100"
[1] "Chunk time = 18.4735870361328"
[1] "Processing draws 15101 to 15200"
[1] "Chunk time = 18.5008227825165"
[1] "Processing draws 15201 to 15300"
[1] "Chunk time = 18.7574532032013"
[1] "Processing draws 15301 to 15400"
[1] "Chunk time = 18.7326607704163"
[1] "Processing draws 15401 to 15500"
[1] "Chunk time = 18.3833286762238"
[1] "Processing draws 15501 to 15600"
[1] "Chunk time = 18.662611246109"
[1] "Processing draws 15601 to 15700"
[1] "Chunk time = 18.6504361629486"
[1] "Processing draws 15701 to 15800"
[1] "Chunk time = 18.8803219795227"
[1] "Processing draws 15801 to 15900"
[1] "Chunk time = 18.5828878879547"
[1] "Processing draws 15901 to 16000"
[1] "Chunk time = 18.7051737308502"
[1] "Processing draws 16001 to 16100"
[1] "Chunk time = 18.8453042507172"
[1] "Processing draws 16101 to 16200"
[1] "Chunk time = 18.3942608833313"
[1] "Processing draws 16201 to 16300"
[1] "Chunk time = 18.9127855300903"
[1] "Processing draws 16301 to 16400"
[1] "Chunk time = 18.4220728874207"
[1] "Processing draws 16401 to 16500"
[1] "Chunk time = 18.8093054294586"
[1] "Processing draws 16501 to 16600"
[1] "Chunk time = 18.5858511924744"
[1] "Processing draws 16601 to 16700"
[1] "Chunk time = 18.4714541435242"
[1] "Processing draws 16701 to 16800"
[1] "Chunk time = 18.1667394638062"
[1] "Processing draws 16801 to 16900"
[1] "Chunk time = 18.2796392440796"
[1] "Processing draws 16901 to 17000"
[1] "Chunk time = 18.0157375335693"
[1] "Processing draws 17001 to 17100"
[1] "Chunk time = 18.1422724723816"
[1] "Processing draws 17101 to 17200"
[1] "Chunk time = 18.0594658851624"
[1] "Processing draws 17201 to 17300"
[1] "Chunk time = 18.1213281154633"
[1] "Processing draws 17301 to 17400"
[1] "Chunk time = 18.0506966114044"
[1] "Processing draws 17401 to 17500"
[1] "Chunk time = 17.7770645618439"
[1] "Processing draws 17501 to 17600"
[1] "Chunk time = 17.9209570884705"
[1] "Processing draws 17601 to 17700"
[1] "Chunk time = 17.6987881660461"
[1] "Processing draws 17701 to 17800"
[1] "Chunk time = 17.7307729721069"
[1] "Processing draws 17801 to 17900"
[1] "Chunk time = 17.9004383087158"
[1] "Processing draws 17901 to 18000"
[1] "Chunk time = 17.7008192539215"
[1] "Processing draws 18001 to 18100"
[1] "Chunk time = 18.2479176521301"
[1] "Processing draws 18101 to 18200"
[1] "Chunk time = 17.8928701877594"
[1] "Processing draws 18201 to 18300"
[1] "Chunk time = 18.1001336574554"
[1] "Processing draws 18301 to 18400"
[1] "Chunk time = 18.7929029464722"
[1] "Processing draws 18401 to 18500"
[1] "Chunk time = 18.1045725345612"
[1] "Processing draws 18501 to 18600"
[1] "Chunk time = 17.939845085144"
[1] "Processing draws 18601 to 18700"
[1] "Chunk time = 18.127641916275"
[1] "Processing draws 18701 to 18800"
[1] "Chunk time = 18.189817905426"
[1] "Processing draws 18801 to 18900"
[1] "Chunk time = 18.1802566051483"
[1] "Processing draws 18901 to 19000"
[1] "Chunk time = 18.8394982814789"
[1] "Processing draws 19001 to 19100"
[1] "Chunk time = 18.2385609149933"
[1] "Processing draws 19101 to 19200"
[1] "Chunk time = 17.7563443183899"
[1] "Processing draws 19201 to 19300"
[1] "Chunk time = 17.9500524997711"
[1] "Processing draws 19301 to 19400"
[1] "Chunk time = 17.6901643276215"
[1] "Processing draws 19401 to 19500"
[1] "Chunk time = 17.9760990142822"
[1] "Processing draws 19501 to 19600"
[1] "Chunk time = 17.607709646225"
[1] "Processing draws 19601 to 19700"
[1] "Chunk time = 18.0179150104523"
[1] "Processing draws 19701 to 19800"
[1] "Chunk time = 18.0753471851349"
[1] "Processing draws 19801 to 19900"
[1] "Chunk time = 17.7800605297089"
[1] "Processing draws 19901 to 20000"
[1] "Chunk time = 17.7961122989655"
[1] "done lapplying"
[1] "Saving current params"
[1] "Saving params to output.rds"
[1] TRUE
