
TRANSLATING MODEL '' FROM Stan CODE TO C++ CODE NOW.

CHECKING DATA AND PREPROCESSING FOR MODEL 'anon_model' NOW.

COMPILING MODEL 'anon_model' NOW.

STARTING SAMPLER FOR MODEL 'anon_model' NOW.

CHECKING DATA AND PREPROCESSING FOR MODEL 'anon_model' NOW.

COMPILING MODEL 'anon_model' NOW.

STARTING SAMPLER FOR MODEL 'anon_model' NOW.

CHECKING DATA AND PREPROCESSING FOR MODEL 'anon_model' NOW.

COMPILING MODEL 'anon_model' NOW.

STARTING SAMPLER FOR MODEL 'anon_model' NOW.

CHECKING DATA AND PREPROCESSING FOR MODEL 'anon_model' NOW.

COMPILING MODEL 'anon_model' NOW.

STARTING SAMPLER FOR MODEL 'anon_model' NOW.

SAMPLING FOR MODEL 'anon_model' NOW (CHAIN 1).

CHECKING DATA AND PREPROCESSING FOR MODEL 'anon_model' NOW.

COMPILING MODEL 'anon_model' NOW.

STARTING SAMPLER FOR MODEL 'anon_model' NOW.

SAMPLING FOR MODEL 'anon_model' NOW (CHAIN 2).

SAMPLING FOR MODEL 'anon_model' NOW (CHAIN 3).

SAMPLING FOR MODEL 'anon_model' NOW (CHAIN 4).
Chain 2: 
Chain 2: Gradient evaluation took 0.040588 seconds
Chain 2: 1000 transitions using 10 leapfrog steps per transition would take 405.88 seconds.
Chain 2: Adjust your expectations accordingly!
Chain 2: 
Chain 2: 
Chain 3: 
Chain 3: Gradient evaluation took 0.042794 seconds
Chain 3: 1000 transitions using 10 leapfrog steps per transition would take 427.94 seconds.
Chain 3: Adjust your expectations accordingly!Chain 
1Chain : 3
: Chain 
1Chain : 3Gradient evaluation took 0.042879 secondsChain 
: 4Chain 
: 1
: Chain 1000 transitions using 10 leapfrog steps per transition would take 428.79 seconds.4
: Chain Gradient evaluation took 0.038396 seconds1
: Chain Adjust your expectations accordingly!4
: Chain 1000 transitions using 10 leapfrog steps per transition would take 383.96 seconds.1
: Chain 
4Chain : 1Adjust your expectations accordingly!: 

Chain 4: 
Chain 4: 
Chain 2: Iteration:    1 / 10000 [  0%]  (Warmup)
Chain 4: Iteration:    1 / 10000 [  0%]  (Warmup)
Chain 1: Iteration:    1 / 10000 [  0%]  (Warmup)
Chain 3: Iteration:    1 / 10000 [  0%]  (Warmup)
Chain 2: Iteration: 1000 / 10000 [ 10%]  (Warmup)
Chain 2: Iteration: 1001 / 10000 [ 10%]  (Sampling)
Chain 3: Iteration: 1000 / 10000 [ 10%]  (Warmup)
Chain 3: Iteration: 1001 / 10000 [ 10%]  (Sampling)
Chain 4: Iteration: 1000 / 10000 [ 10%]  (Warmup)
Chain 4: Iteration: 1001 / 10000 [ 10%]  (Sampling)
Chain 1: Iteration: 1000 / 10000 [ 10%]  (Warmup)
Chain 1: Iteration: 1001 / 10000 [ 10%]  (Sampling)
Chain 1: Iteration: 2000 / 10000 [ 20%]  (Sampling)
Chain 3: Iteration: 2000 / 10000 [ 20%]  (Sampling)
Chain 2: Iteration: 2000 / 10000 [ 20%]  (Sampling)
Chain 4: Iteration: 2000 / 10000 [ 20%]  (Sampling)
Chain 1: Iteration: 3000 / 10000 [ 30%]  (Sampling)
Chain 1: Iteration: 4000 / 10000 [ 40%]  (Sampling)
Chain 3: Iteration: 3000 / 10000 [ 30%]  (Sampling)
Chain 2: Iteration: 3000 / 10000 [ 30%]  (Sampling)
Chain 4: Iteration: 3000 / 10000 [ 30%]  (Sampling)
Chain 1: Iteration: 5000 / 10000 [ 50%]  (Sampling)
Chain 1: Iteration: 6000 / 10000 [ 60%]  (Sampling)
Chain 3: Iteration: 4000 / 10000 [ 40%]  (Sampling)
Chain 4: Iteration: 4000 / 10000 [ 40%]  (Sampling)
Chain 2: Iteration: 4000 / 10000 [ 40%]  (Sampling)
Chain 1: Iteration: 7000 / 10000 [ 70%]  (Sampling)
Chain 1: Iteration: 8000 / 10000 [ 80%]  (Sampling)
Chain 3: Iteration: 5000 / 10000 [ 50%]  (Sampling)
Chain 4: Iteration: 5000 / 10000 [ 50%]  (Sampling)
Chain 2: Iteration: 5000 / 10000 [ 50%]  (Sampling)
Chain 1: Iteration: 9000 / 10000 [ 90%]  (Sampling)
Chain 1: Iteration: 10000 / 10000 [100%]  (Sampling)
Chain 1: 
Chain 1:  Elapsed Time: 3149.36 seconds (Warm-up)
Chain 1:                13867.9 seconds (Sampling)
Chain 1:                17017.2 seconds (Total)
Chain 1: 
Chain 3: Iteration: 6000 / 10000 [ 60%]  (Sampling)
Chain 4: Iteration: 6000 / 10000 [ 60%]  (Sampling)
Chain 2: Iteration: 6000 / 10000 [ 60%]  (Sampling)
Chain 3: Iteration: 7000 / 10000 [ 70%]  (Sampling)
Chain 4: Iteration: 7000 / 10000 [ 70%]  (Sampling)
Chain 2: Iteration: 7000 / 10000 [ 70%]  (Sampling)
Chain 3: Iteration: 8000 / 10000 [ 80%]  (Sampling)
Chain 4: Iteration: 8000 / 10000 [ 80%]  (Sampling)
Chain 2: Iteration: 8000 / 10000 [ 80%]  (Sampling)
Chain 3: Iteration: 9000 / 10000 [ 90%]  (Sampling)
Chain 4: Iteration: 9000 / 10000 [ 90%]  (Sampling)
Chain 2: Iteration: 9000 / 10000 [ 90%]  (Sampling)
