
TRANSLATING MODEL '' FROM Stan CODE TO C++ CODE NOW.
OS: x86_64, linux-gnu; rstan: 2.32.7; Rcpp: 1.0.14; inline: 0.3.21 
 >> setting environment variables: 
PKG_LIBS =  '/home/melanson/R/x86_64-pc-linux-gnu-library/4.3/rstan/lib//libStanServices.a' -L'/home/melanson/R/x86_64-pc-linux-gnu-library/4.3/StanHeaders/lib/' -lStanHeaders -L'/home/melanson/R/x86_64-pc-linux-gnu-library/4.3/RcppParallel/lib/' -ltbb 
PKG_CPPFLAGS =   -I"/home/melanson/R/x86_64-pc-linux-gnu-library/4.3/Rcpp/include/"  -I"/home/melanson/R/x86_64-pc-linux-gnu-library/4.3/RcppEigen/include/"  -I"/home/melanson/R/x86_64-pc-linux-gnu-library/4.3/RcppEigen/include/unsupported"  -I"/home/melanson/R/x86_64-pc-linux-gnu-library/4.3/BH/include" -I"/home/melanson/R/x86_64-pc-linux-gnu-library/4.3/StanHeaders/include/src/"  -I"/home/melanson/R/x86_64-pc-linux-gnu-library/4.3/StanHeaders/include/"  -I"/home/melanson/R/x86_64-pc-linux-gnu-library/4.3/RcppParallel/include/"  -I"/home/melanson/R/x86_64-pc-linux-gnu-library/4.3/rstan/include" -DEIGEN_NO_DEBUG  -DBOOST_DISABLE_ASSERTS  -DBOOST_PENDING_INTEGER_LOG2_HPP  -DSTAN_THREADS  -DUSE_STANC3 -DSTRICT_R_HEADERS  -DBOOST_PHOENIX_NO_VARIADIC_EXPRESSION  -D_HAS_AUTO_PTR_ETC=0  -include '/home/melanson/R/x86_64-pc-linux-gnu-library/4.3/StanHeaders/include/stan/math/prim/fun/Eigen.hpp'  -D_REENTRANT -DRCPP_PARALLEL_USE_TBB=1 
 >> Program source :

   1 : 
   2 : // includes from the plugin
   3 : // [[Rcpp::plugins(cpp14)]]
   4 : 
   5 : 
   6 : // user includes
   7 : #include <Rcpp.h>
   8 : using namespace Rcpp;
   9 : #ifndef MODELS_HPP
  10 : #define MODELS_HPP
  11 : #define STAN__SERVICES__COMMAND_HPP
  12 : #include <rstan/rstaninc.hpp>
  13 : #ifndef USE_STANC3
  14 : #define USE_STANC3
  15 : #endif
  16 : // Code generated by stanc v2.32.2
  17 : #include <stan/model/model_header.hpp>
  18 : namespace model2681de3aca6f1e__namespace {
  19 : using stan::model::model_base_crtp;
  20 : using namespace stan::math;
  21 : stan::math::profile_map profiles__;
  22 : static constexpr std::array<const char*, 78> locations_array__ =
  23 :   {" (found before start of program)",
  24 :   " (in 'anon_model', line 17, column 0 to column 18)",
  25 :   " (in 'anon_model', line 18, column 0 to column 20)",
  26 :   " (in 'anon_model', line 19, column 0 to column 18)",
  27 :   " (in 'anon_model', line 20, column 0 to column 11)",
  28 :   " (in 'anon_model', line 21, column 0 to column 8)",
  29 :   " (in 'anon_model', line 22, column 0 to column 14)",
  30 :   " (in 'anon_model', line 23, column 0 to column 15)",
  31 :   " (in 'anon_model', line 24, column 0 to column 62)",
  32 :   " (in 'anon_model', line 27, column 2 to column 37)",
  33 :   " (in 'anon_model', line 28, column 2 to column 41)",
  34 :   " (in 'anon_model', line 29, column 2 to column 41)",
  35 :   " (in 'anon_model', line 30, column 2 to column 39)",
  36 :   " (in 'anon_model', line 58, column 2 to column 24)",
  37 :   " (in 'anon_model', line 60, column 2 to column 33)",
  38 :   " (in 'anon_model', line 64, column 11 to column 12)",
  39 :   " (in 'anon_model', line 64, column 13 to column 14)",
  40 :   " (in 'anon_model', line 64, column 4 to column 20)",
  41 :   " (in 'anon_model', line 65, column 11 to column 12)",
  42 :   " (in 'anon_model', line 65, column 13 to column 14)",
  43 :   " (in 'anon_model', line 65, column 4 to column 23)",
  44 :   " (in 'anon_model', line 66, column 11 to column 12)",
  45 :   " (in 'anon_model', line 66, column 4 to column 16)",
  46 :   " (in 'anon_model', line 67, column 4 to column 23)",
  47 :   " (in 'anon_model', line 72, column 8 to column 92)",
  48 :   " (in 'anon_model', line 73, column 8 to column 99)",
  49 :   " (in 'anon_model', line 71, column 19 to line 74, column 7)",
  50 :   " (in 'anon_model', line 71, column 6 to line 74, column 7)",
  51 :   " (in 'anon_model', line 70, column 17 to line 75, column 5)",
  52 :   " (in 'anon_model', line 70, column 4 to line 75, column 5)",
  53 :   " (in 'anon_model', line 79, column 6 to column 34)",
  54 :   " (in 'anon_model', line 78, column 18 to line 80, column 5)",
  55 :   " (in 'anon_model', line 78, column 4 to line 80, column 5)",
  56 :   " (in 'anon_model', line 85, column 6 to column 78)",
  57 :   " (in 'anon_model', line 84, column 18 to line 86, column 5)",
  58 :   " (in 'anon_model', line 84, column 4 to line 86, column 5)",
  59 :   " (in 'anon_model', line 63, column 2 to line 87, column 3)",
  60 :   " (in 'anon_model', line 37, column 7 to column 8)",
  61 :   " (in 'anon_model', line 37, column 9 to column 10)",
  62 :   " (in 'anon_model', line 37, column 0 to column 16)",
  63 :   " (in 'anon_model', line 38, column 7 to column 8)",
  64 :   " (in 'anon_model', line 38, column 9 to column 10)",
  65 :   " (in 'anon_model', line 38, column 0 to column 19)",
  66 :   " (in 'anon_model', line 40, column 0 to column 27)",
  67 :   " (in 'anon_model', line 41, column 0 to column 25)",
  68 :   " (in 'anon_model', line 42, column 0 to column 45)",
  69 :   " (in 'anon_model', line 43, column 0 to column 24)",
  70 :   " (in 'anon_model', line 44, column 0 to column 27)",
  71 :   " (in 'anon_model', line 46, column 0 to column 19)",
  72 :   " (in 'anon_model', line 47, column 0 to column 20)",
  73 :   " (in 'anon_model', line 51, column 4 to column 88)",
  74 :   " (in 'anon_model', line 52, column 4 to column 95)",
  75 :   " (in 'anon_model', line 53, column 4 to column 40)",
  76 :   " (in 'anon_model', line 50, column 15 to line 54, column 3)",
  77 :   " (in 'anon_model', line 50, column 2 to line 54, column 3)",
  78 :   " (in 'anon_model', line 49, column 13 to line 55, column 1)",
  79 :   " (in 'anon_model', line 49, column 0 to line 55, column 1)",
  80 :   " (in 'anon_model', line 4, column 0 to column 15)",
  81 :   " (in 'anon_model', line 5, column 0 to column 15)",
  82 :   " (in 'anon_model', line 6, column 7 to column 8)",
  83 :   " (in 'anon_model', line 6, column 0 to column 18)",
  84 :   " (in 'anon_model', line 7, column 6 to column 7)",
  85 :   " (in 'anon_model', line 7, column 9 to column 10)",
  86 :   " (in 'anon_model', line 7, column 0 to column 12)",
  87 :   " (in 'anon_model', line 8, column 0 to column 16)",
  88 :   " (in 'anon_model', line 9, column 0 to column 16)",
  89 :   " (in 'anon_model', line 10, column 7 to column 8)",
  90 :   " (in 'anon_model', line 10, column 0 to column 17)",
  91 :   " (in 'anon_model', line 11, column 0 to column 22)",
  92 :   " (in 'anon_model', line 12, column 0 to column 22)",
  93 :   " (in 'anon_model', line 13, column 0 to column 25)",
  94 :   " (in 'anon_model', line 14, column 0 to column 25)",
  95 :   " (in 'anon_model', line 22, column 7 to column 8)",
  96 :   " (in 'anon_model', line 23, column 7 to column 8)",
  97 :   " (in 'anon_model', line 24, column 7 to column 8)",
  98 :   " (in 'anon_model', line 29, column 9 to column 10)",
  99 :   " (in 'anon_model', line 30, column 9 to column 10)",
 100 :   " (in 'anon_model', line 58, column 9 to column 10)"};
 101 : class model2681de3aca6f1e_ final : public model_base_crtp<model2681de3aca6f1e_> {
 102 : private:
 103 :   int C;
 104 :   int K;
 105 :   Eigen::Matrix<double,-1,-1> trap_data__;
 106 :   std::vector<std::vector<int>> y;
 107 :   double lowerbound;
 108 :   double upperbound;
 109 :   Eigen::Matrix<double,-1,1> floral_data__;
 110 :   double priorVa;
 111 :   double priorCo;
 112 :   double rho_center;
 113 :   double rho_sd_log;
 114 :   Eigen::Map<Eigen::Matrix<double,-1,-1>> trap{nullptr, 0, 0};
 115 :   Eigen::Map<Eigen::Matrix<double,-1,1>> floral{nullptr, 0};
 116 : public:
 117 :   ~model2681de3aca6f1e_() {}
 118 :   model2681de3aca6f1e_(stan::io::var_context& context__, unsigned int
 119 :                        random_seed__ = 0, std::ostream* pstream__ = nullptr)
 120 :       : model_base_crtp(0) {
 121 :     int current_statement__ = 0;
 122 :     using local_scalar_t__ = double;
 123 :     boost::ecuyer1988 base_rng__ =
 124 :       stan::services::util::create_rng(random_seed__, 0);
 125 :     // suppress unused var warning
 126 :     (void) base_rng__;
 127 :     static constexpr const char* function__ =
 128 :       "model2681de3aca6f1e__namespace::model2681de3aca6f1e_";
 129 :     // suppress unused var warning
 130 :     (void) function__;
 131 :     local_scalar_t__ DUMMY_VAR__(std::numeric_limits<double>::quiet_NaN());
 132 :     // suppress unused var warning
 133 :     (void) DUMMY_VAR__;
 134 :     try {
 135 :       int pos__ = std::numeric_limits<int>::min();
 136 :       pos__ = 1;
 137 :       current_statement__ = 57;
 138 :       context__.validate_dims("data initialization", "C", "int",
 139 :         std::vector<size_t>{});
 140 :       C = std::numeric_limits<int>::min();
 141 :       current_statement__ = 57;
 142 :       C = context__.vals_i("C")[(1 - 1)];
 143 :       current_statement__ = 57;
 144 :       stan::math::check_greater_or_equal(function__, "C", C, 1);
 145 :       current_statement__ = 58;
 146 :       context__.validate_dims("data initialization", "K", "int",
 147 :         std::vector<size_t>{});
 148 :       K = std::numeric_limits<int>::min();
 149 :       current_statement__ = 58;
 150 :       K = context__.vals_i("K")[(1 - 1)];
 151 :       current_statement__ = 58;
 152 :       stan::math::check_greater_or_equal(function__, "K", K, 1);
 153 :       current_statement__ = 59;
 154 :       stan::math::validate_non_negative_index("trap", "K", K);
 155 :       current_statement__ = 60;
 156 :       context__.validate_dims("data initialization", "trap", "double",
 157 :         std::vector<size_t>{static_cast<size_t>(K), static_cast<size_t>(2)});
 158 :       trap_data__ = Eigen::Matrix<double,-1,-1>::Constant(K, 2,
 159 :                       std::numeric_limits<double>::quiet_NaN());
 160 :       new (&trap) Eigen::Map<Eigen::Matrix<double,-1,-1>>(trap_data__.data(),
 161 :         K, 2);
 162 :       {
 163 :         std::vector<local_scalar_t__> trap_flat__;
 164 :         current_statement__ = 60;
 165 :         trap_flat__ = context__.vals_r("trap");
 166 :         current_statement__ = 60;
 167 :         pos__ = 1;
 168 :         current_statement__ = 60;
 169 :         for (int sym1__ = 1; sym1__ <= 2; ++sym1__) {
 170 :           current_statement__ = 60;
 171 :           for (int sym2__ = 1; sym2__ <= K; ++sym2__) {
 172 :             current_statement__ = 60;
 173 :             stan::model::assign(trap, trap_flat__[(pos__ - 1)],
 174 :               "assigning variable trap", stan::model::index_uni(sym2__),
 175 :               stan::model::index_uni(sym1__));
 176 :             current_statement__ = 60;
 177 :             pos__ = (pos__ + 1);
 178 :           }
 179 :         }
 180 :       }
 181 :       current_statement__ = 61;
 182 :       stan::math::validate_non_negative_index("y", "C", C);
 183 :       current_statement__ = 62;
 184 :       stan::math::validate_non_negative_index("y", "K", K);
 185 :       current_statement__ = 63;
 186 :       context__.validate_dims("data initialization", "y", "int",
 187 :         std::vector<size_t>{static_cast<size_t>(C), static_cast<size_t>(K)});
 188 :       y = std::vector<std::vector<int>>(C,
 189 :             std::vector<int>(K, std::numeric_limits<int>::min()));
 190 :       {
 191 :         std::vector<int> y_flat__;
 192 :         current_statement__ = 63;
 193 :         y_flat__ = context__.vals_i("y");
 194 :         current_statement__ = 63;
 195 :         pos__ = 1;
 196 :         current_statement__ = 63;
 197 :         for (int sym1__ = 1; sym1__ <= K; ++sym1__) {
 198 :           current_statement__ = 63;
 199 :           for (int sym2__ = 1; sym2__ <= C; ++sym2__) {
 200 :             current_statement__ = 63;
 201 :             stan::model::assign(y, y_flat__[(pos__ - 1)],
 202 :               "assigning variable y", stan::model::index_uni(sym2__),
 203 :               stan::model::index_uni(sym1__));
 204 :             current_statement__ = 63;
 205 :             pos__ = (pos__ + 1);
 206 :           }
 207 :         }
 208 :       }
 209 :       current_statement__ = 64;
 210 :       context__.validate_dims("data initialization", "lowerbound", "double",
 211 :         std::vector<size_t>{});
 212 :       lowerbound = std::numeric_limits<double>::quiet_NaN();
 213 :       current_statement__ = 64;
 214 :       lowerbound = context__.vals_r("lowerbound")[(1 - 1)];
 215 :       current_statement__ = 65;
 216 :       context__.validate_dims("data initialization", "upperbound", "double",
 217 :         std::vector<size_t>{});
 218 :       upperbound = std::numeric_limits<double>::quiet_NaN();
 219 :       current_statement__ = 65;
 220 :       upperbound = context__.vals_r("upperbound")[(1 - 1)];
 221 :       current_statement__ = 66;
 222 :       stan::math::validate_non_negative_index("floral", "K", K);
 223 :       current_statement__ = 67;
 224 :       context__.validate_dims("data initialization", "floral", "double",
 225 :         std::vector<size_t>{static_cast<size_t>(K)});
 226 :       floral_data__ = Eigen::Matrix<double,-1,1>::Constant(K,
 227 :                         std::numeric_limits<double>::quiet_NaN());
 228 :       new (&floral)
 229 :         Eigen::Map<Eigen::Matrix<double,-1,1>>(floral_data__.data(), K);
 230 :       {
 231 :         std::vector<local_scalar_t__> floral_flat__;
 232 :         current_statement__ = 67;
 233 :         floral_flat__ = context__.vals_r("floral");
 234 :         current_statement__ = 67;
 235 :         pos__ = 1;
 236 :         current_statement__ = 67;
 237 :         for (int sym1__ = 1; sym1__ <= K; ++sym1__) {
 238 :           current_statement__ = 67;
 239 :           stan::model::assign(floral, floral_flat__[(pos__ - 1)],
 240 :             "assigning variable floral", stan::model::index_uni(sym1__));
 241 :           current_statement__ = 67;
 242 :           pos__ = (pos__ + 1);
 243 :         }
 244 :       }
 245 :       current_statement__ = 68;
 246 :       context__.validate_dims("data initialization", "priorVa", "double",
 247 :         std::vector<size_t>{});
 248 :       priorVa = std::numeric_limits<double>::quiet_NaN();
 249 :       current_statement__ = 68;
 250 :       priorVa = context__.vals_r("priorVa")[(1 - 1)];
 251 :       current_statement__ = 68;
 252 :       stan::math::check_greater_or_equal(function__, "priorVa", priorVa, 0);
 253 :       current_statement__ = 69;
 254 :       context__.validate_dims("data initialization", "priorCo", "double",
 255 :         std::vector<size_t>{});
 256 :       priorCo = std::numeric_limits<double>::quiet_NaN();
 257 :       current_statement__ = 69;
 258 :       priorCo = context__.vals_r("priorCo")[(1 - 1)];
 259 :       current_statement__ = 69;
 260 :       stan::math::check_greater_or_equal(function__, "priorCo", priorCo, 0);
 261 :       current_statement__ = 70;
 262 :       context__.validate_dims("data initialization", "rho_center", "double",
 263 :         std::vector<size_t>{});
 264 :       rho_center = std::numeric_limits<double>::quiet_NaN();
 265 :       current_statement__ = 70;
 266 :       rho_center = context__.vals_r("rho_center")[(1 - 1)];
 267 :       current_statement__ = 70;
 268 :       stan::math::check_greater_or_equal(function__, "rho_center",
 269 :         rho_center, 0);
 270 :       current_statement__ = 71;
 271 :       context__.validate_dims("data initialization", "rho_sd_log", "double",
 272 :         std::vector<size_t>{});
 273 :       rho_sd_log = std::numeric_limits<double>::quiet_NaN();
 274 :       current_statement__ = 71;
 275 :       rho_sd_log = context__.vals_r("rho_sd_log")[(1 - 1)];
 276 :       current_statement__ = 71;
 277 :       stan::math::check_greater_or_equal(function__, "rho_sd_log",
 278 :         rho_sd_log, 0);
 279 :       current_statement__ = 72;
 280 :       stan::math::validate_non_negative_index("eps", "K", K);
 281 :       current_statement__ = 73;
 282 :       stan::math::validate_non_negative_index("zeta", "C", C);
 283 :       current_statement__ = 74;
 284 :       stan::math::validate_non_negative_index("delta", "C", C);
 285 :       current_statement__ = 75;
 286 :       stan::math::validate_non_negative_index("zeta_scale", "C", C);
 287 :       current_statement__ = 76;
 288 :       stan::math::validate_non_negative_index("eps_scale", "K", K);
 289 :       current_statement__ = 77;
 290 :       stan::math::validate_non_negative_index("colony_dist", "C", C);
 291 :     } catch (const std::exception& e) {
 292 :       stan::lang::rethrow_located(e, locations_array__[current_statement__]);
 293 :     }
 294 :     num_params_r__ = 1 + 1 + 1 + 1 + 1 + K + C + (C * 2);
 295 :   }
 296 :   inline std::string model_name() const final {
 297 :     return "model2681de3aca6f1e_";
 298 :   }
 299 :   inline std::vector<std::string> model_compile_info() const noexcept {
 300 :     return std::vector<std::string>{"stanc_version = stanc3 v2.32.2",
 301 :              "stancflags = --"};
 302 :   }
 303 :   template <bool propto__, bool jacobian__, typename VecR, typename VecI,
 304 :             stan::require_vector_like_t<VecR>* = nullptr,
 305 :             stan::require_vector_like_vt<std::is_integral, VecI>* = nullptr>
 306 :   inline stan::scalar_type_t<VecR>
 307 :   log_prob_impl(VecR& params_r__, VecI& params_i__, std::ostream*
 308 :                 pstream__ = nullptr) const {
 309 :     using T__ = stan::scalar_type_t<VecR>;
 310 :     using local_scalar_t__ = T__;
 311 :     T__ lp__(0.0);
 312 :     stan::math::accumulator<T__> lp_accum__;
 313 :     stan::io::deserializer<local_scalar_t__> in__(params_r__, params_i__);
 314 :     int current_statement__ = 0;
 315 :     local_scalar_t__ DUMMY_VAR__(std::numeric_limits<double>::quiet_NaN());
 316 :     // suppress unused var warning
 317 :     (void) DUMMY_VAR__;
 318 :     static constexpr const char* function__ =
 319 :       "model2681de3aca6f1e__namespace::log_prob";
 320 :     // suppress unused var warning
 321 :     (void) function__;
 322 :     try {
 323 :       local_scalar_t__ rho = DUMMY_VAR__;
 324 :       current_statement__ = 1;
 325 :       rho = in__.template read_constrain_lb<local_scalar_t__, jacobian__>(0,
 326 :               lp__);
 327 :       local_scalar_t__ sigma = DUMMY_VAR__;
 328 :       current_statement__ = 2;
 329 :       sigma = in__.template read_constrain_lb<local_scalar_t__,
 330 :                 jacobian__>(0, lp__);
 331 :       local_scalar_t__ tau = DUMMY_VAR__;
 332 :       current_statement__ = 3;
 333 :       tau = in__.template read_constrain_lb<local_scalar_t__, jacobian__>(0,
 334 :               lp__);
 335 :       local_scalar_t__ theta = DUMMY_VAR__;
 336 :       current_statement__ = 4;
 337 :       theta = in__.template read<local_scalar_t__>();
 338 :       local_scalar_t__ mu = DUMMY_VAR__;
 339 :       current_statement__ = 5;
 340 :       mu = in__.template read<local_scalar_t__>();
 341 :       Eigen::Matrix<local_scalar_t__,-1,1> eps =
 342 :         Eigen::Matrix<local_scalar_t__,-1,1>::Constant(K, DUMMY_VAR__);
 343 :       current_statement__ = 6;
 344 :       eps = in__.template read<Eigen::Matrix<local_scalar_t__,-1,1>>(K);
 345 :       Eigen::Matrix<local_scalar_t__,-1,1> zeta =
 346 :         Eigen::Matrix<local_scalar_t__,-1,1>::Constant(C, DUMMY_VAR__);
 347 :       current_statement__ = 7;
 348 :       zeta = in__.template read<Eigen::Matrix<local_scalar_t__,-1,1>>(C);
 349 :       std::vector<Eigen::Matrix<local_scalar_t__,-1,1>> delta =
 350 :         std::vector<Eigen::Matrix<local_scalar_t__,-1,1>>(C,
 351 :           Eigen::Matrix<local_scalar_t__,-1,1>::Constant(2, DUMMY_VAR__));
 352 :       current_statement__ = 8;
 353 :       delta = in__.template read_constrain_lub<
 354 :                 std::vector<Eigen::Matrix<local_scalar_t__,-1,1>>,
 355 :                 jacobian__>(lowerbound, upperbound, lp__, C, 2);
 356 :       local_scalar_t__ tau_sqrt = DUMMY_VAR__;
 357 :       current_statement__ = 9;
 358 :       tau_sqrt = stan::math::sqrt(tau);
 359 :       local_scalar_t__ sigma_sqrt = DUMMY_VAR__;
 360 :       current_statement__ = 10;
 361 :       sigma_sqrt = stan::math::sqrt(sigma);
 362 :       Eigen::Matrix<local_scalar_t__,-1,1> zeta_scale =
 363 :         Eigen::Matrix<local_scalar_t__,-1,1>::Constant(C, DUMMY_VAR__);
 364 :       current_statement__ = 11;
 365 :       stan::model::assign(zeta_scale, stan::math::multiply(zeta, tau_sqrt),
 366 :         "assigning variable zeta_scale");
 367 :       Eigen::Matrix<local_scalar_t__,-1,1> eps_scale =
 368 :         Eigen::Matrix<local_scalar_t__,-1,1>::Constant(K, DUMMY_VAR__);
 369 :       current_statement__ = 12;
 370 :       stan::model::assign(eps_scale, stan::math::multiply(eps, sigma_sqrt),
 371 :         "assigning variable eps_scale");
 372 :       current_statement__ = 9;
 373 :       stan::math::check_greater_or_equal(function__, "tau_sqrt", tau_sqrt, 0);
 374 :       current_statement__ = 10;
 375 :       stan::math::check_greater_or_equal(function__, "sigma_sqrt",
 376 :         sigma_sqrt, 0);
 377 :       {
 378 :         current_statement__ = 37;
 379 :         stan::math::validate_non_negative_index("dis", "C", C);
 380 :         current_statement__ = 38;
 381 :         stan::math::validate_non_negative_index("dis", "K", K);
 382 :         Eigen::Matrix<local_scalar_t__,-1,-1> dis =
 383 :           Eigen::Matrix<local_scalar_t__,-1,-1>::Constant(C, K, DUMMY_VAR__);
 384 :         current_statement__ = 40;
 385 :         stan::math::validate_non_negative_index("lambda", "C", C);
 386 :         current_statement__ = 41;
 387 :         stan::math::validate_non_negative_index("lambda", "K", K);
 388 :         Eigen::Matrix<local_scalar_t__,-1,-1> lambda =
 389 :           Eigen::Matrix<local_scalar_t__,-1,-1>::Constant(C, K, DUMMY_VAR__);
 390 :         current_statement__ = 43;
 391 :         lp_accum__.add(stan::math::normal_lpdf<propto__>(sigma, 0, priorVa));
 392 :         current_statement__ = 44;
 393 :         lp_accum__.add(stan::math::normal_lpdf<propto__>(tau, 0, priorVa));
 394 :         current_statement__ = 45;
 395 :         lp_accum__.add(stan::math::lognormal_lpdf<propto__>(rho,
 396 :                          stan::math::log(rho_center), rho_sd_log));
 397 :         current_statement__ = 46;
 398 :         lp_accum__.add(stan::math::normal_lpdf<propto__>(mu, 0, priorCo));
 399 :         current_statement__ = 47;
 400 :         lp_accum__.add(stan::math::normal_lpdf<propto__>(theta, 0, priorCo));
 401 :         current_statement__ = 48;
 402 :         lp_accum__.add(stan::math::normal_lpdf<propto__>(eps, 0, 1));
 403 :         current_statement__ = 49;
 404 :         lp_accum__.add(stan::math::normal_lpdf<propto__>(zeta, 0, 1));
 405 :         current_statement__ = 56;
 406 :         for (int k = 1; k <= K; ++k) {
 407 :           current_statement__ = 54;
 408 :           for (int i = 1; i <= C; ++i) {
 409 :             current_statement__ = 50;
 410 :             stan::model::assign(dis,
 411 :               stan::math::sqrt(
 412 :                 (stan::math::square(
 413 :                    (stan::model::rvalue(delta, "delta",
 414 :                       stan::model::index_uni(i), stan::model::index_uni(1)) -
 415 :                    stan::model::rvalue(trap, "trap",
 416 :                      stan::model::index_uni(k), stan::model::index_uni(1))))
 417 :                 +
 418 :                 stan::math::square(
 419 :                   (stan::model::rvalue(delta, "delta",
 420 :                      stan::model::index_uni(i), stan::model::index_uni(2)) -
 421 :                   stan::model::rvalue(trap, "trap",
 422 :                     stan::model::index_uni(k), stan::model::index_uni(2)))))),
 423 :               "assigning variable dis", stan::model::index_uni(i),
 424 :               stan::model::index_uni(k));
 425 :             current_statement__ = 51;
 426 :             stan::model::assign(lambda, (((((-0.5 *
 427 :               stan::math::pow(
 428 :                 (stan::model::rvalue(dis, "dis", stan::model::index_uni(i),
 429 :                    stan::model::index_uni(k)) / rho), 2)) + (theta *
 430 :               stan::model::rvalue(floral, "floral", stan::model::index_uni(k))))
 431 :               + mu) +
 432 :               stan::model::rvalue(zeta_scale, "zeta_scale",
 433 :                 stan::model::index_uni(i))) +
 434 :               stan::model::rvalue(eps_scale, "eps_scale",
 435 :                 stan::model::index_uni(k))), "assigning variable lambda",
 436 :               stan::model::index_uni(i), stan::model::index_uni(k));
 437 :             current_statement__ = 52;
 438 :             lp_accum__.add(stan::math::poisson_log_lpmf<propto__>(
 439 :                              stan::model::rvalue(y, "y",
 440 :                                stan::model::index_uni(i),
 441 :                                stan::model::index_uni(k)),
 442 :                              stan::model::rvalue(lambda, "lambda",
 443 :                                stan::model::index_uni(i),
 444 :                                stan::model::index_uni(k))));
 445 :           }
 446 :         }
 447 :       }
 448 :     } catch (const std::exception& e) {
 449 :       stan::lang::rethrow_located(e, locations_array__[current_statement__]);
 450 :     }
 451 :     lp_accum__.add(lp__);
 452 :     return lp_accum__.sum();
 453 :   }
 454 :   template <typename RNG, typename VecR, typename VecI, typename VecVar,
 455 :             stan::require_vector_like_vt<std::is_floating_point,
 456 :             VecR>* = nullptr, stan::require_vector_like_vt<std::is_integral,
 457 :             VecI>* = nullptr, stan::require_vector_vt<std::is_floating_point,
 458 :             VecVar>* = nullptr>
 459 :   inline void
 460 :   write_array_impl(RNG& base_rng__, VecR& params_r__, VecI& params_i__,
 461 :                    VecVar& vars__, const bool
 462 :                    emit_transformed_parameters__ = true, const bool
 463 :                    emit_generated_quantities__ = true, std::ostream*
 464 :                    pstream__ = nullptr) const {
 465 :     using local_scalar_t__ = double;
 466 :     stan::io::deserializer<local_scalar_t__> in__(params_r__, params_i__);
 467 :     stan::io::serializer<local_scalar_t__> out__(vars__);
 468 :     static constexpr bool propto__ = true;
 469 :     // suppress unused var warning
 470 :     (void) propto__;
 471 :     double lp__ = 0.0;
 472 :     // suppress unused var warning
 473 :     (void) lp__;
 474 :     int current_statement__ = 0;
 475 :     stan::math::accumulator<double> lp_accum__;
 476 :     local_scalar_t__ DUMMY_VAR__(std::numeric_limits<double>::quiet_NaN());
 477 :     // suppress unused var warning
 478 :     (void) DUMMY_VAR__;
 479 :     constexpr bool jacobian__ = false;
 480 :     static constexpr const char* function__ =
 481 :       "model2681de3aca6f1e__namespace::write_array";
 482 :     // suppress unused var warning
 483 :     (void) function__;
 484 :     try {
 485 :       double rho = std::numeric_limits<double>::quiet_NaN();
 486 :       current_statement__ = 1;
 487 :       rho = in__.template read_constrain_lb<local_scalar_t__, jacobian__>(0,
 488 :               lp__);
 489 :       double sigma = std::numeric_limits<double>::quiet_NaN();
 490 :       current_statement__ = 2;
 491 :       sigma = in__.template read_constrain_lb<local_scalar_t__,
 492 :                 jacobian__>(0, lp__);
 493 :       double tau = std::numeric_limits<double>::quiet_NaN();
 494 :       current_statement__ = 3;
 495 :       tau = in__.template read_constrain_lb<local_scalar_t__, jacobian__>(0,
 496 :               lp__);
 497 :       double theta = std::numeric_limits<double>::quiet_NaN();
 498 :       current_statement__ = 4;
 499 :       theta = in__.template read<local_scalar_t__>();
 500 :       double mu = std::numeric_limits<double>::quiet_NaN();
 501 :       current_statement__ = 5;
 502 :       mu = in__.template read<local_scalar_t__>();
 503 :       Eigen::Matrix<double,-1,1> eps =
 504 :         Eigen::Matrix<double,-1,1>::Constant(K,
 505 :           std::numeric_limits<double>::quiet_NaN());
 506 :       current_statement__ = 6;
 507 :       eps = in__.template read<Eigen::Matrix<local_scalar_t__,-1,1>>(K);
 508 :       Eigen::Matrix<double,-1,1> zeta =
 509 :         Eigen::Matrix<double,-1,1>::Constant(C,
 510 :           std::numeric_limits<double>::quiet_NaN());
 511 :       current_statement__ = 7;
 512 :       zeta = in__.template read<Eigen::Matrix<local_scalar_t__,-1,1>>(C);
 513 :       std::vector<Eigen::Matrix<double,-1,1>> delta =
 514 :         std::vector<Eigen::Matrix<double,-1,1>>(C,
 515 :           Eigen::Matrix<double,-1,1>::Constant(2,
 516 :             std::numeric_limits<double>::quiet_NaN()));
 517 :       current_statement__ = 8;
 518 :       delta = in__.template read_constrain_lub<
 519 :                 std::vector<Eigen::Matrix<local_scalar_t__,-1,1>>,
 520 :                 jacobian__>(lowerbound, upperbound, lp__, C, 2);
 521 :       double tau_sqrt = std::numeric_limits<double>::quiet_NaN();
 522 :       double sigma_sqrt = std::numeric_limits<double>::quiet_NaN();
 523 :       Eigen::Matrix<double,-1,1> zeta_scale =
 524 :         Eigen::Matrix<double,-1,1>::Constant(C,
 525 :           std::numeric_limits<double>::quiet_NaN());
 526 :       Eigen::Matrix<double,-1,1> eps_scale =
 527 :         Eigen::Matrix<double,-1,1>::Constant(K,
 528 :           std::numeric_limits<double>::quiet_NaN());
 529 :       out__.write(rho);
 530 :       out__.write(sigma);
 531 :       out__.write(tau);
 532 :       out__.write(theta);
 533 :       out__.write(mu);
 534 :       out__.write(eps);
 535 :       out__.write(zeta);
 536 :       for (int sym1__ = 1; sym1__ <= 2; ++sym1__) {
 537 :         for (int sym2__ = 1; sym2__ <= C; ++sym2__) {
 538 :           out__.write(delta[(sym2__ - 1)][(sym1__ - 1)]);
 539 :         }
 540 :       }
 541 :       if (stan::math::logical_negation(
 542 :             (stan::math::primitive_value(emit_transformed_parameters__) ||
 543 :             stan::math::primitive_value(emit_generated_quantities__)))) {
 544 :         return ;
 545 :       }
 546 :       current_statement__ = 9;
 547 :       tau_sqrt = stan::math::sqrt(tau);
 548 :       current_statement__ = 10;
 549 :       sigma_sqrt = stan::math::sqrt(sigma);
 550 :       current_statement__ = 11;
 551 :       stan::model::assign(zeta_scale, stan::math::multiply(zeta, tau_sqrt),
 552 :         "assigning variable zeta_scale");
 553 :       current_statement__ = 12;
 554 :       stan::model::assign(eps_scale, stan::math::multiply(eps, sigma_sqrt),
 555 :         "assigning variable eps_scale");
 556 :       current_statement__ = 9;
 557 :       stan::math::check_greater_or_equal(function__, "tau_sqrt", tau_sqrt, 0);
 558 :       current_statement__ = 10;
 559 :       stan::math::check_greater_or_equal(function__, "sigma_sqrt",
 560 :         sigma_sqrt, 0);
 561 :       if (emit_transformed_parameters__) {
 562 :         out__.write(tau_sqrt);
 563 :         out__.write(sigma_sqrt);
 564 :         out__.write(zeta_scale);
 565 :         out__.write(eps_scale);
 566 :       }
 567 :       if (stan::math::logical_negation(emit_generated_quantities__)) {
 568 :         return ;
 569 :       }
 570 :       Eigen::Matrix<double,-1,1> colony_dist =
 571 :         Eigen::Matrix<double,-1,1>::Constant(C,
 572 :           std::numeric_limits<double>::quiet_NaN());
 573 :       current_statement__ = 14;
 574 :       stan::model::assign(colony_dist, stan::math::rep_vector(0, C),
 575 :         "assigning variable colony_dist");
 576 :       {
 577 :         current_statement__ = 15;
 578 :         stan::math::validate_non_negative_index("dis", "C", C);
 579 :         current_statement__ = 16;
 580 :         stan::math::validate_non_negative_index("dis", "K", K);
 581 :         Eigen::Matrix<double,-1,-1> dis =
 582 :           Eigen::Matrix<double,-1,-1>::Constant(C, K,
 583 :             std::numeric_limits<double>::quiet_NaN());
 584 :         current_statement__ = 18;
 585 :         stan::math::validate_non_negative_index("lambda", "C", C);
 586 :         current_statement__ = 19;
 587 :         stan::math::validate_non_negative_index("lambda", "K", K);
 588 :         Eigen::Matrix<double,-1,-1> lambda =
 589 :           Eigen::Matrix<double,-1,-1>::Constant(C, K,
 590 :             std::numeric_limits<double>::quiet_NaN());
 591 :         current_statement__ = 21;
 592 :         stan::math::validate_non_negative_index("V", "C", C);
 593 :         Eigen::Matrix<double,-1,1> V =
 594 :           Eigen::Matrix<double,-1,1>::Constant(C,
 595 :             std::numeric_limits<double>::quiet_NaN());
 596 :         double alpha = std::numeric_limits<double>::quiet_NaN();
 597 :         current_statement__ = 23;
 598 :         alpha = 1e-12;
 599 :         current_statement__ = 29;
 600 :         for (int k = 1; k <= K; ++k) {
 601 :           current_statement__ = 27;
 602 :           for (int i = 1; i <= C; ++i) {
 603 :             current_statement__ = 24;
 604 :             stan::model::assign(dis,
 605 :               stan::math::sqrt(
 606 :                 (stan::math::square(
 607 :                    (stan::model::rvalue(delta, "delta",
 608 :                       stan::model::index_uni(i), stan::model::index_uni(1)) -
 609 :                    stan::model::rvalue(trap, "trap",
 610 :                      stan::model::index_uni(k), stan::model::index_uni(1))))
 611 :                 +
 612 :                 stan::math::square(
 613 :                   (stan::model::rvalue(delta, "delta",
 614 :                      stan::model::index_uni(i), stan::model::index_uni(2)) -
 615 :                   stan::model::rvalue(trap, "trap",
 616 :                     stan::model::index_uni(k), stan::model::index_uni(2)))))),
 617 :               "assigning variable dis", stan::model::index_uni(i),
 618 :               stan::model::index_uni(k));
 619 :             current_statement__ = 25;
 620 :             stan::model::assign(lambda, (((((-0.5 *
 621 :               stan::math::pow(
 622 :                 (stan::model::rvalue(dis, "dis", stan::model::index_uni(i),
 623 :                    stan::model::index_uni(k)) / rho), 2)) + (theta *
 624 :               stan::model::rvalue(floral, "floral", stan::model::index_uni(k))))
 625 :               + mu) +
 626 :               stan::model::rvalue(zeta_scale, "zeta_scale",
 627 :                 stan::model::index_uni(i))) +
 628 :               stan::model::rvalue(eps_scale, "eps_scale",
 629 :                 stan::model::index_uni(k))), "assigning variable lambda",
 630 :               stan::model::index_uni(i), stan::model::index_uni(k));
 631 :           }
 632 :         }
 633 :         current_statement__ = 32;
 634 :         for (int i = 1; i <= C; ++i) {
 635 :           current_statement__ = 30;
 636 :           stan::model::assign(V,
 637 :             stan::math::sum(
 638 :               stan::math::exp(
 639 :                 stan::model::rvalue(lambda, "lambda",
 640 :                   stan::model::index_uni(i), stan::model::index_omni()))),
 641 :             "assigning variable V", stan::model::index_uni(i));
 642 :         }
 643 :         current_statement__ = 35;
 644 :         for (int k = 1; k <= K; ++k) {
 645 :           current_statement__ = 33;
 646 :           stan::model::assign(colony_dist,
 647 :             stan::math::add(stan::model::deep_copy(colony_dist),
 648 :               stan::math::elt_divide(
 649 :                 stan::math::elt_multiply(
 650 :                   stan::model::rvalue(dis, "dis", stan::model::index_omni(),
 651 :                     stan::model::index_uni(k)),
 652 :                   stan::math::exp(
 653 :                     stan::model::rvalue(lambda, "lambda",
 654 :                       stan::model::index_omni(), stan::model::index_uni(k)))),
 655 :                 stan::math::add(V, alpha))), "assigning variable colony_dist");
 656 :         }
 657 :       }
 658 :       out__.write(colony_dist);
 659 :     } catch (const std::exception& e) {
 660 :       stan::lang::rethrow_located(e, locations_array__[current_statement__]);
 661 :     }
 662 :   }
 663 :   template <typename VecVar, typename VecI,
 664 :             stan::require_vector_t<VecVar>* = nullptr,
 665 :             stan::require_vector_like_vt<std::is_integral, VecI>* = nullptr>
 666 :   inline void
 667 :   unconstrain_array_impl(const VecVar& params_r__, const VecI& params_i__,
 668 :                          VecVar& vars__, std::ostream* pstream__ = nullptr) const {
 669 :     using local_scalar_t__ = double;
 670 :     stan::io::deserializer<local_scalar_t__> in__(params_r__, params_i__);
 671 :     stan::io::serializer<local_scalar_t__> out__(vars__);
 672 :     int current_statement__ = 0;
 673 :     local_scalar_t__ DUMMY_VAR__(std::numeric_limits<double>::quiet_NaN());
 674 :     // suppress unused var warning
 675 :     (void) DUMMY_VAR__;
 676 :     try {
 677 :       int pos__ = std::numeric_limits<int>::min();
 678 :       pos__ = 1;
 679 :       local_scalar_t__ rho = DUMMY_VAR__;
 680 :       current_statement__ = 1;
 681 :       rho = in__.read<local_scalar_t__>();
 682 :       out__.write_free_lb(0, rho);
 683 :       local_scalar_t__ sigma = DUMMY_VAR__;
 684 :       current_statement__ = 2;
 685 :       sigma = in__.read<local_scalar_t__>();
 686 :       out__.write_free_lb(0, sigma);
 687 :       local_scalar_t__ tau = DUMMY_VAR__;
 688 :       current_statement__ = 3;
 689 :       tau = in__.read<local_scalar_t__>();
 690 :       out__.write_free_lb(0, tau);
 691 :       local_scalar_t__ theta = DUMMY_VAR__;
 692 :       current_statement__ = 4;
 693 :       theta = in__.read<local_scalar_t__>();
 694 :       out__.write(theta);
 695 :       local_scalar_t__ mu = DUMMY_VAR__;
 696 :       current_statement__ = 5;
 697 :       mu = in__.read<local_scalar_t__>();
 698 :       out__.write(mu);
 699 :       Eigen::Matrix<local_scalar_t__,-1,1> eps =
 700 :         Eigen::Matrix<local_scalar_t__,-1,1>::Constant(K, DUMMY_VAR__);
 701 :       current_statement__ = 6;
 702 :       stan::model::assign(eps,
 703 :         in__.read<Eigen::Matrix<local_scalar_t__,-1,1>>(K),
 704 :         "assigning variable eps");
 705 :       out__.write(eps);
 706 :       Eigen::Matrix<local_scalar_t__,-1,1> zeta =
 707 :         Eigen::Matrix<local_scalar_t__,-1,1>::Constant(C, DUMMY_VAR__);
 708 :       current_statement__ = 7;
 709 :       stan::model::assign(zeta,
 710 :         in__.read<Eigen::Matrix<local_scalar_t__,-1,1>>(C),
 711 :         "assigning variable zeta");
 712 :       out__.write(zeta);
 713 :       std::vector<Eigen::Matrix<local_scalar_t__,-1,1>> delta =
 714 :         std::vector<Eigen::Matrix<local_scalar_t__,-1,1>>(C,
 715 :           Eigen::Matrix<local_scalar_t__,-1,1>::Constant(2, DUMMY_VAR__));
 716 :       current_statement__ = 8;
 717 :       for (int sym1__ = 1; sym1__ <= 2; ++sym1__) {
 718 :         current_statement__ = 8;
 719 :         for (int sym2__ = 1; sym2__ <= C; ++sym2__) {
 720 :           current_statement__ = 8;
 721 :           stan::model::assign(delta, in__.read<local_scalar_t__>(),
 722 :             "assigning variable delta", stan::model::index_uni(sym2__),
 723 :             stan::model::index_uni(sym1__));
 724 :         }
 725 :       }
 726 :       out__.write_free_lub(lowerbound, upperbound, delta);
 727 :     } catch (const std::exception& e) {
 728 :       stan::lang::rethrow_located(e, locations_array__[current_statement__]);
 729 :     }
 730 :   }
 731 :   template <typename VecVar, stan::require_vector_t<VecVar>* = nullptr>
 732 :   inline void
 733 :   transform_inits_impl(const stan::io::var_context& context__, VecVar&
 734 :                        vars__, std::ostream* pstream__ = nullptr) const {
 735 :     using local_scalar_t__ = double;
 736 :     stan::io::serializer<local_scalar_t__> out__(vars__);
 737 :     int current_statement__ = 0;
 738 :     local_scalar_t__ DUMMY_VAR__(std::numeric_limits<double>::quiet_NaN());
 739 :     // suppress unused var warning
 740 :     (void) DUMMY_VAR__;
 741 :     try {
 742 :       current_statement__ = 1;
 743 :       context__.validate_dims("parameter initialization", "rho", "double",
 744 :         std::vector<size_t>{});
 745 :       current_statement__ = 2;
 746 :       context__.validate_dims("parameter initialization", "sigma", "double",
 747 :         std::vector<size_t>{});
 748 :       current_statement__ = 3;
 749 :       context__.validate_dims("parameter initialization", "tau", "double",
 750 :         std::vector<size_t>{});
 751 :       current_statement__ = 4;
 752 :       context__.validate_dims("parameter initialization", "theta", "double",
 753 :         std::vector<size_t>{});
 754 :       current_statement__ = 5;
 755 :       context__.validate_dims("parameter initialization", "mu", "double",
 756 :         std::vector<size_t>{});
 757 :       current_statement__ = 6;
 758 :       context__.validate_dims("parameter initialization", "eps", "double",
 759 :         std::vector<size_t>{static_cast<size_t>(K)});
 760 :       current_statement__ = 7;
 761 :       context__.validate_dims("parameter initialization", "zeta", "double",
 762 :         std::vector<size_t>{static_cast<size_t>(C)});
 763 :       current_statement__ = 8;
 764 :       context__.validate_dims("parameter initialization", "delta", "double",
 765 :         std::vector<size_t>{static_cast<size_t>(C), static_cast<size_t>(2)});
 766 :       int pos__ = std::numeric_limits<int>::min();
 767 :       pos__ = 1;
 768 :       local_scalar_t__ rho = DUMMY_VAR__;
 769 :       current_statement__ = 1;
 770 :       rho = context__.vals_r("rho")[(1 - 1)];
 771 :       out__.write_free_lb(0, rho);
 772 :       local_scalar_t__ sigma = DUMMY_VAR__;
 773 :       current_statement__ = 2;
 774 :       sigma = context__.vals_r("sigma")[(1 - 1)];
 775 :       out__.write_free_lb(0, sigma);
 776 :       local_scalar_t__ tau = DUMMY_VAR__;
 777 :       current_statement__ = 3;
 778 :       tau = context__.vals_r("tau")[(1 - 1)];
 779 :       out__.write_free_lb(0, tau);
 780 :       local_scalar_t__ theta = DUMMY_VAR__;
 781 :       current_statement__ = 4;
 782 :       theta = context__.vals_r("theta")[(1 - 1)];
 783 :       out__.write(theta);
 784 :       local_scalar_t__ mu = DUMMY_VAR__;
 785 :       current_statement__ = 5;
 786 :       mu = context__.vals_r("mu")[(1 - 1)];
 787 :       out__.write(mu);
 788 :       Eigen::Matrix<local_scalar_t__,-1,1> eps =
 789 :         Eigen::Matrix<local_scalar_t__,-1,1>::Constant(K, DUMMY_VAR__);
 790 :       {
 791 :         std::vector<local_scalar_t__> eps_flat__;
 792 :         current_statement__ = 6;
 793 :         eps_flat__ = context__.vals_r("eps");
 794 :         current_statement__ = 6;
 795 :         pos__ = 1;
 796 :         current_statement__ = 6;
 797 :         for (int sym1__ = 1; sym1__ <= K; ++sym1__) {
 798 :           current_statement__ = 6;
 799 :           stan::model::assign(eps, eps_flat__[(pos__ - 1)],
 800 :             "assigning variable eps", stan::model::index_uni(sym1__));
 801 :           current_statement__ = 6;
 802 :           pos__ = (pos__ + 1);
 803 :         }
 804 :       }
 805 :       out__.write(eps);
 806 :       Eigen::Matrix<local_scalar_t__,-1,1> zeta =
 807 :         Eigen::Matrix<local_scalar_t__,-1,1>::Constant(C, DUMMY_VAR__);
 808 :       {
 809 :         std::vector<local_scalar_t__> zeta_flat__;
 810 :         current_statement__ = 7;
 811 :         zeta_flat__ = context__.vals_r("zeta");
 812 :         current_statement__ = 7;
 813 :         pos__ = 1;
 814 :         current_statement__ = 7;
 815 :         for (int sym1__ = 1; sym1__ <= C; ++sym1__) {
 816 :           current_statement__ = 7;
 817 :           stan::model::assign(zeta, zeta_flat__[(pos__ - 1)],
 818 :             "assigning variable zeta", stan::model::index_uni(sym1__));
 819 :           current_statement__ = 7;
 820 :           pos__ = (pos__ + 1);
 821 :         }
 822 :       }
 823 :       out__.write(zeta);
 824 :       std::vector<Eigen::Matrix<local_scalar_t__,-1,1>> delta =
 825 :         std::vector<Eigen::Matrix<local_scalar_t__,-1,1>>(C,
 826 :           Eigen::Matrix<local_scalar_t__,-1,1>::Constant(2, DUMMY_VAR__));
 827 :       {
 828 :         std::vector<local_scalar_t__> delta_flat__;
 829 :         current_statement__ = 8;
 830 :         delta_flat__ = context__.vals_r("delta");
 831 :         current_statement__ = 8;
 832 :         pos__ = 1;
 833 :         current_statement__ = 8;
 834 :         for (int sym1__ = 1; sym1__ <= 2; ++sym1__) {
 835 :           current_statement__ = 8;
 836 :           for (int sym2__ = 1; sym2__ <= C; ++sym2__) {
 837 :             current_statement__ = 8;
 838 :             stan::model::assign(delta, delta_flat__[(pos__ - 1)],
 839 :               "assigning variable delta", stan::model::index_uni(sym2__),
 840 :               stan::model::index_uni(sym1__));
 841 :             current_statement__ = 8;
 842 :             pos__ = (pos__ + 1);
 843 :           }
 844 :         }
 845 :       }
 846 :       out__.write_free_lub(lowerbound, upperbound, delta);
 847 :     } catch (const std::exception& e) {
 848 :       stan::lang::rethrow_located(e, locations_array__[current_statement__]);
 849 :     }
 850 :   }
 851 :   inline void
 852 :   get_param_names(std::vector<std::string>& names__, const bool
 853 :                   emit_transformed_parameters__ = true, const bool
 854 :                   emit_generated_quantities__ = true) const {
 855 :     names__ = std::vector<std::string>{"rho", "sigma", "tau", "theta", "mu",
 856 :                 "eps", "zeta", "delta"};
 857 :     if (emit_transformed_parameters__) {
 858 :       std::vector<std::string>
 859 :         temp{"tau_sqrt", "sigma_sqrt", "zeta_scale", "eps_scale"};
 860 :       names__.reserve(names__.size() + temp.size());
 861 :       names__.insert(names__.end(), temp.begin(), temp.end());
 862 :     }
 863 :     if (emit_generated_quantities__) {
 864 :       std::vector<std::string> temp{"colony_dist"};
 865 :       names__.reserve(names__.size() + temp.size());
 866 :       names__.insert(names__.end(), temp.begin(), temp.end());
 867 :     }
 868 :   }
 869 :   inline void
 870 :   get_dims(std::vector<std::vector<size_t>>& dimss__, const bool
 871 :            emit_transformed_parameters__ = true, const bool
 872 :            emit_generated_quantities__ = true) const {
 873 :     dimss__ = std::vector<std::vector<size_t>>{std::vector<size_t>{},
 874 :                 std::vector<size_t>{}, std::vector<size_t>{},
 875 :                 std::vector<size_t>{}, std::vector<size_t>{},
 876 :                 std::vector<size_t>{static_cast<size_t>(K)},
 877 :                 std::vector<size_t>{static_cast<size_t>(C)},
 878 :                 std::vector<size_t>{static_cast<size_t>(C),
 879 :                   static_cast<size_t>(2)}};
 880 :     if (emit_transformed_parameters__) {
 881 :       std::vector<std::vector<size_t>>
 882 :         temp{std::vector<size_t>{}, std::vector<size_t>{},
 883 :              std::vector<size_t>{static_cast<size_t>(C)},
 884 :              std::vector<size_t>{static_cast<size_t>(K)}};
 885 :       dimss__.reserve(dimss__.size() + temp.size());
 886 :       dimss__.insert(dimss__.end(), temp.begin(), temp.end());
 887 :     }
 888 :     if (emit_generated_quantities__) {
 889 :       std::vector<std::vector<size_t>>
 890 :         temp{std::vector<size_t>{static_cast<size_t>(C)}};
 891 :       dimss__.reserve(dimss__.size() + temp.size());
 892 :       dimss__.insert(dimss__.end(), temp.begin(), temp.end());
 893 :     }
 894 :   }
 895 :   inline void
 896 :   constrained_param_names(std::vector<std::string>& param_names__, bool
 897 :                           emit_transformed_parameters__ = true, bool
 898 :                           emit_generated_quantities__ = true) const final {
 899 :     param_names__.emplace_back(std::string() + "rho");
 900 :     param_names__.emplace_back(std::string() + "sigma");
 901 :     param_names__.emplace_back(std::string() + "tau");
 902 :     param_names__.emplace_back(std::string() + "theta");
 903 :     param_names__.emplace_back(std::string() + "mu");
 904 :     for (int sym1__ = 1; sym1__ <= K; ++sym1__) {
 905 :       param_names__.emplace_back(std::string() + "eps" + '.' +
 906 :         std::to_string(sym1__));
 907 :     }
 908 :     for (int sym1__ = 1; sym1__ <= C; ++sym1__) {
 909 :       param_names__.emplace_back(std::string() + "zeta" + '.' +
 910 :         std::to_string(sym1__));
 911 :     }
 912 :     for (int sym1__ = 1; sym1__ <= 2; ++sym1__) {
 913 :       for (int sym2__ = 1; sym2__ <= C; ++sym2__) {
 914 :         param_names__.emplace_back(std::string() + "delta" + '.' +
 915 :           std::to_string(sym2__) + '.' + std::to_string(sym1__));
 916 :       }
 917 :     }
 918 :     if (emit_transformed_parameters__) {
 919 :       param_names__.emplace_back(std::string() + "tau_sqrt");
 920 :       param_names__.emplace_back(std::string() + "sigma_sqrt");
 921 :       for (int sym1__ = 1; sym1__ <= C; ++sym1__) {
 922 :         param_names__.emplace_back(std::string() + "zeta_scale" + '.' +
 923 :           std::to_string(sym1__));
 924 :       }
 925 :       for (int sym1__ = 1; sym1__ <= K; ++sym1__) {
 926 :         param_names__.emplace_back(std::string() + "eps_scale" + '.' +
 927 :           std::to_string(sym1__));
 928 :       }
 929 :     }
 930 :     if (emit_generated_quantities__) {
 931 :       for (int sym1__ = 1; sym1__ <= C; ++sym1__) {
 932 :         param_names__.emplace_back(std::string() + "colony_dist" + '.' +
 933 :           std::to_string(sym1__));
 934 :       }
 935 :     }
 936 :   }
 937 :   inline void
 938 :   unconstrained_param_names(std::vector<std::string>& param_names__, bool
 939 :                             emit_transformed_parameters__ = true, bool
 940 :                             emit_generated_quantities__ = true) const final {
 941 :     param_names__.emplace_back(std::string() + "rho");
 942 :     param_names__.emplace_back(std::string() + "sigma");
 943 :     param_names__.emplace_back(std::string() + "tau");
 944 :     param_names__.emplace_back(std::string() + "theta");
 945 :     param_names__.emplace_back(std::string() + "mu");
 946 :     for (int sym1__ = 1; sym1__ <= K; ++sym1__) {
 947 :       param_names__.emplace_back(std::string() + "eps" + '.' +
 948 :         std::to_string(sym1__));
 949 :     }
 950 :     for (int sym1__ = 1; sym1__ <= C; ++sym1__) {
 951 :       param_names__.emplace_back(std::string() + "zeta" + '.' +
 952 :         std::to_string(sym1__));
 953 :     }
 954 :     for (int sym1__ = 1; sym1__ <= 2; ++sym1__) {
 955 :       for (int sym2__ = 1; sym2__ <= C; ++sym2__) {
 956 :         param_names__.emplace_back(std::string() + "delta" + '.' +
 957 :           std::to_string(sym2__) + '.' + std::to_string(sym1__));
 958 :       }
 959 :     }
 960 :     if (emit_transformed_parameters__) {
 961 :       param_names__.emplace_back(std::string() + "tau_sqrt");
 962 :       param_names__.emplace_back(std::string() + "sigma_sqrt");
 963 :       for (int sym1__ = 1; sym1__ <= C; ++sym1__) {
 964 :         param_names__.emplace_back(std::string() + "zeta_scale" + '.' +
 965 :           std::to_string(sym1__));
 966 :       }
 967 :       for (int sym1__ = 1; sym1__ <= K; ++sym1__) {
 968 :         param_names__.emplace_back(std::string() + "eps_scale" + '.' +
 969 :           std::to_string(sym1__));
 970 :       }
 971 :     }
 972 :     if (emit_generated_quantities__) {
 973 :       for (int sym1__ = 1; sym1__ <= C; ++sym1__) {
 974 :         param_names__.emplace_back(std::string() + "colony_dist" + '.' +
 975 :           std::to_string(sym1__));
 976 :       }
 977 :     }
 978 :   }
 979 :   inline std::string get_constrained_sizedtypes() const {
 980 :     return std::string("[{\"name\":\"rho\",\"type\":{\"name\":\"real\"},\"block\":\"parameters\"},{\"name\":\"sigma\",\"type\":{\"name\":\"real\"},\"block\":\"parameters\"},{\"name\":\"tau\",\"type\":{\"name\":\"real\"},\"block\":\"parameters\"},{\"name\":\"theta\",\"type\":{\"name\":\"real\"},\"block\":\"parameters\"},{\"name\":\"mu\",\"type\":{\"name\":\"real\"},\"block\":\"parameters\"},{\"name\":\"eps\",\"type\":{\"name\":\"vector\",\"length\":" + std::to_string(K) + "},\"block\":\"parameters\"},{\"name\":\"zeta\",\"type\":{\"name\":\"vector\",\"length\":" + std::to_string(C) + "},\"block\":\"parameters\"},{\"name\":\"delta\",\"type\":{\"name\":\"array\",\"length\":" + std::to_string(C) + ",\"element_type\":{\"name\":\"vector\",\"length\":" + std::to_string(2) + "}},\"block\":\"parameters\"},{\"name\":\"tau_sqrt\",\"type\":{\"name\":\"real\"},\"block\":\"transformed_parameters\"},{\"name\":\"sigma_sqrt\",\"type\":{\"name\":\"real\"},\"block\":\"transformed_parameters\"},{\"name\":\"zeta_scale\",\"type\":{\"name\":\"vector\",\"length\":" + std::to_string(C) + "},\"block\":\"transformed_parameters\"},{\"name\":\"eps_scale\",\"type\":{\"name\":\"vector\",\"length\":" + std::to_string(K) + "},\"block\":\"transformed_parameters\"},{\"name\":\"colony_dist\",\"type\":{\"name\":\"vector\",\"length\":" + std::to_string(C) + "},\"block\":\"generated_quantities\"}]");
 981 :   }
 982 :   inline std::string get_unconstrained_sizedtypes() const {
 983 :     return std::string("[{\"name\":\"rho\",\"type\":{\"name\":\"real\"},\"block\":\"parameters\"},{\"name\":\"sigma\",\"type\":{\"name\":\"real\"},\"block\":\"parameters\"},{\"name\":\"tau\",\"type\":{\"name\":\"real\"},\"block\":\"parameters\"},{\"name\":\"theta\",\"type\":{\"name\":\"real\"},\"block\":\"parameters\"},{\"name\":\"mu\",\"type\":{\"name\":\"real\"},\"block\":\"parameters\"},{\"name\":\"eps\",\"type\":{\"name\":\"vector\",\"length\":" + std::to_string(K) + "},\"block\":\"parameters\"},{\"name\":\"zeta\",\"type\":{\"name\":\"vector\",\"length\":" + std::to_string(C) + "},\"block\":\"parameters\"},{\"name\":\"delta\",\"type\":{\"name\":\"array\",\"length\":" + std::to_string(C) + ",\"element_type\":{\"name\":\"vector\",\"length\":" + std::to_string(2) + "}},\"block\":\"parameters\"},{\"name\":\"tau_sqrt\",\"type\":{\"name\":\"real\"},\"block\":\"transformed_parameters\"},{\"name\":\"sigma_sqrt\",\"type\":{\"name\":\"real\"},\"block\":\"transformed_parameters\"},{\"name\":\"zeta_scale\",\"type\":{\"name\":\"vector\",\"length\":" + std::to_string(C) + "},\"block\":\"transformed_parameters\"},{\"name\":\"eps_scale\",\"type\":{\"name\":\"vector\",\"length\":" + std::to_string(K) + "},\"block\":\"transformed_parameters\"},{\"name\":\"colony_dist\",\"type\":{\"name\":\"vector\",\"length\":" + std::to_string(C) + "},\"block\":\"generated_quantities\"}]");
 984 :   }
 985 :   // Begin method overload boilerplate
 986 :   template <typename RNG> inline void
 987 :   write_array(RNG& base_rng, Eigen::Matrix<double,-1,1>& params_r,
 988 :               Eigen::Matrix<double,-1,1>& vars, const bool
 989 :               emit_transformed_parameters = true, const bool
 990 :               emit_generated_quantities = true, std::ostream*
 991 :               pstream = nullptr) const {
 992 :     const size_t num_params__ = (((((((1 + 1) + 1) + 1) + 1) + K) + C) + (C *
 993 :       2));
 994 :     const size_t num_transformed = emit_transformed_parameters * ((((1 + 1) +
 995 :       C) + K));
 996 :     const size_t num_gen_quantities = emit_generated_quantities * (C);
 997 :     const size_t num_to_write = num_params__ + num_transformed +
 998 :       num_gen_quantities;
 999 :     std::vector<int> params_i;
1000 :     vars = Eigen::Matrix<double,-1,1>::Constant(num_to_write,
1001 :              std::numeric_limits<double>::quiet_NaN());
1002 :     write_array_impl(base_rng, params_r, params_i, vars,
1003 :       emit_transformed_parameters, emit_generated_quantities, pstream);
1004 :   }
1005 :   template <typename RNG> inline void
1006 :   write_array(RNG& base_rng, std::vector<double>& params_r, std::vector<int>&
1007 :               params_i, std::vector<double>& vars, bool
1008 :               emit_transformed_parameters = true, bool
1009 :               emit_generated_quantities = true, std::ostream*
1010 :               pstream = nullptr) const {
1011 :     const size_t num_params__ = (((((((1 + 1) + 1) + 1) + 1) + K) + C) + (C *
1012 :       2));
1013 :     const size_t num_transformed = emit_transformed_parameters * ((((1 + 1) +
1014 :       C) + K));
1015 :     const size_t num_gen_quantities = emit_generated_quantities * (C);
1016 :     const size_t num_to_write = num_params__ + num_transformed +
1017 :       num_gen_quantities;
1018 :     vars = std::vector<double>(num_to_write,
1019 :              std::numeric_limits<double>::quiet_NaN());
1020 :     write_array_impl(base_rng, params_r, params_i, vars,
1021 :       emit_transformed_parameters, emit_generated_quantities, pstream);
1022 :   }
1023 :   template <bool propto__, bool jacobian__, typename T_> inline T_
1024 :   log_prob(Eigen::Matrix<T_,-1,1>& params_r, std::ostream* pstream = nullptr) const {
1025 :     Eigen::Matrix<int,-1,1> params_i;
1026 :     return log_prob_impl<propto__, jacobian__>(params_r, params_i, pstream);
1027 :   }
1028 :   template <bool propto__, bool jacobian__, typename T_> inline T_
1029 :   log_prob(std::vector<T_>& params_r, std::vector<int>& params_i,
1030 :            std::ostream* pstream = nullptr) const {
1031 :     return log_prob_impl<propto__, jacobian__>(params_r, params_i, pstream);
1032 :   }
1033 :   inline void
1034 :   transform_inits(const stan::io::var_context& context,
1035 :                   Eigen::Matrix<double,-1,1>& params_r, std::ostream*
1036 :                   pstream = nullptr) const final {
1037 :     std::vector<double> params_r_vec(params_r.size());
1038 :     std::vector<int> params_i;
1039 :     transform_inits(context, params_i, params_r_vec, pstream);
1040 :     params_r = Eigen::Map<Eigen::Matrix<double,-1,1>>(params_r_vec.data(),
1041 :                  params_r_vec.size());
1042 :   }
1043 :   inline void
1044 :   transform_inits(const stan::io::var_context& context, std::vector<int>&
1045 :                   params_i, std::vector<double>& vars, std::ostream*
1046 :                   pstream__ = nullptr) const {
1047 :     vars.resize(num_params_r__);
1048 :     transform_inits_impl(context, vars, pstream__);
1049 :   }
1050 :   inline void
1051 :   unconstrain_array(const std::vector<double>& params_constrained,
1052 :                     std::vector<double>& params_unconstrained, std::ostream*
1053 :                     pstream = nullptr) const {
1054 :     const std::vector<int> params_i;
1055 :     params_unconstrained = std::vector<double>(num_params_r__,
1056 :                              std::numeric_limits<double>::quiet_NaN());
1057 :     unconstrain_array_impl(params_constrained, params_i,
1058 :       params_unconstrained, pstream);
1059 :   }
1060 :   inline void
1061 :   unconstrain_array(const Eigen::Matrix<double,-1,1>& params_constrained,
1062 :                     Eigen::Matrix<double,-1,1>& params_unconstrained,
1063 :                     std::ostream* pstream = nullptr) const {
1064 :     const std::vector<int> params_i;
1065 :     params_unconstrained = Eigen::Matrix<double,-1,1>::Constant(num_params_r__,
1066 :                              std::numeric_limits<double>::quiet_NaN());
1067 :     unconstrain_array_impl(params_constrained, params_i,
1068 :       params_unconstrained, pstream);
1069 :   }
1070 : };
1071 : }
1072 : using stan_model = model2681de3aca6f1e__namespace::model2681de3aca6f1e_;
1073 : #ifndef USING_R
1074 : // Boilerplate
1075 : stan::model::model_base&
1076 : new_model(stan::io::var_context& data_context, unsigned int seed,
1077 :           std::ostream* msg_stream) {
1078 :   stan_model* m = new stan_model(data_context, seed, msg_stream);
1079 :   return *m;
1080 : }
1081 : stan::math::profile_map& get_stan_profile_data() {
1082 :   return model2681de3aca6f1e__namespace::profiles__;
1083 : }
1084 : #endif
1085 : #endif
1086 : 
1087 : RCPP_MODULE(stan_fit4model2681de3aca6f1e__mod) {
1088 :   class_<rstan::stan_fit<stan_model, boost::random::ecuyer1988> >(
1089 :       "stan_fit4model2681de3aca6f1e_")
1090 : 
1091 :       .constructor<SEXP, SEXP, SEXP>()
1092 : 
1093 :       .method(
1094 :           "call_sampler",
1095 :           &rstan::stan_fit<stan_model, boost::random::ecuyer1988>::call_sampler)
1096 :       .method(
1097 :           "param_names",
1098 :           &rstan::stan_fit<stan_model, boost::random::ecuyer1988>::param_names)
1099 :       .method("param_names_oi",
1100 :               &rstan::stan_fit<stan_model,
1101 :                                boost::random::ecuyer1988>::param_names_oi)
1102 :       .method("param_fnames_oi",
1103 :               &rstan::stan_fit<stan_model,
1104 :                                boost::random::ecuyer1988>::param_fnames_oi)
1105 :       .method(
1106 :           "param_dims",
1107 :           &rstan::stan_fit<stan_model, boost::random::ecuyer1988>::param_dims)
1108 :       .method("param_dims_oi",
1109 :               &rstan::stan_fit<stan_model,
1110 :                                boost::random::ecuyer1988>::param_dims_oi)
1111 :       .method("update_param_oi",
1112 :               &rstan::stan_fit<stan_model,
1113 :                                boost::random::ecuyer1988>::update_param_oi)
1114 :       .method("param_oi_tidx",
1115 :               &rstan::stan_fit<stan_model,
1116 :                                boost::random::ecuyer1988>::param_oi_tidx)
1117 :       .method("grad_log_prob",
1118 :               &rstan::stan_fit<stan_model,
1119 :                                boost::random::ecuyer1988>::grad_log_prob)
1120 :       .method("log_prob",
1121 :               &rstan::stan_fit<stan_model, boost::random::ecuyer1988>::log_prob)
1122 :       .method("unconstrain_pars",
1123 :               &rstan::stan_fit<stan_model,
1124 :                                boost::random::ecuyer1988>::unconstrain_pars)
1125 :       .method("constrain_pars",
1126 :               &rstan::stan_fit<stan_model,
1127 :                                boost::random::ecuyer1988>::constrain_pars)
1128 :       .method(
1129 :           "num_pars_unconstrained",
1130 :           &rstan::stan_fit<stan_model,
1131 :                            boost::random::ecuyer1988>::num_pars_unconstrained)
1132 :       .method(
1133 :           "unconstrained_param_names",
1134 :           &rstan::stan_fit<
1135 :               stan_model, boost::random::ecuyer1988>::unconstrained_param_names)
1136 :       .method(
1137 :           "constrained_param_names",
1138 :           &rstan::stan_fit<stan_model,
1139 :                            boost::random::ecuyer1988>::constrained_param_names)
1140 :       .method("standalone_gqs",
1141 :               &rstan::stan_fit<stan_model,
1142 :                                boost::random::ecuyer1988>::standalone_gqs);
1143 : }
1144 : 
1145 : 
1146 : // declarations
1147 : extern "C" {
1148 : SEXP file2681de33f03f0( ) ;
1149 : }
1150 : 
1151 : // definition
1152 : SEXP file2681de33f03f0() {
1153 :  return Rcpp::wrap("anon_model");
1154 : }
make cmd is
  make -f '/cvmfs/soft.computecanada.ca/easybuild/software/2023/x86-64-v3/Compiler/gcccore/r/4.3.1/lib64/R/etc/Makeconf' -f '/cvmfs/soft.computecanada.ca/easybuild/software/2023/x86-64-v3/Compiler/gcccore/r/4.3.1/lib64/R/share/make/shlib.mk' CXX='$(CXX17) $(CXX17STD)' CXXFLAGS='$(CXX17FLAGS)' CXXPICFLAGS='$(CXX17PICFLAGS)' SHLIB_LDFLAGS='$(SHLIB_CXX17LDFLAGS)' SHLIB_LD='$(SHLIB_CXX17LD)' SHLIB='file2681de33f03f0.so' OBJECTS='file2681de33f03f0.o'

make would use
g++ -std=gnu++17 -I"/cvmfs/soft.computecanada.ca/easybuild/software/2023/x86-64-v3/Compiler/gcccore/r/4.3.1/lib64/R/include" -DNDEBUG   -I"/home/melanson/R/x86_64-pc-linux-gnu-library/4.3/Rcpp/include/"  -I"/home/melanson/R/x86_64-pc-linux-gnu-library/4.3/RcppEigen/include/"  -I"/home/melanson/R/x86_64-pc-linux-gnu-library/4.3/RcppEigen/include/unsupported"  -I"/home/melanson/R/x86_64-pc-linux-gnu-library/4.3/BH/include" -I"/home/melanson/R/x86_64-pc-linux-gnu-library/4.3/StanHeaders/include/src/"  -I"/home/melanson/R/x86_64-pc-linux-gnu-library/4.3/StanHeaders/include/"  -I"/home/melanson/R/x86_64-pc-linux-gnu-library/4.3/RcppParallel/include/"  -I"/home/melanson/R/x86_64-pc-linux-gnu-library/4.3/rstan/include" -DEIGEN_NO_DEBUG  -DBOOST_DISABLE_ASSERTS  -DBOOST_PENDING_INTEGER_LOG2_HPP  -DSTAN_THREADS  -DUSE_STANC3 -DSTRICT_R_HEADERS  -DBOOST_PHOENIX_NO_VARIADIC_EXPRESSION  -D_HAS_AUTO_PTR_ETC=0  -include '/home/melanson/R/x86_64-pc-linux-gnu-library/4.3/StanHeaders/include/stan/math/prim/fun/Eigen.hpp'  -D_REENTRANT -DRCPP_PARALLEL_USE_TBB=1   -I/cvmfs/soft.computecanada.ca/easybuild/software/2023/x86-64-v3/Core/java/17.0.6/include -I/cvmfs/soft.computecanada.ca/easybuild/software/2023/x86-64-v3/Core/flexiblascore/3.3.1/include -I/cvmfs/soft.computecanada.ca/easybuild/software/2023/x86-64-v3/Core/flexiblascore/3.3.1/include/flexiblas    -fpic  -O2 -ftree-vectorize -march=x86-64-v3 -fno-math-errno  -c file2681de33f03f0.cpp -o file2681de33f03f0.o
if test  "zfile2681de33f03f0.o" != "z"; then \
  echo g++ -std=gnu++17 -shared -L"/cvmfs/soft.computecanada.ca/easybuild/software/2023/x86-64-v3/Compiler/gcccore/r/4.3.1/lib64/R/lib"  -o file2681de33f03f0.so file2681de33f03f0.o  '/home/melanson/R/x86_64-pc-linux-gnu-library/4.3/rstan/lib//libStanServices.a' -L'/home/melanson/R/x86_64-pc-linux-gnu-library/4.3/StanHeaders/lib/' -lStanHeaders -L'/home/melanson/R/x86_64-pc-linux-gnu-library/4.3/RcppParallel/lib/' -ltbb   -L"/cvmfs/soft.computecanada.ca/easybuild/software/2023/x86-64-v3/Compiler/gcccore/r/4.3.1/lib64/R/lib" -lR; \
  g++ -std=gnu++17 -shared -L"/cvmfs/soft.computecanada.ca/easybuild/software/2023/x86-64-v3/Compiler/gcccore/r/4.3.1/lib64/R/lib"  -o file2681de33f03f0.so file2681de33f03f0.o  '/home/melanson/R/x86_64-pc-linux-gnu-library/4.3/rstan/lib//libStanServices.a' -L'/home/melanson/R/x86_64-pc-linux-gnu-library/4.3/StanHeaders/lib/' -lStanHeaders -L'/home/melanson/R/x86_64-pc-linux-gnu-library/4.3/RcppParallel/lib/' -ltbb   -L"/cvmfs/soft.computecanada.ca/easybuild/software/2023/x86-64-v3/Compiler/gcccore/r/4.3.1/lib64/R/lib" -lR; \
fi

CHECKING DATA AND PREPROCESSING FOR MODEL 'anon_model' NOW.

COMPILING MODEL 'anon_model' NOW.

STARTING SAMPLER FOR MODEL 'anon_model' NOW.

CHECKING DATA AND PREPROCESSING FOR MODEL 'anon_model' NOW.

COMPILING MODEL 'anon_model' NOW.

STARTING SAMPLER FOR MODEL 'anon_model' NOW.

CHECKING DATA AND PREPROCESSING FOR MODEL 'anon_model' NOW.

COMPILING MODEL 'anon_model' NOW.

STARTING SAMPLER FOR MODEL 'anon_model' NOW.

CHECKING DATA AND PREPROCESSING FOR MODEL 'anon_model' NOW.

COMPILING MODEL 'anon_model' NOW.

STARTING SAMPLER FOR MODEL 'anon_model' NOW.

SAMPLING FOR MODEL 'anon_model' NOW (CHAIN 1).

SAMPLING FOR MODEL 'anon_model' NOW (CHAIN 2).

CHECKING DATA AND PREPROCESSING FOR MODEL 'anon_model' NOW.

COMPILING MODEL 'anon_model' NOW.

STARTING SAMPLER FOR MODEL 'anon_model' NOW.

SAMPLING FOR MODEL 'anon_model' NOW (CHAIN 3).

SAMPLING FOR MODEL 'anon_model' NOW (CHAIN 4).
Chain 1: 
Chain 1: Gradient evaluation took 0.035802 seconds
Chain 1: 1000 transitions using 10 leapfrog steps per transition would take 358.02 seconds.
Chain 1: Adjust your expectations accordingly!
Chain 1: 
Chain 1: 
Chain 2: 
Chain 2: Gradient evaluation took 0.035418 seconds
Chain 2: 1000 transitions using 10 leapfrog steps per transition would take 354.18 seconds.
Chain 2: Adjust your expectations accordingly!
Chain 2: 
Chain 2: 
Chain 3: 
Chain 3: Gradient evaluation took 0.035797 seconds
Chain 3: 1000 transitions using 10 leapfrog steps per transition would take 357.97 seconds.
Chain 3: Adjust your expectations accordingly!
Chain 3: 
Chain 3: 
Chain 4: 
Chain 4: Gradient evaluation took 0.035504 seconds
Chain 4: 1000 transitions using 10 leapfrog steps per transition would take 355.04 seconds.
Chain 4: Adjust your expectations accordingly!
Chain 4: 
Chain 4: 
Chain 1: Iteration:    1 / 10000 [  0%]  (Warmup)
Chain 3: Iteration:    1 / 10000 [  0%]  (Warmup)
Chain 2: Iteration:    1 / 10000 [  0%]  (Warmup)
Chain 4: Iteration:    1 / 10000 [  0%]  (Warmup)
Chain 4: Iteration: 1000 / 10000 [ 10%]  (Warmup)
Chain 2: Iteration: 1000 / 10000 [ 10%]  (Warmup)
Chain 3: Iteration: 1000 / 10000 [ 10%]  (Warmup)
Chain 1: Iteration: 1000 / 10000 [ 10%]  (Warmup)
Chain 2: Iteration: 2000 / 10000 [ 20%]  (Warmup)
Chain 3: Iteration: 2000 / 10000 [ 20%]  (Warmup)
Chain 4: Iteration: 2000 / 10000 [ 20%]  (Warmup)
Chain 1: Iteration: 2000 / 10000 [ 20%]  (Warmup)
Chain 2: Iteration: 3000 / 10000 [ 30%]  (Warmup)
Chain 3: Iteration: 3000 / 10000 [ 30%]  (Warmup)
Chain 1: Iteration: 3000 / 10000 [ 30%]  (Warmup)
Chain 4: Iteration: 3000 / 10000 [ 30%]  (Warmup)
Chain 3: Iteration: 4000 / 10000 [ 40%]  (Warmup)
Chain 2: Iteration: 4000 / 10000 [ 40%]  (Warmup)
Chain 1: Iteration: 4000 / 10000 [ 40%]  (Warmup)
Chain 4: Iteration: 4000 / 10000 [ 40%]  (Warmup)
Chain 3: Iteration: 5000 / 10000 [ 50%]  (Warmup)
Chain 3: Iteration: 5001 / 10000 [ 50%]  (Sampling)
Chain 2: Iteration: 5000 / 10000 [ 50%]  (Warmup)
Chain 2: Iteration: 5001 / 10000 [ 50%]  (Sampling)
Chain 1: Iteration: 5000 / 10000 [ 50%]  (Warmup)
Chain 1: Iteration: 5001 / 10000 [ 50%]  (Sampling)
Chain 4: Iteration: 5000 / 10000 [ 50%]  (Warmup)
Chain 4: Iteration: 5001 / 10000 [ 50%]  (Sampling)
Chain 3: Iteration: 6000 / 10000 [ 60%]  (Sampling)
Chain 2: Iteration: 6000 / 10000 [ 60%]  (Sampling)
Chain 1: Iteration: 6000 / 10000 [ 60%]  (Sampling)
Chain 4: Iteration: 6000 / 10000 [ 60%]  (Sampling)
Chain 2: Iteration: 7000 / 10000 [ 70%]  (Sampling)
Chain 3: Iteration: 7000 / 10000 [ 70%]  (Sampling)
Chain 1: Iteration: 7000 / 10000 [ 70%]  (Sampling)
Chain 4: Iteration: 7000 / 10000 [ 70%]  (Sampling)
Chain 2: Iteration: 8000 / 10000 [ 80%]  (Sampling)
Chain 3: Iteration: 8000 / 10000 [ 80%]  (Sampling)
Chain 1: Iteration: 8000 / 10000 [ 80%]  (Sampling)
Chain 4: Iteration: 8000 / 10000 [ 80%]  (Sampling)
Chain 2: Iteration: 9000 / 10000 [ 90%]  (Sampling)
Chain 3: Iteration: 9000 / 10000 [ 90%]  (Sampling)
Chain 1: Iteration: 9000 / 10000 [ 90%]  (Sampling)
Chain 4: Iteration: 9000 / 10000 [ 90%]  (Sampling)
Chain 2: Iteration: 10000 / 10000 [100%]  (Sampling)
Chain 2: 
Chain 2:  Elapsed Time: 3705.47 seconds (Warm-up)
Chain 2:                3670.07 seconds (Sampling)
Chain 2:                7375.54 seconds (Total)
Chain 2: 
Chain 3: Iteration: 10000 / 10000 [100%]  (Sampling)
Chain 3: 
Chain 3:  Elapsed Time: 3695.61 seconds (Warm-up)
Chain 3:                3696.08 seconds (Sampling)
Chain 3:                7391.69 seconds (Total)
Chain 3: 
Chain 1: Iteration: 10000 / 10000 [100%]  (Sampling)
Chain 1: 
Chain 1:  Elapsed Time: 3747.78 seconds (Warm-up)
Chain 1:                3690.86 seconds (Sampling)
Chain 1:                7438.63 seconds (Total)
Chain 1: 
Chain 4: Iteration: 10000 / 10000 [100%]  (Sampling)
Chain 4: 
Chain 4:  Elapsed Time: 3812.29 seconds (Warm-up)
Chain 4:                3785.23 seconds (Sampling)
Chain 4:                7597.52 seconds (Total)
Chain 4: 
[1] "Model complete."
[1] "Model saved."
