
TRANSLATING MODEL '' FROM Stan CODE TO C++ CODE NOW.

CHECKING DATA AND PREPROCESSING FOR MODEL 'anon_model' NOW.

COMPILING MODEL 'anon_model' NOW.

STARTING SAMPLER FOR MODEL 'anon_model' NOW.

CHECKING DATA AND PREPROCESSING FOR MODEL 'anon_model' NOW.

COMPILING MODEL 'anon_model' NOW.

STARTING SAMPLER FOR MODEL 'anon_model' NOW.

SAMPLING FOR MODEL 'anon_model' NOW (CHAIN 1).

CHECKING DATA AND PREPROCESSING FOR MODEL 'anon_model' NOW.

COMPILING MODEL 'anon_model' NOW.

STARTING SAMPLER FOR MODEL 'anon_model' NOW.

CHECKING DATA AND PREPROCESSING FOR MODEL 'anon_model' NOW.

COMPILING MODEL 'anon_model' NOW.

STARTING SAMPLER FOR MODEL 'anon_model' NOW.


CHECKING DATA AND PREPROCESSING FOR MODEL 'SAMPLINGanon_model FOR MODEL '' NOW.
anon_model' NOW (CHAIN 2).


COMPILING MODEL 'SAMPLINGanon_model FOR MODEL '' NOW.
anon_model' NOW (CHAIN 
3STARTING SAMPLER FOR MODEL ').
anon_model' NOW.

SAMPLING FOR MODEL 'anon_model' NOW (CHAIN 4).
Chain 1: 
Chain 1: Gradient evaluation took 0.011804 seconds
Chain 1: 1000 transitions using 10 leapfrog steps per transition would take 118.04 seconds.
Chain 1: Adjust your expectations accordingly!
Chain 1: 
Chain 1: 
Chain 2: 
Chain 2: Gradient evaluation took 0.010211 seconds
Chain 2: 1000 transitions using 10 leapfrog steps per transition would take 102.11 seconds.
Chain 2: Adjust your expectations accordingly!
Chain 2: 
Chain 2: 
Chain 4: 
Chain 4: Gradient evaluation took 0.009923 seconds
Chain 4: Chain 1000 transitions using 10 leapfrog steps per transition would take 99.23 seconds.3
: Chain 
4Chain : 3Adjust your expectations accordingly!: 
Gradient evaluation took 0.009971 secondsChain 
4Chain : 3
: Chain 1000 transitions using 10 leapfrog steps per transition would take 99.71 seconds.4
: Chain 
3: Adjust your expectations accordingly!
Chain 3: 
Chain 3: 
Chain 3: Iteration:    1 / 10000 [  0%]  (Warmup)
Chain 2: Iteration:    1 / 10000 [  0%]  (Warmup)
Chain 1: Iteration:    1 / 10000 [  0%]  (Warmup)
Chain 4: Iteration:    1 / 10000 [  0%]  (Warmup)
Chain 2: Iteration: 1000 / 10000 [ 10%]  (Warmup)
Chain 2: Iteration: 1001 / 10000 [ 10%]  (Sampling)
Chain 1: Iteration: 1000 / 10000 [ 10%]  (Warmup)
Chain 1: Iteration: 1001 / 10000 [ 10%]  (Sampling)
Chain 3: Iteration: 1000 / 10000 [ 10%]  (Warmup)
Chain 4: Iteration: 1000 / 10000 [ 10%]  (Warmup)
Chain 3: Iteration: 1001 / 10000 [ 10%]  (Sampling)
Chain 4: Iteration: 1001 / 10000 [ 10%]  (Sampling)
Chain 2: Iteration: 2000 / 10000 [ 20%]  (Sampling)
Chain 1: Iteration: 2000 / 10000 [ 20%]  (Sampling)
Chain 2: Iteration: 3000 / 10000 [ 30%]  (Sampling)
Chain 1: Iteration: 3000 / 10000 [ 30%]  (Sampling)
Chain 3: Iteration: 2000 / 10000 [ 20%]  (Sampling)
Chain 2: Iteration: 4000 / 10000 [ 40%]  (Sampling)
Chain 1: Iteration: 4000 / 10000 [ 40%]  (Sampling)
Chain 2: Iteration: 5000 / 10000 [ 50%]  (Sampling)
Chain 1: Iteration: 5000 / 10000 [ 50%]  (Sampling)
Chain 4: Iteration: 2000 / 10000 [ 20%]  (Sampling)
Chain 3: Iteration: 3000 / 10000 [ 30%]  (Sampling)
Chain 2: Iteration: 6000 / 10000 [ 60%]  (Sampling)
Chain 1: Iteration: 6000 / 10000 [ 60%]  (Sampling)
Chain 2: Iteration: 7000 / 10000 [ 70%]  (Sampling)
Chain 1: Iteration: 7000 / 10000 [ 70%]  (Sampling)
Chain 3: Iteration: 4000 / 10000 [ 40%]  (Sampling)
Chain 2: Iteration: 8000 / 10000 [ 80%]  (Sampling)
Chain 1: Iteration: 8000 / 10000 [ 80%]  (Sampling)
Chain 2: Iteration: 9000 / 10000 [ 90%]  (Sampling)
Chain 4: Iteration: 3000 / 10000 [ 30%]  (Sampling)
Chain 3: Iteration: 5000 / 10000 [ 50%]  (Sampling)
Chain 1: Iteration: 9000 / 10000 [ 90%]  (Sampling)
Chain 2: Iteration: 10000 / 10000 [100%]  (Sampling)
Chain 2: 
Chain 2:  Elapsed Time: 5673.07 seconds (Warm-up)
Chain 2:                7295.14 seconds (Sampling)
Chain 2:                12968.2 seconds (Total)
Chain 2: 
Chain 1: Iteration: 10000 / 10000 [100%]  (Sampling)
Chain 1: 
Chain 1:  Elapsed Time: 5850.82 seconds (Warm-up)
Chain 1:                7318.4 seconds (Sampling)
Chain 1:                13169.2 seconds (Total)
Chain 1: 
Chain 3: Iteration: 6000 / 10000 [ 60%]  (Sampling)
Chain 4: Iteration: 4000 / 10000 [ 40%]  (Sampling)
Chain 3: Iteration: 7000 / 10000 [ 70%]  (Sampling)
Chain 3: Iteration: 8000 / 10000 [ 80%]  (Sampling)
Chain 4: Iteration: 5000 / 10000 [ 50%]  (Sampling)
Chain 3: Iteration: 9000 / 10000 [ 90%]  (Sampling)
Chain 3: Iteration: 10000 / 10000 [100%]  (Sampling)
Chain 3: 
Chain 3:  Elapsed Time: 5960.2 seconds (Warm-up)
Chain 3:                14248.8 seconds (Sampling)
Chain 3:                20209 seconds (Total)
Chain 3: 
Chain 4: Iteration: 6000 / 10000 [ 60%]  (Sampling)
Chain 4: Iteration: 7000 / 10000 [ 70%]  (Sampling)
Chain 4: Iteration: 8000 / 10000 [ 80%]  (Sampling)
Chain 4: Iteration: 9000 / 10000 [ 90%]  (Sampling)
Chain 4: Iteration: 10000 / 10000 [100%]  (Sampling)
Chain 4: 
Chain 4:  Elapsed Time: 5960.78 seconds (Warm-up)
Chain 4:                28352.7 seconds (Sampling)
Chain 4:                34313.5 seconds (Total)
Chain 4: 
[1] "Model complete."
[1] "Model saved."
