
TRANSLATING MODEL '' FROM Stan CODE TO C++ CODE NOW.
OS: x86_64, linux-gnu; rstan: 2.32.7; Rcpp: 1.0.14; inline: 0.3.21 
 >> setting environment variables: 
PKG_LIBS =  '/home/melanson/R/x86_64-pc-linux-gnu-library/4.3/rstan/lib//libStanServices.a' -L'/home/melanson/R/x86_64-pc-linux-gnu-library/4.3/StanHeaders/lib/' -lStanHeaders -L'/home/melanson/R/x86_64-pc-linux-gnu-library/4.3/RcppParallel/lib/' -ltbb 
PKG_CPPFLAGS =   -I"/home/melanson/R/x86_64-pc-linux-gnu-library/4.3/Rcpp/include/"  -I"/home/melanson/R/x86_64-pc-linux-gnu-library/4.3/RcppEigen/include/"  -I"/home/melanson/R/x86_64-pc-linux-gnu-library/4.3/RcppEigen/include/unsupported"  -I"/home/melanson/R/x86_64-pc-linux-gnu-library/4.3/BH/include" -I"/home/melanson/R/x86_64-pc-linux-gnu-library/4.3/StanHeaders/include/src/"  -I"/home/melanson/R/x86_64-pc-linux-gnu-library/4.3/StanHeaders/include/"  -I"/home/melanson/R/x86_64-pc-linux-gnu-library/4.3/RcppParallel/include/"  -I"/home/melanson/R/x86_64-pc-linux-gnu-library/4.3/rstan/include" -DEIGEN_NO_DEBUG  -DBOOST_DISABLE_ASSERTS  -DBOOST_PENDING_INTEGER_LOG2_HPP  -DSTAN_THREADS  -DUSE_STANC3 -DSTRICT_R_HEADERS  -DBOOST_PHOENIX_NO_VARIADIC_EXPRESSION  -D_HAS_AUTO_PTR_ETC=0  -include '/home/melanson/R/x86_64-pc-linux-gnu-library/4.3/StanHeaders/include/stan/math/prim/fun/Eigen.hpp'  -D_REENTRANT -DRCPP_PARALLEL_USE_TBB=1 
 >> Program source :

   1 : 
   2 : // includes from the plugin
   3 : // [[Rcpp::plugins(cpp14)]]
   4 : 
   5 : 
   6 : // user includes
   7 : #include <Rcpp.h>
   8 : using namespace Rcpp;
   9 : #ifndef MODELS_HPP
  10 : #define MODELS_HPP
  11 : #define STAN__SERVICES__COMMAND_HPP
  12 : #include <rstan/rstaninc.hpp>
  13 : #ifndef USE_STANC3
  14 : #define USE_STANC3
  15 : #endif
  16 : // Code generated by stanc v2.32.2
  17 : #include <stan/model/model_header.hpp>
  18 : namespace model2aab4f412c9bb1__namespace {
  19 : using stan::model::model_base_crtp;
  20 : using namespace stan::math;
  21 : stan::math::profile_map profiles__;
  22 : static constexpr std::array<const char*, 56> locations_array__ =
  23 :   {" (found before start of program)",
  24 :   " (in 'anon_model', line 15, column 0 to column 19)",
  25 :   " (in 'anon_model', line 16, column 0 to column 20)",
  26 :   " (in 'anon_model', line 17, column 0 to column 18)",
  27 :   " (in 'anon_model', line 18, column 0 to column 11)",
  28 :   " (in 'anon_model', line 19, column 0 to column 8)",
  29 :   " (in 'anon_model', line 20, column 0 to column 14)",
  30 :   " (in 'anon_model', line 21, column 0 to column 15)",
  31 :   " (in 'anon_model', line 25, column 0 to column 62)",
  32 :   " (in 'anon_model', line 28, column 2 to column 25)",
  33 :   " (in 'anon_model', line 29, column 2 to column 27)",
  34 :   " (in 'anon_model', line 30, column 2 to column 23)",
  35 :   " (in 'anon_model', line 31, column 2 to column 22)",
  36 :   " (in 'anon_model', line 33, column 2 to column 23)",
  37 :   " (in 'anon_model', line 34, column 2 to column 27)",
  38 :   " (in 'anon_model', line 35, column 2 to column 29)",
  39 :   " (in 'anon_model', line 36, column 2 to column 29)",
  40 :   " (in 'anon_model', line 44, column 7 to column 8)",
  41 :   " (in 'anon_model', line 44, column 9 to column 10)",
  42 :   " (in 'anon_model', line 44, column 0 to column 16)",
  43 :   " (in 'anon_model', line 45, column 7 to column 8)",
  44 :   " (in 'anon_model', line 45, column 9 to column 10)",
  45 :   " (in 'anon_model', line 45, column 0 to column 19)",
  46 :   " (in 'anon_model', line 47, column 0 to column 27)",
  47 :   " (in 'anon_model', line 48, column 0 to column 25)",
  48 :   " (in 'anon_model', line 49, column 0 to column 26)",
  49 :   " (in 'anon_model', line 50, column 0 to column 24)",
  50 :   " (in 'anon_model', line 51, column 0 to column 27)",
  51 :   " (in 'anon_model', line 53, column 0 to column 19)",
  52 :   " (in 'anon_model', line 54, column 0 to column 20)",
  53 :   " (in 'anon_model', line 58, column 4 to column 88)",
  54 :   " (in 'anon_model', line 59, column 4 to column 89)",
  55 :   " (in 'anon_model', line 60, column 4 to column 40)",
  56 :   " (in 'anon_model', line 57, column 15 to line 61, column 3)",
  57 :   " (in 'anon_model', line 57, column 2 to line 61, column 3)",
  58 :   " (in 'anon_model', line 56, column 13 to line 62, column 1)",
  59 :   " (in 'anon_model', line 56, column 0 to line 62, column 1)",
  60 :   " (in 'anon_model', line 3, column 0 to column 15)",
  61 :   " (in 'anon_model', line 4, column 0 to column 15)",
  62 :   " (in 'anon_model', line 5, column 7 to column 8)",
  63 :   " (in 'anon_model', line 5, column 0 to column 18)",
  64 :   " (in 'anon_model', line 6, column 6 to column 7)",
  65 :   " (in 'anon_model', line 6, column 9 to column 10)",
  66 :   " (in 'anon_model', line 6, column 0 to column 12)",
  67 :   " (in 'anon_model', line 7, column 0 to column 16)",
  68 :   " (in 'anon_model', line 8, column 0 to column 16)",
  69 :   " (in 'anon_model', line 9, column 7 to column 8)",
  70 :   " (in 'anon_model', line 9, column 0 to column 17)",
  71 :   " (in 'anon_model', line 10, column 0 to column 22)",
  72 :   " (in 'anon_model', line 11, column 0 to column 22)",
  73 :   " (in 'anon_model', line 12, column 0 to column 22)",
  74 :   " (in 'anon_model', line 20, column 7 to column 8)",
  75 :   " (in 'anon_model', line 21, column 7 to column 8)",
  76 :   " (in 'anon_model', line 25, column 7 to column 8)",
  77 :   " (in 'anon_model', line 30, column 9 to column 10)",
  78 :   " (in 'anon_model', line 31, column 9 to column 10)"};
  79 : class model2aab4f412c9bb1_ final : public model_base_crtp<model2aab4f412c9bb1_> {
  80 : private:
  81 :   int C;
  82 :   int K;
  83 :   Eigen::Matrix<double,-1,-1> trap_data__;
  84 :   std::vector<std::vector<int>> y;
  85 :   double lowerbound;
  86 :   double upperbound;
  87 :   Eigen::Matrix<double,-1,1> floral_data__;
  88 :   double priorVa;
  89 :   double priorBe;
  90 :   double priorCo;
  91 :   Eigen::Map<Eigen::Matrix<double,-1,-1>> trap{nullptr, 0, 0};
  92 :   Eigen::Map<Eigen::Matrix<double,-1,1>> floral{nullptr, 0};
  93 : public:
  94 :   ~model2aab4f412c9bb1_() {}
  95 :   model2aab4f412c9bb1_(stan::io::var_context& context__, unsigned int
  96 :                        random_seed__ = 0, std::ostream* pstream__ = nullptr)
  97 :       : model_base_crtp(0) {
  98 :     int current_statement__ = 0;
  99 :     using local_scalar_t__ = double;
 100 :     boost::ecuyer1988 base_rng__ =
 101 :       stan::services::util::create_rng(random_seed__, 0);
 102 :     // suppress unused var warning
 103 :     (void) base_rng__;
 104 :     static constexpr const char* function__ =
 105 :       "model2aab4f412c9bb1__namespace::model2aab4f412c9bb1_";
 106 :     // suppress unused var warning
 107 :     (void) function__;
 108 :     local_scalar_t__ DUMMY_VAR__(std::numeric_limits<double>::quiet_NaN());
 109 :     // suppress unused var warning
 110 :     (void) DUMMY_VAR__;
 111 :     try {
 112 :       int pos__ = std::numeric_limits<int>::min();
 113 :       pos__ = 1;
 114 :       current_statement__ = 37;
 115 :       context__.validate_dims("data initialization", "C", "int",
 116 :         std::vector<size_t>{});
 117 :       C = std::numeric_limits<int>::min();
 118 :       current_statement__ = 37;
 119 :       C = context__.vals_i("C")[(1 - 1)];
 120 :       current_statement__ = 37;
 121 :       stan::math::check_greater_or_equal(function__, "C", C, 1);
 122 :       current_statement__ = 38;
 123 :       context__.validate_dims("data initialization", "K", "int",
 124 :         std::vector<size_t>{});
 125 :       K = std::numeric_limits<int>::min();
 126 :       current_statement__ = 38;
 127 :       K = context__.vals_i("K")[(1 - 1)];
 128 :       current_statement__ = 38;
 129 :       stan::math::check_greater_or_equal(function__, "K", K, 1);
 130 :       current_statement__ = 39;
 131 :       stan::math::validate_non_negative_index("trap", "K", K);
 132 :       current_statement__ = 40;
 133 :       context__.validate_dims("data initialization", "trap", "double",
 134 :         std::vector<size_t>{static_cast<size_t>(K), static_cast<size_t>(2)});
 135 :       trap_data__ = Eigen::Matrix<double,-1,-1>::Constant(K, 2,
 136 :                       std::numeric_limits<double>::quiet_NaN());
 137 :       new (&trap) Eigen::Map<Eigen::Matrix<double,-1,-1>>(trap_data__.data(),
 138 :         K, 2);
 139 :       {
 140 :         std::vector<local_scalar_t__> trap_flat__;
 141 :         current_statement__ = 40;
 142 :         trap_flat__ = context__.vals_r("trap");
 143 :         current_statement__ = 40;
 144 :         pos__ = 1;
 145 :         current_statement__ = 40;
 146 :         for (int sym1__ = 1; sym1__ <= 2; ++sym1__) {
 147 :           current_statement__ = 40;
 148 :           for (int sym2__ = 1; sym2__ <= K; ++sym2__) {
 149 :             current_statement__ = 40;
 150 :             stan::model::assign(trap, trap_flat__[(pos__ - 1)],
 151 :               "assigning variable trap", stan::model::index_uni(sym2__),
 152 :               stan::model::index_uni(sym1__));
 153 :             current_statement__ = 40;
 154 :             pos__ = (pos__ + 1);
 155 :           }
 156 :         }
 157 :       }
 158 :       current_statement__ = 41;
 159 :       stan::math::validate_non_negative_index("y", "C", C);
 160 :       current_statement__ = 42;
 161 :       stan::math::validate_non_negative_index("y", "K", K);
 162 :       current_statement__ = 43;
 163 :       context__.validate_dims("data initialization", "y", "int",
 164 :         std::vector<size_t>{static_cast<size_t>(C), static_cast<size_t>(K)});
 165 :       y = std::vector<std::vector<int>>(C,
 166 :             std::vector<int>(K, std::numeric_limits<int>::min()));
 167 :       {
 168 :         std::vector<int> y_flat__;
 169 :         current_statement__ = 43;
 170 :         y_flat__ = context__.vals_i("y");
 171 :         current_statement__ = 43;
 172 :         pos__ = 1;
 173 :         current_statement__ = 43;
 174 :         for (int sym1__ = 1; sym1__ <= K; ++sym1__) {
 175 :           current_statement__ = 43;
 176 :           for (int sym2__ = 1; sym2__ <= C; ++sym2__) {
 177 :             current_statement__ = 43;
 178 :             stan::model::assign(y, y_flat__[(pos__ - 1)],
 179 :               "assigning variable y", stan::model::index_uni(sym2__),
 180 :               stan::model::index_uni(sym1__));
 181 :             current_statement__ = 43;
 182 :             pos__ = (pos__ + 1);
 183 :           }
 184 :         }
 185 :       }
 186 :       current_statement__ = 44;
 187 :       context__.validate_dims("data initialization", "lowerbound", "double",
 188 :         std::vector<size_t>{});
 189 :       lowerbound = std::numeric_limits<double>::quiet_NaN();
 190 :       current_statement__ = 44;
 191 :       lowerbound = context__.vals_r("lowerbound")[(1 - 1)];
 192 :       current_statement__ = 45;
 193 :       context__.validate_dims("data initialization", "upperbound", "double",
 194 :         std::vector<size_t>{});
 195 :       upperbound = std::numeric_limits<double>::quiet_NaN();
 196 :       current_statement__ = 45;
 197 :       upperbound = context__.vals_r("upperbound")[(1 - 1)];
 198 :       current_statement__ = 46;
 199 :       stan::math::validate_non_negative_index("floral", "K", K);
 200 :       current_statement__ = 47;
 201 :       context__.validate_dims("data initialization", "floral", "double",
 202 :         std::vector<size_t>{static_cast<size_t>(K)});
 203 :       floral_data__ = Eigen::Matrix<double,-1,1>::Constant(K,
 204 :                         std::numeric_limits<double>::quiet_NaN());
 205 :       new (&floral)
 206 :         Eigen::Map<Eigen::Matrix<double,-1,1>>(floral_data__.data(), K);
 207 :       {
 208 :         std::vector<local_scalar_t__> floral_flat__;
 209 :         current_statement__ = 47;
 210 :         floral_flat__ = context__.vals_r("floral");
 211 :         current_statement__ = 47;
 212 :         pos__ = 1;
 213 :         current_statement__ = 47;
 214 :         for (int sym1__ = 1; sym1__ <= K; ++sym1__) {
 215 :           current_statement__ = 47;
 216 :           stan::model::assign(floral, floral_flat__[(pos__ - 1)],
 217 :             "assigning variable floral", stan::model::index_uni(sym1__));
 218 :           current_statement__ = 47;
 219 :           pos__ = (pos__ + 1);
 220 :         }
 221 :       }
 222 :       current_statement__ = 48;
 223 :       context__.validate_dims("data initialization", "priorVa", "double",
 224 :         std::vector<size_t>{});
 225 :       priorVa = std::numeric_limits<double>::quiet_NaN();
 226 :       current_statement__ = 48;
 227 :       priorVa = context__.vals_r("priorVa")[(1 - 1)];
 228 :       current_statement__ = 48;
 229 :       stan::math::check_greater_or_equal(function__, "priorVa", priorVa, 0);
 230 :       current_statement__ = 49;
 231 :       context__.validate_dims("data initialization", "priorBe", "double",
 232 :         std::vector<size_t>{});
 233 :       priorBe = std::numeric_limits<double>::quiet_NaN();
 234 :       current_statement__ = 49;
 235 :       priorBe = context__.vals_r("priorBe")[(1 - 1)];
 236 :       current_statement__ = 49;
 237 :       stan::math::check_greater_or_equal(function__, "priorBe", priorBe, 0);
 238 :       current_statement__ = 50;
 239 :       context__.validate_dims("data initialization", "priorCo", "double",
 240 :         std::vector<size_t>{});
 241 :       priorCo = std::numeric_limits<double>::quiet_NaN();
 242 :       current_statement__ = 50;
 243 :       priorCo = context__.vals_r("priorCo")[(1 - 1)];
 244 :       current_statement__ = 50;
 245 :       stan::math::check_greater_or_equal(function__, "priorCo", priorCo, 0);
 246 :       current_statement__ = 51;
 247 :       stan::math::validate_non_negative_index("eps", "K", K);
 248 :       current_statement__ = 52;
 249 :       stan::math::validate_non_negative_index("zeta", "C", C);
 250 :       current_statement__ = 53;
 251 :       stan::math::validate_non_negative_index("delta", "C", C);
 252 :       current_statement__ = 54;
 253 :       stan::math::validate_non_negative_index("zeta_scale", "C", C);
 254 :       current_statement__ = 55;
 255 :       stan::math::validate_non_negative_index("eps_scale", "K", K);
 256 :     } catch (const std::exception& e) {
 257 :       stan::lang::rethrow_located(e, locations_array__[current_statement__]);
 258 :     }
 259 :     num_params_r__ = 1 + 1 + 1 + 1 + 1 + K + C + (C * 2);
 260 :   }
 261 :   inline std::string model_name() const final {
 262 :     return "model2aab4f412c9bb1_";
 263 :   }
 264 :   inline std::vector<std::string> model_compile_info() const noexcept {
 265 :     return std::vector<std::string>{"stanc_version = stanc3 v2.32.2",
 266 :              "stancflags = --"};
 267 :   }
 268 :   template <bool propto__, bool jacobian__, typename VecR, typename VecI,
 269 :             stan::require_vector_like_t<VecR>* = nullptr,
 270 :             stan::require_vector_like_vt<std::is_integral, VecI>* = nullptr>
 271 :   inline stan::scalar_type_t<VecR>
 272 :   log_prob_impl(VecR& params_r__, VecI& params_i__, std::ostream*
 273 :                 pstream__ = nullptr) const {
 274 :     using T__ = stan::scalar_type_t<VecR>;
 275 :     using local_scalar_t__ = T__;
 276 :     T__ lp__(0.0);
 277 :     stan::math::accumulator<T__> lp_accum__;
 278 :     stan::io::deserializer<local_scalar_t__> in__(params_r__, params_i__);
 279 :     int current_statement__ = 0;
 280 :     local_scalar_t__ DUMMY_VAR__(std::numeric_limits<double>::quiet_NaN());
 281 :     // suppress unused var warning
 282 :     (void) DUMMY_VAR__;
 283 :     static constexpr const char* function__ =
 284 :       "model2aab4f412c9bb1__namespace::log_prob";
 285 :     // suppress unused var warning
 286 :     (void) function__;
 287 :     try {
 288 :       local_scalar_t__ beta = DUMMY_VAR__;
 289 :       current_statement__ = 1;
 290 :       beta = in__.template read_constrain_lb<local_scalar_t__, jacobian__>(0,
 291 :                lp__);
 292 :       local_scalar_t__ sigma = DUMMY_VAR__;
 293 :       current_statement__ = 2;
 294 :       sigma = in__.template read_constrain_lb<local_scalar_t__,
 295 :                 jacobian__>(0, lp__);
 296 :       local_scalar_t__ tau = DUMMY_VAR__;
 297 :       current_statement__ = 3;
 298 :       tau = in__.template read_constrain_lb<local_scalar_t__, jacobian__>(0,
 299 :               lp__);
 300 :       local_scalar_t__ theta = DUMMY_VAR__;
 301 :       current_statement__ = 4;
 302 :       theta = in__.template read<local_scalar_t__>();
 303 :       local_scalar_t__ mu = DUMMY_VAR__;
 304 :       current_statement__ = 5;
 305 :       mu = in__.template read<local_scalar_t__>();
 306 :       Eigen::Matrix<local_scalar_t__,-1,1> eps =
 307 :         Eigen::Matrix<local_scalar_t__,-1,1>::Constant(K, DUMMY_VAR__);
 308 :       current_statement__ = 6;
 309 :       eps = in__.template read<Eigen::Matrix<local_scalar_t__,-1,1>>(K);
 310 :       Eigen::Matrix<local_scalar_t__,-1,1> zeta =
 311 :         Eigen::Matrix<local_scalar_t__,-1,1>::Constant(C, DUMMY_VAR__);
 312 :       current_statement__ = 7;
 313 :       zeta = in__.template read<Eigen::Matrix<local_scalar_t__,-1,1>>(C);
 314 :       std::vector<Eigen::Matrix<local_scalar_t__,-1,1>> delta =
 315 :         std::vector<Eigen::Matrix<local_scalar_t__,-1,1>>(C,
 316 :           Eigen::Matrix<local_scalar_t__,-1,1>::Constant(2, DUMMY_VAR__));
 317 :       current_statement__ = 8;
 318 :       delta = in__.template read_constrain_lub<
 319 :                 std::vector<Eigen::Matrix<local_scalar_t__,-1,1>>,
 320 :                 jacobian__>(lowerbound, upperbound, lp__, C, 2);
 321 :       local_scalar_t__ tau_sqrt = DUMMY_VAR__;
 322 :       local_scalar_t__ sigma_sqrt = DUMMY_VAR__;
 323 :       Eigen::Matrix<local_scalar_t__,-1,1> zeta_scale =
 324 :         Eigen::Matrix<local_scalar_t__,-1,1>::Constant(C, DUMMY_VAR__);
 325 :       Eigen::Matrix<local_scalar_t__,-1,1> eps_scale =
 326 :         Eigen::Matrix<local_scalar_t__,-1,1>::Constant(K, DUMMY_VAR__);
 327 :       current_statement__ = 13;
 328 :       tau_sqrt = stan::math::sqrt(tau);
 329 :       current_statement__ = 14;
 330 :       sigma_sqrt = stan::math::sqrt(sigma);
 331 :       current_statement__ = 15;
 332 :       stan::model::assign(eps_scale, stan::math::multiply(eps, sigma_sqrt),
 333 :         "assigning variable eps_scale");
 334 :       current_statement__ = 16;
 335 :       stan::model::assign(zeta_scale, stan::math::multiply(zeta, tau_sqrt),
 336 :         "assigning variable zeta_scale");
 337 :       current_statement__ = 9;
 338 :       stan::math::check_greater_or_equal(function__, "tau_sqrt", tau_sqrt, 0);
 339 :       current_statement__ = 10;
 340 :       stan::math::check_greater_or_equal(function__, "sigma_sqrt",
 341 :         sigma_sqrt, 0);
 342 :       {
 343 :         current_statement__ = 17;
 344 :         stan::math::validate_non_negative_index("dis", "C", C);
 345 :         current_statement__ = 18;
 346 :         stan::math::validate_non_negative_index("dis", "K", K);
 347 :         Eigen::Matrix<local_scalar_t__,-1,-1> dis =
 348 :           Eigen::Matrix<local_scalar_t__,-1,-1>::Constant(C, K, DUMMY_VAR__);
 349 :         current_statement__ = 20;
 350 :         stan::math::validate_non_negative_index("lambda", "C", C);
 351 :         current_statement__ = 21;
 352 :         stan::math::validate_non_negative_index("lambda", "K", K);
 353 :         Eigen::Matrix<local_scalar_t__,-1,-1> lambda =
 354 :           Eigen::Matrix<local_scalar_t__,-1,-1>::Constant(C, K, DUMMY_VAR__);
 355 :         current_statement__ = 23;
 356 :         lp_accum__.add(stan::math::normal_lpdf<propto__>(sigma, 0, priorVa));
 357 :         current_statement__ = 24;
 358 :         lp_accum__.add(stan::math::normal_lpdf<propto__>(tau, 0, priorVa));
 359 :         current_statement__ = 25;
 360 :         lp_accum__.add(stan::math::normal_lpdf<propto__>(beta, 0, priorBe));
 361 :         current_statement__ = 26;
 362 :         lp_accum__.add(stan::math::normal_lpdf<propto__>(mu, 0, priorCo));
 363 :         current_statement__ = 27;
 364 :         lp_accum__.add(stan::math::normal_lpdf<propto__>(theta, 0, priorCo));
 365 :         current_statement__ = 28;
 366 :         lp_accum__.add(stan::math::normal_lpdf<propto__>(eps, 0, 1));
 367 :         current_statement__ = 29;
 368 :         lp_accum__.add(stan::math::normal_lpdf<propto__>(zeta, 0, 1));
 369 :         current_statement__ = 36;
 370 :         for (int k = 1; k <= K; ++k) {
 371 :           current_statement__ = 34;
 372 :           for (int i = 1; i <= C; ++i) {
 373 :             current_statement__ = 30;
 374 :             stan::model::assign(dis,
 375 :               stan::math::sqrt(
 376 :                 (stan::math::square(
 377 :                    (stan::model::rvalue(
 378 :                       stan::model::rvalue(delta, "delta",
 379 :                         stan::model::index_uni(i)), "delta[i]",
 380 :                       stan::model::index_uni(1)) -
 381 :                    stan::model::rvalue(trap, "trap",
 382 :                      stan::model::index_uni(k), stan::model::index_uni(1))))
 383 :                 +
 384 :                 stan::math::square(
 385 :                   (stan::model::rvalue(
 386 :                      stan::model::rvalue(delta, "delta",
 387 :                        stan::model::index_uni(i)), "delta[i]",
 388 :                      stan::model::index_uni(2)) -
 389 :                   stan::model::rvalue(trap, "trap",
 390 :                     stan::model::index_uni(k), stan::model::index_uni(2)))))),
 391 :               "assigning variable dis", stan::model::index_uni(i),
 392 :               stan::model::index_uni(k));
 393 :             current_statement__ = 31;
 394 :             stan::model::assign(lambda, (((((-beta *
 395 :               stan::model::rvalue(dis, "dis", stan::model::index_uni(i),
 396 :                 stan::model::index_uni(k))) + (theta *
 397 :               stan::model::rvalue(floral, "floral", stan::model::index_uni(k))))
 398 :               + mu) +
 399 :               stan::model::rvalue(zeta_scale, "zeta_scale",
 400 :                 stan::model::index_uni(i))) +
 401 :               stan::model::rvalue(eps_scale, "eps_scale",
 402 :                 stan::model::index_uni(k))), "assigning variable lambda",
 403 :               stan::model::index_uni(i), stan::model::index_uni(k));
 404 :             current_statement__ = 32;
 405 :             lp_accum__.add(stan::math::poisson_log_lpmf<propto__>(
 406 :                              stan::model::rvalue(y, "y",
 407 :                                stan::model::index_uni(i),
 408 :                                stan::model::index_uni(k)),
 409 :                              stan::model::rvalue(lambda, "lambda",
 410 :                                stan::model::index_uni(i),
 411 :                                stan::model::index_uni(k))));
 412 :           }
 413 :         }
 414 :       }
 415 :     } catch (const std::exception& e) {
 416 :       stan::lang::rethrow_located(e, locations_array__[current_statement__]);
 417 :     }
 418 :     lp_accum__.add(lp__);
 419 :     return lp_accum__.sum();
 420 :   }
 421 :   template <typename RNG, typename VecR, typename VecI, typename VecVar,
 422 :             stan::require_vector_like_vt<std::is_floating_point,
 423 :             VecR>* = nullptr, stan::require_vector_like_vt<std::is_integral,
 424 :             VecI>* = nullptr, stan::require_vector_vt<std::is_floating_point,
 425 :             VecVar>* = nullptr>
 426 :   inline void
 427 :   write_array_impl(RNG& base_rng__, VecR& params_r__, VecI& params_i__,
 428 :                    VecVar& vars__, const bool
 429 :                    emit_transformed_parameters__ = true, const bool
 430 :                    emit_generated_quantities__ = true, std::ostream*
 431 :                    pstream__ = nullptr) const {
 432 :     using local_scalar_t__ = double;
 433 :     stan::io::deserializer<local_scalar_t__> in__(params_r__, params_i__);
 434 :     stan::io::serializer<local_scalar_t__> out__(vars__);
 435 :     static constexpr bool propto__ = true;
 436 :     // suppress unused var warning
 437 :     (void) propto__;
 438 :     double lp__ = 0.0;
 439 :     // suppress unused var warning
 440 :     (void) lp__;
 441 :     int current_statement__ = 0;
 442 :     stan::math::accumulator<double> lp_accum__;
 443 :     local_scalar_t__ DUMMY_VAR__(std::numeric_limits<double>::quiet_NaN());
 444 :     // suppress unused var warning
 445 :     (void) DUMMY_VAR__;
 446 :     constexpr bool jacobian__ = false;
 447 :     static constexpr const char* function__ =
 448 :       "model2aab4f412c9bb1__namespace::write_array";
 449 :     // suppress unused var warning
 450 :     (void) function__;
 451 :     try {
 452 :       double beta = std::numeric_limits<double>::quiet_NaN();
 453 :       current_statement__ = 1;
 454 :       beta = in__.template read_constrain_lb<local_scalar_t__, jacobian__>(0,
 455 :                lp__);
 456 :       double sigma = std::numeric_limits<double>::quiet_NaN();
 457 :       current_statement__ = 2;
 458 :       sigma = in__.template read_constrain_lb<local_scalar_t__,
 459 :                 jacobian__>(0, lp__);
 460 :       double tau = std::numeric_limits<double>::quiet_NaN();
 461 :       current_statement__ = 3;
 462 :       tau = in__.template read_constrain_lb<local_scalar_t__, jacobian__>(0,
 463 :               lp__);
 464 :       double theta = std::numeric_limits<double>::quiet_NaN();
 465 :       current_statement__ = 4;
 466 :       theta = in__.template read<local_scalar_t__>();
 467 :       double mu = std::numeric_limits<double>::quiet_NaN();
 468 :       current_statement__ = 5;
 469 :       mu = in__.template read<local_scalar_t__>();
 470 :       Eigen::Matrix<double,-1,1> eps =
 471 :         Eigen::Matrix<double,-1,1>::Constant(K,
 472 :           std::numeric_limits<double>::quiet_NaN());
 473 :       current_statement__ = 6;
 474 :       eps = in__.template read<Eigen::Matrix<local_scalar_t__,-1,1>>(K);
 475 :       Eigen::Matrix<double,-1,1> zeta =
 476 :         Eigen::Matrix<double,-1,1>::Constant(C,
 477 :           std::numeric_limits<double>::quiet_NaN());
 478 :       current_statement__ = 7;
 479 :       zeta = in__.template read<Eigen::Matrix<local_scalar_t__,-1,1>>(C);
 480 :       std::vector<Eigen::Matrix<double,-1,1>> delta =
 481 :         std::vector<Eigen::Matrix<double,-1,1>>(C,
 482 :           Eigen::Matrix<double,-1,1>::Constant(2,
 483 :             std::numeric_limits<double>::quiet_NaN()));
 484 :       current_statement__ = 8;
 485 :       delta = in__.template read_constrain_lub<
 486 :                 std::vector<Eigen::Matrix<local_scalar_t__,-1,1>>,
 487 :                 jacobian__>(lowerbound, upperbound, lp__, C, 2);
 488 :       double tau_sqrt = std::numeric_limits<double>::quiet_NaN();
 489 :       double sigma_sqrt = std::numeric_limits<double>::quiet_NaN();
 490 :       Eigen::Matrix<double,-1,1> zeta_scale =
 491 :         Eigen::Matrix<double,-1,1>::Constant(C,
 492 :           std::numeric_limits<double>::quiet_NaN());
 493 :       Eigen::Matrix<double,-1,1> eps_scale =
 494 :         Eigen::Matrix<double,-1,1>::Constant(K,
 495 :           std::numeric_limits<double>::quiet_NaN());
 496 :       out__.write(beta);
 497 :       out__.write(sigma);
 498 :       out__.write(tau);
 499 :       out__.write(theta);
 500 :       out__.write(mu);
 501 :       out__.write(eps);
 502 :       out__.write(zeta);
 503 :       for (int sym1__ = 1; sym1__ <= 2; ++sym1__) {
 504 :         for (int sym2__ = 1; sym2__ <= C; ++sym2__) {
 505 :           out__.write(delta[(sym2__ - 1)][(sym1__ - 1)]);
 506 :         }
 507 :       }
 508 :       if (stan::math::logical_negation(
 509 :             (stan::math::primitive_value(emit_transformed_parameters__) ||
 510 :             stan::math::primitive_value(emit_generated_quantities__)))) {
 511 :         return ;
 512 :       }
 513 :       current_statement__ = 13;
 514 :       tau_sqrt = stan::math::sqrt(tau);
 515 :       current_statement__ = 14;
 516 :       sigma_sqrt = stan::math::sqrt(sigma);
 517 :       current_statement__ = 15;
 518 :       stan::model::assign(eps_scale, stan::math::multiply(eps, sigma_sqrt),
 519 :         "assigning variable eps_scale");
 520 :       current_statement__ = 16;
 521 :       stan::model::assign(zeta_scale, stan::math::multiply(zeta, tau_sqrt),
 522 :         "assigning variable zeta_scale");
 523 :       current_statement__ = 9;
 524 :       stan::math::check_greater_or_equal(function__, "tau_sqrt", tau_sqrt, 0);
 525 :       current_statement__ = 10;
 526 :       stan::math::check_greater_or_equal(function__, "sigma_sqrt",
 527 :         sigma_sqrt, 0);
 528 :       if (emit_transformed_parameters__) {
 529 :         out__.write(tau_sqrt);
 530 :         out__.write(sigma_sqrt);
 531 :         out__.write(zeta_scale);
 532 :         out__.write(eps_scale);
 533 :       }
 534 :       if (stan::math::logical_negation(emit_generated_quantities__)) {
 535 :         return ;
 536 :       }
 537 :     } catch (const std::exception& e) {
 538 :       stan::lang::rethrow_located(e, locations_array__[current_statement__]);
 539 :     }
 540 :   }
 541 :   template <typename VecVar, typename VecI,
 542 :             stan::require_vector_t<VecVar>* = nullptr,
 543 :             stan::require_vector_like_vt<std::is_integral, VecI>* = nullptr>
 544 :   inline void
 545 :   unconstrain_array_impl(const VecVar& params_r__, const VecI& params_i__,
 546 :                          VecVar& vars__, std::ostream* pstream__ = nullptr) const {
 547 :     using local_scalar_t__ = double;
 548 :     stan::io::deserializer<local_scalar_t__> in__(params_r__, params_i__);
 549 :     stan::io::serializer<local_scalar_t__> out__(vars__);
 550 :     int current_statement__ = 0;
 551 :     local_scalar_t__ DUMMY_VAR__(std::numeric_limits<double>::quiet_NaN());
 552 :     // suppress unused var warning
 553 :     (void) DUMMY_VAR__;
 554 :     try {
 555 :       int pos__ = std::numeric_limits<int>::min();
 556 :       pos__ = 1;
 557 :       local_scalar_t__ beta = DUMMY_VAR__;
 558 :       current_statement__ = 1;
 559 :       beta = in__.read<local_scalar_t__>();
 560 :       out__.write_free_lb(0, beta);
 561 :       local_scalar_t__ sigma = DUMMY_VAR__;
 562 :       current_statement__ = 2;
 563 :       sigma = in__.read<local_scalar_t__>();
 564 :       out__.write_free_lb(0, sigma);
 565 :       local_scalar_t__ tau = DUMMY_VAR__;
 566 :       current_statement__ = 3;
 567 :       tau = in__.read<local_scalar_t__>();
 568 :       out__.write_free_lb(0, tau);
 569 :       local_scalar_t__ theta = DUMMY_VAR__;
 570 :       current_statement__ = 4;
 571 :       theta = in__.read<local_scalar_t__>();
 572 :       out__.write(theta);
 573 :       local_scalar_t__ mu = DUMMY_VAR__;
 574 :       current_statement__ = 5;
 575 :       mu = in__.read<local_scalar_t__>();
 576 :       out__.write(mu);
 577 :       Eigen::Matrix<local_scalar_t__,-1,1> eps =
 578 :         Eigen::Matrix<local_scalar_t__,-1,1>::Constant(K, DUMMY_VAR__);
 579 :       current_statement__ = 6;
 580 :       stan::model::assign(eps,
 581 :         in__.read<Eigen::Matrix<local_scalar_t__,-1,1>>(K),
 582 :         "assigning variable eps");
 583 :       out__.write(eps);
 584 :       Eigen::Matrix<local_scalar_t__,-1,1> zeta =
 585 :         Eigen::Matrix<local_scalar_t__,-1,1>::Constant(C, DUMMY_VAR__);
 586 :       current_statement__ = 7;
 587 :       stan::model::assign(zeta,
 588 :         in__.read<Eigen::Matrix<local_scalar_t__,-1,1>>(C),
 589 :         "assigning variable zeta");
 590 :       out__.write(zeta);
 591 :       std::vector<Eigen::Matrix<local_scalar_t__,-1,1>> delta =
 592 :         std::vector<Eigen::Matrix<local_scalar_t__,-1,1>>(C,
 593 :           Eigen::Matrix<local_scalar_t__,-1,1>::Constant(2, DUMMY_VAR__));
 594 :       current_statement__ = 8;
 595 :       for (int sym1__ = 1; sym1__ <= 2; ++sym1__) {
 596 :         current_statement__ = 8;
 597 :         for (int sym2__ = 1; sym2__ <= C; ++sym2__) {
 598 :           current_statement__ = 8;
 599 :           stan::model::assign(delta, in__.read<local_scalar_t__>(),
 600 :             "assigning variable delta", stan::model::index_uni(sym2__),
 601 :             stan::model::index_uni(sym1__));
 602 :         }
 603 :       }
 604 :       out__.write_free_lub(lowerbound, upperbound, delta);
 605 :     } catch (const std::exception& e) {
 606 :       stan::lang::rethrow_located(e, locations_array__[current_statement__]);
 607 :     }
 608 :   }
 609 :   template <typename VecVar, stan::require_vector_t<VecVar>* = nullptr>
 610 :   inline void
 611 :   transform_inits_impl(const stan::io::var_context& context__, VecVar&
 612 :                        vars__, std::ostream* pstream__ = nullptr) const {
 613 :     using local_scalar_t__ = double;
 614 :     stan::io::serializer<local_scalar_t__> out__(vars__);
 615 :     int current_statement__ = 0;
 616 :     local_scalar_t__ DUMMY_VAR__(std::numeric_limits<double>::quiet_NaN());
 617 :     // suppress unused var warning
 618 :     (void) DUMMY_VAR__;
 619 :     try {
 620 :       current_statement__ = 1;
 621 :       context__.validate_dims("parameter initialization", "beta", "double",
 622 :         std::vector<size_t>{});
 623 :       current_statement__ = 2;
 624 :       context__.validate_dims("parameter initialization", "sigma", "double",
 625 :         std::vector<size_t>{});
 626 :       current_statement__ = 3;
 627 :       context__.validate_dims("parameter initialization", "tau", "double",
 628 :         std::vector<size_t>{});
 629 :       current_statement__ = 4;
 630 :       context__.validate_dims("parameter initialization", "theta", "double",
 631 :         std::vector<size_t>{});
 632 :       current_statement__ = 5;
 633 :       context__.validate_dims("parameter initialization", "mu", "double",
 634 :         std::vector<size_t>{});
 635 :       current_statement__ = 6;
 636 :       context__.validate_dims("parameter initialization", "eps", "double",
 637 :         std::vector<size_t>{static_cast<size_t>(K)});
 638 :       current_statement__ = 7;
 639 :       context__.validate_dims("parameter initialization", "zeta", "double",
 640 :         std::vector<size_t>{static_cast<size_t>(C)});
 641 :       current_statement__ = 8;
 642 :       context__.validate_dims("parameter initialization", "delta", "double",
 643 :         std::vector<size_t>{static_cast<size_t>(C), static_cast<size_t>(2)});
 644 :       int pos__ = std::numeric_limits<int>::min();
 645 :       pos__ = 1;
 646 :       local_scalar_t__ beta = DUMMY_VAR__;
 647 :       current_statement__ = 1;
 648 :       beta = context__.vals_r("beta")[(1 - 1)];
 649 :       out__.write_free_lb(0, beta);
 650 :       local_scalar_t__ sigma = DUMMY_VAR__;
 651 :       current_statement__ = 2;
 652 :       sigma = context__.vals_r("sigma")[(1 - 1)];
 653 :       out__.write_free_lb(0, sigma);
 654 :       local_scalar_t__ tau = DUMMY_VAR__;
 655 :       current_statement__ = 3;
 656 :       tau = context__.vals_r("tau")[(1 - 1)];
 657 :       out__.write_free_lb(0, tau);
 658 :       local_scalar_t__ theta = DUMMY_VAR__;
 659 :       current_statement__ = 4;
 660 :       theta = context__.vals_r("theta")[(1 - 1)];
 661 :       out__.write(theta);
 662 :       local_scalar_t__ mu = DUMMY_VAR__;
 663 :       current_statement__ = 5;
 664 :       mu = context__.vals_r("mu")[(1 - 1)];
 665 :       out__.write(mu);
 666 :       Eigen::Matrix<local_scalar_t__,-1,1> eps =
 667 :         Eigen::Matrix<local_scalar_t__,-1,1>::Constant(K, DUMMY_VAR__);
 668 :       {
 669 :         std::vector<local_scalar_t__> eps_flat__;
 670 :         current_statement__ = 6;
 671 :         eps_flat__ = context__.vals_r("eps");
 672 :         current_statement__ = 6;
 673 :         pos__ = 1;
 674 :         current_statement__ = 6;
 675 :         for (int sym1__ = 1; sym1__ <= K; ++sym1__) {
 676 :           current_statement__ = 6;
 677 :           stan::model::assign(eps, eps_flat__[(pos__ - 1)],
 678 :             "assigning variable eps", stan::model::index_uni(sym1__));
 679 :           current_statement__ = 6;
 680 :           pos__ = (pos__ + 1);
 681 :         }
 682 :       }
 683 :       out__.write(eps);
 684 :       Eigen::Matrix<local_scalar_t__,-1,1> zeta =
 685 :         Eigen::Matrix<local_scalar_t__,-1,1>::Constant(C, DUMMY_VAR__);
 686 :       {
 687 :         std::vector<local_scalar_t__> zeta_flat__;
 688 :         current_statement__ = 7;
 689 :         zeta_flat__ = context__.vals_r("zeta");
 690 :         current_statement__ = 7;
 691 :         pos__ = 1;
 692 :         current_statement__ = 7;
 693 :         for (int sym1__ = 1; sym1__ <= C; ++sym1__) {
 694 :           current_statement__ = 7;
 695 :           stan::model::assign(zeta, zeta_flat__[(pos__ - 1)],
 696 :             "assigning variable zeta", stan::model::index_uni(sym1__));
 697 :           current_statement__ = 7;
 698 :           pos__ = (pos__ + 1);
 699 :         }
 700 :       }
 701 :       out__.write(zeta);
 702 :       std::vector<Eigen::Matrix<local_scalar_t__,-1,1>> delta =
 703 :         std::vector<Eigen::Matrix<local_scalar_t__,-1,1>>(C,
 704 :           Eigen::Matrix<local_scalar_t__,-1,1>::Constant(2, DUMMY_VAR__));
 705 :       {
 706 :         std::vector<local_scalar_t__> delta_flat__;
 707 :         current_statement__ = 8;
 708 :         delta_flat__ = context__.vals_r("delta");
 709 :         current_statement__ = 8;
 710 :         pos__ = 1;
 711 :         current_statement__ = 8;
 712 :         for (int sym1__ = 1; sym1__ <= 2; ++sym1__) {
 713 :           current_statement__ = 8;
 714 :           for (int sym2__ = 1; sym2__ <= C; ++sym2__) {
 715 :             current_statement__ = 8;
 716 :             stan::model::assign(delta, delta_flat__[(pos__ - 1)],
 717 :               "assigning variable delta", stan::model::index_uni(sym2__),
 718 :               stan::model::index_uni(sym1__));
 719 :             current_statement__ = 8;
 720 :             pos__ = (pos__ + 1);
 721 :           }
 722 :         }
 723 :       }
 724 :       out__.write_free_lub(lowerbound, upperbound, delta);
 725 :     } catch (const std::exception& e) {
 726 :       stan::lang::rethrow_located(e, locations_array__[current_statement__]);
 727 :     }
 728 :   }
 729 :   inline void
 730 :   get_param_names(std::vector<std::string>& names__, const bool
 731 :                   emit_transformed_parameters__ = true, const bool
 732 :                   emit_generated_quantities__ = true) const {
 733 :     names__ = std::vector<std::string>{"beta", "sigma", "tau", "theta", "mu",
 734 :                 "eps", "zeta", "delta"};
 735 :     if (emit_transformed_parameters__) {
 736 :       std::vector<std::string>
 737 :         temp{"tau_sqrt", "sigma_sqrt", "zeta_scale", "eps_scale"};
 738 :       names__.reserve(names__.size() + temp.size());
 739 :       names__.insert(names__.end(), temp.begin(), temp.end());
 740 :     }
 741 :     if (emit_generated_quantities__) {}
 742 :   }
 743 :   inline void
 744 :   get_dims(std::vector<std::vector<size_t>>& dimss__, const bool
 745 :            emit_transformed_parameters__ = true, const bool
 746 :            emit_generated_quantities__ = true) const {
 747 :     dimss__ = std::vector<std::vector<size_t>>{std::vector<size_t>{},
 748 :                 std::vector<size_t>{}, std::vector<size_t>{},
 749 :                 std::vector<size_t>{}, std::vector<size_t>{},
 750 :                 std::vector<size_t>{static_cast<size_t>(K)},
 751 :                 std::vector<size_t>{static_cast<size_t>(C)},
 752 :                 std::vector<size_t>{static_cast<size_t>(C),
 753 :                   static_cast<size_t>(2)}};
 754 :     if (emit_transformed_parameters__) {
 755 :       std::vector<std::vector<size_t>>
 756 :         temp{std::vector<size_t>{}, std::vector<size_t>{},
 757 :              std::vector<size_t>{static_cast<size_t>(C)},
 758 :              std::vector<size_t>{static_cast<size_t>(K)}};
 759 :       dimss__.reserve(dimss__.size() + temp.size());
 760 :       dimss__.insert(dimss__.end(), temp.begin(), temp.end());
 761 :     }
 762 :     if (emit_generated_quantities__) {}
 763 :   }
 764 :   inline void
 765 :   constrained_param_names(std::vector<std::string>& param_names__, bool
 766 :                           emit_transformed_parameters__ = true, bool
 767 :                           emit_generated_quantities__ = true) const final {
 768 :     param_names__.emplace_back(std::string() + "beta");
 769 :     param_names__.emplace_back(std::string() + "sigma");
 770 :     param_names__.emplace_back(std::string() + "tau");
 771 :     param_names__.emplace_back(std::string() + "theta");
 772 :     param_names__.emplace_back(std::string() + "mu");
 773 :     for (int sym1__ = 1; sym1__ <= K; ++sym1__) {
 774 :       param_names__.emplace_back(std::string() + "eps" + '.' +
 775 :         std::to_string(sym1__));
 776 :     }
 777 :     for (int sym1__ = 1; sym1__ <= C; ++sym1__) {
 778 :       param_names__.emplace_back(std::string() + "zeta" + '.' +
 779 :         std::to_string(sym1__));
 780 :     }
 781 :     for (int sym1__ = 1; sym1__ <= 2; ++sym1__) {
 782 :       for (int sym2__ = 1; sym2__ <= C; ++sym2__) {
 783 :         param_names__.emplace_back(std::string() + "delta" + '.' +
 784 :           std::to_string(sym2__) + '.' + std::to_string(sym1__));
 785 :       }
 786 :     }
 787 :     if (emit_transformed_parameters__) {
 788 :       param_names__.emplace_back(std::string() + "tau_sqrt");
 789 :       param_names__.emplace_back(std::string() + "sigma_sqrt");
 790 :       for (int sym1__ = 1; sym1__ <= C; ++sym1__) {
 791 :         param_names__.emplace_back(std::string() + "zeta_scale" + '.' +
 792 :           std::to_string(sym1__));
 793 :       }
 794 :       for (int sym1__ = 1; sym1__ <= K; ++sym1__) {
 795 :         param_names__.emplace_back(std::string() + "eps_scale" + '.' +
 796 :           std::to_string(sym1__));
 797 :       }
 798 :     }
 799 :     if (emit_generated_quantities__) {}
 800 :   }
 801 :   inline void
 802 :   unconstrained_param_names(std::vector<std::string>& param_names__, bool
 803 :                             emit_transformed_parameters__ = true, bool
 804 :                             emit_generated_quantities__ = true) const final {
 805 :     param_names__.emplace_back(std::string() + "beta");
 806 :     param_names__.emplace_back(std::string() + "sigma");
 807 :     param_names__.emplace_back(std::string() + "tau");
 808 :     param_names__.emplace_back(std::string() + "theta");
 809 :     param_names__.emplace_back(std::string() + "mu");
 810 :     for (int sym1__ = 1; sym1__ <= K; ++sym1__) {
 811 :       param_names__.emplace_back(std::string() + "eps" + '.' +
 812 :         std::to_string(sym1__));
 813 :     }
 814 :     for (int sym1__ = 1; sym1__ <= C; ++sym1__) {
 815 :       param_names__.emplace_back(std::string() + "zeta" + '.' +
 816 :         std::to_string(sym1__));
 817 :     }
 818 :     for (int sym1__ = 1; sym1__ <= 2; ++sym1__) {
 819 :       for (int sym2__ = 1; sym2__ <= C; ++sym2__) {
 820 :         param_names__.emplace_back(std::string() + "delta" + '.' +
 821 :           std::to_string(sym2__) + '.' + std::to_string(sym1__));
 822 :       }
 823 :     }
 824 :     if (emit_transformed_parameters__) {
 825 :       param_names__.emplace_back(std::string() + "tau_sqrt");
 826 :       param_names__.emplace_back(std::string() + "sigma_sqrt");
 827 :       for (int sym1__ = 1; sym1__ <= C; ++sym1__) {
 828 :         param_names__.emplace_back(std::string() + "zeta_scale" + '.' +
 829 :           std::to_string(sym1__));
 830 :       }
 831 :       for (int sym1__ = 1; sym1__ <= K; ++sym1__) {
 832 :         param_names__.emplace_back(std::string() + "eps_scale" + '.' +
 833 :           std::to_string(sym1__));
 834 :       }
 835 :     }
 836 :     if (emit_generated_quantities__) {}
 837 :   }
 838 :   inline std::string get_constrained_sizedtypes() const {
 839 :     return std::string("[{\"name\":\"beta\",\"type\":{\"name\":\"real\"},\"block\":\"parameters\"},{\"name\":\"sigma\",\"type\":{\"name\":\"real\"},\"block\":\"parameters\"},{\"name\":\"tau\",\"type\":{\"name\":\"real\"},\"block\":\"parameters\"},{\"name\":\"theta\",\"type\":{\"name\":\"real\"},\"block\":\"parameters\"},{\"name\":\"mu\",\"type\":{\"name\":\"real\"},\"block\":\"parameters\"},{\"name\":\"eps\",\"type\":{\"name\":\"vector\",\"length\":" + std::to_string(K) + "},\"block\":\"parameters\"},{\"name\":\"zeta\",\"type\":{\"name\":\"vector\",\"length\":" + std::to_string(C) + "},\"block\":\"parameters\"},{\"name\":\"delta\",\"type\":{\"name\":\"array\",\"length\":" + std::to_string(C) + ",\"element_type\":{\"name\":\"vector\",\"length\":" + std::to_string(2) + "}},\"block\":\"parameters\"},{\"name\":\"tau_sqrt\",\"type\":{\"name\":\"real\"},\"block\":\"transformed_parameters\"},{\"name\":\"sigma_sqrt\",\"type\":{\"name\":\"real\"},\"block\":\"transformed_parameters\"},{\"name\":\"zeta_scale\",\"type\":{\"name\":\"vector\",\"length\":" + std::to_string(C) + "},\"block\":\"transformed_parameters\"},{\"name\":\"eps_scale\",\"type\":{\"name\":\"vector\",\"length\":" + std::to_string(K) + "},\"block\":\"transformed_parameters\"}]");
 840 :   }
 841 :   inline std::string get_unconstrained_sizedtypes() const {
 842 :     return std::string("[{\"name\":\"beta\",\"type\":{\"name\":\"real\"},\"block\":\"parameters\"},{\"name\":\"sigma\",\"type\":{\"name\":\"real\"},\"block\":\"parameters\"},{\"name\":\"tau\",\"type\":{\"name\":\"real\"},\"block\":\"parameters\"},{\"name\":\"theta\",\"type\":{\"name\":\"real\"},\"block\":\"parameters\"},{\"name\":\"mu\",\"type\":{\"name\":\"real\"},\"block\":\"parameters\"},{\"name\":\"eps\",\"type\":{\"name\":\"vector\",\"length\":" + std::to_string(K) + "},\"block\":\"parameters\"},{\"name\":\"zeta\",\"type\":{\"name\":\"vector\",\"length\":" + std::to_string(C) + "},\"block\":\"parameters\"},{\"name\":\"delta\",\"type\":{\"name\":\"array\",\"length\":" + std::to_string(C) + ",\"element_type\":{\"name\":\"vector\",\"length\":" + std::to_string(2) + "}},\"block\":\"parameters\"},{\"name\":\"tau_sqrt\",\"type\":{\"name\":\"real\"},\"block\":\"transformed_parameters\"},{\"name\":\"sigma_sqrt\",\"type\":{\"name\":\"real\"},\"block\":\"transformed_parameters\"},{\"name\":\"zeta_scale\",\"type\":{\"name\":\"vector\",\"length\":" + std::to_string(C) + "},\"block\":\"transformed_parameters\"},{\"name\":\"eps_scale\",\"type\":{\"name\":\"vector\",\"length\":" + std::to_string(K) + "},\"block\":\"transformed_parameters\"}]");
 843 :   }
 844 :   // Begin method overload boilerplate
 845 :   template <typename RNG> inline void
 846 :   write_array(RNG& base_rng, Eigen::Matrix<double,-1,1>& params_r,
 847 :               Eigen::Matrix<double,-1,1>& vars, const bool
 848 :               emit_transformed_parameters = true, const bool
 849 :               emit_generated_quantities = true, std::ostream*
 850 :               pstream = nullptr) const {
 851 :     const size_t num_params__ = (((((((1 + 1) + 1) + 1) + 1) + K) + C) + (C *
 852 :       2));
 853 :     const size_t num_transformed = emit_transformed_parameters * ((((1 + 1) +
 854 :       C) + K));
 855 :     const size_t num_gen_quantities = emit_generated_quantities * (0);
 856 :     const size_t num_to_write = num_params__ + num_transformed +
 857 :       num_gen_quantities;
 858 :     std::vector<int> params_i;
 859 :     vars = Eigen::Matrix<double,-1,1>::Constant(num_to_write,
 860 :              std::numeric_limits<double>::quiet_NaN());
 861 :     write_array_impl(base_rng, params_r, params_i, vars,
 862 :       emit_transformed_parameters, emit_generated_quantities, pstream);
 863 :   }
 864 :   template <typename RNG> inline void
 865 :   write_array(RNG& base_rng, std::vector<double>& params_r, std::vector<int>&
 866 :               params_i, std::vector<double>& vars, bool
 867 :               emit_transformed_parameters = true, bool
 868 :               emit_generated_quantities = true, std::ostream*
 869 :               pstream = nullptr) const {
 870 :     const size_t num_params__ = (((((((1 + 1) + 1) + 1) + 1) + K) + C) + (C *
 871 :       2));
 872 :     const size_t num_transformed = emit_transformed_parameters * ((((1 + 1) +
 873 :       C) + K));
 874 :     const size_t num_gen_quantities = emit_generated_quantities * (0);
 875 :     const size_t num_to_write = num_params__ + num_transformed +
 876 :       num_gen_quantities;
 877 :     vars = std::vector<double>(num_to_write,
 878 :              std::numeric_limits<double>::quiet_NaN());
 879 :     write_array_impl(base_rng, params_r, params_i, vars,
 880 :       emit_transformed_parameters, emit_generated_quantities, pstream);
 881 :   }
 882 :   template <bool propto__, bool jacobian__, typename T_> inline T_
 883 :   log_prob(Eigen::Matrix<T_,-1,1>& params_r, std::ostream* pstream = nullptr) const {
 884 :     Eigen::Matrix<int,-1,1> params_i;
 885 :     return log_prob_impl<propto__, jacobian__>(params_r, params_i, pstream);
 886 :   }
 887 :   template <bool propto__, bool jacobian__, typename T_> inline T_
 888 :   log_prob(std::vector<T_>& params_r, std::vector<int>& params_i,
 889 :            std::ostream* pstream = nullptr) const {
 890 :     return log_prob_impl<propto__, jacobian__>(params_r, params_i, pstream);
 891 :   }
 892 :   inline void
 893 :   transform_inits(const stan::io::var_context& context,
 894 :                   Eigen::Matrix<double,-1,1>& params_r, std::ostream*
 895 :                   pstream = nullptr) const final {
 896 :     std::vector<double> params_r_vec(params_r.size());
 897 :     std::vector<int> params_i;
 898 :     transform_inits(context, params_i, params_r_vec, pstream);
 899 :     params_r = Eigen::Map<Eigen::Matrix<double,-1,1>>(params_r_vec.data(),
 900 :                  params_r_vec.size());
 901 :   }
 902 :   inline void
 903 :   transform_inits(const stan::io::var_context& context, std::vector<int>&
 904 :                   params_i, std::vector<double>& vars, std::ostream*
 905 :                   pstream__ = nullptr) const {
 906 :     vars.resize(num_params_r__);
 907 :     transform_inits_impl(context, vars, pstream__);
 908 :   }
 909 :   inline void
 910 :   unconstrain_array(const std::vector<double>& params_constrained,
 911 :                     std::vector<double>& params_unconstrained, std::ostream*
 912 :                     pstream = nullptr) const {
 913 :     const std::vector<int> params_i;
 914 :     params_unconstrained = std::vector<double>(num_params_r__,
 915 :                              std::numeric_limits<double>::quiet_NaN());
 916 :     unconstrain_array_impl(params_constrained, params_i,
 917 :       params_unconstrained, pstream);
 918 :   }
 919 :   inline void
 920 :   unconstrain_array(const Eigen::Matrix<double,-1,1>& params_constrained,
 921 :                     Eigen::Matrix<double,-1,1>& params_unconstrained,
 922 :                     std::ostream* pstream = nullptr) const {
 923 :     const std::vector<int> params_i;
 924 :     params_unconstrained = Eigen::Matrix<double,-1,1>::Constant(num_params_r__,
 925 :                              std::numeric_limits<double>::quiet_NaN());
 926 :     unconstrain_array_impl(params_constrained, params_i,
 927 :       params_unconstrained, pstream);
 928 :   }
 929 : };
 930 : }
 931 : using stan_model = model2aab4f412c9bb1__namespace::model2aab4f412c9bb1_;
 932 : #ifndef USING_R
 933 : // Boilerplate
 934 : stan::model::model_base&
 935 : new_model(stan::io::var_context& data_context, unsigned int seed,
 936 :           std::ostream* msg_stream) {
 937 :   stan_model* m = new stan_model(data_context, seed, msg_stream);
 938 :   return *m;
 939 : }
 940 : stan::math::profile_map& get_stan_profile_data() {
 941 :   return model2aab4f412c9bb1__namespace::profiles__;
 942 : }
 943 : #endif
 944 : #endif
 945 : 
 946 : RCPP_MODULE(stan_fit4model2aab4f412c9bb1__mod) {
 947 :   class_<rstan::stan_fit<stan_model, boost::random::ecuyer1988> >(
 948 :       "stan_fit4model2aab4f412c9bb1_")
 949 : 
 950 :       .constructor<SEXP, SEXP, SEXP>()
 951 : 
 952 :       .method(
 953 :           "call_sampler",
 954 :           &rstan::stan_fit<stan_model, boost::random::ecuyer1988>::call_sampler)
 955 :       .method(
 956 :           "param_names",
 957 :           &rstan::stan_fit<stan_model, boost::random::ecuyer1988>::param_names)
 958 :       .method("param_names_oi",
 959 :               &rstan::stan_fit<stan_model,
 960 :                                boost::random::ecuyer1988>::param_names_oi)
 961 :       .method("param_fnames_oi",
 962 :               &rstan::stan_fit<stan_model,
 963 :                                boost::random::ecuyer1988>::param_fnames_oi)
 964 :       .method(
 965 :           "param_dims",
 966 :           &rstan::stan_fit<stan_model, boost::random::ecuyer1988>::param_dims)
 967 :       .method("param_dims_oi",
 968 :               &rstan::stan_fit<stan_model,
 969 :                                boost::random::ecuyer1988>::param_dims_oi)
 970 :       .method("update_param_oi",
 971 :               &rstan::stan_fit<stan_model,
 972 :                                boost::random::ecuyer1988>::update_param_oi)
 973 :       .method("param_oi_tidx",
 974 :               &rstan::stan_fit<stan_model,
 975 :                                boost::random::ecuyer1988>::param_oi_tidx)
 976 :       .method("grad_log_prob",
 977 :               &rstan::stan_fit<stan_model,
 978 :                                boost::random::ecuyer1988>::grad_log_prob)
 979 :       .method("log_prob",
 980 :               &rstan::stan_fit<stan_model, boost::random::ecuyer1988>::log_prob)
 981 :       .method("unconstrain_pars",
 982 :               &rstan::stan_fit<stan_model,
 983 :                                boost::random::ecuyer1988>::unconstrain_pars)
 984 :       .method("constrain_pars",
 985 :               &rstan::stan_fit<stan_model,
 986 :                                boost::random::ecuyer1988>::constrain_pars)
 987 :       .method(
 988 :           "num_pars_unconstrained",
 989 :           &rstan::stan_fit<stan_model,
 990 :                            boost::random::ecuyer1988>::num_pars_unconstrained)
 991 :       .method(
 992 :           "unconstrained_param_names",
 993 :           &rstan::stan_fit<
 994 :               stan_model, boost::random::ecuyer1988>::unconstrained_param_names)
 995 :       .method(
 996 :           "constrained_param_names",
 997 :           &rstan::stan_fit<stan_model,
 998 :                            boost::random::ecuyer1988>::constrained_param_names)
 999 :       .method("standalone_gqs",
1000 :               &rstan::stan_fit<stan_model,
1001 :                                boost::random::ecuyer1988>::standalone_gqs);
1002 : }
1003 : 
1004 : 
1005 : // declarations
1006 : extern "C" {
1007 : SEXP file2aab4f794f4d17( ) ;
1008 : }
1009 : 
1010 : // definition
1011 : SEXP file2aab4f794f4d17() {
1012 :  return Rcpp::wrap("anon_model");
1013 : }
make cmd is
  make -f '/cvmfs/soft.computecanada.ca/easybuild/software/2023/x86-64-v3/Compiler/gcccore/r/4.3.1/lib64/R/etc/Makeconf' -f '/cvmfs/soft.computecanada.ca/easybuild/software/2023/x86-64-v3/Compiler/gcccore/r/4.3.1/lib64/R/share/make/shlib.mk' CXX='$(CXX17) $(CXX17STD)' CXXFLAGS='$(CXX17FLAGS)' CXXPICFLAGS='$(CXX17PICFLAGS)' SHLIB_LDFLAGS='$(SHLIB_CXX17LDFLAGS)' SHLIB_LD='$(SHLIB_CXX17LD)' SHLIB='file2aab4f794f4d17.so' OBJECTS='file2aab4f794f4d17.o'

make would use
g++ -std=gnu++17 -I"/cvmfs/soft.computecanada.ca/easybuild/software/2023/x86-64-v3/Compiler/gcccore/r/4.3.1/lib64/R/include" -DNDEBUG   -I"/home/melanson/R/x86_64-pc-linux-gnu-library/4.3/Rcpp/include/"  -I"/home/melanson/R/x86_64-pc-linux-gnu-library/4.3/RcppEigen/include/"  -I"/home/melanson/R/x86_64-pc-linux-gnu-library/4.3/RcppEigen/include/unsupported"  -I"/home/melanson/R/x86_64-pc-linux-gnu-library/4.3/BH/include" -I"/home/melanson/R/x86_64-pc-linux-gnu-library/4.3/StanHeaders/include/src/"  -I"/home/melanson/R/x86_64-pc-linux-gnu-library/4.3/StanHeaders/include/"  -I"/home/melanson/R/x86_64-pc-linux-gnu-library/4.3/RcppParallel/include/"  -I"/home/melanson/R/x86_64-pc-linux-gnu-library/4.3/rstan/include" -DEIGEN_NO_DEBUG  -DBOOST_DISABLE_ASSERTS  -DBOOST_PENDING_INTEGER_LOG2_HPP  -DSTAN_THREADS  -DUSE_STANC3 -DSTRICT_R_HEADERS  -DBOOST_PHOENIX_NO_VARIADIC_EXPRESSION  -D_HAS_AUTO_PTR_ETC=0  -include '/home/melanson/R/x86_64-pc-linux-gnu-library/4.3/StanHeaders/include/stan/math/prim/fun/Eigen.hpp'  -D_REENTRANT -DRCPP_PARALLEL_USE_TBB=1   -I/cvmfs/soft.computecanada.ca/easybuild/software/2023/x86-64-v3/Core/java/17.0.6/include -I/cvmfs/soft.computecanada.ca/easybuild/software/2023/x86-64-v3/Core/flexiblascore/3.3.1/include -I/cvmfs/soft.computecanada.ca/easybuild/software/2023/x86-64-v3/Core/flexiblascore/3.3.1/include/flexiblas    -fpic  -O2 -ftree-vectorize -march=x86-64-v3 -fno-math-errno  -c file2aab4f794f4d17.cpp -o file2aab4f794f4d17.o
if test  "zfile2aab4f794f4d17.o" != "z"; then \
  echo g++ -std=gnu++17 -shared -L"/cvmfs/soft.computecanada.ca/easybuild/software/2023/x86-64-v3/Compiler/gcccore/r/4.3.1/lib64/R/lib"  -o file2aab4f794f4d17.so file2aab4f794f4d17.o  '/home/melanson/R/x86_64-pc-linux-gnu-library/4.3/rstan/lib//libStanServices.a' -L'/home/melanson/R/x86_64-pc-linux-gnu-library/4.3/StanHeaders/lib/' -lStanHeaders -L'/home/melanson/R/x86_64-pc-linux-gnu-library/4.3/RcppParallel/lib/' -ltbb   -L"/cvmfs/soft.computecanada.ca/easybuild/software/2023/x86-64-v3/Compiler/gcccore/r/4.3.1/lib64/R/lib" -lR; \
  g++ -std=gnu++17 -shared -L"/cvmfs/soft.computecanada.ca/easybuild/software/2023/x86-64-v3/Compiler/gcccore/r/4.3.1/lib64/R/lib"  -o file2aab4f794f4d17.so file2aab4f794f4d17.o  '/home/melanson/R/x86_64-pc-linux-gnu-library/4.3/rstan/lib//libStanServices.a' -L'/home/melanson/R/x86_64-pc-linux-gnu-library/4.3/StanHeaders/lib/' -lStanHeaders -L'/home/melanson/R/x86_64-pc-linux-gnu-library/4.3/RcppParallel/lib/' -ltbb   -L"/cvmfs/soft.computecanada.ca/easybuild/software/2023/x86-64-v3/Compiler/gcccore/r/4.3.1/lib64/R/lib" -lR; \
fi

CHECKING DATA AND PREPROCESSING FOR MODEL 'anon_model' NOW.

COMPILING MODEL 'anon_model' NOW.

STARTING SAMPLER FOR MODEL 'anon_model' NOW.

CHECKING DATA AND PREPROCESSING FOR MODEL 'anon_model' NOW.

COMPILING MODEL 'anon_model' NOW.

STARTING SAMPLER FOR MODEL 'anon_model' NOW.

CHECKING DATA AND PREPROCESSING FOR MODEL 'anon_model' NOW.

COMPILING MODEL 'anon_model' NOW.

STARTING SAMPLER FOR MODEL 'anon_model' NOW.

SAMPLING FOR MODEL 'anon_model' NOW (CHAIN 1).

CHECKING DATA AND PREPROCESSING FOR MODEL 'anon_model' NOW.

COMPILING MODEL 'anon_model' NOW.

STARTING SAMPLER FOR MODEL 'anon_model' NOW.

SAMPLING FOR MODEL 'anon_model' NOW (CHAIN 2).

SAMPLING FOR MODEL 'anon_model' NOW (CHAIN 3).

CHECKING DATA AND PREPROCESSING FOR MODEL 'anon_model' NOW.

COMPILING MODEL 'anon_model' NOW.

STARTING SAMPLER FOR MODEL 'anon_model' NOW.

SAMPLING FOR MODEL 'anon_model' NOW (CHAIN 4).
Chain 2: 
Chain 2: Gradient evaluation took 0.01477 seconds
Chain 2: 1000 transitions using 10 leapfrog steps per transition would take 147.7 seconds.
Chain 2: Adjust your expectations accordingly!
Chain 2: 
Chain 2: 
Chain 1: 
Chain 1: Gradient evaluation took 0.015079 seconds
Chain 1: 1000 transitions using 10 leapfrog steps per transition would take 150.79 seconds.
Chain 1: Adjust your expectations accordingly!
Chain 1: 
Chain 1: 
Chain 3: 
Chain 3: Gradient evaluation took 0.014771 seconds
Chain 3: 1000 transitions using 10 leapfrog steps per transition would take 147.71 seconds.
Chain 3: Adjust your expectations accordingly!
Chain 3: 
Chain 3: 
Chain 4: 
Chain 4: Gradient evaluation took 0.014692 seconds
Chain 4: 1000 transitions using 10 leapfrog steps per transition would take 146.92 seconds.
Chain 4: Adjust your expectations accordingly!
Chain 4: 
Chain 4: 
Chain 2: Iteration:    1 / 10000 [  0%]  (Warmup)
Chain 1: Iteration:    1 / 10000 [  0%]  (Warmup)
Chain 3: Iteration:    1 / 10000 [  0%]  (Warmup)
Chain 4: Iteration:    1 / 10000 [  0%]  (Warmup)
Chain 3: Iteration: 1000 / 10000 [ 10%]  (Warmup)
Chain 3: Iteration: 1001 / 10000 [ 10%]  (Sampling)
Chain 1: Iteration: 1000 / 10000 [ 10%]  (Warmup)
Chain 1: Iteration: 1001 / 10000 [ 10%]  (Sampling)
Chain 2: Iteration: 1000 / 10000 [ 10%]  (Warmup)
Chain 2: Iteration: 1001 / 10000 [ 10%]  (Sampling)
Chain 4: Iteration: 1000 / 10000 [ 10%]  (Warmup)
Chain 4: Iteration: 1001 / 10000 [ 10%]  (Sampling)
Chain 3: Iteration: 2000 / 10000 [ 20%]  (Sampling)
Chain 2: Iteration: 2000 / 10000 [ 20%]  (Sampling)
Chain 4: Iteration: 2000 / 10000 [ 20%]  (Sampling)
Chain 1: Iteration: 2000 / 10000 [ 20%]  (Sampling)
Chain 3: Iteration: 3000 / 10000 [ 30%]  (Sampling)
Chain 2: Iteration: 3000 / 10000 [ 30%]  (Sampling)
Chain 4: Iteration: 3000 / 10000 [ 30%]  (Sampling)
Chain 1: Iteration: 3000 / 10000 [ 30%]  (Sampling)
Chain 3: Iteration: 4000 / 10000 [ 40%]  (Sampling)
Chain 2: Iteration: 4000 / 10000 [ 40%]  (Sampling)
Chain 4: Iteration: 4000 / 10000 [ 40%]  (Sampling)
Chain 3: Iteration: 5000 / 10000 [ 50%]  (Sampling)
Chain 1: Iteration: 4000 / 10000 [ 40%]  (Sampling)
Chain 2: Iteration: 5000 / 10000 [ 50%]  (Sampling)
Chain 4: Iteration: 5000 / 10000 [ 50%]  (Sampling)
Chain 3: Iteration: 6000 / 10000 [ 60%]  (Sampling)
Chain 2: Iteration: 6000 / 10000 [ 60%]  (Sampling)
Chain 4: Iteration: 6000 / 10000 [ 60%]  (Sampling)
Chain 1: Iteration: 5000 / 10000 [ 50%]  (Sampling)
Chain 3: Iteration: 7000 / 10000 [ 70%]  (Sampling)
Chain 2: Iteration: 7000 / 10000 [ 70%]  (Sampling)
Chain 4: Iteration: 7000 / 10000 [ 70%]  (Sampling)
Chain 1: Iteration: 6000 / 10000 [ 60%]  (Sampling)
Chain 3: Iteration: 8000 / 10000 [ 80%]  (Sampling)
Chain 2: Iteration: 8000 / 10000 [ 80%]  (Sampling)
Chain 4: Iteration: 8000 / 10000 [ 80%]  (Sampling)
Chain 3: Iteration: 9000 / 10000 [ 90%]  (Sampling)
Chain 2: Iteration: 9000 / 10000 [ 90%]  (Sampling)
Chain 1: Iteration: 7000 / 10000 [ 70%]  (Sampling)
Chain 4: Iteration: 9000 / 10000 [ 90%]  (Sampling)
Chain 3: Iteration: 10000 / 10000 [100%]  (Sampling)
Chain 3: 
Chain 3:  Elapsed Time: 1182.55 seconds (Warm-up)
Chain 3:                5877.76 seconds (Sampling)
Chain 3:                7060.31 seconds (Total)
Chain 3: 
Chain 2: Iteration: 10000 / 10000 [100%]  (Sampling)
Chain 2: 
Chain 2:  Elapsed Time: 1224.79 seconds (Warm-up)
Chain 2:                5881.33 seconds (Sampling)
Chain 2:                7106.12 seconds (Total)
Chain 2: 
Chain 4: Iteration: 10000 / 10000 [100%]  (Sampling)
Chain 4: 
Chain 4:  Elapsed Time: 1290.64 seconds (Warm-up)
Chain 4:                5872.58 seconds (Sampling)
Chain 4:                7163.22 seconds (Total)
Chain 4: 
Chain 1: Iteration: 8000 / 10000 [ 80%]  (Sampling)
Chain 1: Iteration: 9000 / 10000 [ 90%]  (Sampling)
Chain 1: Iteration: 10000 / 10000 [100%]  (Sampling)
Chain 1: 
Chain 1:  Elapsed Time: 1206.87 seconds (Warm-up)
Chain 1:                7537.23 seconds (Sampling)
Chain 1:                8744.09 seconds (Total)
Chain 1: 
[1] "Model complete."
[1] "Model saved."
