
TRANSLATING MODEL '' FROM Stan CODE TO C++ CODE NOW.

CHECKING DATA AND PREPROCESSING FOR MODEL 'anon_model' NOW.

COMPILING MODEL 'anon_model' NOW.

STARTING SAMPLER FOR MODEL 'anon_model' NOW.

CHECKING DATA AND PREPROCESSING FOR MODEL 'anon_model' NOW.

COMPILING MODEL 'anon_model' NOW.

STARTING SAMPLER FOR MODEL 'anon_model' NOW.

CHECKING DATA AND PREPROCESSING FOR MODEL 'anon_model' NOW.

COMPILING MODEL 'anon_model' NOW.

STARTING SAMPLER FOR MODEL 'anon_model' NOW.

SAMPLING FOR MODEL 'anon_model' NOW (CHAIN 1).

CHECKING DATA AND PREPROCESSING FOR MODEL 'anon_model' NOW.

COMPILING MODEL 'anon_model' NOW.

STARTING SAMPLER FOR MODEL 'anon_model' NOW.

SAMPLING FOR MODEL 'anon_model' NOW (CHAIN 2).

SAMPLING FOR MODEL 'anon_model' NOW (CHAIN 3).

CHECKING DATA AND PREPROCESSING FOR MODEL 'anon_model' NOW.

COMPILING MODEL 'anon_model' NOW.

STARTING SAMPLER FOR MODEL 'anon_model' NOW.

SAMPLING FOR MODEL 'anon_model' NOW (CHAIN 4).
Chain 1: 
Chain 1: Gradient evaluation took 0.009496 seconds
Chain 1: 1000 transitions using 10 leapfrog steps per transition would take 94.96 seconds.
Chain 1: Adjust your expectations accordingly!
Chain 1: 
Chain 1: 
Chain 2: 
Chain 2: Gradient evaluation took 0.009257 seconds
Chain 2: 1000 transitions using 10 leapfrog steps per transition would take 92.57 seconds.
Chain 2: Adjust your expectations accordingly!
Chain 2: 
Chain 2: 
Chain 3: 
Chain 3: Gradient evaluation took 0.009197 seconds
Chain 3: 1000 transitions using 10 leapfrog steps per transition would take 91.97 seconds.
Chain 3: Adjust your expectations accordingly!
Chain 3: 
Chain 3: 
Chain 4: 
Chain 4: Gradient evaluation took 0.009192 seconds
Chain 4: 1000 transitions using 10 leapfrog steps per transition would take 91.92 seconds.
Chain 4: Adjust your expectations accordingly!
Chain 4: 
Chain 4: 
Chain 1: Iteration:    1 / 10000 [  0%]  (Warmup)
Chain 2: Iteration:    1 / 10000 [  0%]  (Warmup)
Chain 3: Iteration:    1 / 10000 [  0%]  (Warmup)
Chain 4: Iteration:    1 / 10000 [  0%]  (Warmup)
Chain 2: Iteration: 1000 / 10000 [ 10%]  (Warmup)
Chain 2: Iteration: 1001 / 10000 [ 10%]  (Sampling)
Chain 3: Iteration: 1000 / 10000 [ 10%]  (Warmup)
Chain 3: Iteration: 1001 / 10000 [ 10%]  (Sampling)
Chain 1: Iteration: 1000 / 10000 [ 10%]  (Warmup)
Chain 1: Iteration: 1001 / 10000 [ 10%]  (Sampling)
Chain 4: Iteration: 1000 / 10000 [ 10%]  (Warmup)
Chain 4: Iteration: 1001 / 10000 [ 10%]  (Sampling)
Chain 2: Iteration: 2000 / 10000 [ 20%]  (Sampling)
Chain 3: Iteration: 2000 / 10000 [ 20%]  (Sampling)
Chain 1: Iteration: 2000 / 10000 [ 20%]  (Sampling)
Chain 4: Iteration: 2000 / 10000 [ 20%]  (Sampling)
Chain 2: Iteration: 3000 / 10000 [ 30%]  (Sampling)
Chain 3: Iteration: 3000 / 10000 [ 30%]  (Sampling)
Chain 1: Iteration: 3000 / 10000 [ 30%]  (Sampling)
Chain 4: Iteration: 3000 / 10000 [ 30%]  (Sampling)
Chain 2: Iteration: 4000 / 10000 [ 40%]  (Sampling)
Chain 3: Iteration: 4000 / 10000 [ 40%]  (Sampling)
Chain 1: Iteration: 4000 / 10000 [ 40%]  (Sampling)
Chain 4: Iteration: 4000 / 10000 [ 40%]  (Sampling)
Chain 2: Iteration: 5000 / 10000 [ 50%]  (Sampling)
Chain 3: Iteration: 5000 / 10000 [ 50%]  (Sampling)
Chain 1: Iteration: 5000 / 10000 [ 50%]  (Sampling)
Chain 4: Iteration: 5000 / 10000 [ 50%]  (Sampling)
Chain 2: Iteration: 6000 / 10000 [ 60%]  (Sampling)
Chain 3: Iteration: 6000 / 10000 [ 60%]  (Sampling)
Chain 1: Iteration: 6000 / 10000 [ 60%]  (Sampling)
Chain 4: Iteration: 6000 / 10000 [ 60%]  (Sampling)
Chain 2: Iteration: 7000 / 10000 [ 70%]  (Sampling)
Chain 3: Iteration: 7000 / 10000 [ 70%]  (Sampling)
Chain 1: Iteration: 7000 / 10000 [ 70%]  (Sampling)
Chain 4: Iteration: 7000 / 10000 [ 70%]  (Sampling)
Chain 2: Iteration: 8000 / 10000 [ 80%]  (Sampling)
Chain 3: Iteration: 8000 / 10000 [ 80%]  (Sampling)
Chain 1: Iteration: 8000 / 10000 [ 80%]  (Sampling)
Chain 4: Iteration: 8000 / 10000 [ 80%]  (Sampling)
Chain 2: Iteration: 9000 / 10000 [ 90%]  (Sampling)
Chain 3: Iteration: 9000 / 10000 [ 90%]  (Sampling)
Chain 1: Iteration: 9000 / 10000 [ 90%]  (Sampling)
Chain 4: Iteration: 9000 / 10000 [ 90%]  (Sampling)
Chain 3: Iteration: 10000 / 10000 [100%]  (Sampling)
Chain 3: 
Chain 3:  Elapsed Time: 203.014 seconds (Warm-up)
Chain 3:                1204.76 seconds (Sampling)
Chain 3:                1407.77 seconds (Total)
Chain 3: 
Chain 2: Iteration: 10000 / 10000 [100%]  (Sampling)
Chain 2: 
Chain 2:  Elapsed Time: 198.405 seconds (Warm-up)
Chain 2:                1210.38 seconds (Sampling)
Chain 2:                1408.78 seconds (Total)
Chain 2: 
Chain 1: Iteration: 10000 / 10000 [100%]  (Sampling)
Chain 1: 
Chain 1:  Elapsed Time: 212.692 seconds (Warm-up)
Chain 1:                1210.02 seconds (Sampling)
Chain 1:                1422.71 seconds (Total)
Chain 1: 
Chain 4: Iteration: 10000 / 10000 [100%]  (Sampling)
Chain 4: 
Chain 4:  Elapsed Time: 223.814 seconds (Warm-up)
Chain 4:                1218.37 seconds (Sampling)
Chain 4:                1442.18 seconds (Total)
Chain 4: 
[1] "Model complete."
[1] "Model saved."
