
TRANSLATING MODEL '' FROM Stan CODE TO C++ CODE NOW.
OS: x86_64, linux-gnu; rstan: 2.32.7; Rcpp: 1.0.14; inline: 0.3.21 
 >> setting environment variables: 
PKG_LIBS =  '/home/melanson/R/x86_64-pc-linux-gnu-library/4.3/rstan/lib//libStanServices.a' -L'/home/melanson/R/x86_64-pc-linux-gnu-library/4.3/StanHeaders/lib/' -lStanHeaders -L'/home/melanson/R/x86_64-pc-linux-gnu-library/4.3/RcppParallel/lib/' -ltbb 
PKG_CPPFLAGS =   -I"/home/melanson/R/x86_64-pc-linux-gnu-library/4.3/Rcpp/include/"  -I"/home/melanson/R/x86_64-pc-linux-gnu-library/4.3/RcppEigen/include/"  -I"/home/melanson/R/x86_64-pc-linux-gnu-library/4.3/RcppEigen/include/unsupported"  -I"/home/melanson/R/x86_64-pc-linux-gnu-library/4.3/BH/include" -I"/home/melanson/R/x86_64-pc-linux-gnu-library/4.3/StanHeaders/include/src/"  -I"/home/melanson/R/x86_64-pc-linux-gnu-library/4.3/StanHeaders/include/"  -I"/home/melanson/R/x86_64-pc-linux-gnu-library/4.3/RcppParallel/include/"  -I"/home/melanson/R/x86_64-pc-linux-gnu-library/4.3/rstan/include" -DEIGEN_NO_DEBUG  -DBOOST_DISABLE_ASSERTS  -DBOOST_PENDING_INTEGER_LOG2_HPP  -DSTAN_THREADS  -DUSE_STANC3 -DSTRICT_R_HEADERS  -DBOOST_PHOENIX_NO_VARIADIC_EXPRESSION  -D_HAS_AUTO_PTR_ETC=0  -include '/home/melanson/R/x86_64-pc-linux-gnu-library/4.3/StanHeaders/include/stan/math/prim/fun/Eigen.hpp'  -D_REENTRANT -DRCPP_PARALLEL_USE_TBB=1 
 >> Program source :

   1 : 
   2 : // includes from the plugin
   3 : // [[Rcpp::plugins(cpp14)]]
   4 : 
   5 : 
   6 : // user includes
   7 : #include <Rcpp.h>
   8 : using namespace Rcpp;
   9 : #ifndef MODELS_HPP
  10 : #define MODELS_HPP
  11 : #define STAN__SERVICES__COMMAND_HPP
  12 : #include <rstan/rstaninc.hpp>
  13 : #ifndef USE_STANC3
  14 : #define USE_STANC3
  15 : #endif
  16 : // Code generated by stanc v2.32.2
  17 : #include <stan/model/model_header.hpp>
  18 : namespace model2f4f2136334541__namespace {
  19 : using stan::model::model_base_crtp;
  20 : using namespace stan::math;
  21 : stan::math::profile_map profiles__;
  22 : static constexpr std::array<const char*, 81> locations_array__ =
  23 :   {" (found before start of program)",
  24 :   " (in 'anon_model', line 17, column 0 to column 13)",
  25 :   " (in 'anon_model', line 18, column 0 to column 20)",
  26 :   " (in 'anon_model', line 19, column 0 to column 18)",
  27 :   " (in 'anon_model', line 20, column 0 to column 11)",
  28 :   " (in 'anon_model', line 21, column 0 to column 8)",
  29 :   " (in 'anon_model', line 22, column 0 to column 14)",
  30 :   " (in 'anon_model', line 23, column 0 to column 15)",
  31 :   " (in 'anon_model', line 24, column 0 to column 62)",
  32 :   " (in 'anon_model', line 27, column 2 to column 35)",
  33 :   " (in 'anon_model', line 28, column 2 to column 37)",
  34 :   " (in 'anon_model', line 29, column 2 to column 41)",
  35 :   " (in 'anon_model', line 30, column 2 to column 41)",
  36 :   " (in 'anon_model', line 31, column 2 to column 39)",
  37 :   " (in 'anon_model', line 59, column 2 to column 24)",
  38 :   " (in 'anon_model', line 61, column 2 to column 33)",
  39 :   " (in 'anon_model', line 65, column 11 to column 12)",
  40 :   " (in 'anon_model', line 65, column 13 to column 14)",
  41 :   " (in 'anon_model', line 65, column 4 to column 20)",
  42 :   " (in 'anon_model', line 66, column 11 to column 12)",
  43 :   " (in 'anon_model', line 66, column 13 to column 14)",
  44 :   " (in 'anon_model', line 66, column 4 to column 23)",
  45 :   " (in 'anon_model', line 67, column 11 to column 12)",
  46 :   " (in 'anon_model', line 67, column 4 to column 16)",
  47 :   " (in 'anon_model', line 68, column 11 to column 12)",
  48 :   " (in 'anon_model', line 68, column 4 to column 20)",
  49 :   " (in 'anon_model', line 73, column 8 to column 92)",
  50 :   " (in 'anon_model', line 74, column 8 to column 99)",
  51 :   " (in 'anon_model', line 72, column 19 to line 75, column 7)",
  52 :   " (in 'anon_model', line 72, column 6 to line 75, column 7)",
  53 :   " (in 'anon_model', line 71, column 17 to line 76, column 5)",
  54 :   " (in 'anon_model', line 71, column 4 to line 76, column 5)",
  55 :   " (in 'anon_model', line 80, column 6 to column 34)",
  56 :   " (in 'anon_model', line 79, column 18 to line 81, column 5)",
  57 :   " (in 'anon_model', line 79, column 4 to line 81, column 5)",
  58 :   " (in 'anon_model', line 84, column 4 to column 19)",
  59 :   " (in 'anon_model', line 88, column 6 to column 70)",
  60 :   " (in 'anon_model', line 87, column 18 to line 89, column 5)",
  61 :   " (in 'anon_model', line 87, column 4 to line 89, column 5)",
  62 :   " (in 'anon_model', line 64, column 2 to line 90, column 3)",
  63 :   " (in 'anon_model', line 38, column 7 to column 8)",
  64 :   " (in 'anon_model', line 38, column 9 to column 10)",
  65 :   " (in 'anon_model', line 38, column 0 to column 16)",
  66 :   " (in 'anon_model', line 39, column 7 to column 8)",
  67 :   " (in 'anon_model', line 39, column 9 to column 10)",
  68 :   " (in 'anon_model', line 39, column 0 to column 19)",
  69 :   " (in 'anon_model', line 41, column 0 to column 27)",
  70 :   " (in 'anon_model', line 42, column 0 to column 25)",
  71 :   " (in 'anon_model', line 43, column 0 to column 46)",
  72 :   " (in 'anon_model', line 44, column 0 to column 24)",
  73 :   " (in 'anon_model', line 45, column 0 to column 27)",
  74 :   " (in 'anon_model', line 47, column 0 to column 19)",
  75 :   " (in 'anon_model', line 48, column 0 to column 20)",
  76 :   " (in 'anon_model', line 52, column 4 to column 88)",
  77 :   " (in 'anon_model', line 53, column 4 to column 95)",
  78 :   " (in 'anon_model', line 54, column 4 to column 40)",
  79 :   " (in 'anon_model', line 51, column 15 to line 55, column 3)",
  80 :   " (in 'anon_model', line 51, column 2 to line 55, column 3)",
  81 :   " (in 'anon_model', line 50, column 13 to line 56, column 1)",
  82 :   " (in 'anon_model', line 50, column 0 to line 56, column 1)",
  83 :   " (in 'anon_model', line 4, column 0 to column 15)",
  84 :   " (in 'anon_model', line 5, column 0 to column 15)",
  85 :   " (in 'anon_model', line 6, column 7 to column 8)",
  86 :   " (in 'anon_model', line 6, column 0 to column 18)",
  87 :   " (in 'anon_model', line 7, column 6 to column 7)",
  88 :   " (in 'anon_model', line 7, column 9 to column 10)",
  89 :   " (in 'anon_model', line 7, column 0 to column 12)",
  90 :   " (in 'anon_model', line 8, column 0 to column 16)",
  91 :   " (in 'anon_model', line 9, column 0 to column 16)",
  92 :   " (in 'anon_model', line 10, column 7 to column 8)",
  93 :   " (in 'anon_model', line 10, column 0 to column 17)",
  94 :   " (in 'anon_model', line 11, column 0 to column 22)",
  95 :   " (in 'anon_model', line 12, column 0 to column 22)",
  96 :   " (in 'anon_model', line 13, column 0 to column 25)",
  97 :   " (in 'anon_model', line 14, column 0 to column 25)",
  98 :   " (in 'anon_model', line 22, column 7 to column 8)",
  99 :   " (in 'anon_model', line 23, column 7 to column 8)",
 100 :   " (in 'anon_model', line 24, column 7 to column 8)",
 101 :   " (in 'anon_model', line 30, column 9 to column 10)",
 102 :   " (in 'anon_model', line 31, column 9 to column 10)",
 103 :   " (in 'anon_model', line 59, column 9 to column 10)"};
 104 : class model2f4f2136334541_ final : public model_base_crtp<model2f4f2136334541_> {
 105 : private:
 106 :   int C;
 107 :   int K;
 108 :   Eigen::Matrix<double,-1,-1> trap_data__;
 109 :   std::vector<std::vector<int>> y;
 110 :   double lowerbound;
 111 :   double upperbound;
 112 :   Eigen::Matrix<double,-1,1> floral_data__;
 113 :   double priorVa;
 114 :   double priorCo;
 115 :   double rho_center;
 116 :   double rho_sd_log;
 117 :   Eigen::Map<Eigen::Matrix<double,-1,-1>> trap{nullptr, 0, 0};
 118 :   Eigen::Map<Eigen::Matrix<double,-1,1>> floral{nullptr, 0};
 119 : public:
 120 :   ~model2f4f2136334541_() {}
 121 :   model2f4f2136334541_(stan::io::var_context& context__, unsigned int
 122 :                        random_seed__ = 0, std::ostream* pstream__ = nullptr)
 123 :       : model_base_crtp(0) {
 124 :     int current_statement__ = 0;
 125 :     using local_scalar_t__ = double;
 126 :     boost::ecuyer1988 base_rng__ =
 127 :       stan::services::util::create_rng(random_seed__, 0);
 128 :     // suppress unused var warning
 129 :     (void) base_rng__;
 130 :     static constexpr const char* function__ =
 131 :       "model2f4f2136334541__namespace::model2f4f2136334541_";
 132 :     // suppress unused var warning
 133 :     (void) function__;
 134 :     local_scalar_t__ DUMMY_VAR__(std::numeric_limits<double>::quiet_NaN());
 135 :     // suppress unused var warning
 136 :     (void) DUMMY_VAR__;
 137 :     try {
 138 :       int pos__ = std::numeric_limits<int>::min();
 139 :       pos__ = 1;
 140 :       current_statement__ = 60;
 141 :       context__.validate_dims("data initialization", "C", "int",
 142 :         std::vector<size_t>{});
 143 :       C = std::numeric_limits<int>::min();
 144 :       current_statement__ = 60;
 145 :       C = context__.vals_i("C")[(1 - 1)];
 146 :       current_statement__ = 60;
 147 :       stan::math::check_greater_or_equal(function__, "C", C, 1);
 148 :       current_statement__ = 61;
 149 :       context__.validate_dims("data initialization", "K", "int",
 150 :         std::vector<size_t>{});
 151 :       K = std::numeric_limits<int>::min();
 152 :       current_statement__ = 61;
 153 :       K = context__.vals_i("K")[(1 - 1)];
 154 :       current_statement__ = 61;
 155 :       stan::math::check_greater_or_equal(function__, "K", K, 1);
 156 :       current_statement__ = 62;
 157 :       stan::math::validate_non_negative_index("trap", "K", K);
 158 :       current_statement__ = 63;
 159 :       context__.validate_dims("data initialization", "trap", "double",
 160 :         std::vector<size_t>{static_cast<size_t>(K), static_cast<size_t>(2)});
 161 :       trap_data__ = Eigen::Matrix<double,-1,-1>::Constant(K, 2,
 162 :                       std::numeric_limits<double>::quiet_NaN());
 163 :       new (&trap) Eigen::Map<Eigen::Matrix<double,-1,-1>>(trap_data__.data(),
 164 :         K, 2);
 165 :       {
 166 :         std::vector<local_scalar_t__> trap_flat__;
 167 :         current_statement__ = 63;
 168 :         trap_flat__ = context__.vals_r("trap");
 169 :         current_statement__ = 63;
 170 :         pos__ = 1;
 171 :         current_statement__ = 63;
 172 :         for (int sym1__ = 1; sym1__ <= 2; ++sym1__) {
 173 :           current_statement__ = 63;
 174 :           for (int sym2__ = 1; sym2__ <= K; ++sym2__) {
 175 :             current_statement__ = 63;
 176 :             stan::model::assign(trap, trap_flat__[(pos__ - 1)],
 177 :               "assigning variable trap", stan::model::index_uni(sym2__),
 178 :               stan::model::index_uni(sym1__));
 179 :             current_statement__ = 63;
 180 :             pos__ = (pos__ + 1);
 181 :           }
 182 :         }
 183 :       }
 184 :       current_statement__ = 64;
 185 :       stan::math::validate_non_negative_index("y", "C", C);
 186 :       current_statement__ = 65;
 187 :       stan::math::validate_non_negative_index("y", "K", K);
 188 :       current_statement__ = 66;
 189 :       context__.validate_dims("data initialization", "y", "int",
 190 :         std::vector<size_t>{static_cast<size_t>(C), static_cast<size_t>(K)});
 191 :       y = std::vector<std::vector<int>>(C,
 192 :             std::vector<int>(K, std::numeric_limits<int>::min()));
 193 :       {
 194 :         std::vector<int> y_flat__;
 195 :         current_statement__ = 66;
 196 :         y_flat__ = context__.vals_i("y");
 197 :         current_statement__ = 66;
 198 :         pos__ = 1;
 199 :         current_statement__ = 66;
 200 :         for (int sym1__ = 1; sym1__ <= K; ++sym1__) {
 201 :           current_statement__ = 66;
 202 :           for (int sym2__ = 1; sym2__ <= C; ++sym2__) {
 203 :             current_statement__ = 66;
 204 :             stan::model::assign(y, y_flat__[(pos__ - 1)],
 205 :               "assigning variable y", stan::model::index_uni(sym2__),
 206 :               stan::model::index_uni(sym1__));
 207 :             current_statement__ = 66;
 208 :             pos__ = (pos__ + 1);
 209 :           }
 210 :         }
 211 :       }
 212 :       current_statement__ = 67;
 213 :       context__.validate_dims("data initialization", "lowerbound", "double",
 214 :         std::vector<size_t>{});
 215 :       lowerbound = std::numeric_limits<double>::quiet_NaN();
 216 :       current_statement__ = 67;
 217 :       lowerbound = context__.vals_r("lowerbound")[(1 - 1)];
 218 :       current_statement__ = 68;
 219 :       context__.validate_dims("data initialization", "upperbound", "double",
 220 :         std::vector<size_t>{});
 221 :       upperbound = std::numeric_limits<double>::quiet_NaN();
 222 :       current_statement__ = 68;
 223 :       upperbound = context__.vals_r("upperbound")[(1 - 1)];
 224 :       current_statement__ = 69;
 225 :       stan::math::validate_non_negative_index("floral", "K", K);
 226 :       current_statement__ = 70;
 227 :       context__.validate_dims("data initialization", "floral", "double",
 228 :         std::vector<size_t>{static_cast<size_t>(K)});
 229 :       floral_data__ = Eigen::Matrix<double,-1,1>::Constant(K,
 230 :                         std::numeric_limits<double>::quiet_NaN());
 231 :       new (&floral)
 232 :         Eigen::Map<Eigen::Matrix<double,-1,1>>(floral_data__.data(), K);
 233 :       {
 234 :         std::vector<local_scalar_t__> floral_flat__;
 235 :         current_statement__ = 70;
 236 :         floral_flat__ = context__.vals_r("floral");
 237 :         current_statement__ = 70;
 238 :         pos__ = 1;
 239 :         current_statement__ = 70;
 240 :         for (int sym1__ = 1; sym1__ <= K; ++sym1__) {
 241 :           current_statement__ = 70;
 242 :           stan::model::assign(floral, floral_flat__[(pos__ - 1)],
 243 :             "assigning variable floral", stan::model::index_uni(sym1__));
 244 :           current_statement__ = 70;
 245 :           pos__ = (pos__ + 1);
 246 :         }
 247 :       }
 248 :       current_statement__ = 71;
 249 :       context__.validate_dims("data initialization", "priorVa", "double",
 250 :         std::vector<size_t>{});
 251 :       priorVa = std::numeric_limits<double>::quiet_NaN();
 252 :       current_statement__ = 71;
 253 :       priorVa = context__.vals_r("priorVa")[(1 - 1)];
 254 :       current_statement__ = 71;
 255 :       stan::math::check_greater_or_equal(function__, "priorVa", priorVa, 0);
 256 :       current_statement__ = 72;
 257 :       context__.validate_dims("data initialization", "priorCo", "double",
 258 :         std::vector<size_t>{});
 259 :       priorCo = std::numeric_limits<double>::quiet_NaN();
 260 :       current_statement__ = 72;
 261 :       priorCo = context__.vals_r("priorCo")[(1 - 1)];
 262 :       current_statement__ = 72;
 263 :       stan::math::check_greater_or_equal(function__, "priorCo", priorCo, 0);
 264 :       current_statement__ = 73;
 265 :       context__.validate_dims("data initialization", "rho_center", "double",
 266 :         std::vector<size_t>{});
 267 :       rho_center = std::numeric_limits<double>::quiet_NaN();
 268 :       current_statement__ = 73;
 269 :       rho_center = context__.vals_r("rho_center")[(1 - 1)];
 270 :       current_statement__ = 73;
 271 :       stan::math::check_greater_or_equal(function__, "rho_center",
 272 :         rho_center, 0);
 273 :       current_statement__ = 74;
 274 :       context__.validate_dims("data initialization", "rho_sd_log", "double",
 275 :         std::vector<size_t>{});
 276 :       rho_sd_log = std::numeric_limits<double>::quiet_NaN();
 277 :       current_statement__ = 74;
 278 :       rho_sd_log = context__.vals_r("rho_sd_log")[(1 - 1)];
 279 :       current_statement__ = 74;
 280 :       stan::math::check_greater_or_equal(function__, "rho_sd_log",
 281 :         rho_sd_log, 0);
 282 :       current_statement__ = 75;
 283 :       stan::math::validate_non_negative_index("eps", "K", K);
 284 :       current_statement__ = 76;
 285 :       stan::math::validate_non_negative_index("zeta", "C", C);
 286 :       current_statement__ = 77;
 287 :       stan::math::validate_non_negative_index("delta", "C", C);
 288 :       current_statement__ = 78;
 289 :       stan::math::validate_non_negative_index("zeta_scale", "C", C);
 290 :       current_statement__ = 79;
 291 :       stan::math::validate_non_negative_index("eps_scale", "K", K);
 292 :       current_statement__ = 80;
 293 :       stan::math::validate_non_negative_index("colony_dist", "C", C);
 294 :     } catch (const std::exception& e) {
 295 :       stan::lang::rethrow_located(e, locations_array__[current_statement__]);
 296 :     }
 297 :     num_params_r__ = 1 + 1 + 1 + 1 + 1 + K + C + (C * 2);
 298 :   }
 299 :   inline std::string model_name() const final {
 300 :     return "model2f4f2136334541_";
 301 :   }
 302 :   inline std::vector<std::string> model_compile_info() const noexcept {
 303 :     return std::vector<std::string>{"stanc_version = stanc3 v2.32.2",
 304 :              "stancflags = --"};
 305 :   }
 306 :   template <bool propto__, bool jacobian__, typename VecR, typename VecI,
 307 :             stan::require_vector_like_t<VecR>* = nullptr,
 308 :             stan::require_vector_like_vt<std::is_integral, VecI>* = nullptr>
 309 :   inline stan::scalar_type_t<VecR>
 310 :   log_prob_impl(VecR& params_r__, VecI& params_i__, std::ostream*
 311 :                 pstream__ = nullptr) const {
 312 :     using T__ = stan::scalar_type_t<VecR>;
 313 :     using local_scalar_t__ = T__;
 314 :     T__ lp__(0.0);
 315 :     stan::math::accumulator<T__> lp_accum__;
 316 :     stan::io::deserializer<local_scalar_t__> in__(params_r__, params_i__);
 317 :     int current_statement__ = 0;
 318 :     local_scalar_t__ DUMMY_VAR__(std::numeric_limits<double>::quiet_NaN());
 319 :     // suppress unused var warning
 320 :     (void) DUMMY_VAR__;
 321 :     static constexpr const char* function__ =
 322 :       "model2f4f2136334541__namespace::log_prob";
 323 :     // suppress unused var warning
 324 :     (void) function__;
 325 :     try {
 326 :       local_scalar_t__ rho_raw = DUMMY_VAR__;
 327 :       current_statement__ = 1;
 328 :       rho_raw = in__.template read<local_scalar_t__>();
 329 :       local_scalar_t__ sigma = DUMMY_VAR__;
 330 :       current_statement__ = 2;
 331 :       sigma = in__.template read_constrain_lb<local_scalar_t__,
 332 :                 jacobian__>(0, lp__);
 333 :       local_scalar_t__ tau = DUMMY_VAR__;
 334 :       current_statement__ = 3;
 335 :       tau = in__.template read_constrain_lb<local_scalar_t__, jacobian__>(0,
 336 :               lp__);
 337 :       local_scalar_t__ theta = DUMMY_VAR__;
 338 :       current_statement__ = 4;
 339 :       theta = in__.template read<local_scalar_t__>();
 340 :       local_scalar_t__ mu = DUMMY_VAR__;
 341 :       current_statement__ = 5;
 342 :       mu = in__.template read<local_scalar_t__>();
 343 :       Eigen::Matrix<local_scalar_t__,-1,1> eps =
 344 :         Eigen::Matrix<local_scalar_t__,-1,1>::Constant(K, DUMMY_VAR__);
 345 :       current_statement__ = 6;
 346 :       eps = in__.template read<Eigen::Matrix<local_scalar_t__,-1,1>>(K);
 347 :       Eigen::Matrix<local_scalar_t__,-1,1> zeta =
 348 :         Eigen::Matrix<local_scalar_t__,-1,1>::Constant(C, DUMMY_VAR__);
 349 :       current_statement__ = 7;
 350 :       zeta = in__.template read<Eigen::Matrix<local_scalar_t__,-1,1>>(C);
 351 :       std::vector<Eigen::Matrix<local_scalar_t__,-1,1>> delta =
 352 :         std::vector<Eigen::Matrix<local_scalar_t__,-1,1>>(C,
 353 :           Eigen::Matrix<local_scalar_t__,-1,1>::Constant(2, DUMMY_VAR__));
 354 :       current_statement__ = 8;
 355 :       delta = in__.template read_constrain_lub<
 356 :                 std::vector<Eigen::Matrix<local_scalar_t__,-1,1>>,
 357 :                 jacobian__>(lowerbound, upperbound, lp__, C, 2);
 358 :       local_scalar_t__ rho = DUMMY_VAR__;
 359 :       current_statement__ = 9;
 360 :       rho = stan::math::exp(rho_raw);
 361 :       local_scalar_t__ tau_sqrt = DUMMY_VAR__;
 362 :       current_statement__ = 10;
 363 :       tau_sqrt = stan::math::sqrt(tau);
 364 :       local_scalar_t__ sigma_sqrt = DUMMY_VAR__;
 365 :       current_statement__ = 11;
 366 :       sigma_sqrt = stan::math::sqrt(sigma);
 367 :       Eigen::Matrix<local_scalar_t__,-1,1> zeta_scale =
 368 :         Eigen::Matrix<local_scalar_t__,-1,1>::Constant(C, DUMMY_VAR__);
 369 :       current_statement__ = 12;
 370 :       stan::model::assign(zeta_scale, stan::math::multiply(zeta, tau_sqrt),
 371 :         "assigning variable zeta_scale");
 372 :       Eigen::Matrix<local_scalar_t__,-1,1> eps_scale =
 373 :         Eigen::Matrix<local_scalar_t__,-1,1>::Constant(K, DUMMY_VAR__);
 374 :       current_statement__ = 13;
 375 :       stan::model::assign(eps_scale, stan::math::multiply(eps, sigma_sqrt),
 376 :         "assigning variable eps_scale");
 377 :       current_statement__ = 9;
 378 :       stan::math::check_greater_or_equal(function__, "rho", rho, 0);
 379 :       current_statement__ = 10;
 380 :       stan::math::check_greater_or_equal(function__, "tau_sqrt", tau_sqrt, 0);
 381 :       current_statement__ = 11;
 382 :       stan::math::check_greater_or_equal(function__, "sigma_sqrt",
 383 :         sigma_sqrt, 0);
 384 :       {
 385 :         current_statement__ = 40;
 386 :         stan::math::validate_non_negative_index("dis", "C", C);
 387 :         current_statement__ = 41;
 388 :         stan::math::validate_non_negative_index("dis", "K", K);
 389 :         Eigen::Matrix<local_scalar_t__,-1,-1> dis =
 390 :           Eigen::Matrix<local_scalar_t__,-1,-1>::Constant(C, K, DUMMY_VAR__);
 391 :         current_statement__ = 43;
 392 :         stan::math::validate_non_negative_index("lambda", "C", C);
 393 :         current_statement__ = 44;
 394 :         stan::math::validate_non_negative_index("lambda", "K", K);
 395 :         Eigen::Matrix<local_scalar_t__,-1,-1> lambda =
 396 :           Eigen::Matrix<local_scalar_t__,-1,-1>::Constant(C, K, DUMMY_VAR__);
 397 :         current_statement__ = 46;
 398 :         lp_accum__.add(stan::math::normal_lpdf<propto__>(sigma, 0, priorVa));
 399 :         current_statement__ = 47;
 400 :         lp_accum__.add(stan::math::normal_lpdf<propto__>(tau, 0, priorVa));
 401 :         current_statement__ = 48;
 402 :         lp_accum__.add(stan::math::normal_lpdf<propto__>(rho_raw,
 403 :                          stan::math::log(rho_center), rho_sd_log));
 404 :         current_statement__ = 49;
 405 :         lp_accum__.add(stan::math::normal_lpdf<propto__>(mu, 0, priorCo));
 406 :         current_statement__ = 50;
 407 :         lp_accum__.add(stan::math::normal_lpdf<propto__>(theta, 0, priorCo));
 408 :         current_statement__ = 51;
 409 :         lp_accum__.add(stan::math::normal_lpdf<propto__>(eps, 0, 1));
 410 :         current_statement__ = 52;
 411 :         lp_accum__.add(stan::math::normal_lpdf<propto__>(zeta, 0, 1));
 412 :         current_statement__ = 59;
 413 :         for (int k = 1; k <= K; ++k) {
 414 :           current_statement__ = 57;
 415 :           for (int i = 1; i <= C; ++i) {
 416 :             current_statement__ = 53;
 417 :             stan::model::assign(dis,
 418 :               stan::math::sqrt(
 419 :                 (stan::math::square(
 420 :                    (stan::model::rvalue(delta, "delta",
 421 :                       stan::model::index_uni(i), stan::model::index_uni(1)) -
 422 :                    stan::model::rvalue(trap, "trap",
 423 :                      stan::model::index_uni(k), stan::model::index_uni(1))))
 424 :                 +
 425 :                 stan::math::square(
 426 :                   (stan::model::rvalue(delta, "delta",
 427 :                      stan::model::index_uni(i), stan::model::index_uni(2)) -
 428 :                   stan::model::rvalue(trap, "trap",
 429 :                     stan::model::index_uni(k), stan::model::index_uni(2)))))),
 430 :               "assigning variable dis", stan::model::index_uni(i),
 431 :               stan::model::index_uni(k));
 432 :             current_statement__ = 54;
 433 :             stan::model::assign(lambda, ((((-0.5 *
 434 :               stan::math::pow(
 435 :                 ((stan::model::rvalue(dis, "dis", stan::model::index_uni(i),
 436 :                     stan::model::index_uni(k)) / rho) - (theta *
 437 :                 stan::model::rvalue(floral, "floral",
 438 :                   stan::model::index_uni(k)))), 2)) + mu) +
 439 :               stan::model::rvalue(zeta_scale, "zeta_scale",
 440 :                 stan::model::index_uni(i))) +
 441 :               stan::model::rvalue(eps_scale, "eps_scale",
 442 :                 stan::model::index_uni(k))), "assigning variable lambda",
 443 :               stan::model::index_uni(i), stan::model::index_uni(k));
 444 :             current_statement__ = 55;
 445 :             lp_accum__.add(stan::math::poisson_log_lpmf<propto__>(
 446 :                              stan::model::rvalue(y, "y",
 447 :                                stan::model::index_uni(i),
 448 :                                stan::model::index_uni(k)),
 449 :                              stan::model::rvalue(lambda, "lambda",
 450 :                                stan::model::index_uni(i),
 451 :                                stan::model::index_uni(k))));
 452 :           }
 453 :         }
 454 :       }
 455 :     } catch (const std::exception& e) {
 456 :       stan::lang::rethrow_located(e, locations_array__[current_statement__]);
 457 :     }
 458 :     lp_accum__.add(lp__);
 459 :     return lp_accum__.sum();
 460 :   }
 461 :   template <typename RNG, typename VecR, typename VecI, typename VecVar,
 462 :             stan::require_vector_like_vt<std::is_floating_point,
 463 :             VecR>* = nullptr, stan::require_vector_like_vt<std::is_integral,
 464 :             VecI>* = nullptr, stan::require_vector_vt<std::is_floating_point,
 465 :             VecVar>* = nullptr>
 466 :   inline void
 467 :   write_array_impl(RNG& base_rng__, VecR& params_r__, VecI& params_i__,
 468 :                    VecVar& vars__, const bool
 469 :                    emit_transformed_parameters__ = true, const bool
 470 :                    emit_generated_quantities__ = true, std::ostream*
 471 :                    pstream__ = nullptr) const {
 472 :     using local_scalar_t__ = double;
 473 :     stan::io::deserializer<local_scalar_t__> in__(params_r__, params_i__);
 474 :     stan::io::serializer<local_scalar_t__> out__(vars__);
 475 :     static constexpr bool propto__ = true;
 476 :     // suppress unused var warning
 477 :     (void) propto__;
 478 :     double lp__ = 0.0;
 479 :     // suppress unused var warning
 480 :     (void) lp__;
 481 :     int current_statement__ = 0;
 482 :     stan::math::accumulator<double> lp_accum__;
 483 :     local_scalar_t__ DUMMY_VAR__(std::numeric_limits<double>::quiet_NaN());
 484 :     // suppress unused var warning
 485 :     (void) DUMMY_VAR__;
 486 :     constexpr bool jacobian__ = false;
 487 :     static constexpr const char* function__ =
 488 :       "model2f4f2136334541__namespace::write_array";
 489 :     // suppress unused var warning
 490 :     (void) function__;
 491 :     try {
 492 :       double rho_raw = std::numeric_limits<double>::quiet_NaN();
 493 :       current_statement__ = 1;
 494 :       rho_raw = in__.template read<local_scalar_t__>();
 495 :       double sigma = std::numeric_limits<double>::quiet_NaN();
 496 :       current_statement__ = 2;
 497 :       sigma = in__.template read_constrain_lb<local_scalar_t__,
 498 :                 jacobian__>(0, lp__);
 499 :       double tau = std::numeric_limits<double>::quiet_NaN();
 500 :       current_statement__ = 3;
 501 :       tau = in__.template read_constrain_lb<local_scalar_t__, jacobian__>(0,
 502 :               lp__);
 503 :       double theta = std::numeric_limits<double>::quiet_NaN();
 504 :       current_statement__ = 4;
 505 :       theta = in__.template read<local_scalar_t__>();
 506 :       double mu = std::numeric_limits<double>::quiet_NaN();
 507 :       current_statement__ = 5;
 508 :       mu = in__.template read<local_scalar_t__>();
 509 :       Eigen::Matrix<double,-1,1> eps =
 510 :         Eigen::Matrix<double,-1,1>::Constant(K,
 511 :           std::numeric_limits<double>::quiet_NaN());
 512 :       current_statement__ = 6;
 513 :       eps = in__.template read<Eigen::Matrix<local_scalar_t__,-1,1>>(K);
 514 :       Eigen::Matrix<double,-1,1> zeta =
 515 :         Eigen::Matrix<double,-1,1>::Constant(C,
 516 :           std::numeric_limits<double>::quiet_NaN());
 517 :       current_statement__ = 7;
 518 :       zeta = in__.template read<Eigen::Matrix<local_scalar_t__,-1,1>>(C);
 519 :       std::vector<Eigen::Matrix<double,-1,1>> delta =
 520 :         std::vector<Eigen::Matrix<double,-1,1>>(C,
 521 :           Eigen::Matrix<double,-1,1>::Constant(2,
 522 :             std::numeric_limits<double>::quiet_NaN()));
 523 :       current_statement__ = 8;
 524 :       delta = in__.template read_constrain_lub<
 525 :                 std::vector<Eigen::Matrix<local_scalar_t__,-1,1>>,
 526 :                 jacobian__>(lowerbound, upperbound, lp__, C, 2);
 527 :       double rho = std::numeric_limits<double>::quiet_NaN();
 528 :       double tau_sqrt = std::numeric_limits<double>::quiet_NaN();
 529 :       double sigma_sqrt = std::numeric_limits<double>::quiet_NaN();
 530 :       Eigen::Matrix<double,-1,1> zeta_scale =
 531 :         Eigen::Matrix<double,-1,1>::Constant(C,
 532 :           std::numeric_limits<double>::quiet_NaN());
 533 :       Eigen::Matrix<double,-1,1> eps_scale =
 534 :         Eigen::Matrix<double,-1,1>::Constant(K,
 535 :           std::numeric_limits<double>::quiet_NaN());
 536 :       out__.write(rho_raw);
 537 :       out__.write(sigma);
 538 :       out__.write(tau);
 539 :       out__.write(theta);
 540 :       out__.write(mu);
 541 :       out__.write(eps);
 542 :       out__.write(zeta);
 543 :       for (int sym1__ = 1; sym1__ <= 2; ++sym1__) {
 544 :         for (int sym2__ = 1; sym2__ <= C; ++sym2__) {
 545 :           out__.write(delta[(sym2__ - 1)][(sym1__ - 1)]);
 546 :         }
 547 :       }
 548 :       if (stan::math::logical_negation(
 549 :             (stan::math::primitive_value(emit_transformed_parameters__) ||
 550 :             stan::math::primitive_value(emit_generated_quantities__)))) {
 551 :         return ;
 552 :       }
 553 :       current_statement__ = 9;
 554 :       rho = stan::math::exp(rho_raw);
 555 :       current_statement__ = 10;
 556 :       tau_sqrt = stan::math::sqrt(tau);
 557 :       current_statement__ = 11;
 558 :       sigma_sqrt = stan::math::sqrt(sigma);
 559 :       current_statement__ = 12;
 560 :       stan::model::assign(zeta_scale, stan::math::multiply(zeta, tau_sqrt),
 561 :         "assigning variable zeta_scale");
 562 :       current_statement__ = 13;
 563 :       stan::model::assign(eps_scale, stan::math::multiply(eps, sigma_sqrt),
 564 :         "assigning variable eps_scale");
 565 :       current_statement__ = 9;
 566 :       stan::math::check_greater_or_equal(function__, "rho", rho, 0);
 567 :       current_statement__ = 10;
 568 :       stan::math::check_greater_or_equal(function__, "tau_sqrt", tau_sqrt, 0);
 569 :       current_statement__ = 11;
 570 :       stan::math::check_greater_or_equal(function__, "sigma_sqrt",
 571 :         sigma_sqrt, 0);
 572 :       if (emit_transformed_parameters__) {
 573 :         out__.write(rho);
 574 :         out__.write(tau_sqrt);
 575 :         out__.write(sigma_sqrt);
 576 :         out__.write(zeta_scale);
 577 :         out__.write(eps_scale);
 578 :       }
 579 :       if (stan::math::logical_negation(emit_generated_quantities__)) {
 580 :         return ;
 581 :       }
 582 :       Eigen::Matrix<double,-1,1> colony_dist =
 583 :         Eigen::Matrix<double,-1,1>::Constant(C,
 584 :           std::numeric_limits<double>::quiet_NaN());
 585 :       current_statement__ = 15;
 586 :       stan::model::assign(colony_dist, stan::math::rep_vector(0, C),
 587 :         "assigning variable colony_dist");
 588 :       {
 589 :         current_statement__ = 16;
 590 :         stan::math::validate_non_negative_index("dis", "C", C);
 591 :         current_statement__ = 17;
 592 :         stan::math::validate_non_negative_index("dis", "K", K);
 593 :         Eigen::Matrix<double,-1,-1> dis =
 594 :           Eigen::Matrix<double,-1,-1>::Constant(C, K,
 595 :             std::numeric_limits<double>::quiet_NaN());
 596 :         current_statement__ = 19;
 597 :         stan::math::validate_non_negative_index("lambda", "C", C);
 598 :         current_statement__ = 20;
 599 :         stan::math::validate_non_negative_index("lambda", "K", K);
 600 :         Eigen::Matrix<double,-1,-1> lambda =
 601 :           Eigen::Matrix<double,-1,-1>::Constant(C, K,
 602 :             std::numeric_limits<double>::quiet_NaN());
 603 :         current_statement__ = 22;
 604 :         stan::math::validate_non_negative_index("V", "C", C);
 605 :         Eigen::Matrix<double,-1,1> V =
 606 :           Eigen::Matrix<double,-1,1>::Constant(C,
 607 :             std::numeric_limits<double>::quiet_NaN());
 608 :         current_statement__ = 24;
 609 :         stan::math::validate_non_negative_index("V_inv", "C", C);
 610 :         Eigen::Matrix<double,-1,1> V_inv =
 611 :           Eigen::Matrix<double,-1,1>::Constant(C,
 612 :             std::numeric_limits<double>::quiet_NaN());
 613 :         current_statement__ = 31;
 614 :         for (int k = 1; k <= K; ++k) {
 615 :           current_statement__ = 29;
 616 :           for (int i = 1; i <= C; ++i) {
 617 :             current_statement__ = 26;
 618 :             stan::model::assign(dis,
 619 :               stan::math::sqrt(
 620 :                 (stan::math::square(
 621 :                    (stan::model::rvalue(delta, "delta",
 622 :                       stan::model::index_uni(i), stan::model::index_uni(1)) -
 623 :                    stan::model::rvalue(trap, "trap",
 624 :                      stan::model::index_uni(k), stan::model::index_uni(1))))
 625 :                 +
 626 :                 stan::math::square(
 627 :                   (stan::model::rvalue(delta, "delta",
 628 :                      stan::model::index_uni(i), stan::model::index_uni(2)) -
 629 :                   stan::model::rvalue(trap, "trap",
 630 :                     stan::model::index_uni(k), stan::model::index_uni(2)))))),
 631 :               "assigning variable dis", stan::model::index_uni(i),
 632 :               stan::model::index_uni(k));
 633 :             current_statement__ = 27;
 634 :             stan::model::assign(lambda, ((((-0.5 *
 635 :               stan::math::pow(
 636 :                 ((stan::model::rvalue(dis, "dis", stan::model::index_uni(i),
 637 :                     stan::model::index_uni(k)) / rho) - (theta *
 638 :                 stan::model::rvalue(floral, "floral",
 639 :                   stan::model::index_uni(k)))), 2)) + mu) +
 640 :               stan::model::rvalue(zeta_scale, "zeta_scale",
 641 :                 stan::model::index_uni(i))) +
 642 :               stan::model::rvalue(eps_scale, "eps_scale",
 643 :                 stan::model::index_uni(k))), "assigning variable lambda",
 644 :               stan::model::index_uni(i), stan::model::index_uni(k));
 645 :           }
 646 :         }
 647 :         current_statement__ = 34;
 648 :         for (int i = 1; i <= C; ++i) {
 649 :           current_statement__ = 32;
 650 :           stan::model::assign(V,
 651 :             stan::math::sum(
 652 :               stan::math::exp(
 653 :                 stan::model::rvalue(lambda, "lambda",
 654 :                   stan::model::index_uni(i), stan::model::index_omni()))),
 655 :             "assigning variable V", stan::model::index_uni(i));
 656 :         }
 657 :         current_statement__ = 35;
 658 :         stan::model::assign(V_inv, stan::math::inv(V),
 659 :           "assigning variable V_inv");
 660 :         current_statement__ = 38;
 661 :         for (int k = 1; k <= K; ++k) {
 662 :           current_statement__ = 36;
 663 :           stan::model::assign(colony_dist,
 664 :             stan::math::add(stan::model::deep_copy(colony_dist),
 665 :               stan::math::elt_multiply(
 666 :                 stan::math::elt_multiply(
 667 :                   stan::model::rvalue(dis, "dis", stan::model::index_omni(),
 668 :                     stan::model::index_uni(k)),
 669 :                   stan::math::exp(
 670 :                     stan::model::rvalue(lambda, "lambda",
 671 :                       stan::model::index_omni(), stan::model::index_uni(k)))),
 672 :                 V_inv)), "assigning variable colony_dist");
 673 :         }
 674 :       }
 675 :       out__.write(colony_dist);
 676 :     } catch (const std::exception& e) {
 677 :       stan::lang::rethrow_located(e, locations_array__[current_statement__]);
 678 :     }
 679 :   }
 680 :   template <typename VecVar, typename VecI,
 681 :             stan::require_vector_t<VecVar>* = nullptr,
 682 :             stan::require_vector_like_vt<std::is_integral, VecI>* = nullptr>
 683 :   inline void
 684 :   unconstrain_array_impl(const VecVar& params_r__, const VecI& params_i__,
 685 :                          VecVar& vars__, std::ostream* pstream__ = nullptr) const {
 686 :     using local_scalar_t__ = double;
 687 :     stan::io::deserializer<local_scalar_t__> in__(params_r__, params_i__);
 688 :     stan::io::serializer<local_scalar_t__> out__(vars__);
 689 :     int current_statement__ = 0;
 690 :     local_scalar_t__ DUMMY_VAR__(std::numeric_limits<double>::quiet_NaN());
 691 :     // suppress unused var warning
 692 :     (void) DUMMY_VAR__;
 693 :     try {
 694 :       int pos__ = std::numeric_limits<int>::min();
 695 :       pos__ = 1;
 696 :       local_scalar_t__ rho_raw = DUMMY_VAR__;
 697 :       current_statement__ = 1;
 698 :       rho_raw = in__.read<local_scalar_t__>();
 699 :       out__.write(rho_raw);
 700 :       local_scalar_t__ sigma = DUMMY_VAR__;
 701 :       current_statement__ = 2;
 702 :       sigma = in__.read<local_scalar_t__>();
 703 :       out__.write_free_lb(0, sigma);
 704 :       local_scalar_t__ tau = DUMMY_VAR__;
 705 :       current_statement__ = 3;
 706 :       tau = in__.read<local_scalar_t__>();
 707 :       out__.write_free_lb(0, tau);
 708 :       local_scalar_t__ theta = DUMMY_VAR__;
 709 :       current_statement__ = 4;
 710 :       theta = in__.read<local_scalar_t__>();
 711 :       out__.write(theta);
 712 :       local_scalar_t__ mu = DUMMY_VAR__;
 713 :       current_statement__ = 5;
 714 :       mu = in__.read<local_scalar_t__>();
 715 :       out__.write(mu);
 716 :       Eigen::Matrix<local_scalar_t__,-1,1> eps =
 717 :         Eigen::Matrix<local_scalar_t__,-1,1>::Constant(K, DUMMY_VAR__);
 718 :       current_statement__ = 6;
 719 :       stan::model::assign(eps,
 720 :         in__.read<Eigen::Matrix<local_scalar_t__,-1,1>>(K),
 721 :         "assigning variable eps");
 722 :       out__.write(eps);
 723 :       Eigen::Matrix<local_scalar_t__,-1,1> zeta =
 724 :         Eigen::Matrix<local_scalar_t__,-1,1>::Constant(C, DUMMY_VAR__);
 725 :       current_statement__ = 7;
 726 :       stan::model::assign(zeta,
 727 :         in__.read<Eigen::Matrix<local_scalar_t__,-1,1>>(C),
 728 :         "assigning variable zeta");
 729 :       out__.write(zeta);
 730 :       std::vector<Eigen::Matrix<local_scalar_t__,-1,1>> delta =
 731 :         std::vector<Eigen::Matrix<local_scalar_t__,-1,1>>(C,
 732 :           Eigen::Matrix<local_scalar_t__,-1,1>::Constant(2, DUMMY_VAR__));
 733 :       current_statement__ = 8;
 734 :       for (int sym1__ = 1; sym1__ <= 2; ++sym1__) {
 735 :         current_statement__ = 8;
 736 :         for (int sym2__ = 1; sym2__ <= C; ++sym2__) {
 737 :           current_statement__ = 8;
 738 :           stan::model::assign(delta, in__.read<local_scalar_t__>(),
 739 :             "assigning variable delta", stan::model::index_uni(sym2__),
 740 :             stan::model::index_uni(sym1__));
 741 :         }
 742 :       }
 743 :       out__.write_free_lub(lowerbound, upperbound, delta);
 744 :     } catch (const std::exception& e) {
 745 :       stan::lang::rethrow_located(e, locations_array__[current_statement__]);
 746 :     }
 747 :   }
 748 :   template <typename VecVar, stan::require_vector_t<VecVar>* = nullptr>
 749 :   inline void
 750 :   transform_inits_impl(const stan::io::var_context& context__, VecVar&
 751 :                        vars__, std::ostream* pstream__ = nullptr) const {
 752 :     using local_scalar_t__ = double;
 753 :     stan::io::serializer<local_scalar_t__> out__(vars__);
 754 :     int current_statement__ = 0;
 755 :     local_scalar_t__ DUMMY_VAR__(std::numeric_limits<double>::quiet_NaN());
 756 :     // suppress unused var warning
 757 :     (void) DUMMY_VAR__;
 758 :     try {
 759 :       current_statement__ = 1;
 760 :       context__.validate_dims("parameter initialization", "rho_raw",
 761 :         "double", std::vector<size_t>{});
 762 :       current_statement__ = 2;
 763 :       context__.validate_dims("parameter initialization", "sigma", "double",
 764 :         std::vector<size_t>{});
 765 :       current_statement__ = 3;
 766 :       context__.validate_dims("parameter initialization", "tau", "double",
 767 :         std::vector<size_t>{});
 768 :       current_statement__ = 4;
 769 :       context__.validate_dims("parameter initialization", "theta", "double",
 770 :         std::vector<size_t>{});
 771 :       current_statement__ = 5;
 772 :       context__.validate_dims("parameter initialization", "mu", "double",
 773 :         std::vector<size_t>{});
 774 :       current_statement__ = 6;
 775 :       context__.validate_dims("parameter initialization", "eps", "double",
 776 :         std::vector<size_t>{static_cast<size_t>(K)});
 777 :       current_statement__ = 7;
 778 :       context__.validate_dims("parameter initialization", "zeta", "double",
 779 :         std::vector<size_t>{static_cast<size_t>(C)});
 780 :       current_statement__ = 8;
 781 :       context__.validate_dims("parameter initialization", "delta", "double",
 782 :         std::vector<size_t>{static_cast<size_t>(C), static_cast<size_t>(2)});
 783 :       int pos__ = std::numeric_limits<int>::min();
 784 :       pos__ = 1;
 785 :       local_scalar_t__ rho_raw = DUMMY_VAR__;
 786 :       current_statement__ = 1;
 787 :       rho_raw = context__.vals_r("rho_raw")[(1 - 1)];
 788 :       out__.write(rho_raw);
 789 :       local_scalar_t__ sigma = DUMMY_VAR__;
 790 :       current_statement__ = 2;
 791 :       sigma = context__.vals_r("sigma")[(1 - 1)];
 792 :       out__.write_free_lb(0, sigma);
 793 :       local_scalar_t__ tau = DUMMY_VAR__;
 794 :       current_statement__ = 3;
 795 :       tau = context__.vals_r("tau")[(1 - 1)];
 796 :       out__.write_free_lb(0, tau);
 797 :       local_scalar_t__ theta = DUMMY_VAR__;
 798 :       current_statement__ = 4;
 799 :       theta = context__.vals_r("theta")[(1 - 1)];
 800 :       out__.write(theta);
 801 :       local_scalar_t__ mu = DUMMY_VAR__;
 802 :       current_statement__ = 5;
 803 :       mu = context__.vals_r("mu")[(1 - 1)];
 804 :       out__.write(mu);
 805 :       Eigen::Matrix<local_scalar_t__,-1,1> eps =
 806 :         Eigen::Matrix<local_scalar_t__,-1,1>::Constant(K, DUMMY_VAR__);
 807 :       {
 808 :         std::vector<local_scalar_t__> eps_flat__;
 809 :         current_statement__ = 6;
 810 :         eps_flat__ = context__.vals_r("eps");
 811 :         current_statement__ = 6;
 812 :         pos__ = 1;
 813 :         current_statement__ = 6;
 814 :         for (int sym1__ = 1; sym1__ <= K; ++sym1__) {
 815 :           current_statement__ = 6;
 816 :           stan::model::assign(eps, eps_flat__[(pos__ - 1)],
 817 :             "assigning variable eps", stan::model::index_uni(sym1__));
 818 :           current_statement__ = 6;
 819 :           pos__ = (pos__ + 1);
 820 :         }
 821 :       }
 822 :       out__.write(eps);
 823 :       Eigen::Matrix<local_scalar_t__,-1,1> zeta =
 824 :         Eigen::Matrix<local_scalar_t__,-1,1>::Constant(C, DUMMY_VAR__);
 825 :       {
 826 :         std::vector<local_scalar_t__> zeta_flat__;
 827 :         current_statement__ = 7;
 828 :         zeta_flat__ = context__.vals_r("zeta");
 829 :         current_statement__ = 7;
 830 :         pos__ = 1;
 831 :         current_statement__ = 7;
 832 :         for (int sym1__ = 1; sym1__ <= C; ++sym1__) {
 833 :           current_statement__ = 7;
 834 :           stan::model::assign(zeta, zeta_flat__[(pos__ - 1)],
 835 :             "assigning variable zeta", stan::model::index_uni(sym1__));
 836 :           current_statement__ = 7;
 837 :           pos__ = (pos__ + 1);
 838 :         }
 839 :       }
 840 :       out__.write(zeta);
 841 :       std::vector<Eigen::Matrix<local_scalar_t__,-1,1>> delta =
 842 :         std::vector<Eigen::Matrix<local_scalar_t__,-1,1>>(C,
 843 :           Eigen::Matrix<local_scalar_t__,-1,1>::Constant(2, DUMMY_VAR__));
 844 :       {
 845 :         std::vector<local_scalar_t__> delta_flat__;
 846 :         current_statement__ = 8;
 847 :         delta_flat__ = context__.vals_r("delta");
 848 :         current_statement__ = 8;
 849 :         pos__ = 1;
 850 :         current_statement__ = 8;
 851 :         for (int sym1__ = 1; sym1__ <= 2; ++sym1__) {
 852 :           current_statement__ = 8;
 853 :           for (int sym2__ = 1; sym2__ <= C; ++sym2__) {
 854 :             current_statement__ = 8;
 855 :             stan::model::assign(delta, delta_flat__[(pos__ - 1)],
 856 :               "assigning variable delta", stan::model::index_uni(sym2__),
 857 :               stan::model::index_uni(sym1__));
 858 :             current_statement__ = 8;
 859 :             pos__ = (pos__ + 1);
 860 :           }
 861 :         }
 862 :       }
 863 :       out__.write_free_lub(lowerbound, upperbound, delta);
 864 :     } catch (const std::exception& e) {
 865 :       stan::lang::rethrow_located(e, locations_array__[current_statement__]);
 866 :     }
 867 :   }
 868 :   inline void
 869 :   get_param_names(std::vector<std::string>& names__, const bool
 870 :                   emit_transformed_parameters__ = true, const bool
 871 :                   emit_generated_quantities__ = true) const {
 872 :     names__ = std::vector<std::string>{"rho_raw", "sigma", "tau", "theta",
 873 :                 "mu", "eps", "zeta", "delta"};
 874 :     if (emit_transformed_parameters__) {
 875 :       std::vector<std::string>
 876 :         temp{"rho", "tau_sqrt", "sigma_sqrt", "zeta_scale", "eps_scale"};
 877 :       names__.reserve(names__.size() + temp.size());
 878 :       names__.insert(names__.end(), temp.begin(), temp.end());
 879 :     }
 880 :     if (emit_generated_quantities__) {
 881 :       std::vector<std::string> temp{"colony_dist"};
 882 :       names__.reserve(names__.size() + temp.size());
 883 :       names__.insert(names__.end(), temp.begin(), temp.end());
 884 :     }
 885 :   }
 886 :   inline void
 887 :   get_dims(std::vector<std::vector<size_t>>& dimss__, const bool
 888 :            emit_transformed_parameters__ = true, const bool
 889 :            emit_generated_quantities__ = true) const {
 890 :     dimss__ = std::vector<std::vector<size_t>>{std::vector<size_t>{},
 891 :                 std::vector<size_t>{}, std::vector<size_t>{},
 892 :                 std::vector<size_t>{}, std::vector<size_t>{},
 893 :                 std::vector<size_t>{static_cast<size_t>(K)},
 894 :                 std::vector<size_t>{static_cast<size_t>(C)},
 895 :                 std::vector<size_t>{static_cast<size_t>(C),
 896 :                   static_cast<size_t>(2)}};
 897 :     if (emit_transformed_parameters__) {
 898 :       std::vector<std::vector<size_t>>
 899 :         temp{std::vector<size_t>{}, std::vector<size_t>{},
 900 :              std::vector<size_t>{},
 901 :              std::vector<size_t>{static_cast<size_t>(C)},
 902 :              std::vector<size_t>{static_cast<size_t>(K)}};
 903 :       dimss__.reserve(dimss__.size() + temp.size());
 904 :       dimss__.insert(dimss__.end(), temp.begin(), temp.end());
 905 :     }
 906 :     if (emit_generated_quantities__) {
 907 :       std::vector<std::vector<size_t>>
 908 :         temp{std::vector<size_t>{static_cast<size_t>(C)}};
 909 :       dimss__.reserve(dimss__.size() + temp.size());
 910 :       dimss__.insert(dimss__.end(), temp.begin(), temp.end());
 911 :     }
 912 :   }
 913 :   inline void
 914 :   constrained_param_names(std::vector<std::string>& param_names__, bool
 915 :                           emit_transformed_parameters__ = true, bool
 916 :                           emit_generated_quantities__ = true) const final {
 917 :     param_names__.emplace_back(std::string() + "rho_raw");
 918 :     param_names__.emplace_back(std::string() + "sigma");
 919 :     param_names__.emplace_back(std::string() + "tau");
 920 :     param_names__.emplace_back(std::string() + "theta");
 921 :     param_names__.emplace_back(std::string() + "mu");
 922 :     for (int sym1__ = 1; sym1__ <= K; ++sym1__) {
 923 :       param_names__.emplace_back(std::string() + "eps" + '.' +
 924 :         std::to_string(sym1__));
 925 :     }
 926 :     for (int sym1__ = 1; sym1__ <= C; ++sym1__) {
 927 :       param_names__.emplace_back(std::string() + "zeta" + '.' +
 928 :         std::to_string(sym1__));
 929 :     }
 930 :     for (int sym1__ = 1; sym1__ <= 2; ++sym1__) {
 931 :       for (int sym2__ = 1; sym2__ <= C; ++sym2__) {
 932 :         param_names__.emplace_back(std::string() + "delta" + '.' +
 933 :           std::to_string(sym2__) + '.' + std::to_string(sym1__));
 934 :       }
 935 :     }
 936 :     if (emit_transformed_parameters__) {
 937 :       param_names__.emplace_back(std::string() + "rho");
 938 :       param_names__.emplace_back(std::string() + "tau_sqrt");
 939 :       param_names__.emplace_back(std::string() + "sigma_sqrt");
 940 :       for (int sym1__ = 1; sym1__ <= C; ++sym1__) {
 941 :         param_names__.emplace_back(std::string() + "zeta_scale" + '.' +
 942 :           std::to_string(sym1__));
 943 :       }
 944 :       for (int sym1__ = 1; sym1__ <= K; ++sym1__) {
 945 :         param_names__.emplace_back(std::string() + "eps_scale" + '.' +
 946 :           std::to_string(sym1__));
 947 :       }
 948 :     }
 949 :     if (emit_generated_quantities__) {
 950 :       for (int sym1__ = 1; sym1__ <= C; ++sym1__) {
 951 :         param_names__.emplace_back(std::string() + "colony_dist" + '.' +
 952 :           std::to_string(sym1__));
 953 :       }
 954 :     }
 955 :   }
 956 :   inline void
 957 :   unconstrained_param_names(std::vector<std::string>& param_names__, bool
 958 :                             emit_transformed_parameters__ = true, bool
 959 :                             emit_generated_quantities__ = true) const final {
 960 :     param_names__.emplace_back(std::string() + "rho_raw");
 961 :     param_names__.emplace_back(std::string() + "sigma");
 962 :     param_names__.emplace_back(std::string() + "tau");
 963 :     param_names__.emplace_back(std::string() + "theta");
 964 :     param_names__.emplace_back(std::string() + "mu");
 965 :     for (int sym1__ = 1; sym1__ <= K; ++sym1__) {
 966 :       param_names__.emplace_back(std::string() + "eps" + '.' +
 967 :         std::to_string(sym1__));
 968 :     }
 969 :     for (int sym1__ = 1; sym1__ <= C; ++sym1__) {
 970 :       param_names__.emplace_back(std::string() + "zeta" + '.' +
 971 :         std::to_string(sym1__));
 972 :     }
 973 :     for (int sym1__ = 1; sym1__ <= 2; ++sym1__) {
 974 :       for (int sym2__ = 1; sym2__ <= C; ++sym2__) {
 975 :         param_names__.emplace_back(std::string() + "delta" + '.' +
 976 :           std::to_string(sym2__) + '.' + std::to_string(sym1__));
 977 :       }
 978 :     }
 979 :     if (emit_transformed_parameters__) {
 980 :       param_names__.emplace_back(std::string() + "rho");
 981 :       param_names__.emplace_back(std::string() + "tau_sqrt");
 982 :       param_names__.emplace_back(std::string() + "sigma_sqrt");
 983 :       for (int sym1__ = 1; sym1__ <= C; ++sym1__) {
 984 :         param_names__.emplace_back(std::string() + "zeta_scale" + '.' +
 985 :           std::to_string(sym1__));
 986 :       }
 987 :       for (int sym1__ = 1; sym1__ <= K; ++sym1__) {
 988 :         param_names__.emplace_back(std::string() + "eps_scale" + '.' +
 989 :           std::to_string(sym1__));
 990 :       }
 991 :     }
 992 :     if (emit_generated_quantities__) {
 993 :       for (int sym1__ = 1; sym1__ <= C; ++sym1__) {
 994 :         param_names__.emplace_back(std::string() + "colony_dist" + '.' +
 995 :           std::to_string(sym1__));
 996 :       }
 997 :     }
 998 :   }
 999 :   inline std::string get_constrained_sizedtypes() const {
1000 :     return std::string("[{\"name\":\"rho_raw\",\"type\":{\"name\":\"real\"},\"block\":\"parameters\"},{\"name\":\"sigma\",\"type\":{\"name\":\"real\"},\"block\":\"parameters\"},{\"name\":\"tau\",\"type\":{\"name\":\"real\"},\"block\":\"parameters\"},{\"name\":\"theta\",\"type\":{\"name\":\"real\"},\"block\":\"parameters\"},{\"name\":\"mu\",\"type\":{\"name\":\"real\"},\"block\":\"parameters\"},{\"name\":\"eps\",\"type\":{\"name\":\"vector\",\"length\":" + std::to_string(K) + "},\"block\":\"parameters\"},{\"name\":\"zeta\",\"type\":{\"name\":\"vector\",\"length\":" + std::to_string(C) + "},\"block\":\"parameters\"},{\"name\":\"delta\",\"type\":{\"name\":\"array\",\"length\":" + std::to_string(C) + ",\"element_type\":{\"name\":\"vector\",\"length\":" + std::to_string(2) + "}},\"block\":\"parameters\"},{\"name\":\"rho\",\"type\":{\"name\":\"real\"},\"block\":\"transformed_parameters\"},{\"name\":\"tau_sqrt\",\"type\":{\"name\":\"real\"},\"block\":\"transformed_parameters\"},{\"name\":\"sigma_sqrt\",\"type\":{\"name\":\"real\"},\"block\":\"transformed_parameters\"},{\"name\":\"zeta_scale\",\"type\":{\"name\":\"vector\",\"length\":" + std::to_string(C) + "},\"block\":\"transformed_parameters\"},{\"name\":\"eps_scale\",\"type\":{\"name\":\"vector\",\"length\":" + std::to_string(K) + "},\"block\":\"transformed_parameters\"},{\"name\":\"colony_dist\",\"type\":{\"name\":\"vector\",\"length\":" + std::to_string(C) + "},\"block\":\"generated_quantities\"}]");
1001 :   }
1002 :   inline std::string get_unconstrained_sizedtypes() const {
1003 :     return std::string("[{\"name\":\"rho_raw\",\"type\":{\"name\":\"real\"},\"block\":\"parameters\"},{\"name\":\"sigma\",\"type\":{\"name\":\"real\"},\"block\":\"parameters\"},{\"name\":\"tau\",\"type\":{\"name\":\"real\"},\"block\":\"parameters\"},{\"name\":\"theta\",\"type\":{\"name\":\"real\"},\"block\":\"parameters\"},{\"name\":\"mu\",\"type\":{\"name\":\"real\"},\"block\":\"parameters\"},{\"name\":\"eps\",\"type\":{\"name\":\"vector\",\"length\":" + std::to_string(K) + "},\"block\":\"parameters\"},{\"name\":\"zeta\",\"type\":{\"name\":\"vector\",\"length\":" + std::to_string(C) + "},\"block\":\"parameters\"},{\"name\":\"delta\",\"type\":{\"name\":\"array\",\"length\":" + std::to_string(C) + ",\"element_type\":{\"name\":\"vector\",\"length\":" + std::to_string(2) + "}},\"block\":\"parameters\"},{\"name\":\"rho\",\"type\":{\"name\":\"real\"},\"block\":\"transformed_parameters\"},{\"name\":\"tau_sqrt\",\"type\":{\"name\":\"real\"},\"block\":\"transformed_parameters\"},{\"name\":\"sigma_sqrt\",\"type\":{\"name\":\"real\"},\"block\":\"transformed_parameters\"},{\"name\":\"zeta_scale\",\"type\":{\"name\":\"vector\",\"length\":" + std::to_string(C) + "},\"block\":\"transformed_parameters\"},{\"name\":\"eps_scale\",\"type\":{\"name\":\"vector\",\"length\":" + std::to_string(K) + "},\"block\":\"transformed_parameters\"},{\"name\":\"colony_dist\",\"type\":{\"name\":\"vector\",\"length\":" + std::to_string(C) + "},\"block\":\"generated_quantities\"}]");
1004 :   }
1005 :   // Begin method overload boilerplate
1006 :   template <typename RNG> inline void
1007 :   write_array(RNG& base_rng, Eigen::Matrix<double,-1,1>& params_r,
1008 :               Eigen::Matrix<double,-1,1>& vars, const bool
1009 :               emit_transformed_parameters = true, const bool
1010 :               emit_generated_quantities = true, std::ostream*
1011 :               pstream = nullptr) const {
1012 :     const size_t num_params__ = (((((((1 + 1) + 1) + 1) + 1) + K) + C) + (C *
1013 :       2));
1014 :     const size_t num_transformed = emit_transformed_parameters * (((((1 + 1)
1015 :       + 1) + C) + K));
1016 :     const size_t num_gen_quantities = emit_generated_quantities * (C);
1017 :     const size_t num_to_write = num_params__ + num_transformed +
1018 :       num_gen_quantities;
1019 :     std::vector<int> params_i;
1020 :     vars = Eigen::Matrix<double,-1,1>::Constant(num_to_write,
1021 :              std::numeric_limits<double>::quiet_NaN());
1022 :     write_array_impl(base_rng, params_r, params_i, vars,
1023 :       emit_transformed_parameters, emit_generated_quantities, pstream);
1024 :   }
1025 :   template <typename RNG> inline void
1026 :   write_array(RNG& base_rng, std::vector<double>& params_r, std::vector<int>&
1027 :               params_i, std::vector<double>& vars, bool
1028 :               emit_transformed_parameters = true, bool
1029 :               emit_generated_quantities = true, std::ostream*
1030 :               pstream = nullptr) const {
1031 :     const size_t num_params__ = (((((((1 + 1) + 1) + 1) + 1) + K) + C) + (C *
1032 :       2));
1033 :     const size_t num_transformed = emit_transformed_parameters * (((((1 + 1)
1034 :       + 1) + C) + K));
1035 :     const size_t num_gen_quantities = emit_generated_quantities * (C);
1036 :     const size_t num_to_write = num_params__ + num_transformed +
1037 :       num_gen_quantities;
1038 :     vars = std::vector<double>(num_to_write,
1039 :              std::numeric_limits<double>::quiet_NaN());
1040 :     write_array_impl(base_rng, params_r, params_i, vars,
1041 :       emit_transformed_parameters, emit_generated_quantities, pstream);
1042 :   }
1043 :   template <bool propto__, bool jacobian__, typename T_> inline T_
1044 :   log_prob(Eigen::Matrix<T_,-1,1>& params_r, std::ostream* pstream = nullptr) const {
1045 :     Eigen::Matrix<int,-1,1> params_i;
1046 :     return log_prob_impl<propto__, jacobian__>(params_r, params_i, pstream);
1047 :   }
1048 :   template <bool propto__, bool jacobian__, typename T_> inline T_
1049 :   log_prob(std::vector<T_>& params_r, std::vector<int>& params_i,
1050 :            std::ostream* pstream = nullptr) const {
1051 :     return log_prob_impl<propto__, jacobian__>(params_r, params_i, pstream);
1052 :   }
1053 :   inline void
1054 :   transform_inits(const stan::io::var_context& context,
1055 :                   Eigen::Matrix<double,-1,1>& params_r, std::ostream*
1056 :                   pstream = nullptr) const final {
1057 :     std::vector<double> params_r_vec(params_r.size());
1058 :     std::vector<int> params_i;
1059 :     transform_inits(context, params_i, params_r_vec, pstream);
1060 :     params_r = Eigen::Map<Eigen::Matrix<double,-1,1>>(params_r_vec.data(),
1061 :                  params_r_vec.size());
1062 :   }
1063 :   inline void
1064 :   transform_inits(const stan::io::var_context& context, std::vector<int>&
1065 :                   params_i, std::vector<double>& vars, std::ostream*
1066 :                   pstream__ = nullptr) const {
1067 :     vars.resize(num_params_r__);
1068 :     transform_inits_impl(context, vars, pstream__);
1069 :   }
1070 :   inline void
1071 :   unconstrain_array(const std::vector<double>& params_constrained,
1072 :                     std::vector<double>& params_unconstrained, std::ostream*
1073 :                     pstream = nullptr) const {
1074 :     const std::vector<int> params_i;
1075 :     params_unconstrained = std::vector<double>(num_params_r__,
1076 :                              std::numeric_limits<double>::quiet_NaN());
1077 :     unconstrain_array_impl(params_constrained, params_i,
1078 :       params_unconstrained, pstream);
1079 :   }
1080 :   inline void
1081 :   unconstrain_array(const Eigen::Matrix<double,-1,1>& params_constrained,
1082 :                     Eigen::Matrix<double,-1,1>& params_unconstrained,
1083 :                     std::ostream* pstream = nullptr) const {
1084 :     const std::vector<int> params_i;
1085 :     params_unconstrained = Eigen::Matrix<double,-1,1>::Constant(num_params_r__,
1086 :                              std::numeric_limits<double>::quiet_NaN());
1087 :     unconstrain_array_impl(params_constrained, params_i,
1088 :       params_unconstrained, pstream);
1089 :   }
1090 : };
1091 : }
1092 : using stan_model = model2f4f2136334541__namespace::model2f4f2136334541_;
1093 : #ifndef USING_R
1094 : // Boilerplate
1095 : stan::model::model_base&
1096 : new_model(stan::io::var_context& data_context, unsigned int seed,
1097 :           std::ostream* msg_stream) {
1098 :   stan_model* m = new stan_model(data_context, seed, msg_stream);
1099 :   return *m;
1100 : }
1101 : stan::math::profile_map& get_stan_profile_data() {
1102 :   return model2f4f2136334541__namespace::profiles__;
1103 : }
1104 : #endif
1105 : #endif
1106 : 
1107 : RCPP_MODULE(stan_fit4model2f4f2136334541__mod) {
1108 :   class_<rstan::stan_fit<stan_model, boost::random::ecuyer1988> >(
1109 :       "stan_fit4model2f4f2136334541_")
1110 : 
1111 :       .constructor<SEXP, SEXP, SEXP>()
1112 : 
1113 :       .method(
1114 :           "call_sampler",
1115 :           &rstan::stan_fit<stan_model, boost::random::ecuyer1988>::call_sampler)
1116 :       .method(
1117 :           "param_names",
1118 :           &rstan::stan_fit<stan_model, boost::random::ecuyer1988>::param_names)
1119 :       .method("param_names_oi",
1120 :               &rstan::stan_fit<stan_model,
1121 :                                boost::random::ecuyer1988>::param_names_oi)
1122 :       .method("param_fnames_oi",
1123 :               &rstan::stan_fit<stan_model,
1124 :                                boost::random::ecuyer1988>::param_fnames_oi)
1125 :       .method(
1126 :           "param_dims",
1127 :           &rstan::stan_fit<stan_model, boost::random::ecuyer1988>::param_dims)
1128 :       .method("param_dims_oi",
1129 :               &rstan::stan_fit<stan_model,
1130 :                                boost::random::ecuyer1988>::param_dims_oi)
1131 :       .method("update_param_oi",
1132 :               &rstan::stan_fit<stan_model,
1133 :                                boost::random::ecuyer1988>::update_param_oi)
1134 :       .method("param_oi_tidx",
1135 :               &rstan::stan_fit<stan_model,
1136 :                                boost::random::ecuyer1988>::param_oi_tidx)
1137 :       .method("grad_log_prob",
1138 :               &rstan::stan_fit<stan_model,
1139 :                                boost::random::ecuyer1988>::grad_log_prob)
1140 :       .method("log_prob",
1141 :               &rstan::stan_fit<stan_model, boost::random::ecuyer1988>::log_prob)
1142 :       .method("unconstrain_pars",
1143 :               &rstan::stan_fit<stan_model,
1144 :                                boost::random::ecuyer1988>::unconstrain_pars)
1145 :       .method("constrain_pars",
1146 :               &rstan::stan_fit<stan_model,
1147 :                                boost::random::ecuyer1988>::constrain_pars)
1148 :       .method(
1149 :           "num_pars_unconstrained",
1150 :           &rstan::stan_fit<stan_model,
1151 :                            boost::random::ecuyer1988>::num_pars_unconstrained)
1152 :       .method(
1153 :           "unconstrained_param_names",
1154 :           &rstan::stan_fit<
1155 :               stan_model, boost::random::ecuyer1988>::unconstrained_param_names)
1156 :       .method(
1157 :           "constrained_param_names",
1158 :           &rstan::stan_fit<stan_model,
1159 :                            boost::random::ecuyer1988>::constrained_param_names)
1160 :       .method("standalone_gqs",
1161 :               &rstan::stan_fit<stan_model,
1162 :                                boost::random::ecuyer1988>::standalone_gqs);
1163 : }
1164 : 
1165 : 
1166 : // declarations
1167 : extern "C" {
1168 : SEXP file2f4f213d43858f( ) ;
1169 : }
1170 : 
1171 : // definition
1172 : SEXP file2f4f213d43858f() {
1173 :  return Rcpp::wrap("anon_model");
1174 : }
make cmd is
  make -f '/cvmfs/soft.computecanada.ca/easybuild/software/2023/x86-64-v3/Compiler/gcccore/r/4.3.1/lib64/R/etc/Makeconf' -f '/cvmfs/soft.computecanada.ca/easybuild/software/2023/x86-64-v3/Compiler/gcccore/r/4.3.1/lib64/R/share/make/shlib.mk' CXX='$(CXX17) $(CXX17STD)' CXXFLAGS='$(CXX17FLAGS)' CXXPICFLAGS='$(CXX17PICFLAGS)' SHLIB_LDFLAGS='$(SHLIB_CXX17LDFLAGS)' SHLIB_LD='$(SHLIB_CXX17LD)' SHLIB='file2f4f213d43858f.so' OBJECTS='file2f4f213d43858f.o'

make would use
g++ -std=gnu++17 -I"/cvmfs/soft.computecanada.ca/easybuild/software/2023/x86-64-v3/Compiler/gcccore/r/4.3.1/lib64/R/include" -DNDEBUG   -I"/home/melanson/R/x86_64-pc-linux-gnu-library/4.3/Rcpp/include/"  -I"/home/melanson/R/x86_64-pc-linux-gnu-library/4.3/RcppEigen/include/"  -I"/home/melanson/R/x86_64-pc-linux-gnu-library/4.3/RcppEigen/include/unsupported"  -I"/home/melanson/R/x86_64-pc-linux-gnu-library/4.3/BH/include" -I"/home/melanson/R/x86_64-pc-linux-gnu-library/4.3/StanHeaders/include/src/"  -I"/home/melanson/R/x86_64-pc-linux-gnu-library/4.3/StanHeaders/include/"  -I"/home/melanson/R/x86_64-pc-linux-gnu-library/4.3/RcppParallel/include/"  -I"/home/melanson/R/x86_64-pc-linux-gnu-library/4.3/rstan/include" -DEIGEN_NO_DEBUG  -DBOOST_DISABLE_ASSERTS  -DBOOST_PENDING_INTEGER_LOG2_HPP  -DSTAN_THREADS  -DUSE_STANC3 -DSTRICT_R_HEADERS  -DBOOST_PHOENIX_NO_VARIADIC_EXPRESSION  -D_HAS_AUTO_PTR_ETC=0  -include '/home/melanson/R/x86_64-pc-linux-gnu-library/4.3/StanHeaders/include/stan/math/prim/fun/Eigen.hpp'  -D_REENTRANT -DRCPP_PARALLEL_USE_TBB=1   -I/cvmfs/soft.computecanada.ca/easybuild/software/2023/x86-64-v3/Core/java/17.0.6/include -I/cvmfs/soft.computecanada.ca/easybuild/software/2023/x86-64-v3/Core/flexiblascore/3.3.1/include -I/cvmfs/soft.computecanada.ca/easybuild/software/2023/x86-64-v3/Core/flexiblascore/3.3.1/include/flexiblas    -fpic  -O2 -ftree-vectorize -march=x86-64-v3 -fno-math-errno  -c file2f4f213d43858f.cpp -o file2f4f213d43858f.o
if test  "zfile2f4f213d43858f.o" != "z"; then \
  echo g++ -std=gnu++17 -shared -L"/cvmfs/soft.computecanada.ca/easybuild/software/2023/x86-64-v3/Compiler/gcccore/r/4.3.1/lib64/R/lib"  -o file2f4f213d43858f.so file2f4f213d43858f.o  '/home/melanson/R/x86_64-pc-linux-gnu-library/4.3/rstan/lib//libStanServices.a' -L'/home/melanson/R/x86_64-pc-linux-gnu-library/4.3/StanHeaders/lib/' -lStanHeaders -L'/home/melanson/R/x86_64-pc-linux-gnu-library/4.3/RcppParallel/lib/' -ltbb   -L"/cvmfs/soft.computecanada.ca/easybuild/software/2023/x86-64-v3/Compiler/gcccore/r/4.3.1/lib64/R/lib" -lR; \
  g++ -std=gnu++17 -shared -L"/cvmfs/soft.computecanada.ca/easybuild/software/2023/x86-64-v3/Compiler/gcccore/r/4.3.1/lib64/R/lib"  -o file2f4f213d43858f.so file2f4f213d43858f.o  '/home/melanson/R/x86_64-pc-linux-gnu-library/4.3/rstan/lib//libStanServices.a' -L'/home/melanson/R/x86_64-pc-linux-gnu-library/4.3/StanHeaders/lib/' -lStanHeaders -L'/home/melanson/R/x86_64-pc-linux-gnu-library/4.3/RcppParallel/lib/' -ltbb   -L"/cvmfs/soft.computecanada.ca/easybuild/software/2023/x86-64-v3/Compiler/gcccore/r/4.3.1/lib64/R/lib" -lR; \
fi

CHECKING DATA AND PREPROCESSING FOR MODEL 'anon_model' NOW.

COMPILING MODEL 'anon_model' NOW.

STARTING SAMPLER FOR MODEL 'anon_model' NOW.

CHECKING DATA AND PREPROCESSING FOR MODEL 'anon_model' NOW.

COMPILING MODEL 'anon_model' NOW.

STARTING SAMPLER FOR MODEL 'anon_model' NOW.

CHECKING DATA AND PREPROCESSING FOR MODEL 'anon_model' NOW.

COMPILING MODEL 'anon_model' NOW.

STARTING SAMPLER FOR MODEL 'anon_model' NOW.

CHECKING DATA AND PREPROCESSING FOR MODEL 'anon_model' NOW.

COMPILING MODEL 'anon_model' NOW.

STARTING SAMPLER FOR MODEL 'anon_model' NOW.

SAMPLING FOR MODEL 'anon_model' NOW (CHAIN 1).

SAMPLING FOR MODEL 'anon_model' NOW (CHAIN 2).

CHECKING DATA AND PREPROCESSING FOR MODEL 'anon_model' NOW.

COMPILING MODEL 'anon_model' NOW.

STARTING SAMPLER FOR MODEL 'anon_model' NOW.

SAMPLING FOR MODEL 'anon_model' NOW (CHAIN 3).

SAMPLING FOR MODEL 'anon_model' NOW (CHAIN 4).
Chain 1: 
Chain 1: Gradient evaluation took 0.038239 seconds
Chain 1: 1000 transitions using 10 leapfrog steps per transition would take 382.39 seconds.
Chain 1: Adjust your expectations accordingly!
Chain 1: 
Chain 1: 
Chain 2: 
Chain 2: Gradient evaluation took 0.038536 seconds
Chain 2: 1000 transitions using 10 leapfrog steps per transition would take 385.36 seconds.
Chain 2: Adjust your expectations accordingly!
Chain 2: 
Chain 2: 
Chain 3: 
Chain 3: Gradient evaluation took 0.0385 seconds
Chain 3: 1000 transitions using 10 leapfrog steps per transition would take 385 seconds.
Chain 3: Adjust your expectations accordingly!
Chain 3: 
Chain 3: 
Chain 4: 
Chain 4: Gradient evaluation took 0.037802 seconds
Chain 4: 1000 transitions using 10 leapfrog steps per transition would take 378.02 seconds.
Chain 4: Adjust your expectations accordingly!
Chain 4: 
Chain 4: 
Chain 3: Iteration:    1 / 10000 [  0%]  (Warmup)
Chain 1: Iteration:    1 / 10000 [  0%]  (Warmup)
Chain 2: Iteration:    1 / 10000 [  0%]  (Warmup)
Chain 4: Iteration:    1 / 10000 [  0%]  (Warmup)
Chain 1: Iteration: 1000 / 10000 [ 10%]  (Warmup)
Chain 4: Iteration: 1000 / 10000 [ 10%]  (Warmup)
Chain 2: Iteration: 1000 / 10000 [ 10%]  (Warmup)
Chain 3: Iteration: 1000 / 10000 [ 10%]  (Warmup)
Chain 1: Iteration: 2000 / 10000 [ 20%]  (Warmup)
Chain 4: Iteration: 2000 / 10000 [ 20%]  (Warmup)
Chain 3: Iteration: 2000 / 10000 [ 20%]  (Warmup)
Chain 2: Iteration: 2000 / 10000 [ 20%]  (Warmup)
Chain 4: Iteration: 3000 / 10000 [ 30%]  (Warmup)
Chain 1: Iteration: 3000 / 10000 [ 30%]  (Warmup)
Chain 3: Iteration: 3000 / 10000 [ 30%]  (Warmup)
Chain 2: Iteration: 3000 / 10000 [ 30%]  (Warmup)
Chain 4: Iteration: 4000 / 10000 [ 40%]  (Warmup)
Chain 1: Iteration: 4000 / 10000 [ 40%]  (Warmup)
Chain 2: Iteration: 4000 / 10000 [ 40%]  (Warmup)
Chain 3: Iteration: 4000 / 10000 [ 40%]  (Warmup)
Chain 1: Iteration: 5000 / 10000 [ 50%]  (Warmup)
Chain 1: Iteration: 5001 / 10000 [ 50%]  (Sampling)
Chain 4: Iteration: 5000 / 10000 [ 50%]  (Warmup)
Chain 4: Iteration: 5001 / 10000 [ 50%]  (Sampling)
Chain 3: Iteration: 5000 / 10000 [ 50%]  (Warmup)
Chain 3: Iteration: 5001 / 10000 [ 50%]  (Sampling)
Chain 2: Iteration: 5000 / 10000 [ 50%]  (Warmup)
Chain 2: Iteration: 5001 / 10000 [ 50%]  (Sampling)
Chain 1: Iteration: 6000 / 10000 [ 60%]  (Sampling)
Chain 4: Iteration: 6000 / 10000 [ 60%]  (Sampling)
Chain 3: Iteration: 6000 / 10000 [ 60%]  (Sampling)
Chain 2: Iteration: 6000 / 10000 [ 60%]  (Sampling)
Chain 1: Iteration: 7000 / 10000 [ 70%]  (Sampling)
Chain 4: Iteration: 7000 / 10000 [ 70%]  (Sampling)
Chain 3: Iteration: 7000 / 10000 [ 70%]  (Sampling)
Chain 2: Iteration: 7000 / 10000 [ 70%]  (Sampling)
Chain 4: Iteration: 8000 / 10000 [ 80%]  (Sampling)
Chain 1: Iteration: 8000 / 10000 [ 80%]  (Sampling)
Chain 3: Iteration: 8000 / 10000 [ 80%]  (Sampling)
Chain 2: Iteration: 8000 / 10000 [ 80%]  (Sampling)
Chain 4: Iteration: 9000 / 10000 [ 90%]  (Sampling)
Chain 1: Iteration: 9000 / 10000 [ 90%]  (Sampling)
Chain 3: Iteration: 9000 / 10000 [ 90%]  (Sampling)
Chain 2: Iteration: 9000 / 10000 [ 90%]  (Sampling)
Chain 4: Iteration: 10000 / 10000 [100%]  (Sampling)
Chain 4: 
Chain 4:  Elapsed Time: 4079 seconds (Warm-up)
Chain 4:                3925.65 seconds (Sampling)
Chain 4:                8004.65 seconds (Total)
Chain 4: 
Chain 1: Iteration: 10000 / 10000 [100%]  (Sampling)
Chain 1: 
Chain 1:  Elapsed Time: 4062.63 seconds (Warm-up)
Chain 1:                3962.93 seconds (Sampling)
Chain 1:                8025.57 seconds (Total)
Chain 1: 
Chain 3: Iteration: 10000 / 10000 [100%]  (Sampling)
Chain 3: 
Chain 3:  Elapsed Time: 4149.03 seconds (Warm-up)
Chain 3:                3986.6 seconds (Sampling)
Chain 3:                8135.63 seconds (Total)
Chain 3: 
Chain 2: Iteration: 10000 / 10000 [100%]  (Sampling)
Chain 2: 
Chain 2:  Elapsed Time: 4151.35 seconds (Warm-up)
Chain 2:                4018.81 seconds (Sampling)
Chain 2:                8170.16 seconds (Total)
Chain 2: 
[1] "Model complete."
[1] "Model saved."
