
TRANSLATING MODEL '' FROM Stan CODE TO C++ CODE NOW.
OS: x86_64, linux-gnu; rstan: 2.32.7; Rcpp: 1.0.14; inline: 0.3.21 
 >> setting environment variables: 
PKG_LIBS =  '/home/melanson/R/x86_64-pc-linux-gnu-library/4.3/rstan/lib//libStanServices.a' -L'/home/melanson/R/x86_64-pc-linux-gnu-library/4.3/StanHeaders/lib/' -lStanHeaders -L'/home/melanson/R/x86_64-pc-linux-gnu-library/4.3/RcppParallel/lib/' -ltbb 
PKG_CPPFLAGS =   -I"/home/melanson/R/x86_64-pc-linux-gnu-library/4.3/Rcpp/include/"  -I"/home/melanson/R/x86_64-pc-linux-gnu-library/4.3/RcppEigen/include/"  -I"/home/melanson/R/x86_64-pc-linux-gnu-library/4.3/RcppEigen/include/unsupported"  -I"/home/melanson/R/x86_64-pc-linux-gnu-library/4.3/BH/include" -I"/home/melanson/R/x86_64-pc-linux-gnu-library/4.3/StanHeaders/include/src/"  -I"/home/melanson/R/x86_64-pc-linux-gnu-library/4.3/StanHeaders/include/"  -I"/home/melanson/R/x86_64-pc-linux-gnu-library/4.3/RcppParallel/include/"  -I"/home/melanson/R/x86_64-pc-linux-gnu-library/4.3/rstan/include" -DEIGEN_NO_DEBUG  -DBOOST_DISABLE_ASSERTS  -DBOOST_PENDING_INTEGER_LOG2_HPP  -DSTAN_THREADS  -DUSE_STANC3 -DSTRICT_R_HEADERS  -DBOOST_PHOENIX_NO_VARIADIC_EXPRESSION  -D_HAS_AUTO_PTR_ETC=0  -include '/home/melanson/R/x86_64-pc-linux-gnu-library/4.3/StanHeaders/include/stan/math/prim/fun/Eigen.hpp'  -D_REENTRANT -DRCPP_PARALLEL_USE_TBB=1 
 >> Program source :

   1 : 
   2 : // includes from the plugin
   3 : // [[Rcpp::plugins(cpp14)]]
   4 : 
   5 : 
   6 : // user includes
   7 : #include <Rcpp.h>
   8 : using namespace Rcpp;
   9 : #ifndef MODELS_HPP
  10 : #define MODELS_HPP
  11 : #define STAN__SERVICES__COMMAND_HPP
  12 : #include <rstan/rstaninc.hpp>
  13 : #ifndef USE_STANC3
  14 : #define USE_STANC3
  15 : #endif
  16 : // Code generated by stanc v2.32.2
  17 : #include <stan/model/model_header.hpp>
  18 : namespace model3d0b3e4e52e3ee__namespace {
  19 : using stan::model::model_base_crtp;
  20 : using namespace stan::math;
  21 : stan::math::profile_map profiles__;
  22 : static constexpr std::array<const char*, 78> locations_array__ =
  23 :   {" (found before start of program)",
  24 :   " (in 'anon_model', line 17, column 0 to column 9)",
  25 :   " (in 'anon_model', line 18, column 0 to column 20)",
  26 :   " (in 'anon_model', line 19, column 0 to column 18)",
  27 :   " (in 'anon_model', line 20, column 0 to column 11)",
  28 :   " (in 'anon_model', line 21, column 0 to column 8)",
  29 :   " (in 'anon_model', line 22, column 0 to column 14)",
  30 :   " (in 'anon_model', line 23, column 0 to column 15)",
  31 :   " (in 'anon_model', line 24, column 0 to column 62)",
  32 :   " (in 'anon_model', line 27, column 2 to column 37)",
  33 :   " (in 'anon_model', line 28, column 2 to column 41)",
  34 :   " (in 'anon_model', line 29, column 2 to column 41)",
  35 :   " (in 'anon_model', line 30, column 2 to column 39)",
  36 :   " (in 'anon_model', line 58, column 2 to column 24)",
  37 :   " (in 'anon_model', line 60, column 2 to column 33)",
  38 :   " (in 'anon_model', line 64, column 11 to column 12)",
  39 :   " (in 'anon_model', line 64, column 13 to column 14)",
  40 :   " (in 'anon_model', line 64, column 4 to column 20)",
  41 :   " (in 'anon_model', line 65, column 11 to column 12)",
  42 :   " (in 'anon_model', line 65, column 13 to column 14)",
  43 :   " (in 'anon_model', line 65, column 4 to column 23)",
  44 :   " (in 'anon_model', line 66, column 11 to column 12)",
  45 :   " (in 'anon_model', line 66, column 4 to column 16)",
  46 :   " (in 'anon_model', line 67, column 4 to column 23)",
  47 :   " (in 'anon_model', line 72, column 8 to column 92)",
  48 :   " (in 'anon_model', line 73, column 8 to column 99)",
  49 :   " (in 'anon_model', line 71, column 19 to line 74, column 7)",
  50 :   " (in 'anon_model', line 71, column 6 to line 74, column 7)",
  51 :   " (in 'anon_model', line 70, column 17 to line 75, column 5)",
  52 :   " (in 'anon_model', line 70, column 4 to line 75, column 5)",
  53 :   " (in 'anon_model', line 79, column 6 to column 34)",
  54 :   " (in 'anon_model', line 78, column 18 to line 80, column 5)",
  55 :   " (in 'anon_model', line 78, column 4 to line 80, column 5)",
  56 :   " (in 'anon_model', line 85, column 6 to column 78)",
  57 :   " (in 'anon_model', line 84, column 18 to line 86, column 5)",
  58 :   " (in 'anon_model', line 84, column 4 to line 86, column 5)",
  59 :   " (in 'anon_model', line 63, column 2 to line 87, column 3)",
  60 :   " (in 'anon_model', line 37, column 7 to column 8)",
  61 :   " (in 'anon_model', line 37, column 9 to column 10)",
  62 :   " (in 'anon_model', line 37, column 0 to column 16)",
  63 :   " (in 'anon_model', line 38, column 7 to column 8)",
  64 :   " (in 'anon_model', line 38, column 9 to column 10)",
  65 :   " (in 'anon_model', line 38, column 0 to column 19)",
  66 :   " (in 'anon_model', line 40, column 0 to column 27)",
  67 :   " (in 'anon_model', line 41, column 0 to column 25)",
  68 :   " (in 'anon_model', line 42, column 0 to column 45)",
  69 :   " (in 'anon_model', line 43, column 0 to column 24)",
  70 :   " (in 'anon_model', line 44, column 0 to column 27)",
  71 :   " (in 'anon_model', line 46, column 0 to column 19)",
  72 :   " (in 'anon_model', line 47, column 0 to column 20)",
  73 :   " (in 'anon_model', line 51, column 4 to column 88)",
  74 :   " (in 'anon_model', line 52, column 4 to column 95)",
  75 :   " (in 'anon_model', line 53, column 4 to column 40)",
  76 :   " (in 'anon_model', line 50, column 15 to line 54, column 3)",
  77 :   " (in 'anon_model', line 50, column 2 to line 54, column 3)",
  78 :   " (in 'anon_model', line 49, column 13 to line 55, column 1)",
  79 :   " (in 'anon_model', line 49, column 0 to line 55, column 1)",
  80 :   " (in 'anon_model', line 4, column 0 to column 15)",
  81 :   " (in 'anon_model', line 5, column 0 to column 15)",
  82 :   " (in 'anon_model', line 6, column 7 to column 8)",
  83 :   " (in 'anon_model', line 6, column 0 to column 18)",
  84 :   " (in 'anon_model', line 7, column 6 to column 7)",
  85 :   " (in 'anon_model', line 7, column 9 to column 10)",
  86 :   " (in 'anon_model', line 7, column 0 to column 12)",
  87 :   " (in 'anon_model', line 8, column 0 to column 16)",
  88 :   " (in 'anon_model', line 9, column 0 to column 16)",
  89 :   " (in 'anon_model', line 10, column 7 to column 8)",
  90 :   " (in 'anon_model', line 10, column 0 to column 17)",
  91 :   " (in 'anon_model', line 11, column 0 to column 22)",
  92 :   " (in 'anon_model', line 12, column 0 to column 22)",
  93 :   " (in 'anon_model', line 13, column 0 to column 25)",
  94 :   " (in 'anon_model', line 14, column 0 to column 25)",
  95 :   " (in 'anon_model', line 22, column 7 to column 8)",
  96 :   " (in 'anon_model', line 23, column 7 to column 8)",
  97 :   " (in 'anon_model', line 24, column 7 to column 8)",
  98 :   " (in 'anon_model', line 29, column 9 to column 10)",
  99 :   " (in 'anon_model', line 30, column 9 to column 10)",
 100 :   " (in 'anon_model', line 58, column 9 to column 10)"};
 101 : class model3d0b3e4e52e3ee_ final : public model_base_crtp<model3d0b3e4e52e3ee_> {
 102 : private:
 103 :   int C;
 104 :   int K;
 105 :   Eigen::Matrix<double,-1,-1> trap_data__;
 106 :   std::vector<std::vector<int>> y;
 107 :   double lowerbound;
 108 :   double upperbound;
 109 :   Eigen::Matrix<double,-1,1> floral_data__;
 110 :   double priorVa;
 111 :   double priorCo;
 112 :   double rho_center;
 113 :   double rho_sd_log;
 114 :   Eigen::Map<Eigen::Matrix<double,-1,-1>> trap{nullptr, 0, 0};
 115 :   Eigen::Map<Eigen::Matrix<double,-1,1>> floral{nullptr, 0};
 116 : public:
 117 :   ~model3d0b3e4e52e3ee_() {}
 118 :   model3d0b3e4e52e3ee_(stan::io::var_context& context__, unsigned int
 119 :                        random_seed__ = 0, std::ostream* pstream__ = nullptr)
 120 :       : model_base_crtp(0) {
 121 :     int current_statement__ = 0;
 122 :     using local_scalar_t__ = double;
 123 :     boost::ecuyer1988 base_rng__ =
 124 :       stan::services::util::create_rng(random_seed__, 0);
 125 :     // suppress unused var warning
 126 :     (void) base_rng__;
 127 :     static constexpr const char* function__ =
 128 :       "model3d0b3e4e52e3ee__namespace::model3d0b3e4e52e3ee_";
 129 :     // suppress unused var warning
 130 :     (void) function__;
 131 :     local_scalar_t__ DUMMY_VAR__(std::numeric_limits<double>::quiet_NaN());
 132 :     // suppress unused var warning
 133 :     (void) DUMMY_VAR__;
 134 :     try {
 135 :       int pos__ = std::numeric_limits<int>::min();
 136 :       pos__ = 1;
 137 :       current_statement__ = 57;
 138 :       context__.validate_dims("data initialization", "C", "int",
 139 :         std::vector<size_t>{});
 140 :       C = std::numeric_limits<int>::min();
 141 :       current_statement__ = 57;
 142 :       C = context__.vals_i("C")[(1 - 1)];
 143 :       current_statement__ = 57;
 144 :       stan::math::check_greater_or_equal(function__, "C", C, 1);
 145 :       current_statement__ = 58;
 146 :       context__.validate_dims("data initialization", "K", "int",
 147 :         std::vector<size_t>{});
 148 :       K = std::numeric_limits<int>::min();
 149 :       current_statement__ = 58;
 150 :       K = context__.vals_i("K")[(1 - 1)];
 151 :       current_statement__ = 58;
 152 :       stan::math::check_greater_or_equal(function__, "K", K, 1);
 153 :       current_statement__ = 59;
 154 :       stan::math::validate_non_negative_index("trap", "K", K);
 155 :       current_statement__ = 60;
 156 :       context__.validate_dims("data initialization", "trap", "double",
 157 :         std::vector<size_t>{static_cast<size_t>(K), static_cast<size_t>(2)});
 158 :       trap_data__ = Eigen::Matrix<double,-1,-1>::Constant(K, 2,
 159 :                       std::numeric_limits<double>::quiet_NaN());
 160 :       new (&trap) Eigen::Map<Eigen::Matrix<double,-1,-1>>(trap_data__.data(),
 161 :         K, 2);
 162 :       {
 163 :         std::vector<local_scalar_t__> trap_flat__;
 164 :         current_statement__ = 60;
 165 :         trap_flat__ = context__.vals_r("trap");
 166 :         current_statement__ = 60;
 167 :         pos__ = 1;
 168 :         current_statement__ = 60;
 169 :         for (int sym1__ = 1; sym1__ <= 2; ++sym1__) {
 170 :           current_statement__ = 60;
 171 :           for (int sym2__ = 1; sym2__ <= K; ++sym2__) {
 172 :             current_statement__ = 60;
 173 :             stan::model::assign(trap, trap_flat__[(pos__ - 1)],
 174 :               "assigning variable trap", stan::model::index_uni(sym2__),
 175 :               stan::model::index_uni(sym1__));
 176 :             current_statement__ = 60;
 177 :             pos__ = (pos__ + 1);
 178 :           }
 179 :         }
 180 :       }
 181 :       current_statement__ = 61;
 182 :       stan::math::validate_non_negative_index("y", "C", C);
 183 :       current_statement__ = 62;
 184 :       stan::math::validate_non_negative_index("y", "K", K);
 185 :       current_statement__ = 63;
 186 :       context__.validate_dims("data initialization", "y", "int",
 187 :         std::vector<size_t>{static_cast<size_t>(C), static_cast<size_t>(K)});
 188 :       y = std::vector<std::vector<int>>(C,
 189 :             std::vector<int>(K, std::numeric_limits<int>::min()));
 190 :       {
 191 :         std::vector<int> y_flat__;
 192 :         current_statement__ = 63;
 193 :         y_flat__ = context__.vals_i("y");
 194 :         current_statement__ = 63;
 195 :         pos__ = 1;
 196 :         current_statement__ = 63;
 197 :         for (int sym1__ = 1; sym1__ <= K; ++sym1__) {
 198 :           current_statement__ = 63;
 199 :           for (int sym2__ = 1; sym2__ <= C; ++sym2__) {
 200 :             current_statement__ = 63;
 201 :             stan::model::assign(y, y_flat__[(pos__ - 1)],
 202 :               "assigning variable y", stan::model::index_uni(sym2__),
 203 :               stan::model::index_uni(sym1__));
 204 :             current_statement__ = 63;
 205 :             pos__ = (pos__ + 1);
 206 :           }
 207 :         }
 208 :       }
 209 :       current_statement__ = 64;
 210 :       context__.validate_dims("data initialization", "lowerbound", "double",
 211 :         std::vector<size_t>{});
 212 :       lowerbound = std::numeric_limits<double>::quiet_NaN();
 213 :       current_statement__ = 64;
 214 :       lowerbound = context__.vals_r("lowerbound")[(1 - 1)];
 215 :       current_statement__ = 65;
 216 :       context__.validate_dims("data initialization", "upperbound", "double",
 217 :         std::vector<size_t>{});
 218 :       upperbound = std::numeric_limits<double>::quiet_NaN();
 219 :       current_statement__ = 65;
 220 :       upperbound = context__.vals_r("upperbound")[(1 - 1)];
 221 :       current_statement__ = 66;
 222 :       stan::math::validate_non_negative_index("floral", "K", K);
 223 :       current_statement__ = 67;
 224 :       context__.validate_dims("data initialization", "floral", "double",
 225 :         std::vector<size_t>{static_cast<size_t>(K)});
 226 :       floral_data__ = Eigen::Matrix<double,-1,1>::Constant(K,
 227 :                         std::numeric_limits<double>::quiet_NaN());
 228 :       new (&floral)
 229 :         Eigen::Map<Eigen::Matrix<double,-1,1>>(floral_data__.data(), K);
 230 :       {
 231 :         std::vector<local_scalar_t__> floral_flat__;
 232 :         current_statement__ = 67;
 233 :         floral_flat__ = context__.vals_r("floral");
 234 :         current_statement__ = 67;
 235 :         pos__ = 1;
 236 :         current_statement__ = 67;
 237 :         for (int sym1__ = 1; sym1__ <= K; ++sym1__) {
 238 :           current_statement__ = 67;
 239 :           stan::model::assign(floral, floral_flat__[(pos__ - 1)],
 240 :             "assigning variable floral", stan::model::index_uni(sym1__));
 241 :           current_statement__ = 67;
 242 :           pos__ = (pos__ + 1);
 243 :         }
 244 :       }
 245 :       current_statement__ = 68;
 246 :       context__.validate_dims("data initialization", "priorVa", "double",
 247 :         std::vector<size_t>{});
 248 :       priorVa = std::numeric_limits<double>::quiet_NaN();
 249 :       current_statement__ = 68;
 250 :       priorVa = context__.vals_r("priorVa")[(1 - 1)];
 251 :       current_statement__ = 68;
 252 :       stan::math::check_greater_or_equal(function__, "priorVa", priorVa, 0);
 253 :       current_statement__ = 69;
 254 :       context__.validate_dims("data initialization", "priorCo", "double",
 255 :         std::vector<size_t>{});
 256 :       priorCo = std::numeric_limits<double>::quiet_NaN();
 257 :       current_statement__ = 69;
 258 :       priorCo = context__.vals_r("priorCo")[(1 - 1)];
 259 :       current_statement__ = 69;
 260 :       stan::math::check_greater_or_equal(function__, "priorCo", priorCo, 0);
 261 :       current_statement__ = 70;
 262 :       context__.validate_dims("data initialization", "rho_center", "double",
 263 :         std::vector<size_t>{});
 264 :       rho_center = std::numeric_limits<double>::quiet_NaN();
 265 :       current_statement__ = 70;
 266 :       rho_center = context__.vals_r("rho_center")[(1 - 1)];
 267 :       current_statement__ = 70;
 268 :       stan::math::check_greater_or_equal(function__, "rho_center",
 269 :         rho_center, 0);
 270 :       current_statement__ = 71;
 271 :       context__.validate_dims("data initialization", "rho_sd_log", "double",
 272 :         std::vector<size_t>{});
 273 :       rho_sd_log = std::numeric_limits<double>::quiet_NaN();
 274 :       current_statement__ = 71;
 275 :       rho_sd_log = context__.vals_r("rho_sd_log")[(1 - 1)];
 276 :       current_statement__ = 71;
 277 :       stan::math::check_greater_or_equal(function__, "rho_sd_log",
 278 :         rho_sd_log, 0);
 279 :       current_statement__ = 72;
 280 :       stan::math::validate_non_negative_index("eps", "K", K);
 281 :       current_statement__ = 73;
 282 :       stan::math::validate_non_negative_index("zeta", "C", C);
 283 :       current_statement__ = 74;
 284 :       stan::math::validate_non_negative_index("delta", "C", C);
 285 :       current_statement__ = 75;
 286 :       stan::math::validate_non_negative_index("zeta_scale", "C", C);
 287 :       current_statement__ = 76;
 288 :       stan::math::validate_non_negative_index("eps_scale", "K", K);
 289 :       current_statement__ = 77;
 290 :       stan::math::validate_non_negative_index("colony_dist", "C", C);
 291 :     } catch (const std::exception& e) {
 292 :       stan::lang::rethrow_located(e, locations_array__[current_statement__]);
 293 :     }
 294 :     num_params_r__ = 1 + 1 + 1 + 1 + 1 + K + C + (C * 2);
 295 :   }
 296 :   inline std::string model_name() const final {
 297 :     return "model3d0b3e4e52e3ee_";
 298 :   }
 299 :   inline std::vector<std::string> model_compile_info() const noexcept {
 300 :     return std::vector<std::string>{"stanc_version = stanc3 v2.32.2",
 301 :              "stancflags = --"};
 302 :   }
 303 :   template <bool propto__, bool jacobian__, typename VecR, typename VecI,
 304 :             stan::require_vector_like_t<VecR>* = nullptr,
 305 :             stan::require_vector_like_vt<std::is_integral, VecI>* = nullptr>
 306 :   inline stan::scalar_type_t<VecR>
 307 :   log_prob_impl(VecR& params_r__, VecI& params_i__, std::ostream*
 308 :                 pstream__ = nullptr) const {
 309 :     using T__ = stan::scalar_type_t<VecR>;
 310 :     using local_scalar_t__ = T__;
 311 :     T__ lp__(0.0);
 312 :     stan::math::accumulator<T__> lp_accum__;
 313 :     stan::io::deserializer<local_scalar_t__> in__(params_r__, params_i__);
 314 :     int current_statement__ = 0;
 315 :     local_scalar_t__ DUMMY_VAR__(std::numeric_limits<double>::quiet_NaN());
 316 :     // suppress unused var warning
 317 :     (void) DUMMY_VAR__;
 318 :     static constexpr const char* function__ =
 319 :       "model3d0b3e4e52e3ee__namespace::log_prob";
 320 :     // suppress unused var warning
 321 :     (void) function__;
 322 :     try {
 323 :       local_scalar_t__ rho = DUMMY_VAR__;
 324 :       current_statement__ = 1;
 325 :       rho = in__.template read<local_scalar_t__>();
 326 :       local_scalar_t__ sigma = DUMMY_VAR__;
 327 :       current_statement__ = 2;
 328 :       sigma = in__.template read_constrain_lb<local_scalar_t__,
 329 :                 jacobian__>(0, lp__);
 330 :       local_scalar_t__ tau = DUMMY_VAR__;
 331 :       current_statement__ = 3;
 332 :       tau = in__.template read_constrain_lb<local_scalar_t__, jacobian__>(0,
 333 :               lp__);
 334 :       local_scalar_t__ theta = DUMMY_VAR__;
 335 :       current_statement__ = 4;
 336 :       theta = in__.template read<local_scalar_t__>();
 337 :       local_scalar_t__ mu = DUMMY_VAR__;
 338 :       current_statement__ = 5;
 339 :       mu = in__.template read<local_scalar_t__>();
 340 :       Eigen::Matrix<local_scalar_t__,-1,1> eps =
 341 :         Eigen::Matrix<local_scalar_t__,-1,1>::Constant(K, DUMMY_VAR__);
 342 :       current_statement__ = 6;
 343 :       eps = in__.template read<Eigen::Matrix<local_scalar_t__,-1,1>>(K);
 344 :       Eigen::Matrix<local_scalar_t__,-1,1> zeta =
 345 :         Eigen::Matrix<local_scalar_t__,-1,1>::Constant(C, DUMMY_VAR__);
 346 :       current_statement__ = 7;
 347 :       zeta = in__.template read<Eigen::Matrix<local_scalar_t__,-1,1>>(C);
 348 :       std::vector<Eigen::Matrix<local_scalar_t__,-1,1>> delta =
 349 :         std::vector<Eigen::Matrix<local_scalar_t__,-1,1>>(C,
 350 :           Eigen::Matrix<local_scalar_t__,-1,1>::Constant(2, DUMMY_VAR__));
 351 :       current_statement__ = 8;
 352 :       delta = in__.template read_constrain_lub<
 353 :                 std::vector<Eigen::Matrix<local_scalar_t__,-1,1>>,
 354 :                 jacobian__>(lowerbound, upperbound, lp__, C, 2);
 355 :       local_scalar_t__ tau_sqrt = DUMMY_VAR__;
 356 :       current_statement__ = 9;
 357 :       tau_sqrt = stan::math::sqrt(tau);
 358 :       local_scalar_t__ sigma_sqrt = DUMMY_VAR__;
 359 :       current_statement__ = 10;
 360 :       sigma_sqrt = stan::math::sqrt(sigma);
 361 :       Eigen::Matrix<local_scalar_t__,-1,1> zeta_scale =
 362 :         Eigen::Matrix<local_scalar_t__,-1,1>::Constant(C, DUMMY_VAR__);
 363 :       current_statement__ = 11;
 364 :       stan::model::assign(zeta_scale, stan::math::multiply(zeta, tau_sqrt),
 365 :         "assigning variable zeta_scale");
 366 :       Eigen::Matrix<local_scalar_t__,-1,1> eps_scale =
 367 :         Eigen::Matrix<local_scalar_t__,-1,1>::Constant(K, DUMMY_VAR__);
 368 :       current_statement__ = 12;
 369 :       stan::model::assign(eps_scale, stan::math::multiply(eps, sigma_sqrt),
 370 :         "assigning variable eps_scale");
 371 :       current_statement__ = 9;
 372 :       stan::math::check_greater_or_equal(function__, "tau_sqrt", tau_sqrt, 0);
 373 :       current_statement__ = 10;
 374 :       stan::math::check_greater_or_equal(function__, "sigma_sqrt",
 375 :         sigma_sqrt, 0);
 376 :       {
 377 :         current_statement__ = 37;
 378 :         stan::math::validate_non_negative_index("dis", "C", C);
 379 :         current_statement__ = 38;
 380 :         stan::math::validate_non_negative_index("dis", "K", K);
 381 :         Eigen::Matrix<local_scalar_t__,-1,-1> dis =
 382 :           Eigen::Matrix<local_scalar_t__,-1,-1>::Constant(C, K, DUMMY_VAR__);
 383 :         current_statement__ = 40;
 384 :         stan::math::validate_non_negative_index("lambda", "C", C);
 385 :         current_statement__ = 41;
 386 :         stan::math::validate_non_negative_index("lambda", "K", K);
 387 :         Eigen::Matrix<local_scalar_t__,-1,-1> lambda =
 388 :           Eigen::Matrix<local_scalar_t__,-1,-1>::Constant(C, K, DUMMY_VAR__);
 389 :         current_statement__ = 43;
 390 :         lp_accum__.add(stan::math::normal_lpdf<propto__>(sigma, 0, priorVa));
 391 :         current_statement__ = 44;
 392 :         lp_accum__.add(stan::math::normal_lpdf<propto__>(tau, 0, priorVa));
 393 :         current_statement__ = 45;
 394 :         lp_accum__.add(stan::math::lognormal_lpdf<propto__>(rho,
 395 :                          stan::math::log(rho_center), rho_sd_log));
 396 :         current_statement__ = 46;
 397 :         lp_accum__.add(stan::math::normal_lpdf<propto__>(mu, 0, priorCo));
 398 :         current_statement__ = 47;
 399 :         lp_accum__.add(stan::math::normal_lpdf<propto__>(theta, 0, priorCo));
 400 :         current_statement__ = 48;
 401 :         lp_accum__.add(stan::math::normal_lpdf<propto__>(eps, 0, 1));
 402 :         current_statement__ = 49;
 403 :         lp_accum__.add(stan::math::normal_lpdf<propto__>(zeta, 0, 1));
 404 :         current_statement__ = 56;
 405 :         for (int k = 1; k <= K; ++k) {
 406 :           current_statement__ = 54;
 407 :           for (int i = 1; i <= C; ++i) {
 408 :             current_statement__ = 50;
 409 :             stan::model::assign(dis,
 410 :               stan::math::sqrt(
 411 :                 (stan::math::square(
 412 :                    (stan::model::rvalue(delta, "delta",
 413 :                       stan::model::index_uni(i), stan::model::index_uni(1)) -
 414 :                    stan::model::rvalue(trap, "trap",
 415 :                      stan::model::index_uni(k), stan::model::index_uni(1))))
 416 :                 +
 417 :                 stan::math::square(
 418 :                   (stan::model::rvalue(delta, "delta",
 419 :                      stan::model::index_uni(i), stan::model::index_uni(2)) -
 420 :                   stan::model::rvalue(trap, "trap",
 421 :                     stan::model::index_uni(k), stan::model::index_uni(2)))))),
 422 :               "assigning variable dis", stan::model::index_uni(i),
 423 :               stan::model::index_uni(k));
 424 :             current_statement__ = 51;
 425 :             stan::model::assign(lambda, (((((-0.5 *
 426 :               stan::math::pow(
 427 :                 (stan::model::rvalue(dis, "dis", stan::model::index_uni(i),
 428 :                    stan::model::index_uni(k)) / rho), 2)) + (theta *
 429 :               stan::model::rvalue(floral, "floral", stan::model::index_uni(k))))
 430 :               + mu) +
 431 :               stan::model::rvalue(zeta_scale, "zeta_scale",
 432 :                 stan::model::index_uni(i))) +
 433 :               stan::model::rvalue(eps_scale, "eps_scale",
 434 :                 stan::model::index_uni(k))), "assigning variable lambda",
 435 :               stan::model::index_uni(i), stan::model::index_uni(k));
 436 :             current_statement__ = 52;
 437 :             lp_accum__.add(stan::math::poisson_log_lpmf<propto__>(
 438 :                              stan::model::rvalue(y, "y",
 439 :                                stan::model::index_uni(i),
 440 :                                stan::model::index_uni(k)),
 441 :                              stan::model::rvalue(lambda, "lambda",
 442 :                                stan::model::index_uni(i),
 443 :                                stan::model::index_uni(k))));
 444 :           }
 445 :         }
 446 :       }
 447 :     } catch (const std::exception& e) {
 448 :       stan::lang::rethrow_located(e, locations_array__[current_statement__]);
 449 :     }
 450 :     lp_accum__.add(lp__);
 451 :     return lp_accum__.sum();
 452 :   }
 453 :   template <typename RNG, typename VecR, typename VecI, typename VecVar,
 454 :             stan::require_vector_like_vt<std::is_floating_point,
 455 :             VecR>* = nullptr, stan::require_vector_like_vt<std::is_integral,
 456 :             VecI>* = nullptr, stan::require_vector_vt<std::is_floating_point,
 457 :             VecVar>* = nullptr>
 458 :   inline void
 459 :   write_array_impl(RNG& base_rng__, VecR& params_r__, VecI& params_i__,
 460 :                    VecVar& vars__, const bool
 461 :                    emit_transformed_parameters__ = true, const bool
 462 :                    emit_generated_quantities__ = true, std::ostream*
 463 :                    pstream__ = nullptr) const {
 464 :     using local_scalar_t__ = double;
 465 :     stan::io::deserializer<local_scalar_t__> in__(params_r__, params_i__);
 466 :     stan::io::serializer<local_scalar_t__> out__(vars__);
 467 :     static constexpr bool propto__ = true;
 468 :     // suppress unused var warning
 469 :     (void) propto__;
 470 :     double lp__ = 0.0;
 471 :     // suppress unused var warning
 472 :     (void) lp__;
 473 :     int current_statement__ = 0;
 474 :     stan::math::accumulator<double> lp_accum__;
 475 :     local_scalar_t__ DUMMY_VAR__(std::numeric_limits<double>::quiet_NaN());
 476 :     // suppress unused var warning
 477 :     (void) DUMMY_VAR__;
 478 :     constexpr bool jacobian__ = false;
 479 :     static constexpr const char* function__ =
 480 :       "model3d0b3e4e52e3ee__namespace::write_array";
 481 :     // suppress unused var warning
 482 :     (void) function__;
 483 :     try {
 484 :       double rho = std::numeric_limits<double>::quiet_NaN();
 485 :       current_statement__ = 1;
 486 :       rho = in__.template read<local_scalar_t__>();
 487 :       double sigma = std::numeric_limits<double>::quiet_NaN();
 488 :       current_statement__ = 2;
 489 :       sigma = in__.template read_constrain_lb<local_scalar_t__,
 490 :                 jacobian__>(0, lp__);
 491 :       double tau = std::numeric_limits<double>::quiet_NaN();
 492 :       current_statement__ = 3;
 493 :       tau = in__.template read_constrain_lb<local_scalar_t__, jacobian__>(0,
 494 :               lp__);
 495 :       double theta = std::numeric_limits<double>::quiet_NaN();
 496 :       current_statement__ = 4;
 497 :       theta = in__.template read<local_scalar_t__>();
 498 :       double mu = std::numeric_limits<double>::quiet_NaN();
 499 :       current_statement__ = 5;
 500 :       mu = in__.template read<local_scalar_t__>();
 501 :       Eigen::Matrix<double,-1,1> eps =
 502 :         Eigen::Matrix<double,-1,1>::Constant(K,
 503 :           std::numeric_limits<double>::quiet_NaN());
 504 :       current_statement__ = 6;
 505 :       eps = in__.template read<Eigen::Matrix<local_scalar_t__,-1,1>>(K);
 506 :       Eigen::Matrix<double,-1,1> zeta =
 507 :         Eigen::Matrix<double,-1,1>::Constant(C,
 508 :           std::numeric_limits<double>::quiet_NaN());
 509 :       current_statement__ = 7;
 510 :       zeta = in__.template read<Eigen::Matrix<local_scalar_t__,-1,1>>(C);
 511 :       std::vector<Eigen::Matrix<double,-1,1>> delta =
 512 :         std::vector<Eigen::Matrix<double,-1,1>>(C,
 513 :           Eigen::Matrix<double,-1,1>::Constant(2,
 514 :             std::numeric_limits<double>::quiet_NaN()));
 515 :       current_statement__ = 8;
 516 :       delta = in__.template read_constrain_lub<
 517 :                 std::vector<Eigen::Matrix<local_scalar_t__,-1,1>>,
 518 :                 jacobian__>(lowerbound, upperbound, lp__, C, 2);
 519 :       double tau_sqrt = std::numeric_limits<double>::quiet_NaN();
 520 :       double sigma_sqrt = std::numeric_limits<double>::quiet_NaN();
 521 :       Eigen::Matrix<double,-1,1> zeta_scale =
 522 :         Eigen::Matrix<double,-1,1>::Constant(C,
 523 :           std::numeric_limits<double>::quiet_NaN());
 524 :       Eigen::Matrix<double,-1,1> eps_scale =
 525 :         Eigen::Matrix<double,-1,1>::Constant(K,
 526 :           std::numeric_limits<double>::quiet_NaN());
 527 :       out__.write(rho);
 528 :       out__.write(sigma);
 529 :       out__.write(tau);
 530 :       out__.write(theta);
 531 :       out__.write(mu);
 532 :       out__.write(eps);
 533 :       out__.write(zeta);
 534 :       for (int sym1__ = 1; sym1__ <= 2; ++sym1__) {
 535 :         for (int sym2__ = 1; sym2__ <= C; ++sym2__) {
 536 :           out__.write(delta[(sym2__ - 1)][(sym1__ - 1)]);
 537 :         }
 538 :       }
 539 :       if (stan::math::logical_negation(
 540 :             (stan::math::primitive_value(emit_transformed_parameters__) ||
 541 :             stan::math::primitive_value(emit_generated_quantities__)))) {
 542 :         return ;
 543 :       }
 544 :       current_statement__ = 9;
 545 :       tau_sqrt = stan::math::sqrt(tau);
 546 :       current_statement__ = 10;
 547 :       sigma_sqrt = stan::math::sqrt(sigma);
 548 :       current_statement__ = 11;
 549 :       stan::model::assign(zeta_scale, stan::math::multiply(zeta, tau_sqrt),
 550 :         "assigning variable zeta_scale");
 551 :       current_statement__ = 12;
 552 :       stan::model::assign(eps_scale, stan::math::multiply(eps, sigma_sqrt),
 553 :         "assigning variable eps_scale");
 554 :       current_statement__ = 9;
 555 :       stan::math::check_greater_or_equal(function__, "tau_sqrt", tau_sqrt, 0);
 556 :       current_statement__ = 10;
 557 :       stan::math::check_greater_or_equal(function__, "sigma_sqrt",
 558 :         sigma_sqrt, 0);
 559 :       if (emit_transformed_parameters__) {
 560 :         out__.write(tau_sqrt);
 561 :         out__.write(sigma_sqrt);
 562 :         out__.write(zeta_scale);
 563 :         out__.write(eps_scale);
 564 :       }
 565 :       if (stan::math::logical_negation(emit_generated_quantities__)) {
 566 :         return ;
 567 :       }
 568 :       Eigen::Matrix<double,-1,1> colony_dist =
 569 :         Eigen::Matrix<double,-1,1>::Constant(C,
 570 :           std::numeric_limits<double>::quiet_NaN());
 571 :       current_statement__ = 14;
 572 :       stan::model::assign(colony_dist, stan::math::rep_vector(0, C),
 573 :         "assigning variable colony_dist");
 574 :       {
 575 :         current_statement__ = 15;
 576 :         stan::math::validate_non_negative_index("dis", "C", C);
 577 :         current_statement__ = 16;
 578 :         stan::math::validate_non_negative_index("dis", "K", K);
 579 :         Eigen::Matrix<double,-1,-1> dis =
 580 :           Eigen::Matrix<double,-1,-1>::Constant(C, K,
 581 :             std::numeric_limits<double>::quiet_NaN());
 582 :         current_statement__ = 18;
 583 :         stan::math::validate_non_negative_index("lambda", "C", C);
 584 :         current_statement__ = 19;
 585 :         stan::math::validate_non_negative_index("lambda", "K", K);
 586 :         Eigen::Matrix<double,-1,-1> lambda =
 587 :           Eigen::Matrix<double,-1,-1>::Constant(C, K,
 588 :             std::numeric_limits<double>::quiet_NaN());
 589 :         current_statement__ = 21;
 590 :         stan::math::validate_non_negative_index("V", "C", C);
 591 :         Eigen::Matrix<double,-1,1> V =
 592 :           Eigen::Matrix<double,-1,1>::Constant(C,
 593 :             std::numeric_limits<double>::quiet_NaN());
 594 :         double alpha = std::numeric_limits<double>::quiet_NaN();
 595 :         current_statement__ = 23;
 596 :         alpha = 1e-12;
 597 :         current_statement__ = 29;
 598 :         for (int k = 1; k <= K; ++k) {
 599 :           current_statement__ = 27;
 600 :           for (int i = 1; i <= C; ++i) {
 601 :             current_statement__ = 24;
 602 :             stan::model::assign(dis,
 603 :               stan::math::sqrt(
 604 :                 (stan::math::square(
 605 :                    (stan::model::rvalue(delta, "delta",
 606 :                       stan::model::index_uni(i), stan::model::index_uni(1)) -
 607 :                    stan::model::rvalue(trap, "trap",
 608 :                      stan::model::index_uni(k), stan::model::index_uni(1))))
 609 :                 +
 610 :                 stan::math::square(
 611 :                   (stan::model::rvalue(delta, "delta",
 612 :                      stan::model::index_uni(i), stan::model::index_uni(2)) -
 613 :                   stan::model::rvalue(trap, "trap",
 614 :                     stan::model::index_uni(k), stan::model::index_uni(2)))))),
 615 :               "assigning variable dis", stan::model::index_uni(i),
 616 :               stan::model::index_uni(k));
 617 :             current_statement__ = 25;
 618 :             stan::model::assign(lambda, (((((-0.5 *
 619 :               stan::math::pow(
 620 :                 (stan::model::rvalue(dis, "dis", stan::model::index_uni(i),
 621 :                    stan::model::index_uni(k)) / rho), 2)) + (theta *
 622 :               stan::model::rvalue(floral, "floral", stan::model::index_uni(k))))
 623 :               + mu) +
 624 :               stan::model::rvalue(zeta_scale, "zeta_scale",
 625 :                 stan::model::index_uni(i))) +
 626 :               stan::model::rvalue(eps_scale, "eps_scale",
 627 :                 stan::model::index_uni(k))), "assigning variable lambda",
 628 :               stan::model::index_uni(i), stan::model::index_uni(k));
 629 :           }
 630 :         }
 631 :         current_statement__ = 32;
 632 :         for (int i = 1; i <= C; ++i) {
 633 :           current_statement__ = 30;
 634 :           stan::model::assign(V,
 635 :             stan::math::sum(
 636 :               stan::math::exp(
 637 :                 stan::model::rvalue(lambda, "lambda",
 638 :                   stan::model::index_uni(i), stan::model::index_omni()))),
 639 :             "assigning variable V", stan::model::index_uni(i));
 640 :         }
 641 :         current_statement__ = 35;
 642 :         for (int k = 1; k <= K; ++k) {
 643 :           current_statement__ = 33;
 644 :           stan::model::assign(colony_dist,
 645 :             stan::math::add(stan::model::deep_copy(colony_dist),
 646 :               stan::math::elt_divide(
 647 :                 stan::math::elt_multiply(
 648 :                   stan::model::rvalue(dis, "dis", stan::model::index_omni(),
 649 :                     stan::model::index_uni(k)),
 650 :                   stan::math::exp(
 651 :                     stan::model::rvalue(lambda, "lambda",
 652 :                       stan::model::index_omni(), stan::model::index_uni(k)))),
 653 :                 stan::math::add(V, alpha))), "assigning variable colony_dist");
 654 :         }
 655 :       }
 656 :       out__.write(colony_dist);
 657 :     } catch (const std::exception& e) {
 658 :       stan::lang::rethrow_located(e, locations_array__[current_statement__]);
 659 :     }
 660 :   }
 661 :   template <typename VecVar, typename VecI,
 662 :             stan::require_vector_t<VecVar>* = nullptr,
 663 :             stan::require_vector_like_vt<std::is_integral, VecI>* = nullptr>
 664 :   inline void
 665 :   unconstrain_array_impl(const VecVar& params_r__, const VecI& params_i__,
 666 :                          VecVar& vars__, std::ostream* pstream__ = nullptr) const {
 667 :     using local_scalar_t__ = double;
 668 :     stan::io::deserializer<local_scalar_t__> in__(params_r__, params_i__);
 669 :     stan::io::serializer<local_scalar_t__> out__(vars__);
 670 :     int current_statement__ = 0;
 671 :     local_scalar_t__ DUMMY_VAR__(std::numeric_limits<double>::quiet_NaN());
 672 :     // suppress unused var warning
 673 :     (void) DUMMY_VAR__;
 674 :     try {
 675 :       int pos__ = std::numeric_limits<int>::min();
 676 :       pos__ = 1;
 677 :       local_scalar_t__ rho = DUMMY_VAR__;
 678 :       current_statement__ = 1;
 679 :       rho = in__.read<local_scalar_t__>();
 680 :       out__.write(rho);
 681 :       local_scalar_t__ sigma = DUMMY_VAR__;
 682 :       current_statement__ = 2;
 683 :       sigma = in__.read<local_scalar_t__>();
 684 :       out__.write_free_lb(0, sigma);
 685 :       local_scalar_t__ tau = DUMMY_VAR__;
 686 :       current_statement__ = 3;
 687 :       tau = in__.read<local_scalar_t__>();
 688 :       out__.write_free_lb(0, tau);
 689 :       local_scalar_t__ theta = DUMMY_VAR__;
 690 :       current_statement__ = 4;
 691 :       theta = in__.read<local_scalar_t__>();
 692 :       out__.write(theta);
 693 :       local_scalar_t__ mu = DUMMY_VAR__;
 694 :       current_statement__ = 5;
 695 :       mu = in__.read<local_scalar_t__>();
 696 :       out__.write(mu);
 697 :       Eigen::Matrix<local_scalar_t__,-1,1> eps =
 698 :         Eigen::Matrix<local_scalar_t__,-1,1>::Constant(K, DUMMY_VAR__);
 699 :       current_statement__ = 6;
 700 :       stan::model::assign(eps,
 701 :         in__.read<Eigen::Matrix<local_scalar_t__,-1,1>>(K),
 702 :         "assigning variable eps");
 703 :       out__.write(eps);
 704 :       Eigen::Matrix<local_scalar_t__,-1,1> zeta =
 705 :         Eigen::Matrix<local_scalar_t__,-1,1>::Constant(C, DUMMY_VAR__);
 706 :       current_statement__ = 7;
 707 :       stan::model::assign(zeta,
 708 :         in__.read<Eigen::Matrix<local_scalar_t__,-1,1>>(C),
 709 :         "assigning variable zeta");
 710 :       out__.write(zeta);
 711 :       std::vector<Eigen::Matrix<local_scalar_t__,-1,1>> delta =
 712 :         std::vector<Eigen::Matrix<local_scalar_t__,-1,1>>(C,
 713 :           Eigen::Matrix<local_scalar_t__,-1,1>::Constant(2, DUMMY_VAR__));
 714 :       current_statement__ = 8;
 715 :       for (int sym1__ = 1; sym1__ <= 2; ++sym1__) {
 716 :         current_statement__ = 8;
 717 :         for (int sym2__ = 1; sym2__ <= C; ++sym2__) {
 718 :           current_statement__ = 8;
 719 :           stan::model::assign(delta, in__.read<local_scalar_t__>(),
 720 :             "assigning variable delta", stan::model::index_uni(sym2__),
 721 :             stan::model::index_uni(sym1__));
 722 :         }
 723 :       }
 724 :       out__.write_free_lub(lowerbound, upperbound, delta);
 725 :     } catch (const std::exception& e) {
 726 :       stan::lang::rethrow_located(e, locations_array__[current_statement__]);
 727 :     }
 728 :   }
 729 :   template <typename VecVar, stan::require_vector_t<VecVar>* = nullptr>
 730 :   inline void
 731 :   transform_inits_impl(const stan::io::var_context& context__, VecVar&
 732 :                        vars__, std::ostream* pstream__ = nullptr) const {
 733 :     using local_scalar_t__ = double;
 734 :     stan::io::serializer<local_scalar_t__> out__(vars__);
 735 :     int current_statement__ = 0;
 736 :     local_scalar_t__ DUMMY_VAR__(std::numeric_limits<double>::quiet_NaN());
 737 :     // suppress unused var warning
 738 :     (void) DUMMY_VAR__;
 739 :     try {
 740 :       current_statement__ = 1;
 741 :       context__.validate_dims("parameter initialization", "rho", "double",
 742 :         std::vector<size_t>{});
 743 :       current_statement__ = 2;
 744 :       context__.validate_dims("parameter initialization", "sigma", "double",
 745 :         std::vector<size_t>{});
 746 :       current_statement__ = 3;
 747 :       context__.validate_dims("parameter initialization", "tau", "double",
 748 :         std::vector<size_t>{});
 749 :       current_statement__ = 4;
 750 :       context__.validate_dims("parameter initialization", "theta", "double",
 751 :         std::vector<size_t>{});
 752 :       current_statement__ = 5;
 753 :       context__.validate_dims("parameter initialization", "mu", "double",
 754 :         std::vector<size_t>{});
 755 :       current_statement__ = 6;
 756 :       context__.validate_dims("parameter initialization", "eps", "double",
 757 :         std::vector<size_t>{static_cast<size_t>(K)});
 758 :       current_statement__ = 7;
 759 :       context__.validate_dims("parameter initialization", "zeta", "double",
 760 :         std::vector<size_t>{static_cast<size_t>(C)});
 761 :       current_statement__ = 8;
 762 :       context__.validate_dims("parameter initialization", "delta", "double",
 763 :         std::vector<size_t>{static_cast<size_t>(C), static_cast<size_t>(2)});
 764 :       int pos__ = std::numeric_limits<int>::min();
 765 :       pos__ = 1;
 766 :       local_scalar_t__ rho = DUMMY_VAR__;
 767 :       current_statement__ = 1;
 768 :       rho = context__.vals_r("rho")[(1 - 1)];
 769 :       out__.write(rho);
 770 :       local_scalar_t__ sigma = DUMMY_VAR__;
 771 :       current_statement__ = 2;
 772 :       sigma = context__.vals_r("sigma")[(1 - 1)];
 773 :       out__.write_free_lb(0, sigma);
 774 :       local_scalar_t__ tau = DUMMY_VAR__;
 775 :       current_statement__ = 3;
 776 :       tau = context__.vals_r("tau")[(1 - 1)];
 777 :       out__.write_free_lb(0, tau);
 778 :       local_scalar_t__ theta = DUMMY_VAR__;
 779 :       current_statement__ = 4;
 780 :       theta = context__.vals_r("theta")[(1 - 1)];
 781 :       out__.write(theta);
 782 :       local_scalar_t__ mu = DUMMY_VAR__;
 783 :       current_statement__ = 5;
 784 :       mu = context__.vals_r("mu")[(1 - 1)];
 785 :       out__.write(mu);
 786 :       Eigen::Matrix<local_scalar_t__,-1,1> eps =
 787 :         Eigen::Matrix<local_scalar_t__,-1,1>::Constant(K, DUMMY_VAR__);
 788 :       {
 789 :         std::vector<local_scalar_t__> eps_flat__;
 790 :         current_statement__ = 6;
 791 :         eps_flat__ = context__.vals_r("eps");
 792 :         current_statement__ = 6;
 793 :         pos__ = 1;
 794 :         current_statement__ = 6;
 795 :         for (int sym1__ = 1; sym1__ <= K; ++sym1__) {
 796 :           current_statement__ = 6;
 797 :           stan::model::assign(eps, eps_flat__[(pos__ - 1)],
 798 :             "assigning variable eps", stan::model::index_uni(sym1__));
 799 :           current_statement__ = 6;
 800 :           pos__ = (pos__ + 1);
 801 :         }
 802 :       }
 803 :       out__.write(eps);
 804 :       Eigen::Matrix<local_scalar_t__,-1,1> zeta =
 805 :         Eigen::Matrix<local_scalar_t__,-1,1>::Constant(C, DUMMY_VAR__);
 806 :       {
 807 :         std::vector<local_scalar_t__> zeta_flat__;
 808 :         current_statement__ = 7;
 809 :         zeta_flat__ = context__.vals_r("zeta");
 810 :         current_statement__ = 7;
 811 :         pos__ = 1;
 812 :         current_statement__ = 7;
 813 :         for (int sym1__ = 1; sym1__ <= C; ++sym1__) {
 814 :           current_statement__ = 7;
 815 :           stan::model::assign(zeta, zeta_flat__[(pos__ - 1)],
 816 :             "assigning variable zeta", stan::model::index_uni(sym1__));
 817 :           current_statement__ = 7;
 818 :           pos__ = (pos__ + 1);
 819 :         }
 820 :       }
 821 :       out__.write(zeta);
 822 :       std::vector<Eigen::Matrix<local_scalar_t__,-1,1>> delta =
 823 :         std::vector<Eigen::Matrix<local_scalar_t__,-1,1>>(C,
 824 :           Eigen::Matrix<local_scalar_t__,-1,1>::Constant(2, DUMMY_VAR__));
 825 :       {
 826 :         std::vector<local_scalar_t__> delta_flat__;
 827 :         current_statement__ = 8;
 828 :         delta_flat__ = context__.vals_r("delta");
 829 :         current_statement__ = 8;
 830 :         pos__ = 1;
 831 :         current_statement__ = 8;
 832 :         for (int sym1__ = 1; sym1__ <= 2; ++sym1__) {
 833 :           current_statement__ = 8;
 834 :           for (int sym2__ = 1; sym2__ <= C; ++sym2__) {
 835 :             current_statement__ = 8;
 836 :             stan::model::assign(delta, delta_flat__[(pos__ - 1)],
 837 :               "assigning variable delta", stan::model::index_uni(sym2__),
 838 :               stan::model::index_uni(sym1__));
 839 :             current_statement__ = 8;
 840 :             pos__ = (pos__ + 1);
 841 :           }
 842 :         }
 843 :       }
 844 :       out__.write_free_lub(lowerbound, upperbound, delta);
 845 :     } catch (const std::exception& e) {
 846 :       stan::lang::rethrow_located(e, locations_array__[current_statement__]);
 847 :     }
 848 :   }
 849 :   inline void
 850 :   get_param_names(std::vector<std::string>& names__, const bool
 851 :                   emit_transformed_parameters__ = true, const bool
 852 :                   emit_generated_quantities__ = true) const {
 853 :     names__ = std::vector<std::string>{"rho", "sigma", "tau", "theta", "mu",
 854 :                 "eps", "zeta", "delta"};
 855 :     if (emit_transformed_parameters__) {
 856 :       std::vector<std::string>
 857 :         temp{"tau_sqrt", "sigma_sqrt", "zeta_scale", "eps_scale"};
 858 :       names__.reserve(names__.size() + temp.size());
 859 :       names__.insert(names__.end(), temp.begin(), temp.end());
 860 :     }
 861 :     if (emit_generated_quantities__) {
 862 :       std::vector<std::string> temp{"colony_dist"};
 863 :       names__.reserve(names__.size() + temp.size());
 864 :       names__.insert(names__.end(), temp.begin(), temp.end());
 865 :     }
 866 :   }
 867 :   inline void
 868 :   get_dims(std::vector<std::vector<size_t>>& dimss__, const bool
 869 :            emit_transformed_parameters__ = true, const bool
 870 :            emit_generated_quantities__ = true) const {
 871 :     dimss__ = std::vector<std::vector<size_t>>{std::vector<size_t>{},
 872 :                 std::vector<size_t>{}, std::vector<size_t>{},
 873 :                 std::vector<size_t>{}, std::vector<size_t>{},
 874 :                 std::vector<size_t>{static_cast<size_t>(K)},
 875 :                 std::vector<size_t>{static_cast<size_t>(C)},
 876 :                 std::vector<size_t>{static_cast<size_t>(C),
 877 :                   static_cast<size_t>(2)}};
 878 :     if (emit_transformed_parameters__) {
 879 :       std::vector<std::vector<size_t>>
 880 :         temp{std::vector<size_t>{}, std::vector<size_t>{},
 881 :              std::vector<size_t>{static_cast<size_t>(C)},
 882 :              std::vector<size_t>{static_cast<size_t>(K)}};
 883 :       dimss__.reserve(dimss__.size() + temp.size());
 884 :       dimss__.insert(dimss__.end(), temp.begin(), temp.end());
 885 :     }
 886 :     if (emit_generated_quantities__) {
 887 :       std::vector<std::vector<size_t>>
 888 :         temp{std::vector<size_t>{static_cast<size_t>(C)}};
 889 :       dimss__.reserve(dimss__.size() + temp.size());
 890 :       dimss__.insert(dimss__.end(), temp.begin(), temp.end());
 891 :     }
 892 :   }
 893 :   inline void
 894 :   constrained_param_names(std::vector<std::string>& param_names__, bool
 895 :                           emit_transformed_parameters__ = true, bool
 896 :                           emit_generated_quantities__ = true) const final {
 897 :     param_names__.emplace_back(std::string() + "rho");
 898 :     param_names__.emplace_back(std::string() + "sigma");
 899 :     param_names__.emplace_back(std::string() + "tau");
 900 :     param_names__.emplace_back(std::string() + "theta");
 901 :     param_names__.emplace_back(std::string() + "mu");
 902 :     for (int sym1__ = 1; sym1__ <= K; ++sym1__) {
 903 :       param_names__.emplace_back(std::string() + "eps" + '.' +
 904 :         std::to_string(sym1__));
 905 :     }
 906 :     for (int sym1__ = 1; sym1__ <= C; ++sym1__) {
 907 :       param_names__.emplace_back(std::string() + "zeta" + '.' +
 908 :         std::to_string(sym1__));
 909 :     }
 910 :     for (int sym1__ = 1; sym1__ <= 2; ++sym1__) {
 911 :       for (int sym2__ = 1; sym2__ <= C; ++sym2__) {
 912 :         param_names__.emplace_back(std::string() + "delta" + '.' +
 913 :           std::to_string(sym2__) + '.' + std::to_string(sym1__));
 914 :       }
 915 :     }
 916 :     if (emit_transformed_parameters__) {
 917 :       param_names__.emplace_back(std::string() + "tau_sqrt");
 918 :       param_names__.emplace_back(std::string() + "sigma_sqrt");
 919 :       for (int sym1__ = 1; sym1__ <= C; ++sym1__) {
 920 :         param_names__.emplace_back(std::string() + "zeta_scale" + '.' +
 921 :           std::to_string(sym1__));
 922 :       }
 923 :       for (int sym1__ = 1; sym1__ <= K; ++sym1__) {
 924 :         param_names__.emplace_back(std::string() + "eps_scale" + '.' +
 925 :           std::to_string(sym1__));
 926 :       }
 927 :     }
 928 :     if (emit_generated_quantities__) {
 929 :       for (int sym1__ = 1; sym1__ <= C; ++sym1__) {
 930 :         param_names__.emplace_back(std::string() + "colony_dist" + '.' +
 931 :           std::to_string(sym1__));
 932 :       }
 933 :     }
 934 :   }
 935 :   inline void
 936 :   unconstrained_param_names(std::vector<std::string>& param_names__, bool
 937 :                             emit_transformed_parameters__ = true, bool
 938 :                             emit_generated_quantities__ = true) const final {
 939 :     param_names__.emplace_back(std::string() + "rho");
 940 :     param_names__.emplace_back(std::string() + "sigma");
 941 :     param_names__.emplace_back(std::string() + "tau");
 942 :     param_names__.emplace_back(std::string() + "theta");
 943 :     param_names__.emplace_back(std::string() + "mu");
 944 :     for (int sym1__ = 1; sym1__ <= K; ++sym1__) {
 945 :       param_names__.emplace_back(std::string() + "eps" + '.' +
 946 :         std::to_string(sym1__));
 947 :     }
 948 :     for (int sym1__ = 1; sym1__ <= C; ++sym1__) {
 949 :       param_names__.emplace_back(std::string() + "zeta" + '.' +
 950 :         std::to_string(sym1__));
 951 :     }
 952 :     for (int sym1__ = 1; sym1__ <= 2; ++sym1__) {
 953 :       for (int sym2__ = 1; sym2__ <= C; ++sym2__) {
 954 :         param_names__.emplace_back(std::string() + "delta" + '.' +
 955 :           std::to_string(sym2__) + '.' + std::to_string(sym1__));
 956 :       }
 957 :     }
 958 :     if (emit_transformed_parameters__) {
 959 :       param_names__.emplace_back(std::string() + "tau_sqrt");
 960 :       param_names__.emplace_back(std::string() + "sigma_sqrt");
 961 :       for (int sym1__ = 1; sym1__ <= C; ++sym1__) {
 962 :         param_names__.emplace_back(std::string() + "zeta_scale" + '.' +
 963 :           std::to_string(sym1__));
 964 :       }
 965 :       for (int sym1__ = 1; sym1__ <= K; ++sym1__) {
 966 :         param_names__.emplace_back(std::string() + "eps_scale" + '.' +
 967 :           std::to_string(sym1__));
 968 :       }
 969 :     }
 970 :     if (emit_generated_quantities__) {
 971 :       for (int sym1__ = 1; sym1__ <= C; ++sym1__) {
 972 :         param_names__.emplace_back(std::string() + "colony_dist" + '.' +
 973 :           std::to_string(sym1__));
 974 :       }
 975 :     }
 976 :   }
 977 :   inline std::string get_constrained_sizedtypes() const {
 978 :     return std::string("[{\"name\":\"rho\",\"type\":{\"name\":\"real\"},\"block\":\"parameters\"},{\"name\":\"sigma\",\"type\":{\"name\":\"real\"},\"block\":\"parameters\"},{\"name\":\"tau\",\"type\":{\"name\":\"real\"},\"block\":\"parameters\"},{\"name\":\"theta\",\"type\":{\"name\":\"real\"},\"block\":\"parameters\"},{\"name\":\"mu\",\"type\":{\"name\":\"real\"},\"block\":\"parameters\"},{\"name\":\"eps\",\"type\":{\"name\":\"vector\",\"length\":" + std::to_string(K) + "},\"block\":\"parameters\"},{\"name\":\"zeta\",\"type\":{\"name\":\"vector\",\"length\":" + std::to_string(C) + "},\"block\":\"parameters\"},{\"name\":\"delta\",\"type\":{\"name\":\"array\",\"length\":" + std::to_string(C) + ",\"element_type\":{\"name\":\"vector\",\"length\":" + std::to_string(2) + "}},\"block\":\"parameters\"},{\"name\":\"tau_sqrt\",\"type\":{\"name\":\"real\"},\"block\":\"transformed_parameters\"},{\"name\":\"sigma_sqrt\",\"type\":{\"name\":\"real\"},\"block\":\"transformed_parameters\"},{\"name\":\"zeta_scale\",\"type\":{\"name\":\"vector\",\"length\":" + std::to_string(C) + "},\"block\":\"transformed_parameters\"},{\"name\":\"eps_scale\",\"type\":{\"name\":\"vector\",\"length\":" + std::to_string(K) + "},\"block\":\"transformed_parameters\"},{\"name\":\"colony_dist\",\"type\":{\"name\":\"vector\",\"length\":" + std::to_string(C) + "},\"block\":\"generated_quantities\"}]");
 979 :   }
 980 :   inline std::string get_unconstrained_sizedtypes() const {
 981 :     return std::string("[{\"name\":\"rho\",\"type\":{\"name\":\"real\"},\"block\":\"parameters\"},{\"name\":\"sigma\",\"type\":{\"name\":\"real\"},\"block\":\"parameters\"},{\"name\":\"tau\",\"type\":{\"name\":\"real\"},\"block\":\"parameters\"},{\"name\":\"theta\",\"type\":{\"name\":\"real\"},\"block\":\"parameters\"},{\"name\":\"mu\",\"type\":{\"name\":\"real\"},\"block\":\"parameters\"},{\"name\":\"eps\",\"type\":{\"name\":\"vector\",\"length\":" + std::to_string(K) + "},\"block\":\"parameters\"},{\"name\":\"zeta\",\"type\":{\"name\":\"vector\",\"length\":" + std::to_string(C) + "},\"block\":\"parameters\"},{\"name\":\"delta\",\"type\":{\"name\":\"array\",\"length\":" + std::to_string(C) + ",\"element_type\":{\"name\":\"vector\",\"length\":" + std::to_string(2) + "}},\"block\":\"parameters\"},{\"name\":\"tau_sqrt\",\"type\":{\"name\":\"real\"},\"block\":\"transformed_parameters\"},{\"name\":\"sigma_sqrt\",\"type\":{\"name\":\"real\"},\"block\":\"transformed_parameters\"},{\"name\":\"zeta_scale\",\"type\":{\"name\":\"vector\",\"length\":" + std::to_string(C) + "},\"block\":\"transformed_parameters\"},{\"name\":\"eps_scale\",\"type\":{\"name\":\"vector\",\"length\":" + std::to_string(K) + "},\"block\":\"transformed_parameters\"},{\"name\":\"colony_dist\",\"type\":{\"name\":\"vector\",\"length\":" + std::to_string(C) + "},\"block\":\"generated_quantities\"}]");
 982 :   }
 983 :   // Begin method overload boilerplate
 984 :   template <typename RNG> inline void
 985 :   write_array(RNG& base_rng, Eigen::Matrix<double,-1,1>& params_r,
 986 :               Eigen::Matrix<double,-1,1>& vars, const bool
 987 :               emit_transformed_parameters = true, const bool
 988 :               emit_generated_quantities = true, std::ostream*
 989 :               pstream = nullptr) const {
 990 :     const size_t num_params__ = (((((((1 + 1) + 1) + 1) + 1) + K) + C) + (C *
 991 :       2));
 992 :     const size_t num_transformed = emit_transformed_parameters * ((((1 + 1) +
 993 :       C) + K));
 994 :     const size_t num_gen_quantities = emit_generated_quantities * (C);
 995 :     const size_t num_to_write = num_params__ + num_transformed +
 996 :       num_gen_quantities;
 997 :     std::vector<int> params_i;
 998 :     vars = Eigen::Matrix<double,-1,1>::Constant(num_to_write,
 999 :              std::numeric_limits<double>::quiet_NaN());
1000 :     write_array_impl(base_rng, params_r, params_i, vars,
1001 :       emit_transformed_parameters, emit_generated_quantities, pstream);
1002 :   }
1003 :   template <typename RNG> inline void
1004 :   write_array(RNG& base_rng, std::vector<double>& params_r, std::vector<int>&
1005 :               params_i, std::vector<double>& vars, bool
1006 :               emit_transformed_parameters = true, bool
1007 :               emit_generated_quantities = true, std::ostream*
1008 :               pstream = nullptr) const {
1009 :     const size_t num_params__ = (((((((1 + 1) + 1) + 1) + 1) + K) + C) + (C *
1010 :       2));
1011 :     const size_t num_transformed = emit_transformed_parameters * ((((1 + 1) +
1012 :       C) + K));
1013 :     const size_t num_gen_quantities = emit_generated_quantities * (C);
1014 :     const size_t num_to_write = num_params__ + num_transformed +
1015 :       num_gen_quantities;
1016 :     vars = std::vector<double>(num_to_write,
1017 :              std::numeric_limits<double>::quiet_NaN());
1018 :     write_array_impl(base_rng, params_r, params_i, vars,
1019 :       emit_transformed_parameters, emit_generated_quantities, pstream);
1020 :   }
1021 :   template <bool propto__, bool jacobian__, typename T_> inline T_
1022 :   log_prob(Eigen::Matrix<T_,-1,1>& params_r, std::ostream* pstream = nullptr) const {
1023 :     Eigen::Matrix<int,-1,1> params_i;
1024 :     return log_prob_impl<propto__, jacobian__>(params_r, params_i, pstream);
1025 :   }
1026 :   template <bool propto__, bool jacobian__, typename T_> inline T_
1027 :   log_prob(std::vector<T_>& params_r, std::vector<int>& params_i,
1028 :            std::ostream* pstream = nullptr) const {
1029 :     return log_prob_impl<propto__, jacobian__>(params_r, params_i, pstream);
1030 :   }
1031 :   inline void
1032 :   transform_inits(const stan::io::var_context& context,
1033 :                   Eigen::Matrix<double,-1,1>& params_r, std::ostream*
1034 :                   pstream = nullptr) const final {
1035 :     std::vector<double> params_r_vec(params_r.size());
1036 :     std::vector<int> params_i;
1037 :     transform_inits(context, params_i, params_r_vec, pstream);
1038 :     params_r = Eigen::Map<Eigen::Matrix<double,-1,1>>(params_r_vec.data(),
1039 :                  params_r_vec.size());
1040 :   }
1041 :   inline void
1042 :   transform_inits(const stan::io::var_context& context, std::vector<int>&
1043 :                   params_i, std::vector<double>& vars, std::ostream*
1044 :                   pstream__ = nullptr) const {
1045 :     vars.resize(num_params_r__);
1046 :     transform_inits_impl(context, vars, pstream__);
1047 :   }
1048 :   inline void
1049 :   unconstrain_array(const std::vector<double>& params_constrained,
1050 :                     std::vector<double>& params_unconstrained, std::ostream*
1051 :                     pstream = nullptr) const {
1052 :     const std::vector<int> params_i;
1053 :     params_unconstrained = std::vector<double>(num_params_r__,
1054 :                              std::numeric_limits<double>::quiet_NaN());
1055 :     unconstrain_array_impl(params_constrained, params_i,
1056 :       params_unconstrained, pstream);
1057 :   }
1058 :   inline void
1059 :   unconstrain_array(const Eigen::Matrix<double,-1,1>& params_constrained,
1060 :                     Eigen::Matrix<double,-1,1>& params_unconstrained,
1061 :                     std::ostream* pstream = nullptr) const {
1062 :     const std::vector<int> params_i;
1063 :     params_unconstrained = Eigen::Matrix<double,-1,1>::Constant(num_params_r__,
1064 :                              std::numeric_limits<double>::quiet_NaN());
1065 :     unconstrain_array_impl(params_constrained, params_i,
1066 :       params_unconstrained, pstream);
1067 :   }
1068 : };
1069 : }
1070 : using stan_model = model3d0b3e4e52e3ee__namespace::model3d0b3e4e52e3ee_;
1071 : #ifndef USING_R
1072 : // Boilerplate
1073 : stan::model::model_base&
1074 : new_model(stan::io::var_context& data_context, unsigned int seed,
1075 :           std::ostream* msg_stream) {
1076 :   stan_model* m = new stan_model(data_context, seed, msg_stream);
1077 :   return *m;
1078 : }
1079 : stan::math::profile_map& get_stan_profile_data() {
1080 :   return model3d0b3e4e52e3ee__namespace::profiles__;
1081 : }
1082 : #endif
1083 : #endif
1084 : 
1085 : RCPP_MODULE(stan_fit4model3d0b3e4e52e3ee__mod) {
1086 :   class_<rstan::stan_fit<stan_model, boost::random::ecuyer1988> >(
1087 :       "stan_fit4model3d0b3e4e52e3ee_")
1088 : 
1089 :       .constructor<SEXP, SEXP, SEXP>()
1090 : 
1091 :       .method(
1092 :           "call_sampler",
1093 :           &rstan::stan_fit<stan_model, boost::random::ecuyer1988>::call_sampler)
1094 :       .method(
1095 :           "param_names",
1096 :           &rstan::stan_fit<stan_model, boost::random::ecuyer1988>::param_names)
1097 :       .method("param_names_oi",
1098 :               &rstan::stan_fit<stan_model,
1099 :                                boost::random::ecuyer1988>::param_names_oi)
1100 :       .method("param_fnames_oi",
1101 :               &rstan::stan_fit<stan_model,
1102 :                                boost::random::ecuyer1988>::param_fnames_oi)
1103 :       .method(
1104 :           "param_dims",
1105 :           &rstan::stan_fit<stan_model, boost::random::ecuyer1988>::param_dims)
1106 :       .method("param_dims_oi",
1107 :               &rstan::stan_fit<stan_model,
1108 :                                boost::random::ecuyer1988>::param_dims_oi)
1109 :       .method("update_param_oi",
1110 :               &rstan::stan_fit<stan_model,
1111 :                                boost::random::ecuyer1988>::update_param_oi)
1112 :       .method("param_oi_tidx",
1113 :               &rstan::stan_fit<stan_model,
1114 :                                boost::random::ecuyer1988>::param_oi_tidx)
1115 :       .method("grad_log_prob",
1116 :               &rstan::stan_fit<stan_model,
1117 :                                boost::random::ecuyer1988>::grad_log_prob)
1118 :       .method("log_prob",
1119 :               &rstan::stan_fit<stan_model, boost::random::ecuyer1988>::log_prob)
1120 :       .method("unconstrain_pars",
1121 :               &rstan::stan_fit<stan_model,
1122 :                                boost::random::ecuyer1988>::unconstrain_pars)
1123 :       .method("constrain_pars",
1124 :               &rstan::stan_fit<stan_model,
1125 :                                boost::random::ecuyer1988>::constrain_pars)
1126 :       .method(
1127 :           "num_pars_unconstrained",
1128 :           &rstan::stan_fit<stan_model,
1129 :                            boost::random::ecuyer1988>::num_pars_unconstrained)
1130 :       .method(
1131 :           "unconstrained_param_names",
1132 :           &rstan::stan_fit<
1133 :               stan_model, boost::random::ecuyer1988>::unconstrained_param_names)
1134 :       .method(
1135 :           "constrained_param_names",
1136 :           &rstan::stan_fit<stan_model,
1137 :                            boost::random::ecuyer1988>::constrained_param_names)
1138 :       .method("standalone_gqs",
1139 :               &rstan::stan_fit<stan_model,
1140 :                                boost::random::ecuyer1988>::standalone_gqs);
1141 : }
1142 : 
1143 : 
1144 : // declarations
1145 : extern "C" {
1146 : SEXP file3d0b3e49042598( ) ;
1147 : }
1148 : 
1149 : // definition
1150 : SEXP file3d0b3e49042598() {
1151 :  return Rcpp::wrap("anon_model");
1152 : }
make cmd is
  make -f '/cvmfs/soft.computecanada.ca/easybuild/software/2023/x86-64-v3/Compiler/gcccore/r/4.3.1/lib64/R/etc/Makeconf' -f '/cvmfs/soft.computecanada.ca/easybuild/software/2023/x86-64-v3/Compiler/gcccore/r/4.3.1/lib64/R/share/make/shlib.mk' CXX='$(CXX17) $(CXX17STD)' CXXFLAGS='$(CXX17FLAGS)' CXXPICFLAGS='$(CXX17PICFLAGS)' SHLIB_LDFLAGS='$(SHLIB_CXX17LDFLAGS)' SHLIB_LD='$(SHLIB_CXX17LD)' SHLIB='file3d0b3e49042598.so' OBJECTS='file3d0b3e49042598.o'

make would use
g++ -std=gnu++17 -I"/cvmfs/soft.computecanada.ca/easybuild/software/2023/x86-64-v3/Compiler/gcccore/r/4.3.1/lib64/R/include" -DNDEBUG   -I"/home/melanson/R/x86_64-pc-linux-gnu-library/4.3/Rcpp/include/"  -I"/home/melanson/R/x86_64-pc-linux-gnu-library/4.3/RcppEigen/include/"  -I"/home/melanson/R/x86_64-pc-linux-gnu-library/4.3/RcppEigen/include/unsupported"  -I"/home/melanson/R/x86_64-pc-linux-gnu-library/4.3/BH/include" -I"/home/melanson/R/x86_64-pc-linux-gnu-library/4.3/StanHeaders/include/src/"  -I"/home/melanson/R/x86_64-pc-linux-gnu-library/4.3/StanHeaders/include/"  -I"/home/melanson/R/x86_64-pc-linux-gnu-library/4.3/RcppParallel/include/"  -I"/home/melanson/R/x86_64-pc-linux-gnu-library/4.3/rstan/include" -DEIGEN_NO_DEBUG  -DBOOST_DISABLE_ASSERTS  -DBOOST_PENDING_INTEGER_LOG2_HPP  -DSTAN_THREADS  -DUSE_STANC3 -DSTRICT_R_HEADERS  -DBOOST_PHOENIX_NO_VARIADIC_EXPRESSION  -D_HAS_AUTO_PTR_ETC=0  -include '/home/melanson/R/x86_64-pc-linux-gnu-library/4.3/StanHeaders/include/stan/math/prim/fun/Eigen.hpp'  -D_REENTRANT -DRCPP_PARALLEL_USE_TBB=1   -I/cvmfs/soft.computecanada.ca/easybuild/software/2023/x86-64-v3/Core/java/17.0.6/include -I/cvmfs/soft.computecanada.ca/easybuild/software/2023/x86-64-v3/Core/flexiblascore/3.3.1/include -I/cvmfs/soft.computecanada.ca/easybuild/software/2023/x86-64-v3/Core/flexiblascore/3.3.1/include/flexiblas    -fpic  -O2 -ftree-vectorize -march=x86-64-v3 -fno-math-errno  -c file3d0b3e49042598.cpp -o file3d0b3e49042598.o
if test  "zfile3d0b3e49042598.o" != "z"; then \
  echo g++ -std=gnu++17 -shared -L"/cvmfs/soft.computecanada.ca/easybuild/software/2023/x86-64-v3/Compiler/gcccore/r/4.3.1/lib64/R/lib"  -o file3d0b3e49042598.so file3d0b3e49042598.o  '/home/melanson/R/x86_64-pc-linux-gnu-library/4.3/rstan/lib//libStanServices.a' -L'/home/melanson/R/x86_64-pc-linux-gnu-library/4.3/StanHeaders/lib/' -lStanHeaders -L'/home/melanson/R/x86_64-pc-linux-gnu-library/4.3/RcppParallel/lib/' -ltbb   -L"/cvmfs/soft.computecanada.ca/easybuild/software/2023/x86-64-v3/Compiler/gcccore/r/4.3.1/lib64/R/lib" -lR; \
  g++ -std=gnu++17 -shared -L"/cvmfs/soft.computecanada.ca/easybuild/software/2023/x86-64-v3/Compiler/gcccore/r/4.3.1/lib64/R/lib"  -o file3d0b3e49042598.so file3d0b3e49042598.o  '/home/melanson/R/x86_64-pc-linux-gnu-library/4.3/rstan/lib//libStanServices.a' -L'/home/melanson/R/x86_64-pc-linux-gnu-library/4.3/StanHeaders/lib/' -lStanHeaders -L'/home/melanson/R/x86_64-pc-linux-gnu-library/4.3/RcppParallel/lib/' -ltbb   -L"/cvmfs/soft.computecanada.ca/easybuild/software/2023/x86-64-v3/Compiler/gcccore/r/4.3.1/lib64/R/lib" -lR; \
fi

CHECKING DATA AND PREPROCESSING FOR MODEL 'anon_model' NOW.

COMPILING MODEL 'anon_model' NOW.

STARTING SAMPLER FOR MODEL 'anon_model' NOW.

CHECKING DATA AND PREPROCESSING FOR MODEL 'anon_model' NOW.

COMPILING MODEL 'anon_model' NOW.

STARTING SAMPLER FOR MODEL 'anon_model' NOW.

CHECKING DATA AND PREPROCESSING FOR MODEL 'anon_model' NOW.

COMPILING MODEL 'anon_model' NOW.

STARTING SAMPLER FOR MODEL 'anon_model' NOW.

CHECKING DATA AND PREPROCESSING FOR MODEL 'anon_model' NOW.

COMPILING MODEL 'anon_model' NOW.

STARTING SAMPLER FOR MODEL 'anon_model' NOW.

SAMPLING FOR MODEL 'anon_model' NOW (CHAIN 1).

CHECKING DATA AND PREPROCESSING FOR MODEL 'anon_model' NOW.

COMPILING MODEL 'anon_model' NOW.

STARTING SAMPLER FOR MODEL 'anon_model' NOW.

SAMPLING FOR MODEL 'anon_model' NOW (CHAIN 2).

SAMPLING FOR MODEL 'anon_model' NOW (CHAIN 3).

SAMPLING FOR MODEL 'anon_model' NOW (CHAIN 4).
Chain 1: 
Chain 1: Gradient evaluation took 0.03761 seconds
Chain 1: 1000 transitions using 10 leapfrog steps per transition would take 376.1 seconds.
Chain 1: Adjust your expectations accordingly!
Chain 1: 
Chain 1: 
Chain 2: 
Chain 2: Gradient evaluation took 0.040562 seconds
Chain 2: 1000 transitions using 10 leapfrog steps per transition would take 405.62 seconds.
Chain 2: Adjust your expectations accordingly!
Chain 2: 
Chain 2: 
Chain 4: Rejecting initial value:
Chain 4:   Error evaluating the log probability at the initial value.
Chain 4: Exception: lognormal_lpdf: Random variable is -0.375417, but must be nonnegative! (in 'anon_model', line 42, column 0 to column 45)
Chain 4: Rejecting initial value:
Chain 4:   Error evaluating the log probability at the initial value.
Chain 4: Exception: lognormal_lpdf: Random variable is -0.497807, but must be nonnegative! (in 'anon_model', line 42, column 0 to column 45)
Chain 3: 
Chain 3: Gradient evaluation took 0.037353 seconds
Chain 3: 1000 transitions using 10 leapfrog steps per transition would take 373.53 seconds.
Chain 3: Adjust your expectations accordingly!
Chain 3: 
Chain 3: 
Chain 4: 
Chain 4: Gradient evaluation took 0.037045 seconds
Chain 4: 1000 transitions using 10 leapfrog steps per transition would take 370.45 seconds.
Chain 4: Adjust your expectations accordingly!
Chain 4: 
Chain 4: 
Chain 1: Iteration:    1 / 10000 [  0%]  (Warmup)
Chain 2: Iteration:    1 / 10000 [  0%]  (Warmup)
Chain 3: Iteration:    1 / 10000 [  0%]  (Warmup)
Chain 4: Iteration:    1 / 10000 [  0%]  (Warmup)
Chain 3: Iteration: 1000 / 10000 [ 10%]  (Warmup)
Chain 4: Iteration: 1000 / 10000 [ 10%]  (Warmup)
Chain 2: Iteration: 1000 / 10000 [ 10%]  (Warmup)
Chain 1: Iteration: 1000 / 10000 [ 10%]  (Warmup)
Chain 4: Iteration: 2000 / 10000 [ 20%]  (Warmup)
Chain 3: Iteration: 2000 / 10000 [ 20%]  (Warmup)
Chain 1: Iteration: 2000 / 10000 [ 20%]  (Warmup)
Chain 2: Iteration: 2000 / 10000 [ 20%]  (Warmup)
Chain 2: Iteration: 3000 / 10000 [ 30%]  (Warmup)
Chain 4: Iteration: 3000 / 10000 [ 30%]  (Warmup)
Chain 1: Iteration: 3000 / 10000 [ 30%]  (Warmup)
Chain 3: Iteration: 3000 / 10000 [ 30%]  (Warmup)
Chain 2: Iteration: 4000 / 10000 [ 40%]  (Warmup)
Chain 1: Iteration: 4000 / 10000 [ 40%]  (Warmup)
Chain 4: Iteration: 4000 / 10000 [ 40%]  (Warmup)
Chain 3: Iteration: 4000 / 10000 [ 40%]  (Warmup)
Chain 1: Iteration: 5000 / 10000 [ 50%]  (Warmup)
Chain 1: Iteration: 5001 / 10000 [ 50%]  (Sampling)
Chain 2: Iteration: 5000 / 10000 [ 50%]  (Warmup)
Chain 2: Iteration: 5001 / 10000 [ 50%]  (Sampling)
Chain 3: Iteration: 5000 / 10000 [ 50%]  (Warmup)
Chain 3: Iteration: 5001 / 10000 [ 50%]  (Sampling)
Chain 4: Iteration: 5000 / 10000 [ 50%]  (Warmup)
Chain 4: Iteration: 5001 / 10000 [ 50%]  (Sampling)
Chain 1: Iteration: 6000 / 10000 [ 60%]  (Sampling)
Chain 2: Iteration: 6000 / 10000 [ 60%]  (Sampling)
Chain 3: Iteration: 6000 / 10000 [ 60%]  (Sampling)
Chain 4: Iteration: 6000 / 10000 [ 60%]  (Sampling)
Chain 1: Iteration: 7000 / 10000 [ 70%]  (Sampling)
Chain 2: Iteration: 7000 / 10000 [ 70%]  (Sampling)
Chain 3: Iteration: 7000 / 10000 [ 70%]  (Sampling)
Chain 4: Iteration: 7000 / 10000 [ 70%]  (Sampling)
Chain 1: Iteration: 8000 / 10000 [ 80%]  (Sampling)
Chain 2: Iteration: 8000 / 10000 [ 80%]  (Sampling)
Chain 3: Iteration: 8000 / 10000 [ 80%]  (Sampling)
Chain 4: Iteration: 8000 / 10000 [ 80%]  (Sampling)
Chain 1: Iteration: 9000 / 10000 [ 90%]  (Sampling)
Chain 2: Iteration: 9000 / 10000 [ 90%]  (Sampling)
Chain 3: Iteration: 9000 / 10000 [ 90%]  (Sampling)
Chain 4: Iteration: 9000 / 10000 [ 90%]  (Sampling)
Chain 1: Iteration: 10000 / 10000 [100%]  (Sampling)
Chain 1: 
Chain 1:  Elapsed Time: 3295.22 seconds (Warm-up)
Chain 1:                3570.93 seconds (Sampling)
Chain 1:                6866.15 seconds (Total)
Chain 1: 
Chain 2: Iteration: 10000 / 10000 [100%]  (Sampling)
Chain 2: 
Chain 2:  Elapsed Time: 3328.14 seconds (Warm-up)
Chain 2:                3806.83 seconds (Sampling)
Chain 2:                7134.97 seconds (Total)
Chain 2: 
Chain 3: Iteration: 10000 / 10000 [100%]  (Sampling)
Chain 3: 
Chain 3:  Elapsed Time: 3365.36 seconds (Warm-up)
Chain 3:                3826.16 seconds (Sampling)
Chain 3:                7191.51 seconds (Total)
Chain 3: 
Chain 4: Iteration: 10000 / 10000 [100%]  (Sampling)
Chain 4: 
Chain 4:  Elapsed Time: 3372.16 seconds (Warm-up)
Chain 4:                3839.08 seconds (Sampling)
Chain 4:                7211.24 seconds (Total)
Chain 4: 
[1] "Model complete."
[1] "Model saved."
[1] "Errors detected in log:"
$has_error
[1] TRUE

