
TRANSLATING MODEL '' FROM Stan CODE TO C++ CODE NOW.
OS: x86_64, linux-gnu; rstan: 2.32.7; Rcpp: 1.0.14; inline: 0.3.21 
 >> setting environment variables: 
PKG_LIBS =  '/home/melanson/R/x86_64-pc-linux-gnu-library/4.3/rstan/lib//libStanServices.a' -L'/home/melanson/R/x86_64-pc-linux-gnu-library/4.3/StanHeaders/lib/' -lStanHeaders -L'/home/melanson/R/x86_64-pc-linux-gnu-library/4.3/RcppParallel/lib/' -ltbb 
PKG_CPPFLAGS =   -I"/home/melanson/R/x86_64-pc-linux-gnu-library/4.3/Rcpp/include/"  -I"/home/melanson/R/x86_64-pc-linux-gnu-library/4.3/RcppEigen/include/"  -I"/home/melanson/R/x86_64-pc-linux-gnu-library/4.3/RcppEigen/include/unsupported"  -I"/home/melanson/R/x86_64-pc-linux-gnu-library/4.3/BH/include" -I"/home/melanson/R/x86_64-pc-linux-gnu-library/4.3/StanHeaders/include/src/"  -I"/home/melanson/R/x86_64-pc-linux-gnu-library/4.3/StanHeaders/include/"  -I"/home/melanson/R/x86_64-pc-linux-gnu-library/4.3/RcppParallel/include/"  -I"/home/melanson/R/x86_64-pc-linux-gnu-library/4.3/rstan/include" -DEIGEN_NO_DEBUG  -DBOOST_DISABLE_ASSERTS  -DBOOST_PENDING_INTEGER_LOG2_HPP  -DSTAN_THREADS  -DUSE_STANC3 -DSTRICT_R_HEADERS  -DBOOST_PHOENIX_NO_VARIADIC_EXPRESSION  -D_HAS_AUTO_PTR_ETC=0  -include '/home/melanson/R/x86_64-pc-linux-gnu-library/4.3/StanHeaders/include/stan/math/prim/fun/Eigen.hpp'  -D_REENTRANT -DRCPP_PARALLEL_USE_TBB=1 
 >> Program source :

   1 : 
   2 : // includes from the plugin
   3 : // [[Rcpp::plugins(cpp14)]]
   4 : 
   5 : 
   6 : // user includes
   7 : #include <Rcpp.h>
   8 : using namespace Rcpp;
   9 : #ifndef MODELS_HPP
  10 : #define MODELS_HPP
  11 : #define STAN__SERVICES__COMMAND_HPP
  12 : #include <rstan/rstaninc.hpp>
  13 : #ifndef USE_STANC3
  14 : #define USE_STANC3
  15 : #endif
  16 : // Code generated by stanc v2.32.2
  17 : #include <stan/model/model_header.hpp>
  18 : namespace model71a265e9fc850__namespace {
  19 : using stan::model::model_base_crtp;
  20 : using namespace stan::math;
  21 : stan::math::profile_map profiles__;
  22 : static constexpr std::array<const char*, 63> locations_array__ =
  23 :   {" (found before start of program)",
  24 :   " (in 'anon_model', line 27, column 2 to column 20)",
  25 :   " (in 'anon_model', line 28, column 2 to column 21)",
  26 :   " (in 'anon_model', line 29, column 2 to column 22)",
  27 :   " (in 'anon_model', line 31, column 2 to column 26)",
  28 :   " (in 'anon_model', line 35, column 2 to column 54)",
  29 :   " (in 'anon_model', line 36, column 2 to column 54)",
  30 :   " (in 'anon_model', line 40, column 2 to column 41)",
  31 :   " (in 'anon_model', line 42, column 2 to column 49)",
  32 :   " (in 'anon_model', line 47, column 2 to column 33)",
  33 :   " (in 'anon_model', line 48, column 2 to column 21)",
  34 :   " (in 'anon_model', line 49, column 2 to column 23)",
  35 :   " (in 'anon_model', line 51, column 2 to column 21)",
  36 :   " (in 'anon_model', line 56, column 4 to column 29)",
  37 :   " (in 'anon_model', line 57, column 4 to column 36)",
  38 :   " (in 'anon_model', line 58, column 4 to column 30)",
  39 :   " (in 'anon_model', line 59, column 11 to column 17)",
  40 :   " (in 'anon_model', line 59, column 4 to column 30)",
  41 :   " (in 'anon_model', line 60, column 14 to column 20)",
  42 :   " (in 'anon_model', line 60, column 4 to column 22)",
  43 :   " (in 'anon_model', line 69, column 6 to column 46)",
  44 :   " (in 'anon_model', line 72, column 6 to column 31)",
  45 :   " (in 'anon_model', line 73, column 6 to line 74, column 60)",
  46 :   " (in 'anon_model', line 78, column 6 to column 70)",
  47 :   " (in 'anon_model', line 81, column 6 to column 80)",
  48 :   " (in 'anon_model', line 67, column 24 to line 82, column 5)",
  49 :   " (in 'anon_model', line 67, column 4 to line 82, column 5)",
  50 :   " (in 'anon_model', line 84, column 11 to column 17)",
  51 :   " (in 'anon_model', line 84, column 4 to column 53)",
  52 :   " (in 'anon_model', line 85, column 4 to column 37)",
  53 :   " (in 'anon_model', line 55, column 17 to line 86, column 3)",
  54 :   " (in 'anon_model', line 55, column 2 to line 86, column 3)",
  55 :   " (in 'anon_model', line 4, column 2 to column 17)",
  56 :   " (in 'anon_model', line 5, column 2 to column 17)",
  57 :   " (in 'anon_model', line 6, column 2 to column 27)",
  58 :   " (in 'anon_model', line 7, column 2 to column 25)",
  59 :   " (in 'anon_model', line 8, column 9 to column 20)",
  60 :   " (in 'anon_model', line 8, column 2 to column 34)",
  61 :   " (in 'anon_model', line 9, column 20 to column 31)",
  62 :   " (in 'anon_model', line 9, column 2 to column 33)",
  63 :   " (in 'anon_model', line 10, column 18 to column 19)",
  64 :   " (in 'anon_model', line 10, column 2 to column 21)",
  65 :   " (in 'anon_model', line 11, column 14 to column 15)",
  66 :   " (in 'anon_model', line 11, column 2 to column 17)",
  67 :   " (in 'anon_model', line 12, column 18 to column 19)",
  68 :   " (in 'anon_model', line 12, column 2 to column 21)",
  69 :   " (in 'anon_model', line 13, column 14 to column 15)",
  70 :   " (in 'anon_model', line 13, column 2 to column 17)",
  71 :   " (in 'anon_model', line 14, column 10 to column 11)",
  72 :   " (in 'anon_model', line 14, column 2 to column 13)",
  73 :   " (in 'anon_model', line 15, column 13 to column 22)",
  74 :   " (in 'anon_model', line 15, column 2 to column 24)",
  75 :   " (in 'anon_model', line 16, column 2 to column 15)",
  76 :   " (in 'anon_model', line 17, column 2 to column 15)",
  77 :   " (in 'anon_model', line 18, column 2 to column 15)",
  78 :   " (in 'anon_model', line 19, column 2 to column 15)",
  79 :   " (in 'anon_model', line 22, column 2 to column 18)",
  80 :   " (in 'anon_model', line 23, column 2 to column 22)",
  81 :   " (in 'anon_model', line 24, column 2 to column 20)",
  82 :   " (in 'anon_model', line 31, column 9 to column 20)",
  83 :   " (in 'anon_model', line 35, column 8 to column 9)",
  84 :   " (in 'anon_model', line 36, column 8 to column 9)",
  85 :   " (in 'anon_model', line 42, column 9 to column 20)"};
  86 : class model71a265e9fc850_ final : public model_base_crtp<model71a265e9fc850_> {
  87 : private:
  88 :   int C;
  89 :   int L;
  90 :   int total_traps;
  91 :   int total_obs;
  92 :   Eigen::Matrix<double,-1,-1> trap_pos_data__;
  93 :   std::vector<int> sample_effort;
  94 :   std::vector<int> traps_start;
  95 :   std::vector<int> traps_n;
  96 :   std::vector<int> colony_land;
  97 :   std::vector<int> y_start;
  98 :   std::vector<int> y_n;
  99 :   std::vector<int> y_flat;
 100 :   double upper_y;
 101 :   double upper_x;
 102 :   double lower_y;
 103 :   double lower_x;
 104 :   double Rmax;
 105 :   double steepness;
 106 :   double penalty;
 107 :   Eigen::Map<Eigen::Matrix<double,-1,-1>> trap_pos{nullptr, 0, 0};
 108 : public:
 109 :   ~model71a265e9fc850_() {}
 110 :   model71a265e9fc850_(stan::io::var_context& context__, unsigned int
 111 :                       random_seed__ = 0, std::ostream* pstream__ = nullptr)
 112 :       : model_base_crtp(0) {
 113 :     int current_statement__ = 0;
 114 :     using local_scalar_t__ = double;
 115 :     boost::ecuyer1988 base_rng__ =
 116 :       stan::services::util::create_rng(random_seed__, 0);
 117 :     // suppress unused var warning
 118 :     (void) base_rng__;
 119 :     static constexpr const char* function__ =
 120 :       "model71a265e9fc850__namespace::model71a265e9fc850_";
 121 :     // suppress unused var warning
 122 :     (void) function__;
 123 :     local_scalar_t__ DUMMY_VAR__(std::numeric_limits<double>::quiet_NaN());
 124 :     // suppress unused var warning
 125 :     (void) DUMMY_VAR__;
 126 :     try {
 127 :       int pos__ = std::numeric_limits<int>::min();
 128 :       pos__ = 1;
 129 :       current_statement__ = 32;
 130 :       context__.validate_dims("data initialization", "C", "int",
 131 :         std::vector<size_t>{});
 132 :       C = std::numeric_limits<int>::min();
 133 :       current_statement__ = 32;
 134 :       C = context__.vals_i("C")[(1 - 1)];
 135 :       current_statement__ = 32;
 136 :       stan::math::check_greater_or_equal(function__, "C", C, 1);
 137 :       current_statement__ = 33;
 138 :       context__.validate_dims("data initialization", "L", "int",
 139 :         std::vector<size_t>{});
 140 :       L = std::numeric_limits<int>::min();
 141 :       current_statement__ = 33;
 142 :       L = context__.vals_i("L")[(1 - 1)];
 143 :       current_statement__ = 33;
 144 :       stan::math::check_greater_or_equal(function__, "L", L, 1);
 145 :       current_statement__ = 34;
 146 :       context__.validate_dims("data initialization", "total_traps", "int",
 147 :         std::vector<size_t>{});
 148 :       total_traps = std::numeric_limits<int>::min();
 149 :       current_statement__ = 34;
 150 :       total_traps = context__.vals_i("total_traps")[(1 - 1)];
 151 :       current_statement__ = 34;
 152 :       stan::math::check_greater_or_equal(function__, "total_traps",
 153 :         total_traps, 1);
 154 :       current_statement__ = 35;
 155 :       context__.validate_dims("data initialization", "total_obs", "int",
 156 :         std::vector<size_t>{});
 157 :       total_obs = std::numeric_limits<int>::min();
 158 :       current_statement__ = 35;
 159 :       total_obs = context__.vals_i("total_obs")[(1 - 1)];
 160 :       current_statement__ = 35;
 161 :       stan::math::check_greater_or_equal(function__, "total_obs", total_obs,
 162 :         0);
 163 :       current_statement__ = 36;
 164 :       stan::math::validate_non_negative_index("trap_pos", "total_traps",
 165 :         total_traps);
 166 :       current_statement__ = 37;
 167 :       context__.validate_dims("data initialization", "trap_pos", "double",
 168 :         std::vector<size_t>{static_cast<size_t>(total_traps),
 169 :           static_cast<size_t>(2)});
 170 :       trap_pos_data__ = Eigen::Matrix<double,-1,-1>::Constant(total_traps, 2,
 171 :                           std::numeric_limits<double>::quiet_NaN());
 172 :       new (&trap_pos)
 173 :         Eigen::Map<Eigen::Matrix<double,-1,-1>>(trap_pos_data__.data(),
 174 :         total_traps, 2);
 175 :       {
 176 :         std::vector<local_scalar_t__> trap_pos_flat__;
 177 :         current_statement__ = 37;
 178 :         trap_pos_flat__ = context__.vals_r("trap_pos");
 179 :         current_statement__ = 37;
 180 :         pos__ = 1;
 181 :         current_statement__ = 37;
 182 :         for (int sym1__ = 1; sym1__ <= 2; ++sym1__) {
 183 :           current_statement__ = 37;
 184 :           for (int sym2__ = 1; sym2__ <= total_traps; ++sym2__) {
 185 :             current_statement__ = 37;
 186 :             stan::model::assign(trap_pos, trap_pos_flat__[(pos__ - 1)],
 187 :               "assigning variable trap_pos", stan::model::index_uni(sym2__),
 188 :               stan::model::index_uni(sym1__));
 189 :             current_statement__ = 37;
 190 :             pos__ = (pos__ + 1);
 191 :           }
 192 :         }
 193 :       }
 194 :       current_statement__ = 38;
 195 :       stan::math::validate_non_negative_index("sample_effort", "total_traps",
 196 :         total_traps);
 197 :       current_statement__ = 39;
 198 :       context__.validate_dims("data initialization", "sample_effort", "int",
 199 :         std::vector<size_t>{static_cast<size_t>(total_traps)});
 200 :       sample_effort = std::vector<int>(total_traps,
 201 :                         std::numeric_limits<int>::min());
 202 :       current_statement__ = 39;
 203 :       sample_effort = context__.vals_i("sample_effort");
 204 :       current_statement__ = 40;
 205 :       stan::math::validate_non_negative_index("traps_start", "L", L);
 206 :       current_statement__ = 41;
 207 :       context__.validate_dims("data initialization", "traps_start", "int",
 208 :         std::vector<size_t>{static_cast<size_t>(L)});
 209 :       traps_start = std::vector<int>(L, std::numeric_limits<int>::min());
 210 :       current_statement__ = 41;
 211 :       traps_start = context__.vals_i("traps_start");
 212 :       current_statement__ = 42;
 213 :       stan::math::validate_non_negative_index("traps_n", "L", L);
 214 :       current_statement__ = 43;
 215 :       context__.validate_dims("data initialization", "traps_n", "int",
 216 :         std::vector<size_t>{static_cast<size_t>(L)});
 217 :       traps_n = std::vector<int>(L, std::numeric_limits<int>::min());
 218 :       current_statement__ = 43;
 219 :       traps_n = context__.vals_i("traps_n");
 220 :       current_statement__ = 44;
 221 :       stan::math::validate_non_negative_index("colony_land", "C", C);
 222 :       current_statement__ = 45;
 223 :       context__.validate_dims("data initialization", "colony_land", "int",
 224 :         std::vector<size_t>{static_cast<size_t>(C)});
 225 :       colony_land = std::vector<int>(C, std::numeric_limits<int>::min());
 226 :       current_statement__ = 45;
 227 :       colony_land = context__.vals_i("colony_land");
 228 :       current_statement__ = 46;
 229 :       stan::math::validate_non_negative_index("y_start", "C", C);
 230 :       current_statement__ = 47;
 231 :       context__.validate_dims("data initialization", "y_start", "int",
 232 :         std::vector<size_t>{static_cast<size_t>(C)});
 233 :       y_start = std::vector<int>(C, std::numeric_limits<int>::min());
 234 :       current_statement__ = 47;
 235 :       y_start = context__.vals_i("y_start");
 236 :       current_statement__ = 48;
 237 :       stan::math::validate_non_negative_index("y_n", "C", C);
 238 :       current_statement__ = 49;
 239 :       context__.validate_dims("data initialization", "y_n", "int",
 240 :         std::vector<size_t>{static_cast<size_t>(C)});
 241 :       y_n = std::vector<int>(C, std::numeric_limits<int>::min());
 242 :       current_statement__ = 49;
 243 :       y_n = context__.vals_i("y_n");
 244 :       current_statement__ = 50;
 245 :       stan::math::validate_non_negative_index("y_flat", "total_obs",
 246 :         total_obs);
 247 :       current_statement__ = 51;
 248 :       context__.validate_dims("data initialization", "y_flat", "int",
 249 :         std::vector<size_t>{static_cast<size_t>(total_obs)});
 250 :       y_flat = std::vector<int>(total_obs, std::numeric_limits<int>::min());
 251 :       current_statement__ = 51;
 252 :       y_flat = context__.vals_i("y_flat");
 253 :       current_statement__ = 52;
 254 :       context__.validate_dims("data initialization", "upper_y", "double",
 255 :         std::vector<size_t>{});
 256 :       upper_y = std::numeric_limits<double>::quiet_NaN();
 257 :       current_statement__ = 52;
 258 :       upper_y = context__.vals_r("upper_y")[(1 - 1)];
 259 :       current_statement__ = 53;
 260 :       context__.validate_dims("data initialization", "upper_x", "double",
 261 :         std::vector<size_t>{});
 262 :       upper_x = std::numeric_limits<double>::quiet_NaN();
 263 :       current_statement__ = 53;
 264 :       upper_x = context__.vals_r("upper_x")[(1 - 1)];
 265 :       current_statement__ = 54;
 266 :       context__.validate_dims("data initialization", "lower_y", "double",
 267 :         std::vector<size_t>{});
 268 :       lower_y = std::numeric_limits<double>::quiet_NaN();
 269 :       current_statement__ = 54;
 270 :       lower_y = context__.vals_r("lower_y")[(1 - 1)];
 271 :       current_statement__ = 55;
 272 :       context__.validate_dims("data initialization", "lower_x", "double",
 273 :         std::vector<size_t>{});
 274 :       lower_x = std::numeric_limits<double>::quiet_NaN();
 275 :       current_statement__ = 55;
 276 :       lower_x = context__.vals_r("lower_x")[(1 - 1)];
 277 :       current_statement__ = 56;
 278 :       Rmax = std::numeric_limits<double>::quiet_NaN();
 279 :       current_statement__ = 56;
 280 :       Rmax = 2.0;
 281 :       current_statement__ = 57;
 282 :       steepness = std::numeric_limits<double>::quiet_NaN();
 283 :       current_statement__ = 57;
 284 :       steepness = 10;
 285 :       current_statement__ = 58;
 286 :       penalty = std::numeric_limits<double>::quiet_NaN();
 287 :       current_statement__ = 58;
 288 :       penalty = 10;
 289 :       current_statement__ = 59;
 290 :       stan::math::validate_non_negative_index("eps", "total_traps",
 291 :         total_traps);
 292 :       current_statement__ = 60;
 293 :       stan::math::validate_non_negative_index("delta_x", "C", C);
 294 :       current_statement__ = 61;
 295 :       stan::math::validate_non_negative_index("delta_y", "C", C);
 296 :       current_statement__ = 62;
 297 :       stan::math::validate_non_negative_index("eps_scale", "total_traps",
 298 :         total_traps);
 299 :     } catch (const std::exception& e) {
 300 :       stan::lang::rethrow_located(e, locations_array__[current_statement__]);
 301 :     }
 302 :     num_params_r__ = 1 + 1 + 1 + total_traps + C + C;
 303 :   }
 304 :   inline std::string model_name() const final {
 305 :     return "model71a265e9fc850_";
 306 :   }
 307 :   inline std::vector<std::string> model_compile_info() const noexcept {
 308 :     return std::vector<std::string>{"stanc_version = stanc3 v2.32.2",
 309 :              "stancflags = --"};
 310 :   }
 311 :   template <bool propto__, bool jacobian__, typename VecR, typename VecI,
 312 :             stan::require_vector_like_t<VecR>* = nullptr,
 313 :             stan::require_vector_like_vt<std::is_integral, VecI>* = nullptr>
 314 :   inline stan::scalar_type_t<VecR>
 315 :   log_prob_impl(VecR& params_r__, VecI& params_i__, std::ostream*
 316 :                 pstream__ = nullptr) const {
 317 :     using T__ = stan::scalar_type_t<VecR>;
 318 :     using local_scalar_t__ = T__;
 319 :     T__ lp__(0.0);
 320 :     stan::math::accumulator<T__> lp_accum__;
 321 :     stan::io::deserializer<local_scalar_t__> in__(params_r__, params_i__);
 322 :     int current_statement__ = 0;
 323 :     local_scalar_t__ DUMMY_VAR__(std::numeric_limits<double>::quiet_NaN());
 324 :     // suppress unused var warning
 325 :     (void) DUMMY_VAR__;
 326 :     static constexpr const char* function__ =
 327 :       "model71a265e9fc850__namespace::log_prob";
 328 :     // suppress unused var warning
 329 :     (void) function__;
 330 :     try {
 331 :       local_scalar_t__ rho = DUMMY_VAR__;
 332 :       current_statement__ = 1;
 333 :       rho = in__.template read_constrain_lb<local_scalar_t__, jacobian__>(0,
 334 :               lp__);
 335 :       local_scalar_t__ beta = DUMMY_VAR__;
 336 :       current_statement__ = 2;
 337 :       beta = in__.template read_constrain_lb<local_scalar_t__, jacobian__>(0,
 338 :                lp__);
 339 :       local_scalar_t__ sigma = DUMMY_VAR__;
 340 :       current_statement__ = 3;
 341 :       sigma = in__.template read_constrain_lb<local_scalar_t__,
 342 :                 jacobian__>(0, lp__);
 343 :       Eigen::Matrix<local_scalar_t__,-1,1> eps =
 344 :         Eigen::Matrix<local_scalar_t__,-1,1>::Constant(total_traps,
 345 :           DUMMY_VAR__);
 346 :       current_statement__ = 4;
 347 :       eps = in__.template read<
 348 :               Eigen::Matrix<local_scalar_t__,-1,1>>(total_traps);
 349 :       std::vector<local_scalar_t__> delta_x =
 350 :         std::vector<local_scalar_t__>(C, DUMMY_VAR__);
 351 :       current_statement__ = 5;
 352 :       delta_x = in__.template read_constrain_lub<
 353 :                   std::vector<local_scalar_t__>, jacobian__>(lower_x,
 354 :                   upper_x, lp__, C);
 355 :       std::vector<local_scalar_t__> delta_y =
 356 :         std::vector<local_scalar_t__>(C, DUMMY_VAR__);
 357 :       current_statement__ = 6;
 358 :       delta_y = in__.template read_constrain_lub<
 359 :                   std::vector<local_scalar_t__>, jacobian__>(lower_y,
 360 :                   upper_y, lp__, C);
 361 :       local_scalar_t__ sigma_sqrt = DUMMY_VAR__;
 362 :       current_statement__ = 7;
 363 :       sigma_sqrt = stan::math::sqrt(sigma);
 364 :       Eigen::Matrix<local_scalar_t__,-1,1> eps_scale =
 365 :         Eigen::Matrix<local_scalar_t__,-1,1>::Constant(total_traps,
 366 :           DUMMY_VAR__);
 367 :       current_statement__ = 8;
 368 :       stan::model::assign(eps_scale, stan::math::multiply(eps, sigma_sqrt),
 369 :         "assigning variable eps_scale");
 370 :       current_statement__ = 7;
 371 :       stan::math::check_greater_or_equal(function__, "sigma_sqrt",
 372 :         sigma_sqrt, 0);
 373 :       {
 374 :         current_statement__ = 9;
 375 :         lp_accum__.add(stan::math::lognormal_lpdf<propto__>(rho,
 376 :                          stan::math::log(0.5), 0.5));
 377 :         current_statement__ = 10;
 378 :         lp_accum__.add(stan::math::normal_lpdf<propto__>(beta, 0, 1));
 379 :         current_statement__ = 11;
 380 :         lp_accum__.add(stan::math::normal_lpdf<propto__>(sigma, 0, 1));
 381 :         current_statement__ = 12;
 382 :         lp_accum__.add(stan::math::normal_lpdf<propto__>(eps, 0, 1));
 383 :         current_statement__ = 31;
 384 :         for (int i = 1; i <= C; ++i) {
 385 :           int lid = std::numeric_limits<int>::min();
 386 :           current_statement__ = 13;
 387 :           lid = stan::model::rvalue(colony_land, "colony_land",
 388 :                   stan::model::index_uni(i));
 389 :           int start_tr = std::numeric_limits<int>::min();
 390 :           current_statement__ = 14;
 391 :           start_tr = stan::model::rvalue(traps_start, "traps_start",
 392 :                        stan::model::index_uni(lid));
 393 :           int num_tr = std::numeric_limits<int>::min();
 394 :           current_statement__ = 15;
 395 :           num_tr = stan::model::rvalue(traps_n, "traps_n",
 396 :                      stan::model::index_uni(lid));
 397 :           current_statement__ = 16;
 398 :           stan::math::validate_non_negative_index("lambda_row", "num_tr",
 399 :             num_tr);
 400 :           Eigen::Matrix<local_scalar_t__,-1,1> lambda_row =
 401 :             Eigen::Matrix<local_scalar_t__,-1,1>::Constant(num_tr,
 402 :               DUMMY_VAR__);
 403 :           current_statement__ = 18;
 404 :           stan::math::validate_non_negative_index("y_seg", "num_tr", num_tr);
 405 :           std::vector<int> y_seg =
 406 :             std::vector<int>(num_tr, std::numeric_limits<int>::min());
 407 :           current_statement__ = 26;
 408 :           for (int t = 1; t <= num_tr; ++t) {
 409 :             current_statement__ = 20;
 410 :             stan::model::assign(y_seg,
 411 :               stan::model::rvalue(y_flat, "y_flat",
 412 :                 stan::model::index_uni(
 413 :                   ((stan::model::rvalue(y_start, "y_start",
 414 :                       stan::model::index_uni(i)) + t) - 1))),
 415 :               "assigning variable y_seg", stan::model::index_uni(t));
 416 :             int k = std::numeric_limits<int>::min();
 417 :             current_statement__ = 21;
 418 :             k = ((start_tr + t) - 1);
 419 :             local_scalar_t__ dis = DUMMY_VAR__;
 420 :             current_statement__ = 22;
 421 :             dis = stan::math::sqrt(
 422 :                     (stan::math::square(
 423 :                        (stan::model::rvalue(delta_x, "delta_x",
 424 :                           stan::model::index_uni(i)) -
 425 :                        stan::model::rvalue(trap_pos, "trap_pos",
 426 :                          stan::model::index_uni(k), stan::model::index_uni(1))))
 427 :                     +
 428 :                     stan::math::square(
 429 :                       (stan::model::rvalue(delta_y, "delta_y",
 430 :                          stan::model::index_uni(i)) -
 431 :                       stan::model::rvalue(trap_pos, "trap_pos",
 432 :                         stan::model::index_uni(k), stan::model::index_uni(2))))));
 433 :             current_statement__ = 23;
 434 :             lp_accum__.add((stan::model::rvalue(y_seg, "y_seg",
 435 :                               stan::model::index_uni(t)) * (-penalty *
 436 :               stan::math::log1p_exp(((dis - Rmax) * steepness)))));
 437 :             current_statement__ = 24;
 438 :             stan::model::assign(lambda_row, (((-0.5 *
 439 :               stan::math::pow((dis / rho), 2)) + (beta *
 440 :               stan::model::rvalue(sample_effort, "sample_effort",
 441 :                 stan::model::index_uni(k)))) +
 442 :               stan::model::rvalue(eps_scale, "eps_scale",
 443 :                 stan::model::index_uni(k))), "assigning variable lambda_row",
 444 :               stan::model::index_uni(t));
 445 :           }
 446 :           current_statement__ = 27;
 447 :           stan::math::validate_non_negative_index("multi_probs", "num_tr",
 448 :             num_tr);
 449 :           Eigen::Matrix<local_scalar_t__,-1,1> multi_probs =
 450 :             Eigen::Matrix<local_scalar_t__,-1,1>::Constant(num_tr,
 451 :               DUMMY_VAR__);
 452 :           current_statement__ = 28;
 453 :           stan::model::assign(multi_probs, stan::math::softmax(lambda_row),
 454 :             "assigning variable multi_probs");
 455 :           current_statement__ = 29;
 456 :           lp_accum__.add(stan::math::multinomial_lpmf<propto__>(y_seg,
 457 :                            multi_probs));
 458 :         }
 459 :       }
 460 :     } catch (const std::exception& e) {
 461 :       stan::lang::rethrow_located(e, locations_array__[current_statement__]);
 462 :     }
 463 :     lp_accum__.add(lp__);
 464 :     return lp_accum__.sum();
 465 :   }
 466 :   template <typename RNG, typename VecR, typename VecI, typename VecVar,
 467 :             stan::require_vector_like_vt<std::is_floating_point,
 468 :             VecR>* = nullptr, stan::require_vector_like_vt<std::is_integral,
 469 :             VecI>* = nullptr, stan::require_vector_vt<std::is_floating_point,
 470 :             VecVar>* = nullptr>
 471 :   inline void
 472 :   write_array_impl(RNG& base_rng__, VecR& params_r__, VecI& params_i__,
 473 :                    VecVar& vars__, const bool
 474 :                    emit_transformed_parameters__ = true, const bool
 475 :                    emit_generated_quantities__ = true, std::ostream*
 476 :                    pstream__ = nullptr) const {
 477 :     using local_scalar_t__ = double;
 478 :     stan::io::deserializer<local_scalar_t__> in__(params_r__, params_i__);
 479 :     stan::io::serializer<local_scalar_t__> out__(vars__);
 480 :     static constexpr bool propto__ = true;
 481 :     // suppress unused var warning
 482 :     (void) propto__;
 483 :     double lp__ = 0.0;
 484 :     // suppress unused var warning
 485 :     (void) lp__;
 486 :     int current_statement__ = 0;
 487 :     stan::math::accumulator<double> lp_accum__;
 488 :     local_scalar_t__ DUMMY_VAR__(std::numeric_limits<double>::quiet_NaN());
 489 :     // suppress unused var warning
 490 :     (void) DUMMY_VAR__;
 491 :     constexpr bool jacobian__ = false;
 492 :     static constexpr const char* function__ =
 493 :       "model71a265e9fc850__namespace::write_array";
 494 :     // suppress unused var warning
 495 :     (void) function__;
 496 :     try {
 497 :       double rho = std::numeric_limits<double>::quiet_NaN();
 498 :       current_statement__ = 1;
 499 :       rho = in__.template read_constrain_lb<local_scalar_t__, jacobian__>(0,
 500 :               lp__);
 501 :       double beta = std::numeric_limits<double>::quiet_NaN();
 502 :       current_statement__ = 2;
 503 :       beta = in__.template read_constrain_lb<local_scalar_t__, jacobian__>(0,
 504 :                lp__);
 505 :       double sigma = std::numeric_limits<double>::quiet_NaN();
 506 :       current_statement__ = 3;
 507 :       sigma = in__.template read_constrain_lb<local_scalar_t__,
 508 :                 jacobian__>(0, lp__);
 509 :       Eigen::Matrix<double,-1,1> eps =
 510 :         Eigen::Matrix<double,-1,1>::Constant(total_traps,
 511 :           std::numeric_limits<double>::quiet_NaN());
 512 :       current_statement__ = 4;
 513 :       eps = in__.template read<
 514 :               Eigen::Matrix<local_scalar_t__,-1,1>>(total_traps);
 515 :       std::vector<double> delta_x =
 516 :         std::vector<double>(C, std::numeric_limits<double>::quiet_NaN());
 517 :       current_statement__ = 5;
 518 :       delta_x = in__.template read_constrain_lub<
 519 :                   std::vector<local_scalar_t__>, jacobian__>(lower_x,
 520 :                   upper_x, lp__, C);
 521 :       std::vector<double> delta_y =
 522 :         std::vector<double>(C, std::numeric_limits<double>::quiet_NaN());
 523 :       current_statement__ = 6;
 524 :       delta_y = in__.template read_constrain_lub<
 525 :                   std::vector<local_scalar_t__>, jacobian__>(lower_y,
 526 :                   upper_y, lp__, C);
 527 :       double sigma_sqrt = std::numeric_limits<double>::quiet_NaN();
 528 :       Eigen::Matrix<double,-1,1> eps_scale =
 529 :         Eigen::Matrix<double,-1,1>::Constant(total_traps,
 530 :           std::numeric_limits<double>::quiet_NaN());
 531 :       out__.write(rho);
 532 :       out__.write(beta);
 533 :       out__.write(sigma);
 534 :       out__.write(eps);
 535 :       out__.write(delta_x);
 536 :       out__.write(delta_y);
 537 :       if (stan::math::logical_negation(
 538 :             (stan::math::primitive_value(emit_transformed_parameters__) ||
 539 :             stan::math::primitive_value(emit_generated_quantities__)))) {
 540 :         return ;
 541 :       }
 542 :       current_statement__ = 7;
 543 :       sigma_sqrt = stan::math::sqrt(sigma);
 544 :       current_statement__ = 8;
 545 :       stan::model::assign(eps_scale, stan::math::multiply(eps, sigma_sqrt),
 546 :         "assigning variable eps_scale");
 547 :       current_statement__ = 7;
 548 :       stan::math::check_greater_or_equal(function__, "sigma_sqrt",
 549 :         sigma_sqrt, 0);
 550 :       if (emit_transformed_parameters__) {
 551 :         out__.write(sigma_sqrt);
 552 :         out__.write(eps_scale);
 553 :       }
 554 :       if (stan::math::logical_negation(emit_generated_quantities__)) {
 555 :         return ;
 556 :       }
 557 :     } catch (const std::exception& e) {
 558 :       stan::lang::rethrow_located(e, locations_array__[current_statement__]);
 559 :     }
 560 :   }
 561 :   template <typename VecVar, typename VecI,
 562 :             stan::require_vector_t<VecVar>* = nullptr,
 563 :             stan::require_vector_like_vt<std::is_integral, VecI>* = nullptr>
 564 :   inline void
 565 :   unconstrain_array_impl(const VecVar& params_r__, const VecI& params_i__,
 566 :                          VecVar& vars__, std::ostream* pstream__ = nullptr) const {
 567 :     using local_scalar_t__ = double;
 568 :     stan::io::deserializer<local_scalar_t__> in__(params_r__, params_i__);
 569 :     stan::io::serializer<local_scalar_t__> out__(vars__);
 570 :     int current_statement__ = 0;
 571 :     local_scalar_t__ DUMMY_VAR__(std::numeric_limits<double>::quiet_NaN());
 572 :     // suppress unused var warning
 573 :     (void) DUMMY_VAR__;
 574 :     try {
 575 :       int pos__ = std::numeric_limits<int>::min();
 576 :       pos__ = 1;
 577 :       local_scalar_t__ rho = DUMMY_VAR__;
 578 :       current_statement__ = 1;
 579 :       rho = in__.read<local_scalar_t__>();
 580 :       out__.write_free_lb(0, rho);
 581 :       local_scalar_t__ beta = DUMMY_VAR__;
 582 :       current_statement__ = 2;
 583 :       beta = in__.read<local_scalar_t__>();
 584 :       out__.write_free_lb(0, beta);
 585 :       local_scalar_t__ sigma = DUMMY_VAR__;
 586 :       current_statement__ = 3;
 587 :       sigma = in__.read<local_scalar_t__>();
 588 :       out__.write_free_lb(0, sigma);
 589 :       Eigen::Matrix<local_scalar_t__,-1,1> eps =
 590 :         Eigen::Matrix<local_scalar_t__,-1,1>::Constant(total_traps,
 591 :           DUMMY_VAR__);
 592 :       current_statement__ = 4;
 593 :       stan::model::assign(eps,
 594 :         in__.read<Eigen::Matrix<local_scalar_t__,-1,1>>(total_traps),
 595 :         "assigning variable eps");
 596 :       out__.write(eps);
 597 :       std::vector<local_scalar_t__> delta_x =
 598 :         std::vector<local_scalar_t__>(C, DUMMY_VAR__);
 599 :       current_statement__ = 5;
 600 :       stan::model::assign(delta_x,
 601 :         in__.read<std::vector<local_scalar_t__>>(C),
 602 :         "assigning variable delta_x");
 603 :       out__.write_free_lub(lower_x, upper_x, delta_x);
 604 :       std::vector<local_scalar_t__> delta_y =
 605 :         std::vector<local_scalar_t__>(C, DUMMY_VAR__);
 606 :       current_statement__ = 6;
 607 :       stan::model::assign(delta_y,
 608 :         in__.read<std::vector<local_scalar_t__>>(C),
 609 :         "assigning variable delta_y");
 610 :       out__.write_free_lub(lower_y, upper_y, delta_y);
 611 :     } catch (const std::exception& e) {
 612 :       stan::lang::rethrow_located(e, locations_array__[current_statement__]);
 613 :     }
 614 :   }
 615 :   template <typename VecVar, stan::require_vector_t<VecVar>* = nullptr>
 616 :   inline void
 617 :   transform_inits_impl(const stan::io::var_context& context__, VecVar&
 618 :                        vars__, std::ostream* pstream__ = nullptr) const {
 619 :     using local_scalar_t__ = double;
 620 :     stan::io::serializer<local_scalar_t__> out__(vars__);
 621 :     int current_statement__ = 0;
 622 :     local_scalar_t__ DUMMY_VAR__(std::numeric_limits<double>::quiet_NaN());
 623 :     // suppress unused var warning
 624 :     (void) DUMMY_VAR__;
 625 :     try {
 626 :       current_statement__ = 1;
 627 :       context__.validate_dims("parameter initialization", "rho", "double",
 628 :         std::vector<size_t>{});
 629 :       current_statement__ = 2;
 630 :       context__.validate_dims("parameter initialization", "beta", "double",
 631 :         std::vector<size_t>{});
 632 :       current_statement__ = 3;
 633 :       context__.validate_dims("parameter initialization", "sigma", "double",
 634 :         std::vector<size_t>{});
 635 :       current_statement__ = 4;
 636 :       context__.validate_dims("parameter initialization", "eps", "double",
 637 :         std::vector<size_t>{static_cast<size_t>(total_traps)});
 638 :       current_statement__ = 5;
 639 :       context__.validate_dims("parameter initialization", "delta_x",
 640 :         "double", std::vector<size_t>{static_cast<size_t>(C)});
 641 :       current_statement__ = 6;
 642 :       context__.validate_dims("parameter initialization", "delta_y",
 643 :         "double", std::vector<size_t>{static_cast<size_t>(C)});
 644 :       int pos__ = std::numeric_limits<int>::min();
 645 :       pos__ = 1;
 646 :       local_scalar_t__ rho = DUMMY_VAR__;
 647 :       current_statement__ = 1;
 648 :       rho = context__.vals_r("rho")[(1 - 1)];
 649 :       out__.write_free_lb(0, rho);
 650 :       local_scalar_t__ beta = DUMMY_VAR__;
 651 :       current_statement__ = 2;
 652 :       beta = context__.vals_r("beta")[(1 - 1)];
 653 :       out__.write_free_lb(0, beta);
 654 :       local_scalar_t__ sigma = DUMMY_VAR__;
 655 :       current_statement__ = 3;
 656 :       sigma = context__.vals_r("sigma")[(1 - 1)];
 657 :       out__.write_free_lb(0, sigma);
 658 :       Eigen::Matrix<local_scalar_t__,-1,1> eps =
 659 :         Eigen::Matrix<local_scalar_t__,-1,1>::Constant(total_traps,
 660 :           DUMMY_VAR__);
 661 :       {
 662 :         std::vector<local_scalar_t__> eps_flat__;
 663 :         current_statement__ = 4;
 664 :         eps_flat__ = context__.vals_r("eps");
 665 :         current_statement__ = 4;
 666 :         pos__ = 1;
 667 :         current_statement__ = 4;
 668 :         for (int sym1__ = 1; sym1__ <= total_traps; ++sym1__) {
 669 :           current_statement__ = 4;
 670 :           stan::model::assign(eps, eps_flat__[(pos__ - 1)],
 671 :             "assigning variable eps", stan::model::index_uni(sym1__));
 672 :           current_statement__ = 4;
 673 :           pos__ = (pos__ + 1);
 674 :         }
 675 :       }
 676 :       out__.write(eps);
 677 :       std::vector<local_scalar_t__> delta_x =
 678 :         std::vector<local_scalar_t__>(C, DUMMY_VAR__);
 679 :       current_statement__ = 5;
 680 :       delta_x = context__.vals_r("delta_x");
 681 :       out__.write_free_lub(lower_x, upper_x, delta_x);
 682 :       std::vector<local_scalar_t__> delta_y =
 683 :         std::vector<local_scalar_t__>(C, DUMMY_VAR__);
 684 :       current_statement__ = 6;
 685 :       delta_y = context__.vals_r("delta_y");
 686 :       out__.write_free_lub(lower_y, upper_y, delta_y);
 687 :     } catch (const std::exception& e) {
 688 :       stan::lang::rethrow_located(e, locations_array__[current_statement__]);
 689 :     }
 690 :   }
 691 :   inline void
 692 :   get_param_names(std::vector<std::string>& names__, const bool
 693 :                   emit_transformed_parameters__ = true, const bool
 694 :                   emit_generated_quantities__ = true) const {
 695 :     names__ = std::vector<std::string>{"rho", "beta", "sigma", "eps",
 696 :                 "delta_x", "delta_y"};
 697 :     if (emit_transformed_parameters__) {
 698 :       std::vector<std::string> temp{"sigma_sqrt", "eps_scale"};
 699 :       names__.reserve(names__.size() + temp.size());
 700 :       names__.insert(names__.end(), temp.begin(), temp.end());
 701 :     }
 702 :     if (emit_generated_quantities__) {}
 703 :   }
 704 :   inline void
 705 :   get_dims(std::vector<std::vector<size_t>>& dimss__, const bool
 706 :            emit_transformed_parameters__ = true, const bool
 707 :            emit_generated_quantities__ = true) const {
 708 :     dimss__ = std::vector<std::vector<size_t>>{std::vector<size_t>{},
 709 :                 std::vector<size_t>{}, std::vector<size_t>{},
 710 :                 std::vector<size_t>{static_cast<size_t>(total_traps)},
 711 :                 std::vector<size_t>{static_cast<size_t>(C)},
 712 :                 std::vector<size_t>{static_cast<size_t>(C)}};
 713 :     if (emit_transformed_parameters__) {
 714 :       std::vector<std::vector<size_t>>
 715 :         temp{std::vector<size_t>{},
 716 :              std::vector<size_t>{static_cast<size_t>(total_traps)}};
 717 :       dimss__.reserve(dimss__.size() + temp.size());
 718 :       dimss__.insert(dimss__.end(), temp.begin(), temp.end());
 719 :     }
 720 :     if (emit_generated_quantities__) {}
 721 :   }
 722 :   inline void
 723 :   constrained_param_names(std::vector<std::string>& param_names__, bool
 724 :                           emit_transformed_parameters__ = true, bool
 725 :                           emit_generated_quantities__ = true) const final {
 726 :     param_names__.emplace_back(std::string() + "rho");
 727 :     param_names__.emplace_back(std::string() + "beta");
 728 :     param_names__.emplace_back(std::string() + "sigma");
 729 :     for (int sym1__ = 1; sym1__ <= total_traps; ++sym1__) {
 730 :       param_names__.emplace_back(std::string() + "eps" + '.' +
 731 :         std::to_string(sym1__));
 732 :     }
 733 :     for (int sym1__ = 1; sym1__ <= C; ++sym1__) {
 734 :       param_names__.emplace_back(std::string() + "delta_x" + '.' +
 735 :         std::to_string(sym1__));
 736 :     }
 737 :     for (int sym1__ = 1; sym1__ <= C; ++sym1__) {
 738 :       param_names__.emplace_back(std::string() + "delta_y" + '.' +
 739 :         std::to_string(sym1__));
 740 :     }
 741 :     if (emit_transformed_parameters__) {
 742 :       param_names__.emplace_back(std::string() + "sigma_sqrt");
 743 :       for (int sym1__ = 1; sym1__ <= total_traps; ++sym1__) {
 744 :         param_names__.emplace_back(std::string() + "eps_scale" + '.' +
 745 :           std::to_string(sym1__));
 746 :       }
 747 :     }
 748 :     if (emit_generated_quantities__) {}
 749 :   }
 750 :   inline void
 751 :   unconstrained_param_names(std::vector<std::string>& param_names__, bool
 752 :                             emit_transformed_parameters__ = true, bool
 753 :                             emit_generated_quantities__ = true) const final {
 754 :     param_names__.emplace_back(std::string() + "rho");
 755 :     param_names__.emplace_back(std::string() + "beta");
 756 :     param_names__.emplace_back(std::string() + "sigma");
 757 :     for (int sym1__ = 1; sym1__ <= total_traps; ++sym1__) {
 758 :       param_names__.emplace_back(std::string() + "eps" + '.' +
 759 :         std::to_string(sym1__));
 760 :     }
 761 :     for (int sym1__ = 1; sym1__ <= C; ++sym1__) {
 762 :       param_names__.emplace_back(std::string() + "delta_x" + '.' +
 763 :         std::to_string(sym1__));
 764 :     }
 765 :     for (int sym1__ = 1; sym1__ <= C; ++sym1__) {
 766 :       param_names__.emplace_back(std::string() + "delta_y" + '.' +
 767 :         std::to_string(sym1__));
 768 :     }
 769 :     if (emit_transformed_parameters__) {
 770 :       param_names__.emplace_back(std::string() + "sigma_sqrt");
 771 :       for (int sym1__ = 1; sym1__ <= total_traps; ++sym1__) {
 772 :         param_names__.emplace_back(std::string() + "eps_scale" + '.' +
 773 :           std::to_string(sym1__));
 774 :       }
 775 :     }
 776 :     if (emit_generated_quantities__) {}
 777 :   }
 778 :   inline std::string get_constrained_sizedtypes() const {
 779 :     return std::string("[{\"name\":\"rho\",\"type\":{\"name\":\"real\"},\"block\":\"parameters\"},{\"name\":\"beta\",\"type\":{\"name\":\"real\"},\"block\":\"parameters\"},{\"name\":\"sigma\",\"type\":{\"name\":\"real\"},\"block\":\"parameters\"},{\"name\":\"eps\",\"type\":{\"name\":\"vector\",\"length\":" + std::to_string(total_traps) + "},\"block\":\"parameters\"},{\"name\":\"delta_x\",\"type\":{\"name\":\"array\",\"length\":" + std::to_string(C) + ",\"element_type\":{\"name\":\"real\"}},\"block\":\"parameters\"},{\"name\":\"delta_y\",\"type\":{\"name\":\"array\",\"length\":" + std::to_string(C) + ",\"element_type\":{\"name\":\"real\"}},\"block\":\"parameters\"},{\"name\":\"sigma_sqrt\",\"type\":{\"name\":\"real\"},\"block\":\"transformed_parameters\"},{\"name\":\"eps_scale\",\"type\":{\"name\":\"vector\",\"length\":" + std::to_string(total_traps) + "},\"block\":\"transformed_parameters\"}]");
 780 :   }
 781 :   inline std::string get_unconstrained_sizedtypes() const {
 782 :     return std::string("[{\"name\":\"rho\",\"type\":{\"name\":\"real\"},\"block\":\"parameters\"},{\"name\":\"beta\",\"type\":{\"name\":\"real\"},\"block\":\"parameters\"},{\"name\":\"sigma\",\"type\":{\"name\":\"real\"},\"block\":\"parameters\"},{\"name\":\"eps\",\"type\":{\"name\":\"vector\",\"length\":" + std::to_string(total_traps) + "},\"block\":\"parameters\"},{\"name\":\"delta_x\",\"type\":{\"name\":\"array\",\"length\":" + std::to_string(C) + ",\"element_type\":{\"name\":\"real\"}},\"block\":\"parameters\"},{\"name\":\"delta_y\",\"type\":{\"name\":\"array\",\"length\":" + std::to_string(C) + ",\"element_type\":{\"name\":\"real\"}},\"block\":\"parameters\"},{\"name\":\"sigma_sqrt\",\"type\":{\"name\":\"real\"},\"block\":\"transformed_parameters\"},{\"name\":\"eps_scale\",\"type\":{\"name\":\"vector\",\"length\":" + std::to_string(total_traps) + "},\"block\":\"transformed_parameters\"}]");
 783 :   }
 784 :   // Begin method overload boilerplate
 785 :   template <typename RNG> inline void
 786 :   write_array(RNG& base_rng, Eigen::Matrix<double,-1,1>& params_r,
 787 :               Eigen::Matrix<double,-1,1>& vars, const bool
 788 :               emit_transformed_parameters = true, const bool
 789 :               emit_generated_quantities = true, std::ostream*
 790 :               pstream = nullptr) const {
 791 :     const size_t num_params__ = (((((1 + 1) + 1) + total_traps) + C) + C);
 792 :     const size_t num_transformed = emit_transformed_parameters * ((1 +
 793 :       total_traps));
 794 :     const size_t num_gen_quantities = emit_generated_quantities * (0);
 795 :     const size_t num_to_write = num_params__ + num_transformed +
 796 :       num_gen_quantities;
 797 :     std::vector<int> params_i;
 798 :     vars = Eigen::Matrix<double,-1,1>::Constant(num_to_write,
 799 :              std::numeric_limits<double>::quiet_NaN());
 800 :     write_array_impl(base_rng, params_r, params_i, vars,
 801 :       emit_transformed_parameters, emit_generated_quantities, pstream);
 802 :   }
 803 :   template <typename RNG> inline void
 804 :   write_array(RNG& base_rng, std::vector<double>& params_r, std::vector<int>&
 805 :               params_i, std::vector<double>& vars, bool
 806 :               emit_transformed_parameters = true, bool
 807 :               emit_generated_quantities = true, std::ostream*
 808 :               pstream = nullptr) const {
 809 :     const size_t num_params__ = (((((1 + 1) + 1) + total_traps) + C) + C);
 810 :     const size_t num_transformed = emit_transformed_parameters * ((1 +
 811 :       total_traps));
 812 :     const size_t num_gen_quantities = emit_generated_quantities * (0);
 813 :     const size_t num_to_write = num_params__ + num_transformed +
 814 :       num_gen_quantities;
 815 :     vars = std::vector<double>(num_to_write,
 816 :              std::numeric_limits<double>::quiet_NaN());
 817 :     write_array_impl(base_rng, params_r, params_i, vars,
 818 :       emit_transformed_parameters, emit_generated_quantities, pstream);
 819 :   }
 820 :   template <bool propto__, bool jacobian__, typename T_> inline T_
 821 :   log_prob(Eigen::Matrix<T_,-1,1>& params_r, std::ostream* pstream = nullptr) const {
 822 :     Eigen::Matrix<int,-1,1> params_i;
 823 :     return log_prob_impl<propto__, jacobian__>(params_r, params_i, pstream);
 824 :   }
 825 :   template <bool propto__, bool jacobian__, typename T_> inline T_
 826 :   log_prob(std::vector<T_>& params_r, std::vector<int>& params_i,
 827 :            std::ostream* pstream = nullptr) const {
 828 :     return log_prob_impl<propto__, jacobian__>(params_r, params_i, pstream);
 829 :   }
 830 :   inline void
 831 :   transform_inits(const stan::io::var_context& context,
 832 :                   Eigen::Matrix<double,-1,1>& params_r, std::ostream*
 833 :                   pstream = nullptr) const final {
 834 :     std::vector<double> params_r_vec(params_r.size());
 835 :     std::vector<int> params_i;
 836 :     transform_inits(context, params_i, params_r_vec, pstream);
 837 :     params_r = Eigen::Map<Eigen::Matrix<double,-1,1>>(params_r_vec.data(),
 838 :                  params_r_vec.size());
 839 :   }
 840 :   inline void
 841 :   transform_inits(const stan::io::var_context& context, std::vector<int>&
 842 :                   params_i, std::vector<double>& vars, std::ostream*
 843 :                   pstream__ = nullptr) const {
 844 :     vars.resize(num_params_r__);
 845 :     transform_inits_impl(context, vars, pstream__);
 846 :   }
 847 :   inline void
 848 :   unconstrain_array(const std::vector<double>& params_constrained,
 849 :                     std::vector<double>& params_unconstrained, std::ostream*
 850 :                     pstream = nullptr) const {
 851 :     const std::vector<int> params_i;
 852 :     params_unconstrained = std::vector<double>(num_params_r__,
 853 :                              std::numeric_limits<double>::quiet_NaN());
 854 :     unconstrain_array_impl(params_constrained, params_i,
 855 :       params_unconstrained, pstream);
 856 :   }
 857 :   inline void
 858 :   unconstrain_array(const Eigen::Matrix<double,-1,1>& params_constrained,
 859 :                     Eigen::Matrix<double,-1,1>& params_unconstrained,
 860 :                     std::ostream* pstream = nullptr) const {
 861 :     const std::vector<int> params_i;
 862 :     params_unconstrained = Eigen::Matrix<double,-1,1>::Constant(num_params_r__,
 863 :                              std::numeric_limits<double>::quiet_NaN());
 864 :     unconstrain_array_impl(params_constrained, params_i,
 865 :       params_unconstrained, pstream);
 866 :   }
 867 : };
 868 : }
 869 : using stan_model = model71a265e9fc850__namespace::model71a265e9fc850_;
 870 : #ifndef USING_R
 871 : // Boilerplate
 872 : stan::model::model_base&
 873 : new_model(stan::io::var_context& data_context, unsigned int seed,
 874 :           std::ostream* msg_stream) {
 875 :   stan_model* m = new stan_model(data_context, seed, msg_stream);
 876 :   return *m;
 877 : }
 878 : stan::math::profile_map& get_stan_profile_data() {
 879 :   return model71a265e9fc850__namespace::profiles__;
 880 : }
 881 : #endif
 882 : #endif
 883 : 
 884 : RCPP_MODULE(stan_fit4model71a265e9fc850__mod) {
 885 :   class_<rstan::stan_fit<stan_model, boost::random::ecuyer1988> >(
 886 :       "stan_fit4model71a265e9fc850_")
 887 : 
 888 :       .constructor<SEXP, SEXP, SEXP>()
 889 : 
 890 :       .method(
 891 :           "call_sampler",
 892 :           &rstan::stan_fit<stan_model, boost::random::ecuyer1988>::call_sampler)
 893 :       .method(
 894 :           "param_names",
 895 :           &rstan::stan_fit<stan_model, boost::random::ecuyer1988>::param_names)
 896 :       .method("param_names_oi",
 897 :               &rstan::stan_fit<stan_model,
 898 :                                boost::random::ecuyer1988>::param_names_oi)
 899 :       .method("param_fnames_oi",
 900 :               &rstan::stan_fit<stan_model,
 901 :                                boost::random::ecuyer1988>::param_fnames_oi)
 902 :       .method(
 903 :           "param_dims",
 904 :           &rstan::stan_fit<stan_model, boost::random::ecuyer1988>::param_dims)
 905 :       .method("param_dims_oi",
 906 :               &rstan::stan_fit<stan_model,
 907 :                                boost::random::ecuyer1988>::param_dims_oi)
 908 :       .method("update_param_oi",
 909 :               &rstan::stan_fit<stan_model,
 910 :                                boost::random::ecuyer1988>::update_param_oi)
 911 :       .method("param_oi_tidx",
 912 :               &rstan::stan_fit<stan_model,
 913 :                                boost::random::ecuyer1988>::param_oi_tidx)
 914 :       .method("grad_log_prob",
 915 :               &rstan::stan_fit<stan_model,
 916 :                                boost::random::ecuyer1988>::grad_log_prob)
 917 :       .method("log_prob",
 918 :               &rstan::stan_fit<stan_model, boost::random::ecuyer1988>::log_prob)
 919 :       .method("unconstrain_pars",
 920 :               &rstan::stan_fit<stan_model,
 921 :                                boost::random::ecuyer1988>::unconstrain_pars)
 922 :       .method("constrain_pars",
 923 :               &rstan::stan_fit<stan_model,
 924 :                                boost::random::ecuyer1988>::constrain_pars)
 925 :       .method(
 926 :           "num_pars_unconstrained",
 927 :           &rstan::stan_fit<stan_model,
 928 :                            boost::random::ecuyer1988>::num_pars_unconstrained)
 929 :       .method(
 930 :           "unconstrained_param_names",
 931 :           &rstan::stan_fit<
 932 :               stan_model, boost::random::ecuyer1988>::unconstrained_param_names)
 933 :       .method(
 934 :           "constrained_param_names",
 935 :           &rstan::stan_fit<stan_model,
 936 :                            boost::random::ecuyer1988>::constrained_param_names)
 937 :       .method("standalone_gqs",
 938 :               &rstan::stan_fit<stan_model,
 939 :                                boost::random::ecuyer1988>::standalone_gqs);
 940 : }
 941 : 
 942 : 
 943 : // declarations
 944 : extern "C" {
 945 : SEXP file71a263eda7de2( ) ;
 946 : }
 947 : 
 948 : // definition
 949 : SEXP file71a263eda7de2() {
 950 :  return Rcpp::wrap("anon_model");
 951 : }
make cmd is
  make -f '/cvmfs/soft.computecanada.ca/easybuild/software/2023/x86-64-v4/Compiler/gcccore/r/4.3.1/lib64/R/etc/Makeconf' -f '/cvmfs/soft.computecanada.ca/easybuild/software/2023/x86-64-v4/Compiler/gcccore/r/4.3.1/lib64/R/share/make/shlib.mk' CXX='$(CXX17) $(CXX17STD)' CXXFLAGS='$(CXX17FLAGS)' CXXPICFLAGS='$(CXX17PICFLAGS)' SHLIB_LDFLAGS='$(SHLIB_CXX17LDFLAGS)' SHLIB_LD='$(SHLIB_CXX17LD)' SHLIB='file71a263eda7de2.so' OBJECTS='file71a263eda7de2.o'

make would use
g++ -std=gnu++17 -I"/cvmfs/soft.computecanada.ca/easybuild/software/2023/x86-64-v4/Compiler/gcccore/r/4.3.1/lib64/R/include" -DNDEBUG   -I"/home/melanson/R/x86_64-pc-linux-gnu-library/4.3/Rcpp/include/"  -I"/home/melanson/R/x86_64-pc-linux-gnu-library/4.3/RcppEigen/include/"  -I"/home/melanson/R/x86_64-pc-linux-gnu-library/4.3/RcppEigen/include/unsupported"  -I"/home/melanson/R/x86_64-pc-linux-gnu-library/4.3/BH/include" -I"/home/melanson/R/x86_64-pc-linux-gnu-library/4.3/StanHeaders/include/src/"  -I"/home/melanson/R/x86_64-pc-linux-gnu-library/4.3/StanHeaders/include/"  -I"/home/melanson/R/x86_64-pc-linux-gnu-library/4.3/RcppParallel/include/"  -I"/home/melanson/R/x86_64-pc-linux-gnu-library/4.3/rstan/include" -DEIGEN_NO_DEBUG  -DBOOST_DISABLE_ASSERTS  -DBOOST_PENDING_INTEGER_LOG2_HPP  -DSTAN_THREADS  -DUSE_STANC3 -DSTRICT_R_HEADERS  -DBOOST_PHOENIX_NO_VARIADIC_EXPRESSION  -D_HAS_AUTO_PTR_ETC=0  -include '/home/melanson/R/x86_64-pc-linux-gnu-library/4.3/StanHeaders/include/stan/math/prim/fun/Eigen.hpp'  -D_REENTRANT -DRCPP_PARALLEL_USE_TBB=1   -I/cvmfs/soft.computecanada.ca/easybuild/software/2023/x86-64-v3/Core/java/17.0.6/include -I/cvmfs/soft.computecanada.ca/easybuild/software/2023/x86-64-v3/Core/flexiblascore/3.3.1/include -I/cvmfs/soft.computecanada.ca/easybuild/software/2023/x86-64-v3/Core/flexiblascore/3.3.1/include/flexiblas    -fpic  -O2 -ftree-vectorize -march=x86-64-v4 -fno-math-errno  -c file71a263eda7de2.cpp -o file71a263eda7de2.o
if test  "zfile71a263eda7de2.o" != "z"; then \
  echo g++ -std=gnu++17 -shared -L"/cvmfs/soft.computecanada.ca/easybuild/software/2023/x86-64-v4/Compiler/gcccore/r/4.3.1/lib64/R/lib"  -o file71a263eda7de2.so file71a263eda7de2.o  '/home/melanson/R/x86_64-pc-linux-gnu-library/4.3/rstan/lib//libStanServices.a' -L'/home/melanson/R/x86_64-pc-linux-gnu-library/4.3/StanHeaders/lib/' -lStanHeaders -L'/home/melanson/R/x86_64-pc-linux-gnu-library/4.3/RcppParallel/lib/' -ltbb   -L"/cvmfs/soft.computecanada.ca/easybuild/software/2023/x86-64-v4/Compiler/gcccore/r/4.3.1/lib64/R/lib" -lR; \
  g++ -std=gnu++17 -shared -L"/cvmfs/soft.computecanada.ca/easybuild/software/2023/x86-64-v4/Compiler/gcccore/r/4.3.1/lib64/R/lib"  -o file71a263eda7de2.so file71a263eda7de2.o  '/home/melanson/R/x86_64-pc-linux-gnu-library/4.3/rstan/lib//libStanServices.a' -L'/home/melanson/R/x86_64-pc-linux-gnu-library/4.3/StanHeaders/lib/' -lStanHeaders -L'/home/melanson/R/x86_64-pc-linux-gnu-library/4.3/RcppParallel/lib/' -ltbb   -L"/cvmfs/soft.computecanada.ca/easybuild/software/2023/x86-64-v4/Compiler/gcccore/r/4.3.1/lib64/R/lib" -lR; \
fi

CHECKING DATA AND PREPROCESSING FOR MODEL 'anon_model' NOW.

COMPILING MODEL 'anon_model' NOW.

STARTING SAMPLER FOR MODEL 'anon_model' NOW.

CHECKING DATA AND PREPROCESSING FOR MODEL 'anon_model' NOW.

COMPILING MODEL 'anon_model' NOW.

STARTING SAMPLER FOR MODEL 'anon_model' NOW.

SAMPLING FOR MODEL 'anon_model' NOW (CHAIN 1).

CHECKING DATA AND PREPROCESSING FOR MODEL 'anon_model' NOW.

COMPILING MODEL 'anon_model' NOW.

STARTING SAMPLER FOR MODEL 'anon_model' NOW.

SAMPLING FOR MODEL 'anon_model' NOW (CHAIN 2).

CHECKING DATA AND PREPROCESSING FOR MODEL 'anon_model' NOW.

COMPILING MODEL 'anon_model' NOW.

STARTING SAMPLER FOR MODEL 'anon_model' NOW.

SAMPLING FOR MODEL 'anon_model' NOW (CHAIN 3).

CHECKING DATA AND PREPROCESSING FOR MODEL 'anon_model' NOW.

COMPILING MODEL 'anon_model' NOW.

STARTING SAMPLER FOR MODEL 'anon_model' NOW.

SAMPLING FOR MODEL 'anon_model' NOW (CHAIN 4).
Chain 1: 
Chain 1: Gradient evaluation took 0.01957 seconds
Chain 1: 1000 transitions using 10 leapfrog steps per transition would take 195.7 seconds.
Chain 1: Adjust your expectations accordingly!
Chain 1: 
Chain 1: 
Chain 4: 
Chain 4: Gradient evaluation took 0.020955 seconds
Chain 4: 1000 transitions using 10 leapfrog steps per transition would take 209.55 seconds.
Chain 4: Adjust your expectations accordingly!
Chain 4: 
Chain 4: 
Chain 2: 
Chain 2: Gradient evaluation took 0.021044 seconds
Chain 2: 1000 transitions using 10 leapfrog steps per transition would take 210.44 seconds.
Chain 2: Adjust your expectations accordingly!
Chain 2: 
Chain 2: 
Chain 3: 
Chain 3: Gradient evaluation took 0.019716 seconds
Chain 3: 1000 transitions using 10 leapfrog steps per transition would take 197.16 seconds.
Chain 3: Adjust your expectations accordingly!
Chain 3: 
Chain 3: 
Chain 1: Iteration:    1 / 4000 [  0%]  (Warmup)
Chain 3: Iteration:    1 / 4000 [  0%]  (Warmup)
Chain 2: Iteration:    1 / 4000 [  0%]  (Warmup)
Chain 4: Iteration:    1 / 4000 [  0%]  (Warmup)
Chain 2: Iteration:  400 / 4000 [ 10%]  (Warmup)
Chain 4: Iteration:  400 / 4000 [ 10%]  (Warmup)
Chain 1: Iteration:  400 / 4000 [ 10%]  (Warmup)
Chain 3: Iteration:  400 / 4000 [ 10%]  (Warmup)
Chain 1: Iteration:  800 / 4000 [ 20%]  (Warmup)
Chain 2: Iteration:  800 / 4000 [ 20%]  (Warmup)
Chain 4: Iteration:  800 / 4000 [ 20%]  (Warmup)
Chain 3: Iteration:  800 / 4000 [ 20%]  (Warmup)
Chain 1: Iteration: 1200 / 4000 [ 30%]  (Warmup)
Chain 2: Iteration: 1200 / 4000 [ 30%]  (Warmup)
Chain 4: Iteration: 1200 / 4000 [ 30%]  (Warmup)
Chain 3: Iteration: 1200 / 4000 [ 30%]  (Warmup)
Chain 1: Iteration: 1600 / 4000 [ 40%]  (Warmup)
Chain 2: Iteration: 1600 / 4000 [ 40%]  (Warmup)
Chain 4: Iteration: 1600 / 4000 [ 40%]  (Warmup)
Chain 3: Iteration: 1600 / 4000 [ 40%]  (Warmup)
Chain 1: Iteration: 2000 / 4000 [ 50%]  (Warmup)
Chain 1: Iteration: 2001 / 4000 [ 50%]  (Sampling)
Chain 2: Iteration: 2000 / 4000 [ 50%]  (Warmup)
Chain 2: Iteration: 2001 / 4000 [ 50%]  (Sampling)
Chain 4: Iteration: 2000 / 4000 [ 50%]  (Warmup)
Chain 4: Iteration: 2001 / 4000 [ 50%]  (Sampling)
Chain 3: Iteration: 2000 / 4000 [ 50%]  (Warmup)
Chain 3: Iteration: 2001 / 4000 [ 50%]  (Sampling)
Chain 1: Iteration: 2400 / 4000 [ 60%]  (Sampling)
Chain 2: Iteration: 2400 / 4000 [ 60%]  (Sampling)
Chain 4: Iteration: 2400 / 4000 [ 60%]  (Sampling)
Chain 3: Iteration: 2400 / 4000 [ 60%]  (Sampling)
Chain 1: Iteration: 2800 / 4000 [ 70%]  (Sampling)
Chain 2: Iteration: 2800 / 4000 [ 70%]  (Sampling)
Chain 4: Iteration: 2800 / 4000 [ 70%]  (Sampling)
Chain 1: Iteration: 3200 / 4000 [ 80%]  (Sampling)
Chain 3: Iteration: 2800 / 4000 [ 70%]  (Sampling)
Chain 2: Iteration: 3200 / 4000 [ 80%]  (Sampling)
Chain 4: Iteration: 3200 / 4000 [ 80%]  (Sampling)
Chain 1: Iteration: 3600 / 4000 [ 90%]  (Sampling)
Chain 3: Iteration: 3200 / 4000 [ 80%]  (Sampling)
Chain 2: Iteration: 3600 / 4000 [ 90%]  (Sampling)
Chain 4: Iteration: 3600 / 4000 [ 90%]  (Sampling)
Chain 1: Iteration: 4000 / 4000 [100%]  (Sampling)
Chain 1: 
Chain 1:  Elapsed Time: 3385.3 seconds (Warm-up)
Chain 1:                2015.72 seconds (Sampling)
Chain 1:                5401.02 seconds (Total)
Chain 1: 
Chain 3: Iteration: 3600 / 4000 [ 90%]  (Sampling)
Chain 2: Iteration: 4000 / 4000 [100%]  (Sampling)
Chain 2: 
Chain 2:  Elapsed Time: 3570.52 seconds (Warm-up)
Chain 2:                2251.06 seconds (Sampling)
Chain 2:                5821.57 seconds (Total)
Chain 2: 
Chain 4: Iteration: 4000 / 4000 [100%]  (Sampling)
Chain 4: 
Chain 4:  Elapsed Time: 3604.02 seconds (Warm-up)
Chain 4:                2241.44 seconds (Sampling)
Chain 4:                5845.46 seconds (Total)
Chain 4: 
Chain 3: Iteration: 4000 / 4000 [100%]  (Sampling)
Chain 3: 
Chain 3:  Elapsed Time: 3699.95 seconds (Warm-up)
Chain 3:                2257.89 seconds (Sampling)
Chain 3:                5957.84 seconds (Total)
Chain 3: 
