Lmod Warning:
-------------------------------------------------------------------------------
The following dependent module(s) are not currently loaded: proj/9.2.0
(required by: libgeotiff/1.7.1, libspatialite/5.1.0, gdal/3.9.1)
-------------------------------------------------------------------------------



terra 1.8.50
Linking to GEOS 3.12.0, GDAL 3.9.1, PROJ 9.2.0; sf_use_s2() is TRUE
Loading required package: sp

Attaching package: ‘data.table’

The following object is masked from ‘package:raster’:

    shift

The following object is masked from ‘package:terra’:

    shift


Attaching package: ‘tidyr’

The following object is masked from ‘package:raster’:

    extract

The following object is masked from ‘package:terra’:

    extract


Attaching package: ‘dplyr’

The following objects are masked from ‘package:data.table’:

    between, first, last

The following objects are masked from ‘package:raster’:

    intersect, select, union

The following objects are masked from ‘package:terra’:

    intersect, union

The following objects are masked from ‘package:stats’:

    filter, lag

The following objects are masked from ‘package:base’:

    intersect, setdiff, setequal, union

This is bayesplot version 1.12.0
- Online documentation and vignettes at mc-stan.org/bayesplot
- bayesplot theme set to bayesplot::theme_default()
   * Does _not_ affect other ggplot2 plots
   * See ?bayesplot_theme_set for details on theme setting
Error: [rast] file does not exist: ~/projects/def-ckremen/melanson//landscape/rasters/blueberry.tif
In addition: Warning message:
In new_CppObject_xp(fields$.module, fields$.pointer, ...) :
  GDAL Error 4: ~/projects/def-ckremen/melanson//landscape/rasters/blueberry.tif: No such file or directory
Execution halted
