
TRANSLATING MODEL '' FROM Stan CODE TO C++ CODE NOW.
OS: x86_64, linux-gnu; rstan: 2.32.7; Rcpp: 1.0.14; inline: 0.3.21 
 >> setting environment variables: 
PKG_LIBS =  '/home/melanson/R/x86_64-pc-linux-gnu-library/4.3/rstan/lib//libStanServices.a' -L'/home/melanson/R/x86_64-pc-linux-gnu-library/4.3/StanHeaders/lib/' -lStanHeaders -L'/home/melanson/R/x86_64-pc-linux-gnu-library/4.3/RcppParallel/lib/' -ltbb 
PKG_CPPFLAGS =   -I"/home/melanson/R/x86_64-pc-linux-gnu-library/4.3/Rcpp/include/"  -I"/home/melanson/R/x86_64-pc-linux-gnu-library/4.3/RcppEigen/include/"  -I"/home/melanson/R/x86_64-pc-linux-gnu-library/4.3/RcppEigen/include/unsupported"  -I"/home/melanson/R/x86_64-pc-linux-gnu-library/4.3/BH/include" -I"/home/melanson/R/x86_64-pc-linux-gnu-library/4.3/StanHeaders/include/src/"  -I"/home/melanson/R/x86_64-pc-linux-gnu-library/4.3/StanHeaders/include/"  -I"/home/melanson/R/x86_64-pc-linux-gnu-library/4.3/RcppParallel/include/"  -I"/home/melanson/R/x86_64-pc-linux-gnu-library/4.3/rstan/include" -DEIGEN_NO_DEBUG  -DBOOST_DISABLE_ASSERTS  -DBOOST_PENDING_INTEGER_LOG2_HPP  -DSTAN_THREADS  -DUSE_STANC3 -DSTRICT_R_HEADERS  -DBOOST_PHOENIX_NO_VARIADIC_EXPRESSION  -D_HAS_AUTO_PTR_ETC=0  -include '/home/melanson/R/x86_64-pc-linux-gnu-library/4.3/StanHeaders/include/stan/math/prim/fun/Eigen.hpp'  -D_REENTRANT -DRCPP_PARALLEL_USE_TBB=1 
 >> Program source :

   1 : 
   2 : // includes from the plugin
   3 : // [[Rcpp::plugins(cpp14)]]
   4 : 
   5 : 
   6 : // user includes
   7 : #include <Rcpp.h>
   8 : using namespace Rcpp;
   9 : #ifndef MODELS_HPP
  10 : #define MODELS_HPP
  11 : #define STAN__SERVICES__COMMAND_HPP
  12 : #include <rstan/rstaninc.hpp>
  13 : #ifndef USE_STANC3
  14 : #define USE_STANC3
  15 : #endif
  16 : // Code generated by stanc v2.32.2
  17 : #include <stan/model/model_header.hpp>
  18 : namespace modelb0ca5575de3a6__namespace {
  19 : using stan::model::model_base_crtp;
  20 : using namespace stan::math;
  21 : stan::math::profile_map profiles__;
  22 : static constexpr std::array<const char*, 68> locations_array__ =
  23 :   {" (found before start of program)",
  24 :   " (in 'anon_model', line 26, column 2 to column 20)",
  25 :   " (in 'anon_model', line 27, column 2 to column 16)",
  26 :   " (in 'anon_model', line 28, column 2 to column 13)",
  27 :   " (in 'anon_model', line 29, column 2 to column 22)",
  28 :   " (in 'anon_model', line 30, column 2 to column 16)",
  29 :   " (in 'anon_model', line 33, column 2 to column 54)",
  30 :   " (in 'anon_model', line 34, column 2 to column 54)",
  31 :   " (in 'anon_model', line 37, column 2 to column 41)",
  32 :   " (in 'anon_model', line 38, column 2 to column 39)",
  33 :   " (in 'anon_model', line 42, column 2 to column 33)",
  34 :   " (in 'anon_model', line 43, column 2 to column 25)",
  35 :   " (in 'anon_model', line 44, column 2 to column 22)",
  36 :   " (in 'anon_model', line 45, column 2 to column 23)",
  37 :   " (in 'anon_model', line 46, column 2 to column 21)",
  38 :   " (in 'anon_model', line 51, column 4 to column 26)",
  39 :   " (in 'anon_model', line 52, column 4 to column 28)",
  40 :   " (in 'anon_model', line 55, column 13 to column 19)",
  41 :   " (in 'anon_model', line 55, column 4 to column 53)",
  42 :   " (in 'anon_model', line 56, column 11 to column 17)",
  43 :   " (in 'anon_model', line 56, column 4 to column 54)",
  44 :   " (in 'anon_model', line 57, column 11 to column 17)",
  45 :   " (in 'anon_model', line 57, column 4 to column 74)",
  46 :   " (in 'anon_model', line 58, column 10 to column 16)",
  47 :   " (in 'anon_model', line 58, column 4 to column 50)",
  48 :   " (in 'anon_model', line 59, column 4 to column 29)",
  49 :   " (in 'anon_model', line 60, column 11 to column 17)",
  50 :   " (in 'anon_model', line 60, column 4 to column 62)",
  51 :   " (in 'anon_model', line 63, column 11 to column 17)",
  52 :   " (in 'anon_model', line 63, column 4 to line 64, column 57)",
  53 :   " (in 'anon_model', line 65, column 11 to column 17)",
  54 :   " (in 'anon_model', line 65, column 4 to column 100)",
  55 :   " (in 'anon_model', line 68, column 11 to column 17)",
  56 :   " (in 'anon_model', line 68, column 4 to column 52)",
  57 :   " (in 'anon_model', line 69, column 4 to column 36)",
  58 :   " (in 'anon_model', line 72, column 4 to column 68)",
  59 :   " (in 'anon_model', line 49, column 17 to line 74, column 5)",
  60 :   " (in 'anon_model', line 49, column 2 to line 74, column 5)",
  61 :   " (in 'anon_model', line 4, column 2 to column 17)",
  62 :   " (in 'anon_model', line 5, column 2 to column 17)",
  63 :   " (in 'anon_model', line 6, column 2 to column 17)",
  64 :   " (in 'anon_model', line 7, column 13 to column 14)",
  65 :   " (in 'anon_model', line 7, column 2 to column 16)",
  66 :   " (in 'anon_model', line 8, column 14 to column 15)",
  67 :   " (in 'anon_model', line 8, column 2 to column 17)",
  68 :   " (in 'anon_model', line 9, column 9 to column 10)",
  69 :   " (in 'anon_model', line 9, column 2 to column 24)",
  70 :   " (in 'anon_model', line 10, column 9 to column 10)",
  71 :   " (in 'anon_model', line 10, column 2 to column 26)",
  72 :   " (in 'anon_model', line 11, column 16 to column 17)",
  73 :   " (in 'anon_model', line 11, column 2 to column 19)",
  74 :   " (in 'anon_model', line 12, column 14 to column 15)",
  75 :   " (in 'anon_model', line 12, column 2 to column 17)",
  76 :   " (in 'anon_model', line 13, column 12 to column 13)",
  77 :   " (in 'anon_model', line 13, column 2 to column 15)",
  78 :   " (in 'anon_model', line 14, column 9 to column 10)",
  79 :   " (in 'anon_model', line 14, column 2 to column 15)",
  80 :   " (in 'anon_model', line 15, column 2 to column 15)",
  81 :   " (in 'anon_model', line 16, column 2 to column 15)",
  82 :   " (in 'anon_model', line 17, column 2 to column 15)",
  83 :   " (in 'anon_model', line 18, column 2 to column 15)",
  84 :   " (in 'anon_model', line 21, column 2 to column 18)",
  85 :   " (in 'anon_model', line 22, column 2 to column 22)",
  86 :   " (in 'anon_model', line 23, column 2 to column 20)",
  87 :   " (in 'anon_model', line 30, column 9 to column 10)",
  88 :   " (in 'anon_model', line 33, column 8 to column 9)",
  89 :   " (in 'anon_model', line 34, column 8 to column 9)",
  90 :   " (in 'anon_model', line 38, column 9 to column 10)"};
  91 : class modelb0ca5575de3a6_ final : public model_base_crtp<modelb0ca5575de3a6_> {
  92 : private:
  93 :   int C;
  94 :   int K;
  95 :   int O;
  96 :   std::vector<int> starts;
  97 :   std::vector<int> lengths;
  98 :   Eigen::Matrix<double,-1,-1> trap_pos_data__;
  99 :   Eigen::Matrix<double,-1,1> sample_effort_data__;
 100 :   std::vector<int> colony_id;
 101 :   std::vector<int> trap_id;
 102 :   std::vector<int> y_obs;
 103 :   Eigen::Matrix<double,-1,1> yn_data__;
 104 :   double upper_y;
 105 :   double upper_x;
 106 :   double lower_y;
 107 :   double lower_x;
 108 :   double Rmax;
 109 :   double steepness;
 110 :   double penalty;
 111 :   Eigen::Map<Eigen::Matrix<double,-1,-1>> trap_pos{nullptr, 0, 0};
 112 :   Eigen::Map<Eigen::Matrix<double,-1,1>> sample_effort{nullptr, 0};
 113 :   Eigen::Map<Eigen::Matrix<double,-1,1>> yn{nullptr, 0};
 114 : public:
 115 :   ~modelb0ca5575de3a6_() {}
 116 :   modelb0ca5575de3a6_(stan::io::var_context& context__, unsigned int
 117 :                       random_seed__ = 0, std::ostream* pstream__ = nullptr)
 118 :       : model_base_crtp(0) {
 119 :     int current_statement__ = 0;
 120 :     using local_scalar_t__ = double;
 121 :     boost::ecuyer1988 base_rng__ =
 122 :       stan::services::util::create_rng(random_seed__, 0);
 123 :     // suppress unused var warning
 124 :     (void) base_rng__;
 125 :     static constexpr const char* function__ =
 126 :       "modelb0ca5575de3a6__namespace::modelb0ca5575de3a6_";
 127 :     // suppress unused var warning
 128 :     (void) function__;
 129 :     local_scalar_t__ DUMMY_VAR__(std::numeric_limits<double>::quiet_NaN());
 130 :     // suppress unused var warning
 131 :     (void) DUMMY_VAR__;
 132 :     try {
 133 :       int pos__ = std::numeric_limits<int>::min();
 134 :       pos__ = 1;
 135 :       current_statement__ = 38;
 136 :       context__.validate_dims("data initialization", "C", "int",
 137 :         std::vector<size_t>{});
 138 :       C = std::numeric_limits<int>::min();
 139 :       current_statement__ = 38;
 140 :       C = context__.vals_i("C")[(1 - 1)];
 141 :       current_statement__ = 38;
 142 :       stan::math::check_greater_or_equal(function__, "C", C, 1);
 143 :       current_statement__ = 39;
 144 :       context__.validate_dims("data initialization", "K", "int",
 145 :         std::vector<size_t>{});
 146 :       K = std::numeric_limits<int>::min();
 147 :       current_statement__ = 39;
 148 :       K = context__.vals_i("K")[(1 - 1)];
 149 :       current_statement__ = 39;
 150 :       stan::math::check_greater_or_equal(function__, "K", K, 1);
 151 :       current_statement__ = 40;
 152 :       context__.validate_dims("data initialization", "O", "int",
 153 :         std::vector<size_t>{});
 154 :       O = std::numeric_limits<int>::min();
 155 :       current_statement__ = 40;
 156 :       O = context__.vals_i("O")[(1 - 1)];
 157 :       current_statement__ = 40;
 158 :       stan::math::check_greater_or_equal(function__, "O", O, 1);
 159 :       current_statement__ = 41;
 160 :       stan::math::validate_non_negative_index("starts", "C", C);
 161 :       current_statement__ = 42;
 162 :       context__.validate_dims("data initialization", "starts", "int",
 163 :         std::vector<size_t>{static_cast<size_t>(C)});
 164 :       starts = std::vector<int>(C, std::numeric_limits<int>::min());
 165 :       current_statement__ = 42;
 166 :       starts = context__.vals_i("starts");
 167 :       current_statement__ = 43;
 168 :       stan::math::validate_non_negative_index("lengths", "C", C);
 169 :       current_statement__ = 44;
 170 :       context__.validate_dims("data initialization", "lengths", "int",
 171 :         std::vector<size_t>{static_cast<size_t>(C)});
 172 :       lengths = std::vector<int>(C, std::numeric_limits<int>::min());
 173 :       current_statement__ = 44;
 174 :       lengths = context__.vals_i("lengths");
 175 :       current_statement__ = 45;
 176 :       stan::math::validate_non_negative_index("trap_pos", "O", O);
 177 :       current_statement__ = 46;
 178 :       context__.validate_dims("data initialization", "trap_pos", "double",
 179 :         std::vector<size_t>{static_cast<size_t>(O), static_cast<size_t>(2)});
 180 :       trap_pos_data__ = Eigen::Matrix<double,-1,-1>::Constant(O, 2,
 181 :                           std::numeric_limits<double>::quiet_NaN());
 182 :       new (&trap_pos)
 183 :         Eigen::Map<Eigen::Matrix<double,-1,-1>>(trap_pos_data__.data(), O, 2);
 184 :       {
 185 :         std::vector<local_scalar_t__> trap_pos_flat__;
 186 :         current_statement__ = 46;
 187 :         trap_pos_flat__ = context__.vals_r("trap_pos");
 188 :         current_statement__ = 46;
 189 :         pos__ = 1;
 190 :         current_statement__ = 46;
 191 :         for (int sym1__ = 1; sym1__ <= 2; ++sym1__) {
 192 :           current_statement__ = 46;
 193 :           for (int sym2__ = 1; sym2__ <= O; ++sym2__) {
 194 :             current_statement__ = 46;
 195 :             stan::model::assign(trap_pos, trap_pos_flat__[(pos__ - 1)],
 196 :               "assigning variable trap_pos", stan::model::index_uni(sym2__),
 197 :               stan::model::index_uni(sym1__));
 198 :             current_statement__ = 46;
 199 :             pos__ = (pos__ + 1);
 200 :           }
 201 :         }
 202 :       }
 203 :       current_statement__ = 47;
 204 :       stan::math::validate_non_negative_index("sample_effort", "O", O);
 205 :       current_statement__ = 48;
 206 :       context__.validate_dims("data initialization", "sample_effort",
 207 :         "double", std::vector<size_t>{static_cast<size_t>(O)});
 208 :       sample_effort_data__ = Eigen::Matrix<double,-1,1>::Constant(O,
 209 :                                std::numeric_limits<double>::quiet_NaN());
 210 :       new (&sample_effort)
 211 :         Eigen::Map<Eigen::Matrix<double,-1,1>>(sample_effort_data__.data(),
 212 :         O);
 213 :       {
 214 :         std::vector<local_scalar_t__> sample_effort_flat__;
 215 :         current_statement__ = 48;
 216 :         sample_effort_flat__ = context__.vals_r("sample_effort");
 217 :         current_statement__ = 48;
 218 :         pos__ = 1;
 219 :         current_statement__ = 48;
 220 :         for (int sym1__ = 1; sym1__ <= O; ++sym1__) {
 221 :           current_statement__ = 48;
 222 :           stan::model::assign(sample_effort, sample_effort_flat__[(pos__ -
 223 :             1)], "assigning variable sample_effort",
 224 :             stan::model::index_uni(sym1__));
 225 :           current_statement__ = 48;
 226 :           pos__ = (pos__ + 1);
 227 :         }
 228 :       }
 229 :       current_statement__ = 49;
 230 :       stan::math::validate_non_negative_index("colony_id", "O", O);
 231 :       current_statement__ = 50;
 232 :       context__.validate_dims("data initialization", "colony_id", "int",
 233 :         std::vector<size_t>{static_cast<size_t>(O)});
 234 :       colony_id = std::vector<int>(O, std::numeric_limits<int>::min());
 235 :       current_statement__ = 50;
 236 :       colony_id = context__.vals_i("colony_id");
 237 :       current_statement__ = 51;
 238 :       stan::math::validate_non_negative_index("trap_id", "O", O);
 239 :       current_statement__ = 52;
 240 :       context__.validate_dims("data initialization", "trap_id", "int",
 241 :         std::vector<size_t>{static_cast<size_t>(O)});
 242 :       trap_id = std::vector<int>(O, std::numeric_limits<int>::min());
 243 :       current_statement__ = 52;
 244 :       trap_id = context__.vals_i("trap_id");
 245 :       current_statement__ = 53;
 246 :       stan::math::validate_non_negative_index("y_obs", "O", O);
 247 :       current_statement__ = 54;
 248 :       context__.validate_dims("data initialization", "y_obs", "int",
 249 :         std::vector<size_t>{static_cast<size_t>(O)});
 250 :       y_obs = std::vector<int>(O, std::numeric_limits<int>::min());
 251 :       current_statement__ = 54;
 252 :       y_obs = context__.vals_i("y_obs");
 253 :       current_statement__ = 55;
 254 :       stan::math::validate_non_negative_index("yn", "O", O);
 255 :       current_statement__ = 56;
 256 :       context__.validate_dims("data initialization", "yn", "double",
 257 :         std::vector<size_t>{static_cast<size_t>(O)});
 258 :       yn_data__ = Eigen::Matrix<double,-1,1>::Constant(O,
 259 :                     std::numeric_limits<double>::quiet_NaN());
 260 :       new (&yn) Eigen::Map<Eigen::Matrix<double,-1,1>>(yn_data__.data(), O);
 261 :       {
 262 :         std::vector<local_scalar_t__> yn_flat__;
 263 :         current_statement__ = 56;
 264 :         yn_flat__ = context__.vals_r("yn");
 265 :         current_statement__ = 56;
 266 :         pos__ = 1;
 267 :         current_statement__ = 56;
 268 :         for (int sym1__ = 1; sym1__ <= O; ++sym1__) {
 269 :           current_statement__ = 56;
 270 :           stan::model::assign(yn, yn_flat__[(pos__ - 1)],
 271 :             "assigning variable yn", stan::model::index_uni(sym1__));
 272 :           current_statement__ = 56;
 273 :           pos__ = (pos__ + 1);
 274 :         }
 275 :       }
 276 :       current_statement__ = 57;
 277 :       context__.validate_dims("data initialization", "upper_y", "double",
 278 :         std::vector<size_t>{});
 279 :       upper_y = std::numeric_limits<double>::quiet_NaN();
 280 :       current_statement__ = 57;
 281 :       upper_y = context__.vals_r("upper_y")[(1 - 1)];
 282 :       current_statement__ = 58;
 283 :       context__.validate_dims("data initialization", "upper_x", "double",
 284 :         std::vector<size_t>{});
 285 :       upper_x = std::numeric_limits<double>::quiet_NaN();
 286 :       current_statement__ = 58;
 287 :       upper_x = context__.vals_r("upper_x")[(1 - 1)];
 288 :       current_statement__ = 59;
 289 :       context__.validate_dims("data initialization", "lower_y", "double",
 290 :         std::vector<size_t>{});
 291 :       lower_y = std::numeric_limits<double>::quiet_NaN();
 292 :       current_statement__ = 59;
 293 :       lower_y = context__.vals_r("lower_y")[(1 - 1)];
 294 :       current_statement__ = 60;
 295 :       context__.validate_dims("data initialization", "lower_x", "double",
 296 :         std::vector<size_t>{});
 297 :       lower_x = std::numeric_limits<double>::quiet_NaN();
 298 :       current_statement__ = 60;
 299 :       lower_x = context__.vals_r("lower_x")[(1 - 1)];
 300 :       current_statement__ = 61;
 301 :       Rmax = std::numeric_limits<double>::quiet_NaN();
 302 :       current_statement__ = 61;
 303 :       Rmax = 2.0;
 304 :       current_statement__ = 62;
 305 :       steepness = std::numeric_limits<double>::quiet_NaN();
 306 :       current_statement__ = 62;
 307 :       steepness = 10;
 308 :       current_statement__ = 63;
 309 :       penalty = std::numeric_limits<double>::quiet_NaN();
 310 :       current_statement__ = 63;
 311 :       penalty = 10;
 312 :       current_statement__ = 64;
 313 :       stan::math::validate_non_negative_index("eps", "K", K);
 314 :       current_statement__ = 65;
 315 :       stan::math::validate_non_negative_index("delta_x", "C", C);
 316 :       current_statement__ = 66;
 317 :       stan::math::validate_non_negative_index("delta_y", "C", C);
 318 :       current_statement__ = 67;
 319 :       stan::math::validate_non_negative_index("eps_scale", "K", K);
 320 :     } catch (const std::exception& e) {
 321 :       stan::lang::rethrow_located(e, locations_array__[current_statement__]);
 322 :     }
 323 :     num_params_r__ = 1 + 1 + 1 + 1 + K + C + C;
 324 :   }
 325 :   inline std::string model_name() const final {
 326 :     return "modelb0ca5575de3a6_";
 327 :   }
 328 :   inline std::vector<std::string> model_compile_info() const noexcept {
 329 :     return std::vector<std::string>{"stanc_version = stanc3 v2.32.2",
 330 :              "stancflags = --"};
 331 :   }
 332 :   template <bool propto__, bool jacobian__, typename VecR, typename VecI,
 333 :             stan::require_vector_like_t<VecR>* = nullptr,
 334 :             stan::require_vector_like_vt<std::is_integral, VecI>* = nullptr>
 335 :   inline stan::scalar_type_t<VecR>
 336 :   log_prob_impl(VecR& params_r__, VecI& params_i__, std::ostream*
 337 :                 pstream__ = nullptr) const {
 338 :     using T__ = stan::scalar_type_t<VecR>;
 339 :     using local_scalar_t__ = T__;
 340 :     T__ lp__(0.0);
 341 :     stan::math::accumulator<T__> lp_accum__;
 342 :     stan::io::deserializer<local_scalar_t__> in__(params_r__, params_i__);
 343 :     int current_statement__ = 0;
 344 :     local_scalar_t__ DUMMY_VAR__(std::numeric_limits<double>::quiet_NaN());
 345 :     // suppress unused var warning
 346 :     (void) DUMMY_VAR__;
 347 :     static constexpr const char* function__ =
 348 :       "modelb0ca5575de3a6__namespace::log_prob";
 349 :     // suppress unused var warning
 350 :     (void) function__;
 351 :     try {
 352 :       local_scalar_t__ rho = DUMMY_VAR__;
 353 :       current_statement__ = 1;
 354 :       rho = in__.template read_constrain_lb<local_scalar_t__, jacobian__>(0,
 355 :               lp__);
 356 :       local_scalar_t__ beta_eff = DUMMY_VAR__;
 357 :       current_statement__ = 2;
 358 :       beta_eff = in__.template read<local_scalar_t__>();
 359 :       local_scalar_t__ alpha = DUMMY_VAR__;
 360 :       current_statement__ = 3;
 361 :       alpha = in__.template read<local_scalar_t__>();
 362 :       local_scalar_t__ sigma = DUMMY_VAR__;
 363 :       current_statement__ = 4;
 364 :       sigma = in__.template read_constrain_lb<local_scalar_t__,
 365 :                 jacobian__>(0, lp__);
 366 :       Eigen::Matrix<local_scalar_t__,-1,1> eps =
 367 :         Eigen::Matrix<local_scalar_t__,-1,1>::Constant(K, DUMMY_VAR__);
 368 :       current_statement__ = 5;
 369 :       eps = in__.template read<Eigen::Matrix<local_scalar_t__,-1,1>>(K);
 370 :       std::vector<local_scalar_t__> delta_x =
 371 :         std::vector<local_scalar_t__>(C, DUMMY_VAR__);
 372 :       current_statement__ = 6;
 373 :       delta_x = in__.template read_constrain_lub<
 374 :                   std::vector<local_scalar_t__>, jacobian__>(lower_x,
 375 :                   upper_x, lp__, C);
 376 :       std::vector<local_scalar_t__> delta_y =
 377 :         std::vector<local_scalar_t__>(C, DUMMY_VAR__);
 378 :       current_statement__ = 7;
 379 :       delta_y = in__.template read_constrain_lub<
 380 :                   std::vector<local_scalar_t__>, jacobian__>(lower_y,
 381 :                   upper_y, lp__, C);
 382 :       local_scalar_t__ sigma_sqrt = DUMMY_VAR__;
 383 :       current_statement__ = 8;
 384 :       sigma_sqrt = stan::math::sqrt(sigma);
 385 :       Eigen::Matrix<local_scalar_t__,-1,1> eps_scale =
 386 :         Eigen::Matrix<local_scalar_t__,-1,1>::Constant(K, DUMMY_VAR__);
 387 :       current_statement__ = 9;
 388 :       stan::model::assign(eps_scale, stan::math::multiply(eps, sigma_sqrt),
 389 :         "assigning variable eps_scale");
 390 :       current_statement__ = 8;
 391 :       stan::math::check_greater_or_equal(function__, "sigma_sqrt",
 392 :         sigma_sqrt, 0);
 393 :       {
 394 :         current_statement__ = 10;
 395 :         lp_accum__.add(stan::math::lognormal_lpdf<propto__>(rho,
 396 :                          stan::math::log(0.5), 0.5));
 397 :         current_statement__ = 11;
 398 :         lp_accum__.add(stan::math::normal_lpdf<propto__>(beta_eff, 0, 1));
 399 :         current_statement__ = 12;
 400 :         lp_accum__.add(stan::math::normal_lpdf<propto__>(alpha, 0, 1));
 401 :         current_statement__ = 13;
 402 :         lp_accum__.add(stan::math::normal_lpdf<propto__>(sigma, 0, 1));
 403 :         current_statement__ = 14;
 404 :         lp_accum__.add(stan::math::normal_lpdf<propto__>(eps, 0, 1));
 405 :         current_statement__ = 37;
 406 :         for (int c = 1; c <= C; ++c) {
 407 :           int start = std::numeric_limits<int>::min();
 408 :           current_statement__ = 15;
 409 :           start = stan::model::rvalue(starts, "starts",
 410 :                     stan::model::index_uni(c));
 411 :           int length = std::numeric_limits<int>::min();
 412 :           current_statement__ = 16;
 413 :           length = stan::model::rvalue(lengths, "lengths",
 414 :                      stan::model::index_uni(c));
 415 :           current_statement__ = 17;
 416 :           stan::math::validate_non_negative_index("y_ik", "length", length);
 417 :           std::vector<int> y_ik =
 418 :             std::vector<int>(length, std::numeric_limits<int>::min());
 419 :           current_statement__ = 18;
 420 :           stan::model::assign(y_ik,
 421 :             stan::model::rvalue(y_obs, "y_obs",
 422 :               stan::model::index_min_max(start, ((start + length) - 1))),
 423 :             "assigning variable y_ik");
 424 :           current_statement__ = 19;
 425 :           stan::math::validate_non_negative_index("yn_ik", "length", length);
 426 :           Eigen::Matrix<local_scalar_t__,-1,1> yn_ik =
 427 :             Eigen::Matrix<local_scalar_t__,-1,1>::Constant(length,
 428 :               DUMMY_VAR__);
 429 :           current_statement__ = 20;
 430 :           stan::model::assign(yn_ik,
 431 :             stan::model::rvalue(yn, "yn",
 432 :               stan::model::index_min_max(start, ((start + length) - 1))),
 433 :             "assigning variable yn_ik");
 434 :           current_statement__ = 21;
 435 :           stan::math::validate_non_negative_index("sample_effort_ik",
 436 :             "length", length);
 437 :           Eigen::Matrix<local_scalar_t__,-1,1> sample_effort_ik =
 438 :             Eigen::Matrix<local_scalar_t__,-1,1>::Constant(length,
 439 :               DUMMY_VAR__);
 440 :           current_statement__ = 22;
 441 :           stan::model::assign(sample_effort_ik,
 442 :             stan::model::rvalue(sample_effort, "sample_effort",
 443 :               stan::model::index_min_max(start, ((start + length) - 1))),
 444 :             "assigning variable sample_effort_ik");
 445 :           current_statement__ = 23;
 446 :           stan::math::validate_non_negative_index("k", "length", length);
 447 :           std::vector<int> k =
 448 :             std::vector<int>(length, std::numeric_limits<int>::min());
 449 :           current_statement__ = 24;
 450 :           stan::model::assign(k,
 451 :             stan::model::rvalue(trap_id, "trap_id",
 452 :               stan::model::index_min_max(start, ((start + length) - 1))),
 453 :             "assigning variable k");
 454 :           int i = std::numeric_limits<int>::min();
 455 :           current_statement__ = 25;
 456 :           i = stan::model::rvalue(colony_id, "colony_id",
 457 :                 stan::model::index_uni(start));
 458 :           current_statement__ = 26;
 459 :           stan::math::validate_non_negative_index("trap_i", "length", length);
 460 :           Eigen::Matrix<local_scalar_t__,-1,-1> trap_i =
 461 :             Eigen::Matrix<local_scalar_t__,-1,-1>::Constant(length, 2,
 462 :               DUMMY_VAR__);
 463 :           current_statement__ = 27;
 464 :           stan::model::assign(trap_i,
 465 :             stan::model::rvalue(trap_pos, "trap_pos",
 466 :               stan::model::index_min_max(start, ((start + length) - 1)),
 467 :               stan::model::index_omni()), "assigning variable trap_i");
 468 :           current_statement__ = 28;
 469 :           stan::math::validate_non_negative_index("dis", "length", length);
 470 :           Eigen::Matrix<local_scalar_t__,-1,1> dis =
 471 :             Eigen::Matrix<local_scalar_t__,-1,1>::Constant(length,
 472 :               DUMMY_VAR__);
 473 :           current_statement__ = 29;
 474 :           stan::model::assign(dis,
 475 :             stan::math::sqrt(
 476 :               stan::math::add(
 477 :                 stan::math::square(
 478 :                   stan::math::subtract(
 479 :                     stan::model::rvalue(delta_x, "delta_x",
 480 :                       stan::model::index_uni(i)),
 481 :                     stan::model::rvalue(trap_i, "trap_i",
 482 :                       stan::model::index_omni(), stan::model::index_uni(1)))),
 483 :                 stan::math::square(
 484 :                   stan::math::subtract(
 485 :                     stan::model::rvalue(delta_y, "delta_y",
 486 :                       stan::model::index_uni(i)),
 487 :                     stan::model::rvalue(trap_i, "trap_i",
 488 :                       stan::model::index_omni(), stan::model::index_uni(2)))))),
 489 :             "assigning variable dis");
 490 :           current_statement__ = 30;
 491 :           stan::math::validate_non_negative_index("lambda_ik", "length",
 492 :             length);
 493 :           Eigen::Matrix<local_scalar_t__,-1,1> lambda_ik =
 494 :             Eigen::Matrix<local_scalar_t__,-1,1>::Constant(length,
 495 :               DUMMY_VAR__);
 496 :           current_statement__ = 31;
 497 :           stan::model::assign(lambda_ik,
 498 :             stan::math::add(
 499 :               stan::math::add(
 500 :                 stan::math::subtract(alpha,
 501 :                   stan::math::multiply(0.5,
 502 :                     stan::math::pow(stan::math::divide(dis, rho), 2))),
 503 :                 stan::math::multiply(beta_eff, sample_effort_ik)),
 504 :               stan::model::rvalue(eps_scale, "eps_scale",
 505 :                 stan::model::index_multi(k))), "assigning variable lambda_ik");
 506 :           current_statement__ = 32;
 507 :           stan::math::validate_non_negative_index("multi_probs", "length",
 508 :             length);
 509 :           Eigen::Matrix<local_scalar_t__,-1,1> multi_probs =
 510 :             Eigen::Matrix<local_scalar_t__,-1,1>::Constant(length,
 511 :               DUMMY_VAR__);
 512 :           current_statement__ = 33;
 513 :           stan::model::assign(multi_probs, stan::math::softmax(lambda_ik),
 514 :             "assigning variable multi_probs");
 515 :           current_statement__ = 34;
 516 :           lp_accum__.add(stan::math::multinomial_lpmf<propto__>(y_ik,
 517 :                            multi_probs));
 518 :           current_statement__ = 35;
 519 :           lp_accum__.add(stan::math::elt_multiply(yn_ik,
 520 :                            stan::math::multiply(-penalty,
 521 :                              stan::math::log1p_exp(
 522 :                                stan::math::multiply(
 523 :                                  stan::math::subtract(dis, Rmax), steepness)))));
 524 :         }
 525 :       }
 526 :     } catch (const std::exception& e) {
 527 :       stan::lang::rethrow_located(e, locations_array__[current_statement__]);
 528 :     }
 529 :     lp_accum__.add(lp__);
 530 :     return lp_accum__.sum();
 531 :   }
 532 :   template <typename RNG, typename VecR, typename VecI, typename VecVar,
 533 :             stan::require_vector_like_vt<std::is_floating_point,
 534 :             VecR>* = nullptr, stan::require_vector_like_vt<std::is_integral,
 535 :             VecI>* = nullptr, stan::require_vector_vt<std::is_floating_point,
 536 :             VecVar>* = nullptr>
 537 :   inline void
 538 :   write_array_impl(RNG& base_rng__, VecR& params_r__, VecI& params_i__,
 539 :                    VecVar& vars__, const bool
 540 :                    emit_transformed_parameters__ = true, const bool
 541 :                    emit_generated_quantities__ = true, std::ostream*
 542 :                    pstream__ = nullptr) const {
 543 :     using local_scalar_t__ = double;
 544 :     stan::io::deserializer<local_scalar_t__> in__(params_r__, params_i__);
 545 :     stan::io::serializer<local_scalar_t__> out__(vars__);
 546 :     static constexpr bool propto__ = true;
 547 :     // suppress unused var warning
 548 :     (void) propto__;
 549 :     double lp__ = 0.0;
 550 :     // suppress unused var warning
 551 :     (void) lp__;
 552 :     int current_statement__ = 0;
 553 :     stan::math::accumulator<double> lp_accum__;
 554 :     local_scalar_t__ DUMMY_VAR__(std::numeric_limits<double>::quiet_NaN());
 555 :     // suppress unused var warning
 556 :     (void) DUMMY_VAR__;
 557 :     constexpr bool jacobian__ = false;
 558 :     static constexpr const char* function__ =
 559 :       "modelb0ca5575de3a6__namespace::write_array";
 560 :     // suppress unused var warning
 561 :     (void) function__;
 562 :     try {
 563 :       double rho = std::numeric_limits<double>::quiet_NaN();
 564 :       current_statement__ = 1;
 565 :       rho = in__.template read_constrain_lb<local_scalar_t__, jacobian__>(0,
 566 :               lp__);
 567 :       double beta_eff = std::numeric_limits<double>::quiet_NaN();
 568 :       current_statement__ = 2;
 569 :       beta_eff = in__.template read<local_scalar_t__>();
 570 :       double alpha = std::numeric_limits<double>::quiet_NaN();
 571 :       current_statement__ = 3;
 572 :       alpha = in__.template read<local_scalar_t__>();
 573 :       double sigma = std::numeric_limits<double>::quiet_NaN();
 574 :       current_statement__ = 4;
 575 :       sigma = in__.template read_constrain_lb<local_scalar_t__,
 576 :                 jacobian__>(0, lp__);
 577 :       Eigen::Matrix<double,-1,1> eps =
 578 :         Eigen::Matrix<double,-1,1>::Constant(K,
 579 :           std::numeric_limits<double>::quiet_NaN());
 580 :       current_statement__ = 5;
 581 :       eps = in__.template read<Eigen::Matrix<local_scalar_t__,-1,1>>(K);
 582 :       std::vector<double> delta_x =
 583 :         std::vector<double>(C, std::numeric_limits<double>::quiet_NaN());
 584 :       current_statement__ = 6;
 585 :       delta_x = in__.template read_constrain_lub<
 586 :                   std::vector<local_scalar_t__>, jacobian__>(lower_x,
 587 :                   upper_x, lp__, C);
 588 :       std::vector<double> delta_y =
 589 :         std::vector<double>(C, std::numeric_limits<double>::quiet_NaN());
 590 :       current_statement__ = 7;
 591 :       delta_y = in__.template read_constrain_lub<
 592 :                   std::vector<local_scalar_t__>, jacobian__>(lower_y,
 593 :                   upper_y, lp__, C);
 594 :       double sigma_sqrt = std::numeric_limits<double>::quiet_NaN();
 595 :       Eigen::Matrix<double,-1,1> eps_scale =
 596 :         Eigen::Matrix<double,-1,1>::Constant(K,
 597 :           std::numeric_limits<double>::quiet_NaN());
 598 :       out__.write(rho);
 599 :       out__.write(beta_eff);
 600 :       out__.write(alpha);
 601 :       out__.write(sigma);
 602 :       out__.write(eps);
 603 :       out__.write(delta_x);
 604 :       out__.write(delta_y);
 605 :       if (stan::math::logical_negation(
 606 :             (stan::math::primitive_value(emit_transformed_parameters__) ||
 607 :             stan::math::primitive_value(emit_generated_quantities__)))) {
 608 :         return ;
 609 :       }
 610 :       current_statement__ = 8;
 611 :       sigma_sqrt = stan::math::sqrt(sigma);
 612 :       current_statement__ = 9;
 613 :       stan::model::assign(eps_scale, stan::math::multiply(eps, sigma_sqrt),
 614 :         "assigning variable eps_scale");
 615 :       current_statement__ = 8;
 616 :       stan::math::check_greater_or_equal(function__, "sigma_sqrt",
 617 :         sigma_sqrt, 0);
 618 :       if (emit_transformed_parameters__) {
 619 :         out__.write(sigma_sqrt);
 620 :         out__.write(eps_scale);
 621 :       }
 622 :       if (stan::math::logical_negation(emit_generated_quantities__)) {
 623 :         return ;
 624 :       }
 625 :     } catch (const std::exception& e) {
 626 :       stan::lang::rethrow_located(e, locations_array__[current_statement__]);
 627 :     }
 628 :   }
 629 :   template <typename VecVar, typename VecI,
 630 :             stan::require_vector_t<VecVar>* = nullptr,
 631 :             stan::require_vector_like_vt<std::is_integral, VecI>* = nullptr>
 632 :   inline void
 633 :   unconstrain_array_impl(const VecVar& params_r__, const VecI& params_i__,
 634 :                          VecVar& vars__, std::ostream* pstream__ = nullptr) const {
 635 :     using local_scalar_t__ = double;
 636 :     stan::io::deserializer<local_scalar_t__> in__(params_r__, params_i__);
 637 :     stan::io::serializer<local_scalar_t__> out__(vars__);
 638 :     int current_statement__ = 0;
 639 :     local_scalar_t__ DUMMY_VAR__(std::numeric_limits<double>::quiet_NaN());
 640 :     // suppress unused var warning
 641 :     (void) DUMMY_VAR__;
 642 :     try {
 643 :       int pos__ = std::numeric_limits<int>::min();
 644 :       pos__ = 1;
 645 :       local_scalar_t__ rho = DUMMY_VAR__;
 646 :       current_statement__ = 1;
 647 :       rho = in__.read<local_scalar_t__>();
 648 :       out__.write_free_lb(0, rho);
 649 :       local_scalar_t__ beta_eff = DUMMY_VAR__;
 650 :       current_statement__ = 2;
 651 :       beta_eff = in__.read<local_scalar_t__>();
 652 :       out__.write(beta_eff);
 653 :       local_scalar_t__ alpha = DUMMY_VAR__;
 654 :       current_statement__ = 3;
 655 :       alpha = in__.read<local_scalar_t__>();
 656 :       out__.write(alpha);
 657 :       local_scalar_t__ sigma = DUMMY_VAR__;
 658 :       current_statement__ = 4;
 659 :       sigma = in__.read<local_scalar_t__>();
 660 :       out__.write_free_lb(0, sigma);
 661 :       Eigen::Matrix<local_scalar_t__,-1,1> eps =
 662 :         Eigen::Matrix<local_scalar_t__,-1,1>::Constant(K, DUMMY_VAR__);
 663 :       current_statement__ = 5;
 664 :       stan::model::assign(eps,
 665 :         in__.read<Eigen::Matrix<local_scalar_t__,-1,1>>(K),
 666 :         "assigning variable eps");
 667 :       out__.write(eps);
 668 :       std::vector<local_scalar_t__> delta_x =
 669 :         std::vector<local_scalar_t__>(C, DUMMY_VAR__);
 670 :       current_statement__ = 6;
 671 :       stan::model::assign(delta_x,
 672 :         in__.read<std::vector<local_scalar_t__>>(C),
 673 :         "assigning variable delta_x");
 674 :       out__.write_free_lub(lower_x, upper_x, delta_x);
 675 :       std::vector<local_scalar_t__> delta_y =
 676 :         std::vector<local_scalar_t__>(C, DUMMY_VAR__);
 677 :       current_statement__ = 7;
 678 :       stan::model::assign(delta_y,
 679 :         in__.read<std::vector<local_scalar_t__>>(C),
 680 :         "assigning variable delta_y");
 681 :       out__.write_free_lub(lower_y, upper_y, delta_y);
 682 :     } catch (const std::exception& e) {
 683 :       stan::lang::rethrow_located(e, locations_array__[current_statement__]);
 684 :     }
 685 :   }
 686 :   template <typename VecVar, stan::require_vector_t<VecVar>* = nullptr>
 687 :   inline void
 688 :   transform_inits_impl(const stan::io::var_context& context__, VecVar&
 689 :                        vars__, std::ostream* pstream__ = nullptr) const {
 690 :     using local_scalar_t__ = double;
 691 :     stan::io::serializer<local_scalar_t__> out__(vars__);
 692 :     int current_statement__ = 0;
 693 :     local_scalar_t__ DUMMY_VAR__(std::numeric_limits<double>::quiet_NaN());
 694 :     // suppress unused var warning
 695 :     (void) DUMMY_VAR__;
 696 :     try {
 697 :       current_statement__ = 1;
 698 :       context__.validate_dims("parameter initialization", "rho", "double",
 699 :         std::vector<size_t>{});
 700 :       current_statement__ = 2;
 701 :       context__.validate_dims("parameter initialization", "beta_eff",
 702 :         "double", std::vector<size_t>{});
 703 :       current_statement__ = 3;
 704 :       context__.validate_dims("parameter initialization", "alpha", "double",
 705 :         std::vector<size_t>{});
 706 :       current_statement__ = 4;
 707 :       context__.validate_dims("parameter initialization", "sigma", "double",
 708 :         std::vector<size_t>{});
 709 :       current_statement__ = 5;
 710 :       context__.validate_dims("parameter initialization", "eps", "double",
 711 :         std::vector<size_t>{static_cast<size_t>(K)});
 712 :       current_statement__ = 6;
 713 :       context__.validate_dims("parameter initialization", "delta_x",
 714 :         "double", std::vector<size_t>{static_cast<size_t>(C)});
 715 :       current_statement__ = 7;
 716 :       context__.validate_dims("parameter initialization", "delta_y",
 717 :         "double", std::vector<size_t>{static_cast<size_t>(C)});
 718 :       int pos__ = std::numeric_limits<int>::min();
 719 :       pos__ = 1;
 720 :       local_scalar_t__ rho = DUMMY_VAR__;
 721 :       current_statement__ = 1;
 722 :       rho = context__.vals_r("rho")[(1 - 1)];
 723 :       out__.write_free_lb(0, rho);
 724 :       local_scalar_t__ beta_eff = DUMMY_VAR__;
 725 :       current_statement__ = 2;
 726 :       beta_eff = context__.vals_r("beta_eff")[(1 - 1)];
 727 :       out__.write(beta_eff);
 728 :       local_scalar_t__ alpha = DUMMY_VAR__;
 729 :       current_statement__ = 3;
 730 :       alpha = context__.vals_r("alpha")[(1 - 1)];
 731 :       out__.write(alpha);
 732 :       local_scalar_t__ sigma = DUMMY_VAR__;
 733 :       current_statement__ = 4;
 734 :       sigma = context__.vals_r("sigma")[(1 - 1)];
 735 :       out__.write_free_lb(0, sigma);
 736 :       Eigen::Matrix<local_scalar_t__,-1,1> eps =
 737 :         Eigen::Matrix<local_scalar_t__,-1,1>::Constant(K, DUMMY_VAR__);
 738 :       {
 739 :         std::vector<local_scalar_t__> eps_flat__;
 740 :         current_statement__ = 5;
 741 :         eps_flat__ = context__.vals_r("eps");
 742 :         current_statement__ = 5;
 743 :         pos__ = 1;
 744 :         current_statement__ = 5;
 745 :         for (int sym1__ = 1; sym1__ <= K; ++sym1__) {
 746 :           current_statement__ = 5;
 747 :           stan::model::assign(eps, eps_flat__[(pos__ - 1)],
 748 :             "assigning variable eps", stan::model::index_uni(sym1__));
 749 :           current_statement__ = 5;
 750 :           pos__ = (pos__ + 1);
 751 :         }
 752 :       }
 753 :       out__.write(eps);
 754 :       std::vector<local_scalar_t__> delta_x =
 755 :         std::vector<local_scalar_t__>(C, DUMMY_VAR__);
 756 :       current_statement__ = 6;
 757 :       delta_x = context__.vals_r("delta_x");
 758 :       out__.write_free_lub(lower_x, upper_x, delta_x);
 759 :       std::vector<local_scalar_t__> delta_y =
 760 :         std::vector<local_scalar_t__>(C, DUMMY_VAR__);
 761 :       current_statement__ = 7;
 762 :       delta_y = context__.vals_r("delta_y");
 763 :       out__.write_free_lub(lower_y, upper_y, delta_y);
 764 :     } catch (const std::exception& e) {
 765 :       stan::lang::rethrow_located(e, locations_array__[current_statement__]);
 766 :     }
 767 :   }
 768 :   inline void
 769 :   get_param_names(std::vector<std::string>& names__, const bool
 770 :                   emit_transformed_parameters__ = true, const bool
 771 :                   emit_generated_quantities__ = true) const {
 772 :     names__ = std::vector<std::string>{"rho", "beta_eff", "alpha", "sigma",
 773 :                 "eps", "delta_x", "delta_y"};
 774 :     if (emit_transformed_parameters__) {
 775 :       std::vector<std::string> temp{"sigma_sqrt", "eps_scale"};
 776 :       names__.reserve(names__.size() + temp.size());
 777 :       names__.insert(names__.end(), temp.begin(), temp.end());
 778 :     }
 779 :     if (emit_generated_quantities__) {}
 780 :   }
 781 :   inline void
 782 :   get_dims(std::vector<std::vector<size_t>>& dimss__, const bool
 783 :            emit_transformed_parameters__ = true, const bool
 784 :            emit_generated_quantities__ = true) const {
 785 :     dimss__ = std::vector<std::vector<size_t>>{std::vector<size_t>{},
 786 :                 std::vector<size_t>{}, std::vector<size_t>{},
 787 :                 std::vector<size_t>{},
 788 :                 std::vector<size_t>{static_cast<size_t>(K)},
 789 :                 std::vector<size_t>{static_cast<size_t>(C)},
 790 :                 std::vector<size_t>{static_cast<size_t>(C)}};
 791 :     if (emit_transformed_parameters__) {
 792 :       std::vector<std::vector<size_t>>
 793 :         temp{std::vector<size_t>{},
 794 :              std::vector<size_t>{static_cast<size_t>(K)}};
 795 :       dimss__.reserve(dimss__.size() + temp.size());
 796 :       dimss__.insert(dimss__.end(), temp.begin(), temp.end());
 797 :     }
 798 :     if (emit_generated_quantities__) {}
 799 :   }
 800 :   inline void
 801 :   constrained_param_names(std::vector<std::string>& param_names__, bool
 802 :                           emit_transformed_parameters__ = true, bool
 803 :                           emit_generated_quantities__ = true) const final {
 804 :     param_names__.emplace_back(std::string() + "rho");
 805 :     param_names__.emplace_back(std::string() + "beta_eff");
 806 :     param_names__.emplace_back(std::string() + "alpha");
 807 :     param_names__.emplace_back(std::string() + "sigma");
 808 :     for (int sym1__ = 1; sym1__ <= K; ++sym1__) {
 809 :       param_names__.emplace_back(std::string() + "eps" + '.' +
 810 :         std::to_string(sym1__));
 811 :     }
 812 :     for (int sym1__ = 1; sym1__ <= C; ++sym1__) {
 813 :       param_names__.emplace_back(std::string() + "delta_x" + '.' +
 814 :         std::to_string(sym1__));
 815 :     }
 816 :     for (int sym1__ = 1; sym1__ <= C; ++sym1__) {
 817 :       param_names__.emplace_back(std::string() + "delta_y" + '.' +
 818 :         std::to_string(sym1__));
 819 :     }
 820 :     if (emit_transformed_parameters__) {
 821 :       param_names__.emplace_back(std::string() + "sigma_sqrt");
 822 :       for (int sym1__ = 1; sym1__ <= K; ++sym1__) {
 823 :         param_names__.emplace_back(std::string() + "eps_scale" + '.' +
 824 :           std::to_string(sym1__));
 825 :       }
 826 :     }
 827 :     if (emit_generated_quantities__) {}
 828 :   }
 829 :   inline void
 830 :   unconstrained_param_names(std::vector<std::string>& param_names__, bool
 831 :                             emit_transformed_parameters__ = true, bool
 832 :                             emit_generated_quantities__ = true) const final {
 833 :     param_names__.emplace_back(std::string() + "rho");
 834 :     param_names__.emplace_back(std::string() + "beta_eff");
 835 :     param_names__.emplace_back(std::string() + "alpha");
 836 :     param_names__.emplace_back(std::string() + "sigma");
 837 :     for (int sym1__ = 1; sym1__ <= K; ++sym1__) {
 838 :       param_names__.emplace_back(std::string() + "eps" + '.' +
 839 :         std::to_string(sym1__));
 840 :     }
 841 :     for (int sym1__ = 1; sym1__ <= C; ++sym1__) {
 842 :       param_names__.emplace_back(std::string() + "delta_x" + '.' +
 843 :         std::to_string(sym1__));
 844 :     }
 845 :     for (int sym1__ = 1; sym1__ <= C; ++sym1__) {
 846 :       param_names__.emplace_back(std::string() + "delta_y" + '.' +
 847 :         std::to_string(sym1__));
 848 :     }
 849 :     if (emit_transformed_parameters__) {
 850 :       param_names__.emplace_back(std::string() + "sigma_sqrt");
 851 :       for (int sym1__ = 1; sym1__ <= K; ++sym1__) {
 852 :         param_names__.emplace_back(std::string() + "eps_scale" + '.' +
 853 :           std::to_string(sym1__));
 854 :       }
 855 :     }
 856 :     if (emit_generated_quantities__) {}
 857 :   }
 858 :   inline std::string get_constrained_sizedtypes() const {
 859 :     return std::string("[{\"name\":\"rho\",\"type\":{\"name\":\"real\"},\"block\":\"parameters\"},{\"name\":\"beta_eff\",\"type\":{\"name\":\"real\"},\"block\":\"parameters\"},{\"name\":\"alpha\",\"type\":{\"name\":\"real\"},\"block\":\"parameters\"},{\"name\":\"sigma\",\"type\":{\"name\":\"real\"},\"block\":\"parameters\"},{\"name\":\"eps\",\"type\":{\"name\":\"vector\",\"length\":" + std::to_string(K) + "},\"block\":\"parameters\"},{\"name\":\"delta_x\",\"type\":{\"name\":\"array\",\"length\":" + std::to_string(C) + ",\"element_type\":{\"name\":\"real\"}},\"block\":\"parameters\"},{\"name\":\"delta_y\",\"type\":{\"name\":\"array\",\"length\":" + std::to_string(C) + ",\"element_type\":{\"name\":\"real\"}},\"block\":\"parameters\"},{\"name\":\"sigma_sqrt\",\"type\":{\"name\":\"real\"},\"block\":\"transformed_parameters\"},{\"name\":\"eps_scale\",\"type\":{\"name\":\"vector\",\"length\":" + std::to_string(K) + "},\"block\":\"transformed_parameters\"}]");
 860 :   }
 861 :   inline std::string get_unconstrained_sizedtypes() const {
 862 :     return std::string("[{\"name\":\"rho\",\"type\":{\"name\":\"real\"},\"block\":\"parameters\"},{\"name\":\"beta_eff\",\"type\":{\"name\":\"real\"},\"block\":\"parameters\"},{\"name\":\"alpha\",\"type\":{\"name\":\"real\"},\"block\":\"parameters\"},{\"name\":\"sigma\",\"type\":{\"name\":\"real\"},\"block\":\"parameters\"},{\"name\":\"eps\",\"type\":{\"name\":\"vector\",\"length\":" + std::to_string(K) + "},\"block\":\"parameters\"},{\"name\":\"delta_x\",\"type\":{\"name\":\"array\",\"length\":" + std::to_string(C) + ",\"element_type\":{\"name\":\"real\"}},\"block\":\"parameters\"},{\"name\":\"delta_y\",\"type\":{\"name\":\"array\",\"length\":" + std::to_string(C) + ",\"element_type\":{\"name\":\"real\"}},\"block\":\"parameters\"},{\"name\":\"sigma_sqrt\",\"type\":{\"name\":\"real\"},\"block\":\"transformed_parameters\"},{\"name\":\"eps_scale\",\"type\":{\"name\":\"vector\",\"length\":" + std::to_string(K) + "},\"block\":\"transformed_parameters\"}]");
 863 :   }
 864 :   // Begin method overload boilerplate
 865 :   template <typename RNG> inline void
 866 :   write_array(RNG& base_rng, Eigen::Matrix<double,-1,1>& params_r,
 867 :               Eigen::Matrix<double,-1,1>& vars, const bool
 868 :               emit_transformed_parameters = true, const bool
 869 :               emit_generated_quantities = true, std::ostream*
 870 :               pstream = nullptr) const {
 871 :     const size_t num_params__ = ((((((1 + 1) + 1) + 1) + K) + C) + C);
 872 :     const size_t num_transformed = emit_transformed_parameters * ((1 + K));
 873 :     const size_t num_gen_quantities = emit_generated_quantities * (0);
 874 :     const size_t num_to_write = num_params__ + num_transformed +
 875 :       num_gen_quantities;
 876 :     std::vector<int> params_i;
 877 :     vars = Eigen::Matrix<double,-1,1>::Constant(num_to_write,
 878 :              std::numeric_limits<double>::quiet_NaN());
 879 :     write_array_impl(base_rng, params_r, params_i, vars,
 880 :       emit_transformed_parameters, emit_generated_quantities, pstream);
 881 :   }
 882 :   template <typename RNG> inline void
 883 :   write_array(RNG& base_rng, std::vector<double>& params_r, std::vector<int>&
 884 :               params_i, std::vector<double>& vars, bool
 885 :               emit_transformed_parameters = true, bool
 886 :               emit_generated_quantities = true, std::ostream*
 887 :               pstream = nullptr) const {
 888 :     const size_t num_params__ = ((((((1 + 1) + 1) + 1) + K) + C) + C);
 889 :     const size_t num_transformed = emit_transformed_parameters * ((1 + K));
 890 :     const size_t num_gen_quantities = emit_generated_quantities * (0);
 891 :     const size_t num_to_write = num_params__ + num_transformed +
 892 :       num_gen_quantities;
 893 :     vars = std::vector<double>(num_to_write,
 894 :              std::numeric_limits<double>::quiet_NaN());
 895 :     write_array_impl(base_rng, params_r, params_i, vars,
 896 :       emit_transformed_parameters, emit_generated_quantities, pstream);
 897 :   }
 898 :   template <bool propto__, bool jacobian__, typename T_> inline T_
 899 :   log_prob(Eigen::Matrix<T_,-1,1>& params_r, std::ostream* pstream = nullptr) const {
 900 :     Eigen::Matrix<int,-1,1> params_i;
 901 :     return log_prob_impl<propto__, jacobian__>(params_r, params_i, pstream);
 902 :   }
 903 :   template <bool propto__, bool jacobian__, typename T_> inline T_
 904 :   log_prob(std::vector<T_>& params_r, std::vector<int>& params_i,
 905 :            std::ostream* pstream = nullptr) const {
 906 :     return log_prob_impl<propto__, jacobian__>(params_r, params_i, pstream);
 907 :   }
 908 :   inline void
 909 :   transform_inits(const stan::io::var_context& context,
 910 :                   Eigen::Matrix<double,-1,1>& params_r, std::ostream*
 911 :                   pstream = nullptr) const final {
 912 :     std::vector<double> params_r_vec(params_r.size());
 913 :     std::vector<int> params_i;
 914 :     transform_inits(context, params_i, params_r_vec, pstream);
 915 :     params_r = Eigen::Map<Eigen::Matrix<double,-1,1>>(params_r_vec.data(),
 916 :                  params_r_vec.size());
 917 :   }
 918 :   inline void
 919 :   transform_inits(const stan::io::var_context& context, std::vector<int>&
 920 :                   params_i, std::vector<double>& vars, std::ostream*
 921 :                   pstream__ = nullptr) const {
 922 :     vars.resize(num_params_r__);
 923 :     transform_inits_impl(context, vars, pstream__);
 924 :   }
 925 :   inline void
 926 :   unconstrain_array(const std::vector<double>& params_constrained,
 927 :                     std::vector<double>& params_unconstrained, std::ostream*
 928 :                     pstream = nullptr) const {
 929 :     const std::vector<int> params_i;
 930 :     params_unconstrained = std::vector<double>(num_params_r__,
 931 :                              std::numeric_limits<double>::quiet_NaN());
 932 :     unconstrain_array_impl(params_constrained, params_i,
 933 :       params_unconstrained, pstream);
 934 :   }
 935 :   inline void
 936 :   unconstrain_array(const Eigen::Matrix<double,-1,1>& params_constrained,
 937 :                     Eigen::Matrix<double,-1,1>& params_unconstrained,
 938 :                     std::ostream* pstream = nullptr) const {
 939 :     const std::vector<int> params_i;
 940 :     params_unconstrained = Eigen::Matrix<double,-1,1>::Constant(num_params_r__,
 941 :                              std::numeric_limits<double>::quiet_NaN());
 942 :     unconstrain_array_impl(params_constrained, params_i,
 943 :       params_unconstrained, pstream);
 944 :   }
 945 : };
 946 : }
 947 : using stan_model = modelb0ca5575de3a6__namespace::modelb0ca5575de3a6_;
 948 : #ifndef USING_R
 949 : // Boilerplate
 950 : stan::model::model_base&
 951 : new_model(stan::io::var_context& data_context, unsigned int seed,
 952 :           std::ostream* msg_stream) {
 953 :   stan_model* m = new stan_model(data_context, seed, msg_stream);
 954 :   return *m;
 955 : }
 956 : stan::math::profile_map& get_stan_profile_data() {
 957 :   return modelb0ca5575de3a6__namespace::profiles__;
 958 : }
 959 : #endif
 960 : #endif
 961 : 
 962 : RCPP_MODULE(stan_fit4modelb0ca5575de3a6__mod) {
 963 :   class_<rstan::stan_fit<stan_model, boost::random::ecuyer1988> >(
 964 :       "stan_fit4modelb0ca5575de3a6_")
 965 : 
 966 :       .constructor<SEXP, SEXP, SEXP>()
 967 : 
 968 :       .method(
 969 :           "call_sampler",
 970 :           &rstan::stan_fit<stan_model, boost::random::ecuyer1988>::call_sampler)
 971 :       .method(
 972 :           "param_names",
 973 :           &rstan::stan_fit<stan_model, boost::random::ecuyer1988>::param_names)
 974 :       .method("param_names_oi",
 975 :               &rstan::stan_fit<stan_model,
 976 :                                boost::random::ecuyer1988>::param_names_oi)
 977 :       .method("param_fnames_oi",
 978 :               &rstan::stan_fit<stan_model,
 979 :                                boost::random::ecuyer1988>::param_fnames_oi)
 980 :       .method(
 981 :           "param_dims",
 982 :           &rstan::stan_fit<stan_model, boost::random::ecuyer1988>::param_dims)
 983 :       .method("param_dims_oi",
 984 :               &rstan::stan_fit<stan_model,
 985 :                                boost::random::ecuyer1988>::param_dims_oi)
 986 :       .method("update_param_oi",
 987 :               &rstan::stan_fit<stan_model,
 988 :                                boost::random::ecuyer1988>::update_param_oi)
 989 :       .method("param_oi_tidx",
 990 :               &rstan::stan_fit<stan_model,
 991 :                                boost::random::ecuyer1988>::param_oi_tidx)
 992 :       .method("grad_log_prob",
 993 :               &rstan::stan_fit<stan_model,
 994 :                                boost::random::ecuyer1988>::grad_log_prob)
 995 :       .method("log_prob",
 996 :               &rstan::stan_fit<stan_model, boost::random::ecuyer1988>::log_prob)
 997 :       .method("unconstrain_pars",
 998 :               &rstan::stan_fit<stan_model,
 999 :                                boost::random::ecuyer1988>::unconstrain_pars)
1000 :       .method("constrain_pars",
1001 :               &rstan::stan_fit<stan_model,
1002 :                                boost::random::ecuyer1988>::constrain_pars)
1003 :       .method(
1004 :           "num_pars_unconstrained",
1005 :           &rstan::stan_fit<stan_model,
1006 :                            boost::random::ecuyer1988>::num_pars_unconstrained)
1007 :       .method(
1008 :           "unconstrained_param_names",
1009 :           &rstan::stan_fit<
1010 :               stan_model, boost::random::ecuyer1988>::unconstrained_param_names)
1011 :       .method(
1012 :           "constrained_param_names",
1013 :           &rstan::stan_fit<stan_model,
1014 :                            boost::random::ecuyer1988>::constrained_param_names)
1015 :       .method("standalone_gqs",
1016 :               &rstan::stan_fit<stan_model,
1017 :                                boost::random::ecuyer1988>::standalone_gqs);
1018 : }
1019 : 
1020 : 
1021 : // declarations
1022 : extern "C" {
1023 : SEXP fileb0ca551fa376( ) ;
1024 : }
1025 : 
1026 : // definition
1027 : SEXP fileb0ca551fa376() {
1028 :  return Rcpp::wrap("anon_model");
1029 : }
make cmd is
  make -f '/cvmfs/soft.computecanada.ca/easybuild/software/2023/x86-64-v4/Compiler/gcccore/r/4.3.1/lib64/R/etc/Makeconf' -f '/cvmfs/soft.computecanada.ca/easybuild/software/2023/x86-64-v4/Compiler/gcccore/r/4.3.1/lib64/R/share/make/shlib.mk' CXX='$(CXX17) $(CXX17STD)' CXXFLAGS='$(CXX17FLAGS)' CXXPICFLAGS='$(CXX17PICFLAGS)' SHLIB_LDFLAGS='$(SHLIB_CXX17LDFLAGS)' SHLIB_LD='$(SHLIB_CXX17LD)' SHLIB='fileb0ca551fa376.so' OBJECTS='fileb0ca551fa376.o'

make would use
g++ -std=gnu++17 -I"/cvmfs/soft.computecanada.ca/easybuild/software/2023/x86-64-v4/Compiler/gcccore/r/4.3.1/lib64/R/include" -DNDEBUG   -I"/home/melanson/R/x86_64-pc-linux-gnu-library/4.3/Rcpp/include/"  -I"/home/melanson/R/x86_64-pc-linux-gnu-library/4.3/RcppEigen/include/"  -I"/home/melanson/R/x86_64-pc-linux-gnu-library/4.3/RcppEigen/include/unsupported"  -I"/home/melanson/R/x86_64-pc-linux-gnu-library/4.3/BH/include" -I"/home/melanson/R/x86_64-pc-linux-gnu-library/4.3/StanHeaders/include/src/"  -I"/home/melanson/R/x86_64-pc-linux-gnu-library/4.3/StanHeaders/include/"  -I"/home/melanson/R/x86_64-pc-linux-gnu-library/4.3/RcppParallel/include/"  -I"/home/melanson/R/x86_64-pc-linux-gnu-library/4.3/rstan/include" -DEIGEN_NO_DEBUG  -DBOOST_DISABLE_ASSERTS  -DBOOST_PENDING_INTEGER_LOG2_HPP  -DSTAN_THREADS  -DUSE_STANC3 -DSTRICT_R_HEADERS  -DBOOST_PHOENIX_NO_VARIADIC_EXPRESSION  -D_HAS_AUTO_PTR_ETC=0  -include '/home/melanson/R/x86_64-pc-linux-gnu-library/4.3/StanHeaders/include/stan/math/prim/fun/Eigen.hpp'  -D_REENTRANT -DRCPP_PARALLEL_USE_TBB=1   -I/cvmfs/soft.computecanada.ca/easybuild/software/2023/x86-64-v3/Core/java/17.0.6/include -I/cvmfs/soft.computecanada.ca/easybuild/software/2023/x86-64-v3/Core/flexiblascore/3.3.1/include -I/cvmfs/soft.computecanada.ca/easybuild/software/2023/x86-64-v3/Core/flexiblascore/3.3.1/include/flexiblas    -fpic  -O2 -ftree-vectorize -march=x86-64-v4 -fno-math-errno  -c fileb0ca551fa376.cpp -o fileb0ca551fa376.o
if test  "zfileb0ca551fa376.o" != "z"; then \
  echo g++ -std=gnu++17 -shared -L"/cvmfs/soft.computecanada.ca/easybuild/software/2023/x86-64-v4/Compiler/gcccore/r/4.3.1/lib64/R/lib"  -o fileb0ca551fa376.so fileb0ca551fa376.o  '/home/melanson/R/x86_64-pc-linux-gnu-library/4.3/rstan/lib//libStanServices.a' -L'/home/melanson/R/x86_64-pc-linux-gnu-library/4.3/StanHeaders/lib/' -lStanHeaders -L'/home/melanson/R/x86_64-pc-linux-gnu-library/4.3/RcppParallel/lib/' -ltbb   -L"/cvmfs/soft.computecanada.ca/easybuild/software/2023/x86-64-v4/Compiler/gcccore/r/4.3.1/lib64/R/lib" -lR; \
  g++ -std=gnu++17 -shared -L"/cvmfs/soft.computecanada.ca/easybuild/software/2023/x86-64-v4/Compiler/gcccore/r/4.3.1/lib64/R/lib"  -o fileb0ca551fa376.so fileb0ca551fa376.o  '/home/melanson/R/x86_64-pc-linux-gnu-library/4.3/rstan/lib//libStanServices.a' -L'/home/melanson/R/x86_64-pc-linux-gnu-library/4.3/StanHeaders/lib/' -lStanHeaders -L'/home/melanson/R/x86_64-pc-linux-gnu-library/4.3/RcppParallel/lib/' -ltbb   -L"/cvmfs/soft.computecanada.ca/easybuild/software/2023/x86-64-v4/Compiler/gcccore/r/4.3.1/lib64/R/lib" -lR; \
fi

CHECKING DATA AND PREPROCESSING FOR MODEL 'anon_model' NOW.

COMPILING MODEL 'anon_model' NOW.

STARTING SAMPLER FOR MODEL 'anon_model' NOW.

CHECKING DATA AND PREPROCESSING FOR MODEL 'anon_model' NOW.

CHECKING DATA AND PREPROCESSING FOR MODEL 'anon_model' NOW.

COMPILING MODEL 'anon_model' NOW.

STARTING SAMPLER FOR MODEL 'anon_model' NOW.

COMPILING MODEL 'anon_model' NOW.

STARTING SAMPLER FOR MODEL 'anon_model' NOW.

CHECKING DATA AND PREPROCESSING FOR MODEL 'anon_model' NOW.

COMPILING MODEL 'anon_model' NOW.

STARTING SAMPLER FOR MODEL 'anon_model' NOW.

CHECKING DATA AND PREPROCESSING FOR MODEL 'anon_model' NOW.


SAMPLINGCOMPILING MODEL ' FOR MODEL 'anon_modelanon_model' NOW.
' NOW (CHAIN 
STARTING SAMPLER FOR MODEL 'anon_model' NOW.
1).

SAMPLING FOR MODEL 'anon_model' NOW (CHAIN 3).

SAMPLING FOR MODEL 'anon_model' NOW (CHAIN 2).

SAMPLING FOR MODEL 'anon_model' NOW (CHAIN 4).
Chain 3: 
Chain 3: Gradient evaluation took 0.050212 seconds
Chain 3: 1000 transitions using 10 leapfrog steps per transition would take 502.12 seconds.
Chain 3: Adjust your expectations accordingly!
Chain 3: 
Chain 3: 
Chain 2: 
Chain 2: Gradient evaluation took 0.048332 seconds
Chain 2: 1000 transitions using 10 leapfrog steps per transition would take 483.32 seconds.
Chain 2: Adjust your expectations accordingly!
Chain 2: 
Chain 2: 
Chain 3: Iteration:    1 / 4000 [  0%]  (Warmup)
Chain 2: Iteration:    1 / 4000 [  0%]  (Warmup)
Chain 4: 
Chain 4: Gradient evaluation took 0.056179 seconds
Chain 4: 1000 transitions using 10 leapfrog steps per transition would take 561.79 seconds.
Chain 4: Adjust your expectations accordingly!
Chain 4: 
Chain 4: 
Chain 1: 
Chain 1: Gradient evaluation took 0.072404 seconds
Chain 1: 1000 transitions using 10 leapfrog steps per transition would take 724.04 seconds.
Chain 1: Adjust your expectations accordingly!
Chain 1: 
Chain 1: 
Chain 4: Iteration:    1 / 4000 [  0%]  (Warmup)
Chain 1: Iteration:    1 / 4000 [  0%]  (Warmup)
Chain 2: Iteration:  400 / 4000 [ 10%]  (Warmup)
Chain 3: Iteration:  400 / 4000 [ 10%]  (Warmup)
Chain 4: Iteration:  400 / 4000 [ 10%]  (Warmup)
Chain 1: Iteration:  400 / 4000 [ 10%]  (Warmup)
Chain 3: Iteration:  800 / 4000 [ 20%]  (Warmup)
Chain 4: Iteration:  800 / 4000 [ 20%]  (Warmup)
Chain 1: Iteration:  800 / 4000 [ 20%]  (Warmup)
Chain 3: Iteration: 1200 / 4000 [ 30%]  (Warmup)
Chain 1: Iteration: 1200 / 4000 [ 30%]  (Warmup)
Chain 4: Iteration: 1200 / 4000 [ 30%]  (Warmup)
Chain 3: Iteration: 1600 / 4000 [ 40%]  (Warmup)
Chain 2: Iteration:  800 / 4000 [ 20%]  (Warmup)
Chain 3: Iteration: 2000 / 4000 [ 50%]  (Warmup)
Chain 3: Iteration: 2001 / 4000 [ 50%]  (Sampling)
Chain 4: Iteration: 1600 / 4000 [ 40%]  (Warmup)
Chain 1: Iteration: 1600 / 4000 [ 40%]  (Warmup)
Chain 3: Iteration: 2400 / 4000 [ 60%]  (Sampling)
Chain 4: Iteration: 2000 / 4000 [ 50%]  (Warmup)
Chain 4: Iteration: 2001 / 4000 [ 50%]  (Sampling)
Chain 2: Iteration: 1200 / 4000 [ 30%]  (Warmup)
Chain 1: Iteration: 2000 / 4000 [ 50%]  (Warmup)
Chain 1: Iteration: 2001 / 4000 [ 50%]  (Sampling)
Chain 3: Iteration: 2800 / 4000 [ 70%]  (Sampling)
Chain 4: Iteration: 2400 / 4000 [ 60%]  (Sampling)
Chain 3: Iteration: 3200 / 4000 [ 80%]  (Sampling)
Chain 2: Iteration: 1600 / 4000 [ 40%]  (Warmup)
Chain 4: Iteration: 2800 / 4000 [ 70%]  (Sampling)
Chain 3: Iteration: 3600 / 4000 [ 90%]  (Sampling)
Chain 1: Iteration: 2400 / 4000 [ 60%]  (Sampling)
Chain 2: Iteration: 2000 / 4000 [ 50%]  (Warmup)
Chain 2: Iteration: 2001 / 4000 [ 50%]  (Sampling)
Chain 4: Iteration: 3200 / 4000 [ 80%]  (Sampling)
Chain 3: Iteration: 4000 / 4000 [100%]  (Sampling)
Chain 3: 
Chain 3:  Elapsed Time: 3570.92 seconds (Warm-up)
Chain 3:                2059.84 seconds (Sampling)
Chain 3:                5630.76 seconds (Total)
Chain 3: 
Chain 2: Iteration: 2400 / 4000 [ 60%]  (Sampling)
Chain 4: Iteration: 3600 / 4000 [ 90%]  (Sampling)
Chain 2: Iteration: 2800 / 4000 [ 70%]  (Sampling)
Chain 4: Iteration: 4000 / 4000 [100%]  (Sampling)
Chain 4: 
Chain 4:  Elapsed Time: 4261.51 seconds (Warm-up)
Chain 4:                2011.91 seconds (Sampling)
Chain 4:                6273.41 seconds (Total)
Chain 4: 
Chain 1: Iteration: 2800 / 4000 [ 70%]  (Sampling)
Chain 2: Iteration: 3200 / 4000 [ 80%]  (Sampling)
Chain 2: Iteration: 3600 / 4000 [ 90%]  (Sampling)
Chain 1: Iteration: 3200 / 4000 [ 80%]  (Sampling)
Chain 2: Iteration: 4000 / 4000 [100%]  (Sampling)
Chain 2: 
Chain 2:  Elapsed Time: 5349.63 seconds (Warm-up)
Chain 2:                1989.52 seconds (Sampling)
Chain 2:                7339.16 seconds (Total)
Chain 2: 
Chain 1: Iteration: 3600 / 4000 [ 90%]  (Sampling)
Chain 1: Iteration: 4000 / 4000 [100%]  (Sampling)
Chain 1: 
Chain 1:  Elapsed Time: 4378.46 seconds (Warm-up)
Chain 1:                4900.48 seconds (Sampling)
Chain 1:                9278.94 seconds (Total)
Chain 1: 
