
TRANSLATING MODEL '' FROM Stan CODE TO C++ CODE NOW.
OS: x86_64, linux-gnu; rstan: 2.32.7; Rcpp: 1.0.14; inline: 0.3.21 
 >> setting environment variables: 
PKG_LIBS =  '/home/melanson/R/x86_64-pc-linux-gnu-library/4.3/rstan/lib//libStanServices.a' -L'/home/melanson/R/x86_64-pc-linux-gnu-library/4.3/StanHeaders/lib/' -lStanHeaders -L'/home/melanson/R/x86_64-pc-linux-gnu-library/4.3/RcppParallel/lib/' -ltbb 
PKG_CPPFLAGS =   -I"/home/melanson/R/x86_64-pc-linux-gnu-library/4.3/Rcpp/include/"  -I"/home/melanson/R/x86_64-pc-linux-gnu-library/4.3/RcppEigen/include/"  -I"/home/melanson/R/x86_64-pc-linux-gnu-library/4.3/RcppEigen/include/unsupported"  -I"/home/melanson/R/x86_64-pc-linux-gnu-library/4.3/BH/include" -I"/home/melanson/R/x86_64-pc-linux-gnu-library/4.3/StanHeaders/include/src/"  -I"/home/melanson/R/x86_64-pc-linux-gnu-library/4.3/StanHeaders/include/"  -I"/home/melanson/R/x86_64-pc-linux-gnu-library/4.3/RcppParallel/include/"  -I"/home/melanson/R/x86_64-pc-linux-gnu-library/4.3/rstan/include" -DEIGEN_NO_DEBUG  -DBOOST_DISABLE_ASSERTS  -DBOOST_PENDING_INTEGER_LOG2_HPP  -DSTAN_THREADS  -DUSE_STANC3 -DSTRICT_R_HEADERS  -DBOOST_PHOENIX_NO_VARIADIC_EXPRESSION  -D_HAS_AUTO_PTR_ETC=0  -include '/home/melanson/R/x86_64-pc-linux-gnu-library/4.3/StanHeaders/include/stan/math/prim/fun/Eigen.hpp'  -D_REENTRANT -DRCPP_PARALLEL_USE_TBB=1 
 >> Program source :

   1 : 
   2 : // includes from the plugin
   3 : // [[Rcpp::plugins(cpp14)]]
   4 : 
   5 : 
   6 : // user includes
   7 : #include <Rcpp.h>
   8 : using namespace Rcpp;
   9 : #ifndef MODELS_HPP
  10 : #define MODELS_HPP
  11 : #define STAN__SERVICES__COMMAND_HPP
  12 : #include <rstan/rstaninc.hpp>
  13 : #ifndef USE_STANC3
  14 : #define USE_STANC3
  15 : #endif
  16 : // Code generated by stanc v2.32.2
  17 : #include <stan/model/model_header.hpp>
  18 : namespace model1f8619465ad63b__namespace {
  19 : using stan::model::model_base_crtp;
  20 : using namespace stan::math;
  21 : stan::math::profile_map profiles__;
  22 : static constexpr std::array<const char*, 66> locations_array__ =
  23 :   {" (found before start of program)",
  24 :   " (in 'anon_model', line 26, column 2 to column 20)",
  25 :   " (in 'anon_model', line 27, column 2 to column 13)",
  26 :   " (in 'anon_model', line 28, column 2 to column 22)",
  27 :   " (in 'anon_model', line 29, column 2 to column 16)",
  28 :   " (in 'anon_model', line 32, column 2 to column 54)",
  29 :   " (in 'anon_model', line 33, column 2 to column 54)",
  30 :   " (in 'anon_model', line 37, column 2 to column 33)",
  31 :   " (in 'anon_model', line 38, column 2 to column 22)",
  32 :   " (in 'anon_model', line 39, column 2 to column 23)",
  33 :   " (in 'anon_model', line 40, column 2 to column 21)",
  34 :   " (in 'anon_model', line 44, column 9 to column 10)",
  35 :   " (in 'anon_model', line 44, column 2 to column 40)",
  36 :   " (in 'anon_model', line 49, column 4 to column 26)",
  37 :   " (in 'anon_model', line 50, column 4 to column 28)",
  38 :   " (in 'anon_model', line 53, column 13 to column 19)",
  39 :   " (in 'anon_model', line 53, column 4 to column 53)",
  40 :   " (in 'anon_model', line 54, column 11 to column 17)",
  41 :   " (in 'anon_model', line 54, column 4 to column 54)",
  42 :   " (in 'anon_model', line 55, column 11 to column 17)",
  43 :   " (in 'anon_model', line 55, column 4 to column 74)",
  44 :   " (in 'anon_model', line 56, column 10 to column 16)",
  45 :   " (in 'anon_model', line 56, column 4 to column 50)",
  46 :   " (in 'anon_model', line 57, column 4 to column 29)",
  47 :   " (in 'anon_model', line 58, column 11 to column 17)",
  48 :   " (in 'anon_model', line 58, column 4 to column 62)",
  49 :   " (in 'anon_model', line 61, column 11 to column 17)",
  50 :   " (in 'anon_model', line 61, column 4 to line 62, column 57)",
  51 :   " (in 'anon_model', line 63, column 11 to column 17)",
  52 :   " (in 'anon_model', line 63, column 4 to column 96)",
  53 :   " (in 'anon_model', line 66, column 11 to column 17)",
  54 :   " (in 'anon_model', line 66, column 4 to column 52)",
  55 :   " (in 'anon_model', line 67, column 4 to column 36)",
  56 :   " (in 'anon_model', line 70, column 4 to column 68)",
  57 :   " (in 'anon_model', line 47, column 17 to line 72, column 5)",
  58 :   " (in 'anon_model', line 47, column 2 to line 72, column 5)",
  59 :   " (in 'anon_model', line 42, column 2 to line 73, column 3)",
  60 :   " (in 'anon_model', line 4, column 2 to column 17)",
  61 :   " (in 'anon_model', line 5, column 2 to column 17)",
  62 :   " (in 'anon_model', line 6, column 2 to column 17)",
  63 :   " (in 'anon_model', line 7, column 13 to column 14)",
  64 :   " (in 'anon_model', line 7, column 2 to column 16)",
  65 :   " (in 'anon_model', line 8, column 14 to column 15)",
  66 :   " (in 'anon_model', line 8, column 2 to column 17)",
  67 :   " (in 'anon_model', line 9, column 9 to column 10)",
  68 :   " (in 'anon_model', line 9, column 2 to column 24)",
  69 :   " (in 'anon_model', line 10, column 9 to column 10)",
  70 :   " (in 'anon_model', line 10, column 2 to column 26)",
  71 :   " (in 'anon_model', line 11, column 16 to column 17)",
  72 :   " (in 'anon_model', line 11, column 2 to column 19)",
  73 :   " (in 'anon_model', line 12, column 14 to column 15)",
  74 :   " (in 'anon_model', line 12, column 2 to column 17)",
  75 :   " (in 'anon_model', line 13, column 12 to column 13)",
  76 :   " (in 'anon_model', line 13, column 2 to column 15)",
  77 :   " (in 'anon_model', line 14, column 9 to column 10)",
  78 :   " (in 'anon_model', line 14, column 2 to column 15)",
  79 :   " (in 'anon_model', line 15, column 2 to column 15)",
  80 :   " (in 'anon_model', line 16, column 2 to column 15)",
  81 :   " (in 'anon_model', line 17, column 2 to column 15)",
  82 :   " (in 'anon_model', line 18, column 2 to column 15)",
  83 :   " (in 'anon_model', line 21, column 2 to column 18)",
  84 :   " (in 'anon_model', line 22, column 2 to column 22)",
  85 :   " (in 'anon_model', line 23, column 2 to column 20)",
  86 :   " (in 'anon_model', line 29, column 9 to column 10)",
  87 :   " (in 'anon_model', line 32, column 8 to column 9)",
  88 :   " (in 'anon_model', line 33, column 8 to column 9)"};
  89 : class model1f8619465ad63b_ final : public model_base_crtp<model1f8619465ad63b_> {
  90 : private:
  91 :   int C;
  92 :   int K;
  93 :   int O;
  94 :   std::vector<int> starts;
  95 :   std::vector<int> lengths;
  96 :   Eigen::Matrix<double,-1,-1> trap_pos_data__;
  97 :   Eigen::Matrix<double,-1,1> sample_effort_data__;
  98 :   std::vector<int> colony_id;
  99 :   std::vector<int> trap_id;
 100 :   std::vector<int> y_obs;
 101 :   Eigen::Matrix<double,-1,1> yn_data__;
 102 :   double upper_y;
 103 :   double upper_x;
 104 :   double lower_y;
 105 :   double lower_x;
 106 :   double Rmax;
 107 :   double steepness;
 108 :   double penalty;
 109 :   Eigen::Map<Eigen::Matrix<double,-1,-1>> trap_pos{nullptr, 0, 0};
 110 :   Eigen::Map<Eigen::Matrix<double,-1,1>> sample_effort{nullptr, 0};
 111 :   Eigen::Map<Eigen::Matrix<double,-1,1>> yn{nullptr, 0};
 112 : public:
 113 :   ~model1f8619465ad63b_() {}
 114 :   model1f8619465ad63b_(stan::io::var_context& context__, unsigned int
 115 :                        random_seed__ = 0, std::ostream* pstream__ = nullptr)
 116 :       : model_base_crtp(0) {
 117 :     int current_statement__ = 0;
 118 :     using local_scalar_t__ = double;
 119 :     boost::ecuyer1988 base_rng__ =
 120 :       stan::services::util::create_rng(random_seed__, 0);
 121 :     // suppress unused var warning
 122 :     (void) base_rng__;
 123 :     static constexpr const char* function__ =
 124 :       "model1f8619465ad63b__namespace::model1f8619465ad63b_";
 125 :     // suppress unused var warning
 126 :     (void) function__;
 127 :     local_scalar_t__ DUMMY_VAR__(std::numeric_limits<double>::quiet_NaN());
 128 :     // suppress unused var warning
 129 :     (void) DUMMY_VAR__;
 130 :     try {
 131 :       int pos__ = std::numeric_limits<int>::min();
 132 :       pos__ = 1;
 133 :       current_statement__ = 37;
 134 :       context__.validate_dims("data initialization", "C", "int",
 135 :         std::vector<size_t>{});
 136 :       C = std::numeric_limits<int>::min();
 137 :       current_statement__ = 37;
 138 :       C = context__.vals_i("C")[(1 - 1)];
 139 :       current_statement__ = 37;
 140 :       stan::math::check_greater_or_equal(function__, "C", C, 1);
 141 :       current_statement__ = 38;
 142 :       context__.validate_dims("data initialization", "K", "int",
 143 :         std::vector<size_t>{});
 144 :       K = std::numeric_limits<int>::min();
 145 :       current_statement__ = 38;
 146 :       K = context__.vals_i("K")[(1 - 1)];
 147 :       current_statement__ = 38;
 148 :       stan::math::check_greater_or_equal(function__, "K", K, 1);
 149 :       current_statement__ = 39;
 150 :       context__.validate_dims("data initialization", "O", "int",
 151 :         std::vector<size_t>{});
 152 :       O = std::numeric_limits<int>::min();
 153 :       current_statement__ = 39;
 154 :       O = context__.vals_i("O")[(1 - 1)];
 155 :       current_statement__ = 39;
 156 :       stan::math::check_greater_or_equal(function__, "O", O, 1);
 157 :       current_statement__ = 40;
 158 :       stan::math::validate_non_negative_index("starts", "C", C);
 159 :       current_statement__ = 41;
 160 :       context__.validate_dims("data initialization", "starts", "int",
 161 :         std::vector<size_t>{static_cast<size_t>(C)});
 162 :       starts = std::vector<int>(C, std::numeric_limits<int>::min());
 163 :       current_statement__ = 41;
 164 :       starts = context__.vals_i("starts");
 165 :       current_statement__ = 42;
 166 :       stan::math::validate_non_negative_index("lengths", "C", C);
 167 :       current_statement__ = 43;
 168 :       context__.validate_dims("data initialization", "lengths", "int",
 169 :         std::vector<size_t>{static_cast<size_t>(C)});
 170 :       lengths = std::vector<int>(C, std::numeric_limits<int>::min());
 171 :       current_statement__ = 43;
 172 :       lengths = context__.vals_i("lengths");
 173 :       current_statement__ = 44;
 174 :       stan::math::validate_non_negative_index("trap_pos", "O", O);
 175 :       current_statement__ = 45;
 176 :       context__.validate_dims("data initialization", "trap_pos", "double",
 177 :         std::vector<size_t>{static_cast<size_t>(O), static_cast<size_t>(2)});
 178 :       trap_pos_data__ = Eigen::Matrix<double,-1,-1>::Constant(O, 2,
 179 :                           std::numeric_limits<double>::quiet_NaN());
 180 :       new (&trap_pos)
 181 :         Eigen::Map<Eigen::Matrix<double,-1,-1>>(trap_pos_data__.data(), O, 2);
 182 :       {
 183 :         std::vector<local_scalar_t__> trap_pos_flat__;
 184 :         current_statement__ = 45;
 185 :         trap_pos_flat__ = context__.vals_r("trap_pos");
 186 :         current_statement__ = 45;
 187 :         pos__ = 1;
 188 :         current_statement__ = 45;
 189 :         for (int sym1__ = 1; sym1__ <= 2; ++sym1__) {
 190 :           current_statement__ = 45;
 191 :           for (int sym2__ = 1; sym2__ <= O; ++sym2__) {
 192 :             current_statement__ = 45;
 193 :             stan::model::assign(trap_pos, trap_pos_flat__[(pos__ - 1)],
 194 :               "assigning variable trap_pos", stan::model::index_uni(sym2__),
 195 :               stan::model::index_uni(sym1__));
 196 :             current_statement__ = 45;
 197 :             pos__ = (pos__ + 1);
 198 :           }
 199 :         }
 200 :       }
 201 :       current_statement__ = 46;
 202 :       stan::math::validate_non_negative_index("sample_effort", "O", O);
 203 :       current_statement__ = 47;
 204 :       context__.validate_dims("data initialization", "sample_effort",
 205 :         "double", std::vector<size_t>{static_cast<size_t>(O)});
 206 :       sample_effort_data__ = Eigen::Matrix<double,-1,1>::Constant(O,
 207 :                                std::numeric_limits<double>::quiet_NaN());
 208 :       new (&sample_effort)
 209 :         Eigen::Map<Eigen::Matrix<double,-1,1>>(sample_effort_data__.data(),
 210 :         O);
 211 :       {
 212 :         std::vector<local_scalar_t__> sample_effort_flat__;
 213 :         current_statement__ = 47;
 214 :         sample_effort_flat__ = context__.vals_r("sample_effort");
 215 :         current_statement__ = 47;
 216 :         pos__ = 1;
 217 :         current_statement__ = 47;
 218 :         for (int sym1__ = 1; sym1__ <= O; ++sym1__) {
 219 :           current_statement__ = 47;
 220 :           stan::model::assign(sample_effort, sample_effort_flat__[(pos__ -
 221 :             1)], "assigning variable sample_effort",
 222 :             stan::model::index_uni(sym1__));
 223 :           current_statement__ = 47;
 224 :           pos__ = (pos__ + 1);
 225 :         }
 226 :       }
 227 :       current_statement__ = 48;
 228 :       stan::math::validate_non_negative_index("colony_id", "O", O);
 229 :       current_statement__ = 49;
 230 :       context__.validate_dims("data initialization", "colony_id", "int",
 231 :         std::vector<size_t>{static_cast<size_t>(O)});
 232 :       colony_id = std::vector<int>(O, std::numeric_limits<int>::min());
 233 :       current_statement__ = 49;
 234 :       colony_id = context__.vals_i("colony_id");
 235 :       current_statement__ = 50;
 236 :       stan::math::validate_non_negative_index("trap_id", "O", O);
 237 :       current_statement__ = 51;
 238 :       context__.validate_dims("data initialization", "trap_id", "int",
 239 :         std::vector<size_t>{static_cast<size_t>(O)});
 240 :       trap_id = std::vector<int>(O, std::numeric_limits<int>::min());
 241 :       current_statement__ = 51;
 242 :       trap_id = context__.vals_i("trap_id");
 243 :       current_statement__ = 52;
 244 :       stan::math::validate_non_negative_index("y_obs", "O", O);
 245 :       current_statement__ = 53;
 246 :       context__.validate_dims("data initialization", "y_obs", "int",
 247 :         std::vector<size_t>{static_cast<size_t>(O)});
 248 :       y_obs = std::vector<int>(O, std::numeric_limits<int>::min());
 249 :       current_statement__ = 53;
 250 :       y_obs = context__.vals_i("y_obs");
 251 :       current_statement__ = 54;
 252 :       stan::math::validate_non_negative_index("yn", "O", O);
 253 :       current_statement__ = 55;
 254 :       context__.validate_dims("data initialization", "yn", "double",
 255 :         std::vector<size_t>{static_cast<size_t>(O)});
 256 :       yn_data__ = Eigen::Matrix<double,-1,1>::Constant(O,
 257 :                     std::numeric_limits<double>::quiet_NaN());
 258 :       new (&yn) Eigen::Map<Eigen::Matrix<double,-1,1>>(yn_data__.data(), O);
 259 :       {
 260 :         std::vector<local_scalar_t__> yn_flat__;
 261 :         current_statement__ = 55;
 262 :         yn_flat__ = context__.vals_r("yn");
 263 :         current_statement__ = 55;
 264 :         pos__ = 1;
 265 :         current_statement__ = 55;
 266 :         for (int sym1__ = 1; sym1__ <= O; ++sym1__) {
 267 :           current_statement__ = 55;
 268 :           stan::model::assign(yn, yn_flat__[(pos__ - 1)],
 269 :             "assigning variable yn", stan::model::index_uni(sym1__));
 270 :           current_statement__ = 55;
 271 :           pos__ = (pos__ + 1);
 272 :         }
 273 :       }
 274 :       current_statement__ = 56;
 275 :       context__.validate_dims("data initialization", "upper_y", "double",
 276 :         std::vector<size_t>{});
 277 :       upper_y = std::numeric_limits<double>::quiet_NaN();
 278 :       current_statement__ = 56;
 279 :       upper_y = context__.vals_r("upper_y")[(1 - 1)];
 280 :       current_statement__ = 57;
 281 :       context__.validate_dims("data initialization", "upper_x", "double",
 282 :         std::vector<size_t>{});
 283 :       upper_x = std::numeric_limits<double>::quiet_NaN();
 284 :       current_statement__ = 57;
 285 :       upper_x = context__.vals_r("upper_x")[(1 - 1)];
 286 :       current_statement__ = 58;
 287 :       context__.validate_dims("data initialization", "lower_y", "double",
 288 :         std::vector<size_t>{});
 289 :       lower_y = std::numeric_limits<double>::quiet_NaN();
 290 :       current_statement__ = 58;
 291 :       lower_y = context__.vals_r("lower_y")[(1 - 1)];
 292 :       current_statement__ = 59;
 293 :       context__.validate_dims("data initialization", "lower_x", "double",
 294 :         std::vector<size_t>{});
 295 :       lower_x = std::numeric_limits<double>::quiet_NaN();
 296 :       current_statement__ = 59;
 297 :       lower_x = context__.vals_r("lower_x")[(1 - 1)];
 298 :       current_statement__ = 60;
 299 :       Rmax = std::numeric_limits<double>::quiet_NaN();
 300 :       current_statement__ = 60;
 301 :       Rmax = 2.0;
 302 :       current_statement__ = 61;
 303 :       steepness = std::numeric_limits<double>::quiet_NaN();
 304 :       current_statement__ = 61;
 305 :       steepness = 10;
 306 :       current_statement__ = 62;
 307 :       penalty = std::numeric_limits<double>::quiet_NaN();
 308 :       current_statement__ = 62;
 309 :       penalty = 10;
 310 :       current_statement__ = 63;
 311 :       stan::math::validate_non_negative_index("eps", "K", K);
 312 :       current_statement__ = 64;
 313 :       stan::math::validate_non_negative_index("delta_x", "C", C);
 314 :       current_statement__ = 65;
 315 :       stan::math::validate_non_negative_index("delta_y", "C", C);
 316 :     } catch (const std::exception& e) {
 317 :       stan::lang::rethrow_located(e, locations_array__[current_statement__]);
 318 :     }
 319 :     num_params_r__ = 1 + 1 + 1 + K + C + C;
 320 :   }
 321 :   inline std::string model_name() const final {
 322 :     return "model1f8619465ad63b_";
 323 :   }
 324 :   inline std::vector<std::string> model_compile_info() const noexcept {
 325 :     return std::vector<std::string>{"stanc_version = stanc3 v2.32.2",
 326 :              "stancflags = --"};
 327 :   }
 328 :   template <bool propto__, bool jacobian__, typename VecR, typename VecI,
 329 :             stan::require_vector_like_t<VecR>* = nullptr,
 330 :             stan::require_vector_like_vt<std::is_integral, VecI>* = nullptr>
 331 :   inline stan::scalar_type_t<VecR>
 332 :   log_prob_impl(VecR& params_r__, VecI& params_i__, std::ostream*
 333 :                 pstream__ = nullptr) const {
 334 :     using T__ = stan::scalar_type_t<VecR>;
 335 :     using local_scalar_t__ = T__;
 336 :     T__ lp__(0.0);
 337 :     stan::math::accumulator<T__> lp_accum__;
 338 :     stan::io::deserializer<local_scalar_t__> in__(params_r__, params_i__);
 339 :     int current_statement__ = 0;
 340 :     local_scalar_t__ DUMMY_VAR__(std::numeric_limits<double>::quiet_NaN());
 341 :     // suppress unused var warning
 342 :     (void) DUMMY_VAR__;
 343 :     static constexpr const char* function__ =
 344 :       "model1f8619465ad63b__namespace::log_prob";
 345 :     // suppress unused var warning
 346 :     (void) function__;
 347 :     try {
 348 :       local_scalar_t__ rho = DUMMY_VAR__;
 349 :       current_statement__ = 1;
 350 :       rho = in__.template read_constrain_lb<local_scalar_t__, jacobian__>(0,
 351 :               lp__);
 352 :       local_scalar_t__ alpha = DUMMY_VAR__;
 353 :       current_statement__ = 2;
 354 :       alpha = in__.template read<local_scalar_t__>();
 355 :       local_scalar_t__ sigma = DUMMY_VAR__;
 356 :       current_statement__ = 3;
 357 :       sigma = in__.template read_constrain_lb<local_scalar_t__,
 358 :                 jacobian__>(0, lp__);
 359 :       Eigen::Matrix<local_scalar_t__,-1,1> eps =
 360 :         Eigen::Matrix<local_scalar_t__,-1,1>::Constant(K, DUMMY_VAR__);
 361 :       current_statement__ = 4;
 362 :       eps = in__.template read<Eigen::Matrix<local_scalar_t__,-1,1>>(K);
 363 :       std::vector<local_scalar_t__> delta_x =
 364 :         std::vector<local_scalar_t__>(C, DUMMY_VAR__);
 365 :       current_statement__ = 5;
 366 :       delta_x = in__.template read_constrain_lub<
 367 :                   std::vector<local_scalar_t__>, jacobian__>(lower_x,
 368 :                   upper_x, lp__, C);
 369 :       std::vector<local_scalar_t__> delta_y =
 370 :         std::vector<local_scalar_t__>(C, DUMMY_VAR__);
 371 :       current_statement__ = 6;
 372 :       delta_y = in__.template read_constrain_lub<
 373 :                   std::vector<local_scalar_t__>, jacobian__>(lower_y,
 374 :                   upper_y, lp__, C);
 375 :       {
 376 :         current_statement__ = 7;
 377 :         lp_accum__.add(stan::math::lognormal_lpdf<propto__>(rho,
 378 :                          stan::math::log(0.5), 0.5));
 379 :         current_statement__ = 8;
 380 :         lp_accum__.add(stan::math::normal_lpdf<propto__>(alpha, 0, 1));
 381 :         current_statement__ = 9;
 382 :         lp_accum__.add(stan::math::normal_lpdf<propto__>(sigma, 0, 1));
 383 :         current_statement__ = 10;
 384 :         lp_accum__.add(stan::math::normal_lpdf<propto__>(eps, 0, 1));
 385 :         {
 386 :           current_statement__ = 11;
 387 :           stan::math::validate_non_negative_index("eps_scale", "K", K);
 388 :           Eigen::Matrix<local_scalar_t__,-1,1> eps_scale =
 389 :             Eigen::Matrix<local_scalar_t__,-1,1>::Constant(K, DUMMY_VAR__);
 390 :           current_statement__ = 12;
 391 :           stan::model::assign(eps_scale,
 392 :             stan::math::multiply(eps, stan::math::sqrt(sigma)),
 393 :             "assigning variable eps_scale");
 394 :           current_statement__ = 35;
 395 :           for (int c = 1; c <= C; ++c) {
 396 :             int start = std::numeric_limits<int>::min();
 397 :             current_statement__ = 13;
 398 :             start = stan::model::rvalue(starts, "starts",
 399 :                       stan::model::index_uni(c));
 400 :             int length = std::numeric_limits<int>::min();
 401 :             current_statement__ = 14;
 402 :             length = stan::model::rvalue(lengths, "lengths",
 403 :                        stan::model::index_uni(c));
 404 :             current_statement__ = 15;
 405 :             stan::math::validate_non_negative_index("y_ik", "length", length);
 406 :             std::vector<int> y_ik =
 407 :               std::vector<int>(length, std::numeric_limits<int>::min());
 408 :             current_statement__ = 16;
 409 :             stan::model::assign(y_ik,
 410 :               stan::model::rvalue(y_obs, "y_obs",
 411 :                 stan::model::index_min_max(start, ((start + length) - 1))),
 412 :               "assigning variable y_ik");
 413 :             current_statement__ = 17;
 414 :             stan::math::validate_non_negative_index("yn_ik", "length", length);
 415 :             Eigen::Matrix<local_scalar_t__,-1,1> yn_ik =
 416 :               Eigen::Matrix<local_scalar_t__,-1,1>::Constant(length,
 417 :                 DUMMY_VAR__);
 418 :             current_statement__ = 18;
 419 :             stan::model::assign(yn_ik,
 420 :               stan::model::rvalue(yn, "yn",
 421 :                 stan::model::index_min_max(start, ((start + length) - 1))),
 422 :               "assigning variable yn_ik");
 423 :             current_statement__ = 19;
 424 :             stan::math::validate_non_negative_index("sample_effort_ik",
 425 :               "length", length);
 426 :             Eigen::Matrix<local_scalar_t__,-1,1> sample_effort_ik =
 427 :               Eigen::Matrix<local_scalar_t__,-1,1>::Constant(length,
 428 :                 DUMMY_VAR__);
 429 :             current_statement__ = 20;
 430 :             stan::model::assign(sample_effort_ik,
 431 :               stan::model::rvalue(sample_effort, "sample_effort",
 432 :                 stan::model::index_min_max(start, ((start + length) - 1))),
 433 :               "assigning variable sample_effort_ik");
 434 :             current_statement__ = 21;
 435 :             stan::math::validate_non_negative_index("k", "length", length);
 436 :             std::vector<int> k =
 437 :               std::vector<int>(length, std::numeric_limits<int>::min());
 438 :             current_statement__ = 22;
 439 :             stan::model::assign(k,
 440 :               stan::model::rvalue(trap_id, "trap_id",
 441 :                 stan::model::index_min_max(start, ((start + length) - 1))),
 442 :               "assigning variable k");
 443 :             int i = std::numeric_limits<int>::min();
 444 :             current_statement__ = 23;
 445 :             i = stan::model::rvalue(colony_id, "colony_id",
 446 :                   stan::model::index_uni(start));
 447 :             current_statement__ = 24;
 448 :             stan::math::validate_non_negative_index("trap_i", "length",
 449 :               length);
 450 :             Eigen::Matrix<local_scalar_t__,-1,-1> trap_i =
 451 :               Eigen::Matrix<local_scalar_t__,-1,-1>::Constant(length, 2,
 452 :                 DUMMY_VAR__);
 453 :             current_statement__ = 25;
 454 :             stan::model::assign(trap_i,
 455 :               stan::model::rvalue(trap_pos, "trap_pos",
 456 :                 stan::model::index_min_max(start, ((start + length) - 1)),
 457 :                 stan::model::index_omni()), "assigning variable trap_i");
 458 :             current_statement__ = 26;
 459 :             stan::math::validate_non_negative_index("dis", "length", length);
 460 :             Eigen::Matrix<local_scalar_t__,-1,1> dis =
 461 :               Eigen::Matrix<local_scalar_t__,-1,1>::Constant(length,
 462 :                 DUMMY_VAR__);
 463 :             current_statement__ = 27;
 464 :             stan::model::assign(dis,
 465 :               stan::math::sqrt(
 466 :                 stan::math::add(
 467 :                   stan::math::square(
 468 :                     stan::math::subtract(
 469 :                       stan::model::rvalue(delta_x, "delta_x",
 470 :                         stan::model::index_uni(i)),
 471 :                       stan::model::rvalue(trap_i, "trap_i",
 472 :                         stan::model::index_omni(), stan::model::index_uni(1)))),
 473 :                   stan::math::square(
 474 :                     stan::math::subtract(
 475 :                       stan::model::rvalue(delta_y, "delta_y",
 476 :                         stan::model::index_uni(i)),
 477 :                       stan::model::rvalue(trap_i, "trap_i",
 478 :                         stan::model::index_omni(), stan::model::index_uni(2)))))),
 479 :               "assigning variable dis");
 480 :             current_statement__ = 28;
 481 :             stan::math::validate_non_negative_index("lambda_ik", "length",
 482 :               length);
 483 :             Eigen::Matrix<local_scalar_t__,-1,1> lambda_ik =
 484 :               Eigen::Matrix<local_scalar_t__,-1,1>::Constant(length,
 485 :                 DUMMY_VAR__);
 486 :             current_statement__ = 29;
 487 :             stan::model::assign(lambda_ik,
 488 :               stan::math::add(
 489 :                 stan::math::add(
 490 :                   stan::math::subtract(alpha,
 491 :                     stan::math::multiply(0.5,
 492 :                       stan::math::pow(stan::math::divide(dis, rho), 2))),
 493 :                   stan::model::rvalue(eps_scale, "eps_scale",
 494 :                     stan::model::index_multi(k))),
 495 :                 stan::math::log(sample_effort_ik)),
 496 :               "assigning variable lambda_ik");
 497 :             current_statement__ = 30;
 498 :             stan::math::validate_non_negative_index("multi_probs", "length",
 499 :               length);
 500 :             Eigen::Matrix<local_scalar_t__,-1,1> multi_probs =
 501 :               Eigen::Matrix<local_scalar_t__,-1,1>::Constant(length,
 502 :                 DUMMY_VAR__);
 503 :             current_statement__ = 31;
 504 :             stan::model::assign(multi_probs, stan::math::softmax(lambda_ik),
 505 :               "assigning variable multi_probs");
 506 :             current_statement__ = 32;
 507 :             lp_accum__.add(stan::math::multinomial_lpmf<propto__>(y_ik,
 508 :                              multi_probs));
 509 :             current_statement__ = 33;
 510 :             lp_accum__.add(stan::math::elt_multiply(yn_ik,
 511 :                              stan::math::multiply(-penalty,
 512 :                                stan::math::log1p_exp(
 513 :                                  stan::math::multiply(
 514 :                                    stan::math::subtract(dis, Rmax), steepness)))));
 515 :           }
 516 :         }
 517 :       }
 518 :     } catch (const std::exception& e) {
 519 :       stan::lang::rethrow_located(e, locations_array__[current_statement__]);
 520 :     }
 521 :     lp_accum__.add(lp__);
 522 :     return lp_accum__.sum();
 523 :   }
 524 :   template <typename RNG, typename VecR, typename VecI, typename VecVar,
 525 :             stan::require_vector_like_vt<std::is_floating_point,
 526 :             VecR>* = nullptr, stan::require_vector_like_vt<std::is_integral,
 527 :             VecI>* = nullptr, stan::require_vector_vt<std::is_floating_point,
 528 :             VecVar>* = nullptr>
 529 :   inline void
 530 :   write_array_impl(RNG& base_rng__, VecR& params_r__, VecI& params_i__,
 531 :                    VecVar& vars__, const bool
 532 :                    emit_transformed_parameters__ = true, const bool
 533 :                    emit_generated_quantities__ = true, std::ostream*
 534 :                    pstream__ = nullptr) const {
 535 :     using local_scalar_t__ = double;
 536 :     stan::io::deserializer<local_scalar_t__> in__(params_r__, params_i__);
 537 :     stan::io::serializer<local_scalar_t__> out__(vars__);
 538 :     static constexpr bool propto__ = true;
 539 :     // suppress unused var warning
 540 :     (void) propto__;
 541 :     double lp__ = 0.0;
 542 :     // suppress unused var warning
 543 :     (void) lp__;
 544 :     int current_statement__ = 0;
 545 :     stan::math::accumulator<double> lp_accum__;
 546 :     local_scalar_t__ DUMMY_VAR__(std::numeric_limits<double>::quiet_NaN());
 547 :     // suppress unused var warning
 548 :     (void) DUMMY_VAR__;
 549 :     constexpr bool jacobian__ = false;
 550 :     static constexpr const char* function__ =
 551 :       "model1f8619465ad63b__namespace::write_array";
 552 :     // suppress unused var warning
 553 :     (void) function__;
 554 :     try {
 555 :       double rho = std::numeric_limits<double>::quiet_NaN();
 556 :       current_statement__ = 1;
 557 :       rho = in__.template read_constrain_lb<local_scalar_t__, jacobian__>(0,
 558 :               lp__);
 559 :       double alpha = std::numeric_limits<double>::quiet_NaN();
 560 :       current_statement__ = 2;
 561 :       alpha = in__.template read<local_scalar_t__>();
 562 :       double sigma = std::numeric_limits<double>::quiet_NaN();
 563 :       current_statement__ = 3;
 564 :       sigma = in__.template read_constrain_lb<local_scalar_t__,
 565 :                 jacobian__>(0, lp__);
 566 :       Eigen::Matrix<double,-1,1> eps =
 567 :         Eigen::Matrix<double,-1,1>::Constant(K,
 568 :           std::numeric_limits<double>::quiet_NaN());
 569 :       current_statement__ = 4;
 570 :       eps = in__.template read<Eigen::Matrix<local_scalar_t__,-1,1>>(K);
 571 :       std::vector<double> delta_x =
 572 :         std::vector<double>(C, std::numeric_limits<double>::quiet_NaN());
 573 :       current_statement__ = 5;
 574 :       delta_x = in__.template read_constrain_lub<
 575 :                   std::vector<local_scalar_t__>, jacobian__>(lower_x,
 576 :                   upper_x, lp__, C);
 577 :       std::vector<double> delta_y =
 578 :         std::vector<double>(C, std::numeric_limits<double>::quiet_NaN());
 579 :       current_statement__ = 6;
 580 :       delta_y = in__.template read_constrain_lub<
 581 :                   std::vector<local_scalar_t__>, jacobian__>(lower_y,
 582 :                   upper_y, lp__, C);
 583 :       out__.write(rho);
 584 :       out__.write(alpha);
 585 :       out__.write(sigma);
 586 :       out__.write(eps);
 587 :       out__.write(delta_x);
 588 :       out__.write(delta_y);
 589 :       if (stan::math::logical_negation(
 590 :             (stan::math::primitive_value(emit_transformed_parameters__) ||
 591 :             stan::math::primitive_value(emit_generated_quantities__)))) {
 592 :         return ;
 593 :       }
 594 :       if (stan::math::logical_negation(emit_generated_quantities__)) {
 595 :         return ;
 596 :       }
 597 :     } catch (const std::exception& e) {
 598 :       stan::lang::rethrow_located(e, locations_array__[current_statement__]);
 599 :     }
 600 :   }
 601 :   template <typename VecVar, typename VecI,
 602 :             stan::require_vector_t<VecVar>* = nullptr,
 603 :             stan::require_vector_like_vt<std::is_integral, VecI>* = nullptr>
 604 :   inline void
 605 :   unconstrain_array_impl(const VecVar& params_r__, const VecI& params_i__,
 606 :                          VecVar& vars__, std::ostream* pstream__ = nullptr) const {
 607 :     using local_scalar_t__ = double;
 608 :     stan::io::deserializer<local_scalar_t__> in__(params_r__, params_i__);
 609 :     stan::io::serializer<local_scalar_t__> out__(vars__);
 610 :     int current_statement__ = 0;
 611 :     local_scalar_t__ DUMMY_VAR__(std::numeric_limits<double>::quiet_NaN());
 612 :     // suppress unused var warning
 613 :     (void) DUMMY_VAR__;
 614 :     try {
 615 :       int pos__ = std::numeric_limits<int>::min();
 616 :       pos__ = 1;
 617 :       local_scalar_t__ rho = DUMMY_VAR__;
 618 :       current_statement__ = 1;
 619 :       rho = in__.read<local_scalar_t__>();
 620 :       out__.write_free_lb(0, rho);
 621 :       local_scalar_t__ alpha = DUMMY_VAR__;
 622 :       current_statement__ = 2;
 623 :       alpha = in__.read<local_scalar_t__>();
 624 :       out__.write(alpha);
 625 :       local_scalar_t__ sigma = DUMMY_VAR__;
 626 :       current_statement__ = 3;
 627 :       sigma = in__.read<local_scalar_t__>();
 628 :       out__.write_free_lb(0, sigma);
 629 :       Eigen::Matrix<local_scalar_t__,-1,1> eps =
 630 :         Eigen::Matrix<local_scalar_t__,-1,1>::Constant(K, DUMMY_VAR__);
 631 :       current_statement__ = 4;
 632 :       stan::model::assign(eps,
 633 :         in__.read<Eigen::Matrix<local_scalar_t__,-1,1>>(K),
 634 :         "assigning variable eps");
 635 :       out__.write(eps);
 636 :       std::vector<local_scalar_t__> delta_x =
 637 :         std::vector<local_scalar_t__>(C, DUMMY_VAR__);
 638 :       current_statement__ = 5;
 639 :       stan::model::assign(delta_x,
 640 :         in__.read<std::vector<local_scalar_t__>>(C),
 641 :         "assigning variable delta_x");
 642 :       out__.write_free_lub(lower_x, upper_x, delta_x);
 643 :       std::vector<local_scalar_t__> delta_y =
 644 :         std::vector<local_scalar_t__>(C, DUMMY_VAR__);
 645 :       current_statement__ = 6;
 646 :       stan::model::assign(delta_y,
 647 :         in__.read<std::vector<local_scalar_t__>>(C),
 648 :         "assigning variable delta_y");
 649 :       out__.write_free_lub(lower_y, upper_y, delta_y);
 650 :     } catch (const std::exception& e) {
 651 :       stan::lang::rethrow_located(e, locations_array__[current_statement__]);
 652 :     }
 653 :   }
 654 :   template <typename VecVar, stan::require_vector_t<VecVar>* = nullptr>
 655 :   inline void
 656 :   transform_inits_impl(const stan::io::var_context& context__, VecVar&
 657 :                        vars__, std::ostream* pstream__ = nullptr) const {
 658 :     using local_scalar_t__ = double;
 659 :     stan::io::serializer<local_scalar_t__> out__(vars__);
 660 :     int current_statement__ = 0;
 661 :     local_scalar_t__ DUMMY_VAR__(std::numeric_limits<double>::quiet_NaN());
 662 :     // suppress unused var warning
 663 :     (void) DUMMY_VAR__;
 664 :     try {
 665 :       current_statement__ = 1;
 666 :       context__.validate_dims("parameter initialization", "rho", "double",
 667 :         std::vector<size_t>{});
 668 :       current_statement__ = 2;
 669 :       context__.validate_dims("parameter initialization", "alpha", "double",
 670 :         std::vector<size_t>{});
 671 :       current_statement__ = 3;
 672 :       context__.validate_dims("parameter initialization", "sigma", "double",
 673 :         std::vector<size_t>{});
 674 :       current_statement__ = 4;
 675 :       context__.validate_dims("parameter initialization", "eps", "double",
 676 :         std::vector<size_t>{static_cast<size_t>(K)});
 677 :       current_statement__ = 5;
 678 :       context__.validate_dims("parameter initialization", "delta_x",
 679 :         "double", std::vector<size_t>{static_cast<size_t>(C)});
 680 :       current_statement__ = 6;
 681 :       context__.validate_dims("parameter initialization", "delta_y",
 682 :         "double", std::vector<size_t>{static_cast<size_t>(C)});
 683 :       int pos__ = std::numeric_limits<int>::min();
 684 :       pos__ = 1;
 685 :       local_scalar_t__ rho = DUMMY_VAR__;
 686 :       current_statement__ = 1;
 687 :       rho = context__.vals_r("rho")[(1 - 1)];
 688 :       out__.write_free_lb(0, rho);
 689 :       local_scalar_t__ alpha = DUMMY_VAR__;
 690 :       current_statement__ = 2;
 691 :       alpha = context__.vals_r("alpha")[(1 - 1)];
 692 :       out__.write(alpha);
 693 :       local_scalar_t__ sigma = DUMMY_VAR__;
 694 :       current_statement__ = 3;
 695 :       sigma = context__.vals_r("sigma")[(1 - 1)];
 696 :       out__.write_free_lb(0, sigma);
 697 :       Eigen::Matrix<local_scalar_t__,-1,1> eps =
 698 :         Eigen::Matrix<local_scalar_t__,-1,1>::Constant(K, DUMMY_VAR__);
 699 :       {
 700 :         std::vector<local_scalar_t__> eps_flat__;
 701 :         current_statement__ = 4;
 702 :         eps_flat__ = context__.vals_r("eps");
 703 :         current_statement__ = 4;
 704 :         pos__ = 1;
 705 :         current_statement__ = 4;
 706 :         for (int sym1__ = 1; sym1__ <= K; ++sym1__) {
 707 :           current_statement__ = 4;
 708 :           stan::model::assign(eps, eps_flat__[(pos__ - 1)],
 709 :             "assigning variable eps", stan::model::index_uni(sym1__));
 710 :           current_statement__ = 4;
 711 :           pos__ = (pos__ + 1);
 712 :         }
 713 :       }
 714 :       out__.write(eps);
 715 :       std::vector<local_scalar_t__> delta_x =
 716 :         std::vector<local_scalar_t__>(C, DUMMY_VAR__);
 717 :       current_statement__ = 5;
 718 :       delta_x = context__.vals_r("delta_x");
 719 :       out__.write_free_lub(lower_x, upper_x, delta_x);
 720 :       std::vector<local_scalar_t__> delta_y =
 721 :         std::vector<local_scalar_t__>(C, DUMMY_VAR__);
 722 :       current_statement__ = 6;
 723 :       delta_y = context__.vals_r("delta_y");
 724 :       out__.write_free_lub(lower_y, upper_y, delta_y);
 725 :     } catch (const std::exception& e) {
 726 :       stan::lang::rethrow_located(e, locations_array__[current_statement__]);
 727 :     }
 728 :   }
 729 :   inline void
 730 :   get_param_names(std::vector<std::string>& names__, const bool
 731 :                   emit_transformed_parameters__ = true, const bool
 732 :                   emit_generated_quantities__ = true) const {
 733 :     names__ = std::vector<std::string>{"rho", "alpha", "sigma", "eps",
 734 :                 "delta_x", "delta_y"};
 735 :     if (emit_transformed_parameters__) {}
 736 :     if (emit_generated_quantities__) {}
 737 :   }
 738 :   inline void
 739 :   get_dims(std::vector<std::vector<size_t>>& dimss__, const bool
 740 :            emit_transformed_parameters__ = true, const bool
 741 :            emit_generated_quantities__ = true) const {
 742 :     dimss__ = std::vector<std::vector<size_t>>{std::vector<size_t>{},
 743 :                 std::vector<size_t>{}, std::vector<size_t>{},
 744 :                 std::vector<size_t>{static_cast<size_t>(K)},
 745 :                 std::vector<size_t>{static_cast<size_t>(C)},
 746 :                 std::vector<size_t>{static_cast<size_t>(C)}};
 747 :     if (emit_transformed_parameters__) {}
 748 :     if (emit_generated_quantities__) {}
 749 :   }
 750 :   inline void
 751 :   constrained_param_names(std::vector<std::string>& param_names__, bool
 752 :                           emit_transformed_parameters__ = true, bool
 753 :                           emit_generated_quantities__ = true) const final {
 754 :     param_names__.emplace_back(std::string() + "rho");
 755 :     param_names__.emplace_back(std::string() + "alpha");
 756 :     param_names__.emplace_back(std::string() + "sigma");
 757 :     for (int sym1__ = 1; sym1__ <= K; ++sym1__) {
 758 :       param_names__.emplace_back(std::string() + "eps" + '.' +
 759 :         std::to_string(sym1__));
 760 :     }
 761 :     for (int sym1__ = 1; sym1__ <= C; ++sym1__) {
 762 :       param_names__.emplace_back(std::string() + "delta_x" + '.' +
 763 :         std::to_string(sym1__));
 764 :     }
 765 :     for (int sym1__ = 1; sym1__ <= C; ++sym1__) {
 766 :       param_names__.emplace_back(std::string() + "delta_y" + '.' +
 767 :         std::to_string(sym1__));
 768 :     }
 769 :     if (emit_transformed_parameters__) {}
 770 :     if (emit_generated_quantities__) {}
 771 :   }
 772 :   inline void
 773 :   unconstrained_param_names(std::vector<std::string>& param_names__, bool
 774 :                             emit_transformed_parameters__ = true, bool
 775 :                             emit_generated_quantities__ = true) const final {
 776 :     param_names__.emplace_back(std::string() + "rho");
 777 :     param_names__.emplace_back(std::string() + "alpha");
 778 :     param_names__.emplace_back(std::string() + "sigma");
 779 :     for (int sym1__ = 1; sym1__ <= K; ++sym1__) {
 780 :       param_names__.emplace_back(std::string() + "eps" + '.' +
 781 :         std::to_string(sym1__));
 782 :     }
 783 :     for (int sym1__ = 1; sym1__ <= C; ++sym1__) {
 784 :       param_names__.emplace_back(std::string() + "delta_x" + '.' +
 785 :         std::to_string(sym1__));
 786 :     }
 787 :     for (int sym1__ = 1; sym1__ <= C; ++sym1__) {
 788 :       param_names__.emplace_back(std::string() + "delta_y" + '.' +
 789 :         std::to_string(sym1__));
 790 :     }
 791 :     if (emit_transformed_parameters__) {}
 792 :     if (emit_generated_quantities__) {}
 793 :   }
 794 :   inline std::string get_constrained_sizedtypes() const {
 795 :     return std::string("[{\"name\":\"rho\",\"type\":{\"name\":\"real\"},\"block\":\"parameters\"},{\"name\":\"alpha\",\"type\":{\"name\":\"real\"},\"block\":\"parameters\"},{\"name\":\"sigma\",\"type\":{\"name\":\"real\"},\"block\":\"parameters\"},{\"name\":\"eps\",\"type\":{\"name\":\"vector\",\"length\":" + std::to_string(K) + "},\"block\":\"parameters\"},{\"name\":\"delta_x\",\"type\":{\"name\":\"array\",\"length\":" + std::to_string(C) + ",\"element_type\":{\"name\":\"real\"}},\"block\":\"parameters\"},{\"name\":\"delta_y\",\"type\":{\"name\":\"array\",\"length\":" + std::to_string(C) + ",\"element_type\":{\"name\":\"real\"}},\"block\":\"parameters\"}]");
 796 :   }
 797 :   inline std::string get_unconstrained_sizedtypes() const {
 798 :     return std::string("[{\"name\":\"rho\",\"type\":{\"name\":\"real\"},\"block\":\"parameters\"},{\"name\":\"alpha\",\"type\":{\"name\":\"real\"},\"block\":\"parameters\"},{\"name\":\"sigma\",\"type\":{\"name\":\"real\"},\"block\":\"parameters\"},{\"name\":\"eps\",\"type\":{\"name\":\"vector\",\"length\":" + std::to_string(K) + "},\"block\":\"parameters\"},{\"name\":\"delta_x\",\"type\":{\"name\":\"array\",\"length\":" + std::to_string(C) + ",\"element_type\":{\"name\":\"real\"}},\"block\":\"parameters\"},{\"name\":\"delta_y\",\"type\":{\"name\":\"array\",\"length\":" + std::to_string(C) + ",\"element_type\":{\"name\":\"real\"}},\"block\":\"parameters\"}]");
 799 :   }
 800 :   // Begin method overload boilerplate
 801 :   template <typename RNG> inline void
 802 :   write_array(RNG& base_rng, Eigen::Matrix<double,-1,1>& params_r,
 803 :               Eigen::Matrix<double,-1,1>& vars, const bool
 804 :               emit_transformed_parameters = true, const bool
 805 :               emit_generated_quantities = true, std::ostream*
 806 :               pstream = nullptr) const {
 807 :     const size_t num_params__ = (((((1 + 1) + 1) + K) + C) + C);
 808 :     const size_t num_transformed = emit_transformed_parameters * (0);
 809 :     const size_t num_gen_quantities = emit_generated_quantities * (0);
 810 :     const size_t num_to_write = num_params__ + num_transformed +
 811 :       num_gen_quantities;
 812 :     std::vector<int> params_i;
 813 :     vars = Eigen::Matrix<double,-1,1>::Constant(num_to_write,
 814 :              std::numeric_limits<double>::quiet_NaN());
 815 :     write_array_impl(base_rng, params_r, params_i, vars,
 816 :       emit_transformed_parameters, emit_generated_quantities, pstream);
 817 :   }
 818 :   template <typename RNG> inline void
 819 :   write_array(RNG& base_rng, std::vector<double>& params_r, std::vector<int>&
 820 :               params_i, std::vector<double>& vars, bool
 821 :               emit_transformed_parameters = true, bool
 822 :               emit_generated_quantities = true, std::ostream*
 823 :               pstream = nullptr) const {
 824 :     const size_t num_params__ = (((((1 + 1) + 1) + K) + C) + C);
 825 :     const size_t num_transformed = emit_transformed_parameters * (0);
 826 :     const size_t num_gen_quantities = emit_generated_quantities * (0);
 827 :     const size_t num_to_write = num_params__ + num_transformed +
 828 :       num_gen_quantities;
 829 :     vars = std::vector<double>(num_to_write,
 830 :              std::numeric_limits<double>::quiet_NaN());
 831 :     write_array_impl(base_rng, params_r, params_i, vars,
 832 :       emit_transformed_parameters, emit_generated_quantities, pstream);
 833 :   }
 834 :   template <bool propto__, bool jacobian__, typename T_> inline T_
 835 :   log_prob(Eigen::Matrix<T_,-1,1>& params_r, std::ostream* pstream = nullptr) const {
 836 :     Eigen::Matrix<int,-1,1> params_i;
 837 :     return log_prob_impl<propto__, jacobian__>(params_r, params_i, pstream);
 838 :   }
 839 :   template <bool propto__, bool jacobian__, typename T_> inline T_
 840 :   log_prob(std::vector<T_>& params_r, std::vector<int>& params_i,
 841 :            std::ostream* pstream = nullptr) const {
 842 :     return log_prob_impl<propto__, jacobian__>(params_r, params_i, pstream);
 843 :   }
 844 :   inline void
 845 :   transform_inits(const stan::io::var_context& context,
 846 :                   Eigen::Matrix<double,-1,1>& params_r, std::ostream*
 847 :                   pstream = nullptr) const final {
 848 :     std::vector<double> params_r_vec(params_r.size());
 849 :     std::vector<int> params_i;
 850 :     transform_inits(context, params_i, params_r_vec, pstream);
 851 :     params_r = Eigen::Map<Eigen::Matrix<double,-1,1>>(params_r_vec.data(),
 852 :                  params_r_vec.size());
 853 :   }
 854 :   inline void
 855 :   transform_inits(const stan::io::var_context& context, std::vector<int>&
 856 :                   params_i, std::vector<double>& vars, std::ostream*
 857 :                   pstream__ = nullptr) const {
 858 :     vars.resize(num_params_r__);
 859 :     transform_inits_impl(context, vars, pstream__);
 860 :   }
 861 :   inline void
 862 :   unconstrain_array(const std::vector<double>& params_constrained,
 863 :                     std::vector<double>& params_unconstrained, std::ostream*
 864 :                     pstream = nullptr) const {
 865 :     const std::vector<int> params_i;
 866 :     params_unconstrained = std::vector<double>(num_params_r__,
 867 :                              std::numeric_limits<double>::quiet_NaN());
 868 :     unconstrain_array_impl(params_constrained, params_i,
 869 :       params_unconstrained, pstream);
 870 :   }
 871 :   inline void
 872 :   unconstrain_array(const Eigen::Matrix<double,-1,1>& params_constrained,
 873 :                     Eigen::Matrix<double,-1,1>& params_unconstrained,
 874 :                     std::ostream* pstream = nullptr) const {
 875 :     const std::vector<int> params_i;
 876 :     params_unconstrained = Eigen::Matrix<double,-1,1>::Constant(num_params_r__,
 877 :                              std::numeric_limits<double>::quiet_NaN());
 878 :     unconstrain_array_impl(params_constrained, params_i,
 879 :       params_unconstrained, pstream);
 880 :   }
 881 : };
 882 : }
 883 : using stan_model = model1f8619465ad63b__namespace::model1f8619465ad63b_;
 884 : #ifndef USING_R
 885 : // Boilerplate
 886 : stan::model::model_base&
 887 : new_model(stan::io::var_context& data_context, unsigned int seed,
 888 :           std::ostream* msg_stream) {
 889 :   stan_model* m = new stan_model(data_context, seed, msg_stream);
 890 :   return *m;
 891 : }
 892 : stan::math::profile_map& get_stan_profile_data() {
 893 :   return model1f8619465ad63b__namespace::profiles__;
 894 : }
 895 : #endif
 896 : #endif
 897 : 
 898 : RCPP_MODULE(stan_fit4model1f8619465ad63b__mod) {
 899 :   class_<rstan::stan_fit<stan_model, boost::random::ecuyer1988> >(
 900 :       "stan_fit4model1f8619465ad63b_")
 901 : 
 902 :       .constructor<SEXP, SEXP, SEXP>()
 903 : 
 904 :       .method(
 905 :           "call_sampler",
 906 :           &rstan::stan_fit<stan_model, boost::random::ecuyer1988>::call_sampler)
 907 :       .method(
 908 :           "param_names",
 909 :           &rstan::stan_fit<stan_model, boost::random::ecuyer1988>::param_names)
 910 :       .method("param_names_oi",
 911 :               &rstan::stan_fit<stan_model,
 912 :                                boost::random::ecuyer1988>::param_names_oi)
 913 :       .method("param_fnames_oi",
 914 :               &rstan::stan_fit<stan_model,
 915 :                                boost::random::ecuyer1988>::param_fnames_oi)
 916 :       .method(
 917 :           "param_dims",
 918 :           &rstan::stan_fit<stan_model, boost::random::ecuyer1988>::param_dims)
 919 :       .method("param_dims_oi",
 920 :               &rstan::stan_fit<stan_model,
 921 :                                boost::random::ecuyer1988>::param_dims_oi)
 922 :       .method("update_param_oi",
 923 :               &rstan::stan_fit<stan_model,
 924 :                                boost::random::ecuyer1988>::update_param_oi)
 925 :       .method("param_oi_tidx",
 926 :               &rstan::stan_fit<stan_model,
 927 :                                boost::random::ecuyer1988>::param_oi_tidx)
 928 :       .method("grad_log_prob",
 929 :               &rstan::stan_fit<stan_model,
 930 :                                boost::random::ecuyer1988>::grad_log_prob)
 931 :       .method("log_prob",
 932 :               &rstan::stan_fit<stan_model, boost::random::ecuyer1988>::log_prob)
 933 :       .method("unconstrain_pars",
 934 :               &rstan::stan_fit<stan_model,
 935 :                                boost::random::ecuyer1988>::unconstrain_pars)
 936 :       .method("constrain_pars",
 937 :               &rstan::stan_fit<stan_model,
 938 :                                boost::random::ecuyer1988>::constrain_pars)
 939 :       .method(
 940 :           "num_pars_unconstrained",
 941 :           &rstan::stan_fit<stan_model,
 942 :                            boost::random::ecuyer1988>::num_pars_unconstrained)
 943 :       .method(
 944 :           "unconstrained_param_names",
 945 :           &rstan::stan_fit<
 946 :               stan_model, boost::random::ecuyer1988>::unconstrained_param_names)
 947 :       .method(
 948 :           "constrained_param_names",
 949 :           &rstan::stan_fit<stan_model,
 950 :                            boost::random::ecuyer1988>::constrained_param_names)
 951 :       .method("standalone_gqs",
 952 :               &rstan::stan_fit<stan_model,
 953 :                                boost::random::ecuyer1988>::standalone_gqs);
 954 : }
 955 : 
 956 : 
 957 : // declarations
 958 : extern "C" {
 959 : SEXP file1f861968c0119e( ) ;
 960 : }
 961 : 
 962 : // definition
 963 : SEXP file1f861968c0119e() {
 964 :  return Rcpp::wrap("anon_model");
 965 : }
make cmd is
  make -f '/cvmfs/soft.computecanada.ca/easybuild/software/2023/x86-64-v4/Compiler/gcccore/r/4.3.1/lib64/R/etc/Makeconf' -f '/cvmfs/soft.computecanada.ca/easybuild/software/2023/x86-64-v4/Compiler/gcccore/r/4.3.1/lib64/R/share/make/shlib.mk' CXX='$(CXX17) $(CXX17STD)' CXXFLAGS='$(CXX17FLAGS)' CXXPICFLAGS='$(CXX17PICFLAGS)' SHLIB_LDFLAGS='$(SHLIB_CXX17LDFLAGS)' SHLIB_LD='$(SHLIB_CXX17LD)' SHLIB='file1f861968c0119e.so' OBJECTS='file1f861968c0119e.o'

make would use
g++ -std=gnu++17 -I"/cvmfs/soft.computecanada.ca/easybuild/software/2023/x86-64-v4/Compiler/gcccore/r/4.3.1/lib64/R/include" -DNDEBUG   -I"/home/melanson/R/x86_64-pc-linux-gnu-library/4.3/Rcpp/include/"  -I"/home/melanson/R/x86_64-pc-linux-gnu-library/4.3/RcppEigen/include/"  -I"/home/melanson/R/x86_64-pc-linux-gnu-library/4.3/RcppEigen/include/unsupported"  -I"/home/melanson/R/x86_64-pc-linux-gnu-library/4.3/BH/include" -I"/home/melanson/R/x86_64-pc-linux-gnu-library/4.3/StanHeaders/include/src/"  -I"/home/melanson/R/x86_64-pc-linux-gnu-library/4.3/StanHeaders/include/"  -I"/home/melanson/R/x86_64-pc-linux-gnu-library/4.3/RcppParallel/include/"  -I"/home/melanson/R/x86_64-pc-linux-gnu-library/4.3/rstan/include" -DEIGEN_NO_DEBUG  -DBOOST_DISABLE_ASSERTS  -DBOOST_PENDING_INTEGER_LOG2_HPP  -DSTAN_THREADS  -DUSE_STANC3 -DSTRICT_R_HEADERS  -DBOOST_PHOENIX_NO_VARIADIC_EXPRESSION  -D_HAS_AUTO_PTR_ETC=0  -include '/home/melanson/R/x86_64-pc-linux-gnu-library/4.3/StanHeaders/include/stan/math/prim/fun/Eigen.hpp'  -D_REENTRANT -DRCPP_PARALLEL_USE_TBB=1   -I/cvmfs/soft.computecanada.ca/easybuild/software/2023/x86-64-v3/Core/java/17.0.6/include -I/cvmfs/soft.computecanada.ca/easybuild/software/2023/x86-64-v3/Core/flexiblascore/3.3.1/include -I/cvmfs/soft.computecanada.ca/easybuild/software/2023/x86-64-v3/Core/flexiblascore/3.3.1/include/flexiblas    -fpic  -O2 -ftree-vectorize -march=x86-64-v4 -fno-math-errno  -c file1f861968c0119e.cpp -o file1f861968c0119e.o
if test  "zfile1f861968c0119e.o" != "z"; then \
  echo g++ -std=gnu++17 -shared -L"/cvmfs/soft.computecanada.ca/easybuild/software/2023/x86-64-v4/Compiler/gcccore/r/4.3.1/lib64/R/lib"  -o file1f861968c0119e.so file1f861968c0119e.o  '/home/melanson/R/x86_64-pc-linux-gnu-library/4.3/rstan/lib//libStanServices.a' -L'/home/melanson/R/x86_64-pc-linux-gnu-library/4.3/StanHeaders/lib/' -lStanHeaders -L'/home/melanson/R/x86_64-pc-linux-gnu-library/4.3/RcppParallel/lib/' -ltbb   -L"/cvmfs/soft.computecanada.ca/easybuild/software/2023/x86-64-v4/Compiler/gcccore/r/4.3.1/lib64/R/lib" -lR; \
  g++ -std=gnu++17 -shared -L"/cvmfs/soft.computecanada.ca/easybuild/software/2023/x86-64-v4/Compiler/gcccore/r/4.3.1/lib64/R/lib"  -o file1f861968c0119e.so file1f861968c0119e.o  '/home/melanson/R/x86_64-pc-linux-gnu-library/4.3/rstan/lib//libStanServices.a' -L'/home/melanson/R/x86_64-pc-linux-gnu-library/4.3/StanHeaders/lib/' -lStanHeaders -L'/home/melanson/R/x86_64-pc-linux-gnu-library/4.3/RcppParallel/lib/' -ltbb   -L"/cvmfs/soft.computecanada.ca/easybuild/software/2023/x86-64-v4/Compiler/gcccore/r/4.3.1/lib64/R/lib" -lR; \
fi

CHECKING DATA AND PREPROCESSING FOR MODEL 'anon_model' NOW.

COMPILING MODEL 'anon_model' NOW.

STARTING SAMPLER FOR MODEL 'anon_model' NOW.

CHECKING DATA AND PREPROCESSING FOR MODEL 'anon_model' NOW.

COMPILING MODEL 'anon_model' NOW.

STARTING SAMPLER FOR MODEL 'anon_model' NOW.

CHECKING DATA AND PREPROCESSING FOR MODEL 'anon_model' NOW.

COMPILING MODEL 'anon_model' NOW.

STARTING SAMPLER FOR MODEL 'anon_model' NOW.

SAMPLING FOR MODEL 'anon_model' NOW (CHAIN 1).

CHECKING DATA AND PREPROCESSING FOR MODEL 'anon_model' NOW.

SAMPLING FOR MODEL 'anon_model' NOW (CHAIN 2).

COMPILING MODEL 'anon_model' NOW.

STARTING SAMPLER FOR MODEL 'anon_model' NOW.

CHECKING DATA AND PREPROCESSING FOR MODEL 'anon_model' NOW.

COMPILING MODEL 'anon_model' NOW.

STARTING SAMPLER FOR MODEL 'anon_model' NOW.

SAMPLING FOR MODEL 'anon_model' NOW (CHAIN 3).

SAMPLING FOR MODEL 'anon_model' NOW (CHAIN 4).
Chain 1: 
Chain 1: Gradient evaluation took 0.043966 seconds
Chain 1: 1000 transitions using 10 leapfrog steps per transition would take 439.66 seconds.
Chain 1: Adjust your expectations accordingly!
Chain 1: 
Chain 1: 
Chain 1: Iteration:    1 / 4000 [  0%]  (Warmup)
Chain 3: 
Chain 3: Gradient evaluation took 0.065154 seconds
Chain 3: 1000 transitions using 10 leapfrog steps per transition would take 651.54 seconds.
Chain 3: Adjust your expectations accordingly!
Chain 3: 
Chain 3: 
Chain 4: 
Chain 4: Gradient evaluation took 0.129198 seconds
Chain 4: 1000 transitions using 10 leapfrog steps per transition would take 1291.98 seconds.
Chain 4: Adjust your expectations accordingly!
Chain 4: 
Chain 4: 
Chain 2: 
Chain 2: Gradient evaluation took 0.151912 seconds
Chain 2: 1000 transitions using 10 leapfrog steps per transition would take 1519.12 seconds.
Chain 2: Adjust your expectations accordingly!
Chain 2: 
Chain 2: 
Chain 3: Iteration:    1 / 4000 [  0%]  (Warmup)
Chain 4: Iteration:    1 / 4000 [  0%]  (Warmup)
Chain 2: Iteration:    1 / 4000 [  0%]  (Warmup)
Chain 4: Iteration:  400 / 4000 [ 10%]  (Warmup)
Chain 4: Iteration:  800 / 4000 [ 20%]  (Warmup)
Chain 4: Iteration: 1200 / 4000 [ 30%]  (Warmup)
Chain 4: Iteration: 1600 / 4000 [ 40%]  (Warmup)
Chain 2: Iteration:  400 / 4000 [ 10%]  (Warmup)
Chain 4: Iteration: 2000 / 4000 [ 50%]  (Warmup)
Chain 4: Iteration: 2001 / 4000 [ 50%]  (Sampling)
Chain 2: Iteration:  800 / 4000 [ 20%]  (Warmup)
Chain 4: Iteration: 2400 / 4000 [ 60%]  (Sampling)
Chain 2: Iteration: 1200 / 4000 [ 30%]  (Warmup)
Chain 2: Iteration: 1600 / 4000 [ 40%]  (Warmup)
Chain 4: Iteration: 2800 / 4000 [ 70%]  (Sampling)
Chain 1: Iteration:  400 / 4000 [ 10%]  (Warmup)
Chain 2: Iteration: 2000 / 4000 [ 50%]  (Warmup)
Chain 2: Iteration: 2001 / 4000 [ 50%]  (Sampling)
Chain 4: Iteration: 3200 / 4000 [ 80%]  (Sampling)
Chain 1: Iteration:  800 / 4000 [ 20%]  (Warmup)
Chain 2: Iteration: 2400 / 4000 [ 60%]  (Sampling)
Chain 4: Iteration: 3600 / 4000 [ 90%]  (Sampling)
Chain 1: Iteration: 1200 / 4000 [ 30%]  (Warmup)
Chain 2: Iteration: 2800 / 4000 [ 70%]  (Sampling)
Chain 4: Iteration: 4000 / 4000 [100%]  (Sampling)
Chain 4: 
Chain 4:  Elapsed Time: 4950.39 seconds (Warm-up)
Chain 4:                4215.78 seconds (Sampling)
Chain 4:                9166.17 seconds (Total)
Chain 4: 
Chain 1: Iteration: 1600 / 4000 [ 40%]  (Warmup)
Chain 2: Iteration: 3200 / 4000 [ 80%]  (Sampling)
Chain 1: Iteration: 2000 / 4000 [ 50%]  (Warmup)
Chain 1: Iteration: 2001 / 4000 [ 50%]  (Sampling)
Chain 2: Iteration: 3600 / 4000 [ 90%]  (Sampling)
Chain 1: Iteration: 2400 / 4000 [ 60%]  (Sampling)
Chain 3: Iteration:  400 / 4000 [ 10%]  (Warmup)
Chain 2: Iteration: 4000 / 4000 [100%]  (Sampling)
Chain 2: 
Chain 2:  Elapsed Time: 7756.8 seconds (Warm-up)
Chain 2:                3074.08 seconds (Sampling)
Chain 2:                10830.9 seconds (Total)
Chain 2: 
Chain 1: Iteration: 2800 / 4000 [ 70%]  (Sampling)
Chain 3: Iteration:  800 / 4000 [ 20%]  (Warmup)
Chain 1: Iteration: 3200 / 4000 [ 80%]  (Sampling)
Chain 3: Iteration: 1200 / 4000 [ 30%]  (Warmup)
Chain 1: Iteration: 3600 / 4000 [ 90%]  (Sampling)
Chain 3: Iteration: 1600 / 4000 [ 40%]  (Warmup)
Chain 1: Iteration: 4000 / 4000 [100%]  (Sampling)
Chain 1: 
Chain 1:  Elapsed Time: 9716.28 seconds (Warm-up)
Chain 1:                4047.02 seconds (Sampling)
Chain 1:                13763.3 seconds (Total)
Chain 1: 
Chain 3: Iteration: 2000 / 4000 [ 50%]  (Warmup)
Chain 3: Iteration: 2001 / 4000 [ 50%]  (Sampling)
Chain 3: Iteration: 2400 / 4000 [ 60%]  (Sampling)
Chain 3: Iteration: 2800 / 4000 [ 70%]  (Sampling)
Chain 3: Iteration: 3200 / 4000 [ 80%]  (Sampling)
Chain 3: Iteration: 3600 / 4000 [ 90%]  (Sampling)
Chain 3: Iteration: 4000 / 4000 [100%]  (Sampling)
Chain 3: 
Chain 3:  Elapsed Time: 14110.5 seconds (Warm-up)
Chain 3:                4394.14 seconds (Sampling)
Chain 3:                18504.7 seconds (Total)
Chain 3: 
