
TRANSLATING MODEL '' FROM Stan CODE TO C++ CODE NOW.
OS: x86_64, linux-gnu; rstan: 2.32.7; Rcpp: 1.0.14; inline: 0.3.21 
 >> setting environment variables: 
PKG_LIBS =  '/home/melanson/R/x86_64-pc-linux-gnu-library/4.3/rstan/lib//libStanServices.a' -L'/home/melanson/R/x86_64-pc-linux-gnu-library/4.3/StanHeaders/lib/' -lStanHeaders -L'/home/melanson/R/x86_64-pc-linux-gnu-library/4.3/RcppParallel/lib/' -ltbb 
PKG_CPPFLAGS =   -I"/home/melanson/R/x86_64-pc-linux-gnu-library/4.3/Rcpp/include/"  -I"/home/melanson/R/x86_64-pc-linux-gnu-library/4.3/RcppEigen/include/"  -I"/home/melanson/R/x86_64-pc-linux-gnu-library/4.3/RcppEigen/include/unsupported"  -I"/home/melanson/R/x86_64-pc-linux-gnu-library/4.3/BH/include" -I"/home/melanson/R/x86_64-pc-linux-gnu-library/4.3/StanHeaders/include/src/"  -I"/home/melanson/R/x86_64-pc-linux-gnu-library/4.3/StanHeaders/include/"  -I"/home/melanson/R/x86_64-pc-linux-gnu-library/4.3/RcppParallel/include/"  -I"/home/melanson/R/x86_64-pc-linux-gnu-library/4.3/rstan/include" -DEIGEN_NO_DEBUG  -DBOOST_DISABLE_ASSERTS  -DBOOST_PENDING_INTEGER_LOG2_HPP  -DSTAN_THREADS  -DUSE_STANC3 -DSTRICT_R_HEADERS  -DBOOST_PHOENIX_NO_VARIADIC_EXPRESSION  -D_HAS_AUTO_PTR_ETC=0  -include '/home/melanson/R/x86_64-pc-linux-gnu-library/4.3/StanHeaders/include/stan/math/prim/fun/Eigen.hpp'  -D_REENTRANT -DRCPP_PARALLEL_USE_TBB=1 
 >> Program source :

   1 : 
   2 : // includes from the plugin
   3 : // [[Rcpp::plugins(cpp14)]]
   4 : 
   5 : 
   6 : // user includes
   7 : #include <Rcpp.h>
   8 : using namespace Rcpp;
   9 : #ifndef MODELS_HPP
  10 : #define MODELS_HPP
  11 : #define STAN__SERVICES__COMMAND_HPP
  12 : #include <rstan/rstaninc.hpp>
  13 : #ifndef USE_STANC3
  14 : #define USE_STANC3
  15 : #endif
  16 : // Code generated by stanc v2.32.2
  17 : #include <stan/model/model_header.hpp>
  18 : namespace modele704c5bda1493__namespace {
  19 : using stan::model::model_base_crtp;
  20 : using namespace stan::math;
  21 : stan::math::profile_map profiles__;
  22 : static constexpr std::array<const char*, 54> locations_array__ =
  23 :   {" (found before start of program)",
  24 :   " (in 'anon_model', line 23, column 2 to column 20)",
  25 :   " (in 'anon_model', line 24, column 2 to column 16)",
  26 :   " (in 'anon_model', line 25, column 2 to column 13)",
  27 :   " (in 'anon_model', line 26, column 2 to column 22)",
  28 :   " (in 'anon_model', line 27, column 2 to column 20)",
  29 :   " (in 'anon_model', line 28, column 2 to column 31)",
  30 :   " (in 'anon_model', line 29, column 2 to column 16)",
  31 :   " (in 'anon_model', line 32, column 2 to column 54)",
  32 :   " (in 'anon_model', line 33, column 2 to column 54)",
  33 :   " (in 'anon_model', line 36, column 2 to column 41)",
  34 :   " (in 'anon_model', line 37, column 2 to column 39)",
  35 :   " (in 'anon_model', line 41, column 2 to column 33)",
  36 :   " (in 'anon_model', line 42, column 2 to column 25)",
  37 :   " (in 'anon_model', line 43, column 2 to column 22)",
  38 :   " (in 'anon_model', line 44, column 2 to column 23)",
  39 :   " (in 'anon_model', line 45, column 2 to column 21)",
  40 :   " (in 'anon_model', line 46, column 2 to column 30)",
  41 :   " (in 'anon_model', line 50, column 2 to column 30)",
  42 :   " (in 'anon_model', line 51, column 2 to column 36)",
  43 :   " (in 'anon_model', line 57, column 4 to line 58, column 71)",
  44 :   " (in 'anon_model', line 59, column 4 to column 93)",
  45 :   " (in 'anon_model', line 68, column 6 to column 77)",
  46 :   " (in 'anon_model', line 71, column 6 to column 59)",
  47 :   " (in 'anon_model', line 67, column 11 to line 72, column 5)",
  48 :   " (in 'anon_model', line 63, column 6 to line 66, column 8)",
  49 :   " (in 'anon_model', line 62, column 23 to line 67, column 5)",
  50 :   " (in 'anon_model', line 62, column 4 to line 72, column 5)",
  51 :   " (in 'anon_model', line 54, column 16 to line 73, column 3)",
  52 :   " (in 'anon_model', line 54, column 2 to line 73, column 3)",
  53 :   " (in 'anon_model', line 4, column 2 to column 17)",
  54 :   " (in 'anon_model', line 5, column 2 to column 17)",
  55 :   " (in 'anon_model', line 6, column 2 to column 17)",
  56 :   " (in 'anon_model', line 7, column 9 to column 10)",
  57 :   " (in 'anon_model', line 7, column 2 to column 26)",
  58 :   " (in 'anon_model', line 8, column 9 to column 10)",
  59 :   " (in 'anon_model', line 8, column 2 to column 23)",
  60 :   " (in 'anon_model', line 9, column 16 to column 17)",
  61 :   " (in 'anon_model', line 9, column 2 to column 19)",
  62 :   " (in 'anon_model', line 10, column 14 to column 15)",
  63 :   " (in 'anon_model', line 10, column 2 to column 17)",
  64 :   " (in 'anon_model', line 11, column 12 to column 13)",
  65 :   " (in 'anon_model', line 11, column 2 to column 15)",
  66 :   " (in 'anon_model', line 12, column 2 to column 15)",
  67 :   " (in 'anon_model', line 13, column 2 to column 15)",
  68 :   " (in 'anon_model', line 14, column 2 to column 15)",
  69 :   " (in 'anon_model', line 15, column 2 to column 15)",
  70 :   " (in 'anon_model', line 18, column 2 to column 18)",
  71 :   " (in 'anon_model', line 19, column 2 to column 22)",
  72 :   " (in 'anon_model', line 20, column 2 to column 20)",
  73 :   " (in 'anon_model', line 29, column 9 to column 10)",
  74 :   " (in 'anon_model', line 32, column 8 to column 9)",
  75 :   " (in 'anon_model', line 33, column 8 to column 9)",
  76 :   " (in 'anon_model', line 37, column 9 to column 10)"};
  77 : class modele704c5bda1493_ final : public model_base_crtp<modele704c5bda1493_> {
  78 : private:
  79 :   int C;
  80 :   int K;
  81 :   int O;
  82 :   Eigen::Matrix<double,-1,1> sample_effort_data__;
  83 :   Eigen::Matrix<double,-1,-1> trap_pos_data__;
  84 :   std::vector<int> colony_id;
  85 :   std::vector<int> trap_id;
  86 :   std::vector<int> y_obs;
  87 :   double upper_y;
  88 :   double upper_x;
  89 :   double lower_y;
  90 :   double lower_x;
  91 :   double Rmax;
  92 :   double steepness;
  93 :   double penalty;
  94 :   Eigen::Map<Eigen::Matrix<double,-1,1>> sample_effort{nullptr, 0};
  95 :   Eigen::Map<Eigen::Matrix<double,-1,-1>> trap_pos{nullptr, 0, 0};
  96 : public:
  97 :   ~modele704c5bda1493_() {}
  98 :   modele704c5bda1493_(stan::io::var_context& context__, unsigned int
  99 :                       random_seed__ = 0, std::ostream* pstream__ = nullptr)
 100 :       : model_base_crtp(0) {
 101 :     int current_statement__ = 0;
 102 :     using local_scalar_t__ = double;
 103 :     boost::ecuyer1988 base_rng__ =
 104 :       stan::services::util::create_rng(random_seed__, 0);
 105 :     // suppress unused var warning
 106 :     (void) base_rng__;
 107 :     static constexpr const char* function__ =
 108 :       "modele704c5bda1493__namespace::modele704c5bda1493_";
 109 :     // suppress unused var warning
 110 :     (void) function__;
 111 :     local_scalar_t__ DUMMY_VAR__(std::numeric_limits<double>::quiet_NaN());
 112 :     // suppress unused var warning
 113 :     (void) DUMMY_VAR__;
 114 :     try {
 115 :       int pos__ = std::numeric_limits<int>::min();
 116 :       pos__ = 1;
 117 :       current_statement__ = 30;
 118 :       context__.validate_dims("data initialization", "C", "int",
 119 :         std::vector<size_t>{});
 120 :       C = std::numeric_limits<int>::min();
 121 :       current_statement__ = 30;
 122 :       C = context__.vals_i("C")[(1 - 1)];
 123 :       current_statement__ = 30;
 124 :       stan::math::check_greater_or_equal(function__, "C", C, 0);
 125 :       current_statement__ = 31;
 126 :       context__.validate_dims("data initialization", "K", "int",
 127 :         std::vector<size_t>{});
 128 :       K = std::numeric_limits<int>::min();
 129 :       current_statement__ = 31;
 130 :       K = context__.vals_i("K")[(1 - 1)];
 131 :       current_statement__ = 31;
 132 :       stan::math::check_greater_or_equal(function__, "K", K, 0);
 133 :       current_statement__ = 32;
 134 :       context__.validate_dims("data initialization", "O", "int",
 135 :         std::vector<size_t>{});
 136 :       O = std::numeric_limits<int>::min();
 137 :       current_statement__ = 32;
 138 :       O = context__.vals_i("O")[(1 - 1)];
 139 :       current_statement__ = 32;
 140 :       stan::math::check_greater_or_equal(function__, "O", O, 0);
 141 :       current_statement__ = 33;
 142 :       stan::math::validate_non_negative_index("sample_effort", "O", O);
 143 :       current_statement__ = 34;
 144 :       context__.validate_dims("data initialization", "sample_effort",
 145 :         "double", std::vector<size_t>{static_cast<size_t>(O)});
 146 :       sample_effort_data__ = Eigen::Matrix<double,-1,1>::Constant(O,
 147 :                                std::numeric_limits<double>::quiet_NaN());
 148 :       new (&sample_effort)
 149 :         Eigen::Map<Eigen::Matrix<double,-1,1>>(sample_effort_data__.data(),
 150 :         O);
 151 :       {
 152 :         std::vector<local_scalar_t__> sample_effort_flat__;
 153 :         current_statement__ = 34;
 154 :         sample_effort_flat__ = context__.vals_r("sample_effort");
 155 :         current_statement__ = 34;
 156 :         pos__ = 1;
 157 :         current_statement__ = 34;
 158 :         for (int sym1__ = 1; sym1__ <= O; ++sym1__) {
 159 :           current_statement__ = 34;
 160 :           stan::model::assign(sample_effort, sample_effort_flat__[(pos__ -
 161 :             1)], "assigning variable sample_effort",
 162 :             stan::model::index_uni(sym1__));
 163 :           current_statement__ = 34;
 164 :           pos__ = (pos__ + 1);
 165 :         }
 166 :       }
 167 :       current_statement__ = 35;
 168 :       stan::math::validate_non_negative_index("trap_pos", "O", O);
 169 :       current_statement__ = 36;
 170 :       context__.validate_dims("data initialization", "trap_pos", "double",
 171 :         std::vector<size_t>{static_cast<size_t>(O), static_cast<size_t>(2)});
 172 :       trap_pos_data__ = Eigen::Matrix<double,-1,-1>::Constant(O, 2,
 173 :                           std::numeric_limits<double>::quiet_NaN());
 174 :       new (&trap_pos)
 175 :         Eigen::Map<Eigen::Matrix<double,-1,-1>>(trap_pos_data__.data(), O, 2);
 176 :       {
 177 :         std::vector<local_scalar_t__> trap_pos_flat__;
 178 :         current_statement__ = 36;
 179 :         trap_pos_flat__ = context__.vals_r("trap_pos");
 180 :         current_statement__ = 36;
 181 :         pos__ = 1;
 182 :         current_statement__ = 36;
 183 :         for (int sym1__ = 1; sym1__ <= 2; ++sym1__) {
 184 :           current_statement__ = 36;
 185 :           for (int sym2__ = 1; sym2__ <= O; ++sym2__) {
 186 :             current_statement__ = 36;
 187 :             stan::model::assign(trap_pos, trap_pos_flat__[(pos__ - 1)],
 188 :               "assigning variable trap_pos", stan::model::index_uni(sym2__),
 189 :               stan::model::index_uni(sym1__));
 190 :             current_statement__ = 36;
 191 :             pos__ = (pos__ + 1);
 192 :           }
 193 :         }
 194 :       }
 195 :       current_statement__ = 37;
 196 :       stan::math::validate_non_negative_index("colony_id", "O", O);
 197 :       current_statement__ = 38;
 198 :       context__.validate_dims("data initialization", "colony_id", "int",
 199 :         std::vector<size_t>{static_cast<size_t>(O)});
 200 :       colony_id = std::vector<int>(O, std::numeric_limits<int>::min());
 201 :       current_statement__ = 38;
 202 :       colony_id = context__.vals_i("colony_id");
 203 :       current_statement__ = 39;
 204 :       stan::math::validate_non_negative_index("trap_id", "O", O);
 205 :       current_statement__ = 40;
 206 :       context__.validate_dims("data initialization", "trap_id", "int",
 207 :         std::vector<size_t>{static_cast<size_t>(O)});
 208 :       trap_id = std::vector<int>(O, std::numeric_limits<int>::min());
 209 :       current_statement__ = 40;
 210 :       trap_id = context__.vals_i("trap_id");
 211 :       current_statement__ = 41;
 212 :       stan::math::validate_non_negative_index("y_obs", "O", O);
 213 :       current_statement__ = 42;
 214 :       context__.validate_dims("data initialization", "y_obs", "int",
 215 :         std::vector<size_t>{static_cast<size_t>(O)});
 216 :       y_obs = std::vector<int>(O, std::numeric_limits<int>::min());
 217 :       current_statement__ = 42;
 218 :       y_obs = context__.vals_i("y_obs");
 219 :       current_statement__ = 43;
 220 :       context__.validate_dims("data initialization", "upper_y", "double",
 221 :         std::vector<size_t>{});
 222 :       upper_y = std::numeric_limits<double>::quiet_NaN();
 223 :       current_statement__ = 43;
 224 :       upper_y = context__.vals_r("upper_y")[(1 - 1)];
 225 :       current_statement__ = 44;
 226 :       context__.validate_dims("data initialization", "upper_x", "double",
 227 :         std::vector<size_t>{});
 228 :       upper_x = std::numeric_limits<double>::quiet_NaN();
 229 :       current_statement__ = 44;
 230 :       upper_x = context__.vals_r("upper_x")[(1 - 1)];
 231 :       current_statement__ = 45;
 232 :       context__.validate_dims("data initialization", "lower_y", "double",
 233 :         std::vector<size_t>{});
 234 :       lower_y = std::numeric_limits<double>::quiet_NaN();
 235 :       current_statement__ = 45;
 236 :       lower_y = context__.vals_r("lower_y")[(1 - 1)];
 237 :       current_statement__ = 46;
 238 :       context__.validate_dims("data initialization", "lower_x", "double",
 239 :         std::vector<size_t>{});
 240 :       lower_x = std::numeric_limits<double>::quiet_NaN();
 241 :       current_statement__ = 46;
 242 :       lower_x = context__.vals_r("lower_x")[(1 - 1)];
 243 :       current_statement__ = 47;
 244 :       Rmax = std::numeric_limits<double>::quiet_NaN();
 245 :       current_statement__ = 47;
 246 :       Rmax = 2.0;
 247 :       current_statement__ = 48;
 248 :       steepness = std::numeric_limits<double>::quiet_NaN();
 249 :       current_statement__ = 48;
 250 :       steepness = 10;
 251 :       current_statement__ = 49;
 252 :       penalty = std::numeric_limits<double>::quiet_NaN();
 253 :       current_statement__ = 49;
 254 :       penalty = 10;
 255 :       current_statement__ = 50;
 256 :       stan::math::validate_non_negative_index("eps", "K", K);
 257 :       current_statement__ = 51;
 258 :       stan::math::validate_non_negative_index("delta_x", "C", C);
 259 :       current_statement__ = 52;
 260 :       stan::math::validate_non_negative_index("delta_y", "C", C);
 261 :       current_statement__ = 53;
 262 :       stan::math::validate_non_negative_index("eps_scale", "K", K);
 263 :     } catch (const std::exception& e) {
 264 :       stan::lang::rethrow_located(e, locations_array__[current_statement__]);
 265 :     }
 266 :     num_params_r__ = 1 + 1 + 1 + 1 + 1 + 1 + K + C + C;
 267 :   }
 268 :   inline std::string model_name() const final {
 269 :     return "modele704c5bda1493_";
 270 :   }
 271 :   inline std::vector<std::string> model_compile_info() const noexcept {
 272 :     return std::vector<std::string>{"stanc_version = stanc3 v2.32.2",
 273 :              "stancflags = --"};
 274 :   }
 275 :   template <bool propto__, bool jacobian__, typename VecR, typename VecI,
 276 :             stan::require_vector_like_t<VecR>* = nullptr,
 277 :             stan::require_vector_like_vt<std::is_integral, VecI>* = nullptr>
 278 :   inline stan::scalar_type_t<VecR>
 279 :   log_prob_impl(VecR& params_r__, VecI& params_i__, std::ostream*
 280 :                 pstream__ = nullptr) const {
 281 :     using T__ = stan::scalar_type_t<VecR>;
 282 :     using local_scalar_t__ = T__;
 283 :     T__ lp__(0.0);
 284 :     stan::math::accumulator<T__> lp_accum__;
 285 :     stan::io::deserializer<local_scalar_t__> in__(params_r__, params_i__);
 286 :     int current_statement__ = 0;
 287 :     local_scalar_t__ DUMMY_VAR__(std::numeric_limits<double>::quiet_NaN());
 288 :     // suppress unused var warning
 289 :     (void) DUMMY_VAR__;
 290 :     static constexpr const char* function__ =
 291 :       "modele704c5bda1493__namespace::log_prob";
 292 :     // suppress unused var warning
 293 :     (void) function__;
 294 :     try {
 295 :       local_scalar_t__ rho = DUMMY_VAR__;
 296 :       current_statement__ = 1;
 297 :       rho = in__.template read_constrain_lb<local_scalar_t__, jacobian__>(0,
 298 :               lp__);
 299 :       local_scalar_t__ beta_eff = DUMMY_VAR__;
 300 :       current_statement__ = 2;
 301 :       beta_eff = in__.template read<local_scalar_t__>();
 302 :       local_scalar_t__ alpha = DUMMY_VAR__;
 303 :       current_statement__ = 3;
 304 :       alpha = in__.template read<local_scalar_t__>();
 305 :       local_scalar_t__ sigma = DUMMY_VAR__;
 306 :       current_statement__ = 4;
 307 :       sigma = in__.template read_constrain_lb<local_scalar_t__,
 308 :                 jacobian__>(0, lp__);
 309 :       local_scalar_t__ phi = DUMMY_VAR__;
 310 :       current_statement__ = 5;
 311 :       phi = in__.template read_constrain_lb<local_scalar_t__, jacobian__>(0,
 312 :               lp__);
 313 :       local_scalar_t__ theta = DUMMY_VAR__;
 314 :       current_statement__ = 6;
 315 :       theta = in__.template read_constrain_lub<local_scalar_t__,
 316 :                 jacobian__>(0, 1, lp__);
 317 :       Eigen::Matrix<local_scalar_t__,-1,1> eps =
 318 :         Eigen::Matrix<local_scalar_t__,-1,1>::Constant(K, DUMMY_VAR__);
 319 :       current_statement__ = 7;
 320 :       eps = in__.template read<Eigen::Matrix<local_scalar_t__,-1,1>>(K);
 321 :       std::vector<local_scalar_t__> delta_x =
 322 :         std::vector<local_scalar_t__>(C, DUMMY_VAR__);
 323 :       current_statement__ = 8;
 324 :       delta_x = in__.template read_constrain_lub<
 325 :                   std::vector<local_scalar_t__>, jacobian__>(lower_x,
 326 :                   upper_x, lp__, C);
 327 :       std::vector<local_scalar_t__> delta_y =
 328 :         std::vector<local_scalar_t__>(C, DUMMY_VAR__);
 329 :       current_statement__ = 9;
 330 :       delta_y = in__.template read_constrain_lub<
 331 :                   std::vector<local_scalar_t__>, jacobian__>(lower_y,
 332 :                   upper_y, lp__, C);
 333 :       local_scalar_t__ sigma_sqrt = DUMMY_VAR__;
 334 :       current_statement__ = 10;
 335 :       sigma_sqrt = stan::math::sqrt(sigma);
 336 :       Eigen::Matrix<local_scalar_t__,-1,1> eps_scale =
 337 :         Eigen::Matrix<local_scalar_t__,-1,1>::Constant(K, DUMMY_VAR__);
 338 :       current_statement__ = 11;
 339 :       stan::model::assign(eps_scale, stan::math::multiply(eps, sigma_sqrt),
 340 :         "assigning variable eps_scale");
 341 :       current_statement__ = 10;
 342 :       stan::math::check_greater_or_equal(function__, "sigma_sqrt",
 343 :         sigma_sqrt, 0);
 344 :       {
 345 :         current_statement__ = 12;
 346 :         lp_accum__.add(stan::math::lognormal_lpdf<propto__>(rho,
 347 :                          stan::math::log(0.5), 0.5));
 348 :         current_statement__ = 13;
 349 :         lp_accum__.add(stan::math::normal_lpdf<propto__>(beta_eff, 0, 1));
 350 :         current_statement__ = 14;
 351 :         lp_accum__.add(stan::math::normal_lpdf<propto__>(alpha, 0, 1));
 352 :         current_statement__ = 15;
 353 :         lp_accum__.add(stan::math::normal_lpdf<propto__>(sigma, 0, 1));
 354 :         current_statement__ = 16;
 355 :         lp_accum__.add(stan::math::normal_lpdf<propto__>(eps, 0, 1));
 356 :         current_statement__ = 17;
 357 :         lp_accum__.add(stan::math::lognormal_lpdf<propto__>(phi,
 358 :                          stan::math::log(10), 1));
 359 :         local_scalar_t__ log_theta = DUMMY_VAR__;
 360 :         current_statement__ = 18;
 361 :         log_theta = stan::math::log(theta);
 362 :         local_scalar_t__ log_not_theta = DUMMY_VAR__;
 363 :         current_statement__ = 19;
 364 :         log_not_theta = stan::math::log((1 - theta));
 365 :         current_statement__ = 29;
 366 :         for (int n = 1; n <= O; ++n) {
 367 :           local_scalar_t__ dis = DUMMY_VAR__;
 368 :           current_statement__ = 20;
 369 :           dis = stan::math::sqrt(
 370 :                   (stan::math::square(
 371 :                      (stan::model::rvalue(delta_x, "delta_x",
 372 :                         stan::model::index_uni(
 373 :                           stan::model::rvalue(colony_id, "colony_id",
 374 :                             stan::model::index_uni(n)))) -
 375 :                      stan::model::rvalue(trap_pos, "trap_pos",
 376 :                        stan::model::index_uni(n), stan::model::index_uni(1))))
 377 :                   +
 378 :                   stan::math::square(
 379 :                     (stan::model::rvalue(delta_y, "delta_y",
 380 :                        stan::model::index_uni(
 381 :                          stan::model::rvalue(colony_id, "colony_id",
 382 :                            stan::model::index_uni(n)))) -
 383 :                     stan::model::rvalue(trap_pos, "trap_pos",
 384 :                       stan::model::index_uni(n), stan::model::index_uni(2))))));
 385 :           local_scalar_t__ eta = DUMMY_VAR__;
 386 :           current_statement__ = 21;
 387 :           eta = (((alpha - (0.5 * stan::math::pow((dis / rho), 2))) +
 388 :             (beta_eff *
 389 :             stan::model::rvalue(sample_effort, "sample_effort",
 390 :               stan::model::index_uni(n))))
 391 :             +
 392 :             stan::model::rvalue(eps_scale, "eps_scale",
 393 :               stan::model::index_uni(
 394 :                 stan::model::rvalue(trap_id, "trap_id",
 395 :                   stan::model::index_uni(n)))));
 396 :           current_statement__ = 27;
 397 :           if (stan::math::logical_eq(
 398 :                 stan::model::rvalue(y_obs, "y_obs", stan::model::index_uni(n)),
 399 :                 0)) {
 400 :             current_statement__ = 25;
 401 :             lp_accum__.add(stan::math::log_sum_exp(log_theta, (log_not_theta
 402 :                              +
 403 :                              stan::math::neg_binomial_2_log_lpmf<false>(0,
 404 :                                eta, phi))));
 405 :           } else {
 406 :             current_statement__ = 22;
 407 :             lp_accum__.add((log_not_theta +
 408 :               stan::math::neg_binomial_2_log_lpmf<false>(
 409 :                 stan::model::rvalue(y_obs, "y_obs", stan::model::index_uni(n)),
 410 :                 eta, phi)));
 411 :             current_statement__ = 23;
 412 :             lp_accum__.add((-penalty *
 413 :               stan::math::log1p_exp(((dis - Rmax) * steepness))));
 414 :           }
 415 :         }
 416 :       }
 417 :     } catch (const std::exception& e) {
 418 :       stan::lang::rethrow_located(e, locations_array__[current_statement__]);
 419 :     }
 420 :     lp_accum__.add(lp__);
 421 :     return lp_accum__.sum();
 422 :   }
 423 :   template <typename RNG, typename VecR, typename VecI, typename VecVar,
 424 :             stan::require_vector_like_vt<std::is_floating_point,
 425 :             VecR>* = nullptr, stan::require_vector_like_vt<std::is_integral,
 426 :             VecI>* = nullptr, stan::require_vector_vt<std::is_floating_point,
 427 :             VecVar>* = nullptr>
 428 :   inline void
 429 :   write_array_impl(RNG& base_rng__, VecR& params_r__, VecI& params_i__,
 430 :                    VecVar& vars__, const bool
 431 :                    emit_transformed_parameters__ = true, const bool
 432 :                    emit_generated_quantities__ = true, std::ostream*
 433 :                    pstream__ = nullptr) const {
 434 :     using local_scalar_t__ = double;
 435 :     stan::io::deserializer<local_scalar_t__> in__(params_r__, params_i__);
 436 :     stan::io::serializer<local_scalar_t__> out__(vars__);
 437 :     static constexpr bool propto__ = true;
 438 :     // suppress unused var warning
 439 :     (void) propto__;
 440 :     double lp__ = 0.0;
 441 :     // suppress unused var warning
 442 :     (void) lp__;
 443 :     int current_statement__ = 0;
 444 :     stan::math::accumulator<double> lp_accum__;
 445 :     local_scalar_t__ DUMMY_VAR__(std::numeric_limits<double>::quiet_NaN());
 446 :     // suppress unused var warning
 447 :     (void) DUMMY_VAR__;
 448 :     constexpr bool jacobian__ = false;
 449 :     static constexpr const char* function__ =
 450 :       "modele704c5bda1493__namespace::write_array";
 451 :     // suppress unused var warning
 452 :     (void) function__;
 453 :     try {
 454 :       double rho = std::numeric_limits<double>::quiet_NaN();
 455 :       current_statement__ = 1;
 456 :       rho = in__.template read_constrain_lb<local_scalar_t__, jacobian__>(0,
 457 :               lp__);
 458 :       double beta_eff = std::numeric_limits<double>::quiet_NaN();
 459 :       current_statement__ = 2;
 460 :       beta_eff = in__.template read<local_scalar_t__>();
 461 :       double alpha = std::numeric_limits<double>::quiet_NaN();
 462 :       current_statement__ = 3;
 463 :       alpha = in__.template read<local_scalar_t__>();
 464 :       double sigma = std::numeric_limits<double>::quiet_NaN();
 465 :       current_statement__ = 4;
 466 :       sigma = in__.template read_constrain_lb<local_scalar_t__,
 467 :                 jacobian__>(0, lp__);
 468 :       double phi = std::numeric_limits<double>::quiet_NaN();
 469 :       current_statement__ = 5;
 470 :       phi = in__.template read_constrain_lb<local_scalar_t__, jacobian__>(0,
 471 :               lp__);
 472 :       double theta = std::numeric_limits<double>::quiet_NaN();
 473 :       current_statement__ = 6;
 474 :       theta = in__.template read_constrain_lub<local_scalar_t__,
 475 :                 jacobian__>(0, 1, lp__);
 476 :       Eigen::Matrix<double,-1,1> eps =
 477 :         Eigen::Matrix<double,-1,1>::Constant(K,
 478 :           std::numeric_limits<double>::quiet_NaN());
 479 :       current_statement__ = 7;
 480 :       eps = in__.template read<Eigen::Matrix<local_scalar_t__,-1,1>>(K);
 481 :       std::vector<double> delta_x =
 482 :         std::vector<double>(C, std::numeric_limits<double>::quiet_NaN());
 483 :       current_statement__ = 8;
 484 :       delta_x = in__.template read_constrain_lub<
 485 :                   std::vector<local_scalar_t__>, jacobian__>(lower_x,
 486 :                   upper_x, lp__, C);
 487 :       std::vector<double> delta_y =
 488 :         std::vector<double>(C, std::numeric_limits<double>::quiet_NaN());
 489 :       current_statement__ = 9;
 490 :       delta_y = in__.template read_constrain_lub<
 491 :                   std::vector<local_scalar_t__>, jacobian__>(lower_y,
 492 :                   upper_y, lp__, C);
 493 :       double sigma_sqrt = std::numeric_limits<double>::quiet_NaN();
 494 :       Eigen::Matrix<double,-1,1> eps_scale =
 495 :         Eigen::Matrix<double,-1,1>::Constant(K,
 496 :           std::numeric_limits<double>::quiet_NaN());
 497 :       out__.write(rho);
 498 :       out__.write(beta_eff);
 499 :       out__.write(alpha);
 500 :       out__.write(sigma);
 501 :       out__.write(phi);
 502 :       out__.write(theta);
 503 :       out__.write(eps);
 504 :       out__.write(delta_x);
 505 :       out__.write(delta_y);
 506 :       if (stan::math::logical_negation(
 507 :             (stan::math::primitive_value(emit_transformed_parameters__) ||
 508 :             stan::math::primitive_value(emit_generated_quantities__)))) {
 509 :         return ;
 510 :       }
 511 :       current_statement__ = 10;
 512 :       sigma_sqrt = stan::math::sqrt(sigma);
 513 :       current_statement__ = 11;
 514 :       stan::model::assign(eps_scale, stan::math::multiply(eps, sigma_sqrt),
 515 :         "assigning variable eps_scale");
 516 :       current_statement__ = 10;
 517 :       stan::math::check_greater_or_equal(function__, "sigma_sqrt",
 518 :         sigma_sqrt, 0);
 519 :       if (emit_transformed_parameters__) {
 520 :         out__.write(sigma_sqrt);
 521 :         out__.write(eps_scale);
 522 :       }
 523 :       if (stan::math::logical_negation(emit_generated_quantities__)) {
 524 :         return ;
 525 :       }
 526 :     } catch (const std::exception& e) {
 527 :       stan::lang::rethrow_located(e, locations_array__[current_statement__]);
 528 :     }
 529 :   }
 530 :   template <typename VecVar, typename VecI,
 531 :             stan::require_vector_t<VecVar>* = nullptr,
 532 :             stan::require_vector_like_vt<std::is_integral, VecI>* = nullptr>
 533 :   inline void
 534 :   unconstrain_array_impl(const VecVar& params_r__, const VecI& params_i__,
 535 :                          VecVar& vars__, std::ostream* pstream__ = nullptr) const {
 536 :     using local_scalar_t__ = double;
 537 :     stan::io::deserializer<local_scalar_t__> in__(params_r__, params_i__);
 538 :     stan::io::serializer<local_scalar_t__> out__(vars__);
 539 :     int current_statement__ = 0;
 540 :     local_scalar_t__ DUMMY_VAR__(std::numeric_limits<double>::quiet_NaN());
 541 :     // suppress unused var warning
 542 :     (void) DUMMY_VAR__;
 543 :     try {
 544 :       int pos__ = std::numeric_limits<int>::min();
 545 :       pos__ = 1;
 546 :       local_scalar_t__ rho = DUMMY_VAR__;
 547 :       current_statement__ = 1;
 548 :       rho = in__.read<local_scalar_t__>();
 549 :       out__.write_free_lb(0, rho);
 550 :       local_scalar_t__ beta_eff = DUMMY_VAR__;
 551 :       current_statement__ = 2;
 552 :       beta_eff = in__.read<local_scalar_t__>();
 553 :       out__.write(beta_eff);
 554 :       local_scalar_t__ alpha = DUMMY_VAR__;
 555 :       current_statement__ = 3;
 556 :       alpha = in__.read<local_scalar_t__>();
 557 :       out__.write(alpha);
 558 :       local_scalar_t__ sigma = DUMMY_VAR__;
 559 :       current_statement__ = 4;
 560 :       sigma = in__.read<local_scalar_t__>();
 561 :       out__.write_free_lb(0, sigma);
 562 :       local_scalar_t__ phi = DUMMY_VAR__;
 563 :       current_statement__ = 5;
 564 :       phi = in__.read<local_scalar_t__>();
 565 :       out__.write_free_lb(0, phi);
 566 :       local_scalar_t__ theta = DUMMY_VAR__;
 567 :       current_statement__ = 6;
 568 :       theta = in__.read<local_scalar_t__>();
 569 :       out__.write_free_lub(0, 1, theta);
 570 :       Eigen::Matrix<local_scalar_t__,-1,1> eps =
 571 :         Eigen::Matrix<local_scalar_t__,-1,1>::Constant(K, DUMMY_VAR__);
 572 :       current_statement__ = 7;
 573 :       stan::model::assign(eps,
 574 :         in__.read<Eigen::Matrix<local_scalar_t__,-1,1>>(K),
 575 :         "assigning variable eps");
 576 :       out__.write(eps);
 577 :       std::vector<local_scalar_t__> delta_x =
 578 :         std::vector<local_scalar_t__>(C, DUMMY_VAR__);
 579 :       current_statement__ = 8;
 580 :       stan::model::assign(delta_x,
 581 :         in__.read<std::vector<local_scalar_t__>>(C),
 582 :         "assigning variable delta_x");
 583 :       out__.write_free_lub(lower_x, upper_x, delta_x);
 584 :       std::vector<local_scalar_t__> delta_y =
 585 :         std::vector<local_scalar_t__>(C, DUMMY_VAR__);
 586 :       current_statement__ = 9;
 587 :       stan::model::assign(delta_y,
 588 :         in__.read<std::vector<local_scalar_t__>>(C),
 589 :         "assigning variable delta_y");
 590 :       out__.write_free_lub(lower_y, upper_y, delta_y);
 591 :     } catch (const std::exception& e) {
 592 :       stan::lang::rethrow_located(e, locations_array__[current_statement__]);
 593 :     }
 594 :   }
 595 :   template <typename VecVar, stan::require_vector_t<VecVar>* = nullptr>
 596 :   inline void
 597 :   transform_inits_impl(const stan::io::var_context& context__, VecVar&
 598 :                        vars__, std::ostream* pstream__ = nullptr) const {
 599 :     using local_scalar_t__ = double;
 600 :     stan::io::serializer<local_scalar_t__> out__(vars__);
 601 :     int current_statement__ = 0;
 602 :     local_scalar_t__ DUMMY_VAR__(std::numeric_limits<double>::quiet_NaN());
 603 :     // suppress unused var warning
 604 :     (void) DUMMY_VAR__;
 605 :     try {
 606 :       current_statement__ = 1;
 607 :       context__.validate_dims("parameter initialization", "rho", "double",
 608 :         std::vector<size_t>{});
 609 :       current_statement__ = 2;
 610 :       context__.validate_dims("parameter initialization", "beta_eff",
 611 :         "double", std::vector<size_t>{});
 612 :       current_statement__ = 3;
 613 :       context__.validate_dims("parameter initialization", "alpha", "double",
 614 :         std::vector<size_t>{});
 615 :       current_statement__ = 4;
 616 :       context__.validate_dims("parameter initialization", "sigma", "double",
 617 :         std::vector<size_t>{});
 618 :       current_statement__ = 5;
 619 :       context__.validate_dims("parameter initialization", "phi", "double",
 620 :         std::vector<size_t>{});
 621 :       current_statement__ = 6;
 622 :       context__.validate_dims("parameter initialization", "theta", "double",
 623 :         std::vector<size_t>{});
 624 :       current_statement__ = 7;
 625 :       context__.validate_dims("parameter initialization", "eps", "double",
 626 :         std::vector<size_t>{static_cast<size_t>(K)});
 627 :       current_statement__ = 8;
 628 :       context__.validate_dims("parameter initialization", "delta_x",
 629 :         "double", std::vector<size_t>{static_cast<size_t>(C)});
 630 :       current_statement__ = 9;
 631 :       context__.validate_dims("parameter initialization", "delta_y",
 632 :         "double", std::vector<size_t>{static_cast<size_t>(C)});
 633 :       int pos__ = std::numeric_limits<int>::min();
 634 :       pos__ = 1;
 635 :       local_scalar_t__ rho = DUMMY_VAR__;
 636 :       current_statement__ = 1;
 637 :       rho = context__.vals_r("rho")[(1 - 1)];
 638 :       out__.write_free_lb(0, rho);
 639 :       local_scalar_t__ beta_eff = DUMMY_VAR__;
 640 :       current_statement__ = 2;
 641 :       beta_eff = context__.vals_r("beta_eff")[(1 - 1)];
 642 :       out__.write(beta_eff);
 643 :       local_scalar_t__ alpha = DUMMY_VAR__;
 644 :       current_statement__ = 3;
 645 :       alpha = context__.vals_r("alpha")[(1 - 1)];
 646 :       out__.write(alpha);
 647 :       local_scalar_t__ sigma = DUMMY_VAR__;
 648 :       current_statement__ = 4;
 649 :       sigma = context__.vals_r("sigma")[(1 - 1)];
 650 :       out__.write_free_lb(0, sigma);
 651 :       local_scalar_t__ phi = DUMMY_VAR__;
 652 :       current_statement__ = 5;
 653 :       phi = context__.vals_r("phi")[(1 - 1)];
 654 :       out__.write_free_lb(0, phi);
 655 :       local_scalar_t__ theta = DUMMY_VAR__;
 656 :       current_statement__ = 6;
 657 :       theta = context__.vals_r("theta")[(1 - 1)];
 658 :       out__.write_free_lub(0, 1, theta);
 659 :       Eigen::Matrix<local_scalar_t__,-1,1> eps =
 660 :         Eigen::Matrix<local_scalar_t__,-1,1>::Constant(K, DUMMY_VAR__);
 661 :       {
 662 :         std::vector<local_scalar_t__> eps_flat__;
 663 :         current_statement__ = 7;
 664 :         eps_flat__ = context__.vals_r("eps");
 665 :         current_statement__ = 7;
 666 :         pos__ = 1;
 667 :         current_statement__ = 7;
 668 :         for (int sym1__ = 1; sym1__ <= K; ++sym1__) {
 669 :           current_statement__ = 7;
 670 :           stan::model::assign(eps, eps_flat__[(pos__ - 1)],
 671 :             "assigning variable eps", stan::model::index_uni(sym1__));
 672 :           current_statement__ = 7;
 673 :           pos__ = (pos__ + 1);
 674 :         }
 675 :       }
 676 :       out__.write(eps);
 677 :       std::vector<local_scalar_t__> delta_x =
 678 :         std::vector<local_scalar_t__>(C, DUMMY_VAR__);
 679 :       current_statement__ = 8;
 680 :       delta_x = context__.vals_r("delta_x");
 681 :       out__.write_free_lub(lower_x, upper_x, delta_x);
 682 :       std::vector<local_scalar_t__> delta_y =
 683 :         std::vector<local_scalar_t__>(C, DUMMY_VAR__);
 684 :       current_statement__ = 9;
 685 :       delta_y = context__.vals_r("delta_y");
 686 :       out__.write_free_lub(lower_y, upper_y, delta_y);
 687 :     } catch (const std::exception& e) {
 688 :       stan::lang::rethrow_located(e, locations_array__[current_statement__]);
 689 :     }
 690 :   }
 691 :   inline void
 692 :   get_param_names(std::vector<std::string>& names__, const bool
 693 :                   emit_transformed_parameters__ = true, const bool
 694 :                   emit_generated_quantities__ = true) const {
 695 :     names__ = std::vector<std::string>{"rho", "beta_eff", "alpha", "sigma",
 696 :                 "phi", "theta", "eps", "delta_x", "delta_y"};
 697 :     if (emit_transformed_parameters__) {
 698 :       std::vector<std::string> temp{"sigma_sqrt", "eps_scale"};
 699 :       names__.reserve(names__.size() + temp.size());
 700 :       names__.insert(names__.end(), temp.begin(), temp.end());
 701 :     }
 702 :     if (emit_generated_quantities__) {}
 703 :   }
 704 :   inline void
 705 :   get_dims(std::vector<std::vector<size_t>>& dimss__, const bool
 706 :            emit_transformed_parameters__ = true, const bool
 707 :            emit_generated_quantities__ = true) const {
 708 :     dimss__ = std::vector<std::vector<size_t>>{std::vector<size_t>{},
 709 :                 std::vector<size_t>{}, std::vector<size_t>{},
 710 :                 std::vector<size_t>{}, std::vector<size_t>{},
 711 :                 std::vector<size_t>{},
 712 :                 std::vector<size_t>{static_cast<size_t>(K)},
 713 :                 std::vector<size_t>{static_cast<size_t>(C)},
 714 :                 std::vector<size_t>{static_cast<size_t>(C)}};
 715 :     if (emit_transformed_parameters__) {
 716 :       std::vector<std::vector<size_t>>
 717 :         temp{std::vector<size_t>{},
 718 :              std::vector<size_t>{static_cast<size_t>(K)}};
 719 :       dimss__.reserve(dimss__.size() + temp.size());
 720 :       dimss__.insert(dimss__.end(), temp.begin(), temp.end());
 721 :     }
 722 :     if (emit_generated_quantities__) {}
 723 :   }
 724 :   inline void
 725 :   constrained_param_names(std::vector<std::string>& param_names__, bool
 726 :                           emit_transformed_parameters__ = true, bool
 727 :                           emit_generated_quantities__ = true) const final {
 728 :     param_names__.emplace_back(std::string() + "rho");
 729 :     param_names__.emplace_back(std::string() + "beta_eff");
 730 :     param_names__.emplace_back(std::string() + "alpha");
 731 :     param_names__.emplace_back(std::string() + "sigma");
 732 :     param_names__.emplace_back(std::string() + "phi");
 733 :     param_names__.emplace_back(std::string() + "theta");
 734 :     for (int sym1__ = 1; sym1__ <= K; ++sym1__) {
 735 :       param_names__.emplace_back(std::string() + "eps" + '.' +
 736 :         std::to_string(sym1__));
 737 :     }
 738 :     for (int sym1__ = 1; sym1__ <= C; ++sym1__) {
 739 :       param_names__.emplace_back(std::string() + "delta_x" + '.' +
 740 :         std::to_string(sym1__));
 741 :     }
 742 :     for (int sym1__ = 1; sym1__ <= C; ++sym1__) {
 743 :       param_names__.emplace_back(std::string() + "delta_y" + '.' +
 744 :         std::to_string(sym1__));
 745 :     }
 746 :     if (emit_transformed_parameters__) {
 747 :       param_names__.emplace_back(std::string() + "sigma_sqrt");
 748 :       for (int sym1__ = 1; sym1__ <= K; ++sym1__) {
 749 :         param_names__.emplace_back(std::string() + "eps_scale" + '.' +
 750 :           std::to_string(sym1__));
 751 :       }
 752 :     }
 753 :     if (emit_generated_quantities__) {}
 754 :   }
 755 :   inline void
 756 :   unconstrained_param_names(std::vector<std::string>& param_names__, bool
 757 :                             emit_transformed_parameters__ = true, bool
 758 :                             emit_generated_quantities__ = true) const final {
 759 :     param_names__.emplace_back(std::string() + "rho");
 760 :     param_names__.emplace_back(std::string() + "beta_eff");
 761 :     param_names__.emplace_back(std::string() + "alpha");
 762 :     param_names__.emplace_back(std::string() + "sigma");
 763 :     param_names__.emplace_back(std::string() + "phi");
 764 :     param_names__.emplace_back(std::string() + "theta");
 765 :     for (int sym1__ = 1; sym1__ <= K; ++sym1__) {
 766 :       param_names__.emplace_back(std::string() + "eps" + '.' +
 767 :         std::to_string(sym1__));
 768 :     }
 769 :     for (int sym1__ = 1; sym1__ <= C; ++sym1__) {
 770 :       param_names__.emplace_back(std::string() + "delta_x" + '.' +
 771 :         std::to_string(sym1__));
 772 :     }
 773 :     for (int sym1__ = 1; sym1__ <= C; ++sym1__) {
 774 :       param_names__.emplace_back(std::string() + "delta_y" + '.' +
 775 :         std::to_string(sym1__));
 776 :     }
 777 :     if (emit_transformed_parameters__) {
 778 :       param_names__.emplace_back(std::string() + "sigma_sqrt");
 779 :       for (int sym1__ = 1; sym1__ <= K; ++sym1__) {
 780 :         param_names__.emplace_back(std::string() + "eps_scale" + '.' +
 781 :           std::to_string(sym1__));
 782 :       }
 783 :     }
 784 :     if (emit_generated_quantities__) {}
 785 :   }
 786 :   inline std::string get_constrained_sizedtypes() const {
 787 :     return std::string("[{\"name\":\"rho\",\"type\":{\"name\":\"real\"},\"block\":\"parameters\"},{\"name\":\"beta_eff\",\"type\":{\"name\":\"real\"},\"block\":\"parameters\"},{\"name\":\"alpha\",\"type\":{\"name\":\"real\"},\"block\":\"parameters\"},{\"name\":\"sigma\",\"type\":{\"name\":\"real\"},\"block\":\"parameters\"},{\"name\":\"phi\",\"type\":{\"name\":\"real\"},\"block\":\"parameters\"},{\"name\":\"theta\",\"type\":{\"name\":\"real\"},\"block\":\"parameters\"},{\"name\":\"eps\",\"type\":{\"name\":\"vector\",\"length\":" + std::to_string(K) + "},\"block\":\"parameters\"},{\"name\":\"delta_x\",\"type\":{\"name\":\"array\",\"length\":" + std::to_string(C) + ",\"element_type\":{\"name\":\"real\"}},\"block\":\"parameters\"},{\"name\":\"delta_y\",\"type\":{\"name\":\"array\",\"length\":" + std::to_string(C) + ",\"element_type\":{\"name\":\"real\"}},\"block\":\"parameters\"},{\"name\":\"sigma_sqrt\",\"type\":{\"name\":\"real\"},\"block\":\"transformed_parameters\"},{\"name\":\"eps_scale\",\"type\":{\"name\":\"vector\",\"length\":" + std::to_string(K) + "},\"block\":\"transformed_parameters\"}]");
 788 :   }
 789 :   inline std::string get_unconstrained_sizedtypes() const {
 790 :     return std::string("[{\"name\":\"rho\",\"type\":{\"name\":\"real\"},\"block\":\"parameters\"},{\"name\":\"beta_eff\",\"type\":{\"name\":\"real\"},\"block\":\"parameters\"},{\"name\":\"alpha\",\"type\":{\"name\":\"real\"},\"block\":\"parameters\"},{\"name\":\"sigma\",\"type\":{\"name\":\"real\"},\"block\":\"parameters\"},{\"name\":\"phi\",\"type\":{\"name\":\"real\"},\"block\":\"parameters\"},{\"name\":\"theta\",\"type\":{\"name\":\"real\"},\"block\":\"parameters\"},{\"name\":\"eps\",\"type\":{\"name\":\"vector\",\"length\":" + std::to_string(K) + "},\"block\":\"parameters\"},{\"name\":\"delta_x\",\"type\":{\"name\":\"array\",\"length\":" + std::to_string(C) + ",\"element_type\":{\"name\":\"real\"}},\"block\":\"parameters\"},{\"name\":\"delta_y\",\"type\":{\"name\":\"array\",\"length\":" + std::to_string(C) + ",\"element_type\":{\"name\":\"real\"}},\"block\":\"parameters\"},{\"name\":\"sigma_sqrt\",\"type\":{\"name\":\"real\"},\"block\":\"transformed_parameters\"},{\"name\":\"eps_scale\",\"type\":{\"name\":\"vector\",\"length\":" + std::to_string(K) + "},\"block\":\"transformed_parameters\"}]");
 791 :   }
 792 :   // Begin method overload boilerplate
 793 :   template <typename RNG> inline void
 794 :   write_array(RNG& base_rng, Eigen::Matrix<double,-1,1>& params_r,
 795 :               Eigen::Matrix<double,-1,1>& vars, const bool
 796 :               emit_transformed_parameters = true, const bool
 797 :               emit_generated_quantities = true, std::ostream*
 798 :               pstream = nullptr) const {
 799 :     const size_t num_params__ = ((((((((1 + 1) + 1) + 1) + 1) + 1) + K) + C)
 800 :       + C);
 801 :     const size_t num_transformed = emit_transformed_parameters * ((1 + K));
 802 :     const size_t num_gen_quantities = emit_generated_quantities * (0);
 803 :     const size_t num_to_write = num_params__ + num_transformed +
 804 :       num_gen_quantities;
 805 :     std::vector<int> params_i;
 806 :     vars = Eigen::Matrix<double,-1,1>::Constant(num_to_write,
 807 :              std::numeric_limits<double>::quiet_NaN());
 808 :     write_array_impl(base_rng, params_r, params_i, vars,
 809 :       emit_transformed_parameters, emit_generated_quantities, pstream);
 810 :   }
 811 :   template <typename RNG> inline void
 812 :   write_array(RNG& base_rng, std::vector<double>& params_r, std::vector<int>&
 813 :               params_i, std::vector<double>& vars, bool
 814 :               emit_transformed_parameters = true, bool
 815 :               emit_generated_quantities = true, std::ostream*
 816 :               pstream = nullptr) const {
 817 :     const size_t num_params__ = ((((((((1 + 1) + 1) + 1) + 1) + 1) + K) + C)
 818 :       + C);
 819 :     const size_t num_transformed = emit_transformed_parameters * ((1 + K));
 820 :     const size_t num_gen_quantities = emit_generated_quantities * (0);
 821 :     const size_t num_to_write = num_params__ + num_transformed +
 822 :       num_gen_quantities;
 823 :     vars = std::vector<double>(num_to_write,
 824 :              std::numeric_limits<double>::quiet_NaN());
 825 :     write_array_impl(base_rng, params_r, params_i, vars,
 826 :       emit_transformed_parameters, emit_generated_quantities, pstream);
 827 :   }
 828 :   template <bool propto__, bool jacobian__, typename T_> inline T_
 829 :   log_prob(Eigen::Matrix<T_,-1,1>& params_r, std::ostream* pstream = nullptr) const {
 830 :     Eigen::Matrix<int,-1,1> params_i;
 831 :     return log_prob_impl<propto__, jacobian__>(params_r, params_i, pstream);
 832 :   }
 833 :   template <bool propto__, bool jacobian__, typename T_> inline T_
 834 :   log_prob(std::vector<T_>& params_r, std::vector<int>& params_i,
 835 :            std::ostream* pstream = nullptr) const {
 836 :     return log_prob_impl<propto__, jacobian__>(params_r, params_i, pstream);
 837 :   }
 838 :   inline void
 839 :   transform_inits(const stan::io::var_context& context,
 840 :                   Eigen::Matrix<double,-1,1>& params_r, std::ostream*
 841 :                   pstream = nullptr) const final {
 842 :     std::vector<double> params_r_vec(params_r.size());
 843 :     std::vector<int> params_i;
 844 :     transform_inits(context, params_i, params_r_vec, pstream);
 845 :     params_r = Eigen::Map<Eigen::Matrix<double,-1,1>>(params_r_vec.data(),
 846 :                  params_r_vec.size());
 847 :   }
 848 :   inline void
 849 :   transform_inits(const stan::io::var_context& context, std::vector<int>&
 850 :                   params_i, std::vector<double>& vars, std::ostream*
 851 :                   pstream__ = nullptr) const {
 852 :     vars.resize(num_params_r__);
 853 :     transform_inits_impl(context, vars, pstream__);
 854 :   }
 855 :   inline void
 856 :   unconstrain_array(const std::vector<double>& params_constrained,
 857 :                     std::vector<double>& params_unconstrained, std::ostream*
 858 :                     pstream = nullptr) const {
 859 :     const std::vector<int> params_i;
 860 :     params_unconstrained = std::vector<double>(num_params_r__,
 861 :                              std::numeric_limits<double>::quiet_NaN());
 862 :     unconstrain_array_impl(params_constrained, params_i,
 863 :       params_unconstrained, pstream);
 864 :   }
 865 :   inline void
 866 :   unconstrain_array(const Eigen::Matrix<double,-1,1>& params_constrained,
 867 :                     Eigen::Matrix<double,-1,1>& params_unconstrained,
 868 :                     std::ostream* pstream = nullptr) const {
 869 :     const std::vector<int> params_i;
 870 :     params_unconstrained = Eigen::Matrix<double,-1,1>::Constant(num_params_r__,
 871 :                              std::numeric_limits<double>::quiet_NaN());
 872 :     unconstrain_array_impl(params_constrained, params_i,
 873 :       params_unconstrained, pstream);
 874 :   }
 875 : };
 876 : }
 877 : using stan_model = modele704c5bda1493__namespace::modele704c5bda1493_;
 878 : #ifndef USING_R
 879 : // Boilerplate
 880 : stan::model::model_base&
 881 : new_model(stan::io::var_context& data_context, unsigned int seed,
 882 :           std::ostream* msg_stream) {
 883 :   stan_model* m = new stan_model(data_context, seed, msg_stream);
 884 :   return *m;
 885 : }
 886 : stan::math::profile_map& get_stan_profile_data() {
 887 :   return modele704c5bda1493__namespace::profiles__;
 888 : }
 889 : #endif
 890 : #endif
 891 : 
 892 : RCPP_MODULE(stan_fit4modele704c5bda1493__mod) {
 893 :   class_<rstan::stan_fit<stan_model, boost::random::ecuyer1988> >(
 894 :       "stan_fit4modele704c5bda1493_")
 895 : 
 896 :       .constructor<SEXP, SEXP, SEXP>()
 897 : 
 898 :       .method(
 899 :           "call_sampler",
 900 :           &rstan::stan_fit<stan_model, boost::random::ecuyer1988>::call_sampler)
 901 :       .method(
 902 :           "param_names",
 903 :           &rstan::stan_fit<stan_model, boost::random::ecuyer1988>::param_names)
 904 :       .method("param_names_oi",
 905 :               &rstan::stan_fit<stan_model,
 906 :                                boost::random::ecuyer1988>::param_names_oi)
 907 :       .method("param_fnames_oi",
 908 :               &rstan::stan_fit<stan_model,
 909 :                                boost::random::ecuyer1988>::param_fnames_oi)
 910 :       .method(
 911 :           "param_dims",
 912 :           &rstan::stan_fit<stan_model, boost::random::ecuyer1988>::param_dims)
 913 :       .method("param_dims_oi",
 914 :               &rstan::stan_fit<stan_model,
 915 :                                boost::random::ecuyer1988>::param_dims_oi)
 916 :       .method("update_param_oi",
 917 :               &rstan::stan_fit<stan_model,
 918 :                                boost::random::ecuyer1988>::update_param_oi)
 919 :       .method("param_oi_tidx",
 920 :               &rstan::stan_fit<stan_model,
 921 :                                boost::random::ecuyer1988>::param_oi_tidx)
 922 :       .method("grad_log_prob",
 923 :               &rstan::stan_fit<stan_model,
 924 :                                boost::random::ecuyer1988>::grad_log_prob)
 925 :       .method("log_prob",
 926 :               &rstan::stan_fit<stan_model, boost::random::ecuyer1988>::log_prob)
 927 :       .method("unconstrain_pars",
 928 :               &rstan::stan_fit<stan_model,
 929 :                                boost::random::ecuyer1988>::unconstrain_pars)
 930 :       .method("constrain_pars",
 931 :               &rstan::stan_fit<stan_model,
 932 :                                boost::random::ecuyer1988>::constrain_pars)
 933 :       .method(
 934 :           "num_pars_unconstrained",
 935 :           &rstan::stan_fit<stan_model,
 936 :                            boost::random::ecuyer1988>::num_pars_unconstrained)
 937 :       .method(
 938 :           "unconstrained_param_names",
 939 :           &rstan::stan_fit<
 940 :               stan_model, boost::random::ecuyer1988>::unconstrained_param_names)
 941 :       .method(
 942 :           "constrained_param_names",
 943 :           &rstan::stan_fit<stan_model,
 944 :                            boost::random::ecuyer1988>::constrained_param_names)
 945 :       .method("standalone_gqs",
 946 :               &rstan::stan_fit<stan_model,
 947 :                                boost::random::ecuyer1988>::standalone_gqs);
 948 : }
 949 : 
 950 : 
 951 : // declarations
 952 : extern "C" {
 953 : SEXP filee704c219aaebb( ) ;
 954 : }
 955 : 
 956 : // definition
 957 : SEXP filee704c219aaebb() {
 958 :  return Rcpp::wrap("anon_model");
 959 : }
make cmd is
  make -f '/cvmfs/soft.computecanada.ca/easybuild/software/2023/x86-64-v4/Compiler/gcccore/r/4.3.1/lib64/R/etc/Makeconf' -f '/cvmfs/soft.computecanada.ca/easybuild/software/2023/x86-64-v4/Compiler/gcccore/r/4.3.1/lib64/R/share/make/shlib.mk' CXX='$(CXX17) $(CXX17STD)' CXXFLAGS='$(CXX17FLAGS)' CXXPICFLAGS='$(CXX17PICFLAGS)' SHLIB_LDFLAGS='$(SHLIB_CXX17LDFLAGS)' SHLIB_LD='$(SHLIB_CXX17LD)' SHLIB='filee704c219aaebb.so' OBJECTS='filee704c219aaebb.o'

make would use
g++ -std=gnu++17 -I"/cvmfs/soft.computecanada.ca/easybuild/software/2023/x86-64-v4/Compiler/gcccore/r/4.3.1/lib64/R/include" -DNDEBUG   -I"/home/melanson/R/x86_64-pc-linux-gnu-library/4.3/Rcpp/include/"  -I"/home/melanson/R/x86_64-pc-linux-gnu-library/4.3/RcppEigen/include/"  -I"/home/melanson/R/x86_64-pc-linux-gnu-library/4.3/RcppEigen/include/unsupported"  -I"/home/melanson/R/x86_64-pc-linux-gnu-library/4.3/BH/include" -I"/home/melanson/R/x86_64-pc-linux-gnu-library/4.3/StanHeaders/include/src/"  -I"/home/melanson/R/x86_64-pc-linux-gnu-library/4.3/StanHeaders/include/"  -I"/home/melanson/R/x86_64-pc-linux-gnu-library/4.3/RcppParallel/include/"  -I"/home/melanson/R/x86_64-pc-linux-gnu-library/4.3/rstan/include" -DEIGEN_NO_DEBUG  -DBOOST_DISABLE_ASSERTS  -DBOOST_PENDING_INTEGER_LOG2_HPP  -DSTAN_THREADS  -DUSE_STANC3 -DSTRICT_R_HEADERS  -DBOOST_PHOENIX_NO_VARIADIC_EXPRESSION  -D_HAS_AUTO_PTR_ETC=0  -include '/home/melanson/R/x86_64-pc-linux-gnu-library/4.3/StanHeaders/include/stan/math/prim/fun/Eigen.hpp'  -D_REENTRANT -DRCPP_PARALLEL_USE_TBB=1   -I/cvmfs/soft.computecanada.ca/easybuild/software/2023/x86-64-v3/Core/java/17.0.6/include -I/cvmfs/soft.computecanada.ca/easybuild/software/2023/x86-64-v3/Core/flexiblascore/3.3.1/include -I/cvmfs/soft.computecanada.ca/easybuild/software/2023/x86-64-v3/Core/flexiblascore/3.3.1/include/flexiblas    -fpic  -O2 -ftree-vectorize -march=x86-64-v4 -fno-math-errno  -c filee704c219aaebb.cpp -o filee704c219aaebb.o
if test  "zfilee704c219aaebb.o" != "z"; then \
  echo g++ -std=gnu++17 -shared -L"/cvmfs/soft.computecanada.ca/easybuild/software/2023/x86-64-v4/Compiler/gcccore/r/4.3.1/lib64/R/lib"  -o filee704c219aaebb.so filee704c219aaebb.o  '/home/melanson/R/x86_64-pc-linux-gnu-library/4.3/rstan/lib//libStanServices.a' -L'/home/melanson/R/x86_64-pc-linux-gnu-library/4.3/StanHeaders/lib/' -lStanHeaders -L'/home/melanson/R/x86_64-pc-linux-gnu-library/4.3/RcppParallel/lib/' -ltbb   -L"/cvmfs/soft.computecanada.ca/easybuild/software/2023/x86-64-v4/Compiler/gcccore/r/4.3.1/lib64/R/lib" -lR; \
  g++ -std=gnu++17 -shared -L"/cvmfs/soft.computecanada.ca/easybuild/software/2023/x86-64-v4/Compiler/gcccore/r/4.3.1/lib64/R/lib"  -o filee704c219aaebb.so filee704c219aaebb.o  '/home/melanson/R/x86_64-pc-linux-gnu-library/4.3/rstan/lib//libStanServices.a' -L'/home/melanson/R/x86_64-pc-linux-gnu-library/4.3/StanHeaders/lib/' -lStanHeaders -L'/home/melanson/R/x86_64-pc-linux-gnu-library/4.3/RcppParallel/lib/' -ltbb   -L"/cvmfs/soft.computecanada.ca/easybuild/software/2023/x86-64-v4/Compiler/gcccore/r/4.3.1/lib64/R/lib" -lR; \
fi

CHECKING DATA AND PREPROCESSING FOR MODEL 'anon_model' NOW.

COMPILING MODEL 'anon_model' NOW.

STARTING SAMPLER FOR MODEL 'anon_model' NOW.

CHECKING DATA AND PREPROCESSING FOR MODEL 'anon_model' NOW.

CHECKING DATA AND PREPROCESSING FOR MODEL 'anon_model' NOW.

CHECKING DATA AND PREPROCESSING FOR MODEL 'anon_model' NOW.

COMPILING MODEL 'anon_model' NOW.

STARTING SAMPLER FOR MODEL 'anon_model' NOW.

COMPILING MODEL 'anon_model' NOW.

STARTING SAMPLER FOR MODEL 'anon_model' NOW.

COMPILING MODEL 'anon_model' NOW.

STARTING SAMPLER FOR MODEL 'anon_model' NOW.

SAMPLING FOR MODEL 'anon_model' NOW (CHAIN 1).

SAMPLING FOR MODEL 'anon_model' NOW (CHAIN 3).

SAMPLING FOR MODEL 'anon_model' NOW (CHAIN 2).

CHECKING DATA AND PREPROCESSING FOR MODEL 'anon_model' NOW.

COMPILING MODEL 'anon_model' NOW.

STARTING SAMPLER FOR MODEL 'anon_model' NOW.

SAMPLING FOR MODEL 'anon_model' NOW (CHAIN 4).
Chain 2: 
Chain 2: Gradient evaluation took 0.043929 seconds
Chain 2: 1000 transitions using 10 leapfrog steps per transition would take 439.29 seconds.
Chain 2: Adjust your expectations accordingly!
Chain 2: 
Chain 2: 
Chain 1: 
Chain 1: Gradient evaluation took 0.047158 seconds
Chain 1: 1000 transitions using 10 leapfrog steps per transition would take 471.58 seconds.
Chain 1: Adjust your expectations accordingly!
Chain 1: 
Chain 1: 
Chain 3: 
Chain 3: Gradient evaluation took 0.045713 seconds
Chain 3: 1000 transitions using 10 leapfrog steps per transition would take 457.13 seconds.
Chain 3: Adjust your expectations accordingly!
Chain 3: 
Chain 3: 
Chain 4: 
Chain 4: Gradient evaluation took 0.046986 seconds
Chain 4: 1000 transitions using 10 leapfrog steps per transition would take 469.86 seconds.
Chain 4: Adjust your expectations accordingly!
Chain 4: 
Chain 4: 
Chain 2: Iteration:    1 / 4000 [  0%]  (Warmup)
Chain 1: Iteration:    1 / 4000 [  0%]  (Warmup)
Chain 3: Iteration:    1 / 4000 [  0%]  (Warmup)
Chain 4: Iteration:    1 / 4000 [  0%]  (Warmup)
Chain 2: Iteration:  400 / 4000 [ 10%]  (Warmup)
Chain 2: Iteration:  800 / 4000 [ 20%]  (Warmup)
Chain 2: Iteration: 1200 / 4000 [ 30%]  (Warmup)
Chain 2: Iteration: 1600 / 4000 [ 40%]  (Warmup)
Chain 2: Iteration: 2000 / 4000 [ 50%]  (Warmup)
Chain 2: Iteration: 2001 / 4000 [ 50%]  (Sampling)
Chain 2: Iteration: 2400 / 4000 [ 60%]  (Sampling)
Chain 1: Iteration:  400 / 4000 [ 10%]  (Warmup)
Chain 2: Iteration: 2800 / 4000 [ 70%]  (Sampling)
Chain 1: Iteration:  800 / 4000 [ 20%]  (Warmup)
Chain 2: Iteration: 3200 / 4000 [ 80%]  (Sampling)
Chain 1: Iteration: 1200 / 4000 [ 30%]  (Warmup)
Chain 2: Iteration: 3600 / 4000 [ 90%]  (Sampling)
Chain 2: Iteration: 4000 / 4000 [100%]  (Sampling)
Chain 2: 
Chain 2:  Elapsed Time: 13314.7 seconds (Warm-up)
Chain 2:                5551.26 seconds (Sampling)
Chain 2:                18865.9 seconds (Total)
Chain 2: 
Chain 1: Iteration: 1600 / 4000 [ 40%]  (Warmup)
Chain 1: Iteration: 2000 / 4000 [ 50%]  (Warmup)
Chain 1: Iteration: 2001 / 4000 [ 50%]  (Sampling)
Chain 1: Iteration: 2400 / 4000 [ 60%]  (Sampling)
Chain 1: Iteration: 2800 / 4000 [ 70%]  (Sampling)
Chain 1: Iteration: 3200 / 4000 [ 80%]  (Sampling)
Chain 1: Iteration: 3600 / 4000 [ 90%]  (Sampling)
Chain 1: Iteration: 4000 / 4000 [100%]  (Sampling)
Chain 1: 
Chain 1:  Elapsed Time: 20080.7 seconds (Warm-up)
Chain 1:                5291.48 seconds (Sampling)
Chain 1:                25372.2 seconds (Total)
Chain 1: 
Chain 3: Iteration:  400 / 4000 [ 10%]  (Warmup)
Chain 3: Iteration:  800 / 4000 [ 20%]  (Warmup)
Chain 3: Iteration: 1200 / 4000 [ 30%]  (Warmup)
